 
:: initializing oneAPI environment ...
   slurm_script: BASH_VERSION = 4.2.46(1)-release
   args: Using "$@" for setvars.sh arguments: --force
:: advisor -- latest
:: ccl -- latest
:: clck -- latest
:: compiler -- latest
:: dal -- latest
:: debugger -- latest
:: dev-utilities -- latest
:: dnnl -- latest
:: dpcpp-ct -- latest
:: dpl -- latest
:: inspector -- latest
:: intelpython -- latest
:: ipp -- latest
:: ippcp -- latest
:: ipp -- latest
:: itac -- latest
:: mkl -- latest
:: mpi -- latest
:: tbb -- latest
:: vpl -- latest
:: vtune -- latest
:: oneAPI environment initialized ::
 
SLURM_CPUS_PER_TASK = 28
SLURM_MEM_PER_NODE = 514992
#INFO: **** input file is /home/yangjunjie/work/py-ch3-cl/work/scan-18/main.py ****
import sys
import pyscf
from pyscf import tdscf

def main(xyz_file, basis="631g*", xc="b3lyp", output="ene.out"):
    xyz = None

    with open(xyz_file, "r") as xyz:
        xyz = xyz.readlines()[2:]
        xyz = "".join(xyz)

    mol = pyscf.gto.Mole()
    mol.atom = xyz
    mol.basis = basis
    mol.verbose = 5
    mol.build()

    if xc is not None and xc != "hf":
        mf = pyscf.scf.RKS(mol)
        mf.xc = xc
        mf.grids.level = 9
        mf.kernel()
    else:
        mf = pyscf.scf.RHF(mol)
        mf.kernel()

    ene_mf = mf.e_tot

    with open(output, "w") as f:
        tda = pyscf.tdscf.TDA(mf)
        tda.nstates = 5
        tda.max_space = 8
        tda.max_cycle = 2000
        tda.kernel()

        con_tda = tda.converged
        ene_tda = tda.e[:5]
        dip_tda = tda.transition_dipole()[:5]

        f.write(f"RKS energy: {ene_mf: 12.8f}\n")
        f.write("TDA results:\n")
        for i, (con, ene, dip) in enumerate(zip(con_tda, ene_tda, dip_tda)):
            f.write(f" {i:2d} {con} {ene: 12.8f} {dip[0]: 12.8f} {dip[1]: 12.8f} {dip[2]: 12.8f}\n")

        # rpa = pyscf.tdscf.RPA(mf)
        # rpa.nstates = 5
        # rpa.max_space = 8
        # rpa.max_cycle = 2000
        # rpa.kernel()

        # con_rpa = rpa.converged
        # ene_rpa = rpa.e[:5]
        # dip_rpa = rpa.transition_dipole()[:5]
        
        # f.write("\nRPA results:\n")
        # for i, (con, ene, dip) in enumerate(zip(con_rpa, ene_rpa, dip_rpa)):
        #     f.write(f" {i:2d} {con} {ene: 12.8f} {dip[0]: 12.8f} {dip[1]: 12.8f} {dip[2]: 12.8f}\n")

if __name__ == "__main__":
    xyz = sys.argv[1]
    main(xyz, basis="6-311g**", xc=None, output="out.log")
#INFO: ******************** input file end ********************


System: uname_result(system='Linux', node='pauling036', release='3.10.0-327.36.3.el7.x86_64', version='#1 SMP Thu Oct 20 04:56:07 EDT 2016', machine='x86_64')  Threads 28
Python 3.9.7 (default, Oct 27 2021, 01:23:21) 
[GCC 9.3.0]
numpy 1.21.2  scipy 1.6.2
Date: Tue Oct  4 15:30:38 2022
PySCF version 2.0.1
PySCF path  /home/yangjunjie/packages/pyscf/pyscf-main
GIT ORIG_HEAD 14b880cdc4bf7bb64f3989a147c0b04622efc498
GIT HEAD (branch master) 9d5b5bd309d1cc55fbd1a0ec76e26b5b0c7f76af

[ENV] PYSCF_MAX_MEMORY 514992
[ENV] PYSCF_TMPDIR /scratch/global/yangjunjie/
[CONFIG] conf_file /home/yangjunjie/.pyscf_conf.py
[INPUT] verbose = 5
[INPUT] max_memory = 514992 
[INPUT] num. atoms = 16
[INPUT] num. electrons = 68
[INPUT] charge = 0
[INPUT] spin (= nelec alpha-beta = 2S) = 0
[INPUT] symmetry False subgroup None
[INPUT] Mole.unit = angstrom
[INPUT]  1 C      0.000000120000   1.169595140000   1.122984300000 AA    0.000000226767   2.210214491222   2.122132769186 Bohr
[INPUT]  2 C      0.000000230000   1.183173850000   2.506134890000 AA    0.000000434637   2.235874534247   4.735908573317 Bohr
[INPUT]  3 C      0.000000090000  -0.029026710000   3.171568770000 AA    0.000000170075  -0.054852532197   5.993396360524 Bohr
[INPUT]  4 C     -0.000000270000  -1.195443450000   2.428201540000 AA   -0.000000510226  -2.259060717905   4.588635885847 Bohr
[INPUT]  5 C     -0.000000390000  -1.091132830000   1.049341610000 AA   -0.000000736993  -2.061942214222   1.982968254010 Bohr
[INPUT]  6 N     -0.000000170000   0.061769800000   0.403255690000 AA   -0.000000321253   0.116728004769   0.762042812273 Bohr
[INPUT]  7 C      0.000000080000  -0.008176680000  -1.938014070000 AA    0.000000151178  -0.015451685808  -3.662315817854 Bohr
[INPUT]  8 H      0.000000110000   2.096135460000   0.573748440000 AA    0.000000207870   3.961121939389   1.084227415996 Bohr
[INPUT]  9 H      0.000000540000   2.115689350000   3.038720380000 AA    0.000001020452   3.998073436159   5.742349287334 Bohr
[INPUT] 10 H      0.000000220000  -0.064211940000   4.246295020000 AA    0.000000415740  -0.121342980527   8.024334631905 Bohr
[INPUT] 11 H     -0.000000290000  -2.160784860000   2.898654780000 AA   -0.000000548021  -4.083291599507   5.477663663861 Bohr
[INPUT] 12 H     -0.000000680000  -1.979505360000   0.439732150000 AA   -0.000001285014  -3.740722992509   0.830973331666 Bohr
[INPUT] 13 H     -0.000001460000   1.047750940000  -1.784989690000 AA   -0.000002759000   1.979962323356  -3.373141649272 Bohr
[INPUT] 14 H     -0.908951900000  -0.517695560000  -1.710283240000 AA   -1.717670151403  -0.978302824303  -3.231966919034 Bohr
[INPUT] 15 H      0.908953380000  -0.517693130000  -1.710283100000 AA    1.717672948198  -0.978298232269  -3.231966654472 Bohr
[INPUT] 16 Cl     0.000000310000  -0.102181430000  -3.961321970000 AA    0.000000585815  -0.193094917716  -7.485813614523 Bohr
[INPUT] ---------------- BASIS SET ---------------- 
[INPUT] l, kappa, [nprim/nctr], expnt,             c_1 c_2 ...
[INPUT] C
[INPUT] 0    0    [6    /1   ]  4563.24           0.00196665
                                682.024           0.0152306
                                154.973           0.0761269
                                44.4553           0.260801
                                13.029            0.616462
                                1.82773           0.221006
[INPUT] 0    0    [3    /1   ]  20.9642           0.11466
                                4.80331           0.919999
                                1.45933           -0.00303068
[INPUT] 0    0    [1    /1   ]  0.483456             1
[INPUT] 0    0    [1    /1   ]  0.145585             1
[INPUT] 1    0    [3    /1   ]  20.9642           0.0402487
                                4.80331           0.237594
                                1.45933           0.815854
[INPUT] 1    0    [1    /1   ]  0.483456             1
[INPUT] 1    0    [1    /1   ]  0.145585             1
[INPUT] 2    0    [1    /1   ]  0.626                1
[INPUT] N
[INPUT] 0    0    [6    /1   ]  6293.48           0.00196979
                                949.044           0.0149613
                                218.776           0.0735006
                                63.6916           0.248937
                                18.8282           0.60246
                                2.72023           0.256202
[INPUT] 0    0    [3    /1   ]  30.6331           0.111906
                                7.02614           0.921666
                                2.11205           -0.00256919
[INPUT] 0    0    [1    /1   ]  0.684009             1
[INPUT] 0    0    [1    /1   ]  0.200878             1
[INPUT] 1    0    [3    /1   ]  30.6331           0.0383119
                                7.02614           0.237403
                                2.11205           0.817592
[INPUT] 1    0    [1    /1   ]  0.684009             1
[INPUT] 1    0    [1    /1   ]  0.200878             1
[INPUT] 2    0    [1    /1   ]  0.913                1
[INPUT] Cl
[INPUT] 0    0    [6    /1   ]  105819            0.000738
                                15872             0.005718
                                3619.65           0.029495
                                1030.8            0.117286
                                339.908           0.362949
                                124.538           0.584149
[INPUT] 0    0    [3    /1   ]  124.538           0.134177
                                49.5135           0.62425
                                20.8056           0.291756
[INPUT] 0    0    [1    /1   ]  6.58346              1
[INPUT] 0    0    [1    /1   ]  2.56468              1
[INPUT] 0    0    [1    /1   ]  0.559763             1
[INPUT] 0    0    [1    /1   ]  0.183273             1
[INPUT] 1    0    [5    /1   ]  589.776           0.002391
                                139.849           0.018504
                                45.1413           0.081377
                                16.8733           0.221552
                                6.7411            0.772569
[INPUT] 1    0    [2    /1   ]  6.7411            -1.572244
                                2.77152           0.992389
[INPUT] 1    0    [1    /1   ]  1.02387              1
[INPUT] 1    0    [1    /1   ]  0.381368             1
[INPUT] 1    0    [1    /1   ]  0.109437             1
[INPUT] 2    0    [1    /1   ]  0.75                 1
[INPUT] H
[INPUT] 0    0    [3    /1   ]  33.865            0.0254938
                                5.09479           0.190373
                                1.15879           0.852161
[INPUT] 0    0    [1    /1   ]  0.32584              1
[INPUT] 0    0    [1    /1   ]  0.102741             1
[INPUT] 1    0    [1    /1   ]  0.75                 1

nuclear repulsion = 377.795301670894
number of shells = 100
number of NR pGTOs = 329
number of NR cGTOs = 200
basis = 6-311g**
ecp = {}
CPU time:         0.42


******** <class 'pyscf.scf.hf.RHF'> ********
method = RHF
initial guess = minao
damping factor = 0
level_shift factor = 0
DIIS = <class 'pyscf.scf.diis.CDIIS'>
diis_start_cycle = 1
diis_space = 8
SCF conv_tol = 1e-09
SCF conv_tol_grad = None
SCF max_cycles = 50
direct_scf = True
direct_scf_tol = 1e-13
chkfile to save SCF result = /scratch/global/yangjunjie/tmpom7c5kgz
max_memory 514992 MB (current use 81 MB)
Set gradient conv threshold to 3.16228e-05
E1 = -1769.3426716262416  E_coul = 643.9812119990186
init E= -747.566157956329
cond(S) = 13613.972172037173
    CPU time for initialize scf     13.69 sec, wall time      0.56 sec
  HOMO = -0.248883233511442  LUMO = 0.0139827442050252
  mo_energy =
[-1.04817817e+02 -1.56255505e+01 -1.13276271e+01 -1.13238331e+01
 -1.13213914e+01 -1.13187563e+01 -1.13183237e+01 -1.13153988e+01
 -1.06133333e+01 -8.07138809e+00 -8.07067548e+00 -8.07067288e+00
 -1.76076812e+00 -1.40792424e+00 -1.32725732e+00 -1.28456434e+00
 -1.03203307e+00 -9.42675119e-01 -9.26269836e-01 -6.89380234e-01
 -5.96383643e-01 -5.54737949e-01 -5.40160478e-01 -5.28429802e-01
 -5.10665340e-01 -4.82174277e-01 -4.76653516e-01 -4.32728051e-01
 -4.00636838e-01 -3.99393946e-01 -3.62208582e-01 -3.05450824e-01
 -2.59338612e-01 -2.48883234e-01  1.39827442e-02  3.62526278e-02
  4.49992057e-02  1.17241675e-01  1.34927163e-01  1.60869725e-01
  1.82278621e-01  1.86075958e-01  2.08327489e-01  2.18408512e-01
  2.35878290e-01  2.49953060e-01  3.24302418e-01  3.71830411e-01
  3.75104587e-01  3.93236228e-01  4.04312210e-01  4.09052311e-01
  4.15678612e-01  4.23572808e-01  4.30826190e-01  4.34516606e-01
  5.07711206e-01  5.09933618e-01  5.33681970e-01  5.38629622e-01
  5.58547032e-01  5.79630385e-01  5.88908768e-01  5.89611898e-01
  6.18372595e-01  6.47912600e-01  6.65339751e-01  6.79414180e-01
  7.03953290e-01  7.16029687e-01  7.46404723e-01  7.53554874e-01
  7.61486564e-01  7.64979667e-01  7.88234755e-01  8.01743233e-01
  8.14583416e-01  8.51699014e-01  8.84080359e-01  8.89174654e-01
  9.01835251e-01  9.35150045e-01  9.53584110e-01  9.57127352e-01
  9.75579654e-01  1.02953489e+00  1.04091008e+00  1.08800852e+00
  1.09811944e+00  1.10411274e+00  1.10623182e+00  1.13469135e+00
  1.14542563e+00  1.16710647e+00  1.18660655e+00  1.23232945e+00
  1.23273233e+00  1.29148329e+00  1.32405084e+00  1.34077428e+00
  1.34815903e+00  1.37540731e+00  1.41996457e+00  1.48316340e+00
  1.52291615e+00  1.55004273e+00  1.63864830e+00  1.66709549e+00
  1.69030950e+00  1.69101920e+00  1.70700351e+00  1.72624586e+00
  1.77316317e+00  1.77695807e+00  1.82113168e+00  1.82951197e+00
  1.83080137e+00  1.87794528e+00  1.93255105e+00  1.94789987e+00
  1.95586395e+00  1.99719049e+00  2.02322063e+00  2.02588914e+00
  2.03767213e+00  2.03908802e+00  2.06226537e+00  2.14229674e+00
  2.15836239e+00  2.16610699e+00  2.18775646e+00  2.22017495e+00
  2.28938725e+00  2.30861944e+00  2.32485183e+00  2.33580408e+00
  2.35495096e+00  2.43583970e+00  2.45588671e+00  2.47358658e+00
  2.47536954e+00  2.47642273e+00  2.56839106e+00  2.62667404e+00
  2.65186955e+00  2.66303571e+00  2.69340921e+00  2.71473710e+00
  2.71868652e+00  2.73551420e+00  2.78281660e+00  2.85547650e+00
  2.86213583e+00  2.88714509e+00  2.89074032e+00  2.90176012e+00
  2.90261565e+00  2.90783016e+00  2.93146106e+00  2.94299698e+00
  2.95815650e+00  3.01822638e+00  3.07355736e+00  3.09993388e+00
  3.11346776e+00  3.21027935e+00  3.25155126e+00  3.28481399e+00
  3.29590631e+00  3.31893307e+00  3.32865632e+00  3.35475890e+00
  3.54341368e+00  3.70215885e+00  3.78147499e+00  3.82390546e+00
  3.95503473e+00  3.99714374e+00  4.07976369e+00  4.10175925e+00
  4.16629392e+00  4.29160300e+00  4.34991043e+00  4.39389361e+00
  4.42918692e+00  4.77510099e+00  4.90205109e+00  5.66059243e+00
  1.01460753e+01  2.47479112e+01  2.50336502e+01  2.50416106e+01
  2.51509923e+01  2.52312587e+01  2.52851162e+01  2.62361483e+01
  2.62427847e+01  2.67686373e+01  3.70330491e+01  2.19039943e+02]
E1 = -1770.4198508930626  E_coul = 646.8910010975904
cycle= 1 E= -745.733548124578  delta_E= 1.83  |g|= 0.573  |ddm|= 3.17
    CPU time for cycle= 1      1.57 sec, wall time      0.06 sec
  HOMO = -0.341913431290331  LUMO = 0.0410518387191854
  mo_energy =
[-1.04612905e+02 -1.56242710e+01 -1.14481140e+01 -1.14064756e+01
 -1.14061791e+01 -1.13563213e+01 -1.13211688e+01 -1.13210022e+01
 -1.03619162e+01 -7.82771539e+00 -7.82498385e+00 -7.82497587e+00
 -1.35676015e+00 -1.17292549e+00 -1.12348181e+00 -1.06149996e+00
 -9.38197581e-01 -9.37101716e-01 -9.10319699e-01 -7.93159305e-01
 -7.37039219e-01 -7.14534393e-01 -6.69880799e-01 -6.69208118e-01
 -6.58818404e-01 -6.38384724e-01 -6.21620048e-01 -5.79275486e-01
 -4.99833115e-01 -4.58983154e-01 -4.22403272e-01 -3.95270922e-01
 -3.42166148e-01 -3.41913431e-01  4.10518387e-02  5.92132898e-02
  1.08936233e-01  1.36778244e-01  1.44570261e-01  1.58979485e-01
  1.74769579e-01  1.76360479e-01  2.09991373e-01  2.16700009e-01
  2.49062648e-01  2.71759458e-01  3.30563503e-01  3.66253646e-01
  3.84344839e-01  3.93259542e-01  4.13525667e-01  4.18670991e-01
  4.27377683e-01  4.63745891e-01  4.78512004e-01  5.02469570e-01
  5.07317145e-01  5.09759304e-01  5.18918294e-01  5.42786067e-01
  5.51499396e-01  5.58726646e-01  5.77826506e-01  5.82636198e-01
  5.94230442e-01  6.57608180e-01  6.63365887e-01  6.80330566e-01
  6.87121937e-01  7.09741019e-01  7.40240066e-01  7.42364293e-01
  7.54877640e-01  7.61489878e-01  7.83797156e-01  7.90525249e-01
  7.99385024e-01  8.46958179e-01  8.68557576e-01  8.72910673e-01
  9.08467150e-01  9.37565689e-01  9.68103402e-01  9.83737671e-01
  1.01934536e+00  1.02378488e+00  1.08745144e+00  1.10174551e+00
  1.10721003e+00  1.15080117e+00  1.18621694e+00  1.19076917e+00
  1.19747730e+00  1.21415788e+00  1.22994755e+00  1.25846227e+00
  1.28767238e+00  1.29069389e+00  1.29219744e+00  1.37792672e+00
  1.39071816e+00  1.40140177e+00  1.40427980e+00  1.49611520e+00
  1.49716793e+00  1.52198323e+00  1.62447058e+00  1.64370382e+00
  1.65951484e+00  1.67163576e+00  1.68813893e+00  1.69549972e+00
  1.75137380e+00  1.75372467e+00  1.79916460e+00  1.80596220e+00
  1.80906015e+00  1.85578253e+00  1.92162521e+00  1.92640702e+00
  1.94530978e+00  1.98607645e+00  2.00006733e+00  2.00117154e+00
  2.01177892e+00  2.02013757e+00  2.05126328e+00  2.11577211e+00
  2.14139246e+00  2.16248459e+00  2.16425158e+00  2.20466303e+00
  2.27823029e+00  2.30201127e+00  2.30755184e+00  2.32817949e+00
  2.32975084e+00  2.41061920e+00  2.43864451e+00  2.46701916e+00
  2.55417543e+00  2.61704732e+00  2.64048795e+00  2.64066022e+00
  2.64527086e+00  2.67653483e+00  2.68910925e+00  2.70143402e+00
  2.70285491e+00  2.71519573e+00  2.80766308e+00  2.83234264e+00
  2.84023524e+00  2.85430535e+00  2.86657373e+00  2.87164227e+00
  2.87746026e+00  2.88615439e+00  2.90302681e+00  2.91845673e+00
  2.93793115e+00  3.00352308e+00  3.05839846e+00  3.06684878e+00
  3.08224619e+00  3.16945121e+00  3.23924759e+00  3.26177186e+00
  3.28266357e+00  3.30023367e+00  3.30293496e+00  3.33996713e+00
  3.53232462e+00  3.68131816e+00  3.76255115e+00  3.81176043e+00
  3.94273077e+00  3.96670471e+00  4.04375448e+00  4.06637380e+00
  4.13019508e+00  4.29364822e+00  4.33096277e+00  4.37373052e+00
  4.40652889e+00  4.76046843e+00  4.90464961e+00  5.65200377e+00
  1.03787427e+01  2.46989824e+01  2.48964590e+01  2.49755730e+01
  2.50749498e+01  2.51866075e+01  2.52538382e+01  2.64621462e+01
  2.64687098e+01  2.69801544e+01  3.70224520e+01  2.19238352e+02]
E1 = -1771.9301583888773  E_coul = 648.2958771413167
cycle= 2 E= -745.838979576667  delta_E= -0.105  |g|= 0.241  |ddm|= 0.786
    CPU time for cycle= 2      1.57 sec, wall time      0.06 sec
  HOMO = -0.368711330780776  LUMO = 0.0904428317776063
  mo_energy =
[-1.04819703e+02 -1.55769374e+01 -1.12770432e+01 -1.12763751e+01
 -1.12756291e+01 -1.12560456e+01 -1.12559005e+01 -1.12417860e+01
 -1.05309071e+01 -7.99971432e+00 -7.99751489e+00 -7.99750676e+00
 -1.28819487e+00 -1.11714554e+00 -1.05928043e+00 -1.04989152e+00
 -9.10492590e-01 -8.83570536e-01 -8.79675793e-01 -7.47322854e-01
 -6.82545898e-01 -6.77977328e-01 -6.20354341e-01 -6.01502403e-01
 -5.98678631e-01 -5.94523732e-01 -5.65425698e-01 -5.39543549e-01
 -4.79568030e-01 -4.12046475e-01 -4.04404302e-01 -4.02033960e-01
 -3.98537005e-01 -3.68711331e-01  9.04428318e-02  1.08392915e-01
  1.29991973e-01  1.55490630e-01  1.60681199e-01  1.90966062e-01
  1.91975088e-01  1.93302950e-01  2.34168896e-01  2.35687013e-01
  2.70630080e-01  3.17230768e-01  3.67812487e-01  4.00935567e-01
  4.17869708e-01  4.25880437e-01  4.45448998e-01  4.49886923e-01
  4.55613209e-01  4.65441977e-01  4.70492614e-01  4.83523963e-01
  5.29095225e-01  5.46074191e-01  5.46237970e-01  5.62862022e-01
  5.87779189e-01  5.95054239e-01  6.03504659e-01  6.22482519e-01
  6.31975998e-01  7.04430855e-01  7.04970093e-01  7.26862429e-01
  7.28679011e-01  7.45640762e-01  7.81700520e-01  7.93181094e-01
  7.96365546e-01  8.16248166e-01  8.24048840e-01  8.28950460e-01
  8.42627891e-01  8.79395710e-01  8.98158950e-01  9.09261440e-01
  9.48348201e-01  9.83770016e-01  1.00746696e+00  1.02438512e+00
  1.04338891e+00  1.06373689e+00  1.09274012e+00  1.14111201e+00
  1.14855515e+00  1.17557259e+00  1.17577535e+00  1.19541550e+00
  1.20199307e+00  1.21385640e+00  1.22417878e+00  1.25063529e+00
  1.25354252e+00  1.30292879e+00  1.33397204e+00  1.39680238e+00
  1.40182320e+00  1.42411387e+00  1.43384132e+00  1.51766165e+00
  1.54787424e+00  1.56820927e+00  1.67776770e+00  1.68907388e+00
  1.70874668e+00  1.73330603e+00  1.74342123e+00  1.74847680e+00
  1.78886365e+00  1.80016121e+00  1.83846100e+00  1.84954383e+00
  1.85185718e+00  1.90194117e+00  1.95645988e+00  1.97348268e+00
  1.98263426e+00  2.03169751e+00  2.03875229e+00  2.04581551e+00
  2.05204604e+00  2.06172628e+00  2.10204640e+00  2.15754366e+00
  2.18462498e+00  2.20433486e+00  2.21857924e+00  2.25643709e+00
  2.32731923e+00  2.35347191e+00  2.35798902e+00  2.38033099e+00
  2.38330937e+00  2.47184692e+00  2.48136160e+00  2.50748721e+00
  2.56057297e+00  2.56090732e+00  2.59714543e+00  2.66125068e+00
  2.68978901e+00  2.71001595e+00  2.73233443e+00  2.74186099e+00
  2.75836681e+00  2.77265038e+00  2.83869131e+00  2.86948896e+00
  2.90260085e+00  2.90348504e+00  2.90947580e+00  2.91530605e+00
  2.91791477e+00  2.96148597e+00  2.97734075e+00  2.98085863e+00
  2.98397449e+00  3.05950144e+00  3.10700190e+00  3.13634923e+00
  3.13910217e+00  3.23933297e+00  3.29680811e+00  3.32399740e+00
  3.34273052e+00  3.36084328e+00  3.36425738e+00  3.41706326e+00
  3.59579779e+00  3.75226620e+00  3.82757824e+00  3.86603974e+00
  4.00345544e+00  4.03696070e+00  4.14129157e+00  4.16010503e+00
  4.20196838e+00  4.34049621e+00  4.38363951e+00  4.42288414e+00
  4.46795397e+00  4.81918767e+00  4.95754726e+00  5.71260102e+00
  1.02334001e+01  2.47871212e+01  2.50796799e+01  2.50953045e+01
  2.51813333e+01  2.52726288e+01  2.53286027e+01  2.63245245e+01
  2.63310756e+01  2.68401490e+01  3.70704097e+01  2.19036499e+02]
E1 = -1771.6434366243338  E_coul = 647.994335550882
cycle= 3 E= -745.853799402558  delta_E= -0.0148  |g|= 0.0763  |ddm|= 0.263
    CPU time for cycle= 3      1.56 sec, wall time      0.06 sec
  HOMO = -0.369940924860423  LUMO = 0.0915207053563033
  mo_energy =
[-1.04768103e+02 -1.55867068e+01 -1.13009661e+01 -1.12927019e+01
 -1.12922610e+01 -1.12690700e+01 -1.12539345e+01 -1.12537868e+01
 -1.04952559e+01 -7.96284984e+00 -7.96079524e+00 -7.96078893e+00
 -1.29677824e+00 -1.11506728e+00 -1.06094383e+00 -1.05024300e+00
 -9.19755186e-01 -8.84698371e-01 -8.79894405e-01 -7.48136239e-01
 -6.88616309e-01 -6.74636863e-01 -6.25655272e-01 -6.20874359e-01
 -6.13075262e-01 -6.01083286e-01 -5.70039050e-01 -5.42447471e-01
 -4.85706190e-01 -4.10273278e-01 -4.09979089e-01 -3.98336044e-01
 -3.97076509e-01 -3.69940925e-01  9.15207054e-02  1.07309234e-01
  1.31786133e-01  1.55164553e-01  1.62104216e-01  1.85446975e-01
  1.92719270e-01  1.94561796e-01  2.27702803e-01  2.35444123e-01
  2.66737687e-01  3.18062358e-01  3.66767834e-01  4.04844497e-01
  4.16872435e-01  4.30580068e-01  4.41017494e-01  4.45708887e-01
  4.54310459e-01  4.62134993e-01  4.70063558e-01  4.84461952e-01
  5.27807956e-01  5.44558825e-01  5.47472093e-01  5.61000441e-01
  5.90235973e-01  5.94689220e-01  6.05832671e-01  6.22606089e-01
  6.31150317e-01  6.98923571e-01  7.02897282e-01  7.17092427e-01
  7.26387262e-01  7.48153714e-01  7.83668662e-01  7.86014221e-01
  7.99487593e-01  7.99733635e-01  8.23316821e-01  8.29054088e-01
  8.33147107e-01  8.76192249e-01  9.00048231e-01  9.11433541e-01
  9.41254800e-01  9.82761082e-01  9.99280536e-01  1.02568835e+00
  1.04191772e+00  1.06170050e+00  1.08756553e+00  1.13864091e+00
  1.15042144e+00  1.17815586e+00  1.17843223e+00  1.20380142e+00
  1.21425378e+00  1.21531854e+00  1.22496546e+00  1.24814999e+00
  1.24992023e+00  1.30486277e+00  1.33605573e+00  1.38918711e+00
  1.40178182e+00  1.41552460e+00  1.43121443e+00  1.51289652e+00
  1.54261836e+00  1.56402058e+00  1.66689681e+00  1.69025626e+00
  1.70788445e+00  1.71813768e+00  1.73399633e+00  1.74401722e+00
  1.79482596e+00  1.80024116e+00  1.84185485e+00  1.85097389e+00
  1.85272924e+00  1.89861049e+00  1.96119514e+00  1.97267302e+00
  1.97418278e+00  2.02658089e+00  2.04120200e+00  2.04234806e+00
  2.05377048e+00  2.06305100e+00  2.09273070e+00  2.16020444e+00
  2.18853744e+00  2.20042019e+00  2.21687787e+00  2.25633991e+00
  2.32405587e+00  2.34507512e+00  2.35576345e+00  2.37126693e+00
  2.37918866e+00  2.46697107e+00  2.48327433e+00  2.50948677e+00
  2.57151350e+00  2.57168186e+00  2.60090753e+00  2.66347810e+00
  2.69170630e+00  2.70871961e+00  2.72498710e+00  2.74517417e+00
  2.74637906e+00  2.76272594e+00  2.83046511e+00  2.87179830e+00
  2.89689913e+00  2.90610332e+00  2.91294970e+00  2.91667075e+00
  2.92549723e+00  2.93741608e+00  2.96095992e+00  2.97754333e+00
  2.98603223e+00  3.05391910e+00  3.10911478e+00  3.13298902e+00
  3.13615095e+00  3.23262962e+00  3.28682000e+00  3.32177709e+00
  3.33801258e+00  3.35556548e+00  3.36036188e+00  3.39287267e+00
  3.59578213e+00  3.74942132e+00  3.82796852e+00  3.87109776e+00
  4.00038227e+00  4.02828708e+00  4.11699184e+00  4.13780006e+00
  4.19535375e+00  4.33010101e+00  4.38656844e+00  4.42842926e+00
  4.46654504e+00  4.81893792e+00  4.94767352e+00  5.70430202e+00
  1.02620847e+01  2.47853052e+01  2.50384081e+01  2.50715349e+01
  2.51745519e+01  2.52677740e+01  2.53306247e+01  2.63511541e+01
  2.63577073e+01  2.68664838e+01  3.70606541e+01  2.19086134e+02]
E1 = -1771.7155771599053  E_coul = 648.0644354773871
cycle= 4 E= -745.855840011625  delta_E= -0.00204  |g|= 0.0147  |ddm|= 0.115
    CPU time for cycle= 4      1.54 sec, wall time      0.06 sec
  HOMO = -0.371546354825655  LUMO = 0.0905577754112856
  mo_energy =
[-1.04769911e+02 -1.55787257e+01 -1.12949039e+01 -1.12947788e+01
 -1.12946159e+01 -1.12803461e+01 -1.12606410e+01 -1.12605886e+01
 -1.04952584e+01 -7.96297742e+00 -7.96094205e+00 -7.96093581e+00
 -1.29522419e+00 -1.11829974e+00 -1.06235757e+00 -1.04874323e+00
 -9.17603101e-01 -8.85691815e-01 -8.82004303e-01 -7.49757745e-01
 -6.90690271e-01 -6.76466008e-01 -6.26570389e-01 -6.18497780e-01
 -6.11570376e-01 -6.03694677e-01 -5.69707298e-01 -5.44858588e-01
 -4.84849875e-01 -4.11154108e-01 -4.08799359e-01 -3.97772289e-01
 -3.96615601e-01 -3.71546355e-01  9.05577754e-02  1.05946421e-01
  1.31785902e-01  1.55167546e-01  1.61986510e-01  1.87611379e-01
  1.92783238e-01  1.94163846e-01  2.28772189e-01  2.35735915e-01
  2.67418306e-01  3.17224782e-01  3.66602884e-01  4.03126002e-01
  4.16600967e-01  4.28523760e-01  4.42441787e-01  4.45332560e-01
  4.54480361e-01  4.62440087e-01  4.70238434e-01  4.84790978e-01
  5.27687303e-01  5.44166489e-01  5.45963886e-01  5.60746439e-01
  5.88160273e-01  5.93987683e-01  6.04244612e-01  6.21049668e-01
  6.30056878e-01  6.99427966e-01  7.02127746e-01  7.18966570e-01
  7.26069396e-01  7.45936774e-01  7.81533897e-01  7.86189750e-01
  7.97227449e-01  8.01801547e-01  8.22766662e-01  8.27855457e-01
  8.33796127e-01  8.76343876e-01  8.98529153e-01  9.09458590e-01
  9.44115223e-01  9.80867868e-01  1.00067567e+00  1.02494613e+00
  1.04093951e+00  1.06138328e+00  1.08774495e+00  1.13833171e+00
  1.14903815e+00  1.17717027e+00  1.17880557e+00  1.20460261e+00
  1.21500442e+00  1.21609137e+00  1.22540836e+00  1.24706606e+00
  1.24900815e+00  1.30292275e+00  1.33354625e+00  1.39094246e+00
  1.40222648e+00  1.41719146e+00  1.43095218e+00  1.51416698e+00
  1.54265417e+00  1.56388149e+00  1.66877388e+00  1.68813202e+00
  1.70635474e+00  1.72020684e+00  1.73580976e+00  1.74219821e+00
  1.79227125e+00  1.79807321e+00  1.84012629e+00  1.84976653e+00
  1.85095580e+00  1.89910706e+00  1.95971727e+00  1.97264534e+00
  1.97460751e+00  2.02768269e+00  2.04092764e+00  2.04106447e+00
  2.05266713e+00  2.06197414e+00  2.09407120e+00  2.15851878e+00
  2.18530034e+00  2.20035034e+00  2.21482115e+00  2.25361707e+00
  2.32349723e+00  2.34671851e+00  2.35334351e+00  2.37313977e+00
  2.37745257e+00  2.46625290e+00  2.48106906e+00  2.50915716e+00
  2.57221956e+00  2.57239592e+00  2.59905771e+00  2.66254899e+00
  2.69005839e+00  2.70994663e+00  2.72610807e+00  2.74307196e+00
  2.74834774e+00  2.76404412e+00  2.83178536e+00  2.87121801e+00
  2.89688052e+00  2.90567505e+00  2.91112251e+00  2.91566939e+00
  2.92366638e+00  2.94028569e+00  2.96331142e+00  2.97341045e+00
  2.98415347e+00  3.05458053e+00  3.10659931e+00  3.12997924e+00
  3.13389838e+00  3.23097292e+00  3.28849183e+00  3.31989244e+00
  3.33786658e+00  3.35620008e+00  3.35635005e+00  3.39579422e+00
  3.59153481e+00  3.74620788e+00  3.82403556e+00  3.86598887e+00
  3.99916455e+00  4.02941771e+00  4.12014682e+00  4.14072303e+00
  4.19530088e+00  4.33534690e+00  4.38344498e+00  4.42432715e+00
  4.46426426e+00  4.81582691e+00  4.95169509e+00  5.70696230e+00
  1.02623702e+01  2.47789077e+01  2.50443921e+01  2.50677031e+01
  2.51690479e+01  2.52628990e+01  2.53228920e+01  2.63515209e+01
  2.63580735e+01  2.68667519e+01  3.70684154e+01  2.19084516e+02]
E1 = -1771.7156460283395  E_coul = 648.0644196069834
cycle= 5 E= -745.855924750462  delta_E= -8.47e-05  |g|= 0.00757  |ddm|= 0.019
    CPU time for cycle= 5      1.56 sec, wall time      0.06 sec
  HOMO = -0.371304676301021  LUMO = 0.090802831701017
  mo_energy =
[-1.04771094e+02 -1.55838241e+01 -1.12954443e+01 -1.12953735e+01
 -1.12950862e+01 -1.12777264e+01 -1.12594274e+01 -1.12593115e+01
 -1.04958361e+01 -7.96360291e+00 -7.96156330e+00 -7.96155706e+00
 -1.29649603e+00 -1.11753492e+00 -1.06225928e+00 -1.04902029e+00
 -9.17924108e-01 -8.85981099e-01 -8.81717976e-01 -7.49710950e-01
 -6.90756539e-01 -6.76325294e-01 -6.26596640e-01 -6.19026031e-01
 -6.11973550e-01 -6.03599742e-01 -5.69870893e-01 -5.44746590e-01
 -4.85558509e-01 -4.10792276e-01 -4.10159655e-01 -3.98028667e-01
 -3.96830867e-01 -3.71304676e-01  9.08028317e-02  1.05928709e-01
  1.31860720e-01  1.55158243e-01  1.62001417e-01  1.87222852e-01
  1.92742008e-01  1.94244140e-01  2.28422052e-01  2.35636916e-01
  2.67182499e-01  3.17274156e-01  3.66363068e-01  4.03452527e-01
  4.16487116e-01  4.28896566e-01  4.41984603e-01  4.45254890e-01
  4.54290417e-01  4.62190171e-01  4.70016188e-01  4.84544614e-01
  5.27565763e-01  5.44045402e-01  5.46605834e-01  5.60576542e-01
  5.88619287e-01  5.94305445e-01  6.04484605e-01  6.21381125e-01
  6.30350005e-01  6.98882018e-01  7.02271725e-01  7.18454655e-01
  7.25841877e-01  7.46535328e-01  7.81895920e-01  7.85856334e-01
  7.97531157e-01  8.01325116e-01  8.22661541e-01  8.28030789e-01
  8.33458685e-01  8.76159221e-01  8.98872125e-01  9.09908567e-01
  9.43101778e-01  9.81090331e-01  1.00032991e+00  1.02497843e+00
  1.04100283e+00  1.06120651e+00  1.08747182e+00  1.13814381e+00
  1.14925053e+00  1.17739100e+00  1.17860259e+00  1.20435582e+00
  1.21481444e+00  1.21575497e+00  1.22520553e+00  1.24756743e+00
  1.24846970e+00  1.30318056e+00  1.33393887e+00  1.39046113e+00
  1.40189753e+00  1.41665046e+00  1.43051182e+00  1.51342232e+00
  1.54216963e+00  1.56351601e+00  1.66820814e+00  1.68836255e+00
  1.70653832e+00  1.71969920e+00  1.73536048e+00  1.74233454e+00
  1.79269286e+00  1.79834513e+00  1.84019926e+00  1.84978878e+00
  1.85109150e+00  1.89863558e+00  1.95993216e+00  1.97256353e+00
  1.97413032e+00  2.02732789e+00  2.04094830e+00  2.04098963e+00
  2.05266034e+00  2.06190034e+00  2.09351094e+00  2.15863757e+00
  2.18585973e+00  2.20023402e+00  2.21497747e+00  2.25402339e+00
  2.32321788e+00  2.34629211e+00  2.35368159e+00  2.37264002e+00
  2.37755528e+00  2.46595144e+00  2.48135699e+00  2.50880089e+00
  2.57194915e+00  2.57212408e+00  2.59910669e+00  2.66252610e+00
  2.69004854e+00  2.70954731e+00  2.72500990e+00  2.74335555e+00
  2.74777585e+00  2.76359435e+00  2.83139429e+00  2.87113646e+00
  2.89608564e+00  2.90563422e+00  2.91123557e+00  2.91563100e+00
  2.92384144e+00  2.93976979e+00  2.96282407e+00  2.97417604e+00
  2.98417948e+00  3.05369564e+00  3.10676294e+00  3.13033996e+00
  3.13395425e+00  3.23086426e+00  3.28772749e+00  3.31995702e+00
  3.33713997e+00  3.35554396e+00  3.35706204e+00  3.39538897e+00
  3.59221004e+00  3.74659750e+00  3.82468616e+00  3.86712393e+00
  3.99891116e+00  4.02835122e+00  4.11959445e+00  4.14009977e+00
  4.19445331e+00  4.33211867e+00  4.38384443e+00  4.42503317e+00
  4.46428550e+00  4.81613311e+00  4.94916489e+00  5.70476369e+00
  1.02619289e+01  2.47799107e+01  2.50440744e+01  2.50677776e+01
  2.51696401e+01  2.52634055e+01  2.53244212e+01  2.63511252e+01
  2.63576777e+01  2.68663065e+01  3.70634225e+01  2.19083400e+02]
E1 = -1771.723227127108  E_coul = 648.0719792575138
cycle= 6 E= -745.8559461987  delta_E= -2.14e-05  |g|= 0.00215  |ddm|= 0.0105
    CPU time for cycle= 6      1.56 sec, wall time      0.06 sec
  HOMO = -0.370961950638321  LUMO = 0.0913362490355542
  mo_energy =
[-1.04771593e+02 -1.55823813e+01 -1.12956762e+01 -1.12942797e+01
 -1.12942298e+01 -1.12769192e+01 -1.12591118e+01 -1.12590268e+01
 -1.04964387e+01 -7.96420311e+00 -7.96215306e+00 -7.96214681e+00
 -1.29582449e+00 -1.11713022e+00 -1.06180888e+00 -1.04938866e+00
 -9.18138680e-01 -8.85528986e-01 -8.81319848e-01 -7.49343164e-01
 -6.90218381e-01 -6.76063137e-01 -6.26316077e-01 -6.19165776e-01
 -6.12062269e-01 -6.03251410e-01 -5.69323143e-01 -5.44353016e-01
 -4.85583706e-01 -4.10332665e-01 -4.10289670e-01 -3.98442054e-01
 -3.97154827e-01 -3.70961951e-01  9.13362490e-02  1.06211834e-01
  1.31960024e-01  1.55204077e-01  1.62108903e-01  1.86984625e-01
  1.92809607e-01  1.94331914e-01  2.28414094e-01  2.35698094e-01
  2.67185384e-01  3.17682139e-01  3.66579024e-01  4.03687434e-01
  4.16616845e-01  4.29095445e-01  4.41860254e-01  4.45314419e-01
  4.54311190e-01  4.62228425e-01  4.69965516e-01  4.84309406e-01
  5.27664976e-01  5.44253373e-01  5.46902950e-01  5.60819784e-01
  5.88908377e-01  5.94594806e-01  6.04695796e-01  6.21628607e-01
  6.30676609e-01  6.99104732e-01  7.02561242e-01  7.18358146e-01
  7.26181925e-01  7.46804041e-01  7.82203855e-01  7.86014862e-01
  7.97753234e-01  8.01202229e-01  8.22925270e-01  8.28228172e-01
  8.33578630e-01  8.76313397e-01  8.99115937e-01  9.10180099e-01
  9.43477443e-01  9.81351882e-01  1.00027294e+00  1.02508811e+00
  1.04110236e+00  1.06159449e+00  1.08755977e+00  1.13837711e+00
  1.14943007e+00  1.17755213e+00  1.17844519e+00  1.20405410e+00
  1.21434390e+00  1.21567849e+00  1.22503435e+00  1.24799688e+00
  1.24873176e+00  1.30347995e+00  1.33432930e+00  1.39028768e+00
  1.40181844e+00  1.41654118e+00  1.43093538e+00  1.51359996e+00
  1.54254824e+00  1.56390915e+00  1.66808690e+00  1.68866629e+00
  1.70685765e+00  1.71954358e+00  1.73521715e+00  1.74272205e+00
  1.79295800e+00  1.79873461e+00  1.84045284e+00  1.85003610e+00
  1.85146595e+00  1.89890774e+00  1.96017002e+00  1.97285232e+00
  1.97404861e+00  2.02729803e+00  2.04107676e+00  2.04119550e+00
  2.05300770e+00  2.06213217e+00  2.09352592e+00  2.15893647e+00
  2.18616320e+00  2.20030456e+00  2.21541347e+00  2.25438114e+00
  2.32351803e+00  2.34616892e+00  2.35402359e+00  2.37249597e+00
  2.37793442e+00  2.46639947e+00  2.48169306e+00  2.50904185e+00
  2.57151670e+00  2.57169226e+00  2.59940985e+00  2.66273194e+00
  2.69036089e+00  2.70933969e+00  2.72552301e+00  2.74358898e+00
  2.74768364e+00  2.76358578e+00  2.83127190e+00  2.87136158e+00
  2.89662543e+00  2.90587904e+00  2.91146562e+00  2.91580273e+00
  2.92393301e+00  2.93953618e+00  2.96268228e+00  2.97463433e+00
  2.98450495e+00  3.05413993e+00  3.10713554e+00  3.13096368e+00
  3.13443155e+00  3.23145346e+00  3.28783742e+00  3.32039448e+00
  3.33767650e+00  3.35593558e+00  3.35751554e+00  3.39511443e+00
  3.59267267e+00  3.74708103e+00  3.82514931e+00  3.86748840e+00
  3.99940012e+00  4.02889263e+00  4.11933250e+00  4.13995106e+00
  4.19511168e+00  4.33295906e+00  4.38419493e+00  4.42539390e+00
  4.46479374e+00  4.81664316e+00  4.94992554e+00  5.70559467e+00
  1.02613597e+01  2.47805992e+01  2.50435067e+01  2.50685794e+01
  2.51706108e+01  2.52640201e+01  2.53249611e+01  2.63505840e+01
  2.63571368e+01  2.68657122e+01  3.70648323e+01  2.19082894e+02]
E1 = -1771.7170835608654  E_coul = 648.0658314624648
cycle= 7 E= -745.855950427507  delta_E= -4.23e-06  |g|= 0.000992  |ddm|= 0.0043
    CPU time for cycle= 7      1.55 sec, wall time      0.06 sec
  HOMO = -0.371018118002245  LUMO = 0.0913150812662048
  mo_energy =
[-1.04771615e+02 -1.55829026e+01 -1.12953181e+01 -1.12944031e+01
 -1.12943174e+01 -1.12770460e+01 -1.12591729e+01 -1.12590791e+01
 -1.04965231e+01 -7.96428237e+00 -7.96223151e+00 -7.96222530e+00
 -1.29604165e+00 -1.11721011e+00 -1.06186955e+00 -1.04941696e+00
 -9.18124666e-01 -8.85605411e-01 -8.81337061e-01 -7.49351082e-01
 -6.90297717e-01 -6.76032796e-01 -6.26300392e-01 -6.19076167e-01
 -6.11976173e-01 -6.03305852e-01 -5.69385188e-01 -5.44362645e-01
 -4.85674110e-01 -4.10502333e-01 -4.10323558e-01 -3.98552891e-01
 -3.97257708e-01 -3.71018118e-01  9.13150813e-02  1.06151048e-01
  1.31996579e-01  1.55239982e-01  1.62151846e-01  1.86985221e-01
  1.92846717e-01  1.94377828e-01  2.28423023e-01  2.35731512e-01
  2.67210828e-01  3.17673501e-01  3.66541106e-01  4.03708090e-01
  4.16628698e-01  4.29110848e-01  4.41871170e-01  4.45284657e-01
  4.54269387e-01  4.62221365e-01  4.69924232e-01  4.84219546e-01
  5.27639315e-01  5.44247202e-01  5.46890534e-01  5.60799573e-01
  5.88915615e-01  5.94595495e-01  6.04713453e-01  6.21631509e-01
  6.30654561e-01  6.99078632e-01  7.02554831e-01  7.18395286e-01
  7.26200107e-01  7.46803704e-01  7.82215377e-01  7.86051558e-01
  7.97760993e-01  8.01279548e-01  8.22914345e-01  8.28245363e-01
  8.33620615e-01  8.76326027e-01  8.99134015e-01  9.10191767e-01
  9.43395461e-01  9.81346346e-01  1.00029357e+00  1.02504098e+00
  1.04103796e+00  1.06155191e+00  1.08752579e+00  1.13835659e+00
  1.14941843e+00  1.17753899e+00  1.17839259e+00  1.20397078e+00
  1.21422570e+00  1.21561999e+00  1.22496265e+00  1.24796044e+00
  1.24868204e+00  1.30349418e+00  1.33434722e+00  1.39029278e+00
  1.40173437e+00  1.41654530e+00  1.43091591e+00  1.51349727e+00
  1.54249730e+00  1.56382431e+00  1.66813584e+00  1.68867092e+00
  1.70684738e+00  1.71961617e+00  1.73529001e+00  1.74269904e+00
  1.79299799e+00  1.79869877e+00  1.84047550e+00  1.85007223e+00
  1.85145906e+00  1.89893321e+00  1.96021373e+00  1.97287600e+00
  1.97407062e+00  2.02733987e+00  2.04111376e+00  2.04122410e+00
  2.05301486e+00  2.06213035e+00  2.09354749e+00  2.15897329e+00
  2.18616610e+00  2.20031368e+00  2.21538759e+00  2.25436873e+00
  2.32348137e+00  2.34621809e+00  2.35401103e+00  2.37255134e+00
  2.37790809e+00  2.46635954e+00  2.48165250e+00  2.50904385e+00
  2.57142280e+00  2.57159849e+00  2.59939331e+00  2.66275192e+00
  2.69036038e+00  2.70933815e+00  2.72538020e+00  2.74363635e+00
  2.74772988e+00  2.76363916e+00  2.83130228e+00  2.87141101e+00
  2.89652179e+00  2.90594427e+00  2.91151756e+00  2.91585475e+00
  2.92398650e+00  2.93966746e+00  2.96279521e+00  2.97458263e+00
  2.98450538e+00  3.05403382e+00  3.10710631e+00  3.13089763e+00
  3.13435975e+00  3.23139003e+00  3.28782557e+00  3.32034379e+00
  3.33755673e+00  3.35587475e+00  3.35746119e+00  3.39523139e+00
  3.59260762e+00  3.74703208e+00  3.82510230e+00  3.86746517e+00
  3.99930595e+00  4.02882466e+00  4.11946846e+00  4.14006144e+00
  4.19502668e+00  4.33258522e+00  4.38419162e+00  4.42540677e+00
  4.46474233e+00  4.81656720e+00  4.94962460e+00  5.70533394e+00
  1.02612622e+01  2.47805118e+01  2.50438489e+01  2.50684956e+01
  2.51705025e+01  2.52639457e+01  2.53248776e+01  2.63504916e+01
  2.63570448e+01  2.68655969e+01  3.70643198e+01  2.19082865e+02]
E1 = -1771.7195054579056  E_coul = 648.068252583933
cycle= 8 E= -745.855951203079  delta_E= -7.76e-07  |g|= 0.000397  |ddm|= 0.00175
    CPU time for cycle= 8      1.56 sec, wall time      0.06 sec
  HOMO = -0.371006328719834  LUMO = 0.0913537756563937
  mo_energy =
[-1.04771619e+02 -1.55829001e+01 -1.12953402e+01 -1.12943346e+01
 -1.12942733e+01 -1.12769067e+01 -1.12592122e+01 -1.12591155e+01
 -1.04965186e+01 -7.96427732e+00 -7.96222706e+00 -7.96222086e+00
 -1.29601215e+00 -1.11716793e+00 -1.06184278e+00 -1.04943370e+00
 -9.18130351e-01 -8.85584086e-01 -8.81305195e-01 -7.49307598e-01
 -6.90266988e-01 -6.76034650e-01 -6.26275441e-01 -6.19066953e-01
 -6.11964593e-01 -6.03257056e-01 -5.69350026e-01 -5.44335329e-01
 -4.85676820e-01 -4.10509544e-01 -4.10276508e-01 -3.98577609e-01
 -3.97274915e-01 -3.71006329e-01  9.13537757e-02  1.06157061e-01
  1.32009536e-01  1.55251260e-01  1.62161517e-01  1.86961458e-01
  1.92855969e-01  1.94390286e-01  2.28430583e-01  2.35741678e-01
  2.67222014e-01  3.17702446e-01  3.66557293e-01  4.03734395e-01
  4.16638344e-01  4.29127476e-01  4.41871534e-01  4.45291307e-01
  4.54276643e-01  4.62228855e-01  4.69923303e-01  4.84198124e-01
  5.27648334e-01  5.44261291e-01  5.46910069e-01  5.60814286e-01
  5.88954907e-01  5.94608361e-01  6.04731780e-01  6.21669113e-01
  6.30678847e-01  6.99100414e-01  7.02568516e-01  7.18401018e-01
  7.26230502e-01  7.46822333e-01  7.82261321e-01  7.86075872e-01
  7.97759892e-01  8.01287117e-01  8.22931221e-01  8.28247672e-01
  8.33639921e-01  8.76354933e-01  8.99160258e-01  9.10217348e-01
  9.43412344e-01  9.81365630e-01  1.00029681e+00  1.02506099e+00
  1.04106079e+00  1.06157440e+00  1.08753651e+00  1.13837014e+00
  1.14944406e+00  1.17755965e+00  1.17839254e+00  1.20396388e+00
  1.21421072e+00  1.21562477e+00  1.22496126e+00  1.24799465e+00
  1.24870271e+00  1.30351009e+00  1.33439922e+00  1.39029152e+00
  1.40173954e+00  1.41654913e+00  1.43094906e+00  1.51349834e+00
  1.54251517e+00  1.56384926e+00  1.66814426e+00  1.68869874e+00
  1.70687596e+00  1.71962099e+00  1.73529540e+00  1.74274522e+00
  1.79301926e+00  1.79872999e+00  1.84048693e+00  1.85009956e+00
  1.85149040e+00  1.89896697e+00  1.96024342e+00  1.97289883e+00
  1.97407795e+00  2.02734932e+00  2.04113209e+00  2.04123309e+00
  2.05306261e+00  2.06214349e+00  2.09355936e+00  2.15900808e+00
  2.18618588e+00  2.20033427e+00  2.21541559e+00  2.25440788e+00
  2.32350023e+00  2.34622311e+00  2.35404087e+00  2.37255726e+00
  2.37793286e+00  2.46640269e+00  2.48168288e+00  2.50906615e+00
  2.57140946e+00  2.57158505e+00  2.59942270e+00  2.66277504e+00
  2.69037547e+00  2.70934036e+00  2.72540203e+00  2.74366103e+00
  2.74773832e+00  2.76365432e+00  2.83130658e+00  2.87144854e+00
  2.89653939e+00  2.90599021e+00  2.91154120e+00  2.91587680e+00
  2.92396674e+00  2.93966864e+00  2.96280364e+00  2.97461056e+00
  2.98452139e+00  3.05405950e+00  3.10713474e+00  3.13095693e+00
  3.13437554e+00  3.23141949e+00  3.28783704e+00  3.32037928e+00
  3.33758930e+00  3.35589799e+00  3.35749578e+00  3.39522764e+00
  3.59263951e+00  3.74705533e+00  3.82513970e+00  3.86751143e+00
  3.99933978e+00  4.02886417e+00  4.11946848e+00  4.14006808e+00
  4.19507245e+00  4.33257668e+00  4.38420188e+00  4.42543960e+00
  4.46477666e+00  4.81660417e+00  4.94962966e+00  5.70535618e+00
  1.02612604e+01  2.47805523e+01  2.50438288e+01  2.50685167e+01
  2.51705852e+01  2.52639463e+01  2.53249116e+01  2.63504926e+01
  2.63570459e+01  2.68655847e+01  3.70643223e+01  2.19082861e+02]
E1 = -1771.7187719414437  E_coul = 648.067518856354
cycle= 9 E= -745.855951414196  delta_E= -2.11e-07  |g|= 0.00015  |ddm|= 0.00103
    CPU time for cycle= 9      1.56 sec, wall time      0.06 sec
  HOMO = -0.371006555268183  LUMO = 0.0913462089388622
  mo_energy =
[-1.04771667e+02 -1.55829513e+01 -1.12953588e+01 -1.12942977e+01
 -1.12942165e+01 -1.12769081e+01 -1.12592287e+01 -1.12591386e+01
 -1.04965515e+01 -7.96431114e+00 -7.96226072e+00 -7.96225452e+00
 -1.29602087e+00 -1.11717832e+00 -1.06184162e+00 -1.04943965e+00
 -9.18135951e-01 -8.85589437e-01 -8.81302080e-01 -7.49302487e-01
 -6.90273529e-01 -6.76041185e-01 -6.26275726e-01 -6.19067588e-01
 -6.11965874e-01 -6.03256356e-01 -5.69356402e-01 -5.44341720e-01
 -4.85682274e-01 -4.10512766e-01 -4.10283144e-01 -3.98584781e-01
 -3.97282120e-01 -3.71006555e-01  9.13462089e-02  1.06154128e-01
  1.32008687e-01  1.55251179e-01  1.62160504e-01  1.86951117e-01
  1.92855927e-01  1.94390351e-01  2.28433764e-01  2.35743989e-01
  2.67224646e-01  3.17701817e-01  3.66555509e-01  4.03733080e-01
  4.16636129e-01  4.29121720e-01  4.41871698e-01  4.45288199e-01
  4.54275870e-01  4.62228587e-01  4.69922529e-01  4.84196747e-01
  5.27647723e-01  5.44259388e-01  5.46902731e-01  5.60811210e-01
  5.88950628e-01  5.94604805e-01  6.04727063e-01  6.21669561e-01
  6.30676597e-01  6.99101980e-01  7.02566688e-01  7.18401055e-01
  7.26236870e-01  7.46815676e-01  7.82263406e-01  7.86078914e-01
  7.97746512e-01  8.01286190e-01  8.22928471e-01  8.28237567e-01
  8.33641460e-01  8.76362617e-01  8.99157699e-01  9.10214404e-01
  9.43404411e-01  9.81360528e-01  1.00029485e+00  1.02505701e+00
  1.04105424e+00  1.06156932e+00  1.08753322e+00  1.13836402e+00
  1.14944000e+00  1.17755502e+00  1.17838415e+00  1.20395594e+00
  1.21420114e+00  1.21561929e+00  1.22495351e+00  1.24799121e+00
  1.24870155e+00  1.30350435e+00  1.33440444e+00  1.39028657e+00
  1.40173164e+00  1.41654528e+00  1.43095375e+00  1.51348828e+00
  1.54251272e+00  1.56384413e+00  1.66814514e+00  1.68869526e+00
  1.70687207e+00  1.71961979e+00  1.73529374e+00  1.74274411e+00
  1.79301436e+00  1.79872524e+00  1.84048042e+00  1.85010002e+00
  1.85148935e+00  1.89897440e+00  1.96024119e+00  1.97290087e+00
  1.97407550e+00  2.02734827e+00  2.04113049e+00  2.04122628e+00
  2.05306554e+00  2.06213630e+00  2.09355843e+00  2.15901175e+00
  2.18617661e+00  2.20033208e+00  2.21541463e+00  2.25440714e+00
  2.32349770e+00  2.34622201e+00  2.35403550e+00  2.37255682e+00
  2.37792782e+00  2.46640844e+00  2.48167249e+00  2.50906542e+00
  2.57139881e+00  2.57157444e+00  2.59941641e+00  2.66277320e+00
  2.69037135e+00  2.70933632e+00  2.72539641e+00  2.74365927e+00
  2.74773922e+00  2.76365640e+00  2.83130059e+00  2.87145298e+00
  2.89653755e+00  2.90599946e+00  2.91154136e+00  2.91587574e+00
  2.92394985e+00  2.93966434e+00  2.96280183e+00  2.97460389e+00
  2.98451743e+00  3.05405585e+00  3.10712900e+00  3.13096291e+00
  3.13437168e+00  3.23142687e+00  3.28783525e+00  3.32037671e+00
  3.33758368e+00  3.35589821e+00  3.35748820e+00  3.39521938e+00
  3.59263261e+00  3.74705608e+00  3.82513668e+00  3.86750241e+00
  3.99933346e+00  4.02887101e+00  4.11946395e+00  4.14006477e+00
  4.19508420e+00  4.33254206e+00  4.38419388e+00  4.42543554e+00
  4.46477619e+00  4.81659607e+00  4.94960423e+00  5.70533974e+00
  1.02612343e+01  2.47805578e+01  2.50438114e+01  2.50685366e+01
  2.51706112e+01  2.52639518e+01  2.53249040e+01  2.63504698e+01
  2.63570232e+01  2.68655591e+01  3.70642726e+01  2.19082815e+02]
E1 = -1771.7189328072443  E_coul = 648.0676796913871
cycle= 10 E= -745.855951444964  delta_E= -3.08e-08  |g|= 5.35e-05  |ddm|= 0.000416
    CPU time for cycle= 10      1.59 sec, wall time      0.06 sec
  HOMO = -0.371008949033748  LUMO = 0.0913441274235807
  mo_energy =
[-1.04771645e+02 -1.55829468e+01 -1.12953447e+01 -1.12943023e+01
 -1.12942393e+01 -1.12768857e+01 -1.12592437e+01 -1.12591456e+01
 -1.04965362e+01 -7.96429534e+00 -7.96224483e+00 -7.96223862e+00
 -1.29602297e+00 -1.11717689e+00 -1.06184784e+00 -1.04943297e+00
 -9.18131169e-01 -8.85592279e-01 -8.81304450e-01 -7.49303721e-01
 -6.90277123e-01 -6.76047699e-01 -6.26281240e-01 -6.19065796e-01
 -6.11965466e-01 -6.03252101e-01 -5.69358698e-01 -5.44345576e-01
 -4.85680407e-01 -4.10510694e-01 -4.10281449e-01 -3.98577791e-01
 -3.97275794e-01 -3.71008949e-01  9.13441274e-02  1.06150932e-01
  1.32008189e-01  1.55252012e-01  1.62157572e-01  1.86956997e-01
  1.92854525e-01  1.94389824e-01  2.28433825e-01  2.35742493e-01
  2.67224942e-01  3.17700140e-01  3.66553893e-01  4.03732626e-01
  4.16634466e-01  4.29121029e-01  4.41873266e-01  4.45288443e-01
  4.54276171e-01  4.62227552e-01  4.69924278e-01  4.84200501e-01
  5.27646925e-01  5.44256320e-01  5.46902021e-01  5.60807918e-01
  5.88950489e-01  5.94601382e-01  6.04726038e-01  6.21669213e-01
  6.30676015e-01  6.99101236e-01  7.02563582e-01  7.18402673e-01
  7.26232934e-01  7.46815255e-01  7.82266572e-01  7.86078441e-01
  7.97740360e-01  8.01287888e-01  8.22925940e-01  8.28232980e-01
  8.33640584e-01  8.76363284e-01  8.99156932e-01  9.10212126e-01
  9.43405230e-01  9.81358819e-01  1.00029706e+00  1.02505844e+00
  1.04105520e+00  1.06156503e+00  1.08753402e+00  1.13836252e+00
  1.14943968e+00  1.17755624e+00  1.17838794e+00  1.20396165e+00
  1.21420937e+00  1.21562219e+00  1.22495706e+00  1.24798921e+00
  1.24870060e+00  1.30349840e+00  1.33440530e+00  1.39028988e+00
  1.40173489e+00  1.41654778e+00  1.43094992e+00  1.51348828e+00
  1.54250897e+00  1.56384218e+00  1.66814567e+00  1.68869377e+00
  1.70686676e+00  1.71962171e+00  1.73529555e+00  1.74274402e+00
  1.79301268e+00  1.79872426e+00  1.84047641e+00  1.85009864e+00
  1.85148725e+00  1.89897232e+00  1.96023852e+00  1.97289859e+00
  1.97407719e+00  2.02734746e+00  2.04112678e+00  2.04122151e+00
  2.05306622e+00  2.06213309e+00  2.09355952e+00  2.15900927e+00
  2.18617412e+00  2.20033252e+00  2.21541024e+00  2.25440694e+00
  2.32349391e+00  2.34622379e+00  2.35403337e+00  2.37255863e+00
  2.37792382e+00  2.46640572e+00  2.48167203e+00  2.50906236e+00
  2.57140705e+00  2.57158263e+00  2.59941609e+00  2.66276859e+00
  2.69036735e+00  2.70933973e+00  2.72539424e+00  2.74365898e+00
  2.74773989e+00  2.76365620e+00  2.83130393e+00  2.87145232e+00
  2.89653390e+00  2.90600000e+00  2.91153943e+00  2.91587433e+00
  2.92394235e+00  2.93966822e+00  2.96280423e+00  2.97460184e+00
  2.98451231e+00  3.05405395e+00  3.10712829e+00  3.13096473e+00
  3.13436576e+00  3.23141966e+00  3.28783512e+00  3.32037096e+00
  3.33758229e+00  3.35589669e+00  3.35748621e+00  3.39522575e+00
  3.59263048e+00  3.74704876e+00  3.82513339e+00  3.86750388e+00
  3.99933071e+00  4.02886808e+00  4.11946801e+00  4.14006799e+00
  4.19507983e+00  4.33254340e+00  4.38418734e+00  4.42543473e+00
  4.46477262e+00  4.81659497e+00  4.94960413e+00  5.70533870e+00
  1.02612476e+01  2.47805554e+01  2.50438247e+01  2.50685244e+01
  2.51706108e+01  2.52639399e+01  2.53249043e+01  2.63504821e+01
  2.63570355e+01  2.68655724e+01  3.70642769e+01  2.19082837e+02]
E1 = -1771.7188451544114  E_coul = 648.0675920356283
cycle= 11 E= -745.85595144789  delta_E= -2.93e-09  |g|= 2.39e-05  |ddm|= 0.000119
    CPU time for cycle= 11      1.56 sec, wall time      0.06 sec
  HOMO = -0.371007249228519  LUMO = 0.0913421116719168
  mo_energy =
[-1.04771644e+02 -1.55829533e+01 -1.12953494e+01 -1.12942990e+01
 -1.12942262e+01 -1.12768944e+01 -1.12592454e+01 -1.12591528e+01
 -1.04965343e+01 -7.96429363e+00 -7.96224312e+00 -7.96223692e+00
 -1.29602161e+00 -1.11717957e+00 -1.06184726e+00 -1.04943263e+00
 -9.18131840e-01 -8.85593269e-01 -8.81305098e-01 -7.49304292e-01
 -6.90277885e-01 -6.76049824e-01 -6.26281903e-01 -6.19068113e-01
 -6.11967729e-01 -6.03254178e-01 -5.69358521e-01 -5.44347136e-01
 -4.85680705e-01 -4.10511776e-01 -4.10282828e-01 -3.98575627e-01
 -3.97274033e-01 -3.71007249e-01  9.13421117e-02  1.06151395e-01
  1.32007330e-01  1.55250991e-01  1.62156753e-01  1.86957491e-01
  1.92853571e-01  1.94388519e-01  2.28433601e-01  2.35742212e-01
  2.67224227e-01  3.17699515e-01  3.66553955e-01  4.03730967e-01
  4.16633594e-01  4.29119030e-01  4.41872380e-01  4.45288071e-01
  4.54277086e-01  4.62227604e-01  4.69924791e-01  4.84202303e-01
  5.27647442e-01  5.44255892e-01  5.46901428e-01  5.60807533e-01
  5.88948764e-01  5.94601760e-01  6.04724363e-01  6.21668734e-01
  6.30676019e-01  6.99101222e-01  7.02563789e-01  7.18401725e-01
  7.26233558e-01  7.46813565e-01  7.82264667e-01  7.86077809e-01
  7.97737544e-01  8.01286142e-01  8.22925220e-01  8.28230959e-01
  8.33639926e-01  8.76364157e-01  8.99155650e-01  9.10210845e-01
  9.43404878e-01  9.81356920e-01  1.00029599e+00  1.02505838e+00
  1.04105490e+00  1.06156494e+00  1.08753346e+00  1.13836145e+00
  1.14943896e+00  1.17755517e+00  1.17838797e+00  1.20396286e+00
  1.21421145e+00  1.21562265e+00  1.22495785e+00  1.24798810e+00
  1.24870111e+00  1.30349737e+00  1.33440457e+00  1.39028913e+00
  1.40173542e+00  1.41654705e+00  1.43095098e+00  1.51348772e+00
  1.54250908e+00  1.56384262e+00  1.66814401e+00  1.68869198e+00
  1.70686639e+00  1.71961988e+00  1.73529361e+00  1.74274324e+00
  1.79301015e+00  1.79872284e+00  1.84047433e+00  1.85009733e+00
  1.85148633e+00  1.89897327e+00  1.96023710e+00  1.97289805e+00
  1.97407637e+00  2.02734610e+00  2.04112598e+00  2.04121968e+00
  2.05306559e+00  2.06213136e+00  2.09355805e+00  2.15900852e+00
  2.18617118e+00  2.20033095e+00  2.21540981e+00  2.25440536e+00
  2.32349349e+00  2.34622200e+00  2.35403164e+00  2.37255688e+00
  2.37792281e+00  2.46640658e+00  2.48166969e+00  2.50906176e+00
  2.57140874e+00  2.57158430e+00  2.59941388e+00  2.66276804e+00
  2.69036585e+00  2.70933961e+00  2.72539470e+00  2.74365654e+00
  2.74773835e+00  2.76365502e+00  2.83130252e+00  2.87145134e+00
  2.89653427e+00  2.90599953e+00  2.91153774e+00  2.91587262e+00
  2.92393856e+00  2.93966560e+00  2.96280225e+00  2.97459961e+00
  2.98451103e+00  3.05405412e+00  3.10712588e+00  3.13096407e+00
  3.13436570e+00  3.23142162e+00  3.28783394e+00  3.32037123e+00
  3.33758176e+00  3.35589663e+00  3.35748405e+00  3.39522353e+00
  3.59262798e+00  3.74704866e+00  3.82513182e+00  3.86749999e+00
  3.99933004e+00  4.02886958e+00  4.11946527e+00  4.14006576e+00
  4.19508242e+00  4.33254079e+00  4.38418521e+00  4.42543171e+00
  4.46477194e+00  4.81659251e+00  4.94960207e+00  5.70533782e+00
  1.02612496e+01  2.47805536e+01  2.50438201e+01  2.50685275e+01
  2.51706123e+01  2.52639403e+01  2.53248996e+01  2.63504838e+01
  2.63570372e+01  2.68655749e+01  3.70642706e+01  2.19082838e+02]
E1 = -1771.7188335221117  E_coul = 648.0675804029254
cycle= 12 E= -745.855951448293  delta_E= -4.03e-10  |g|= 5.99e-06  |ddm|= 4.62e-05
    CPU time for cycle= 12      1.55 sec, wall time      0.06 sec
  HOMO = -0.371006939500469  LUMO = 0.0913424672608621
  mo_energy =
[-1.04771649e+02 -1.55829505e+01 -1.12953506e+01 -1.12942966e+01
 -1.12942273e+01 -1.12768921e+01 -1.12592464e+01 -1.12591511e+01
 -1.04965376e+01 -7.96429703e+00 -7.96224655e+00 -7.96224034e+00
 -1.29602105e+00 -1.11717912e+00 -1.06184713e+00 -1.04943352e+00
 -9.18132473e-01 -8.85592743e-01 -8.81304771e-01 -7.49303914e-01
 -6.90277191e-01 -6.76049632e-01 -6.26281834e-01 -6.19068549e-01
 -6.11968026e-01 -6.03253468e-01 -5.69358158e-01 -5.44346554e-01
 -4.85680903e-01 -4.10512201e-01 -4.10282464e-01 -3.98576396e-01
 -3.97274692e-01 -3.71006940e-01  9.13424673e-02  1.06151662e-01
  1.32007303e-01  1.55250975e-01  1.62156695e-01  1.86957197e-01
  1.92853501e-01  1.94388577e-01  2.28433407e-01  2.35742054e-01
  2.67224259e-01  3.17699835e-01  3.66554057e-01  4.03731188e-01
  4.16633664e-01  4.29119240e-01  4.41872192e-01  4.45288194e-01
  4.54276897e-01  4.62227323e-01  4.69924745e-01  4.84202072e-01
  5.27647436e-01  5.44255927e-01  5.46901590e-01  5.60807682e-01
  5.88949040e-01  5.94601830e-01  6.04724680e-01  6.21668822e-01
  6.30676276e-01  6.99101364e-01  7.02563940e-01  7.18401440e-01
  7.26233747e-01  7.46813828e-01  7.82265123e-01  7.86077873e-01
  7.97737669e-01  8.01285742e-01  8.22925325e-01  8.28231018e-01
  8.33639897e-01  8.76364166e-01  8.99155867e-01  9.10210984e-01
  9.43405184e-01  9.81357142e-01  1.00029578e+00  1.02505825e+00
  1.04105471e+00  1.06156513e+00  1.08753350e+00  1.13836159e+00
  1.14943897e+00  1.17755521e+00  1.17838740e+00  1.20396191e+00
  1.21421011e+00  1.21562220e+00  1.22495713e+00  1.24798849e+00
  1.24870124e+00  1.30349749e+00  1.33440507e+00  1.39028866e+00
  1.40173498e+00  1.41654672e+00  1.43095122e+00  1.51348788e+00
  1.54250933e+00  1.56384292e+00  1.66814373e+00  1.68869233e+00
  1.70686646e+00  1.71961955e+00  1.73529331e+00  1.74274367e+00
  1.79301050e+00  1.79872327e+00  1.84047462e+00  1.85009762e+00
  1.85148670e+00  1.89897331e+00  1.96023728e+00  1.97289822e+00
  1.97407601e+00  2.02734584e+00  2.04112586e+00  2.04121977e+00
  2.05306602e+00  2.06213147e+00  2.09355806e+00  2.15900878e+00
  2.18617154e+00  2.20033093e+00  2.21541013e+00  2.25440580e+00
  2.32349363e+00  2.34622165e+00  2.35403197e+00  2.37255653e+00
  2.37792308e+00  2.46640691e+00  2.48167011e+00  2.50906193e+00
  2.57140737e+00  2.57158294e+00  2.59941433e+00  2.66276807e+00
  2.69036616e+00  2.70933887e+00  2.72539527e+00  2.74365685e+00
  2.74773801e+00  2.76365477e+00  2.83130211e+00  2.87145170e+00
  2.89653488e+00  2.90599981e+00  2.91153790e+00  2.91587277e+00
  2.92393859e+00  2.93966514e+00  2.96280187e+00  2.97460018e+00
  2.98451129e+00  3.05405467e+00  3.10712640e+00  3.13096511e+00
  3.13436591e+00  3.23142193e+00  3.28783396e+00  3.32037147e+00
  3.33758244e+00  3.35589699e+00  3.35748450e+00  3.39522290e+00
  3.59262854e+00  3.74704896e+00  3.82513230e+00  3.86750065e+00
  3.99933052e+00  4.02887008e+00  4.11946471e+00  4.14006540e+00
  4.19508297e+00  4.33254235e+00  4.38418549e+00  4.42543227e+00
  4.46477245e+00  4.81659323e+00  4.94960328e+00  5.70533903e+00
  1.02612469e+01  2.47805546e+01  2.50438190e+01  2.50685281e+01
  2.51706135e+01  2.52639407e+01  2.53249006e+01  2.63504812e+01
  2.63570346e+01  2.68655726e+01  3.70642734e+01  2.19082833e+02]
E1 = -1771.7188417340801  E_coul = 648.067588614875
Extra cycle  E= -745.855951448312  delta_E= -1.89e-11  |g|= 3.01e-06  |ddm|= 8.49e-06
    CPU time for scf_cycle     33.93 sec, wall time      1.28 sec
    CPU time for SCF     33.93 sec, wall time      1.28 sec
converged SCF energy = -745.855951448312
Converting <class 'pyscf.scf.hf.RHF'> to RHF


******** <class 'pyscf.tdscf.rhf.TDA'> for <class 'pyscf.scf.hf.RHF'> ********
nstates = 5 singlet
wfnsym = None
conv_tol = 1e-09
eigh lindep = 1e-12
eigh level_shift = 0
eigh max_space = 8
eigh max_cycle = 2000
chkfile = /scratch/global/yangjunjie/tmpom7c5kgz
max_memory 514992 MB (current use 1740 MB)


davidson 0 5  |r|= 0.22  e= [0.27256412 0.28371459 0.37319639 0.39671265 0.3972704 ]  max|de|= 0.397  lindep=    1
Old state -> New state
    1     ->     0 
    0     ->     1 
davidson 1 10  |r|= 0.0553  e= [0.24309647 0.2485721  0.31952921 0.39454676 0.39484841]  max|de|= -0.0537  lindep= 0.874
Old state -> New state
    0     ->     4 
davidson 2 15  |r|= 0.244  e= [0.23573551 0.24629158 0.31584067 0.32993554 0.38445714]  max|de|= 0.141  lindep= 0.854
Old state -> New state
    3     ->     1 
    1     ->     2 
    2     ->     3 
davidson 3 20  |r|= 0.0768  e= [0.2340805  0.24269713 0.24622697 0.31468109 0.32477165]  max|de|= -0.0872  lindep= 0.915
davidson 4 5  |r|= 0.0768  e= [0.2340805  0.24269713 0.24622697 0.31468109 0.32477165]  max|de|= 2.22e-16  lindep= 0.994
davidson 5 10  |r|= 0.0276  e= [0.23399952 0.2343694  0.24621703 0.31414511 0.32184628]  max|de|= -0.00833  lindep= 0.79
Old state -> New state
    1     ->     0 
    0     ->     1 
davidson 6 15  |r|= 0.0138  e= [0.23338666 0.23399417 0.24621416 0.3136867  0.32146706]  max|de|= -0.000983  lindep= 0.913
davidson 7 20  |r|= 0.0074  e= [0.23328639 0.23399405 0.24621373 0.31339344 0.32143576]  max|de|= -0.000293  lindep= 0.84
davidson 8 5  |r|= 0.0074  e= [0.23328639 0.23399405 0.24621373 0.31339344 0.32143576]  max|de|= 1.94e-16  lindep= 0.932
davidson 9 10  |r|= 0.00397  e= [0.23326136 0.23399404 0.24621369 0.31335883 0.32142533]  max|de|= -3.46e-05  lindep= 0.783
Old state -> New state
    0     ->     3 
    3     ->     4 
davidson 10 15  |r|= 0.0947  e= [0.23324298 0.23399403 0.24621368 0.29338785 0.31332546]  max|de|= 0.0601  lindep= 0.928
davidson 11 20  |r|= 0.0899  e= [0.2332393  0.23399403 0.24621368 0.27987306 0.28748531]  max|de|= -0.0258  lindep= 0.839
root 1 converged  |r|= 3.01e-05  e= 0.2339940260096428  max|de|= 6.11e-16
davidson 12 5  |r|= 0.0899  e= [0.2332393  0.23399403 0.24621368 0.27987306 0.28748531]  max|de|= 6.11e-16  lindep= 0.99
root 2 converged  |r|= 1.21e-05  e= 0.2462136792111943  max|de|= -8.3e-10
davidson 13 9  |r|= 0.0343  e= [0.23323878 0.23399403 0.24621368 0.27776744 0.28186847]  max|de|= -0.00562  lindep= 0.901
davidson 14 12  |r|= 0.014  e= [0.23323866 0.23399403 0.24621368 0.27709117 0.28038721]  max|de|= -0.00148  lindep= 0.867
davidson 15 15  |r|= 0.00579  e= [0.23323865 0.23399403 0.24621368 0.27696583 0.28020238]  max|de|= -0.000185  lindep= 0.88
davidson 16 18  |r|= 0.00321  e= [0.23323865 0.23399403 0.24621368 0.27692273 0.28017243]  max|de|= -4.31e-05  lindep= 0.922
root 0 converged  |r|= 9.62e-06  e= 0.23323865114696576  max|de|= -2.22e-16
davidson 17 5  |r|= 0.00321  e= [0.23323865 0.23399403 0.24621368 0.27692273 0.28017243]  max|de|= 5e-16  lindep= 0.998
davidson 18 7  |r|= 0.0017  e= [0.23323865 0.23399403 0.24621368 0.27691278 0.28016995]  max|de|= -9.95e-06  lindep= 0.856
davidson 19 9  |r|= 0.00185  e= [0.23323865 0.23399403 0.24621368 0.27690636 0.28016926]  max|de|= -6.42e-06  lindep= 0.859
davidson 20 11  |r|= 0.00267  e= [0.23323865 0.23399403 0.24621368 0.27689463 0.2801691 ]  max|de|= -1.17e-05  lindep= 0.871
davidson 21 13  |r|= 0.00378  e= [0.23323865 0.23399403 0.24621368 0.27687144 0.28016903]  max|de|= -2.32e-05  lindep= 0.885
davidson 22 15  |r|= 0.00334  e= [0.23323865 0.23399403 0.24621368 0.27684581 0.28016899]  max|de|= -2.56e-05  lindep= 0.876
Old state -> New state
    3     ->     4 
davidson 23 17  |r|= 0.0113  e= [0.23323865 0.23399403 0.24621368 0.27683533 0.28010315]  max|de|= 0.00326  lindep= 0.896
davidson 24 5  |r|= 0.0113  e= [0.23323865 0.23399403 0.24621368 0.27683533 0.28010315]  max|de|= -6.38e-16  lindep= 0.999
davidson 25 7  |r|= 0.00782  e= [0.23323865 0.23399403 0.24621368 0.27683318 0.27999653]  max|de|= -0.000107  lindep= 0.85
davidson 26 9  |r|= 0.00369  e= [0.23323865 0.23399403 0.24621368 0.27683231 0.27995445]  max|de|= -4.21e-05  lindep= 0.887
davidson 27 11  |r|= 0.00175  e= [0.23323865 0.23399403 0.24621368 0.2768321  0.27994416]  max|de|= -1.03e-05  lindep= 0.87
davidson 28 13  |r|= 0.000726  e= [0.23323865 0.23399403 0.24621368 0.27683206 0.27994184]  max|de|= -2.32e-06  lindep= 0.902
davidson 29 15  |r|= 0.000318  e= [0.23323865 0.23399403 0.24621368 0.27683205 0.27994136]  max|de|= -4.78e-07  lindep= 0.904
davidson 30 17  |r|= 0.000113  e= [0.23323865 0.23399403 0.24621368 0.27683205 0.27994129]  max|de|= -6.93e-08  lindep= 0.826
root 3 converged  |r|= 1.35e-05  e= 0.27683205062649985  max|de|= -5.55e-17
davidson 31 5  |r|= 0.000113  e= [0.23323865 0.23399403 0.24621368 0.27683205 0.27994129]  max|de|= -5e-16  lindep= 0.999
davidson 32 6  |r|= 9.36e-05  e= [0.23323865 0.23399403 0.24621368 0.27683205 0.27994128]  max|de|= -9.72e-09  lindep= 0.864
davidson 33 7  |r|= 3.54e-05  e= [0.23323865 0.23399403 0.24621368 0.27683205 0.27994128]  max|de|= -4.11e-09  lindep= 0.925
davidson 34 8  |r|= 2.05e-05  e= [0.23323865 0.23399403 0.24621368 0.27683205 0.27994127]  max|de|= -1.58e-09  lindep= 0.916
root 4 converged  |r|= 1.42e-05  e= 0.27994127351653547  max|de|= -4.57e-10
converged 35 9  |r|= 1.42e-05  e= [0.23323865 0.23399403 0.24621368 0.27683205 0.27994127]  max|de|= -4.57e-10
    CPU time for TDA    229.54 sec, wall time      8.21 sec
Excited State energies (eV)
[6.34674697 6.36730175 6.69981546 7.53298379 7.61759006]
