 
:: initializing oneAPI environment ...
   slurm_script: BASH_VERSION = 4.2.46(1)-release
   args: Using "$@" for setvars.sh arguments: --force
:: advisor -- latest
:: ccl -- latest
:: clck -- latest
:: compiler -- latest
:: dal -- latest
:: debugger -- latest
:: dev-utilities -- latest
:: dnnl -- latest
:: dpcpp-ct -- latest
:: dpl -- latest
:: inspector -- latest
:: intelpython -- latest
:: ipp -- latest
:: ippcp -- latest
:: ipp -- latest
:: itac -- latest
:: mkl -- latest
:: mpi -- latest
:: tbb -- latest
:: vpl -- latest
:: vtune -- latest
:: oneAPI environment initialized ::
 
SLURM_CPUS_PER_TASK = 28
SLURM_MEM_PER_NODE = 256000
#INFO: **** input file is /home/yangjunjie/work/py-ch3-cl/work/scan-8/main.py ****
import sys
import pyscf
from pyscf import tdscf

def main(xyz_file, basis="631g*", xc="b3lyp", output="ene.out"):
    xyz = None

    with open(xyz_file, "r") as xyz:
        xyz = xyz.readlines()[2:]
        xyz = "".join(xyz)

    mol = pyscf.gto.Mole()
    mol.atom = xyz
    mol.basis = basis
    mol.verbose = 5
    mol.build()

    if xc is not None and xc != "hf":
        mf = pyscf.scf.RKS(mol)
        mf.xc = xc
        mf.grids.level = 9
        mf.kernel()
    else:
        mf = pyscf.scf.RHF(mol)
        mf.kernel()

    ene_mf = mf.e_tot

    with open(output, "w") as f:
        tda = pyscf.tdscf.TDA(mf)
        tda.nstates = 5
        tda.max_space = 8
        tda.max_cycle = 2000
        tda.kernel()

        con_tda = tda.converged
        ene_tda = tda.e[:5]
        dip_tda = tda.transition_dipole()[:5]

        f.write(f"RKS energy: {ene_mf: 12.8f}\n")
        f.write("TDA results:\n")
        for i, (con, ene, dip) in enumerate(zip(con_tda, ene_tda, dip_tda)):
            f.write(f" {i:2d} {con} {ene: 12.8f} {dip[0]: 12.8f} {dip[1]: 12.8f} {dip[2]: 12.8f}\n")

        # rpa = pyscf.tdscf.RPA(mf)
        # rpa.nstates = 5
        # rpa.max_space = 8
        # rpa.max_cycle = 2000
        # rpa.kernel()

        # con_rpa = rpa.converged
        # ene_rpa = rpa.e[:5]
        # dip_rpa = rpa.transition_dipole()[:5]
        
        # f.write("\nRPA results:\n")
        # for i, (con, ene, dip) in enumerate(zip(con_rpa, ene_rpa, dip_rpa)):
        #     f.write(f" {i:2d} {con} {ene: 12.8f} {dip[0]: 12.8f} {dip[1]: 12.8f} {dip[2]: 12.8f}\n")

if __name__ == "__main__":
    xyz = sys.argv[1]
    main(xyz, basis="6-311g**", xc=None, output="out.log")
#INFO: ******************** input file end ********************


System: uname_result(system='Linux', node='pauling005', release='3.10.0-327.36.3.el7.x86_64', version='#1 SMP Thu Oct 20 04:56:07 EDT 2016', machine='x86_64')  Threads 28
Python 3.9.7 (default, Oct 27 2021, 01:23:21) 
[GCC 9.3.0]
numpy 1.21.2  scipy 1.6.2
Date: Tue Oct  4 15:31:14 2022
PySCF version 2.0.1
PySCF path  /home/yangjunjie/packages/pyscf/pyscf-main
GIT ORIG_HEAD 14b880cdc4bf7bb64f3989a147c0b04622efc498
GIT HEAD (branch master) 9d5b5bd309d1cc55fbd1a0ec76e26b5b0c7f76af

[ENV] PYSCF_MAX_MEMORY 256000
[ENV] PYSCF_TMPDIR /scratch/global/yangjunjie/
[CONFIG] conf_file /home/yangjunjie/.pyscf_conf.py
[INPUT] verbose = 5
[INPUT] max_memory = 256000 
[INPUT] num. atoms = 16
[INPUT] num. electrons = 68
[INPUT] charge = 0
[INPUT] spin (= nelec alpha-beta = 2S) = 0
[INPUT] symmetry False subgroup None
[INPUT] Mole.unit = angstrom
[INPUT]  1 C      0.000000070000   1.158542060000   1.315827530000 AA    0.000000132281   2.189327197189   2.486553658863 Bohr
[INPUT]  2 C      0.000000030000   1.182601110000   2.699564010000 AA    0.000000056692   2.234792212507   5.101436634633 Bohr
[INPUT]  3 C     -0.000000020000  -0.024343980000   3.374611500000 AA   -0.000000037795  -0.046003454982   6.377091511808 Bohr
[INPUT]  4 C     -0.000000010000  -1.195497290000   2.639250880000 AA   -0.000000018897  -2.259162460760   4.987461337217 Bohr
[INPUT]  5 C      0.000000100000  -1.101254090000   1.258471390000 AA    0.000000188973  -2.081068623657   2.378166262701 Bohr
[INPUT]  6 N      0.000000140000   0.046021130000   0.604668840000 AA    0.000000264562   0.086967331643   1.142658503658 Bohr
[INPUT]  7 C      0.000000000000  -0.005215620000  -2.502721990000 AA    0.000000000000  -0.009856093370  -4.729459127026 Bohr
[INPUT]  8 H      0.000000080000   2.079572430000   0.758393800000 AA    0.000000151178   3.929822348896   1.433156576568 Bohr
[INPUT]  9 H      0.000000070000   2.119191530000   3.225438040000 AA    0.000000132281   4.004691597198   6.095194527354 Bohr
[INPUT] 10 H     -0.000000170000  -0.051616310000   4.449751730000 AA   -0.000000321253  -0.097540689461   8.408812092010 Bohr
[INPUT] 11 H     -0.000000200000  -2.157549880000   3.116967490000 AA   -0.000000377945  -4.077178373288   5.890214895273 Bohr
[INPUT] 12 H      0.000000000000  -1.993254020000   0.655446330000 AA    0.000000000000  -3.766704194488   1.238614053051 Bohr
[INPUT] 13 H     -0.000000260000   1.031756250000  -2.216705000000 AA   -0.000000491329   1.949736739808  -4.188965348954 Bohr
[INPUT] 14 H     -0.886992860000  -0.499736440000  -2.148836510000 AA   -1.676173579845  -0.944365006065  -4.060712490366 Bohr
[INPUT] 15 H      0.886993100000  -0.499736090000  -2.148836640000 AA    1.676174033379  -0.944364344661  -4.060712736031 Bohr
[INPUT] 16 Cl    -0.000000110000  -0.081218200000  -4.307545890000 AA   -0.000000207870  -0.153480154330  -8.140082001096 Bohr
[INPUT] ---------------- BASIS SET ---------------- 
[INPUT] l, kappa, [nprim/nctr], expnt,             c_1 c_2 ...
[INPUT] H
[INPUT] 0    0    [3    /1   ]  33.865            0.0254938
                                5.09479           0.190373
                                1.15879           0.852161
[INPUT] 0    0    [1    /1   ]  0.32584              1
[INPUT] 0    0    [1    /1   ]  0.102741             1
[INPUT] 1    0    [1    /1   ]  0.75                 1
[INPUT] N
[INPUT] 0    0    [6    /1   ]  6293.48           0.00196979
                                949.044           0.0149613
                                218.776           0.0735006
                                63.6916           0.248937
                                18.8282           0.60246
                                2.72023           0.256202
[INPUT] 0    0    [3    /1   ]  30.6331           0.111906
                                7.02614           0.921666
                                2.11205           -0.00256919
[INPUT] 0    0    [1    /1   ]  0.684009             1
[INPUT] 0    0    [1    /1   ]  0.200878             1
[INPUT] 1    0    [3    /1   ]  30.6331           0.0383119
                                7.02614           0.237403
                                2.11205           0.817592
[INPUT] 1    0    [1    /1   ]  0.684009             1
[INPUT] 1    0    [1    /1   ]  0.200878             1
[INPUT] 2    0    [1    /1   ]  0.913                1
[INPUT] Cl
[INPUT] 0    0    [6    /1   ]  105819            0.000738
                                15872             0.005718
                                3619.65           0.029495
                                1030.8            0.117286
                                339.908           0.362949
                                124.538           0.584149
[INPUT] 0    0    [3    /1   ]  124.538           0.134177
                                49.5135           0.62425
                                20.8056           0.291756
[INPUT] 0    0    [1    /1   ]  6.58346              1
[INPUT] 0    0    [1    /1   ]  2.56468              1
[INPUT] 0    0    [1    /1   ]  0.559763             1
[INPUT] 0    0    [1    /1   ]  0.183273             1
[INPUT] 1    0    [5    /1   ]  589.776           0.002391
                                139.849           0.018504
                                45.1413           0.081377
                                16.8733           0.221552
                                6.7411            0.772569
[INPUT] 1    0    [2    /1   ]  6.7411            -1.572244
                                2.77152           0.992389
[INPUT] 1    0    [1    /1   ]  1.02387              1
[INPUT] 1    0    [1    /1   ]  0.381368             1
[INPUT] 1    0    [1    /1   ]  0.109437             1
[INPUT] 2    0    [1    /1   ]  0.75                 1
[INPUT] C
[INPUT] 0    0    [6    /1   ]  4563.24           0.00196665
                                682.024           0.0152306
                                154.973           0.0761269
                                44.4553           0.260801
                                13.029            0.616462
                                1.82773           0.221006
[INPUT] 0    0    [3    /1   ]  20.9642           0.11466
                                4.80331           0.919999
                                1.45933           -0.00303068
[INPUT] 0    0    [1    /1   ]  0.483456             1
[INPUT] 0    0    [1    /1   ]  0.145585             1
[INPUT] 1    0    [3    /1   ]  20.9642           0.0402487
                                4.80331           0.237594
                                1.45933           0.815854
[INPUT] 1    0    [1    /1   ]  0.483456             1
[INPUT] 1    0    [1    /1   ]  0.145585             1
[INPUT] 2    0    [1    /1   ]  0.626                1

nuclear repulsion = 366.015937641433
number of shells = 100
number of NR pGTOs = 329
number of NR cGTOs = 200
basis = 6-311g**
ecp = {}
CPU time:         0.38


******** <class 'pyscf.scf.hf.RHF'> ********
method = RHF
initial guess = minao
damping factor = 0
level_shift factor = 0
DIIS = <class 'pyscf.scf.diis.CDIIS'>
diis_start_cycle = 1
diis_space = 8
SCF conv_tol = 1e-09
SCF conv_tol_grad = None
SCF max_cycles = 50
direct_scf = True
direct_scf_tol = 1e-13
chkfile to save SCF result = /scratch/global/yangjunjie/tmp8laa9sdl
max_memory 256000 MB (current use 81 MB)
Set gradient conv threshold to 3.16228e-05
E1 = -1745.7362208548232  E_coul = 632.0162930563474
init E= -747.703990157042
cond(S) = 13045.0540673063
    CPU time for initialize scf     12.88 sec, wall time      0.55 sec
  HOMO = -0.248373479496818  LUMO = 0.0146029890207638
  mo_energy =
[-1.04820559e+02 -1.56246477e+01 -1.13275003e+01 -1.13236412e+01
 -1.13213112e+01 -1.13206471e+01 -1.13186381e+01 -1.13182138e+01
 -1.06180228e+01 -8.07547751e+00 -8.07372760e+00 -8.07372587e+00
 -1.75741028e+00 -1.39953749e+00 -1.36388561e+00 -1.32609086e+00
 -1.00897877e+00 -9.41508911e-01 -9.27028520e-01 -6.88690843e-01
 -5.95269581e-01 -5.51925040e-01 -5.51300884e-01 -5.46894368e-01
 -5.32400174e-01 -4.84660804e-01 -4.77096495e-01 -4.48406947e-01
 -3.78573460e-01 -3.78070094e-01 -3.61945883e-01 -3.06771137e-01
 -2.57397001e-01 -2.48373479e-01  1.46029890e-02  4.56187596e-02
  6.61385683e-02  1.21519425e-01  1.39805722e-01  1.58060975e-01
  1.77847074e-01  1.83752417e-01  2.01708028e-01  2.15234110e-01
  2.33221985e-01  2.39290145e-01  3.06734720e-01  3.75629701e-01
  3.80481010e-01  3.97798488e-01  4.04352910e-01  4.15675288e-01
  4.17035537e-01  4.18561646e-01  4.18900752e-01  4.33558847e-01
  5.03523447e-01  5.07171170e-01  5.33055616e-01  5.36096149e-01
  5.36151308e-01  5.70007557e-01  5.82162761e-01  5.87385481e-01
  6.02186838e-01  6.07732680e-01  6.67618751e-01  6.74482867e-01
  7.05377460e-01  7.08576966e-01  7.28767459e-01  7.44675061e-01
  7.53469725e-01  7.57884621e-01  7.65058466e-01  7.92786083e-01
  8.13946690e-01  8.33537365e-01  8.65092240e-01  8.85373352e-01
  8.90528599e-01  9.27399507e-01  9.47630232e-01  9.73441851e-01
  9.84374126e-01  1.02223619e+00  1.02275302e+00  1.03132459e+00
  1.03437863e+00  1.10002863e+00  1.10013451e+00  1.13378912e+00
  1.14191192e+00  1.16300053e+00  1.21959581e+00  1.23222163e+00
  1.23354791e+00  1.29174914e+00  1.29598955e+00  1.32374739e+00
  1.35355549e+00  1.35682964e+00  1.42030159e+00  1.42401471e+00
  1.51362600e+00  1.54142320e+00  1.65251307e+00  1.66635983e+00
  1.68598498e+00  1.69850323e+00  1.70952184e+00  1.72939009e+00
  1.77035555e+00  1.77626190e+00  1.80995730e+00  1.82406856e+00
  1.82921903e+00  1.88575434e+00  1.94116491e+00  1.94166092e+00
  1.94960982e+00  1.96165493e+00  1.99693852e+00  2.02474252e+00
  2.02560111e+00  2.03763320e+00  2.05530737e+00  2.14060308e+00
  2.15604616e+00  2.18584541e+00  2.20828667e+00  2.21022510e+00
  2.25192735e+00  2.32417607e+00  2.35472651e+00  2.36894697e+00
  2.37934947e+00  2.42030467e+00  2.45549234e+00  2.46294281e+00
  2.51421627e+00  2.51481180e+00  2.56420780e+00  2.63436038e+00
  2.64844401e+00  2.65696296e+00  2.67567586e+00  2.68201798e+00
  2.69729324e+00  2.70625652e+00  2.72915703e+00  2.83468607e+00
  2.83607154e+00  2.84557812e+00  2.86421568e+00  2.88246526e+00
  2.89352116e+00  2.89807490e+00  2.91046679e+00  2.94181884e+00
  2.95702899e+00  3.01843487e+00  3.06330224e+00  3.09929584e+00
  3.10849222e+00  3.18742621e+00  3.20283778e+00  3.28286702e+00
  3.29472267e+00  3.30291879e+00  3.32446700e+00  3.51204839e+00
  3.51693554e+00  3.68624233e+00  3.77424411e+00  3.81913606e+00
  3.92408911e+00  3.99519764e+00  4.09095851e+00  4.09260630e+00
  4.13466911e+00  4.27387352e+00  4.34782636e+00  4.38711684e+00
  4.41813025e+00  4.76672613e+00  4.84898072e+00  5.65984742e+00
  1.01885316e+01  2.47476141e+01  2.49981407e+01  2.50422442e+01
  2.51488261e+01  2.52291716e+01  2.52835344e+01  2.62597155e+01
  2.62645845e+01  2.68251216e+01  3.70287855e+01  2.19080878e+02]
E1 = -1746.6938426776483  E_coul = 634.9001537913422
cycle= 1 E= -745.777751244873  delta_E= 1.93  |g|= 0.553  |ddm|= 3.18
    CPU time for cycle= 1      1.52 sec, wall time      0.05 sec
  HOMO = -0.395422378666574  LUMO = 0.0725924592881581
  mo_energy =
[-1.04734822e+02 -1.55348906e+01 -1.14224302e+01 -1.13678119e+01
 -1.13674550e+01 -1.13383722e+01 -1.12980161e+01 -1.12979828e+01
 -1.04741867e+01 -7.94138495e+00 -7.93764086e+00 -7.93763711e+00
 -1.30783423e+00 -1.14402121e+00 -1.12694207e+00 -1.09267456e+00
 -9.32395523e-01 -9.09546728e-01 -9.02664656e-01 -7.66955297e-01
 -7.02176390e-01 -6.92083970e-01 -6.51092439e-01 -6.50972304e-01
 -6.37893804e-01 -6.11083647e-01 -5.86453739e-01 -5.52389865e-01
 -5.28492738e-01 -4.25881469e-01 -4.20646871e-01 -4.03809088e-01
 -4.03671665e-01 -3.95422379e-01  7.25924593e-02  8.67232934e-02
  1.23162656e-01  1.46246680e-01  1.57272367e-01  1.82131877e-01
  1.86467457e-01  1.93262098e-01  2.13025407e-01  2.23593726e-01
  2.47543197e-01  2.99818729e-01  3.38942168e-01  3.86355253e-01
  4.08524001e-01  4.10859889e-01  4.27806374e-01  4.31959160e-01
  4.37100188e-01  4.51882884e-01  4.64568415e-01  4.73752063e-01
  5.10976721e-01  5.27903254e-01  5.28013466e-01  5.49540641e-01
  5.63459018e-01  5.77634935e-01  5.78607960e-01  5.93236095e-01
  6.03406681e-01  6.20012111e-01  6.81501900e-01  7.05467863e-01
  7.13213501e-01  7.19665575e-01  7.45583461e-01  7.57042592e-01
  7.62860469e-01  7.66819048e-01  7.80782884e-01  8.05881945e-01
  8.16615363e-01  8.40091650e-01  8.82126437e-01  8.89484518e-01
  8.94471264e-01  9.72619779e-01  9.76878268e-01  1.00392729e+00
  1.01247600e+00  1.04951379e+00  1.06597968e+00  1.07044750e+00
  1.07903339e+00  1.13248410e+00  1.15481108e+00  1.17068484e+00
  1.20767268e+00  1.20825088e+00  1.22317906e+00  1.25031657e+00
  1.26252319e+00  1.28225501e+00  1.31053825e+00  1.35703567e+00
  1.38910180e+00  1.39169976e+00  1.41469014e+00  1.43022097e+00
  1.51899950e+00  1.55721244e+00  1.65078302e+00  1.66557243e+00
  1.67969279e+00  1.68589454e+00  1.69764370e+00  1.72480415e+00
  1.77164860e+00  1.77729460e+00  1.81059577e+00  1.82320983e+00
  1.83177485e+00  1.88866942e+00  1.93966526e+00  1.94102607e+00
  1.94877029e+00  1.96277956e+00  2.01217076e+00  2.01938129e+00
  2.02330047e+00  2.03841995e+00  2.05932886e+00  2.13664687e+00
  2.15990015e+00  2.19102585e+00  2.21576379e+00  2.21873827e+00
  2.26532403e+00  2.33160993e+00  2.35693566e+00  2.38306768e+00
  2.39279132e+00  2.42926375e+00  2.46359721e+00  2.47405351e+00
  2.57788737e+00  2.59446218e+00  2.59508676e+00  2.63815733e+00
  2.64997749e+00  2.66714475e+00  2.68571526e+00  2.69998670e+00
  2.71653616e+00  2.72936388e+00  2.76176216e+00  2.80911722e+00
  2.81195148e+00  2.84529876e+00  2.88381141e+00  2.88543223e+00
  2.88701976e+00  2.89137907e+00  2.90743540e+00  2.94310944e+00
  2.96034236e+00  3.04786607e+00  3.07547788e+00  3.09062713e+00
  3.11646531e+00  3.19372548e+00  3.19531163e+00  3.29115785e+00
  3.32406049e+00  3.32522691e+00  3.32861081e+00  3.49437737e+00
  3.53306987e+00  3.69343536e+00  3.78060610e+00  3.82726907e+00
  3.94834600e+00  4.00785957e+00  4.07021637e+00  4.07143936e+00
  4.14262544e+00  4.34627543e+00  4.35200771e+00  4.38842095e+00
  4.42571515e+00  4.78176747e+00  4.91477689e+00  5.70960000e+00
  1.03206925e+01  2.47258231e+01  2.48918433e+01  2.50101187e+01
  2.51026755e+01  2.52120158e+01  2.52745696e+01  2.63897526e+01
  2.63945806e+01  2.69354277e+01  3.71055164e+01  2.19161498e+02]
E1 = -1748.532893775627  E_coul = 636.6480132285149
cycle= 2 E= -745.868942905679  delta_E= -0.0912  |g|= 0.227  |ddm|= 0.649
    CPU time for cycle= 2      1.54 sec, wall time      0.06 sec
  HOMO = -0.355874900597127  LUMO = 0.103143089160624
  mo_energy =
[-1.04828201e+02 -1.56011925e+01 -1.12691007e+01 -1.12688846e+01
 -1.12534311e+01 -1.12376187e+01 -1.12375401e+01 -1.12272599e+01
 -1.05478019e+01 -8.01642100e+00 -8.01362509e+00 -8.01362172e+00
 -1.28393288e+00 -1.10588283e+00 -1.10160766e+00 -1.04669749e+00
 -8.97276034e-01 -8.72328090e-01 -8.67821229e-01 -7.34929106e-01
 -6.70593173e-01 -6.63493373e-01 -6.05686015e-01 -5.93679018e-01
 -5.93126238e-01 -5.84660043e-01 -5.58779313e-01 -5.26307185e-01
 -5.18535843e-01 -4.25643049e-01 -4.22119032e-01 -4.21970248e-01
 -3.97929616e-01 -3.55874901e-01  1.03143089e-01  1.20830321e-01
  1.38443750e-01  1.60615229e-01  1.68531208e-01  1.94537546e-01
  1.99751151e-01  2.14536706e-01  2.30266939e-01  2.36703787e-01
  2.63697355e-01  3.27624021e-01  3.58361252e-01  4.14399923e-01
  4.31959887e-01  4.33765536e-01  4.47216331e-01  4.51531540e-01
  4.58479128e-01  4.62531836e-01  4.63777932e-01  4.66570390e-01
  5.24336182e-01  5.51600994e-01  5.56781796e-01  5.72585204e-01
  5.92428900e-01  6.04809781e-01  6.08112060e-01  6.16320039e-01
  6.32341892e-01  6.50024169e-01  7.10396330e-01  7.39295497e-01
  7.41813865e-01  7.52545085e-01  7.74276138e-01  7.97632335e-01
  8.08400657e-01  8.10747539e-01  8.17132293e-01  8.29617515e-01
  8.39682425e-01  8.68737226e-01  9.11005904e-01  9.13809089e-01
  9.23175436e-01  9.74188213e-01  1.00865530e+00  1.03196645e+00
  1.05594753e+00  1.07345387e+00  1.08088059e+00  1.08678330e+00
  1.09260321e+00  1.16927951e+00  1.16958392e+00  1.17355872e+00
  1.17492973e+00  1.19554697e+00  1.25966174e+00  1.26425325e+00
  1.26617325e+00  1.31729066e+00  1.34795109e+00  1.35784903e+00
  1.40994036e+00  1.41267040e+00  1.44369240e+00  1.45554008e+00
  1.54630599e+00  1.57098203e+00  1.68617806e+00  1.70836033e+00
  1.71658741e+00  1.74449390e+00  1.75403017e+00  1.75917678e+00
  1.80292170e+00  1.81058232e+00  1.84097941e+00  1.85415526e+00
  1.86453019e+00  1.91507087e+00  1.97005737e+00  1.97585963e+00
  1.99052706e+00  2.00212271e+00  2.04921928e+00  2.05087744e+00
  2.05339446e+00  2.06453091e+00  2.09028192e+00  2.17001974e+00
  2.19680796e+00  2.22978567e+00  2.25864843e+00  2.25944698e+00
  2.29770553e+00  2.36834846e+00  2.39199063e+00  2.42245761e+00
  2.43232005e+00  2.46644462e+00  2.49362708e+00  2.50233907e+00
  2.57770710e+00  2.57858349e+00  2.60637681e+00  2.67363559e+00
  2.69925994e+00  2.71078258e+00  2.72010404e+00  2.73578686e+00
  2.74335550e+00  2.75122241e+00  2.77303494e+00  2.86831735e+00
  2.90149746e+00  2.90279908e+00  2.91352219e+00  2.91354414e+00
  2.91778633e+00  2.92366911e+00  2.93261667e+00  2.99132614e+00
  2.99496975e+00  3.06694620e+00  3.11052484e+00  3.14563365e+00
  3.14852602e+00  3.23815774e+00  3.24289788e+00  3.33576691e+00
  3.35006660e+00  3.35469392e+00  3.37218445e+00  3.58219889e+00
  3.58458991e+00  3.74934844e+00  3.83522898e+00  3.87886368e+00
  3.98213078e+00  4.03843803e+00  4.15875700e+00  4.15976133e+00
  4.17942935e+00  4.31356102e+00  4.39620432e+00  4.43316484e+00
  4.46797485e+00  4.82348260e+00  4.90080219e+00  5.70909822e+00
  1.02592866e+01  2.48029292e+01  2.50775885e+01  2.50924025e+01
  2.51923116e+01  2.52843740e+01  2.53454872e+01  2.63310443e+01
  2.63358726e+01  2.68781635e+01  3.70420349e+01  2.19070644e+02]
E1 = -1748.112830203891  E_coul = 636.2158929950527
cycle= 3 E= -745.880999567405  delta_E= -0.0121  |g|= 0.0739  |ddm|= 0.226
    CPU time for cycle= 3      1.53 sec, wall time      0.05 sec
  HOMO = -0.357856618147463  LUMO = 0.105940756986915
  mo_energy =
[-1.04807189e+02 -1.55532148e+01 -1.12753390e+01 -1.12751842e+01
 -1.12720060e+01 -1.12646596e+01 -1.12478406e+01 -1.12477729e+01
 -1.05340897e+01 -8.00220497e+00 -7.99954211e+00 -7.99953910e+00
 -1.27484179e+00 -1.10868164e+00 -1.10301788e+00 -1.04720546e+00
 -9.02401793e-01 -8.69189305e-01 -8.69144625e-01 -7.35495014e-01
 -6.73402027e-01 -6.63433514e-01 -6.10274934e-01 -6.03423542e-01
 -6.02754745e-01 -5.86881583e-01 -5.55290008e-01 -5.30207123e-01
 -5.23977803e-01 -4.21476146e-01 -4.21385018e-01 -4.20702307e-01
 -3.95102338e-01 -3.57856618e-01  1.05940757e-01  1.20395548e-01
  1.39313197e-01  1.60853693e-01  1.68929968e-01  1.95057586e-01
  2.00512983e-01  2.12652555e-01  2.29059846e-01  2.37572963e-01
  2.63003240e-01  3.30334250e-01  3.60947509e-01  4.14897953e-01
  4.31935044e-01  4.33916898e-01  4.47493115e-01  4.49366758e-01
  4.58691895e-01  4.62496369e-01  4.64056643e-01  4.66434814e-01
  5.24530599e-01  5.51768340e-01  5.54567811e-01  5.73328427e-01
  5.92083852e-01  6.03357673e-01  6.04702977e-01  6.15903401e-01
  6.31139882e-01  6.49557305e-01  7.09232318e-01  7.38495333e-01
  7.41029413e-01  7.50220612e-01  7.74416995e-01  7.99268694e-01
  8.02041799e-01  8.08576169e-01  8.09152377e-01  8.29890288e-01
  8.38161059e-01  8.67072445e-01  9.09041943e-01  9.12965055e-01
  9.21528025e-01  9.84166611e-01  1.00642445e+00  1.03146594e+00
  1.05370558e+00  1.07475547e+00  1.07966462e+00  1.08515003e+00
  1.09019249e+00  1.16796985e+00  1.17276903e+00  1.17733890e+00
  1.17808131e+00  1.19555352e+00  1.26061055e+00  1.26330310e+00
  1.26977062e+00  1.31600993e+00  1.34676503e+00  1.35704483e+00
  1.40738968e+00  1.41013306e+00  1.44618861e+00  1.45617936e+00
  1.54846082e+00  1.57481705e+00  1.68538161e+00  1.70638842e+00
  1.71513282e+00  1.73690005e+00  1.74689748e+00  1.75943798e+00
  1.80329150e+00  1.80979525e+00  1.84200304e+00  1.85474705e+00
  1.86465599e+00  1.91828422e+00  1.97125208e+00  1.97553780e+00
  1.98694351e+00  1.99986393e+00  2.04690697e+00  2.04973527e+00
  2.05418515e+00  2.06694788e+00  2.09123686e+00  2.17050103e+00
  2.19532872e+00  2.22777810e+00  2.25562446e+00  2.25692248e+00
  2.29846587e+00  2.36652176e+00  2.39117589e+00  2.41908665e+00
  2.42919813e+00  2.46713793e+00  2.49387582e+00  2.50635118e+00
  2.57923847e+00  2.58012471e+00  2.60994791e+00  2.67456049e+00
  2.70029701e+00  2.70672196e+00  2.72109600e+00  2.73497139e+00
  2.74183855e+00  2.75553158e+00  2.77277633e+00  2.87081079e+00
  2.88636109e+00  2.89043301e+00  2.91551269e+00  2.91681152e+00
  2.91997352e+00  2.92377647e+00  2.93517603e+00  2.98623018e+00
  2.99592468e+00  3.07322123e+00  3.11151869e+00  3.14147997e+00
  3.14780686e+00  3.23613770e+00  3.23973096e+00  3.33464746e+00
  3.35550125e+00  3.36077415e+00  3.36617923e+00  3.56382677e+00
  3.58008858e+00  3.74464410e+00  3.83096627e+00  3.87430790e+00
  3.98448991e+00  4.04496947e+00  4.14505787e+00  4.14603549e+00
  4.18399271e+00  4.34009381e+00  4.39438105e+00  4.43123843e+00
  4.46815224e+00  4.82243337e+00  4.91984155e+00  5.72663927e+00
  1.02700256e+01  2.47941732e+01  2.50353899e+01  2.50850362e+01
  2.51844625e+01  2.52760265e+01  2.53355350e+01  2.63410351e+01
  2.63458611e+01  2.68873368e+01  3.70887632e+01  2.19090756e+02]
E1 = -1748.1249319616127  E_coul = 636.2263120046988
cycle= 4 E= -745.882682315481  delta_E= -0.00168  |g|= 0.0185  |ddm|= 0.0916
    CPU time for cycle= 4      1.53 sec, wall time      0.05 sec
  HOMO = -0.358898355500294  LUMO = 0.104371395239703
  mo_energy =
[-1.04805556e+02 -1.55718620e+01 -1.12817473e+01 -1.12817246e+01
 -1.12755076e+01 -1.12645320e+01 -1.12463667e+01 -1.12463074e+01
 -1.05323697e+01 -8.00049749e+00 -7.99781312e+00 -7.99781017e+00
 -1.28118915e+00 -1.10890301e+00 -1.10369104e+00 -1.04891234e+00
 -9.03234335e-01 -8.71910901e-01 -8.70299055e-01 -7.37031011e-01
 -6.76412879e-01 -6.63883967e-01 -6.11655053e-01 -6.04974186e-01
 -6.04266644e-01 -5.88727758e-01 -5.58095048e-01 -5.31944693e-01
 -5.24522876e-01 -4.27008382e-01 -4.21174925e-01 -4.21039923e-01
 -3.96719892e-01 -3.58898356e-01  1.04371395e-01  1.18941573e-01
  1.39067091e-01  1.60640788e-01  1.68660853e-01  1.94805924e-01
  2.00493983e-01  2.12185192e-01  2.28119936e-01  2.37307347e-01
  2.62343603e-01  3.28815179e-01  3.59212417e-01  4.14692394e-01
  4.31329658e-01  4.33842148e-01  4.47190685e-01  4.48459207e-01
  4.57629409e-01  4.62208134e-01  4.63978634e-01  4.65385942e-01
  5.23489764e-01  5.50401520e-01  5.54496020e-01  5.71646202e-01
  5.90929617e-01  6.02928743e-01  6.04100058e-01  6.15678493e-01
  6.30218903e-01  6.48707597e-01  7.08402950e-01  7.37110156e-01
  7.39435625e-01  7.50363769e-01  7.73127851e-01  7.96726999e-01
  8.00389266e-01  8.07092520e-01  8.08851091e-01  8.27800974e-01
  8.38337244e-01  8.66015900e-01  9.07985738e-01  9.12041958e-01
  9.21292602e-01  9.79522139e-01  1.00572933e+00  1.03035115e+00
  1.05231659e+00  1.07296022e+00  1.07914388e+00  1.08446730e+00
  1.08970263e+00  1.16750758e+00  1.17149996e+00  1.17816258e+00
  1.17833405e+00  1.19525763e+00  1.25966756e+00  1.26005526e+00
  1.26654700e+00  1.31554610e+00  1.34595175e+00  1.35665824e+00
  1.40665023e+00  1.40936840e+00  1.44342867e+00  1.45438937e+00
  1.54548976e+00  1.57134216e+00  1.68438750e+00  1.70506066e+00
  1.71391383e+00  1.73531133e+00  1.74546019e+00  1.75792015e+00
  1.80332482e+00  1.80844857e+00  1.84114299e+00  1.85396347e+00
  1.86337273e+00  1.91598890e+00  1.97093100e+00  1.97436224e+00
  1.98576156e+00  1.99836711e+00  2.04571800e+00  2.04913478e+00
  2.05362757e+00  2.06544002e+00  2.09008693e+00  2.16968818e+00
  2.19505331e+00  2.22622821e+00  2.25452822e+00  2.25606260e+00
  2.29624250e+00  2.36568059e+00  2.38967033e+00  2.41816311e+00
  2.42816522e+00  2.46428272e+00  2.49281181e+00  2.50467956e+00
  2.57945641e+00  2.58034457e+00  2.60835087e+00  2.67367535e+00
  2.69916078e+00  2.70523050e+00  2.71875748e+00  2.73456462e+00
  2.74091111e+00  2.75132889e+00  2.77268538e+00  2.86927899e+00
  2.88423148e+00  2.88838333e+00  2.91235445e+00  2.91523606e+00
  2.91978638e+00  2.92230375e+00  2.93561767e+00  2.98557561e+00
  2.99473027e+00  3.06868790e+00  3.11007651e+00  3.13913879e+00
  3.14552488e+00  3.23432345e+00  3.23689507e+00  3.33265719e+00
  3.35118610e+00  3.35568205e+00  3.36576310e+00  3.56203950e+00
  3.57899873e+00  3.74309504e+00  3.83015456e+00  3.87491105e+00
  3.98131118e+00  4.03959968e+00  4.14302017e+00  4.14400984e+00
  4.17896230e+00  4.32827289e+00  4.39390472e+00  4.43141352e+00
  4.46579871e+00  4.82063506e+00  4.91050229e+00  5.71746992e+00
  1.02715021e+01  2.47928622e+01  2.50320556e+01  2.50817661e+01
  2.51807101e+01  2.52743898e+01  2.53358495e+01  2.63424672e+01
  2.63472926e+01  2.68886501e+01  3.70704881e+01  2.19092385e+02]
E1 = -1748.1834991985168  E_coul = 636.2847911091773
cycle= 5 E= -745.882770447906  delta_E= -8.81e-05  |g|= 0.00549  |ddm|= 0.0232
    CPU time for cycle= 5      1.53 sec, wall time      0.05 sec
  HOMO = -0.358907267925816  LUMO = 0.104602731229796
  mo_energy =
[-1.04806983e+02 -1.55691525e+01 -1.12809933e+01 -1.12809570e+01
 -1.12728471e+01 -1.12662922e+01 -1.12478746e+01 -1.12478198e+01
 -1.05331518e+01 -8.00133286e+00 -7.99862841e+00 -7.99862545e+00
 -1.28007028e+00 -1.10859096e+00 -1.10400220e+00 -1.04878975e+00
 -9.02485862e-01 -8.71804882e-01 -8.70489239e-01 -7.37180919e-01
 -6.76403749e-01 -6.64326735e-01 -6.11818092e-01 -6.04108683e-01
 -6.03446286e-01 -5.89100500e-01 -5.57428719e-01 -5.32287939e-01
 -5.24234996e-01 -4.26350975e-01 -4.21193487e-01 -4.21055855e-01
 -3.96353571e-01 -3.58907268e-01  1.04602731e-01  1.18893560e-01
  1.39108426e-01  1.60635077e-01  1.68647859e-01  1.94828069e-01
  2.00347832e-01  2.12558929e-01  2.28577912e-01  2.37329930e-01
  2.62602857e-01  3.28960394e-01  3.59474888e-01  4.14392617e-01
  4.31299316e-01  4.33523084e-01  4.47058341e-01  4.48912559e-01
  4.57826093e-01  4.62271487e-01  4.64019956e-01  4.65479845e-01
  5.23652831e-01  5.50529282e-01  5.54524839e-01  5.71843717e-01
  5.91077151e-01  6.03070871e-01  6.04035723e-01  6.15315633e-01
  6.30329299e-01  6.48657274e-01  7.08487035e-01  7.37542052e-01
  7.39658149e-01  7.50067608e-01  7.73202679e-01  7.96787066e-01
  8.01077000e-01  8.07845545e-01  8.08397442e-01  8.28122965e-01
  8.37874903e-01  8.66067484e-01  9.08134823e-01  9.12172750e-01
  9.21031556e-01  9.80736405e-01  1.00536316e+00  1.03032754e+00
  1.05216955e+00  1.07323686e+00  1.07951473e+00  1.08473440e+00
  1.08995849e+00  1.16712111e+00  1.17162181e+00  1.17801253e+00
  1.17823218e+00  1.19510881e+00  1.25938875e+00  1.26069653e+00
  1.26739884e+00  1.31521418e+00  1.34560819e+00  1.35684841e+00
  1.40711288e+00  1.40983278e+00  1.44368054e+00  1.45453242e+00
  1.54583259e+00  1.57190393e+00  1.68411855e+00  1.70567138e+00
  1.71383039e+00  1.73610653e+00  1.74612755e+00  1.75774690e+00
  1.80272176e+00  1.80830186e+00  1.84078637e+00  1.85369049e+00
  1.86319144e+00  1.91618070e+00  1.97063341e+00  1.97431031e+00
  1.98634998e+00  1.99885583e+00  2.04620765e+00  2.04897796e+00
  2.05324068e+00  2.06538210e+00  2.08985708e+00  2.16934693e+00
  2.19445255e+00  2.22610273e+00  2.25460610e+00  2.25611025e+00
  2.29636911e+00  2.36529877e+00  2.38954287e+00  2.41869936e+00
  2.42869441e+00  2.46453946e+00  2.49251827e+00  2.50458737e+00
  2.57952514e+00  2.58041479e+00  2.60809337e+00  2.67355003e+00
  2.69892638e+00  2.70596317e+00  2.71940904e+00  2.73450779e+00
  2.74126788e+00  2.75209784e+00  2.77237391e+00  2.86942299e+00
  2.88543967e+00  2.88943318e+00  2.91284130e+00  2.91468492e+00
  2.91912655e+00  2.92241347e+00  2.93491273e+00  2.98502667e+00
  2.99438945e+00  3.06929646e+00  3.10965759e+00  3.13903882e+00
  3.14551400e+00  3.23507334e+00  3.23709476e+00  3.33263437e+00
  3.35164351e+00  3.35631836e+00  3.36520967e+00  3.56330767e+00
  3.57843411e+00  3.74283946e+00  3.82961079e+00  3.87392557e+00
  3.98151500e+00  4.04037683e+00  4.14420408e+00  4.14518943e+00
  4.17961594e+00  4.33017135e+00  4.39332542e+00  4.43048589e+00
  4.46571595e+00  4.82029881e+00  4.91203311e+00  5.71877579e+00
  1.02709255e+01  2.47920006e+01  2.50345952e+01  2.50816548e+01
  2.51805145e+01  2.52737924e+01  2.53344894e+01  2.63419631e+01
  2.63467879e+01  2.68880967e+01  3.70731344e+01  2.19091034e+02]
E1 = -1748.1731534702633  E_coul = 636.2744303789414
cycle= 6 E= -745.882785449889  delta_E= -1.5e-05  |g|= 0.00191  |ddm|= 0.00781
    CPU time for cycle= 6      1.54 sec, wall time      0.06 sec
  HOMO = -0.358718688555211  LUMO = 0.104950659203962
  mo_energy =
[-1.04807144e+02 -1.55692091e+01 -1.12805540e+01 -1.12805067e+01
 -1.12732795e+01 -1.12649494e+01 -1.12474273e+01 -1.12473699e+01
 -1.05333821e+01 -8.00156130e+00 -7.99884420e+00 -7.99884124e+00
 -1.27999704e+00 -1.10877503e+00 -1.10359673e+00 -1.04857793e+00
 -9.02672163e-01 -8.71622220e-01 -8.70171997e-01 -7.36963201e-01
 -6.76106730e-01 -6.64159931e-01 -6.11661322e-01 -6.04251535e-01
 -6.03573518e-01 -5.88785416e-01 -5.57173395e-01 -5.32040579e-01
 -5.24456180e-01 -4.26547721e-01 -4.21383447e-01 -4.21248272e-01
 -3.95929665e-01 -3.58718689e-01  1.04950659e-01  1.19022519e-01
  1.39153981e-01  1.60673043e-01  1.68666476e-01  1.94835061e-01
  2.00414297e-01  2.12374109e-01  2.28515097e-01  2.37339668e-01
  2.62565212e-01  3.29195762e-01  3.59493794e-01  4.14596669e-01
  4.31338896e-01  4.33646885e-01  4.47100762e-01  4.48804648e-01
  4.57846719e-01  4.62179031e-01  4.63889665e-01  4.65555240e-01
  5.23695179e-01  5.50574235e-01  5.54791111e-01  5.71955151e-01
  5.91142079e-01  6.03243557e-01  6.04217707e-01  6.15511362e-01
  6.30558863e-01  6.48814825e-01  7.08649627e-01  7.37489928e-01
  7.39720664e-01  7.50354451e-01  7.73340661e-01  7.97031448e-01
  8.00994326e-01  8.07743830e-01  8.08572534e-01  8.28173862e-01
  8.38045176e-01  8.66212015e-01  9.08165426e-01  9.12256838e-01
  9.21261354e-01  9.80724926e-01  1.00562983e+00  1.03049044e+00
  1.05244275e+00  1.07331868e+00  1.07932492e+00  1.08463241e+00
  1.08985279e+00  1.16739165e+00  1.17168362e+00  1.17782409e+00
  1.17811680e+00  1.19529964e+00  1.25974310e+00  1.26067888e+00
  1.26723089e+00  1.31541460e+00  1.34594002e+00  1.35666077e+00
  1.40693563e+00  1.40965796e+00  1.44380458e+00  1.45468375e+00
  1.54595911e+00  1.57195454e+00  1.68434068e+00  1.70554608e+00
  1.71401980e+00  1.73595689e+00  1.74601641e+00  1.75801741e+00
  1.80300089e+00  1.80857965e+00  1.84095581e+00  1.85387649e+00
  1.86343533e+00  1.91625244e+00  1.97078811e+00  1.97444768e+00
  1.98623080e+00  1.99880136e+00  2.04607987e+00  2.04908337e+00
  2.05337548e+00  2.06557133e+00  2.09001680e+00  2.16956012e+00
  2.19477025e+00  2.22637143e+00  2.25480229e+00  2.25618223e+00
  2.29650361e+00  2.36561079e+00  2.38978036e+00  2.41854927e+00
  2.42855838e+00  2.46471565e+00  2.49279314e+00  2.50467085e+00
  2.57934934e+00  2.58023733e+00  2.60829360e+00  2.67363709e+00
  2.69908740e+00  2.70582492e+00  2.71934417e+00  2.73455800e+00
  2.74118372e+00  2.75207854e+00  2.77246659e+00  2.86945283e+00
  2.88523082e+00  2.88926259e+00  2.91297099e+00  2.91484198e+00
  2.91944419e+00  2.92246591e+00  2.93500297e+00  2.98547647e+00
  2.99457544e+00  3.06933476e+00  3.10996490e+00  3.13955702e+00
  3.14571130e+00  3.23494980e+00  3.23735804e+00  3.33285050e+00
  3.35179144e+00  3.35643136e+00  3.36567914e+00  3.56305787e+00
  3.57888403e+00  3.74316363e+00  3.83004708e+00  3.87445576e+00
  3.98173481e+00  4.04046286e+00  4.14399056e+00  4.14498013e+00
  4.17975637e+00  4.33001055e+00  4.39361755e+00  4.43093487e+00
  4.46599522e+00  4.82069702e+00  4.91197157e+00  5.71880325e+00
  1.02706989e+01  2.47926797e+01  2.50341757e+01  2.50820890e+01
  2.51812523e+01  2.52742273e+01  2.53352379e+01  2.63417591e+01
  2.63465838e+01  2.68878394e+01  3.70730771e+01  2.19090868e+02]
E1 = -1748.1702580760339  E_coul = 636.2715322805567
cycle= 7 E= -745.882788154044  delta_E= -2.7e-06  |g|= 0.000738  |ddm|= 0.00392
    CPU time for cycle= 7      1.55 sec, wall time      0.06 sec
  HOMO = -0.358765804351014  LUMO = 0.104906067211295
  mo_energy =
[-1.04807164e+02 -1.55694857e+01 -1.12804998e+01 -1.12804626e+01
 -1.12731211e+01 -1.12653693e+01 -1.12475318e+01 -1.12474752e+01
 -1.05334266e+01 -8.00160288e+00 -7.99888579e+00 -7.99888284e+00
 -1.28010530e+00 -1.10878592e+00 -1.10373498e+00 -1.04861302e+00
 -9.02646728e-01 -8.71690724e-01 -8.70215033e-01 -7.36996726e-01
 -6.76183230e-01 -6.64161860e-01 -6.11662321e-01 -6.04192651e-01
 -6.03514937e-01 -5.88889947e-01 -5.57215349e-01 -5.32081679e-01
 -5.24465233e-01 -4.26676742e-01 -4.21424745e-01 -4.21289276e-01
 -3.95987069e-01 -3.58765804e-01  1.04906067e-01  1.18971003e-01
  1.39163798e-01  1.60676693e-01  1.68690979e-01  1.94850832e-01
  2.00424685e-01  2.12363486e-01  2.28534268e-01  2.37358437e-01
  2.62591589e-01  3.29176398e-01  3.59471606e-01  4.14568855e-01
  4.31329391e-01  4.33614853e-01  4.47073943e-01  4.48821998e-01
  4.57852411e-01  4.62153295e-01  4.63857419e-01  4.65544592e-01
  5.23700138e-01  5.50557075e-01  5.54749254e-01  5.71946740e-01
  5.91126442e-01  6.03240876e-01  6.04173019e-01  6.15488276e-01
  6.30518538e-01  6.48794623e-01  7.08638842e-01  7.37514355e-01
  7.39746966e-01  7.50301616e-01  7.73326510e-01  7.96973599e-01
  8.01045900e-01  8.07794878e-01  8.08545503e-01  8.28203606e-01
  8.38023057e-01  8.66209916e-01  9.08139965e-01  9.12270652e-01
  9.21232924e-01  9.80678185e-01  1.00557809e+00  1.03046631e+00
  1.05235881e+00  1.07329523e+00  1.07932022e+00  1.08462544e+00
  1.08984891e+00  1.16734937e+00  1.17164039e+00  1.17777366e+00
  1.17806926e+00  1.19526177e+00  1.25967371e+00  1.26064818e+00
  1.26718212e+00  1.31540667e+00  1.34590416e+00  1.35663652e+00
  1.40695126e+00  1.40967414e+00  1.44380947e+00  1.45462570e+00
  1.54593620e+00  1.57188571e+00  1.68431180e+00  1.70559265e+00
  1.71400244e+00  1.73601286e+00  1.74606476e+00  1.75796376e+00
  1.80297335e+00  1.80851438e+00  1.84094668e+00  1.85387373e+00
  1.86340169e+00  1.91627101e+00  1.97078886e+00  1.97445794e+00
  1.98626838e+00  1.99883363e+00  2.04610465e+00  2.04909996e+00
  2.05337190e+00  2.06554875e+00  2.08997822e+00  2.16955836e+00
  2.19470916e+00  2.22633795e+00  2.25477736e+00  2.25616547e+00
  2.29647741e+00  2.36554938e+00  2.38973961e+00  2.41857921e+00
  2.42858604e+00  2.46469223e+00  2.49270761e+00  2.50467268e+00
  2.57933010e+00  2.58021770e+00  2.60822856e+00  2.67365680e+00
  2.69906949e+00  2.70587450e+00  2.71934996e+00  2.73454665e+00
  2.74120173e+00  2.75203627e+00  2.77244570e+00  2.86948838e+00
  2.88531223e+00  2.88933829e+00  2.91291479e+00  2.91482262e+00
  2.91941736e+00  2.92251343e+00  2.93500610e+00  2.98537442e+00
  2.99455800e+00  3.06926578e+00  3.10988396e+00  3.13946863e+00
  3.14564714e+00  3.23498589e+00  3.23734022e+00  3.33281185e+00
  3.35170066e+00  3.35637649e+00  3.36556696e+00  3.56313135e+00
  3.57877027e+00  3.74312169e+00  3.82995275e+00  3.87432152e+00
  3.98165056e+00  4.04045634e+00  4.14407122e+00  4.14506210e+00
  4.17974015e+00  4.32980583e+00  4.39358167e+00  4.43085032e+00
  4.46595141e+00  4.82058813e+00  4.91181215e+00  5.71866866e+00
  1.02706512e+01  2.47925372e+01  2.50343262e+01  2.50820761e+01
  2.51811335e+01  2.52741824e+01  2.53350379e+01  2.63417167e+01
  2.63465414e+01  2.68877813e+01  3.70728053e+01  2.19090844e+02]
E1 = -1748.171835668575  E_coul = 636.2731094268516
cycle= 8 E= -745.88278860029  delta_E= -4.46e-07  |g|= 0.000312  |ddm|= 0.00127
    CPU time for cycle= 8      1.56 sec, wall time      0.06 sec
  HOMO = -0.35877519732785  LUMO = 0.104925758133035
  mo_energy =
[-1.04807166e+02 -1.55695212e+01 -1.12805280e+01 -1.12804862e+01
 -1.12730927e+01 -1.12652126e+01 -1.12475628e+01 -1.12475060e+01
 -1.05334228e+01 -8.00159829e+00 -7.99888261e+00 -7.99887966e+00
 -1.28011664e+00 -1.10878717e+00 -1.10370409e+00 -1.04861583e+00
 -9.02642362e-01 -8.71690041e-01 -8.70201436e-01 -7.36975181e-01
 -6.76175171e-01 -6.64171645e-01 -6.11658386e-01 -6.04181474e-01
 -6.03503744e-01 -5.88851836e-01 -5.57208519e-01 -5.32069014e-01
 -5.24460050e-01 -4.26701699e-01 -4.21431563e-01 -4.21296293e-01
 -3.95954229e-01 -3.58775197e-01  1.04925758e-01  1.18960093e-01
  1.39170425e-01  1.60684735e-01  1.68693678e-01  1.94851454e-01
  2.00434646e-01  2.12357940e-01  2.28536442e-01  2.37363149e-01
  2.62596903e-01  3.29187120e-01  3.59470814e-01  4.14585496e-01
  4.31331864e-01  4.33622292e-01  4.47080126e-01  4.48823798e-01
  4.57854396e-01  4.62147478e-01  4.63848501e-01  4.65548541e-01
  5.23704950e-01  5.50555394e-01  5.54755924e-01  5.71945523e-01
  5.91136536e-01  6.03236868e-01  6.04197218e-01  6.15500076e-01
  6.30527391e-01  6.48810477e-01  7.08635666e-01  7.37520858e-01
  7.39752398e-01  7.50317042e-01  7.73347630e-01  7.96998636e-01
  8.01056236e-01  8.07805098e-01  8.08541210e-01  8.28209915e-01
  8.38015643e-01  8.66227200e-01  9.08146360e-01  9.12280237e-01
  9.21247549e-01  9.80673098e-01  1.00559017e+00  1.03047472e+00
  1.05238251e+00  1.07329486e+00  1.07932223e+00  1.08462649e+00
  1.08985148e+00  1.16736635e+00  1.17164129e+00  1.17776977e+00
  1.17806762e+00  1.19527368e+00  1.25969064e+00  1.26064562e+00
  1.26717102e+00  1.31540661e+00  1.34593743e+00  1.35663659e+00
  1.40695570e+00  1.40967883e+00  1.44381355e+00  1.45463626e+00
  1.54592935e+00  1.57187882e+00  1.68432528e+00  1.70560224e+00
  1.71401253e+00  1.73602300e+00  1.74607514e+00  1.75798972e+00
  1.80298843e+00  1.80852944e+00  1.84094939e+00  1.85388884e+00
  1.86341529e+00  1.91627944e+00  1.97080437e+00  1.97446585e+00
  1.98627659e+00  1.99884112e+00  2.04610962e+00  2.04910344e+00
  2.05337022e+00  2.06557566e+00  2.08998362e+00  2.16957532e+00
  2.19472350e+00  2.22634395e+00  2.25479757e+00  2.25618555e+00
  2.29647841e+00  2.36556679e+00  2.38974550e+00  2.41858499e+00
  2.42859190e+00  2.46470389e+00  2.49272721e+00  2.50467617e+00
  2.57932980e+00  2.58021722e+00  2.60824435e+00  2.67366297e+00
  2.69907038e+00  2.70588491e+00  2.71935298e+00  2.73456048e+00
  2.74121014e+00  2.75203157e+00  2.77245764e+00  2.86950598e+00
  2.88532706e+00  2.88935417e+00  2.91290325e+00  2.91482189e+00
  2.91945436e+00  2.92253238e+00  2.93498997e+00  2.98539076e+00
  2.99455727e+00  3.06926183e+00  3.10990217e+00  3.13951172e+00
  3.14563022e+00  3.23499287e+00  3.23733240e+00  3.33281816e+00
  3.35170784e+00  3.35637036e+00  3.36559072e+00  3.56314418e+00
  3.57878845e+00  3.74311776e+00  3.82997518e+00  3.87436614e+00
  3.98165878e+00  4.04045485e+00  4.14408634e+00  4.14507753e+00
  4.17973933e+00  4.32976870e+00  4.39358027e+00  4.43088060e+00
  4.46595744e+00  4.82060998e+00  4.91178834e+00  5.71865311e+00
  1.02706525e+01  2.47925605e+01  2.50343538e+01  2.50820506e+01
  2.51811720e+01  2.52741555e+01  2.53350751e+01  2.63417193e+01
  2.63465441e+01  2.68877784e+01  3.70727698e+01  2.19090843e+02]
E1 = -1748.1715315265933  E_coul = 636.2728051691695
cycle= 9 E= -745.882788715991  delta_E= -1.16e-07  |g|= 0.00013  |ddm|= 0.000724
    CPU time for cycle= 9      1.56 sec, wall time      0.06 sec
  HOMO = -0.358768398609547  LUMO = 0.104926093283537
  mo_energy =
[-1.04807169e+02 -1.55695424e+01 -1.12804643e+01 -1.12804253e+01
 -1.12731307e+01 -1.12652094e+01 -1.12475738e+01 -1.12475167e+01
 -1.05334222e+01 -8.00159802e+00 -7.99888242e+00 -7.99887947e+00
 -1.28010799e+00 -1.10879007e+00 -1.10370573e+00 -1.04860446e+00
 -9.02651605e-01 -8.71685802e-01 -8.70191754e-01 -7.36964491e-01
 -6.76169934e-01 -6.64173033e-01 -6.11650172e-01 -6.04193235e-01
 -6.03515102e-01 -5.88845674e-01 -5.57204324e-01 -5.32066526e-01
 -5.24461670e-01 -4.26702995e-01 -4.21430331e-01 -4.21295146e-01
 -3.95953080e-01 -3.58768399e-01  1.04926093e-01  1.18963943e-01
  1.39170455e-01  1.60682916e-01  1.68694636e-01  1.94848994e-01
  2.00435299e-01  2.12352889e-01  2.28533578e-01  2.37364146e-01
  2.62597227e-01  3.29191938e-01  3.59473508e-01  4.14586548e-01
  4.31330279e-01  4.33619718e-01  4.47080027e-01  4.48819034e-01
  4.57854061e-01  4.62148862e-01  4.63849799e-01  4.65552395e-01
  5.23709121e-01  5.50556239e-01  5.54754506e-01  5.71948107e-01
  5.91136982e-01  6.03238753e-01  6.04198427e-01  6.15499011e-01
  6.30529665e-01  6.48812109e-01  7.08638376e-01  7.37519664e-01
  7.39759586e-01  7.50313031e-01  7.73352429e-01  7.97008601e-01
  8.01049218e-01  8.07795235e-01  8.08534624e-01  8.28219740e-01
  8.38006362e-01  8.66233451e-01  9.08141799e-01  9.12286286e-01
  9.21249105e-01  9.80672257e-01  1.00559036e+00  1.03047984e+00
  1.05238727e+00  1.07329688e+00  1.07931812e+00  1.08462564e+00
  1.08985019e+00  1.16736839e+00  1.17164069e+00  1.17777297e+00
  1.17806976e+00  1.19527261e+00  1.25969522e+00  1.26065009e+00
  1.26716534e+00  1.31540744e+00  1.34594697e+00  1.35663501e+00
  1.40694929e+00  1.40967250e+00  1.44382596e+00  1.45463769e+00
  1.54593666e+00  1.57188067e+00  1.68432737e+00  1.70559349e+00
  1.71401932e+00  1.73601164e+00  1.74606468e+00  1.75799600e+00
  1.80298698e+00  1.80853200e+00  1.84094962e+00  1.85389283e+00
  1.86342038e+00  1.91629026e+00  1.97080570e+00  1.97446977e+00
  1.98626790e+00  1.99883817e+00  2.04610192e+00  2.04910692e+00
  2.05336835e+00  2.06558372e+00  2.08998079e+00  2.16958338e+00
  2.19472085e+00  2.22635121e+00  2.25479633e+00  2.25618240e+00
  2.29648536e+00  2.36556838e+00  2.38974916e+00  2.41857747e+00
  2.42858523e+00  2.46471810e+00  2.49272437e+00  2.50468162e+00
  2.57932854e+00  2.58021596e+00  2.60824412e+00  2.67366891e+00
  2.69907033e+00  2.70587390e+00  2.71934963e+00  2.73455851e+00
  2.74120573e+00  2.75203371e+00  2.77245606e+00  2.86951601e+00
  2.88530975e+00  2.88934117e+00  2.91291260e+00  2.91481647e+00
  2.91946044e+00  2.92254570e+00  2.93497866e+00  2.98539253e+00
  2.99456000e+00  3.06926806e+00  3.10990271e+00  3.13953287e+00
  3.14563059e+00  3.23498428e+00  3.23735022e+00  3.33282700e+00
  3.35171264e+00  3.35638194e+00  3.36559141e+00  3.56312575e+00
  3.57879175e+00  3.74313014e+00  3.82998096e+00  3.87436318e+00
  3.98166348e+00  4.04047539e+00  4.14406872e+00  4.14506003e+00
  4.17976118e+00  4.32975599e+00  4.39358008e+00  4.43087947e+00
  4.46596682e+00  4.82061182e+00  4.91178325e+00  5.71865566e+00
  1.02706539e+01  2.47925751e+01  2.50343176e+01  2.50820828e+01
  2.51812097e+01  2.52741728e+01  2.53350754e+01  2.63417210e+01
  2.63465458e+01  2.68877799e+01  3.70727496e+01  2.19090840e+02]
E1 = -1748.171369248987  E_coul = 636.2726428692268
cycle= 10 E= -745.882788738327  delta_E= -2.23e-08  |g|= 5.04e-05  |ddm|= 0.000346
    CPU time for cycle= 10      1.56 sec, wall time      0.06 sec
  HOMO = -0.358773899962233  LUMO = 0.104921494846382
  mo_energy =
[-1.04807172e+02 -1.55695465e+01 -1.12804824e+01 -1.12804412e+01
 -1.12731100e+01 -1.12651996e+01 -1.12475872e+01 -1.12475302e+01
 -1.05334248e+01 -8.00160067e+00 -7.99888501e+00 -7.99888206e+00
 -1.28011632e+00 -1.10878707e+00 -1.10370938e+00 -1.04861320e+00
 -9.02647340e-01 -8.71691160e-01 -8.70196506e-01 -7.36967156e-01
 -6.76177453e-01 -6.64178509e-01 -6.11657328e-01 -6.04188992e-01
 -6.03511368e-01 -5.88845339e-01 -5.57210731e-01 -5.32071831e-01
 -5.24459046e-01 -4.26709394e-01 -4.21429220e-01 -4.21294059e-01
 -3.95956002e-01 -3.58773900e-01  1.04921495e-01  1.18958294e-01
  1.39170207e-01  1.60683933e-01  1.68693257e-01  1.94848188e-01
  2.00436138e-01  2.12356160e-01  2.28534310e-01  2.37364035e-01
  2.62597848e-01  3.29188744e-01  3.59470788e-01  4.14585488e-01
  4.31329281e-01  4.33618821e-01  4.47079353e-01  4.48820541e-01
  4.57852423e-01  4.62149254e-01  4.63850823e-01  4.65548889e-01
  5.23706920e-01  5.50552504e-01  5.54750529e-01  5.71942343e-01
  5.91136758e-01  6.03233681e-01  6.04195887e-01  6.15497066e-01
  6.30526575e-01  6.48810277e-01  7.08633774e-01  7.37520188e-01
  7.39756841e-01  7.50311341e-01  7.73352475e-01  7.97006553e-01
  8.01051750e-01  8.07798615e-01  8.08528762e-01  8.28217868e-01
  8.38000937e-01  8.66232868e-01  9.08141629e-01  9.12284791e-01
  9.21246103e-01  9.80669584e-01  1.00558642e+00  1.03047603e+00
  1.05238102e+00  1.07329209e+00  1.07932017e+00  1.08462594e+00
  1.08985116e+00  1.16736397e+00  1.17163754e+00  1.17777257e+00
  1.17806880e+00  1.19527056e+00  1.25968991e+00  1.26064693e+00
  1.26716395e+00  1.31540094e+00  1.34594591e+00  1.35663627e+00
  1.40695176e+00  1.40967493e+00  1.44382108e+00  1.45463308e+00
  1.54592991e+00  1.57187571e+00  1.68432378e+00  1.70559560e+00
  1.71401317e+00  1.73601589e+00  1.74606805e+00  1.75799312e+00
  1.80298501e+00  1.80852793e+00  1.84094544e+00  1.85389072e+00
  1.86341671e+00  1.91628747e+00  1.97080348e+00  1.97446767e+00
  1.98627045e+00  1.99883879e+00  2.04610440e+00  2.04910137e+00
  2.05336382e+00  2.06558303e+00  2.08997715e+00  2.16958079e+00
  2.19471664e+00  2.22634468e+00  2.25479567e+00  2.25618246e+00
  2.29647931e+00  2.36556390e+00  2.38974287e+00  2.41858030e+00
  2.42858766e+00  2.46471270e+00  2.49272092e+00  2.50467757e+00
  2.57932935e+00  2.58021677e+00  2.60824177e+00  2.67366388e+00
  2.69906608e+00  2.70587728e+00  2.71934896e+00  2.73455929e+00
  2.74120699e+00  2.75203005e+00  2.77245603e+00  2.86951547e+00
  2.88531755e+00  2.88934774e+00  2.91290567e+00  2.91481283e+00
  2.91946310e+00  2.92254468e+00  2.93497327e+00  2.98538642e+00
  2.99455430e+00  3.06926265e+00  3.10989975e+00  3.13953024e+00
  3.14562118e+00  3.23498632e+00  3.23734020e+00  3.33281837e+00
  3.35170755e+00  3.35637541e+00  3.36558533e+00  3.56313493e+00
  3.57878492e+00  3.74311958e+00  3.82997442e+00  3.87436064e+00
  3.98165695e+00  4.04046865e+00  4.14407614e+00  4.14506740e+00
  4.17975394e+00  4.32975043e+00  4.39357250e+00  4.43087762e+00
  4.46595981e+00  4.82060645e+00  4.91177692e+00  5.71864899e+00
  1.02706521e+01  2.47925674e+01  2.50343373e+01  2.50820677e+01
  2.51812024e+01  2.52741582e+01  2.53350700e+01  2.63417190e+01
  2.63465438e+01  2.68877791e+01  3.70727454e+01  2.19090838e+02]
E1 = -1748.171427447748  E_coul = 636.2727010651581
cycle= 11 E= -745.882788741157  delta_E= -2.83e-09  |g|= 1.91e-05  |ddm|= 0.00012
    CPU time for cycle= 11      1.59 sec, wall time      0.06 sec
  HOMO = -0.358771731447196  LUMO = 0.104921075056712
  mo_energy =
[-1.04807168e+02 -1.55695494e+01 -1.12804749e+01 -1.12804348e+01
 -1.12731140e+01 -1.12652009e+01 -1.12475911e+01 -1.12475340e+01
 -1.05334217e+01 -8.00159766e+00 -7.99888193e+00 -7.99887899e+00
 -1.28011373e+00 -1.10878682e+00 -1.10370970e+00 -1.04861217e+00
 -9.02647769e-01 -8.71691116e-01 -8.70196300e-01 -7.36966837e-01
 -6.76177043e-01 -6.64180385e-01 -6.11657479e-01 -6.04190610e-01
 -6.03512978e-01 -5.88845539e-01 -5.57209226e-01 -5.32072431e-01
 -5.24459213e-01 -4.26709767e-01 -4.21427758e-01 -4.21292607e-01
 -3.95955711e-01 -3.58771731e-01  1.04921075e-01  1.18959233e-01
  1.39169767e-01  1.60683217e-01  1.68692706e-01  1.94847269e-01
  2.00435365e-01  2.12356860e-01  2.28534097e-01  2.37363589e-01
  2.62597632e-01  3.29189040e-01  3.59471297e-01  4.14584745e-01
  4.31328767e-01  4.33617892e-01  4.47079139e-01  4.48820148e-01
  4.57852153e-01  4.62150138e-01  4.63851955e-01  4.65549372e-01
  5.23707405e-01  5.50552548e-01  5.54751282e-01  5.71942385e-01
  5.91136691e-01  6.03234607e-01  6.04196091e-01  6.15496223e-01
  6.30527559e-01  6.48810072e-01  7.08634480e-01  7.37519882e-01
  7.39757236e-01  7.50310640e-01  7.73352649e-01  7.97007397e-01
  8.01050596e-01  8.07797262e-01  8.08526607e-01  8.28218760e-01
  8.37998620e-01  8.66233265e-01  9.08140778e-01  9.12285333e-01
  9.21245609e-01  9.80670597e-01  1.00558544e+00  1.03047649e+00
  1.05238146e+00  1.07329253e+00  1.07932047e+00  1.08462630e+00
  1.08985148e+00  1.16736358e+00  1.17163772e+00  1.17777429e+00
  1.17807008e+00  1.19527014e+00  1.25969012e+00  1.26064811e+00
  1.26716415e+00  1.31540024e+00  1.34594638e+00  1.35663707e+00
  1.40695148e+00  1.40967463e+00  1.44382241e+00  1.45463369e+00
  1.54593075e+00  1.57187691e+00  1.68432319e+00  1.70559436e+00
  1.71401361e+00  1.73601436e+00  1.74606654e+00  1.75799359e+00
  1.80298339e+00  1.80852795e+00  1.84094425e+00  1.85389018e+00
  1.86341672e+00  1.91628840e+00  1.97080266e+00  1.97446728e+00
  1.98626928e+00  1.99883823e+00  2.04610352e+00  2.04910105e+00
  2.05336229e+00  2.06558353e+00  2.08997596e+00  2.16958054e+00
  2.19471510e+00  2.22634500e+00  2.25479506e+00  2.25618179e+00
  2.29647975e+00  2.36556333e+00  2.38974278e+00  2.41857959e+00
  2.42858703e+00  2.46471433e+00  2.49272011e+00  2.50467729e+00
  2.57933031e+00  2.58021774e+00  2.60824097e+00  2.67366381e+00
  2.69906497e+00  2.70587590e+00  2.71934866e+00  2.73455871e+00
  2.74120656e+00  2.75203081e+00  2.77245524e+00  2.86951601e+00
  2.88531537e+00  2.88934601e+00  2.91290682e+00  2.91481053e+00
  2.91946198e+00  2.92254551e+00  2.93496985e+00  2.98538589e+00
  2.99455343e+00  3.06926388e+00  3.10989864e+00  3.13953265e+00
  3.14562085e+00  3.23498531e+00  3.23734222e+00  3.33281933e+00
  3.35170827e+00  3.35637674e+00  3.36558481e+00  3.56313309e+00
  3.57878426e+00  3.74312019e+00  3.82997421e+00  3.87435908e+00
  3.98165747e+00  4.04047124e+00  4.14407398e+00  4.14506525e+00
  4.17975674e+00  4.32975005e+00  4.39357104e+00  4.43087573e+00
  4.46596020e+00  4.82060587e+00  4.91177700e+00  5.71864974e+00
  1.02706548e+01  2.47925675e+01  2.50343334e+01  2.50820703e+01
  2.51812060e+01  2.52741586e+01  2.53350681e+01  2.63417213e+01
  2.63465461e+01  2.68877820e+01  3.70727426e+01  2.19090841e+02]
E1 = -1748.1713898822256  E_coul = 636.2726634993289
cycle= 12 E= -745.882788741463  delta_E= -3.07e-10  |g|= 3.68e-06  |ddm|= 4.47e-05
    CPU time for cycle= 12      1.55 sec, wall time      0.06 sec
  HOMO = -0.358771370714975  LUMO = 0.104921294472349
  mo_energy =
[-1.04807169e+02 -1.55695476e+01 -1.12804745e+01 -1.12804338e+01
 -1.12731141e+01 -1.12652000e+01 -1.12475907e+01 -1.12475337e+01
 -1.05334227e+01 -8.00159871e+00 -7.99888299e+00 -7.99888005e+00
 -1.28011329e+00 -1.10878697e+00 -1.10370949e+00 -1.04861204e+00
 -9.02647914e-01 -8.71690763e-01 -8.70196028e-01 -7.36966615e-01
 -6.76176535e-01 -6.64180230e-01 -6.11657386e-01 -6.04190562e-01
 -6.03512906e-01 -5.88845131e-01 -5.57208870e-01 -5.32072055e-01
 -5.24459401e-01 -4.26709387e-01 -4.21427949e-01 -4.21292793e-01
 -3.95955406e-01 -3.58771371e-01  1.04921294e-01  1.18959509e-01
  1.39169774e-01  1.60683244e-01  1.68692673e-01  1.94847256e-01
  2.00435381e-01  2.12356817e-01  2.28534140e-01  2.37363560e-01
  2.62597682e-01  3.29189311e-01  3.59471420e-01  4.14584886e-01
  4.31328846e-01  4.33618004e-01  4.47079160e-01  4.48820195e-01
  4.57852223e-01  4.62150126e-01  4.63851918e-01  4.65549450e-01
  5.23707475e-01  5.50552635e-01  5.54751450e-01  5.71942556e-01
  5.91136814e-01  6.03234769e-01  6.04196150e-01  6.15496405e-01
  6.30527792e-01  6.48810202e-01  7.08634681e-01  7.37519956e-01
  7.39757387e-01  7.50310862e-01  7.73352833e-01  7.97007697e-01
  8.01050683e-01  8.07797324e-01  8.08526702e-01  8.28218973e-01
  8.37998676e-01  8.66233408e-01  9.08140868e-01  9.12285433e-01
  9.21245742e-01  9.80670983e-01  1.00558568e+00  1.03047663e+00
  1.05238159e+00  1.07329266e+00  1.07932033e+00  1.08462625e+00
  1.08985139e+00  1.16736376e+00  1.17163785e+00  1.17777394e+00
  1.17806985e+00  1.19527026e+00  1.25969038e+00  1.26064838e+00
  1.26716432e+00  1.31540037e+00  1.34594668e+00  1.35663687e+00
  1.40695138e+00  1.40967455e+00  1.44382268e+00  1.45463387e+00
  1.54593105e+00  1.57187724e+00  1.68432341e+00  1.70559442e+00
  1.71401373e+00  1.73601442e+00  1.74606661e+00  1.75799385e+00
  1.80298361e+00  1.80852823e+00  1.84094445e+00  1.85389037e+00
  1.86341698e+00  1.91628862e+00  1.97080276e+00  1.97446746e+00
  1.98626932e+00  1.99883834e+00  2.04610351e+00  2.04910107e+00
  2.05336241e+00  2.06558377e+00  2.08997614e+00  2.16958074e+00
  2.19471532e+00  2.22634525e+00  2.25479525e+00  2.25618191e+00
  2.29647997e+00  2.36556358e+00  2.38974299e+00  2.41857956e+00
  2.42858702e+00  2.46471461e+00  2.49272036e+00  2.50467747e+00
  2.57933002e+00  2.58021745e+00  2.60824125e+00  2.67366386e+00
  2.69906519e+00  2.70587594e+00  2.71934883e+00  2.73455874e+00
  2.74120654e+00  2.75203115e+00  2.77245528e+00  2.86951613e+00
  2.88531542e+00  2.88934607e+00  2.91290732e+00  2.91481067e+00
  2.91946225e+00  2.92254564e+00  2.93496986e+00  2.98538625e+00
  2.99455362e+00  3.06926429e+00  3.10989899e+00  3.13953316e+00
  3.14562118e+00  3.23498539e+00  3.23734256e+00  3.33281952e+00
  3.35170875e+00  3.35637726e+00  3.36558510e+00  3.56313305e+00
  3.57878463e+00  3.74312046e+00  3.82997451e+00  3.87435937e+00
  3.98165785e+00  4.04047171e+00  4.14407401e+00  4.14506529e+00
  4.17975719e+00  4.32975112e+00  4.39357126e+00  4.43087607e+00
  4.46596054e+00  4.82060627e+00  4.91177784e+00  5.71865058e+00
  1.02706540e+01  2.47925681e+01  2.50343333e+01  2.50820709e+01
  2.51812067e+01  2.52741590e+01  2.53350686e+01  2.63417205e+01
  2.63465453e+01  2.68877813e+01  3.70727444e+01  2.19090840e+02]
E1 = -1748.1713911959594  E_coul = 636.2726648130558
Extra cycle  E= -745.88278874147  delta_E= -6.82e-12  |g|= 1.57e-06  |ddm|= 6.06e-06
    CPU time for scf_cycle     32.95 sec, wall time      1.26 sec
    CPU time for SCF     32.95 sec, wall time      1.26 sec
converged SCF energy = -745.88278874147
Converting <class 'pyscf.scf.hf.RHF'> to RHF


******** <class 'pyscf.tdscf.rhf.TDA'> for <class 'pyscf.scf.hf.RHF'> ********
nstates = 5 singlet
wfnsym = None
conv_tol = 1e-09
eigh lindep = 1e-12
eigh level_shift = 0
eigh max_space = 8
eigh max_cycle = 2000
chkfile = /scratch/global/yangjunjie/tmp8laa9sdl
max_memory 256000 MB (current use 1744 MB)


davidson 0 5  |r|= 0.221  e= [0.24352124 0.27299057 0.33452672 0.36857597 0.37453525]  max|de|= 0.375  lindep=    1
Old state -> New state
    4     ->     3 
    3     ->     4 
davidson 1 10  |r|= 0.0521  e= [0.23506626 0.24883067 0.31527141 0.32231573 0.32416154]  max|de|= -0.0522  lindep= 0.956
davidson 2 15  |r|= 0.0173  e= [0.23477902 0.24648144 0.31324336 0.31942874 0.32184482]  max|de|= -0.00289  lindep= 0.914
davidson 3 20  |r|= 0.0107  e= [0.23476613 0.24642091 0.31271373 0.31918758 0.32167159]  max|de|= -0.00053  lindep= 0.837
davidson 4 5  |r|= 0.0107  e= [0.23476613 0.24642091 0.31271373 0.31918758 0.32167159]  max|de|= -6.11e-16  lindep=    1
davidson 5 10  |r|= 0.00525  e= [0.23476523 0.24641303 0.31262393 0.31914379 0.32165126]  max|de|= -8.98e-05  lindep= 0.733
davidson 6 15  |r|= 0.00289  e= [0.23476509 0.24641114 0.31259413 0.31912457 0.32164067]  max|de|= -2.98e-05  lindep= 0.805
davidson 7 20  |r|= 0.00318  e= [0.23476508 0.24641103 0.31258009 0.31912152 0.32163238]  max|de|= -1.4e-05  lindep= 0.799
davidson 8 5  |r|= 0.00318  e= [0.23476508 0.24641103 0.31258009 0.31912152 0.32163238]  max|de|= -3.33e-16  lindep= 0.938
root 0 converged  |r|= 1.49e-05  e= 0.23476507958767942  max|de|= -8.81e-10
davidson 9 10  |r|= 0.00392  e= [0.23476508 0.24641102 0.31257275 0.31912109 0.32162552]  max|de|= -7.34e-06  lindep= 0.809
Old state -> New state
    2     ->     3 
    3     ->     4 
davidson 10 14  |r|= 0.178  e= [0.23476508 0.24641102 0.28313985 0.31259313 0.31912071]  max|de|= -0.0294  lindep= 0.775
root 1 converged  |r|= 6.28e-06  e= 0.24641101752999614  max|de|= -1.55e-10
davidson 11 18  |r|= 0.0706  e= [0.23476508 0.24641102 0.26476367 0.31258478 0.31912032]  max|de|= -0.0184  lindep= 0.853
davidson 12 5  |r|= 0.0706  e= [0.23476508 0.24641102 0.26476367 0.31258478 0.31912032]  max|de|= -4.44e-16  lindep= 0.996
davidson 13 8  |r|= 0.12  e= [0.23476508 0.24641102 0.25692868 0.31258035 0.31911999]  max|de|= -0.00783  lindep= 0.824
Old state -> New state
    2     ->     1 
    1     ->     2 
    2     ->     3 
    3     ->     4 
davidson 14 11  |r|= 0.0881  e= [0.23476508 0.23609805 0.24641102 0.28000484 0.31258731]  max|de|= 0.0231  lindep= 0.828
Old state -> New state
    1     ->     0 
    0     ->     1 
davidson 15 14  |r|= 0.0338  e= [0.2335355  0.23476508 0.24641102 0.27715167 0.31258651]  max|de|= -0.00285  lindep= 0.685
davidson 16 17  |r|= 0.0154  e= [0.23304588 0.23476508 0.24641102 0.27618589 0.31258596]  max|de|= -0.000966  lindep= 0.847
davidson 17 5  |r|= 0.0154  e= [0.23304588 0.23476508 0.24641102 0.27618589 0.31258596]  max|de|= 2.22e-16  lindep= 0.999
davidson 18 8  |r|= 0.00952  e= [0.23300338 0.23476508 0.24641102 0.2760533  0.31258583]  max|de|= -0.000133  lindep= 0.821
davidson 19 11  |r|= 0.00575  e= [0.2329958  0.23476508 0.24641102 0.27601389 0.31258576]  max|de|= -3.94e-05  lindep= 0.797
davidson 20 14  |r|= 0.00352  e= [0.23299427 0.23476508 0.24641102 0.27599826 0.3125857 ]  max|de|= -1.56e-05  lindep= 0.703
davidson 21 17  |r|= 0.00092  e= [0.23299405 0.23476508 0.24641102 0.27599354 0.31258563]  max|de|= -4.72e-06  lindep= 0.754
davidson 22 5  |r|= 0.00092  e= [0.23299405 0.23476508 0.24641102 0.27599354 0.31258563]  max|de|= 9.99e-16  lindep= 0.999
davidson 23 8  |r|= 0.000868  e= [0.23299403 0.23476508 0.24641102 0.27599274 0.31258561]  max|de|= -8e-07  lindep= 0.853
davidson 24 11  |r|= 0.000667  e= [0.23299403 0.23476508 0.24641102 0.27599227 0.31258558]  max|de|= -4.65e-07  lindep= 0.772
root 0 converged  |r|= 1.43e-05  e= 0.23299402432729677  max|de|= -8.83e-10
davidson 25 14  |r|= 0.000271  e= [0.23299402 0.23476508 0.24641102 0.27599211 0.31258555]  max|de|= -1.61e-07  lindep= 0.782
davidson 26 16  |r|= 0.000134  e= [0.23299402 0.23476508 0.24641102 0.27599207 0.31258552]  max|de|= -3.87e-08  lindep= 0.833
davidson 27 5  |r|= 0.000134  e= [0.23299402 0.23476508 0.24641102 0.27599207 0.31258552]  max|de|= 8.33e-16  lindep= 0.999
davidson 28 7  |r|= 0.000113  e= [0.23299402 0.23476508 0.24641102 0.27599206 0.31258551]  max|de|= -1.18e-08  lindep= 0.854
davidson 29 9  |r|= 0.000123  e= [0.23299402 0.23476508 0.24641102 0.27599206 0.3125855 ]  max|de|= -1.23e-08  lindep= 0.855
davidson 30 11  |r|= 0.000102  e= [0.23299402 0.23476508 0.24641102 0.27599206 0.31258549]  max|de|= -1.17e-08  lindep= 0.845
root 3 converged  |r|= 9.45e-06  e= 0.2759920570129727  max|de|= -3.96e-10
davidson 31 13  |r|= 5.16e-05  e= [0.23299402 0.23476508 0.24641102 0.27599206 0.31258548]  max|de|= -6.28e-09  lindep= 0.882
davidson 32 14  |r|= 5.89e-05  e= [0.23299402 0.23476508 0.24641102 0.27599206 0.31258548]  max|de|= -6.33e-09  lindep= 0.904
davidson 33 15  |r|= 7.65e-05  e= [0.23299402 0.23476508 0.24641102 0.27599206 0.31258547]  max|de|= -8.32e-09  lindep= 0.953
davidson 34 16  |r|= 4.61e-05  e= [0.23299402 0.23476508 0.24641102 0.27599206 0.31258546]  max|de|= -7.9e-09  lindep= 0.938
davidson 35 5  |r|= 4.61e-05  e= [0.23299402 0.23476508 0.24641102 0.27599206 0.31258546]  max|de|= -8.88e-16  lindep= 0.996
davidson 36 6  |r|= 2.23e-05  e= [0.23299402 0.23476508 0.24641102 0.27599206 0.31258546]  max|de|= -2.33e-09  lindep= 0.974
root 4 converged  |r|= 1.22e-05  e= 0.3125854555869244  max|de|= -9.61e-10
converged 37 7  |r|= 1.22e-05  e= [0.23299402 0.23476508 0.24641102 0.27599206 0.31258546]  max|de|= -9.61e-10
    CPU time for TDA    245.94 sec, wall time      8.79 sec
Excited State energies (eV)
[6.34009033 6.3882832  6.70518532 7.5101264  8.5058835 ]
