 
:: initializing oneAPI environment ...
   slurm_script: BASH_VERSION = 4.2.46(1)-release
   args: Using "$@" for setvars.sh arguments: --force
:: advisor -- latest
:: ccl -- latest
:: clck -- latest
:: compiler -- latest
:: dal -- latest
:: debugger -- latest
:: dev-utilities -- latest
:: dnnl -- latest
:: dpcpp-ct -- latest
:: dpl -- latest
:: inspector -- latest
:: intelpython -- latest
:: ipp -- latest
:: ippcp -- latest
:: ipp -- latest
:: itac -- latest
:: mkl -- latest
:: mpi -- latest
:: tbb -- latest
:: vpl -- latest
:: vtune -- latest
:: oneAPI environment initialized ::
 
SLURM_CPUS_PER_TASK = 28
SLURM_MEM_PER_NODE = 256000
#INFO: **** input file is /home/yangjunjie/work/py-ch3-cl/work/step_2/main.py ****
import sys
import pyscf
from pyscf import tdscf

def main(xyz_file, basis="631g*", xc="b3lyp", output="ene.out"):
    xyz = None

    with open(xyz_file, "r") as xyz:
        xyz = xyz.readlines()[2:]
        xyz = "".join(xyz)

    mol = pyscf.gto.Mole()
    mol.atom = xyz
    mol.basis = basis
    mol.verbose = 5
    mol.build()

    if xc is not None and xc != "hf":
        mf = pyscf.scf.RKS(mol)
        mf.xc = xc
        mf.kernel()
    else:
        mf = pyscf.scf.RHF(mol)
        mf.kernel()

    ene_mf = mf.e_tot

    with open(output, "w") as f:
        tda = pyscf.tdscf.TDA(mf)
        tda.nstates = 5
        tda.max_space = 8
        tda.max_cycle = 2000
        tda.kernel()

        con_tda = tda.converged
        ene_tda = tda.e[:5]
        dip_tda = tda.transition_dipole()[:5]

        f.write(f"RKS energy: {ene_mf: 12.8f}\n")
        f.write("TDA results:\n")
        for i, (con, ene, dip) in enumerate(zip(con_tda, ene_tda, dip_tda)):
            f.write(f" {i:2d} {con} {ene: 12.8f} {dip[0]: 12.8f} {dip[1]: 12.8f} {dip[2]: 12.8f}\n")

        # rpa = pyscf.tdscf.RPA(mf)
        # rpa.nstates = 5
        # rpa.max_space = 8
        # rpa.max_cycle = 2000
        # rpa.kernel()

        # con_rpa = rpa.converged
        # ene_rpa = rpa.e[:5]
        # dip_rpa = rpa.transition_dipole()[:5]
        
        # f.write("\nRPA results:\n")
        # for i, (con, ene, dip) in enumerate(zip(con_rpa, ene_rpa, dip_rpa)):
        #     f.write(f" {i:2d} {con} {ene: 12.8f} {dip[0]: 12.8f} {dip[1]: 12.8f} {dip[2]: 12.8f}\n")

if __name__ == "__main__":
    xyz = sys.argv[1]
    main(xyz, basis="631g*", xc="b3lyp", output="out.log")
#INFO: ******************** input file end ********************


System: uname_result(system='Linux', node='pauling003', release='3.10.0-327.36.3.el7.x86_64', version='#1 SMP Thu Oct 20 04:56:07 EDT 2016', machine='x86_64')  Threads 28
Python 3.9.7 (default, Oct 27 2021, 01:23:21) 
[GCC 9.3.0]
numpy 1.21.2  scipy 1.6.2
Date: Tue Sep 27 23:37:15 2022
PySCF version 2.0.1
PySCF path  /home/yangjunjie/packages/pyscf/pyscf-main
GIT ORIG_HEAD 14b880cdc4bf7bb64f3989a147c0b04622efc498
GIT HEAD (branch master) 9d5b5bd309d1cc55fbd1a0ec76e26b5b0c7f76af

[ENV] PYSCF_MAX_MEMORY 256000
[ENV] PYSCF_TMPDIR /scratch/global/yangjunjie/
[CONFIG] conf_file /home/yangjunjie/.pyscf_conf.py
[INPUT] verbose = 5
[INPUT] max_memory = 256000 
[INPUT] num. atoms = 16
[INPUT] num. electrons = 68
[INPUT] charge = 0
[INPUT] spin (= nelec alpha-beta = 2S) = 0
[INPUT] symmetry False subgroup None
[INPUT] Mole.unit = angstrom
[INPUT]  1 C      0.000000010000   1.167221150000   1.012743320000 AA    0.000000018897   2.205728300300   1.913807509283 Bohr
[INPUT]  2 C      0.000000010000   1.191837900000   2.404439290000 AA    0.000000018897   2.252247215877   4.543731741244 Bohr
[INPUT]  3 C     -0.000000020000  -0.011993860000   3.101785790000 AA   -0.000000037795  -0.022665110576   5.861525640168 Bohr
[INPUT]  4 C     -0.000000010000  -1.204318280000   2.382239540000 AA   -0.000000018897  -2.275831716007   4.501780293710 Bohr
[INPUT]  5 C      0.000000010000  -1.154466880000   0.992980550000 AA    0.000000018897  -2.181626223081   1.876461286520 Bohr
[INPUT]  6 N      0.000000010000   0.013115530000   0.323065090000 AA    0.000000018897   0.024784759679   0.610504540508 Bohr
[INPUT]  7 C      0.000000000000   0.005843990000  -1.354652550000 AA    0.000000000000   0.011043540575  -2.559922313444 Bohr
[INPUT]  8 H      0.000000020000   2.075387050000   0.425573190000 AA    0.000000037795   3.921913126969   0.804216775057 Bohr
[INPUT]  9 H     -0.000000010000   2.141449810000   2.925523310000 AA   -0.000000018897   4.046753650402   5.528437826931 Bohr
[INPUT] 10 H     -0.000000010000  -0.022077770000   4.186681350000 AA   -0.000000018897  -0.041720938741   7.911681122324 Bohr
[INPUT] 11 H     -0.000000020000  -2.163106260000   2.886014250000 AA   -0.000000037795  -4.087678409732   5.453776524092 Bohr
[INPUT] 12 H      0.000000000000  -2.050014430000   0.386400730000 AA    0.000000000000  -3.873965824106   0.730191554032 Bohr
[INPUT] 13 H     -0.000000020000   1.052125330000  -1.637960290000 AA   -0.000000037795   1.988228722418  -3.095296351013 Bohr
[INPUT] 14 H     -0.908812950000  -0.517859930000  -1.630621030000 AA   -1.717407573958  -0.978613438586  -3.081427159656 Bohr
[INPUT] 15 H      0.908812960000  -0.517859880000  -1.630621040000 AA    1.717407592855  -0.978613344100  -3.081427178553 Bohr
[INPUT] 16 Cl    -0.000000010000   0.002979130000  -3.999846010000 AA   -0.000000018897   0.005629739789  -7.558613499334 Bohr
[INPUT] ---------------- BASIS SET ---------------- 
[INPUT] l, kappa, [nprim/nctr], expnt,             c_1 c_2 ...
[INPUT] Cl
[INPUT] 0    0    [6    /1   ]  25180.1           0.001833
                                3780.35           0.014034
                                860.474           0.069097
                                242.145           0.237452
                                77.3349           0.483034
                                26.247            0.339856
[INPUT] 0    0    [6    /1   ]  491.765           -0.0022974
                                116.984           -0.030714
                                37.4153           -0.112528
                                13.7834           0.045016
                                5.45215           0.589353
                                2.22588           0.465206
[INPUT] 0    0    [3    /1   ]  3.18649           -0.25183
                                1.14427           0.061589
                                0.420377          1.06018
[INPUT] 0    0    [1    /1   ]  0.142657             1
[INPUT] 1    0    [6    /1   ]  491.765           0.0039894
                                116.984           0.030318
                                37.4153           0.12988
                                13.7834           0.327951
                                5.45215           0.453527
                                2.22588           0.252154
[INPUT] 1    0    [3    /1   ]  3.18649           -0.014299
                                1.14427           0.323572
                                0.420377          0.743507
[INPUT] 1    0    [1    /1   ]  0.142657             1
[INPUT] 2    0    [1    /1   ]  0.75                 1
[INPUT] C
[INPUT] 0    0    [6    /1   ]  3047.5249         0.0018347
                                457.36951         0.0140373
                                103.94869         0.0688426
                                29.210155         0.2321844
                                9.286663          0.4679413
                                3.163927          0.362312
[INPUT] 0    0    [3    /1   ]  7.8682724         -0.1193324
                                1.8812885         -0.1608542
                                0.5442493         1.1434564
[INPUT] 0    0    [1    /1   ]  0.1687144            1
[INPUT] 1    0    [3    /1   ]  7.8682724         0.0689991
                                1.8812885         0.316424
                                0.5442493         0.7443083
[INPUT] 1    0    [1    /1   ]  0.1687144            1
[INPUT] 2    0    [1    /1   ]  0.8                  1
[INPUT] N
[INPUT] 0    0    [6    /1   ]  4173.511          0.0018348
                                627.4579          0.013995
                                142.9021          0.068587
                                40.23433          0.232241
                                12.82021          0.46907
                                4.390437          0.360455
[INPUT] 0    0    [3    /1   ]  11.626358         -0.114961
                                2.71628           -0.169118
                                0.772218          1.145852
[INPUT] 0    0    [1    /1   ]  0.2120313            1
[INPUT] 1    0    [3    /1   ]  11.626358         0.06758
                                2.71628           0.323907
                                0.772218          0.740895
[INPUT] 1    0    [1    /1   ]  0.2120313            1
[INPUT] 2    0    [1    /1   ]  0.8                  1
[INPUT] H
[INPUT] 0    0    [3    /1   ]  18.731137         0.0334946
                                2.8253937         0.23472695
                                0.6401217         0.81375733
[INPUT] 0    0    [1    /1   ]  0.1612778            1

nuclear repulsion = 379.116092840911
number of shells = 66
number of NR pGTOs = 272
number of NR cGTOs = 132
basis = 631g*
ecp = {}
CPU time:         0.36


******** <class 'pyscf.dft.rks.RKS'> ********
method = RKS
initial guess = minao
damping factor = 0
level_shift factor = 0
DIIS = <class 'pyscf.scf.diis.CDIIS'>
diis_start_cycle = 1
diis_space = 8
SCF conv_tol = 1e-09
SCF conv_tol_grad = None
SCF max_cycles = 50
direct_scf = True
direct_scf_tol = 1e-13
chkfile to save SCF result = /scratch/global/yangjunjie/tmppnf5o_r4
max_memory 256000 MB (current use 81 MB)
XC library pyscf.dft.libxc version 5.2.0
    S. Lehtola, C. Steigemann, M. J. Oliveira, and M. A. Marques, SoftwareX 7, 1 (2018)
XC functionals = b3lyp
    P. A. M. Dirac, Math. Proc. Cambridge Philos. Soc. 26, 376 (1930)
    F. Bloch, Z. Phys. 57, 545 (1929)
    A. D. Becke, Phys. Rev. A 38, 3098 (1988)
    C. Lee, W. Yang, and R. G. Parr, Phys. Rev. B 37, 785 (1988)
    B. Miehlich, A. Savin, H. Stoll, and H. Preuss, Chem. Phys. Lett. 157, 200 (1989)
    S. H. Vosko, L. Wilk, and M. Nusair, Can. J. Phys. 58, 1200 (1980)
radial grids: 
    Treutler-Ahlrichs [JCP 102, 346 (1995); DOI:10.1063/1.469408] (M4) radial grids
    
becke partition: Becke, JCP 88, 2547 (1988); DOI:10.1063/1.454033
pruning grids: <function nwchem_prune at 0x7efc3de24ee0>
grids dens level: 3
symmetrized grids: False
atomic radii adjust function: <function treutler_atomic_radii_adjust at 0x7efc3de24e50>
small_rho_cutoff = 1e-07
Set gradient conv threshold to 3.16228e-05
atom C rad-grids = 75, ang-grids = [ 50  50  50  50  50  50  50  50  50  50  50  50  50  50  50  50  50  50
  50  50  50  50  50  86  86  86  86  86  86  86  86  86  86 266 266 266
 266 266 266 266 302 302 302 302 302 302 302 302 302 302 302 302 302 302
 302 302 302 302 302 302 266 266 266 266 266 266 266 266 266 266 266 266
 266 266 266]
atom N rad-grids = 75, ang-grids = [ 50  50  50  50  50  50  50  50  50  50  50  50  50  50  50  50  50  50
  50  50  50  50  50  86  86  86  86  86  86  86  86  86 266 266 266 266
 266 266 266 302 302 302 302 302 302 302 302 302 302 302 302 302 302 302
 302 302 302 302 266 266 266 266 266 266 266 266 266 266 266 266 266 266
 266 266 266]
atom H rad-grids = 50, ang-grids = [ 50  50  50  50  50  50  50  50  50  50  50  50  50  50  86  86  86  86
 266 266 266 266 302 302 302 302 302 302 302 302 302 302 302 302 302 266
 266 266 266 266 266 266 266 266 266 266 266 266 266 266]
atom Cl rad-grids = 80, ang-grids = [ 50  50  50  50  50  50  50  50  50  50  50  50  50  50  50  50  50  50
  50  50  50  50  50  50  86  86  86  86  86  86  86  86  86  86  86  86
  86 350 350 350 350 350 350 350 350 350 434 434 434 434 434 434 434 434
 434 434 434 434 434 434 434 434 434 434 350 350 350 350 350 350 350 350
 350 350 350 350 350 350 350 350]
tot grids = 196530
Drop grids 33557
    CPU time for setting up grids      3.07 sec, wall time      0.13 sec
nelec by numeric integration = 67.97674434450322
    CPU time for vxc      6.00 sec, wall time      0.21 sec
E1 = -1771.525643204697  Ecoul = 713.8127836965484  Exc = -70.34522895156707
init E= -748.941995618804
cond(S) = 6516.641545279823
    CPU time for initialize scf     16.13 sec, wall time      0.66 sec
  HOMO = -0.294354746783404  LUMO = -0.103346990971382
  mo_energy =
[-1.01593465e+02 -1.44115823e+01 -1.02915483e+01 -1.02907688e+01
 -1.02900380e+01 -1.02844544e+01 -1.02843410e+01 -1.02810767e+01
 -9.53318189e+00 -7.28878496e+00 -7.28874608e+00 -7.28874464e+00
 -1.10622024e+00 -9.48865758e-01 -8.86038953e-01 -8.51297041e-01
 -7.95578720e-01 -7.13090017e-01 -7.02802564e-01 -5.78261423e-01
 -5.34930874e-01 -5.14171570e-01 -4.76687876e-01 -4.69277644e-01
 -4.68823644e-01 -4.41654740e-01 -4.19292934e-01 -3.96860777e-01
 -3.90187554e-01 -3.55246884e-01 -3.54308279e-01 -3.38594376e-01
 -3.21865055e-01 -2.94354747e-01 -1.03346991e-01 -7.95126827e-02
 -2.01077869e-03  6.25297449e-02  6.87294165e-02  7.48468799e-02
  9.53386936e-02  1.16822748e-01  1.29389860e-01  1.37377176e-01
  1.38260454e-01  1.56537685e-01  2.16175140e-01  2.36059783e-01
  2.53785836e-01  2.64505114e-01  3.37613534e-01  3.79304687e-01
  4.04074157e-01  4.18325920e-01  4.21646454e-01  4.54609344e-01
  4.74413380e-01  4.81975129e-01  4.95696898e-01  5.23060541e-01
  5.31409347e-01  5.39459560e-01  5.42790484e-01  5.51412736e-01
  5.65397380e-01  5.67432801e-01  5.84021988e-01  6.14000859e-01
  6.32451894e-01  6.63009035e-01  7.01171601e-01  7.58012038e-01
  7.70625555e-01  7.73009898e-01  7.83719533e-01  7.86259162e-01
  8.02680157e-01  8.05971261e-01  8.13705258e-01  8.21564133e-01
  8.59144115e-01  8.65408063e-01  8.89765027e-01  9.01033755e-01
  9.10420861e-01  9.49170172e-01  9.76807795e-01  1.03296961e+00
  1.04054512e+00  1.08692705e+00  1.12129073e+00  1.15113077e+00
  1.17769516e+00  1.20715955e+00  1.29683486e+00  1.34568477e+00
  1.37239182e+00  1.40334995e+00  1.40991320e+00  1.41245963e+00
  1.44345323e+00  1.48902233e+00  1.64362902e+00  1.67222977e+00
  1.71197062e+00  1.78769681e+00  1.79848778e+00  1.85427010e+00
  1.86439135e+00  1.89681716e+00  1.97628608e+00  2.06183359e+00
  2.08216080e+00  2.08859262e+00  2.10452697e+00  2.11821012e+00
  2.15761341e+00  2.21180374e+00  2.22438426e+00  2.24779197e+00
  2.30288459e+00  2.33565789e+00  2.49533669e+00  2.50855346e+00
  2.60061103e+00  2.60914711e+00  2.65521483e+00  2.67207250e+00
  2.68624299e+00  2.74459565e+00  2.94746765e+00  3.32759338e+00]
nelec by numeric integration = 68.00012321025731
    CPU time for vxc      5.84 sec, wall time      0.21 sec
E1 = -1778.3947979876286  Ecoul = 722.057336720608  Exc = -70.75639679726403
cycle= 1 E= -747.977765223373  delta_E= 0.964  |g|= 0.559  |ddm|= 3.83
    CPU time for cycle= 1      6.33 sec, wall time      0.23 sec
  HOMO = -0.0522990084226283  LUMO = -0.0188927203111385
  mo_energy =
[-1.00958073e+02 -1.46608462e+01 -1.03576906e+01 -1.03557123e+01
 -1.02082116e+01 -1.02019404e+01 -1.01933506e+01 -1.01931973e+01
 -8.95067344e+00 -6.70199001e+00 -6.70159025e+00 -6.70157748e+00
 -1.14458196e+00 -8.88369108e-01 -8.78935352e-01 -7.62033163e-01
 -7.43434543e-01 -7.05628923e-01 -6.14680593e-01 -5.86579555e-01
 -5.71890144e-01 -5.48465964e-01 -5.25906648e-01 -5.14722175e-01
 -4.45280077e-01 -4.32034114e-01 -4.29006426e-01 -4.26907022e-01
 -4.25668484e-01 -3.66708463e-01 -3.55427123e-01 -1.43974994e-01
 -9.33763416e-02 -5.22990084e-02 -1.88927203e-02 -1.81136018e-02
  2.15507726e-02  6.11284050e-02  6.38709470e-02  6.75030214e-02
  7.32491459e-02  9.76392764e-02  1.10504416e-01  1.34686603e-01
  1.54033570e-01  1.76433123e-01  1.89610047e-01  2.10305394e-01
  2.34520207e-01  2.55266747e-01  3.51538045e-01  3.73706886e-01
  4.07221202e-01  4.37443453e-01  4.60583024e-01  4.89385468e-01
  5.02048487e-01  5.05297489e-01  5.25789354e-01  5.30024435e-01
  5.58952458e-01  5.62670377e-01  5.72839713e-01  5.92376640e-01
  6.06205429e-01  6.52686092e-01  6.66440016e-01  6.99358619e-01
  7.14207589e-01  7.35450623e-01  7.40954951e-01  7.42366533e-01
  7.49372995e-01  7.87085200e-01  7.93824672e-01  8.34962922e-01
  8.36850105e-01  8.64793678e-01  9.00935213e-01  9.01866827e-01
  9.18907817e-01  9.29358916e-01  9.88841237e-01  1.01303460e+00
  1.02107819e+00  1.10433867e+00  1.11557510e+00  1.13383286e+00
  1.14383688e+00  1.22284179e+00  1.22886514e+00  1.23048861e+00
  1.24021902e+00  1.25310843e+00  1.29038516e+00  1.35325286e+00
  1.36534813e+00  1.37445741e+00  1.40865748e+00  1.41640952e+00
  1.41872566e+00  1.42058364e+00  1.59119194e+00  1.63097269e+00
  1.71247559e+00  1.77218563e+00  1.80730610e+00  1.85586981e+00
  1.85947724e+00  1.89888091e+00  1.97075998e+00  2.03333078e+00
  2.03678558e+00  2.07809164e+00  2.08448781e+00  2.08813293e+00
  2.18879252e+00  2.21096169e+00  2.24259863e+00  2.26207510e+00
  2.26560267e+00  2.32886867e+00  2.47590531e+00  2.48350254e+00
  2.58246124e+00  2.59668020e+00  2.64822764e+00  2.65778588e+00
  2.66033245e+00  2.72277267e+00  2.92675794e+00  3.31509303e+00]
nelec by numeric integration = 68.00017637276238
    CPU time for vxc      6.12 sec, wall time      0.22 sec
E1 = -1775.4720759704032  Ecoul = 724.8611613858731  Exc = -70.54073125107442
cycle= 2 E= -742.035552994693  delta_E= 5.94  |g|= 2.97  |ddm|= 4.93
    CPU time for cycle= 2      6.62 sec, wall time      0.24 sec
  HOMO = -0.158415620239127  LUMO = -0.0683317786348725
  mo_energy =
[-1.01238376e+02 -1.45082451e+01 -1.02473159e+01 -1.02462446e+01
 -1.01878757e+01 -1.01375133e+01 -1.01200041e+01 -1.01199408e+01
 -9.20109084e+00 -6.95516486e+00 -6.95515189e+00 -6.95429195e+00
 -1.03863890e+00 -8.05519717e-01 -7.98042030e-01 -7.20406320e-01
 -6.63714789e-01 -6.38347663e-01 -6.12852554e-01 -5.54417758e-01
 -5.08969095e-01 -4.89641274e-01 -4.86710091e-01 -4.56970396e-01
 -4.51213172e-01 -4.19299649e-01 -4.08732374e-01 -3.67253631e-01
 -3.66441397e-01 -2.98490071e-01 -2.78562183e-01 -1.63086699e-01
 -1.58717205e-01 -1.58415620e-01 -6.83317786e-02 -2.64399029e-02
  4.06022722e-02  1.01978846e-01  1.06867129e-01  1.11362137e-01
  1.26923276e-01  1.27031504e-01  1.57671999e-01  1.62657828e-01
  1.75115644e-01  1.79613325e-01  2.49458363e-01  2.66666629e-01
  2.95555658e-01  3.09428862e-01  3.99579518e-01  4.40178169e-01
  4.66080212e-01  4.82007378e-01  5.06029013e-01  5.34201136e-01
  5.41311542e-01  5.58771634e-01  5.67595591e-01  5.71812458e-01
  5.79135583e-01  5.92154843e-01  5.96760561e-01  6.20569756e-01
  6.24951373e-01  6.27621699e-01  6.52232321e-01  6.62669012e-01
  7.10575635e-01  7.24443484e-01  7.47037665e-01  7.95633952e-01
  8.00140346e-01  8.06220344e-01  8.43134224e-01  8.49307547e-01
  8.80962256e-01  9.01300757e-01  9.16988425e-01  9.38702234e-01
  9.45420943e-01  9.83116754e-01  9.98134104e-01  1.05042249e+00
  1.05079364e+00  1.05573292e+00  1.06567080e+00  1.07547801e+00
  1.08806254e+00  1.15799849e+00  1.16255658e+00  1.18000317e+00
  1.22135406e+00  1.30023758e+00  1.31860193e+00  1.35493364e+00
  1.42687894e+00  1.42825039e+00  1.45794196e+00  1.48437523e+00
  1.49047369e+00  1.49612444e+00  1.65392915e+00  1.70111688e+00
  1.77656278e+00  1.84136965e+00  1.84250687e+00  1.91222261e+00
  1.92997403e+00  1.96034671e+00  2.04912199e+00  2.11411806e+00
  2.12181971e+00  2.15326226e+00  2.16013288e+00  2.16454821e+00
  2.22536335e+00  2.27462181e+00  2.28982113e+00  2.30597040e+00
  2.33872015e+00  2.38300746e+00  2.55288058e+00  2.55941336e+00
  2.66216904e+00  2.66977841e+00  2.72727529e+00  2.73622682e+00
  2.74344206e+00  2.78880434e+00  3.00491149e+00  3.39434234e+00]
nelec by numeric integration = 68.00013900918911
    CPU time for vxc      5.92 sec, wall time      0.21 sec
E1 = -1772.962912635777  Ecoul = 716.1229535687477  Exc = -70.2897386893431
cycle= 3 E= -748.013604915461  delta_E= -5.98  |g|= 0.508  |ddm|= 4.44
    CPU time for cycle= 3      6.43 sec, wall time      0.23 sec
  HOMO = -0.133487987369838  LUMO = -0.106694318863462
  mo_energy =
[-1.01257621e+02 -1.44311688e+01 -1.02901585e+01 -1.02891962e+01
 -1.02878733e+01 -1.02713373e+01 -1.02709766e+01 -1.02160835e+01
 -9.20392353e+00 -6.95947411e+00 -6.95921881e+00 -6.95921604e+00
 -1.03577258e+00 -8.89252122e-01 -8.39225680e-01 -7.33796763e-01
 -7.11731122e-01 -6.86745987e-01 -6.00700133e-01 -5.82538406e-01
 -5.60954888e-01 -5.39846380e-01 -5.03752013e-01 -4.89487499e-01
 -4.88858532e-01 -4.39512819e-01 -4.21160957e-01 -4.18286570e-01
 -4.09195323e-01 -3.58248842e-01 -3.33970795e-01 -1.38920053e-01
 -1.33619273e-01 -1.33487987e-01 -1.06694319e-01 -8.22410954e-02
  2.55803697e-02  6.80298509e-02  7.69296635e-02  8.46790851e-02
  1.06921825e-01  1.10990765e-01  1.27840525e-01  1.41669325e-01
  1.73187966e-01  1.84244925e-01  2.20962346e-01  2.25978650e-01
  2.50656913e-01  2.69008563e-01  3.71931301e-01  3.95525485e-01
  4.40801878e-01  4.64477861e-01  4.92116393e-01  4.95185110e-01
  5.12256485e-01  5.23697860e-01  5.26217265e-01  5.34191652e-01
  5.38276206e-01  5.65757699e-01  5.68578038e-01  5.75253475e-01
  5.99226115e-01  5.99800164e-01  6.07645941e-01  6.63206544e-01
  6.79189238e-01  7.25491100e-01  7.42735654e-01  7.66468362e-01
  7.67149563e-01  7.86832348e-01  7.97978976e-01  8.09817522e-01
  8.52904830e-01  8.59519387e-01  9.02892483e-01  9.09502102e-01
  9.20809869e-01  9.64528379e-01  9.84355799e-01  1.02099975e+00
  1.04139940e+00  1.07730727e+00  1.07749323e+00  1.08982071e+00
  1.09831607e+00  1.10721832e+00  1.13961799e+00  1.16141240e+00
  1.17106786e+00  1.29504509e+00  1.31768351e+00  1.32808986e+00
  1.37689157e+00  1.39275045e+00  1.39782939e+00  1.40470106e+00
  1.43415852e+00  1.47710893e+00  1.64337600e+00  1.67851559e+00
  1.72740119e+00  1.78204097e+00  1.83466600e+00  1.86029703e+00
  1.87987039e+00  1.90728001e+00  1.98012489e+00  2.05781218e+00
  2.08419392e+00  2.09012944e+00  2.10574320e+00  2.11506316e+00
  2.20296663e+00  2.22606389e+00  2.25829097e+00  2.27275197e+00
  2.30087396e+00  2.35967188e+00  2.49423448e+00  2.50864748e+00
  2.60309373e+00  2.60938750e+00  2.66616454e+00  2.68213628e+00
  2.69143587e+00  2.75829794e+00  2.95327737e+00  3.33752243e+00]
nelec by numeric integration = 68.00013342235353
    CPU time for vxc      5.89 sec, wall time      0.21 sec
E1 = -1774.02548472942  Ecoul = 717.2073917866337  Exc = -70.37929261319385
cycle= 4 E= -748.081292715069  delta_E= -0.0677  |g|= 0.136  |ddm|= 0.66
    CPU time for cycle= 4      6.42 sec, wall time      0.23 sec
  HOMO = -0.166773779213225  LUMO = -0.111041594922427
  mo_energy =
[-1.01377797e+02 -1.44707402e+01 -1.03080380e+01 -1.03080289e+01
 -1.02715926e+01 -1.02714901e+01 -1.02664947e+01 -1.02445257e+01
 -9.29921772e+00 -7.05767462e+00 -7.05679001e+00 -7.05642533e+00
 -1.05295141e+00 -8.86695328e-01 -8.47467324e-01 -7.43695246e-01
 -7.18950621e-01 -6.94585361e-01 -6.29738385e-01 -5.96902249e-01
 -5.66472311e-01 -5.43415198e-01 -5.09884929e-01 -5.02639561e-01
 -4.92726717e-01 -4.41581061e-01 -4.31303422e-01 -4.30071603e-01
 -4.19175816e-01 -3.61813038e-01 -3.39914641e-01 -1.72418693e-01
 -1.66973093e-01 -1.66773779e-01 -1.11041595e-01 -8.61525155e-02
  1.96179340e-02  6.50203251e-02  7.15916313e-02  8.10145915e-02
  9.73045845e-02  1.08400859e-01  1.24233120e-01  1.38111516e-01
  1.65131753e-01  1.75517498e-01  2.15109354e-01  2.24317396e-01
  2.45853277e-01  2.63374695e-01  3.66647566e-01  3.90163656e-01
  4.34702133e-01  4.60441477e-01  4.78213429e-01  4.89138759e-01
  5.03911871e-01  5.19048294e-01  5.23591473e-01  5.33710362e-01
  5.37939717e-01  5.57337403e-01  5.60459456e-01  5.61863796e-01
  5.80409191e-01  5.91729958e-01  5.96877330e-01  6.57546364e-01
  6.57968528e-01  7.10943938e-01  7.31203547e-01  7.61790396e-01
  7.70382167e-01  7.76828731e-01  7.92303553e-01  7.94677358e-01
  8.50284477e-01  8.59132739e-01  8.95082974e-01  8.96618190e-01
  9.12299795e-01  9.54150145e-01  9.74472022e-01  1.01261806e+00
  1.03447066e+00  1.03457676e+00  1.03726437e+00  1.04838439e+00
  1.06474349e+00  1.10504952e+00  1.13360945e+00  1.14434627e+00
  1.16506242e+00  1.28671896e+00  1.28980846e+00  1.32317803e+00
  1.36790613e+00  1.38775894e+00  1.39591218e+00  1.40706398e+00
  1.42526816e+00  1.46493908e+00  1.63302906e+00  1.66623318e+00
  1.72205530e+00  1.78159380e+00  1.81970645e+00  1.86046893e+00
  1.87066691e+00  1.90087310e+00  1.97796954e+00  2.05196283e+00
  2.07415395e+00  2.08520718e+00  2.10436491e+00  2.10765911e+00
  2.19365068e+00  2.21947965e+00  2.25216400e+00  2.25848514e+00
  2.28977791e+00  2.34844262e+00  2.48966328e+00  2.50626617e+00
  2.59842760e+00  2.60167696e+00  2.65977584e+00  2.67636217e+00
  2.68767389e+00  2.74696761e+00  2.94533265e+00  3.33155217e+00]
nelec by numeric integration = 68.00013116076468
    CPU time for vxc      5.85 sec, wall time      0.21 sec
E1 = -1775.5775689617037  Ecoul = 718.8705894976531  Exc = -70.49402725013195
cycle= 5 E= -748.084913873271  delta_E= -0.00362  |g|= 0.0664  |ddm|= 0.273
    CPU time for cycle= 5      6.35 sec, wall time      0.23 sec
  HOMO = -0.153056167606063  LUMO = -0.110327844659731
  mo_energy =
[-1.01340992e+02 -1.44663434e+01 -1.03017645e+01 -1.03006859e+01
 -1.02778875e+01 -1.02660629e+01 -1.02659970e+01 -1.02371457e+01
 -9.26888266e+00 -7.02693258e+00 -7.02571787e+00 -7.02539465e+00
 -1.04923971e+00 -8.87323103e-01 -8.44681880e-01 -7.41998277e-01
 -7.17737310e-01 -6.93322795e-01 -6.15490022e-01 -5.95125017e-01
 -5.65500007e-01 -5.43415867e-01 -5.08210382e-01 -5.00364598e-01
 -4.93507569e-01 -4.42126775e-01 -4.29388747e-01 -4.28767388e-01
 -4.17719259e-01 -3.62352811e-01 -3.37922210e-01 -1.59167260e-01
 -1.53076563e-01 -1.53056168e-01 -1.10327845e-01 -8.42717256e-02
  2.09548101e-02  6.53228157e-02  7.17759911e-02  8.11427419e-02
  9.86911627e-02  1.07987605e-01  1.23917778e-01  1.37601933e-01
  1.66480754e-01  1.77303789e-01  2.15864327e-01  2.23553025e-01
  2.46580928e-01  2.64221426e-01  3.66582709e-01  3.91718490e-01
  4.35842859e-01  4.60330771e-01  4.85582169e-01  4.89038755e-01
  5.05648816e-01  5.20187986e-01  5.24596486e-01  5.33551789e-01
  5.37054979e-01  5.60004546e-01  5.63842405e-01  5.65813716e-01
  5.88432440e-01  5.96329787e-01  5.98730173e-01  6.58848695e-01
  6.65693500e-01  7.15799121e-01  7.34578460e-01  7.62917317e-01
  7.69267773e-01  7.78943862e-01  7.93149700e-01  7.96676732e-01
  8.50163036e-01  8.58379422e-01  8.97703847e-01  8.98217375e-01
  9.13722827e-01  9.55503653e-01  9.75983620e-01  1.01524698e+00
  1.03653570e+00  1.05240006e+00  1.05306528e+00  1.06477643e+00
  1.07807556e+00  1.10409712e+00  1.13467560e+00  1.14922897e+00
  1.16630439e+00  1.28859732e+00  1.29948031e+00  1.32278836e+00
  1.37010592e+00  1.38765439e+00  1.39577004e+00  1.40555776e+00
  1.42780071e+00  1.46675555e+00  1.63469867e+00  1.66850878e+00
  1.72359014e+00  1.78114289e+00  1.82248137e+00  1.85971865e+00
  1.87240360e+00  1.90275272e+00  1.97866985e+00  2.05381468e+00
  2.07634388e+00  2.08682876e+00  2.10409136e+00  2.10864245e+00
  2.19488285e+00  2.22155737e+00  2.25241502e+00  2.26090249e+00
  2.29172711e+00  2.35116606e+00  2.49121920e+00  2.50626300e+00
  2.59946834e+00  2.60279575e+00  2.66179310e+00  2.67751712e+00
  2.68808169e+00  2.74963766e+00  2.94702932e+00  3.33294012e+00]
nelec by numeric integration = 68.00013220434136
    CPU time for vxc      5.86 sec, wall time      0.21 sec
E1 = -1775.0732855425542  Ecoul = 718.3265098962734  Exc = -70.45581099174605
cycle= 6 E= -748.086493797116  delta_E= -0.00158  |g|= 0.0127  |ddm|= 0.138
    CPU time for cycle= 6      6.37 sec, wall time      0.23 sec
  HOMO = -0.152002856548731  LUMO = -0.108898825554557
  mo_energy =
[-1.01335678e+02 -1.44628044e+01 -1.03013826e+01 -1.03008336e+01
 -1.02722345e+01 -1.02664998e+01 -1.02662693e+01 -1.02331752e+01
 -9.26490329e+00 -7.02288725e+00 -7.02160577e+00 -7.02122440e+00
 -1.04808122e+00 -8.85895209e-01 -8.44301450e-01 -7.40364938e-01
 -7.16776986e-01 -6.92385660e-01 -6.14147683e-01 -5.93931486e-01
 -5.64448956e-01 -5.42968086e-01 -5.07987068e-01 -4.99302564e-01
 -4.91635014e-01 -4.41210758e-01 -4.28042685e-01 -4.27526962e-01
 -4.16514451e-01 -3.60841149e-01 -3.37702099e-01 -1.57893329e-01
 -1.52027634e-01 -1.52002857e-01 -1.08898826e-01 -8.37715078e-02
  2.18471482e-02  6.62754525e-02  7.30230357e-02  8.13768181e-02
  9.94574671e-02  1.08756303e-01  1.24243545e-01  1.38256876e-01
  1.67247050e-01  1.78073898e-01  2.16773406e-01  2.24479264e-01
  2.47278536e-01  2.64871586e-01  3.67363882e-01  3.92135270e-01
  4.36407159e-01  4.61266537e-01  4.86470539e-01  4.90113385e-01
  5.06185932e-01  5.20437919e-01  5.25230884e-01  5.34474950e-01
  5.38024962e-01  5.60782001e-01  5.64785262e-01  5.66648128e-01
  5.89230588e-01  5.97268770e-01  5.99304213e-01  6.59578908e-01
  6.66682109e-01  7.16758852e-01  7.35458972e-01  7.63225154e-01
  7.70548271e-01  7.79954173e-01  7.93428432e-01  7.97931225e-01
  8.51143236e-01  8.59226038e-01  8.98600907e-01  8.99406756e-01
  9.14622367e-01  9.56325311e-01  9.76987588e-01  1.01575720e+00
  1.03741330e+00  1.05400025e+00  1.05466676e+00  1.06627946e+00
  1.07948953e+00  1.10483611e+00  1.13543030e+00  1.15031481e+00
  1.16721808e+00  1.28960608e+00  1.30084960e+00  1.32387509e+00
  1.37094874e+00  1.38823439e+00  1.39700955e+00  1.40700501e+00
  1.42808200e+00  1.46778696e+00  1.63575512e+00  1.66972574e+00
  1.72468244e+00  1.78221073e+00  1.82399555e+00  1.86086301e+00
  1.87354806e+00  1.90360530e+00  1.97962102e+00  2.05430742e+00
  2.07728795e+00  2.08744045e+00  2.10549619e+00  2.10976802e+00
  2.19646612e+00  2.22191830e+00  2.25396585e+00  2.26252619e+00
  2.29278386e+00  2.35226848e+00  2.49177494e+00  2.50759664e+00
  2.60040032e+00  2.60375530e+00  2.66250094e+00  2.67870259e+00
  2.68953970e+00  2.75078144e+00  2.94807990e+00  3.33400577e+00]
nelec by numeric integration = 68.00013254910067
    CPU time for vxc      6.40 sec, wall time      0.23 sec
E1 = -1774.9829115397574  Ecoul = 718.2282099750133  Exc = -70.4479150648424
cycle= 7 E= -748.086523788675  delta_E= -3e-05  |g|= 0.0054  |ddm|= 0.0196
    CPU time for cycle= 7      7.22 sec, wall time      0.26 sec
  HOMO = -0.153525034175251  LUMO = -0.108447241972548
  mo_energy =
[-1.01338030e+02 -1.44628412e+01 -1.03003059e+01 -1.02995191e+01
 -1.02726222e+01 -1.02656004e+01 -1.02655013e+01 -1.02339271e+01
 -9.26712923e+00 -7.02514359e+00 -7.02385783e+00 -7.02342164e+00
 -1.04768785e+00 -8.85500720e-01 -8.43515389e-01 -7.40310120e-01
 -7.16190634e-01 -6.91856933e-01 -6.15330784e-01 -5.93856639e-01
 -5.63826195e-01 -5.42205442e-01 -5.07200301e-01 -4.98921826e-01
 -4.91474974e-01 -4.40588307e-01 -4.28164131e-01 -4.27488511e-01
 -4.16138311e-01 -3.60537358e-01 -3.36925176e-01 -1.59271218e-01
 -1.53591776e-01 -1.53525034e-01 -1.08447242e-01 -8.30205455e-02
  2.21011242e-02  6.68654979e-02  7.31561718e-02  8.19322427e-02
  9.97258151e-02  1.09030399e-01  1.24811893e-01  1.38509482e-01
  1.67309610e-01  1.77927450e-01  2.17165764e-01  2.25025795e-01
  2.47802250e-01  2.65358066e-01  3.67798269e-01  3.92665847e-01
  4.36951439e-01  4.61824876e-01  4.85777844e-01  4.90362053e-01
  5.06828768e-01  5.21111271e-01  5.25710311e-01  5.34950664e-01
  5.38510638e-01  5.60993390e-01  5.64713852e-01  5.66592996e-01
  5.88502036e-01  5.97328267e-01  5.99111645e-01  6.59869609e-01
  6.65872293e-01  7.16553957e-01  7.35458601e-01  7.63866398e-01
  7.70943165e-01  7.79824291e-01  7.94069737e-01  7.98119032e-01
  8.51531727e-01  8.59733818e-01  8.98821243e-01  8.99160048e-01
  9.14806141e-01  9.56778259e-01  9.77006587e-01  1.01613725e+00
  1.03783829e+00  1.05219411e+00  1.05289773e+00  1.06459189e+00
  1.07819926e+00  1.10532727e+00  1.13587264e+00  1.15014466e+00
  1.16783124e+00  1.29006387e+00  1.29987630e+00  1.32426613e+00
  1.37144909e+00  1.38882284e+00  1.39752695e+00  1.40750956e+00
  1.42889412e+00  1.46815560e+00  1.63612832e+00  1.67002161e+00
  1.72513403e+00  1.78268446e+00  1.82405703e+00  1.86135705e+00
  1.87393730e+00  1.90405749e+00  1.98022588e+00  2.05500077e+00
  2.07788730e+00  2.08810686e+00  2.10589377e+00  2.11032498e+00
  2.19655049e+00  2.22271256e+00  2.25425380e+00  2.26237265e+00
  2.29324515e+00  2.35260091e+00  2.49243069e+00  2.50802361e+00
  2.60098774e+00  2.60440356e+00  2.66323280e+00  2.67925661e+00
  2.68997566e+00  2.75109531e+00  2.94865878e+00  3.33462988e+00]
nelec by numeric integration = 68.0001324788115
    CPU time for vxc      6.02 sec, wall time      0.22 sec
E1 = -1775.006604554613  Ecoul = 718.2538543481646  Exc = -70.44987647674772
cycle= 8 E= -748.086533842285  delta_E= -1.01e-05  |g|= 0.000849  |ddm|= 0.0104
    CPU time for cycle= 8      6.78 sec, wall time      0.25 sec
  HOMO = -0.153642201164057  LUMO = -0.108368093406929
  mo_energy =
[-1.01337743e+02 -1.44626259e+01 -1.03004722e+01 -1.02998169e+01
 -1.02726035e+01 -1.02654990e+01 -1.02652837e+01 -1.02342916e+01
 -9.26697529e+00 -7.02497647e+00 -7.02369082e+00 -7.02325482e+00
 -1.04760714e+00 -8.85369688e-01 -8.43459595e-01 -7.40366970e-01
 -7.16097926e-01 -6.91845565e-01 -6.15402011e-01 -5.93832071e-01
 -5.63750787e-01 -5.42107959e-01 -5.07134425e-01 -4.98873114e-01
 -4.91419807e-01 -4.40482660e-01 -4.28307879e-01 -4.27562972e-01
 -4.16112620e-01 -3.60436112e-01 -3.36851986e-01 -1.59387125e-01
 -1.53716665e-01 -1.53642201e-01 -1.08368093e-01 -8.29453284e-02
  2.21299043e-02  6.69585587e-02  7.31901595e-02  8.20027292e-02
  9.97175685e-02  1.09067561e-01  1.24872942e-01  1.38540426e-01
  1.67261142e-01  1.77818705e-01  2.17208718e-01  2.25125303e-01
  2.47891822e-01  2.65395839e-01  3.67841695e-01  3.92766923e-01
  4.36999545e-01  4.61913829e-01  4.85670305e-01  4.90408287e-01
  5.06891800e-01  5.21188722e-01  5.25783273e-01  5.35048288e-01
  5.38609838e-01  5.60999207e-01  5.64713363e-01  5.66587817e-01
  5.88417147e-01  5.97341036e-01  5.99117007e-01  6.59910913e-01
  6.65778055e-01  7.16478400e-01  7.35414945e-01  7.63920720e-01
  7.71046270e-01  7.79809338e-01  7.94135412e-01  7.98159674e-01
  8.51598749e-01  8.59830976e-01  8.98814127e-01  8.99050532e-01
  9.14778984e-01  9.56821439e-01  9.76940920e-01  1.01620039e+00
  1.03792036e+00  1.05208883e+00  1.05279348e+00  1.06449407e+00
  1.07811555e+00  1.10544135e+00  1.13594372e+00  1.15011025e+00
  1.16791639e+00  1.29011335e+00  1.29976048e+00  1.32436441e+00
  1.37150105e+00  1.38891596e+00  1.39764494e+00  1.40761982e+00
  1.42895627e+00  1.46821703e+00  1.63618185e+00  1.67003456e+00
  1.72517019e+00  1.78279041e+00  1.82395332e+00  1.86148304e+00
  1.87392801e+00  1.90408331e+00  1.98030501e+00  2.05508828e+00
  2.07793818e+00  2.08817109e+00  2.10599260e+00  2.11039995e+00
  2.19649828e+00  2.22278155e+00  2.25428444e+00  2.26221719e+00
  2.29328733e+00  2.35256668e+00  2.49251630e+00  2.50811061e+00
  2.60107375e+00  2.60447543e+00  2.66328752e+00  2.67931679e+00
  2.69006462e+00  2.75111138e+00  2.94871552e+00  3.33469325e+00]
nelec by numeric integration = 68.00013245585521
    CPU time for vxc      5.82 sec, wall time      0.21 sec
E1 = -1775.0054613693865  Ecoul = 718.252627319134  Exc = -70.44979276370262
cycle= 9 E= -748.086533973044  delta_E= -1.31e-07  |g|= 0.000609  |ddm|= 0.00162
    CPU time for cycle= 9      6.33 sec, wall time      0.23 sec
  HOMO = -0.15367416725926  LUMO = -0.108372670781811
  mo_energy =
[-1.01337816e+02 -1.44627567e+01 -1.03004527e+01 -1.02997096e+01
 -1.02726116e+01 -1.02655693e+01 -1.02654343e+01 -1.02341638e+01
 -9.26703564e+00 -7.02503873e+00 -7.02375083e+00 -7.02331715e+00
 -1.04761256e+00 -8.85391837e-01 -8.43461846e-01 -7.40346187e-01
 -7.16112494e-01 -6.91843154e-01 -6.15430489e-01 -5.93833290e-01
 -5.63766149e-01 -5.42123902e-01 -5.07133805e-01 -4.98869470e-01
 -4.91424120e-01 -4.40500011e-01 -4.28272466e-01 -4.27539651e-01
 -4.16117140e-01 -3.60449608e-01 -3.36854020e-01 -1.59417051e-01
 -1.53750073e-01 -1.53674167e-01 -1.08372671e-01 -8.29529380e-02
  2.21393762e-02  6.69461522e-02  7.31950745e-02  8.20043321e-02
  9.97319105e-02  1.09071436e-01  1.24878349e-01  1.38544432e-01
  1.67274514e-01  1.77839518e-01  2.17213413e-01  2.25117676e-01
  2.47879656e-01  2.65397712e-01  3.67849126e-01  3.92760231e-01
  4.37009996e-01  4.61906917e-01  4.85663576e-01  4.90409907e-01
  5.06901573e-01  5.21190951e-01  5.25779360e-01  5.35030950e-01
  5.38600219e-01  5.60999852e-01  5.64710899e-01  5.66577189e-01
  5.88396394e-01  5.97331905e-01  5.99110082e-01  6.59907168e-01
  6.65765109e-01  7.16489966e-01  7.35423959e-01  7.63919508e-01
  7.71033224e-01  7.79809528e-01  7.94129832e-01  7.98157508e-01
  8.51592342e-01  8.59818955e-01  8.98821663e-01  8.99072422e-01
  9.14789648e-01  9.56823984e-01  9.76956494e-01  1.01619366e+00
  1.03792271e+00  1.05205010e+00  1.05275511e+00  1.06446083e+00
  1.07808746e+00  1.10543133e+00  1.13594386e+00  1.15012074e+00
  1.16790720e+00  1.29011615e+00  1.29975190e+00  1.32436004e+00
  1.37149565e+00  1.38892076e+00  1.39762606e+00  1.40760973e+00
  1.42895962e+00  1.46821520e+00  1.63618135e+00  1.67004105e+00
  1.72517043e+00  1.78278157e+00  1.82399071e+00  1.86146432e+00
  1.87394222e+00  1.90408648e+00  1.98029961e+00  2.05508232e+00
  2.07794222e+00  2.08816273e+00  2.10598076e+00  2.11039461e+00
  2.19651793e+00  2.22277537e+00  2.25428598e+00  2.26226119e+00
  2.29329096e+00  2.35258894e+00  2.49251009e+00  2.50810126e+00
  2.60106059e+00  2.60446622e+00  2.66327642e+00  2.67930836e+00
  2.69004939e+00  2.75111520e+00  2.94870633e+00  3.33468110e+00]
nelec by numeric integration = 68.00013245491195
    CPU time for vxc      5.93 sec, wall time      0.23 sec
E1 = -1775.006512319655  Ecoul = 718.2538142302203  Exc = -70.44992881978533
cycle= 10 E= -748.086534068309  delta_E= -9.53e-08  |g|= 0.000113  |ddm|= 0.000659
    CPU time for cycle= 10      6.43 sec, wall time      0.25 sec
  HOMO = -0.153688758749957  LUMO = -0.10837679813364
  mo_energy =
[-1.01337888e+02 -1.44627515e+01 -1.03004349e+01 -1.02997390e+01
 -1.02726177e+01 -1.02655785e+01 -1.02654022e+01 -1.02341719e+01
 -9.26708800e+00 -7.02509280e+00 -7.02380410e+00 -7.02337247e+00
 -1.04761919e+00 -8.85396567e-01 -8.43464544e-01 -7.40349790e-01
 -7.16114879e-01 -6.91845092e-01 -6.15446999e-01 -5.93840022e-01
 -5.63768397e-01 -5.42124290e-01 -5.07136311e-01 -4.98873337e-01
 -4.91429615e-01 -4.40501803e-01 -4.28273536e-01 -4.27541895e-01
 -4.16119992e-01 -3.60453896e-01 -3.36856365e-01 -1.59431851e-01
 -1.53764828e-01 -1.53688759e-01 -1.08376798e-01 -8.29577698e-02
  2.21362160e-02  6.69438767e-02  7.31911258e-02  8.20034780e-02
  9.97300766e-02  1.09069879e-01  1.24876443e-01  1.38542689e-01
  1.67273478e-01  1.77837794e-01  2.17207486e-01  2.25115996e-01
  2.47880302e-01  2.65394427e-01  3.67847378e-01  3.92756505e-01
  4.37007833e-01  4.61904025e-01  4.85656286e-01  4.90407188e-01
  5.06897317e-01  5.21188139e-01  5.25773988e-01  5.35031598e-01
  5.38594588e-01  5.60992245e-01  5.64704584e-01  5.66575881e-01
  5.88386556e-01  5.97325784e-01  5.99105662e-01  6.59906736e-01
  6.65756145e-01  7.16484258e-01  7.35420626e-01  7.63920789e-01
  7.71027509e-01  7.79802816e-01  7.94129035e-01  7.98154577e-01
  8.51590768e-01  8.59816333e-01  8.98817145e-01  8.99069871e-01
  9.14788622e-01  9.56822221e-01  9.76955570e-01  1.01618980e+00
  1.03791804e+00  1.05202893e+00  1.05273386e+00  1.06444245e+00
  1.07806948e+00  1.10542877e+00  1.13594085e+00  1.15011307e+00
  1.16790398e+00  1.29011145e+00  1.29974109e+00  1.32435572e+00
  1.37149244e+00  1.38891760e+00  1.39762208e+00  1.40760471e+00
  1.42895571e+00  1.46821182e+00  1.63617739e+00  1.67003738e+00
  1.72516672e+00  1.78277732e+00  1.82398742e+00  1.86146043e+00
  1.87393874e+00  1.90408333e+00  1.98029523e+00  2.05507839e+00
  2.07793763e+00  2.08816027e+00  2.10597514e+00  2.11039127e+00
  2.19651640e+00  2.22277341e+00  2.25428234e+00  2.26225955e+00
  2.29328628e+00  2.35258463e+00  2.49250748e+00  2.50809608e+00
  2.60105713e+00  2.60446397e+00  2.66327465e+00  2.67930524e+00
  2.69004505e+00  2.75111132e+00  2.94870320e+00  3.33467837e+00]
nelec by numeric integration = 68.00013245401115
    CPU time for vxc      5.82 sec, wall time      0.21 sec
E1 = -1775.0071410174364  Ecoul = 718.2544939782604  Exc = -70.44997987400919
cycle= 11 E= -748.086534072274  delta_E= -3.97e-09  |g|= 7.42e-05  |ddm|= 0.000425
    CPU time for cycle= 11      6.32 sec, wall time      0.23 sec
  HOMO = -0.153679892234029  LUMO = -0.108380631747496
  mo_energy =
[-1.01337875e+02 -1.44627538e+01 -1.03004539e+01 -1.02997324e+01
 -1.02726204e+01 -1.02655714e+01 -1.02654174e+01 -1.02341829e+01
 -9.26707591e+00 -7.02508082e+00 -7.02379176e+00 -7.02336047e+00
 -1.04762457e+00 -8.85401186e-01 -8.43469712e-01 -7.40354146e-01
 -7.16119488e-01 -6.91849283e-01 -6.15440066e-01 -5.93841632e-01
 -5.63773062e-01 -5.42128299e-01 -5.07141085e-01 -4.98878086e-01
 -4.91433355e-01 -4.40505981e-01 -4.28277051e-01 -4.27545525e-01
 -4.16124434e-01 -3.60458022e-01 -3.36861362e-01 -1.59423958e-01
 -1.53755538e-01 -1.53679892e-01 -1.08380632e-01 -8.29626391e-02
  2.21328816e-02  6.69394846e-02  7.31880798e-02  8.19999248e-02
  9.97268414e-02  1.09066885e-01  1.24873919e-01  1.38540356e-01
  1.67270902e-01  1.77836764e-01  2.17205159e-01  2.25111646e-01
  2.47874239e-01  2.65391464e-01  3.67843658e-01  3.92751765e-01
  4.37002700e-01  4.61900104e-01  4.85659370e-01  4.90403486e-01
  5.06892345e-01  5.21184188e-01  5.25771179e-01  5.35025827e-01
  5.38592207e-01  5.60992555e-01  5.64704669e-01  5.66573313e-01
  5.88390693e-01  5.97326204e-01  5.99104997e-01  6.59902571e-01
  6.65759751e-01  7.16483615e-01  7.35418077e-01  7.63915515e-01
  7.71025703e-01  7.79803005e-01  7.94125546e-01  7.98151082e-01
  8.51586795e-01  8.59812969e-01  8.98815861e-01  8.99068111e-01
  9.14785318e-01  9.56818211e-01  9.76953398e-01  1.01618706e+00
  1.03791453e+00  1.05203983e+00  1.05274454e+00  1.06445224e+00
  1.07807690e+00  1.10542482e+00  1.13593610e+00  1.15011196e+00
  1.16789891e+00  1.29010630e+00  1.29974534e+00  1.32435153e+00
  1.37148732e+00  1.38891324e+00  1.39761754e+00  1.40760021e+00
  1.42895040e+00  1.46820722e+00  1.63617255e+00  1.67003271e+00
  1.72516186e+00  1.78277281e+00  1.82398206e+00  1.86145620e+00
  1.87393411e+00  1.90407836e+00  1.98029034e+00  2.05507328e+00
  2.07793255e+00  2.08815576e+00  2.10597093e+00  2.11038619e+00
  2.19651119e+00  2.22276837e+00  2.25427795e+00  2.26225497e+00
  2.29328118e+00  2.35257982e+00  2.49250195e+00  2.50809214e+00
  2.60105238e+00  2.60445907e+00  2.66326983e+00  2.67930047e+00
  2.69004062e+00  2.75110640e+00  2.94869852e+00  3.33467368e+00]
nelec by numeric integration = 68.00013245412198
    CPU time for vxc      5.78 sec, wall time      0.21 sec
E1 = -1775.0071437934803  Ecoul = 718.254492617461  Exc = -70.44997573896191
cycle= 12 E= -748.08653407407  delta_E= -1.8e-09  |g|= 1.58e-05  |ddm|= 0.000107
    CPU time for cycle= 12      6.29 sec, wall time      0.22 sec
  HOMO = -0.153674171679632  LUMO = -0.108382152000319
  mo_energy =
[-1.01337869e+02 -1.44627574e+01 -1.03004531e+01 -1.02997340e+01
 -1.02726217e+01 -1.02655757e+01 -1.02654194e+01 -1.02341821e+01
 -9.26706910e+00 -7.02507440e+00 -7.02378455e+00 -7.02335372e+00
 -1.04762689e+00 -8.85403590e-01 -8.43472071e-01 -7.40354837e-01
 -7.16122050e-01 -6.91851007e-01 -6.15435343e-01 -5.93841948e-01
 -5.63775523e-01 -5.42131081e-01 -5.07143398e-01 -4.98880026e-01
 -4.91434901e-01 -4.40508598e-01 -4.28276707e-01 -4.27545920e-01
 -4.16126174e-01 -3.60460196e-01 -3.36863730e-01 -1.59418629e-01
 -1.53749372e-01 -1.53674172e-01 -1.08382152e-01 -8.29652474e-02
  2.21316824e-02  6.69371774e-02  7.31867761e-02  8.19979652e-02
  9.97257207e-02  1.09065675e-01  1.24871861e-01  1.38539257e-01
  1.67270764e-01  1.77837454e-01  2.17203236e-01  2.25109363e-01
  2.47872288e-01  2.65389729e-01  3.67841885e-01  3.92749504e-01
  4.37000878e-01  4.61897639e-01  4.85662222e-01  4.90402054e-01
  5.06890291e-01  5.21181852e-01  5.25769334e-01  5.35024018e-01
  5.38589929e-01  5.60991699e-01  5.64704979e-01  5.66573566e-01
  5.88393787e-01  5.97326691e-01  5.99105122e-01  6.59901385e-01
  6.65762791e-01  7.16484591e-01  7.35418112e-01  7.63913780e-01
  7.71023489e-01  7.79803447e-01  7.94123445e-01  7.98149393e-01
  8.51585054e-01  8.59810753e-01  8.98814962e-01  8.99068832e-01
  9.14784857e-01  9.56816338e-01  9.76953487e-01  1.01618565e+00
  1.03791261e+00  1.05204719e+00  1.05275176e+00  1.06445877e+00
  1.07808157e+00  1.10542263e+00  1.13593411e+00  1.15011223e+00
  1.16789634e+00  1.29010433e+00  1.29974891e+00  1.32434927e+00
  1.37148514e+00  1.38891082e+00  1.39761479e+00  1.40759781e+00
  1.42894799e+00  1.46820518e+00  1.63617041e+00  1.67003117e+00
  1.72516008e+00  1.78277054e+00  1.82398149e+00  1.86145367e+00
  1.87393259e+00  1.90407662e+00  1.98028816e+00  2.05507076e+00
  2.07793049e+00  2.08815334e+00  2.10596851e+00  2.11038386e+00
  2.19651041e+00  2.22276577e+00  2.25427608e+00  2.26225525e+00
  2.29327907e+00  2.35257880e+00  2.49249970e+00  2.50808977e+00
  2.60104999e+00  2.60445640e+00  2.66326748e+00  2.67929829e+00
  2.69003833e+00  2.75110481e+00  2.94869628e+00  3.33467136e+00]
nelec by numeric integration = 68.00013245461072
    CPU time for vxc      5.82 sec, wall time      0.21 sec
E1 = -1775.0070968843609  Ecoul = 718.2544423940733  Exc = -70.44997242482926
cycle= 13 E= -748.086534074206  delta_E= -1.36e-10  |g|= 7.4e-06  |ddm|= 6.87e-05
    CPU time for cycle= 13      6.32 sec, wall time      0.23 sec
  HOMO = -0.15367493222948  LUMO = -0.108381979423806
  mo_energy =
[-1.01337871e+02 -1.44627534e+01 -1.03004552e+01 -1.02997334e+01
 -1.02726248e+01 -1.02655747e+01 -1.02654211e+01 -1.02341764e+01
 -9.26707099e+00 -7.02507643e+00 -7.02378641e+00 -7.02335565e+00
 -1.04762553e+00 -8.85404104e-01 -8.43472013e-01 -7.40353271e-01
 -7.16121757e-01 -6.91850770e-01 -6.15435961e-01 -5.93842199e-01
 -5.63775594e-01 -5.42131182e-01 -5.07143431e-01 -4.98878766e-01
 -4.91434560e-01 -4.40508888e-01 -4.28274591e-01 -4.27544507e-01
 -4.16125375e-01 -3.60459986e-01 -3.36863874e-01 -1.59419042e-01
 -1.53750130e-01 -1.53674932e-01 -1.08381979e-01 -8.29653856e-02
  2.21322490e-02  6.69370353e-02  7.31873556e-02  8.19980606e-02
  9.97266467e-02  1.09065939e-01  1.24872028e-01  1.38539569e-01
  1.67271767e-01  1.77838821e-01  2.17203755e-01  2.25109137e-01
  2.47872171e-01  2.65389988e-01  3.67842361e-01  3.92749562e-01
  4.37001001e-01  4.61897690e-01  4.85662408e-01  4.90402295e-01
  5.06890425e-01  5.21181792e-01  5.25768959e-01  5.35023401e-01
  5.38589505e-01  5.60991957e-01  5.64704872e-01  5.66573718e-01
  5.88393428e-01  5.97326512e-01  5.99104992e-01  6.59901474e-01
  6.65762901e-01  7.16485308e-01  7.35418990e-01  7.63913642e-01
  7.71022885e-01  7.79803358e-01  7.94123407e-01  7.98151140e-01
  8.51585070e-01  8.59810406e-01  8.98815384e-01  8.99070503e-01
  9.14785308e-01  9.56817157e-01  9.76954408e-01  1.01618555e+00
  1.03791269e+00  1.05204628e+00  1.05275088e+00  1.06445802e+00
  1.07808098e+00  1.10542222e+00  1.13593465e+00  1.15011323e+00
  1.16789634e+00  1.29010495e+00  1.29974926e+00  1.32434963e+00
  1.37148579e+00  1.38891101e+00  1.39761459e+00  1.40759704e+00
  1.42894798e+00  1.46820648e+00  1.63617141e+00  1.67003251e+00
  1.72516040e+00  1.78277030e+00  1.82398359e+00  1.86145329e+00
  1.87393357e+00  1.90407717e+00  1.98028770e+00  2.05507071e+00
  2.07793086e+00  2.08815334e+00  2.10596853e+00  2.11038397e+00
  2.19651179e+00  2.22276565e+00  2.25427673e+00  2.26225770e+00
  2.29327984e+00  2.35257988e+00  2.49249949e+00  2.50808983e+00
  2.60104987e+00  2.60445654e+00  2.66326744e+00  2.67929837e+00
  2.69003839e+00  2.75110596e+00  2.94869657e+00  3.33467144e+00]
nelec by numeric integration = 68.00013245483915
    CPU time for vxc      5.81 sec, wall time      0.21 sec
E1 = -1775.0070774220046  Ecoul = 718.2544225347676  Exc = -70.44997202784666
Extra cycle  E= -748.086534074173  delta_E= 3.32e-11  |g|= 1.42e-05  |ddm|= 2.74e-05
    CPU time for scf_cycle    106.62 sec, wall time      3.92 sec
    CPU time for SCF    106.62 sec, wall time      3.92 sec
converged SCF energy = -748.086534074173
Converting <class 'pyscf.dft.rks.RKS'> to RHF


******** <class 'pyscf.tdscf.rks.TDA'> for <class 'pyscf.dft.rks.RKS'> ********
nstates = 5 singlet
wfnsym = None
conv_tol = 1e-09
eigh lindep = 1e-12
eigh level_shift = 0
eigh max_space = 8
eigh max_cycle = 2000
chkfile = /scratch/global/yangjunjie/tmppnf5o_r4
max_memory 256000 MB (current use 619 MB)


davidson 0 5  |r|= 0.068  e= [0.02559535 0.02927622 0.04239218 0.05242802 0.05254279]  max|de|= 0.0525  lindep=    1
Old state -> New state
    4     ->     3 
    3     ->     4 
davidson 1 10  |r|= 0.0146  e= [0.02550865 0.02893873 0.03623547 0.05219962 0.05241696]  max|de|= -0.00616  lindep= 0.843
davidson 2 15  |r|= 0.00552  e= [0.02550851 0.02892676 0.03599563 0.05219153 0.05241669]  max|de|= -0.00024  lindep= 0.782
davidson 3 20  |r|= 0.00101  e= [0.02550851 0.02892667 0.03596201 0.05219065 0.05241668]  max|de|= -3.36e-05  lindep= 0.52
root 0 converged  |r|= 9.73e-06  e= 0.025508505623553238  max|de|= 2.64e-16
root 1 converged  |r|= 2.92e-05  e= 0.028926667360369054  max|de|= 1.39e-17
root 4 converged  |r|= 1.05e-05  e= 0.05241668347672551  max|de|= -1.8e-16
davidson 4 5  |r|= 0.00101  e= [0.02550851 0.02892667 0.03596201 0.05219065 0.05241668]  max|de|= 2.64e-16  lindep= 0.999
davidson 5 7  |r|= 0.000271  e= [0.02550851 0.02892667 0.03596114 0.0521906  0.05241668]  max|de|= -8.62e-07  lindep= 0.943
davidson 6 9  |r|= 7.18e-05  e= [0.02550851 0.02892667 0.03596105 0.05219059 0.05241668]  max|de|= -9.31e-08  lindep= 0.837
root 3 converged  |r|= 3.62e-06  e= 0.05219059368371472  max|de|= -4.88e-10
davidson 7 11  |r|= 2.92e-05  e= [0.02550851 0.02892667 0.03596104 0.05219059 0.05241668]  max|de|= -5.57e-09  lindep= 0.694
root 2 converged  |r|= 5.36e-06  e= 0.03596104382279633  max|de|= -4.99e-10
converged 8 12  |r|= 2.92e-05  e= [0.02550851 0.02892667 0.03596104 0.05219059 0.05241668]  max|de|= -4.99e-10
    CPU time for TDA     98.63 sec, wall time      3.68 sec
Excited State energies (eV)
[0.69412179 0.78713471 0.97854985 1.42017839 1.42633061]
