 
:: initializing oneAPI environment ...
   slurm_script: BASH_VERSION = 4.2.46(1)-release
   args: Using "$@" for setvars.sh arguments: --force
:: advisor -- latest
:: ccl -- latest
:: clck -- latest
:: compiler -- latest
:: dal -- latest
:: debugger -- latest
:: dev-utilities -- latest
:: dnnl -- latest
:: dpcpp-ct -- latest
:: dpl -- latest
:: inspector -- latest
:: intelpython -- latest
:: ipp -- latest
:: ippcp -- latest
:: ipp -- latest
:: itac -- latest
:: mkl -- latest
:: mpi -- latest
:: tbb -- latest
:: vpl -- latest
:: vtune -- latest
:: oneAPI environment initialized ::
 
SLURM_CPUS_PER_TASK = 28
SLURM_MEM_PER_NODE = 127949
#INFO: **** input file is /home/yangjunjie/work/py-ch3-cl/work/step_2/main.py ****
import sys
import pyscf
from pyscf import tdscf

def main(xyz_file, basis="631g*", xc="b3lyp", output="ene.out"):
    xyz = None

    with open(xyz_file, "r") as xyz:
        xyz = xyz.readlines()[2:]
        xyz = "".join(xyz)

    mol = pyscf.gto.Mole()
    mol.atom = xyz
    mol.basis = basis
    mol.verbose = 5
    mol.build()

    if xc is not None and xc != "hf":
        mf = pyscf.scf.RKS(mol)
        mf.xc = xc
        mf.grids.level = 9
        mf.kernel()
    else:
        mf = pyscf.scf.RHF(mol)
        mf.kernel()

    ene_mf = mf.e_tot

    with open(output, "w") as f:
        tda = pyscf.tdscf.TDA(mf)
        tda.nstates = 5
        tda.max_space = 8
        tda.max_cycle = 2000
        tda.kernel()

        con_tda = tda.converged
        ene_tda = tda.e[:5]
        dip_tda = tda.transition_dipole()[:5]

        f.write(f"RKS energy: {ene_mf: 12.8f}\n")
        f.write("TDA results:\n")
        for i, (con, ene, dip) in enumerate(zip(con_tda, ene_tda, dip_tda)):
            f.write(f" {i:2d} {con} {ene: 12.8f} {dip[0]: 12.8f} {dip[1]: 12.8f} {dip[2]: 12.8f}\n")

        # rpa = pyscf.tdscf.RPA(mf)
        # rpa.nstates = 5
        # rpa.max_space = 8
        # rpa.max_cycle = 2000
        # rpa.kernel()

        # con_rpa = rpa.converged
        # ene_rpa = rpa.e[:5]
        # dip_rpa = rpa.transition_dipole()[:5]
        
        # f.write("\nRPA results:\n")
        # for i, (con, ene, dip) in enumerate(zip(con_rpa, ene_rpa, dip_rpa)):
        #     f.write(f" {i:2d} {con} {ene: 12.8f} {dip[0]: 12.8f} {dip[1]: 12.8f} {dip[2]: 12.8f}\n")

if __name__ == "__main__":
    xyz = sys.argv[1]
    main(xyz, basis="6311g**", xc="b3lyp", output="out.log")
#INFO: ******************** input file end ********************


System: uname_result(system='Linux', node='pauling041', release='3.10.0-327.36.3.el7.x86_64', version='#1 SMP Thu Oct 20 04:56:07 EDT 2016', machine='x86_64')  Threads 28
Python 3.9.7 (default, Oct 27 2021, 01:23:21) 
[GCC 9.3.0]
numpy 1.21.2  scipy 1.6.2
Date: Wed Sep 28 09:51:32 2022
PySCF version 2.0.1
PySCF path  /home/yangjunjie/packages/pyscf/pyscf-main
GIT ORIG_HEAD 14b880cdc4bf7bb64f3989a147c0b04622efc498
GIT HEAD (branch master) 9d5b5bd309d1cc55fbd1a0ec76e26b5b0c7f76af

[ENV] PYSCF_MAX_MEMORY 127949
[ENV] PYSCF_TMPDIR /scratch/global/yangjunjie/
[CONFIG] conf_file /home/yangjunjie/.pyscf_conf.py
[INPUT] verbose = 5
[INPUT] max_memory = 127949 
[INPUT] num. atoms = 16
[INPUT] num. electrons = 68
[INPUT] charge = 0
[INPUT] spin (= nelec alpha-beta = 2S) = 0
[INPUT] symmetry False subgroup None
[INPUT] Mole.unit = angstrom
[INPUT]  1 C      0.000000010000   1.167221150000   1.012743320000 AA    0.000000018897   2.205728300300   1.913807509283 Bohr
[INPUT]  2 C      0.000000010000   1.191837900000   2.404439290000 AA    0.000000018897   2.252247215877   4.543731741244 Bohr
[INPUT]  3 C     -0.000000020000  -0.011993860000   3.101785790000 AA   -0.000000037795  -0.022665110576   5.861525640168 Bohr
[INPUT]  4 C     -0.000000010000  -1.204318280000   2.382239540000 AA   -0.000000018897  -2.275831716007   4.501780293710 Bohr
[INPUT]  5 C      0.000000010000  -1.154466880000   0.992980550000 AA    0.000000018897  -2.181626223081   1.876461286520 Bohr
[INPUT]  6 N      0.000000010000   0.013115530000   0.323065090000 AA    0.000000018897   0.024784759679   0.610504540508 Bohr
[INPUT]  7 C      0.000000000000   0.005843990000  -1.354652550000 AA    0.000000000000   0.011043540575  -2.559922313444 Bohr
[INPUT]  8 H      0.000000020000   2.075387050000   0.425573190000 AA    0.000000037795   3.921913126969   0.804216775057 Bohr
[INPUT]  9 H     -0.000000010000   2.141449810000   2.925523310000 AA   -0.000000018897   4.046753650402   5.528437826931 Bohr
[INPUT] 10 H     -0.000000010000  -0.022077770000   4.186681350000 AA   -0.000000018897  -0.041720938741   7.911681122324 Bohr
[INPUT] 11 H     -0.000000020000  -2.163106260000   2.886014250000 AA   -0.000000037795  -4.087678409732   5.453776524092 Bohr
[INPUT] 12 H      0.000000000000  -2.050014430000   0.386400730000 AA    0.000000000000  -3.873965824106   0.730191554032 Bohr
[INPUT] 13 H     -0.000000020000   1.052125330000  -1.637960290000 AA   -0.000000037795   1.988228722418  -3.095296351013 Bohr
[INPUT] 14 H     -0.908812950000  -0.517859930000  -1.630621030000 AA   -1.717407573958  -0.978613438586  -3.081427159656 Bohr
[INPUT] 15 H      0.908812960000  -0.517859880000  -1.630621040000 AA    1.717407592855  -0.978613344100  -3.081427178553 Bohr
[INPUT] 16 Cl    -0.000000010000   0.002979130000  -3.999846010000 AA   -0.000000018897   0.005629739789  -7.558613499334 Bohr
[INPUT] ---------------- BASIS SET ---------------- 
[INPUT] l, kappa, [nprim/nctr], expnt,             c_1 c_2 ...
[INPUT] C
[INPUT] 0    0    [6    /1   ]  4563.24           0.00196665
                                682.024           0.0152306
                                154.973           0.0761269
                                44.4553           0.260801
                                13.029            0.616462
                                1.82773           0.221006
[INPUT] 0    0    [3    /1   ]  20.9642           0.11466
                                4.80331           0.919999
                                1.45933           -0.00303068
[INPUT] 0    0    [1    /1   ]  0.483456             1
[INPUT] 0    0    [1    /1   ]  0.145585             1
[INPUT] 1    0    [3    /1   ]  20.9642           0.0402487
                                4.80331           0.237594
                                1.45933           0.815854
[INPUT] 1    0    [1    /1   ]  0.483456             1
[INPUT] 1    0    [1    /1   ]  0.145585             1
[INPUT] 2    0    [1    /1   ]  0.626                1
[INPUT] H
[INPUT] 0    0    [3    /1   ]  33.865            0.0254938
                                5.09479           0.190373
                                1.15879           0.852161
[INPUT] 0    0    [1    /1   ]  0.32584              1
[INPUT] 0    0    [1    /1   ]  0.102741             1
[INPUT] 1    0    [1    /1   ]  0.75                 1
[INPUT] N
[INPUT] 0    0    [6    /1   ]  6293.48           0.00196979
                                949.044           0.0149613
                                218.776           0.0735006
                                63.6916           0.248937
                                18.8282           0.60246
                                2.72023           0.256202
[INPUT] 0    0    [3    /1   ]  30.6331           0.111906
                                7.02614           0.921666
                                2.11205           -0.00256919
[INPUT] 0    0    [1    /1   ]  0.684009             1
[INPUT] 0    0    [1    /1   ]  0.200878             1
[INPUT] 1    0    [3    /1   ]  30.6331           0.0383119
                                7.02614           0.237403
                                2.11205           0.817592
[INPUT] 1    0    [1    /1   ]  0.684009             1
[INPUT] 1    0    [1    /1   ]  0.200878             1
[INPUT] 2    0    [1    /1   ]  0.913                1
[INPUT] Cl
[INPUT] 0    0    [6    /1   ]  105819            0.000738
                                15872             0.005718
                                3619.65           0.029495
                                1030.8            0.117286
                                339.908           0.362949
                                124.538           0.584149
[INPUT] 0    0    [3    /1   ]  124.538           0.134177
                                49.5135           0.62425
                                20.8056           0.291756
[INPUT] 0    0    [1    /1   ]  6.58346              1
[INPUT] 0    0    [1    /1   ]  2.56468              1
[INPUT] 0    0    [1    /1   ]  0.559763             1
[INPUT] 0    0    [1    /1   ]  0.183273             1
[INPUT] 1    0    [5    /1   ]  589.776           0.002391
                                139.849           0.018504
                                45.1413           0.081377
                                16.8733           0.221552
                                6.7411            0.772569
[INPUT] 1    0    [2    /1   ]  6.7411            -1.572244
                                2.77152           0.992389
[INPUT] 1    0    [1    /1   ]  1.02387              1
[INPUT] 1    0    [1    /1   ]  0.381368             1
[INPUT] 1    0    [1    /1   ]  0.109437             1
[INPUT] 2    0    [1    /1   ]  0.75                 1

nuclear repulsion = 379.116092840911
number of shells = 100
number of NR pGTOs = 329
number of NR cGTOs = 200
basis = 6311g**
ecp = {}
CPU time:         0.36


******** <class 'pyscf.dft.rks.RKS'> ********
method = RKS
initial guess = minao
damping factor = 0
level_shift factor = 0
DIIS = <class 'pyscf.scf.diis.CDIIS'>
diis_start_cycle = 1
diis_space = 8
SCF conv_tol = 1e-09
SCF conv_tol_grad = None
SCF max_cycles = 50
direct_scf = True
direct_scf_tol = 1e-13
chkfile to save SCF result = /scratch/global/yangjunjie/tmp2szlqlhn
max_memory 127949 MB (current use 82 MB)
XC library pyscf.dft.libxc version 5.2.0
    S. Lehtola, C. Steigemann, M. J. Oliveira, and M. A. Marques, SoftwareX 7, 1 (2018)
XC functionals = b3lyp
    P. A. M. Dirac, Math. Proc. Cambridge Philos. Soc. 26, 376 (1930)
    F. Bloch, Z. Phys. 57, 545 (1929)
    A. D. Becke, Phys. Rev. A 38, 3098 (1988)
    C. Lee, W. Yang, and R. G. Parr, Phys. Rev. B 37, 785 (1988)
    B. Miehlich, A. Savin, H. Stoll, and H. Preuss, Chem. Phys. Lett. 157, 200 (1989)
    S. H. Vosko, L. Wilk, and M. Nusair, Can. J. Phys. 58, 1200 (1980)
radial grids: 
    Treutler-Ahlrichs [JCP 102, 346 (1995); DOI:10.1063/1.469408] (M4) radial grids
    
becke partition: Becke, JCP 88, 2547 (1988); DOI:10.1063/1.454033
pruning grids: <function nwchem_prune at 0x7f59fde41e50>
grids dens level: 9
symmetrized grids: False
atomic radii adjust function: <function treutler_atomic_radii_adjust at 0x7f59fde41dc0>
small_rho_cutoff = 1e-07
Set gradient conv threshold to 3.16228e-05
atom C rad-grids = 200, ang-grids = [  50   50   50   50   50   50   50   50   50   50   50   50   50   50
   50   50   50   50   50   50   50   50   50   50   50   50   50   50
   50   50   50   50   50   50   50   50   50   50   50   50   50   50
   50   50   50   50   50   50   50   50   50   50   50   50   50   50
   50   50   50   50   50   50   86   86   86   86   86   86   86   86
   86   86   86   86   86   86   86   86   86   86   86   86   86   86
   86   86   86   86 1202 1202 1202 1202 1202 1202 1202 1202 1202 1202
 1202 1202 1202 1202 1202 1202 1202 1202 1454 1454 1454 1454 1454 1454
 1454 1454 1454 1454 1454 1454 1454 1454 1454 1454 1454 1454 1454 1454
 1454 1454 1454 1454 1454 1454 1454 1454 1454 1454 1454 1454 1454 1454
 1454 1454 1454 1454 1454 1454 1454 1454 1454 1454 1454 1454 1454 1454
 1454 1454 1454 1454 1202 1202 1202 1202 1202 1202 1202 1202 1202 1202
 1202 1202 1202 1202 1202 1202 1202 1202 1202 1202 1202 1202 1202 1202
 1202 1202 1202 1202 1202 1202 1202 1202 1202 1202 1202 1202 1202 1202
 1202 1202 1202 1202]
atom N rad-grids = 200, ang-grids = [  50   50   50   50   50   50   50   50   50   50   50   50   50   50
   50   50   50   50   50   50   50   50   50   50   50   50   50   50
   50   50   50   50   50   50   50   50   50   50   50   50   50   50
   50   50   50   50   50   50   50   50   50   50   50   50   50   50
   50   50   50   50   50   86   86   86   86   86   86   86   86   86
   86   86   86   86   86   86   86   86   86   86   86   86   86   86
   86   86 1202 1202 1202 1202 1202 1202 1202 1202 1202 1202 1202 1202
 1202 1202 1202 1202 1202 1454 1454 1454 1454 1454 1454 1454 1454 1454
 1454 1454 1454 1454 1454 1454 1454 1454 1454 1454 1454 1454 1454 1454
 1454 1454 1454 1454 1454 1454 1454 1454 1454 1454 1454 1454 1454 1454
 1454 1454 1454 1454 1454 1454 1454 1454 1454 1454 1454 1454 1454 1454
 1454 1202 1202 1202 1202 1202 1202 1202 1202 1202 1202 1202 1202 1202
 1202 1202 1202 1202 1202 1202 1202 1202 1202 1202 1202 1202 1202 1202
 1202 1202 1202 1202 1202 1202 1202 1202 1202 1202 1202 1202 1202 1202
 1202 1202 1202 1202]
atom H rad-grids = 200, ang-grids = [  50   50   50   50   50   50   50   50   50   50   50   50   50   50
   50   50   50   50   50   50   50   50   50   50   50   50   50   50
   50   50   50   50   50   50   50   50   50   50   50   50   50   50
   50   50   50   50   50   50   50   50   50   50   50   50   50   50
   50   86   86   86   86   86   86   86   86   86   86   86   86   86
   86 1202 1202 1202 1202 1202 1202 1202 1202 1202 1202 1202 1202 1202
 1202 1202 1202 1202 1454 1454 1454 1454 1454 1454 1454 1454 1454 1454
 1454 1454 1454 1454 1454 1454 1454 1454 1454 1454 1454 1454 1454 1454
 1454 1454 1454 1454 1454 1454 1454 1454 1454 1454 1454 1454 1454 1454
 1454 1454 1454 1454 1454 1454 1454 1454 1454 1454 1454 1454 1454 1454
 1202 1202 1202 1202 1202 1202 1202 1202 1202 1202 1202 1202 1202 1202
 1202 1202 1202 1202 1202 1202 1202 1202 1202 1202 1202 1202 1202 1202
 1202 1202 1202 1202 1202 1202 1202 1202 1202 1202 1202 1202 1202 1202
 1202 1202 1202 1202 1202 1202 1202 1202 1202 1202 1202 1202 1202 1202
 1202 1202 1202 1202]
atom Cl rad-grids = 200, ang-grids = [  50   50   50   50   50   50   50   50   50   50   50   50   50   50
   50   50   50   50   50   50   50   50   50   50   50   50   50   50
   50   50   50   50   50   50   50   50   50   50   50   50   50   50
   50   50   50   50   50   50   50   50   50   50   50   50   50   50
   50   50   50   86   86   86   86   86   86   86   86   86   86   86
   86   86   86   86   86   86   86   86   86   86   86   86   86   86
   86   86   86   86   86   86   86   86 1202 1202 1202 1202 1202 1202
 1202 1202 1202 1202 1202 1202 1202 1202 1202 1202 1202 1202 1202 1202
 1202 1202 1454 1454 1454 1454 1454 1454 1454 1454 1454 1454 1454 1454
 1454 1454 1454 1454 1454 1454 1454 1454 1454 1454 1454 1454 1454 1454
 1454 1454 1454 1454 1454 1454 1454 1454 1454 1454 1454 1454 1454 1454
 1454 1454 1454 1454 1454 1202 1202 1202 1202 1202 1202 1202 1202 1202
 1202 1202 1202 1202 1202 1202 1202 1202 1202 1202 1202 1202 1202 1202
 1202 1202 1202 1202 1202 1202 1202 1202 1202 1202 1202 1202 1202 1202
 1202 1202 1202 1202]
tot grids = 2598388
Drop grids 446660
    CPU time for setting up grids     44.92 sec, wall time      1.98 sec
nelec by numeric integration = 67.99245900846621
    CPU time for vxc     95.30 sec, wall time      3.43 sec
E1 = -1772.1657489202826  Ecoul = 714.5236411946479  Exc = -70.50250451181476
init E= -749.028519396538
cond(S) = 13594.306040328025
    CPU time for initialize scf    154.37 sec, wall time      6.01 sec
  HOMO = -0.295779973273823  LUMO = -0.106537716614955
  mo_energy =
[-1.01493949e+02 -1.43962583e+01 -1.02816847e+01 -1.02808506e+01
 -1.02800420e+01 -1.02753111e+01 -1.02751931e+01 -1.02731705e+01
 -9.51124987e+00 -7.26500154e+00 -7.26493567e+00 -7.26493461e+00
 -1.10585637e+00 -9.48263180e-01 -8.85391662e-01 -8.47825607e-01
 -7.95016166e-01 -7.13019739e-01 -7.02574123e-01 -5.79112376e-01
 -5.35933381e-01 -5.14045218e-01 -4.77511305e-01 -4.69847982e-01
 -4.69401770e-01 -4.42572214e-01 -4.20208897e-01 -3.97387592e-01
 -3.90138059e-01 -3.52192774e-01 -3.51119952e-01 -3.36242401e-01
 -3.22912575e-01 -2.95779973e-01 -1.06537717e-01 -8.37142277e-02
 -1.24312955e-02  3.36802674e-02  3.67925563e-02  4.95612607e-02
  5.39471855e-02  7.51943173e-02  8.16895919e-02  1.00447611e-01
  1.02677779e-01  1.23884611e-01  1.88505524e-01  2.09140648e-01
  2.24150452e-01  2.32820414e-01  2.46851369e-01  2.54014513e-01
  2.64506656e-01  2.66787178e-01  2.83024653e-01  2.86143811e-01
  3.27429295e-01  3.38308358e-01  3.54702539e-01  3.63542898e-01
  3.72705308e-01  3.91403017e-01  4.04889863e-01  4.23915890e-01
  4.28238734e-01  4.41082697e-01  4.74825850e-01  4.79024571e-01
  4.80933918e-01  5.23215763e-01  5.28593543e-01  5.44274982e-01
  5.52315760e-01  5.53636990e-01  5.58520480e-01  5.75600297e-01
  5.97314352e-01  6.14359887e-01  6.63079279e-01  6.87726360e-01
  7.00569012e-01  7.01542089e-01  7.18536733e-01  7.37518453e-01
  7.69705902e-01  7.98160482e-01  8.13140306e-01  8.13801962e-01
  8.21131459e-01  8.27049479e-01  8.61724350e-01  8.94483015e-01
  9.09042921e-01  9.63764966e-01  9.68528370e-01  1.01327060e+00
  1.02465828e+00  1.03018415e+00  1.03373500e+00  1.06202982e+00
  1.10430875e+00  1.14456360e+00  1.21438751e+00  1.27817484e+00
  1.32600548e+00  1.34083056e+00  1.38300352e+00  1.38466882e+00
  1.40518178e+00  1.41004306e+00  1.42322722e+00  1.45070661e+00
  1.47098310e+00  1.49754906e+00  1.51048131e+00  1.53294265e+00
  1.59252389e+00  1.63572628e+00  1.63685304e+00  1.66304675e+00
  1.66905355e+00  1.67846028e+00  1.72335907e+00  1.72974175e+00
  1.74575508e+00  1.76613690e+00  1.77999463e+00  1.83910302e+00
  1.84176484e+00  1.84444379e+00  1.87394560e+00  1.89066245e+00
  1.97434487e+00  1.98934493e+00  1.99794352e+00  2.04052223e+00
  2.04122003e+00  2.08310489e+00  2.08516850e+00  2.12649632e+00
  2.15435394e+00  2.16140411e+00  2.19350616e+00  2.24866479e+00
  2.27818344e+00  2.31284442e+00  2.34710119e+00  2.37520870e+00
  2.38844136e+00  2.39851546e+00  2.43827308e+00  2.45018920e+00
  2.48178261e+00  2.50754970e+00  2.51891046e+00  2.52284002e+00
  2.55244571e+00  2.58511563e+00  2.59156289e+00  2.60980403e+00
  2.61375214e+00  2.64369355e+00  2.68631745e+00  2.69989800e+00
  2.70005702e+00  2.79748283e+00  2.84743753e+00  2.86162943e+00
  2.89640171e+00  2.90728417e+00  2.97725298e+00  3.10299231e+00
  3.17591485e+00  3.27774637e+00  3.33778271e+00  3.38488351e+00
  3.57583250e+00  3.60358974e+00  3.64943228e+00  3.70272082e+00
  3.75266732e+00  3.83100745e+00  3.91659187e+00  3.95547391e+00
  4.02590035e+00  4.32303321e+00  4.58482075e+00  5.14605507e+00
  9.38623469e+00  2.35382649e+01  2.38215103e+01  2.38255129e+01
  2.39292433e+01  2.40068443e+01  2.40601451e+01  2.53478896e+01
  2.53545386e+01  2.56313523e+01  3.55431281e+01  2.15428129e+02]
nelec by numeric integration = 67.99999998993019
    CPU time for vxc     84.82 sec, wall time      3.06 sec
E1 = -1777.9626736196133  Ecoul = 721.4648270007858  Exc = -70.71665753276663
cycle= 1 E= -748.098411310683  delta_E= 0.93  |g|= 0.576  |ddm|= 3.23
    CPU time for cycle= 1     86.38 sec, wall time      3.12 sec
  HOMO = -0.0664388814119814  LUMO = -0.0377610126626129
  mo_energy =
[-1.01018417e+02 -1.46499478e+01 -1.03530803e+01 -1.03511687e+01
 -1.02040286e+01 -1.01979692e+01 -1.01891616e+01 -1.01889742e+01
 -8.98007971e+00 -6.73380192e+00 -6.73340894e+00 -6.73339642e+00
 -1.15314564e+00 -8.96121471e-01 -8.87510375e-01 -7.68592924e-01
 -7.51438508e-01 -7.12059751e-01 -6.20774124e-01 -5.94120722e-01
 -5.80640727e-01 -5.53057383e-01 -5.33160347e-01 -5.22076144e-01
 -4.58480541e-01 -4.39465708e-01 -4.37135341e-01 -4.32543393e-01
 -4.31520976e-01 -3.75910543e-01 -3.64345601e-01 -1.55071954e-01
 -1.05683495e-01 -6.64388814e-02 -3.77610127e-02 -3.67657134e-02
 -1.35695739e-02  1.34889791e-02  2.01969781e-02  4.41108688e-02
  4.67741732e-02  5.45725732e-02  5.66944826e-02  8.24083536e-02
  1.20296104e-01  1.30432785e-01  1.55536441e-01  1.77228248e-01
  1.96884731e-01  2.12925444e-01  2.24476519e-01  2.41666772e-01
  2.43123421e-01  2.82000207e-01  2.89861199e-01  3.22920764e-01
  3.47413078e-01  3.53580695e-01  3.56781510e-01  3.73999969e-01
  3.87746071e-01  4.03514431e-01  4.10196398e-01  4.38424542e-01
  4.47798742e-01  4.49156426e-01  4.84243659e-01  5.05414710e-01
  5.06937462e-01  5.13882041e-01  5.19907524e-01  5.37553681e-01
  5.44116956e-01  5.74711146e-01  5.83659538e-01  5.88266380e-01
  5.97248935e-01  6.14175928e-01  6.54263920e-01  6.72758567e-01
  6.84369112e-01  6.90924481e-01  7.06308832e-01  7.40441132e-01
  7.50418845e-01  8.25260943e-01  8.65774522e-01  8.66907316e-01
  9.13360996e-01  9.38937163e-01  9.47243859e-01  9.85761733e-01
  1.00090312e+00  1.01113654e+00  1.02444152e+00  1.03785827e+00
  1.08377051e+00  1.18237235e+00  1.20587724e+00  1.20998768e+00
  1.21010342e+00  1.21354858e+00  1.22475389e+00  1.28059884e+00
  1.30748183e+00  1.33455237e+00  1.34988296e+00  1.38826876e+00
  1.40709023e+00  1.41722631e+00  1.43834054e+00  1.45544633e+00
  1.47500930e+00  1.48148804e+00  1.49041005e+00  1.49649544e+00
  1.56696707e+00  1.59282031e+00  1.59744361e+00  1.61933439e+00
  1.63266116e+00  1.66364365e+00  1.68222132e+00  1.69046244e+00
  1.75407958e+00  1.76349304e+00  1.76858903e+00  1.81594662e+00
  1.84162470e+00  1.84264178e+00  1.86260047e+00  1.95370485e+00
  1.95869740e+00  1.98173608e+00  1.98270972e+00  1.99696361e+00
  2.02635960e+00  2.11031567e+00  2.14287913e+00  2.15133895e+00
  2.18256480e+00  2.22981918e+00  2.29027697e+00  2.32699200e+00
  2.37084053e+00  2.37943297e+00  2.39019300e+00  2.42213198e+00
  2.42380754e+00  2.44191536e+00  2.46091394e+00  2.47223476e+00
  2.49396796e+00  2.51558113e+00  2.52705016e+00  2.53612425e+00
  2.55105984e+00  2.56108835e+00  2.57121137e+00  2.58376333e+00
  2.59273506e+00  2.60983148e+00  2.65179971e+00  2.67676032e+00
  2.67935659e+00  2.76632828e+00  2.78771496e+00  2.83528281e+00
  2.84452154e+00  2.91314309e+00  3.03273265e+00  3.12619937e+00
  3.16601941e+00  3.27030372e+00  3.34183960e+00  3.40912275e+00
  3.48164249e+00  3.56512362e+00  3.58738023e+00  3.63800547e+00
  3.76848945e+00  3.77815423e+00  3.91148565e+00  3.96472581e+00
  4.00470449e+00  4.30346755e+00  4.45424176e+00  5.02991517e+00
  9.87462930e+00  2.35502883e+01  2.37871414e+01  2.38883589e+01
  2.39152920e+01  2.40418767e+01  2.41258222e+01  2.58203188e+01
  2.58268865e+01  2.61020421e+01  3.52907716e+01  2.15894047e+02]
nelec by numeric integration = 67.99999995327465
    CPU time for vxc     82.58 sec, wall time      2.95 sec
E1 = -1774.5645863379928  Ecoul = 723.697767454091  Exc = -70.47691188654822
cycle= 2 E= -742.227637929539  delta_E= 5.87  |g|= 3.02  |ddm|= 4.24
    CPU time for cycle= 2     84.22 sec, wall time      3.01 sec
  HOMO = -0.176522302729217  LUMO = -0.0797245077623311
  mo_energy =
[-1.01303785e+02 -1.44947289e+01 -1.02412216e+01 -1.02402779e+01
 -1.01872994e+01 -1.01324325e+01 -1.01152428e+01 -1.01151592e+01
 -9.23495401e+00 -6.99157817e+00 -6.99156551e+00 -6.99066152e+00
 -1.04624048e+00 -8.13333687e-01 -8.04674183e-01 -7.27484420e-01
 -6.70594874e-01 -6.45142265e-01 -6.29742896e-01 -5.60930492e-01
 -5.16057330e-01 -4.94620895e-01 -4.93516077e-01 -4.63404847e-01
 -4.58233496e-01 -4.25809917e-01 -4.15809230e-01 -3.74099076e-01
 -3.73119738e-01 -3.07775169e-01 -2.87425575e-01 -1.80354811e-01
 -1.76872729e-01 -1.76522303e-01 -7.97245078e-02 -3.94086907e-02
  1.06907059e-02  4.90311981e-02  5.01618343e-02  6.62937479e-02
  7.98656245e-02  8.84642044e-02  1.02512333e-01  1.13995640e-01
  1.32166383e-01  1.37990846e-01  2.05510329e-01  2.30348718e-01
  2.55798389e-01  2.64241629e-01  2.66498132e-01  2.77892743e-01
  2.83318227e-01  3.33118973e-01  3.44958345e-01  3.60783741e-01
  3.69052530e-01  3.79058242e-01  3.93327511e-01  4.09557508e-01
  4.09962929e-01  4.18419972e-01  4.30642538e-01  4.48792026e-01
  4.61288265e-01  4.61974477e-01  4.98277691e-01  5.03354016e-01
  5.15606399e-01  5.56884936e-01  5.60426666e-01  5.71872768e-01
  5.87355166e-01  5.89179491e-01  5.98389920e-01  6.38179619e-01
  6.42301880e-01  6.65886147e-01  6.78516482e-01  7.17039160e-01
  7.25103043e-01  7.46349355e-01  7.54083563e-01  7.80807309e-01
  8.04939351e-01  8.45964554e-01  8.84083715e-01  9.20308419e-01
  9.27593224e-01  9.84458496e-01  1.00186432e+00  1.01714293e+00
  1.03077020e+00  1.03150014e+00  1.03501172e+00  1.04581376e+00
  1.05219335e+00  1.06241589e+00  1.08577164e+00  1.09919330e+00
  1.15504088e+00  1.20364981e+00  1.23678635e+00  1.26255742e+00
  1.34421999e+00  1.35377930e+00  1.41145040e+00  1.41976830e+00
  1.44157388e+00  1.45123004e+00  1.46072960e+00  1.49701259e+00
  1.51451438e+00  1.52961035e+00  1.54607229e+00  1.56200134e+00
  1.61331592e+00  1.64648991e+00  1.65696076e+00  1.67555609e+00
  1.68746893e+00  1.70844933e+00  1.74461581e+00  1.74765400e+00
  1.77790170e+00  1.78699741e+00  1.81994105e+00  1.86871161e+00
  1.90210028e+00  1.91034260e+00  1.91717399e+00  1.96166702e+00
  2.00920478e+00  2.02836555e+00  2.03873322e+00  2.06836356e+00
  2.07972907e+00  2.14166095e+00  2.18324208e+00  2.20348472e+00
  2.23932561e+00  2.27527363e+00  2.27584080e+00  2.29224148e+00
  2.35506589e+00  2.36089711e+00  2.39139011e+00  2.43270171e+00
  2.44020437e+00  2.44715216e+00  2.46290507e+00  2.46927876e+00
  2.51647549e+00  2.52909220e+00  2.54640990e+00  2.58419667e+00
  2.59474854e+00  2.60961555e+00  2.61547032e+00  2.62968291e+00
  2.64514326e+00  2.66354362e+00  2.73412306e+00  2.73579040e+00
  2.75350576e+00  2.84309562e+00  2.86815837e+00  2.91206588e+00
  2.91823235e+00  2.98656420e+00  3.02389097e+00  3.19678277e+00
  3.22176271e+00  3.34601671e+00  3.41753991e+00  3.47682158e+00
  3.56945480e+00  3.64247860e+00  3.66814195e+00  3.72412146e+00
  3.78972806e+00  3.80688094e+00  3.98128223e+00  4.02975284e+00
  4.07912122e+00  4.38510921e+00  4.55343266e+00  5.13594700e+00
  9.64255577e+00  2.36395240e+01  2.38902723e+01  2.38994380e+01
  2.40052767e+01  2.41216044e+01  2.41997138e+01  2.55970008e+01
  2.56035705e+01  2.58811700e+01  3.54427537e+01  2.15614048e+02]
nelec by numeric integration = 67.99999998607564
    CPU time for vxc     83.20 sec, wall time      2.98 sec
E1 = -1772.5426336890296  Ecoul = 715.5474990979097  Exc = -70.25351500574182
cycle= 3 E= -748.13255675595  delta_E= -5.9  |g|= 0.524  |ddm|= 3.89
    CPU time for cycle= 3     84.83 sec, wall time      3.04 sec
  HOMO = -0.15584454495937  LUMO = -0.116699221119599
  mo_energy =
[-1.01320988e+02 -1.44116626e+01 -1.02859669e+01 -1.02815331e+01
 -1.02803087e+01 -1.02674916e+01 -1.02671319e+01 -1.02156284e+01
 -9.23981802e+00 -6.99752528e+00 -6.99741879e+00 -6.99740782e+00
 -1.04105752e+00 -8.96599203e-01 -8.45189118e-01 -7.40346355e-01
 -7.17358491e-01 -6.93154204e-01 -6.14706413e-01 -5.96841984e-01
 -5.69476919e-01 -5.43314176e-01 -5.09188841e-01 -4.96079660e-01
 -4.95566472e-01 -4.45045407e-01 -4.28601076e-01 -4.25056771e-01
 -4.16026854e-01 -3.65691994e-01 -3.41793039e-01 -1.59896372e-01
 -1.55921902e-01 -1.55844545e-01 -1.16699221e-01 -9.32152083e-02
 -9.88189628e-03  2.84988034e-02  3.23858253e-02  5.32050871e-02
  6.02740200e-02  7.00482695e-02  7.42401189e-02  1.00874760e-01
  1.34281293e-01  1.39144831e-01  1.87535671e-01  1.94548235e-01
  2.08714731e-01  2.21581897e-01  2.45649080e-01  2.68436214e-01
  2.69428386e-01  3.08382158e-01  3.16004821e-01  3.25376737e-01
  3.50866205e-01  3.52040221e-01  3.74892118e-01  3.75036739e-01
  3.83016465e-01  3.98325006e-01  3.98753294e-01  4.30026229e-01
  4.42423896e-01  4.58585073e-01  4.64369148e-01  4.78939768e-01
  5.05075210e-01  5.19306179e-01  5.23676466e-01  5.34154486e-01
  5.53576983e-01  5.79043795e-01  5.83233793e-01  5.89919414e-01
  6.02431525e-01  6.54229466e-01  6.66672731e-01  6.78272756e-01
  6.87636137e-01  7.08770769e-01  7.12620882e-01  7.40446857e-01
  7.72515743e-01  8.34031695e-01  8.76673348e-01  8.83031333e-01
  8.92725556e-01  9.44163932e-01  9.50006725e-01  9.85501244e-01
  1.00545266e+00  1.02334100e+00  1.05104465e+00  1.05194808e+00
  1.05299910e+00  1.06159679e+00  1.06242043e+00  1.07107555e+00
  1.12078982e+00  1.21098361e+00  1.23399404e+00  1.26428779e+00
  1.31444787e+00  1.34190669e+00  1.36884459e+00  1.40339622e+00
  1.40599311e+00  1.42230857e+00  1.45047451e+00  1.46170506e+00
  1.47683382e+00  1.48862395e+00  1.50263585e+00  1.51402633e+00
  1.58278977e+00  1.62605121e+00  1.62724190e+00  1.65102519e+00
  1.65777494e+00  1.66639107e+00  1.70451436e+00  1.70663969e+00
  1.77145002e+00  1.77308737e+00  1.78035182e+00  1.82533516e+00
  1.83184236e+00  1.85162720e+00  1.86012617e+00  1.95036258e+00
  1.96836194e+00  1.99782406e+00  2.01106376e+00  2.02071637e+00
  2.06809014e+00  2.12758614e+00  2.14806456e+00  2.17399295e+00
  2.18897880e+00  2.24566992e+00  2.28987450e+00  2.29137456e+00
  2.31111127e+00  2.36582720e+00  2.37720848e+00  2.38576134e+00
  2.43951972e+00  2.44785776e+00  2.45542023e+00  2.45952058e+00
  2.50349921e+00  2.51419723e+00  2.51532895e+00  2.53995467e+00
  2.54071500e+00  2.56649337e+00  2.57479521e+00  2.59345310e+00
  2.60611156e+00  2.63743223e+00  2.67888159e+00  2.68425184e+00
  2.69728468e+00  2.78436083e+00  2.84082525e+00  2.85456309e+00
  2.89457658e+00  2.89558480e+00  3.02505369e+00  3.10935052e+00
  3.18762091e+00  3.28354226e+00  3.33739252e+00  3.38185418e+00
  3.56605148e+00  3.60268447e+00  3.68641003e+00  3.70823004e+00
  3.78845734e+00  3.83305411e+00  3.90980574e+00  3.94525967e+00
  4.02075271e+00  4.31779637e+00  4.57923388e+00  5.13559784e+00
  9.64497290e+00  2.35335196e+01  2.38206749e+01  2.38736593e+01
  2.39177794e+01  2.40054286e+01  2.40590137e+01  2.56032264e+01
  2.56098021e+01  2.58852570e+01  3.55219338e+01  2.15598915e+02]
nelec by numeric integration = 67.99999999101033
    CPU time for vxc     84.11 sec, wall time      3.02 sec
E1 = -1773.7097169942706  Ecoul = 716.7546430828484  Exc = -70.36090380645389
cycle= 4 E= -748.199884876965  delta_E= -0.0673  |g|= 0.154  |ddm|= 0.509
    CPU time for cycle= 4     85.79 sec, wall time      3.08 sec
  HOMO = -0.184995649378611  LUMO = -0.122150418561948
  mo_energy =
[-1.01415317e+02 -1.44602719e+01 -1.03018234e+01 -1.03016666e+01
 -1.02645101e+01 -1.02644639e+01 -1.02610139e+01 -1.02439194e+01
 -9.31863459e+00 -7.07838024e+00 -7.07767432e+00 -7.07753167e+00
 -1.06132974e+00 -8.94095458e-01 -8.54207850e-01 -7.51656125e-01
 -7.26067005e-01 -7.01769412e-01 -6.47072032e-01 -6.04237607e-01
 -5.75558332e-01 -5.47756024e-01 -5.16026149e-01 -5.11323449e-01
 -5.00878588e-01 -4.48046970e-01 -4.39044685e-01 -4.38046553e-01
 -4.27279779e-01 -3.70532378e-01 -3.48013561e-01 -1.89902506e-01
 -1.85235395e-01 -1.84995649e-01 -1.22150419e-01 -9.76599591e-02
 -1.25385308e-02  2.56638891e-02  2.79764480e-02  4.93316424e-02
  5.70031989e-02  6.01426074e-02  6.61306258e-02  9.53392795e-02
  1.26804603e-01  1.31303717e-01  1.79428736e-01  1.92919961e-01
  2.06963812e-01  2.17298674e-01  2.40608453e-01  2.60015923e-01
  2.61004226e-01  3.02673153e-01  3.08416636e-01  3.25222372e-01
  3.49317333e-01  3.52948458e-01  3.69813850e-01  3.69816642e-01
  3.72731819e-01  3.90224149e-01  3.91110765e-01  4.25072422e-01
  4.28326394e-01  4.49956040e-01  4.58546378e-01  4.69430174e-01
  5.03967354e-01  5.12117766e-01  5.18654940e-01  5.32932427e-01
  5.43934481e-01  5.71721313e-01  5.78745192e-01  5.82298798e-01
  5.98174768e-01  6.42172856e-01  6.68138634e-01  6.71240165e-01
  6.74639220e-01  7.03085214e-01  7.07823538e-01  7.34770323e-01
  7.65311112e-01  8.20397365e-01  8.68228331e-01  8.74515138e-01
  8.83629642e-01  9.40463788e-01  9.48070944e-01  9.74765780e-01
  1.00145504e+00  1.01349266e+00  1.01499642e+00  1.01549197e+00
  1.02377969e+00  1.02713680e+00  1.04781009e+00  1.05877264e+00
  1.11012881e+00  1.18557807e+00  1.22044386e+00  1.24901091e+00
  1.30657053e+00  1.33007346e+00  1.36465308e+00  1.39682394e+00
  1.40422148e+00  1.41260784e+00  1.44623260e+00  1.45208496e+00
  1.47539811e+00  1.48073613e+00  1.49697990e+00  1.50972563e+00
  1.57741612e+00  1.61892478e+00  1.61987891e+00  1.64318233e+00
  1.64823003e+00  1.66526459e+00  1.69963304e+00  1.70200637e+00
  1.76308608e+00  1.76781525e+00  1.77169479e+00  1.82227013e+00
  1.83339314e+00  1.85260316e+00  1.85447486e+00  1.93599348e+00
  1.96649907e+00  1.98799457e+00  1.99988080e+00  2.01472592e+00
  2.05637206e+00  2.11571210e+00  2.14689876e+00  2.16802819e+00
  2.18212616e+00  2.24083741e+00  2.25444996e+00  2.25636532e+00
  2.30285431e+00  2.34820610e+00  2.37044431e+00  2.37822815e+00
  2.42742499e+00  2.43021409e+00  2.43460853e+00  2.44745896e+00
  2.49251823e+00  2.50717184e+00  2.51344857e+00  2.52569556e+00
  2.53893830e+00  2.56501108e+00  2.57133899e+00  2.59218954e+00
  2.59824394e+00  2.62658561e+00  2.67239646e+00  2.68277498e+00
  2.69176246e+00  2.77263829e+00  2.82902027e+00  2.84846192e+00
  2.88134975e+00  2.89619272e+00  3.01351277e+00  3.11001179e+00
  3.17718248e+00  3.27612350e+00  3.33572047e+00  3.38655572e+00
  3.54725153e+00  3.59256394e+00  3.66425965e+00  3.69181967e+00
  3.77259504e+00  3.80718586e+00  3.90787436e+00  3.95029869e+00
  4.01394640e+00  4.31397418e+00  4.55248328e+00  5.11292431e+00
  9.57794604e+00  2.35341040e+01  2.38091517e+01  2.38467778e+01
  2.39147882e+01  2.39996767e+01  2.40675682e+01  2.55414253e+01
  2.55483019e+01  2.58221678e+01  3.54750419e+01  2.15507373e+02]
nelec by numeric integration = 67.99999999078086
    CPU time for vxc     82.89 sec, wall time      2.96 sec
E1 = -1775.3503338664993  Ecoul = 718.511049258146  Exc = -70.48085241030567
cycle= 5 E= -748.204044177748  delta_E= -0.00416  |g|= 0.0778  |ddm|= 0.204
    CPU time for cycle= 5     84.59 sec, wall time      3.02 sec
  HOMO = -0.171236616695773  LUMO = -0.121178827733515
  mo_energy =
[-1.01371706e+02 -1.44524916e+01 -1.02957291e+01 -1.02947591e+01
 -1.02712549e+01 -1.02595571e+01 -1.02594868e+01 -1.02349647e+01
 -9.28590236e+00 -7.04488559e+00 -7.04381380e+00 -7.04366300e+00
 -1.05659893e+00 -8.94551523e-01 -8.51559304e-01 -7.49202767e-01
 -7.24701867e-01 -7.00489783e-01 -6.31630398e-01 -6.03484625e-01
 -5.74619640e-01 -5.48329119e-01 -5.14780888e-01 -5.08424524e-01
 -5.01085448e-01 -4.48850460e-01 -4.36430349e-01 -4.36286740e-01
 -4.25642444e-01 -3.70672897e-01 -3.46447438e-01 -1.76402194e-01
 -1.71389206e-01 -1.71236617e-01 -1.21178828e-01 -9.60402415e-02
 -1.29635784e-02  2.48109934e-02  2.74925640e-02  4.95192597e-02
  5.67276613e-02  6.35858679e-02  6.55705789e-02  9.53506749e-02
  1.29070822e-01  1.33047064e-01  1.80625925e-01  1.92032931e-01
  2.06133992e-01  2.17125625e-01  2.40480519e-01  2.61529822e-01
  2.61631002e-01  3.03338688e-01  3.08820030e-01  3.24486122e-01
  3.48654167e-01  3.51473902e-01  3.70570345e-01  3.72014382e-01
  3.78484953e-01  3.94120265e-01  3.94436342e-01  4.27036742e-01
  4.31840419e-01  4.52926467e-01  4.59077213e-01  4.71822575e-01
  5.03139305e-01  5.15298694e-01  5.17649183e-01  5.32903999e-01
  5.44729367e-01  5.73077134e-01  5.81394444e-01  5.82146324e-01
  5.97792945e-01  6.46023646e-01  6.66407778e-01  6.73551556e-01
  6.74216140e-01  7.03474326e-01  7.07759894e-01  7.35689119e-01
  7.65675473e-01  8.25615288e-01  8.74177420e-01  8.74403629e-01
  8.85088888e-01  9.40414614e-01  9.48005072e-01  9.76353504e-01
  1.00151857e+00  1.01789975e+00  1.03279527e+00  1.03293802e+00
  1.03519201e+00  1.04303246e+00  1.04981643e+00  1.06139894e+00
  1.11088647e+00  1.19613710e+00  1.22328213e+00  1.25182063e+00
  1.30806625e+00  1.33195901e+00  1.36515162e+00  1.39762108e+00
  1.40402144e+00  1.41399296e+00  1.44647891e+00  1.45372407e+00
  1.47361162e+00  1.48183121e+00  1.49712856e+00  1.50908561e+00
  1.57659730e+00  1.61897011e+00  1.61994730e+00  1.64381357e+00
  1.64875770e+00  1.66368867e+00  1.69922480e+00  1.70161884e+00
  1.76382190e+00  1.76837958e+00  1.77285372e+00  1.82140296e+00
  1.83179516e+00  1.85128311e+00  1.85500395e+00  1.94023304e+00
  1.96591197e+00  1.98974887e+00  2.00170093e+00  2.01527346e+00
  2.05838070e+00  2.11825129e+00  2.14618518e+00  2.16990293e+00
  2.18090083e+00  2.24159106e+00  2.27176452e+00  2.27257202e+00
  2.30393861e+00  2.35366952e+00  2.37331502e+00  2.37627106e+00
  2.42977789e+00  2.43662218e+00  2.43975029e+00  2.44896748e+00
  2.49414504e+00  2.50760116e+00  2.51383170e+00  2.52877207e+00
  2.53727483e+00  2.56369840e+00  2.57005208e+00  2.59037942e+00
  2.59843119e+00  2.62780430e+00  2.67457310e+00  2.68157813e+00
  2.69196018e+00  2.77549990e+00  2.83103878e+00  2.85030916e+00
  2.88354590e+00  2.89609843e+00  3.01594243e+00  3.11001169e+00
  3.18014169e+00  3.27862640e+00  3.33635797e+00  3.38491562e+00
  3.55045015e+00  3.59516266e+00  3.66837676e+00  3.69515960e+00
  3.77603603e+00  3.81161169e+00  3.90807846e+00  3.94764501e+00
  4.01519007e+00  4.31431916e+00  4.55789646e+00  5.11712893e+00
  9.60617021e+00  2.35355961e+01  2.38147247e+01  2.38551993e+01
  2.39151774e+01  2.40048187e+01  2.40668614e+01  2.55679090e+01
  2.55747986e+01  2.58480231e+01  3.54826754e+01  2.15549382e+02]
nelec by numeric integration = 67.99999999076802
    CPU time for vxc     84.89 sec, wall time      3.06 sec
E1 = -1774.7128619998584  Ecoul = 717.8238660427755  Exc = -70.4328597599584
cycle= 6 E= -748.20576287613  delta_E= -0.00172  |g|= 0.0115  |ddm|= 0.114
    CPU time for cycle= 6     86.50 sec, wall time      3.12 sec
  HOMO = -0.17108977362907  LUMO = -0.120253560880226
  mo_energy =
[-1.01370050e+02 -1.44505508e+01 -1.02955607e+01 -1.02952961e+01
 -1.02663994e+01 -1.02608894e+01 -1.02606819e+01 -1.02313327e+01
 -9.28454489e+00 -7.04355679e+00 -7.04241330e+00 -7.04221170e+00
 -1.05632274e+00 -8.93781162e-01 -8.51639076e-01 -7.47921141e-01
 -7.24230944e-01 -6.99831699e-01 -6.31248902e-01 -6.02708104e-01
 -5.74068393e-01 -5.47999656e-01 -5.14834901e-01 -5.07950399e-01
 -4.99676110e-01 -4.48267561e-01 -4.35238568e-01 -4.35165074e-01
 -4.24864714e-01 -3.69718167e-01 -3.46608457e-01 -1.76011250e-01
 -1.71256781e-01 -1.71089774e-01 -1.20253561e-01 -9.58875048e-02
 -1.24685466e-02  2.49773096e-02  2.81227092e-02  5.00685570e-02
  5.72935851e-02  6.44342419e-02  6.58865468e-02  9.57186810e-02
  1.29536798e-01  1.33539829e-01  1.81072361e-01  1.92606025e-01
  2.06614581e-01  2.17541207e-01  2.40747972e-01  2.61983985e-01
  2.62020453e-01  3.03520695e-01  3.08981378e-01  3.24861236e-01
  3.49171133e-01  3.52110844e-01  3.70564617e-01  3.72448104e-01
  3.78561056e-01  3.94408489e-01  3.94698438e-01  4.27467321e-01
  4.32190569e-01  4.53296273e-01  4.59230921e-01  4.72069659e-01
  5.03541142e-01  5.15948298e-01  5.18381327e-01  5.33068215e-01
  5.45052524e-01  5.73927683e-01  5.82361279e-01  5.82364213e-01
  5.98500441e-01  6.46728297e-01  6.67031175e-01  6.74095722e-01
  6.74879735e-01  7.03808772e-01  7.08192257e-01  7.36046861e-01
  7.65872049e-01  8.25939023e-01  8.74666772e-01  8.74799989e-01
  8.85555416e-01  9.40971353e-01  9.48450021e-01  9.76684730e-01
  1.00160641e+00  1.01885353e+00  1.03320215e+00  1.03334758e+00
  1.03561406e+00  1.04346070e+00  1.05044361e+00  1.06173173e+00
  1.11120666e+00  1.19664570e+00  1.22401626e+00  1.25230457e+00
  1.30850666e+00  1.33237092e+00  1.36536153e+00  1.39846892e+00
  1.40456147e+00  1.41478714e+00  1.44706493e+00  1.45474875e+00
  1.47436115e+00  1.48272472e+00  1.49774727e+00  1.50964510e+00
  1.57733184e+00  1.61942364e+00  1.62034559e+00  1.64414538e+00
  1.64944117e+00  1.66452830e+00  1.69927670e+00  1.70194411e+00
  1.76456672e+00  1.76893915e+00  1.77361690e+00  1.82196357e+00
  1.83247664e+00  1.85218119e+00  1.85527884e+00  1.94079244e+00
  1.96664430e+00  1.99009493e+00  2.00248549e+00  2.01534811e+00
  2.05891717e+00  2.11894041e+00  2.14692034e+00  2.17060490e+00
  2.18182552e+00  2.24161603e+00  2.27221713e+00  2.27310705e+00
  2.30443019e+00  2.35466883e+00  2.37399116e+00  2.37712124e+00
  2.43070628e+00  2.43717656e+00  2.44046950e+00  2.44975940e+00
  2.49459050e+00  2.50852317e+00  2.51428727e+00  2.52994241e+00
  2.53813419e+00  2.56403436e+00  2.57068486e+00  2.59097896e+00
  2.59925275e+00  2.62840133e+00  2.67449182e+00  2.68280544e+00
  2.69265040e+00  2.77538424e+00  2.83175143e+00  2.85025352e+00
  2.88424865e+00  2.89658747e+00  3.01674976e+00  3.11077405e+00
  3.18108703e+00  3.27901406e+00  3.33671975e+00  3.38580815e+00
  3.55083508e+00  3.59577963e+00  3.66969085e+00  3.69548494e+00
  3.77749299e+00  3.81285361e+00  3.90824962e+00  3.94876823e+00
  4.01538614e+00  4.31506208e+00  4.55900256e+00  5.11775953e+00
  9.60723845e+00  2.35362880e+01  2.38142183e+01  2.38586486e+01
  2.39167031e+01  2.40039912e+01  2.40678980e+01  2.55688530e+01
  2.55758415e+01  2.58488793e+01  3.54845286e+01  2.15550979e+02]
nelec by numeric integration = 67.99999999085756
    CPU time for vxc     84.16 sec, wall time      3.01 sec
E1 = -1774.6788708567133  Ecoul = 717.7857582108772  Exc = -70.42877171717458
cycle= 7 E= -748.205791522099  delta_E= -2.86e-05  |g|= 0.00467  |ddm|= 0.0124
    CPU time for cycle= 7     85.80 sec, wall time      3.07 sec
  HOMO = -0.171689867164798  LUMO = -0.120080463186697
  mo_energy =
[-1.01371340e+02 -1.44506920e+01 -1.02950208e+01 -1.02943752e+01
 -1.02674955e+01 -1.02599342e+01 -1.02598799e+01 -1.02325041e+01
 -9.28540532e+00 -7.04447473e+00 -7.04331486e+00 -7.04307905e+00
 -1.05622004e+00 -8.93687677e-01 -8.51135285e-01 -7.48110006e-01
 -7.23924945e-01 -6.99560661e-01 -6.31778071e-01 -6.02567932e-01
 -5.73742198e-01 -5.47480468e-01 -5.14312504e-01 -5.07836939e-01
 -4.99813388e-01 -4.47913139e-01 -4.35429719e-01 -4.35379998e-01
 -4.24738375e-01 -3.69698691e-01 -3.46098905e-01 -1.76542008e-01
 -1.71873894e-01 -1.71689867e-01 -1.20080463e-01 -9.53997773e-02
 -1.22972170e-02  2.52779502e-02  2.81979864e-02  5.03661999e-02
  5.74436367e-02  6.42030193e-02  6.60831669e-02  9.58595949e-02
  1.29415083e-01  1.33511599e-01  1.81240300e-01  1.92860190e-01
  2.06870598e-01  2.17791351e-01  2.41036471e-01  2.61985643e-01
  2.62178175e-01  3.03792274e-01  3.09345833e-01  3.25072891e-01
  3.49405285e-01  3.52280882e-01  3.70900823e-01  3.72491676e-01
  3.78207871e-01  3.94380865e-01  3.94580357e-01  4.27372127e-01
  4.32243869e-01  4.53335326e-01  4.59519479e-01  4.72193508e-01
  5.03758388e-01  5.15789801e-01  5.18531056e-01  5.33430880e-01
  5.45415907e-01  5.73843044e-01  5.82101889e-01  5.82672457e-01
  5.98616521e-01  6.46668195e-01  6.67262812e-01  6.74150142e-01
  6.74997029e-01  7.04099225e-01  7.08385135e-01  7.36219290e-01
  7.66199581e-01  8.25897194e-01  8.74650455e-01  8.74940754e-01
  8.85606211e-01  9.41060365e-01  9.48780237e-01  9.76845923e-01
  1.00208588e+00  1.01886294e+00  1.03255245e+00  1.03273649e+00
  1.03513424e+00  1.04291189e+00  1.05051036e+00  1.06180033e+00
  1.11160590e+00  1.19629275e+00  1.22399651e+00  1.25235198e+00
  1.30863381e+00  1.33253410e+00  1.36574704e+00  1.39851724e+00
  1.40479261e+00  1.41467526e+00  1.44731345e+00  1.45461908e+00
  1.47458196e+00  1.48270395e+00  1.49797936e+00  1.50994681e+00
  1.57755934e+00  1.61977061e+00  1.62064943e+00  1.64452424e+00
  1.64965107e+00  1.66463680e+00  1.69975319e+00  1.70236407e+00
  1.76459174e+00  1.76911988e+00  1.77360761e+00  1.82225422e+00
  1.83274113e+00  1.85234216e+00  1.85568238e+00  1.94069158e+00
  1.96688174e+00  1.99035828e+00  2.00242703e+00  2.01575934e+00
  2.05905028e+00  2.11894832e+00  2.14704468e+00  2.17069723e+00
  2.18191763e+00  2.24210510e+00  2.27159942e+00  2.27261969e+00
  2.30471182e+00  2.35438950e+00  2.37404461e+00  2.37737152e+00
  2.43053977e+00  2.43736234e+00  2.44009633e+00  2.44981542e+00
  2.49483323e+00  2.50860829e+00  2.51458913e+00  2.52973025e+00
  2.53828223e+00  2.56443129e+00  2.57094731e+00  2.59130746e+00
  2.59941460e+00  2.62861175e+00  2.67494665e+00  2.68288597e+00
  2.69284266e+00  2.77587249e+00  2.83190089e+00  2.85073977e+00
  2.88443322e+00  2.89685268e+00  3.01664218e+00  3.11096828e+00
  3.18106240e+00  3.27928234e+00  3.33707805e+00  3.38596325e+00
  3.55116588e+00  3.59590937e+00  3.66944164e+00  3.69579946e+00
  3.77716687e+00  3.81264097e+00  3.90873131e+00  3.94892597e+00
  4.01584528e+00  4.31529276e+00  4.55889629e+00  5.11792895e+00
  9.60644365e+00  2.35365976e+01  2.38149691e+01  2.38575539e+01
  2.39167845e+01  2.40047907e+01  2.40680304e+01  2.55680717e+01
  2.55751270e+01  2.58480837e+01  3.54843969e+01  2.15549743e+02]
nelec by numeric integration = 67.99999999077838
    CPU time for vxc     83.34 sec, wall time      2.98 sec
E1 = -1774.6934534760055  Ecoul = 717.8012741034365  Exc = -70.42971023914265
cycle= 8 E= -748.2057967708  delta_E= -5.25e-06  |g|= 0.0012  |ddm|= 0.00442
    CPU time for cycle= 8     84.97 sec, wall time      3.04 sec
  HOMO = -0.171618689514909  LUMO = -0.119980027550215
  mo_energy =
[-1.01370978e+02 -1.44504050e+01 -1.02950667e+01 -1.02945962e+01
 -1.02672707e+01 -1.02599287e+01 -1.02597318e+01 -1.02325571e+01
 -9.28506294e+00 -7.04413505e+00 -7.04297266e+00 -7.04272393e+00
 -1.05609154e+00 -8.93549457e-01 -8.51086935e-01 -7.48061888e-01
 -7.23844302e-01 -6.99526005e-01 -6.31669229e-01 -6.02502168e-01
 -5.73663993e-01 -5.47455942e-01 -5.14275663e-01 -5.07742446e-01
 -4.99703226e-01 -4.47843497e-01 -4.35428067e-01 -4.35350155e-01
 -4.24672922e-01 -3.69573602e-01 -3.46049454e-01 -1.76454893e-01
 -1.71809806e-01 -1.71618690e-01 -1.19980028e-01 -9.53355358e-02
 -1.22499125e-02  2.53065239e-02  2.82355524e-02  5.04418209e-02
  5.74852012e-02  6.42330614e-02  6.61004492e-02  9.58823418e-02
  1.29412216e-01  1.33531647e-01  1.81289180e-01  1.92931006e-01
  2.06948368e-01  2.17845174e-01  2.41096308e-01  2.62017622e-01
  2.62212542e-01  3.03850453e-01  3.09399048e-01  3.25157571e-01
  3.49447844e-01  3.52371232e-01  3.70952048e-01  3.72551964e-01
  3.78205012e-01  3.94421682e-01  3.94615022e-01  4.27416711e-01
  4.32288832e-01  4.53362866e-01  4.59564803e-01  4.72213930e-01
  5.03828921e-01  5.15804436e-01  5.18595188e-01  5.33483749e-01
  5.45435712e-01  5.73860354e-01  5.82100376e-01  5.82739474e-01
  5.98658514e-01  6.46706338e-01  6.67334782e-01  6.74249724e-01
  6.75061108e-01  7.04150729e-01  7.08453647e-01  7.36278362e-01
  7.66265943e-01  8.25946859e-01  8.74715177e-01  8.75015839e-01
  8.85679380e-01  9.41145447e-01  9.48869525e-01  9.76915229e-01
  1.00213810e+00  1.01894432e+00  1.03267848e+00  1.03286331e+00
  1.03524617e+00  1.04304081e+00  1.05056547e+00  1.06188339e+00
  1.11165577e+00  1.19638230e+00  1.22403233e+00  1.25243899e+00
  1.30871516e+00  1.33257274e+00  1.36581169e+00  1.39860336e+00
  1.40485364e+00  1.41468115e+00  1.44738169e+00  1.45463784e+00
  1.47463658e+00  1.48273934e+00  1.49802852e+00  1.51001444e+00
  1.57759835e+00  1.61980145e+00  1.62069588e+00  1.64456261e+00
  1.64969448e+00  1.66470766e+00  1.69979659e+00  1.70240014e+00
  1.76462922e+00  1.76915933e+00  1.77363979e+00  1.82229766e+00
  1.83281752e+00  1.85243445e+00  1.85574262e+00  1.94073403e+00
  1.96697608e+00  1.99039838e+00  2.00247413e+00  2.01582181e+00
  2.05910263e+00  2.11897662e+00  2.14713177e+00  2.17074418e+00
  2.18200116e+00  2.24214340e+00  2.27171829e+00  2.27274762e+00
  2.30476358e+00  2.35441381e+00  2.37409304e+00  2.37744492e+00
  2.43054036e+00  2.43743706e+00  2.44016391e+00  2.44982090e+00
  2.49486612e+00  2.50864085e+00  2.51467757e+00  2.52973431e+00
  2.53833348e+00  2.56446883e+00  2.57099379e+00  2.59136637e+00
  2.59943990e+00  2.62866001e+00  2.67501610e+00  2.68296947e+00
  2.69290291e+00  2.77590543e+00  2.83199104e+00  2.85079562e+00
  2.88449361e+00  2.89695748e+00  3.01665488e+00  3.11105863e+00
  3.18112655e+00  3.27933864e+00  3.33714436e+00  3.38607521e+00
  3.55121393e+00  3.59599545e+00  3.66951896e+00  3.69583694e+00
  3.77717374e+00  3.81275132e+00  3.90877931e+00  3.94902574e+00
  4.01588430e+00  4.31540136e+00  4.55903914e+00  5.11806274e+00
  9.60672453e+00  2.35366436e+01  2.38149196e+01  2.38575068e+01
  2.39168026e+01  2.40047972e+01  2.40681469e+01  2.55683191e+01
  2.55753993e+01  2.58483318e+01  3.54846753e+01  2.15550097e+02]
nelec by numeric integration = 67.9999999907763
    CPU time for vxc     82.64 sec, wall time      2.95 sec
E1 = -1774.6852923741876  Ecoul = 717.7925088083063  Exc = -70.42910643907491
cycle= 9 E= -748.205797164045  delta_E= -3.93e-07  |g|= 0.000535  |ddm|= 0.00231
    CPU time for cycle= 9     84.25 sec, wall time      3.01 sec
  HOMO = -0.171641222060184  LUMO = -0.119979254206693
  mo_energy =
[-1.01371031e+02 -1.44504941e+01 -1.02950392e+01 -1.02944675e+01
 -1.02672847e+01 -1.02599294e+01 -1.02598268e+01 -1.02324154e+01
 -9.28510762e+00 -7.04418086e+00 -7.04301963e+00 -7.04276760e+00
 -1.05608528e+00 -8.93558679e-01 -8.51074764e-01 -7.48032907e-01
 -7.23845305e-01 -6.99512377e-01 -6.31690324e-01 -6.02493755e-01
 -5.73663733e-01 -5.47458122e-01 -5.14263568e-01 -5.07729247e-01
 -4.99699000e-01 -4.47848108e-01 -4.35387479e-01 -4.35320361e-01
 -4.24662611e-01 -3.69576323e-01 -3.46038358e-01 -1.76473149e-01
 -1.71834754e-01 -1.71641222e-01 -1.19979254e-01 -9.53266279e-02
 -1.22438093e-02  2.53106291e-02  2.82462187e-02  5.04410113e-02
  5.74898021e-02  6.42524696e-02  6.61116399e-02  9.58935402e-02
  1.29431402e-01  1.33543454e-01  1.81304341e-01  1.92930821e-01
  2.06942772e-01  2.17852154e-01  2.41101788e-01  2.62033421e-01
  2.62230217e-01  3.03851911e-01  3.09408390e-01  3.25161369e-01
  3.49457730e-01  3.52369168e-01  3.70960692e-01  3.72545170e-01
  3.78196505e-01  3.94427284e-01  3.94611146e-01  4.27415678e-01
  4.32307472e-01  4.53362208e-01  4.59575726e-01  4.72224529e-01
  5.03826979e-01  5.15819670e-01  5.18599036e-01  5.33481832e-01
  5.45449478e-01  5.73884752e-01  5.82135445e-01  5.82734778e-01
  5.98669108e-01  6.46720625e-01  6.67330443e-01  6.74256842e-01
  6.75063698e-01  7.04160134e-01  7.08461163e-01  7.36282266e-01
  7.66272787e-01  8.25952379e-01  8.74714793e-01  8.75019636e-01
  8.85683708e-01  9.41146121e-01  9.48870655e-01  9.76927878e-01
  1.00214275e+00  1.01895174e+00  1.03264976e+00  1.03283641e+00
  1.03522435e+00  1.04301900e+00  1.05057716e+00  1.06189622e+00
  1.11167159e+00  1.19637451e+00  1.22404964e+00  1.25244428e+00
  1.30872324e+00  1.33259094e+00  1.36581697e+00  1.39861391e+00
  1.40485714e+00  1.41470216e+00  1.44738869e+00  1.45466370e+00
  1.47464089e+00  1.48275750e+00  1.49803842e+00  1.51001903e+00
  1.57760895e+00  1.61981168e+00  1.62070782e+00  1.64457673e+00
  1.64970941e+00  1.66471013e+00  1.69980427e+00  1.70240493e+00
  1.76464918e+00  1.76917465e+00  1.77365490e+00  1.82230504e+00
  1.83281064e+00  1.85242972e+00  1.85575061e+00  1.94074124e+00
  1.96697117e+00  1.99041172e+00  2.00249161e+00  2.01582995e+00
  2.05912194e+00  2.11899800e+00  2.14713242e+00  2.17075298e+00
  2.18200261e+00  2.24214770e+00  2.27169071e+00  2.27272746e+00
  2.30476690e+00  2.35443681e+00  2.37411627e+00  2.37743999e+00
  2.43057181e+00  2.43744043e+00  2.44016543e+00  2.44985334e+00
  2.49487935e+00  2.50865902e+00  2.51467259e+00  2.52977726e+00
  2.53833694e+00  2.56446302e+00  2.57099813e+00  2.59136388e+00
  2.59946559e+00  2.62867419e+00  2.67501300e+00  2.68298435e+00
  2.69290912e+00  2.77592461e+00  2.83199837e+00  2.85080287e+00
  2.88450567e+00  2.89695158e+00  3.01667417e+00  3.11105323e+00
  3.18114806e+00  3.27934980e+00  3.33714771e+00  3.38606554e+00
  3.55123212e+00  3.59600787e+00  3.66953710e+00  3.69586212e+00
  3.77721893e+00  3.81275519e+00  3.90877659e+00  3.94901512e+00
  4.01589555e+00  4.31539227e+00  4.55903034e+00  5.11805183e+00
  9.60668492e+00  2.35366475e+01  2.38149519e+01  2.38576397e+01
  2.39168361e+01  2.40047956e+01  2.40681229e+01  2.55682784e+01
  2.55753650e+01  2.58482945e+01  3.54845922e+01  2.15550046e+02]
nelec by numeric integration = 67.9999999907759
    CPU time for vxc     82.68 sec, wall time      2.95 sec
E1 = -1774.6855893152213  Ecoul = 717.7928584944281  Exc = -70.42915925093074
cycle= 10 E= -748.205797230813  delta_E= -6.68e-08  |g|= 0.000179  |ddm|= 0.000549
    CPU time for cycle= 10     84.30 sec, wall time      3.01 sec
  HOMO = -0.171677183963182  LUMO = -0.119963237132465
  mo_energy =
[-1.01371091e+02 -1.44504601e+01 -1.02949904e+01 -1.02944640e+01
 -1.02672551e+01 -1.02599117e+01 -1.02597694e+01 -1.02324150e+01
 -9.28516754e+00 -7.04423975e+00 -7.04308126e+00 -7.04282701e+00
 -1.05606616e+00 -8.93536704e-01 -8.51053705e-01 -7.48027491e-01
 -7.23823757e-01 -6.99497824e-01 -6.31725730e-01 -6.02483367e-01
 -5.73640700e-01 -5.47437452e-01 -5.14244892e-01 -5.07714692e-01
 -4.99684303e-01 -4.47826780e-01 -4.35394542e-01 -4.35320751e-01
 -4.24646354e-01 -3.69559174e-01 -3.46018312e-01 -1.76508158e-01
 -1.71872812e-01 -1.71677184e-01 -1.19963237e-01 -9.53072500e-02
 -1.22332242e-02  2.53220475e-02  2.82526732e-02  5.04602796e-02
  5.74999631e-02  6.42546114e-02  6.61183991e-02  9.58977123e-02
  1.29423458e-01  1.33543883e-01  1.81312211e-01  1.92948171e-01
  2.06963349e-01  2.17865866e-01  2.41117108e-01  2.62034765e-01
  2.62236380e-01  3.03866711e-01  3.09424625e-01  3.25175693e-01
  3.49467025e-01  3.52385265e-01  3.70973800e-01  3.72553850e-01
  3.78179217e-01  3.94424293e-01  3.94603915e-01  4.27414105e-01
  4.32313895e-01  4.53363942e-01  4.59588393e-01  4.72228315e-01
  5.03842360e-01  5.15811085e-01  5.18613395e-01  5.33500146e-01
  5.45463929e-01  5.73885325e-01  5.82129358e-01  5.82752394e-01
  5.98680494e-01  6.46716695e-01  6.67348168e-01  6.74268512e-01
  6.75073760e-01  7.04175306e-01  7.08474103e-01  7.36292888e-01
  7.66289383e-01  8.25947401e-01  8.74706821e-01  8.75036931e-01
  8.85690793e-01  9.41156672e-01  9.48893088e-01  9.76938061e-01
  1.00216191e+00  1.01895995e+00  1.03260325e+00  1.03279213e+00
  1.03519031e+00  1.04298050e+00  1.05058264e+00  1.06190434e+00
  1.11168885e+00  1.19635177e+00  1.22404940e+00  1.25245346e+00
  1.30873562e+00  1.33259838e+00  1.36583613e+00  1.39862778e+00
  1.40487149e+00  1.41469106e+00  1.44740451e+00  1.45466122e+00
  1.47465593e+00  1.48276077e+00  1.49805258e+00  1.51003796e+00
  1.57762003e+00  1.61982691e+00  1.62072027e+00  1.64459276e+00
  1.64972178e+00  1.66472322e+00  1.69982116e+00  1.70242228e+00
  1.76465203e+00  1.76918285e+00  1.77365840e+00  1.82231954e+00
  1.83283097e+00  1.85244804e+00  1.85577140e+00  1.94073257e+00
  1.96699318e+00  1.99042391e+00  2.00249385e+00  2.01584860e+00
  2.05913192e+00  2.11900023e+00  2.14714712e+00  2.17076054e+00
  2.18201941e+00  2.24216504e+00  2.27164794e+00  2.27269248e+00
  2.30478018e+00  2.35442354e+00  2.37412403e+00  2.37746068e+00
  2.43056426e+00  2.43745882e+00  2.44014248e+00  2.44985267e+00
  2.49488759e+00  2.50866990e+00  2.51469615e+00  2.52977600e+00
  2.53834995e+00  2.56448229e+00  2.57101179e+00  2.59138372e+00
  2.59947299e+00  2.62868888e+00  2.67503504e+00  2.68300686e+00
  2.69292274e+00  2.77594629e+00  2.83201722e+00  2.85082263e+00
  2.88452360e+00  2.89697556e+00  3.01666681e+00  3.11107413e+00
  3.18116235e+00  3.27937022e+00  3.33717065e+00  3.38608939e+00
  3.55125028e+00  3.59602545e+00  3.66954181e+00  3.69587840e+00
  3.77721632e+00  3.81276546e+00  3.90879918e+00  3.94903936e+00
  4.01591667e+00  4.31541631e+00  4.55904996e+00  5.11807542e+00
  9.60662954e+00  2.35366781e+01  2.38149808e+01  2.38576396e+01
  2.39168644e+01  2.40048274e+01  2.40681554e+01  2.55682217e+01
  2.55753125e+01  2.58482431e+01  3.54846252e+01  2.15549986e+02]
nelec by numeric integration = 67.99999999077433
    CPU time for vxc     82.68 sec, wall time      2.95 sec
E1 = -1774.6857587104682  Ecoul = 717.7930377141006  Exc = -70.42916908745897
cycle= 11 E= -748.205797242915  delta_E= -1.21e-08  |g|= 6.4e-05  |ddm|= 0.000363
    CPU time for cycle= 11     84.30 sec, wall time      3.01 sec
  HOMO = -0.17169421669186  LUMO = -0.119947987756361
  mo_energy =
[-1.01371088e+02 -1.44504455e+01 -1.02949962e+01 -1.02944300e+01
 -1.02672219e+01 -1.02598751e+01 -1.02597674e+01 -1.02324303e+01
 -9.28517286e+00 -7.04424382e+00 -7.04308674e+00 -7.04283086e+00
 -1.05605343e+00 -8.93516657e-01 -8.51037648e-01 -7.48025076e-01
 -7.23807492e-01 -6.99486050e-01 -6.31739636e-01 -6.02471480e-01
 -5.73622863e-01 -5.47421220e-01 -5.14229583e-01 -5.07704562e-01
 -4.99671518e-01 -4.47808764e-01 -4.35401859e-01 -4.35320954e-01
 -4.24636072e-01 -3.69543775e-01 -3.46002266e-01 -1.76524291e-01
 -1.71891147e-01 -1.71694217e-01 -1.19947988e-01 -9.52910384e-02
 -1.22231215e-02  2.53318374e-02  2.82599725e-02  5.04760989e-02
  5.75091745e-02  6.42520978e-02  6.61260463e-02  9.59039690e-02
  1.29419217e-01  1.33542015e-01  1.81324304e-01  1.92962878e-01
  2.06976249e-01  2.17880261e-01  2.41128602e-01  2.62033066e-01
  2.62243921e-01  3.03876325e-01  3.09437689e-01  3.25191422e-01
  3.49482834e-01  3.52401544e-01  3.70986376e-01  3.72557655e-01
  3.78167676e-01  3.94427386e-01  3.94602638e-01  4.27416799e-01
  4.32318965e-01  4.53365879e-01  4.59599381e-01  4.72231938e-01
  5.03855492e-01  5.15806293e-01  5.18627007e-01  5.33514440e-01
  5.45474156e-01  5.73886945e-01  5.82122826e-01  5.82767630e-01
  5.98689329e-01  6.46717292e-01  6.67364186e-01  6.74276694e-01
  6.75085266e-01  7.04188604e-01  7.08486452e-01  7.36301829e-01
  7.66303251e-01  8.25948291e-01  8.74705614e-01  8.75052565e-01
  8.85697471e-01  9.41168619e-01  9.48912139e-01  9.76947430e-01
  1.00217868e+00  1.01896956e+00  1.03258405e+00  1.03277415e+00
  1.03517848e+00  1.04296581e+00  1.05058783e+00  1.06191204e+00
  1.11170524e+00  1.19634358e+00  1.22404829e+00  1.25246122e+00
  1.30874716e+00  1.33260416e+00  1.36585195e+00  1.39863964e+00
  1.40488519e+00  1.41468400e+00  1.44741998e+00  1.45465805e+00
  1.47467109e+00  1.48276295e+00  1.49806449e+00  1.51005383e+00
  1.57763065e+00  1.61983997e+00  1.62073165e+00  1.64460667e+00
  1.64972983e+00  1.66473627e+00  1.69983643e+00  1.70243779e+00
  1.76465590e+00  1.76919388e+00  1.77365864e+00  1.82233290e+00
  1.83284887e+00  1.85246503e+00  1.85578842e+00  1.94073017e+00
  1.96701175e+00  1.99043393e+00  2.00249599e+00  2.01586451e+00
  2.05914009e+00  2.11900050e+00  2.14716146e+00  2.17076787e+00
  2.18203405e+00  2.24217958e+00  2.27163179e+00  2.27268064e+00
  2.30479226e+00  2.35441626e+00  2.37413093e+00  2.37747957e+00
  2.43055889e+00  2.43746846e+00  2.44013320e+00  2.44985577e+00
  2.49489646e+00  2.50867326e+00  2.51471518e+00  2.52977252e+00
  2.53836268e+00  2.56449546e+00  2.57102470e+00  2.59140122e+00
  2.59948426e+00  2.62869775e+00  2.67505194e+00  2.68302632e+00
  2.69293615e+00  2.77596079e+00  2.83203140e+00  2.85083900e+00
  2.88453515e+00  2.89699562e+00  3.01666252e+00  3.11109244e+00
  3.18116974e+00  3.27938327e+00  3.33718978e+00  3.38611037e+00
  3.55126233e+00  3.59603846e+00  3.66954160e+00  3.69589111e+00
  3.77720909e+00  3.81276863e+00  3.90881742e+00  3.94906057e+00
  4.01593299e+00  4.31543543e+00  4.55905839e+00  5.11809006e+00
  9.60662058e+00  2.35366989e+01  2.38149971e+01  2.38576251e+01
  2.39168846e+01  2.40048455e+01  2.40681793e+01  2.55682091e+01
  2.55753030e+01  2.58482336e+01  3.54846396e+01  2.15549988e+02]
nelec by numeric integration = 67.99999999077099
    CPU time for vxc     82.80 sec, wall time      2.96 sec
E1 = -1774.6855509696247  Ecoul = 717.7928100777084  Exc = -70.42914919270588
cycle= 12 E= -748.205797243711  delta_E= -7.96e-10  |g|= 6.22e-05  |ddm|= 0.000193
    CPU time for cycle= 12     84.44 sec, wall time      3.02 sec
  HOMO = -0.171693425891086  LUMO = -0.119953214971655
  mo_energy =
[-1.01371091e+02 -1.44504569e+01 -1.02949913e+01 -1.02944462e+01
 -1.02672354e+01 -1.02598956e+01 -1.02597696e+01 -1.02324276e+01
 -9.28517390e+00 -7.04424494e+00 -7.04308816e+00 -7.04283211e+00
 -1.05605857e+00 -8.93523716e-01 -8.51042619e-01 -7.48026794e-01
 -7.23812851e-01 -6.99489593e-01 -6.31739430e-01 -6.02474696e-01
 -5.73628977e-01 -5.47425106e-01 -5.14233370e-01 -5.07708045e-01
 -4.99675903e-01 -4.47813912e-01 -4.35400380e-01 -4.35321469e-01
 -4.24639840e-01 -3.69548942e-01 -3.46006763e-01 -1.76523604e-01
 -1.71890425e-01 -1.71693426e-01 -1.19953215e-01 -9.52954420e-02
 -1.22247222e-02  2.53306127e-02  2.82589703e-02  5.04714030e-02
  5.75077186e-02  6.42518473e-02  6.61248701e-02  9.59028411e-02
  1.29419306e-01  1.33542557e-01  1.81320401e-01  1.92959554e-01
  2.06973960e-01  2.17876404e-01  2.41126823e-01  2.62034030e-01
  2.62242187e-01  3.03874553e-01  3.09435116e-01  3.25187502e-01
  3.49478069e-01  3.52397744e-01  3.70983548e-01  3.72556865e-01
  3.78167786e-01  3.94425273e-01  3.94601273e-01  4.27414999e-01
  4.32316949e-01  4.53364383e-01  4.59596949e-01  4.72230595e-01
  5.03852400e-01  5.15806515e-01  5.18623663e-01  5.33510620e-01
  5.45472182e-01  5.73886067e-01  5.82123905e-01  5.82763012e-01
  5.98687402e-01  6.46716460e-01  6.67360355e-01  6.74274145e-01
  6.75082371e-01  7.04185124e-01  7.08483650e-01  7.36299884e-01
  7.66300370e-01  8.25946902e-01  8.74704559e-01  8.75048603e-01
  8.85695549e-01  9.41165810e-01  9.48906573e-01  9.76945675e-01
  1.00217473e+00  1.01896706e+00  1.03258471e+00  1.03277462e+00
  1.03517825e+00  1.04296658e+00  1.05058592e+00  1.06190981e+00
  1.11170136e+00  1.19634359e+00  1.22404855e+00  1.25245836e+00
  1.30874347e+00  1.33260264e+00  1.36584793e+00  1.39863608e+00
  1.40488120e+00  1.41468561e+00  1.44741530e+00  1.45465896e+00
  1.47466756e+00  1.48276239e+00  1.49806153e+00  1.51005022e+00
  1.57762880e+00  1.61983717e+00  1.62072977e+00  1.64460363e+00
  1.64972907e+00  1.66473319e+00  1.69983382e+00  1.70243422e+00
  1.76465525e+00  1.76919052e+00  1.77365886e+00  1.82233006e+00
  1.83284379e+00  1.85246022e+00  1.85578381e+00  1.94072996e+00
  1.96700604e+00  1.99043096e+00  2.00249488e+00  2.01586077e+00
  2.05913780e+00  2.11900031e+00  2.14715753e+00  2.17076600e+00
  2.18203007e+00  2.24217620e+00  2.27163184e+00  2.27268069e+00
  2.30478891e+00  2.35441731e+00  2.37412809e+00  2.37747451e+00
  2.43055971e+00  2.43746551e+00  2.44013403e+00  2.44985515e+00
  2.49489415e+00  2.50867411e+00  2.51470824e+00  2.52977271e+00
  2.53835984e+00  2.56449322e+00  2.57102245e+00  2.59139724e+00
  2.59948149e+00  2.62869609e+00  2.67504544e+00  2.68302060e+00
  2.69293215e+00  2.77595623e+00  2.83202643e+00  2.85083411e+00
  2.88453120e+00  2.89698856e+00  3.01666311e+00  3.11108530e+00
  3.18116623e+00  3.27937809e+00  3.33718307e+00  3.38610341e+00
  3.55125880e+00  3.59603357e+00  3.66953991e+00  3.69588692e+00
  3.77721064e+00  3.81276539e+00  3.90881177e+00  3.94905426e+00
  4.01592821e+00  4.31542861e+00  4.55905276e+00  5.11808371e+00
  9.60662009e+00  2.35366893e+01  2.38149895e+01  2.38576276e+01
  2.39168766e+01  2.40048362e+01  2.40681679e+01  2.55682086e+01
  2.55753028e+01  2.58482337e+01  3.54846286e+01  2.15549985e+02]
nelec by numeric integration = 67.999999990772
    CPU time for vxc     83.22 sec, wall time      2.97 sec
E1 = -1774.6857888303502  Ecoul = 717.7930665998846  Exc = -70.42916785528028
cycle= 13 E= -748.205797244835  delta_E= -1.12e-09  |g|= 1.07e-05  |ddm|= 7e-05
    CPU time for cycle= 13     84.86 sec, wall time      3.03 sec
  HOMO = -0.171694010384774  LUMO = -0.11995383646605
  mo_energy =
[-1.01371099e+02 -1.44504568e+01 -1.02949941e+01 -1.02944472e+01
 -1.02672363e+01 -1.02598937e+01 -1.02597693e+01 -1.02324255e+01
 -9.28517853e+00 -7.04424975e+00 -7.04309319e+00 -7.04283704e+00
 -1.05605895e+00 -8.93523936e-01 -8.51043137e-01 -7.48026299e-01
 -7.23813294e-01 -6.99489814e-01 -6.31740356e-01 -6.02475184e-01
 -5.73629436e-01 -5.47425687e-01 -5.14233918e-01 -5.07708175e-01
 -4.99676078e-01 -4.47814398e-01 -4.35399257e-01 -4.35320710e-01
 -4.24639995e-01 -3.69549093e-01 -3.46007265e-01 -1.76524130e-01
 -1.71891054e-01 -1.71694010e-01 -1.19953836e-01 -9.52958837e-02
 -1.22250429e-02  2.53302256e-02  2.82588404e-02  5.04709432e-02
  5.75074721e-02  6.42522678e-02  6.61246923e-02  9.59027632e-02
  1.29419863e-01  1.33542771e-01  1.81320384e-01  1.92959087e-01
  2.06973316e-01  2.17876007e-01  2.41126398e-01  2.62034275e-01
  2.62242192e-01  3.03874149e-01  3.09434694e-01  3.25187207e-01
  3.49477927e-01  3.52397284e-01  3.70983192e-01  3.72556473e-01
  3.78167997e-01  3.94425192e-01  3.94601081e-01  4.27414671e-01
  4.32316711e-01  4.53364119e-01  4.59596667e-01  4.72230390e-01
  5.03852030e-01  5.15807131e-01  5.18623231e-01  5.33510191e-01
  5.45471757e-01  5.73886475e-01  5.82124773e-01  5.82762736e-01
  5.98687196e-01  6.46716678e-01  6.67359912e-01  6.74274140e-01
  6.75082085e-01  7.04184829e-01  7.08483341e-01  7.36299552e-01
  7.66299871e-01  8.25946690e-01  8.74704291e-01  8.75048180e-01
  8.85695362e-01  9.41165346e-01  9.48906111e-01  9.76945345e-01
  1.00217420e+00  1.01896672e+00  1.03258358e+00  1.03277352e+00
  1.03517728e+00  1.04296573e+00  1.05058585e+00  1.06190955e+00
  1.11170082e+00  1.19634324e+00  1.22404879e+00  1.25245824e+00
  1.30874329e+00  1.33260271e+00  1.36584737e+00  1.39863584e+00
  1.40488100e+00  1.41468659e+00  1.44741506e+00  1.45465965e+00
  1.47466716e+00  1.48276275e+00  1.49806127e+00  1.51004971e+00
  1.57762857e+00  1.61983669e+00  1.62072947e+00  1.64460306e+00
  1.64972873e+00  1.66473289e+00  1.69983325e+00  1.70243366e+00
  1.76465544e+00  1.76919054e+00  1.77365914e+00  1.82232966e+00
  1.83284335e+00  1.85245983e+00  1.85578334e+00  1.94073019e+00
  1.96700563e+00  1.99043078e+00  2.00249526e+00  2.01586026e+00
  2.05913764e+00  2.11900057e+00  2.14715727e+00  2.17076581e+00
  2.18202961e+00  2.24217569e+00  2.27163040e+00  2.27267950e+00
  2.30478842e+00  2.35441792e+00  2.37412817e+00  2.37747392e+00
  2.43056061e+00  2.43746521e+00  2.44013386e+00  2.44985555e+00
  2.49489393e+00  2.50867402e+00  2.51470802e+00  2.52977358e+00
  2.53835951e+00  2.56449262e+00  2.57102201e+00  2.59139658e+00
  2.59948149e+00  2.62869574e+00  2.67504543e+00  2.68301974e+00
  2.69293187e+00  2.77595567e+00  2.83202606e+00  2.85083360e+00
  2.88453079e+00  2.89698829e+00  3.01666387e+00  3.11108522e+00
  3.18116647e+00  3.27937801e+00  3.33718264e+00  3.38610302e+00
  3.55125819e+00  3.59603330e+00  3.66954070e+00  3.69588645e+00
  3.77721169e+00  3.81276599e+00  3.90881132e+00  3.94905367e+00
  4.01592772e+00  4.31542828e+00  4.55905287e+00  5.11808337e+00
  9.60661651e+00  2.35366889e+01  2.38149887e+01  2.38576297e+01
  2.39168752e+01  2.40048362e+01  2.40681680e+01  2.55682053e+01
  2.55752997e+01  2.58482308e+01  3.54846287e+01  2.15549978e+02]
nelec by numeric integration = 67.999999990772
    CPU time for vxc     83.02 sec, wall time      2.97 sec
E1 = -1774.685839083479  Ecoul = 717.7931207367851  Exc = -70.42917173908344
cycle= 14 E= -748.205797244866  delta_E= -3.14e-11  |g|= 6e-06  |ddm|= 2.1e-05
    CPU time for cycle= 14     84.63 sec, wall time      3.03 sec
  HOMO = -0.171694447839211  LUMO = -0.119952553642161
  mo_energy =
[-1.01371097e+02 -1.44504555e+01 -1.02949896e+01 -1.02944437e+01
 -1.02672334e+01 -1.02598941e+01 -1.02597688e+01 -1.02324282e+01
 -9.28517763e+00 -7.04424869e+00 -7.04309227e+00 -7.04283601e+00
 -1.05605732e+00 -8.93522747e-01 -8.51041575e-01 -7.48026400e-01
 -7.23812007e-01 -6.99488933e-01 -6.31740589e-01 -6.02474249e-01
 -5.73627981e-01 -5.47424780e-01 -5.14232657e-01 -5.07707201e-01
 -4.99675251e-01 -4.47813310e-01 -4.35400369e-01 -4.35321254e-01
 -4.24639197e-01 -3.69548196e-01 -3.46005906e-01 -1.76524665e-01
 -1.71891563e-01 -1.71694448e-01 -1.19952554e-01 -9.52946398e-02
 -1.22245447e-02  2.53307424e-02  2.82591610e-02  5.04720610e-02
  5.75078780e-02  6.42521112e-02  6.61250405e-02  9.59030130e-02
  1.29419347e-01  1.33542672e-01  1.81321010e-01  1.92960047e-01
  2.06974343e-01  2.17876868e-01  2.41127259e-01  2.62034281e-01
  2.62242549e-01  3.03874955e-01  3.09435701e-01  3.25188034e-01
  3.49478459e-01  3.52398210e-01  3.70984034e-01  3.72557052e-01
  3.78167604e-01  3.94425475e-01  3.94601181e-01  4.27415090e-01
  4.32317547e-01  4.53364532e-01  4.59597419e-01  4.72230892e-01
  5.03852791e-01  5.15806542e-01  5.18624135e-01  5.33511075e-01
  5.45472737e-01  5.73886224e-01  5.82123901e-01  5.82763487e-01
  5.98687755e-01  6.46716547e-01  6.67360731e-01  6.74274809e-01
  6.75082652e-01  7.04185716e-01  7.08484175e-01  7.36300220e-01
  7.66300926e-01  8.25946916e-01  8.74704359e-01  8.75049147e-01
  8.85695774e-01  9.41166115e-01  9.48907480e-01  9.76946148e-01
  1.00217526e+00  1.01896740e+00  1.03258309e+00  1.03277309e+00
  1.03517714e+00  1.04296547e+00  1.05058620e+00  1.06191026e+00
  1.11170217e+00  1.19634301e+00  1.22404875e+00  1.25245892e+00
  1.30874408e+00  1.33260316e+00  1.36584863e+00  1.39863669e+00
  1.40488163e+00  1.41468560e+00  1.44741598e+00  1.45465901e+00
  1.47466782e+00  1.48276258e+00  1.49806197e+00  1.51005083e+00
  1.57762910e+00  1.61983751e+00  1.62073018e+00  1.64460424e+00
  1.64972946e+00  1.66473342e+00  1.69983419e+00  1.70243455e+00
  1.76465559e+00  1.76919092e+00  1.77365902e+00  1.82233046e+00
  1.83284426e+00  1.85246086e+00  1.85578466e+00  1.94072991e+00
  1.96700683e+00  1.99043154e+00  2.00249521e+00  2.01586144e+00
  2.05913847e+00  2.11900060e+00  2.14715795e+00  2.17076623e+00
  2.18203058e+00  2.24217666e+00  2.27163008e+00  2.27267938e+00
  2.30478930e+00  2.35441711e+00  2.37412879e+00  2.37747499e+00
  2.43055979e+00  2.43746634e+00  2.44013340e+00  2.44985541e+00
  2.49489461e+00  2.50867427e+00  2.51470922e+00  2.52977293e+00
  2.53836000e+00  2.56449319e+00  2.57102268e+00  2.59139756e+00
  2.59948186e+00  2.62869666e+00  2.67504636e+00  2.68302183e+00
  2.69293273e+00  2.77595739e+00  2.83202740e+00  2.85083495e+00
  2.88453207e+00  2.89698958e+00  3.01666322e+00  3.11108626e+00
  3.18116686e+00  3.27937897e+00  3.33718410e+00  3.38610428e+00
  3.55125987e+00  3.59603444e+00  3.66954037e+00  3.69588799e+00
  3.77721072e+00  3.81276608e+00  3.90881241e+00  3.94905494e+00
  4.01592911e+00  4.31542965e+00  4.55905376e+00  5.11808496e+00
  9.60661703e+00  2.35366909e+01  2.38149912e+01  2.38576271e+01
  2.39168785e+01  2.40048376e+01  2.40681694e+01  2.55682055e+01
  2.55753001e+01  2.58482312e+01  3.54846300e+01  2.15549980e+02]
nelec by numeric integration = 67.99999999077185
    CPU time for vxc     82.37 sec, wall time      2.94 sec
E1 = -1774.685787114041  Ecoul = 717.7930654645921  Exc = -70.42916843632659
Extra cycle  E= -748.205797244864  delta_E= 1.82e-12  |g|= 7.57e-06  |ddm|= 1.37e-05
    CPU time for scf_cycle   1428.15 sec, wall time     51.63 sec
    CPU time for SCF   1428.15 sec, wall time     51.63 sec
converged SCF energy = -748.205797244864
Converting <class 'pyscf.dft.rks.RKS'> to RHF


******** <class 'pyscf.tdscf.rks.TDA'> for <class 'pyscf.dft.rks.RKS'> ********
nstates = 5 singlet
wfnsym = None
conv_tol = 1e-09
eigh lindep = 1e-12
eigh level_shift = 0
eigh max_space = 8
eigh max_cycle = 2000
chkfile = /scratch/global/yangjunjie/tmp2szlqlhn
max_memory 127949 MB (current use 2276 MB)


davidson 0 5  |r|= 0.0568  e= [0.03243343 0.0351777  0.04306696 0.05824181 0.05828805]  max|de|= 0.0583  lindep=    1
Old state -> New state
    4     ->     3 
    3     ->     4 
davidson 1 10  |r|= 0.0129  e= [0.03234842 0.03484945 0.03898768 0.05800844 0.05822853]  max|de|= -0.00408  lindep= 0.849
davidson 2 15  |r|= 0.00444  e= [0.03234827 0.03483633 0.03883884 0.05799978 0.05822823]  max|de|= -0.000149  lindep= 0.748
davidson 3 20  |r|= 0.00107  e= [0.03234826 0.03483621 0.03881884 0.05799887 0.05822822]  max|de|= -2e-05  lindep= 0.537
root 0 converged  |r|= 1.09e-05  e= 0.03234826236056523  max|de|= -2.08e-17
davidson 4 5  |r|= 0.00107  e= [0.03234826 0.03483621 0.03881884 0.05799887 0.05822822]  max|de|= -1.87e-16  lindep= 0.999
davidson 5 9  |r|= 0.000255  e= [0.03234826 0.03483621 0.03881816 0.05799881 0.05822822]  max|de|= -6.83e-07  lindep= 0.518
root 1 converged  |r|= 6.89e-07  e= 0.03483620533152075  max|de|= -3.14e-11
davidson 6 13  |r|= 8.57e-05  e= [0.03234826 0.03483621 0.03881808 0.05799881 0.05822821]  max|de|= -7.72e-08  lindep=  0.8
root 3 converged  |r|= 4.88e-06  e= 0.05799880690371763  max|de|= -6e-10
davidson 7 16  |r|= 2.89e-05  e= [0.03234826 0.03483621 0.03881808 0.05799881 0.0582282 ]  max|de|= -6.09e-09  lindep= 0.722
root 2 converged  |r|= 2.89e-05  e= 0.038818077448897835  max|de|= 2.08e-17
root 4 converged  |r|= 1.73e-05  e= 0.05822820434363751  max|de|= 1.39e-17
converged 8 5  |r|= 2.89e-05  e= [0.03234826 0.03483621 0.03881808 0.05799881 0.0582282 ]  max|de|= -4.16e-17
    CPU time for TDA   2069.66 sec, wall time     77.88 sec
Excited State energies (eV)
[0.88024105 0.94794143 1.05629369 1.57822792 1.58447015]
