 
:: initializing oneAPI environment ...
   slurm_script: BASH_VERSION = 4.2.46(1)-release
   args: Using "$@" for setvars.sh arguments: --force
:: advisor -- latest
:: ccl -- latest
:: clck -- latest
:: compiler -- latest
:: dal -- latest
:: debugger -- latest
:: dev-utilities -- latest
:: dnnl -- latest
:: dpcpp-ct -- latest
:: dpl -- latest
:: inspector -- latest
:: intelpython -- latest
:: ipp -- latest
:: ippcp -- latest
:: ipp -- latest
:: itac -- latest
:: mkl -- latest
:: mpi -- latest
:: tbb -- latest
:: vpl -- latest
:: vtune -- latest
:: oneAPI environment initialized ::
 
SLURM_CPUS_PER_TASK = 28
SLURM_MEM_PER_NODE = 127949
#INFO: **** input file is /home/yangjunjie/work/py-ch3-cl/work/step_2/main.py ****
import sys
import pyscf
from pyscf import tdscf

def main(xyz_file, basis="631g*", xc="b3lyp", output="ene.out"):
    xyz = None

    with open(xyz_file, "r") as xyz:
        xyz = xyz.readlines()[2:]
        xyz = "".join(xyz)

    mol = pyscf.gto.Mole()
    mol.atom = xyz
    mol.basis = basis
    mol.verbose = 5
    mol.build()

    if xc is not None and xc != "hf":
        mf = pyscf.scf.RKS(mol)
        mf.xc = xc
        mf.kernel()
    else:
        mf = pyscf.scf.RHF(mol)
        mf.kernel()

    ene_mf = mf.e_tot

    with open(output, "w") as f:
        tda = pyscf.tdscf.TDA(mf)
        tda.nstates = 5
        tda.max_space = 8
        tda.max_cycle = 2000
        tda.kernel()

        con_tda = tda.converged
        ene_tda = tda.e[:5]
        dip_tda = tda.transition_dipole()[:5]

        f.write(f"RKS energy: {ene_mf: 12.8f}\n")
        f.write("TDA results:\n")
        for i, (con, ene, dip) in enumerate(zip(con_tda, ene_tda, dip_tda)):
            f.write(f" {i:2d} {con} {ene: 12.8f} {dip[0]: 12.8f} {dip[1]: 12.8f} {dip[2]: 12.8f}\n")

        # rpa = pyscf.tdscf.RPA(mf)
        # rpa.nstates = 5
        # rpa.max_space = 8
        # rpa.max_cycle = 2000
        # rpa.kernel()

        # con_rpa = rpa.converged
        # ene_rpa = rpa.e[:5]
        # dip_rpa = rpa.transition_dipole()[:5]
        
        # f.write("\nRPA results:\n")
        # for i, (con, ene, dip) in enumerate(zip(con_rpa, ene_rpa, dip_rpa)):
        #     f.write(f" {i:2d} {con} {ene: 12.8f} {dip[0]: 12.8f} {dip[1]: 12.8f} {dip[2]: 12.8f}\n")

if __name__ == "__main__":
    xyz = sys.argv[1]
    main(xyz, basis="6311g**", xc="b3lyp", output="out.log")
#INFO: ******************** input file end ********************


System: uname_result(system='Linux', node='pauling040', release='3.10.0-327.36.3.el7.x86_64', version='#1 SMP Thu Oct 20 04:56:07 EDT 2016', machine='x86_64')  Threads 28
Python 3.9.7 (default, Oct 27 2021, 01:23:21) 
[GCC 9.3.0]
numpy 1.21.2  scipy 1.6.2
Date: Tue Sep 27 23:51:00 2022
PySCF version 2.0.1
PySCF path  /home/yangjunjie/packages/pyscf/pyscf-main
GIT ORIG_HEAD 14b880cdc4bf7bb64f3989a147c0b04622efc498
GIT HEAD (branch master) 9d5b5bd309d1cc55fbd1a0ec76e26b5b0c7f76af

[ENV] PYSCF_MAX_MEMORY 127949
[ENV] PYSCF_TMPDIR /scratch/global/yangjunjie/
[CONFIG] conf_file /home/yangjunjie/.pyscf_conf.py
[INPUT] verbose = 5
[INPUT] max_memory = 127949 
[INPUT] num. atoms = 16
[INPUT] num. electrons = 68
[INPUT] charge = 0
[INPUT] spin (= nelec alpha-beta = 2S) = 0
[INPUT] symmetry False subgroup None
[INPUT] Mole.unit = angstrom
[INPUT]  1 C      0.000000010000   1.167221150000   1.012743320000 AA    0.000000018897   2.205728300300   1.913807509283 Bohr
[INPUT]  2 C      0.000000010000   1.191837900000   2.404439290000 AA    0.000000018897   2.252247215877   4.543731741244 Bohr
[INPUT]  3 C     -0.000000020000  -0.011993860000   3.101785790000 AA   -0.000000037795  -0.022665110576   5.861525640168 Bohr
[INPUT]  4 C     -0.000000010000  -1.204318280000   2.382239540000 AA   -0.000000018897  -2.275831716007   4.501780293710 Bohr
[INPUT]  5 C      0.000000010000  -1.154466880000   0.992980550000 AA    0.000000018897  -2.181626223081   1.876461286520 Bohr
[INPUT]  6 N      0.000000010000   0.013115530000   0.323065090000 AA    0.000000018897   0.024784759679   0.610504540508 Bohr
[INPUT]  7 C      0.000000000000   0.005843990000  -1.354652550000 AA    0.000000000000   0.011043540575  -2.559922313444 Bohr
[INPUT]  8 H      0.000000020000   2.075387050000   0.425573190000 AA    0.000000037795   3.921913126969   0.804216775057 Bohr
[INPUT]  9 H     -0.000000010000   2.141449810000   2.925523310000 AA   -0.000000018897   4.046753650402   5.528437826931 Bohr
[INPUT] 10 H     -0.000000010000  -0.022077770000   4.186681350000 AA   -0.000000018897  -0.041720938741   7.911681122324 Bohr
[INPUT] 11 H     -0.000000020000  -2.163106260000   2.886014250000 AA   -0.000000037795  -4.087678409732   5.453776524092 Bohr
[INPUT] 12 H      0.000000000000  -2.050014430000   0.386400730000 AA    0.000000000000  -3.873965824106   0.730191554032 Bohr
[INPUT] 13 H     -0.000000020000   1.052125330000  -1.637960290000 AA   -0.000000037795   1.988228722418  -3.095296351013 Bohr
[INPUT] 14 H     -0.908812950000  -0.517859930000  -1.630621030000 AA   -1.717407573958  -0.978613438586  -3.081427159656 Bohr
[INPUT] 15 H      0.908812960000  -0.517859880000  -1.630621040000 AA    1.717407592855  -0.978613344100  -3.081427178553 Bohr
[INPUT] 16 Cl    -0.000000010000   0.002979130000  -3.999846010000 AA   -0.000000018897   0.005629739789  -7.558613499334 Bohr
[INPUT] ---------------- BASIS SET ---------------- 
[INPUT] l, kappa, [nprim/nctr], expnt,             c_1 c_2 ...
[INPUT] H
[INPUT] 0    0    [3    /1   ]  33.865            0.0254938
                                5.09479           0.190373
                                1.15879           0.852161
[INPUT] 0    0    [1    /1   ]  0.32584              1
[INPUT] 0    0    [1    /1   ]  0.102741             1
[INPUT] 1    0    [1    /1   ]  0.75                 1
[INPUT] Cl
[INPUT] 0    0    [6    /1   ]  105819            0.000738
                                15872             0.005718
                                3619.65           0.029495
                                1030.8            0.117286
                                339.908           0.362949
                                124.538           0.584149
[INPUT] 0    0    [3    /1   ]  124.538           0.134177
                                49.5135           0.62425
                                20.8056           0.291756
[INPUT] 0    0    [1    /1   ]  6.58346              1
[INPUT] 0    0    [1    /1   ]  2.56468              1
[INPUT] 0    0    [1    /1   ]  0.559763             1
[INPUT] 0    0    [1    /1   ]  0.183273             1
[INPUT] 1    0    [5    /1   ]  589.776           0.002391
                                139.849           0.018504
                                45.1413           0.081377
                                16.8733           0.221552
                                6.7411            0.772569
[INPUT] 1    0    [2    /1   ]  6.7411            -1.572244
                                2.77152           0.992389
[INPUT] 1    0    [1    /1   ]  1.02387              1
[INPUT] 1    0    [1    /1   ]  0.381368             1
[INPUT] 1    0    [1    /1   ]  0.109437             1
[INPUT] 2    0    [1    /1   ]  0.75                 1
[INPUT] C
[INPUT] 0    0    [6    /1   ]  4563.24           0.00196665
                                682.024           0.0152306
                                154.973           0.0761269
                                44.4553           0.260801
                                13.029            0.616462
                                1.82773           0.221006
[INPUT] 0    0    [3    /1   ]  20.9642           0.11466
                                4.80331           0.919999
                                1.45933           -0.00303068
[INPUT] 0    0    [1    /1   ]  0.483456             1
[INPUT] 0    0    [1    /1   ]  0.145585             1
[INPUT] 1    0    [3    /1   ]  20.9642           0.0402487
                                4.80331           0.237594
                                1.45933           0.815854
[INPUT] 1    0    [1    /1   ]  0.483456             1
[INPUT] 1    0    [1    /1   ]  0.145585             1
[INPUT] 2    0    [1    /1   ]  0.626                1
[INPUT] N
[INPUT] 0    0    [6    /1   ]  6293.48           0.00196979
                                949.044           0.0149613
                                218.776           0.0735006
                                63.6916           0.248937
                                18.8282           0.60246
                                2.72023           0.256202
[INPUT] 0    0    [3    /1   ]  30.6331           0.111906
                                7.02614           0.921666
                                2.11205           -0.00256919
[INPUT] 0    0    [1    /1   ]  0.684009             1
[INPUT] 0    0    [1    /1   ]  0.200878             1
[INPUT] 1    0    [3    /1   ]  30.6331           0.0383119
                                7.02614           0.237403
                                2.11205           0.817592
[INPUT] 1    0    [1    /1   ]  0.684009             1
[INPUT] 1    0    [1    /1   ]  0.200878             1
[INPUT] 2    0    [1    /1   ]  0.913                1

nuclear repulsion = 379.116092840911
number of shells = 100
number of NR pGTOs = 329
number of NR cGTOs = 200
basis = 6311g**
ecp = {}
CPU time:         0.35


******** <class 'pyscf.dft.rks.RKS'> ********
method = RKS
initial guess = minao
damping factor = 0
level_shift factor = 0
DIIS = <class 'pyscf.scf.diis.CDIIS'>
diis_start_cycle = 1
diis_space = 8
SCF conv_tol = 1e-09
SCF conv_tol_grad = None
SCF max_cycles = 50
direct_scf = True
direct_scf_tol = 1e-13
chkfile to save SCF result = /scratch/global/yangjunjie/tmpp3rwo8gl
max_memory 127949 MB (current use 82 MB)
XC library pyscf.dft.libxc version 5.2.0
    S. Lehtola, C. Steigemann, M. J. Oliveira, and M. A. Marques, SoftwareX 7, 1 (2018)
XC functionals = b3lyp
    P. A. M. Dirac, Math. Proc. Cambridge Philos. Soc. 26, 376 (1930)
    F. Bloch, Z. Phys. 57, 545 (1929)
    A. D. Becke, Phys. Rev. A 38, 3098 (1988)
    C. Lee, W. Yang, and R. G. Parr, Phys. Rev. B 37, 785 (1988)
    B. Miehlich, A. Savin, H. Stoll, and H. Preuss, Chem. Phys. Lett. 157, 200 (1989)
    S. H. Vosko, L. Wilk, and M. Nusair, Can. J. Phys. 58, 1200 (1980)
radial grids: 
    Treutler-Ahlrichs [JCP 102, 346 (1995); DOI:10.1063/1.469408] (M4) radial grids
    
becke partition: Becke, JCP 88, 2547 (1988); DOI:10.1063/1.454033
pruning grids: <function nwchem_prune at 0x7f2f2a102e50>
grids dens level: 3
symmetrized grids: False
atomic radii adjust function: <function treutler_atomic_radii_adjust at 0x7f2f2a102dc0>
small_rho_cutoff = 1e-07
Set gradient conv threshold to 3.16228e-05
atom C rad-grids = 75, ang-grids = [ 50  50  50  50  50  50  50  50  50  50  50  50  50  50  50  50  50  50
  50  50  50  50  50  86  86  86  86  86  86  86  86  86  86 266 266 266
 266 266 266 266 302 302 302 302 302 302 302 302 302 302 302 302 302 302
 302 302 302 302 302 302 266 266 266 266 266 266 266 266 266 266 266 266
 266 266 266]
atom N rad-grids = 75, ang-grids = [ 50  50  50  50  50  50  50  50  50  50  50  50  50  50  50  50  50  50
  50  50  50  50  50  86  86  86  86  86  86  86  86  86 266 266 266 266
 266 266 266 302 302 302 302 302 302 302 302 302 302 302 302 302 302 302
 302 302 302 302 266 266 266 266 266 266 266 266 266 266 266 266 266 266
 266 266 266]
atom H rad-grids = 50, ang-grids = [ 50  50  50  50  50  50  50  50  50  50  50  50  50  50  86  86  86  86
 266 266 266 266 302 302 302 302 302 302 302 302 302 302 302 302 302 266
 266 266 266 266 266 266 266 266 266 266 266 266 266 266]
atom Cl rad-grids = 80, ang-grids = [ 50  50  50  50  50  50  50  50  50  50  50  50  50  50  50  50  50  50
  50  50  50  50  50  50  86  86  86  86  86  86  86  86  86  86  86  86
  86 350 350 350 350 350 350 350 350 350 434 434 434 434 434 434 434 434
 434 434 434 434 434 434 434 434 434 434 350 350 350 350 350 350 350 350
 350 350 350 350 350 350 350 350]
tot grids = 196530
Drop grids 29955
    CPU time for setting up grids      5.39 sec, wall time      0.21 sec
nelec by numeric integration = 67.99269257909677
    CPU time for vxc      8.03 sec, wall time      0.29 sec
E1 = -1772.1657489202826  Ecoul = 714.5236411946477  Exc = -70.50253414845531
init E= -749.028549033179
cond(S) = 13594.306040328025
    CPU time for initialize scf     27.50 sec, wall time      1.07 sec
  HOMO = -0.295779041788078  LUMO = -0.106537149373173
  mo_energy =
[-1.01493949e+02 -1.43962584e+01 -1.02816847e+01 -1.02808506e+01
 -1.02800421e+01 -1.02753111e+01 -1.02751931e+01 -1.02731705e+01
 -9.51124986e+00 -7.26500144e+00 -7.26493571e+00 -7.26493463e+00
 -1.10585683e+00 -9.48264000e-01 -8.85391694e-01 -8.47825852e-01
 -7.95016942e-01 -7.13020277e-01 -7.02574095e-01 -5.79112468e-01
 -5.35934420e-01 -5.14044889e-01 -4.77513332e-01 -4.69848993e-01
 -4.69402849e-01 -4.42573514e-01 -4.20211915e-01 -3.97387462e-01
 -3.90137201e-01 -3.52192964e-01 -3.51120278e-01 -3.36242369e-01
 -3.22911660e-01 -2.95779042e-01 -1.06537149e-01 -8.37159058e-02
 -1.24377431e-02  3.36769948e-02  3.67927083e-02  4.95612453e-02
  5.39458886e-02  7.51955390e-02  8.16881924e-02  1.00447265e-01
  1.02677225e-01  1.23883388e-01  1.88496289e-01  2.09141577e-01
  2.24146170e-01  2.32816309e-01  2.46850709e-01  2.54000893e-01
  2.64491832e-01  2.66777081e-01  2.83021087e-01  2.86127400e-01
  3.27417014e-01  3.38310524e-01  3.54682778e-01  3.63539669e-01
  3.72703467e-01  3.91379053e-01  4.04895223e-01  4.23906889e-01
  4.28225891e-01  4.41081857e-01  4.74816523e-01  4.79015462e-01
  4.80932693e-01  5.23214430e-01  5.28588901e-01  5.44270110e-01
  5.52305706e-01  5.53632756e-01  5.58519026e-01  5.75600489e-01
  5.97312545e-01  6.14335849e-01  6.63077865e-01  6.87728155e-01
  7.00564543e-01  7.01546318e-01  7.18536503e-01  7.37510641e-01
  7.69705168e-01  7.98169451e-01  8.13140292e-01  8.13801347e-01
  8.21130794e-01  8.27050387e-01  8.61736085e-01  8.94482934e-01
  9.09035095e-01  9.63768718e-01  9.68528588e-01  1.01326356e+00
  1.02465849e+00  1.03018366e+00  1.03373160e+00  1.06202983e+00
  1.10431885e+00  1.14456276e+00  1.21438910e+00  1.27815152e+00
  1.32600996e+00  1.34083031e+00  1.38300414e+00  1.38466793e+00
  1.40517898e+00  1.41003867e+00  1.42322209e+00  1.45070122e+00
  1.47097552e+00  1.49754893e+00  1.51047759e+00  1.53293986e+00
  1.59250716e+00  1.63572620e+00  1.63685173e+00  1.66303688e+00
  1.66904601e+00  1.67845964e+00  1.72335853e+00  1.72974158e+00
  1.74575702e+00  1.76613609e+00  1.77999388e+00  1.83909940e+00
  1.84176191e+00  1.84444638e+00  1.87394660e+00  1.89065655e+00
  1.97434602e+00  1.98934640e+00  1.99794587e+00  2.04052156e+00
  2.04121802e+00  2.08310563e+00  2.08516530e+00  2.12649880e+00
  2.15435437e+00  2.16140400e+00  2.19350337e+00  2.24866546e+00
  2.27818114e+00  2.31283948e+00  2.34710087e+00  2.37520622e+00
  2.38843659e+00  2.39851399e+00  2.43827199e+00  2.45018878e+00
  2.48178476e+00  2.50754895e+00  2.51890948e+00  2.52283638e+00
  2.55244413e+00  2.58511881e+00  2.59156581e+00  2.60979975e+00
  2.61375503e+00  2.64369153e+00  2.68631752e+00  2.69989587e+00
  2.70005927e+00  2.79748039e+00  2.84743778e+00  2.86163533e+00
  2.89640324e+00  2.90728138e+00  2.97725182e+00  3.10298198e+00
  3.17591802e+00  3.27774380e+00  3.33777952e+00  3.38487571e+00
  3.57583384e+00  3.60359161e+00  3.64943325e+00  3.70271998e+00
  3.75266869e+00  3.83101248e+00  3.91658967e+00  3.95547451e+00
  4.02590023e+00  4.32303236e+00  4.58482228e+00  5.14605683e+00
  9.38623406e+00  2.35382670e+01  2.38215097e+01  2.38255146e+01
  2.39292455e+01  2.40068462e+01  2.40601476e+01  2.53478868e+01
  2.53545374e+01  2.56313546e+01  3.55431286e+01  2.15428129e+02]
nelec by numeric integration = 68.00011965400255
    CPU time for vxc      7.06 sec, wall time      0.25 sec
E1 = -1777.9625367100257  Ecoul = 721.4646651943876  Exc = -70.71664767141556
cycle= 1 E= -748.098426346142  delta_E= 0.93  |g|= 0.576  |ddm|= 3.23
    CPU time for cycle= 1      8.74 sec, wall time      0.31 sec
  HOMO = -0.0664434684621209  LUMO = -0.0377627317324015
  mo_energy =
[-1.01018419e+02 -1.46499544e+01 -1.03530805e+01 -1.03511700e+01
 -1.02040305e+01 -1.01979818e+01 -1.01891634e+01 -1.01889765e+01
 -8.98008147e+00 -6.73380363e+00 -6.73341074e+00 -6.73339821e+00
 -1.15314805e+00 -8.96122712e-01 -8.87512795e-01 -7.68598142e-01
 -7.51440086e-01 -7.12060819e-01 -6.20774344e-01 -5.94121639e-01
 -5.80644772e-01 -5.53058632e-01 -5.33161480e-01 -5.22080146e-01
 -4.58482085e-01 -4.39466643e-01 -4.37136959e-01 -4.32552330e-01
 -4.31525849e-01 -3.75911790e-01 -3.64344895e-01 -1.55072597e-01
 -1.05685240e-01 -6.64434685e-02 -3.77627317e-02 -3.67672919e-02
 -1.35720698e-02  1.34895057e-02  2.01953240e-02  4.41096644e-02
  4.67654938e-02  5.45703815e-02  5.66908794e-02  8.24055492e-02
  1.20296037e-01  1.30431055e-01  1.55534240e-01  1.77221599e-01
  1.96878977e-01  2.12919719e-01  2.24473545e-01  2.41651523e-01
  2.43097508e-01  2.82001012e-01  2.89848516e-01  3.22905213e-01
  3.47400981e-01  3.53575456e-01  3.56784534e-01  3.73991730e-01
  3.87732138e-01  4.03513364e-01  4.10183922e-01  4.38425403e-01
  4.47793594e-01  4.49153848e-01  4.84243320e-01  5.05410615e-01
  5.06931790e-01  5.13881018e-01  5.19905989e-01  5.37551358e-01
  5.44116191e-01  5.74704136e-01  5.83653184e-01  5.88262739e-01
  5.97235069e-01  6.14178883e-01  6.54267710e-01  6.72761817e-01
  6.84364675e-01  6.90917344e-01  7.06302046e-01  7.40443525e-01
  7.50420496e-01  8.25275702e-01  8.65766184e-01  8.66906010e-01
  9.13366205e-01  9.38936686e-01  9.47231378e-01  9.85761625e-01
  1.00090198e+00  1.01113495e+00  1.02446170e+00  1.03785680e+00
  1.08376932e+00  1.18235301e+00  1.20587514e+00  1.20998572e+00
  1.21010183e+00  1.21354624e+00  1.22475231e+00  1.28059666e+00
  1.30747916e+00  1.33454990e+00  1.34987945e+00  1.38826243e+00
  1.40708112e+00  1.41722370e+00  1.43833210e+00  1.45543947e+00
  1.47500745e+00  1.48148553e+00  1.49040217e+00  1.49649169e+00
  1.56694503e+00  1.59281968e+00  1.59744238e+00  1.61933524e+00
  1.63265040e+00  1.66364218e+00  1.68222079e+00  1.69046576e+00
  1.75407708e+00  1.76349083e+00  1.76858833e+00  1.81594227e+00
  1.84162478e+00  1.84264217e+00  1.86259614e+00  1.95370435e+00
  1.95869615e+00  1.98173430e+00  1.98270947e+00  1.99696303e+00
  2.02635110e+00  2.11031528e+00  2.14287402e+00  2.15133730e+00
  2.18256101e+00  2.22981731e+00  2.29027068e+00  2.32698960e+00
  2.37083417e+00  2.37942887e+00  2.39019180e+00  2.42212600e+00
  2.42380520e+00  2.44191579e+00  2.46091281e+00  2.47223407e+00
  2.49396630e+00  2.51557661e+00  2.52704510e+00  2.53612162e+00
  2.55105979e+00  2.56108881e+00  2.57121204e+00  2.58376428e+00
  2.59272744e+00  2.60982886e+00  2.65179781e+00  2.67675724e+00
  2.67935683e+00  2.76632560e+00  2.78771215e+00  2.83529331e+00
  2.84452114e+00  2.91313933e+00  3.03272836e+00  3.12618487e+00
  3.16601890e+00  3.27029767e+00  3.34183504e+00  3.40911657e+00
  3.48164092e+00  3.56512748e+00  3.58737984e+00  3.63801010e+00
  3.76848588e+00  3.77814728e+00  3.91148251e+00  3.96472490e+00
  4.00470398e+00  4.30346570e+00  4.45424007e+00  5.02991458e+00
  9.87462697e+00  2.35502888e+01  2.37871419e+01  2.38883465e+01
  2.39152928e+01  2.40418772e+01  2.41258231e+01  2.58203143e+01
  2.58268837e+01  2.61020427e+01  3.52907658e+01  2.15894045e+02]
nelec by numeric integration = 68.00018619711804
    CPU time for vxc      7.24 sec, wall time      0.26 sec
E1 = -1774.5645854854404  Ecoul = 723.6979038499314  Exc = -70.4769220098274
cycle= 2 E= -742.227510804425  delta_E= 5.87  |g|= 3.02  |ddm|= 4.24
    CPU time for cycle= 2      8.94 sec, wall time      0.32 sec
  HOMO = -0.176523941148783  LUMO = -0.0797248736061802
  mo_energy =
[-1.01303786e+02 -1.44947339e+01 -1.02412221e+01 -1.02402796e+01
 -1.01873102e+01 -1.01324343e+01 -1.01152447e+01 -1.01151616e+01
 -9.23495555e+00 -6.99157972e+00 -6.99156705e+00 -6.99066307e+00
 -1.04624247e+00 -8.13336316e-01 -8.04675122e-01 -7.27489320e-01
 -6.70596509e-01 -6.45143180e-01 -6.29744531e-01 -5.60930630e-01
 -5.16058580e-01 -4.94624976e-01 -4.93516842e-01 -4.63407782e-01
 -4.58237243e-01 -4.25815811e-01 -4.15813453e-01 -3.74100036e-01
 -3.73120158e-01 -3.07775832e-01 -2.87424898e-01 -1.80356791e-01
 -1.76874499e-01 -1.76523941e-01 -7.97248736e-02 -3.94108680e-02
  1.06839189e-02  4.90303037e-02  5.01599648e-02  6.62917664e-02
  7.98638708e-02  8.84628025e-02  1.02510405e-01  1.13996069e-01
  1.32166580e-01  1.37989445e-01  2.05497624e-01  2.30344688e-01
  2.55791556e-01  2.64227783e-01  2.66490780e-01  2.77887377e-01
  2.83301236e-01  3.33104610e-01  3.44956720e-01  3.60783251e-01
  3.69038717e-01  3.79053842e-01  3.93320185e-01  4.09549507e-01
  4.09956290e-01  4.18423516e-01  4.30623891e-01  4.48782573e-01
  4.61287936e-01  4.61967091e-01  4.98277864e-01  5.03348316e-01
  5.15600818e-01  5.56884476e-01  5.60420997e-01  5.71866240e-01
  5.87349491e-01  5.89177334e-01  5.98388363e-01  6.38179247e-01
  6.42285254e-01  6.65881449e-01  6.78520025e-01  7.17040211e-01
  7.25105455e-01  7.46342912e-01  7.54075976e-01  7.80805917e-01
  8.04947253e-01  8.45965820e-01  8.84094816e-01  9.20299760e-01
  9.27591633e-01  9.84464706e-01  1.00185286e+00  1.01714240e+00
  1.03076833e+00  1.03149827e+00  1.03500980e+00  1.04581160e+00
  1.05219296e+00  1.06241394e+00  1.08579208e+00  1.09919261e+00
  1.15503960e+00  1.20364578e+00  1.23678673e+00  1.26253950e+00
  1.34422015e+00  1.35377745e+00  1.41144844e+00  1.41976499e+00
  1.44156820e+00  1.45122261e+00  1.46072204e+00  1.49700479e+00
  1.51450597e+00  1.52960918e+00  1.54606570e+00  1.56199818e+00
  1.61329614e+00  1.64648937e+00  1.65696094e+00  1.67554249e+00
  1.68746840e+00  1.70844762e+00  1.74461522e+00  1.74765621e+00
  1.77790169e+00  1.78699561e+00  1.81993883e+00  1.86870739e+00
  1.90209991e+00  1.91034199e+00  1.91717430e+00  1.96166069e+00
  2.00920484e+00  2.02836787e+00  2.03873264e+00  2.06836289e+00
  2.07971865e+00  2.14166154e+00  2.18323925e+00  2.20348287e+00
  2.23932175e+00  2.27527277e+00  2.27584177e+00  2.29224005e+00
  2.35506026e+00  2.36089060e+00  2.39138697e+00  2.43269697e+00
  2.44020098e+00  2.44714948e+00  2.46290224e+00  2.46927713e+00
  2.51647655e+00  2.52909054e+00  2.54640648e+00  2.58419386e+00
  2.59474352e+00  2.60961644e+00  2.61547129e+00  2.62967668e+00
  2.64514478e+00  2.66354061e+00  2.73412155e+00  2.73579004e+00
  2.75350271e+00  2.84309269e+00  2.86815580e+00  2.91207481e+00
  2.91823361e+00  2.98656037e+00  3.02388368e+00  3.19677159e+00
  3.22176154e+00  3.34601124e+00  3.41753567e+00  3.47681497e+00
  3.56945365e+00  3.64248250e+00  3.66814008e+00  3.72412432e+00
  3.78972384e+00  3.80688080e+00  3.98127884e+00  4.02975189e+00
  4.07912070e+00  4.38510732e+00  4.55343199e+00  5.13594689e+00
  9.64255364e+00  2.36395243e+01  2.38902724e+01  2.38994270e+01
  2.40052776e+01  2.41216047e+01  2.41997146e+01  2.55969966e+01
  2.56035679e+01  2.58811707e+01  3.54427495e+01  2.15614046e+02]
nelec by numeric integration = 68.00013740507623
    CPU time for vxc      7.34 sec, wall time      0.27 sec
E1 = -1772.5426636599273  Ecoul = 715.5475213033696  Exc = -70.25352132273905
cycle= 3 E= -748.132570838385  delta_E= -5.91  |g|= 0.524  |ddm|= 3.89
    CPU time for cycle= 3      8.96 sec, wall time      0.32 sec
  HOMO = -0.155845214278868  LUMO = -0.116698885015038
  mo_energy =
[-1.01320988e+02 -1.44116645e+01 -1.02859681e+01 -1.02815328e+01
 -1.02803090e+01 -1.02674928e+01 -1.02671326e+01 -1.02156352e+01
 -9.23981797e+00 -6.99752520e+00 -6.99741874e+00 -6.99740775e+00
 -1.04105773e+00 -8.96601177e-01 -8.45189275e-01 -7.40349038e-01
 -7.17359111e-01 -6.93155765e-01 -6.14706888e-01 -5.96842256e-01
 -5.69478294e-01 -5.43314219e-01 -5.09189219e-01 -4.96083113e-01
 -4.95568031e-01 -4.45045432e-01 -4.28603766e-01 -4.25063132e-01
 -4.16027585e-01 -3.65691599e-01 -3.41791933e-01 -1.59897321e-01
 -1.55922725e-01 -1.55845214e-01 -1.16698885e-01 -9.32167962e-02
 -9.88471067e-03  2.84998723e-02  3.23812916e-02  5.32040442e-02
  6.02709362e-02  7.00451896e-02  7.42396627e-02  1.00873837e-01
  1.34281305e-01  1.39144508e-01  1.87529094e-01  1.94548312e-01
  2.08712623e-01  2.21575435e-01  2.45640453e-01  2.68408824e-01
  2.69414038e-01  3.08370757e-01  3.16009498e-01  3.25361806e-01
  3.50859821e-01  3.52036985e-01  3.74897269e-01  3.75023558e-01
  3.83013866e-01  3.98322782e-01  3.98739658e-01  4.30026800e-01
  4.42412344e-01  4.58583011e-01  4.64361910e-01  4.78938640e-01
  5.05073491e-01  5.19303097e-01  5.23674233e-01  5.34152675e-01
  5.53568883e-01  5.79034967e-01  5.83233029e-01  5.89914824e-01
  6.02415506e-01  6.54230409e-01  6.66674406e-01  6.78269767e-01
  6.87640592e-01  7.08766911e-01  7.12612326e-01  7.40446201e-01
  7.72527144e-01  8.34042743e-01  8.76672856e-01  8.83030124e-01
  8.92717472e-01  9.44168684e-01  9.50006645e-01  9.85492730e-01
  1.00545276e+00  1.02334070e+00  1.05104362e+00  1.05194886e+00
  1.05299841e+00  1.06159551e+00  1.06242060e+00  1.07109146e+00
  1.12078909e+00  1.21097562e+00  1.23399723e+00  1.26427272e+00
  1.31445152e+00  1.34190576e+00  1.36884209e+00  1.40339153e+00
  1.40598689e+00  1.42230740e+00  1.45046677e+00  1.46169980e+00
  1.47683187e+00  1.48862301e+00  1.50262878e+00  1.51402337e+00
  1.58277161e+00  1.62605197e+00  1.62724135e+00  1.65101903e+00
  1.65776438e+00  1.66639000e+00  1.70451399e+00  1.70664072e+00
  1.77144857e+00  1.77308625e+00  1.78035163e+00  1.82533092e+00
  1.83184407e+00  1.85162339e+00  1.86012723e+00  1.95035923e+00
  1.96836142e+00  1.99782684e+00  2.01106513e+00  2.02071612e+00
  2.06808020e+00  2.12758782e+00  2.14806368e+00  2.17398959e+00
  2.18897591e+00  2.24566935e+00  2.28987511e+00  2.29137488e+00
  2.31110649e+00  2.36582224e+00  2.37720323e+00  2.38575925e+00
  2.43951523e+00  2.44785738e+00  2.45541994e+00  2.45951905e+00
  2.50349833e+00  2.51419326e+00  2.51532841e+00  2.53995265e+00
  2.54071422e+00  2.56649622e+00  2.57479710e+00  2.59345561e+00
  2.60610411e+00  2.63742954e+00  2.67888104e+00  2.68424937e+00
  2.69728401e+00  2.78435846e+00  2.84082505e+00  2.85457312e+00
  2.89457831e+00  2.89558162e+00  3.02505075e+00  3.10933615e+00
  3.18762236e+00  3.28353837e+00  3.33738809e+00  3.38184621e+00
  3.56605061e+00  3.60268962e+00  3.68640917e+00  3.70823574e+00
  3.78845377e+00  3.83305696e+00  3.90980280e+00  3.94525972e+00
  4.02075228e+00  4.31779478e+00  4.57923544e+00  5.13559934e+00
  9.64497221e+00  2.35335210e+01  2.38206761e+01  2.38736522e+01
  2.39177812e+01  2.40054299e+01  2.40590153e+01  2.56032236e+01
  2.56098008e+01  2.58852590e+01  3.55219327e+01  2.15598915e+02]
nelec by numeric integration = 68.0001314035623
    CPU time for vxc      7.68 sec, wall time      0.27 sec
E1 = -1773.7096558399444  Ecoul = 716.7545671487434  Exc = -70.36090353291272
cycle= 4 E= -748.199899383203  delta_E= -0.0673  |g|= 0.154  |ddm|= 0.509
    CPU time for cycle= 4      9.96 sec, wall time      0.36 sec
  HOMO = -0.18499712607699  LUMO = -0.122149595272307
  mo_energy =
[-1.01415319e+02 -1.44602723e+01 -1.03018231e+01 -1.03016659e+01
 -1.02645106e+01 -1.02644643e+01 -1.02610143e+01 -1.02439254e+01
 -9.31863642e+00 -7.07838208e+00 -7.07767616e+00 -7.07753355e+00
 -1.06132932e+00 -8.94096927e-01 -8.54207535e-01 -7.51658852e-01
 -7.26067062e-01 -7.01770112e-01 -6.47073530e-01 -6.04237027e-01
 -5.75559056e-01 -5.47755777e-01 -5.16026116e-01 -5.11326321e-01
 -5.00880206e-01 -4.48046656e-01 -4.39051009e-01 -4.38049214e-01
 -4.27279708e-01 -3.70531456e-01 -3.48012121e-01 -1.89904132e-01
 -1.85237024e-01 -1.84997126e-01 -1.22149595e-01 -9.76611305e-02
 -1.25420646e-02  2.56646696e-02  2.79723681e-02  4.93310443e-02
  5.70022896e-02  6.01405145e-02  6.61276074e-02  9.53387795e-02
  1.26804295e-01  1.31303166e-01  1.79422252e-01  1.92920108e-01
  2.06961877e-01  2.17292384e-01  2.40602009e-01  2.60001622e-01
  2.60977058e-01  3.02660784e-01  3.08421220e-01  3.25207106e-01
  3.49313593e-01  3.52943543e-01  3.69809257e-01  3.69821032e-01
  3.72723554e-01  3.90222848e-01  3.91095251e-01  4.25073281e-01
  4.28313099e-01  4.49955734e-01  4.58539757e-01  4.69429630e-01
  5.03966382e-01  5.12115865e-01  5.18651168e-01  5.32929037e-01
  5.43928945e-01  5.71716345e-01  5.78740770e-01  5.82298469e-01
  5.98156415e-01  6.42174228e-01  6.68139971e-01  6.71244809e-01
  6.74637331e-01  7.03080699e-01  7.07815513e-01  7.34770281e-01
  7.65322335e-01  8.20405713e-01  8.68236744e-01  8.74514900e-01
  8.83616269e-01  9.40469496e-01  9.48071341e-01  9.74756682e-01
  1.00145553e+00  1.01349143e+00  1.01499450e+00  1.01549032e+00
  1.02377885e+00  1.02713483e+00  1.04780938e+00  1.05879242e+00
  1.11012847e+00  1.18557201e+00  1.22044623e+00  1.24899482e+00
  1.30657398e+00  1.33007275e+00  1.36465075e+00  1.39681940e+00
  1.40421515e+00  1.41260672e+00  1.44622549e+00  1.45207888e+00
  1.47539748e+00  1.48073476e+00  1.49697334e+00  1.50972306e+00
  1.57739733e+00  1.61892611e+00  1.61987884e+00  1.64317763e+00
  1.64822024e+00  1.66526384e+00  1.69963297e+00  1.70200861e+00
  1.76308486e+00  1.76781537e+00  1.77169448e+00  1.82226612e+00
  1.83339505e+00  1.85260018e+00  1.85447627e+00  1.93598975e+00
  1.96649904e+00  1.98799766e+00  1.99988239e+00  2.01472600e+00
  2.05636223e+00  2.11571402e+00  2.14689814e+00  2.16802649e+00
  2.18212243e+00  2.24083702e+00  2.25444941e+00  2.25636631e+00
  2.30284865e+00  2.34820086e+00  2.37044280e+00  2.37822373e+00
  2.42742055e+00  2.43021306e+00  2.43460855e+00  2.44745766e+00
  2.49251788e+00  2.50717120e+00  2.51344496e+00  2.52569379e+00
  2.53893775e+00  2.56501419e+00  2.57134104e+00  2.59219216e+00
  2.59823686e+00  2.62658313e+00  2.67239641e+00  2.68277289e+00
  2.69176249e+00  2.77263621e+00  2.82902012e+00  2.84847238e+00
  2.88135191e+00  2.89618989e+00  3.01350934e+00  3.10999838e+00
  3.17718432e+00  3.27611950e+00  3.33571675e+00  3.38654904e+00
  3.54725116e+00  3.59256955e+00  3.66425956e+00  3.69182572e+00
  3.77259181e+00  3.80718892e+00  3.90787184e+00  3.95029902e+00
  4.01394653e+00  4.31397331e+00  4.55248535e+00  5.11292653e+00
  9.57794370e+00  2.35341059e+01  2.38091534e+01  2.38467713e+01
  2.39147906e+01  2.39996785e+01  2.40675706e+01  2.55414210e+01
  2.55482991e+01  2.58221683e+01  3.54750422e+01  2.15507371e+02]
nelec by numeric integration = 68.00012908892847
    CPU time for vxc      7.18 sec, wall time      0.26 sec
E1 = -1775.3502872903437  Ecoul = 718.5109881756524  Exc = -70.48085263961758
cycle= 5 E= -748.204058913398  delta_E= -0.00416  |g|= 0.0778  |ddm|= 0.204
    CPU time for cycle= 5      9.08 sec, wall time      0.33 sec
  HOMO = -0.171238466954424  LUMO = -0.121177818666496
  mo_energy =
[-1.01371708e+02 -1.44524927e+01 -1.02957275e+01 -1.02947582e+01
 -1.02712550e+01 -1.02595573e+01 -1.02594868e+01 -1.02349719e+01
 -9.28590457e+00 -7.04488779e+00 -7.04381601e+00 -7.04366525e+00
 -1.05659840e+00 -8.94552681e-01 -8.51558574e-01 -7.49205622e-01
 -7.24701594e-01 -7.00490379e-01 -6.31632128e-01 -6.03484010e-01
 -5.74620016e-01 -5.48328479e-01 -5.14780434e-01 -5.08427433e-01
 -5.01086821e-01 -4.48849739e-01 -4.36437139e-01 -4.36289582e-01
 -4.25642403e-01 -3.70671818e-01 -3.46445567e-01 -1.76404268e-01
 -1.71391233e-01 -1.71238467e-01 -1.21177819e-01 -9.60410534e-02
 -1.29665750e-02  2.48121871e-02  2.74884153e-02  4.95189743e-02
  5.67254107e-02  6.35848812e-02  6.55676073e-02  9.53500059e-02
  1.29070187e-01  1.33046465e-01  1.80619868e-01  1.92033381e-01
  2.06132532e-01  2.17119619e-01  2.40474266e-01  2.61515441e-01
  2.61603813e-01  3.03327160e-01  3.08825009e-01  3.24471526e-01
  3.48649762e-01  3.51469815e-01  3.70575694e-01  3.72003173e-01
  3.78481737e-01  3.94106348e-01  3.94434467e-01  4.27037532e-01
  4.31826873e-01  4.52926755e-01  4.59071004e-01  4.71821895e-01
  5.03138492e-01  5.15296967e-01  5.17645825e-01  5.32901791e-01
  5.44723539e-01  5.73070913e-01  5.81389658e-01  5.82146260e-01
  5.97775761e-01  6.46025096e-01  6.66409999e-01  6.73555986e-01
  6.74213823e-01  7.03470334e-01  7.07751757e-01  7.35689034e-01
  7.65687247e-01  8.25625769e-01  8.74177538e-01  8.74407333e-01
  8.85077613e-01  9.40420221e-01  9.48005869e-01  9.76344695e-01
  1.00151946e+00  1.01789967e+00  1.03279293e+00  1.03293640e+00
  1.03519002e+00  1.04303015e+00  1.04981548e+00  1.06141873e+00
  1.11088644e+00  1.19612930e+00  1.22328515e+00  1.25180524e+00
  1.30807004e+00  1.33195836e+00  1.36514971e+00  1.39761688e+00
  1.40401550e+00  1.41399150e+00  1.44647190e+00  1.45371796e+00
  1.47361106e+00  1.48183012e+00  1.49712208e+00  1.50908339e+00
  1.57657902e+00  1.61897179e+00  1.61994745e+00  1.64380901e+00
  1.64874816e+00  1.66368814e+00  1.69922512e+00  1.70162143e+00
  1.76382064e+00  1.76837945e+00  1.77285375e+00  1.82139928e+00
  1.83179765e+00  1.85128043e+00  1.85500571e+00  1.94022928e+00
  1.96591227e+00  1.98975202e+00  2.00170234e+00  2.01527388e+00
  2.05837104e+00  2.11825312e+00  2.14618485e+00  2.16990106e+00
  2.18089747e+00  2.24159098e+00  2.27176358e+00  2.27257245e+00
  2.30393339e+00  2.35366384e+00  2.37331340e+00  2.37626690e+00
  2.42977306e+00  2.43662235e+00  2.43974898e+00  2.44896621e+00
  2.49414489e+00  2.50760051e+00  2.51382846e+00  2.52876997e+00
  2.53727454e+00  2.56370186e+00  2.57005434e+00  2.59038263e+00
  2.59842392e+00  2.62780194e+00  2.67457333e+00  2.68157645e+00
  2.69196016e+00  2.77549821e+00  2.83103885e+00  2.85032003e+00
  2.88354831e+00  2.89609604e+00  3.01593878e+00  3.10999861e+00
  3.18014345e+00  3.27862274e+00  3.33635459e+00  3.38490922e+00
  3.55044994e+00  3.59516847e+00  3.66837617e+00  3.69516590e+00
  3.77603235e+00  3.81161436e+00  3.90807638e+00  3.94764583e+00
  4.01519058e+00  4.31431860e+00  4.55789818e+00  5.11713122e+00
  9.60616747e+00  2.35355985e+01  2.38147271e+01  2.38551918e+01
  2.39151804e+01  2.40048211e+01  2.40668641e+01  2.55679043e+01
  2.55747953e+01  2.58480232e+01  3.54826751e+01  2.15549379e+02]
nelec by numeric integration = 68.00013037881749
    CPU time for vxc      6.99 sec, wall time      0.25 sec
E1 = -1774.7128244470678  Ecoul = 717.8238148531698  Exc = -70.43286080899284
cycle= 6 E= -748.20577756198  delta_E= -0.00172  |g|= 0.0115  |ddm|= 0.114
    CPU time for cycle= 6      8.60 sec, wall time      0.31 sec
  HOMO = -0.171091438395125  LUMO = -0.12025261666847
  mo_energy =
[-1.01370052e+02 -1.44505518e+01 -1.02955596e+01 -1.02952954e+01
 -1.02663998e+01 -1.02608896e+01 -1.02606818e+01 -1.02313398e+01
 -9.28454668e+00 -7.04355859e+00 -7.04241507e+00 -7.04221353e+00
 -1.05632225e+00 -8.93782379e-01 -8.51638442e-01 -7.47923956e-01
 -7.24230729e-01 -6.99832373e-01 -6.31250453e-01 -6.02707544e-01
 -5.74068862e-01 -5.47999075e-01 -5.14834521e-01 -5.07953341e-01
 -4.99677518e-01 -4.48266909e-01 -4.35241364e-01 -4.35171816e-01
 -4.24864737e-01 -3.69717128e-01 -3.46606667e-01 -1.76013157e-01
 -1.71258616e-01 -1.71091438e-01 -1.20252617e-01 -9.58883929e-02
 -1.24715659e-02  2.49786064e-02  2.81184015e-02  5.00682051e-02
  5.72912309e-02  6.44333465e-02  6.58835923e-02  9.57179964e-02
  1.29536192e-01  1.33539223e-01  1.81066311e-01  1.92606380e-01
  2.06613050e-01  2.17535092e-01  2.40741727e-01  2.61969590e-01
  2.61993337e-01  3.03509119e-01  3.08986289e-01  3.24846604e-01
  3.49166749e-01  3.52106542e-01  3.70569968e-01  3.72437101e-01
  3.78557791e-01  3.94394678e-01  3.94696576e-01  4.27468140e-01
  4.32177031e-01  4.53296524e-01  4.59224694e-01  4.72069011e-01
  5.03540292e-01  5.15946639e-01  5.18377839e-01  5.33065939e-01
  5.45046707e-01  5.73921313e-01  5.82356536e-01  5.82364215e-01
  5.98483207e-01  6.46729821e-01  6.67033425e-01  6.74100139e-01
  6.74877407e-01  7.03804650e-01  7.08184077e-01  7.36046695e-01
  7.65883818e-01  8.25949543e-01  8.74666834e-01  8.74803804e-01
  8.85544045e-01  9.40976981e-01  9.48450735e-01  9.76675900e-01
  1.00160722e+00  1.01885342e+00  1.03320005e+00  1.03334619e+00
  1.03561225e+00  1.04345859e+00  1.05044268e+00  1.06175159e+00
  1.11120655e+00  1.19663803e+00  1.22401927e+00  1.25228929e+00
  1.30851040e+00  1.33237024e+00  1.36535951e+00  1.39846469e+00
  1.40455550e+00  1.41478574e+00  1.44705785e+00  1.45474270e+00
  1.47436052e+00  1.48272370e+00  1.49774069e+00  1.50964280e+00
  1.57731352e+00  1.61942527e+00  1.62034569e+00  1.64414089e+00
  1.64943156e+00  1.66452775e+00  1.69927696e+00  1.70194665e+00
  1.76456546e+00  1.76893896e+00  1.77361702e+00  1.82195986e+00
  1.83247906e+00  1.85217845e+00  1.85528052e+00  1.94078873e+00
  1.96664454e+00  1.99009802e+00  2.00248692e+00  2.01534845e+00
  2.05890748e+00  2.11894222e+00  2.14691998e+00  2.17060304e+00
  2.18182210e+00  2.24161587e+00  2.27221643e+00  2.27310767e+00
  2.30442492e+00  2.35466324e+00  2.37398953e+00  2.37711701e+00
  2.43070151e+00  2.43717667e+00  2.44046832e+00  2.44975820e+00
  2.49459024e+00  2.50852253e+00  2.51428400e+00  2.52994034e+00
  2.53813391e+00  2.56403778e+00  2.57068705e+00  2.59098208e+00
  2.59924539e+00  2.62839891e+00  2.67449203e+00  2.68280358e+00
  2.69265034e+00  2.77538243e+00  2.83175144e+00  2.85026431e+00
  2.88425099e+00  2.89658499e+00  3.01674617e+00  3.11076086e+00
  3.18108882e+00  3.27901030e+00  3.33671632e+00  3.38580170e+00
  3.55083475e+00  3.59578540e+00  3.66969031e+00  3.69549122e+00
  3.77748931e+00  3.81285630e+00  3.90824746e+00  3.94876892e+00
  4.01538656e+00  4.31506143e+00  4.55900428e+00  5.11776177e+00
  9.60723606e+00  2.35362903e+01  2.38142204e+01  2.38586412e+01
  2.39167057e+01  2.40039935e+01  2.40679006e+01  2.55688486e+01
  2.55758385e+01  2.58488797e+01  3.54845283e+01  2.15550977e+02]
nelec by numeric integration = 68.00013068920258
    CPU time for vxc      7.02 sec, wall time      0.25 sec
E1 = -1774.6788295998551  Ecoul = 717.7857030897444  Exc = -70.42877254240989
cycle= 7 E= -748.205806211609  delta_E= -2.86e-05  |g|= 0.00467  |ddm|= 0.0124
    CPU time for cycle= 7      8.63 sec, wall time      0.31 sec
  HOMO = -0.171691452518438  LUMO = -0.120079534504662
  mo_energy =
[-1.01371341e+02 -1.44506931e+01 -1.02950195e+01 -1.02943746e+01
 -1.02674958e+01 -1.02599345e+01 -1.02598800e+01 -1.02325111e+01
 -9.28540699e+00 -7.04447640e+00 -7.04331649e+00 -7.04308075e+00
 -1.05621959e+00 -8.93688944e-01 -8.51134697e-01 -7.48112827e-01
 -7.23924771e-01 -6.99561338e-01 -6.31779556e-01 -6.02567367e-01
 -5.73742710e-01 -5.47479929e-01 -5.14312173e-01 -5.07839903e-01
 -4.99814806e-01 -4.47912527e-01 -4.35436428e-01 -4.35382784e-01
 -4.24738396e-01 -3.69697674e-01 -3.46097161e-01 -1.76543837e-01
 -1.71875643e-01 -1.71691453e-01 -1.20079535e-01 -9.54007086e-02
 -1.23002806e-02  2.52791656e-02  2.81937144e-02  5.03658110e-02
  5.74413228e-02  6.42021443e-02  6.60801767e-02  9.58589356e-02
  1.29414498e-01  1.33510995e-01  1.81234132e-01  1.92860561e-01
  2.06869039e-01  2.17785222e-01  2.41030179e-01  2.61971282e-01
  2.62151034e-01  3.03780610e-01  3.09350724e-01  3.25058216e-01
  3.49400897e-01  3.52276606e-01  3.70906094e-01  3.72480970e-01
  3.78204470e-01  3.94366886e-01  3.94578562e-01  4.27372968e-01
  4.32230384e-01  4.53335538e-01  4.59513222e-01  4.72192883e-01
  5.03757511e-01  5.15788062e-01  5.18527658e-01  5.33428564e-01
  5.45410065e-01  5.73836863e-01  5.82097171e-01  5.82672371e-01
  5.98599201e-01  6.46669698e-01  6.67264980e-01  6.74154541e-01
  6.74994698e-01  7.04095119e-01  7.08376919e-01  7.36219152e-01
  7.66211314e-01  8.25907604e-01  8.74654633e-01  8.74940781e-01
  8.85594631e-01  9.41065972e-01  9.48780908e-01  9.76837069e-01
  1.00208665e+00  1.01886281e+00  1.03255046e+00  1.03273517e+00
  1.03513250e+00  1.04290985e+00  1.05050946e+00  1.06182027e+00
  1.11160576e+00  1.19628522e+00  1.22399952e+00  1.25233663e+00
  1.30863756e+00  1.33253342e+00  1.36574498e+00  1.39851300e+00
  1.40478661e+00  1.41467389e+00  1.44730635e+00  1.45461302e+00
  1.47458134e+00  1.48270287e+00  1.49797281e+00  1.50994449e+00
  1.57754102e+00  1.61977221e+00  1.62064953e+00  1.64451969e+00
  1.64964150e+00  1.66463622e+00  1.69975340e+00  1.70236656e+00
  1.76459048e+00  1.76911973e+00  1.77360769e+00  1.82225047e+00
  1.83274351e+00  1.85233940e+00  1.85568402e+00  1.94068787e+00
  1.96688193e+00  1.99036136e+00  2.00242847e+00  2.01575964e+00
  2.05904058e+00  2.11895016e+00  2.14704429e+00  2.17069537e+00
  2.18191418e+00  2.24210490e+00  2.27159882e+00  2.27262042e+00
  2.30470651e+00  2.35438396e+00  2.37404298e+00  2.37736726e+00
  2.43053500e+00  2.43736246e+00  2.44009521e+00  2.44981420e+00
  2.49483299e+00  2.50860766e+00  2.51458579e+00  2.52972820e+00
  2.53828190e+00  2.56443466e+00  2.57094948e+00  2.59131054e+00
  2.59940728e+00  2.62860933e+00  2.67494679e+00  2.68288411e+00
  2.69284256e+00  2.77587065e+00  2.83190087e+00  2.85075052e+00
  2.88443553e+00  2.89685016e+00  3.01663859e+00  3.11095509e+00
  3.18106416e+00  3.27927857e+00  3.33707456e+00  3.38595674e+00
  3.55116554e+00  3.59591511e+00  3.66944110e+00  3.69580567e+00
  3.77716325e+00  3.81264366e+00  3.90872910e+00  3.94892663e+00
  4.01584567e+00  4.31529207e+00  4.55889797e+00  5.11793114e+00
  9.60644138e+00  2.35365998e+01  2.38149712e+01  2.38575466e+01
  2.39167872e+01  2.40047929e+01  2.40680329e+01  2.55680675e+01
  2.55751241e+01  2.58480842e+01  3.54843965e+01  2.15549741e+02]
nelec by numeric integration = 68.00013064600117
    CPU time for vxc      7.27 sec, wall time      0.26 sec
E1 = -1774.6934117090682  Ecoul = 717.8012184157686  Exc = -70.42971100717448
cycle= 8 E= -748.205811459563  delta_E= -5.25e-06  |g|= 0.0012  |ddm|= 0.00442
    CPU time for cycle= 8      8.96 sec, wall time      0.32 sec
  HOMO = -0.171620193875667  LUMO = -0.119979128612168
  mo_energy =
[-1.01370980e+02 -1.44504061e+01 -1.02950655e+01 -1.02945956e+01
 -1.02672710e+01 -1.02599290e+01 -1.02597319e+01 -1.02325641e+01
 -9.28506450e+00 -7.04413662e+00 -7.04297418e+00 -7.04272553e+00
 -1.05609112e+00 -8.93550763e-01 -8.51086388e-01 -7.48064723e-01
 -7.23844166e-01 -6.99526709e-01 -6.31670637e-01 -6.02501626e-01
 -5.73664544e-01 -5.47455442e-01 -5.14275373e-01 -5.07745440e-01
 -4.99704669e-01 -4.47842924e-01 -4.35434771e-01 -4.35352949e-01
 -4.24672971e-01 -3.69572614e-01 -3.46047750e-01 -1.76456644e-01
 -1.71811471e-01 -1.71620194e-01 -1.19979129e-01 -9.53365053e-02
 -1.22530021e-02  2.53077163e-02  2.82312593e-02  5.04413971e-02
  5.74828655e-02  6.42321829e-02  6.60974417e-02  9.58816742e-02
  1.29411644e-01  1.33531036e-01  1.81283003e-01  1.92931331e-01
  2.06946764e-01  2.17839017e-01  2.41089987e-01  2.62003247e-01
  2.62185380e-01  3.03838753e-01  3.09403898e-01  3.25142859e-01
  3.49443452e-01  3.52366919e-01  3.70957287e-01  3.72541285e-01
  3.78201616e-01  3.94407679e-01  3.94613247e-01  4.27417558e-01
  4.32275336e-01  4.53363064e-01  4.59558517e-01  4.72213299e-01
  5.03828016e-01  5.15802702e-01  5.18591765e-01  5.33481388e-01
  5.45429845e-01  5.73854175e-01  5.82095662e-01  5.82739362e-01
  5.98641152e-01  6.46707844e-01  6.67336921e-01  6.74254099e-01
  6.75058760e-01  7.04146580e-01  7.08445406e-01  7.36278202e-01
  7.66277640e-01  8.25957282e-01  8.74719379e-01  8.75015829e-01
  8.85667777e-01  9.41151035e-01  9.48870152e-01  9.76906348e-01
  1.00213883e+00  1.01894417e+00  1.03267660e+00  1.03286210e+00
  1.03524451e+00  1.04303886e+00  1.05056456e+00  1.06190331e+00
  1.11165559e+00  1.19637482e+00  1.22403534e+00  1.25242360e+00
  1.30871889e+00  1.33257205e+00  1.36580959e+00  1.39859910e+00
  1.40484761e+00  1.41467980e+00  1.44737456e+00  1.45463178e+00
  1.47463593e+00  1.48273824e+00  1.49802193e+00  1.51001207e+00
  1.57757999e+00  1.61980302e+00  1.62069594e+00  1.64455800e+00
  1.64968489e+00  1.66470706e+00  1.69979676e+00  1.70240260e+00
  1.76462795e+00  1.76915918e+00  1.77363985e+00  1.82229388e+00
  1.83281986e+00  1.85243166e+00  1.85574421e+00  1.94073033e+00
  1.96697624e+00  1.99040144e+00  2.00247555e+00  2.01582207e+00
  2.05909291e+00  2.11897844e+00  2.14713135e+00  2.17074230e+00
  2.18199768e+00  2.24214316e+00  2.27171778e+00  2.27274842e+00
  2.30475825e+00  2.35440829e+00  2.37409138e+00  2.37744062e+00
  2.43053560e+00  2.43743714e+00  2.44016283e+00  2.44981969e+00
  2.49486586e+00  2.50864019e+00  2.51467419e+00  2.52973225e+00
  2.53833313e+00  2.56447217e+00  2.57099593e+00  2.59136942e+00
  2.59943256e+00  2.62865755e+00  2.67501621e+00  2.68296756e+00
  2.69290279e+00  2.77590354e+00  2.83199099e+00  2.85080633e+00
  2.88449589e+00  2.89695492e+00  3.01665129e+00  3.11104540e+00
  3.18112828e+00  3.27933483e+00  3.33714084e+00  3.38606867e+00
  3.55121356e+00  3.59600116e+00  3.66951841e+00  3.69584311e+00
  3.77717012e+00  3.81275401e+00  3.90877706e+00  3.94902635e+00
  4.01588465e+00  4.31540064e+00  4.55904080e+00  5.11806490e+00
  9.60672236e+00  2.35366457e+01  2.38149217e+01  2.38574994e+01
  2.39168052e+01  2.40047994e+01  2.40681493e+01  2.55683149e+01
  2.55753965e+01  2.58483324e+01  3.54846749e+01  2.15550095e+02]
nelec by numeric integration = 68.00013065009063
    CPU time for vxc      7.23 sec, wall time      0.26 sec
E1 = -1774.6852498212186  Ecoul = 717.7924522522629  Exc = -70.42910712496725
cycle= 9 E= -748.205811853012  delta_E= -3.93e-07  |g|= 0.000535  |ddm|= 0.00231
    CPU time for cycle= 9      8.88 sec, wall time      0.32 sec
  HOMO = -0.171642705644719  LUMO = -0.119978361287953
  mo_energy =
[-1.01371033e+02 -1.44504952e+01 -1.02950380e+01 -1.02944669e+01
 -1.02672851e+01 -1.02599297e+01 -1.02598269e+01 -1.02324224e+01
 -9.28510915e+00 -7.04418240e+00 -7.04302112e+00 -7.04276917e+00
 -1.05608486e+00 -8.93559994e-01 -8.51074223e-01 -7.48035736e-01
 -7.23845176e-01 -6.99513083e-01 -6.31691711e-01 -6.02493216e-01
 -5.73664291e-01 -5.47457628e-01 -5.14263283e-01 -5.07732245e-01
 -4.99700445e-01 -4.47847543e-01 -4.35394169e-01 -4.35323147e-01
 -4.24662661e-01 -3.69575342e-01 -3.46036660e-01 -1.76474878e-01
 -1.71836398e-01 -1.71642706e-01 -1.19978361e-01 -9.53276032e-02
 -1.22469003e-02  2.53118193e-02  2.82419231e-02  5.04405808e-02
  5.74874618e-02  6.42515991e-02  6.61086300e-02  9.58928694e-02
  1.29430837e-01  1.33542852e-01  1.81298153e-01  1.92931145e-01
  2.06941168e-01  2.17845991e-01  2.41095460e-01  2.62019055e-01
  2.62203052e-01  3.03840209e-01  3.09413240e-01  3.25146652e-01
  3.49453322e-01  3.52364855e-01  3.70965926e-01  3.72534498e-01
  3.78193117e-01  3.94413278e-01  3.94609375e-01  4.27416528e-01
  4.32293981e-01  4.53362405e-01  4.59569434e-01  4.72223898e-01
  5.03826068e-01  5.15817944e-01  5.18595608e-01  5.33479473e-01
  5.45443601e-01  5.73878570e-01  5.82130742e-01  5.82734660e-01
  5.98651749e-01  6.46722135e-01  6.67332574e-01  6.74261216e-01
  6.75061346e-01  7.04155982e-01  7.08452918e-01  7.36282106e-01
  7.66284480e-01  8.25962798e-01  8.74719012e-01  8.75019621e-01
  8.85672099e-01  9.41151706e-01  9.48871275e-01  9.76918998e-01
  1.00214347e+00  1.01895159e+00  1.03264790e+00  1.03283522e+00
  1.03522270e+00  1.04301707e+00  1.05057625e+00  1.06191615e+00
  1.11167140e+00  1.19636704e+00  1.22405266e+00  1.25242889e+00
  1.30872696e+00  1.33259024e+00  1.36581486e+00  1.39860965e+00
  1.40485111e+00  1.41470081e+00  1.44738155e+00  1.45465764e+00
  1.47464023e+00  1.48275641e+00  1.49803183e+00  1.51001667e+00
  1.57759060e+00  1.61981324e+00  1.62070788e+00  1.64457213e+00
  1.64969981e+00  1.66470953e+00  1.69980443e+00  1.70240739e+00
  1.76464792e+00  1.76917449e+00  1.77365497e+00  1.82230125e+00
  1.83281298e+00  1.85242693e+00  1.85575220e+00  1.94073754e+00
  1.96697132e+00  1.99041477e+00  2.00249304e+00  2.01583021e+00
  2.05911222e+00  2.11899983e+00  2.14713200e+00  2.17075110e+00
  2.18199913e+00  2.24214745e+00  2.27169023e+00  2.27272829e+00
  2.30476157e+00  2.35443131e+00  2.37411461e+00  2.37743568e+00
  2.43056706e+00  2.43744051e+00  2.44016437e+00  2.44985212e+00
  2.49487908e+00  2.50865837e+00  2.51466921e+00  2.52977521e+00
  2.53833658e+00  2.56446636e+00  2.57100027e+00  2.59136692e+00
  2.59945824e+00  2.62867174e+00  2.67501311e+00  2.68298243e+00
  2.69290899e+00  2.77592272e+00  2.83199831e+00  2.85081358e+00
  2.88450794e+00  2.89694900e+00  3.01667059e+00  3.11104000e+00
  3.18114980e+00  3.27934599e+00  3.33714418e+00  3.38605899e+00
  3.55123174e+00  3.59601358e+00  3.66953656e+00  3.69586829e+00
  3.77721532e+00  3.81275787e+00  3.90877433e+00  3.94901573e+00
  4.01589589e+00  4.31539154e+00  4.55903200e+00  5.11805398e+00
  9.60668278e+00  2.35366496e+01  2.38149540e+01  2.38576323e+01
  2.39168388e+01  2.40047977e+01  2.40681254e+01  2.55682743e+01
  2.55753623e+01  2.58482951e+01  3.54845918e+01  2.15550044e+02]
nelec by numeric integration = 68.00013065085483
    CPU time for vxc      7.13 sec, wall time      0.28 sec
E1 = -1774.6855463685215  Ecoul = 717.7928015105446  Exc = -70.42915990269591
cycle= 10 E= -748.205811919762  delta_E= -6.67e-08  |g|= 0.000179  |ddm|= 0.000549
    CPU time for cycle= 10      8.75 sec, wall time      0.33 sec
  HOMO = -0.171678630773675  LUMO = -0.119962357881165
  mo_energy =
[-1.01371092e+02 -1.44504612e+01 -1.02949893e+01 -1.02944634e+01
 -1.02672555e+01 -1.02599121e+01 -1.02597695e+01 -1.02324219e+01
 -9.28516901e+00 -7.04424123e+00 -7.04308270e+00 -7.04282851e+00
 -1.05606576e+00 -8.93538036e-01 -8.51053184e-01 -7.48030326e-01
 -7.23823646e-01 -6.99498544e-01 -6.31727082e-01 -6.02482837e-01
 -5.73641276e-01 -5.47436976e-01 -5.14244627e-01 -5.07717703e-01
 -4.99685760e-01 -4.47826232e-01 -4.35401229e-01 -4.35323540e-01
 -4.24646416e-01 -3.69558206e-01 -3.46016633e-01 -1.76509851e-01
 -1.71874418e-01 -1.71678631e-01 -1.19962358e-01 -9.53082426e-02
 -1.22363272e-02  2.53232245e-02  2.82483700e-02  5.04598330e-02
  5.74976139e-02  6.42537398e-02  6.61153805e-02  9.58970369e-02
  1.29422898e-01  1.33543279e-01  1.81306012e-01  1.92948478e-01
  2.06961727e-01  2.17859689e-01  2.41110764e-01  2.62020395e-01
  2.62209207e-01  3.03854993e-01  3.09429456e-01  3.25160960e-01
  3.49462612e-01  3.52380936e-01  3.70979017e-01  3.72543191e-01
  3.78175838e-01  3.94410277e-01  3.94602154e-01  4.27414957e-01
  4.32300401e-01  4.53364134e-01  4.59582088e-01  4.72227682e-01
  5.03841435e-01  5.15809359e-01  5.18609958e-01  5.33497770e-01
  5.45458038e-01  5.73879146e-01  5.82124657e-01  5.82752262e-01
  5.98663120e-01  6.46718206e-01  6.67350283e-01  6.74272876e-01
  6.75071400e-01  7.04171139e-01  7.08465845e-01  7.36292720e-01
  7.66301059e-01  8.25957817e-01  8.74711070e-01  8.75036899e-01
  8.85679163e-01  9.41162248e-01  9.48893689e-01  9.76929169e-01
  1.00216261e+00  1.01895979e+00  1.03260143e+00  1.03279098e+00
  1.03518870e+00  1.04297861e+00  1.05058173e+00  1.06192426e+00
  1.11168865e+00  1.19634434e+00  1.22405242e+00  1.25243806e+00
  1.30873933e+00  1.33259768e+00  1.36583400e+00  1.39862351e+00
  1.40486544e+00  1.41468972e+00  1.44739736e+00  1.45465516e+00
  1.47465526e+00  1.48275967e+00  1.49804598e+00  1.51003557e+00
  1.57760166e+00  1.61982846e+00  1.62072031e+00  1.64458813e+00
  1.64971218e+00  1.66472261e+00  1.69982130e+00  1.70242472e+00
  1.76465077e+00  1.76918269e+00  1.77365845e+00  1.82231574e+00
  1.83283329e+00  1.85244523e+00  1.85577297e+00  1.94072888e+00
  1.96699331e+00  1.99042695e+00  2.00249528e+00  2.01584884e+00
  2.05912218e+00  2.11900206e+00  2.14714668e+00  2.17075865e+00
  2.18201591e+00  2.24216478e+00  2.27164750e+00  2.27269334e+00
  2.30477483e+00  2.35441804e+00  2.37412237e+00  2.37745636e+00
  2.43055951e+00  2.43745890e+00  2.44014144e+00  2.44985145e+00
  2.49488732e+00  2.50866924e+00  2.51469275e+00  2.52977395e+00
  2.53834958e+00  2.56448562e+00  2.57101391e+00  2.59138674e+00
  2.59946563e+00  2.62868641e+00  2.67503512e+00  2.68300493e+00
  2.69292260e+00  2.77594438e+00  2.83201715e+00  2.85083332e+00
  2.88452586e+00  2.89697297e+00  3.01666323e+00  3.11106089e+00
  3.18116407e+00  3.27936639e+00  3.33716710e+00  3.38608282e+00
  3.55124988e+00  3.59603114e+00  3.66954126e+00  3.69588455e+00
  3.77721272e+00  3.81276814e+00  3.90879690e+00  3.94903995e+00
  4.01591699e+00  4.31541556e+00  4.55905161e+00  5.11807756e+00
  9.60662746e+00  2.35366802e+01  2.38149829e+01  2.38576322e+01
  2.39168670e+01  2.40048295e+01  2.40681579e+01  2.55682176e+01
  2.55753099e+01  2.58482438e+01  3.54846248e+01  2.15549985e+02]
nelec by numeric integration = 68.00013064773724
    CPU time for vxc      7.09 sec, wall time      0.25 sec
E1 = -1774.6857153253131  Ecoul = 717.7929802462749  Exc = -70.42916969372764
cycle= 11 E= -748.205811931855  delta_E= -1.21e-08  |g|= 6.39e-05  |ddm|= 0.000363
    CPU time for cycle= 11      8.72 sec, wall time      0.31 sec
  HOMO = -0.171695657875291  LUMO = -0.119947113287375
  mo_energy =
[-1.01371089e+02 -1.44504466e+01 -1.02949951e+01 -1.02944294e+01
 -1.02672223e+01 -1.02598754e+01 -1.02597676e+01 -1.02324373e+01
 -9.28517434e+00 -7.04424531e+00 -7.04308818e+00 -7.04283238e+00
 -1.05605304e+00 -8.93517997e-01 -8.51037131e-01 -7.48027909e-01
 -7.23807386e-01 -6.99486771e-01 -6.31740985e-01 -6.02470953e-01
 -5.73623445e-01 -5.47420750e-01 -5.14229322e-01 -5.07707575e-01
 -4.99672979e-01 -4.47808223e-01 -4.35408540e-01 -4.35323741e-01
 -4.24636135e-01 -3.69542813e-01 -3.46000592e-01 -1.76525979e-01
 -1.71892746e-01 -1.71695658e-01 -1.19947113e-01 -9.52920366e-02
 -1.22262303e-02  2.53330083e-02  2.82556669e-02  5.04756463e-02
  5.75068225e-02  6.42512293e-02  6.61230247e-02  9.59032926e-02
  1.29418662e-01  1.33541413e-01  1.81318096e-01  1.92963181e-01
  2.06974620e-01  2.17874080e-01  2.41122254e-01  2.62018699e-01
  2.62216747e-01  3.03864601e-01  3.09442517e-01  3.25176682e-01
  3.49478418e-01  3.52397208e-01  3.70991587e-01  3.72547009e-01
  3.78164294e-01  3.94413361e-01  3.94600880e-01  4.27417650e-01
  4.32305475e-01  4.53366069e-01  4.59593071e-01  4.72231305e-01
  5.03854562e-01  5.15804566e-01  5.18623568e-01  5.33512057e-01
  5.45468262e-01  5.73880774e-01  5.82118131e-01  5.82767492e-01
  5.98671946e-01  6.46718803e-01  6.67366292e-01  6.74281057e-01
  6.75082904e-01  7.04184432e-01  7.08478191e-01  7.36301659e-01
  7.66314921e-01  8.25958703e-01  8.74709877e-01  8.75052527e-01
  8.85685830e-01  9.41174191e-01  9.48912733e-01  9.76938534e-01
  1.00217938e+00  1.01896940e+00  1.03258224e+00  1.03277300e+00
  1.03517687e+00  1.04296393e+00  1.05058692e+00  1.06193196e+00
  1.11170503e+00  1.19633615e+00  1.22405131e+00  1.25244581e+00
  1.30875087e+00  1.33260346e+00  1.36584982e+00  1.39863536e+00
  1.40487914e+00  1.41468267e+00  1.44741283e+00  1.45465199e+00
  1.47467041e+00  1.48276184e+00  1.49805788e+00  1.51005144e+00
  1.57761228e+00  1.61984151e+00  1.62073169e+00  1.64460204e+00
  1.64972021e+00  1.66473564e+00  1.69983657e+00  1.70244022e+00
  1.76465463e+00  1.76919372e+00  1.77365869e+00  1.82232909e+00
  1.83285119e+00  1.85246221e+00  1.85578998e+00  1.94072649e+00
  1.96701187e+00  1.99043697e+00  2.00249742e+00  2.01586475e+00
  2.05913035e+00  2.11900232e+00  2.14716102e+00  2.17076598e+00
  2.18203055e+00  2.24217931e+00  2.27163136e+00  2.27268150e+00
  2.30478691e+00  2.35441076e+00  2.37412927e+00  2.37747524e+00
  2.43055415e+00  2.43746854e+00  2.44013216e+00  2.44985455e+00
  2.49489618e+00  2.50867260e+00  2.51471178e+00  2.52977048e+00
  2.53836230e+00  2.56449877e+00  2.57102683e+00  2.59140424e+00
  2.59947690e+00  2.62869528e+00  2.67505203e+00  2.68302438e+00
  2.69293600e+00  2.77595887e+00  2.83203132e+00  2.85084968e+00
  2.88453741e+00  2.89699302e+00  3.01665895e+00  3.11107919e+00
  3.18117146e+00  3.27937944e+00  3.33718622e+00  3.38610379e+00
  3.55126194e+00  3.59604415e+00  3.66954106e+00  3.69589726e+00
  3.77720549e+00  3.81277132e+00  3.90881514e+00  3.94906115e+00
  4.01593330e+00  4.31543468e+00  4.55906004e+00  5.11809220e+00
  9.60661850e+00  2.35367010e+01  2.38149991e+01  2.38576178e+01
  2.39168872e+01  2.40048476e+01  2.40681817e+01  2.55682051e+01
  2.55753004e+01  2.58482343e+01  3.54846392e+01  2.15549987e+02]
nelec by numeric integration = 68.00013064614382
    CPU time for vxc      7.01 sec, wall time      0.25 sec
E1 = -1774.6855076239015  Ecoul = 717.7927526581797  Exc = -70.42914980783615
cycle= 12 E= -748.205811932647  delta_E= -7.92e-10  |g|= 6.22e-05  |ddm|= 0.000193
    CPU time for cycle= 12      8.62 sec, wall time      0.31 sec
  HOMO = -0.171694875288268  LUMO = -0.119952335239315
  mo_energy =
[-1.01371093e+02 -1.44504580e+01 -1.02949902e+01 -1.02944456e+01
 -1.02672358e+01 -1.02598960e+01 -1.02597697e+01 -1.02324346e+01
 -9.28517538e+00 -7.04424644e+00 -7.04308961e+00 -7.04283363e+00
 -1.05605817e+00 -8.93525047e-01 -8.51042096e-01 -7.48029626e-01
 -7.23812739e-01 -6.99490310e-01 -6.31740786e-01 -6.02474166e-01
 -5.73629551e-01 -5.47424631e-01 -5.14233103e-01 -5.07711054e-01
 -4.99677360e-01 -4.47813364e-01 -4.35407064e-01 -4.35324257e-01
 -4.24639899e-01 -3.69547974e-01 -3.46005083e-01 -1.76525299e-01
 -1.71892033e-01 -1.71694875e-01 -1.19952335e-01 -9.52964344e-02
 -1.22278271e-02  2.53317877e-02  2.82546668e-02  5.04709564e-02
  5.75053699e-02  6.42509783e-02  6.61218507e-02  9.59021662e-02
  1.29418748e-01  1.33541955e-01  1.81314198e-01  1.92959861e-01
  2.06972338e-01  2.17870227e-01  2.41120480e-01  2.62019662e-01
  2.62215014e-01  3.03862834e-01  3.09439948e-01  3.25172767e-01
  3.49473657e-01  3.52393414e-01  3.70988763e-01  3.72546219e-01
  3.78164400e-01  3.94411250e-01  3.94599513e-01  4.27415850e-01
  4.32303460e-01  4.53364573e-01  4.59590643e-01  4.72229963e-01
  5.03851476e-01  5.15804786e-01  5.18620228e-01  5.33508242e-01
  5.45466292e-01  5.73879895e-01  5.82119207e-01  5.82762879e-01
  5.98670024e-01  6.46717970e-01  6.67362467e-01  6.74278511e-01
  6.75080011e-01  7.04180957e-01  7.08475393e-01  7.36299718e-01
  7.66312045e-01  8.25957313e-01  8.74708819e-01  8.75048572e-01
  8.85683912e-01  9.41171385e-01  9.48907174e-01  9.76936782e-01
  1.00217543e+00  1.01896690e+00  1.03258289e+00  1.03277347e+00
  1.03517663e+00  1.04296468e+00  1.05058501e+00  1.06192973e+00
  1.11170116e+00  1.19633616e+00  1.22405157e+00  1.25244296e+00
  1.30874718e+00  1.33260194e+00  1.36584581e+00  1.39863180e+00
  1.40487516e+00  1.41468428e+00  1.44740815e+00  1.45465290e+00
  1.47466688e+00  1.48276129e+00  1.49805493e+00  1.51004783e+00
  1.57761043e+00  1.61983871e+00  1.62072981e+00  1.64459901e+00
  1.64971946e+00  1.66473257e+00  1.69983397e+00  1.70243666e+00
  1.76465398e+00  1.76919035e+00  1.77365891e+00  1.82232626e+00
  1.83284611e+00  1.85245741e+00  1.85578538e+00  1.94072627e+00
  1.96700617e+00  1.99043400e+00  2.00249630e+00  2.01586101e+00
  2.05912807e+00  2.11900214e+00  2.14715709e+00  2.17076411e+00
  2.18202658e+00  2.24217594e+00  2.27163140e+00  2.27268156e+00
  2.30478356e+00  2.35441181e+00  2.37412642e+00  2.37747018e+00
  2.43055496e+00  2.43746558e+00  2.44013298e+00  2.44985393e+00
  2.49489388e+00  2.50867345e+00  2.51470484e+00  2.52977067e+00
  2.53835947e+00  2.56449654e+00  2.57102457e+00  2.59140026e+00
  2.59947413e+00  2.62869361e+00  2.67504553e+00  2.68301867e+00
  2.69293201e+00  2.77595433e+00  2.83202636e+00  2.85084480e+00
  2.88453346e+00  2.89698596e+00  3.01665954e+00  3.11107205e+00
  3.18116796e+00  3.27937426e+00  3.33717952e+00  3.38609685e+00
  3.55125841e+00  3.59603926e+00  3.66953936e+00  3.69589307e+00
  3.77720704e+00  3.81276808e+00  3.90880949e+00  3.94905485e+00
  4.01592853e+00  4.31542787e+00  4.55905441e+00  5.11808585e+00
  9.60661800e+00  2.35366914e+01  2.38149916e+01  2.38576203e+01
  2.39168792e+01  2.40048383e+01  2.40681704e+01  2.55682045e+01
  2.55753002e+01  2.58482344e+01  3.54846282e+01  2.15549983e+02]
nelec by numeric integration = 68.00013064562334
    CPU time for vxc      7.43 sec, wall time      0.27 sec
E1 = -1774.685745442997  Ecoul = 717.7930091329666  Exc = -70.42916846465317
cycle= 13 E= -748.205811933772  delta_E= -1.13e-09  |g|= 1.07e-05  |ddm|= 7e-05
    CPU time for cycle= 13      9.12 sec, wall time      0.33 sec
  HOMO = -0.171695459606175  LUMO = -0.119952956830858
  mo_energy =
[-1.01371100e+02 -1.44504579e+01 -1.02949929e+01 -1.02944466e+01
 -1.02672367e+01 -1.02598941e+01 -1.02597695e+01 -1.02324324e+01
 -9.28518001e+00 -7.04425125e+00 -7.04309464e+00 -7.04283856e+00
 -1.05605855e+00 -8.93525268e-01 -8.51042615e-01 -7.48029131e-01
 -7.23813182e-01 -6.99490532e-01 -6.31741711e-01 -6.02474654e-01
 -5.73630011e-01 -5.47425211e-01 -5.14233651e-01 -5.07711184e-01
 -4.99677534e-01 -4.47813850e-01 -4.35405942e-01 -4.35323498e-01
 -4.24640054e-01 -3.69548125e-01 -3.46005585e-01 -1.76525826e-01
 -1.71892662e-01 -1.71695460e-01 -1.19952957e-01 -9.52968759e-02
 -1.22281475e-02  2.53314009e-02  2.82545370e-02  5.04704967e-02
  5.75051234e-02  6.42513987e-02  6.61216730e-02  9.59020882e-02
  1.29419304e-01  1.33542169e-01  1.81314181e-01  1.92959395e-01
  2.06971694e-01  2.17869831e-01  2.41120054e-01  2.62019907e-01
  2.62215019e-01  3.03862430e-01  3.09439526e-01  3.25172473e-01
  3.49473515e-01  3.52392954e-01  3.70988408e-01  3.72545827e-01
  3.78164611e-01  3.94411169e-01  3.94599321e-01  4.27415523e-01
  4.32303221e-01  4.53364308e-01  4.59590361e-01  4.72229758e-01
  5.03851105e-01  5.15805403e-01  5.18619796e-01  5.33507814e-01
  5.45465867e-01  5.73880302e-01  5.82120075e-01  5.82762603e-01
  5.98669819e-01  6.46718188e-01  6.67362025e-01  6.74278506e-01
  6.75079726e-01  7.04180662e-01  7.08475084e-01  7.36299385e-01
  7.66311546e-01  8.25957101e-01  8.74708552e-01  8.75048148e-01
  8.85683725e-01  9.41170922e-01  9.48906712e-01  9.76936452e-01
  1.00217490e+00  1.01896656e+00  1.03258177e+00  1.03277236e+00
  1.03517567e+00  1.04296384e+00  1.05058495e+00  1.06192948e+00
  1.11170061e+00  1.19633580e+00  1.22405180e+00  1.25244283e+00
  1.30874700e+00  1.33260200e+00  1.36584525e+00  1.39863157e+00
  1.40487495e+00  1.41468525e+00  1.44740791e+00  1.45465360e+00
  1.47466649e+00  1.48276165e+00  1.49805467e+00  1.51004733e+00
  1.57761021e+00  1.61983824e+00  1.62072952e+00  1.64459844e+00
  1.64971912e+00  1.66473227e+00  1.69983340e+00  1.70243610e+00
  1.76465417e+00  1.76919038e+00  1.77365920e+00  1.82232586e+00
  1.83284567e+00  1.85245702e+00  1.85578491e+00  1.94072650e+00
  1.96700576e+00  1.99043382e+00  2.00249668e+00  2.01586050e+00
  2.05912790e+00  2.11900239e+00  2.14715683e+00  2.17076392e+00
  2.18202611e+00  2.24217542e+00  2.27162995e+00  2.27268036e+00
  2.30478307e+00  2.35441242e+00  2.37412651e+00  2.37746959e+00
  2.43055586e+00  2.43746528e+00  2.44013282e+00  2.44985433e+00
  2.49489366e+00  2.50867337e+00  2.51470462e+00  2.52977153e+00
  2.53835914e+00  2.56449594e+00  2.57102414e+00  2.59139960e+00
  2.59947414e+00  2.62869327e+00  2.67504552e+00  2.68301781e+00
  2.69293173e+00  2.77595376e+00  2.83202599e+00  2.85084429e+00
  2.88453305e+00  2.89698570e+00  3.01666030e+00  3.11107197e+00
  3.18116819e+00  3.27937418e+00  3.33717909e+00  3.38609645e+00
  3.55125780e+00  3.59603900e+00  3.66954016e+00  3.69589261e+00
  3.77720808e+00  3.81276868e+00  3.90880904e+00  3.94905426e+00
  4.01592804e+00  4.31542753e+00  4.55905452e+00  5.11808551e+00
  9.60661442e+00  2.35366910e+01  2.38149908e+01  2.38576223e+01
  2.39168779e+01  2.40048383e+01  2.40681705e+01  2.55682012e+01
  2.55752971e+01  2.58482315e+01  3.54846283e+01  2.15549976e+02]
nelec by numeric integration = 68.00013064562087
    CPU time for vxc      7.23 sec, wall time      0.26 sec
E1 = -1774.685795693803  Ecoul = 717.7930632666873  Exc = -70.42917234759864
cycle= 14 E= -748.205811933803  delta_E= -3.09e-11  |g|= 6e-06  |ddm|= 2.1e-05
    CPU time for cycle= 14      8.93 sec, wall time      0.32 sec
  HOMO = -0.171695897381253  LUMO = -0.119951673658588
  mo_energy =
[-1.01371098e+02 -1.44504566e+01 -1.02949885e+01 -1.02944431e+01
 -1.02672338e+01 -1.02598945e+01 -1.02597690e+01 -1.02324351e+01
 -9.28517911e+00 -7.04425019e+00 -7.04309371e+00 -7.04283753e+00
 -1.05605691e+00 -8.93524079e-01 -8.51041052e-01 -7.48029232e-01
 -7.23811895e-01 -6.99489650e-01 -6.31741945e-01 -6.02473718e-01
 -5.73628556e-01 -5.47424305e-01 -5.14232391e-01 -5.07710209e-01
 -4.99676708e-01 -4.47812762e-01 -4.35407053e-01 -4.35324042e-01
 -4.24639256e-01 -3.69547228e-01 -3.46004227e-01 -1.76526361e-01
 -1.71893171e-01 -1.71695897e-01 -1.19951674e-01 -9.52956322e-02
 -1.22276495e-02  2.53319175e-02  2.82548576e-02  5.04716144e-02
  5.75055294e-02  6.42512427e-02  6.61220213e-02  9.59023383e-02
  1.29418790e-01  1.33542070e-01  1.81314808e-01  1.92960354e-01
  2.06972720e-01  2.17870691e-01  2.41120915e-01  2.62019913e-01
  2.62215377e-01  3.03863236e-01  3.09440533e-01  3.25173299e-01
  3.49474047e-01  3.52393880e-01  3.70989250e-01  3.72546406e-01
  3.78164218e-01  3.94411451e-01  3.94599421e-01  4.27415941e-01
  4.32304059e-01  4.53364721e-01  4.59591113e-01  4.72230261e-01
  5.03851866e-01  5.15804813e-01  5.18620699e-01  5.33508698e-01
  5.45466847e-01  5.73880053e-01  5.82119203e-01  5.82763354e-01
  5.98670377e-01  6.46718057e-01  6.67362843e-01  6.74279176e-01
  6.75080293e-01  7.04181549e-01  7.08475918e-01  7.36300053e-01
  7.66312601e-01  8.25957327e-01  8.74708621e-01  8.75049115e-01
  8.85684137e-01  9.41171691e-01  9.48908081e-01  9.76937256e-01
  1.00217597e+00  1.01896723e+00  1.03258127e+00  1.03277193e+00
  1.03517552e+00  1.04296357e+00  1.05058530e+00  1.06193019e+00
  1.11170196e+00  1.19633558e+00  1.22405177e+00  1.25244352e+00
  1.30874779e+00  1.33260246e+00  1.36584650e+00  1.39863242e+00
  1.40487558e+00  1.41468427e+00  1.44740883e+00  1.45465296e+00
  1.47466715e+00  1.48276148e+00  1.49805537e+00  1.51004845e+00
  1.57761074e+00  1.61983905e+00  1.62073022e+00  1.64459961e+00
  1.64971986e+00  1.66473280e+00  1.69983434e+00  1.70243699e+00
  1.76465432e+00  1.76919076e+00  1.77365908e+00  1.82232666e+00
  1.83284658e+00  1.85245804e+00  1.85578623e+00  1.94072622e+00
  1.96700695e+00  1.99043458e+00  2.00249663e+00  2.01586168e+00
  2.05912873e+00  2.11900243e+00  2.14715751e+00  2.17076435e+00
  2.18202709e+00  2.24217639e+00  2.27162963e+00  2.27268024e+00
  2.30478395e+00  2.35441161e+00  2.37412713e+00  2.37747067e+00
  2.43055504e+00  2.43746642e+00  2.44013235e+00  2.44985418e+00
  2.49489434e+00  2.50867361e+00  2.51470582e+00  2.52977088e+00
  2.53835962e+00  2.56449651e+00  2.57102481e+00  2.59140058e+00
  2.59947451e+00  2.62869419e+00  2.67504645e+00  2.68301990e+00
  2.69293259e+00  2.77595548e+00  2.83202733e+00  2.85084564e+00
  2.88453434e+00  2.89698699e+00  3.01665965e+00  3.11107301e+00
  3.18116858e+00  3.27937515e+00  3.33718055e+00  3.38609771e+00
  3.55125948e+00  3.59604013e+00  3.66953983e+00  3.69589415e+00
  3.77720711e+00  3.81276877e+00  3.90881013e+00  3.94905553e+00
  4.01592943e+00  4.31542890e+00  4.55905541e+00  5.11808711e+00
  9.60661494e+00  2.35366930e+01  2.38149933e+01  2.38576198e+01
  2.39168811e+01  2.40048397e+01  2.40681719e+01  2.55682014e+01
  2.55752975e+01  2.58482319e+01  3.54846296e+01  2.15549978e+02]
nelec by numeric integration = 68.00013064538734
    CPU time for vxc      7.24 sec, wall time      0.26 sec
E1 = -1774.6857437079707  Ecoul = 717.7930079782777  Exc = -70.42916904501845
Extra cycle  E= -748.2058119338  delta_E= 2.96e-12  |g|= 7.57e-06  |ddm|= 1.37e-05
    CPU time for scf_cycle    161.19 sec, wall time      5.88 sec
    CPU time for SCF    161.25 sec, wall time      5.89 sec
converged SCF energy = -748.2058119338
Converting <class 'pyscf.dft.rks.RKS'> to RHF


******** <class 'pyscf.tdscf.rks.TDA'> for <class 'pyscf.dft.rks.RKS'> ********
nstates = 5 singlet
wfnsym = None
conv_tol = 1e-09
eigh lindep = 1e-12
eigh level_shift = 0
eigh max_space = 8
eigh max_cycle = 2000
chkfile = /scratch/global/yangjunjie/tmpp3rwo8gl
max_memory 127949 MB (current use 2206 MB)


davidson 0 5  |r|= 0.0568  e= [0.03243598 0.03518028 0.0430676  0.0582424  0.05828847]  max|de|= 0.0583  lindep=    1
Old state -> New state
    4     ->     3 
    3     ->     4 
davidson 1 10  |r|= 0.0129  e= [0.03235097 0.03485201 0.03898888 0.0580089  0.05822913]  max|de|= -0.00408  lindep= 0.849
davidson 2 15  |r|= 0.00444  e= [0.03235082 0.03483889 0.03884005 0.05800024 0.05822883]  max|de|= -0.000149  lindep= 0.749
davidson 3 20  |r|= 0.00107  e= [0.03235081 0.03483877 0.03882005 0.05799932 0.05822882]  max|de|= -2e-05  lindep= 0.537
root 0 converged  |r|= 1.09e-05  e= 0.032350812535403804  max|de|= 6.94e-18
davidson 4 5  |r|= 0.00107  e= [0.03235081 0.03483877 0.03882005 0.05799932 0.05822882]  max|de|= 1.25e-16  lindep= 0.999
davidson 5 9  |r|= 0.000255  e= [0.03235081 0.03483877 0.03881937 0.05799927 0.05822882]  max|de|= -6.83e-07  lindep= 0.518
root 1 converged  |r|= 6.87e-07  e= 0.03483877087254299  max|de|= -3.13e-11
davidson 6 13  |r|= 8.57e-05  e= [0.03235081 0.03483877 0.03881929 0.05799926 0.05822881]  max|de|= -7.72e-08  lindep= 0.801
root 3 converged  |r|= 4.88e-06  e= 0.0579992630002063  max|de|= -5.99e-10
davidson 7 16  |r|= 2.89e-05  e= [0.03235081 0.03483877 0.03881929 0.05799926 0.0582288 ]  max|de|= -5.94e-09  lindep= 0.722
root 2 converged  |r|= 2.89e-05  e= 0.03881928842777676  max|de|= 5.55e-17
root 4 converged  |r|= 1.71e-05  e= 0.05822880159256839  max|de|= -2.15e-16
converged 8 5  |r|= 2.89e-05  e= [0.03235081 0.03483877 0.03881929 0.05799926 0.0582288 ]  max|de|= 2.22e-16
    CPU time for TDA    239.18 sec, wall time      8.71 sec
Excited State energies (eV)
[0.88031044 0.94801124 1.05632664 1.57824033 1.5844864 ]
