 
:: initializing oneAPI environment ...
   slurm_script: BASH_VERSION = 4.2.46(1)-release
   args: Using "$@" for setvars.sh arguments: --force
:: advisor -- latest
:: ccl -- latest
:: clck -- latest
:: compiler -- latest
:: dal -- latest
:: debugger -- latest
:: dev-utilities -- latest
:: dnnl -- latest
:: dpcpp-ct -- latest
:: dpl -- latest
:: inspector -- latest
:: intelpython -- latest
:: ipp -- latest
:: ippcp -- latest
:: ipp -- latest
:: itac -- latest
:: mkl -- latest
:: mpi -- latest
:: tbb -- latest
:: vpl -- latest
:: vtune -- latest
:: oneAPI environment initialized ::
 
SLURM_CPUS_PER_TASK = 28
SLURM_MEM_PER_NODE = 127949
#INFO: **** input file is /home/yangjunjie/work/py-ch3-cl/work/step_3/main.py ****
import sys
import pyscf
from pyscf import tdscf

def main(xyz_file, basis="631g*", xc="b3lyp", output="ene.out"):
    xyz = None

    with open(xyz_file, "r") as xyz:
        xyz = xyz.readlines()[2:]
        xyz = "".join(xyz)

    mol = pyscf.gto.Mole()
    mol.atom = xyz
    mol.basis = basis
    mol.verbose = 5
    mol.build()

    if xc is not None and xc != "hf":
        mf = pyscf.scf.RKS(mol)
        mf.xc = xc
        mf.grids.level = 9
        mf.kernel()
    else:
        mf = pyscf.scf.RHF(mol)
        mf.kernel()

    ene_mf = mf.e_tot

    with open(output, "w") as f:
        tda = pyscf.tdscf.TDA(mf)
        tda.nstates = 5
        tda.max_space = 8
        tda.max_cycle = 2000
        tda.kernel()

        con_tda = tda.converged
        ene_tda = tda.e[:5]
        dip_tda = tda.transition_dipole()[:5]

        f.write(f"RKS energy: {ene_mf: 12.8f}\n")
        f.write("TDA results:\n")
        for i, (con, ene, dip) in enumerate(zip(con_tda, ene_tda, dip_tda)):
            f.write(f" {i:2d} {con} {ene: 12.8f} {dip[0]: 12.8f} {dip[1]: 12.8f} {dip[2]: 12.8f}\n")

        # rpa = pyscf.tdscf.RPA(mf)
        # rpa.nstates = 5
        # rpa.max_space = 8
        # rpa.max_cycle = 2000
        # rpa.kernel()

        # con_rpa = rpa.converged
        # ene_rpa = rpa.e[:5]
        # dip_rpa = rpa.transition_dipole()[:5]
        
        # f.write("\nRPA results:\n")
        # for i, (con, ene, dip) in enumerate(zip(con_rpa, ene_rpa, dip_rpa)):
        #     f.write(f" {i:2d} {con} {ene: 12.8f} {dip[0]: 12.8f} {dip[1]: 12.8f} {dip[2]: 12.8f}\n")

if __name__ == "__main__":
    xyz = sys.argv[1]
    main(xyz, basis="6311g**", xc="b3lyp", output="out.log")
#INFO: ******************** input file end ********************


System: uname_result(system='Linux', node='pauling048', release='3.10.0-327.36.3.el7.x86_64', version='#1 SMP Thu Oct 20 04:56:07 EDT 2016', machine='x86_64')  Threads 28
Python 3.9.7 (default, Oct 27 2021, 01:23:21) 
[GCC 9.3.0]
numpy 1.21.2  scipy 1.6.2
Date: Wed Sep 28 09:51:32 2022
PySCF version 2.0.1
PySCF path  /home/yangjunjie/packages/pyscf/pyscf-main
GIT ORIG_HEAD 14b880cdc4bf7bb64f3989a147c0b04622efc498
GIT HEAD (branch master) 9d5b5bd309d1cc55fbd1a0ec76e26b5b0c7f76af

[ENV] PYSCF_MAX_MEMORY 127949
[ENV] PYSCF_TMPDIR /scratch/global/yangjunjie/
[CONFIG] conf_file /home/yangjunjie/.pyscf_conf.py
[INPUT] verbose = 5
[INPUT] max_memory = 127949 
[INPUT] num. atoms = 16
[INPUT] num. electrons = 68
[INPUT] charge = 0
[INPUT] spin (= nelec alpha-beta = 2S) = 0
[INPUT] symmetry False subgroup None
[INPUT] Mole.unit = angstrom
[INPUT]  1 C      0.000000010000   1.171824040000   1.010241730000 AA    0.000000018897   2.214426501781   1.909080189307 Bohr
[INPUT]  2 C      0.000000000000   1.190123310000   2.393081920000 AA    0.000000000000   2.249007110361   4.522269422448 Bohr
[INPUT]  3 C      0.000000000000  -0.011724500000   3.099065820000 AA    0.000000000000  -0.022156093947   5.856385641801 Bohr
[INPUT]  4 C     -0.000000010000  -1.202946790000   2.370612810000 AA   -0.000000018897  -2.273239975525   4.479808958286 Bohr
[INPUT]  5 C      0.000000000000  -1.159022880000   0.991221800000 AA    0.000000000000  -2.190235815305   1.873137730698 Bohr
[INPUT]  6 N      0.000000010000   0.012647710000   0.305583680000 AA    0.000000018897   0.023900708003   0.577469463337 Bohr
[INPUT]  7 C     -0.000000010000   0.007794780000  -1.285576770000 AA   -0.000000018897   0.014729999401  -2.429388007403 Bohr
[INPUT]  8 H      0.000000020000   2.076959020000   0.421303840000 AA    0.000000037795   3.924883719745   0.796148872828 Bohr
[INPUT]  9 H      0.000000000000   2.139921770000   2.919277050000 AA    0.000000000000   4.043866073295   5.516634106228 Bohr
[INPUT] 10 H     -0.000000010000  -0.021967380000   4.182323840000 AA   -0.000000018897  -0.041512331874   7.903446621839 Bohr
[INPUT] 11 H     -0.000000020000  -2.161659890000   2.880118190000 AA   -0.000000037795  -4.084945166557   5.442634585478 Bohr
[INPUT] 12 H      0.000000000000  -2.052203500000   0.382303350000 AA    0.000000000000  -3.878102566874   0.722448628004 Bohr
[INPUT] 13 H     -0.000000020000   1.042276230000  -1.629592820000 AA   -0.000000037795   1.969616620844  -3.079484124358 Bohr
[INPUT] 14 H     -0.900944380000  -0.513147590000  -1.624057250000 AA   -1.702538131666  -0.969708406581  -3.069023413114 Bohr
[INPUT] 15 H      0.900944420000  -0.513147550000  -1.624057260000 AA    1.702538207255  -0.969708330992  -3.069023432012 Bohr
[INPUT] 16 Cl    -0.000000010000   0.002535820000  -4.018104420000 AA   -0.000000018897   0.004792005301  -7.593116893704 Bohr
[INPUT] ---------------- BASIS SET ---------------- 
[INPUT] l, kappa, [nprim/nctr], expnt,             c_1 c_2 ...
[INPUT] C
[INPUT] 0    0    [6    /1   ]  4563.24           0.00196665
                                682.024           0.0152306
                                154.973           0.0761269
                                44.4553           0.260801
                                13.029            0.616462
                                1.82773           0.221006
[INPUT] 0    0    [3    /1   ]  20.9642           0.11466
                                4.80331           0.919999
                                1.45933           -0.00303068
[INPUT] 0    0    [1    /1   ]  0.483456             1
[INPUT] 0    0    [1    /1   ]  0.145585             1
[INPUT] 1    0    [3    /1   ]  20.9642           0.0402487
                                4.80331           0.237594
                                1.45933           0.815854
[INPUT] 1    0    [1    /1   ]  0.483456             1
[INPUT] 1    0    [1    /1   ]  0.145585             1
[INPUT] 2    0    [1    /1   ]  0.626                1
[INPUT] H
[INPUT] 0    0    [3    /1   ]  33.865            0.0254938
                                5.09479           0.190373
                                1.15879           0.852161
[INPUT] 0    0    [1    /1   ]  0.32584              1
[INPUT] 0    0    [1    /1   ]  0.102741             1
[INPUT] 1    0    [1    /1   ]  0.75                 1
[INPUT] N
[INPUT] 0    0    [6    /1   ]  6293.48           0.00196979
                                949.044           0.0149613
                                218.776           0.0735006
                                63.6916           0.248937
                                18.8282           0.60246
                                2.72023           0.256202
[INPUT] 0    0    [3    /1   ]  30.6331           0.111906
                                7.02614           0.921666
                                2.11205           -0.00256919
[INPUT] 0    0    [1    /1   ]  0.684009             1
[INPUT] 0    0    [1    /1   ]  0.200878             1
[INPUT] 1    0    [3    /1   ]  30.6331           0.0383119
                                7.02614           0.237403
                                2.11205           0.817592
[INPUT] 1    0    [1    /1   ]  0.684009             1
[INPUT] 1    0    [1    /1   ]  0.200878             1
[INPUT] 2    0    [1    /1   ]  0.913                1
[INPUT] Cl
[INPUT] 0    0    [6    /1   ]  105819            0.000738
                                15872             0.005718
                                3619.65           0.029495
                                1030.8            0.117286
                                339.908           0.362949
                                124.538           0.584149
[INPUT] 0    0    [3    /1   ]  124.538           0.134177
                                49.5135           0.62425
                                20.8056           0.291756
[INPUT] 0    0    [1    /1   ]  6.58346              1
[INPUT] 0    0    [1    /1   ]  2.56468              1
[INPUT] 0    0    [1    /1   ]  0.559763             1
[INPUT] 0    0    [1    /1   ]  0.183273             1
[INPUT] 1    0    [5    /1   ]  589.776           0.002391
                                139.849           0.018504
                                45.1413           0.081377
                                16.8733           0.221552
                                6.7411            0.772569
[INPUT] 1    0    [2    /1   ]  6.7411            -1.572244
                                2.77152           0.992389
[INPUT] 1    0    [1    /1   ]  1.02387              1
[INPUT] 1    0    [1    /1   ]  0.381368             1
[INPUT] 1    0    [1    /1   ]  0.109437             1
[INPUT] 2    0    [1    /1   ]  0.75                 1

nuclear repulsion = 379.447975805422
number of shells = 100
number of NR pGTOs = 329
number of NR cGTOs = 200
basis = 6311g**
ecp = {}
CPU time:         0.36


******** <class 'pyscf.dft.rks.RKS'> ********
method = RKS
initial guess = minao
damping factor = 0
level_shift factor = 0
DIIS = <class 'pyscf.scf.diis.CDIIS'>
diis_start_cycle = 1
diis_space = 8
SCF conv_tol = 1e-09
SCF conv_tol_grad = None
SCF max_cycles = 50
direct_scf = True
direct_scf_tol = 1e-13
chkfile to save SCF result = /scratch/global/yangjunjie/tmpdco_z2a8
max_memory 127949 MB (current use 82 MB)
XC library pyscf.dft.libxc version 5.2.0
    S. Lehtola, C. Steigemann, M. J. Oliveira, and M. A. Marques, SoftwareX 7, 1 (2018)
XC functionals = b3lyp
    P. A. M. Dirac, Math. Proc. Cambridge Philos. Soc. 26, 376 (1930)
    F. Bloch, Z. Phys. 57, 545 (1929)
    A. D. Becke, Phys. Rev. A 38, 3098 (1988)
    C. Lee, W. Yang, and R. G. Parr, Phys. Rev. B 37, 785 (1988)
    B. Miehlich, A. Savin, H. Stoll, and H. Preuss, Chem. Phys. Lett. 157, 200 (1989)
    S. H. Vosko, L. Wilk, and M. Nusair, Can. J. Phys. 58, 1200 (1980)
radial grids: 
    Treutler-Ahlrichs [JCP 102, 346 (1995); DOI:10.1063/1.469408] (M4) radial grids
    
becke partition: Becke, JCP 88, 2547 (1988); DOI:10.1063/1.454033
pruning grids: <function nwchem_prune at 0x7f6fc9982e50>
grids dens level: 9
symmetrized grids: False
atomic radii adjust function: <function treutler_atomic_radii_adjust at 0x7f6fc9982dc0>
small_rho_cutoff = 1e-07
Set gradient conv threshold to 3.16228e-05
atom C rad-grids = 200, ang-grids = [  50   50   50   50   50   50   50   50   50   50   50   50   50   50
   50   50   50   50   50   50   50   50   50   50   50   50   50   50
   50   50   50   50   50   50   50   50   50   50   50   50   50   50
   50   50   50   50   50   50   50   50   50   50   50   50   50   50
   50   50   50   50   50   50   86   86   86   86   86   86   86   86
   86   86   86   86   86   86   86   86   86   86   86   86   86   86
   86   86   86   86 1202 1202 1202 1202 1202 1202 1202 1202 1202 1202
 1202 1202 1202 1202 1202 1202 1202 1202 1454 1454 1454 1454 1454 1454
 1454 1454 1454 1454 1454 1454 1454 1454 1454 1454 1454 1454 1454 1454
 1454 1454 1454 1454 1454 1454 1454 1454 1454 1454 1454 1454 1454 1454
 1454 1454 1454 1454 1454 1454 1454 1454 1454 1454 1454 1454 1454 1454
 1454 1454 1454 1454 1202 1202 1202 1202 1202 1202 1202 1202 1202 1202
 1202 1202 1202 1202 1202 1202 1202 1202 1202 1202 1202 1202 1202 1202
 1202 1202 1202 1202 1202 1202 1202 1202 1202 1202 1202 1202 1202 1202
 1202 1202 1202 1202]
atom N rad-grids = 200, ang-grids = [  50   50   50   50   50   50   50   50   50   50   50   50   50   50
   50   50   50   50   50   50   50   50   50   50   50   50   50   50
   50   50   50   50   50   50   50   50   50   50   50   50   50   50
   50   50   50   50   50   50   50   50   50   50   50   50   50   50
   50   50   50   50   50   86   86   86   86   86   86   86   86   86
   86   86   86   86   86   86   86   86   86   86   86   86   86   86
   86   86 1202 1202 1202 1202 1202 1202 1202 1202 1202 1202 1202 1202
 1202 1202 1202 1202 1202 1454 1454 1454 1454 1454 1454 1454 1454 1454
 1454 1454 1454 1454 1454 1454 1454 1454 1454 1454 1454 1454 1454 1454
 1454 1454 1454 1454 1454 1454 1454 1454 1454 1454 1454 1454 1454 1454
 1454 1454 1454 1454 1454 1454 1454 1454 1454 1454 1454 1454 1454 1454
 1454 1202 1202 1202 1202 1202 1202 1202 1202 1202 1202 1202 1202 1202
 1202 1202 1202 1202 1202 1202 1202 1202 1202 1202 1202 1202 1202 1202
 1202 1202 1202 1202 1202 1202 1202 1202 1202 1202 1202 1202 1202 1202
 1202 1202 1202 1202]
atom H rad-grids = 200, ang-grids = [  50   50   50   50   50   50   50   50   50   50   50   50   50   50
   50   50   50   50   50   50   50   50   50   50   50   50   50   50
   50   50   50   50   50   50   50   50   50   50   50   50   50   50
   50   50   50   50   50   50   50   50   50   50   50   50   50   50
   50   86   86   86   86   86   86   86   86   86   86   86   86   86
   86 1202 1202 1202 1202 1202 1202 1202 1202 1202 1202 1202 1202 1202
 1202 1202 1202 1202 1454 1454 1454 1454 1454 1454 1454 1454 1454 1454
 1454 1454 1454 1454 1454 1454 1454 1454 1454 1454 1454 1454 1454 1454
 1454 1454 1454 1454 1454 1454 1454 1454 1454 1454 1454 1454 1454 1454
 1454 1454 1454 1454 1454 1454 1454 1454 1454 1454 1454 1454 1454 1454
 1202 1202 1202 1202 1202 1202 1202 1202 1202 1202 1202 1202 1202 1202
 1202 1202 1202 1202 1202 1202 1202 1202 1202 1202 1202 1202 1202 1202
 1202 1202 1202 1202 1202 1202 1202 1202 1202 1202 1202 1202 1202 1202
 1202 1202 1202 1202 1202 1202 1202 1202 1202 1202 1202 1202 1202 1202
 1202 1202 1202 1202]
atom Cl rad-grids = 200, ang-grids = [  50   50   50   50   50   50   50   50   50   50   50   50   50   50
   50   50   50   50   50   50   50   50   50   50   50   50   50   50
   50   50   50   50   50   50   50   50   50   50   50   50   50   50
   50   50   50   50   50   50   50   50   50   50   50   50   50   50
   50   50   50   86   86   86   86   86   86   86   86   86   86   86
   86   86   86   86   86   86   86   86   86   86   86   86   86   86
   86   86   86   86   86   86   86   86 1202 1202 1202 1202 1202 1202
 1202 1202 1202 1202 1202 1202 1202 1202 1202 1202 1202 1202 1202 1202
 1202 1202 1454 1454 1454 1454 1454 1454 1454 1454 1454 1454 1454 1454
 1454 1454 1454 1454 1454 1454 1454 1454 1454 1454 1454 1454 1454 1454
 1454 1454 1454 1454 1454 1454 1454 1454 1454 1454 1454 1454 1454 1454
 1454 1454 1454 1454 1454 1202 1202 1202 1202 1202 1202 1202 1202 1202
 1202 1202 1202 1202 1202 1202 1202 1202 1202 1202 1202 1202 1202 1202
 1202 1202 1202 1202 1202 1202 1202 1202 1202 1202 1202 1202 1202 1202
 1202 1202 1202 1202]
tot grids = 2598388
Drop grids 447050
    CPU time for setting up grids     44.74 sec, wall time      1.88 sec
nelec by numeric integration = 67.99246560322058
    CPU time for vxc     96.12 sec, wall time      3.50 sec
E1 = -1772.8363523591238  Ecoul = 714.8456864962176  Exc = -70.51432208334677
init E= -749.057012140831
cond(S) = 13793.262278951497
    CPU time for initialize scf    155.43 sec, wall time      5.96 sec
  HOMO = -0.297640116481183  LUMO = -0.110431858702615
  mo_energy =
[-1.01493878e+02 -1.43965434e+01 -1.02819451e+01 -1.02814069e+01
 -1.02797390e+01 -1.02754935e+01 -1.02752777e+01 -1.02730767e+01
 -9.51115184e+00 -7.26490319e+00 -7.26485120e+00 -7.26485020e+00
 -1.10634445e+00 -9.52114279e-01 -8.87006421e-01 -8.45227594e-01
 -7.98832230e-01 -7.10919801e-01 -7.04202714e-01 -5.80236091e-01
 -5.37128153e-01 -5.15551411e-01 -4.77841881e-01 -4.77428606e-01
 -4.68849158e-01 -4.35734512e-01 -4.14635652e-01 -3.96934937e-01
 -3.93944407e-01 -3.52453074e-01 -3.51202667e-01 -3.41455588e-01
 -3.19356919e-01 -2.97640116e-01 -1.10431859e-01 -8.17355022e-02
  1.09686038e-03  3.47006225e-02  4.82721670e-02  5.13601210e-02
  5.65528965e-02  7.63615029e-02  8.19450132e-02  1.00826772e-01
  1.01414020e-01  1.21711292e-01  1.90757234e-01  2.06508302e-01
  2.26240885e-01  2.33542176e-01  2.52714645e-01  2.54680268e-01
  2.63600478e-01  2.66923319e-01  2.83577099e-01  2.87874207e-01
  3.27902469e-01  3.35846764e-01  3.54938144e-01  3.66243713e-01
  3.72976451e-01  3.86987350e-01  4.03652506e-01  4.21957620e-01
  4.31042010e-01  4.42447197e-01  4.76413543e-01  4.77121878e-01
  4.80068501e-01  5.22909968e-01  5.27958877e-01  5.44973783e-01
  5.51958423e-01  5.53685835e-01  5.54114413e-01  5.72628288e-01
  5.98427539e-01  6.15020433e-01  6.64199148e-01  6.85676877e-01
  7.01042935e-01  7.08484503e-01  7.24580294e-01  7.36821500e-01
  7.71656320e-01  7.96615799e-01  8.12199377e-01  8.13427337e-01
  8.21278624e-01  8.27809256e-01  8.55631941e-01  8.92790400e-01
  9.15008215e-01  9.58183525e-01  9.68822302e-01  1.00787835e+00
  1.01643272e+00  1.02321970e+00  1.02955358e+00  1.06128551e+00
  1.09788117e+00  1.14534044e+00  1.22163376e+00  1.27899306e+00
  1.33617962e+00  1.34250028e+00  1.38160497e+00  1.39352521e+00
  1.40762732e+00  1.43225999e+00  1.43672161e+00  1.46373639e+00
  1.48230575e+00  1.49744202e+00  1.52182838e+00  1.53273201e+00
  1.59759636e+00  1.61703250e+00  1.63779647e+00  1.66523340e+00
  1.67505111e+00  1.67545860e+00  1.71756053e+00  1.72865958e+00
  1.73626595e+00  1.76959037e+00  1.78799104e+00  1.84004082e+00
  1.84469358e+00  1.84735015e+00  1.88111918e+00  1.89562763e+00
  1.97028837e+00  1.99464747e+00  2.00621327e+00  2.04454986e+00
  2.04586180e+00  2.08142170e+00  2.08331710e+00  2.13945579e+00
  2.16893107e+00  2.16920569e+00  2.19485689e+00  2.25268392e+00
  2.27596061e+00  2.30777514e+00  2.32505619e+00  2.35446828e+00
  2.39076484e+00  2.39247107e+00  2.44062710e+00  2.45890276e+00
  2.45930129e+00  2.50277608e+00  2.52121648e+00  2.53272590e+00
  2.55164583e+00  2.58660431e+00  2.59391156e+00  2.61448547e+00
  2.61996739e+00  2.65474643e+00  2.68309428e+00  2.69171355e+00
  2.70408145e+00  2.79499195e+00  2.83948179e+00  2.86765915e+00
  2.91265510e+00  2.91553139e+00  2.96886730e+00  3.10490199e+00
  3.21460359e+00  3.31349478e+00  3.34664983e+00  3.39179394e+00
  3.57205935e+00  3.62711302e+00  3.64808724e+00  3.68875679e+00
  3.75070129e+00  3.83279875e+00  3.91208043e+00  3.95717856e+00
  4.03479396e+00  4.31758933e+00  4.71092673e+00  5.13320063e+00
  9.38043672e+00  2.35291798e+01  2.38069322e+01  2.38113307e+01
  2.39378008e+01  2.40257878e+01  2.40658698e+01  2.53472630e+01
  2.53537416e+01  2.56112900e+01  3.55271308e+01  2.15420842e+02]
nelec by numeric integration = 67.99999994286962
    CPU time for vxc     83.67 sec, wall time      2.99 sec
E1 = -1778.4608009229921  Ecoul = 721.630910795285  Exc = -70.71736784399444
cycle= 1 E= -748.09928216628  delta_E= 0.958  |g|= 0.588  |ddm|= 3.23
    CPU time for cycle= 1     85.37 sec, wall time      3.05 sec
  HOMO = -0.0515257059133552  LUMO = -0.0331418997288953
  mo_energy =
[-1.01011375e+02 -1.46720825e+01 -1.03595841e+01 -1.03568147e+01
 -1.02130757e+01 -1.01939045e+01 -1.01923838e+01 -1.01921666e+01
 -8.97331797e+00 -6.72690267e+00 -6.72668336e+00 -6.72667180e+00
 -1.16375928e+00 -9.02157570e-01 -8.97575627e-01 -7.83822952e-01
 -7.57374242e-01 -7.17338855e-01 -6.21880890e-01 -5.98701874e-01
 -5.90952044e-01 -5.58657058e-01 -5.39069643e-01 -5.29716145e-01
 -4.56677186e-01 -4.44996142e-01 -4.41293460e-01 -4.27160076e-01
 -4.26039093e-01 -3.77527813e-01 -3.70314193e-01 -1.64900138e-01
 -1.07950166e-01 -5.15257059e-02 -3.31418997e-02 -3.20147352e-02
 -1.58890241e-02  1.09473369e-02  1.77059833e-02  3.86992465e-02
  4.53746386e-02  5.37533189e-02  6.73698283e-02  8.27044238e-02
  1.12422302e-01  1.32330875e-01  1.51491255e-01  1.74770568e-01
  1.95960867e-01  2.11932754e-01  2.21950019e-01  2.37737717e-01
  2.41761017e-01  2.75497182e-01  2.86673144e-01  3.20342326e-01
  3.43862279e-01  3.51980521e-01  3.52786640e-01  3.69093151e-01
  3.76482125e-01  4.02521758e-01  4.12018439e-01  4.32525162e-01
  4.44314277e-01  4.58895289e-01  4.86076645e-01  5.04564936e-01
  5.05978679e-01  5.14261430e-01  5.20657164e-01  5.37725807e-01
  5.49741630e-01  5.67414679e-01  5.78338622e-01  5.85005065e-01
  5.94270262e-01  6.12272603e-01  6.50007444e-01  6.68404676e-01
  6.80811118e-01  6.90099334e-01  7.01186930e-01  7.36464018e-01
  7.45489211e-01  8.18416882e-01  8.63180296e-01  8.68357616e-01
  9.05462843e-01  9.33869526e-01  9.45740359e-01  9.80219466e-01
  1.00060817e+00  1.00115299e+00  1.01576427e+00  1.03077852e+00
  1.08023538e+00  1.17690720e+00  1.21222252e+00  1.21628759e+00
  1.21738338e+00  1.22019096e+00  1.22969174e+00  1.28826777e+00
  1.30875913e+00  1.33119851e+00  1.34266867e+00  1.39979593e+00
  1.40119299e+00  1.43105326e+00  1.44124027e+00  1.45944861e+00
  1.47347599e+00  1.48168773e+00  1.49468412e+00  1.50013244e+00
  1.57349265e+00  1.57983728e+00  1.59519953e+00  1.61463846e+00
  1.65045480e+00  1.65206171e+00  1.67804193e+00  1.68646104e+00
  1.74837483e+00  1.75217337e+00  1.76924870e+00  1.81136076e+00
  1.83902192e+00  1.84500450e+00  1.85608943e+00  1.94366424e+00
  1.94696448e+00  1.98231038e+00  1.99733587e+00  2.00201338e+00
  2.02011085e+00  2.12263797e+00  2.15678978e+00  2.16978325e+00
  2.17757576e+00  2.22921709e+00  2.28572825e+00  2.33146224e+00
  2.34691542e+00  2.37590671e+00  2.38640803e+00  2.41401493e+00
  2.41808697e+00  2.43776822e+00  2.46713946e+00  2.47486767e+00
  2.47942105e+00  2.50447759e+00  2.52053706e+00  2.53188161e+00
  2.54746438e+00  2.55244496e+00  2.56695598e+00  2.57984499e+00
  2.60574557e+00  2.61095023e+00  2.64221492e+00  2.67087950e+00
  2.67543630e+00  2.76207235e+00  2.77607786e+00  2.83550996e+00
  2.85880489e+00  2.91203937e+00  3.02818402e+00  3.12708836e+00
  3.20290086e+00  3.30398628e+00  3.34104025e+00  3.40308357e+00
  3.47040817e+00  3.57603089e+00  3.57830896e+00  3.62031253e+00
  3.76468502e+00  3.77814991e+00  3.90242067e+00  3.95937306e+00
  4.01409852e+00  4.29085904e+00  4.57440573e+00  5.00755031e+00
  9.87520939e+00  2.35330059e+01  2.37677791e+01  2.38818070e+01
  2.39249702e+01  2.40530838e+01  2.41202293e+01  2.58258456e+01
  2.58322461e+01  2.60885283e+01  3.52534769e+01  2.15893674e+02]
nelec by numeric integration = 67.99999986929173
    CPU time for vxc     83.74 sec, wall time      3.00 sec
E1 = -1774.8824154022504  Ecoul = 723.4697675698993  Exc = -70.44154197946628
cycle= 2 E= -742.406214006396  delta_E= 5.69  |g|= 3.01  |ddm|= 4.44
    CPU time for cycle= 2     85.35 sec, wall time      3.06 sec
  HOMO = -0.178686242201956  LUMO = -0.086773503749798
  mo_energy =
[-1.01310283e+02 -1.45120716e+01 -1.02422710e+01 -1.02408106e+01
 -1.01861391e+01 -1.01362377e+01 -1.01143707e+01 -1.01143325e+01
 -9.24036144e+00 -6.99720854e+00 -6.99719678e+00 -6.99594742e+00
 -1.05411771e+00 -8.19813662e-01 -8.07071974e-01 -7.33084087e-01
 -6.72558123e-01 -6.47415206e-01 -6.32672767e-01 -5.63036535e-01
 -5.17584063e-01 -5.02007858e-01 -5.00189641e-01 -4.65576862e-01
 -4.64869613e-01 -4.20311625e-01 -4.08323813e-01 -3.80694338e-01
 -3.72188804e-01 -3.08867856e-01 -2.89761046e-01 -1.81329247e-01
 -1.79038934e-01 -1.78686242e-01 -8.67735037e-02 -3.84727960e-02
  1.42171493e-02  4.84867553e-02  5.02095966e-02  7.76482686e-02
  8.90597091e-02  9.07006639e-02  1.00062371e-01  1.13107967e-01
  1.32515375e-01  1.34052845e-01  2.05437479e-01  2.25972788e-01
  2.56633528e-01  2.62220725e-01  2.67559270e-01  2.76393149e-01
  2.82356308e-01  3.32817197e-01  3.41541179e-01  3.64097259e-01
  3.69062145e-01  3.81366549e-01  3.92492669e-01  4.09638019e-01
  4.10801313e-01  4.16645964e-01  4.25676452e-01  4.40093786e-01
  4.61851976e-01  4.65280803e-01  4.92810429e-01  5.02115578e-01
  5.23941576e-01  5.56597971e-01  5.58012053e-01  5.71215130e-01
  5.83798946e-01  5.84615916e-01  5.97224452e-01  6.31883422e-01
  6.41750613e-01  6.60469754e-01  6.79663895e-01  7.17246768e-01
  7.24234048e-01  7.46678192e-01  7.58409593e-01  7.79753692e-01
  8.03175627e-01  8.46337352e-01  8.73594100e-01  9.24498684e-01
  9.24542568e-01  9.81171657e-01  1.00266565e+00  1.01598740e+00
  1.02716246e+00  1.02810374e+00  1.03295671e+00  1.04317048e+00
  1.04422115e+00  1.05938721e+00  1.07448231e+00  1.09726127e+00
  1.15470886e+00  1.18515898e+00  1.24087315e+00  1.26107614e+00
  1.35342742e+00  1.36248615e+00  1.41580612e+00  1.42258817e+00
  1.44832063e+00  1.46280994e+00  1.47256485e+00  1.50739969e+00
  1.52294085e+00  1.52775888e+00  1.55119466e+00  1.56037559e+00
  1.61695104e+00  1.62949262e+00  1.65614936e+00  1.68560342e+00
  1.69048310e+00  1.70210690e+00  1.74184130e+00  1.74348581e+00
  1.76600051e+00  1.78844605e+00  1.82614790e+00  1.86839738e+00
  1.90360007e+00  1.91226647e+00  1.92316851e+00  1.96577019e+00
  2.00646513e+00  2.03455148e+00  2.03484939e+00  2.07086636e+00
  2.07633063e+00  2.15682547e+00  2.21218892e+00  2.21232732e+00
  2.23597948e+00  2.27022630e+00  2.27029924e+00  2.29439709e+00
  2.34042413e+00  2.35041353e+00  2.38090135e+00  2.42502965e+00
  2.42834549e+00  2.44274398e+00  2.46607734e+00  2.46954996e+00
  2.49320903e+00  2.52583381e+00  2.53727765e+00  2.58237424e+00
  2.59798829e+00  2.60885922e+00  2.61883537e+00  2.64000744e+00
  2.64642141e+00  2.67286814e+00  2.72611941e+00  2.72794835e+00
  2.75615219e+00  2.84241786e+00  2.85915227e+00  2.91634312e+00
  2.93358561e+00  2.98951512e+00  3.01582943e+00  3.20163117e+00
  3.26864466e+00  3.37743429e+00  3.42203421e+00  3.47586944e+00
  3.56146204e+00  3.65839737e+00  3.66274629e+00  3.70669749e+00
  3.78860999e+00  3.80094566e+00  3.97573736e+00  4.02858780e+00
  4.09060120e+00  4.37659529e+00  4.67261941e+00  5.11699606e+00
  9.63196801e+00  2.36273975e+01  2.38746798e+01  2.38899854e+01
  2.40186743e+01  2.41382188e+01  2.41998694e+01  2.55916946e+01
  2.55980975e+01  2.58570796e+01  3.54101271e+01  2.15600371e+02]
nelec by numeric integration = 67.99999993309885
    CPU time for vxc     83.72 sec, wall time      2.99 sec
E1 = -1773.248126966079  Ecoul = 715.9387058164981  Exc = -70.26873694872401
cycle= 3 E= -748.130182292883  delta_E= -5.72  |g|= 0.538  |ddm|= 4.13
    CPU time for cycle= 3     85.35 sec, wall time      3.05 sec
  HOMO = -0.150954816843845  LUMO = -0.124865158982373
  mo_energy =
[-1.01312779e+02 -1.44224788e+01 -1.02920297e+01 -1.02870866e+01
 -1.02855448e+01 -1.02710187e+01 -1.02706056e+01 -1.02107961e+01
 -9.23236390e+00 -6.99004535e+00 -6.99004059e+00 -6.98970120e+00
 -1.04703983e+00 -9.03165924e-01 -8.50374725e-01 -7.50265199e-01
 -7.20320306e-01 -6.95085719e-01 -6.12152139e-01 -5.97099129e-01
 -5.74704717e-01 -5.46104165e-01 -5.13243175e-01 -5.04430922e-01
 -5.01894423e-01 -4.46266056e-01 -4.33432981e-01 -4.25798585e-01
 -4.16773613e-01 -3.63357956e-01 -3.47213491e-01 -1.53364651e-01
 -1.51171006e-01 -1.50954817e-01 -1.24865159e-01 -9.50826925e-02
 -1.13205204e-02  2.60193470e-02  3.35130844e-02  4.74730102e-02
  5.94018376e-02  6.93850195e-02  9.53946929e-02  1.00180761e-01
  1.35849981e-01  1.36116536e-01  1.86926068e-01  1.93391526e-01
  2.06841405e-01  2.19880121e-01  2.42562754e-01  2.67066144e-01
  2.68001609e-01  3.07113808e-01  3.09628488e-01  3.22878552e-01
  3.49168459e-01  3.51042813e-01  3.71148559e-01  3.72753158e-01
  3.90297033e-01  4.00263835e-01  4.01317496e-01  4.29938382e-01
  4.31648808e-01  4.54933233e-01  4.61473105e-01  4.78114156e-01
  5.04186685e-01  5.17260824e-01  5.29689758e-01  5.35457938e-01
  5.51129227e-01  5.73442120e-01  5.80783977e-01  5.86648136e-01
  6.00725200e-01  6.47572992e-01  6.61542000e-01  6.74255169e-01
  6.88727472e-01  7.06583007e-01  7.14872830e-01  7.39928557e-01
  7.67251732e-01  8.32830881e-01  8.74057512e-01  8.79695555e-01
  8.93650263e-01  9.42127195e-01  9.46114261e-01  9.86237574e-01
  1.00232397e+00  1.01488900e+00  1.04691558e+00  1.05251329e+00
  1.05820548e+00  1.06157355e+00  1.06385717e+00  1.06994556e+00
  1.11724402e+00  1.19842371e+00  1.23786642e+00  1.26135590e+00
  1.31832935e+00  1.34336978e+00  1.36213845e+00  1.40270570e+00
  1.41836543e+00  1.43509897e+00  1.45701019e+00  1.46466695e+00
  1.48083897e+00  1.49312265e+00  1.51166106e+00  1.51829974e+00
  1.59070553e+00  1.61605050e+00  1.62378177e+00  1.64746688e+00
  1.65271805e+00  1.67219238e+00  1.70043635e+00  1.70164095e+00
  1.76313868e+00  1.76805667e+00  1.78284071e+00  1.82220332e+00
  1.83044591e+00  1.84580552e+00  1.86299992e+00  1.95388412e+00
  1.95765485e+00  2.01157065e+00  2.01186359e+00  2.02356721e+00
  2.06111151e+00  2.14313426e+00  2.15370078e+00  2.17004964e+00
  2.21746544e+00  2.24552087e+00  2.28869044e+00  2.29451368e+00
  2.30876173e+00  2.34606077e+00  2.37563245e+00  2.37659730e+00
  2.43484933e+00  2.44060943e+00  2.44971368e+00  2.45871455e+00
  2.48967627e+00  2.50963804e+00  2.51228929e+00  2.53222433e+00
  2.53720591e+00  2.56281439e+00  2.57238063e+00  2.59179105e+00
  2.61739282e+00  2.64286726e+00  2.67205873e+00  2.68373211e+00
  2.68804505e+00  2.77791182e+00  2.82797880e+00  2.85664243e+00
  2.89716457e+00  2.91094366e+00  3.01936496e+00  3.10665346e+00
  3.21965374e+00  3.31724096e+00  3.34250173e+00  3.38592567e+00
  3.55662537e+00  3.62236290e+00  3.68427110e+00  3.68772387e+00
  3.78907743e+00  3.82921622e+00  3.90174403e+00  3.94316681e+00
  4.02628571e+00  4.30751620e+00  4.70237174e+00  5.11575382e+00
  9.64600468e+00  2.35197423e+01  2.37979986e+01  2.38673989e+01
  2.39203651e+01  2.40203039e+01  2.40609929e+01  2.56089501e+01
  2.56153686e+01  2.58724553e+01  3.54955233e+01  2.15599633e+02]
nelec by numeric integration = 67.99999993984922
    CPU time for vxc     84.34 sec, wall time      3.02 sec
E1 = -1774.221980263891  Ecoul = 716.9291871915013  Exc = -70.35709441134169
cycle= 4 E= -748.20191167831  delta_E= -0.0717  |g|= 0.164  |ddm|= 0.572
    CPU time for cycle= 4     86.01 sec, wall time      3.08 sec
  HOMO = -0.180321317158481  LUMO = -0.130385993144654
  mo_energy =
[-1.01409536e+02 -1.44719867e+01 -1.03059055e+01 -1.03057245e+01
 -1.02687267e+01 -1.02686628e+01 -1.02625899e+01 -1.02444224e+01
 -9.31285660e+00 -7.07231007e+00 -7.07211358e+00 -7.07184445e+00
 -1.06776347e+00 -9.00436416e-01 -8.59260866e-01 -7.61978683e-01
 -7.29239521e-01 -7.04704427e-01 -6.42862296e-01 -6.06685874e-01
 -5.80139309e-01 -5.51144670e-01 -5.20467360e-01 -5.18175749e-01
 -5.11810367e-01 -4.49108440e-01 -4.42563500e-01 -4.35140914e-01
 -4.33306102e-01 -3.69831361e-01 -3.53422631e-01 -1.83730365e-01
 -1.80531878e-01 -1.80321317e-01 -1.30385993e-01 -9.92577358e-02
 -1.28115962e-02  2.29466244e-02  2.94078924e-02  4.40859417e-02
  5.68564417e-02  6.50373925e-02  7.93063992e-02  9.37072547e-02
  1.26330044e-01  1.27169892e-01  1.78897104e-01  1.89164363e-01
  2.05673988e-01  2.15923666e-01  2.37299109e-01  2.56567434e-01
  2.59587646e-01  3.00970024e-01  3.01864929e-01  3.23070936e-01
  3.49720684e-01  3.51080695e-01  3.66102268e-01  3.69876805e-01
  3.78761437e-01  3.91717811e-01  3.92503814e-01  4.16709588e-01
  4.24837712e-01  4.47121044e-01  4.55254798e-01  4.67818434e-01
  5.02857635e-01  5.16657570e-01  5.20739407e-01  5.31193777e-01
  5.40558273e-01  5.64367298e-01  5.73655061e-01  5.79528392e-01
  5.96368671e-01  6.33255554e-01  6.63872923e-01  6.71649795e-01
  6.71672901e-01  7.02121748e-01  7.09128334e-01  7.34414059e-01
  7.60272200e-01  8.20022302e-01  8.61779599e-01  8.71594830e-01
  8.86122185e-01  9.37549103e-01  9.44709851e-01  9.75145560e-01
  9.97600356e-01  1.00862666e+00  1.01937186e+00  1.01971454e+00
  1.02451520e+00  1.03231949e+00  1.04079104e+00  1.04586414e+00
  1.10677083e+00  1.17159705e+00  1.22374918e+00  1.24593253e+00
  1.31312326e+00  1.33044945e+00  1.35815190e+00  1.40004686e+00
  1.41404316e+00  1.42341443e+00  1.45261243e+00  1.45888890e+00
  1.47397911e+00  1.48514845e+00  1.50686051e+00  1.50932118e+00
  1.58336291e+00  1.60574136e+00  1.61589211e+00  1.63925054e+00
  1.65318249e+00  1.66211051e+00  1.69530059e+00  1.69693558e+00
  1.75216430e+00  1.75943941e+00  1.77604821e+00  1.81920340e+00
  1.83237049e+00  1.84780432e+00  1.85772179e+00  1.93975283e+00
  1.95565181e+00  1.99962766e+00  2.00037545e+00  2.01640518e+00
  2.04908241e+00  2.13026265e+00  2.15258242e+00  2.17332935e+00
  2.20040462e+00  2.24039493e+00  2.25651690e+00  2.25733550e+00
  2.29776986e+00  2.32729891e+00  2.36078448e+00  2.37775261e+00
  2.41401899e+00  2.42093275e+00  2.43605712e+00  2.44452678e+00
  2.47713178e+00  2.50079498e+00  2.50373316e+00  2.52465321e+00
  2.53196757e+00  2.56141036e+00  2.56997430e+00  2.59013469e+00
  2.60955463e+00  2.63173650e+00  2.66469371e+00  2.68127395e+00
  2.68407055e+00  2.76692051e+00  2.81692658e+00  2.85046129e+00
  2.89681300e+00  2.89782458e+00  3.00569319e+00  3.10924114e+00
  3.21154963e+00  3.31054835e+00  3.34016634e+00  3.38783847e+00
  3.53761452e+00  3.61032600e+00  3.65984099e+00  3.67151097e+00
  3.77058860e+00  3.80177148e+00  3.89971218e+00  3.94835770e+00
  4.02046750e+00  4.30423017e+00  4.67397967e+00  5.09323701e+00
  9.57764532e+00  2.35206444e+01  2.37873540e+01  2.38355877e+01
  2.39239584e+01  2.40143253e+01  2.40671850e+01  2.55454959e+01
  2.55528409e+01  2.58085783e+01  3.54477428e+01  2.15505779e+02]
nelec by numeric integration = 67.99999994105865
    CPU time for vxc     84.94 sec, wall time      3.04 sec
E1 = -1775.8996407226896  Ecoul = 718.7268913806216  Exc = -70.48169011850297
cycle= 5 E= -748.206463655149  delta_E= -0.00455  |g|= 0.0823  |ddm|= 0.229
    CPU time for cycle= 5     86.56 sec, wall time      3.10 sec
  HOMO = -0.166256737333358  LUMO = -0.130130959954221
  mo_energy =
[-1.01366620e+02 -1.44662873e+01 -1.03009821e+01 -1.02996867e+01
 -1.02766892e+01 -1.02633198e+01 -1.02632548e+01 -1.02324330e+01
 -9.28041927e+00 -7.03890469e+00 -7.03881076e+00 -7.03833229e+00
 -1.06392389e+00 -9.01694176e-01 -8.57196032e-01 -7.59780428e-01
 -7.28535836e-01 -7.03750209e-01 -6.27501083e-01 -6.05948599e-01
 -5.80097336e-01 -5.52018628e-01 -5.19679594e-01 -5.15713183e-01
 -5.12054162e-01 -4.50604080e-01 -4.42209734e-01 -4.33484502e-01
 -4.29948139e-01 -3.70400110e-01 -3.52341749e-01 -1.69495597e-01
 -1.66385719e-01 -1.66256737e-01 -1.30130960e-01 -9.81269208e-02
 -1.42216979e-02  2.18574593e-02  2.83103401e-02  4.34997706e-02
  5.55553447e-02  6.41619554e-02  8.36311334e-02  9.39250556e-02
  1.28484171e-01  1.29931663e-01  1.79598698e-01  1.88345148e-01
  2.04087175e-01  2.15070543e-01  2.36776653e-01  2.58057825e-01
  2.60186829e-01  3.01239444e-01  3.01831069e-01  3.21655464e-01
  3.48031242e-01  3.48773476e-01  3.66287275e-01  3.69747092e-01
  3.85744018e-01  3.96269728e-01  3.96270363e-01  4.20116084e-01
  4.26903019e-01  4.48629518e-01  4.55646857e-01  4.71356547e-01
  5.01622665e-01  5.15010747e-01  5.23898086e-01  5.30688945e-01
  5.41315093e-01  5.66108419e-01  5.76961098e-01  5.79013766e-01
  5.95417532e-01  6.37730784e-01  6.61159288e-01  6.70360215e-01
  6.73439244e-01  7.01144662e-01  7.09212653e-01  7.34883811e-01
  7.60023478e-01  8.24112750e-01  8.69554038e-01  8.70762167e-01
  8.86475931e-01  9.37488749e-01  9.43791375e-01  9.76212014e-01
  9.97307276e-01  1.00860368e+00  1.03669691e+00  1.03684953e+00
  1.03871260e+00  1.04467464e+00  1.04702247e+00  1.05112376e+00
  1.10685102e+00  1.18278006e+00  1.22628956e+00  1.24829871e+00
  1.31341939e+00  1.33230293e+00  1.35794866e+00  1.39962558e+00
  1.41334398e+00  1.42518299e+00  1.45225341e+00  1.45933328e+00
  1.47301462e+00  1.48565681e+00  1.50573153e+00  1.51009212e+00
  1.58269040e+00  1.60626380e+00  1.61555281e+00  1.63937291e+00
  1.65056815e+00  1.66266128e+00  1.69447690e+00  1.69612270e+00
  1.75413850e+00  1.75960726e+00  1.77625450e+00  1.81766416e+00
  1.82999372e+00  1.84535182e+00  1.85754177e+00  1.94357618e+00
  1.95431441e+00  2.00163670e+00  2.00185009e+00  2.01664814e+00
  2.05058207e+00  2.13280102e+00  2.15121950e+00  2.17001639e+00
  2.20349660e+00  2.24074257e+00  2.27288633e+00  2.27419985e+00
  2.29932533e+00  2.33277301e+00  2.36326633e+00  2.37501399e+00
  2.42365252e+00  2.42424763e+00  2.43769149e+00  2.44652202e+00
  2.47929711e+00  2.50149570e+00  2.50517838e+00  2.52672365e+00
  2.52945336e+00  2.55930740e+00  2.56775667e+00  2.58772990e+00
  2.60960262e+00  2.63246535e+00  2.66667450e+00  2.68116008e+00
  2.68121946e+00  2.76920480e+00  2.81797430e+00  2.85181038e+00
  2.89699739e+00  2.89855588e+00  3.00853572e+00  3.10793207e+00
  3.21385970e+00  3.31209965e+00  3.34040278e+00  3.38609100e+00
  3.54010891e+00  3.61275671e+00  3.66407779e+00  3.67415139e+00
  3.77492792e+00  3.80602340e+00  3.89941784e+00  3.94487389e+00
  4.02084552e+00  4.30351483e+00  4.67882620e+00  5.09629167e+00
  9.60577521e+00  2.35213247e+01  2.37923943e+01  2.38467853e+01
  2.39205803e+01  2.40193460e+01  2.40668556e+01  2.55719260e+01
  2.55792901e+01  2.58345071e+01  3.54533752e+01  2.15547153e+02]
nelec by numeric integration = 67.99999994037849
    CPU time for vxc     83.64 sec, wall time      3.00 sec
E1 = -1775.2748999342211  Ecoul = 718.0506260476818  Exc = -70.43221558621373
cycle= 6 E= -748.208513667331  delta_E= -0.00205  |g|= 0.0154  |ddm|= 0.159
    CPU time for cycle= 6     85.29 sec, wall time      3.06 sec
  HOMO = -0.166653928955751  LUMO = -0.128270737504781
  mo_energy =
[-1.01364266e+02 -1.44623952e+01 -1.02994171e+01 -1.02989172e+01
 -1.02693478e+01 -1.02638284e+01 -1.02635772e+01 -1.02299459e+01
 -9.27880714e+00 -7.03722076e+00 -7.03720098e+00 -7.03654692e+00
 -1.06243925e+00 -8.99771525e-01 -8.56286688e-01 -7.58135482e-01
 -7.27084821e-01 -7.02406936e-01 -6.27359557e-01 -6.04564575e-01
 -5.78434363e-01 -5.50973371e-01 -5.18914929e-01 -5.14420130e-01
 -5.09893802e-01 -4.49102144e-01 -4.40659385e-01 -4.32343396e-01
 -4.29010295e-01 -3.68562478e-01 -3.51606383e-01 -1.69597655e-01
 -1.66697182e-01 -1.66653929e-01 -1.28270738e-01 -9.70870434e-02
 -1.32681656e-02  2.23909028e-02  2.91990205e-02  4.49346574e-02
  5.64306193e-02  6.47520767e-02  8.47746921e-02  9.44877053e-02
  1.29033379e-01  1.30208967e-01  1.80744822e-01  1.89664063e-01
  2.05350078e-01  2.16179664e-01  2.37699486e-01  2.58614843e-01
  2.60898658e-01  3.01987442e-01  3.02698239e-01  3.22808540e-01
  3.49289963e-01  3.50186428e-01  3.66913298e-01  3.70828265e-01
  3.85547411e-01  3.96520615e-01  3.96715170e-01  4.20934207e-01
  4.27496774e-01  4.49511748e-01  4.56330640e-01  4.71625108e-01
  5.02660658e-01  5.16531274e-01  5.24400918e-01  5.31534371e-01
  5.42158762e-01  5.67032262e-01  5.77614452e-01  5.79949446e-01
  5.96641306e-01  6.38509977e-01  6.62587146e-01  6.71631640e-01
  6.74647717e-01  7.02246629e-01  7.10223601e-01  7.35770850e-01
  7.60949986e-01  8.24699188e-01  8.69894672e-01  8.72061909e-01
  8.87470553e-01  9.38649463e-01  9.45338302e-01  9.77136805e-01
  9.98214130e-01  1.01017910e+00  1.03669043e+00  1.03701941e+00
  1.03906667e+00  1.04505550e+00  1.04746802e+00  1.05153184e+00
  1.10805978e+00  1.18313670e+00  1.22719283e+00  1.24935115e+00
  1.31463654e+00  1.33313219e+00  1.35906632e+00  1.40077799e+00
  1.41496379e+00  1.42567714e+00  1.45370513e+00  1.46052878e+00
  1.47417406e+00  1.48673712e+00  1.50711448e+00  1.51119892e+00
  1.58385564e+00  1.60713827e+00  1.61662458e+00  1.64046007e+00
  1.65199371e+00  1.66387733e+00  1.69518585e+00  1.69710183e+00
  1.75490362e+00  1.76071361e+00  1.77739678e+00  1.81886197e+00
  1.83155267e+00  1.84722892e+00  1.85877274e+00  1.94422702e+00
  1.95611297e+00  2.00248556e+00  2.00286491e+00  2.01760607e+00
  2.05173145e+00  2.13367025e+00  2.15267204e+00  2.17176878e+00
  2.20454748e+00  2.24145275e+00  2.27329491e+00  2.27413735e+00
  2.30038066e+00  2.33359239e+00  2.36437938e+00  2.37678014e+00
  2.42430944e+00  2.42472478e+00  2.43914220e+00  2.44751331e+00
  2.47998697e+00  2.50271325e+00  2.50655608e+00  2.52799705e+00
  2.53078532e+00  2.56032002e+00  2.56889661e+00  2.58910985e+00
  2.61090325e+00  2.63372770e+00  2.66746076e+00  2.68248951e+00
  2.68387763e+00  2.77004072e+00  2.81973625e+00  2.85268713e+00
  2.89860884e+00  2.90008513e+00  3.00920216e+00  3.10987702e+00
  3.21519624e+00  3.31367322e+00  3.34175597e+00  3.38795552e+00
  3.54145470e+00  3.61430865e+00  3.66569469e+00  3.67535839e+00
  3.77610079e+00  3.80784856e+00  3.90045691e+00  3.94702488e+00
  4.02206011e+00  4.30547785e+00  4.68093423e+00  5.09822238e+00
  9.60688052e+00  2.35233356e+01  2.37930178e+01  2.38491865e+01
  2.39244402e+01  2.40195790e+01  2.40687619e+01  2.55726015e+01
  2.55803476e+01  2.58354537e+01  3.54571207e+01  2.15549380e+02]
nelec by numeric integration = 67.99999994024965
    CPU time for vxc     83.10 sec, wall time      2.97 sec
E1 = -1775.2043474275574  Ecoul = 717.9734146818757  Exc = -70.4255948950264
cycle= 7 E= -748.208551835286  delta_E= -3.82e-05  |g|= 0.00843  |ddm|= 0.0128
    CPU time for cycle= 7     84.79 sec, wall time      3.03 sec
  HOMO = -0.168375144893373  LUMO = -0.127762624775939
  mo_energy =
[-1.01367344e+02 -1.44621844e+01 -1.02983165e+01 -1.02974593e+01
 -1.02699117e+01 -1.02624508e+01 -1.02623569e+01 -1.02306775e+01
 -9.28137337e+00 -7.03989500e+00 -7.03978803e+00 -7.03911198e+00
 -1.06190459e+00 -8.99182567e-01 -8.55278198e-01 -7.57971292e-01
 -7.26306260e-01 -7.01725950e-01 -6.28884663e-01 -6.04253282e-01
 -5.77617098e-01 -5.50005938e-01 -5.17911214e-01 -5.13918360e-01
 -5.09689517e-01 -4.48277237e-01 -4.40070296e-01 -4.32187905e-01
 -4.29127850e-01 -3.68172038e-01 -3.50609785e-01 -1.71231137e-01
 -1.68427191e-01 -1.68375145e-01 -1.27762625e-01 -9.61200995e-02
 -1.27218462e-02  2.30257588e-02  2.95688873e-02  4.56673565e-02
  5.68615623e-02  6.52761192e-02  8.47748589e-02  9.47662045e-02
  1.29081433e-01  1.30041968e-01  1.81313360e-01  1.90217822e-01
  2.06032283e-01  2.16805323e-01  2.38362942e-01  2.58787626e-01
  2.61322752e-01  3.02652074e-01  3.03451224e-01  3.23427046e-01
  3.49891606e-01  3.50815120e-01  3.67640449e-01  3.71255825e-01
  3.84667114e-01  3.96156139e-01  3.96434714e-01  4.21167551e-01
  4.27266448e-01  4.49846991e-01  4.56939290e-01  4.71556287e-01
  5.03235672e-01  5.17104815e-01  5.24239611e-01  5.32236594e-01
  5.42879621e-01  5.67099658e-01  5.77452448e-01  5.80642721e-01
  5.97128639e-01  6.38365841e-01  6.63255516e-01  6.72120694e-01
  6.75054520e-01  7.02870682e-01  7.10892995e-01  7.36240090e-01
  7.61708389e-01  8.24726501e-01  8.69215227e-01  8.72770512e-01
  8.87913561e-01  9.38931583e-01  9.46184915e-01  9.77617283e-01
  9.99153785e-01  1.01059272e+00  1.03493992e+00  1.03517742e+00
  1.03802342e+00  1.04449132e+00  1.04643924e+00  1.05089681e+00
  1.10894805e+00  1.18207035e+00  1.22737650e+00  1.24965946e+00
  1.31518646e+00  1.33356717e+00  1.35992064e+00  1.40140055e+00
  1.41554547e+00  1.42557219e+00  1.45438001e+00  1.46085042e+00
  1.47460388e+00  1.48710959e+00  1.50784158e+00  1.51174667e+00
  1.58435850e+00  1.60771160e+00  1.61740166e+00  1.64130511e+00
  1.65258790e+00  1.66433774e+00  1.69613139e+00  1.69794944e+00
  1.75496826e+00  1.76107757e+00  1.77799467e+00  1.81960558e+00
  1.83230219e+00  1.84784765e+00  1.85967833e+00  1.94421743e+00
  1.95683226e+00  2.00288565e+00  2.00315096e+00  2.01839739e+00
  2.05222710e+00  2.13389352e+00  2.15322217e+00  2.17242330e+00
  2.20476534e+00  2.24238057e+00  2.27193349e+00  2.27220413e+00
  2.30079374e+00  2.33326468e+00  2.36466345e+00  2.37751459e+00
  2.42378814e+00  2.42423897e+00  2.43969211e+00  2.44783148e+00
  2.48018198e+00  2.50325728e+00  2.50706106e+00  2.52838134e+00
  2.53143909e+00  2.56116038e+00  2.56962454e+00  2.58992854e+00
  2.61138338e+00  2.63439254e+00  2.66837777e+00  2.68302799e+00
  2.68445643e+00  2.77103070e+00  2.82031847e+00  2.85363761e+00
  2.89937831e+00  2.90067952e+00  3.00909605e+00  3.11050344e+00
  3.21580610e+00  3.31419358e+00  3.34263139e+00  3.38864539e+00
  3.54222562e+00  3.61481758e+00  3.66570166e+00  3.67613925e+00
  3.77596397e+00  3.80792932e+00  3.90143629e+00  3.94772927e+00
  4.02297792e+00  4.30619561e+00  4.68116180e+00  5.09884850e+00
  9.60448083e+00  2.35241649e+01  2.37942715e+01  2.38485066e+01
  2.39248747e+01  2.40208441e+01  2.40695316e+01  2.55701410e+01
  2.55781009e+01  2.58331812e+01  3.54573418e+01  2.15546374e+02]
nelec by numeric integration = 67.99999994022642
    CPU time for vxc     82.63 sec, wall time      2.95 sec
E1 = -1775.2322742676204  Ecoul = 718.0037551700542  Exc = -70.42803422459458
cycle= 8 E= -748.208577516739  delta_E= -2.57e-05  |g|= 0.00168  |ddm|= 0.0132
    CPU time for cycle= 8     84.25 sec, wall time      3.01 sec
  HOMO = -0.168850678433846  LUMO = -0.127521381051667
  mo_energy =
[-1.01367618e+02 -1.44619423e+01 -1.02983259e+01 -1.02976722e+01
 -1.02695755e+01 -1.02621944e+01 -1.02619431e+01 -1.02308922e+01
 -9.28172550e+00 -7.04025109e+00 -7.04012312e+00 -7.03945109e+00
 -1.06167823e+00 -8.98825688e-01 -8.55040991e-01 -7.57876010e-01
 -7.26024767e-01 -7.01563444e-01 -6.29301944e-01 -6.04106520e-01
 -5.77343383e-01 -5.49722103e-01 -5.17661866e-01 -5.13726049e-01
 -5.09499967e-01 -4.47967600e-01 -4.39870020e-01 -4.32129659e-01
 -4.29213330e-01 -3.67920529e-01 -3.50349661e-01 -1.71713104e-01
 -1.68938815e-01 -1.68850678e-01 -1.27521381e-01 -9.58488256e-02
 -1.24878456e-02  2.32381175e-02  2.97122603e-02  4.59460586e-02
  5.70435753e-02  6.54374582e-02  8.48062472e-02  9.48526026e-02
  1.29076967e-01  1.29938872e-01  1.81483984e-01  1.90462363e-01
  2.06341652e-01  2.17043983e-01  2.38608434e-01  2.58818221e-01
  2.61444701e-01  3.02869797e-01  3.03699409e-01  3.23720054e-01
  3.50145967e-01  3.51123888e-01  3.67874276e-01  3.71459002e-01
  3.84345568e-01  3.96024577e-01  3.96362364e-01  4.21219548e-01
  4.27250059e-01  4.49926412e-01  4.57134232e-01  4.71493160e-01
  5.03490083e-01  5.17353472e-01  5.24144859e-01  5.32497577e-01
  5.43028615e-01  5.67115038e-01  5.77368585e-01  5.80909029e-01
  5.97309727e-01  6.38297351e-01  6.63573385e-01  6.72344902e-01
  6.75244291e-01  7.03125180e-01  7.11106392e-01  7.36419237e-01
  7.61973233e-01  8.24726748e-01  8.69045049e-01  8.73052814e-01
  8.88127697e-01  9.39127506e-01  9.46510074e-01  9.77803230e-01
  9.99447648e-01  1.01079041e+00  1.03446567e+00  1.03465592e+00
  1.03771765e+00  1.04445147e+00  1.04611954e+00  1.05084404e+00
  1.10920499e+00  1.18178702e+00  1.22741120e+00  1.24979553e+00
  1.31543790e+00  1.33366205e+00  1.36020233e+00  1.40163798e+00
  1.41580577e+00  1.42546135e+00  1.45463435e+00  1.46096484e+00
  1.47477497e+00  1.48723015e+00  1.50811776e+00  1.51192376e+00
  1.58451445e+00  1.60787246e+00  1.61763631e+00  1.64154125e+00
  1.65288449e+00  1.66449114e+00  1.69643143e+00  1.69822178e+00
  1.75494887e+00  1.76119349e+00  1.77820601e+00  1.81985512e+00
  1.83263779e+00  1.84815694e+00  1.85996529e+00  1.94419531e+00
  1.95714720e+00  2.00297194e+00  2.00325144e+00  2.01866408e+00
  2.05237035e+00  2.13392506e+00  2.15350054e+00  2.17276668e+00
  2.20481930e+00  2.24265119e+00  2.27157546e+00  2.27172784e+00
  2.30093821e+00  2.33312795e+00  2.36471396e+00  2.37784251e+00
  2.42352355e+00  2.42414652e+00  2.43988370e+00  2.44788983e+00
  2.48019206e+00  2.50341258e+00  2.50719267e+00  2.52853736e+00
  2.53172773e+00  2.56147985e+00  2.56990310e+00  2.59025009e+00
  2.61154036e+00  2.63460285e+00  2.66864920e+00  2.68321630e+00
  2.68471305e+00  2.77123142e+00  2.82055505e+00  2.85390473e+00
  2.89970151e+00  2.90085005e+00  3.00899832e+00  3.11079163e+00
  3.21598828e+00  3.31440789e+00  3.34289286e+00  3.38896288e+00
  3.54239085e+00  3.61503959e+00  3.66573035e+00  3.67627334e+00
  3.77588415e+00  3.80801625e+00  3.90173814e+00  3.94808190e+00
  4.02322668e+00  4.30650643e+00  4.68132094e+00  5.09908925e+00
  9.60407849e+00  2.35243479e+01  2.37943449e+01  2.38483060e+01
  2.39250063e+01  2.40210242e+01  2.40698132e+01  2.55696914e+01
  2.55776836e+01  2.58327762e+01  3.54575836e+01  2.15546088e+02]
nelec by numeric integration = 67.99999994023365
    CPU time for vxc     85.23 sec, wall time      3.06 sec
E1 = -1775.2345252523876  Ecoul = 718.0063090930045  Exc = -70.42833842154465
cycle= 9 E= -748.208578775506  delta_E= -1.26e-06  |g|= 0.000807  |ddm|= 0.00433
    CPU time for cycle= 9     86.88 sec, wall time      3.12 sec
  HOMO = -0.168889552595782  LUMO = -0.127523861660183
  mo_energy =
[-1.01367735e+02 -1.44621315e+01 -1.02982709e+01 -1.02974459e+01
 -1.02695697e+01 -1.02622538e+01 -1.02621465e+01 -1.02308448e+01
 -9.28182509e+00 -7.04035019e+00 -7.04022477e+00 -7.03955553e+00
 -1.06169004e+00 -8.98855610e-01 -8.55032508e-01 -7.57878856e-01
 -7.26039700e-01 -7.01560523e-01 -6.29344156e-01 -6.04104827e-01
 -5.77358352e-01 -5.49734567e-01 -5.17651217e-01 -5.13732055e-01
 -5.09518990e-01 -4.47985668e-01 -4.39879583e-01 -4.32129192e-01
 -4.29207654e-01 -3.67942608e-01 -3.50342440e-01 -1.71756601e-01
 -1.68979585e-01 -1.68889553e-01 -1.27523862e-01 -9.58517875e-02
 -1.24882904e-02  2.32400255e-02  2.97223254e-02  4.59341780e-02
  5.70417010e-02  6.54460502e-02  8.48009170e-02  9.48617142e-02
  1.29076058e-01  1.29948230e-01  1.81497089e-01  1.90450138e-01
  2.06323582e-01  2.17046067e-01  2.38606970e-01  2.58823613e-01
  2.61456427e-01  3.02869928e-01  3.03697806e-01  3.23717234e-01
  3.50144196e-01  3.51120153e-01  3.67880957e-01  3.71444768e-01
  3.84329116e-01  3.96018729e-01  3.96356143e-01  4.21233235e-01
  4.27247583e-01  4.49920532e-01  4.57138966e-01  4.71494459e-01
  5.03479852e-01  5.17354381e-01  5.24143304e-01  5.32478383e-01
  5.43047908e-01  5.67121408e-01  5.77377759e-01  5.80889308e-01
  5.97313838e-01  6.38292876e-01  6.63557409e-01  6.72339701e-01
  6.75231299e-01  7.03132948e-01  7.11103658e-01  7.36415367e-01
  7.61974909e-01  8.24725703e-01  8.69024302e-01  8.73045776e-01
  8.88117699e-01  9.39119321e-01  9.46499965e-01  9.77809970e-01
  9.99447566e-01  1.01078739e+00  1.03442003e+00  1.03460765e+00
  1.03768549e+00  1.04443689e+00  1.04607932e+00  1.05082846e+00
  1.10922161e+00  1.18175681e+00  1.22741069e+00  1.24978721e+00
  1.31542734e+00  1.33366984e+00  1.36020209e+00  1.40162831e+00
  1.41580559e+00  1.42546506e+00  1.45463271e+00  1.46096100e+00
  1.47477662e+00  1.48723256e+00  1.50811577e+00  1.51191932e+00
  1.58452057e+00  1.60788121e+00  1.61763990e+00  1.64155308e+00
  1.65287200e+00  1.66449566e+00  1.69643744e+00  1.69821934e+00
  1.75495567e+00  1.76120532e+00  1.77820059e+00  1.81985873e+00
  1.83261670e+00  1.84814032e+00  1.85996767e+00  1.94418665e+00
  1.95712663e+00  2.00297671e+00  2.00324938e+00  2.01866550e+00
  2.05238481e+00  2.13392935e+00  2.15348665e+00  2.17274793e+00
  2.20482340e+00  2.24264942e+00  2.27152753e+00  2.27168337e+00
  2.30092963e+00  2.33312938e+00  2.36472496e+00  2.37782739e+00
  2.42349988e+00  2.42415531e+00  2.43986846e+00  2.44790850e+00
  2.48020184e+00  2.50342523e+00  2.50720734e+00  2.52851527e+00
  2.53171126e+00  2.56146183e+00  2.56989869e+00  2.59023865e+00
  2.61155660e+00  2.63460632e+00  2.66861949e+00  2.68321669e+00
  2.68474059e+00  2.77124822e+00  2.82054819e+00  2.85390637e+00
  2.89967739e+00  2.90085170e+00  3.00899982e+00  3.11076391e+00
  3.21597627e+00  3.31438585e+00  3.34288857e+00  3.38894529e+00
  3.54240814e+00  3.61502445e+00  3.66570313e+00  3.67630770e+00
  3.77589291e+00  3.80797163e+00  3.90172303e+00  3.94805955e+00
  4.02323218e+00  4.30647761e+00  4.68126394e+00  5.09905053e+00
  9.60399340e+00  2.35243482e+01  2.37943827e+01  2.38483501e+01
  2.39250671e+01  2.40209965e+01  2.40697620e+01  2.55696178e+01
  2.55775991e+01  2.58326971e+01  3.54574052e+01  2.15545974e+02]
nelec by numeric integration = 67.99999994023399
    CPU time for vxc     85.29 sec, wall time      3.06 sec
E1 = -1775.2366391275514  Ecoul = 718.008655551199  Exc = -70.42857114292909
cycle= 10 E= -748.20857891386  delta_E= -1.38e-07  |g|= 0.000266  |ddm|= 0.000759
    CPU time for cycle= 10     86.92 sec, wall time      3.12 sec
  HOMO = -0.168894422105248  LUMO = -0.127530594818521
  mo_energy =
[-1.01367819e+02 -1.44620983e+01 -1.02982583e+01 -1.02975139e+01
 -1.02695784e+01 -1.02622568e+01 -1.02620805e+01 -1.02308732e+01
 -9.28187494e+00 -7.04040206e+00 -7.04027768e+00 -7.03960994e+00
 -1.06170521e+00 -8.98862755e-01 -8.55040699e-01 -7.57887653e-01
 -7.26044357e-01 -7.01563802e-01 -6.29353014e-01 -6.04112307e-01
 -5.77362181e-01 -5.49731792e-01 -5.17658546e-01 -5.13742635e-01
 -5.09525895e-01 -4.47986496e-01 -4.39885533e-01 -4.32134837e-01
 -4.29211216e-01 -3.67948832e-01 -3.50349666e-01 -1.71761965e-01
 -1.68983674e-01 -1.68894422e-01 -1.27530595e-01 -9.58603659e-02
 -1.24911769e-02  2.32392524e-02  2.97186822e-02  4.59314419e-02
  5.70410658e-02  6.54441315e-02  8.47936299e-02  9.48572206e-02
  1.29074482e-01  1.29943545e-01  1.81485611e-01  1.90449007e-01
  2.06324634e-01  2.17038570e-01  2.38603890e-01  2.58821245e-01
  2.61449119e-01  3.02865188e-01  3.03695267e-01  3.23709716e-01
  3.50138124e-01  3.51112781e-01  3.67874836e-01  3.71444388e-01
  3.84327576e-01  3.96012756e-01  3.96352227e-01  4.21221770e-01
  4.27243142e-01  4.49919391e-01  4.57133473e-01  4.71489955e-01
  5.03478056e-01  5.17348478e-01  5.24141423e-01  5.32479534e-01
  5.43044206e-01  5.67115336e-01  5.77371735e-01  5.80887774e-01
  5.97309985e-01  6.38289530e-01  6.63557279e-01  6.72336594e-01
  6.75224132e-01  7.03123784e-01  7.11101312e-01  7.36411491e-01
  7.61969336e-01  8.24717979e-01  8.69017560e-01  8.73039944e-01
  8.88112484e-01  9.39112721e-01  9.46494174e-01  9.77800479e-01
  9.99442173e-01  1.01078110e+00  1.03441081e+00  1.03459903e+00
  1.03767830e+00  1.04443139e+00  1.04606855e+00  1.05081681e+00
  1.10921115e+00  1.18174967e+00  1.22740821e+00  1.24977870e+00
  1.31541857e+00  1.33366379e+00  1.36019563e+00  1.40162434e+00
  1.41579663e+00  1.42546683e+00  1.45462535e+00  1.46096008e+00
  1.47477163e+00  1.48722825e+00  1.50811204e+00  1.51191675e+00
  1.58451774e+00  1.60787604e+00  1.61763610e+00  1.64154749e+00
  1.65286860e+00  1.66449138e+00  1.69643261e+00  1.69821607e+00
  1.75495178e+00  1.76119898e+00  1.77819724e+00  1.81985493e+00
  1.83261625e+00  1.84813861e+00  1.85996148e+00  1.94418342e+00
  1.95712359e+00  2.00297192e+00  2.00324338e+00  2.01865847e+00
  2.05237410e+00  2.13392555e+00  2.15348158e+00  2.17274637e+00
  2.20481528e+00  2.24264622e+00  2.27151390e+00  2.27167194e+00
  2.30092530e+00  2.33312435e+00  2.36471550e+00  2.37782553e+00
  2.42349258e+00  2.42415281e+00  2.43986757e+00  2.44790079e+00
  2.48019700e+00  2.50342072e+00  2.50719480e+00  2.52851416e+00
  2.53171212e+00  2.56146563e+00  2.56989820e+00  2.59023767e+00
  2.61154754e+00  2.63460074e+00  2.66861927e+00  2.68321109e+00
  2.68472692e+00  2.77123974e+00  2.82053878e+00  2.85389789e+00
  2.89967414e+00  2.90084484e+00  3.00900046e+00  3.11076322e+00
  3.21597123e+00  3.31438173e+00  3.34288310e+00  3.38894101e+00
  3.54239834e+00  3.61501392e+00  3.66570091e+00  3.67629315e+00
  3.77588723e+00  3.80797037e+00  3.90172262e+00  3.94805913e+00
  4.02322659e+00  4.30647632e+00  4.68126186e+00  5.09904768e+00
  9.60395565e+00  2.35243477e+01  2.37943759e+01  2.38483237e+01
  2.39250522e+01  2.40210040e+01  2.40697711e+01  2.55695879e+01
  2.55775641e+01  2.58326648e+01  3.54574353e+01  2.15545896e+02]
nelec by numeric integration = 67.99999994023533
    CPU time for vxc     83.20 sec, wall time      2.97 sec
E1 = -1775.2375216399264  Ecoul = 718.0095829848191  Exc = -70.42861607864319
cycle= 11 E= -748.208578928329  delta_E= -1.45e-08  |g|= 7.83e-05  |ddm|= 0.000314
    CPU time for cycle= 11     84.82 sec, wall time      3.03 sec
  HOMO = -0.168886154020874  LUMO = -0.12753406953373
  mo_energy =
[-1.01367809e+02 -1.44620960e+01 -1.02982834e+01 -1.02975073e+01
 -1.02695825e+01 -1.02622457e+01 -1.02620961e+01 -1.02308803e+01
 -9.28186536e+00 -7.04039226e+00 -7.04026831e+00 -7.03960050e+00
 -1.06170940e+00 -8.98867011e-01 -8.55046206e-01 -7.57891099e-01
 -7.26048993e-01 -7.01568262e-01 -6.29345402e-01 -6.04115363e-01
 -5.77366990e-01 -5.49736723e-01 -5.17664051e-01 -5.13746514e-01
 -5.09529001e-01 -4.47991225e-01 -4.39889435e-01 -4.32137743e-01
 -4.29213937e-01 -3.67952204e-01 -3.50355093e-01 -1.71753737e-01
 -1.68974610e-01 -1.68886154e-01 -1.27534070e-01 -9.58656577e-02
 -1.24946908e-02  2.32356629e-02  2.97160651e-02  4.59269531e-02
  5.70381024e-02  6.54410596e-02  8.47915326e-02  9.48557553e-02
  1.29072353e-01  1.29944168e-01  1.81484541e-01  1.90443970e-01
  2.06318244e-01  2.17035783e-01  2.38598788e-01  2.58817891e-01
  2.61446696e-01  3.02861040e-01  3.03689730e-01  3.23706231e-01
  3.50136066e-01  3.51109399e-01  3.67870927e-01  3.71439235e-01
  3.84332511e-01  3.96015063e-01  3.96353702e-01  4.21219155e-01
  4.27243455e-01  4.49916964e-01  4.57129633e-01  4.71489732e-01
  5.03474185e-01  5.17344731e-01  5.24141909e-01  5.32475006e-01
  5.43039047e-01  5.67113643e-01  5.77370077e-01  5.80884419e-01
  5.97306116e-01  6.38289396e-01  6.63553022e-01  6.72333452e-01
  6.75221307e-01  7.03120214e-01  7.11096648e-01  7.36407906e-01
  7.61964588e-01  8.24717653e-01  8.69020526e-01  8.73035200e-01
  8.88108907e-01  9.39110138e-01  9.46488871e-01  9.77796733e-01
  9.99436944e-01  1.01077717e+00  1.03441976e+00  1.03460892e+00
  1.03768448e+00  1.04443102e+00  1.04607462e+00  1.05081728e+00
  1.10920654e+00  1.18175456e+00  1.22740460e+00  1.24977660e+00
  1.31541514e+00  1.33366017e+00  1.36019029e+00  1.40162068e+00
  1.41579218e+00  1.42546631e+00  1.45462134e+00  1.46095626e+00
  1.47476920e+00  1.48722534e+00  1.50810676e+00  1.51191207e+00
  1.58451432e+00  1.60787235e+00  1.61763165e+00  1.64154166e+00
  1.65286485e+00  1.66448704e+00  1.69642738e+00  1.69821198e+00
  1.75495029e+00  1.76119567e+00  1.77819269e+00  1.81985095e+00
  1.83261183e+00  1.84813399e+00  1.85995610e+00  1.94418282e+00
  1.95711906e+00  2.00296918e+00  2.00324064e+00  2.01865341e+00
  2.05237041e+00  2.13392200e+00  2.15347780e+00  2.17274191e+00
  2.20481288e+00  2.24264104e+00  2.27152051e+00  2.27168108e+00
  2.30092250e+00  2.33312406e+00  2.36471339e+00  2.37782134e+00
  2.42349604e+00  2.42415160e+00  2.43986093e+00  2.44789782e+00
  2.48019565e+00  2.50341513e+00  2.50719329e+00  2.52850948e+00
  2.53170804e+00  2.56146000e+00  2.56989395e+00  2.59023298e+00
  2.61154503e+00  2.63459505e+00  2.66861538e+00  2.68320819e+00
  2.68472118e+00  2.77123367e+00  2.82053445e+00  2.85389262e+00
  2.89966946e+00  2.90084011e+00  3.00899963e+00  3.11075959e+00
  3.21596667e+00  3.31437730e+00  3.34287844e+00  3.38893637e+00
  3.54239325e+00  3.61500987e+00  3.66569889e+00  3.67628829e+00
  3.77588368e+00  3.80796873e+00  3.90171793e+00  3.94805433e+00
  4.02322125e+00  4.30647193e+00  4.68125979e+00  5.09904415e+00
  9.60396533e+00  2.35243424e+01  2.37943696e+01  2.38483169e+01
  2.39250447e+01  2.40209993e+01  2.40697679e+01  2.55695982e+01
  2.55775736e+01  2.58326742e+01  3.54574373e+01  2.15545905e+02]
nelec by numeric integration = 67.99999994023452
    CPU time for vxc     83.45 sec, wall time      2.98 sec
E1 = -1775.237471236484  Ecoul = 718.0095246708016  Exc = -70.4286081700442
cycle= 12 E= -748.208578930305  delta_E= -1.98e-09  |g|= 2.82e-05  |ddm|= 0.000102
    CPU time for cycle= 12     85.08 sec, wall time      3.04 sec
  HOMO = -0.168880159953436  LUMO = -0.1275367920155
  mo_energy =
[-1.01367803e+02 -1.44621033e+01 -1.02982813e+01 -1.02975116e+01
 -1.02695863e+01 -1.02622541e+01 -1.02620991e+01 -1.02308806e+01
 -9.28185888e+00 -7.04038562e+00 -7.04026204e+00 -7.03959413e+00
 -1.06171305e+00 -8.98871003e-01 -8.55049751e-01 -7.57893120e-01
 -7.26053120e-01 -7.01571148e-01 -6.29339822e-01 -6.04117231e-01
 -5.77371039e-01 -5.49741059e-01 -5.17667588e-01 -5.13749622e-01
 -5.09531757e-01 -4.47995494e-01 -4.39892752e-01 -4.32139298e-01
 -4.29214139e-01 -3.67955574e-01 -3.50358559e-01 -1.71747744e-01
 -1.68967899e-01 -1.68880160e-01 -1.27536792e-01 -9.58694916e-02
 -1.24973881e-02  2.32329502e-02  2.97143401e-02  4.59233606e-02
  5.70358415e-02  6.54389221e-02  8.47903709e-02  9.48542441e-02
  1.29072076e-01  1.29944592e-01  1.81481181e-01  1.90441210e-01
  2.06315098e-01  2.17032442e-01  2.38595961e-01  2.58817366e-01
  2.61444676e-01  3.02858217e-01  3.03686707e-01  3.23702913e-01
  3.50132450e-01  3.51105892e-01  3.67868010e-01  3.71437476e-01
  3.84335980e-01  3.96016292e-01  3.96354643e-01  4.21217969e-01
  4.27243879e-01  4.49915618e-01  4.57127024e-01  4.71490011e-01
  5.03471221e-01  5.17341620e-01  5.24142121e-01  5.32471706e-01
  5.43036797e-01  5.67112645e-01  5.77370108e-01  5.80880797e-01
  5.97303705e-01  6.38289479e-01  6.63549270e-01  6.72330684e-01
  6.75218323e-01  7.03117035e-01  7.11093746e-01  7.36405833e-01
  7.61961284e-01  8.24717264e-01  8.69022641e-01  8.73031706e-01
  8.88106176e-01  9.39108119e-01  9.46484818e-01  9.77794330e-01
  9.99433025e-01  1.01077464e+00  1.03442637e+00  1.03461617e+00
  1.03768893e+00  1.04443118e+00  1.04607920e+00  1.05081779e+00
  1.10920267e+00  1.18175816e+00  1.22740371e+00  1.24977411e+00
  1.31541192e+00  1.33365822e+00  1.36018679e+00  1.40161738e+00
  1.41578906e+00  1.42546666e+00  1.45461788e+00  1.46095449e+00
  1.47476634e+00  1.48722324e+00  1.50810330e+00  1.51190941e+00
  1.58451188e+00  1.60786985e+00  1.61762806e+00  1.64153857e+00
  1.65286121e+00  1.66448484e+00  1.69642355e+00  1.69820800e+00
  1.75494960e+00  1.76119398e+00  1.77818986e+00  1.81984766e+00
  1.83260754e+00  1.84813051e+00  1.85995227e+00  1.94418241e+00
  1.95711487e+00  2.00296725e+00  2.00323870e+00  2.01864993e+00
  2.05236811e+00  2.13392104e+00  2.15347443e+00  2.17273794e+00
  2.20481133e+00  2.24263747e+00  2.27152534e+00  2.27168776e+00
  2.30092022e+00  2.33312480e+00  2.36471138e+00  2.37781714e+00
  2.42349913e+00  2.42415152e+00  2.43985826e+00  2.44789620e+00
  2.48019466e+00  2.50341294e+00  2.50719013e+00  2.52850687e+00
  2.53170431e+00  2.56145598e+00  2.56989037e+00  2.59022884e+00
  2.61154228e+00  2.63459213e+00  2.66861104e+00  2.68320531e+00
  2.68471805e+00  2.77123046e+00  2.82053093e+00  2.85388902e+00
  2.89966535e+00  2.90083707e+00  3.00899979e+00  3.11075567e+00
  3.21596360e+00  3.31437405e+00  3.34287461e+00  3.38893243e+00
  3.54239016e+00  3.61500654e+00  3.66569665e+00  3.67628545e+00
  3.77588337e+00  3.80796553e+00  3.90171350e+00  3.94805010e+00
  4.02321767e+00  4.30646768e+00  4.68125582e+00  5.09903969e+00
  9.60397202e+00  2.35243388e+01  2.37943666e+01  2.38483166e+01
  2.39250423e+01  2.40209953e+01  2.40697632e+01  2.55696055e+01
  2.55775803e+01  2.58326806e+01  3.54574302e+01  2.15545911e+02]
nelec by numeric integration = 67.99999994023462
    CPU time for vxc     83.20 sec, wall time      2.97 sec
E1 = -1775.2374525505913  Ecoul = 718.0095042591322  Exc = -70.42860644451578
cycle= 13 E= -748.208578930553  delta_E= -2.49e-10  |g|= 8.31e-06  |ddm|= 6.41e-05
    CPU time for cycle= 13     84.84 sec, wall time      3.03 sec
  HOMO = -0.168884250465578  LUMO = -0.127535247757003
  mo_energy =
[-1.01367812e+02 -1.44620991e+01 -1.02982798e+01 -1.02975087e+01
 -1.02695850e+01 -1.02622531e+01 -1.02620992e+01 -1.02308763e+01
 -9.28186640e+00 -7.04039330e+00 -7.04026962e+00 -7.03960170e+00
 -1.06171040e+00 -8.98869596e-01 -8.55048051e-01 -7.57891251e-01
 -7.26051239e-01 -7.01569674e-01 -6.29343794e-01 -6.04116510e-01
 -5.77369362e-01 -5.49739622e-01 -5.17666064e-01 -5.13747411e-01
 -5.09530105e-01 -4.47994059e-01 -4.39891060e-01 -4.32138003e-01
 -4.29212833e-01 -3.67953931e-01 -3.50357088e-01 -1.71751765e-01
 -1.68972226e-01 -1.68884250e-01 -1.27535248e-01 -9.58680263e-02
 -1.24963477e-02  2.32339146e-02  2.97152768e-02  4.59247958e-02
  5.70367639e-02  6.54398554e-02  8.47919031e-02  9.48550937e-02
  1.29072778e-01  1.29944976e-01  1.81482806e-01  1.90442445e-01
  2.06316305e-01  2.17033737e-01  2.38597213e-01  2.58818281e-01
  2.61445906e-01  3.02859443e-01  3.03688086e-01  3.23704066e-01
  3.50133588e-01  3.51107070e-01  3.67869143e-01  3.71438174e-01
  3.84334195e-01  3.96015552e-01  3.96353921e-01  4.21219188e-01
  4.27243492e-01  4.49916174e-01  4.57128150e-01  4.71490073e-01
  5.03472210e-01  5.17342907e-01  5.24142337e-01  5.32472697e-01
  5.43038212e-01  5.67113733e-01  5.77371164e-01  5.80881868e-01
  5.97304890e-01  6.38289676e-01  6.63550381e-01  6.72331595e-01
  6.75220390e-01  7.03118401e-01  7.11095026e-01  7.36406626e-01
  7.61962753e-01  8.24717372e-01  8.69021217e-01  8.73033074e-01
  8.88107442e-01  9.39108725e-01  9.46486314e-01  9.77795690e-01
  9.99434480e-01  1.01077600e+00  1.03442177e+00  1.03461112e+00
  1.03768553e+00  1.04443073e+00  1.04607586e+00  1.05081725e+00
  1.10920456e+00  1.18175561e+00  1.22740475e+00  1.24977559e+00
  1.31541325e+00  1.33365964e+00  1.36018823e+00  1.40161862e+00
  1.41579062e+00  1.42546715e+00  1.45461939e+00  1.46095566e+00
  1.47476762e+00  1.48722447e+00  1.50810481e+00  1.51191088e+00
  1.58451315e+00  1.60787128e+00  1.61762964e+00  1.64154014e+00
  1.65286244e+00  1.66448623e+00  1.69642497e+00  1.69820945e+00
  1.75495059e+00  1.76119522e+00  1.77819119e+00  1.81984894e+00
  1.83260879e+00  1.84813166e+00  1.85995385e+00  1.94418251e+00
  1.95711643e+00  2.00296836e+00  2.00324006e+00  2.01865147e+00
  2.05236973e+00  2.13392213e+00  2.15347562e+00  2.17273914e+00
  2.20481267e+00  2.24263878e+00  2.27152159e+00  2.27168294e+00
  2.30092095e+00  2.33312510e+00  2.36471306e+00  2.37781850e+00
  2.42349713e+00  2.42415231e+00  2.43986006e+00  2.44789766e+00
  2.48019535e+00  2.50341461e+00  2.50719179e+00  2.52850850e+00
  2.53170548e+00  2.56145723e+00  2.56989161e+00  2.59023025e+00
  2.61154379e+00  2.63459388e+00  2.66861258e+00  2.68320665e+00
  2.68471973e+00  2.77123213e+00  2.82053301e+00  2.85389053e+00
  2.89966668e+00  2.90083912e+00  3.00900017e+00  3.11075685e+00
  3.21596529e+00  3.31437577e+00  3.34287602e+00  3.38893376e+00
  3.54239244e+00  3.61500863e+00  3.66569894e+00  3.67628756e+00
  3.77588506e+00  3.80796817e+00  3.90171485e+00  3.94805138e+00
  4.02321922e+00  4.30646931e+00  4.68125893e+00  5.09904238e+00
  9.60396519e+00  2.35243401e+01  2.37943682e+01  2.38483207e+01
  2.39250440e+01  2.40209964e+01  2.40697642e+01  2.55695988e+01
  2.55775738e+01  2.58326741e+01  3.54574343e+01  2.15545903e+02]
nelec by numeric integration = 67.99999994023463
    CPU time for vxc     87.47 sec, wall time      3.16 sec
E1 = -1775.2374860512214  Ecoul = 718.0095425951902  Exc = -70.42861127985373
Extra cycle  E= -748.208578930463  delta_E= 9e-11  |g|= 1.88e-05  |ddm|= 4.83e-05
    CPU time for scf_cycle   1355.94 sec, wall time     48.96 sec
    CPU time for SCF   1355.95 sec, wall time     48.96 sec
converged SCF energy = -748.208578930463
Converting <class 'pyscf.dft.rks.RKS'> to RHF


******** <class 'pyscf.tdscf.rks.TDA'> for <class 'pyscf.dft.rks.RKS'> ********
nstates = 5 singlet
wfnsym = None
conv_tol = 1e-09
eigh lindep = 1e-12
eigh level_shift = 0
eigh max_space = 8
eigh max_cycle = 2000
chkfile = /scratch/global/yangjunjie/tmpdco_z2a8
max_memory 127949 MB (current use 2272 MB)


davidson 0 5  |r|= 0.0905  e= [0.02118152 0.02268148 0.05026939 0.05479227 0.05513948]  max|de|= 0.0551  lindep=    1
Old state -> New state
    4     ->     3 
    3     ->     4 
davidson 1 10  |r|= 0.0191  e= [0.02107065 0.02240137 0.04049289 0.05443301 0.05477884]  max|de|= -0.00978  lindep= 0.857
davidson 2 15  |r|= 0.00636  e= [0.02107037 0.02239193 0.04016585 0.05441772 0.05477846]  max|de|= -0.000327  lindep= 0.865
davidson 3 20  |r|= 0.00174  e= [0.02107037 0.02239186 0.04012673 0.05441607 0.05477845]  max|de|= -3.91e-05  lindep= 0.602
root 0 converged  |r|= 7.76e-06  e= 0.02107036708282932  max|de|= 2.78e-17
root 1 converged  |r|= 2.67e-05  e= 0.022391855125997392  max|de|= 3.12e-17
root 4 converged  |r|= 1.33e-05  e= 0.05477845315554518  max|de|= -1.39e-17
davidson 4 5  |r|= 0.00174  e= [0.02107037 0.02239186 0.04012673 0.05441607 0.05477845]  max|de|= 1.25e-16  lindep= 0.999
davidson 5 7  |r|= 0.000404  e= [0.02107037 0.02239186 0.04012489 0.05441594 0.05477845]  max|de|= -1.84e-06  lindep= 0.94
davidson 6 9  |r|= 0.000184  e= [0.02107037 0.02239186 0.04012467 0.05441593 0.05477845]  max|de|= -2.2e-07  lindep= 0.767
davidson 7 11  |r|= 4.45e-05  e= [0.02107037 0.02239186 0.04012465 0.05441593 0.05477845]  max|de|= -2.03e-08  lindep= 0.628
root 3 converged  |r|= 2.11e-06  e= 0.054415930289949385  max|de|= -4.42e-11
davidson 8 13  |r|= 2.67e-05  e= [0.02107037 0.02239186 0.04012465 0.05441593 0.05477845]  max|de|= -1.31e-09  lindep= 0.661
root 2 converged  |r|= 3.18e-06  e= 0.04012465102517786  max|de|= -7.08e-11
converged 9 14  |r|= 2.67e-05  e= [0.02107037 0.02239186 0.04012465 0.05441593 0.05477845]  max|de|= -7.08e-11
    CPU time for TDA   1729.43 sec, wall time     65.83 sec
Excited State energies (eV)
[0.57335389 0.60931341 1.09184737 1.48073288 1.49059763]
