 
:: initializing oneAPI environment ...
   slurm_script: BASH_VERSION = 4.2.46(1)-release
   args: Using "$@" for setvars.sh arguments: --force
:: advisor -- latest
:: ccl -- latest
:: clck -- latest
:: compiler -- latest
:: dal -- latest
:: debugger -- latest
:: dev-utilities -- latest
:: dnnl -- latest
:: dpcpp-ct -- latest
:: dpl -- latest
:: inspector -- latest
:: intelpython -- latest
:: ipp -- latest
:: ippcp -- latest
:: ipp -- latest
:: itac -- latest
:: mkl -- latest
:: mpi -- latest
:: tbb -- latest
:: vpl -- latest
:: vtune -- latest
:: oneAPI environment initialized ::
 
SLURM_CPUS_PER_TASK = 28
SLURM_MEM_PER_NODE = 127949
#INFO: **** input file is /home/yangjunjie/work/py-ch3-cl/work/step_-18/main.py ****
import sys
import pyscf
from pyscf import tdscf

def main(xyz_file, basis="631g*", xc="b3lyp", output="ene.out"):
    xyz = None

    with open(xyz_file, "r") as xyz:
        xyz = xyz.readlines()[2:]
        xyz = "".join(xyz)

    mol = pyscf.gto.Mole()
    mol.atom = xyz
    mol.basis = basis
    mol.verbose = 5
    mol.build()

    if xc is not None and xc != "hf":
        mf = pyscf.scf.RKS(mol)
        mf.xc = xc
        mf.kernel()
    else:
        mf = pyscf.scf.RHF(mol)
        mf.kernel()

    ene_mf = mf.e_tot

    tda = pyscf.tdscf.TDA(mf)
    tda.nstates = 50
    tda.max_space = 600
    tda.max_cycle = 2000
    tda.kernel()

    con_tda = tda.converged
    ene_tda = tda.e[:5]
    dip_tda = tda.transition_dipole()[:5]

    rpa = pyscf.tdscf.RPA(mf)
    rpa.nstates = 50
    rpa.max_space = 600
    rpa.max_cycle = 2000
    rpa.kernel()

    con_rpa = rpa.converged
    ene_rpa = rpa.e[:5]
    dip_rpa = rpa.transition_dipole()[:5]

    with open(output, "w") as f:
        f.write(f"RKS energy: {ene_mf: 12.8f}\n")
        f.write("TDA results:\n")
        for i, (con, ene, dip) in enumerate(zip(con_tda, ene_tda, dip_tda)):
            f.write(f" {i:2d} {con} {ene: 12.8f} {dip[0]: 12.8f} {dip[1]: 12.8f} {dip[2]: 12.8f}\n")
        
        f.write("\nRPA results:\n")
        for i, (con, ene, dip) in enumerate(zip(con_rpa, ene_rpa, dip_rpa)):
            f.write(f" {i:2d} {con} {ene: 12.8f} {dip[0]: 12.8f} {dip[1]: 12.8f} {dip[2]: 12.8f}\n")

if __name__ == "__main__":
    xyz = sys.argv[1]
    main(xyz, basis="631g*", xc="b3lyp", output="out.log")
#INFO: ******************** input file end ********************


System: uname_result(system='Linux', node='pauling038', release='3.10.0-327.36.3.el7.x86_64', version='#1 SMP Thu Oct 20 04:56:07 EDT 2016', machine='x86_64')  Threads 28
Python 3.9.7 (default, Oct 27 2021, 01:23:21) 
[GCC 9.3.0]
numpy 1.21.2  scipy 1.6.2
Date: Tue Sep 27 23:24:44 2022
PySCF version 2.0.1
PySCF path  /home/yangjunjie/packages/pyscf/pyscf-main
GIT ORIG_HEAD 14b880cdc4bf7bb64f3989a147c0b04622efc498
GIT HEAD (branch master) 9d5b5bd309d1cc55fbd1a0ec76e26b5b0c7f76af

[ENV] PYSCF_MAX_MEMORY 127949
[ENV] PYSCF_TMPDIR /scratch/global/yangjunjie/
[CONFIG] conf_file /home/yangjunjie/.pyscf_conf.py
[INPUT] verbose = 5
[INPUT] max_memory = 127949 
[INPUT] num. atoms = 16
[INPUT] num. electrons = 68
[INPUT] charge = 0
[INPUT] spin (= nelec alpha-beta = 2S) = 0
[INPUT] symmetry False subgroup None
[INPUT] Mole.unit = angstrom
[INPUT]  1 C      0.000000010000   1.148816890000   1.147363280000 AA    0.000000018897   2.170949289375   2.168202364583 Bohr
[INPUT]  2 C      0.000000000000   1.199893560000   2.544833530000 AA    0.000000000000   2.267470207029   4.809038404310 Bohr
[INPUT]  3 C     -0.000000010000  -0.013393400000   3.234252190000 AA   -0.000000018897  -0.025309857877   6.111850856875 Bohr
[INPUT]  4 C     -0.000000010000  -1.213393080000   2.520757710000 AA   -0.000000018897  -2.292980602642   4.763541698286 Bohr
[INPUT]  5 C      0.000000000000  -1.133622830000   1.123115410000 AA    0.000000000000  -2.142236677254   2.122380531179 Bohr
[INPUT]  6 N      0.000000010000   0.015513870000   0.465763670000 AA    0.000000018897   0.029316965432   0.880165775072 Bohr
[INPUT]  7 C      0.000000000000   0.003957230000  -2.188503770000 AA    0.000000000000   0.007478080912  -4.135672747878 Bohr
[INPUT]  8 H      0.000000020000   2.069495340000   0.561341150000 AA    0.000000037795   3.910779408664   1.060781035948 Bohr
[INPUT]  9 H      0.000000000000   2.143868550000   3.055760840000 AA    0.000000000000   4.051324406568   5.774551089771 Bohr
[INPUT] 10 H     -0.000000020000  -0.024697280000   4.314698040000 AA   -0.000000037795  -0.046671095222   8.153597605798 Bohr
[INPUT] 11 H     -0.000000020000  -2.166589510000   3.011407420000 AA   -0.000000037795  -4.094260798256   5.690735273283 Bohr
[INPUT] 12 H      0.000000000000  -2.040518180000   0.518274050000 AA    0.000000000000  -3.856020512396   0.979396011969 Bohr
[INPUT] 13 H     -0.000000030000   1.034776290000  -1.853050820000 AA   -0.000000056692   1.955443788294  -3.501758544701 Bohr
[INPUT] 14 H     -0.891174750000  -0.503477080000  -1.836865240000 AA   -1.684076206628  -0.951433791196  -3.471172231333 Bohr
[INPUT] 15 H      0.891174780000  -0.503477040000  -1.836865240000 AA    1.684076263320  -0.951433715607  -3.471172231333 Bohr
[INPUT] 16 Cl    -0.000000010000  -0.008890740000  -4.008536710000 AA   -0.000000018897  -0.016801063645  -7.575036542165 Bohr
[INPUT] ---------------- BASIS SET ---------------- 
[INPUT] l, kappa, [nprim/nctr], expnt,             c_1 c_2 ...
[INPUT] Cl
[INPUT] 0    0    [6    /1   ]  25180.1           0.001833
                                3780.35           0.014034
                                860.474           0.069097
                                242.145           0.237452
                                77.3349           0.483034
                                26.247            0.339856
[INPUT] 0    0    [6    /1   ]  491.765           -0.0022974
                                116.984           -0.030714
                                37.4153           -0.112528
                                13.7834           0.045016
                                5.45215           0.589353
                                2.22588           0.465206
[INPUT] 0    0    [3    /1   ]  3.18649           -0.25183
                                1.14427           0.061589
                                0.420377          1.06018
[INPUT] 0    0    [1    /1   ]  0.142657             1
[INPUT] 1    0    [6    /1   ]  491.765           0.0039894
                                116.984           0.030318
                                37.4153           0.12988
                                13.7834           0.327951
                                5.45215           0.453527
                                2.22588           0.252154
[INPUT] 1    0    [3    /1   ]  3.18649           -0.014299
                                1.14427           0.323572
                                0.420377          0.743507
[INPUT] 1    0    [1    /1   ]  0.142657             1
[INPUT] 2    0    [1    /1   ]  0.75                 1
[INPUT] H
[INPUT] 0    0    [3    /1   ]  18.731137         0.0334946
                                2.8253937         0.23472695
                                0.6401217         0.81375733
[INPUT] 0    0    [1    /1   ]  0.1612778            1
[INPUT] C
[INPUT] 0    0    [6    /1   ]  3047.5249         0.0018347
                                457.36951         0.0140373
                                103.94869         0.0688426
                                29.210155         0.2321844
                                9.286663          0.4679413
                                3.163927          0.362312
[INPUT] 0    0    [3    /1   ]  7.8682724         -0.1193324
                                1.8812885         -0.1608542
                                0.5442493         1.1434564
[INPUT] 0    0    [1    /1   ]  0.1687144            1
[INPUT] 1    0    [3    /1   ]  7.8682724         0.0689991
                                1.8812885         0.316424
                                0.5442493         0.7443083
[INPUT] 1    0    [1    /1   ]  0.1687144            1
[INPUT] 2    0    [1    /1   ]  0.8                  1
[INPUT] N
[INPUT] 0    0    [6    /1   ]  4173.511          0.0018348
                                627.4579          0.013995
                                142.9021          0.068587
                                40.23433          0.232241
                                12.82021          0.46907
                                4.390437          0.360455
[INPUT] 0    0    [3    /1   ]  11.626358         -0.114961
                                2.71628           -0.169118
                                0.772218          1.145852
[INPUT] 0    0    [1    /1   ]  0.2120313            1
[INPUT] 1    0    [3    /1   ]  11.626358         0.06758
                                2.71628           0.323907
                                0.772218          0.740895
[INPUT] 1    0    [1    /1   ]  0.2120313            1
[INPUT] 2    0    [1    /1   ]  0.8                  1

nuclear repulsion = 374.424633893549
number of shells = 66
number of NR pGTOs = 272
number of NR cGTOs = 132
basis = 631g*
ecp = {}
CPU time:         0.37


******** <class 'pyscf.dft.rks.RKS'> ********
method = RKS
initial guess = minao
damping factor = 0
level_shift factor = 0
DIIS = <class 'pyscf.scf.diis.CDIIS'>
diis_start_cycle = 1
diis_space = 8
SCF conv_tol = 1e-09
SCF conv_tol_grad = None
SCF max_cycles = 50
direct_scf = True
direct_scf_tol = 1e-13
chkfile to save SCF result = /scratch/global/yangjunjie/tmpu9cgp82y
max_memory 127949 MB (current use 81 MB)
XC library pyscf.dft.libxc version 5.2.0
    S. Lehtola, C. Steigemann, M. J. Oliveira, and M. A. Marques, SoftwareX 7, 1 (2018)
XC functionals = b3lyp
    P. A. M. Dirac, Math. Proc. Cambridge Philos. Soc. 26, 376 (1930)
    F. Bloch, Z. Phys. 57, 545 (1929)
    A. D. Becke, Phys. Rev. A 38, 3098 (1988)
    C. Lee, W. Yang, and R. G. Parr, Phys. Rev. B 37, 785 (1988)
    B. Miehlich, A. Savin, H. Stoll, and H. Preuss, Chem. Phys. Lett. 157, 200 (1989)
    S. H. Vosko, L. Wilk, and M. Nusair, Can. J. Phys. 58, 1200 (1980)
radial grids: 
    Treutler-Ahlrichs [JCP 102, 346 (1995); DOI:10.1063/1.469408] (M4) radial grids
    
becke partition: Becke, JCP 88, 2547 (1988); DOI:10.1063/1.454033
pruning grids: <function nwchem_prune at 0x7f9571f4cee0>
grids dens level: 3
symmetrized grids: False
atomic radii adjust function: <function treutler_atomic_radii_adjust at 0x7f9571f4ce50>
small_rho_cutoff = 1e-07
Set gradient conv threshold to 3.16228e-05
atom C rad-grids = 75, ang-grids = [ 50  50  50  50  50  50  50  50  50  50  50  50  50  50  50  50  50  50
  50  50  50  50  50  86  86  86  86  86  86  86  86  86  86 266 266 266
 266 266 266 266 302 302 302 302 302 302 302 302 302 302 302 302 302 302
 302 302 302 302 302 302 266 266 266 266 266 266 266 266 266 266 266 266
 266 266 266]
atom N rad-grids = 75, ang-grids = [ 50  50  50  50  50  50  50  50  50  50  50  50  50  50  50  50  50  50
  50  50  50  50  50  86  86  86  86  86  86  86  86  86 266 266 266 266
 266 266 266 302 302 302 302 302 302 302 302 302 302 302 302 302 302 302
 302 302 302 302 266 266 266 266 266 266 266 266 266 266 266 266 266 266
 266 266 266]
atom H rad-grids = 50, ang-grids = [ 50  50  50  50  50  50  50  50  50  50  50  50  50  50  86  86  86  86
 266 266 266 266 302 302 302 302 302 302 302 302 302 302 302 302 302 266
 266 266 266 266 266 266 266 266 266 266 266 266 266 266]
atom Cl rad-grids = 80, ang-grids = [ 50  50  50  50  50  50  50  50  50  50  50  50  50  50  50  50  50  50
  50  50  50  50  50  50  86  86  86  86  86  86  86  86  86  86  86  86
  86 350 350 350 350 350 350 350 350 350 434 434 434 434 434 434 434 434
 434 434 434 434 434 434 434 434 434 434 350 350 350 350 350 350 350 350
 350 350 350 350 350 350 350 350]
tot grids = 196530
Drop grids 33043
    CPU time for setting up grids      3.07 sec, wall time      0.15 sec
nelec by numeric integration = 67.97624852012875
    CPU time for vxc      6.13 sec, wall time      0.23 sec
E1 = -1762.041878403285  Ecoul = 708.9622281476546  Exc = -70.37442148685749
init E= -749.029437848939
cond(S) = 6107.43324800088
    CPU time for initialize scf     16.64 sec, wall time      0.71 sec
  HOMO = -0.292503082995205  LUMO = -0.0972935873082623
  mo_energy =
[-1.01597219e+02 -1.44095035e+01 -1.02910553e+01 -1.02902993e+01
 -1.02895578e+01 -1.02889508e+01 -1.02852338e+01 -1.02847388e+01
 -9.53819232e+00 -7.29409042e+00 -7.29287756e+00 -7.29287700e+00
 -1.10269002e+00 -9.38107324e-01 -9.30880572e-01 -8.84073559e-01
 -7.57600627e-01 -7.13271752e-01 -7.03335182e-01 -5.76982752e-01
 -5.30302543e-01 -5.13499875e-01 -4.73587558e-01 -4.72903887e-01
 -4.62840566e-01 -4.59741049e-01 -4.37162552e-01 -4.31112173e-01
 -3.97459489e-01 -3.43788325e-01 -3.42862823e-01 -3.26333906e-01
 -2.99708631e-01 -2.92503083e-01 -9.72935873e-02 -8.04379023e-02
 -3.54770027e-02  5.28189801e-02  6.79612787e-02  7.82808613e-02
  9.06454412e-02  1.13639342e-01  1.21429814e-01  1.22663257e-01
  1.44624377e-01  1.63183636e-01  1.98547577e-01  2.40431828e-01
  2.54975414e-01  2.59938087e-01  3.59722683e-01  3.82547928e-01
  4.03222150e-01  4.15093144e-01  4.15100575e-01  4.22431256e-01
  4.65384370e-01  4.75320905e-01  4.87850422e-01  5.05753477e-01
  5.27682340e-01  5.37211555e-01  5.42227469e-01  5.50849110e-01
  5.54799531e-01  5.54842548e-01  5.56335132e-01  6.07709005e-01
  6.23013710e-01  6.39198987e-01  6.76827119e-01  7.65405986e-01
  7.72102694e-01  7.87143885e-01  7.88093952e-01  7.91771708e-01
  7.98945033e-01  8.03475972e-01  8.28676261e-01  8.42990034e-01
  8.49426594e-01  8.66133836e-01  8.80355990e-01  8.98245771e-01
  9.03949620e-01  9.21538610e-01  9.80856472e-01  1.00369859e+00
  1.03539543e+00  1.07551653e+00  1.12215418e+00  1.14398037e+00
  1.15974465e+00  1.17891152e+00  1.30862502e+00  1.34643893e+00
  1.39561431e+00  1.41230039e+00  1.41524052e+00  1.43676224e+00
  1.44834466e+00  1.45553017e+00  1.62388583e+00  1.62474029e+00
  1.64117364e+00  1.70127419e+00  1.74844703e+00  1.77253165e+00
  1.86963950e+00  1.89500258e+00  1.98268850e+00  2.05116687e+00
  2.05995752e+00  2.09856702e+00  2.10422746e+00  2.12972264e+00
  2.14424650e+00  2.16715698e+00  2.18184234e+00  2.21835861e+00
  2.24984524e+00  2.30545900e+00  2.47669890e+00  2.48482712e+00
  2.57426626e+00  2.61172703e+00  2.62203682e+00  2.63549566e+00
  2.69861015e+00  2.70971599e+00  2.95875225e+00  3.31317454e+00]
nelec by numeric integration = 68.00002665057598
    CPU time for vxc      5.91 sec, wall time      0.21 sec
E1 = -1770.102435563625  Ecoul = 718.4110316724867  Exc = -70.81953898422042
cycle= 1 E= -748.08630898181  delta_E= 0.943  |g|= 0.379  |ddm|= 3.93
    CPU time for cycle= 1      6.42 sec, wall time      0.23 sec
  HOMO = -0.196232113454026  LUMO = 0.0128491054929113
  mo_energy =
[-1.01358476e+02 -1.41899092e+01 -1.01894429e+01 -1.01882631e+01
 -1.01519630e+01 -1.01312245e+01 -1.00958889e+01 -1.00953545e+01
 -9.31418805e+00 -7.07514253e+00 -7.06514326e+00 -7.06513500e+00
 -8.98973019e-01 -7.76644769e-01 -7.58380335e-01 -7.31988167e-01
 -6.20116697e-01 -6.01718740e-01 -5.99691740e-01 -5.10305263e-01
 -4.59051625e-01 -4.38201729e-01 -4.11642491e-01 -4.03393896e-01
 -4.01086385e-01 -3.75494387e-01 -3.64359636e-01 -3.40783587e-01
 -3.39515601e-01 -2.49341071e-01 -2.36059587e-01 -2.27986655e-01
 -2.27341653e-01 -1.96232113e-01  1.28491055e-02  1.33060425e-02
  8.15160022e-02  1.10368949e-01  1.31956540e-01  1.38836958e-01
  1.60495642e-01  1.66791593e-01  1.77047979e-01  1.84601453e-01
  1.84801404e-01  2.13217541e-01  2.78257892e-01  3.13101311e-01
  3.40194258e-01  3.46655034e-01  4.64190084e-01  4.67603487e-01
  4.78306000e-01  5.13635459e-01  5.13859476e-01  5.16670286e-01
  5.34361902e-01  5.62772389e-01  5.70898219e-01  5.95502157e-01
  5.99553350e-01  6.04593199e-01  6.18770566e-01  6.26194480e-01
  6.28798692e-01  6.32923131e-01  6.62043715e-01  6.75298551e-01
  7.13337383e-01  7.17695454e-01  7.65241781e-01  8.31217283e-01
  8.48738626e-01  8.69255682e-01  8.76520980e-01  8.88382770e-01
  9.12731711e-01  9.25625072e-01  9.33664165e-01  9.48879191e-01
  9.54083593e-01  9.73832247e-01  9.79258294e-01  9.98981708e-01
  1.01784906e+00  1.02113396e+00  1.06372568e+00  1.09118836e+00
  1.10147896e+00  1.14303425e+00  1.18025738e+00  1.23436384e+00
  1.25032518e+00  1.28881353e+00  1.41088994e+00  1.42124367e+00
  1.47274800e+00  1.50977669e+00  1.51807485e+00  1.53101774e+00
  1.54902006e+00  1.56310291e+00  1.73684122e+00  1.73696002e+00
  1.73865901e+00  1.79931250e+00  1.86868731e+00  1.88084910e+00
  1.97476317e+00  1.99629666e+00  2.09726139e+00  2.16472933e+00
  2.16902234e+00  2.21041334e+00  2.21470782e+00  2.24473651e+00
  2.25466809e+00  2.27260069e+00  2.28642244e+00  2.32488948e+00
  2.37090229e+00  2.41477289e+00  2.58136075e+00  2.59688630e+00
  2.70101247e+00  2.72529718e+00  2.73877330e+00  2.76172985e+00
  2.83246444e+00  2.83414456e+00  3.09022362e+00  3.44362760e+00]
nelec by numeric integration = 68.0000243172609
    CPU time for vxc      6.23 sec, wall time      0.22 sec
E1 = -1762.6901550867724  Ecoul = 710.4160642107726  Exc = -70.23818204392109
cycle= 2 E= -748.087639026372  delta_E= -0.00133  |g|=  0.4  |ddm|= 0.971
    CPU time for cycle= 2      6.74 sec, wall time      0.24 sec
  HOMO = -0.261552133910149  LUMO = -0.0304762056061763
  mo_energy =
[-1.01470039e+02 -1.43559777e+01 -1.02131692e+01 -1.02126690e+01
 -1.02044254e+01 -1.01978865e+01 -1.01975696e+01 -1.01956367e+01
 -9.40470662e+00 -7.16755410e+00 -7.15781667e+00 -7.15780719e+00
 -9.60683667e-01 -8.13025971e-01 -8.10356274e-01 -7.69232421e-01
 -6.48358056e-01 -6.43140101e-01 -6.31309681e-01 -5.36750038e-01
 -4.87577640e-01 -4.81607680e-01 -4.38729333e-01 -4.21729041e-01
 -4.18434070e-01 -4.13339849e-01 -4.07062413e-01 -3.75897998e-01
 -3.74280775e-01 -2.98541799e-01 -2.68573709e-01 -2.64484187e-01
 -2.64047722e-01 -2.61552134e-01 -3.04762056e-02 -1.87631919e-02
  5.89392737e-02  9.22751849e-02  1.22441257e-01  1.29136628e-01
  1.38947800e-01  1.49615604e-01  1.57095891e-01  1.73319116e-01
  1.76912580e-01  2.05074173e-01  2.49629351e-01  2.88306740e-01
  3.13501148e-01  3.14648772e-01  4.36482708e-01  4.41085074e-01
  4.48812639e-01  4.86032946e-01  4.87362980e-01  4.87635471e-01
  5.06766432e-01  5.28483252e-01  5.49044377e-01  5.72671522e-01
  5.79221531e-01  5.79851502e-01  5.90396393e-01  5.94846674e-01
  5.96041220e-01  6.05641752e-01  6.20733737e-01  6.48324318e-01
  6.80749896e-01  6.89463365e-01  7.35578907e-01  8.16610011e-01
  8.26020943e-01  8.40514788e-01  8.47982295e-01  8.50196440e-01
  8.85768780e-01  8.88326639e-01  9.09845997e-01  9.16194875e-01
  9.27744516e-01  9.37667971e-01  9.38763638e-01  9.75313020e-01
  9.81824189e-01  9.85149586e-01  1.02888595e+00  1.06613700e+00
  1.07876951e+00  1.11745587e+00  1.15974835e+00  1.20278430e+00
  1.21644852e+00  1.24274790e+00  1.36988129e+00  1.38946120e+00
  1.45249513e+00  1.46083792e+00  1.47784254e+00  1.49645494e+00
  1.51048400e+00  1.51415054e+00  1.69553190e+00  1.71356189e+00
  1.71358721e+00  1.76229357e+00  1.82254097e+00  1.83428294e+00
  1.93240874e+00  1.96163810e+00  2.05513979e+00  2.12395499e+00
  2.12409779e+00  2.16581149e+00  2.17062261e+00  2.20905224e+00
  2.21815690e+00  2.25387580e+00  2.26711647e+00  2.28693940e+00
  2.32081962e+00  2.36901271e+00  2.54270570e+00  2.55026513e+00
  2.65287992e+00  2.68047699e+00  2.69320712e+00  2.71669224e+00
  2.77920802e+00  2.78641898e+00  3.03920558e+00  3.39648696e+00]
nelec by numeric integration = 68.00002412610763
    CPU time for vxc      6.01 sec, wall time      0.21 sec
E1 = -1766.167332913555  Ecoul = 714.1169469799266  Exc = -70.50125522430082
cycle= 3 E= -748.12700726438  delta_E= -0.0394  |g|= 0.0807  |ddm|= 0.482
    CPU time for cycle= 3      6.53 sec, wall time      0.23 sec
  HOMO = -0.257120261798502  LUMO = -0.031355047766892
  mo_energy =
[-1.01493531e+02 -1.43267469e+01 -1.02304117e+01 -1.02300831e+01
 -1.02169946e+01 -1.02082149e+01 -1.02073893e+01 -1.02071284e+01
 -9.42427721e+00 -7.18741561e+00 -7.17782992e+00 -7.17781969e+00
 -9.55955704e-01 -8.19702815e-01 -8.14488121e-01 -7.74121301e-01
 -6.54396650e-01 -6.44339330e-01 -6.36700629e-01 -5.40209498e-01
 -4.90873754e-01 -4.85011210e-01 -4.43355402e-01 -4.24570121e-01
 -4.21991344e-01 -4.16113244e-01 -4.07610839e-01 -3.81880484e-01
 -3.79259802e-01 -2.98716219e-01 -2.73728756e-01 -2.72833835e-01
 -2.72276420e-01 -2.57120262e-01 -3.13550478e-02 -2.30674652e-02
  5.39348513e-02  9.01706622e-02  1.20551255e-01  1.27074715e-01
  1.36742236e-01  1.48374667e-01  1.55826748e-01  1.72068322e-01
  1.75522003e-01  2.03478779e-01  2.48309109e-01  2.85460467e-01
  3.11982376e-01  3.12594560e-01  4.29084966e-01  4.38339342e-01
  4.46279863e-01  4.81398888e-01  4.81704517e-01  4.82461158e-01
  5.03107206e-01  5.26725286e-01  5.45590883e-01  5.68894612e-01
  5.75717406e-01  5.75926719e-01  5.87157315e-01  5.90892895e-01
  5.93925448e-01  6.01320382e-01  6.21340255e-01  6.44578862e-01
  6.77992707e-01  6.85456619e-01  7.33850887e-01  8.12410806e-01
  8.22366072e-01  8.37118710e-01  8.46973198e-01  8.52237157e-01
  8.79258647e-01  8.82477375e-01  9.05356924e-01  9.12451662e-01
  9.21067935e-01  9.31010896e-01  9.32149572e-01  9.69757669e-01
  9.75693283e-01  9.79523849e-01  1.02978041e+00  1.06300110e+00
  1.07566229e+00  1.11618599e+00  1.15717712e+00  1.20146577e+00
  1.21317316e+00  1.23925992e+00  1.36613498e+00  1.39031816e+00
  1.45153294e+00  1.45736909e+00  1.47197342e+00  1.49786975e+00
  1.51041503e+00  1.51207498e+00  1.69556981e+00  1.70830563e+00
  1.70843705e+00  1.76212549e+00  1.81808145e+00  1.83297228e+00
  1.93018371e+00  1.95715322e+00  2.04984825e+00  2.11952020e+00
  2.11996534e+00  2.16266249e+00  2.16719557e+00  2.20715923e+00
  2.21290608e+00  2.24978448e+00  2.26314501e+00  2.28143849e+00
  2.31828123e+00  2.36869627e+00  2.53812324e+00  2.54877711e+00
  2.64943478e+00  2.67786059e+00  2.69098053e+00  2.71227482e+00
  2.77656550e+00  2.78339402e+00  3.03829584e+00  3.39303300e+00]
nelec by numeric integration = 68.00002467752255
    CPU time for vxc      5.91 sec, wall time      0.21 sec
E1 = -1766.410879741974  Ecoul = 714.377104840518  Exc = -70.51901229768546
cycle= 4 E= -748.128153305593  delta_E= -0.00115  |g|= 0.0355  |ddm|= 0.093
    CPU time for cycle= 4      6.46 sec, wall time      0.23 sec
  HOMO = -0.260287661316564  LUMO = -0.0303203339275751
  mo_energy =
[-1.01488735e+02 -1.43361534e+01 -1.02286409e+01 -1.02286302e+01
 -1.02105502e+01 -1.02090792e+01 -1.02008322e+01 -1.02008097e+01
 -9.42080421e+00 -7.18375768e+00 -7.17425999e+00 -7.17424964e+00
 -9.56953252e-01 -8.18863831e-01 -8.11286556e-01 -7.72093201e-01
 -6.55175725e-01 -6.43539238e-01 -6.34606961e-01 -5.38605405e-01
 -4.89350914e-01 -4.83586046e-01 -4.41432866e-01 -4.25675009e-01
 -4.23018212e-01 -4.14537923e-01 -4.07275484e-01 -3.81351788e-01
 -3.77740708e-01 -2.97221266e-01 -2.72281160e-01 -2.72068619e-01
 -2.71123660e-01 -2.60287661e-01 -3.03203339e-02 -2.11580186e-02
  5.39447960e-02  9.12801214e-02  1.20260963e-01  1.27097064e-01
  1.37995834e-01  1.48614415e-01  1.56479262e-01  1.70947572e-01
  1.76254646e-01  2.03088843e-01  2.49375062e-01  2.87500203e-01
  3.12965788e-01  3.13344184e-01  4.29507808e-01  4.39404998e-01
  4.47035513e-01  4.81680930e-01  4.81969209e-01  4.82960961e-01
  5.05028083e-01  5.27861168e-01  5.45386667e-01  5.68773930e-01
  5.77245156e-01  5.77795865e-01  5.89839331e-01  5.92567890e-01
  5.95263656e-01  6.03564835e-01  6.20549323e-01  6.46184772e-01
  6.80393905e-01  6.85605544e-01  7.32926464e-01  8.13136916e-01
  8.25151107e-01  8.38146905e-01  8.48867903e-01  8.49836568e-01
  8.79550839e-01  8.82438021e-01  9.05529334e-01  9.14419635e-01
  9.21934038e-01  9.31340935e-01  9.33511259e-01  9.71008304e-01
  9.75622548e-01  9.79595623e-01  1.02895220e+00  1.06331310e+00
  1.07648666e+00  1.11692713e+00  1.15916642e+00  1.20229601e+00
  1.21250455e+00  1.24118253e+00  1.36839262e+00  1.39051768e+00
  1.45190133e+00  1.46025379e+00  1.47510660e+00  1.49549261e+00
  1.51106849e+00  1.51174900e+00  1.69589992e+00  1.70730116e+00
  1.70751913e+00  1.76213867e+00  1.82082532e+00  1.83436723e+00
  1.93265143e+00  1.95928396e+00  2.05274930e+00  2.12201281e+00
  2.12211706e+00  2.16556005e+00  2.16829243e+00  2.20781401e+00
  2.21245609e+00  2.24864642e+00  2.26202900e+00  2.28361886e+00
  2.32029446e+00  2.36861133e+00  2.54041004e+00  2.55018976e+00
  2.65127337e+00  2.67953924e+00  2.69145419e+00  2.71401805e+00
  2.77873268e+00  2.78460625e+00  3.03814764e+00  3.39434598e+00]
nelec by numeric integration = 68.00002442224175
    CPU time for vxc      6.05 sec, wall time      0.22 sec
E1 = -1766.3530119850889  Ecoul = 714.3152550677806  Exc = -70.51530154740483
cycle= 5 E= -748.128424571164  delta_E= -0.000271  |g|= 0.0106  |ddm|= 0.0427
    CPU time for cycle= 5      6.62 sec, wall time      0.24 sec
  HOMO = -0.258816448075349  LUMO = -0.0298818801245159
  mo_energy =
[-1.01486082e+02 -1.43334815e+01 -1.02254019e+01 -1.02253404e+01
 -1.02121981e+01 -1.02066622e+01 -1.02020589e+01 -1.02020040e+01
 -9.41876793e+00 -7.18164878e+00 -7.17216784e+00 -7.17215741e+00
 -9.55251123e-01 -8.17967208e-01 -8.11602355e-01 -7.71295443e-01
 -6.54106549e-01 -6.42896795e-01 -6.34274490e-01 -5.38344308e-01
 -4.88752815e-01 -4.83476662e-01 -4.41036977e-01 -4.24742669e-01
 -4.22138599e-01 -4.14521602e-01 -4.06347814e-01 -3.80466810e-01
 -3.77520788e-01 -2.97146218e-01 -2.71489079e-01 -2.71351212e-01
 -2.70504235e-01 -2.58816448e-01 -2.98818801e-02 -2.06323208e-02
  5.48884454e-02  9.12992987e-02  1.20707181e-01  1.27590182e-01
  1.38473094e-01  1.48811186e-01  1.56585710e-01  1.71617024e-01
  1.76264342e-01  2.03676592e-01  2.49777562e-01  2.87411817e-01
  3.13403417e-01  3.13895530e-01  4.30172116e-01  4.39872627e-01
  4.47467095e-01  4.82253591e-01  4.82544763e-01  4.83542594e-01
  5.05433831e-01  5.28152907e-01  5.45984215e-01  5.69526383e-01
  5.77648932e-01  5.78232341e-01  5.89725222e-01  5.92852727e-01
  5.95365547e-01  6.03576694e-01  6.21676007e-01  6.46613299e-01
  6.80063676e-01  6.86704082e-01  7.34144023e-01  8.13987284e-01
  8.24490451e-01  8.38630410e-01  8.48797510e-01  8.51102466e-01
  8.80435941e-01  8.83416897e-01  9.06108743e-01  9.14399750e-01
  9.22600306e-01  9.32272317e-01  9.33827854e-01  9.71562019e-01
  9.76616812e-01  9.80393461e-01  1.02995411e+00  1.06392497e+00
  1.07693258e+00  1.11740571e+00  1.15898810e+00  1.20265277e+00
  1.21338768e+00  1.24167887e+00  1.36875400e+00  1.39087439e+00
  1.45245202e+00  1.46008712e+00  1.47513053e+00  1.49658966e+00
  1.51226088e+00  1.51293648e+00  1.69662903e+00  1.70849308e+00
  1.70870015e+00  1.76320906e+00  1.82097499e+00  1.83463656e+00
  1.93243396e+00  1.95978067e+00  2.05301822e+00  2.12238661e+00
  2.12259078e+00  2.16530097e+00  2.16939020e+00  2.20873093e+00
  2.21363362e+00  2.24973293e+00  2.26312870e+00  2.28426452e+00
  2.32032378e+00  2.36981224e+00  2.54090017e+00  2.55062394e+00
  2.65180222e+00  2.67997178e+00  2.69240696e+00  2.71473358e+00
  2.77882650e+00  2.78534779e+00  3.03933466e+00  3.39503334e+00]
nelec by numeric integration = 68.00002445314401
    CPU time for vxc      6.26 sec, wall time      0.22 sec
E1 = -1766.2891196126427  Ecoul = 714.2473381235218  Exc = -70.51130412791505
cycle= 6 E= -748.128451723487  delta_E= -2.72e-05  |g|= 0.00456  |ddm|= 0.0156
    CPU time for cycle= 6      7.18 sec, wall time      0.26 sec
  HOMO = -0.25911656731567  LUMO = -0.0299316594437407
  mo_energy =
[-1.01486105e+02 -1.43340660e+01 -1.02265097e+01 -1.02264351e+01
 -1.02113875e+01 -1.02067745e+01 -1.02017632e+01 -1.02017148e+01
 -9.41883134e+00 -7.18170468e+00 -7.17222740e+00 -7.17221694e+00
 -9.55842578e-01 -8.18119608e-01 -8.11488933e-01 -7.71559358e-01
 -6.54164919e-01 -6.43036285e-01 -6.34320441e-01 -5.38388144e-01
 -4.88916226e-01 -4.83462047e-01 -4.41198791e-01 -4.24875496e-01
 -4.22248786e-01 -4.14454770e-01 -4.06627166e-01 -3.80560382e-01
 -3.77558142e-01 -2.97122061e-01 -2.71596057e-01 -2.71497592e-01
 -2.70673682e-01 -2.59116567e-01 -2.99316594e-02 -2.07970573e-02
  5.47770808e-02  9.13591241e-02  1.20665431e-01  1.27506088e-01
  1.38386483e-01  1.48811357e-01  1.56629312e-01  1.71508079e-01
  1.76314555e-01  2.03575145e-01  2.49668225e-01  2.87473354e-01
  3.13334265e-01  3.13757395e-01  4.30144008e-01  4.39752943e-01
  4.47383449e-01  4.82154091e-01  4.82445048e-01  4.83363086e-01
  5.05310758e-01  5.28110352e-01  5.45910125e-01  5.69408781e-01
  5.77546781e-01  5.78089035e-01  5.89754599e-01  5.92816821e-01
  5.95368808e-01  6.03601190e-01  6.21390076e-01  6.46483694e-01
  6.80206827e-01  6.86458543e-01  7.33900563e-01  8.13769304e-01
  8.24766226e-01  8.38522544e-01  8.48833906e-01  8.50858684e-01
  8.80321033e-01  8.83276073e-01  9.06107497e-01  9.14474691e-01
  9.22521075e-01  9.32151136e-01  9.33823608e-01  9.71486364e-01
  9.76495039e-01  9.80310717e-01  1.02973174e+00  1.06383844e+00
  1.07685614e+00  1.11728952e+00  1.15906423e+00  1.20257765e+00
  1.21325367e+00  1.24153627e+00  1.36861789e+00  1.39082181e+00
  1.45232750e+00  1.46014024e+00  1.47513449e+00  1.49643715e+00
  1.51189150e+00  1.51256935e+00  1.69643325e+00  1.70836616e+00
  1.70856903e+00  1.76290392e+00  1.82093223e+00  1.83459367e+00
  1.93251310e+00  1.95959111e+00  2.05292155e+00  2.12230936e+00
  2.12237430e+00  2.16539868e+00  2.16904646e+00  2.20851973e+00
  2.21346344e+00  2.24961616e+00  2.26300074e+00  2.28405563e+00
  2.32039239e+00  2.36945260e+00  2.54072692e+00  2.55051135e+00
  2.65164863e+00  2.67986106e+00  2.69218440e+00  2.71454197e+00
  2.77885401e+00  2.78515969e+00  3.03904554e+00  3.39489287e+00]
nelec by numeric integration = 68.00002444283353
    CPU time for vxc      6.45 sec, wall time      0.23 sec
E1 = -1766.3033162880768  Ecoul = 714.2620332635938  Exc = -70.51180834791083
cycle= 7 E= -748.128457478845  delta_E= -5.76e-06  |g|= 0.000497  |ddm|= 0.00464
    CPU time for cycle= 7      7.27 sec, wall time      0.26 sec
  HOMO = -0.259091407030169  LUMO = -0.0299232403263321
  mo_energy =
[-1.01486346e+02 -1.43340378e+01 -1.02264390e+01 -1.02263834e+01
 -1.02115222e+01 -1.02069783e+01 -1.02016520e+01 -1.02016176e+01
 -9.41901735e+00 -7.18189870e+00 -7.17241763e+00 -7.17240718e+00
 -9.55812873e-01 -8.18202587e-01 -8.11490961e-01 -7.71515491e-01
 -6.54228808e-01 -6.43014253e-01 -6.34301333e-01 -5.38376567e-01
 -4.88891345e-01 -4.83437090e-01 -4.41165235e-01 -4.24918386e-01
 -4.22296543e-01 -4.14469671e-01 -4.06608140e-01 -3.80636306e-01
 -3.77543338e-01 -2.97121363e-01 -2.71669419e-01 -2.71527310e-01
 -2.70676389e-01 -2.59091407e-01 -2.99232403e-02 -2.07641360e-02
  5.47133701e-02  9.13489038e-02  1.20659364e-01  1.27513647e-01
  1.38408550e-01  1.48812655e-01  1.56629719e-01  1.71485855e-01
  1.76319883e-01  2.03572183e-01  2.49677678e-01  2.87481540e-01
  3.13353862e-01  3.13779803e-01  4.30078141e-01  4.39767091e-01
  4.47394670e-01  4.82102129e-01  4.82392549e-01  4.83329360e-01
  5.05328909e-01  5.28119790e-01  5.45872521e-01  5.69385861e-01
  5.77569885e-01  5.78122031e-01  5.89764208e-01  5.92808108e-01
  5.95367344e-01  6.03609296e-01  6.21396667e-01  6.46513055e-01
  6.80211239e-01  6.86478034e-01  7.33900917e-01  8.13796072e-01
  8.24748288e-01  8.38545440e-01  8.48861100e-01  8.50862324e-01
  8.80259133e-01  8.83212007e-01  9.06071793e-01  9.14469962e-01
  9.22479030e-01  9.32078203e-01  9.33800113e-01  9.71469900e-01
  9.76430031e-01  9.80260456e-01  1.02975328e+00  1.06381398e+00
  1.07685565e+00  1.11729335e+00  1.15907192e+00  1.20259470e+00
  1.21321106e+00  1.24156014e+00  1.36864187e+00  1.39082949e+00
  1.45234451e+00  1.46015674e+00  1.47514908e+00  1.49643579e+00
  1.51192431e+00  1.51259850e+00  1.69645696e+00  1.70828532e+00
  1.70849226e+00  1.76292717e+00  1.82094944e+00  1.83460829e+00
  1.93251805e+00  1.95962791e+00  2.05293874e+00  2.12233460e+00
  2.12241001e+00  2.16540420e+00  2.16907995e+00  2.20852378e+00
  2.21340362e+00  2.24955067e+00  2.26293790e+00  2.28409508e+00
  2.32039478e+00  2.36948148e+00  2.54076048e+00  2.55052423e+00
  2.65167842e+00  2.67987903e+00  2.69221290e+00  2.71457823e+00
  2.77886238e+00  2.78518680e+00  3.03907584e+00  3.39492045e+00]
nelec by numeric integration = 68.00002444644522
    CPU time for vxc      6.04 sec, wall time      0.22 sec
E1 = -1766.3048897044644  Ecoul = 714.2637497861839  Exc = -70.51195151518608
cycle= 8 E= -748.128457539918  delta_E= -6.11e-08  |g|= 0.00018  |ddm|= 0.000638
    CPU time for cycle= 8      6.56 sec, wall time      0.23 sec
  HOMO = -0.259091311294181  LUMO = -0.0299161645284309
  mo_energy =
[-1.01486352e+02 -1.43340367e+01 -1.02264301e+01 -1.02263631e+01
 -1.02114677e+01 -1.02069523e+01 -1.02016865e+01 -1.02016415e+01
 -9.41901655e+00 -7.18189990e+00 -7.17241696e+00 -7.17240651e+00
 -9.55809289e-01 -8.18192875e-01 -8.11484257e-01 -7.71516971e-01
 -6.54221389e-01 -6.43014133e-01 -6.34297155e-01 -5.38371220e-01
 -4.88888969e-01 -4.83442352e-01 -4.41168175e-01 -4.24909446e-01
 -4.22287419e-01 -4.14458717e-01 -4.06604610e-01 -3.80630962e-01
 -3.77542163e-01 -2.97114390e-01 -2.71664980e-01 -2.71525189e-01
 -2.70676344e-01 -2.59091311e-01 -2.99161645e-02 -2.07662243e-02
  5.47198130e-02  9.13518359e-02  1.20663100e-01  1.27514585e-01
  1.38410211e-01  1.48812453e-01  1.56633224e-01  1.71491516e-01
  1.76319749e-01  2.03575872e-01  2.49680676e-01  2.87485152e-01
  3.13353816e-01  3.13780335e-01  4.30074653e-01  4.39768161e-01
  4.47396644e-01  4.82105413e-01  4.82395871e-01  4.83334580e-01
  5.05331885e-01  5.28122335e-01  5.45879130e-01  5.69391085e-01
  5.77568386e-01  5.78119599e-01  5.89766903e-01  5.92817776e-01
  5.95372952e-01  6.03612461e-01  6.21400625e-01  6.46511269e-01
  6.80213377e-01  6.86480461e-01  7.33906362e-01  8.13796937e-01
  8.24759233e-01  8.38544682e-01  8.48854537e-01  8.50865779e-01
  8.80265466e-01  8.83218140e-01  9.06076711e-01  9.14473009e-01
  9.22484715e-01  9.32084423e-01  9.33803997e-01  9.71474057e-01
  9.76433688e-01  9.80264818e-01  1.02975387e+00  1.06381821e+00
  1.07685713e+00  1.11729723e+00  1.15907279e+00  1.20259406e+00
  1.21321493e+00  1.24156232e+00  1.36864432e+00  1.39083249e+00
  1.45234533e+00  1.46015677e+00  1.47515467e+00  1.49643969e+00
  1.51192640e+00  1.51260194e+00  1.69645747e+00  1.70829917e+00
  1.70850562e+00  1.76293043e+00  1.82095297e+00  1.83461238e+00
  1.93252178e+00  1.95962570e+00  2.05294458e+00  2.12233569e+00
  2.12240930e+00  2.16540873e+00  2.16908254e+00  2.20853036e+00
  2.21341499e+00  2.24956286e+00  2.26295000e+00  2.28409331e+00
  2.32040131e+00  2.36948430e+00  2.54076040e+00  2.55052927e+00
  2.65167860e+00  2.67988320e+00  2.69221434e+00  2.71457750e+00
  2.77886849e+00  2.78518953e+00  3.03907867e+00  3.39492257e+00]
nelec by numeric integration = 68.00002444605073
    CPU time for vxc      5.90 sec, wall time      0.21 sec
E1 = -1766.3045199397366  Ecoul = 714.2633600576747  Exc = -70.51193155857811
cycle= 9 E= -748.128457547091  delta_E= -7.17e-09  |g|= 4.71e-05  |ddm|= 0.000163
    CPU time for cycle= 9      6.43 sec, wall time      0.23 sec
  HOMO = -0.259096769082656  LUMO = -0.0299212966325337
  mo_energy =
[-1.01486323e+02 -1.43340444e+01 -1.02264330e+01 -1.02263737e+01
 -1.02114843e+01 -1.02069410e+01 -1.02016851e+01 -1.02016478e+01
 -9.41899205e+00 -7.18187507e+00 -7.17239197e+00 -7.17238153e+00
 -9.55814663e-01 -8.18183697e-01 -8.11489430e-01 -7.71520727e-01
 -6.54216830e-01 -6.43018554e-01 -6.34301177e-01 -5.38375150e-01
 -4.88894073e-01 -4.83444606e-01 -4.41170828e-01 -4.24908360e-01
 -4.22285899e-01 -4.14462714e-01 -4.06608449e-01 -3.80623593e-01
 -3.77546126e-01 -2.97119500e-01 -2.71654528e-01 -2.71519775e-01
 -2.70674832e-01 -2.59096769e-01 -2.99212966e-02 -2.07698033e-02
  5.47254900e-02  9.13508758e-02  1.20661862e-01  1.27513436e-01
  1.38406011e-01  1.48811311e-01  1.56630983e-01  1.71491453e-01
  1.76318730e-01  2.03574392e-01  2.49677367e-01  2.87481671e-01
  3.13350789e-01  3.13776429e-01  4.30084318e-01  4.39766125e-01
  4.47394054e-01  4.82112796e-01  4.82403306e-01  4.83338532e-01
  5.05328368e-01  5.28118745e-01  5.45880944e-01  5.69391967e-01
  5.77565569e-01  5.78116983e-01  5.89763095e-01  5.92814058e-01
  5.95369793e-01  6.03608955e-01  6.21397348e-01  6.46508472e-01
  6.80209768e-01  6.86477693e-01  7.33903892e-01  8.13794315e-01
  8.24754586e-01  8.38542158e-01  8.48852547e-01  8.50862850e-01
  8.80272489e-01  8.83225723e-01  9.06078113e-01  9.14471297e-01
  9.22489288e-01  9.32093810e-01  9.33805280e-01  9.71475104e-01
  9.76441187e-01  9.80269458e-01  1.02975042e+00  1.06381923e+00
  1.07685625e+00  1.11729452e+00  1.15907002e+00  1.20259119e+00
  1.21321879e+00  1.24155731e+00  1.36863986e+00  1.39082878e+00
  1.45234227e+00  1.46015191e+00  1.47514961e+00  1.49643647e+00
  1.51192210e+00  1.51259678e+00  1.69645302e+00  1.70830293e+00
  1.70850908e+00  1.76292653e+00  1.82094820e+00  1.83460744e+00
  1.93251730e+00  1.95962235e+00  2.05293960e+00  2.12233116e+00
  2.12240533e+00  2.16540323e+00  2.16907840e+00  2.20852654e+00
  2.21341769e+00  2.24956495e+00  2.26295184e+00  2.28408963e+00
  2.32039529e+00  2.36947944e+00  2.54075650e+00  2.55052399e+00
  2.65167384e+00  2.67987831e+00  2.69220929e+00  2.71457304e+00
  2.77886266e+00  2.78518444e+00  3.03907337e+00  3.39491751e+00]
nelec by numeric integration = 68.00002444568156
    CPU time for vxc      5.89 sec, wall time      0.21 sec
E1 = -1766.3043937240482  Ecoul = 714.2632228730427  Exc = -70.51192059024565
cycle= 10 E= -748.128457547702  delta_E= -6.11e-10  |g|= 1.6e-05  |ddm|= 7.98e-05
    CPU time for cycle= 10      6.40 sec, wall time      0.23 sec
  HOMO = -0.259096796064306  LUMO = -0.0299198705940149
  mo_energy =
[-1.01486336e+02 -1.43340466e+01 -1.02264328e+01 -1.02263633e+01
 -1.02114782e+01 -1.02069429e+01 -1.02016908e+01 -1.02016433e+01
 -9.41900303e+00 -7.18188625e+00 -7.17240317e+00 -7.17239273e+00
 -9.55813227e-01 -8.18188028e-01 -8.11488174e-01 -7.71519181e-01
 -6.54218263e-01 -6.43017259e-01 -6.34299653e-01 -5.38373639e-01
 -4.88892472e-01 -4.83443862e-01 -4.41169675e-01 -4.24908889e-01
 -4.22286458e-01 -4.14461699e-01 -4.06607269e-01 -3.80626352e-01
 -3.77544681e-01 -2.97118272e-01 -2.71658739e-01 -2.71521939e-01
 -2.70675414e-01 -2.59096796e-01 -2.99198706e-02 -2.07684480e-02
  5.47234213e-02  9.13510622e-02  1.20662461e-01  1.27513843e-01
  1.38407261e-01  1.48811466e-01  1.56631768e-01  1.71491198e-01
  1.76318399e-01  2.03575475e-01  2.49678356e-01  2.87482734e-01
  3.13351342e-01  3.13777861e-01  4.30081663e-01  4.39766423e-01
  4.47395032e-01  4.82109802e-01  4.82400301e-01  4.83336144e-01
  5.05329863e-01  5.28119629e-01  5.45880071e-01  5.69391495e-01
  5.77566707e-01  5.78118021e-01  5.89764268e-01  5.92815664e-01
  5.95370473e-01  6.03610255e-01  6.21397994e-01  6.46509569e-01
  6.80210690e-01  6.86479028e-01  7.33904772e-01  8.13795962e-01
  8.24756024e-01  8.38543047e-01  8.48852934e-01  8.50862883e-01
  8.80269544e-01  8.83222410e-01  9.06077560e-01  9.14471443e-01
  9.22487524e-01  9.32089906e-01  9.33804725e-01  9.71474690e-01
  9.76438018e-01  9.80267687e-01  1.02975120e+00  1.06381864e+00
  1.07685653e+00  1.11729547e+00  1.15907086e+00  1.20259182e+00
  1.21321661e+00  1.24155891e+00  1.36864145e+00  1.39082935e+00
  1.45234340e+00  1.46015308e+00  1.47515151e+00  1.49643669e+00
  1.51192329e+00  1.51259884e+00  1.69645396e+00  1.70830170e+00
  1.70850794e+00  1.76292785e+00  1.82094976e+00  1.83460860e+00
  1.93251845e+00  1.95962371e+00  2.05294159e+00  2.12233266e+00
  2.12240681e+00  2.16540460e+00  2.16908015e+00  2.20852780e+00
  2.21341656e+00  2.24956438e+00  2.26295143e+00  2.28409119e+00
  2.32039682e+00  2.36948094e+00  2.54075802e+00  2.55052541e+00
  2.65167523e+00  2.67987986e+00  2.69221079e+00  2.71457461e+00
  2.77886416e+00  2.78518606e+00  3.03907487e+00  3.39491909e+00]
nelec by numeric integration = 68.00002444586549
    CPU time for vxc      5.92 sec, wall time      0.21 sec
E1 = -1766.3044780056991  Ecoul = 714.2633141280713  Exc = -70.51192756354729
Extra cycle  E= -748.128457547626  delta_E= 7.59e-11  |g|= 2.29e-05  |ddm|= 3.96e-05
    CPU time for scf_cycle     89.69 sec, wall time      3.33 sec
    CPU time for SCF     89.70 sec, wall time      3.33 sec
converged SCF energy = -748.128457547626
Converting <class 'pyscf.dft.rks.RKS'> to RHF


******** <class 'pyscf.tdscf.rks.TDA'> for <class 'pyscf.dft.rks.RKS'> ********
nstates = 50 singlet
wfnsym = None
conv_tol = 1e-09
eigh lindep = 1e-12
eigh level_shift = 0
eigh max_space = 600
eigh max_cycle = 2000
chkfile = /scratch/global/yangjunjie/tmpu9cgp82y
max_memory 127949 MB (current use 601 MB)


davidson 0 50  |r|= 0.241  e= [0.18474477 0.18798519 0.21434036 0.2223701  0.22247802 0.23190474
 0.23221678 0.27728937 0.28291508 0.28327739 0.28879975 0.29639022
 0.29999152 0.30764911 0.32030103 0.32034943 0.32588404 0.32649819
 0.33059056 0.33989923 0.33991394 0.34128433 0.34307248 0.34438263
 0.35025478 0.35045067 0.35196888 0.35364076 0.35741306 0.35921928
 0.36158958 0.36342641 0.3644992  0.36463432 0.36599102 0.36803748
 0.36904301 0.37134581 0.37498689 0.37609983 0.37750683 0.38281002
 0.38582128 0.3878583  0.39102341 0.391073   0.39245467 0.39742268
 0.42169123 0.45761957]  max|de|= 0.458  lindep=    1
Old state -> New state
    4     ->     3 
    3     ->     4 
   22     ->    13 
   15     ->    14 
   13     ->    15 
   14     ->    16 
   15     ->    17 
   16     ->    18 
   17     ->    19 
   18     ->    20 
   19     ->    21 
   21     ->    22 
   20     ->    23 
   23     ->    24 
   24     ->    25 
   25     ->    26 
   26     ->    28 
   30     ->    29 
   28     ->    30 
   29     ->    31 
   34     ->    32 
   31     ->    33 
   33     ->    34 
   32     ->    35 
   35     ->    36 
   34     ->    38 
   38     ->    39 
   39     ->    40 
   40     ->    41 
   45     ->    42 
   42     ->    43 
   46     ->    44 
   43     ->    45 
   44     ->    46 
   45     ->    47 
   47     ->    48 
   38     ->    49 
davidson 1 90  |r|= 0.131  e= [0.1822738  0.18726057 0.21116845 0.22231445 0.22235607 0.23189293
 0.23205395 0.24890197 0.27879605 0.27912391 0.28461151 0.29478274
 0.29945859 0.30033308 0.30372463 0.30634027 0.31909742 0.32519663
 0.32521439 0.32564325 0.32965007 0.33923425 0.33959805 0.33984795
 0.3430796  0.3490186  0.34908841 0.35059876 0.35128267 0.35427248
 0.35607039 0.3586295  0.36071458 0.3623738  0.36294726 0.36377633
 0.36763782 0.37040471 0.37244408 0.37334891 0.37429109 0.37713564
 0.37851958 0.38551392 0.38563229 0.38737235 0.39094625 0.3911439
 0.39678985 0.39756798]  max|de|= -0.0427  lindep= 0.824
Old state -> New state
   13     ->    12 
   12     ->    13 
   26     ->    25 
   25     ->    26 
   32     ->    31 
   31     ->    32 
   39     ->    36 
   36     ->    37 
   37     ->    39 
   49     ->    43 
   43     ->    45 
   45     ->    46 
   46     ->    48 
   48     ->    49 
davidson 2 130  |r|= 0.0266  e= [0.18224404 0.18725389 0.21114006 0.22231032 0.2223559  0.23189261
 0.23205133 0.24874144 0.27873195 0.27905427 0.2844346  0.29473042
 0.29928092 0.29941058 0.30219097 0.30627726 0.3190079  0.3243604
 0.32513583 0.32551293 0.32955759 0.33915945 0.33948699 0.33976311
 0.34295177 0.34873982 0.34885462 0.34969943 0.35115336 0.35409274
 0.3558443  0.35712885 0.35849451 0.36214605 0.36255246 0.36357683
 0.36738834 0.36757809 0.36964457 0.37013813 0.37352366 0.37612384
 0.37804472 0.37845084 0.38437046 0.38536901 0.38707985 0.39087725
 0.39088982 0.39621661]  max|de|= -0.0191  lindep= 0.815
Old state -> New state
   43     ->    42 
   42     ->    43 
davidson 3 170  |r|= 0.0446  e= [0.18224394 0.18725387 0.21113991 0.22231024 0.2223559  0.23189261
 0.23205129 0.24873791 0.27873022 0.27905194 0.28442864 0.29472871
 0.29925093 0.29940851 0.30212959 0.30627534 0.31899997 0.32431181
 0.32513045 0.32550003 0.32955176 0.33914706 0.33946768 0.33975585
 0.34293349 0.34868902 0.34882702 0.34961332 0.35113502 0.35407758
 0.35580948 0.35589954 0.35848221 0.36210844 0.36248891 0.3635122
 0.36618048 0.36753047 0.36905334 0.37009871 0.3730171  0.37584818
 0.37771513 0.37799584 0.38413016 0.38501966 0.38675377 0.39082433
 0.39086483 0.39519429]  max|de|= -0.00123  lindep= 0.847
Old state -> New state
   31     ->    30 
   30     ->    31 
   49     ->    47 
   47     ->    48 
   48     ->    49 
root 0 converged  |r|= 6.31e-07  e= 0.18224393746172887  max|de|= -2.37e-10
root 1 converged  |r|= 3.82e-07  e= 0.18725386951690567  max|de|= -4.47e-11
root 3 converged  |r|= 3.51e-06  e= 0.22231023737625139  max|de|= -8.22e-10
root 4 converged  |r|= 1.58e-07  e= 0.2223558989661836  max|de|= -4.35e-12
root 5 converged  |r|= 5.15e-07  e= 0.23189260827014782  max|de|= -2.77e-11
root 6 converged  |r|= 2.82e-06  e= 0.2320512891323011  max|de|= -4.87e-10
davidson 4 210  |r|= 0.0273  e= [0.18224394 0.18725387 0.21113991 0.22231024 0.2223559  0.23189261
 0.23205129 0.24873785 0.27873017 0.27905188 0.28442836 0.29472868
 0.29924962 0.29940842 0.30212643 0.30627525 0.31899952 0.32430902
 0.32513011 0.3254991  0.32955145 0.33914579 0.33946615 0.33975534
 0.3429316  0.34868515 0.34882305 0.34960657 0.35113407 0.3540759
 0.35579608 0.35580471 0.35848083 0.36210625 0.36248456 0.36349953
 0.3660782  0.36752773 0.36899706 0.37009    0.37289359 0.37571024
 0.37763821 0.37795619 0.38381042 0.38451806 0.38650937 0.38969532
 0.39081306 0.39087188]  max|de|= -0.0055  lindep= 0.808
root 2 converged  |r|= 3.15e-07  e= 0.21113991357234574  max|de|= -8.86e-12
root 7 converged  |r|= 4.13e-06  e= 0.248737850304816  max|de|= -6.88e-10
root 11 converged  |r|= 4.22e-06  e= 0.29472867676929204  max|de|= -5.97e-10
davidson 5 250  |r|= 0.0154  e= [0.18224394 0.18725387 0.21113991 0.22231024 0.2223559  0.23189261
 0.23205129 0.24873785 0.27873017 0.27905188 0.28442835 0.29472868
 0.29924955 0.29940842 0.30212631 0.30627525 0.31899951 0.32430885
 0.32513009 0.32549906 0.32955143 0.33914573 0.33946608 0.33975529
 0.34293147 0.34868482 0.3488227  0.34960607 0.351134   0.35407569
 0.3557899  0.35580419 0.35848074 0.36210603 0.36248398 0.36349737
 0.36607073 0.3675276  0.36899252 0.37008782 0.37266312 0.37547532
 0.37762817 0.37787107 0.38282964 0.38365993 0.38627965 0.38904902
 0.39080452 0.39085022]  max|de|= -0.000981  lindep= 0.746
Old state -> New state
   47     ->    48 
   48     ->    49 
root 8 converged  |r|= 4.37e-07  e= 0.2787301659049775  max|de|= -1.1e-11
root 9 converged  |r|= 1.25e-06  e= 0.27905188180142426  max|de|= -4.06e-11
root 10 converged  |r|= 2.74e-06  e= 0.2844283515730497  max|de|= -2.55e-10
root 13 converged  |r|= 1.2e-06  e= 0.29940842219402325  max|de|= -4.73e-11
root 15 converged  |r|= 1.59e-06  e= 0.30627525075597717  max|de|= -6.52e-11
root 16 converged  |r|= 4.43e-06  e= 0.3189995079858139  max|de|= -4.41e-10
root 18 converged  |r|= 6.33e-06  e= 0.32513009221403405  max|de|= -6.59e-10
root 20 converged  |r|= 5.24e-06  e= 0.32955143333556325  max|de|= -5.87e-10
davidson 6 290  |r|= 0.00949  e= [0.18224394 0.18725387 0.21113991 0.22231024 0.2223559  0.23189261
 0.23205129 0.24873785 0.27873017 0.27905188 0.28442835 0.29472868
 0.29924955 0.29940842 0.3021263  0.30627525 0.31899951 0.32430884
 0.32513009 0.32549906 0.32955143 0.33914572 0.33946607 0.33975529
 0.34293146 0.3486848  0.34882267 0.34960603 0.351134   0.35407566
 0.35578942 0.35580415 0.35848073 0.36210602 0.36248389 0.3634971
 0.36607035 0.3675276  0.36899205 0.37008745 0.37263505 0.37544878
 0.37762747 0.37786249 0.38265011 0.38339118 0.38608492 0.38883791
 0.39044534 0.39078755]  max|de|= 0.0014  lindep= 0.745
root 12 converged  |r|= 1.85e-06  e= 0.2992495456840099  max|de|= -9.65e-11
root 14 converged  |r|= 1.88e-06  e= 0.302126301185595  max|de|= -9.57e-11
root 17 converged  |r|= 4.4e-06  e= 0.32430883939309885  max|de|= -3.53e-10
root 19 converged  |r|= 1.4e-06  e= 0.32549905659320955  max|de|= -3.98e-11
root 21 converged  |r|= 2.23e-06  e= 0.3391457231521581  max|de|= -9.04e-11
root 22 converged  |r|= 2.04e-06  e= 0.33946607295761944  max|de|= -9.42e-11
root 23 converged  |r|= 3.34e-06  e= 0.33975528863196347  max|de|= -2.29e-10
root 24 converged  |r|= 7.03e-06  e= 0.34293146025720134  max|de|= -4.86e-10
root 25 converged  |r|= 6.5e-06  e= 0.3486847954796287  max|de|= -9.36e-10
root 28 converged  |r|= 2.06e-06  e= 0.351133998755785  max|de|= -8.58e-11
root 32 converged  |r|= 3.54e-06  e= 0.3584807325268553  max|de|= -2.42e-10
root 33 converged  |r|= 6.35e-06  e= 0.36210601939980336  max|de|= -5.66e-10
root 37 converged  |r|= 3.93e-06  e= 0.36752759544213676  max|de|= -2.99e-10
davidson 7 323  |r|= 0.00226  e= [0.18224394 0.18725387 0.21113991 0.22231024 0.2223559  0.23189261
 0.23205129 0.24873785 0.27873017 0.27905188 0.28442835 0.29472868
 0.29924955 0.29940842 0.3021263  0.30627525 0.31899951 0.32430884
 0.32513009 0.32549906 0.32955143 0.33914572 0.33946607 0.33975529
 0.34293146 0.3486848  0.34882267 0.34960603 0.351134   0.35407566
 0.3557894  0.35580414 0.35848073 0.36210602 0.36248388 0.36349709
 0.36607033 0.3675276  0.36899201 0.37008743 0.37263168 0.37544583
 0.37762744 0.37786154 0.38262948 0.38337062 0.38607193 0.38881661
 0.39037955 0.39078628]  max|de|= -6.58e-05  lindep= 0.75
root 26 converged  |r|= 2.65e-06  e= 0.3488226701147561  max|de|= -9.3e-11
root 27 converged  |r|= 1.33e-06  e= 0.34960603216040165  max|de|= -3.5e-11
root 29 converged  |r|= 2.15e-06  e= 0.354075659916071  max|de|= -7.24e-11
root 31 converged  |r|= 1.65e-06  e= 0.3558041448161192  max|de|= -4.44e-11
root 34 converged  |r|= 6.08e-06  e= 0.3624838774025344  max|de|= -3.82e-10
root 35 converged  |r|= 5.04e-06  e= 0.3634970904924216  max|de|= -4.03e-10
root 36 converged  |r|= 7.24e-06  e= 0.36607033141740797  max|de|= -5.37e-10
root 39 converged  |r|= 7.56e-06  e= 0.3700874262045957  max|de|= -7.13e-10
davidson 8 343  |r|= 0.000582  e= [0.18224394 0.18725387 0.21113991 0.22231024 0.2223559  0.23189261
 0.23205129 0.24873785 0.27873017 0.27905188 0.28442835 0.29472868
 0.29924955 0.29940842 0.3021263  0.30627525 0.31899951 0.32430884
 0.32513009 0.32549906 0.32955143 0.33914572 0.33946607 0.33975529
 0.34293146 0.3486848  0.34882267 0.34960603 0.351134   0.35407566
 0.3557894  0.35580414 0.35848073 0.36210602 0.36248388 0.36349709
 0.36607033 0.3675276  0.36899201 0.37008743 0.37263136 0.37544558
 0.37762744 0.37786145 0.38262771 0.38336968 0.38607139 0.3888157
 0.39037593 0.39078615]  max|de|= -3.61e-06  lindep= 0.742
root 30 converged  |r|= 2.14e-06  e= 0.3557893949471356  max|de|= -5.37e-11
root 38 converged  |r|= 3.06e-06  e= 0.3689920107296891  max|de|= -1.03e-10
root 42 converged  |r|= 1.94e-06  e= 0.3776274396327606  max|de|= -4.02e-11
davidson 9 355  |r|= 0.000129  e= [0.18224394 0.18725387 0.21113991 0.22231024 0.2223559  0.23189261
 0.23205129 0.24873785 0.27873017 0.27905188 0.28442835 0.29472868
 0.29924955 0.29940842 0.3021263  0.30627525 0.31899951 0.32430884
 0.32513009 0.32549906 0.32955143 0.33914572 0.33946607 0.33975529
 0.34293146 0.3486848  0.34882267 0.34960603 0.351134   0.35407566
 0.35578939 0.35580414 0.35848073 0.36210602 0.36248388 0.36349709
 0.36607033 0.3675276  0.36899201 0.37008743 0.37263133 0.37544556
 0.37762744 0.37786144 0.38262758 0.38336963 0.38607136 0.38881566
 0.39037576 0.39078614]  max|de|= -1.71e-07  lindep= 0.756
root 43 converged  |r|= 7.32e-06  e= 0.37786144348258727  max|de|= -5.08e-10
root 46 converged  |r|= 1.09e-05  e= 0.3860713628668667  max|de|= -9.17e-10
davidson 10 364  |r|= 3.07e-05  e= [0.18224394 0.18725387 0.21113991 0.22231024 0.2223559  0.23189261
 0.23205129 0.24873785 0.27873017 0.27905188 0.28442835 0.29472868
 0.29924955 0.29940842 0.3021263  0.30627525 0.31899951 0.32430884
 0.32513009 0.32549906 0.32955143 0.33914572 0.33946607 0.33975529
 0.34293146 0.3486848  0.34882267 0.34960603 0.351134   0.35407566
 0.35578939 0.35580414 0.35848073 0.36210602 0.36248388 0.36349709
 0.36607033 0.3675276  0.36899201 0.37008743 0.37263133 0.37544556
 0.37762744 0.37786144 0.38262757 0.38336963 0.38607136 0.38881565
 0.39037575 0.39078614]  max|de|= -8.93e-09  lindep= 0.743
root 40 converged  |r|= 3.01e-06  e= 0.3726313302199692  max|de|= -8.57e-11
root 41 converged  |r|= 2.6e-06  e= 0.3754455584406038  max|de|= -6.03e-11
root 44 converged  |r|= 9.75e-06  e= 0.3826275718522443  max|de|= -5.99e-10
root 45 converged  |r|= 2.66e-06  e= 0.3833696296458302  max|de|= -4.17e-11
root 47 converged  |r|= 3.24e-06  e= 0.38881565362652554  max|de|= -6.64e-11
root 48 converged  |r|= 5.91e-06  e= 0.3903757546071502  max|de|= -2.02e-10
root 49 converged  |r|= 3.76e-06  e= 0.39078613546094176  max|de|= -9.41e-11
converged 11 371  |r|= 9.75e-06  e= [0.18224394 0.18725387 0.21113991 0.22231024 0.2223559  0.23189261
 0.23205129 0.24873785 0.27873017 0.27905188 0.28442835 0.29472868
 0.29924955 0.29940842 0.3021263  0.30627525 0.31899951 0.32430884
 0.32513009 0.32549906 0.32955143 0.33914572 0.33946607 0.33975529
 0.34293146 0.3486848  0.34882267 0.34960603 0.351134   0.35407566
 0.35578939 0.35580414 0.35848073 0.36210602 0.36248388 0.36349709
 0.36607033 0.3675276  0.36899201 0.37008743 0.37263133 0.37544556
 0.37762744 0.37786144 0.38262757 0.38336963 0.38607136 0.38881565
 0.39037575 0.39078614]  max|de|= -5.99e-10
    CPU time for TDA   1065.06 sec, wall time     39.71 sec
Excited State energies (eV)
[ 4.95911013  5.09543733  5.74540969  6.04936969  6.0506122   6.31011928
  6.3144372   6.76850166  7.58463414  7.59338848  7.73968967  8.01997579
  8.1429949   8.14731815  8.22127541  8.33417408  8.68041875  8.82489302
  8.84724045  8.85728048  8.96755127  9.22862519  9.23734235  9.24521231
  9.33164034  9.48819657  9.49194833  9.5132647   9.55484278  9.63488946
  9.68152257  9.68192393  9.75475759  9.85340667  9.86368871  9.89125965
  9.9612811  10.00093527 10.04078404 10.07059181 10.13981497 10.21639402
 10.27576603 10.2821336  10.41182656 10.43201898 10.50553689 10.58021284
 10.62266535 10.63383238]
Converting <class 'pyscf.dft.rks.RKS'> to RHF


******** <class 'pyscf.tdscf.rks.TDDFT'> for <class 'pyscf.dft.rks.RKS'> ********
nstates = 50 singlet
wfnsym = None
conv_tol = 1e-09
eigh lindep = 1e-12
eigh level_shift = 0
eigh max_space = 600
eigh max_cycle = 2000
chkfile = /scratch/global/yangjunjie/tmpu9cgp82y
max_memory 127949 MB (current use 892 MB)


davidson 0 50  |r|= 0.367  e= [0.18474477 0.18798519 0.21434036 0.2223701  0.22247802 0.23190474
 0.23221678 0.27728937 0.28291508 0.28327739 0.28879975 0.29639022
 0.29999152 0.30764911 0.32030103 0.32034943 0.32588404 0.32649819
 0.33059056 0.33989923 0.33991394 0.34128433 0.34307248 0.34438263
 0.35025478 0.35045067 0.35196888 0.35364076 0.35741306 0.35921928
 0.36158958 0.36342641 0.3644992  0.36463432 0.36599102 0.36803748
 0.36904301 0.37134581 0.37498689 0.37609983 0.37750683 0.38281002
 0.38582128 0.3878583  0.39102341 0.391073   0.39245467 0.39742268
 0.42169123 0.45761957]  max|de|= 0.458  lindep=    1
Old state -> New state
   22     ->     0 
   36     ->     1 
   49     ->     2 
    0     ->     3 
    1     ->     4 
    0     ->     5 
    7     ->     6 
    2     ->     7 
    3     ->     8 
    4     ->     9 
    9     ->    10 
    5     ->    11 
    6     ->    12 
    8     ->    13 
    7     ->    14 
    7     ->    15 
   10     ->    16 
    8     ->    17 
    9     ->    18 
   11     ->    19 
   36     ->    20 
    8     ->    21 
   12     ->    22 
   15     ->    23 
   13     ->    24 
   15     ->    25 
   11     ->    26 
   14     ->    27 
   17     ->    28 
   14     ->    29 
   16     ->    30 
   23     ->    31 
   36     ->    32 
   18     ->    33 
   21     ->    34 
   24     ->    35 
   20     ->    36 
   19     ->    37 
   26     ->    38 
   23     ->    39 
   21     ->    40 
   25     ->    41 
   24     ->    42 
   28     ->    43 
   30     ->    44 
   29     ->    45 
   26     ->    46 
   31     ->    47 
   30     ->    48 
   32     ->    49 
davidson 1 90  |r|= 0.756  e= [0.03759151 0.05798699 0.18075985 0.1824254  0.18689865 0.18929146
 0.19845499 0.20982242 0.22235288 0.22237975 0.2304814  0.23188906
 0.23211425 0.23583075 0.26811177 0.27415699 0.27796994 0.28234038
 0.28681706 0.28798788 0.2900938  0.29114574 0.29832194 0.30432786
 0.30536943 0.30625338 0.31107667 0.31492743 0.32070844 0.32115891
 0.32482837 0.32663128 0.3282074  0.32889496 0.33245048 0.3362006
 0.33919212 0.34042999 0.34311526 0.34491769 0.3455366  0.3477298
 0.35008566 0.35446729 0.35485176 0.35679047 0.35924213 0.36253113
 0.36278366 0.3643392 ]  max|de|= -0.311  lindep= 0.101
Old state -> New state
    1     ->     0 
   13     ->     2 
   13     ->     3 
    0     ->     4 
    3     ->     5 
    4     ->     6 
    6     ->     7 
    7     ->     8 
    8     ->    10 
    6     ->    13 
   17     ->    14 
   18     ->    15 
    1     ->    16 
   15     ->    17 
   17     ->    18 
   16     ->    19 
   19     ->    20 
   22     ->    21 
   24     ->    22 
   29     ->    23 
   23     ->    24 
   30     ->    25 
   28     ->    26 
   33     ->    27 
   34     ->    28 
   37     ->    29 
   36     ->    30 
   39     ->    31 
   41     ->    32 
   42     ->    33 
   41     ->    34 
   46     ->    35 
   44     ->    36 
   14     ->    37 
   43     ->    38 
   45     ->    39 
   47     ->    40 
   48     ->    41 
   49     ->    42 
   46     ->    43 
   14     ->    44 
   49     ->    45 
   48     ->    47 
   43     ->    48 
   48     ->    49 
davidson 2 130  |r|= 1.24  e= [0.01662028 0.05258049 0.06103477 0.08039097 0.08326111 0.18053544
 0.18702889 0.19779096 0.2089086  0.22224467 0.22235342 0.23189088
 0.23192155 0.24181107 0.27670107 0.27672346 0.27724041 0.27801817
 0.27802258 0.28777319 0.29435165 0.29933442 0.30583088 0.31867203
 0.32126667 0.32503543 0.32537802 0.32938117 0.33886031 0.33916474
 0.33956905 0.34264869 0.34845413 0.34850253 0.34962617 0.35103179
 0.35265402 0.35453791 0.35554234 0.35812995 0.36217104 0.36251379
 0.36350323 0.36744549 0.36956569 0.37010205 0.37139421 0.37294434
 0.37477464 0.37634715]  max|de|= 0.219  lindep= 0.0852
Old state -> New state
    0     ->     1 
    5     ->     2 
    5     ->     3 
    8     ->     4 
    6     ->     5 
    5     ->     6 
    8     ->     7 
    9     ->     8 
   10     ->     9 
   11     ->    10 
   12     ->    11 
   13     ->    12 
   14     ->    13 
   16     ->    14 
   14     ->    15 
   15     ->    16 
   19     ->    17 
   20     ->    18 
   21     ->    19 
   22     ->    20 
   22     ->    21 
   23     ->    22 
   24     ->    23 
   25     ->    24 
   26     ->    25 
   27     ->    26 
   28     ->    27 
   29     ->    28 
   30     ->    29 
   31     ->    30 
   32     ->    31 
   41     ->    40 
   40     ->    42 
   46     ->    43 
   42     ->    44 
   43     ->    45 
   44     ->    46 
   45     ->    47 
   47     ->    48 
davidson 3 170  |r|= 1.18  e= [0.04052725 0.04360048 0.13162682 0.18062134 0.18319272 0.18703495
 0.1896775  0.20881878 0.22218966 0.22235414 0.23189061 0.23191663
 0.2385615  0.27102952 0.27206671 0.27661103 0.27681791 0.28820168
 0.29437221 0.29939764 0.30648191 0.30791533 0.31831907 0.32117416
 0.3250161  0.3256105  0.32942039 0.33875321 0.33915228 0.33963693
 0.34263478 0.34756966 0.34788813 0.34846003 0.35000732 0.35071166
 0.35279689 0.35448328 0.35569823 0.35833729 0.36022415 0.3621194
 0.36215689 0.36293387 0.36355488 0.36755136 0.36981944 0.37012475
 0.37348141 0.37566654]  max|de|= -0.0489  lindep= 0.0847
Old state -> New state
    1     ->     0 
    1     ->     2 
    5     ->     4 
    3     ->     5 
    7     ->     6 
    8     ->     7 
    9     ->     8 
   10     ->     9 
   11     ->    10 
   12     ->    11 
    6     ->    12 
   16     ->    13 
   15     ->    14 
   16     ->    15 
   14     ->    16 
   14     ->    18 
   18     ->    19 
   19     ->    20 
   20     ->    21 
   28     ->    27 
   27     ->    28 
   28     ->    29 
   29     ->    30 
   30     ->    31 
   36     ->    32 
   32     ->    33 
   33     ->    34 
   34     ->    35 
   35     ->    36 
   36     ->    37 
   37     ->    38 
   38     ->    39 
   39     ->    40 
   42     ->    41 
   41     ->    42 
   44     ->    43 
   43     ->    44 
davidson 4 210  |r|= 1.35  e= [0.03063243 0.04532905 0.07227955 0.18050328 0.18702886 0.19543891
 0.20882954 0.22219386 0.22235414 0.23189057 0.23191631 0.23871497
 0.23957317 0.27661368 0.27669431 0.27710446 0.27877488 0.28736763
 0.28884487 0.29439973 0.299354   0.305887   0.31868058 0.32116984
 0.32505341 0.32540654 0.32940507 0.33566089 0.33886593 0.33914527
 0.3395765  0.34326991 0.34326991 0.34830165 0.34849098 0.34932932
 0.3510514  0.35285395 0.35377334 0.35576711 0.35842293 0.36213296
 0.36256864 0.36353498 0.36611651 0.36751528 0.36908404 0.37007381
 0.37330955 0.37530484]  max|de|= 0.0499  lindep= 0.0427
Old state -> New state
    0     ->     1 
    4     ->     2 
    4     ->     5 
   16     ->     9 
    9     ->    10 
   10     ->    11 
   11     ->    12 
   19     ->    18 
   20     ->    19 
   21     ->    20 
   22     ->    21 
   23     ->    24 
   24     ->    26 
   25     ->    27 
   26     ->    28 
   28     ->    29 
   29     ->    30 
   30     ->    31 
   31     ->    32 
   37     ->    38 
   37     ->    40 
   40     ->    41 
   41     ->    42 
   42     ->    43 
   43     ->    44 
   44     ->    45 
   45     ->    46 
   46     ->    47 
   47     ->    48 
   48     ->    49 
davidson 5 250  |r|= 1.36  e= [0.08609404 0.10057655 0.11173382 0.1805128  0.18702444 0.19086958
 0.20883298 0.22219333 0.22235414 0.22683737 0.23189066 0.23191677
 0.23877279 0.2767223  0.2767237  0.27730676 0.27858496 0.2876424
 0.29438932 0.29933296 0.30586043 0.31599067 0.31866917 0.32116686
 0.32339156 0.32479693 0.32512354 0.32656252 0.32946966 0.33880353
 0.33914659 0.33960991 0.34261887 0.34809302 0.34839676 0.34929961
 0.35104972 0.35222907 0.35262818 0.35566775 0.3563585  0.358385
 0.36201358 0.36266033 0.36341019 0.36533153 0.3675018  0.36878414
 0.37000131 0.37312675]  max|de|= -0.0753  lindep= 0.049
Old state -> New state
    2     ->     0 
    0     ->     1 
    0     ->     2 
    2     ->     3 
    1     ->     4 
    3     ->     5 
    4     ->     6 
    0     ->     7 
    6     ->     8 
    7     ->     9 
    8     ->    10 
   10     ->    11 
   11     ->    12 
   12     ->    13 
   12     ->    14 
   13     ->    15 
   14     ->    16 
   15     ->    17 
   16     ->    18 
   17     ->    19 
   18     ->    20 
   19     ->    21 
   20     ->    22 
   14     ->    23 
   22     ->    24 
   23     ->    25 
   23     ->    29 
   29     ->    30 
   30     ->    31 
   31     ->    32 
   32     ->    33 
   33     ->    34 
   34     ->    35 
   35     ->    36 
   36     ->    37 
   39     ->    38 
   37     ->    39 
   38     ->    40 
   39     ->    41 
   41     ->    42 
   42     ->    43 
   43     ->    44 
   44     ->    45 
   45     ->    46 
   46     ->    47 
   47     ->    48 
   48     ->    49 
davidson 6 290  |r|= 1.46  e= [0.02772916 0.04977874 0.07663283 0.07888674 0.09034878 0.18051246
 0.1870261  0.18947465 0.208836   0.22219352 0.22235413 0.23189065
 0.23191659 0.2387594  0.24808742 0.27673637 0.27673883 0.27736521
 0.27871849 0.28767244 0.29439438 0.29934943 0.30588072 0.3088137
 0.31865907 0.32111381 0.32504222 0.32538052 0.32939433 0.33381646
 0.33880906 0.33914693 0.33958374 0.34263566 0.34826384 0.34839969
 0.34929654 0.35103477 0.35142581 0.35243337 0.35269874 0.35599018
 0.35839411 0.36207185 0.36248016 0.36352327 0.36606158 0.36751559
 0.36861882 0.37003466]  max|de|= 0.103  lindep= 0.029
Old state -> New state
    1     ->     0 
    0     ->     1 
   18     ->     2 
    5     ->     3 
    6     ->     4 
    0     ->     5 
    8     ->     6 
    9     ->     7 
   10     ->     8 
   13     ->     9 
   11     ->    10 
   12     ->    11 
    0     ->    12 
   16     ->    14 
   17     ->    16 
   18     ->    17 
   19     ->    18 
   20     ->    19 
   21     ->    20 
   22     ->    21 
   24     ->    22 
   25     ->    23 
   26     ->    24 
   27     ->    25 
    1     ->    26 
   28     ->    27 
   30     ->    28 
   31     ->    29 
   32     ->    30 
   33     ->    31 
   34     ->    32 
   34     ->    33 
   35     ->    34 
   36     ->    35 
   37     ->    36 
   39     ->    37 
   40     ->    38 
   41     ->    39 
   42     ->    40 
   42     ->    41 
   43     ->    42 
   44     ->    43 
   45     ->    44 
   46     ->    45 
   47     ->    46 
   48     ->    47 
   49     ->    48 
   29     ->    49 
root 8 converged  |r|= 2.18e-05  e= 0.2223541315445632  max|de|= -9.47e-10
root 10 converged  |r|= 1.19e-05  e= 0.23189065435979497  max|de|= -6.01e-10
davidson 7 330  |r|= 1.34  e= [0.05478333 0.05958672 0.10204472 0.18051246 0.18702612 0.1968591
 0.20883375 0.22219337 0.22235413 0.22966487 0.23189065 0.23191606
 0.23724805 0.23877176 0.27673449 0.27675282 0.27728665 0.27867665
 0.2876293  0.29439502 0.29935016 0.305881   0.31866106 0.3211097
 0.32504243 0.32538494 0.32909498 0.32939517 0.33882094 0.33915281
 0.33956387 0.34262009 0.3442653  0.34827316 0.34840792 0.34927759
 0.35103924 0.3522415  0.35265217 0.35564253 0.35808912 0.35843165
 0.36206129 0.36247366 0.36349754 0.36600751 0.3675002  0.36854751
 0.37005565 0.37217976]  max|de|= 0.279  lindep= 0.028
Old state -> New state
    1     ->     0 
    0     ->     1 
    1     ->     2 
   13     ->     3 
    3     ->     4 
    0     ->     5 
    4     ->     6 
    6     ->     7 
    1     ->     8 
    7     ->     9 
    8     ->    10 
   10     ->    11 
   11     ->    12 
    1     ->    14 
   14     ->    15 
   15     ->    16 
   16     ->    17 
   17     ->    18 
   18     ->    19 
   19     ->    20 
   20     ->    21 
   21     ->    22 
   22     ->    23 
   23     ->    24 
   24     ->    25 
   25     ->    26 
   37     ->    28 
   28     ->    29 
   29     ->    30 
   30     ->    31 
   31     ->    32 
   41     ->    40 
   44     ->    41 
davidson 8 370  |r|= 1.42  e= [0.00471528 0.04097437 0.05633567 0.07629414 0.18051245 0.18107078
 0.18702613 0.20883396 0.21300292 0.22219344 0.22235413 0.23189066
 0.23191654 0.23876162 0.25045504 0.2767342  0.27675055 0.27726782
 0.27867489 0.28761734 0.29439514 0.29935017 0.30588104 0.31866105
 0.32110668 0.32504351 0.32538371 0.32939483 0.33532483 0.33881373
 0.3391483  0.33956878 0.34262818 0.34823291 0.34841007 0.34927547
 0.35103616 0.3522868  0.35265987 0.35568256 0.35835631 0.36158318
 0.36205412 0.36244118 0.36427318 0.36605658 0.36753082 0.36854185
 0.37001544 0.37282959]  max|de|= 0.191  lindep= 0.0215
Old state -> New state
    1     ->     0 
    0     ->     1 
    4     ->     2 
    6     ->     3 
    7     ->     4 
    9     ->     5 
   10     ->     6 
   11     ->     7 
   12     ->     8 
   13     ->     9 
    0     ->    10 
   18     ->    11 
   15     ->    12 
   16     ->    13 
   17     ->    14 
   18     ->    15 
   19     ->    16 
   20     ->    17 
   21     ->    18 
   22     ->    19 
   23     ->    20 
   24     ->    21 
   25     ->    22 
   26     ->    23 
   27     ->    24 
    0     ->    25 
    0     ->    26 
   29     ->    27 
   30     ->    28 
   31     ->    29 
   32     ->    30 
   33     ->    31 
   34     ->    32 
   35     ->    33 
   36     ->    34 
   37     ->    35 
   38     ->    36 
   39     ->    37 
   40     ->    38 
   42     ->    39 
   43     ->    40 
   44     ->    41 
   45     ->    42 
   46     ->    43 
   47     ->    44 
   48     ->    45 
   49     ->    46 
   49     ->    47 
   49     ->    48 
   41     ->    49 
root 7 converged  |r|= 3.23e-07  e= 0.23189065567349304  max|de|= 1.48e-10
root 8 converged  |r|= 1.3e-05  e= 0.23191653786309463  max|de|= -2.08e-11
davidson 9 410  |r|= 1.33  e= [0.1596984  0.16060892 0.18051246 0.18702612 0.20883382 0.22219344
 0.22235413 0.23189066 0.23191654 0.23876209 0.23995142 0.27086651
 0.27673438 0.27675184 0.2772729  0.27867144 0.28762121 0.29439503
 0.29935017 0.30588096 0.31866142 0.32110435 0.32504355 0.32538292
 0.32939464 0.33269335 0.33780313 0.33880332 0.33913668 0.33956388
 0.34262487 0.34823704 0.34840829 0.34928072 0.35103607 0.35222782
 0.35265757 0.355639   0.3583677  0.36204975 0.36240982 0.36339213
 0.36592797 0.36750531 0.36835099 0.37000861 0.3706502  0.3737291
 0.37696824 0.37761619]  max|de|= 0.333  lindep= 0.0269
Old state -> New state
    1     ->     0 
    0     ->     1 
    0     ->     2 
    2     ->     3 
    3     ->     4 
    1     ->     5 
    4     ->     6 
    5     ->     7 
    6     ->     8 
    7     ->     9 
    8     ->    10 
    9     ->    11 
   16     ->    17 
   17     ->    18 
   18     ->    19 
   15     ->    20 
   19     ->    21 
   20     ->    22 
   20     ->    23 
   21     ->    24 
   22     ->    25 
   23     ->    26 
   24     ->    27 
   27     ->    28 
   28     ->    29 
   29     ->    30 
   30     ->    31 
   31     ->    32 
   32     ->    33 
   33     ->    34 
   34     ->    35 
   35     ->    36 
   36     ->    37 
   37     ->    38 
   38     ->    39 
   39     ->    40 
   40     ->    41 
   41     ->    42 
   42     ->    43 
   43     ->    44 
   44     ->    45 
   45     ->    46 
   46     ->    47 
   47     ->    48 
root 4 converged  |r|= 3.96e-06  e= 0.18702612391921725  max|de|= 6.09e-10
root 7 converged  |r|= 2.99e-06  e= 0.22219344002692293  max|de|= 3.71e-10
davidson 10 450  |r|= 1.86  e= [0.05180596 0.07178212 0.1590682  0.18051246 0.18702612 0.19371965
 0.20883383 0.22219344 0.22235413 0.23189066 0.23191654 0.23876199
 0.27673399 0.27675209 0.27727382 0.27867224 0.2876222  0.29101099
 0.29439505 0.29935017 0.30436567 0.30588102 0.3178205  0.31866318
 0.32110504 0.32504357 0.32538373 0.32939476 0.33881366 0.33914827
 0.3395642  0.34262455 0.3482343  0.34840846 0.34927695 0.35103595
 0.35222866 0.35265898 0.35564166 0.3583661  0.3620366  0.36238192
 0.36338197 0.36588116 0.36749824 0.36852282 0.37000993 0.37246788
 0.37458289 0.37760478]  max|de|= -0.109  lindep= 0.0187
Old state -> New state
    1     ->     0 
    3     ->     1 
    3     ->     2 
    4     ->     3 
    6     ->     4 
    7     ->     5 
    8     ->     6 
    1     ->     7 
    9     ->     8 
   10     ->     9 
   11     ->    10 
    0     ->    11 
    0     ->    12 
   14     ->    13 
   12     ->    14 
   13     ->    15 
   14     ->    16 
   15     ->    17 
   16     ->    18 
   18     ->    19 
   19     ->    20 
   23     ->    22 
   24     ->    23 
   25     ->    24 
   26     ->    25 
   27     ->    26 
   28     ->    27 
   29     ->    28 
   30     ->    29 
   31     ->    30 
   33     ->    31 
   42     ->    43 
   43     ->    44 
   44     ->    45 
   45     ->    46 
   46     ->    47 
   45     ->    48 
   47     ->    49 
root 2 converged  |r|= 5.35e-07  e= 0.18051246331392135  max|de|= 6.91e-10
root 9 converged  |r|= 1.17e-05  e= 0.2319165433262067  max|de|= -2.86e-11
root 19 converged  |r|= 1.74e-05  e= 0.29439505475747707  max|de|= 4.35e-10
davidson 11 490  |r|= 1.63  e= [0.0664458  0.07113283 0.18051246 0.18702612 0.20883383 0.22219344
 0.22235413 0.2256644  0.23189066 0.23191654 0.23876199 0.24720789
 0.27060087 0.27094344 0.27673405 0.27675213 0.27727234 0.27867197
 0.28762315 0.29439505 0.29935017 0.30588101 0.318661   0.32110471
 0.32504359 0.32538354 0.32939473 0.33881366 0.33914836 0.33956465
 0.34262457 0.34513523 0.34823433 0.34841263 0.34927692 0.35103601
 0.35223376 0.35265885 0.35563523 0.35836302 0.36204759 0.36237345
 0.36276821 0.3633416  0.36588332 0.36749677 0.36847164 0.37002087
 0.37129122 0.37250739]  max|de|= 0.219  lindep= 0.0228
Old state -> New state
    1     ->     0 
    2     ->     1 
    3     ->     2 
    4     ->     3 
    1     ->     4 
    8     ->     7 
    9     ->     8 
   10     ->     9 
    0     ->    10 
   14     ->    11 
   15     ->    12 
   16     ->    13 
   17     ->    14 
   18     ->    15 
   19     ->    16 
   20     ->    17 
    0     ->    18 
   21     ->    19 
   22     ->    20 
   23     ->    21 
   24     ->    22 
   25     ->    23 
   26     ->    24 
   27     ->    25 
   28     ->    26 
   29     ->    27 
   30     ->    28 
   32     ->    29 
   33     ->    30 
   34     ->    31 
   35     ->    32 
   36     ->    33 
   37     ->    34 
    1     ->    35 
   37     ->    36 
   38     ->    37 
   39     ->    38 
   40     ->    39 
   41     ->    40 
   43     ->    41 
   44     ->    42 
   45     ->    43 
   46     ->    44 
   47     ->    45 
   49     ->    46 
   46     ->    47 
   46     ->    48 
   42     ->    49 
root 22 converged  |r|= 8.98e-06  e= 0.32504359183386683  max|de|= 1.46e-10
davidson 12 530  |r|= 1.37  e= [0.12532967 0.18051246 0.18702612 0.20883383 0.21209422 0.22219344
 0.22235413 0.23189066 0.23191654 0.23876197 0.25963913 0.27673405
 0.27675236 0.27727411 0.2786719  0.28762326 0.29439505 0.29935017
 0.3032001  0.30588102 0.31866101 0.32110493 0.32504359 0.32538351
 0.32939474 0.33881385 0.33914818 0.33956423 0.34262445 0.34823422
 0.34840882 0.34927704 0.351036   0.35221569 0.35266295 0.35407128
 0.35502267 0.35564004 0.35836497 0.36203651 0.36236984 0.36337816
 0.36589032 0.36749644 0.36833545 0.37000771 0.37243892 0.37398701
 0.37745955 0.37760426]  max|de|= 0.283  lindep= 0.0208
Old state -> New state
   47     ->     0 
    0     ->     1 
    0     ->     2 
   14     ->     3 
    0     ->     4 
    1     ->     5 
    2     ->     6 
    3     ->     7 
    0     ->     8 
    5     ->     9 
    6     ->    10 
    7     ->    11 
    8     ->    12 
    9     ->    13 
   11     ->    14 
   12     ->    15 
   13     ->    16 
   14     ->    17 
   15     ->    18 
   16     ->    19 
   17     ->    20 
   19     ->    21 
   20     ->    22 
   21     ->    23 
   22     ->    24 
   23     ->    25 
   24     ->    26 
   25     ->    27 
   26     ->    28 
   27     ->    29 
   28     ->    30 
   29     ->    31 
   30     ->    32 
   31     ->    33 
   32     ->    34 
   33     ->    35 
   34     ->    36 
   49     ->    48 
   48     ->    49 
root 7 converged  |r|= 5.85e-08  e= 0.2088338286909845  max|de|= -6.44e-10
root 20 converged  |r|= 1.28e-06  e= 0.29935017141216586  max|de|= -1.09e-10
root 21 converged  |r|= 1.89e-06  e= 0.305881020623236  max|de|= 1.57e-11
root 22 converged  |r|= 6.36e-06  e= 0.3186610072295917  max|de|= 4.05e-11
root 26 converged  |r|= 2.82e-06  e= 0.329394742929259  max|de|= -9.74e-11
davidson 13 570  |r|= 1.98  e= [0.00461453 0.01567081 0.07593307 0.10281415 0.17140077 0.18051246
 0.18702612 0.20883383 0.22139952 0.22219344 0.22235413 0.23189066
 0.23191654 0.23876197 0.27673405 0.27675236 0.27727407 0.27867189
 0.2876232  0.29439505 0.29935017 0.30588102 0.31866101 0.32110493
 0.32504359 0.32538351 0.32939474 0.33881385 0.33914818 0.33956422
 0.34262459 0.34823414 0.34840868 0.34927693 0.351036   0.35222981
 0.35265959 0.35564154 0.35836561 0.36203648 0.36237164 0.36337669
 0.36589053 0.36749986 0.36849651 0.37000786 0.37234952 0.37437944
 0.37760302 0.37761038]  max|de|= -0.369  lindep= 0.0197
Old state -> New state
    0     ->     1 
    1     ->     2 
    5     ->     3 
    6     ->     4 
    7     ->     5 
    0     ->     6 
    9     ->     7 
   10     ->     8 
   11     ->     9 
   12     ->    10 
   13     ->    11 
   14     ->    12 
   15     ->    13 
   16     ->    14 
   17     ->    15 
   18     ->    16 
   19     ->    17 
    1     ->    18 
   20     ->    19 
   21     ->    20 
   22     ->    21 
   23     ->    22 
   24     ->    23 
   25     ->    24 
   26     ->    25 
   27     ->    26 
   28     ->    27 
   29     ->    28 
root 11 converged  |r|= 3.39e-07  e= 0.23876197271843305  max|de|= 2.28e-10
root 12 converged  |r|= 1.09e-06  e= 0.27673405012695684  max|de|= -4.33e-10
root 23 converged  |r|= 1.81e-06  e= 0.3250435947908456  max|de|= 4.15e-10
root 24 converged  |r|= 5.41e-06  e= 0.32538350957620005  max|de|= -7.24e-10
davidson 14 607  |r|= 2.24  e= [0.01431059 0.05185071 0.07810665 0.18051246 0.18702612 0.20883383
 0.2147305  0.22219344 0.22235413 0.23189066 0.23191654 0.23876197
 0.27673405 0.27675235 0.27727407 0.2786719  0.2876232  0.29439505
 0.29708812 0.29935017 0.30588102 0.31866101 0.32110492 0.32504359
 0.32538351 0.32939474 0.33881384 0.33914818 0.339564   0.34044177
 0.34262458 0.34823413 0.34840868 0.34927694 0.351036   0.35222968
 0.35265951 0.3556415  0.35836559 0.36203663 0.36237176 0.36337681
 0.36589076 0.36749983 0.36849782 0.37000072 0.37235391 0.37441858
 0.37760232 0.3776112 ]  max|de|= 0.281  lindep= 0.0272
Old state -> New state
    0     ->     1 
    3     ->     2 
    4     ->     3 
    5     ->     4 
    7     ->     5 
    8     ->     6 
    9     ->     7 
   10     ->     8 
   11     ->     9 
    0     ->    10 
   12     ->    11 
   13     ->    12 
   14     ->    13 
   15     ->    14 
   16     ->    15 
   17     ->    16 
   19     ->    17 
   20     ->    18 
   21     ->    19 
   22     ->    20 
   23     ->    21 
   24     ->    22 
   25     ->    23 
   26     ->    24 
   27     ->    25 
   28     ->    26 
   30     ->    27 
   31     ->    28 
   32     ->    29 
   33     ->    30 
   34     ->    31 
   35     ->    32 
   36     ->    33 
   37     ->    34 
   37     ->    35 
   38     ->    36 
   39     ->    37 
   40     ->    38 
   41     ->    39 
   42     ->    40 
   43     ->    41 
   44     ->    42 
   45     ->    43 
   46     ->    44 
   47     ->    45 
   49     ->    46 
   48     ->    47 
   29     ->    48 
   18     ->    49 
root 19 converged  |r|= 6.61e-07  e= 0.31866100646357925  max|de|= 5.03e-10
root 25 converged  |r|= 1.65e-06  e= 0.3391481805215559  max|de|= 7.69e-10
davidson 15 642  |r|= 2.08  e= [0.11085306 0.13760516 0.18051246 0.18702612 0.20883383 0.22219344
 0.22235413 0.23189066 0.23191654 0.23876197 0.27049474 0.27673405
 0.27675235 0.27727408 0.2786719  0.2876232  0.29439505 0.29935017
 0.30588102 0.31866101 0.32110492 0.32504359 0.32538351 0.32939474
 0.33881384 0.33914818 0.33956422 0.34262458 0.34823413 0.34840869
 0.34927692 0.351036   0.35222982 0.35265964 0.35373218 0.35564159
 0.35836557 0.36203655 0.3623717  0.36337673 0.36589079 0.36749983
 0.36849559 0.3700018  0.3723462  0.37441    0.3776028  0.37760381
 0.38186794 0.38336517]  max|de|= 0.256  lindep= 0.0184
Old state -> New state
    1     ->     0 
    0     ->     2 
    2     ->     3 
    3     ->     4 
    4     ->     5 
    5     ->     6 
    6     ->     7 
    7     ->     8 
    8     ->     9 
    9     ->    10 
    9     ->    11 
   11     ->    12 
   12     ->    13 
   13     ->    14 
   14     ->    15 
   15     ->    16 
   16     ->    18 
   17     ->    19 
   18     ->    20 
   19     ->    21 
   20     ->    22 
   21     ->    23 
   22     ->    24 
   23     ->    25 
   24     ->    26 
   25     ->    27 
   26     ->    28 
   27     ->    29 
   28     ->    30 
   29     ->    31 
   30     ->    32 
   31     ->    33 
   32     ->    34 
   33     ->    35 
   35     ->    36 
   36     ->    37 
   37     ->    38 
   38     ->    39 
   39     ->    40 
   40     ->    41 
   41     ->    42 
   42     ->    43 
   43     ->    44 
   44     ->    45 
   45     ->    46 
   46     ->    47 
   47     ->    48 
   48     ->    49 
root 14 converged  |r|= 7.14e-07  e= 0.2772740821059621  max|de|= -8.23e-10
root 16 converged  |r|= 4.88e-07  e= 0.2876232006856143  max|de|= 5.52e-10
root 22 converged  |r|= 5.66e-07  e= 0.3211049238348051  max|de|= 9.22e-10
root 29 converged  |r|= 2.25e-06  e= 0.34262458259088047  max|de|= 5.89e-10
root 31 converged  |r|= 6.84e-06  e= 0.34840869044251926  max|de|= -3.91e-10
root 33 converged  |r|= 5.14e-07  e= 0.35103600368029136  max|de|= -3.41e-11
davidson 16 674  |r|= 2.34  e= [0.06631668 0.07105854 0.11073042 0.18051246 0.18702612 0.20883383
 0.22219344 0.22235413 0.23189066 0.23191654 0.23661031 0.23876197
 0.27673405 0.27675235 0.27727408 0.2786719  0.2876232  0.29281635
 0.29439505 0.29935017 0.30588102 0.31866101 0.32110492 0.32504359
 0.32538351 0.32939474 0.33881384 0.33914818 0.33956422 0.34262458
 0.34823413 0.34840869 0.34927693 0.351036   0.3522298  0.35265963
 0.35564151 0.3583656  0.36203662 0.36237165 0.36337683 0.3658908
 0.36749979 0.36849617 0.36999995 0.37235372 0.37441101 0.37760342
 0.37760368 0.38160825]  max|de|= -0.0713  lindep= 0.0208
Old state -> New state
    3     ->     1 
    4     ->     2 
    1     ->     3 
    5     ->     4 
    6     ->     5 
    7     ->     6 
    8     ->     7 
    9     ->     8 
   11     ->     9 
   11     ->    10 
   12     ->    11 
   13     ->    12 
   14     ->    13 
   15     ->    14 
   16     ->    15 
   18     ->    16 
   19     ->    17 
   20     ->    18 
   21     ->    19 
   22     ->    20 
   23     ->    21 
   24     ->    22 
    1     ->    23 
   25     ->    24 
   26     ->    25 
   27     ->    26 
   28     ->    27 
   29     ->    28 
   30     ->    29 
   31     ->    30 
   32     ->    31 
   33     ->    32 
   34     ->    33 
   35     ->    34 
   36     ->    35 
   34     ->    36 
root 12 converged  |r|= 1.3e-07  e= 0.2767523496114188  max|de|= -5.57e-12
root 14 converged  |r|= 8.06e-08  e= 0.27867189948790927  max|de|= 1.05e-10
root 25 converged  |r|= 4.86e-06  e= 0.33881384380492874  max|de|= -4.54e-10
root 27 converged  |r|= 5.37e-06  e= 0.3395642240990218  max|de|= 2.78e-10
root 29 converged  |r|= 5.78e-06  e= 0.3482341339831815  max|de|= -5.32e-10
root 31 converged  |r|= 2.07e-06  e= 0.34927693320116165  max|de|= -5.82e-10
root 37 converged  |r|= 1.08e-05  e= 0.35836559501522036  max|de|= -1.42e-10
davidson 17 699  |r|= 1.85  e= [0.06567799 0.18051246 0.18702612 0.18921627 0.20883383 0.22219344
 0.22235413 0.23189066 0.23191654 0.23846619 0.23876197 0.27673405
 0.27675235 0.27727408 0.2786719  0.2876232  0.29439505 0.29935017
 0.30588102 0.31866101 0.32110492 0.32504359 0.32538351 0.32632305
 0.32939474 0.33881384 0.33914818 0.33956422 0.34262458 0.34823413
 0.34840869 0.34927693 0.351036   0.35222994 0.35265964 0.35564151
 0.35632445 0.3583656  0.36203662 0.36237174 0.36337681 0.3658908
 0.36749978 0.36849636 0.36999993 0.37235281 0.37441003 0.3776025
 0.37760374 0.38166383]  max|de|= 0.255  lindep= 0.00218
Old state -> New state
    1     ->     0 
    0     ->     1 
    1     ->     2 
    2     ->     3 
   10     ->     9 
   11     ->    10 
   12     ->    11 
   13     ->    12 
   14     ->    13 
   15     ->    14 
   16     ->    15 
   17     ->    16 
   18     ->    17 
   19     ->    18 
   20     ->    19 
   21     ->    20 
   22     ->    21 
   24     ->    22 
   25     ->    23 
   26     ->    24 
   27     ->    25 
   28     ->    26 
   28     ->    27 
   29     ->    28 
   30     ->    29 
   31     ->    30 
   32     ->    31 
   33     ->    32 
   34     ->    33 
   35     ->    34 
   37     ->    35 
   38     ->    36 
   39     ->    37 
   40     ->    38 
   41     ->    39 
   42     ->    40 
   43     ->    41 
   44     ->    42 
   45     ->    43 
   46     ->    44 
   48     ->    45 
   47     ->    46 
   49     ->    48 
   23     ->    49 
davidson 18 721  |r|= 2.25  e= [0.10299387 0.15462737 0.18051246 0.18702612 0.20883383 0.22219344
 0.22235413 0.23189066 0.23191654 0.23876197 0.27673405 0.27675235
 0.27727408 0.2786719  0.2876232  0.29439505 0.29935017 0.30588102
 0.31866101 0.32110492 0.32504359 0.32538351 0.32939474 0.33881384
 0.33914818 0.33956423 0.34262459 0.34358397 0.34823413 0.34840869
 0.34927694 0.351036   0.35222978 0.35265964 0.35564151 0.35836559
 0.36203662 0.36237171 0.36337682 0.36589078 0.36749978 0.36849612
 0.36999995 0.37235386 0.37441082 0.37760374 0.37760662 0.37806897
 0.38165617 0.38331455]  max|de|= 0.0889  lindep= 0.018
Old state -> New state
    0     ->     1 
    0     ->     5 
    5     ->     6 
    6     ->     7 
    7     ->     8 
    8     ->     9 
    9     ->    10 
   10     ->    11 
   11     ->    12 
   12     ->    13 
   13     ->    14 
   14     ->    15 
   15     ->    16 
   16     ->    17 
   17     ->    18 
   18     ->    19 
   19     ->    20 
   20     ->    21 
   21     ->    22 
   22     ->    23 
   19     ->    24 
   23     ->    25 
   24     ->    26 
   25     ->    27 
   26     ->    28 
   28     ->    29 
   29     ->    30 
   30     ->    31 
   31     ->    32 
   32     ->    33 
   33     ->    34 
   34     ->    35 
   35     ->    36 
   36     ->    37 
   37     ->    38 
   38     ->    39 
   39     ->    40 
   40     ->    41 
   41     ->    42 
   42     ->    43 
   43     ->    44 
   44     ->    45 
   45     ->    47 
   48     ->    49 
root 26 converged  |r|= 3.04e-05  e= 0.33914818023875853  max|de|= -3.75e-10
root 27 converged  |r|= 1.14e-06  e= 0.33956422436688427  max|de|= -9.92e-10
root 30 converged  |r|= 1.18e-06  e= 0.348408692543955  max|de|= 9.19e-10
root 31 converged  |r|= 2.14e-05  e= 0.34927693745940847  max|de|= 9.22e-10
root 35 converged  |r|= 1.8e-05  e= 0.35564150998689903  max|de|= 9.32e-10
root 41 converged  |r|= 7.87e-06  e= 0.36749978395718175  max|de|= 1.67e-11
davidson 19 748  |r|= 2.75  e= [0.07688551 0.0950363  0.18051246 0.18702612 0.20883383 0.21991463
 0.22219344 0.22235413 0.23189066 0.23191654 0.23876197 0.27673405
 0.27675235 0.27727408 0.2786719  0.2876232  0.29439505 0.29935017
 0.30588102 0.31866101 0.32110492 0.32504359 0.32538351 0.32939474
 0.33351346 0.33881384 0.33914818 0.33956422 0.34262458 0.34823413
 0.34840869 0.34927694 0.351036   0.35222981 0.35265964 0.35564151
 0.35836559 0.36203662 0.36237171 0.36337682 0.36589081 0.36749978
 0.36849612 0.36999993 0.37235427 0.37441079 0.37760345 0.37760372
 0.37879645 0.3816518 ]  max|de|= 0.117  lindep= 0.0191
root 18 converged  |r|= 6.76e-06  e= 0.3058810199375446  max|de|= 1.8e-10
root 25 converged  |r|= 1.43e-05  e= 0.3388138445358873  max|de|= 6.78e-10
root 28 converged  |r|= 4.25e-07  e= 0.34262458272631013  max|de|= -2.11e-15
root 33 converged  |r|= 4.98e-06  e= 0.3522298063298802  max|de|= 2.76e-14
root 34 converged  |r|= 4.56e-06  e= 0.3526596359403281  max|de|= -2.44e-13
root 37 converged  |r|= 9.08e-06  e= 0.3620366210134489  max|de|= 3.97e-10
davidson 20 50  |r|= 2.75  e= [0.07688551 0.09503629 0.18051246 0.18702612 0.20883383 0.21991463
 0.22219344 0.22235413 0.23189066 0.23191654 0.23876197 0.27673405
 0.27675235 0.27727408 0.2786719  0.2876232  0.29439505 0.29935017
 0.30588102 0.31866101 0.32110492 0.32504359 0.32538351 0.32939474
 0.33351349 0.33881384 0.33914818 0.33956422 0.34262458 0.34823413
 0.34840869 0.34927693 0.351036   0.35222981 0.35265964 0.35564151
 0.35836559 0.36203662 0.36237171 0.36337682 0.36589081 0.36749978
 0.36849612 0.36999993 0.37235427 0.37441079 0.37760345 0.37760372
 0.37879636 0.3816518 ]  max|de|= -8.84e-08  lindep= 0.0408
Old state -> New state
   14     ->     0 
   14     ->     1 
    0     ->     2 
    0     ->     3 
   14     ->     4 
    2     ->     5 
    3     ->     6 
    4     ->     7 
    6     ->     8 
    7     ->     9 
    8     ->    11 
    9     ->    12 
   10     ->    13 
   11     ->    15 
   12     ->    16 
   13     ->    17 
   14     ->    18 
   15     ->    19 
   16     ->    20 
   17     ->    21 
   18     ->    22 
   19     ->    23 
   20     ->    24 
   21     ->    25 
   22     ->    26 
   23     ->    27 
   25     ->    28 
   26     ->    29 
   27     ->    30 
   28     ->    31 
   29     ->    32 
   30     ->    33 
   31     ->    34 
   32     ->    35 
   33     ->    36 
   34     ->    37 
   35     ->    38 
   36     ->    39 
   37     ->    40 
   38     ->    41 
   39     ->    42 
   40     ->    43 
   41     ->    44 
   42     ->    45 
   43     ->    46 
   44     ->    47 
   45     ->    48 
   46     ->    49 
davidson 21 68  |r|= 2.48  e= [0.01702901 0.03108588 0.0695761  0.08334147 0.14453082 0.18051246
 0.18702612 0.20883383 0.22219344 0.22235413 0.22569066 0.23189066
 0.23191654 0.23876197 0.26845848 0.27673404 0.27675235 0.27727408
 0.2786719  0.2876232  0.29439505 0.29935017 0.30588102 0.31866101
 0.32110492 0.32504359 0.32538351 0.32939474 0.33881385 0.33914818
 0.33956422 0.34262458 0.34823414 0.34840869 0.34927693 0.351036
 0.35222981 0.35265963 0.35564151 0.3583656  0.36203662 0.36237171
 0.36337683 0.36589079 0.36749978 0.36849613 0.36999992 0.37235424
 0.37441068 0.37760335]  max|de|= -0.262  lindep= 0.138
Old state -> New state
   13     ->     1 
   17     ->     2 
    1     ->     3 
    1     ->     4 
   11     ->    10 
   12     ->    11 
   13     ->    12 
   15     ->    14 
   16     ->    15 
   17     ->    16 
   18     ->    17 
   19     ->    18 
   45     ->    46 
   46     ->    47 
   47     ->    48 
   48     ->    49 
root 21 converged  |r|= 1.44e-06  e= 0.2993501715725504  max|de|= -9.31e-10
root 32 converged  |r|= 6.49e-06  e= 0.348234134935088  max|de|= -3.93e-10
davidson 22 95  |r|= 2.43  e= [0.01976243 0.0546564  0.08588553 0.1260007  0.14852853 0.18051246
 0.18702612 0.20883383 0.22219344 0.22235413 0.23189066 0.23191654
 0.23876197 0.2565287  0.27673405 0.27675235 0.27727408 0.2786719
 0.2876232  0.29013917 0.29439505 0.29935017 0.30588102 0.31866101
 0.32110492 0.32504359 0.32538351 0.32939474 0.33881384 0.33914817
 0.33956422 0.34262458 0.34823413 0.34840869 0.34927694 0.351036
 0.35222981 0.35265963 0.35564151 0.3583656  0.36203661 0.36237167
 0.36337682 0.36589071 0.36749978 0.36813751 0.36849793 0.36999993
 0.37235437 0.37441042]  max|de|= -0.191  lindep= 0.0451
Old state -> New state
    0     ->     1 
    0     ->     2 
    1     ->     3 
    7     ->     4 
    7     ->     8 
    8     ->     9 
    9     ->    10 
   10     ->    11 
   11     ->    12 
   12     ->    13 
   12     ->    14 
   14     ->    15 
   15     ->    16 
   16     ->    17 
   17     ->    18 
   18     ->    19 
   24     ->    23 
   23     ->    24 
   24     ->    25 
   25     ->    26 
   26     ->    27 
   27     ->    28 
   27     ->    29 
   28     ->    30 
   29     ->    31 
   30     ->    32 
   31     ->    33 
   32     ->    34 
   33     ->    35 
   34     ->    36 
   35     ->    37 
   36     ->    38 
   37     ->    39 
   38     ->    40 
   39     ->    41 
   40     ->    42 
   41     ->    43 
   42     ->    44 
   43     ->    45 
   44     ->    46 
   46     ->    47 
   46     ->    48 
   47     ->    49 
root 5 converged  |r|= 1.27e-06  e= 0.18051246241983074  max|de|= 3.55e-10
root 6 converged  |r|= 1.38e-06  e= 0.18702612353666823  max|de|= -5.71e-10
davidson 23 120  |r|= 2.28  e= [0.01337325 0.03132479 0.06779552 0.09899026 0.16678526 0.18051246
 0.18702612 0.2026154  0.20883383 0.22219344 0.22235413 0.23189066
 0.23191654 0.23876197 0.24159871 0.27673405 0.27675235 0.27727408
 0.2786719  0.2876232  0.29439506 0.29935017 0.30588102 0.3132765
 0.318661   0.32110492 0.32504359 0.32538351 0.32939308 0.32939824
 0.33881382 0.33914817 0.33956422 0.34262458 0.34823415 0.34840869
 0.34927695 0.351036   0.3522298  0.35265963 0.35564152 0.35836559
 0.36203662 0.36237171 0.36337679 0.36589068 0.36749976 0.36779988
 0.36849732 0.36999993]  max|de|= 0.048  lindep= 0.0845
Old state -> New state
    1     ->     2 
    5     ->     3 
    6     ->     4 
    8     ->     5 
    9     ->     6 
    9     ->     7 
   10     ->     8 
   11     ->     9 
   12     ->    10 
   13     ->    11 
   14     ->    12 
   15     ->    13 
   16     ->    14 
   17     ->    15 
   18     ->    16 
   19     ->    17 
   20     ->    18 
   21     ->    19 
   22     ->    20 
   24     ->    21 
   25     ->    22 
   26     ->    23 
   27     ->    24 
   28     ->    25 
   30     ->    26 
   31     ->    27 
   32     ->    28 
   33     ->    29 
   33     ->    30 
   34     ->    31 
   35     ->    32 
   36     ->    33 
   37     ->    34 
   38     ->    35 
   39     ->    36 
   40     ->    37 
   41     ->    38 
   42     ->    39 
   43     ->    40 
   44     ->    41 
   45     ->    42 
   46     ->    43 
   48     ->    44 
   49     ->    45 
   47     ->    46 
   23     ->    48 
   47     ->    49 
root 13 converged  |r|= 5.06e-07  e= 0.27673404959275477  max|de|= -7.21e-10
root 20 converged  |r|= 9.95e-07  e= 0.30588102110251425  max|de|= -9.64e-10
root 32 converged  |r|= 1.98e-07  e= 0.3484086927765053  max|de|= 9.95e-11
root 35 converged  |r|= 1.45e-06  e= 0.3522298019882095  max|de|= -5.46e-12
davidson 24 149  |r|=  2.1  e= [0.01402579 0.04432578 0.07539076 0.18051246 0.18702612 0.20883383
 0.21900027 0.22219344 0.22235413 0.23189066 0.23191654 0.23876197
 0.26362096 0.27673405 0.27675235 0.27727408 0.2786719  0.2876232
 0.29439505 0.29935017 0.30588102 0.31866101 0.32110492 0.32504359
 0.32538351 0.32939474 0.33881385 0.33914818 0.33956422 0.34262458
 0.34324522 0.34823413 0.34840869 0.34927694 0.351036   0.3522298
 0.35265964 0.35564151 0.35836559 0.36203662 0.3623717  0.36337682
 0.36589082 0.36749978 0.36849612 0.36999993 0.37235435 0.37441044
 0.37760327 0.37760374]  max|de|= 0.0643  lindep= 0.0434
Old state -> New state
    0     ->     1 
   16     ->     2 
    0     ->     3 
    3     ->     4 
    3     ->     5 
    4     ->     6 
    5     ->     7 
    7     ->     8 
    8     ->     9 
    9     ->    10 
   10     ->    11 
   11     ->    12 
   16     ->    13 
   13     ->    14 
   14     ->    15 
   15     ->    16 
   16     ->    17 
   14     ->    18 
   17     ->    19 
   18     ->    20 
   19     ->    21 
   20     ->    22 
   21     ->    23 
   22     ->    24 
   23     ->    25 
   24     ->    26 
   25     ->    27 
   26     ->    28 
   27     ->    29 
   28     ->    30 
   29     ->    31 
   31     ->    32 
   32     ->    33 
   33     ->    34 
   34     ->    35 
   35     ->    36 
   36     ->    37 
   37     ->    38 
   38     ->    39 
   39     ->    40 
   40     ->    41 
   41     ->    42 
   42     ->    43 
   42     ->    44 
   43     ->    45 
   44     ->    46 
   45     ->    47 
   46     ->    48 
   47     ->    49 
root 25 converged  |r|= 4.16e-07  e= 0.3250435944092558  max|de|= 1.14e-10
root 26 converged  |r|= 1.3e-06  e= 0.32538351000121984  max|de|= -6.93e-10
root 27 converged  |r|= 7.68e-07  e= 0.3293947432956282  max|de|= 3.71e-11
root 37 converged  |r|= 1.92e-07  e= 0.35265963515680293  max|de|= -5.98e-10
root 40 converged  |r|= 5.17e-06  e= 0.3620366213822805  max|de|= -3.25e-10
root 45 converged  |r|= 2.15e-06  e= 0.367499783693815  max|de|= 3.11e-10
davidson 25 175  |r|= 2.12  e= [0.00388001 0.02505767 0.12443525 0.13956595 0.16743211 0.18051246
 0.18702612 0.20883383 0.22219344 0.22235413 0.23189066 0.23191654
 0.23876197 0.2556897  0.27673405 0.27675235 0.27727408 0.2786719
 0.28564616 0.2876232  0.29439505 0.29935017 0.30588102 0.31866101
 0.32110492 0.32504359 0.32538351 0.32939474 0.33881384 0.33914818
 0.33956422 0.34262458 0.34823414 0.34840869 0.34927694 0.351036
 0.3522298  0.35265964 0.35564151 0.35836559 0.36203662 0.36237168
 0.36337679 0.36588634 0.36599212 0.36749978 0.3684964  0.36999993
 0.37235429 0.37441083]  max|de|= -0.154  lindep= 0.0738
Old state -> New state
    1     ->     2 
    1     ->     3 
    5     ->     4 
    6     ->     5 
    7     ->     6 
   16     ->    10 
   10     ->    11 
   11     ->    12 
   12     ->    13 
   19     ->    18 
   20     ->    19 
   36     ->    39 
   39     ->    40 
   40     ->    41 
   41     ->    42 
   42     ->    43 
   43     ->    44 
root 4 converged  |r|= 1.19e-06  e= 0.1805124616954712  max|de|= -7.63e-10
root 22 converged  |r|= 1.53e-06  e= 0.3058810204006592  max|de|= 6.74e-10
root 31 converged  |r|= 1.07e-07  e= 0.34262458261667156  max|de|= -1.81e-10
davidson 26 199  |r|= 1.82  e= [0.00682701 0.06603355 0.09366444 0.16830897 0.18051246 0.18702612
 0.19045364 0.20883383 0.22219344 0.22235413 0.22653464 0.23189066
 0.23191654 0.23876197 0.27673405 0.27675235 0.27727408 0.2786719
 0.2876232  0.29439493 0.29474192 0.29935017 0.30588102 0.31866101
 0.32110492 0.32504359 0.32538351 0.32939474 0.33881385 0.33914818
 0.33956422 0.34262458 0.34823413 0.34840869 0.34927693 0.351036
 0.35222981 0.35265963 0.35564155 0.35732728 0.3583656  0.36203662
 0.3623717  0.36337683 0.36589077 0.36749978 0.36849614 0.36999993
 0.37235418 0.37441056]  max|de|= 0.143  lindep= 0.0248
