 
:: initializing oneAPI environment ...
   slurm_script: BASH_VERSION = 4.2.46(1)-release
   args: Using "$@" for setvars.sh arguments: --force
:: advisor -- latest
:: ccl -- latest
:: clck -- latest
:: compiler -- latest
:: dal -- latest
:: debugger -- latest
:: dev-utilities -- latest
:: dnnl -- latest
:: dpcpp-ct -- latest
:: dpl -- latest
:: inspector -- latest
:: intelpython -- latest
:: ipp -- latest
:: ippcp -- latest
:: ipp -- latest
:: itac -- latest
:: mkl -- latest
:: mpi -- latest
:: tbb -- latest
:: vpl -- latest
:: vtune -- latest
:: oneAPI environment initialized ::
 
SLURM_CPUS_PER_TASK = 28
SLURM_MEM_PER_NODE = 256000
#INFO: **** input file is /home/yangjunjie/work/py-ch3-cl/work/step_-11/main.py ****
import sys
import pyscf
from pyscf import tdscf

def main(xyz_file, basis="631g*", xc="b3lyp", output="ene.out"):
    xyz = None

    with open(xyz_file, "r") as xyz:
        xyz = xyz.readlines()[2:]
        xyz = "".join(xyz)

    mol = pyscf.gto.Mole()
    mol.atom = xyz
    mol.basis = basis
    mol.verbose = 5
    mol.build()

    if xc is not None and xc != "hf":
        mf = pyscf.scf.RKS(mol)
        mf.xc = xc
        mf.kernel()
    else:
        mf = pyscf.scf.RHF(mol)
        mf.kernel()

    ene_mf = mf.e_tot

    with open(output, "w") as f:
        tda = pyscf.tdscf.TDA(mf)
        tda.nstates = 5
        tda.max_space = 8
        tda.max_cycle = 2000
        tda.kernel()

        con_tda = tda.converged
        ene_tda = tda.e[:5]
        dip_tda = tda.transition_dipole()[:5]

        f.write(f"RKS energy: {ene_mf: 12.8f}\n")
        f.write("TDA results:\n")
        for i, (con, ene, dip) in enumerate(zip(con_tda, ene_tda, dip_tda)):
            f.write(f" {i:2d} {con} {ene: 12.8f} {dip[0]: 12.8f} {dip[1]: 12.8f} {dip[2]: 12.8f}\n")

        # rpa = pyscf.tdscf.RPA(mf)
        # rpa.nstates = 5
        # rpa.max_space = 8
        # rpa.max_cycle = 2000
        # rpa.kernel()

        # con_rpa = rpa.converged
        # ene_rpa = rpa.e[:5]
        # dip_rpa = rpa.transition_dipole()[:5]
        
        # f.write("\nRPA results:\n")
        # for i, (con, ene, dip) in enumerate(zip(con_rpa, ene_rpa, dip_rpa)):
        #     f.write(f" {i:2d} {con} {ene: 12.8f} {dip[0]: 12.8f} {dip[1]: 12.8f} {dip[2]: 12.8f}\n")

if __name__ == "__main__":
    xyz = sys.argv[1]
    main(xyz, basis="631g*", xc="b3lyp", output="out.log")
#INFO: ******************** input file end ********************


System: uname_result(system='Linux', node='pauling003', release='3.10.0-327.36.3.el7.x86_64', version='#1 SMP Thu Oct 20 04:56:07 EDT 2016', machine='x86_64')  Threads 28
Python 3.9.7 (default, Oct 27 2021, 01:23:21) 
[GCC 9.3.0]
numpy 1.21.2  scipy 1.6.2
Date: Tue Sep 27 23:36:53 2022
PySCF version 2.0.1
PySCF path  /home/yangjunjie/packages/pyscf/pyscf-main
GIT ORIG_HEAD 14b880cdc4bf7bb64f3989a147c0b04622efc498
GIT HEAD (branch master) 9d5b5bd309d1cc55fbd1a0ec76e26b5b0c7f76af

[ENV] PYSCF_MAX_MEMORY 256000
[ENV] PYSCF_TMPDIR /scratch/global/yangjunjie/
[CONFIG] conf_file /home/yangjunjie/.pyscf_conf.py
[INPUT] verbose = 5
[INPUT] max_memory = 256000 
[INPUT] num. atoms = 16
[INPUT] num. electrons = 68
[INPUT] charge = 0
[INPUT] spin (= nelec alpha-beta = 2S) = 0
[INPUT] symmetry False subgroup None
[INPUT] Mole.unit = angstrom
[INPUT]  1 C      0.000000010000   1.162890460000   1.124637830000 AA    0.000000018897   2.197544482269   2.125257488025 Bohr
[INPUT]  2 C      0.000000000000   1.193573350000   2.478296060000 AA    0.000000000000   2.255526741080   4.683300808989 Bohr
[INPUT]  3 C     -0.000000010000  -0.012973350000   3.192720420000 AA   -0.000000018897  -0.024516078418   6.033367186106 Bohr
[INPUT]  4 C     -0.000000010000  -1.205818770000   2.453078210000 AA   -0.000000018897  -2.278667231160   4.635645979038 Bohr
[INPUT]  5 C      0.000000000000  -1.146232760000   1.102201390000 AA    0.000000000000  -2.166065991404   2.082858761215 Bohr
[INPUT]  6 N      0.000000010000   0.013471800000   0.424662470000 AA    0.000000018897   0.025458012405   0.802495763681 Bohr
[INPUT]  7 C      0.000000000000   0.002694330000  -2.092141860000 AA    0.000000000000   0.005091545789  -3.953575129138 Bohr
[INPUT]  8 H      0.000000020000   2.065381570000   0.505241980000 AA    0.000000037795   3.903005510024   0.954768968833 Bohr
[INPUT]  9 H      0.000000000000   2.154238350000   3.012854850000 AA    0.000000000000   4.070920488535   5.693470519568 Bohr
[INPUT] 10 H     -0.000000010000  -0.023702410000   4.263004980000 AA   -0.000000018897  -0.044791063392   8.055911879857 Bohr
[INPUT] 11 H     -0.000000020000  -2.176786220000   2.970404920000 AA   -0.000000037795  -4.113529787527   5.613251777861 Bohr
[INPUT] 12 H      0.000000000000  -2.037701370000   0.462589850000 AA    0.000000000000  -3.850697512951   0.874168124504 Bohr
[INPUT] 13 H     -0.000000030000   1.034636960000  -1.747616830000 AA   -0.000000056692   1.955180492753  -3.302517179381 Bohr
[INPUT] 14 H     -0.892872580000  -0.506199570000  -1.734886810000 AA   -1.687284640334  -0.956578551673  -3.278460928020 Bohr
[INPUT] 15 H      0.892872610000  -0.506199520000  -1.734886820000 AA    1.687284697026  -0.956578457186  -3.278460946918 Bohr
[INPUT] 16 Cl    -0.000000010000  -0.003010260000  -3.906415140000 AA   -0.000000018897  -0.005688566964  -7.382054743454 Bohr
[INPUT] ---------------- BASIS SET ---------------- 
[INPUT] l, kappa, [nprim/nctr], expnt,             c_1 c_2 ...
[INPUT] Cl
[INPUT] 0    0    [6    /1   ]  25180.1           0.001833
                                3780.35           0.014034
                                860.474           0.069097
                                242.145           0.237452
                                77.3349           0.483034
                                26.247            0.339856
[INPUT] 0    0    [6    /1   ]  491.765           -0.0022974
                                116.984           -0.030714
                                37.4153           -0.112528
                                13.7834           0.045016
                                5.45215           0.589353
                                2.22588           0.465206
[INPUT] 0    0    [3    /1   ]  3.18649           -0.25183
                                1.14427           0.061589
                                0.420377          1.06018
[INPUT] 0    0    [1    /1   ]  0.142657             1
[INPUT] 1    0    [6    /1   ]  491.765           0.0039894
                                116.984           0.030318
                                37.4153           0.12988
                                13.7834           0.327951
                                5.45215           0.453527
                                2.22588           0.252154
[INPUT] 1    0    [3    /1   ]  3.18649           -0.014299
                                1.14427           0.323572
                                0.420377          0.743507
[INPUT] 1    0    [1    /1   ]  0.142657             1
[INPUT] 2    0    [1    /1   ]  0.75                 1
[INPUT] H
[INPUT] 0    0    [3    /1   ]  18.731137         0.0334946
                                2.8253937         0.23472695
                                0.6401217         0.81375733
[INPUT] 0    0    [1    /1   ]  0.1612778            1
[INPUT] C
[INPUT] 0    0    [6    /1   ]  3047.5249         0.0018347
                                457.36951         0.0140373
                                103.94869         0.0688426
                                29.210155         0.2321844
                                9.286663          0.4679413
                                3.163927          0.362312
[INPUT] 0    0    [3    /1   ]  7.8682724         -0.1193324
                                1.8812885         -0.1608542
                                0.5442493         1.1434564
[INPUT] 0    0    [1    /1   ]  0.1687144            1
[INPUT] 1    0    [3    /1   ]  7.8682724         0.0689991
                                1.8812885         0.316424
                                0.5442493         0.7443083
[INPUT] 1    0    [1    /1   ]  0.1687144            1
[INPUT] 2    0    [1    /1   ]  0.8                  1
[INPUT] N
[INPUT] 0    0    [6    /1   ]  4173.511          0.0018348
                                627.4579          0.013995
                                142.9021          0.068587
                                40.23433          0.232241
                                12.82021          0.46907
                                4.390437          0.360455
[INPUT] 0    0    [3    /1   ]  11.626358         -0.114961
                                2.71628           -0.169118
                                0.772218          1.145852
[INPUT] 0    0    [1    /1   ]  0.2120313            1
[INPUT] 1    0    [3    /1   ]  11.626358         0.06758
                                2.71628           0.323907
                                0.772218          0.740895
[INPUT] 1    0    [1    /1   ]  0.2120313            1
[INPUT] 2    0    [1    /1   ]  0.8                  1

nuclear repulsion = 378.551768913894
number of shells = 66
number of NR pGTOs = 272
number of NR cGTOs = 132
basis = 631g*
ecp = {}
CPU time:         0.38


******** <class 'pyscf.dft.rks.RKS'> ********
method = RKS
initial guess = minao
damping factor = 0
level_shift factor = 0
DIIS = <class 'pyscf.scf.diis.CDIIS'>
diis_start_cycle = 1
diis_space = 8
SCF conv_tol = 1e-09
SCF conv_tol_grad = None
SCF max_cycles = 50
direct_scf = True
direct_scf_tol = 1e-13
chkfile to save SCF result = /scratch/global/yangjunjie/tmpjuqu_24z
max_memory 256000 MB (current use 81 MB)
XC library pyscf.dft.libxc version 5.2.0
    S. Lehtola, C. Steigemann, M. J. Oliveira, and M. A. Marques, SoftwareX 7, 1 (2018)
XC functionals = b3lyp
    P. A. M. Dirac, Math. Proc. Cambridge Philos. Soc. 26, 376 (1930)
    F. Bloch, Z. Phys. 57, 545 (1929)
    A. D. Becke, Phys. Rev. A 38, 3098 (1988)
    C. Lee, W. Yang, and R. G. Parr, Phys. Rev. B 37, 785 (1988)
    B. Miehlich, A. Savin, H. Stoll, and H. Preuss, Chem. Phys. Lett. 157, 200 (1989)
    S. H. Vosko, L. Wilk, and M. Nusair, Can. J. Phys. 58, 1200 (1980)
radial grids: 
    Treutler-Ahlrichs [JCP 102, 346 (1995); DOI:10.1063/1.469408] (M4) radial grids
    
becke partition: Becke, JCP 88, 2547 (1988); DOI:10.1063/1.454033
pruning grids: <function nwchem_prune at 0x7efc3a393ee0>
grids dens level: 3
symmetrized grids: False
atomic radii adjust function: <function treutler_atomic_radii_adjust at 0x7efc3a393e50>
small_rho_cutoff = 1e-07
Set gradient conv threshold to 3.16228e-05
atom C rad-grids = 75, ang-grids = [ 50  50  50  50  50  50  50  50  50  50  50  50  50  50  50  50  50  50
  50  50  50  50  50  86  86  86  86  86  86  86  86  86  86 266 266 266
 266 266 266 266 302 302 302 302 302 302 302 302 302 302 302 302 302 302
 302 302 302 302 302 302 266 266 266 266 266 266 266 266 266 266 266 266
 266 266 266]
atom N rad-grids = 75, ang-grids = [ 50  50  50  50  50  50  50  50  50  50  50  50  50  50  50  50  50  50
  50  50  50  50  50  86  86  86  86  86  86  86  86  86 266 266 266 266
 266 266 266 302 302 302 302 302 302 302 302 302 302 302 302 302 302 302
 302 302 302 302 266 266 266 266 266 266 266 266 266 266 266 266 266 266
 266 266 266]
atom H rad-grids = 50, ang-grids = [ 50  50  50  50  50  50  50  50  50  50  50  50  50  50  86  86  86  86
 266 266 266 266 302 302 302 302 302 302 302 302 302 302 302 302 302 266
 266 266 266 266 266 266 266 266 266 266 266 266 266 266]
atom Cl rad-grids = 80, ang-grids = [ 50  50  50  50  50  50  50  50  50  50  50  50  50  50  50  50  50  50
  50  50  50  50  50  50  86  86  86  86  86  86  86  86  86  86  86  86
  86 350 350 350 350 350 350 350 350 350 434 434 434 434 434 434 434 434
 434 434 434 434 434 434 434 434 434 434 350 350 350 350 350 350 350 350
 350 350 350 350 350 350 350 350]
tot grids = 196530
Drop grids 33266
    CPU time for setting up grids      3.27 sec, wall time      0.13 sec
nelec by numeric integration = 67.97637318516048
    CPU time for vxc      6.09 sec, wall time      0.22 sec
E1 = -1770.3023748303904  Ecoul = 713.0796599557641  Exc = -70.38452131325819
init E= -749.055467273991
cond(S) = 6704.309821176574
    CPU time for initialize scf     17.26 sec, wall time      0.77 sec
  HOMO = -0.301732689767347  LUMO = -0.105578733615131
  mo_energy =
[-1.01597341e+02 -1.44035487e+01 -1.02933934e+01 -1.02930526e+01
 -1.02893552e+01 -1.02882653e+01 -1.02881654e+01 -1.02880530e+01
 -9.53832978e+00 -7.29423783e+00 -7.29299446e+00 -7.29299378e+00
 -1.09962732e+00 -9.37620399e-01 -9.27690114e-01 -8.95043922e-01
 -7.57689363e-01 -7.13039506e-01 -7.03660202e-01 -5.78332535e-01
 -5.32231286e-01 -5.02906640e-01 -4.73356624e-01 -4.72970042e-01
 -4.64771616e-01 -4.63886039e-01 -4.36707228e-01 -4.33676461e-01
 -3.85348422e-01 -3.43692269e-01 -3.42335945e-01 -3.20289986e-01
 -3.02869438e-01 -3.01732690e-01 -1.05578734e-01 -7.14156038e-02
 -3.03522471e-02  4.90953985e-02  7.15276950e-02  7.61607840e-02
  8.45420167e-02  1.08603362e-01  1.20556796e-01  1.23768667e-01
  1.42366805e-01  1.65163945e-01  1.94908517e-01  2.35732850e-01
  2.63876687e-01  2.75924636e-01  3.59887798e-01  3.92226220e-01
  4.01278453e-01  4.15020922e-01  4.15172014e-01  4.26650992e-01
  4.62885494e-01  4.75409265e-01  4.88469668e-01  5.11978487e-01
  5.18500458e-01  5.36709686e-01  5.36874784e-01  5.54389555e-01
  5.54749765e-01  5.57824894e-01  5.75087109e-01  6.09403190e-01
  6.37083191e-01  6.41128050e-01  6.94480492e-01  7.60379157e-01
  7.68745246e-01  7.83260685e-01  7.88769663e-01  7.91337102e-01
  7.95037179e-01  8.01556478e-01  8.26090350e-01  8.39915996e-01
  8.48310556e-01  8.65926888e-01  8.78477914e-01  8.99762829e-01
  9.12236136e-01  9.32542182e-01  9.76765725e-01  1.01169342e+00
  1.04726234e+00  1.08262888e+00  1.12717984e+00  1.15722007e+00
  1.16983608e+00  1.17784217e+00  1.30829913e+00  1.34390376e+00
  1.40300888e+00  1.40950301e+00  1.42115166e+00  1.44858190e+00
  1.45443677e+00  1.50043539e+00  1.62743882e+00  1.62951643e+00
  1.65218378e+00  1.70021549e+00  1.75620685e+00  1.78045086e+00
  1.85566069e+00  1.87634904e+00  1.98957754e+00  2.06620632e+00
  2.08325664e+00  2.09226580e+00  2.11231571e+00  2.12728636e+00
  2.14063359e+00  2.16554885e+00  2.18050942e+00  2.22345753e+00
  2.25739022e+00  2.30651669e+00  2.47674971e+00  2.49015229e+00
  2.60615432e+00  2.61037650e+00  2.62970694e+00  2.66149676e+00
  2.68669912e+00  2.70025798e+00  2.96423754e+00  3.32394935e+00]
nelec by numeric integration = 68.00003463270855
    CPU time for vxc      7.88 sec, wall time      0.29 sec
E1 = -1778.5139472681642  Ecoul = 722.7107668588883  Exc = -70.82639389565482
cycle= 1 E= -748.077805391037  delta_E= 0.978  |g|= 0.38  |ddm|= 3.96
    CPU time for cycle= 1      8.35 sec, wall time      0.31 sec
  HOMO = -0.195331122206781  LUMO = 0.00379890714474779
  mo_energy =
[-1.01350303e+02 -1.41966842e+01 -1.01775415e+01 -1.01760286e+01
 -1.01463397e+01 -1.01446089e+01 -1.00938827e+01 -1.00934174e+01
 -9.30679308e+00 -7.06756837e+00 -7.05774092e+00 -7.05773208e+00
 -8.93163442e-01 -7.71801271e-01 -7.59733463e-01 -7.35753059e-01
 -6.15680537e-01 -6.04195281e-01 -5.95821574e-01 -5.14037799e-01
 -4.50725363e-01 -4.38210873e-01 -4.13481949e-01 -3.97459338e-01
 -3.94972300e-01 -3.84828960e-01 -3.63898876e-01 -3.36613500e-01
 -3.31943524e-01 -2.47042080e-01 -2.41996941e-01 -2.22782396e-01
 -2.21837806e-01 -1.95331122e-01  3.79890714e-03  2.34878602e-02
  8.29778873e-02  1.11961883e-01  1.29326664e-01  1.39499531e-01
  1.59618972e-01  1.65251837e-01  1.79957625e-01  1.83272449e-01
  1.87774618e-01  2.18098200e-01  2.75055326e-01  3.08617570e-01
  3.51186176e-01  3.54561929e-01  4.62763858e-01  4.71870429e-01
  4.87573919e-01  5.17622006e-01  5.18132974e-01  5.22829562e-01
  5.32897526e-01  5.62431555e-01  5.74655622e-01  6.01824198e-01
  6.02170150e-01  6.05245443e-01  6.20169720e-01  6.20654232e-01
  6.27975277e-01  6.30435272e-01  6.75629904e-01  6.79449664e-01
  7.13066100e-01  7.30277514e-01  7.87955516e-01  8.33977133e-01
  8.47001717e-01  8.56059556e-01  8.72400823e-01  8.98320604e-01
  9.11935519e-01  9.22088216e-01  9.28903344e-01  9.47743057e-01
  9.55939951e-01  9.81403480e-01  9.83524602e-01  1.01096682e+00
  1.02771831e+00  1.02869135e+00  1.06168632e+00  1.10059287e+00
  1.11539540e+00  1.14735082e+00  1.18759996e+00  1.24102024e+00
  1.26799380e+00  1.28854274e+00  1.41184394e+00  1.41443094e+00
  1.47753337e+00  1.50912914e+00  1.52162195e+00  1.54595890e+00
  1.56864639e+00  1.59717586e+00  1.74696289e+00  1.74838317e+00
  1.75178425e+00  1.79086039e+00  1.87706093e+00  1.89298213e+00
  1.96026495e+00  1.97925513e+00  2.10715448e+00  2.18577512e+00
  2.18984742e+00  2.20526744e+00  2.22062246e+00  2.23995323e+00
  2.25907300e+00  2.27688466e+00  2.29109587e+00  2.34209241e+00
  2.36778911e+00  2.41705068e+00  2.58757285e+00  2.59801340e+00
  2.71566370e+00  2.74212379e+00  2.74679971e+00  2.78852021e+00
  2.82176420e+00  2.82367415e+00  3.09470647e+00  3.45469520e+00]
nelec by numeric integration = 68.00003521377104
    CPU time for vxc      6.40 sec, wall time      0.25 sec
E1 = -1770.7698730489385  Ecoul = 714.3746537899011  Exc = -70.23690586204523
cycle= 2 E= -748.080356207189  delta_E= -0.00255  |g|= 0.394  |ddm|= 0.981
    CPU time for cycle= 2      6.89 sec, wall time      0.27 sec
  HOMO = -0.261248409477109  LUMO = -0.040386661890269
  mo_energy =
[-1.01467181e+02 -1.43619546e+01 -1.02160279e+01 -1.02156452e+01
 -1.02025763e+01 -1.02005065e+01 -1.02003029e+01 -1.01959529e+01
 -9.40184604e+00 -7.16456675e+00 -7.15502958e+00 -7.15502013e+00
 -9.59204064e-01 -8.13482608e-01 -8.08838812e-01 -7.78924053e-01
 -6.48964188e-01 -6.38730946e-01 -6.38248062e-01 -5.40002869e-01
 -4.90852181e-01 -4.74424843e-01 -4.44388060e-01 -4.22097147e-01
 -4.20223779e-01 -4.15848340e-01 -4.07360916e-01 -3.75202309e-01
 -3.67371289e-01 -2.95668312e-01 -2.79581474e-01 -2.65330520e-01
 -2.61786895e-01 -2.61248409e-01 -4.03866619e-02 -1.18526423e-02
  6.19498941e-02  9.06817937e-02  1.17679670e-01  1.24507947e-01
  1.40113625e-01  1.47158394e-01  1.56597555e-01  1.73193797e-01
  1.74522084e-01  2.06520681e-01  2.44928298e-01  2.83913177e-01
  3.18753102e-01  3.26085381e-01  4.39030671e-01  4.40380823e-01
  4.54445956e-01  4.88391486e-01  4.89230811e-01  4.89574899e-01
  5.02531459e-01  5.26777536e-01  5.50096723e-01  5.72158140e-01
  5.73309267e-01  5.79959894e-01  5.91130356e-01  5.95498022e-01
  5.97370866e-01  6.01435412e-01  6.33325128e-01  6.49559089e-01
  6.81714957e-01  6.99719173e-01  7.54315154e-01  8.10823382e-01
  8.22853270e-01  8.32134888e-01  8.43382993e-01  8.50069670e-01
  8.81876468e-01  8.86653915e-01  9.04374035e-01  9.14685099e-01
  9.26272439e-01  9.39678744e-01  9.42362117e-01  9.85291210e-01
  9.85714417e-01  9.93009291e-01  1.02241980e+00  1.07409050e+00
  1.09062782e+00  1.12176843e+00  1.16537635e+00  1.20861771e+00
  1.23272349e+00  1.23982583e+00  1.36788470e+00  1.38258845e+00
  1.45495821e+00  1.46810214e+00  1.47260793e+00  1.50479968e+00
  1.51312949e+00  1.55774418e+00  1.70567035e+00  1.71847858e+00
  1.71902582e+00  1.75459826e+00  1.82909064e+00  1.84192177e+00
  1.91809022e+00  1.94106736e+00  2.06209107e+00  2.13666401e+00
  2.14547661e+00  2.15714974e+00  2.17692272e+00  2.19261912e+00
  2.22658439e+00  2.25341248e+00  2.26710211e+00  2.29197351e+00
  2.32442528e+00  2.36779857e+00  2.53951931e+00  2.55573429e+00
  2.67086934e+00  2.68914372e+00  2.69863140e+00  2.74107886e+00
  2.76569348e+00  2.77484684e+00  3.04154713e+00  3.40521349e+00]
nelec by numeric integration = 68.00003413556658
    CPU time for vxc      8.28 sec, wall time      0.30 sec
E1 = -1774.5449571779948  Ecoul = 718.3858568929717  Exc = -70.5115000945431
cycle= 3 E= -748.118831465672  delta_E= -0.0385  |g|= 0.0929  |ddm|= 0.499
    CPU time for cycle= 3      8.79 sec, wall time      0.32 sec
  HOMO = -0.256653289667365  LUMO = -0.0402887044081367
  mo_energy =
[-1.01489438e+02 -1.43251473e+01 -1.02273021e+01 -1.02266251e+01
 -1.02224685e+01 -1.02092230e+01 -1.02088960e+01 -1.02050698e+01
 -9.42038618e+00 -7.18340456e+00 -7.17397773e+00 -7.17396771e+00
 -9.51016570e-01 -8.18186332e-01 -8.13881176e-01 -7.81986107e-01
 -6.53538770e-01 -6.43125327e-01 -6.37768384e-01 -5.43105356e-01
 -4.93011032e-01 -4.76860313e-01 -4.47025915e-01 -4.23873650e-01
 -4.22410569e-01 -4.17803229e-01 -4.07019247e-01 -3.81590764e-01
 -3.69502663e-01 -2.95036389e-01 -2.82959617e-01 -2.69532323e-01
 -2.68722270e-01 -2.56653290e-01 -4.02887044e-02 -1.45346601e-02
  5.86872159e-02  8.81087118e-02  1.16669696e-01  1.23487141e-01
  1.39051710e-01  1.46558535e-01  1.55193478e-01  1.73318750e-01
  1.73590863e-01  2.06221036e-01  2.44594576e-01  2.81317118e-01
  3.19564559e-01  3.24186078e-01  4.31956575e-01  4.39553275e-01
  4.52589798e-01  4.83887542e-01  4.84204200e-01  4.86159150e-01
  4.99761305e-01  5.26567135e-01  5.47651755e-01  5.68513451e-01
  5.70714329e-01  5.77593176e-01  5.90339211e-01  5.91499790e-01
  5.93344395e-01  5.96690126e-01  6.36826795e-01  6.47156902e-01
  6.78491216e-01  6.98109484e-01  7.54723374e-01  8.08273989e-01
  8.17609246e-01  8.29790533e-01  8.41611345e-01  8.58513039e-01
  8.77325661e-01  8.81833596e-01  9.00592675e-01  9.10258448e-01
  9.20504479e-01  9.32659126e-01  9.36882625e-01  9.80460650e-01
  9.81062762e-01  9.88385782e-01  1.02574449e+00  1.07167460e+00
  1.08830047e+00  1.12145046e+00  1.16258459e+00  1.20839280e+00
  1.23050585e+00  1.23775037e+00  1.36514053e+00  1.38441339e+00
  1.45547176e+00  1.46259441e+00  1.46932139e+00  1.50424337e+00
  1.51715936e+00  1.56238501e+00  1.70750530e+00  1.71519224e+00
  1.71595187e+00  1.75555849e+00  1.82542126e+00  1.84352918e+00
  1.91545673e+00  1.93813873e+00  2.05783315e+00  2.13480564e+00
  2.14305475e+00  2.15434041e+00  2.17452169e+00  2.19245245e+00
  2.22319346e+00  2.25123368e+00  2.26497008e+00  2.29039681e+00
  2.32093454e+00  2.36957284e+00  2.53937056e+00  2.55246835e+00
  2.66913541e+00  2.68778291e+00  2.69809470e+00  2.73776622e+00
  2.76497596e+00  2.77305573e+00  3.04251025e+00  3.40313147e+00]
nelec by numeric integration = 68.00003410534791
    CPU time for vxc      5.90 sec, wall time      0.21 sec
E1 = -1774.6593527743826  Ecoul = 718.5092011930547  Exc = -70.52191128035611
cycle= 4 E= -748.12029394779  delta_E= -0.00146  |g|= 0.0447  |ddm|= 0.115
    CPU time for cycle= 4      6.43 sec, wall time      0.23 sec
  HOMO = -0.261010003084136  LUMO = -0.0392994799713747
  mo_energy =
[-1.01486100e+02 -1.43359969e+01 -1.02275938e+01 -1.02272326e+01
 -1.02140718e+01 -1.02074062e+01 -1.02018725e+01 -1.02018323e+01
 -9.41816279e+00 -7.18101664e+00 -7.17167822e+00 -7.17166816e+00
 -9.52487248e-01 -8.17562698e-01 -8.11036414e-01 -7.80142862e-01
 -6.54278587e-01 -6.41885814e-01 -6.37230482e-01 -5.41497880e-01
 -4.91331201e-01 -4.75336822e-01 -4.45604602e-01 -4.24085913e-01
 -4.21830143e-01 -4.19563435e-01 -4.06892086e-01 -3.81847291e-01
 -3.68021365e-01 -2.93691134e-01 -2.80904870e-01 -2.69701754e-01
 -2.68861286e-01 -2.61010003e-01 -3.92994800e-02 -1.28270500e-02
  5.82644583e-02  8.92503142e-02  1.16591562e-01  1.22944642e-01
  1.40224020e-01  1.46477970e-01  1.56179820e-01  1.71635633e-01
  1.74050280e-01  2.05487879e-01  2.45454088e-01  2.83382463e-01
  3.20044769e-01  3.25508468e-01  4.31760414e-01  4.39584461e-01
  4.53544235e-01  4.83611993e-01  4.83921931e-01  4.86300967e-01
  5.01708919e-01  5.27111619e-01  5.47055626e-01  5.70885861e-01
  5.72453141e-01  5.77202577e-01  5.91053528e-01  5.94948124e-01
  5.95103455e-01  5.99649839e-01  6.34899833e-01  6.48546526e-01
  6.81190489e-01  6.97592780e-01  7.53195449e-01  8.09561643e-01
  8.21213455e-01  8.30785970e-01  8.41879507e-01  8.55102718e-01
  8.76936790e-01  8.81095514e-01  9.01155955e-01  9.12377723e-01
  9.20695277e-01  9.32285373e-01  9.37482573e-01  9.79721208e-01
  9.82404727e-01  9.87744907e-01  1.02434446e+00  1.07168403e+00
  1.08901970e+00  1.12199799e+00  1.16480385e+00  1.20912776e+00
  1.22924644e+00  1.23959975e+00  1.36758819e+00  1.38469724e+00
  1.45561160e+00  1.46571063e+00  1.47255271e+00  1.50438638e+00
  1.51621096e+00  1.55912918e+00  1.70760327e+00  1.71326513e+00
  1.71422736e+00  1.75568952e+00  1.82822970e+00  1.84387898e+00
  1.91844885e+00  1.94006889e+00  2.06059674e+00  2.13668857e+00
  2.14507054e+00  2.15728313e+00  2.17583155e+00  2.19316924e+00
  2.22172905e+00  2.24920596e+00  2.26301797e+00  2.29216399e+00
  2.32292058e+00  2.36928491e+00  2.54065960e+00  2.55473989e+00
  2.67080876e+00  2.68921300e+00  2.69846055e+00  2.73948392e+00
  2.76665856e+00  2.77422174e+00  3.04223173e+00  3.40439158e+00]
nelec by numeric integration = 68.00003423099494
    CPU time for vxc      5.82 sec, wall time      0.21 sec
E1 = -1774.6392712672857  Ecoul = 718.4871271737878  Exc = -70.5203951208965
cycle= 5 E= -748.120770300501  delta_E= -0.000476  |g|= 0.00994  |ddm|= 0.0524
    CPU time for cycle= 5      6.37 sec, wall time      0.23 sec
  HOMO = -0.259824140735447  LUMO = -0.0388174400510615
  mo_energy =
[-1.01482420e+02 -1.43344906e+01 -1.02239840e+01 -1.02236911e+01
 -1.02150330e+01 -1.02047012e+01 -1.02030262e+01 -1.02029379e+01
 -9.41533437e+00 -7.17809023e+00 -7.16877229e+00 -7.16876211e+00
 -9.51085689e-01 -8.16540057e-01 -8.10983783e-01 -7.79270427e-01
 -6.53247847e-01 -6.41276288e-01 -6.36565353e-01 -5.41078460e-01
 -4.90793926e-01 -4.75216182e-01 -4.45006391e-01 -4.23147926e-01
 -4.21708210e-01 -4.18657608e-01 -4.06083680e-01 -3.80724255e-01
 -3.67769873e-01 -2.93502897e-01 -2.80237246e-01 -2.68670491e-01
 -2.67849837e-01 -2.59824141e-01 -3.88174401e-02 -1.22255785e-02
  5.92220447e-02  8.94425928e-02  1.17078044e-01  1.23427812e-01
  1.40736701e-01  1.46751154e-01  1.56293235e-01  1.72282714e-01
  1.74208896e-01  2.06094699e-01  2.45938994e-01  2.83434932e-01
  3.20630845e-01  3.25784756e-01  4.32627251e-01  4.40110939e-01
  4.54136828e-01  4.84340931e-01  4.84652939e-01  4.86982053e-01
  5.02198968e-01  5.27618702e-01  5.47722700e-01  5.71105194e-01
  5.72944770e-01  5.77978838e-01  5.91949344e-01  5.94625781e-01
  5.95519548e-01  5.99625410e-01  6.35842302e-01  6.49077073e-01
  6.81043820e-01  6.98745907e-01  7.54294050e-01  8.10044364e-01
  8.20760834e-01  8.31243432e-01  8.42547778e-01  8.56158582e-01
  8.77945226e-01  8.82192686e-01  9.01619130e-01  9.12575051e-01
  9.21540755e-01  9.33432827e-01  9.38196345e-01  9.80885276e-01
  9.82922213e-01  9.88724456e-01  1.02521487e+00  1.07237824e+00
  1.08955767e+00  1.12253007e+00  1.16480426e+00  1.20947219e+00
  1.23015682e+00  1.24015887e+00  1.36796020e+00  1.38499499e+00
  1.45617193e+00  1.46605642e+00  1.47251148e+00  1.50569255e+00
  1.51713371e+00  1.56005961e+00  1.70830016e+00  1.71454028e+00
  1.71547265e+00  1.75647474e+00  1.82850494e+00  1.84442644e+00
  1.91832411e+00  1.94069858e+00  2.06112221e+00  2.13725052e+00
  2.14566844e+00  2.15728823e+00  2.17677943e+00  2.19397057e+00
  2.22303461e+00  2.25034068e+00  2.26415106e+00  2.29241805e+00
  2.32363401e+00  2.37031355e+00  2.54115735e+00  2.55530629e+00
  2.67134581e+00  2.68974079e+00  2.69932462e+00  2.74026911e+00
  2.76696306e+00  2.77505572e+00  3.04325887e+00  3.40507443e+00]
nelec by numeric integration = 68.00003419203676
    CPU time for vxc      5.82 sec, wall time      0.21 sec
E1 = -1774.5693133524885  Ecoul = 718.4127035787651  Exc = -70.51595301624386
cycle= 6 E= -748.120793876074  delta_E= -2.36e-05  |g|= 0.00425  |ddm|= 0.0144
    CPU time for cycle= 6      6.33 sec, wall time      0.23 sec
  HOMO = -0.259982952221128  LUMO = -0.0388289775497422
  mo_energy =
[-1.01482556e+02 -1.43346181e+01 -1.02251531e+01 -1.02248021e+01
 -1.02143467e+01 -1.02048902e+01 -1.02027211e+01 -1.02026192e+01
 -9.41548542e+00 -7.17823720e+00 -7.16892154e+00 -7.16891134e+00
 -9.51529682e-01 -8.16693035e-01 -8.10926853e-01 -7.79523584e-01
 -6.53302309e-01 -6.41338877e-01 -6.36672664e-01 -5.41133173e-01
 -4.90898705e-01 -4.75188144e-01 -4.45192974e-01 -4.23288262e-01
 -4.21637809e-01 -4.18773193e-01 -4.06278081e-01 -3.80850561e-01
 -3.67788681e-01 -2.93464921e-01 -2.80444109e-01 -2.68806419e-01
 -2.67982857e-01 -2.59982952e-01 -3.88289775e-02 -1.23818356e-02
  5.91093361e-02  8.94805599e-02  1.17004733e-01  1.23380385e-01
  1.40676519e-01  1.46743246e-01  1.56351361e-01  1.72182002e-01
  1.74233914e-01  2.05991679e-01  2.45840073e-01  2.83507036e-01
  3.20511798e-01  3.25778765e-01  4.32574135e-01  4.40038442e-01
  4.53991574e-01  4.84223356e-01  4.84533756e-01  4.86795216e-01
  5.02082769e-01  5.27550022e-01  5.47638556e-01  5.71094863e-01
  5.72815571e-01  5.77861058e-01  5.91698473e-01  5.94749606e-01
  5.95482141e-01  5.99692473e-01  6.35685075e-01  6.48944435e-01
  6.81158408e-01  6.98503617e-01  7.54123159e-01  8.09942114e-01
  8.20981900e-01  8.31154367e-01  8.42441843e-01  8.56009682e-01
  8.77823554e-01  8.82051301e-01  9.01640432e-01  9.12630200e-01
  9.21453493e-01  9.33289207e-01  9.38133726e-01  9.80755164e-01
  9.82880076e-01  9.88617208e-01  1.02506888e+00  1.07228806e+00
  1.08946882e+00  1.12243229e+00  1.16484576e+00  1.20942980e+00
  1.23003829e+00  1.24004279e+00  1.36786777e+00  1.38498285e+00
  1.45606743e+00  1.46599861e+00  1.47256493e+00  1.50530747e+00
  1.51692573e+00  1.55997136e+00  1.70815185e+00  1.71439301e+00
  1.71532282e+00  1.75630173e+00  1.82847497e+00  1.84436365e+00
  1.91841064e+00  1.94050167e+00  2.06098422e+00  2.13712422e+00
  2.14548916e+00  2.15735593e+00  2.17652618e+00  2.19382299e+00
  2.22286539e+00  2.25021261e+00  2.26401824e+00  2.29246610e+00
  2.32343680e+00  2.37005444e+00  2.54107252e+00  2.55515044e+00
  2.67123255e+00  2.68967778e+00  2.69916722e+00  2.74009241e+00
  2.76698473e+00  2.77485097e+00  3.04305626e+00  3.40497810e+00]
nelec by numeric integration = 68.00003419788283
    CPU time for vxc      5.91 sec, wall time      0.21 sec
E1 = -1774.5818576097145  Ecoul = 718.4256388112758  Exc = -70.51634874330878
cycle= 7 E= -748.120798627854  delta_E= -4.75e-06  |g|= 0.000595  |ddm|= 0.00413
    CPU time for cycle= 7      6.43 sec, wall time      0.23 sec
  HOMO = -0.259975513520616  LUMO = -0.0388304508043844
  mo_energy =
[-1.01482843e+02 -1.43346415e+01 -1.02250708e+01 -1.02247493e+01
 -1.02145259e+01 -1.02050675e+01 -1.02025936e+01 -1.02025157e+01
 -9.41570854e+00 -7.17846913e+00 -7.16914983e+00 -7.16913964e+00
 -9.51511021e-01 -8.16774592e-01 -8.10948140e-01 -7.79475076e-01
 -6.53350209e-01 -6.41336704e-01 -6.36656925e-01 -5.41126407e-01
 -4.90879516e-01 -4.75162499e-01 -4.45157783e-01 -4.23319040e-01
 -4.21662709e-01 -4.18814145e-01 -4.06270395e-01 -3.80930376e-01
 -3.67778573e-01 -2.93477746e-01 -2.80400649e-01 -2.68891552e-01
 -2.68065979e-01 -2.59975514e-01 -3.88304508e-02 -1.23484653e-02
  5.90563791e-02  8.94596995e-02  1.17014622e-01  1.23380000e-01
  1.40694299e-01  1.46745577e-01  1.56346981e-01  1.72163450e-01
  1.74236064e-01  2.05993488e-01  2.45844407e-01  2.83508387e-01
  3.20531209e-01  3.25790918e-01  4.32496909e-01  4.40046770e-01
  4.54002813e-01  4.84163192e-01  4.84472874e-01  4.86762645e-01
  5.02100235e-01  5.27557538e-01  5.47604015e-01  5.71108833e-01
  5.72849340e-01  5.77844015e-01  5.91705606e-01  5.94751649e-01
  5.95464418e-01  5.99692628e-01  6.35683240e-01  6.48975266e-01
  6.81161315e-01  6.98522954e-01  7.54118533e-01  8.09972152e-01
  8.20967049e-01  8.31182968e-01  8.42456428e-01  8.56008602e-01
  8.77762375e-01  8.81979887e-01  9.01614056e-01  9.12609698e-01
  9.21404756e-01  9.33205545e-01  9.38090498e-01  9.80677911e-01
  9.82867266e-01  9.88561185e-01  1.02508107e+00  1.07226304e+00
  1.08947434e+00  1.12243326e+00  1.16485387e+00  1.20944495e+00
  1.22998662e+00  1.24006117e+00  1.36788499e+00  1.38498365e+00
  1.45608237e+00  1.46601603e+00  1.47257817e+00  1.50534228e+00
  1.51693779e+00  1.55997113e+00  1.70816902e+00  1.71432244e+00
  1.71525858e+00  1.75631303e+00  1.82848449e+00  1.84437124e+00
  1.91840795e+00  1.94054050e+00  2.06100317e+00  2.13714264e+00
  2.14552136e+00  2.15735317e+00  2.17656500e+00  2.19382652e+00
  2.22280123e+00  2.25015662e+00  2.26396444e+00  2.29246044e+00
  2.32347966e+00  2.37007609e+00  2.54107605e+00  2.55518090e+00
  2.67124649e+00  2.68969457e+00  2.69919087e+00  2.74012909e+00
  2.76698463e+00  2.77488260e+00  3.04307966e+00  3.40500031e+00]
nelec by numeric integration = 68.00003420396928
    CPU time for vxc      6.08 sec, wall time      0.22 sec
E1 = -1774.5839238194085  Ecoul = 718.4278925318227  Exc = -70.51653634056001
cycle= 8 E= -748.120798714252  delta_E= -8.64e-08  |g|= 0.000198  |ddm|= 0.000753
    CPU time for cycle= 8      7.01 sec, wall time      0.25 sec
  HOMO = -0.25997460496848  LUMO = -0.0388217170944429
  mo_energy =
[-1.01482853e+02 -1.43346352e+01 -1.02250656e+01 -1.02247266e+01
 -1.02144604e+01 -1.02050596e+01 -1.02026338e+01 -1.02025398e+01
 -9.41571001e+00 -7.17847284e+00 -7.16915160e+00 -7.16914141e+00
 -9.51506905e-01 -8.16766829e-01 -8.10940164e-01 -7.79477977e-01
 -6.53345988e-01 -6.41332656e-01 -6.36656880e-01 -5.41120703e-01
 -4.90877162e-01 -4.75170132e-01 -4.45161477e-01 -4.23314094e-01
 -4.21650117e-01 -4.18809163e-01 -4.06267167e-01 -3.80927750e-01
 -3.67778625e-01 -2.93469251e-01 -2.80404242e-01 -2.68887715e-01
 -2.68061948e-01 -2.59974605e-01 -3.88217171e-02 -1.23518160e-02
  5.90595475e-02  8.94614013e-02  1.17013930e-01  1.23380659e-01
  1.40695887e-01  1.46743994e-01  1.56351066e-01  1.72167293e-01
  1.74237534e-01  2.05994072e-01  2.45847553e-01  2.83512626e-01
  3.20531869e-01  3.25790578e-01  4.32493210e-01  4.40047958e-01
  4.54003442e-01  4.84166223e-01  4.84475937e-01  4.86766662e-01
  5.02102536e-01  5.27559765e-01  5.47608440e-01  5.71108450e-01
  5.72845835e-01  5.77846067e-01  5.91712286e-01  5.94753658e-01
  5.95475277e-01  5.99697083e-01  6.35685143e-01  6.48972534e-01
  6.81162952e-01  6.98523742e-01  7.54121728e-01  8.09967786e-01
  8.20974839e-01  8.31178560e-01  8.42457102e-01  8.56011484e-01
  8.77767277e-01  8.81984789e-01  9.01617861e-01  9.12613147e-01
  9.21409313e-01  9.33210588e-01  9.38093873e-01  9.80680220e-01
  9.82871524e-01  9.88563293e-01  1.02508171e+00  1.07226520e+00
  1.08947334e+00  1.12243565e+00  1.16485410e+00  1.20944338e+00
  1.22998973e+00  1.24006367e+00  1.36788776e+00  1.38498723e+00
  1.45608233e+00  1.46602071e+00  1.47257782e+00  1.50534425e+00
  1.51694192e+00  1.55997334e+00  1.70816969e+00  1.71432974e+00
  1.71526555e+00  1.75631638e+00  1.82848859e+00  1.84437610e+00
  1.91841240e+00  1.94053712e+00  2.06100802e+00  2.13714518e+00
  2.14552055e+00  2.15735946e+00  2.17656423e+00  2.19383359e+00
  2.22280807e+00  2.25016308e+00  2.26397070e+00  2.29246809e+00
  2.32347617e+00  2.37007855e+00  2.54108235e+00  2.55518123e+00
  2.67125017e+00  2.68969720e+00  2.69919190e+00  2.74012757e+00
  2.76699181e+00  2.77488329e+00  3.04308237e+00  3.40500243e+00]
nelec by numeric integration = 68.00003420367288
    CPU time for vxc      6.31 sec, wall time      0.23 sec
E1 = -1774.5836081047646  Ecoul = 718.4275606785595  Exc = -70.51652021070527
cycle= 9 E= -748.120798723017  delta_E= -8.76e-09  |g|= 5.41e-05  |ddm|= 0.000183
    CPU time for cycle= 9      7.16 sec, wall time      0.26 sec
  HOMO = -0.259981068956795  LUMO = -0.038827609199653
  mo_energy =
[-1.01482820e+02 -1.43346455e+01 -1.02250678e+01 -1.02247401e+01
 -1.02144762e+01 -1.02050460e+01 -1.02026319e+01 -1.02025491e+01
 -9.41568172e+00 -7.17844418e+00 -7.16912276e+00 -7.16911257e+00
 -9.51513599e-01 -8.16757646e-01 -8.10943882e-01 -7.79482703e-01
 -6.53342573e-01 -6.41335484e-01 -6.36662165e-01 -5.41125075e-01
 -4.90883139e-01 -4.75172989e-01 -4.45165011e-01 -4.23313374e-01
 -4.21654401e-01 -4.18806855e-01 -4.06270989e-01 -3.80919068e-01
 -3.67783181e-01 -2.93474746e-01 -2.80408443e-01 -2.68875513e-01
 -2.68050323e-01 -2.59981069e-01 -3.88276092e-02 -1.23562248e-02
  5.90650306e-02  8.94616921e-02  1.17012495e-01  1.23379589e-01
  1.40690888e-01  1.46742919e-01  1.56348509e-01  1.72167267e-01
  1.74234805e-01  2.05993413e-01  2.45843875e-01  2.83508502e-01
  3.20527149e-01  3.25787066e-01  4.32504341e-01  4.40045013e-01
  4.54001980e-01  4.84174876e-01  4.84484735e-01  4.86770491e-01
  5.02098571e-01  5.27555567e-01  5.47610562e-01  5.71104814e-01
  5.72842542e-01  5.77846867e-01  5.91708083e-01  5.94749715e-01
  5.95471451e-01  5.99692787e-01  6.35681854e-01  6.48969059e-01
  6.81159189e-01  6.98520824e-01  7.54119481e-01  8.09964776e-01
  8.20970628e-01  8.31175650e-01  8.42453826e-01  8.56007166e-01
  8.77773793e-01  8.81993263e-01  9.01617930e-01  9.12612839e-01
  9.21414321e-01  9.33221800e-01  9.38098336e-01  9.80689520e-01
  9.82870565e-01  9.88569474e-01  1.02507762e+00  1.07226667e+00
  1.08947223e+00  1.12243259e+00  1.16485125e+00  1.20944008e+00
  1.22999472e+00  1.24005775e+00  1.36788243e+00  1.38498268e+00
  1.45607859e+00  1.46601525e+00  1.47257231e+00  1.50533900e+00
  1.51693540e+00  1.55996919e+00  1.70816427e+00  1.71433469e+00
  1.71526972e+00  1.75631193e+00  1.82848329e+00  1.84437006e+00
  1.91840746e+00  1.94053291e+00  2.06100251e+00  2.13713976e+00
  2.14551561e+00  2.15735327e+00  2.17655930e+00  2.19382759e+00
  2.22281285e+00  2.25016608e+00  2.26397356e+00  2.29246134e+00
  2.32347151e+00  2.37007261e+00  2.54107617e+00  2.55517634e+00
  2.67124464e+00  2.68969106e+00  2.69918591e+00  2.74012229e+00
  2.76698502e+00  2.77487783e+00  3.04307615e+00  3.40499649e+00]
nelec by numeric integration = 68.00003420343597
    CPU time for vxc      5.91 sec, wall time      0.21 sec
E1 = -1774.5834632253923  Ecoul = 718.427403324356  Exc = -70.51650773665816
cycle= 10 E= -748.120798723801  delta_E= -7.84e-10  |g|= 1.92e-05  |ddm|= 9.31e-05
    CPU time for cycle= 10      6.42 sec, wall time      0.23 sec
  HOMO = -0.259981583433034  LUMO = -0.0388260040099283
  mo_energy =
[-1.01482835e+02 -1.43346486e+01 -1.02250695e+01 -1.02247268e+01
 -1.02144698e+01 -1.02050480e+01 -1.02026388e+01 -1.02025411e+01
 -9.41569383e+00 -7.17845649e+00 -7.16913510e+00 -7.16912491e+00
 -9.51512155e-01 -8.16761821e-01 -8.10943048e-01 -7.79480732e-01
 -6.53343572e-01 -6.41334234e-01 -6.36660575e-01 -5.41123191e-01
 -4.90881220e-01 -4.75171936e-01 -4.45163338e-01 -4.23313739e-01
 -4.21653007e-01 -4.18807822e-01 -4.06269890e-01 -3.80922166e-01
 -3.67781487e-01 -2.93473468e-01 -2.80406581e-01 -2.68880260e-01
 -2.68054845e-01 -2.59981583e-01 -3.88260040e-02 -1.23544919e-02
  5.90630800e-02  8.94613921e-02  1.17012978e-01  1.23380021e-01
  1.40692464e-01  1.46742966e-01  1.56349379e-01  1.72167160e-01
  1.74236604e-01  2.05993104e-01  2.45844954e-01  2.83509885e-01
  3.20528524e-01  3.25788073e-01  4.32501317e-01  4.40046162e-01
  4.54001937e-01  4.84171501e-01  4.84481300e-01  4.86768146e-01
  5.02100129e-01  5.27556677e-01  5.47609604e-01  5.71106160e-01
  5.72843979e-01  5.77846611e-01  5.91710040e-01  5.94751022e-01
  5.95473252e-01  5.99694586e-01  6.35681918e-01  6.48970509e-01
  6.81160326e-01  6.98522136e-01  7.54120004e-01  8.09966290e-01
  8.20971849e-01  8.31176958e-01  8.42455243e-01  8.56007022e-01
  8.77771322e-01  8.81989903e-01  9.01617904e-01  9.12612835e-01
  9.21412468e-01  9.33217390e-01  9.38096353e-01  9.80685699e-01
  9.82871365e-01  9.88567053e-01  1.02507828e+00  1.07226613e+00
  1.08947263e+00  1.12243376e+00  1.16485205e+00  1.20944069e+00
  1.22999214e+00  1.24005974e+00  1.36788437e+00  1.38498350e+00
  1.45607982e+00  1.46601758e+00  1.47257396e+00  1.50534142e+00
  1.51693654e+00  1.55996924e+00  1.70816541e+00  1.71433314e+00
  1.71526845e+00  1.75631336e+00  1.82848516e+00  1.84437135e+00
  1.91840888e+00  1.94053479e+00  2.06100485e+00  2.13714159e+00
  2.14551752e+00  2.15735505e+00  2.17656129e+00  2.19382971e+00
  2.22281091e+00  2.25016535e+00  2.26397283e+00  2.29246312e+00
  2.32347347e+00  2.37007428e+00  2.54107786e+00  2.55517837e+00
  2.67124653e+00  2.68969275e+00  2.69918769e+00  2.74012440e+00
  2.76698672e+00  2.77487974e+00  3.04307789e+00  3.40499841e+00]
nelec by numeric integration = 68.00003420344076
    CPU time for vxc      5.81 sec, wall time      0.21 sec
E1 = -1774.5835592056499  Ecoul = 718.4275067991387  Exc = -70.51651523103615
Extra cycle  E= -748.120798723653  delta_E= 1.47e-10  |g|= 2.98e-05  |ddm|= 4.99e-05
    CPU time for scf_cycle     93.71 sec, wall time      3.55 sec
    CPU time for SCF     93.72 sec, wall time      3.55 sec
converged SCF energy = -748.120798723653
Converting <class 'pyscf.dft.rks.RKS'> to RHF


******** <class 'pyscf.tdscf.rks.TDA'> for <class 'pyscf.dft.rks.RKS'> ********
nstates = 5 singlet
wfnsym = None
conv_tol = 1e-09
eigh lindep = 1e-12
eigh level_shift = 0
eigh max_space = 8
eigh max_cycle = 2000
chkfile = /scratch/global/yangjunjie/tmpjuqu_24z
max_memory 256000 MB (current use 601 MB)


davidson 0 5  |r|= 0.192  e= [0.17785999 0.19861754 0.21015209 0.21266404 0.27691163]  max|de|= 0.277  lindep=    1
davidson 1 10  |r|= 0.0536  e= [0.17486142 0.19757971 0.20999173 0.21014164 0.21985656]  max|de|= -0.0571  lindep= 0.739
Old state -> New state
    3     ->     2 
    2     ->     3 
davidson 2 15  |r|= 0.0205  e= [0.17472392 0.19753352 0.20994949 0.20999075 0.21340473]  max|de|= -0.00645  lindep= 0.78
davidson 3 20  |r|= 0.00567  e= [0.17472048 0.19753072 0.20990965 0.20999067 0.21283652]  max|de|= -0.000568  lindep= 0.759
davidson 4 5  |r|= 0.00567  e= [0.17472048 0.19753072 0.20990965 0.20999067 0.21283652]  max|de|= 2.5e-16  lindep= 0.999
davidson 5 10  |r|= 0.00208  e= [0.17472039 0.19753056 0.20990684 0.20999066 0.21279779]  max|de|= -3.87e-05  lindep= 0.701
davidson 6 15  |r|= 0.00159  e= [0.17472038 0.19753055 0.20990602 0.20999066 0.21277997]  max|de|= -1.78e-05  lindep= 0.731
root 0 converged  |r|= 2.42e-06  e= 0.17472037987691508  max|de|= -1.49e-10
root 3 converged  |r|= 3e-06  e= 0.20999066344753492  max|de|= -1.94e-10
davidson 7 20  |r|= 0.000543  e= [0.17472038 0.19753055 0.20990582 0.20999066 0.21277529]  max|de|= -4.68e-06  lindep= 0.754
root 1 converged  |r|= 5.95e-06  e= 0.19753054915279722  max|de|= 8.33e-17
davidson 8 5  |r|= 0.000543  e= [0.17472038 0.19753055 0.20990582 0.20999066 0.21277529]  max|de|= 1.39e-16  lindep= 0.963
davidson 9 7  |r|= 0.000224  e= [0.17472038 0.19753055 0.2099058  0.20999066 0.212775  ]  max|de|= -2.91e-07  lindep= 0.938
davidson 10 9  |r|= 0.000102  e= [0.17472038 0.19753055 0.20990579 0.20999066 0.2127749 ]  max|de|= -1.05e-07  lindep= 0.764
davidson 11 11  |r|= 4.39e-05  e= [0.17472038 0.19753055 0.20990578 0.20999066 0.21277489]  max|de|= -1.3e-08  lindep= 0.84
root 2 converged  |r|= 5.03e-06  e= 0.20990578377462177  max|de|= -4.21e-10
davidson 12 13  |r|= 2.95e-05  e= [0.17472038 0.19753055 0.20990578 0.20999066 0.21277488]  max|de|= -4.01e-09  lindep= 0.709
davidson 13 14  |r|= 1.28e-05  e= [0.17472038 0.19753055 0.20990578 0.20999066 0.21277488]  max|de|= -1.46e-09  lindep= 0.789
root 4 converged  |r|= 4.69e-06  e= 0.2127748795406709  max|de|= -2.08e-10
converged 14 15  |r|= 5.95e-06  e= [0.17472038 0.19753055 0.20990578 0.20999066 0.21277488]  max|de|= -2.08e-10
    CPU time for TDA    160.44 sec, wall time      5.87 sec
Excited State energies (eV)
[4.7543837  5.37508002 5.71182731 5.714137   5.78989938]
