 
:: initializing oneAPI environment ...
   slurm_script: BASH_VERSION = 4.2.46(1)-release
   args: Using "$@" for setvars.sh arguments: --force
:: advisor -- latest
:: ccl -- latest
:: clck -- latest
:: compiler -- latest
:: dal -- latest
:: debugger -- latest
:: dev-utilities -- latest
:: dnnl -- latest
:: dpcpp-ct -- latest
:: dpl -- latest
:: inspector -- latest
:: intelpython -- latest
:: ipp -- latest
:: ippcp -- latest
:: ipp -- latest
:: itac -- latest
:: mkl -- latest
:: mpi -- latest
:: tbb -- latest
:: vpl -- latest
:: vtune -- latest
:: oneAPI environment initialized ::
 
SLURM_CPUS_PER_TASK = 28
SLURM_MEM_PER_NODE = 127949
#INFO: **** input file is /home/yangjunjie/work/py-ch3-cl/work/scan-24/main.py ****
import sys
import pyscf
from pyscf import tdscf

def main(xyz_file, basis="631g*", xc="b3lyp", output="ene.out"):
    xyz = None

    with open(xyz_file, "r") as xyz:
        xyz = xyz.readlines()[2:]
        xyz = "".join(xyz)

    mol = pyscf.gto.Mole()
    mol.atom = xyz
    mol.basis = basis
    mol.verbose = 5
    mol.build()

    if xc is not None and xc != "hf":
        mf = pyscf.scf.RKS(mol)
        mf.xc = xc
        mf.grids.level = 9
        mf.kernel()
    else:
        mf = pyscf.scf.RHF(mol)
        mf.kernel()

    ene_mf = mf.e_tot

    with open(output, "w") as f:
        tda = pyscf.tdscf.TDA(mf)
        tda.nstates = 5
        tda.max_space = 8
        tda.max_cycle = 2000
        tda.kernel()

        con_tda = tda.converged
        ene_tda = tda.e[:5]
        dip_tda = tda.transition_dipole()[:5]

        f.write(f"RKS energy: {ene_mf: 12.8f}\n")
        f.write("TDA results:\n")
        for i, (con, ene, dip) in enumerate(zip(con_tda, ene_tda, dip_tda)):
            f.write(f" {i:2d} {con} {ene: 12.8f} {dip[0]: 12.8f} {dip[1]: 12.8f} {dip[2]: 12.8f}\n")

        # rpa = pyscf.tdscf.RPA(mf)
        # rpa.nstates = 5
        # rpa.max_space = 8
        # rpa.max_cycle = 2000
        # rpa.kernel()

        # con_rpa = rpa.converged
        # ene_rpa = rpa.e[:5]
        # dip_rpa = rpa.transition_dipole()[:5]
        
        # f.write("\nRPA results:\n")
        # for i, (con, ene, dip) in enumerate(zip(con_rpa, ene_rpa, dip_rpa)):
        #     f.write(f" {i:2d} {con} {ene: 12.8f} {dip[0]: 12.8f} {dip[1]: 12.8f} {dip[2]: 12.8f}\n")

if __name__ == "__main__":
    xyz = sys.argv[1]
    main(xyz, basis="6-311g**", xc=None, output="out.log")
#INFO: ******************** input file end ********************


System: uname_result(system='Linux', node='pauling049', release='3.10.0-327.36.3.el7.x86_64', version='#1 SMP Thu Oct 20 04:56:07 EDT 2016', machine='x86_64')  Threads 28
Python 3.9.7 (default, Oct 27 2021, 01:23:21) 
[GCC 9.3.0]
numpy 1.21.2  scipy 1.6.2
Date: Tue Oct  4 15:30:49 2022
PySCF version 2.0.1
PySCF path  /home/yangjunjie/packages/pyscf/pyscf-main
GIT ORIG_HEAD 14b880cdc4bf7bb64f3989a147c0b04622efc498
GIT HEAD (branch master) 9d5b5bd309d1cc55fbd1a0ec76e26b5b0c7f76af

[ENV] PYSCF_MAX_MEMORY 127949
[ENV] PYSCF_TMPDIR /scratch/global/yangjunjie/
[CONFIG] conf_file /home/yangjunjie/.pyscf_conf.py
[INPUT] verbose = 5
[INPUT] max_memory = 127949 
[INPUT] num. atoms = 16
[INPUT] num. electrons = 68
[INPUT] charge = 0
[INPUT] spin (= nelec alpha-beta = 2S) = 0
[INPUT] symmetry False subgroup None
[INPUT] Mole.unit = angstrom
[INPUT]  1 C     -0.000000090000   1.152123200000   1.072550060000 AA   -0.000000170075   2.177197309757   2.026825868286 Bohr
[INPUT]  2 C      0.000000590000   1.183338850000   2.453471650000 AA    0.000001114938   2.236186339058   4.636389472885 Bohr
[INPUT]  3 C      0.000000380000  -0.019778710000   3.135752000000 AA    0.000000718096  -0.037376344997   5.925712474557 Bohr
[INPUT]  4 C     -0.000000600000  -1.200831940000   2.414400090000 AA   -0.000001133836  -2.269243488230   4.562554925225 Bohr
[INPUT]  5 C     -0.000001060000  -1.124343330000   1.036172230000 AA   -0.000002003110  -2.124700963681   1.958081732580 Bohr
[INPUT]  6 N     -0.000000760000   0.025281250000   0.382344490000 AA   -0.000001436192   0.047774638587   0.722526371337 Bohr
[INPUT]  7 C      0.000000040000   0.007876600000  -1.675859160000 AA    0.000000075589   0.014884616793  -3.166914835744 Bohr
[INPUT]  8 H      0.000000160000   2.064810560000   0.502853450000 AA    0.000000302356   3.901926457510   0.950255301293 Bohr
[INPUT]  9 H      0.000001330000   2.123296800000   2.971690570000 AA    0.000002513336   4.012449433165   5.615681304253 Bohr
[INPUT] 10 H      0.000001020000  -0.037272500000   4.210573000000 AA    0.000001927521  -0.070434816978   7.956829797488 Bohr
[INPUT] 11 H     -0.000000800000  -2.157086270000   2.901887530000 AA   -0.000001511781  -4.076302277360   5.483772675991 Bohr
[INPUT] 12 H     -0.000001540000  -2.016820510000   0.434723420000 AA   -0.000002910178  -3.811238406306   0.821508203734 Bohr
[INPUT] 13 H     -0.000003290000   1.072183290000  -1.696241390000 AA   -0.000006217199   2.026132773435  -3.205431668252 Bohr
[INPUT] 14 H     -0.923645860000  -0.520652550000  -1.672129910000 AA   -1.745437711488  -0.983890725556  -3.159867574594 Bohr
[INPUT] 15 H      0.923649220000  -0.520646800000  -1.672129140000 AA    1.745444060968  -0.983879859631  -3.159866119505 Bohr
[INPUT] 16 Cl     0.000001190000  -0.023215360000  -4.026313400000 AA    0.000002248774  -0.043870672283  -7.608629617666 Bohr
[INPUT] ---------------- BASIS SET ---------------- 
[INPUT] l, kappa, [nprim/nctr], expnt,             c_1 c_2 ...
[INPUT] N
[INPUT] 0    0    [6    /1   ]  6293.48           0.00196979
                                949.044           0.0149613
                                218.776           0.0735006
                                63.6916           0.248937
                                18.8282           0.60246
                                2.72023           0.256202
[INPUT] 0    0    [3    /1   ]  30.6331           0.111906
                                7.02614           0.921666
                                2.11205           -0.00256919
[INPUT] 0    0    [1    /1   ]  0.684009             1
[INPUT] 0    0    [1    /1   ]  0.200878             1
[INPUT] 1    0    [3    /1   ]  30.6331           0.0383119
                                7.02614           0.237403
                                2.11205           0.817592
[INPUT] 1    0    [1    /1   ]  0.684009             1
[INPUT] 1    0    [1    /1   ]  0.200878             1
[INPUT] 2    0    [1    /1   ]  0.913                1
[INPUT] Cl
[INPUT] 0    0    [6    /1   ]  105819            0.000738
                                15872             0.005718
                                3619.65           0.029495
                                1030.8            0.117286
                                339.908           0.362949
                                124.538           0.584149
[INPUT] 0    0    [3    /1   ]  124.538           0.134177
                                49.5135           0.62425
                                20.8056           0.291756
[INPUT] 0    0    [1    /1   ]  6.58346              1
[INPUT] 0    0    [1    /1   ]  2.56468              1
[INPUT] 0    0    [1    /1   ]  0.559763             1
[INPUT] 0    0    [1    /1   ]  0.183273             1
[INPUT] 1    0    [5    /1   ]  589.776           0.002391
                                139.849           0.018504
                                45.1413           0.081377
                                16.8733           0.221552
                                6.7411            0.772569
[INPUT] 1    0    [2    /1   ]  6.7411            -1.572244
                                2.77152           0.992389
[INPUT] 1    0    [1    /1   ]  1.02387              1
[INPUT] 1    0    [1    /1   ]  0.381368             1
[INPUT] 1    0    [1    /1   ]  0.109437             1
[INPUT] 2    0    [1    /1   ]  0.75                 1
[INPUT] H
[INPUT] 0    0    [3    /1   ]  33.865            0.0254938
                                5.09479           0.190373
                                1.15879           0.852161
[INPUT] 0    0    [1    /1   ]  0.32584              1
[INPUT] 0    0    [1    /1   ]  0.102741             1
[INPUT] 1    0    [1    /1   ]  0.75                 1
[INPUT] C
[INPUT] 0    0    [6    /1   ]  4563.24           0.00196665
                                682.024           0.0152306
                                154.973           0.0761269
                                44.4553           0.260801
                                13.029            0.616462
                                1.82773           0.221006
[INPUT] 0    0    [3    /1   ]  20.9642           0.11466
                                4.80331           0.919999
                                1.45933           -0.00303068
[INPUT] 0    0    [1    /1   ]  0.483456             1
[INPUT] 0    0    [1    /1   ]  0.145585             1
[INPUT] 1    0    [3    /1   ]  20.9642           0.0402487
                                4.80331           0.237594
                                1.45933           0.815854
[INPUT] 1    0    [1    /1   ]  0.483456             1
[INPUT] 1    0    [1    /1   ]  0.145585             1
[INPUT] 2    0    [1    /1   ]  0.626                1

nuclear repulsion = 377.071151705033
number of shells = 100
number of NR pGTOs = 329
number of NR cGTOs = 200
basis = 6-311g**
ecp = {}
CPU time:         0.41


******** <class 'pyscf.scf.hf.RHF'> ********
method = RHF
initial guess = minao
damping factor = 0
level_shift factor = 0
DIIS = <class 'pyscf.scf.diis.CDIIS'>
diis_start_cycle = 1
diis_space = 8
SCF conv_tol = 1e-09
SCF conv_tol_grad = None
SCF max_cycles = 50
direct_scf = True
direct_scf_tol = 1e-13
chkfile to save SCF result = /scratch/global/yangjunjie/tmptcdssfvk
max_memory 127949 MB (current use 82 MB)
Set gradient conv threshold to 3.16228e-05
E1 = -1767.9116251424502  E_coul = 643.3632562810417
init E= -747.477217156375
cond(S) = 14061.09291209038
    CPU time for initialize scf     13.93 sec, wall time      0.59 sec
  HOMO = -0.250410073653058  LUMO = 0.0135155843794615
  mo_energy =
[-1.04816651e+02 -1.56268177e+01 -1.13278008e+01 -1.13241856e+01
 -1.13214669e+01 -1.13190897e+01 -1.13187067e+01 -1.13126102e+01
 -1.06109656e+01 -8.06936414e+00 -8.06915215e+00 -8.06914935e+00
 -1.76512703e+00 -1.41369884e+00 -1.33078099e+00 -1.21998604e+00
 -1.05487635e+00 -9.45111099e-01 -9.25745339e-01 -6.89590730e-01
 -5.98170760e-01 -5.57832213e-01 -5.34865085e-01 -5.14028498e-01
 -4.92173413e-01 -4.75903481e-01 -4.75242283e-01 -4.21689587e-01
 -4.16495545e-01 -4.15652821e-01 -3.64674580e-01 -3.03868171e-01
 -2.79198134e-01 -2.50410074e-01  1.35155844e-02  2.78262070e-02
  4.45022498e-02  1.16862146e-01  1.34695423e-01  1.61070657e-01
  1.83077444e-01  1.89445807e-01  2.08683635e-01  2.17062426e-01
  2.38737704e-01  2.50633264e-01  3.32006255e-01  3.73631910e-01
  3.75038676e-01  3.92783915e-01  4.03986616e-01  4.07020901e-01
  4.14562889e-01  4.25762979e-01  4.29999981e-01  4.36072065e-01
  5.03254364e-01  5.17646925e-01  5.37054451e-01  5.39160937e-01
  5.61501299e-01  5.82379004e-01  5.89579552e-01  5.90394819e-01
  6.21676092e-01  6.22575505e-01  6.76283418e-01  6.81495335e-01
  7.02207406e-01  7.18113275e-01  7.47486492e-01  7.62854925e-01
  7.63135506e-01  7.65464066e-01  7.97289199e-01  8.05673970e-01
  8.16449648e-01  8.53869069e-01  8.80698487e-01  8.88862976e-01
  8.93580130e-01  9.04957138e-01  9.37689062e-01  9.68176529e-01
  9.74665798e-01  1.02924230e+00  1.09561866e+00  1.10351447e+00
  1.10380112e+00  1.11217311e+00  1.11233108e+00  1.12938145e+00
  1.14639144e+00  1.17221376e+00  1.22274880e+00  1.23243019e+00
  1.26372777e+00  1.28975786e+00  1.31969986e+00  1.33180269e+00
  1.36996986e+00  1.41651620e+00  1.41788758e+00  1.45871831e+00
  1.55189775e+00  1.55741687e+00  1.62203067e+00  1.67484979e+00
  1.67585844e+00  1.68470616e+00  1.69717150e+00  1.70979295e+00
  1.75889565e+00  1.77634618e+00  1.79568112e+00  1.82971438e+00
  1.85763621e+00  1.89630051e+00  1.92139934e+00  1.94737595e+00
  1.96343192e+00  2.02297275e+00  2.02467754e+00  2.03202254e+00
  2.03607698e+00  2.10510612e+00  2.13424580e+00  2.13795060e+00
  2.14570664e+00  2.16432471e+00  2.18704205e+00  2.20491951e+00
  2.21253161e+00  2.25446884e+00  2.30658000e+00  2.32421067e+00
  2.35757377e+00  2.44091588e+00  2.44508154e+00  2.45176468e+00
  2.45796643e+00  2.47527293e+00  2.56575171e+00  2.60758990e+00
  2.64210939e+00  2.66627612e+00  2.67513008e+00  2.72640698e+00
  2.73103253e+00  2.73174419e+00  2.81191817e+00  2.85607074e+00
  2.86113718e+00  2.88716823e+00  2.89742588e+00  2.90351672e+00
  2.91049675e+00  2.94049061e+00  2.94768347e+00  2.94957609e+00
  2.96027813e+00  3.02035666e+00  3.07493454e+00  3.09987795e+00
  3.11412735e+00  3.21430418e+00  3.26008755e+00  3.28615695e+00
  3.28877743e+00  3.32363363e+00  3.32705564e+00  3.32897340e+00
  3.55089880e+00  3.70379417e+00  3.78655150e+00  3.82561947e+00
  3.96618540e+00  3.99639166e+00  4.08962300e+00  4.14531175e+00
  4.18799553e+00  4.29631357e+00  4.35168593e+00  4.39860995e+00
  4.42997840e+00  4.78121052e+00  4.90304181e+00  5.67088881e+00
  1.01065440e+01  2.47454786e+01  2.50404177e+01  2.50421228e+01
  2.51536567e+01  2.52354472e+01  2.52873419e+01  2.62145110e+01
  2.62212895e+01  2.65550538e+01  3.70354910e+01  2.18994777e+02]
E1 = -1768.6403983469702  E_coul = 645.8975346180271
cycle= 1 E= -745.67171202391  delta_E= 1.81  |g|= 0.634  |ddm|= 3.12
    CPU time for cycle= 1      1.62 sec, wall time      0.06 sec
  HOMO = -0.250566965562489  LUMO = -0.0139988151965259
  mo_energy =
[-1.04449422e+02 -1.58014699e+01 -1.14735152e+01 -1.14727666e+01
 -1.14625523e+01 -1.13878526e+01 -1.13625796e+01 -1.13622795e+01
 -1.02117875e+01 -7.67586118e+00 -7.67447643e+00 -7.67446770e+00
 -1.44824199e+00 -1.22019691e+00 -1.18151039e+00 -1.04936609e+00
 -9.99074559e-01 -9.79373083e-01 -8.45589962e-01 -8.21922790e-01
 -7.94836980e-01 -7.51870131e-01 -7.14784514e-01 -7.11379159e-01
 -6.83103341e-01 -6.78019224e-01 -6.68918748e-01 -6.22433219e-01
 -5.63149152e-01 -5.11190065e-01 -4.69231615e-01 -2.80447207e-01
 -2.50831255e-01 -2.50566966e-01 -1.39988152e-02  1.44810189e-02
  7.67836008e-02  1.13531989e-01  1.23252837e-01  1.25985045e-01
  1.57384149e-01  1.59742524e-01  1.98866440e-01  2.00719120e-01
  2.31440072e-01  2.40411991e-01  2.97198312e-01  3.31093895e-01
  3.45482141e-01  3.61003512e-01  3.74281419e-01  3.90906749e-01
  3.94257470e-01  4.44068779e-01  4.66194589e-01  4.74874225e-01
  4.90947561e-01  5.15121911e-01  5.23037952e-01  5.30003378e-01
  5.33960145e-01  5.46346047e-01  5.53279103e-01  5.86060536e-01
  6.02830350e-01  6.19743015e-01  6.29934086e-01  6.45766038e-01
  6.53757097e-01  6.81454524e-01  7.01012183e-01  7.15554602e-01
  7.29523544e-01  7.43899658e-01  7.57059362e-01  7.68313198e-01
  7.72835590e-01  8.33632926e-01  8.42220446e-01  8.44114890e-01
  8.59319160e-01  8.96747762e-01  9.39551224e-01  9.40429092e-01
  9.68025789e-01  1.03221580e+00  1.05876367e+00  1.06820664e+00
  1.11777089e+00  1.14671825e+00  1.15059887e+00  1.15550557e+00
  1.21528578e+00  1.21568132e+00  1.24709881e+00  1.26542290e+00
  1.32809332e+00  1.33668105e+00  1.37698887e+00  1.39298248e+00
  1.39986051e+00  1.40083411e+00  1.41269680e+00  1.46826271e+00
  1.47955939e+00  1.56459927e+00  1.59503180e+00  1.60598705e+00
  1.63015195e+00  1.63522485e+00  1.64714574e+00  1.66417017e+00
  1.69591476e+00  1.72200195e+00  1.73990757e+00  1.76221171e+00
  1.79635476e+00  1.83009705e+00  1.86568982e+00  1.88430563e+00
  1.88959794e+00  1.95615263e+00  1.96447932e+00  1.96854033e+00
  1.98898105e+00  2.07551899e+00  2.08209595e+00  2.09483529e+00
  2.11995909e+00  2.12138710e+00  2.13767695e+00  2.16441692e+00
  2.16798240e+00  2.21845778e+00  2.25196449e+00  2.26182552e+00
  2.28521769e+00  2.36077129e+00  2.38861401e+00  2.42687005e+00
  2.51282960e+00  2.57580965e+00  2.59529615e+00  2.60233114e+00
  2.67286810e+00  2.68091771e+00  2.68533836e+00  2.70940500e+00
  2.73064430e+00  2.73168588e+00  2.77085846e+00  2.78907350e+00
  2.82759782e+00  2.82918039e+00  2.84888000e+00  2.86206575e+00
  2.87026781e+00  2.88892812e+00  2.89377187e+00  2.89399703e+00
  2.90803352e+00  2.95563647e+00  3.01219353e+00  3.01962702e+00
  3.02203453e+00  3.12145891e+00  3.18624092e+00  3.20820584e+00
  3.21128876e+00  3.24611734e+00  3.26080309e+00  3.28335363e+00
  3.49321634e+00  3.63449940e+00  3.72341607e+00  3.77914932e+00
  3.89021059e+00  3.89929561e+00  4.03778157e+00  4.07960370e+00
  4.09150893e+00  4.16853646e+00  4.29274112e+00  4.34329462e+00
  4.35441556e+00  4.71253752e+00  4.78614530e+00  5.55616360e+00
  1.04761664e+01  2.46479810e+01  2.48868752e+01  2.49160504e+01
  2.50271150e+01  2.51430226e+01  2.52163439e+01  2.65713796e+01
  2.65780900e+01  2.69045612e+01  3.68517651e+01  2.19353576e+02]
E1 = -1770.1441863185205  E_coul = 647.2751767699081
cycle= 2 E= -745.797857843579  delta_E= -0.126  |g|= 0.327  |ddm|= 0.994
    CPU time for cycle= 2      1.62 sec, wall time      0.06 sec
  HOMO = -0.342645593194223  LUMO = 0.0599115371183756
  mo_energy =
[-1.04761534e+02 -1.55716581e+01 -1.13202306e+01 -1.13082607e+01
 -1.13078091e+01 -1.12941962e+01 -1.12939321e+01 -1.12910288e+01
 -1.04700226e+01 -7.93869131e+00 -7.93725818e+00 -7.93724632e+00
 -1.31261279e+00 -1.14994363e+00 -1.09167509e+00 -9.92498684e-01
 -9.27418314e-01 -9.13421769e-01 -9.04508040e-01 -7.75903967e-01
 -7.13056584e-01 -7.07827209e-01 -6.52368376e-01 -6.28064973e-01
 -6.26312410e-01 -6.14396437e-01 -5.89146066e-01 -5.70157936e-01
 -4.81477290e-01 -4.38374405e-01 -3.98678406e-01 -3.53535340e-01
 -3.53249184e-01 -3.42645593e-01  5.99115371e-02  8.12898934e-02
  1.08354269e-01  1.40104928e-01  1.42776373e-01  1.70389072e-01
  1.74937804e-01  1.80637471e-01  2.23142915e-01  2.29838843e-01
  2.65407157e-01  2.91059010e-01  3.53630813e-01  3.73462832e-01
  3.90428748e-01  4.02911782e-01  4.24770559e-01  4.35562012e-01
  4.41771414e-01  4.75543373e-01  4.85514552e-01  5.12262272e-01
  5.22357883e-01  5.26127577e-01  5.27871773e-01  5.57356366e-01
  5.60977514e-01  5.70509537e-01  5.89205903e-01  6.01003367e-01
  6.12461313e-01  6.81812183e-01  6.89601971e-01  6.97256054e-01
  7.02550216e-01  7.20086070e-01  7.54877118e-01  7.69403998e-01
  7.76009355e-01  7.96482794e-01  8.01679717e-01  8.09549280e-01
  8.27155156e-01  8.71793454e-01  8.83461559e-01  9.01299319e-01
  9.30556799e-01  9.55669565e-01  9.59293371e-01  1.01186755e+00
  1.03744957e+00  1.03999159e+00  1.11816509e+00  1.12321942e+00
  1.12386887e+00  1.16192166e+00  1.21511059e+00  1.21848442e+00
  1.25174943e+00  1.25910153e+00  1.25921583e+00  1.26546252e+00
  1.27146556e+00  1.28818806e+00  1.30313217e+00  1.35659627e+00
  1.40479843e+00  1.42558710e+00  1.43698258e+00  1.50350676e+00
  1.55386367e+00  1.55510654e+00  1.64504685e+00  1.66727399e+00
  1.68515707e+00  1.69775566e+00  1.70107961e+00  1.71166730e+00
  1.75908090e+00  1.76222188e+00  1.78762280e+00  1.82257371e+00
  1.84477475e+00  1.89639365e+00  1.92353852e+00  1.92741164e+00
  1.95456930e+00  2.00589407e+00  2.01234763e+00  2.02325721e+00
  2.03750497e+00  2.12545619e+00  2.13142630e+00  2.14566323e+00
  2.16297092e+00  2.17981054e+00  2.19006102e+00  2.22243200e+00
  2.23221058e+00  2.27747746e+00  2.31936310e+00  2.32253699e+00
  2.35275021e+00  2.44929703e+00  2.44962560e+00  2.49011312e+00
  2.56412268e+00  2.58871613e+00  2.59103747e+00  2.63229577e+00
  2.66308640e+00  2.69042728e+00  2.69388865e+00  2.72123607e+00
  2.74926574e+00  2.75147629e+00  2.84319679e+00  2.86171059e+00
  2.87524416e+00  2.87565255e+00  2.88027266e+00  2.88766679e+00
  2.89871692e+00  2.94199586e+00  2.95192445e+00  2.97850378e+00
  2.98483486e+00  3.03754484e+00  3.07830593e+00  3.10583614e+00
  3.10800113e+00  3.21465269e+00  3.28313274e+00  3.29340454e+00
  3.31176896e+00  3.32779531e+00  3.34611164e+00  3.35053800e+00
  3.56898257e+00  3.72094564e+00  3.79957256e+00  3.83287010e+00
  3.98505225e+00  4.01218744e+00  4.12434267e+00  4.17509944e+00
  4.19811472e+00  4.33565086e+00  4.35354654e+00  4.39467818e+00
  4.43845390e+00  4.79424922e+00  4.94199416e+00  5.70607014e+00
  1.02522581e+01  2.47472085e+01  2.50458148e+01  2.50527118e+01
  2.51477031e+01  2.52421148e+01  2.52921368e+01  2.63589938e+01
  2.63656604e+01  2.66887415e+01  3.70782627e+01  2.19048562e+02]
E1 = -1769.7839590054136  E_coul = 646.8889778660221
cycle= 3 E= -745.823829434358  delta_E= -0.026  |g|= 0.114  |ddm|= 0.361
    CPU time for cycle= 3      1.58 sec, wall time      0.06 sec
  HOMO = -0.350792184046114  LUMO = 0.0631349048700184
  mo_energy =
[-1.04719972e+02 -1.56503080e+01 -1.13246242e+01 -1.13183034e+01
 -1.13180642e+01 -1.12848586e+01 -1.12707929e+01 -1.12707237e+01
 -1.04435706e+01 -7.91107292e+00 -7.90984213e+00 -7.90983242e+00
 -1.33552035e+00 -1.13899176e+00 -1.08883473e+00 -1.00124884e+00
 -9.26768018e-01 -9.14911251e-01 -9.00516683e-01 -7.72209142e-01
 -7.16734449e-01 -6.98059293e-01 -6.52576737e-01 -6.46745102e-01
 -6.31922215e-01 -6.24971845e-01 -5.98129797e-01 -5.67378909e-01
 -5.02636179e-01 -4.36279796e-01 -3.93841775e-01 -3.51105260e-01
 -3.50965743e-01 -3.50792184e-01  6.31349049e-02  8.45987370e-02
  1.12597500e-01  1.41740607e-01  1.46863637e-01  1.61866149e-01
  1.80623078e-01  1.81654058e-01  2.21859295e-01  2.22553541e-01
  2.60620575e-01  2.94175722e-01  3.53172598e-01  3.81944447e-01
  3.95327288e-01  4.12223848e-01  4.24558192e-01  4.26568740e-01
  4.39182414e-01  4.73081875e-01  4.82913509e-01  5.12882060e-01
  5.21107711e-01  5.28140372e-01  5.32393879e-01  5.61631287e-01
  5.69940991e-01  5.75034320e-01  5.93245405e-01  6.06432062e-01
  6.15867002e-01  6.79187645e-01  6.83955800e-01  6.88342802e-01
  7.02074428e-01  7.30521165e-01  7.63722399e-01  7.70587275e-01
  7.80351596e-01  7.86621745e-01  8.05537911e-01  8.07497535e-01
  8.21295779e-01  8.79051524e-01  8.93721552e-01  8.97245177e-01
  9.09967826e-01  9.52340443e-01  9.62460713e-01  1.01556564e+00
  1.03520178e+00  1.04429071e+00  1.11607527e+00  1.11835585e+00
  1.13389191e+00  1.16933919e+00  1.20705173e+00  1.22643915e+00
  1.25495008e+00  1.26351510e+00  1.26619902e+00  1.26908692e+00
  1.27402046e+00  1.28048422e+00  1.31255697e+00  1.34624869e+00
  1.40172631e+00  1.41958515e+00  1.42827032e+00  1.49400422e+00
  1.54645808e+00  1.54827415e+00  1.63367895e+00  1.67445428e+00
  1.68549090e+00  1.68945491e+00  1.70225031e+00  1.70427701e+00
  1.76416177e+00  1.77348964e+00  1.79635496e+00  1.82858074e+00
  1.85158142e+00  1.89185106e+00  1.91969355e+00  1.93789636e+00
  1.95772737e+00  2.01313073e+00  2.02111451e+00  2.02717984e+00
  2.04088651e+00  2.12079654e+00  2.13298034e+00  2.14795096e+00
  2.16706093e+00  2.17819401e+00  2.19254916e+00  2.21781710e+00
  2.22769698e+00  2.26701519e+00  2.31699100e+00  2.33166092e+00
  2.35715979e+00  2.44533176e+00  2.45599327e+00  2.48911160e+00
  2.57339628e+00  2.59644502e+00  2.59884312e+00  2.63984735e+00
  2.66918767e+00  2.67603747e+00  2.69123926e+00  2.73625890e+00
  2.73629251e+00  2.74149337e+00  2.84698727e+00  2.86081800e+00
  2.86410159e+00  2.88512729e+00  2.89392355e+00  2.89651576e+00
  2.90575440e+00  2.95331324e+00  2.95737637e+00  2.96182986e+00
  2.96968751e+00  3.02567083e+00  3.08571039e+00  3.10857701e+00
  3.11204774e+00  3.21152613e+00  3.26875623e+00  3.29477704e+00
  3.29929493e+00  3.33057018e+00  3.33539229e+00  3.33951109e+00
  3.58170255e+00  3.72912797e+00  3.81137667e+00  3.85348721e+00
  3.98197191e+00  3.99616765e+00  4.10588034e+00  4.15766630e+00
  4.18773559e+00  4.28470593e+00  4.36669247e+00  4.41257254e+00
  4.44120763e+00  4.79976354e+00  4.90057775e+00  5.67252830e+00
  1.02728405e+01  2.47630545e+01  2.50200752e+01  2.50490361e+01
  2.51560550e+01  2.52518514e+01  2.53152518e+01  2.63777647e+01
  2.63844317e+01  2.67075069e+01  3.70013944e+01  2.19088304e+02]
E1 = -1769.9818384973146  E_coul = 647.0828743830629
cycle= 4 E= -745.827812409218  delta_E= -0.00398  |g|= 0.0406  |ddm|= 0.147
    CPU time for cycle= 4      1.59 sec, wall time      0.06 sec
  HOMO = -0.345400737195019  LUMO = 0.0617432692332915
  mo_energy =
[-1.04700226e+02 -1.56263490e+01 -1.13323101e+01 -1.13242643e+01
 -1.13238314e+01 -1.13034082e+01 -1.12841626e+01 -1.12840962e+01
 -1.04274273e+01 -7.89462424e+00 -7.89345098e+00 -7.89344174e+00
 -1.33145087e+00 -1.14499826e+00 -1.09159548e+00 -1.00066618e+00
 -9.23540995e-01 -9.15952784e-01 -9.03205359e-01 -7.74862007e-01
 -7.20490375e-01 -7.00822897e-01 -6.55640024e-01 -6.48399444e-01
 -6.34918078e-01 -6.29009527e-01 -5.97990932e-01 -5.71926049e-01
 -5.01829911e-01 -4.38394637e-01 -3.97286502e-01 -3.47379555e-01
 -3.45624534e-01 -3.45400737e-01  6.17432692e-02  8.19810379e-02
  1.12806940e-01  1.41373557e-01  1.46626133e-01  1.63894982e-01
  1.80150681e-01  1.81444902e-01  2.21621089e-01  2.22715690e-01
  2.60560889e-01  2.92611283e-01  3.52744264e-01  3.80009307e-01
  3.93435376e-01  4.09417187e-01  4.24410307e-01  4.25197917e-01
  4.38390911e-01  4.73636676e-01  4.84752914e-01  5.13624966e-01
  5.20443939e-01  5.27409802e-01  5.30578400e-01  5.60620937e-01
  5.66444633e-01  5.73083766e-01  5.91734881e-01  6.03545997e-01
  6.13664269e-01  6.79312706e-01  6.81828085e-01  6.88672989e-01
  7.01393848e-01  7.26606963e-01  7.59907467e-01  7.69640297e-01
  7.76934751e-01  7.84735918e-01  8.03537493e-01  8.05307692e-01
  8.19250140e-01  8.76559382e-01  8.90159980e-01  8.96473760e-01
  9.14899544e-01  9.52509778e-01  9.59049905e-01  1.01133726e+00
  1.03476304e+00  1.04653392e+00  1.11496903e+00  1.11813863e+00
  1.12990105e+00  1.16705383e+00  1.20795572e+00  1.22115919e+00
  1.26107319e+00  1.26782390e+00  1.27421989e+00  1.27542452e+00
  1.27721268e+00  1.27957722e+00  1.30876000e+00  1.34668706e+00
  1.40131021e+00  1.41969073e+00  1.42834112e+00  1.49934444e+00
  1.54598333e+00  1.54837874e+00  1.63278549e+00  1.67105062e+00
  1.68428389e+00  1.68650665e+00  1.69976555e+00  1.70218999e+00
  1.76130212e+00  1.76995067e+00  1.79282243e+00  1.82575333e+00
  1.84967309e+00  1.89157123e+00  1.91918372e+00  1.93616333e+00
  1.95595041e+00  2.01154035e+00  2.01931240e+00  2.02583744e+00
  2.03943721e+00  2.11984058e+00  2.13065330e+00  2.14570656e+00
  2.16456171e+00  2.17537484e+00  2.18900273e+00  2.21604686e+00
  2.22330423e+00  2.26479549e+00  2.31544119e+00  2.32716196e+00
  2.35395691e+00  2.44349902e+00  2.45300099e+00  2.48988385e+00
  2.57083685e+00  2.60436577e+00  2.60679890e+00  2.63814439e+00
  2.66703417e+00  2.67718184e+00  2.69244768e+00  2.73220639e+00
  2.73637001e+00  2.74143573e+00  2.84702826e+00  2.86212848e+00
  2.86459694e+00  2.88368011e+00  2.89116702e+00  2.89580771e+00
  2.90402482e+00  2.94632832e+00  2.95460826e+00  2.95832293e+00
  2.96694667e+00  3.02664724e+00  3.08226071e+00  3.10458519e+00
  3.10607911e+00  3.20740025e+00  3.26891076e+00  3.29214133e+00
  3.29842525e+00  3.32865761e+00  3.33147717e+00  3.33509332e+00
  3.57358456e+00  3.72234668e+00  3.80418221e+00  3.84470524e+00
  3.97996617e+00  3.99792005e+00  4.10332504e+00  4.15568456e+00
  4.18772172e+00  4.29876157e+00  4.36141654e+00  4.40604606e+00
  4.43758910e+00  4.79479398e+00  4.91085323e+00  5.68024253e+00
  1.02866307e+01  2.47512091e+01  2.50127094e+01  2.50407753e+01
  2.51454365e+01  2.52415735e+01  2.53012041e+01  2.63907799e+01
  2.63974454e+01  2.67205899e+01  3.70247082e+01  2.19107562e+02]
E1 = -1769.926490659398  E_coul = 647.0270440248313
cycle= 5 E= -745.828294929533  delta_E= -0.000483  |g|= 0.00886  |ddm|= 0.0392
    CPU time for cycle= 5      1.60 sec, wall time      0.06 sec
  HOMO = -0.34601253464955  LUMO = 0.0619691654518686
  mo_energy =
[-1.04705606e+02 -1.56297546e+01 -1.13303295e+01 -1.13257860e+01
 -1.13253674e+01 -1.13030638e+01 -1.12840863e+01 -1.12839965e+01
 -1.04302973e+01 -7.89768256e+00 -7.89653300e+00 -7.89652372e+00
 -1.33226690e+00 -1.14466920e+00 -1.09171848e+00 -1.00089271e+00
 -9.23948279e-01 -9.16373171e-01 -9.03442999e-01 -7.75173657e-01
 -7.20849908e-01 -7.01052375e-01 -6.55887500e-01 -6.48841747e-01
 -6.35384691e-01 -6.29526395e-01 -5.97996018e-01 -5.72153980e-01
 -5.02906590e-01 -4.37979731e-01 -3.97247145e-01 -3.48494120e-01
 -3.46230253e-01 -3.46012535e-01  6.19691655e-02  8.17173497e-02
  1.12985419e-01  1.41368877e-01  1.46640479e-01  1.63872818e-01
  1.80138542e-01  1.81349793e-01  2.21164892e-01  2.22599601e-01
  2.60233729e-01  2.92538711e-01  3.52501534e-01  3.79902652e-01
  3.93291022e-01  4.09376868e-01  4.23916386e-01  4.25102920e-01
  4.38086975e-01  4.73316325e-01  4.84314234e-01  5.13507184e-01
  5.20259606e-01  5.27130772e-01  5.30803080e-01  5.60413189e-01
  5.66589691e-01  5.73398370e-01  5.91588418e-01  6.03567628e-01
  6.13804543e-01  6.78800504e-01  6.81874686e-01  6.88106844e-01
  7.01031251e-01  7.26859859e-01  7.59705990e-01  7.69265988e-01
  7.76827944e-01  7.84291627e-01  8.03421999e-01  8.05135919e-01
  8.19003406e-01  8.76636083e-01  8.90277493e-01  8.96389134e-01
  9.14606367e-01  9.52202571e-01  9.58826074e-01  1.01126647e+00
  1.03461797e+00  1.04613175e+00  1.11476925e+00  1.11777666e+00
  1.12985120e+00  1.16719458e+00  1.20767495e+00  1.22116553e+00
  1.26042303e+00  1.26718176e+00  1.27345982e+00  1.27472659e+00
  1.27710898e+00  1.27886557e+00  1.30862059e+00  1.34625169e+00
  1.40080069e+00  1.41925498e+00  1.42796801e+00  1.49856522e+00
  1.54544140e+00  1.54810499e+00  1.63207782e+00  1.67087133e+00
  1.68379041e+00  1.68633046e+00  1.69946995e+00  1.70192878e+00
  1.76109859e+00  1.76983132e+00  1.79267318e+00  1.82555642e+00
  1.84936432e+00  1.89115665e+00  1.91868534e+00  1.93608174e+00
  1.95557865e+00  2.01147581e+00  2.01899874e+00  2.02564456e+00
  2.03905062e+00  2.11916079e+00  2.13037036e+00  2.14523601e+00
  2.16426169e+00  2.17497209e+00  2.18873714e+00  2.21550326e+00
  2.22305921e+00  2.26435426e+00  2.31495531e+00  2.32709103e+00
  2.35378768e+00  2.44302113e+00  2.45292414e+00  2.48927052e+00
  2.57055769e+00  2.60335911e+00  2.60579214e+00  2.63789057e+00
  2.66662931e+00  2.67644670e+00  2.69179948e+00  2.73193832e+00
  2.73564587e+00  2.74079021e+00  2.84668660e+00  2.86154257e+00
  2.86377324e+00  2.88337280e+00  2.89088652e+00  2.89544218e+00
  2.90379757e+00  2.94631477e+00  2.95432552e+00  2.95825965e+00
  2.96678222e+00  3.02603874e+00  3.08188455e+00  3.10429754e+00
  3.10581565e+00  3.20699142e+00  3.26832414e+00  3.29180462e+00
  3.29789364e+00  3.32851073e+00  3.33165809e+00  3.33435478e+00
  3.57348890e+00  3.72210800e+00  3.80406631e+00  3.84489181e+00
  3.97952633e+00  3.99696013e+00  4.10313545e+00  4.15540376e+00
  4.18682770e+00  4.29682490e+00  4.36116928e+00  4.40587833e+00
  4.43713297e+00  4.79453833e+00  4.90929999e+00  5.67869959e+00
  1.02844521e+01  2.47508615e+01  2.50145322e+01  2.50398956e+01
  2.51447283e+01  2.52410938e+01  2.53012523e+01  2.63887639e+01
  2.63954277e+01  2.67186163e+01  3.70213715e+01  2.19102464e+02]
E1 = -1769.9450674453892  E_coul = 647.0455643007264
cycle= 6 E= -745.82835143963  delta_E= -5.65e-05  |g|= 0.00281  |ddm|= 0.0173
    CPU time for cycle= 6      1.60 sec, wall time      0.06 sec
  HOMO = -0.346439253083928  LUMO = 0.0626963717179503
  mo_energy =
[-1.04705357e+02 -1.56285507e+01 -1.13318059e+01 -1.13241068e+01
 -1.13236930e+01 -1.13019104e+01 -1.12832625e+01 -1.12831942e+01
 -1.04305212e+01 -7.89787687e+00 -7.89671976e+00 -7.89671045e+00
 -1.33152009e+00 -1.14406174e+00 -1.09099257e+00 -1.00160704e+00
 -9.24142737e-01 -9.15708715e-01 -9.03078593e-01 -7.74630169e-01
 -7.20061988e-01 -7.00512378e-01 -6.55483101e-01 -6.49503511e-01
 -6.35963642e-01 -6.29095980e-01 -5.97442111e-01 -5.71479105e-01
 -5.02737988e-01 -4.37234453e-01 -3.96649342e-01 -3.49171000e-01
 -3.46657402e-01 -3.46439253e-01  6.26963717e-02  8.21917221e-02
  1.13107032e-01  1.41407924e-01  1.46844603e-01  1.63471577e-01
  1.80263947e-01  1.81442733e-01  2.20875250e-01  2.22615108e-01
  2.60054580e-01  2.93089959e-01  3.52799353e-01  3.80235251e-01
  3.93567171e-01  4.09805340e-01  4.23485183e-01  4.25490078e-01
  4.38255669e-01  4.73272167e-01  4.83973291e-01  5.13493155e-01
  5.20634619e-01  5.27308361e-01  5.30995000e-01  5.60578238e-01
  5.67046910e-01  5.73850175e-01  5.91796228e-01  6.03918219e-01
  6.14236589e-01  6.78276300e-01  6.82296535e-01  6.88395723e-01
  7.01510013e-01  7.27325478e-01  7.60243608e-01  7.69427803e-01
  7.77290513e-01  7.83586854e-01  8.03755630e-01  8.05278295e-01
  8.19078827e-01  8.77063894e-01  8.90740315e-01  8.96296019e-01
  9.14936439e-01  9.52005728e-01  9.59160559e-01  1.01186657e+00
  1.03519423e+00  1.04606282e+00  1.11516164e+00  1.11775183e+00
  1.13038929e+00  1.16761638e+00  1.20800925e+00  1.22186891e+00
  1.25998843e+00  1.26698645e+00  1.27301250e+00  1.27432302e+00
  1.27768144e+00  1.27846165e+00  1.30919635e+00  1.34588545e+00
  1.40142765e+00  1.41915355e+00  1.42785370e+00  1.49833758e+00
  1.54568780e+00  1.54853142e+00  1.63137054e+00  1.67144563e+00
  1.68317569e+00  1.68643141e+00  1.69928613e+00  1.70227442e+00
  1.76158516e+00  1.77033036e+00  1.79307789e+00  1.82615769e+00
  1.84976907e+00  1.89132386e+00  1.91882931e+00  1.93652732e+00
  1.95615687e+00  2.01195241e+00  2.01945599e+00  2.02613516e+00
  2.03928929e+00  2.11850407e+00  2.13080518e+00  2.14516017e+00
  2.16439297e+00  2.17490427e+00  2.18923621e+00  2.21489666e+00
  2.22342622e+00  2.26383687e+00  2.31534042e+00  2.32773113e+00
  2.35443479e+00  2.44364921e+00  2.45343714e+00  2.48952334e+00
  2.57102659e+00  2.60296995e+00  2.60539925e+00  2.63832094e+00
  2.66711914e+00  2.67663889e+00  2.69135166e+00  2.73236155e+00
  2.73534691e+00  2.74047723e+00  2.84707204e+00  2.86120022e+00
  2.86452486e+00  2.88381453e+00  2.89129988e+00  2.89568508e+00
  2.90413339e+00  2.94699490e+00  2.95448099e+00  2.95745623e+00
  2.96628629e+00  3.02647539e+00  3.08246810e+00  3.10513630e+00
  3.10664433e+00  3.20788192e+00  3.26828122e+00  3.29240499e+00
  3.29820147e+00  3.32821343e+00  3.33242033e+00  3.33445495e+00
  3.57426095e+00  3.72295826e+00  3.80485178e+00  3.84555321e+00
  3.98021568e+00  3.99757086e+00  4.10215091e+00  4.15469713e+00
  4.18764718e+00  4.29756691e+00  4.36183941e+00  4.40654451e+00
  4.43790911e+00  4.79531557e+00  4.91002142e+00  5.67959065e+00
  1.02841549e+01  2.47520071e+01  2.50130951e+01  2.50412057e+01
  2.51461338e+01  2.52422027e+01  2.53022361e+01  2.63884444e+01
  2.63951084e+01  2.67182958e+01  3.70225497e+01  2.19102666e+02]
E1 = -1769.9372418024818  E_coul = 647.0377319815008
cycle= 7 E= -745.828358115948  delta_E= -6.68e-06  |g|= 0.000957  |ddm|= 0.00612
    CPU time for cycle= 7      1.60 sec, wall time      0.06 sec
  HOMO = -0.346666621442046  LUMO = 0.062722097745555
  mo_energy =
[-1.04705718e+02 -1.56286618e+01 -1.13311512e+01 -1.13243094e+01
 -1.13238859e+01 -1.13018968e+01 -1.12833328e+01 -1.12832535e+01
 -1.04308848e+01 -7.89824120e+00 -7.89708326e+00 -7.89707397e+00
 -1.33162432e+00 -1.14408004e+00 -1.09104334e+00 -1.00154821e+00
 -9.24270121e-01 -9.15718881e-01 -9.03098117e-01 -7.74597557e-01
 -7.20078698e-01 -7.00458637e-01 -6.55438939e-01 -6.49364749e-01
 -6.35831011e-01 -6.29068881e-01 -5.97436096e-01 -5.71437529e-01
 -5.02781555e-01 -4.37200675e-01 -3.96695394e-01 -3.49345985e-01
 -3.46884662e-01 -3.46666621e-01  6.27220977e-02  8.21568113e-02
  1.13172836e-01  1.41476379e-01  1.46900350e-01  1.63542140e-01
  1.80326740e-01  1.81497569e-01  2.20887724e-01  2.22659506e-01
  2.60085806e-01  2.93114948e-01  3.52806442e-01  3.80282467e-01
  3.93614966e-01  4.09853291e-01  4.23518797e-01  4.25509939e-01
  4.38292122e-01  4.73250630e-01  4.83847589e-01  5.13401207e-01
  5.20633342e-01  5.27307691e-01  5.30957497e-01  5.60558964e-01
  5.67083656e-01  5.73855054e-01  5.91811500e-01  6.03952063e-01
  6.14231798e-01  6.78332915e-01  6.82304141e-01  6.88415656e-01
  7.01543447e-01  7.27347588e-01  7.60286110e-01  7.69495937e-01
  7.77329801e-01  7.83718743e-01  8.03805817e-01  8.05344814e-01
  8.19145239e-01  8.77109283e-01  8.90772261e-01  8.96331074e-01
  9.14957900e-01  9.52019811e-01  9.59192720e-01  1.01184379e+00
  1.03519115e+00  1.04593107e+00  1.11519513e+00  1.11774948e+00
  1.13041856e+00  1.16764948e+00  1.20802032e+00  1.22186278e+00
  1.25979898e+00  1.26690987e+00  1.27273414e+00  1.27409300e+00
  1.27770967e+00  1.27827903e+00  1.30924251e+00  1.34592583e+00
  1.40144420e+00  1.41918414e+00  1.42786429e+00  1.49821419e+00
  1.54570000e+00  1.54849902e+00  1.63144382e+00  1.67147307e+00
  1.68327710e+00  1.68648150e+00  1.69936379e+00  1.70230909e+00
  1.76160255e+00  1.77040173e+00  1.79313625e+00  1.82618921e+00
  1.84984608e+00  1.89139493e+00  1.91889419e+00  1.93659862e+00
  1.95619013e+00  2.01199976e+00  2.01951185e+00  2.02619473e+00
  2.03931743e+00  2.11857267e+00  2.13087032e+00  2.14521491e+00
  2.16441843e+00  2.17494442e+00  2.18925192e+00  2.21500245e+00
  2.22345533e+00  2.26394425e+00  2.31534457e+00  2.32775318e+00
  2.35444226e+00  2.44364275e+00  2.45345972e+00  2.48955698e+00
  2.57108401e+00  2.60270998e+00  2.60513882e+00  2.63835360e+00
  2.66715062e+00  2.67663333e+00  2.69134614e+00  2.73243925e+00
  2.73539185e+00  2.74051337e+00  2.84714959e+00  2.86119425e+00
  2.86449075e+00  2.88388355e+00  2.89140078e+00  2.89575479e+00
  2.90421718e+00  2.94698887e+00  2.95457811e+00  2.95767147e+00
  2.96645745e+00  3.02647949e+00  3.08249779e+00  3.10510377e+00
  3.10661489e+00  3.20782021e+00  3.26835049e+00  3.29240358e+00
  3.29822953e+00  3.32837556e+00  3.33239909e+00  3.33447393e+00
  3.57424071e+00  3.72290524e+00  3.80482671e+00  3.84557464e+00
  3.98019326e+00  3.99756456e+00  4.10237642e+00  4.15489089e+00
  4.18760699e+00  4.29747249e+00  4.36185531e+00  4.40659277e+00
  4.43789277e+00  4.79530212e+00  4.90994907e+00  5.67951315e+00
  1.02838136e+01  2.47519293e+01  2.50137181e+01  2.50410667e+01
  2.51460272e+01  2.52420919e+01  2.53021869e+01  2.63881140e+01
  2.63947783e+01  2.67179552e+01  3.70224380e+01  2.19102306e+02]
E1 = -1769.940062129853  E_coul = 647.0405516280612
cycle= 8 E= -745.828358796758  delta_E= -6.81e-07  |g|= 0.000427  |ddm|= 0.00159
    CPU time for cycle= 8      1.61 sec, wall time      0.06 sec
  HOMO = -0.346711586342518  LUMO = 0.0627702574274242
  mo_energy =
[-1.04705721e+02 -1.56286819e+01 -1.13312401e+01 -1.13241893e+01
 -1.13237688e+01 -1.13018477e+01 -1.12833355e+01 -1.12832603e+01
 -1.04308875e+01 -7.89824340e+00 -7.89708529e+00 -7.89707601e+00
 -1.33157832e+00 -1.14403895e+00 -1.09098622e+00 -1.00158740e+00
 -9.24289503e-01 -9.15681194e-01 -9.03068601e-01 -7.74541635e-01
 -7.20032224e-01 -7.00433902e-01 -6.55393188e-01 -6.49379883e-01
 -6.35838796e-01 -6.29033866e-01 -5.97391824e-01 -5.71394708e-01
 -5.02785163e-01 -4.37145892e-01 -3.96659272e-01 -3.49378224e-01
 -3.46929928e-01 -3.46711586e-01  6.27702574e-02  8.21829089e-02
  1.13188111e-01  1.41487547e-01  1.46924629e-01  1.63501137e-01
  1.80342994e-01  1.81515744e-01  2.20883397e-01  2.22673849e-01
  2.60090792e-01  2.93155218e-01  3.52836084e-01  3.80315030e-01
  3.93638222e-01  4.09883322e-01  4.23505464e-01  4.25547882e-01
  4.38316825e-01  4.73252499e-01  4.83815588e-01  5.13390435e-01
  5.20663685e-01  5.27326097e-01  5.30964323e-01  5.60568579e-01
  5.67130698e-01  5.73887820e-01  5.91828474e-01  6.03991125e-01
  6.14262552e-01  6.78314179e-01  6.82335015e-01  6.88454628e-01
  7.01593432e-01  7.27372980e-01  7.60334729e-01  7.69526299e-01
  7.77349106e-01  7.83698719e-01  8.03832816e-01  8.05359734e-01
  8.19167334e-01  8.77146904e-01  8.90809286e-01  8.96341551e-01
  9.14977122e-01  9.52018875e-01  9.59214809e-01  1.01189983e+00
  1.03523655e+00  1.04592591e+00  1.11521851e+00  1.11775520e+00
  1.13046601e+00  1.16768112e+00  1.20805365e+00  1.22191070e+00
  1.25976884e+00  1.26689778e+00  1.27269857e+00  1.27406424e+00
  1.27775462e+00  1.27825079e+00  1.30929899e+00  1.34591214e+00
  1.40150076e+00  1.41919182e+00  1.42786963e+00  1.49818793e+00
  1.54572376e+00  1.54853615e+00  1.63142672e+00  1.67152253e+00
  1.68326175e+00  1.68650345e+00  1.69936700e+00  1.70234705e+00
  1.76163304e+00  1.77043598e+00  1.79317206e+00  1.82623644e+00
  1.84988837e+00  1.89143083e+00  1.91891643e+00  1.93664764e+00
  1.95624356e+00  2.01205154e+00  2.01954366e+00  2.02624862e+00
  2.03933847e+00  2.11855768e+00  2.13091872e+00  2.14522369e+00
  2.16443679e+00  2.17495178e+00  2.18929190e+00  2.21498447e+00
  2.22348983e+00  2.26393324e+00  2.31537691e+00  2.32779701e+00
  2.35448979e+00  2.44370550e+00  2.45349582e+00  2.48958907e+00
  2.57111989e+00  2.60267768e+00  2.60510628e+00  2.63840396e+00
  2.66718094e+00  2.67665392e+00  2.69133571e+00  2.73246739e+00
  2.73538986e+00  2.74051843e+00  2.84720541e+00  2.86118361e+00
  2.86452898e+00  2.88392738e+00  2.89144372e+00  2.89579134e+00
  2.90423185e+00  2.94702260e+00  2.95459528e+00  2.95764254e+00
  2.96644743e+00  3.02651515e+00  3.08253317e+00  3.10515465e+00
  3.10666753e+00  3.20788210e+00  3.26835519e+00  3.29245649e+00
  3.29825467e+00  3.32836334e+00  3.33244190e+00  3.33449431e+00
  3.57427951e+00  3.72295911e+00  3.80487893e+00  3.84561801e+00
  3.98024121e+00  3.99762214e+00  4.10233817e+00  4.15487102e+00
  4.18767699e+00  4.29746192e+00  4.36189083e+00  4.40663414e+00
  4.43794697e+00  4.79534560e+00  4.90995460e+00  5.67954615e+00
  1.02838005e+01  2.47519782e+01  2.50136337e+01  2.50411381e+01
  2.51461147e+01  2.52421348e+01  2.53022141e+01  2.63881013e+01
  2.63947659e+01  2.67179318e+01  3.70224193e+01  2.19102302e+02]
E1 = -1769.939364478666  E_coul = 647.03985375404
cycle= 9 E= -745.828359019593  delta_E= -2.23e-07  |g|= 0.000186  |ddm|= 0.000997
    CPU time for cycle= 9      1.64 sec, wall time      0.06 sec
  HOMO = -0.346743839171773  LUMO = 0.0627841135764859
  mo_energy =
[-1.04705796e+02 -1.56287024e+01 -1.13312440e+01 -1.13241567e+01
 -1.13237335e+01 -1.13017564e+01 -1.12833528e+01 -1.12832755e+01
 -1.04309482e+01 -7.89830482e+00 -7.89714626e+00 -7.89713698e+00
 -1.33158330e+00 -1.14402448e+00 -1.09098113e+00 -1.00159153e+00
 -9.24304196e-01 -9.15675243e-01 -9.03059950e-01 -7.74521206e-01
 -7.20025280e-01 -7.00432685e-01 -6.55385800e-01 -6.49369800e-01
 -6.35830151e-01 -6.29009348e-01 -5.97385056e-01 -5.71387412e-01
 -5.02790644e-01 -4.37125730e-01 -3.96656953e-01 -3.49390291e-01
 -3.46962330e-01 -3.46743839e-01  6.27841136e-02  8.21827701e-02
  1.13192807e-01  1.41495392e-01  1.46929508e-01  1.63487069e-01
  1.80351469e-01  1.81522447e-01  2.20889113e-01  2.22680986e-01
  2.60096858e-01  2.93168340e-01  3.52840110e-01  3.80328104e-01
  3.93645702e-01  4.09892639e-01  4.23508526e-01  4.25553134e-01
  4.38324398e-01  4.73250242e-01  4.83798293e-01  5.13378937e-01
  5.20664595e-01  5.27327016e-01  5.30962741e-01  5.60567095e-01
  5.67144226e-01  5.73889959e-01  5.91833344e-01  6.04003984e-01
  6.14271668e-01  6.78316135e-01  6.82339179e-01  6.88466342e-01
  7.01605842e-01  7.27382100e-01  7.60359406e-01  7.69537395e-01
  7.77344856e-01  7.83704941e-01  8.03838790e-01  8.05361785e-01
  8.19177751e-01  8.77159210e-01  8.90819560e-01  8.96345488e-01
  9.14981191e-01  9.52019125e-01  9.59223230e-01  1.01190825e+00
  1.03523916e+00  1.04591346e+00  1.11522332e+00  1.11775580e+00
  1.13047607e+00  1.16769043e+00  1.20806025e+00  1.22192307e+00
  1.25974203e+00  1.26688457e+00  1.27266331e+00  1.27403447e+00
  1.27775695e+00  1.27822548e+00  1.30932347e+00  1.34590976e+00
  1.40151165e+00  1.41919317e+00  1.42786856e+00  1.49816884e+00
  1.54572590e+00  1.54853666e+00  1.63143402e+00  1.67153431e+00
  1.68326673e+00  1.68650708e+00  1.69937140e+00  1.70235764e+00
  1.76164149e+00  1.77044856e+00  1.79318399e+00  1.82624999e+00
  1.84990488e+00  1.89144259e+00  1.91892188e+00  1.93665910e+00
  1.95625646e+00  2.01205518e+00  2.01954530e+00  2.02626864e+00
  2.03934078e+00  2.11856493e+00  2.13093447e+00  2.14523347e+00
  2.16444442e+00  2.17495770e+00  2.18930118e+00  2.21499117e+00
  2.22350559e+00  2.26394183e+00  2.31538002e+00  2.32780830e+00
  2.35449548e+00  2.44372009e+00  2.45350414e+00  2.48959459e+00
  2.57113252e+00  2.60264256e+00  2.60507096e+00  2.63840808e+00
  2.66718531e+00  2.67665737e+00  2.69133294e+00  2.73248366e+00
  2.73539517e+00  2.74052422e+00  2.84722528e+00  2.86117703e+00
  2.86453322e+00  2.88393871e+00  2.89147151e+00  2.89580138e+00
  2.90422477e+00  2.94703431e+00  2.95459977e+00  2.95764821e+00
  2.96645248e+00  3.02651984e+00  3.08254655e+00  3.10516925e+00
  3.10668642e+00  3.20789019e+00  3.26835987e+00  3.29246077e+00
  3.29826000e+00  3.32836728e+00  3.33245468e+00  3.33450366e+00
  3.57429398e+00  3.72296527e+00  3.80489228e+00  3.84563860e+00
  3.98024840e+00  3.99763436e+00  4.10234296e+00  4.15487789e+00
  4.18769105e+00  4.29744054e+00  4.36189308e+00  4.40665490e+00
  4.43795793e+00  4.79535895e+00  4.90994203e+00  5.67954165e+00
  1.02837470e+01  2.47520069e+01  2.50136308e+01  2.50411531e+01
  2.51461678e+01  2.52421374e+01  2.53022379e+01  2.63880534e+01
  2.63947181e+01  2.67178754e+01  3.70223991e+01  2.19102229e+02]
E1 = -1769.939563295068  E_coul = 647.0400525177402
cycle= 10 E= -745.828359072294  delta_E= -5.27e-08  |g|= 5.88e-05  |ddm|= 0.000572
    CPU time for cycle= 10      1.66 sec, wall time      0.06 sec
  HOMO = -0.346735424116266  LUMO = 0.062777582382347
  mo_energy =
[-1.04705765e+02 -1.56287284e+01 -1.13312337e+01 -1.13241441e+01
 -1.13237230e+01 -1.13017885e+01 -1.12833621e+01 -1.12832862e+01
 -1.04309263e+01 -7.89828218e+00 -7.89712353e+00 -7.89711425e+00
 -1.33158615e+00 -1.14403383e+00 -1.09098230e+00 -1.00158590e+00
 -9.24298156e-01 -9.15681111e-01 -9.03060353e-01 -7.74523989e-01
 -7.20031628e-01 -7.00438571e-01 -6.55387279e-01 -6.49366936e-01
 -6.35827911e-01 -6.29016781e-01 -5.97386546e-01 -5.71395232e-01
 -5.02795215e-01 -4.37131432e-01 -3.96655691e-01 -3.49381859e-01
 -3.46953907e-01 -3.46735424e-01  6.27775824e-02  8.21809554e-02
  1.13192490e-01  1.41494554e-01  1.46928020e-01  1.63490685e-01
  1.80349848e-01  1.81521350e-01  2.20891293e-01  2.22681145e-01
  2.60098449e-01  2.93165753e-01  3.52838692e-01  3.80324991e-01
  3.93642376e-01  4.09887565e-01  4.23511115e-01  4.25551459e-01
  4.38323649e-01  4.73251699e-01  4.83802409e-01  5.13381517e-01
  5.20663241e-01  5.27326869e-01  5.30961756e-01  5.60565912e-01
  5.67139154e-01  5.73890023e-01  5.91831529e-01  6.04001448e-01
  6.14269752e-01  6.78319311e-01  6.82338814e-01  6.88467626e-01
  7.01606508e-01  7.27376992e-01  7.60353804e-01  7.69538328e-01
  7.77337223e-01  7.83708307e-01  8.03836282e-01  8.05359301e-01
  8.19177404e-01  8.77155922e-01  8.90815283e-01  8.96348313e-01
  9.14979585e-01  9.52022823e-01  9.59218763e-01  1.01190171e+00
  1.03523674e+00  1.04591919e+00  1.11521839e+00  1.11775801e+00
  1.13047144e+00  1.16768627e+00  1.20806006e+00  1.22191786e+00
  1.25975129e+00  1.26688772e+00  1.27267533e+00  1.27404469e+00
  1.27775354e+00  1.27823396e+00  1.30931999e+00  1.34591264e+00
  1.40151100e+00  1.41919437e+00  1.42786973e+00  1.49817219e+00
  1.54572555e+00  1.54853571e+00  1.63143658e+00  1.67153021e+00
  1.68327001e+00  1.68650532e+00  1.69937080e+00  1.70235355e+00
  1.76163699e+00  1.77044222e+00  1.79317956e+00  1.82624581e+00
  1.84990216e+00  1.89144383e+00  1.91892165e+00  1.93665534e+00
  1.95625542e+00  2.01205282e+00  2.01954048e+00  2.02626507e+00
  2.03933680e+00  2.11856759e+00  2.13093223e+00  2.14523188e+00
  2.16444101e+00  2.17495527e+00  2.18929874e+00  2.21499390e+00
  2.22350189e+00  2.26394321e+00  2.31537818e+00  2.32780144e+00
  2.35449090e+00  2.44371966e+00  2.45349634e+00  2.48959319e+00
  2.57112478e+00  2.60265460e+00  2.60508306e+00  2.63840661e+00
  2.66718119e+00  2.67665608e+00  2.69133782e+00  2.73247718e+00
  2.73539615e+00  2.74052721e+00  2.84722434e+00  2.86118119e+00
  2.86452998e+00  2.88393528e+00  2.89146675e+00  2.89580032e+00
  2.90421743e+00  2.94702744e+00  2.95459764e+00  2.95765144e+00
  2.96645426e+00  3.02651785e+00  3.08253884e+00  3.10516497e+00
  3.10668154e+00  3.20789094e+00  3.26835914e+00  3.29245917e+00
  3.29825765e+00  3.32836751e+00  3.33244609e+00  3.33450302e+00
  3.57428412e+00  3.72296217e+00  3.80488553e+00  3.84562697e+00
  3.98024248e+00  3.99763544e+00  4.10234730e+00  4.15488198e+00
  4.18769270e+00  4.29742603e+00  4.36188624e+00  4.40664579e+00
  4.43795399e+00  4.79534959e+00  4.90993018e+00  5.67953269e+00
  1.02837660e+01  2.47519978e+01  2.50136406e+01  2.50411561e+01
  2.51461619e+01  2.52421353e+01  2.53022229e+01  2.63880719e+01
  2.63947365e+01  2.67178929e+01  3.70223739e+01  2.19102258e+02]
E1 = -1769.939500675604  E_coul = 647.0399898945652
cycle= 11 E= -745.828359076005  delta_E= -3.71e-09  |g|= 2.5e-05  |ddm|= 0.000146
    CPU time for cycle= 11      1.62 sec, wall time      0.06 sec
  HOMO = -0.346735548199667  LUMO = 0.0627782752768189
  mo_energy =
[-1.04705772e+02 -1.56287231e+01 -1.13312374e+01 -1.13241482e+01
 -1.13237262e+01 -1.13017726e+01 -1.12833667e+01 -1.12832904e+01
 -1.04309301e+01 -7.89828634e+00 -7.89712770e+00 -7.89711843e+00
 -1.33158486e+00 -1.14403119e+00 -1.09098380e+00 -1.00158707e+00
 -9.24298334e-01 -9.15681105e-01 -9.03060707e-01 -7.74523768e-01
 -7.20031107e-01 -7.00441194e-01 -6.55389435e-01 -6.49368558e-01
 -6.35830025e-01 -6.29013500e-01 -5.97386019e-01 -5.71395489e-01
 -5.02795603e-01 -4.37128947e-01 -3.96655388e-01 -3.49382850e-01
 -3.46954023e-01 -3.46735548e-01  6.27782753e-02  8.21805835e-02
  1.13191920e-01  1.41494448e-01  1.46926558e-01  1.63490618e-01
  1.80349410e-01  1.81520226e-01  2.20890878e-01  2.22680301e-01
  2.60097623e-01  2.93165930e-01  3.52838452e-01  3.80325067e-01
  3.93642041e-01  4.09887774e-01  4.23510252e-01  4.25550617e-01
  4.38322722e-01  4.73251432e-01  4.83802990e-01  5.13381931e-01
  5.20662333e-01  5.27325935e-01  5.30962906e-01  5.60565672e-01
  5.67140253e-01  5.73889432e-01  5.91831656e-01  6.04002049e-01
  6.14270904e-01  6.78318340e-01  6.82338182e-01  6.88467359e-01
  7.01605177e-01  7.27377986e-01  7.60356186e-01  7.69537118e-01
  7.77335309e-01  7.83706760e-01  8.03835079e-01  8.05357724e-01
  8.19176788e-01  8.77156085e-01  8.90815243e-01  8.96347788e-01
  9.14980386e-01  9.52021803e-01  9.59218571e-01  1.01190286e+00
  1.03523598e+00  1.04591890e+00  1.11521834e+00  1.11775757e+00
  1.13047150e+00  1.16768673e+00  1.20805993e+00  1.22191860e+00
  1.25975065e+00  1.26688758e+00  1.27267467e+00  1.27404406e+00
  1.27775177e+00  1.27823337e+00  1.30932162e+00  1.34591148e+00
  1.40151023e+00  1.41919373e+00  1.42786930e+00  1.49817211e+00
  1.54572452e+00  1.54853599e+00  1.63143528e+00  1.67153015e+00
  1.68326855e+00  1.68650414e+00  1.69936968e+00  1.70235434e+00
  1.76163726e+00  1.77044222e+00  1.79317952e+00  1.82624593e+00
  1.84990171e+00  1.89144261e+00  1.91892020e+00  1.93665460e+00
  1.95625451e+00  2.01205068e+00  2.01953850e+00  2.02626622e+00
  2.03933616e+00  2.11856632e+00  2.13093153e+00  2.14523137e+00
  2.16444099e+00  2.17495466e+00  2.18929799e+00  2.21499235e+00
  2.22350251e+00  2.26394212e+00  2.31537685e+00  2.32780195e+00
  2.35449024e+00  2.44371949e+00  2.45349768e+00  2.48959206e+00
  2.57112573e+00  2.60265366e+00  2.60508211e+00  2.63840445e+00
  2.66717977e+00  2.67665592e+00  2.69133671e+00  2.73247748e+00
  2.73539541e+00  2.74052599e+00  2.84722372e+00  2.86117980e+00
  2.86452966e+00  2.88393391e+00  2.89146827e+00  2.89579875e+00
  2.90421417e+00  2.94702807e+00  2.95459584e+00  2.95764968e+00
  2.96645232e+00  3.02651780e+00  3.08253977e+00  3.10516556e+00
  3.10668288e+00  3.20788927e+00  3.26835861e+00  3.29245787e+00
  3.29825743e+00  3.32836684e+00  3.33244740e+00  3.33450266e+00
  3.57428536e+00  3.72296038e+00  3.80488580e+00  3.84562955e+00
  3.98024316e+00  3.99763472e+00  4.10234521e+00  4.15488010e+00
  4.18769207e+00  4.29742895e+00  4.36188443e+00  4.40664711e+00
  4.43795353e+00  4.79535106e+00  4.90993219e+00  5.67953438e+00
  1.02837631e+01  2.47519992e+01  2.50136370e+01  2.50411524e+01
  2.51461657e+01  2.52421313e+01  2.53022253e+01  2.63880692e+01
  2.63947338e+01  2.67178904e+01  3.70223790e+01  2.19102252e+02]
E1 = -1769.9394906422594  E_coul = 647.0399798608132
cycle= 12 E= -745.828359076413  delta_E= -4.07e-10  |g|= 7.68e-06  |ddm|= 4.7e-05
    CPU time for cycle= 12      1.62 sec, wall time      0.06 sec
  HOMO = -0.346734790859103  LUMO = 0.0627774508567155
  mo_energy =
[-1.04705771e+02 -1.56287259e+01 -1.13312402e+01 -1.13241459e+01
 -1.13237240e+01 -1.13017747e+01 -1.12833670e+01 -1.12832907e+01
 -1.04309294e+01 -7.89828559e+00 -7.89712697e+00 -7.89711769e+00
 -1.33158563e+00 -1.14403231e+00 -1.09098394e+00 -1.00158781e+00
 -9.24298243e-01 -9.15681523e-01 -9.03060851e-01 -7.74523984e-01
 -7.20031401e-01 -7.00441320e-01 -6.55389646e-01 -6.49369681e-01
 -6.35830889e-01 -6.29014212e-01 -5.97386683e-01 -5.71395722e-01
 -5.02796122e-01 -4.37129962e-01 -3.96655242e-01 -3.49383123e-01
 -3.46953254e-01 -3.46734791e-01  6.27774509e-02  8.21805546e-02
  1.13191604e-01  1.41494095e-01  1.46926387e-01  1.63490229e-01
  1.80349125e-01  1.81519996e-01  2.20890530e-01  2.22680090e-01
  2.60097415e-01  2.93165593e-01  3.52838135e-01  3.80324723e-01
  3.93641689e-01  4.09887348e-01  4.23509782e-01  4.25550404e-01
  4.38322378e-01  4.73251428e-01  4.83803320e-01  5.13382149e-01
  5.20662216e-01  5.27325792e-01  5.30962669e-01  5.60565619e-01
  5.67139661e-01  5.73889293e-01  5.91831485e-01  6.04001647e-01
  6.14270629e-01  6.78317755e-01  6.82338054e-01  6.88467116e-01
  7.01605305e-01  7.27377495e-01  7.60355631e-01  7.69536926e-01
  7.77334841e-01  7.83705818e-01  8.03834775e-01  8.05357316e-01
  8.19176345e-01  8.77155749e-01  8.90814856e-01  8.96347413e-01
  9.14979555e-01  9.52021502e-01  9.59218118e-01  1.01190208e+00
  1.03523567e+00  1.04591915e+00  1.11521782e+00  1.11775729e+00
  1.13047112e+00  1.16768622e+00  1.20805966e+00  1.22191816e+00
  1.25975093e+00  1.26688720e+00  1.27267530e+00  1.27404450e+00
  1.27775163e+00  1.27823358e+00  1.30932138e+00  1.34591088e+00
  1.40151025e+00  1.41919323e+00  1.42786881e+00  1.49817200e+00
  1.54572416e+00  1.54853563e+00  1.63143453e+00  1.67152984e+00
  1.68326779e+00  1.68650358e+00  1.69936900e+00  1.70235371e+00
  1.76163677e+00  1.77044184e+00  1.79317911e+00  1.82624566e+00
  1.84990158e+00  1.89144243e+00  1.91891990e+00  1.93665434e+00
  1.95625452e+00  2.01205054e+00  2.01953830e+00  2.02626584e+00
  2.03933563e+00  2.11856559e+00  2.13093139e+00  2.14523080e+00
  2.16444046e+00  2.17495406e+00  2.18929771e+00  2.21499145e+00
  2.22350202e+00  2.26394126e+00  2.31537657e+00  2.32780145e+00
  2.35448988e+00  2.44371939e+00  2.45349687e+00  2.48959183e+00
  2.57112511e+00  2.60265425e+00  2.60508271e+00  2.63840440e+00
  2.66717958e+00  2.67665538e+00  2.69133638e+00  2.73247704e+00
  2.73539466e+00  2.74052559e+00  2.84722369e+00  2.86117949e+00
  2.86452954e+00  2.88393379e+00  2.89146793e+00  2.89579862e+00
  2.90421382e+00  2.94702756e+00  2.95459532e+00  2.95764842e+00
  2.96645139e+00  3.02651743e+00  3.08253919e+00  3.10516538e+00
  3.10668266e+00  3.20788955e+00  3.26835785e+00  3.29245769e+00
  3.29825681e+00  3.32836559e+00  3.33244673e+00  3.33450219e+00
  3.57428472e+00  3.72296041e+00  3.80488546e+00  3.84562868e+00
  3.98024263e+00  3.99763472e+00  4.10234384e+00  4.15487901e+00
  4.18769230e+00  4.29742729e+00  4.36188420e+00  4.40664663e+00
  4.43795336e+00  4.79535037e+00  4.90993074e+00  5.67953340e+00
  1.02837639e+01  2.47519992e+01  2.50136343e+01  2.50411536e+01
  2.51461661e+01  2.52421319e+01  2.53022246e+01  2.63880698e+01
  2.63947344e+01  2.67178914e+01  3.70223763e+01  2.19102253e+02]
E1 = -1769.939502569519  E_coul = 647.0399917880326
Extra cycle  E= -745.828359076453  delta_E= -4e-11  |g|= 3.99e-06  |ddm|= 1.2e-05
    CPU time for scf_cycle     34.82 sec, wall time      1.34 sec
    CPU time for SCF     34.83 sec, wall time      1.34 sec
converged SCF energy = -745.828359076453
Converting <class 'pyscf.scf.hf.RHF'> to RHF


******** <class 'pyscf.tdscf.rhf.TDA'> for <class 'pyscf.scf.hf.RHF'> ********
nstates = 5 singlet
wfnsym = None
conv_tol = 1e-09
eigh lindep = 1e-12
eigh level_shift = 0
eigh max_space = 8
eigh max_cycle = 2000
chkfile = /scratch/global/yangjunjie/tmptcdssfvk
max_memory 127949 MB (current use 1742 MB)


davidson 0 5  |r|= 0.0686  e= [0.29371767 0.31824962 0.31842054 0.33684843 0.33702364]  max|de|= 0.337  lindep=    1
davidson 1 10  |r|= 0.0627  e= [0.24729295 0.31672189 0.3171714  0.33521238 0.3359671 ]  max|de|= -0.0464  lindep= 0.93
Old state -> New state
    1     ->     2 
    2     ->     3 
    1     ->     4 
davidson 2 15  |r|= 0.177  e= [0.23763043 0.28605014 0.31197614 0.31713697 0.32051621]  max|de|= -0.0307  lindep= 0.912
davidson 3 20  |r|= 0.0715  e= [0.23729851 0.24101604 0.25835567 0.31713026 0.31724187]  max|de|= -0.0536  lindep= 0.868
davidson 4 5  |r|= 0.0715  e= [0.23729851 0.24101604 0.25835567 0.31713026 0.31724187]  max|de|= -2.78e-16  lindep= 0.993
Old state -> New state
    1     ->     0 
    0     ->     1 
    4     ->     3 
    3     ->     4 
davidson 5 10  |r|= 0.0475  e= [0.23471127 0.23723851 0.25043608 0.31709216 0.31712664]  max|de|= -0.00792  lindep= 0.801
Old state -> New state
    4     ->     3 
    3     ->     4 
davidson 6 15  |r|= 0.0872  e= [0.2332787  0.2372147  0.2477439  0.28921316 0.31688329]  max|de|= -0.0279  lindep= 0.873
davidson 7 20  |r|= 0.0573  e= [0.23293914 0.23720496 0.24696518 0.26304581 0.3165106 ]  max|de|= -0.0262  lindep= 0.857
davidson 8 5  |r|= 0.0573  e= [0.23293914 0.23720496 0.24696518 0.26304581 0.3165106 ]  max|de|= -2.78e-16  lindep= 0.991
davidson 9 10  |r|= 0.0468  e= [0.2328957  0.23719775 0.24675657 0.25489279 0.31491374]  max|de|= -0.00815  lindep= 0.858
davidson 10 15  |r|= 0.104  e= [0.23288324 0.23718923 0.24662436 0.24939221 0.29947792]  max|de|= -0.0154  lindep= 0.867
davidson 11 20  |r|= 0.0499  e= [0.23287856 0.2371869  0.24655327 0.2480169  0.27894866]  max|de|= -0.0205  lindep= 0.91
davidson 12 5  |r|= 0.0499  e= [0.23287856 0.2371869  0.24655327 0.2480169  0.27894866]  max|de|= 5e-16  lindep= 0.995
davidson 13 10  |r|= 0.0295  e= [0.23287742 0.23718635 0.24653485 0.2476842  0.27509955]  max|de|= -0.00385  lindep= 0.886
davidson 14 15  |r|= 0.0849  e= [0.23287681 0.23718617 0.24652745 0.24755851 0.2715751 ]  max|de|= -0.00352  lindep= 0.884
davidson 15 20  |r|= 0.0491  e= [0.23287645 0.23718614 0.2465259  0.24753279 0.25161423]  max|de|= -0.02  lindep= 0.891
davidson 16 5  |r|= 0.0491  e= [0.23287645 0.23718614 0.2465259  0.24753279 0.25161423]  max|de|= -6.94e-16  lindep= 0.99
davidson 17 10  |r|= 0.0188  e= [0.23287634 0.23718613 0.24652488 0.2475225  0.2484948 ]  max|de|= -0.00312  lindep= 0.887
davidson 18 15  |r|= 0.00834  e= [0.23287632 0.23718613 0.24652393 0.24751498 0.24777182]  max|de|= -0.000723  lindep= 0.797
davidson 19 20  |r|= 0.00243  e= [0.23287632 0.23718613 0.24652376 0.24751276 0.24770226]  max|de|= -6.96e-05  lindep= 0.893
root 0 converged  |r|= 1.14e-05  e= 0.23287631533251973  max|de|= 3.05e-16
root 1 converged  |r|= 1.16e-05  e= 0.23718612687395407  max|de|= -4.44e-16
davidson 20 5  |r|= 0.00243  e= [0.23287632 0.23718613 0.24652376 0.24751276 0.24770226]  max|de|= -5.27e-16  lindep= 0.997
davidson 21 8  |r|= 0.00163  e= [0.23287632 0.23718613 0.24652373 0.24751215 0.24769158]  max|de|= -1.07e-05  lindep= 0.934
davidson 22 11  |r|= 0.000466  e= [0.23287631 0.23718613 0.24652372 0.24751188 0.24768824]  max|de|= -3.35e-06  lindep= 0.872
davidson 23 14  |r|= 0.000378  e= [0.23287631 0.23718613 0.24652372 0.24751183 0.24768749]  max|de|= -7.5e-07  lindep= 0.887
root 2 converged  |r|= 5.52e-06  e= 0.24652372208228762  max|de|= -3.67e-10
davidson 24 17  |r|= 0.000151  e= [0.23287631 0.23718613 0.24652372 0.24751179 0.24768725]  max|de|= -2.32e-07  lindep= 0.903
davidson 25 5  |r|= 0.000151  e= [0.23287631 0.23718613 0.24652372 0.24751179 0.24768725]  max|de|= 5e-16  lindep= 0.999
davidson 26 7  |r|= 0.000145  e= [0.23287631 0.23718613 0.24652372 0.24751179 0.2476872 ]  max|de|= -5.68e-08  lindep= 0.904
davidson 27 9  |r|= 6.71e-05  e= [0.23287631 0.23718613 0.24652372 0.24751179 0.24768716]  max|de|= -3.46e-08  lindep= 0.947
root 3 converged  |r|= 8.31e-06  e= 0.24751178640097854  max|de|= -3.28e-10
davidson 28 11  |r|= 5.24e-05  e= [0.23287631 0.23718613 0.24652372 0.24751179 0.24768715]  max|de|= -1.48e-08  lindep= 0.956
davidson 29 12  |r|= 3.86e-05  e= [0.23287631 0.23718613 0.24652372 0.24751179 0.24768714]  max|de|= -5.44e-09  lindep= 0.898
davidson 30 13  |r|= 2.4e-05  e= [0.23287631 0.23718613 0.24652372 0.24751179 0.24768714]  max|de|= -3.31e-09  lindep= 0.953
root 4 converged  |r|= 1.15e-05  e= 0.2476871381889226  max|de|= -8.26e-10
converged 31 14  |r|= 1.15e-05  e= [0.23287631 0.23718613 0.24652372 0.24751179 0.24768714]  max|de|= -8.26e-10
    CPU time for TDA    248.33 sec, wall time      8.89 sec
Excited State energies (eV)
[6.3368873  6.45416325 6.70825216 6.73513876 6.73991033]
