 
:: initializing oneAPI environment ...
   slurm_script: BASH_VERSION = 4.2.46(1)-release
   args: Using "$@" for setvars.sh arguments: --force
:: advisor -- latest
:: ccl -- latest
:: clck -- latest
:: compiler -- latest
:: dal -- latest
:: debugger -- latest
:: dev-utilities -- latest
:: dnnl -- latest
:: dpcpp-ct -- latest
:: dpl -- latest
:: inspector -- latest
:: intelpython -- latest
:: ipp -- latest
:: ippcp -- latest
:: ipp -- latest
:: itac -- latest
:: mkl -- latest
:: mpi -- latest
:: tbb -- latest
:: vpl -- latest
:: vtune -- latest
:: oneAPI environment initialized ::
 
SLURM_CPUS_PER_TASK = 28
SLURM_MEM_PER_NODE = 256000
#INFO: **** input file is /home/yangjunjie/work/py-ch3-cl/work/step_-2/main.py ****
import sys
import pyscf
from pyscf import tdscf

def main(xyz_file, basis="631g*", xc="b3lyp", output="ene.out"):
    xyz = None

    with open(xyz_file, "r") as xyz:
        xyz = xyz.readlines()[2:]
        xyz = "".join(xyz)

    mol = pyscf.gto.Mole()
    mol.atom = xyz
    mol.basis = basis
    mol.verbose = 5
    mol.build()

    if xc is not None and xc != "hf":
        mf = pyscf.scf.RKS(mol)
        mf.xc = xc
        mf.kernel()
    else:
        mf = pyscf.scf.RHF(mol)
        mf.kernel()

    ene_mf = mf.e_tot

    with open(output, "w") as f:
        tda = pyscf.tdscf.TDA(mf)
        tda.nstates = 5
        tda.max_space = 8
        tda.max_cycle = 2000
        tda.kernel()

        con_tda = tda.converged
        ene_tda = tda.e[:5]
        dip_tda = tda.transition_dipole()[:5]

        f.write(f"RKS energy: {ene_mf: 12.8f}\n")
        f.write("TDA results:\n")
        for i, (con, ene, dip) in enumerate(zip(con_tda, ene_tda, dip_tda)):
            f.write(f" {i:2d} {con} {ene: 12.8f} {dip[0]: 12.8f} {dip[1]: 12.8f} {dip[2]: 12.8f}\n")

        # rpa = pyscf.tdscf.RPA(mf)
        # rpa.nstates = 5
        # rpa.max_space = 8
        # rpa.max_cycle = 2000
        # rpa.kernel()

        # con_rpa = rpa.converged
        # ene_rpa = rpa.e[:5]
        # dip_rpa = rpa.transition_dipole()[:5]
        
        # f.write("\nRPA results:\n")
        # for i, (con, ene, dip) in enumerate(zip(con_rpa, ene_rpa, dip_rpa)):
        #     f.write(f" {i:2d} {con} {ene: 12.8f} {dip[0]: 12.8f} {dip[1]: 12.8f} {dip[2]: 12.8f}\n")

if __name__ == "__main__":
    xyz = sys.argv[1]
    main(xyz, basis="631g*", xc="b3lyp", output="out.log")
#INFO: ******************** input file end ********************


System: uname_result(system='Linux', node='pauling002', release='3.10.0-327.36.3.el7.x86_64', version='#1 SMP Thu Oct 20 04:56:07 EDT 2016', machine='x86_64')  Threads 28
Python 3.9.7 (default, Oct 27 2021, 01:23:21) 
[GCC 9.3.0]
numpy 1.21.2  scipy 1.6.2
Date: Tue Sep 27 23:37:10 2022
PySCF version 2.0.1
PySCF path  /home/yangjunjie/packages/pyscf/pyscf-main
GIT ORIG_HEAD 14b880cdc4bf7bb64f3989a147c0b04622efc498
GIT HEAD (branch master) 9d5b5bd309d1cc55fbd1a0ec76e26b5b0c7f76af

[ENV] PYSCF_MAX_MEMORY 256000
[ENV] PYSCF_TMPDIR /scratch/global/yangjunjie/
[CONFIG] conf_file /home/yangjunjie/.pyscf_conf.py
[INPUT] verbose = 5
[INPUT] max_memory = 256000 
[INPUT] num. atoms = 16
[INPUT] num. electrons = 68
[INPUT] charge = 0
[INPUT] spin (= nelec alpha-beta = 2S) = 0
[INPUT] symmetry False subgroup None
[INPUT] Mole.unit = angstrom
[INPUT]  1 C      0.000000010000   1.163701600000   1.038766480000 AA    0.000000018897   2.199077314718   1.962984154578 Bohr
[INPUT]  2 C      0.000000010000   1.197142400000   2.427085300000 AA    0.000000018897   2.262271268105   4.586526497958 Bohr
[INPUT]  3 C     -0.000000020000  -0.012364220000   3.116324450000 AA   -0.000000037795  -0.023364989544   5.888999725786 Bohr
[INPUT]  4 C     -0.000000010000  -1.209302520000   2.404375200000 AA   -0.000000018897  -2.285250564546   4.543610628696 Bohr
[INPUT]  5 C      0.000000010000  -1.149943070000   1.017425350000 AA    0.000000018897  -2.173077461142   1.922655263690 Bohr
[INPUT]  6 N      0.000000000000   0.013736200000   0.375653580000 AA    0.000000000000   0.025957655992   0.709882383912 Bohr
[INPUT]  7 C      0.000000000000   0.003784090000  -1.645422070000 AA    0.000000000000   0.007150893731  -3.109397071615 Bohr
[INPUT]  8 H      0.000000020000   2.070056710000   0.438667960000 AA    0.000000037795   3.911840244218   0.828962304022 Bohr
[INPUT]  9 H     -0.000000010000   2.146753170000   2.943803530000 AA   -0.000000018897   4.056775548342   5.562982436228 Bohr
[INPUT] 10 H     -0.000000010000  -0.022370970000   4.198794090000 AA   -0.000000018897  -0.042275006441   7.934570883542 Bohr
[INPUT] 11 H     -0.000000020000  -2.168324810000   2.903511900000 AA   -0.000000037795  -4.097540040000   5.486842290416 Bohr
[INPUT] 12 H      0.000000000000  -2.043730170000   0.398704210000 AA    0.000000000000  -3.862090293811   0.753441761611 Bohr
[INPUT] 13 H     -0.000000020000   1.077675230000  -1.648069340000 AA   -0.000000037795   2.036511035928  -3.114399686893 Bohr
[INPUT] 14 H     -0.930744120000  -0.530935000000  -1.638128290000 AA   -1.758851478849  -1.003321739946  -3.095613825002 Bohr
[INPUT] 15 H      0.930744140000  -0.530934950000  -1.638128290000 AA    1.758851516644  -1.003321645460  -3.095613825002 Bohr
[INPUT] 16 Cl    -0.000000010000   0.003318910000  -3.919618560000 AA   -0.000000018897   0.006271830932  -7.407005591162 Bohr
[INPUT] ---------------- BASIS SET ---------------- 
[INPUT] l, kappa, [nprim/nctr], expnt,             c_1 c_2 ...
[INPUT] N
[INPUT] 0    0    [6    /1   ]  4173.511          0.0018348
                                627.4579          0.013995
                                142.9021          0.068587
                                40.23433          0.232241
                                12.82021          0.46907
                                4.390437          0.360455
[INPUT] 0    0    [3    /1   ]  11.626358         -0.114961
                                2.71628           -0.169118
                                0.772218          1.145852
[INPUT] 0    0    [1    /1   ]  0.2120313            1
[INPUT] 1    0    [3    /1   ]  11.626358         0.06758
                                2.71628           0.323907
                                0.772218          0.740895
[INPUT] 1    0    [1    /1   ]  0.2120313            1
[INPUT] 2    0    [1    /1   ]  0.8                  1
[INPUT] C
[INPUT] 0    0    [6    /1   ]  3047.5249         0.0018347
                                457.36951         0.0140373
                                103.94869         0.0688426
                                29.210155         0.2321844
                                9.286663          0.4679413
                                3.163927          0.362312
[INPUT] 0    0    [3    /1   ]  7.8682724         -0.1193324
                                1.8812885         -0.1608542
                                0.5442493         1.1434564
[INPUT] 0    0    [1    /1   ]  0.1687144            1
[INPUT] 1    0    [3    /1   ]  7.8682724         0.0689991
                                1.8812885         0.316424
                                0.5442493         0.7443083
[INPUT] 1    0    [1    /1   ]  0.1687144            1
[INPUT] 2    0    [1    /1   ]  0.8                  1
[INPUT] H
[INPUT] 0    0    [3    /1   ]  18.731137         0.0334946
                                2.8253937         0.23472695
                                0.6401217         0.81375733
[INPUT] 0    0    [1    /1   ]  0.1612778            1
[INPUT] Cl
[INPUT] 0    0    [6    /1   ]  25180.1           0.001833
                                3780.35           0.014034
                                860.474           0.069097
                                242.145           0.237452
                                77.3349           0.483034
                                26.247            0.339856
[INPUT] 0    0    [6    /1   ]  491.765           -0.0022974
                                116.984           -0.030714
                                37.4153           -0.112528
                                13.7834           0.045016
                                5.45215           0.589353
                                2.22588           0.465206
[INPUT] 0    0    [3    /1   ]  3.18649           -0.25183
                                1.14427           0.061589
                                0.420377          1.06018
[INPUT] 0    0    [1    /1   ]  0.142657             1
[INPUT] 1    0    [6    /1   ]  491.765           0.0039894
                                116.984           0.030318
                                37.4153           0.12988
                                13.7834           0.327951
                                5.45215           0.453527
                                2.22588           0.252154
[INPUT] 1    0    [3    /1   ]  3.18649           -0.014299
                                1.14427           0.323572
                                0.420377          0.743507
[INPUT] 1    0    [1    /1   ]  0.142657             1
[INPUT] 2    0    [1    /1   ]  0.75                 1

nuclear repulsion = 379.10401330273
number of shells = 66
number of NR pGTOs = 272
number of NR cGTOs = 132
basis = 631g*
ecp = {}
CPU time:         0.35


******** <class 'pyscf.dft.rks.RKS'> ********
method = RKS
initial guess = minao
damping factor = 0
level_shift factor = 0
DIIS = <class 'pyscf.scf.diis.CDIIS'>
diis_start_cycle = 1
diis_space = 8
SCF conv_tol = 1e-09
SCF conv_tol_grad = None
SCF max_cycles = 50
direct_scf = True
direct_scf_tol = 1e-13
chkfile to save SCF result = /scratch/global/yangjunjie/tmpkf_8jauh
max_memory 256000 MB (current use 81 MB)
XC library pyscf.dft.libxc version 5.2.0
    S. Lehtola, C. Steigemann, M. J. Oliveira, and M. A. Marques, SoftwareX 7, 1 (2018)
XC functionals = b3lyp
    P. A. M. Dirac, Math. Proc. Cambridge Philos. Soc. 26, 376 (1930)
    F. Bloch, Z. Phys. 57, 545 (1929)
    A. D. Becke, Phys. Rev. A 38, 3098 (1988)
    C. Lee, W. Yang, and R. G. Parr, Phys. Rev. B 37, 785 (1988)
    B. Miehlich, A. Savin, H. Stoll, and H. Preuss, Chem. Phys. Lett. 157, 200 (1989)
    S. H. Vosko, L. Wilk, and M. Nusair, Can. J. Phys. 58, 1200 (1980)
radial grids: 
    Treutler-Ahlrichs [JCP 102, 346 (1995); DOI:10.1063/1.469408] (M4) radial grids
    
becke partition: Becke, JCP 88, 2547 (1988); DOI:10.1063/1.454033
pruning grids: <function nwchem_prune at 0x7fb95abceee0>
grids dens level: 3
symmetrized grids: False
atomic radii adjust function: <function treutler_atomic_radii_adjust at 0x7fb95abcee50>
small_rho_cutoff = 1e-07
Set gradient conv threshold to 3.16228e-05
atom C rad-grids = 75, ang-grids = [ 50  50  50  50  50  50  50  50  50  50  50  50  50  50  50  50  50  50
  50  50  50  50  50  86  86  86  86  86  86  86  86  86  86 266 266 266
 266 266 266 266 302 302 302 302 302 302 302 302 302 302 302 302 302 302
 302 302 302 302 302 302 266 266 266 266 266 266 266 266 266 266 266 266
 266 266 266]
atom N rad-grids = 75, ang-grids = [ 50  50  50  50  50  50  50  50  50  50  50  50  50  50  50  50  50  50
  50  50  50  50  50  86  86  86  86  86  86  86  86  86 266 266 266 266
 266 266 266 302 302 302 302 302 302 302 302 302 302 302 302 302 302 302
 302 302 302 302 266 266 266 266 266 266 266 266 266 266 266 266 266 266
 266 266 266]
atom H rad-grids = 50, ang-grids = [ 50  50  50  50  50  50  50  50  50  50  50  50  50  50  86  86  86  86
 266 266 266 266 302 302 302 302 302 302 302 302 302 302 302 302 302 266
 266 266 266 266 266 266 266 266 266 266 266 266 266 266]
atom Cl rad-grids = 80, ang-grids = [ 50  50  50  50  50  50  50  50  50  50  50  50  50  50  50  50  50  50
  50  50  50  50  50  50  86  86  86  86  86  86  86  86  86  86  86  86
  86 350 350 350 350 350 350 350 350 350 434 434 434 434 434 434 434 434
 434 434 434 434 434 434 434 434 434 434 350 350 350 350 350 350 350 350
 350 350 350 350 350 350 350 350]
tot grids = 196530
Drop grids 33509
    CPU time for setting up grids      2.92 sec, wall time      0.13 sec
nelec by numeric integration = 67.97660598760733
    CPU time for vxc      5.76 sec, wall time      0.21 sec
E1 = -1771.4596544583762  Ecoul = 713.7705808984729  Exc = -70.333150404051
init E= -748.918210661224
cond(S) = 6569.091298604381
    CPU time for initialize scf     15.91 sec, wall time      0.66 sec
  HOMO = -0.295804087729923  LUMO = -0.0990340964924316
  mo_energy =
[-1.01593773e+02 -1.44105616e+01 -1.02919239e+01 -1.02912537e+01
 -1.02903040e+01 -1.02861312e+01 -1.02857979e+01 -1.02820420e+01
 -9.53372364e+00 -7.28934982e+00 -7.28916843e+00 -7.28916709e+00
 -1.10628878e+00 -9.39842805e-01 -8.89136279e-01 -8.68359975e-01
 -7.78062782e-01 -7.14423495e-01 -7.03792076e-01 -5.77798879e-01
 -5.33698807e-01 -5.11941123e-01 -4.77229804e-01 -4.74905394e-01
 -4.57756016e-01 -4.50141166e-01 -4.32802672e-01 -3.99006556e-01
 -3.89530992e-01 -3.53325093e-01 -3.52577456e-01 -3.24985942e-01
 -3.05504254e-01 -2.95804088e-01 -9.90340965e-02 -7.98262710e-02
 -7.57197721e-02  5.39807403e-02  6.82905615e-02  6.96344385e-02
  9.56086593e-02  1.16588062e-01  1.27146027e-01  1.37722380e-01
  1.41501066e-01  1.66414310e-01  2.10974986e-01  2.38473415e-01
  2.58904422e-01  2.66105670e-01  3.43519192e-01  3.80793638e-01
  4.02030973e-01  4.12510628e-01  4.14282125e-01  4.58034231e-01
  4.79717488e-01  4.80303372e-01  4.92291376e-01  5.24745501e-01
  5.27526372e-01  5.37611132e-01  5.42642188e-01  5.51487991e-01
  5.59727159e-01  5.69262934e-01  5.92064413e-01  6.14449262e-01
  6.45760346e-01  6.46880700e-01  6.56309389e-01  7.52113765e-01
  7.66805458e-01  7.72897331e-01  7.90157691e-01  7.96817345e-01
  7.99639948e-01  8.02979301e-01  8.36223415e-01  8.50505044e-01
  8.63021387e-01  8.69256164e-01  8.76957609e-01  8.92009145e-01
  9.07650591e-01  9.54013697e-01  9.72960685e-01  1.01536167e+00
  1.03493929e+00  1.09139337e+00  1.12396157e+00  1.15047580e+00
  1.17884163e+00  1.24181476e+00  1.30565258e+00  1.35002259e+00
  1.40084383e+00  1.40651621e+00  1.40959206e+00  1.43370294e+00
  1.44054753e+00  1.44336533e+00  1.65771061e+00  1.66076337e+00
  1.67355220e+00  1.71896691e+00  1.76984031e+00  1.79729171e+00
  1.86982235e+00  1.88757036e+00  1.98714853e+00  2.07029150e+00
  2.07096561e+00  2.09405627e+00  2.10352484e+00  2.11759824e+00
  2.16310621e+00  2.18979499e+00  2.19899590e+00  2.22629353e+00
  2.25223533e+00  2.29789519e+00  2.48334576e+00  2.49379301e+00
  2.59137806e+00  2.62036901e+00  2.62513692e+00  2.64970824e+00
  2.69981319e+00  2.70114408e+00  2.95862405e+00  3.33123252e+00]
nelec by numeric integration = 68.00005041462127
    CPU time for vxc      5.70 sec, wall time      0.20 sec
E1 = -1779.2614804105428  Ecoul = 722.9264060663817  Exc = -70.78095257820075
cycle= 1 E= -748.012013619632  delta_E= 0.906  |g|= 0.451  |ddm|= 3.86
    CPU time for cycle= 1      6.20 sec, wall time      0.22 sec
  HOMO = -0.085196227677427  LUMO = -0.074382630168944
  mo_energy =
[-1.01073920e+02 -1.44479639e+01 -1.02839878e+01 -1.02838130e+01
 -1.02334168e+01 -1.01757284e+01 -1.01529247e+01 -1.01528612e+01
 -9.05731850e+00 -6.81135626e+00 -6.80807345e+00 -6.80805907e+00
 -1.03373390e+00 -8.25983582e-01 -8.18991855e-01 -7.20772033e-01
 -6.83792305e-01 -6.64744628e-01 -5.81177646e-01 -5.28766966e-01
 -5.27708481e-01 -5.08836863e-01 -4.82379400e-01 -4.81620753e-01
 -4.45987981e-01 -4.41895925e-01 -4.38640521e-01 -3.98451531e-01
 -3.55123298e-01 -3.22241817e-01 -3.06829418e-01 -1.45861241e-01
 -8.54725131e-02 -8.51962277e-02 -7.43826302e-02 -4.99053370e-02
  3.87701158e-02  7.24852348e-02  8.77510776e-02  9.36919894e-02
  1.06967034e-01  1.14487376e-01  1.34105587e-01  1.49829081e-01
  1.68669503e-01  1.78954556e-01  2.31460128e-01  2.54220844e-01
  2.74198685e-01  2.88315647e-01  3.85042297e-01  4.20609629e-01
  4.59365253e-01  4.94008369e-01  5.17334115e-01  5.24463065e-01
  5.47532596e-01  5.52921849e-01  5.61570133e-01  5.65966503e-01
  5.80182478e-01  5.82610102e-01  5.87959684e-01  6.01173631e-01
  6.25551852e-01  6.27760973e-01  6.39505424e-01  6.79559549e-01
  6.84510415e-01  7.13571013e-01  7.50559141e-01  7.70978964e-01
  7.98541739e-01  8.15303726e-01  8.24269692e-01  8.25919746e-01
  8.90194627e-01  8.92312438e-01  9.00938778e-01  9.12220518e-01
  9.26995390e-01  9.64437954e-01  9.89325988e-01  1.03337403e+00
  1.06235030e+00  1.09179219e+00  1.13533891e+00  1.15066493e+00
  1.15071019e+00  1.15593069e+00  1.16002121e+00  1.16906760e+00
  1.20483285e+00  1.32719493e+00  1.34649796e+00  1.40214731e+00
  1.43257644e+00  1.43759417e+00  1.43969777e+00  1.46154291e+00
  1.46155553e+00  1.46523094e+00  1.66371059e+00  1.70647813e+00
  1.72213985e+00  1.72674440e+00  1.79749886e+00  1.85295411e+00
  1.91209044e+00  1.91740805e+00  2.03475714e+00  2.10102479e+00
  2.11573956e+00  2.12584759e+00  2.13199580e+00  2.14497448e+00
  2.21846529e+00  2.23741042e+00  2.24334664e+00  2.26247549e+00
  2.29133009e+00  2.31456506e+00  2.50014467e+00  2.52980968e+00
  2.63773171e+00  2.65281499e+00  2.66422249e+00  2.69620477e+00
  2.73713418e+00  2.74769915e+00  2.99150514e+00  3.37686739e+00]
nelec by numeric integration = 68.00005401978109
    CPU time for vxc      5.93 sec, wall time      0.21 sec
E1 = -1772.4751471803665  Ecoul = 715.7400216731417  Exc = -70.21126648087738
cycle= 2 E= -747.842378685372  delta_E= 0.17  |g|= 0.872  |ddm|= 1.86
    CPU time for cycle= 2      6.42 sec, wall time      0.23 sec
  HOMO = -0.185241694454985  LUMO = -0.0515481160578189
  mo_energy =
[-1.01339671e+02 -1.43340488e+01 -1.02364444e+01 -1.02362791e+01
 -1.02161211e+01 -1.01987359e+01 -1.01986456e+01 -1.01711811e+01
 -9.28070431e+00 -7.04001556e+00 -7.03503476e+00 -7.03452202e+00
 -9.74669608e-01 -8.29163003e-01 -7.92978635e-01 -6.99023218e-01
 -6.62946282e-01 -6.55763808e-01 -6.27819044e-01 -5.58026536e-01
 -5.07055431e-01 -5.03872350e-01 -4.65067557e-01 -4.38662889e-01
 -4.33348134e-01 -4.13018401e-01 -4.07020822e-01 -3.97868416e-01
 -3.20061127e-01 -3.13039589e-01 -2.91498359e-01 -1.98141990e-01
 -1.85944066e-01 -1.85241694e-01 -5.15481161e-02 -3.81148130e-02
  3.40198839e-02  7.86521783e-02  1.05814056e-01  1.11204147e-01
  1.19444371e-01  1.33970931e-01  1.45478547e-01  1.57362234e-01
  1.90764288e-01  2.02624507e-01  2.48514444e-01  2.64784273e-01
  2.96058201e-01  3.02596628e-01  4.05521435e-01  4.36400025e-01
  4.82095318e-01  4.85512519e-01  5.13093006e-01  5.23357767e-01
  5.42046499e-01  5.52959519e-01  5.56570064e-01  5.61779528e-01
  5.69668606e-01  5.75859686e-01  5.80518892e-01  6.05247552e-01
  6.06244244e-01  6.10577787e-01  6.37374241e-01  6.40921601e-01
  6.76097855e-01  7.23585788e-01  7.59652518e-01  7.95307332e-01
  8.03551490e-01  8.06489871e-01  8.26987766e-01  8.46264939e-01
  8.91319085e-01  8.99013409e-01  9.21314674e-01  9.36957605e-01
  9.45422931e-01  9.90916007e-01  9.99644158e-01  1.02491212e+00
  1.02945687e+00  1.03208449e+00  1.03773881e+00  1.06462377e+00
  1.07962485e+00  1.12138443e+00  1.14537821e+00  1.17590280e+00
  1.22484755e+00  1.34861990e+00  1.36868912e+00  1.38021923e+00
  1.42523190e+00  1.44871444e+00  1.45381857e+00  1.48107582e+00
  1.48331484e+00  1.48418433e+00  1.69375193e+00  1.73730375e+00
  1.76302251e+00  1.76961896e+00  1.80912599e+00  1.86735715e+00
  1.91424250e+00  1.93315547e+00  2.04267802e+00  2.11585353e+00
  2.12568522e+00  2.14380058e+00  2.15263956e+00  2.17150858e+00
  2.25244510e+00  2.27532449e+00  2.27659886e+00  2.28088016e+00
  2.30537722e+00  2.34380389e+00  2.53089746e+00  2.54153376e+00
  2.64188880e+00  2.67708746e+00  2.68293065e+00  2.71103939e+00
  2.75760059e+00  2.76531053e+00  3.01988914e+00  3.39502696e+00]
nelec by numeric integration = 68.00005459985867
    CPU time for vxc      5.80 sec, wall time      0.21 sec
E1 = -1773.7119678170016  Ecoul = 716.8640746069492  Exc = -70.33844929207619
cycle= 3 E= -748.082329199399  delta_E= -0.24  |g|= 0.17  |ddm|= 1.19
    CPU time for cycle= 3      6.30 sec, wall time      0.22 sec
  HOMO = -0.208792589687629  LUMO = -0.0704508710360646
  mo_energy =
[-1.01407769e+02 -1.44070853e+01 -1.02623409e+01 -1.02619801e+01
 -1.02407147e+01 -1.02389227e+01 -1.02362278e+01 -1.02361870e+01
 -9.33630079e+00 -7.09689449e+00 -7.09163707e+00 -7.09139517e+00
 -1.00681079e+00 -8.49593682e-01 -8.12596445e-01 -7.27550018e-01
 -6.83132812e-01 -6.73022421e-01 -6.54586305e-01 -5.71131077e-01
 -5.29584249e-01 -5.12884489e-01 -4.78879093e-01 -4.63357943e-01
 -4.49537393e-01 -4.37927625e-01 -4.30624683e-01 -4.12166488e-01
 -3.50215060e-01 -3.33547784e-01 -3.07630343e-01 -2.27709191e-01
 -2.09277905e-01 -2.08792590e-01 -7.04508710e-02 -5.35898967e-02
  6.82125670e-03  6.95741239e-02  9.62708001e-02  1.02478725e-01
  1.04063952e-01  1.27388312e-01  1.39581476e-01  1.52539166e-01
  1.75509664e-01  1.89802881e-01  2.34404398e-01  2.54808504e-01
  2.80593532e-01  2.89450028e-01  3.93123628e-01  4.20047425e-01
  4.67638537e-01  4.68318770e-01  4.97913874e-01  5.05992644e-01
  5.24172227e-01  5.39935174e-01  5.41359912e-01  5.49140435e-01
  5.55131033e-01  5.64648896e-01  5.68053690e-01  5.88806785e-01
  5.91047715e-01  5.91393284e-01  6.20245573e-01  6.24529184e-01
  6.63253658e-01  7.03382293e-01  7.37039075e-01  7.83066306e-01
  7.88455530e-01  7.97466948e-01  8.17489266e-01  8.18437032e-01
  8.82355226e-01  8.84943690e-01  9.04543451e-01  9.13064086e-01
  9.23431650e-01  9.73958648e-01  9.80012716e-01  9.96770193e-01
  1.00539345e+00  1.00952952e+00  1.01240621e+00  1.04456770e+00
  1.06213446e+00  1.10433171e+00  1.13445716e+00  1.16140498e+00
  1.20365029e+00  1.32933408e+00  1.34790909e+00  1.36027270e+00
  1.41432716e+00  1.42893572e+00  1.43620646e+00  1.45748312e+00
  1.46185946e+00  1.46199799e+00  1.67364931e+00  1.70888445e+00
  1.72869067e+00  1.74504709e+00  1.79281863e+00  1.84234241e+00
  1.89845653e+00  1.91711307e+00  2.02362765e+00  2.09711775e+00
  2.10554196e+00  2.12431197e+00  2.13096512e+00  2.14843906e+00
  2.22385594e+00  2.24388849e+00  2.25122263e+00  2.25736894e+00
  2.28433308e+00  2.32058190e+00  2.50945677e+00  2.52362708e+00
  2.62316508e+00  2.65494941e+00  2.66006973e+00  2.69063805e+00
  2.73556170e+00  2.74204495e+00  2.99516235e+00  3.37322432e+00]
nelec by numeric integration = 68.0000530121507
    CPU time for vxc      5.68 sec, wall time      0.20 sec
E1 = -1775.7073336912176  Ecoul = 718.9957559826098  Exc = -70.48191051950825
cycle= 4 E= -748.089474925386  delta_E= -0.00715  |g|= 0.0543  |ddm|= 0.234
    CPU time for cycle= 4      6.21 sec, wall time      0.22 sec
  HOMO = -0.207150274934315  LUMO = -0.0683792952565634
  mo_energy =
[-1.01401316e+02 -1.43859720e+01 -1.02675556e+01 -1.02673111e+01
 -1.02461868e+01 -1.02397792e+01 -1.02354061e+01 -1.02352530e+01
 -9.33147872e+00 -7.09208316e+00 -7.08645552e+00 -7.08645496e+00
 -1.00057147e+00 -8.48724131e-01 -8.12097947e-01 -7.26853859e-01
 -6.81218945e-01 -6.73254816e-01 -6.53370587e-01 -5.71470636e-01
 -5.28723762e-01 -5.13260422e-01 -4.79187022e-01 -4.61088574e-01
 -4.49162275e-01 -4.38382903e-01 -4.30137375e-01 -4.12193366e-01
 -3.47086897e-01 -3.31435854e-01 -3.07856507e-01 -2.25757437e-01
 -2.07442506e-01 -2.07150275e-01 -6.83792953e-02 -5.35854094e-02
  9.29492570e-03  6.97550092e-02  9.60959713e-02  1.03343639e-01
  1.03827917e-01  1.27353255e-01  1.39275587e-01  1.52228348e-01
  1.75354563e-01  1.89962280e-01  2.35046506e-01  2.54708550e-01
  2.81992352e-01  2.89631484e-01  3.93302000e-01  4.21191399e-01
  4.67707125e-01  4.69254347e-01  4.98781755e-01  5.06356942e-01
  5.25260046e-01  5.40457565e-01  5.42414752e-01  5.49027788e-01
  5.55142274e-01  5.64474392e-01  5.67541582e-01  5.88740415e-01
  5.91154653e-01  5.92780662e-01  6.22312659e-01  6.24357824e-01
  6.63160400e-01  7.03725321e-01  7.38026324e-01  7.82948102e-01
  7.88517191e-01  7.96341940e-01  8.17275216e-01  8.23945795e-01
  8.81884348e-01  8.85277451e-01  9.04109867e-01  9.13216419e-01
  9.23562875e-01  9.74888663e-01  9.81866753e-01  9.99338278e-01
  1.00704999e+00  1.01205342e+00  1.01351651e+00  1.04542189e+00
  1.06275914e+00  1.10526391e+00  1.13443329e+00  1.16233946e+00
  1.20454270e+00  1.33017351e+00  1.35003016e+00  1.36196138e+00
  1.41506039e+00  1.42986230e+00  1.43561896e+00  1.46021003e+00
  1.46253673e+00  1.46460836e+00  1.67601215e+00  1.70937586e+00
  1.72903875e+00  1.74807724e+00  1.79340558e+00  1.84250657e+00
  1.89917497e+00  1.91718306e+00  2.02350144e+00  2.09762582e+00
  2.10581660e+00  2.12517292e+00  2.13206187e+00  2.14977345e+00
  2.22343126e+00  2.24510226e+00  2.25093993e+00  2.25709585e+00
  2.28546493e+00  2.32282205e+00  2.51139885e+00  2.52374691e+00
  2.62361891e+00  2.65622351e+00  2.66149094e+00  2.69083953e+00
  2.73659569e+00  2.74391204e+00  2.99730110e+00  3.37415188e+00]
nelec by numeric integration = 68.0000530670276
    CPU time for vxc      5.77 sec, wall time      0.21 sec
E1 = -1775.5096104060588  Ecoul = 718.7840726077268  Exc = -70.46844010817529
cycle= 5 E= -748.089964603778  delta_E= -0.00049  |g|= 0.0264  |ddm|= 0.0526
    CPU time for cycle= 5      6.27 sec, wall time      0.22 sec
  HOMO = -0.20957072689035  LUMO = -0.066844333789153
  mo_energy =
[-1.01406176e+02 -1.43903054e+01 -1.02629597e+01 -1.02627458e+01
 -1.02421660e+01 -1.02335607e+01 -1.02334922e+01 -1.02313862e+01
 -9.33585660e+00 -7.09660084e+00 -7.09084515e+00 -7.09080837e+00
 -9.99707828e-01 -8.46804011e-01 -8.10049466e-01 -7.25562756e-01
 -6.79845542e-01 -6.72057521e-01 -6.53528907e-01 -5.69693739e-01
 -5.26960392e-01 -5.11931543e-01 -4.77330905e-01 -4.59416044e-01
 -4.47564528e-01 -4.35787694e-01 -4.27943505e-01 -4.10645198e-01
 -3.46213562e-01 -3.30081291e-01 -3.05842718e-01 -2.27218902e-01
 -2.09816464e-01 -2.09570727e-01 -6.68443338e-02 -5.17520097e-02
  1.09917364e-02  7.09292471e-02  9.72893860e-02  1.04913774e-01
  1.04963621e-01  1.28454700e-01  1.40359138e-01  1.53213664e-01
  1.76748579e-01  1.91218266e-01  2.36480100e-01  2.56175318e-01
  2.83339744e-01  2.91086973e-01  3.94681196e-01  4.22659848e-01
  4.67528160e-01  4.69489314e-01  5.00109032e-01  5.07317586e-01
  5.24428160e-01  5.41960113e-01  5.42010330e-01  5.50636934e-01
  5.56990776e-01  5.65766510e-01  5.69251946e-01  5.90081572e-01
  5.92307561e-01  5.92565333e-01  6.22942381e-01  6.25969676e-01
  6.64621376e-01  7.05109720e-01  7.38847448e-01  7.84283969e-01
  7.89698599e-01  7.97945546e-01  8.18584394e-01  8.23979495e-01
  8.83274766e-01  8.86699716e-01  9.05959883e-01  9.14980617e-01
  9.25052304e-01  9.75933341e-01  9.81753617e-01  9.96809957e-01
  1.00612147e+00  1.00976546e+00  1.01266327e+00  1.04606296e+00
  1.06393718e+00  1.10687758e+00  1.13587215e+00  1.16379607e+00
  1.20637023e+00  1.33206579e+00  1.34946859e+00  1.36256953e+00
  1.41631090e+00  1.43155128e+00  1.43783832e+00  1.46169666e+00
  1.46454843e+00  1.46561660e+00  1.67718958e+00  1.71218007e+00
  1.73234637e+00  1.74953933e+00  1.79509692e+00  1.84501215e+00
  1.90075286e+00  1.91914049e+00  2.02574542e+00  2.09958053e+00
  2.10788520e+00  2.12697305e+00  2.13399656e+00  2.15167084e+00
  2.22659601e+00  2.24773250e+00  2.25409438e+00  2.25923833e+00
  2.28708781e+00  2.32437080e+00  2.51298878e+00  2.52581240e+00
  2.62553449e+00  2.65782465e+00  2.66324981e+00  2.69286867e+00
  2.73841681e+00  2.74554198e+00  2.99887825e+00  3.37598695e+00]
nelec by numeric integration = 68.00005319707603
    CPU time for vxc      5.76 sec, wall time      0.21 sec
E1 = -1775.499677914188  Ecoul = 718.7742921991581  Exc = -70.46877763847499
cycle= 6 E= -748.090150050775  delta_E= -0.000185  |g|= 0.00442  |ddm|= 0.0261
    CPU time for cycle= 6      6.30 sec, wall time      0.22 sec
  HOMO = -0.209757182947846  LUMO = -0.0661497528679579
  mo_energy =
[-1.01405179e+02 -1.43886156e+01 -1.02615683e+01 -1.02613745e+01
 -1.02415197e+01 -1.02329777e+01 -1.02329002e+01 -1.02324461e+01
 -9.33525458e+00 -7.09596467e+00 -7.09019275e+00 -7.09017174e+00
 -9.98799502e-01 -8.46279030e-01 -8.09277835e-01 -7.25881323e-01
 -6.79119456e-01 -6.71547529e-01 -6.53467132e-01 -5.69136887e-01
 -5.26204570e-01 -5.11381803e-01 -4.76749784e-01 -4.59077062e-01
 -4.47069482e-01 -4.36118464e-01 -4.27911313e-01 -4.10067669e-01
 -3.45722555e-01 -3.29504516e-01 -3.05183634e-01 -2.27196479e-01
 -2.09995873e-01 -2.09757183e-01 -6.61497529e-02 -5.11270844e-02
  1.08683929e-02  7.11907852e-02  9.73766311e-02  1.05279047e-01
  1.05567933e-01  1.28798256e-01  1.40634843e-01  1.53459775e-01
  1.76540969e-01  1.91325234e-01  2.36874144e-01  2.56665107e-01
  2.83957814e-01  2.91610497e-01  3.95048040e-01  4.23171292e-01
  4.67431089e-01  4.69985929e-01  5.00667202e-01  5.07298033e-01
  5.24315197e-01  5.42066917e-01  5.42606134e-01  5.51152180e-01
  5.57462960e-01  5.66147214e-01  5.69772498e-01  5.90406547e-01
  5.92292034e-01  5.92768038e-01  6.23238639e-01  6.26466445e-01
  6.64962444e-01  7.05301347e-01  7.38874484e-01  7.84722235e-01
  7.90109538e-01  7.98327651e-01  8.19053898e-01  8.24615683e-01
  8.83660543e-01  8.87194700e-01  9.06182824e-01  9.14679900e-01
  9.24914528e-01  9.76235749e-01  9.82119521e-01  9.96688338e-01
  1.00615008e+00  1.00970247e+00  1.01277321e+00  1.04631334e+00
  1.06414112e+00  1.10730435e+00  1.13628126e+00  1.16423896e+00
  1.20708569e+00  1.33269513e+00  1.34948048e+00  1.36292325e+00
  1.41682042e+00  1.43214875e+00  1.43846186e+00  1.46232246e+00
  1.46534005e+00  1.46596150e+00  1.67784894e+00  1.71224280e+00
  1.73198141e+00  1.75012265e+00  1.79563009e+00  1.84523594e+00
  1.90125560e+00  1.91979901e+00  2.02635647e+00  2.10024381e+00
  2.10846485e+00  2.12753859e+00  2.13478832e+00  2.15228645e+00
  2.22624307e+00  2.24775074e+00  2.25372345e+00  2.25992894e+00
  2.28776369e+00  2.32509686e+00  2.51366817e+00  2.52643899e+00
  2.62615680e+00  2.65864103e+00  2.66397766e+00  2.69364633e+00
  2.73917198e+00  2.74621727e+00  2.99971699e+00  3.37677109e+00]
nelec by numeric integration = 68.00005326379843
    CPU time for vxc      6.04 sec, wall time      0.22 sec
E1 = -1775.472548563729  Ecoul = 718.7450829632705  Exc = -70.46670203617307
cycle= 7 E= -748.090154333902  delta_E= -4.28e-06  |g|= 0.0017  |ddm|= 0.00584
    CPU time for cycle= 7      6.64 sec, wall time      0.24 sec
  HOMO = -0.209906887506293  LUMO = -0.0661610235295092
  mo_energy =
[-1.01405287e+02 -1.43886553e+01 -1.02620922e+01 -1.02618772e+01
 -1.02414555e+01 -1.02328119e+01 -1.02327425e+01 -1.02319939e+01
 -9.33538274e+00 -7.09609286e+00 -7.09031480e+00 -7.09030000e+00
 -9.98941051e-01 -8.46226119e-01 -8.09359345e-01 -7.25815129e-01
 -6.79136497e-01 -6.71580871e-01 -6.53506576e-01 -5.69137881e-01
 -5.26239376e-01 -5.11333086e-01 -4.76784188e-01 -4.59064293e-01
 -4.47022063e-01 -4.35985412e-01 -4.27846754e-01 -4.10037828e-01
 -3.45725449e-01 -3.29460727e-01 -3.05233112e-01 -2.27276139e-01
 -2.10145989e-01 -2.09906888e-01 -6.61610235e-02 -5.11571072e-02
  1.09379208e-02  7.12666307e-02  9.74163303e-02  1.05301530e-01
  1.05569315e-01  1.28827689e-01  1.40692402e-01  1.53526211e-01
  1.76601058e-01  1.91355119e-01  2.36886956e-01  2.56703647e-01
  2.83943769e-01  2.91617565e-01  3.95086024e-01  4.23147048e-01
  4.67280415e-01  4.69952069e-01  5.00676737e-01  5.07319495e-01
  5.24233493e-01  5.41993902e-01  5.42554412e-01  5.51143638e-01
  5.57430840e-01  5.66218457e-01  5.69781606e-01  5.90411708e-01
  5.92222369e-01  5.92781930e-01  6.23208065e-01  6.26455569e-01
  6.65022609e-01  7.05274372e-01  7.38865550e-01  7.84682477e-01
  7.90087306e-01  7.98423483e-01  8.19092648e-01  8.24598078e-01
  8.83731653e-01  8.87239334e-01  9.06202393e-01  9.14769469e-01
  9.24966842e-01  9.76242504e-01  9.82066338e-01  9.96534386e-01
  1.00608704e+00  1.00956622e+00  1.01270287e+00  1.04631473e+00
  1.06416823e+00  1.10731871e+00  1.13634101e+00  1.16426710e+00
  1.20705120e+00  1.33266422e+00  1.34944389e+00  1.36294112e+00
  1.41682718e+00  1.43218210e+00  1.43845444e+00  1.46230743e+00
  1.46522810e+00  1.46597473e+00  1.67783117e+00  1.71232506e+00
  1.73215090e+00  1.75008952e+00  1.79565722e+00  1.84531929e+00
  1.90130867e+00  1.91975078e+00  2.02632988e+00  2.10019964e+00
  2.10846827e+00  2.12756933e+00  2.13469456e+00  2.15225805e+00
  2.22640494e+00  2.24784932e+00  2.25388468e+00  2.25988268e+00
  2.28778556e+00  2.32503460e+00  2.51362972e+00  2.52640390e+00
  2.62614948e+00  2.65859294e+00  2.66395497e+00  2.69359165e+00
  2.73911620e+00  2.74622663e+00  2.99964779e+00  3.37673709e+00]
nelec by numeric integration = 68.00005326014156
    CPU time for vxc      5.90 sec, wall time      0.21 sec
E1 = -1775.4768914315607  Ecoul = 718.7495924316185  Exc = -70.46686937367798
cycle= 8 E= -748.09015507089  delta_E= -7.37e-07  |g|= 0.000555  |ddm|= 0.00201
    CPU time for cycle= 8      6.44 sec, wall time      0.23 sec
  HOMO = -0.209838446882124  LUMO = -0.0661684795116424
  mo_energy =
[-1.01405053e+02 -1.43886540e+01 -1.02619937e+01 -1.02617896e+01
 -1.02415641e+01 -1.02328826e+01 -1.02328059e+01 -1.02320370e+01
 -9.33518933e+00 -7.09589349e+00 -7.09011746e+00 -7.09010516e+00
 -9.98901134e-01 -8.46255776e-01 -8.09340872e-01 -7.25794864e-01
 -6.79138581e-01 -6.71570597e-01 -6.53470291e-01 -5.69139791e-01
 -5.26242793e-01 -5.11348247e-01 -4.76773798e-01 -4.59054868e-01
 -4.47046357e-01 -4.35996686e-01 -4.27848943e-01 -4.10053930e-01
 -3.45720555e-01 -3.29478668e-01 -3.05219348e-01 -2.27224277e-01
 -2.10078812e-01 -2.09838447e-01 -6.61684795e-02 -5.11521344e-02
  1.09494817e-02  7.12519477e-02  9.74153654e-02  1.05305321e-01
  1.05563628e-01  1.28828209e-01  1.40685585e-01  1.53515586e-01
  1.76597851e-01  1.91358404e-01  2.36887308e-01  2.56693005e-01
  2.83947464e-01  2.91615417e-01  3.95082382e-01  4.23158322e-01
  4.67314596e-01  4.69966018e-01  5.00672016e-01  5.07322970e-01
  5.24267446e-01  5.42014762e-01  5.42571938e-01  5.51151051e-01
  5.57436902e-01  5.66195021e-01  5.69773943e-01  5.90412382e-01
  5.92256748e-01  5.92779928e-01  6.23227918e-01  6.26461793e-01
  6.65007298e-01  7.05293811e-01  7.38885208e-01  7.84700465e-01
  7.90099424e-01  7.98384813e-01  8.19083180e-01  8.24614568e-01
  8.83709450e-01  8.87222695e-01  9.06211625e-01  9.14772251e-01
  9.24978590e-01  9.76254876e-01  9.82095567e-01  9.96614320e-01
  1.00612891e+00  1.00964366e+00  1.01275470e+00  1.04632974e+00
  1.06417432e+00  1.10732090e+00  1.13632647e+00  1.16426275e+00
  1.20705264e+00  1.33266727e+00  1.34948269e+00  1.36294766e+00
  1.41683414e+00  1.43216101e+00  1.43844627e+00  1.46230736e+00
  1.46525781e+00  1.46597990e+00  1.67783634e+00  1.71231832e+00
  1.73213759e+00  1.75010398e+00  1.79564440e+00  1.84529907e+00
  1.90128472e+00  1.91975992e+00  2.02632610e+00  2.10020724e+00
  2.10846127e+00  2.12754998e+00  2.13471668e+00  2.15226621e+00
  2.22639003e+00  2.24784450e+00  2.25387190e+00  2.25989168e+00
  2.28776556e+00  2.32504931e+00  2.51363359e+00  2.52640843e+00
  2.62614154e+00  2.65859811e+00  2.66394740e+00  2.69359501e+00
  2.73912182e+00  2.74620794e+00  2.99965497e+00  3.37673222e+00]
nelec by numeric integration = 68.00005326014815
    CPU time for vxc      5.82 sec, wall time      0.21 sec
E1 = -1775.4743921532374  Ecoul = 718.7469697509663  Exc = -70.46674604701863
cycle= 9 E= -748.09015514656  delta_E= -7.57e-08  |g|= 0.000162  |ddm|= 0.000698
    CPU time for cycle= 9      6.33 sec, wall time      0.23 sec
  HOMO = -0.209870560367539  LUMO = -0.0661584784505807
  mo_energy =
[-1.01405153e+02 -1.43886514e+01 -1.02619947e+01 -1.02617856e+01
 -1.02415089e+01 -1.02328666e+01 -1.02327949e+01 -1.02320729e+01
 -9.33526811e+00 -7.09597416e+00 -7.09019824e+00 -7.09018606e+00
 -9.98896674e-01 -8.46237821e-01 -8.09335797e-01 -7.25818691e-01
 -6.79131618e-01 -6.71571638e-01 -6.53491143e-01 -5.69132715e-01
 -5.26233289e-01 -5.11344932e-01 -4.76770840e-01 -4.59058301e-01
 -4.47033312e-01 -4.36011858e-01 -4.27855337e-01 -4.10045169e-01
 -3.45726374e-01 -3.29464960e-01 -3.05213928e-01 -2.27249617e-01
 -2.10111450e-01 -2.09870560e-01 -6.61584785e-02 -5.11466457e-02
  1.09295552e-02  7.12555031e-02  9.74110062e-02  1.05305018e-01
  1.05571598e-01  1.28830324e-01  1.40685684e-01  1.53518161e-01
  1.76588050e-01  1.91353258e-01  2.36891703e-01  2.56701698e-01
  2.83951990e-01  2.91619440e-01  3.95084049e-01  4.23163620e-01
  4.67295528e-01  4.69969720e-01  5.00678503e-01  5.07314813e-01
  5.24247874e-01  5.42004484e-01  5.42574469e-01  5.51155480e-01
  5.57445885e-01  5.66203912e-01  5.69781775e-01  5.90411577e-01
  5.92240457e-01  5.92780993e-01  6.23220471e-01  6.26465699e-01
  6.65013640e-01  7.05284352e-01  7.38870698e-01  7.84697640e-01
  7.90098571e-01  7.98400950e-01  8.19086396e-01  8.24612200e-01
  8.83717517e-01  8.87231800e-01  9.06206312e-01  9.14755214e-01
  9.24963378e-01  9.76249322e-01  9.82084171e-01  9.96575354e-01
  1.00610679e+00  1.00960796e+00  1.01273268e+00  1.04632135e+00
  1.06416774e+00  1.10732164e+00  1.13633314e+00  1.16426693e+00
  1.20706218e+00  1.33267567e+00  1.34946122e+00  1.36294713e+00
  1.41683710e+00  1.43217403e+00  1.43845775e+00  1.46231365e+00
  1.46526181e+00  1.46597626e+00  1.67784148e+00  1.71231097e+00
  1.73211892e+00  1.75010328e+00  1.79565509e+00  1.84530187e+00
  1.90129788e+00  1.91976537e+00  2.02633802e+00  2.10021481e+00
  2.10846944e+00  2.12756347e+00  2.13472159e+00  2.15227043e+00
  2.22637498e+00  2.24783427e+00  2.25385517e+00  2.25989663e+00
  2.28777904e+00  2.32505430e+00  2.51364210e+00  2.52641649e+00
  2.62615267e+00  2.65860452e+00  2.66395630e+00  2.69360171e+00
  2.73912955e+00  2.74622136e+00  2.99966109e+00  3.37674058e+00]
nelec by numeric integration = 68.00005326088399
    CPU time for vxc      5.67 sec, wall time      0.20 sec
E1 = -1775.4750169705032  Ecoul = 718.747641719272  Exc = -70.46679320555845
cycle= 10 E= -748.09015515406  delta_E= -7.5e-09  |g|= 3.63e-05  |ddm|= 0.000238
    CPU time for cycle= 10      6.16 sec, wall time      0.22 sec
  HOMO = -0.209866638041136  LUMO = -0.0661648512366066
  mo_energy =
[-1.01405159e+02 -1.43886620e+01 -1.02619954e+01 -1.02617892e+01
 -1.02415276e+01 -1.02328708e+01 -1.02327959e+01 -1.02320706e+01
 -9.33527029e+00 -7.09597663e+00 -7.09020100e+00 -7.09018856e+00
 -9.98902699e-01 -8.46245547e-01 -8.09340064e-01 -7.25818561e-01
 -6.79136839e-01 -6.71575254e-01 -6.53490864e-01 -5.69137896e-01
 -5.26239122e-01 -5.11348625e-01 -4.76774389e-01 -4.59061844e-01
 -4.47040487e-01 -4.36012942e-01 -4.27858193e-01 -4.10050518e-01
 -3.45729603e-01 -3.29472224e-01 -3.05218021e-01 -2.27248842e-01
 -2.10107712e-01 -2.09866638e-01 -6.61648512e-02 -5.11508854e-02
  1.09296800e-02  7.12516781e-02  9.74095740e-02  1.05302657e-01
  1.05566363e-01  1.28826797e-01  1.40683151e-01  1.53514799e-01
  1.76587327e-01  1.91351451e-01  2.36887169e-01  2.56696531e-01
  2.83947720e-01  2.91615299e-01  3.95080439e-01  4.23159363e-01
  4.67299908e-01  4.69965825e-01  5.00673503e-01  5.07313415e-01
  5.24249508e-01  5.42004388e-01  5.42570676e-01  5.51151874e-01
  5.57440676e-01  5.66198828e-01  5.69776845e-01  5.90408527e-01
  5.92240841e-01  5.92777585e-01  6.23218269e-01  6.26462062e-01
  6.65009341e-01  7.05283251e-01  7.38870491e-01  7.84695706e-01
  7.90095592e-01  7.98393956e-01  8.19083267e-01  8.24607908e-01
  8.83712669e-01  8.87226487e-01  9.06203802e-01  9.14754906e-01
  9.24962552e-01  9.76246521e-01  9.82082532e-01  9.96578909e-01
  1.00610734e+00  1.00961091e+00  1.01273315e+00  1.04631963e+00
  1.06416564e+00  1.10731796e+00  1.13632848e+00  1.16426281e+00
  1.20705635e+00  1.33267020e+00  1.34946132e+00  1.36294304e+00
  1.41683297e+00  1.43216739e+00  1.43845183e+00  1.46230765e+00
  1.46525749e+00  1.46597281e+00  1.67783620e+00  1.71230810e+00
  1.73211778e+00  1.75009920e+00  1.79564913e+00  1.84529714e+00
  1.90129131e+00  1.91976109e+00  2.02633197e+00  2.10020996e+00
  2.10846430e+00  2.12755643e+00  2.13471689e+00  2.15226535e+00
  2.22637380e+00  2.24783178e+00  2.25385430e+00  2.25989258e+00
  2.28777175e+00  2.32504896e+00  2.51363605e+00  2.52641167e+00
  2.62614662e+00  2.65859916e+00  2.66395066e+00  2.69359700e+00
  2.73912433e+00  2.74621438e+00  2.99965589e+00  3.37673510e+00]
nelec by numeric integration = 68.00005326081211
    CPU time for vxc      5.68 sec, wall time      0.20 sec
E1 = -1775.4751674650008  Ecoul = 718.7478035804319  Exc = -70.46680457253024
cycle= 11 E= -748.090155154369  delta_E= -3.1e-10  |g|= 1.4e-05  |ddm|= 4.52e-05
    CPU time for cycle= 11      6.17 sec, wall time      0.22 sec
  HOMO = -0.209865437678757  LUMO = -0.0661636548791044
  mo_energy =
[-1.01405155e+02 -1.43886603e+01 -1.02619943e+01 -1.02617842e+01
 -1.02415191e+01 -1.02328747e+01 -1.02328042e+01 -1.02320697e+01
 -9.33526730e+00 -7.09597358e+00 -7.09019792e+00 -7.09018546e+00
 -9.98901738e-01 -8.46245028e-01 -8.09340248e-01 -7.25817357e-01
 -6.79136579e-01 -6.71574378e-01 -6.53489982e-01 -5.69136895e-01
 -5.26238642e-01 -5.11349257e-01 -4.76774694e-01 -4.59061129e-01
 -4.47038765e-01 -4.36012291e-01 -4.27857581e-01 -4.10050326e-01
 -3.45729007e-01 -3.29471315e-01 -3.05218488e-01 -2.27247849e-01
 -2.10106536e-01 -2.09865438e-01 -6.61636549e-02 -5.11512354e-02
  1.09306725e-02  7.12520082e-02  9.74099558e-02  1.05302653e-01
  1.05566656e-01  1.28827721e-01  1.40682899e-01  1.53515308e-01
  1.76587982e-01  1.91351935e-01  2.36887736e-01  2.56697024e-01
  2.83947641e-01  2.91615658e-01  3.95080926e-01  4.23159025e-01
  4.67300087e-01  4.69966155e-01  5.00674008e-01  5.07314038e-01
  5.24250367e-01  5.42005293e-01  5.42570950e-01  5.51151428e-01
  5.57441278e-01  5.66198876e-01  5.69777362e-01  5.90409263e-01
  5.92241766e-01  5.92778789e-01  6.23219083e-01  6.26462043e-01
  6.65009205e-01  7.05284075e-01  7.38871201e-01  7.84695358e-01
  7.90096405e-01  7.98395242e-01  8.19082418e-01  8.24608753e-01
  8.83712903e-01  8.87226850e-01  9.06204606e-01  9.14755720e-01
  9.24963478e-01  9.76247534e-01  9.82083247e-01  9.96580342e-01
  1.00610838e+00  1.00961219e+00  1.01273393e+00  1.04631994e+00
  1.06416619e+00  1.10731860e+00  1.13632855e+00  1.16426255e+00
  1.20705669e+00  1.33267045e+00  1.34946242e+00  1.36294371e+00
  1.41683332e+00  1.43216745e+00  1.43845229e+00  1.46230851e+00
  1.46525786e+00  1.46597340e+00  1.67783644e+00  1.71230875e+00
  1.73211864e+00  1.75009994e+00  1.79564965e+00  1.84529758e+00
  1.90129172e+00  1.91976085e+00  2.02633257e+00  2.10020972e+00
  2.10846405e+00  2.12755704e+00  2.13471748e+00  2.15226624e+00
  2.22637455e+00  2.24783279e+00  2.25385510e+00  2.25989223e+00
  2.28777276e+00  2.32504959e+00  2.51363683e+00  2.52641162e+00
  2.62614705e+00  2.65859968e+00  2.66395099e+00  2.69359700e+00
  2.73912470e+00  2.74621520e+00  2.99965660e+00  3.37673556e+00]
nelec by numeric integration = 68.00005326086026
    CPU time for vxc      5.68 sec, wall time      0.20 sec
E1 = -1775.475112271919  Ecoul = 718.7477451172847  Exc = -70.4668013024182
Extra cycle  E= -748.090155154323  delta_E= 4.68e-11  |g|= 1.93e-05  |ddm|= 2.74e-05
    CPU time for scf_cycle     91.49 sec, wall time      3.37 sec
    CPU time for SCF     91.49 sec, wall time      3.37 sec
converged SCF energy = -748.090155154323
Converting <class 'pyscf.dft.rks.RKS'> to RHF


******** <class 'pyscf.tdscf.rks.TDA'> for <class 'pyscf.dft.rks.RKS'> ********
nstates = 5 singlet
wfnsym = None
conv_tol = 1e-09
eigh lindep = 1e-12
eigh level_shift = 0
eigh max_space = 8
eigh max_cycle = 2000
chkfile = /scratch/global/yangjunjie/tmpkf_8jauh
max_memory 256000 MB (current use 604 MB)


davidson 0 5  |r|= 0.0336  e= [0.12484256 0.12517202 0.13492093 0.14017227 0.14029411]  max|de|= 0.14  lindep=    1
davidson 1 10  |r|= 0.0104  e= [0.12477079 0.12487069 0.13334437 0.14008709 0.14027495]  max|de|= -0.00158  lindep= 0.76
davidson 2 15  |r|= 0.00161  e= [0.12477069 0.12484349 0.13320237 0.14007571 0.14027459]  max|de|= -0.000142  lindep= 0.78
davidson 3 20  |r|= 0.000501  e= [0.12477069 0.12484031 0.1332003  0.14007453 0.14027456]  max|de|= -3.18e-06  lindep=  0.6
root 0 converged  |r|= 1.25e-05  e= 0.12477068718946412  max|de|= -4.16e-17
davidson 4 5  |r|= 0.000501  e= [0.12477069 0.12484031 0.1332003  0.14007453 0.14027456]  max|de|= 1.67e-16  lindep=    1
davidson 5 9  |r|= 0.00016  e= [0.12477069 0.12484009 0.13320027 0.14007435 0.14027455]  max|de|= -2.2e-07  lindep= 0.569
davidson 6 13  |r|= 5.75e-05  e= [0.12477069 0.12484007 0.13320026 0.14007431 0.14027454]  max|de|= -3.81e-08  lindep= 0.778
root 2 converged  |r|= 3.64e-06  e= 0.13320026302667043  max|de|= -2.08e-10
davidson 7 17  |r|= 2.06e-05  e= [0.12477069 0.12484006 0.13320026 0.14007431 0.14027454]  max|de|= -4.31e-09  lindep= 0.746
root 1 converged  |r|= 1.32e-05  e= 0.12484006150548334  max|de|= 9.71e-17
root 3 converged  |r|= 2.06e-05  e= 0.1400743073811795  max|de|= -8.33e-17
root 4 converged  |r|= 1.31e-05  e= 0.1402745367392186  max|de|= -1.67e-16
converged 8 5  |r|= 2.06e-05  e= [0.12477069 0.12484006 0.13320026 0.14007431 0.14027454]  max|de|= 3.33e-16
    CPU time for TDA    118.40 sec, wall time      4.37 sec
Excited State energies (eV)
[3.39518332 3.3970711  3.62456378 3.81161605 3.81706457]
