 
:: initializing oneAPI environment ...
   slurm_script: BASH_VERSION = 4.2.46(1)-release
   args: Using "$@" for setvars.sh arguments: --force
:: advisor -- latest
:: ccl -- latest
:: clck -- latest
:: compiler -- latest
:: dal -- latest
:: debugger -- latest
:: dev-utilities -- latest
:: dnnl -- latest
:: dpcpp-ct -- latest
:: dpl -- latest
:: inspector -- latest
:: intelpython -- latest
:: ipp -- latest
:: ippcp -- latest
:: ipp -- latest
:: itac -- latest
:: mkl -- latest
:: mpi -- latest
:: tbb -- latest
:: vpl -- latest
:: vtune -- latest
:: oneAPI environment initialized ::
 
SLURM_CPUS_PER_TASK = 28
SLURM_MEM_PER_NODE = 127949
#INFO: **** input file is /home/yangjunjie/work/py-ch3-cl/work/step_-23/main.py ****
import sys
import pyscf
from pyscf import tdscf

def main(xyz_file, basis="631g*", xc="b3lyp", output="ene.out"):
    xyz = None

    with open(xyz_file, "r") as xyz:
        xyz = xyz.readlines()[2:]
        xyz = "".join(xyz)

    mol = pyscf.gto.Mole()
    mol.atom = xyz
    mol.basis = basis
    mol.verbose = 5
    mol.build()

    if xc is not None and xc != "hf":
        mf = pyscf.scf.RKS(mol)
        mf.xc = xc
        mf.kernel()
    else:
        mf = pyscf.scf.RHF(mol)
        mf.kernel()

    ene_mf = mf.e_tot

    with open(output, "w") as f:
        tda = pyscf.tdscf.TDA(mf)
        tda.nstates = 5
        tda.max_space = 8
        tda.max_cycle = 2000
        tda.kernel()

        con_tda = tda.converged
        ene_tda = tda.e[:5]
        dip_tda = tda.transition_dipole()[:5]

        f.write(f"RKS energy: {ene_mf: 12.8f}\n")
        f.write("TDA results:\n")
        for i, (con, ene, dip) in enumerate(zip(con_tda, ene_tda, dip_tda)):
            f.write(f" {i:2d} {con} {ene: 12.8f} {dip[0]: 12.8f} {dip[1]: 12.8f} {dip[2]: 12.8f}\n")

        # rpa = pyscf.tdscf.RPA(mf)
        # rpa.nstates = 5
        # rpa.max_space = 8
        # rpa.max_cycle = 2000
        # rpa.kernel()

        # con_rpa = rpa.converged
        # ene_rpa = rpa.e[:5]
        # dip_rpa = rpa.transition_dipole()[:5]
        
        # f.write("\nRPA results:\n")
        # for i, (con, ene, dip) in enumerate(zip(con_rpa, ene_rpa, dip_rpa)):
        #     f.write(f" {i:2d} {con} {ene: 12.8f} {dip[0]: 12.8f} {dip[1]: 12.8f} {dip[2]: 12.8f}\n")

if __name__ == "__main__":
    xyz = sys.argv[1]
    main(xyz, basis="631g*", xc="b3lyp", output="out.log")
#INFO: ******************** input file end ********************


System: uname_result(system='Linux', node='pauling037', release='3.10.0-327.36.3.el7.x86_64', version='#1 SMP Thu Oct 20 04:56:07 EDT 2016', machine='x86_64')  Threads 28
Python 3.9.7 (default, Oct 27 2021, 01:23:21) 
[GCC 9.3.0]
numpy 1.21.2  scipy 1.6.2
Date: Tue Sep 27 23:37:08 2022
PySCF version 2.0.1
PySCF path  /home/yangjunjie/packages/pyscf/pyscf-main
GIT ORIG_HEAD 14b880cdc4bf7bb64f3989a147c0b04622efc498
GIT HEAD (branch master) 9d5b5bd309d1cc55fbd1a0ec76e26b5b0c7f76af

[ENV] PYSCF_MAX_MEMORY 127949
[ENV] PYSCF_TMPDIR /scratch/global/yangjunjie/
[CONFIG] conf_file /home/yangjunjie/.pyscf_conf.py
[INPUT] verbose = 5
[INPUT] max_memory = 127949 
[INPUT] num. atoms = 16
[INPUT] num. electrons = 68
[INPUT] charge = 0
[INPUT] spin (= nelec alpha-beta = 2S) = 0
[INPUT] symmetry False subgroup None
[INPUT] Mole.unit = angstrom
[INPUT]  1 C      0.000000010000   1.179246480000   1.183683970000 AA    0.000000018897   2.228452880557   2.236838521338 Bohr
[INPUT]  2 C      0.000000000000   1.183337150000   2.576712950000 AA    0.000000000000   2.236183126523   4.869281777120 Bohr
[INPUT]  3 C     -0.000000010000  -0.014432660000   3.268033870000 AA   -0.000000018897  -0.027273774649   6.175688980102 Bohr
[INPUT]  4 C     -0.000000010000  -1.196233920000   2.550299620000 AA   -0.000000018897  -2.260554489715   4.819367817382 Bohr
[INPUT]  5 C      0.000000000000  -1.161977960000   1.161450790000 AA    0.000000000000  -2.195820107181   2.194823900260 Bohr
[INPUT]  6 N      0.000000010000   0.015289510000   0.481529980000 AA    0.000000018897   0.028892986479   0.909959782967 Bohr
[INPUT]  7 C      0.000000010000   0.003855770000  -2.267348060000 AA    0.000000018897   0.007286349299  -4.284666862464 Bohr
[INPUT]  8 H      0.000000020000   2.060115510000   0.606876160000 AA    0.000000037795   3.893054098869   1.146829733928 Bohr
[INPUT]  9 H      0.000000000000   2.147045160000   3.093293680000 AA    0.000000000000   4.057327329473   5.845477878048 Bohr
[INPUT] 10 H     -0.000000020000  -0.025280210000   4.354542280000 AA   -0.000000037795  -0.047772673271   8.228892307039 Bohr
[INPUT] 11 H     -0.000000020000  -2.171020350000   3.048306840000 AA   -0.000000037795  -4.102633872357   5.760465071238 Bohr
[INPUT] 12 H      0.000000000000  -2.032421290000   0.562382780000 AA    0.000000000000  -3.840719607835   1.062749431372 Bohr
[INPUT] 13 H     -0.000000030000   1.037293630000  -1.934497430000 AA   -0.000000056692   1.960200871456  -3.655670331375 Bohr
[INPUT] 14 H     -0.890493050000  -0.501383200000  -1.914526440000 AA   -1.682787980329  -0.947476931458  -3.617930629839 Bohr
[INPUT] 15 H      0.890493070000  -0.501383150000  -1.914526450000 AA    1.682788018123  -0.947476836972  -3.617930648736 Bohr
[INPUT] 16 Cl    -0.000000010000  -0.013787870000  -4.082469030000 AA   -0.000000018897  -0.026055298141  -7.714748378719 Bohr
[INPUT] ---------------- BASIS SET ---------------- 
[INPUT] l, kappa, [nprim/nctr], expnt,             c_1 c_2 ...
[INPUT] C
[INPUT] 0    0    [6    /1   ]  3047.5249         0.0018347
                                457.36951         0.0140373
                                103.94869         0.0688426
                                29.210155         0.2321844
                                9.286663          0.4679413
                                3.163927          0.362312
[INPUT] 0    0    [3    /1   ]  7.8682724         -0.1193324
                                1.8812885         -0.1608542
                                0.5442493         1.1434564
[INPUT] 0    0    [1    /1   ]  0.1687144            1
[INPUT] 1    0    [3    /1   ]  7.8682724         0.0689991
                                1.8812885         0.316424
                                0.5442493         0.7443083
[INPUT] 1    0    [1    /1   ]  0.1687144            1
[INPUT] 2    0    [1    /1   ]  0.8                  1
[INPUT] H
[INPUT] 0    0    [3    /1   ]  18.731137         0.0334946
                                2.8253937         0.23472695
                                0.6401217         0.81375733
[INPUT] 0    0    [1    /1   ]  0.1612778            1
[INPUT] N
[INPUT] 0    0    [6    /1   ]  4173.511          0.0018348
                                627.4579          0.013995
                                142.9021          0.068587
                                40.23433          0.232241
                                12.82021          0.46907
                                4.390437          0.360455
[INPUT] 0    0    [3    /1   ]  11.626358         -0.114961
                                2.71628           -0.169118
                                0.772218          1.145852
[INPUT] 0    0    [1    /1   ]  0.2120313            1
[INPUT] 1    0    [3    /1   ]  11.626358         0.06758
                                2.71628           0.323907
                                0.772218          0.740895
[INPUT] 1    0    [1    /1   ]  0.2120313            1
[INPUT] 2    0    [1    /1   ]  0.8                  1
[INPUT] Cl
[INPUT] 0    0    [6    /1   ]  25180.1           0.001833
                                3780.35           0.014034
                                860.474           0.069097
                                242.145           0.237452
                                77.3349           0.483034
                                26.247            0.339856
[INPUT] 0    0    [6    /1   ]  491.765           -0.0022974
                                116.984           -0.030714
                                37.4153           -0.112528
                                13.7834           0.045016
                                5.45215           0.589353
                                2.22588           0.465206
[INPUT] 0    0    [3    /1   ]  3.18649           -0.25183
                                1.14427           0.061589
                                0.420377          1.06018
[INPUT] 0    0    [1    /1   ]  0.142657             1
[INPUT] 1    0    [6    /1   ]  491.765           0.0039894
                                116.984           0.030318
                                37.4153           0.12988
                                13.7834           0.327951
                                5.45215           0.453527
                                2.22588           0.252154
[INPUT] 1    0    [3    /1   ]  3.18649           -0.014299
                                1.14427           0.323572
                                0.420377          0.743507
[INPUT] 1    0    [1    /1   ]  0.142657             1
[INPUT] 2    0    [1    /1   ]  0.75                 1

nuclear repulsion = 371.185044611135
number of shells = 66
number of NR pGTOs = 272
number of NR cGTOs = 132
basis = 631g*
ecp = {}
CPU time:         0.34


******** <class 'pyscf.dft.rks.RKS'> ********
method = RKS
initial guess = minao
damping factor = 0
level_shift factor = 0
DIIS = <class 'pyscf.scf.diis.CDIIS'>
diis_start_cycle = 1
diis_space = 8
SCF conv_tol = 1e-09
SCF conv_tol_grad = None
SCF max_cycles = 50
direct_scf = True
direct_scf_tol = 1e-13
chkfile to save SCF result = /scratch/global/yangjunjie/tmpxt22rok5
max_memory 127949 MB (current use 81 MB)
XC library pyscf.dft.libxc version 5.2.0
    S. Lehtola, C. Steigemann, M. J. Oliveira, and M. A. Marques, SoftwareX 7, 1 (2018)
XC functionals = b3lyp
    P. A. M. Dirac, Math. Proc. Cambridge Philos. Soc. 26, 376 (1930)
    F. Bloch, Z. Phys. 57, 545 (1929)
    A. D. Becke, Phys. Rev. A 38, 3098 (1988)
    C. Lee, W. Yang, and R. G. Parr, Phys. Rev. B 37, 785 (1988)
    B. Miehlich, A. Savin, H. Stoll, and H. Preuss, Chem. Phys. Lett. 157, 200 (1989)
    S. H. Vosko, L. Wilk, and M. Nusair, Can. J. Phys. 58, 1200 (1980)
radial grids: 
    Treutler-Ahlrichs [JCP 102, 346 (1995); DOI:10.1063/1.469408] (M4) radial grids
    
becke partition: Becke, JCP 88, 2547 (1988); DOI:10.1063/1.454033
pruning grids: <function nwchem_prune at 0x7f933c754ee0>
grids dens level: 3
symmetrized grids: False
atomic radii adjust function: <function treutler_atomic_radii_adjust at 0x7f933c754e50>
small_rho_cutoff = 1e-07
Set gradient conv threshold to 3.16228e-05
atom C rad-grids = 75, ang-grids = [ 50  50  50  50  50  50  50  50  50  50  50  50  50  50  50  50  50  50
  50  50  50  50  50  86  86  86  86  86  86  86  86  86  86 266 266 266
 266 266 266 266 302 302 302 302 302 302 302 302 302 302 302 302 302 302
 302 302 302 302 302 302 266 266 266 266 266 266 266 266 266 266 266 266
 266 266 266]
atom N rad-grids = 75, ang-grids = [ 50  50  50  50  50  50  50  50  50  50  50  50  50  50  50  50  50  50
  50  50  50  50  50  86  86  86  86  86  86  86  86  86 266 266 266 266
 266 266 266 302 302 302 302 302 302 302 302 302 302 302 302 302 302 302
 302 302 302 302 266 266 266 266 266 266 266 266 266 266 266 266 266 266
 266 266 266]
atom H rad-grids = 50, ang-grids = [ 50  50  50  50  50  50  50  50  50  50  50  50  50  50  86  86  86  86
 266 266 266 266 302 302 302 302 302 302 302 302 302 302 302 302 302 266
 266 266 266 266 266 266 266 266 266 266 266 266 266 266]
atom Cl rad-grids = 80, ang-grids = [ 50  50  50  50  50  50  50  50  50  50  50  50  50  50  50  50  50  50
  50  50  50  50  50  50  86  86  86  86  86  86  86  86  86  86  86  86
  86 350 350 350 350 350 350 350 350 350 434 434 434 434 434 434 434 434
 434 434 434 434 434 434 434 434 434 434 350 350 350 350 350 350 350 350
 350 350 350 350 350 350 350 350]
tot grids = 196530
Drop grids 32837
    CPU time for setting up grids      3.40 sec, wall time      0.14 sec
nelec by numeric integration = 67.97614195769425
    CPU time for vxc      6.27 sec, wall time      0.22 sec
E1 = -1755.5884319885156  Ecoul = 705.776025623197  Exc = -70.35658039833605
init E= -748.98394215252
cond(S) = 6334.895551376449
    CPU time for initialize scf     17.00 sec, wall time      0.71 sec
  HOMO = -0.294466248281217  LUMO = -0.101672306288931
  mo_energy =
[-1.01597290e+02 -1.43986663e+01 -1.02929892e+01 -1.02910582e+01
 -1.02907044e+01 -1.02892527e+01 -1.02855955e+01 -1.02854038e+01
 -9.53829572e+00 -7.29419943e+00 -7.29296119e+00 -7.29296070e+00
 -1.08596954e+00 -9.36679959e-01 -9.30717117e-01 -8.85443479e-01
 -7.56753491e-01 -7.07474726e-01 -7.07012641e-01 -5.79052665e-01
 -5.26780239e-01 -5.12151568e-01 -4.73856022e-01 -4.72806879e-01
 -4.65567940e-01 -4.58206134e-01 -4.34376280e-01 -4.30091261e-01
 -3.97165440e-01 -3.43477215e-01 -3.42576537e-01 -3.23884923e-01
 -2.99705613e-01 -2.94466248e-01 -1.01672306e-01 -7.91480873e-02
 -3.54005243e-02  5.11321707e-02  6.65034016e-02  7.59907535e-02
  9.24751974e-02  1.11489551e-01  1.21727434e-01  1.23049292e-01
  1.45271056e-01  1.63622888e-01  1.90531363e-01  2.36976971e-01
  2.53162961e-01  2.61999278e-01  3.59906559e-01  3.85896800e-01
  4.01113284e-01  4.15311811e-01  4.15349701e-01  4.25689456e-01
  4.65703713e-01  4.73246291e-01  4.87263311e-01  5.00339564e-01
  5.15350792e-01  5.20514087e-01  5.41673188e-01  5.45469869e-01
  5.54506150e-01  5.54921836e-01  5.55295771e-01  6.07926527e-01
  6.14183754e-01  6.41156841e-01  6.60167319e-01  7.66657964e-01
  7.68878748e-01  7.83793938e-01  7.87736824e-01  7.96713534e-01
  7.97740937e-01  8.10248987e-01  8.30137132e-01  8.45393069e-01
  8.49382501e-01  8.64867989e-01  8.80027199e-01  8.96280007e-01
  9.03207290e-01  9.28782674e-01  9.70638382e-01  1.00312030e+00
  1.03647993e+00  1.07382454e+00  1.12094314e+00  1.13294518e+00
  1.16132809e+00  1.17725853e+00  1.31055676e+00  1.33313736e+00
  1.39500682e+00  1.40396321e+00  1.40914955e+00  1.42005929e+00
  1.43863426e+00  1.45213674e+00  1.62403010e+00  1.62545312e+00
  1.66545520e+00  1.72055761e+00  1.74635436e+00  1.75102602e+00
  1.86521608e+00  1.89800092e+00  1.97488451e+00  2.04975585e+00
  2.06192540e+00  2.08703141e+00  2.10301459e+00  2.11113307e+00
  2.13283231e+00  2.16704860e+00  2.17623573e+00  2.22134991e+00
  2.24087899e+00  2.28846744e+00  2.47618475e+00  2.48203361e+00
  2.59171311e+00  2.60298245e+00  2.61136042e+00  2.63582760e+00
  2.66651304e+00  2.68822250e+00  2.94289828e+00  3.30272550e+00]
nelec by numeric integration = 68.00002369293185
    CPU time for vxc      5.90 sec, wall time      0.21 sec
E1 = -1763.629245822254  Ecoul = 715.1573643949433  Exc = -70.79982420744099
cycle= 1 E= -748.086661023617  delta_E= 0.897  |g|= 0.372  |ddm|= 3.93
    CPU time for cycle= 1      6.40 sec, wall time      0.23 sec
  HOMO = -0.198633853674378  LUMO = 0.0093930415691954
  mo_energy =
[-1.01362489e+02 -1.42064384e+01 -1.01847414e+01 -1.01838834e+01
 -1.01524594e+01 -1.01244121e+01 -1.00955233e+01 -1.00942684e+01
 -9.31782490e+00 -7.07887227e+00 -7.06878086e+00 -7.06877406e+00
 -8.86092824e-01 -7.79549222e-01 -7.56390627e-01 -7.32117976e-01
 -6.20618135e-01 -6.01323319e-01 -5.97977206e-01 -5.13282841e-01
 -4.54583742e-01 -4.33045724e-01 -4.13054728e-01 -4.04247333e-01
 -4.02648375e-01 -3.77047352e-01 -3.58894910e-01 -3.42254825e-01
 -3.37907022e-01 -2.46135860e-01 -2.36169284e-01 -2.29874900e-01
 -2.29268946e-01 -1.98633854e-01  9.39304157e-03  1.62479901e-02
  8.18115646e-02  1.06665144e-01  1.33266983e-01  1.40458687e-01
  1.59829039e-01  1.67292501e-01  1.75520404e-01  1.84699858e-01
  1.85664436e-01  2.14559194e-01  2.69722036e-01  3.11134672e-01
  3.42542339e-01  3.47018295e-01  4.63515440e-01  4.66109227e-01
  4.79173660e-01  5.12358167e-01  5.12614728e-01  5.17665405e-01
  5.36505286e-01  5.60344815e-01  5.70312014e-01  5.88843453e-01
  5.96136618e-01  6.05292638e-01  6.13753957e-01  6.19977352e-01
  6.26948092e-01  6.33932124e-01  6.47524241e-01  6.77278355e-01
  7.06194525e-01  7.17052978e-01  7.45143567e-01  8.45806214e-01
  8.51902328e-01  8.71468153e-01  8.72779425e-01  8.80492664e-01
  9.12880730e-01  9.24381888e-01  9.33388152e-01  9.55407592e-01
  9.56722731e-01  9.73793523e-01  9.77019387e-01  1.00617364e+00
  1.01386789e+00  1.01701743e+00  1.05013969e+00  1.09108367e+00
  1.10218684e+00  1.14171210e+00  1.18030999e+00  1.23528211e+00
  1.24006827e+00  1.28813819e+00  1.41117709e+00  1.41525266e+00
  1.47636536e+00  1.48745863e+00  1.51211409e+00  1.52311484e+00
  1.53469194e+00  1.56514265e+00  1.73612722e+00  1.73732181e+00
  1.76277588e+00  1.81316157e+00  1.86284961e+00  1.86797590e+00
  1.96975623e+00  1.99984595e+00  2.09298412e+00  2.16811442e+00
  2.17159721e+00  2.19275398e+00  2.21940051e+00  2.22158299e+00
  2.24718171e+00  2.27195128e+00  2.28043528e+00  2.33013181e+00
  2.36215788e+00  2.39811919e+00  2.58696022e+00  2.58846968e+00
  2.70835192e+00  2.71981339e+00  2.74307004e+00  2.76062816e+00
  2.78387470e+00  2.82478172e+00  3.07193452e+00  3.43353031e+00]
nelec by numeric integration = 68.00002253424927
    CPU time for vxc      6.24 sec, wall time      0.22 sec
E1 = -1756.313985608378  Ecoul = 707.2688804568693  Exc = -70.2289224905472
cycle= 2 E= -748.088983030921  delta_E= -0.00232  |g|= 0.387  |ddm|= 0.951
    CPU time for cycle= 2      6.75 sec, wall time      0.24 sec
  HOMO = -0.261510623160364  LUMO = -0.034488162613641
  mo_energy =
[-1.01473021e+02 -1.43581403e+01 -1.02092182e+01 -1.02087802e+01
 -1.02057936e+01 -1.02004921e+01 -1.02003555e+01 -1.01957409e+01
 -9.40748290e+00 -7.17040562e+00 -7.16058161e+00 -7.16057248e+00
 -9.43830485e-01 -8.14747224e-01 -8.11985530e-01 -7.69260837e-01
 -6.48049512e-01 -6.37463627e-01 -6.34508117e-01 -5.38613732e-01
 -4.84048572e-01 -4.79751296e-01 -4.40373950e-01 -4.20901993e-01
 -4.18890678e-01 -4.14576150e-01 -4.01450013e-01 -3.76769068e-01
 -3.75541046e-01 -2.96263957e-01 -2.69581937e-01 -2.65855331e-01
 -2.65550656e-01 -2.61510623e-01 -3.44881626e-02 -1.65954309e-02
  5.87659350e-02  8.83938567e-02  1.23282131e-01  1.30395689e-01
  1.37472332e-01  1.48864039e-01  1.57112806e-01  1.74000361e-01
  1.78067489e-01  2.06371346e-01  2.41657726e-01  2.85159482e-01
  3.12456556e-01  3.16767787e-01  4.35649285e-01  4.42842315e-01
  4.48067740e-01  4.86369915e-01  4.86638981e-01  4.86660399e-01
  5.06988256e-01  5.26597300e-01  5.49658941e-01  5.65859590e-01
  5.70164549e-01  5.79752866e-01  5.79806364e-01  5.93993738e-01
  5.94755566e-01  6.05414548e-01  6.09253301e-01  6.49551735e-01
  6.78844709e-01  6.82654335e-01  7.18499326e-01  8.19017375e-01
  8.21649814e-01  8.42385460e-01  8.44954090e-01  8.57434850e-01
  8.86925562e-01  8.87963384e-01  9.10663729e-01  9.20680577e-01
  9.30021656e-01  9.36202522e-01  9.37362078e-01  9.79134397e-01
  9.79337284e-01  9.85618205e-01  1.01650440e+00  1.06735681e+00
  1.07955520e+00  1.11498556e+00  1.15825541e+00  1.20254267e+00
  1.20673998e+00  1.24133766e+00  1.37254175e+00  1.37923465e+00
  1.45144639e+00  1.46028182e+00  1.47009063e+00  1.47317375e+00
  1.49916923e+00  1.51435822e+00  1.71350204e+00  1.71423750e+00
  1.72108146e+00  1.77934303e+00  1.81371082e+00  1.81997982e+00
  1.92618406e+00  1.96541391e+00  2.04876858e+00  2.12282928e+00
  2.12675677e+00  2.15372083e+00  2.16929979e+00  2.17663644e+00
  2.22017845e+00  2.25390636e+00  2.26202950e+00  2.29095077e+00
  2.31095455e+00  2.35317910e+00  2.54140056e+00  2.54900786e+00
  2.66321296e+00  2.67485750e+00  2.69200018e+00  2.71710638e+00
  2.73903891e+00  2.76853377e+00  3.02308686e+00  3.38634145e+00]
nelec by numeric integration = 68.00002224691201
    CPU time for vxc      6.06 sec, wall time      0.22 sec
E1 = -1759.7714254741663  Ecoul = 710.9499392498603  Exc = -70.48972731108142
cycle= 3 E= -748.126168924253  delta_E= -0.0372  |g|= 0.0839  |ddm|= 0.472
    CPU time for cycle= 3      6.58 sec, wall time      0.24 sec
  HOMO = -0.257209631236892  LUMO = -0.0346673196192331
  mo_energy =
[-1.01494775e+02 -1.43292341e+01 -1.02295862e+01 -1.02290503e+01
 -1.02146613e+01 -1.02084700e+01 -1.02069351e+01 -1.02064949e+01
 -9.42561698e+00 -7.18879132e+00 -7.17913561e+00 -7.17912533e+00
 -9.40422397e-01 -8.21642066e-01 -8.13395374e-01 -7.74456094e-01
 -6.54230179e-01 -6.39460985e-01 -6.39014367e-01 -5.42151088e-01
 -4.86852854e-01 -4.82642235e-01 -4.45144287e-01 -4.24571232e-01
 -4.22784664e-01 -4.16632809e-01 -4.02248852e-01 -3.84099198e-01
 -3.77837984e-01 -2.95045958e-01 -2.74643345e-01 -2.73733151e-01
 -2.73293412e-01 -2.57209631e-01 -3.46673196e-02 -2.08502861e-02
  5.37651129e-02  8.70886302e-02  1.20981475e-01  1.28332972e-01
  1.35326390e-01  1.47556170e-01  1.56231631e-01  1.72342773e-01
  1.76728407e-01  2.04254092e-01  2.40667264e-01  2.83100921e-01
  3.11837701e-01  3.14156641e-01  4.28511829e-01  4.40785676e-01
  4.45069815e-01  4.80775778e-01  4.81038883e-01  4.83625872e-01
  5.03699126e-01  5.25339940e-01  5.46120900e-01  5.62154158e-01
  5.67267280e-01  5.75970837e-01  5.76661424e-01  5.91097410e-01
  5.92980482e-01  6.01652308e-01  6.08725813e-01  6.45760490e-01
  6.74191108e-01  6.81020793e-01  7.15916797e-01  8.16694124e-01
  8.19475526e-01  8.42008904e-01  8.45924134e-01  8.52223242e-01
  8.80284585e-01  8.82369829e-01  9.06028896e-01  9.18055315e-01
  9.23208253e-01  9.30095706e-01  9.31197898e-01  9.73041131e-01
  9.73182091e-01  9.80975616e-01  1.01691786e+00  1.06400024e+00
  1.07654140e+00  1.11394791e+00  1.15654119e+00  1.19988877e+00
  1.20548059e+00  1.23824467e+00  1.36931079e+00  1.38050115e+00
  1.45136284e+00  1.45958899e+00  1.46497143e+00  1.47161155e+00
  1.49421653e+00  1.51562283e+00  1.70796542e+00  1.70879547e+00
  1.72081666e+00  1.77819460e+00  1.81404547e+00  1.81662919e+00
  1.92541413e+00  1.96082532e+00  2.04420830e+00  2.12008832e+00
  2.12275163e+00  2.14904811e+00  2.16793377e+00  2.17476637e+00
  2.21468010e+00  2.24946195e+00  2.25764602e+00  2.28546566e+00
  2.31002021e+00  2.35197525e+00  2.54040179e+00  2.54452766e+00
  2.65992326e+00  2.67204545e+00  2.68980293e+00  2.71203109e+00
  2.73580038e+00  2.76805957e+00  3.02104869e+00  3.38281324e+00]
nelec by numeric integration = 68.00002258685029
    CPU time for vxc      5.92 sec, wall time      0.21 sec
E1 = -1759.9827861322067  Ecoul = 711.1744027643633  Exc = -70.50409046164471
cycle= 4 E= -748.127429218353  delta_E= -0.00126  |g|= 0.0365  |ddm|= 0.091
    CPU time for cycle= 4      6.45 sec, wall time      0.23 sec
  HOMO = -0.260504401635727  LUMO = -0.0339252271071832
  mo_energy =
[-1.01490172e+02 -1.43390135e+01 -1.02261603e+01 -1.02260617e+01
 -1.02091445e+01 -1.02089757e+01 -1.02009732e+01 -1.02008075e+01
 -9.42227236e+00 -7.18526803e+00 -7.17570052e+00 -7.17569001e+00
 -9.40777613e-01 -8.20820134e-01 -8.10681876e-01 -7.72064014e-01
 -6.54834946e-01 -6.38070497e-01 -6.37297745e-01 -5.40541842e-01
 -4.85215103e-01 -4.81084009e-01 -4.43239043e-01 -4.25521311e-01
 -4.23666162e-01 -4.15019632e-01 -4.01314876e-01 -3.83590078e-01
 -3.76315743e-01 -2.94110556e-01 -2.73153908e-01 -2.72923889e-01
 -2.71958795e-01 -2.60504402e-01 -3.39252271e-02 -1.87411577e-02
  5.38777554e-02  8.83109062e-02  1.20583016e-01  1.28685008e-01
  1.36796199e-01  1.47747116e-01  1.56981132e-01  1.71360187e-01
  1.77183754e-01  2.04148359e-01  2.41338875e-01  2.84915150e-01
  3.12360417e-01  3.15706787e-01  4.28924584e-01  4.41370524e-01
  4.46226458e-01  4.81092177e-01  4.81346239e-01  4.84323423e-01
  5.05861604e-01  5.26227524e-01  5.45814637e-01  5.62507454e-01
  5.68355972e-01  5.77999421e-01  5.78113714e-01  5.92887631e-01
  5.95087102e-01  6.03901650e-01  6.08817622e-01  6.47541945e-01
  6.74818085e-01  6.83159197e-01  7.15196570e-01  8.18702962e-01
  8.22133599e-01  8.43474101e-01  8.43634645e-01  8.53085640e-01
  8.80731921e-01  8.82371933e-01  9.06096350e-01  9.19829067e-01
  9.23907016e-01  9.30449658e-01  9.32539131e-01  9.73175836e-01
  9.73932624e-01  9.81769361e-01  1.01632514e+00  1.06427508e+00
  1.07755071e+00  1.11487944e+00  1.15847027e+00  1.19932735e+00
  1.20604736e+00  1.24025603e+00  1.37172510e+00  1.38026105e+00
  1.45028131e+00  1.45928411e+00  1.46803844e+00  1.47361462e+00
  1.49614830e+00  1.51518875e+00  1.70719475e+00  1.70807168e+00
  1.72139654e+00  1.77911509e+00  1.81448099e+00  1.81914745e+00
  1.92746729e+00  1.96316638e+00  2.04697650e+00  2.12230103e+00
  2.12511541e+00  2.15092020e+00  2.17003238e+00  2.17602814e+00
  2.21419654e+00  2.24852340e+00  2.25675732e+00  2.28795483e+00
  2.31118199e+00  2.35266646e+00  2.54149000e+00  2.54699648e+00
  2.66234891e+00  2.67320068e+00  2.69124194e+00  2.71428461e+00
  2.73722581e+00  2.76930633e+00  3.02179386e+00  3.38453349e+00]
nelec by numeric integration = 68.00002244910286
    CPU time for vxc      5.93 sec, wall time      0.21 sec
E1 = -1759.9187735482024  Ecoul = 711.1066838086987  Exc = -70.50066368015986
cycle= 5 E= -748.127708808529  delta_E= -0.00028  |g|= 0.0108  |ddm|= 0.0414
    CPU time for cycle= 5      6.53 sec, wall time      0.23 sec
  HOMO = -0.258829450614506  LUMO = -0.0333754001791694
  mo_energy =
[-1.01487583e+02 -1.43356689e+01 -1.02231686e+01 -1.02229983e+01
 -1.02108756e+01 -1.02066478e+01 -1.02023772e+01 -1.02021294e+01
 -9.42028421e+00 -7.18320809e+00 -7.17365819e+00 -7.17364759e+00
 -9.39126029e-01 -8.19912025e-01 -8.11004860e-01 -7.71373055e-01
 -6.53780333e-01 -6.37527437e-01 -6.36937589e-01 -5.40259964e-01
 -4.84679709e-01 -4.81120369e-01 -4.42713985e-01 -4.24614512e-01
 -4.22779808e-01 -4.15138823e-01 -4.00548696e-01 -3.82687610e-01
 -3.76228996e-01 -2.93873944e-01 -2.72370856e-01 -2.72202008e-01
 -2.71445072e-01 -2.58829451e-01 -3.33754002e-02 -1.83078815e-02
  5.48056013e-02  8.81500758e-02  1.21102322e-01  1.29052903e-01
  1.37154395e-01  1.47944896e-01  1.56997299e-01  1.72034213e-01
  1.77353543e-01  2.04733865e-01  2.41952475e-01  2.84821258e-01
  3.13098986e-01  3.15801589e-01  4.29590643e-01  4.41765427e-01
  4.46694548e-01  4.81661442e-01  4.81917151e-01  4.84892042e-01
  5.06102413e-01  5.26579815e-01  5.46471512e-01  5.63214727e-01
  5.69287451e-01  5.78367387e-01  5.78553644e-01  5.93110886e-01
  5.94504635e-01  6.03821165e-01  6.09364976e-01  6.47899897e-01
  6.75820075e-01  6.82793777e-01  7.16432806e-01  8.18475514e-01
  8.21316295e-01  8.43654520e-01  8.45004363e-01  8.53974493e-01
  8.81629337e-01  8.83374774e-01  9.06763518e-01  9.19766547e-01
  9.24731969e-01  9.31380432e-01  9.32864987e-01  9.74174584e-01
  9.74573167e-01  9.82389139e-01  1.01731505e+00  1.06491669e+00
  1.07793856e+00  1.11530129e+00  1.15817578e+00  1.20023126e+00
  1.20644489e+00  1.24068179e+00  1.37193187e+00  1.38074632e+00
  1.45118594e+00  1.45998334e+00  1.46801704e+00  1.47369478e+00
  1.49707730e+00  1.51634725e+00  1.70836092e+00  1.70923351e+00
  1.72207499e+00  1.77979824e+00  1.81513361e+00  1.81933017e+00
  1.92731269e+00  1.96360580e+00  2.04732861e+00  2.12261271e+00
  2.12554491e+00  2.15178967e+00  2.17000320e+00  2.17669886e+00
  2.21535484e+00  2.24959302e+00  2.25782229e+00  2.28847527e+00
  2.31150908e+00  2.35360043e+00  2.54211811e+00  2.54740102e+00
  2.66249767e+00  2.67388670e+00  2.69175286e+00  2.71485979e+00
  2.73801837e+00  2.76965288e+00  3.02270345e+00  3.38502233e+00]
nelec by numeric integration = 68.00002240827956
    CPU time for vxc      6.00 sec, wall time      0.21 sec
E1 = -1759.8574792925442  Ecoul = 711.0412794299467  Exc = -70.4965799728981
cycle= 6 E= -748.127735224361  delta_E= -2.64e-05  |g|= 0.00505  |ddm|= 0.0165
    CPU time for cycle= 6      6.60 sec, wall time      0.24 sec
  HOMO = -0.259230506377244  LUMO = -0.0334581554489478
  mo_energy =
[-1.01487569e+02 -1.43365201e+01 -1.02242718e+01 -1.02240936e+01
 -1.02099080e+01 -1.02067635e+01 -1.02019975e+01 -1.02017609e+01
 -9.42032396e+00 -7.18323830e+00 -7.17369321e+00 -7.17368259e+00
 -9.39735007e-01 -8.20071192e-01 -8.10857520e-01 -7.71617079e-01
 -6.53847025e-01 -6.37635176e-01 -6.36992812e-01 -5.40297696e-01
 -4.84826130e-01 -4.81068830e-01 -4.42926443e-01 -4.24743899e-01
 -4.22902719e-01 -4.15023680e-01 -4.00801868e-01 -3.82783311e-01
 -3.76229353e-01 -2.93885866e-01 -2.72477482e-01 -2.72331599e-01
 -2.71612098e-01 -2.59230506e-01 -3.34581554e-02 -1.84490792e-02
  5.46930875e-02  8.82614001e-02  1.21041396e-01  1.28990881e-01
  1.37102851e-01  1.47942334e-01  1.57074007e-01  1.71913035e-01
  1.77360657e-01  2.04619674e-01  2.41779872e-01  2.84905572e-01
  3.12892666e-01  3.15829370e-01  4.29562842e-01  4.41705404e-01
  4.46568929e-01  4.81561319e-01  4.81816018e-01  4.84700084e-01
  5.06031846e-01  5.26526489e-01  5.46377192e-01  5.63079350e-01
  5.68971396e-01  5.78238955e-01  5.78441364e-01  5.93098902e-01
  5.94743135e-01  6.03886328e-01  6.09267627e-01  6.47786087e-01
  6.75576687e-01  6.82967001e-01  7.16165736e-01  8.18553081e-01
  8.21660571e-01  8.43640152e-01  8.44700567e-01  8.53745701e-01
  8.81498729e-01  8.83217236e-01  9.06734581e-01  9.19869329e-01
  9.24618623e-01  9.31253643e-01  9.32850393e-01  9.74045334e-01
  9.74526393e-01  9.82291734e-01  1.01707364e+00  1.06482763e+00
  1.07786439e+00  1.11519366e+00  1.15829862e+00  1.20008020e+00
  1.20636080e+00  1.24056098e+00  1.37184764e+00  1.38066405e+00
  1.45102115e+00  1.45983509e+00  1.46804721e+00  1.47370668e+00
  1.49671868e+00  1.51599267e+00  1.70822499e+00  1.70909521e+00
  1.72187918e+00  1.77959687e+00  1.81497909e+00  1.81928175e+00
  1.92738072e+00  1.96342879e+00  2.04719742e+00  2.12252376e+00
  2.12537136e+00  2.15150333e+00  2.17004794e+00  2.17653709e+00
  2.21521688e+00  2.24946708e+00  2.25769200e+00  2.28829490e+00
  2.31149505e+00  2.35330343e+00  2.54193771e+00  2.54725367e+00
  2.66247448e+00  2.67373283e+00  2.69164750e+00  2.71469719e+00
  2.73776971e+00  2.76962285e+00  3.02247358e+00  3.38493836e+00]
nelec by numeric integration = 68.00002242815236
    CPU time for vxc      6.27 sec, wall time      0.22 sec
E1 = -1759.8712791358696  Ecoul = 711.0556076767109  Exc = -70.49711549389018
cycle= 7 E= -748.127742341914  delta_E= -7.12e-06  |g|= 0.000563  |ddm|= 0.0053
    CPU time for cycle= 7      6.83 sec, wall time      0.24 sec
  HOMO = -0.259202689731962  LUMO = -0.0334527270608323
  mo_energy =
[-1.01487818e+02 -1.43364969e+01 -1.02242079e+01 -1.02240544e+01
 -1.02100846e+01 -1.02069657e+01 -1.02018736e+01 -1.02016509e+01
 -9.42051765e+00 -7.18344009e+00 -7.17389121e+00 -7.17388059e+00
 -9.39707996e-01 -8.20159108e-01 -8.10864021e-01 -7.71572946e-01
 -6.53911188e-01 -6.37616706e-01 -6.36975464e-01 -5.40292918e-01
 -4.84806088e-01 -4.81042257e-01 -4.42890273e-01 -4.24791217e-01
 -4.22950739e-01 -4.15042661e-01 -4.00781135e-01 -3.82865481e-01
 -3.76216729e-01 -2.93889071e-01 -2.72554193e-01 -2.72377421e-01
 -2.71601497e-01 -2.59202690e-01 -3.34527271e-02 -1.84162875e-02
  5.46271957e-02  8.82510038e-02  1.21033653e-01  1.29000572e-01
  1.37121015e-01  1.47944703e-01  1.57069860e-01  1.71891570e-01
  1.77365006e-01  2.04620315e-01  2.41787950e-01  2.84910300e-01
  3.12917723e-01  3.15844156e-01  4.29491884e-01  4.41713679e-01
  4.46579025e-01  4.81506537e-01  4.81761111e-01  4.84674555e-01
  5.06047748e-01  5.26532481e-01  5.46336597e-01  5.63060128e-01
  5.68988636e-01  5.78272768e-01  5.78446801e-01  5.93086574e-01
  5.94739708e-01  6.03889394e-01  6.09269792e-01  6.47816408e-01
  6.75596531e-01  6.82969780e-01  7.16167535e-01  8.18583073e-01
  8.21639265e-01  8.43654328e-01  8.44703368e-01  8.53765015e-01
  8.81435874e-01  8.83151367e-01  9.06698830e-01  9.19865299e-01
  9.24562687e-01  9.31178409e-01  9.32831951e-01  9.73977820e-01
  9.74473272e-01  9.82280843e-01  1.01709449e+00  1.06479429e+00
  1.07787051e+00  1.11519699e+00  1.15830388e+00  1.20004350e+00
  1.20637528e+00  1.24058138e+00  1.37186835e+00  1.38066862e+00
  1.45102434e+00  1.45984596e+00  1.46805898e+00  1.47371609e+00
  1.49675964e+00  1.51601438e+00  1.70814536e+00  1.70901785e+00
  1.72190223e+00  1.77961232e+00  1.81499633e+00  1.81929890e+00
  1.92738340e+00  1.96346523e+00  2.04721788e+00  2.12254127e+00
  2.12540451e+00  2.15154185e+00  2.17005088e+00  2.17654466e+00
  2.21514077e+00  2.24940227e+00  2.25762900e+00  2.28833575e+00
  2.31149648e+00  2.35332645e+00  2.54194915e+00  2.54728486e+00
  2.66248801e+00  2.67375571e+00  2.69166809e+00  2.71473193e+00
  2.73780104e+00  2.76962816e+00  3.02249808e+00  3.38496074e+00]
nelec by numeric integration = 68.0000224303713
    CPU time for vxc      5.89 sec, wall time      0.21 sec
E1 = -1759.8730465703338  Ecoul = 711.0575344691265  Exc = -70.4972749301744
cycle= 8 E= -748.127742420247  delta_E= -7.83e-08  |g|= 0.000194  |ddm|= 0.000697
    CPU time for cycle= 8      6.41 sec, wall time      0.23 sec
  HOMO = -0.259202296835625  LUMO = -0.0334444741854292
  mo_energy =
[-1.01487831e+02 -1.43364987e+01 -1.02241973e+01 -1.02240281e+01
 -1.02100247e+01 -1.02069497e+01 -1.02019104e+01 -1.02016757e+01
 -9.42052210e+00 -7.18344675e+00 -7.17389586e+00 -7.17388525e+00
 -9.39703553e-01 -8.20152417e-01 -8.10855610e-01 -7.71573530e-01
 -6.53907011e-01 -6.37615106e-01 -6.36971197e-01 -5.40284691e-01
 -4.84802403e-01 -4.81048332e-01 -4.42891681e-01 -4.24784410e-01
 -4.22944279e-01 -4.15030456e-01 -4.00777095e-01 -3.82863373e-01
 -3.76216388e-01 -2.93880770e-01 -2.72552433e-01 -2.72376239e-01
 -2.71602028e-01 -2.59202297e-01 -3.34444742e-02 -1.84173764e-02
  5.46308158e-02  8.82536218e-02  1.21036335e-01  1.29000547e-01
  1.37123946e-01  1.47943819e-01  1.57074575e-01  1.71896117e-01
  1.77366993e-01  2.04621983e-01  2.41791911e-01  2.84914876e-01
  3.12918902e-01  3.15845089e-01  4.29485991e-01  4.41716040e-01
  4.46580686e-01  4.81507850e-01  4.81762456e-01  4.84677738e-01
  5.06051690e-01  5.26535841e-01  5.46341401e-01  5.63064493e-01
  5.68992522e-01  5.78271374e-01  5.78451066e-01  5.93097636e-01
  5.94743232e-01  6.03893869e-01  6.09271976e-01  6.47815438e-01
  6.75598974e-01  6.82972538e-01  7.16172710e-01  8.18576424e-01
  8.21649599e-01  8.43655900e-01  8.44706668e-01  8.53767244e-01
  8.81439930e-01  8.83154836e-01  9.06701897e-01  9.19869412e-01
  9.24566629e-01  9.31181894e-01  9.32834535e-01  9.73979018e-01
  9.74475249e-01  9.82284953e-01  1.01709510e+00  1.06479816e+00
  1.07787055e+00  1.11520135e+00  1.15830559e+00  1.20004528e+00
  1.20637549e+00  1.24058490e+00  1.37187194e+00  1.38067256e+00
  1.45102704e+00  1.45984803e+00  1.46806582e+00  1.47371937e+00
  1.49676099e+00  1.51601880e+00  1.70815497e+00  1.70902730e+00
  1.72190347e+00  1.77961692e+00  1.81500100e+00  1.81930310e+00
  1.92738816e+00  1.96346420e+00  2.04722334e+00  2.12254535e+00
  2.12540553e+00  2.15154325e+00  2.17005727e+00  2.17655217e+00
  2.21515016e+00  2.24941093e+00  2.25763744e+00  2.28833470e+00
  2.31150380e+00  2.35333046e+00  2.54195571e+00  2.54728671e+00
  2.66249268e+00  2.67375847e+00  2.69167169e+00  2.71473232e+00
  2.73780372e+00  2.76963568e+00  3.02250215e+00  3.38496426e+00]
nelec by numeric integration = 68.0000224296848
    CPU time for vxc      5.91 sec, wall time      0.21 sec
E1 = -1759.8727563236423  Ecoul = 711.0572310254112  Exc = -70.49726174144214
cycle= 9 E= -748.127742428539  delta_E= -8.29e-09  |g|= 4.92e-05  |ddm|= 0.000173
    CPU time for cycle= 9      6.43 sec, wall time      0.23 sec
  HOMO = -0.25920832780983  LUMO = -0.0334491979088343
  mo_energy =
[-1.01487800e+02 -1.43365069e+01 -1.02241984e+01 -1.02240400e+01
 -1.02100385e+01 -1.02069367e+01 -1.02019081e+01 -1.02016834e+01
 -9.42049621e+00 -7.18342053e+00 -7.17386946e+00 -7.17385885e+00
 -9.39708845e-01 -8.20142205e-01 -8.10860705e-01 -7.71577061e-01
 -6.53902088e-01 -6.37619255e-01 -6.36974773e-01 -5.40288269e-01
 -4.84807350e-01 -4.81050485e-01 -4.42894335e-01 -4.24782823e-01
 -4.22942413e-01 -4.15034063e-01 -4.00781149e-01 -3.82854892e-01
 -3.76220030e-01 -2.93885441e-01 -2.72541460e-01 -2.72368749e-01
 -2.71601996e-01 -2.59208328e-01 -3.34491979e-02 -1.84208090e-02
  5.46370464e-02  8.82528838e-02  1.21035764e-01  1.28999107e-01
  1.37119986e-01  1.47942878e-01  1.57072569e-01  1.71895778e-01
  1.77364693e-01  2.04621374e-01  2.41788938e-01  2.84911743e-01
  3.12915182e-01  3.15842070e-01  4.29496293e-01  4.41713475e-01
  4.46579627e-01  4.81515628e-01  4.81770251e-01  4.84680940e-01
  5.06048481e-01  5.26532543e-01  5.46343901e-01  5.63064978e-01
  5.68989423e-01  5.78268742e-01  5.78448612e-01  5.93094183e-01
  5.94740274e-01  6.03890984e-01  6.09269079e-01  6.47812699e-01
  6.75596382e-01  6.82969402e-01  7.16170158e-01  8.18574291e-01
  8.21646093e-01  8.43653377e-01  8.44703517e-01  8.53765134e-01
  8.81447359e-01  8.83162925e-01  9.06703758e-01  9.19866873e-01
  9.24573595e-01  9.31191655e-01  9.32835861e-01  9.73986845e-01
  9.74480795e-01  9.82284803e-01  1.01709168e+00  1.06479997e+00
  1.07786975e+00  1.11519850e+00  1.15830326e+00  1.20004861e+00
  1.20637294e+00  1.24058016e+00  1.37186781e+00  1.38066903e+00
  1.45102407e+00  1.45984502e+00  1.46806144e+00  1.47371445e+00
  1.49675745e+00  1.51601345e+00  1.70815921e+00  1.70903133e+00
  1.72189910e+00  1.77961321e+00  1.81499616e+00  1.81929872e+00
  1.92738424e+00  1.96346107e+00  2.04721902e+00  2.12254086e+00
  2.12540178e+00  2.15153939e+00  2.17005221e+00  2.17654735e+00
  2.21515450e+00  2.24941328e+00  2.25763973e+00  2.28833115e+00
  2.31149821e+00  2.35332574e+00  2.54195083e+00  2.54728288e+00
  2.66248824e+00  2.67375363e+00  2.69166669e+00  2.71472824e+00
  2.73779927e+00  2.76963007e+00  3.02249711e+00  3.38495951e+00]
nelec by numeric integration = 68.00002242957208
    CPU time for vxc      5.90 sec, wall time      0.21 sec
E1 = -1759.872598704369  Ecoul = 711.0570601691184  Exc = -70.497248505068
cycle= 10 E= -748.127742429184  delta_E= -6.45e-10  |g|= 1.84e-05  |ddm|= 8.46e-05
    CPU time for cycle= 10      6.41 sec, wall time      0.23 sec
  HOMO = -0.259208826052919  LUMO = -0.033448020297262
  mo_energy =
[-1.01487814e+02 -1.43365100e+01 -1.02242009e+01 -1.02240272e+01
 -1.02100331e+01 -1.02069384e+01 -1.02019152e+01 -1.02016762e+01
 -9.42050746e+00 -7.18343198e+00 -7.17388092e+00 -7.17387032e+00
 -9.39707735e-01 -8.20146766e-01 -8.10859439e-01 -7.71575463e-01
 -6.53903559e-01 -6.37617956e-01 -6.36973296e-01 -5.40286615e-01
 -4.84805848e-01 -4.81049732e-01 -4.42892882e-01 -4.24783363e-01
 -4.22943102e-01 -4.15033113e-01 -4.00779988e-01 -3.82857910e-01
 -3.76218819e-01 -2.93884485e-01 -2.72545766e-01 -2.72371638e-01
 -2.71601835e-01 -2.59208826e-01 -3.34480203e-02 -1.84194317e-02
  5.46348266e-02  8.82529410e-02  1.21035674e-01  1.28999858e-01
  1.37121213e-01  1.47942887e-01  1.57073228e-01  1.71895792e-01
  1.77366420e-01  2.04621149e-01  2.41789801e-01  2.84912818e-01
  3.12915966e-01  3.15843077e-01  4.29493482e-01  4.41714508e-01
  4.46579382e-01  4.81512570e-01  4.81767176e-01  4.84678902e-01
  5.06049779e-01  5.26533394e-01  5.46342785e-01  5.63064888e-01
  5.68991042e-01  5.78269996e-01  5.78449176e-01  5.93095755e-01
  5.94740896e-01  6.03892090e-01  6.09269455e-01  6.47813858e-01
  6.75597521e-01  6.82970209e-01  7.16171041e-01  8.18575135e-01
  8.21646855e-01  8.43654331e-01  8.44703487e-01  8.53766616e-01
  8.81444619e-01  8.83159434e-01  9.06703137e-01  9.19867632e-01
  9.24571100e-01  9.31187739e-01  9.32835132e-01  9.73983608e-01
  9.74478925e-01  9.82285089e-01  1.01709227e+00  1.06479938e+00
  1.07786985e+00  1.11519952e+00  1.15830388e+00  1.20004648e+00
  1.20637333e+00  1.24058170e+00  1.37186931e+00  1.38066934e+00
  1.45102425e+00  1.45984578e+00  1.46806324e+00  1.47371572e+00
  1.49675936e+00  1.51601429e+00  1.70815798e+00  1.70903018e+00
  1.72189989e+00  1.77961455e+00  1.81499700e+00  1.81930020e+00
  1.92738523e+00  1.96346255e+00  2.04722089e+00  2.12254232e+00
  2.12540324e+00  2.15154107e+00  2.17005348e+00  2.17654895e+00
  2.21515278e+00  2.24941282e+00  2.25763924e+00  2.28833277e+00
  2.31149946e+00  2.35332704e+00  2.54195202e+00  2.54728461e+00
  2.66248981e+00  2.67375505e+00  2.69166793e+00  2.71472990e+00
  2.73780077e+00  2.76963126e+00  3.02249850e+00  3.38496101e+00]
nelec by numeric integration = 68.0000224293642
    CPU time for vxc      5.91 sec, wall time      0.21 sec
E1 = -1759.872695955791  Ecoul = 711.0571651099848  Exc = -70.4972561943605
Extra cycle  E= -748.127742429032  delta_E= 1.52e-10  |g|= 2.94e-05  |ddm|= 4.84e-05
    CPU time for scf_cycle     88.77 sec, wall time      3.27 sec
    CPU time for SCF     88.77 sec, wall time      3.27 sec
converged SCF energy = -748.127742429032
Converting <class 'pyscf.dft.rks.RKS'> to RHF


******** <class 'pyscf.tdscf.rks.TDA'> for <class 'pyscf.dft.rks.RKS'> ********
nstates = 5 singlet
wfnsym = None
conv_tol = 1e-09
eigh lindep = 1e-12
eigh level_shift = 0
eigh max_space = 8
eigh max_cycle = 2000
chkfile = /scratch/global/yangjunjie/tmpxt22rok5
max_memory 127949 MB (current use 607 MB)


davidson 0 5  |r|= 0.191  e= [0.18058355 0.19077833 0.21989036 0.22129276 0.27437217]  max|de|= 0.274  lindep=    1
Old state -> New state
    4     ->     2 
    2     ->     3 
    3     ->     4 
davidson 1 10  |r|= 0.0544  e= [0.17762046 0.18990674 0.21569071 0.21975531 0.21993786]  max|de|= -0.0587  lindep= 0.728
davidson 2 15  |r|= 0.0195  e= [0.17749057 0.18987664 0.20957257 0.21975467 0.21981463]  max|de|= -0.00612  lindep= 0.787
davidson 3 20  |r|= 0.006  e= [0.17748708 0.18987578 0.2090984  0.21975461 0.21978696]  max|de|= -0.000474  lindep= 0.746
davidson 4 5  |r|= 0.006  e= [0.17748708 0.18987578 0.2090984  0.21975461 0.21978696]  max|de|= -2.5e-16  lindep=    1
davidson 5 10  |r|= 0.00162  e= [0.17748697 0.18987576 0.20906368 0.21975459 0.21978501]  max|de|= -3.47e-05  lindep= 0.629
davidson 6 15  |r|= 0.000743  e= [0.17748697 0.18987575 0.20905665 0.21975458 0.21978444]  max|de|= -7.03e-06  lindep=  0.7
root 0 converged  |r|= 2.78e-06  e= 0.17748696580426504  max|de|= -2e-10
root 1 converged  |r|= 1.3e-06  e= 0.18987575484855324  max|de|= -6.87e-11
davidson 7 20  |r|= 0.000417  e= [0.17748697 0.18987575 0.20905518 0.21975458 0.21978423]  max|de|= -1.47e-06  lindep= 0.84
root 3 converged  |r|= 9.81e-06  e= 0.21975457691246397  max|de|= 1.11e-16
davidson 8 5  |r|= 0.000417  e= [0.17748697 0.18987575 0.20905518 0.21975458 0.21978423]  max|de|= 2.22e-16  lindep= 0.967
davidson 9 7  |r|= 0.000144  e= [0.17748697 0.18987575 0.20905502 0.21975458 0.2197842 ]  max|de|= -1.67e-07  lindep= 0.967
davidson 10 9  |r|= 9.7e-05  e= [0.17748697 0.18987575 0.20905493 0.21975458 0.21978417]  max|de|= -8.66e-08  lindep= 0.684
davidson 11 11  |r|= 3.59e-05  e= [0.17748697 0.18987575 0.20905492 0.21975458 0.21978416]  max|de|= -1.55e-08  lindep= 0.784
davidson 12 13  |r|= 1.9e-05  e= [0.17748697 0.18987575 0.20905491 0.21975458 0.21978416]  max|de|= -2.51e-09  lindep= 0.729
root 2 converged  |r|= 5.72e-06  e= 0.20905491252131994  max|de|= -4.61e-10
root 4 converged  |r|= 6.22e-06  e= 0.21978416060604367  max|de|= -3.51e-10
converged 13 15  |r|= 9.81e-06  e= [0.17748697 0.18987575 0.20905491 0.21975458 0.21978416]  max|de|= -4.61e-10
    CPU time for TDA    161.11 sec, wall time      5.93 sec
Excited State energies (eV)
[4.82966634 5.16678246 5.68867392 5.97982662 5.98063164]
