 
:: initializing oneAPI environment ...
   slurm_script: BASH_VERSION = 4.2.46(1)-release
   args: Using "$@" for setvars.sh arguments: --force
:: advisor -- latest
:: ccl -- latest
:: clck -- latest
:: compiler -- latest
:: dal -- latest
:: debugger -- latest
:: dev-utilities -- latest
:: dnnl -- latest
:: dpcpp-ct -- latest
:: dpl -- latest
:: inspector -- latest
:: intelpython -- latest
:: ipp -- latest
:: ippcp -- latest
:: ipp -- latest
:: itac -- latest
:: mkl -- latest
:: mpi -- latest
:: tbb -- latest
:: vpl -- latest
:: vtune -- latest
:: oneAPI environment initialized ::
 
SLURM_CPUS_PER_TASK = 28
SLURM_MEM_PER_NODE = 256000
#INFO: **** input file is /home/yangjunjie/work/py-ch3-cl/work/scan-10/main.py ****
import sys
import pyscf
from pyscf import tdscf

def main(xyz_file, basis="631g*", xc="b3lyp", output="ene.out"):
    xyz = None

    with open(xyz_file, "r") as xyz:
        xyz = xyz.readlines()[2:]
        xyz = "".join(xyz)

    mol = pyscf.gto.Mole()
    mol.atom = xyz
    mol.basis = basis
    mol.verbose = 5
    mol.build()

    if xc is not None and xc != "hf":
        mf = pyscf.scf.RKS(mol)
        mf.xc = xc
        mf.grids.level = 9
        mf.kernel()
    else:
        mf = pyscf.scf.RHF(mol)
        mf.kernel()

    ene_mf = mf.e_tot

    with open(output, "w") as f:
        tda = pyscf.tdscf.TDA(mf)
        tda.nstates = 5
        tda.max_space = 8
        tda.max_cycle = 2000
        tda.kernel()

        con_tda = tda.converged
        ene_tda = tda.e[:5]
        dip_tda = tda.transition_dipole()[:5]

        f.write(f"RKS energy: {ene_mf: 12.8f}\n")
        f.write("TDA results:\n")
        for i, (con, ene, dip) in enumerate(zip(con_tda, ene_tda, dip_tda)):
            f.write(f" {i:2d} {con} {ene: 12.8f} {dip[0]: 12.8f} {dip[1]: 12.8f} {dip[2]: 12.8f}\n")

        # rpa = pyscf.tdscf.RPA(mf)
        # rpa.nstates = 5
        # rpa.max_space = 8
        # rpa.max_cycle = 2000
        # rpa.kernel()

        # con_rpa = rpa.converged
        # ene_rpa = rpa.e[:5]
        # dip_rpa = rpa.transition_dipole()[:5]
        
        # f.write("\nRPA results:\n")
        # for i, (con, ene, dip) in enumerate(zip(con_rpa, ene_rpa, dip_rpa)):
        #     f.write(f" {i:2d} {con} {ene: 12.8f} {dip[0]: 12.8f} {dip[1]: 12.8f} {dip[2]: 12.8f}\n")

if __name__ == "__main__":
    xyz = sys.argv[1]
    main(xyz, basis="6-311g**", xc=None, output="out.log")
#INFO: ******************** input file end ********************


System: uname_result(system='Linux', node='pauling005', release='3.10.0-327.36.3.el7.x86_64', version='#1 SMP Thu Oct 20 04:56:07 EDT 2016', machine='x86_64')  Threads 28
Python 3.9.7 (default, Oct 27 2021, 01:23:21) 
[GCC 9.3.0]
numpy 1.21.2  scipy 1.6.2
Date: Tue Oct  4 15:30:38 2022
PySCF version 2.0.1
PySCF path  /home/yangjunjie/packages/pyscf/pyscf-main
GIT ORIG_HEAD 14b880cdc4bf7bb64f3989a147c0b04622efc498
GIT HEAD (branch master) 9d5b5bd309d1cc55fbd1a0ec76e26b5b0c7f76af

[ENV] PYSCF_MAX_MEMORY 256000
[ENV] PYSCF_TMPDIR /scratch/global/yangjunjie/
[CONFIG] conf_file /home/yangjunjie/.pyscf_conf.py
[INPUT] verbose = 5
[INPUT] max_memory = 256000 
[INPUT] num. atoms = 16
[INPUT] num. electrons = 68
[INPUT] charge = 0
[INPUT] spin (= nelec alpha-beta = 2S) = 0
[INPUT] symmetry False subgroup None
[INPUT] Mole.unit = angstrom
[INPUT]  1 C      0.000000060000   1.165101480000   1.265926290000 AA    0.000000113384   2.201722704525   2.392253981987 Bohr
[INPUT]  2 C      0.000000040000   1.182362250000   2.649672160000 AA    0.000000075589   2.234340832525   5.007154702285 Bohr
[INPUT]  3 C      0.000000000000  -0.027935820000   3.318718020000 AA    0.000000000000  -0.052791048865   6.271468142459 Bohr
[INPUT]  4 C     -0.000000020000  -1.195453930000   2.577606610000 AA   -0.000000037795  -2.259080522235   4.870970549769 Bohr
[INPUT]  5 C      0.000000080000  -1.094263230000   1.197400240000 AA    0.000000151178  -2.067857812882   2.262758515088 Bohr
[INPUT]  6 N      0.000000100000   0.056165170000   0.548891750000 AA    0.000000188973   0.106136789040   1.037255079533 Bohr
[INPUT]  7 C      0.000000000000  -0.008004250000  -2.373236800000 AA    0.000000000000  -0.015125840333  -4.484767580739 Bohr
[INPUT]  8 H      0.000000010000   2.089185460000   0.713406580000 AA    0.000000018897   3.947988342823   1.348143051663 Bohr
[INPUT]  9 H      0.000000100000   2.116329210000   3.180149020000 AA    0.000000188973   3.999282596317   6.009610683104 Bohr
[INPUT] 10 H     -0.000000130000  -0.060518770000   4.393694150000 AA   -0.000000245664  -0.114363900696   8.302878618604 Bohr
[INPUT] 11 H     -0.000000200000  -2.159867300000   3.050481200000 AA   -0.000000377945  -4.081557662404   5.764574016135 Bohr
[INPUT] 12 H     -0.000000010000  -1.983616270000   0.590211870000 AA   -0.000000018897  -3.748491486531   1.115338789767 Bohr
[INPUT] 13 H     -0.000000260000   1.033527580000  -2.107789500000 AA   -0.000000491329   1.953084068385  -3.983144883234 Bohr
[INPUT] 14 H     -0.888344500000  -0.498631960000  -2.020616100000 AA   -1.678727809264  -0.942277841355  -3.818411031887 Bohr
[INPUT] 15 H      0.888344750000  -0.498631590000  -2.020616220000 AA    1.678728281695  -0.942277142156  -3.818411258654 Bohr
[INPUT] 16 Cl    -0.000000070000  -0.107485430000  -4.190153780000 AA   -0.000000132281  -0.203118025081  -7.918243064011 Bohr
[INPUT] ---------------- BASIS SET ---------------- 
[INPUT] l, kappa, [nprim/nctr], expnt,             c_1 c_2 ...
[INPUT] N
[INPUT] 0    0    [6    /1   ]  6293.48           0.00196979
                                949.044           0.0149613
                                218.776           0.0735006
                                63.6916           0.248937
                                18.8282           0.60246
                                2.72023           0.256202
[INPUT] 0    0    [3    /1   ]  30.6331           0.111906
                                7.02614           0.921666
                                2.11205           -0.00256919
[INPUT] 0    0    [1    /1   ]  0.684009             1
[INPUT] 0    0    [1    /1   ]  0.200878             1
[INPUT] 1    0    [3    /1   ]  30.6331           0.0383119
                                7.02614           0.237403
                                2.11205           0.817592
[INPUT] 1    0    [1    /1   ]  0.684009             1
[INPUT] 1    0    [1    /1   ]  0.200878             1
[INPUT] 2    0    [1    /1   ]  0.913                1
[INPUT] C
[INPUT] 0    0    [6    /1   ]  4563.24           0.00196665
                                682.024           0.0152306
                                154.973           0.0761269
                                44.4553           0.260801
                                13.029            0.616462
                                1.82773           0.221006
[INPUT] 0    0    [3    /1   ]  20.9642           0.11466
                                4.80331           0.919999
                                1.45933           -0.00303068
[INPUT] 0    0    [1    /1   ]  0.483456             1
[INPUT] 0    0    [1    /1   ]  0.145585             1
[INPUT] 1    0    [3    /1   ]  20.9642           0.0402487
                                4.80331           0.237594
                                1.45933           0.815854
[INPUT] 1    0    [1    /1   ]  0.483456             1
[INPUT] 1    0    [1    /1   ]  0.145585             1
[INPUT] 2    0    [1    /1   ]  0.626                1
[INPUT] H
[INPUT] 0    0    [3    /1   ]  33.865            0.0254938
                                5.09479           0.190373
                                1.15879           0.852161
[INPUT] 0    0    [1    /1   ]  0.32584              1
[INPUT] 0    0    [1    /1   ]  0.102741             1
[INPUT] 1    0    [1    /1   ]  0.75                 1
[INPUT] Cl
[INPUT] 0    0    [6    /1   ]  105819            0.000738
                                15872             0.005718
                                3619.65           0.029495
                                1030.8            0.117286
                                339.908           0.362949
                                124.538           0.584149
[INPUT] 0    0    [3    /1   ]  124.538           0.134177
                                49.5135           0.62425
                                20.8056           0.291756
[INPUT] 0    0    [1    /1   ]  6.58346              1
[INPUT] 0    0    [1    /1   ]  2.56468              1
[INPUT] 0    0    [1    /1   ]  0.559763             1
[INPUT] 0    0    [1    /1   ]  0.183273             1
[INPUT] 1    0    [5    /1   ]  589.776           0.002391
                                139.849           0.018504
                                45.1413           0.081377
                                16.8733           0.221552
                                6.7411            0.772569
[INPUT] 1    0    [2    /1   ]  6.7411            -1.572244
                                2.77152           0.992389
[INPUT] 1    0    [1    /1   ]  1.02387              1
[INPUT] 1    0    [1    /1   ]  0.381368             1
[INPUT] 1    0    [1    /1   ]  0.109437             1
[INPUT] 2    0    [1    /1   ]  0.75                 1

nuclear repulsion = 369.600602925944
number of shells = 100
number of NR pGTOs = 329
number of NR cGTOs = 200
basis = 6-311g**
ecp = {}
CPU time:         0.43


******** <class 'pyscf.scf.hf.RHF'> ********
method = RHF
initial guess = minao
damping factor = 0
level_shift factor = 0
DIIS = <class 'pyscf.scf.diis.CDIIS'>
diis_start_cycle = 1
diis_space = 8
SCF conv_tol = 1e-09
SCF conv_tol_grad = None
SCF max_cycles = 50
direct_scf = True
direct_scf_tol = 1e-13
chkfile to save SCF result = /scratch/global/yangjunjie/tmpfi99r4qd
max_memory 256000 MB (current use 81 MB)
Set gradient conv threshold to 3.16228e-05
E1 = -1752.9089847546932  E_coul = 635.6124145201089
init E= -747.69596730864
cond(S) = 13121.357482512198
    CPU time for initialize scf     13.23 sec, wall time      0.55 sec
  HOMO = -0.248418165209536  LUMO = 0.0144853658486825
  mo_energy =
[-1.04820287e+02 -1.56247558e+01 -1.13275204e+01 -1.13236667e+01
 -1.13213268e+01 -1.13202491e+01 -1.13186537e+01 -1.13182281e+01
 -1.06175982e+01 -8.07510437e+00 -8.07344700e+00 -8.07344500e+00
 -1.75766094e+00 -1.40066452e+00 -1.35781552e+00 -1.32614604e+00
 -1.01084132e+00 -9.41561223e-01 -9.27018092e-01 -6.88895911e-01
 -5.95374215e-01 -5.52104354e-01 -5.50388829e-01 -5.45502733e-01
 -5.31286497e-01 -4.84637661e-01 -4.77079982e-01 -4.47058048e-01
 -3.80400523e-01 -3.79711158e-01 -3.61884790e-01 -3.06660431e-01
 -2.57441816e-01 -2.48418165e-01  1.44853658e-02  4.55226972e-02
  6.59271160e-02  1.21466063e-01  1.39034372e-01  1.58751327e-01
  1.78497626e-01  1.84261413e-01  2.02760532e-01  2.16606347e-01
  2.33380469e-01  2.41622208e-01  3.10578350e-01  3.75229643e-01
  3.81325460e-01  3.96906300e-01  4.04476769e-01  4.15170360e-01
  4.16638019e-01  4.18774357e-01  4.22108324e-01  4.33481102e-01
  5.06704235e-01  5.07151901e-01  5.34171809e-01  5.36681801e-01
  5.44955504e-01  5.74461664e-01  5.83168335e-01  5.87528186e-01
  6.09917319e-01  6.11297851e-01  6.68594372e-01  6.74708264e-01
  7.05506778e-01  7.09870124e-01  7.35911404e-01  7.44719956e-01
  7.51753300e-01  7.60937812e-01  7.65017453e-01  7.93681811e-01
  8.13829029e-01  8.36745876e-01  8.74483037e-01  8.85287488e-01
  8.91884181e-01  9.22716822e-01  9.44186703e-01  9.73215688e-01
  9.85331981e-01  1.02422853e+00  1.02955332e+00  1.03186117e+00
  1.04318261e+00  1.10035192e+00  1.10058875e+00  1.13389021e+00
  1.14265479e+00  1.16554851e+00  1.23235947e+00  1.23328010e+00
  1.27621434e+00  1.28529696e+00  1.29173499e+00  1.32385374e+00
  1.35340040e+00  1.36007882e+00  1.42036251e+00  1.42639795e+00
  1.51369865e+00  1.54270425e+00  1.65442919e+00  1.66455282e+00
  1.68685242e+00  1.69864187e+00  1.71133526e+00  1.72803389e+00
  1.77134645e+00  1.77645059e+00  1.80921570e+00  1.82322760e+00
  1.82929762e+00  1.88284096e+00  1.94283428e+00  1.94370980e+00
  1.95101906e+00  1.96899973e+00  1.99182304e+00  2.02476940e+00
  2.02624063e+00  2.03783986e+00  2.06238322e+00  2.14094586e+00
  2.15628299e+00  2.18604452e+00  2.20895162e+00  2.21207126e+00
  2.26113461e+00  2.32418228e+00  2.35451034e+00  2.36712544e+00
  2.37945348e+00  2.42125068e+00  2.45557234e+00  2.46347610e+00
  2.51198481e+00  2.51243877e+00  2.56648271e+00  2.63206772e+00
  2.65522056e+00  2.65590270e+00  2.67676885e+00  2.69118383e+00
  2.70890679e+00  2.70916132e+00  2.73727293e+00  2.83829004e+00
  2.83910362e+00  2.84954654e+00  2.86437578e+00  2.88370217e+00
  2.89640725e+00  2.89862464e+00  2.91128212e+00  2.94214420e+00
  2.95715151e+00  3.01958381e+00  3.06620613e+00  3.09929590e+00
  3.10967811e+00  3.20376162e+00  3.21293960e+00  3.28342724e+00
  3.29495000e+00  3.30577841e+00  3.32541895e+00  3.50088349e+00
  3.52017356e+00  3.68805688e+00  3.77479925e+00  3.81962200e+00
  3.92804157e+00  3.99756333e+00  4.09161179e+00  4.09283764e+00
  4.14057898e+00  4.27723088e+00  4.34802227e+00  4.38834526e+00
  4.41803988e+00  4.76755021e+00  4.85694574e+00  5.65992144e+00
  1.01874726e+01  2.47476267e+01  2.50025430e+01  2.50421222e+01
  2.51492406e+01  2.52293920e+01  2.52837055e+01  2.62589362e+01
  2.62644477e+01  2.68332070e+01  3.70292508e+01  2.19079978e+02]
E1 = -1753.8921237611537  E_coul = 638.5156505961128
cycle= 1 E= -745.775870239097  delta_E= 1.92  |g|= 0.553  |ddm|= 3.18
    CPU time for cycle= 1      1.59 sec, wall time      0.06 sec
  HOMO = -0.397527027150294  LUMO = 0.0700304044130246
  mo_energy =
[-1.04726554e+02 -1.55412637e+01 -1.14201541e+01 -1.13709734e+01
 -1.13704654e+01 -1.13398271e+01 -1.12998073e+01 -1.12997590e+01
 -1.04664636e+01 -7.93356818e+00 -7.92989959e+00 -7.92989506e+00
 -1.31151641e+00 -1.14635765e+00 -1.11962344e+00 -1.09505357e+00
 -9.30158819e-01 -9.11544371e-01 -9.05339097e-01 -7.69114575e-01
 -7.04944832e-01 -6.93907282e-01 -6.49177224e-01 -6.49065463e-01
 -6.39651489e-01 -6.13474534e-01 -5.89220685e-01 -5.54568797e-01
 -5.22112392e-01 -4.28638666e-01 -4.23126780e-01 -3.99404718e-01
 -3.99258137e-01 -3.97527027e-01  7.00304044e-02  8.44216505e-02
  1.22847707e-01  1.46977996e-01  1.56561463e-01  1.82398641e-01
  1.86245943e-01  1.93443681e-01  2.14555847e-01  2.24757943e-01
  2.49788420e-01  2.97414783e-01  3.40293877e-01  3.84711287e-01
  4.07202324e-01  4.09178104e-01  4.29179970e-01  4.33951575e-01
  4.37865168e-01  4.54946364e-01  4.65070326e-01  4.76478806e-01
  5.13721918e-01  5.25735299e-01  5.26908642e-01  5.48394035e-01
  5.67008342e-01  5.77029750e-01  5.82273840e-01  5.93047235e-01
  6.03984272e-01  6.29477507e-01  6.80014831e-01  7.08455775e-01
  7.11851175e-01  7.19903134e-01  7.49074689e-01  7.56080565e-01
  7.66738987e-01  7.67193655e-01  7.79240837e-01  8.04530997e-01
  8.15029400e-01  8.39467900e-01  8.85557904e-01  8.88603493e-01
  9.03524349e-01  9.67603029e-01  9.67869302e-01  1.00224409e+00
  1.01368885e+00  1.04722635e+00  1.07819036e+00  1.07989826e+00
  1.08465927e+00  1.13168431e+00  1.15351879e+00  1.17002508e+00
  1.21364299e+00  1.21444639e+00  1.22131126e+00  1.24732370e+00
  1.28036459e+00  1.30874710e+00  1.31166616e+00  1.34993644e+00
  1.39203984e+00  1.39708442e+00  1.41240770e+00  1.43531882e+00
  1.51630791e+00  1.55477483e+00  1.65137774e+00  1.66568151e+00
  1.67865872e+00  1.68808398e+00  1.70069923e+00  1.72175399e+00
  1.77034235e+00  1.77559915e+00  1.80834688e+00  1.82076352e+00
  1.82975797e+00  1.88343317e+00  1.93951698e+00  1.93981251e+00
  1.95364079e+00  1.97262093e+00  2.00645146e+00  2.01752135e+00
  2.02247122e+00  2.03645551e+00  2.06684428e+00  2.13510859e+00
  2.15840044e+00  2.18890138e+00  2.21519985e+00  2.22137285e+00
  2.27495803e+00  2.32964120e+00  2.35452030e+00  2.38295866e+00
  2.39447461e+00  2.42772081e+00  2.46163148e+00  2.47310774e+00
  2.57655931e+00  2.59799322e+00  2.59860005e+00  2.63414063e+00
  2.65728409e+00  2.66432519e+00  2.68896377e+00  2.70959139e+00
  2.71989412e+00  2.72778003e+00  2.78107320e+00  2.81594920e+00
  2.81759565e+00  2.84589213e+00  2.88085855e+00  2.88523058e+00
  2.88586093e+00  2.89235934e+00  2.90715150e+00  2.94144178e+00
  2.95850513e+00  3.04593764e+00  3.07594109e+00  3.08944320e+00
  3.11370377e+00  3.19343842e+00  3.21985002e+00  3.28889138e+00
  3.32195710e+00  3.32295123e+00  3.32779606e+00  3.48633001e+00
  3.53434195e+00  3.69297209e+00  3.77917257e+00  3.82619341e+00
  3.94961446e+00  4.00725081e+00  4.07332054e+00  4.07362032e+00
  4.14448610e+00  4.34432106e+00  4.35035977e+00  4.38793331e+00
  4.42327749e+00  4.78031875e+00  4.91835642e+00  5.70527111e+00
  1.03265710e+01  2.47237366e+01  2.48980156e+01  2.50073426e+01
  2.51007050e+01  2.52100671e+01  2.52729863e+01  2.63956108e+01
  2.64010737e+01  2.69505124e+01  3.70997936e+01  2.19168516e+02]
E1 = -1755.710116658949  E_coul = 640.2418542552128
cycle= 2 E= -745.867659477792  delta_E= -0.0918  |g|= 0.225  |ddm|= 0.654
    CPU time for cycle= 2      2.52 sec, wall time      0.09 sec
  HOMO = -0.35690208035663  LUMO = 0.102027566766029
  mo_energy =
[-1.04826706e+02 -1.55997690e+01 -1.12695228e+01 -1.12692238e+01
 -1.12549340e+01 -1.12389706e+01 -1.12388889e+01 -1.12259791e+01
 -1.05457447e+01 -8.01436566e+00 -8.01162881e+00 -8.01162473e+00
 -1.28439116e+00 -1.10321376e+00 -1.10036688e+00 -1.04765497e+00
 -8.96599078e-01 -8.73265957e-01 -8.68831395e-01 -7.36025956e-01
 -6.71588164e-01 -6.64689400e-01 -6.06888048e-01 -5.92309580e-01
 -5.91261512e-01 -5.86196133e-01 -5.59450318e-01 -5.27397937e-01
 -5.13799093e-01 -4.24935325e-01 -4.20504248e-01 -4.20191467e-01
 -3.98812337e-01 -3.56902080e-01  1.02027567e-01  1.19691172e-01
  1.38578538e-01  1.61354475e-01  1.68257871e-01  1.95180846e-01
  1.99583450e-01  2.14809941e-01  2.31803750e-01  2.38284990e-01
  2.66048825e-01  3.26739540e-01  3.61496642e-01  4.13244771e-01
  4.31159676e-01  4.34080423e-01  4.49286903e-01  4.52946328e-01
  4.61137778e-01  4.63959999e-01  4.65205628e-01  4.65311556e-01
  5.27068575e-01  5.50672919e-01  5.56324478e-01  5.72255291e-01
  5.96949139e-01  6.04079157e-01  6.14178005e-01  6.16180574e-01
  6.33890656e-01  6.59218396e-01  7.09955435e-01  7.38649457e-01
  7.46306925e-01  7.52943742e-01  7.79155650e-01  7.98346146e-01
  8.06192237e-01  8.09000716e-01  8.20424727e-01  8.31651088e-01
  8.38335575e-01  8.68022023e-01  9.10912372e-01  9.19824235e-01
  9.29266561e-01  9.69713622e-01  1.00444855e+00  1.03142196e+00
  1.05714771e+00  1.07295451e+00  1.08962484e+00  1.08982916e+00
  1.10189469e+00  1.16910238e+00  1.16933961e+00  1.17624078e+00
  1.17676839e+00  1.19654581e+00  1.25935483e+00  1.26328211e+00
  1.31614596e+00  1.32201929e+00  1.34621497e+00  1.34690865e+00
  1.41175729e+00  1.41706885e+00  1.44296384e+00  1.45982672e+00
  1.54557163e+00  1.57121035e+00  1.68722594e+00  1.70820676e+00
  1.71625870e+00  1.74617116e+00  1.75704603e+00  1.75765326e+00
  1.80195860e+00  1.81040126e+00  1.83981583e+00  1.85264645e+00
  1.86355761e+00  1.91191120e+00  1.96888141e+00  1.97560633e+00
  1.99513243e+00  2.01218691e+00  2.04201566e+00  2.04816427e+00
  2.05232705e+00  2.06375307e+00  2.10075612e+00  2.16912049e+00
  2.19595710e+00  2.22890461e+00  2.25711222e+00  2.26298162e+00
  2.30711473e+00  2.36724303e+00  2.39076775e+00  2.42201249e+00
  2.43345266e+00  2.46695743e+00  2.49263327e+00  2.50221716e+00
  2.57766096e+00  2.57848279e+00  2.60699363e+00  2.67048692e+00
  2.69755183e+00  2.71932066e+00  2.72191135e+00  2.74124694e+00
  2.75438139e+00  2.75465927e+00  2.78645768e+00  2.86949695e+00
  2.90427369e+00  2.90579096e+00  2.91374801e+00  2.91455855e+00
  2.91691334e+00  2.92795098e+00  2.93398288e+00  2.99052664e+00
  2.99416910e+00  3.06746107e+00  3.11219561e+00  3.14548408e+00
  3.14799786e+00  3.24291083e+00  3.26460829e+00  3.33499552e+00
  3.34923925e+00  3.35733884e+00  3.37190630e+00  3.57256733e+00
  3.58670529e+00  3.75031209e+00  3.83468568e+00  3.87803759e+00
  3.98544275e+00  4.04011806e+00  4.16110033e+00  4.16153042e+00
  4.18442234e+00  4.31725753e+00  4.39528593e+00  4.43306659e+00
  4.46697180e+00  4.82329946e+00  4.90864964e+00  5.70917257e+00
  1.02601650e+01  2.48018620e+01  2.50829923e+01  2.50915653e+01
  2.51919055e+01  2.52836449e+01  2.53443533e+01  2.63322256e+01
  2.63376884e+01  2.68882563e+01  3.70439651e+01  2.19071036e+02]
E1 = -1755.2946601075394  E_coul = 639.814443005997
cycle= 3 E= -745.879614175598  delta_E= -0.012  |g|= 0.0732  |ddm|= 0.225
    CPU time for cycle= 3      1.57 sec, wall time      0.06 sec
  HOMO = -0.358983736084951  LUMO = 0.104631225651696
  mo_energy =
[-1.04804001e+02 -1.55548428e+01 -1.12769598e+01 -1.12767208e+01
 -1.12722097e+01 -1.12653703e+01 -1.12486151e+01 -1.12485248e+01
 -1.05308713e+01 -7.99894715e+00 -7.99633881e+00 -7.99633521e+00
 -1.27645730e+00 -1.10486889e+00 -1.10280602e+00 -1.04841396e+00
 -9.02179138e-01 -8.70437990e-01 -8.70249455e-01 -7.36716501e-01
 -6.74710780e-01 -6.64494323e-01 -6.11560326e-01 -6.02746678e-01
 -6.01594134e-01 -5.88470164e-01 -5.56536339e-01 -5.31306563e-01
 -5.19217780e-01 -4.21664060e-01 -4.19579722e-01 -4.19243573e-01
 -3.96187559e-01 -3.58983736e-01  1.04631226e-01  1.19094391e-01
  1.39459980e-01  1.61517727e-01  1.68669258e-01  1.95632801e-01
  2.00463535e-01  2.12643715e-01  2.30260908e-01  2.39065126e-01
  2.65104312e-01  3.29210692e-01  3.63653486e-01  4.13879501e-01
  4.31124821e-01  4.34430570e-01  4.49422737e-01  4.50231448e-01
  4.61768959e-01  4.63048829e-01  4.65070914e-01  4.65651315e-01
  5.26945935e-01  5.50732423e-01  5.54175232e-01  5.72786266e-01
  5.96786775e-01  6.02585931e-01  6.10659953e-01  6.15790224e-01
  6.32560820e-01  6.58664933e-01  7.08660503e-01  7.39185765e-01
  7.43100510e-01  7.50815391e-01  7.78654447e-01  7.98557620e-01
  8.01065822e-01  8.08061036e-01  8.11360098e-01  8.30757496e-01
  8.37066830e-01  8.66387874e-01  9.10311324e-01  9.18036804e-01
  9.26980399e-01  9.78211552e-01  1.00213812e+00  1.03089735e+00
  1.05476577e+00  1.07420861e+00  1.08709152e+00  1.08895539e+00
  1.09989539e+00  1.16777349e+00  1.17210810e+00  1.18017251e+00
  1.18053701e+00  1.19675951e+00  1.25967480e+00  1.26228967e+00
  1.31496097e+00  1.32449522e+00  1.34555970e+00  1.34580066e+00
  1.40885872e+00  1.41423532e+00  1.44502192e+00  1.46051595e+00
  1.54720981e+00  1.57433175e+00  1.68645492e+00  1.70556016e+00
  1.71472663e+00  1.73787409e+00  1.74967830e+00  1.75725110e+00
  1.80259427e+00  1.80945758e+00  1.84074162e+00  1.85319399e+00
  1.86362505e+00  1.91441558e+00  1.97023239e+00  1.97544338e+00
  1.99101547e+00  2.00920422e+00  2.03853891e+00  2.04868160e+00
  2.05403589e+00  2.06602289e+00  2.10032803e+00  2.16965829e+00
  2.19465707e+00  2.22677969e+00  2.25456044e+00  2.25991440e+00
  2.30751451e+00  2.36550193e+00  2.38984945e+00  2.41814753e+00
  2.43007932e+00  2.46695223e+00  2.49290567e+00  2.50606941e+00
  2.57939006e+00  2.58026915e+00  2.61037000e+00  2.67128136e+00
  2.69870640e+00  2.71316437e+00  2.72298405e+00  2.74166863e+00
  2.75296808e+00  2.75690486e+00  2.78585391e+00  2.87150582e+00
  2.89127405e+00  2.89339041e+00  2.91570473e+00  2.91606059e+00
  2.91931496e+00  2.92693818e+00  2.93569685e+00  2.98557478e+00
  2.99505034e+00  3.07320674e+00  3.11308216e+00  3.14138051e+00
  3.14671209e+00  3.23932173e+00  3.26178486e+00  3.33355999e+00
  3.35411992e+00  3.36232626e+00  3.36609835e+00  3.55344103e+00
  3.58235259e+00  3.74538675e+00  3.83052061e+00  3.87395260e+00
  3.98732542e+00  4.04580532e+00  4.14652469e+00  4.14689706e+00
  4.18795404e+00  4.34175801e+00  4.39360273e+00  4.43151112e+00
  4.46691058e+00  4.82220646e+00  4.92629843e+00  5.72519900e+00
  1.02718344e+01  2.47932081e+01  2.50393360e+01  2.50836863e+01
  2.51836541e+01  2.52751725e+01  2.53348980e+01  2.63430671e+01
  2.63485274e+01  2.68983282e+01  3.70877002e+01  2.19092777e+02]
E1 = -1755.3128283642752  E_coul = 639.8309419656159
cycle= 4 E= -745.881283472715  delta_E= -0.00167  |g|= 0.0175  |ddm|= 0.0916
    CPU time for cycle= 4      1.55 sec, wall time      0.06 sec
  HOMO = -0.360040288630641  LUMO = 0.103048020826866
  mo_energy =
[-1.04802436e+02 -1.55729494e+01 -1.12830769e+01 -1.12830487e+01
 -1.12749100e+01 -1.12657277e+01 -1.12474591e+01 -1.12474020e+01
 -1.05291388e+01 -7.99723162e+00 -7.99460419e+00 -7.99460066e+00
 -1.28260733e+00 -1.10547805e+00 -1.10305837e+00 -1.05011383e+00
 -9.02845042e-01 -8.73179298e-01 -8.71415762e-01 -7.38283930e-01
 -6.77705341e-01 -6.65001898e-01 -6.12941651e-01 -6.04111046e-01
 -6.02916247e-01 -5.90406988e-01 -5.59265522e-01 -5.33067983e-01
 -5.19668798e-01 -4.27463124e-01 -4.19311056e-01 -4.19034263e-01
 -3.97803258e-01 -3.60040289e-01  1.03048021e-01  1.17635744e-01
  1.39271341e-01  1.61261142e-01  1.68438730e-01  1.95370530e-01
  2.00448043e-01  2.12262125e-01  2.29366496e-01  2.38785449e-01
  2.64491045e-01  3.27705446e-01  3.61983985e-01  4.13615319e-01
  4.30339534e-01  4.34507964e-01  4.49052433e-01  4.49372672e-01
  4.60767516e-01  4.62667815e-01  4.64090639e-01  4.65603911e-01
  5.25983123e-01  5.49443322e-01  5.54105593e-01  5.71169441e-01
  5.96139654e-01  6.02168604e-01  6.09752280e-01  6.15469480e-01
  6.31641154e-01  6.57399126e-01  7.07831026e-01  7.37577824e-01
  7.41973542e-01  7.50879667e-01  7.77746473e-01  7.96736811e-01
  7.98510216e-01  8.07740530e-01  8.10027911e-01  8.28772225e-01
  8.37138972e-01  8.65391759e-01  9.09833190e-01  9.17558248e-01
  9.25689133e-01  9.73910801e-01  1.00136890e+00  1.02975046e+00
  1.05337238e+00  1.07228976e+00  1.08669421e+00  1.08845343e+00
  1.09946003e+00  1.16722034e+00  1.17067280e+00  1.18067915e+00
  1.18141415e+00  1.19649063e+00  1.25865274e+00  1.25923217e+00
  1.31443897e+00  1.32119197e+00  1.34491597e+00  1.34545622e+00
  1.40820298e+00  1.41348734e+00  1.44234749e+00  1.45860265e+00
  1.54431674e+00  1.57100225e+00  1.68544578e+00  1.70434112e+00
  1.71351163e+00  1.73647745e+00  1.74836992e+00  1.75568877e+00
  1.80251549e+00  1.80812947e+00  1.83976804e+00  1.85237017e+00
  1.86230724e+00  1.91229623e+00  1.96986704e+00  1.97426164e+00
  1.98992779e+00  2.00783041e+00  2.03754956e+00  2.04806895e+00
  2.05339509e+00  2.06451594e+00  2.09908223e+00  2.16880770e+00
  2.19427761e+00  2.22520431e+00  2.25394346e+00  2.25848324e+00
  2.30547209e+00  2.36457657e+00  2.38831841e+00  2.41734307e+00
  2.42908718e+00  2.46425153e+00  2.49176053e+00  2.50438181e+00
  2.57970541e+00  2.58059102e+00  2.60877129e+00  2.67034391e+00
  2.69762887e+00  2.71173680e+00  2.72037958e+00  2.74152371e+00
  2.75181140e+00  2.75322942e+00  2.78576926e+00  2.87010052e+00
  2.88942937e+00  2.89166459e+00  2.91140079e+00  2.91563574e+00
  2.91911052e+00  2.92564198e+00  2.93580580e+00  2.98478704e+00
  2.99382235e+00  3.06870058e+00  3.11158849e+00  3.13898947e+00
  3.14444824e+00  3.23654467e+00  3.26019979e+00  3.33158965e+00
  3.34980849e+00  3.35748413e+00  3.36552161e+00  3.55203502e+00
  3.58113100e+00  3.74379742e+00  3.82957912e+00  3.87430647e+00
  3.98420095e+00  4.04058613e+00  4.14479758e+00  4.14519846e+00
  4.18309974e+00  4.33031290e+00  4.39301952e+00  4.43146909e+00
  4.46453153e+00  4.82030412e+00  4.91718364e+00  5.71629949e+00
  1.02733382e+01  2.47917029e+01  2.50367593e+01  2.50804292e+01
  2.51798782e+01  2.52734487e+01  2.53348860e+01  2.63445255e+01
  2.63499852e+01  2.68996810e+01  3.70699549e+01  2.19094345e+02]
E1 = -1755.3692315160495  E_coul = 639.8872646977558
cycle= 5 E= -745.881363892349  delta_E= -8.04e-05  |g|= 0.00559  |ddm|= 0.0227
    CPU time for cycle= 5      1.56 sec, wall time      0.06 sec
  HOMO = -0.360021998028526  LUMO = 0.10333093558616
  mo_energy =
[-1.04803906e+02 -1.55699089e+01 -1.12822553e+01 -1.12821977e+01
 -1.12723438e+01 -1.12673604e+01 -1.12489441e+01 -1.12488873e+01
 -1.05299613e+01 -7.99810738e+00 -7.99546137e+00 -7.99545782e+00
 -1.28138627e+00 -1.10565147e+00 -1.10286329e+00 -1.04995342e+00
 -9.02098943e-01 -8.73009015e-01 -8.71561910e-01 -7.38384133e-01
 -6.77628910e-01 -6.65415361e-01 -6.13063049e-01 -6.03237745e-01
 -6.02095768e-01 -5.90705838e-01 -5.58541300e-01 -5.33358656e-01
 -5.19416203e-01 -4.26725704e-01 -4.19353984e-01 -4.19076044e-01
 -3.97384504e-01 -3.60021998e-01  1.03330936e-01  1.17621037e-01
  1.39287884e-01  1.61293536e-01  1.68422056e-01  1.95413710e-01
  2.00304630e-01  2.12642301e-01  2.29835228e-01  2.38835846e-01
  2.64758032e-01  3.27888099e-01  3.62254178e-01  4.13333382e-01
  4.30364525e-01  4.34100143e-01  4.49013669e-01  4.49839608e-01
  4.60963933e-01  4.62773998e-01  4.64209061e-01  4.65626969e-01
  5.26147816e-01  5.49574719e-01  5.54139655e-01  5.71395406e-01
  5.95980411e-01  6.02323860e-01  6.09899033e-01  6.15156356e-01
  6.31781425e-01  6.57535644e-01  7.07941999e-01  7.37772210e-01
  7.42502677e-01  7.50600734e-01  7.77683162e-01  7.97075137e-01
  7.99130650e-01  8.07280668e-01  8.10794802e-01  8.29175569e-01
  8.36705335e-01  8.65429564e-01  9.09676371e-01  9.17454802e-01
  9.26096006e-01  9.75171034e-01  1.00107398e+00  1.02974961e+00
  1.05327572e+00  1.07259887e+00  1.08694436e+00  1.08882692e+00
  1.09967985e+00  1.16686941e+00  1.17084513e+00  1.18052813e+00
  1.18123532e+00  1.19636532e+00  1.25841596e+00  1.25988842e+00
  1.31413544e+00  1.32210233e+00  1.34461605e+00  1.34558663e+00
  1.40867389e+00  1.41396340e+00  1.44264982e+00  1.45888012e+00
  1.54471489e+00  1.57160889e+00  1.68518584e+00  1.70497814e+00
  1.71346110e+00  1.73727929e+00  1.74909115e+00  1.75556478e+00
  1.80194612e+00  1.80799958e+00  1.83950018e+00  1.85213080e+00
  1.86217061e+00  1.91251402e+00  1.96958898e+00  1.97418821e+00
  1.99054076e+00  2.00837480e+00  2.03789887e+00  2.04793809e+00
  2.05303637e+00  2.06450520e+00  2.09903551e+00  2.16850453e+00
  2.19370942e+00  2.22512140e+00  2.25357225e+00  2.25897423e+00
  2.30569922e+00  2.36423862e+00  2.38823551e+00  2.41788849e+00
  2.42961920e+00  2.46457114e+00  2.49151771e+00  2.50434743e+00
  2.57974277e+00  2.58062848e+00  2.60854599e+00  2.67029068e+00
  2.69734878e+00  2.71257707e+00  2.72109850e+00  2.74118061e+00
  2.75227544e+00  2.75404508e+00  2.78566300e+00  2.87025866e+00
  2.89060645e+00  2.89260219e+00  2.91197973e+00  2.91514636e+00
  2.91843876e+00  2.92579252e+00  2.93526098e+00  2.98428175e+00
  2.99351934e+00  3.06940027e+00  3.11122839e+00  3.13896150e+00
  3.14447715e+00  3.23679407e+00  3.26094773e+00  3.33160669e+00
  3.35036659e+00  3.35820467e+00  3.36501892e+00  3.55326323e+00
  3.58062315e+00  3.74358547e+00  3.82908749e+00  3.87337291e+00
  3.98446141e+00  4.04145129e+00  4.14597876e+00  4.14637181e+00
  4.18382697e+00  4.33240541e+00  4.39247616e+00  4.43059750e+00
  4.46450876e+00  4.82003655e+00  4.91887899e+00  5.71776023e+00
  1.02727238e+01  2.47909100e+01  2.50392144e+01  2.50803750e+01
  2.51797695e+01  2.52728942e+01  2.53335913e+01  2.63439841e+01
  2.63494432e+01  2.68990881e+01  3.70729249e+01  2.19092952e+02]
E1 = -1755.357922676994  E_coul = 639.875940656482
cycle= 6 E= -745.881379094568  delta_E= -1.52e-05  |g|= 0.00195  |ddm|= 0.00758
    CPU time for cycle= 6      1.57 sec, wall time      0.06 sec
  HOMO = -0.359824517341489  LUMO = 0.103684758562707
  mo_energy =
[-1.04804095e+02 -1.55700033e+01 -1.12818029e+01 -1.12817284e+01
 -1.12728292e+01 -1.12660084e+01 -1.12484703e+01 -1.12484126e+01
 -1.05302176e+01 -7.99836199e+00 -7.99570365e+00 -7.99570011e+00
 -1.28131902e+00 -1.10533479e+00 -1.10297090e+00 -1.04973142e+00
 -9.02307249e-01 -8.72821766e-01 -8.71237665e-01 -7.38159871e-01
 -6.77325416e-01 -6.65237765e-01 -6.12896744e-01 -6.03405371e-01
 -6.02244323e-01 -5.90394465e-01 -5.58283911e-01 -5.33101621e-01
 -5.19651266e-01 -4.26944333e-01 -4.19556924e-01 -4.19286012e-01
 -3.96959325e-01 -3.59824517e-01  1.03684759e-01  1.17755273e-01
  1.39345318e-01  1.61324040e-01  1.68448303e-01  1.95420780e-01
  2.00376831e-01  2.12434291e-01  2.29764183e-01  2.38842695e-01
  2.64714915e-01  3.28128671e-01  3.62279372e-01  4.13547209e-01
  4.30405760e-01  4.34278253e-01  4.48998742e-01  4.49714037e-01
  4.60996192e-01  4.62673023e-01  4.64263756e-01  4.65485855e-01
  5.26190740e-01  5.49633441e-01  5.54416687e-01  5.71508189e-01
  5.96200221e-01  6.02504638e-01  6.09997163e-01  6.15351413e-01
  6.32015166e-01  6.57625437e-01  7.08109422e-01  7.37886483e-01
  7.42377102e-01  7.50895100e-01  7.77872012e-01  7.97201252e-01
  7.99119225e-01  8.07472184e-01  8.10671252e-01  8.29212490e-01
  8.36883675e-01  8.65588993e-01  9.09870928e-01  9.17638585e-01
  9.26042699e-01  9.75143417e-01  1.00132958e+00  1.02992179e+00
  1.05354091e+00  1.07271514e+00  1.08682148e+00  1.08862256e+00
  1.09956091e+00  1.16715049e+00  1.17092184e+00  1.18040793e+00
  1.18102565e+00  1.19653175e+00  1.25878035e+00  1.25988590e+00
  1.31434664e+00  1.32193386e+00  1.34495642e+00  1.34538211e+00
  1.40847656e+00  1.41377387e+00  1.44277738e+00  1.45899247e+00
  1.54484266e+00  1.57166160e+00  1.68542488e+00  1.70483142e+00
  1.71365951e+00  1.73710710e+00  1.74894391e+00  1.75584149e+00
  1.80223440e+00  1.80829256e+00  1.83966955e+00  1.85231992e+00
  1.86242144e+00  1.91258606e+00  1.96975424e+00  1.97435178e+00
  1.99039887e+00  2.00828858e+00  2.03780779e+00  2.04805325e+00
  2.05318273e+00  2.06469960e+00  2.09914890e+00  2.16872453e+00
  2.19403948e+00  2.22539942e+00  2.25391170e+00  2.25893463e+00
  2.30579398e+00  2.36456020e+00  2.38848096e+00  2.41771798e+00
  2.42947624e+00  2.46473685e+00  2.49179800e+00  2.50443244e+00
  2.57954684e+00  2.58043033e+00  2.60876174e+00  2.67037657e+00
  2.69753150e+00  2.71240463e+00  2.72103316e+00  2.74131890e+00
  2.75220199e+00  2.75400100e+00  2.78563070e+00  2.87029755e+00
  2.89037819e+00  2.89243978e+00  2.91210004e+00  2.91529968e+00
  2.91878208e+00  2.92583181e+00  2.93533823e+00  2.98474454e+00
  2.99371626e+00  3.06943568e+00  3.11153899e+00  3.13948279e+00
  3.14468984e+00  3.23706796e+00  3.26081578e+00  3.33183349e+00
  3.35050885e+00  3.35831163e+00  3.36549931e+00  3.55298409e+00
  3.58108269e+00  3.74392265e+00  3.82953459e+00  3.87391443e+00
  3.98468703e+00  4.04153839e+00  4.14573382e+00  4.14613247e+00
  4.18397270e+00  4.33221941e+00  4.39278093e+00  4.43105693e+00
  4.46479667e+00  4.82044284e+00  4.91879797e+00  5.71777632e+00
  1.02724736e+01  2.47916066e+01  2.50387433e+01  2.50808281e+01
  2.51805222e+01  2.52733504e+01  2.53343577e+01  2.63437568e+01
  2.63492158e+01  2.68988079e+01  3.70728303e+01  2.19092758e+02]
E1 = -1755.355153752331  E_coul = 639.8731689039984
cycle= 7 E= -745.881381922388  delta_E= -2.83e-06  |g|= 0.000752  |ddm|= 0.00399
    CPU time for cycle= 7      1.57 sec, wall time      0.06 sec
  HOMO = -0.359873766691258  LUMO = 0.103641524895314
  mo_energy =
[-1.04804114e+02 -1.55702688e+01 -1.12817470e+01 -1.12816890e+01
 -1.12726492e+01 -1.12664279e+01 -1.12485860e+01 -1.12485293e+01
 -1.05302641e+01 -7.99840537e+00 -7.99574701e+00 -7.99574348e+00
 -1.28142597e+00 -1.10544999e+00 -1.10300660e+00 -1.04976830e+00
 -9.02279306e-01 -8.72889548e-01 -8.71280982e-01 -7.38192061e-01
 -6.77402528e-01 -6.65239861e-01 -6.12897712e-01 -6.03340911e-01
 -6.02180417e-01 -5.90498048e-01 -5.58324394e-01 -5.33142493e-01
 -5.19661483e-01 -4.27070746e-01 -4.19602106e-01 -4.19330635e-01
 -3.97014981e-01 -3.59873767e-01  1.03641525e-01  1.17702592e-01
  1.39355660e-01  1.61331531e-01  1.68473937e-01  1.95439396e-01
  2.00388081e-01  2.12423929e-01  2.29785266e-01  2.38863880e-01
  2.64742723e-01  3.28110265e-01  3.62256905e-01  4.13519273e-01
  4.30403039e-01  4.34239793e-01  4.48974339e-01  4.49733532e-01
  4.61002369e-01  4.62647173e-01  4.64251298e-01  4.65449780e-01
  5.26194292e-01  5.49619342e-01  5.54373098e-01  5.71500927e-01
  5.96167197e-01  6.02501243e-01  6.09962329e-01  6.15329602e-01
  6.31975932e-01  6.57611602e-01  7.08098849e-01  7.37917284e-01
  7.42406134e-01  7.50841791e-01  7.77851383e-01  7.97182889e-01
  7.99143819e-01  8.07442160e-01  8.10727322e-01  8.29247964e-01
  8.36860732e-01  8.65590428e-01  9.09853105e-01  9.17615592e-01
  9.26043146e-01  9.75104680e-01  1.00127982e+00  1.02989497e+00
  1.05345848e+00  1.07269054e+00  1.08681494e+00  1.08861517e+00
  1.09955621e+00  1.16710745e+00  1.17088036e+00  1.18035677e+00
  1.18097108e+00  1.19649473e+00  1.25870946e+00  1.25986122e+00
  1.31433780e+00  1.32188162e+00  1.34492174e+00  1.34535775e+00
  1.40849337e+00  1.41378959e+00  1.44278404e+00  1.45893776e+00
  1.54482069e+00  1.57159490e+00  1.68539323e+00  1.70488102e+00
  1.71364174e+00  1.73716795e+00  1.74900094e+00  1.75578677e+00
  1.80220714e+00  1.80822574e+00  1.83966354e+00  1.85231818e+00
  1.86238850e+00  1.91260768e+00  1.96975585e+00  1.97436096e+00
  1.99043915e+00  2.00832416e+00  2.03782731e+00  2.04807037e+00
  2.05317945e+00  2.06467959e+00  2.09912055e+00  2.16872438e+00
  2.19397690e+00  2.22536516e+00  2.25384234e+00  2.25895582e+00
  2.30577427e+00  2.36449800e+00  2.38843973e+00  2.41775169e+00
  2.42950505e+00  2.46471758e+00  2.49171239e+00  2.50443541e+00
  2.57952493e+00  2.58040778e+00  2.60869820e+00  2.67039949e+00
  2.69750835e+00  2.71246676e+00  2.72102928e+00  2.74128787e+00
  2.75223436e+00  2.75397404e+00  2.78561474e+00  2.87033726e+00
  2.89046500e+00  2.89251885e+00  2.91204796e+00  2.91528295e+00
  2.91875426e+00  2.92587838e+00  2.93535033e+00  2.98463909e+00
  2.99369833e+00  3.06936787e+00  3.11146024e+00  3.13939502e+00
  3.14462316e+00  3.23704874e+00  3.26085452e+00  3.33179393e+00
  3.35042263e+00  3.35826078e+00  3.36538474e+00  3.55306616e+00
  3.58096574e+00  3.74387684e+00  3.82943840e+00  3.87377822e+00
  3.98460212e+00  4.04153408e+00  4.14582256e+00  4.14622295e+00
  4.18395944e+00  4.33202132e+00  4.39274276e+00  4.43097216e+00
  4.46475165e+00  4.82033252e+00  4.91864202e+00  5.71764600e+00
  1.02724231e+01  2.47914593e+01  2.50389148e+01  2.50808102e+01
  2.51804019e+01  2.52732983e+01  2.53341519e+01  2.63437116e+01
  2.63491707e+01  2.68987465e+01  3.70725693e+01  2.19092735e+02]
E1 = -1755.3567114151942  E_coul = 639.8747260923742
cycle= 8 E= -745.881382396876  delta_E= -4.74e-07  |g|= 0.000321  |ddm|= 0.00131
    CPU time for cycle= 8      1.58 sec, wall time      0.06 sec
  HOMO = -0.359881624867033  LUMO = 0.103662635043185
  mo_energy =
[-1.04804114e+02 -1.55703077e+01 -1.12817736e+01 -1.12817078e+01
 -1.12726247e+01 -1.12662652e+01 -1.12486160e+01 -1.12485582e+01
 -1.05302593e+01 -7.99839973e+00 -7.99574271e+00 -7.99573918e+00
 -1.28143638e+00 -1.10542319e+00 -1.10300297e+00 -1.04976937e+00
 -9.02276263e-01 -8.72887653e-01 -8.71265519e-01 -7.38168625e-01
 -6.77392854e-01 -6.65248921e-01 -6.12892256e-01 -6.03330840e-01
 -6.02170187e-01 -5.90458008e-01 -5.58316236e-01 -5.33128375e-01
 -5.19657214e-01 -4.27095140e-01 -4.19609916e-01 -4.19338941e-01
 -3.96980568e-01 -3.59881625e-01  1.03662635e-01  1.17692906e-01
  1.39363156e-01  1.61340125e-01  1.68476725e-01  1.95440799e-01
  2.00398195e-01  2.12416613e-01  2.29787211e-01  2.38868738e-01
  2.64747952e-01  3.28122199e-01  3.62257232e-01  4.13537424e-01
  4.30404895e-01  4.34251213e-01  4.48977795e-01  4.49734606e-01
  4.61005148e-01  4.62642080e-01  4.64254955e-01  4.65439540e-01
  5.26199366e-01  5.49618869e-01  5.54381620e-01  5.71500795e-01
  5.96190046e-01  6.02498369e-01  6.09981596e-01  6.15342169e-01
  6.31986195e-01  6.57622724e-01  7.08096811e-01  7.37924105e-01
  7.42412059e-01  7.50858233e-01  7.77879229e-01  7.97202454e-01
  7.99155596e-01  8.07438017e-01  8.10736429e-01  8.29255415e-01
  8.36854199e-01  8.65609157e-01  9.09868035e-01  9.17628760e-01
  9.26047119e-01  9.75100211e-01  1.00129352e+00  1.02990597e+00
  1.05348243e+00  1.07269067e+00  1.08681540e+00  1.08861577e+00
  1.09955869e+00  1.16712625e+00  1.17088242e+00  1.18035600e+00
  1.18096642e+00  1.19650654e+00  1.25872848e+00  1.25986066e+00
  1.31433906e+00  1.32187162e+00  1.34495726e+00  1.34535708e+00
  1.40849653e+00  1.41379303e+00  1.44278946e+00  1.45894676e+00
  1.54481500e+00  1.57158931e+00  1.68540856e+00  1.70488966e+00
  1.71365286e+00  1.73717677e+00  1.74901039e+00  1.75581436e+00
  1.80222363e+00  1.80824319e+00  1.83966905e+00  1.85233306e+00
  1.86240369e+00  1.91261650e+00  1.96977274e+00  1.97436987e+00
  1.99044611e+00  2.00833123e+00  2.03783310e+00  2.04807508e+00
  2.05317817e+00  2.06470823e+00  2.09912645e+00  2.16874302e+00
  2.19399289e+00  2.22537290e+00  2.25387636e+00  2.25896353e+00
  2.30577620e+00  2.36451721e+00  2.38844715e+00  2.41775645e+00
  2.42951016e+00  2.46473077e+00  2.49173362e+00  2.50443989e+00
  2.57952374e+00  2.58040634e+00  2.60871650e+00  2.67040800e+00
  2.69750887e+00  2.71247702e+00  2.72103039e+00  2.74130491e+00
  2.75224238e+00  2.75397120e+00  2.78562263e+00  2.87035638e+00
  2.89047739e+00  2.89253402e+00  2.91203784e+00  2.91528102e+00
  2.91879685e+00  2.92589058e+00  2.93533981e+00  2.98465773e+00
  2.99369894e+00  3.06936444e+00  3.11148012e+00  3.13944035e+00
  3.14460836e+00  3.23704285e+00  3.26086180e+00  3.33180216e+00
  3.35042971e+00  3.35825668e+00  3.36541061e+00  3.55307672e+00
  3.58098638e+00  3.74387528e+00  3.82946305e+00  3.87382538e+00
  3.98461229e+00  4.04153385e+00  4.14583576e+00  4.14623664e+00
  4.18396007e+00  4.33198237e+00  4.39274281e+00  4.43100454e+00
  4.46475957e+00  4.82035636e+00  4.91861729e+00  5.71763028e+00
  1.02724248e+01  2.47914858e+01  2.50389387e+01  2.50807872e+01
  2.51804445e+01  2.52732736e+01  2.53341922e+01  2.63437147e+01
  2.63491739e+01  2.68987434e+01  3.70725305e+01  2.19092736e+02]
E1 = -1755.3563871775434  E_coul = 639.8744017320732
cycle= 9 E= -745.881382519526  delta_E= -1.23e-07  |g|= 0.000133  |ddm|= 0.000749
    CPU time for cycle= 9      1.57 sec, wall time      0.06 sec
  HOMO = -0.359874992480457  LUMO = 0.103662078839641
  mo_energy =
[-1.04804120e+02 -1.55703305e+01 -1.12817086e+01 -1.12816477e+01
 -1.12726628e+01 -1.12662653e+01 -1.12486272e+01 -1.12485700e+01
 -1.05302606e+01 -7.99840134e+00 -7.99574439e+00 -7.99574086e+00
 -1.28142828e+00 -1.10542601e+00 -1.10300582e+00 -1.04975834e+00
 -9.02285570e-01 -8.72884020e-01 -8.71256399e-01 -7.38158372e-01
 -6.77388378e-01 -6.65250740e-01 -6.12884507e-01 -6.03342389e-01
 -6.02181398e-01 -5.90452699e-01 -5.58312748e-01 -5.33126599e-01
 -5.19658501e-01 -4.27096535e-01 -4.19608813e-01 -4.19337943e-01
 -3.96980424e-01 -3.59874992e-01  1.03662079e-01  1.17696504e-01
  1.39363018e-01  1.61338703e-01  1.68477353e-01  1.95438687e-01
  2.00398362e-01  2.12411165e-01  2.29784875e-01  2.38869861e-01
  2.64748294e-01  3.28126503e-01  3.62259968e-01  4.13538060e-01
  4.30403568e-01  4.34247591e-01  4.48977777e-01  4.49729937e-01
  4.61005395e-01  4.62643426e-01  4.64258311e-01  4.65441064e-01
  5.26203245e-01  5.49619761e-01  5.54379473e-01  5.71503011e-01
  5.96190374e-01  6.02499940e-01  6.09983358e-01  6.15340862e-01
  6.31988091e-01  6.57623053e-01  7.08099228e-01  7.37934426e-01
  7.42406646e-01  7.50853752e-01  7.77883253e-01  7.97206091e-01
  7.99156346e-01  8.07430801e-01  8.10726872e-01  8.29263707e-01
  8.36844646e-01  8.65616425e-01  9.09869903e-01  9.17629187e-01
  9.26045267e-01  9.75098646e-01  1.00129258e+00  1.02991062e+00
  1.05348650e+00  1.07269312e+00  1.08681422e+00  1.08861190e+00
  1.09955724e+00  1.16712761e+00  1.17088102e+00  1.18035786e+00
  1.18096930e+00  1.19650541e+00  1.25873236e+00  1.25986592e+00
  1.31433949e+00  1.32186571e+00  1.34496622e+00  1.34535571e+00
  1.40849013e+00  1.41378689e+00  1.44280157e+00  1.45894647e+00
  1.54482188e+00  1.57159093e+00  1.68541002e+00  1.70488111e+00
  1.71365927e+00  1.73716564e+00  1.74899977e+00  1.75581967e+00
  1.80222156e+00  1.80824489e+00  1.83966965e+00  1.85233620e+00
  1.86240822e+00  1.91262606e+00  1.96977381e+00  1.97437479e+00
  1.99043749e+00  2.00832738e+00  2.03782713e+00  2.04807827e+00
  2.05317607e+00  2.06471578e+00  2.09912253e+00  2.16875067e+00
  2.19398934e+00  2.22537964e+00  2.25387786e+00  2.25895902e+00
  2.30578073e+00  2.36451808e+00  2.38845021e+00  2.41774887e+00
  2.42950420e+00  2.46474368e+00  2.49172998e+00  2.50444496e+00
  2.57952234e+00  2.58040496e+00  2.60871576e+00  2.67041400e+00
  2.69750790e+00  2.71246514e+00  2.72102822e+00  2.74130367e+00
  2.75223869e+00  2.75397186e+00  2.78561994e+00  2.87036574e+00
  2.89046097e+00  2.89252429e+00  2.91204601e+00  2.91527514e+00
  2.91880217e+00  2.92589825e+00  2.93533068e+00  2.98465855e+00
  2.99370125e+00  3.06937050e+00  3.11147986e+00  3.13946022e+00
  3.14460860e+00  3.23706048e+00  3.26085322e+00  3.33181055e+00
  3.35043438e+00  3.35826730e+00  3.36541047e+00  3.55305840e+00
  3.58098853e+00  3.74388694e+00  3.82946800e+00  3.87382126e+00
  3.98461625e+00  4.04155429e+00  4.14581824e+00  4.14621918e+00
  4.18398194e+00  4.33196867e+00  4.39274199e+00  4.43100273e+00
  4.46476840e+00  4.82035724e+00  4.91861112e+00  5.71763206e+00
  1.02724249e+01  2.47914994e+01  2.50389024e+01  2.50808193e+01
  2.51804812e+01  2.52732905e+01  2.53341911e+01  2.63437153e+01
  2.63491745e+01  2.68987436e+01  3.70725088e+01  2.19092730e+02]
E1 = -1755.3562395040017  E_coul = 639.8742540354667
cycle= 10 E= -745.881382542591  delta_E= -2.31e-08  |g|= 5.15e-05  |ddm|= 0.000351
    CPU time for cycle= 10      1.61 sec, wall time      0.06 sec
  HOMO = -0.359880442554581  LUMO = 0.103657582396533
  mo_energy =
[-1.04804122e+02 -1.55703345e+01 -1.12817276e+01 -1.12816629e+01
 -1.12726416e+01 -1.12662535e+01 -1.12486410e+01 -1.12485832e+01
 -1.05302627e+01 -7.99840350e+00 -7.99574649e+00 -7.99574297e+00
 -1.28143651e+00 -1.10542810e+00 -1.10300383e+00 -1.04976715e+00
 -9.02281194e-01 -8.72889290e-01 -8.71261005e-01 -7.38160939e-01
 -6.77395752e-01 -6.65256329e-01 -6.12891744e-01 -6.03338057e-01
 -6.02177618e-01 -5.90451901e-01 -5.58319072e-01 -5.33131842e-01
 -5.19655852e-01 -4.27102568e-01 -4.19607554e-01 -4.19336683e-01
 -3.96983122e-01 -3.59880443e-01  1.03657582e-01  1.17690931e-01
  1.39362748e-01  1.61339832e-01  1.68475796e-01  1.95437901e-01
  2.00399149e-01  2.12414752e-01  2.29785585e-01  2.38869696e-01
  2.64748941e-01  3.28123355e-01  3.62257205e-01  4.13537094e-01
  4.30402251e-01  4.34246730e-01  4.48977480e-01  4.49731544e-01
  4.61003380e-01  4.62643739e-01  4.64255454e-01  4.65442145e-01
  5.26201039e-01  5.49615917e-01  5.54375702e-01  5.71497342e-01
  5.96189321e-01  6.02494844e-01  6.09981646e-01  6.15338938e-01
  6.31985149e-01  6.57621547e-01  7.08094651e-01  7.37930531e-01
  7.42408642e-01  7.50852152e-01  7.77884278e-01  7.97205393e-01
  7.99156534e-01  8.07424653e-01  8.10730293e-01  8.29262210e-01
  8.36839212e-01  8.65615651e-01  9.09867907e-01  9.17626719e-01
  9.26045665e-01  9.75096296e-01  1.00128917e+00  1.02990695e+00
  1.05348046e+00  1.07268746e+00  1.08681543e+00  1.08861388e+00
  1.09955799e+00  1.16712328e+00  1.17087783e+00  1.18035731e+00
  1.18096916e+00  1.19650356e+00  1.25872722e+00  1.25986266e+00
  1.31433291e+00  1.32186395e+00  1.34496537e+00  1.34535720e+00
  1.40849268e+00  1.41378925e+00  1.44279666e+00  1.45894247e+00
  1.54481515e+00  1.57158604e+00  1.68540651e+00  1.70488327e+00
  1.71365280e+00  1.73716996e+00  1.74900365e+00  1.75581693e+00
  1.80221969e+00  1.80824108e+00  1.83966579e+00  1.85233386e+00
  1.86240465e+00  1.91262335e+00  1.96977152e+00  1.97437222e+00
  1.99044011e+00  2.00832836e+00  2.03782883e+00  2.04807257e+00
  2.05317133e+00  2.06471521e+00  2.09911984e+00  2.16874811e+00
  2.19398529e+00  2.22537314e+00  2.25387620e+00  2.25895938e+00
  2.30577564e+00  2.36451374e+00  2.38844396e+00  2.41775184e+00
  2.42950642e+00  2.46473872e+00  2.49172675e+00  2.50444090e+00
  2.57952331e+00  2.58040592e+00  2.60871365e+00  2.67040925e+00
  2.69750311e+00  2.71246924e+00  2.72102686e+00  2.74130411e+00
  2.75223935e+00  2.75396907e+00  2.78562074e+00  2.87036529e+00
  2.89046852e+00  2.89253000e+00  2.91203951e+00  2.91527108e+00
  2.91880586e+00  2.92589651e+00  2.93532618e+00  2.98465271e+00
  2.99369550e+00  3.06936507e+00  3.11147717e+00  3.13945799e+00
  3.14459921e+00  3.23705041e+00  3.26085533e+00  3.33180188e+00
  3.35042933e+00  3.35826113e+00  3.36540462e+00  3.55306771e+00
  3.58098203e+00  3.74387647e+00  3.82946167e+00  3.87381915e+00
  3.98460987e+00  4.04154748e+00  4.14582579e+00  4.14622671e+00
  4.18397464e+00  4.33196330e+00  4.39273439e+00  4.43100114e+00
  4.46476147e+00  4.82035214e+00  4.91860494e+00  5.71762549e+00
  1.02724235e+01  2.47914921e+01  2.50389224e+01  2.50808042e+01
  2.51804746e+01  2.52732758e+01  2.53341862e+01  2.63437136e+01
  2.63491728e+01  2.68987432e+01  3.70725048e+01  2.19092728e+02]
E1 = -1755.35629294963  E_coul = 639.8743074781937
cycle= 11 E= -745.881382545492  delta_E= -2.9e-09  |g|= 1.96e-05  |ddm|= 0.000121
    CPU time for cycle= 11      1.56 sec, wall time      0.06 sec
  HOMO = -0.359878283591129  LUMO = 0.103657032474179
  mo_energy =
[-1.04804118e+02 -1.55703374e+01 -1.12817197e+01 -1.12816569e+01
 -1.12726458e+01 -1.12662554e+01 -1.12486448e+01 -1.12485874e+01
 -1.05302593e+01 -7.99840013e+00 -7.99574307e+00 -7.99573954e+00
 -1.28143392e+00 -1.10542844e+00 -1.10300361e+00 -1.04976617e+00
 -9.02281585e-01 -8.72889315e-01 -8.71260892e-01 -7.38160708e-01
 -6.77395426e-01 -6.65258284e-01 -6.12891961e-01 -6.03339737e-01
 -6.02179307e-01 -5.90452243e-01 -5.58317633e-01 -5.33132540e-01
 -5.19655946e-01 -4.27102991e-01 -4.19605911e-01 -4.19335046e-01
 -3.96982960e-01 -3.59878284e-01  1.03657032e-01  1.17691840e-01
  1.39362200e-01  1.61339166e-01  1.68475155e-01  1.95437002e-01
  2.00398261e-01  2.12415560e-01  2.29785416e-01  2.38869278e-01
  2.64748678e-01  3.28123574e-01  3.62257697e-01  4.13536257e-01
  4.30401708e-01  4.34245522e-01  4.48977472e-01  4.49731121e-01
  4.61003183e-01  4.62644704e-01  4.64255940e-01  4.65443430e-01
  5.26201531e-01  5.49615870e-01  5.54376334e-01  5.71497321e-01
  5.96188788e-01  6.02495722e-01  6.09982139e-01  6.15338108e-01
  6.31986059e-01  6.57621276e-01  7.08095307e-01  7.37931175e-01
  7.42407919e-01  7.50851359e-01  7.77884099e-01  7.97205520e-01
  7.99156422e-01  8.07422360e-01  8.10728927e-01  8.29262914e-01
  8.36836857e-01  8.65616101e-01  9.09867600e-01  9.17626214e-01
  9.26045375e-01  9.75097227e-01  1.00128810e+00  1.02990733e+00
  1.05348081e+00  1.07268790e+00  1.08681582e+00  1.08861434e+00
  1.09955835e+00  1.16712278e+00  1.17087786e+00  1.18035872e+00
  1.18097109e+00  1.19650325e+00  1.25872732e+00  1.25986389e+00
  1.31433214e+00  1.32186414e+00  1.34496573e+00  1.34535819e+00
  1.40849244e+00  1.41378902e+00  1.44279795e+00  1.45894291e+00
  1.54481595e+00  1.57158722e+00  1.68540578e+00  1.70488202e+00
  1.71365320e+00  1.73716840e+00  1.74900208e+00  1.75581726e+00
  1.80221795e+00  1.80824093e+00  1.83966468e+00  1.85233321e+00
  1.86240457e+00  1.91262407e+00  1.96977063e+00  1.97437186e+00
  1.99043892e+00  2.00832770e+00  2.03782798e+00  2.04807220e+00
  2.05316972e+00  2.06471563e+00  2.09911872e+00  2.16874778e+00
  2.19398360e+00  2.22537338e+00  2.25387566e+00  2.25895865e+00
  2.30577589e+00  2.36451305e+00  2.38844378e+00  2.41775110e+00
  2.42950584e+00  2.46474019e+00  2.49172581e+00  2.50444059e+00
  2.57952445e+00  2.58040708e+00  2.60871271e+00  2.67040921e+00
  2.69750177e+00  2.71246771e+00  2.72102677e+00  2.74130331e+00
  2.75223873e+00  2.75396958e+00  2.78562055e+00  2.87036564e+00
  2.89046636e+00  2.89252854e+00  2.91204052e+00  2.91526874e+00
  2.91880451e+00  2.92589652e+00  2.93532321e+00  2.98465203e+00
  2.99369455e+00  3.06936632e+00  3.11147593e+00  3.13946017e+00
  3.14459890e+00  3.23705242e+00  3.26085423e+00  3.33180278e+00
  3.35043005e+00  3.35826237e+00  3.36540398e+00  3.55306584e+00
  3.58098121e+00  3.74387699e+00  3.82946132e+00  3.87381739e+00
  3.98461028e+00  4.04155008e+00  4.14582357e+00  4.14622448e+00
  4.18397745e+00  4.33196293e+00  4.39273283e+00  4.43099913e+00
  4.46476178e+00  4.82035142e+00  4.91860497e+00  5.71762623e+00
  1.02724265e+01  2.47914920e+01  2.50389184e+01  2.50808067e+01
  2.51804779e+01  2.52732761e+01  2.53341840e+01  2.63437162e+01
  2.63491754e+01  2.68987464e+01  3.70725020e+01  2.19092732e+02]
E1 = -1755.3562545614495  E_coul = 639.8742690896908
cycle= 12 E= -745.881382545815  delta_E= -3.23e-10  |g|= 3.79e-06  |ddm|= 4.55e-05
    CPU time for cycle= 12      1.59 sec, wall time      0.06 sec
  HOMO = -0.359877909184163  LUMO = 0.103657270188298
  mo_energy =
[-1.04804120e+02 -1.55703355e+01 -1.12817195e+01 -1.12816556e+01
 -1.12726459e+01 -1.12662544e+01 -1.12486445e+01 -1.12485869e+01
 -1.05302605e+01 -7.99840142e+00 -7.99574436e+00 -7.99574083e+00
 -1.28143346e+00 -1.10542829e+00 -1.10300373e+00 -1.04976601e+00
 -9.02281747e-01 -8.72888947e-01 -8.71260605e-01 -7.38160472e-01
 -6.77394895e-01 -6.65258121e-01 -6.12891851e-01 -6.03339696e-01
 -6.02179233e-01 -5.90451828e-01 -5.58317257e-01 -5.33132144e-01
 -5.19656170e-01 -4.27102643e-01 -4.19606148e-01 -4.19335280e-01
 -3.96982636e-01 -3.59877909e-01  1.03657270e-01  1.17692124e-01
  1.39362210e-01  1.61339193e-01  1.68475123e-01  1.95436990e-01
  2.00398280e-01  2.12415504e-01  2.29785452e-01  2.38869241e-01
  2.64748743e-01  3.28123855e-01  3.62257822e-01  4.13536404e-01
  4.30401825e-01  4.34245635e-01  4.48977461e-01  4.49731169e-01
  4.61003212e-01  4.62644668e-01  4.64256048e-01  4.65443374e-01
  5.26201600e-01  5.49615966e-01  5.54376516e-01  5.71497504e-01
  5.96188954e-01  6.02495895e-01  6.09982218e-01  6.15338268e-01
  6.31986306e-01  6.57621410e-01  7.08095520e-01  7.37931369e-01
  7.42407944e-01  7.50851592e-01  7.77884302e-01  7.97205755e-01
  7.99156584e-01  8.07422461e-01  8.10728982e-01  8.29263128e-01
  8.36836919e-01  8.65616255e-01  9.09867743e-01  9.17626317e-01
  9.26045462e-01  9.75097595e-01  1.00128833e+00  1.02990749e+00
  1.05348094e+00  1.07268807e+00  1.08681575e+00  1.08861417e+00
  1.09955821e+00  1.16712298e+00  1.17087802e+00  1.18035841e+00
  1.18097065e+00  1.19650332e+00  1.25872759e+00  1.25986418e+00
  1.31433227e+00  1.32186431e+00  1.34496605e+00  1.34535793e+00
  1.40849233e+00  1.41378893e+00  1.44279823e+00  1.45894311e+00
  1.54481625e+00  1.57158755e+00  1.68540601e+00  1.70488207e+00
  1.71365332e+00  1.73716846e+00  1.74900215e+00  1.75581754e+00
  1.80221818e+00  1.80824123e+00  1.83966490e+00  1.85233338e+00
  1.86240484e+00  1.91262429e+00  1.96977074e+00  1.97437206e+00
  1.99043896e+00  2.00832780e+00  2.03782799e+00  2.04807223e+00
  2.05316986e+00  2.06471588e+00  2.09911887e+00  2.16874798e+00
  2.19398384e+00  2.22537365e+00  2.25387591e+00  2.25895876e+00
  2.30577608e+00  2.36451331e+00  2.38844401e+00  2.41775105e+00
  2.42950583e+00  2.46474047e+00  2.49172608e+00  2.50444077e+00
  2.57952409e+00  2.58040671e+00  2.60871300e+00  2.67040927e+00
  2.69750200e+00  2.71246774e+00  2.72102698e+00  2.74130337e+00
  2.75223879e+00  2.75396987e+00  2.78562042e+00  2.87036579e+00
  2.89046642e+00  2.89252860e+00  2.91204103e+00  2.91526887e+00
  2.91880481e+00  2.92589665e+00  2.93532323e+00  2.98465241e+00
  2.99369476e+00  3.06936676e+00  3.11147628e+00  3.13946074e+00
  3.14459923e+00  3.23705278e+00  3.26085431e+00  3.33180299e+00
  3.35043054e+00  3.35826289e+00  3.36540429e+00  3.55306580e+00
  3.58098160e+00  3.74387729e+00  3.82946165e+00  3.87381771e+00
  3.98461069e+00  4.04155057e+00  4.14582360e+00  4.14622453e+00
  4.18397792e+00  4.33196401e+00  4.39273306e+00  4.43099949e+00
  4.46476215e+00  4.82035184e+00  4.91860581e+00  5.71762709e+00
  1.02724255e+01  2.47914927e+01  2.50389183e+01  2.50808073e+01
  2.51804787e+01  2.52732766e+01  2.53341846e+01  2.63437153e+01
  2.63491745e+01  2.68987456e+01  3.70725038e+01  2.19092731e+02]
E1 = -1755.3562561436897  E_coul = 639.8742706719237
Extra cycle  E= -745.881382545822  delta_E= -7.28e-12  |g|= 1.64e-06  |ddm|= 6.02e-06
    CPU time for scf_cycle     34.53 sec, wall time      1.31 sec
    CPU time for SCF     34.53 sec, wall time      1.31 sec
converged SCF energy = -745.881382545822
Converting <class 'pyscf.scf.hf.RHF'> to RHF


******** <class 'pyscf.tdscf.rhf.TDA'> for <class 'pyscf.scf.hf.RHF'> ********
nstates = 5 singlet
wfnsym = None
conv_tol = 1e-09
eigh lindep = 1e-12
eigh level_shift = 0
eigh max_space = 8
eigh max_cycle = 2000
chkfile = /scratch/global/yangjunjie/tmpfi99r4qd
max_memory 256000 MB (current use 1744 MB)


davidson 0 5  |r|= 0.221  e= [0.24383372 0.27322789 0.33350041 0.368617   0.37441832]  max|de|= 0.374  lindep=    1
Old state -> New state
    4     ->     3 
    3     ->     4 
davidson 1 10  |r|= 0.0524  e= [0.23497534 0.24882261 0.31559144 0.32222546 0.32420225]  max|de|= -0.0522  lindep= 0.951
davidson 2 15  |r|= 0.0182  e= [0.2346831  0.24643779 0.31374084 0.31918122 0.32175229]  max|de|= -0.00304  lindep= 0.908
davidson 3 20  |r|= 0.00983  e= [0.23466981 0.24637818 0.3132875  0.31889826 0.32157023]  max|de|= -0.000453  lindep= 0.847
davidson 4 5  |r|= 0.00983  e= [0.23466981 0.24637818 0.3132875  0.31889826 0.32157023]  max|de|= -4.44e-16  lindep= 0.999
davidson 5 10  |r|= 0.00498  e= [0.23466885 0.24637052 0.31321202 0.31884677 0.32155004]  max|de|= -7.55e-05  lindep= 0.734
davidson 6 15  |r|= 0.00287  e= [0.2346687  0.24636868 0.31318651 0.31882395 0.32153856]  max|de|= -2.55e-05  lindep= 0.805
davidson 7 20  |r|= 0.00385  e= [0.23466869 0.24636857 0.31317485 0.31881977 0.32152771]  max|de|= -1.17e-05  lindep= 0.798
davidson 8 5  |r|= 0.00385  e= [0.23466869 0.24636857 0.31317485 0.31881977 0.32152771]  max|de|= 3.89e-16  lindep= 0.939
root 0 converged  |r|= 1.36e-05  e= 0.23466868533771604  max|de|= -8.47e-10
davidson 9 10  |r|= 0.00375  e= [0.23466869 0.24636856 0.31316871 0.31881906 0.32151819]  max|de|= -9.52e-06  lindep= 0.804
Old state -> New state
    2     ->     3 
    3     ->     4 
davidson 10 14  |r|= 0.187  e= [0.23466869 0.24636856 0.28077198 0.31318453 0.31881842]  max|de|= -0.0324  lindep= 0.777
root 1 converged  |r|= 6.68e-06  e= 0.24636856151966305  max|de|= -1.69e-10
davidson 11 18  |r|= 0.0769  e= [0.23466869 0.24636856 0.26115999 0.31317807 0.31881758]  max|de|= -0.0196  lindep= 0.845
davidson 12 5  |r|= 0.0769  e= [0.23466869 0.24636856 0.26115999 0.31317807 0.31881758]  max|de|= -3.33e-16  lindep= 0.996
davidson 13 8  |r|= 0.123  e= [0.23466869 0.24636856 0.25285389 0.31317462 0.31881683]  max|de|= -0.00831  lindep= 0.808
Old state -> New state
    2     ->     1 
    1     ->     2 
    2     ->     3 
    3     ->     4 
davidson 14 11  |r|= 0.104  e= [0.23466869 0.23574337 0.24636856 0.2816621  0.31318064]  max|de|= 0.0288  lindep= 0.815
Old state -> New state
    1     ->     0 
    0     ->     1 
davidson 15 14  |r|= 0.0391  e= [0.23365005 0.23466869 0.24636856 0.27793832 0.31317978]  max|de|= -0.00372  lindep= 0.678
davidson 16 17  |r|= 0.0191  e= [0.23319913 0.23466869 0.24636856 0.27652132 0.31317914]  max|de|= -0.00142  lindep= 0.849
davidson 17 5  |r|= 0.0191  e= [0.23319913 0.23466869 0.24636856 0.27652132 0.31317914]  max|de|= -5e-16  lindep=    1
davidson 18 8  |r|= 0.0119  e= [0.23316368 0.23466869 0.24636856 0.276334   0.31317897]  max|de|= -0.000187  lindep= 0.821
davidson 19 11  |r|= 0.00826  e= [0.23315679 0.23466869 0.24636856 0.27626947 0.31317886]  max|de|= -6.45e-05  lindep= 0.782
davidson 20 14  |r|= 0.00539  e= [0.23315531 0.23466869 0.24636856 0.27623914 0.3131787 ]  max|de|= -3.03e-05  lindep= 0.678
davidson 21 17  |r|= 0.00137  e= [0.23315509 0.23466869 0.24636856 0.27622866 0.31317841]  max|de|= -1.05e-05  lindep= 0.715
davidson 22 5  |r|= 0.00137  e= [0.23315509 0.23466869 0.24636856 0.27622866 0.31317841]  max|de|= -6.11e-16  lindep= 0.999
davidson 23 8  |r|= 0.00105  e= [0.23315508 0.23466869 0.24636856 0.27622727 0.31317829]  max|de|= -1.39e-06  lindep= 0.858
davidson 24 11  |r|= 0.000692  e= [0.23315508 0.23466869 0.24636856 0.27622679 0.31317821]  max|de|= -4.8e-07  lindep= 0.764
root 0 converged  |r|= 1.21e-05  e= 0.2331550745932961  max|de|= -4.3e-10
davidson 25 14  |r|= 0.000312  e= [0.23315507 0.23466869 0.24636856 0.27622662 0.31317815]  max|de|= -1.66e-07  lindep= 0.755
davidson 26 16  |r|= 0.000183  e= [0.23315507 0.23466869 0.24636856 0.27622657 0.31317809]  max|de|= -5.2e-08  lindep= 0.836
davidson 27 5  |r|= 0.000183  e= [0.23315507 0.23466869 0.24636856 0.27622657 0.31317809]  max|de|= 6.11e-16  lindep= 0.999
davidson 28 7  |r|= 0.000149  e= [0.23315507 0.23466869 0.24636856 0.27622656 0.31317807]  max|de|= -2.56e-08  lindep= 0.888
davidson 29 9  |r|= 0.000159  e= [0.23315507 0.23466869 0.24636856 0.27622656 0.31317804]  max|de|= -2.5e-08  lindep= 0.914
davidson 30 11  |r|= 0.000191  e= [0.23315507 0.23466869 0.24636856 0.27622655 0.313178  ]  max|de|= -3.93e-08  lindep= 0.915
root 3 converged  |r|= 1.34e-05  e= 0.2762265513256836  max|de|= -9.58e-10
davidson 31 13  |r|= 0.000147  e= [0.23315507 0.23466869 0.24636856 0.27622655 0.31317796]  max|de|= -4.76e-08  lindep= 0.93
davidson 32 14  |r|= 0.000129  e= [0.23315507 0.23466869 0.24636856 0.27622655 0.31317791]  max|de|= -4.1e-08  lindep= 0.95
davidson 33 15  |r|= 0.000163  e= [0.23315507 0.23466869 0.24636856 0.27622655 0.31317788]  max|de|= -3.96e-08  lindep= 0.919
davidson 34 16  |r|= 0.000177  e= [0.23315507 0.23466869 0.24636856 0.27622655 0.31317784]  max|de|= -3.9e-08  lindep= 0.88
davidson 35 5  |r|= 0.000177  e= [0.23315507 0.23466869 0.24636856 0.27622655 0.31317784]  max|de|= -3.89e-16  lindep= 0.995
davidson 36 6  |r|= 0.000101  e= [0.23315507 0.23466869 0.24636856 0.27622655 0.31317782]  max|de|= -1.36e-08  lindep= 0.92
davidson 37 7  |r|= 3.33e-05  e= [0.23315507 0.23466869 0.24636856 0.27622655 0.31317782]  max|de|= -6.76e-09  lindep= 0.989
davidson 38 8  |r|= 3.48e-05  e= [0.23315507 0.23466869 0.24636856 0.27622655 0.31317781]  max|de|= -2.54e-09  lindep= 0.914
davidson 39 9  |r|= 3.88e-05  e= [0.23315507 0.23466869 0.24636856 0.27622655 0.31317781]  max|de|= -1.62e-09  lindep= 0.884
root 4 converged  |r|= 2.11e-05  e= 0.31317781076160417  max|de|= -9.06e-10
converged 40 10  |r|= 2.11e-05  e= [0.23315507 0.23466869 0.24636856 0.27622655 0.31317781]  max|de|= -9.06e-10
    CPU time for TDA    252.92 sec, wall time      9.07 sec
Excited State energies (eV)
[6.34447273 6.38566018 6.70403003 7.51650731 8.5220023 ]
