 
:: initializing oneAPI environment ...
   slurm_script: BASH_VERSION = 4.2.46(1)-release
   args: Using "$@" for setvars.sh arguments: --force
:: advisor -- latest
:: ccl -- latest
:: clck -- latest
:: compiler -- latest
:: dal -- latest
:: debugger -- latest
:: dev-utilities -- latest
:: dnnl -- latest
:: dpcpp-ct -- latest
:: dpl -- latest
:: inspector -- latest
:: intelpython -- latest
:: ipp -- latest
:: ippcp -- latest
:: ipp -- latest
:: itac -- latest
:: mkl -- latest
:: mpi -- latest
:: tbb -- latest
:: vpl -- latest
:: vtune -- latest
:: oneAPI environment initialized ::
 
SLURM_CPUS_PER_TASK = 28
SLURM_MEM_PER_NODE = 127949
#INFO: **** input file is /home/yangjunjie/work/py-ch3-cl/work/step_-6/main.py ****
import sys
import pyscf
from pyscf import tdscf

def main(xyz_file, basis="631g*", xc="b3lyp", output="ene.out"):
    xyz = None

    with open(xyz_file, "r") as xyz:
        xyz = xyz.readlines()[2:]
        xyz = "".join(xyz)

    mol = pyscf.gto.Mole()
    mol.atom = xyz
    mol.basis = basis
    mol.verbose = 5
    mol.build()

    if xc is not None and xc != "hf":
        mf = pyscf.scf.RKS(mol)
        mf.xc = xc
        mf.kernel()
    else:
        mf = pyscf.scf.RHF(mol)
        mf.kernel()

    ene_mf = mf.e_tot

    with open(output, "w") as f:
        tda = pyscf.tdscf.TDA(mf)
        tda.nstates = 5
        tda.max_space = 8
        tda.max_cycle = 2000
        tda.kernel()

        con_tda = tda.converged
        ene_tda = tda.e[:5]
        dip_tda = tda.transition_dipole()[:5]

        f.write(f"RKS energy: {ene_mf: 12.8f}\n")
        f.write("TDA results:\n")
        for i, (con, ene, dip) in enumerate(zip(con_tda, ene_tda, dip_tda)):
            f.write(f" {i:2d} {con} {ene: 12.8f} {dip[0]: 12.8f} {dip[1]: 12.8f} {dip[2]: 12.8f}\n")

        # rpa = pyscf.tdscf.RPA(mf)
        # rpa.nstates = 5
        # rpa.max_space = 8
        # rpa.max_cycle = 2000
        # rpa.kernel()

        # con_rpa = rpa.converged
        # ene_rpa = rpa.e[:5]
        # dip_rpa = rpa.transition_dipole()[:5]
        
        # f.write("\nRPA results:\n")
        # for i, (con, ene, dip) in enumerate(zip(con_rpa, ene_rpa, dip_rpa)):
        #     f.write(f" {i:2d} {con} {ene: 12.8f} {dip[0]: 12.8f} {dip[1]: 12.8f} {dip[2]: 12.8f}\n")

if __name__ == "__main__":
    xyz = sys.argv[1]
    main(xyz, basis="6311g**", xc="b3lyp", output="out.log")
#INFO: ******************** input file end ********************


System: uname_result(system='Linux', node='pauling037', release='3.10.0-327.36.3.el7.x86_64', version='#1 SMP Thu Oct 20 04:56:07 EDT 2016', machine='x86_64')  Threads 28
Python 3.9.7 (default, Oct 27 2021, 01:23:21) 
[GCC 9.3.0]
numpy 1.21.2  scipy 1.6.2
Date: Tue Sep 27 23:51:05 2022
PySCF version 2.0.1
PySCF path  /home/yangjunjie/packages/pyscf/pyscf-main
GIT ORIG_HEAD 14b880cdc4bf7bb64f3989a147c0b04622efc498
GIT HEAD (branch master) 9d5b5bd309d1cc55fbd1a0ec76e26b5b0c7f76af

[ENV] PYSCF_MAX_MEMORY 127949
[ENV] PYSCF_TMPDIR /scratch/global/yangjunjie/
[CONFIG] conf_file /home/yangjunjie/.pyscf_conf.py
[INPUT] verbose = 5
[INPUT] max_memory = 127949 
[INPUT] num. atoms = 16
[INPUT] num. electrons = 68
[INPUT] charge = 0
[INPUT] spin (= nelec alpha-beta = 2S) = 0
[INPUT] symmetry False subgroup None
[INPUT] Mole.unit = angstrom
[INPUT]  1 C      0.000000010000   1.160154690000   1.062119300000 AA    0.000000018897   2.192374626230   2.007114588615 Bohr
[INPUT]  2 C      0.000000000000   1.200808310000   2.448561040000 AA    0.000000000000   2.269198834002   4.627109764880 Bohr
[INPUT]  3 C     -0.000000010000  -0.012644650000   3.132544930000 AA   -0.000000018897  -0.023894925441   5.919651990595 Bohr
[INPUT]  4 C     -0.000000010000  -1.212959680000   2.425360570000 AA   -0.000000018897  -2.292161595340   4.583267230619 Bohr
[INPUT]  5 C      0.000000000000  -1.145860860000   1.039831210000 AA    0.000000000000  -2.165363202259   1.964996202675 Bohr
[INPUT]  6 N      0.000000010000   0.014070620000   0.405168090000 AA    0.000000018897   0.026589618203   0.765656724513 Bohr
[INPUT]  7 C      0.000000010000   0.002311830000  -1.934727400000 AA    0.000000018897   0.004368725547  -3.656104911692 Bohr
[INPUT]  8 H      0.000000020000   2.065905370000   0.453741460000 AA    0.000000037795   3.903995348568   0.857447090760 Bohr
[INPUT]  9 H      0.000000000000   2.151403970000   2.961870560000 AA    0.000000000000   4.065564286602   5.597124174812 Bohr
[INPUT] 10 H     -0.000000010000  -0.022693250000   4.212838740000 AA   -0.000000018897  -0.042884027376   7.961111425558 Bohr
[INPUT] 11 H     -0.000000020000  -2.173023960000   2.920882830000 AA   -0.000000037795  -4.106420146518   5.519668590645 Bohr
[INPUT] 12 H      0.000000000000  -2.038833760000   0.413023610000 AA    0.000000000000  -3.852837419917   0.780501505879 Bohr
[INPUT] 13 H     -0.000000030000   1.055684950000  -1.654981770000 AA   -0.000000056692   1.994955429325  -3.127462286448 Bohr
[INPUT] 14 H     -0.911455920000  -0.519279770000  -1.644028410000 AA   -1.722402063413  -0.981296547327  -3.106763435904 Bohr
[INPUT] 15 H      0.911455930000  -0.519279720000  -1.644028420000 AA    1.722402082311  -0.981296452841  -3.106763454801 Bohr
[INPUT] 16 Cl    -0.000000010000   0.002498480000  -3.824430840000 AA   -0.000000018897   0.004721442928  -7.227126869940 Bohr
[INPUT] ---------------- BASIS SET ---------------- 
[INPUT] l, kappa, [nprim/nctr], expnt,             c_1 c_2 ...
[INPUT] Cl
[INPUT] 0    0    [6    /1   ]  105819            0.000738
                                15872             0.005718
                                3619.65           0.029495
                                1030.8            0.117286
                                339.908           0.362949
                                124.538           0.584149
[INPUT] 0    0    [3    /1   ]  124.538           0.134177
                                49.5135           0.62425
                                20.8056           0.291756
[INPUT] 0    0    [1    /1   ]  6.58346              1
[INPUT] 0    0    [1    /1   ]  2.56468              1
[INPUT] 0    0    [1    /1   ]  0.559763             1
[INPUT] 0    0    [1    /1   ]  0.183273             1
[INPUT] 1    0    [5    /1   ]  589.776           0.002391
                                139.849           0.018504
                                45.1413           0.081377
                                16.8733           0.221552
                                6.7411            0.772569
[INPUT] 1    0    [2    /1   ]  6.7411            -1.572244
                                2.77152           0.992389
[INPUT] 1    0    [1    /1   ]  1.02387              1
[INPUT] 1    0    [1    /1   ]  0.381368             1
[INPUT] 1    0    [1    /1   ]  0.109437             1
[INPUT] 2    0    [1    /1   ]  0.75                 1
[INPUT] H
[INPUT] 0    0    [3    /1   ]  33.865            0.0254938
                                5.09479           0.190373
                                1.15879           0.852161
[INPUT] 0    0    [1    /1   ]  0.32584              1
[INPUT] 0    0    [1    /1   ]  0.102741             1
[INPUT] 1    0    [1    /1   ]  0.75                 1
[INPUT] C
[INPUT] 0    0    [6    /1   ]  4563.24           0.00196665
                                682.024           0.0152306
                                154.973           0.0761269
                                44.4553           0.260801
                                13.029            0.616462
                                1.82773           0.221006
[INPUT] 0    0    [3    /1   ]  20.9642           0.11466
                                4.80331           0.919999
                                1.45933           -0.00303068
[INPUT] 0    0    [1    /1   ]  0.483456             1
[INPUT] 0    0    [1    /1   ]  0.145585             1
[INPUT] 1    0    [3    /1   ]  20.9642           0.0402487
                                4.80331           0.237594
                                1.45933           0.815854
[INPUT] 1    0    [1    /1   ]  0.483456             1
[INPUT] 1    0    [1    /1   ]  0.145585             1
[INPUT] 2    0    [1    /1   ]  0.626                1
[INPUT] N
[INPUT] 0    0    [6    /1   ]  6293.48           0.00196979
                                949.044           0.0149613
                                218.776           0.0735006
                                63.6916           0.248937
                                18.8282           0.60246
                                2.72023           0.256202
[INPUT] 0    0    [3    /1   ]  30.6331           0.111906
                                7.02614           0.921666
                                2.11205           -0.00256919
[INPUT] 0    0    [1    /1   ]  0.684009             1
[INPUT] 0    0    [1    /1   ]  0.200878             1
[INPUT] 1    0    [3    /1   ]  30.6331           0.0383119
                                7.02614           0.237403
                                2.11205           0.817592
[INPUT] 1    0    [1    /1   ]  0.684009             1
[INPUT] 1    0    [1    /1   ]  0.200878             1
[INPUT] 2    0    [1    /1   ]  0.913                1

nuclear repulsion = 381.624380685027
number of shells = 100
number of NR pGTOs = 329
number of NR cGTOs = 200
basis = 6311g**
ecp = {}
CPU time:         0.36


******** <class 'pyscf.dft.rks.RKS'> ********
method = RKS
initial guess = minao
damping factor = 0
level_shift factor = 0
DIIS = <class 'pyscf.scf.diis.CDIIS'>
diis_start_cycle = 1
diis_space = 8
SCF conv_tol = 1e-09
SCF conv_tol_grad = None
SCF max_cycles = 50
direct_scf = True
direct_scf_tol = 1e-13
chkfile to save SCF result = /scratch/global/yangjunjie/tmplgb24i4i
max_memory 127949 MB (current use 82 MB)
XC library pyscf.dft.libxc version 5.2.0
    S. Lehtola, C. Steigemann, M. J. Oliveira, and M. A. Marques, SoftwareX 7, 1 (2018)
XC functionals = b3lyp
    P. A. M. Dirac, Math. Proc. Cambridge Philos. Soc. 26, 376 (1930)
    F. Bloch, Z. Phys. 57, 545 (1929)
    A. D. Becke, Phys. Rev. A 38, 3098 (1988)
    C. Lee, W. Yang, and R. G. Parr, Phys. Rev. B 37, 785 (1988)
    B. Miehlich, A. Savin, H. Stoll, and H. Preuss, Chem. Phys. Lett. 157, 200 (1989)
    S. H. Vosko, L. Wilk, and M. Nusair, Can. J. Phys. 58, 1200 (1980)
radial grids: 
    Treutler-Ahlrichs [JCP 102, 346 (1995); DOI:10.1063/1.469408] (M4) radial grids
    
becke partition: Becke, JCP 88, 2547 (1988); DOI:10.1063/1.454033
pruning grids: <function nwchem_prune at 0x7f9d5d059e50>
grids dens level: 3
symmetrized grids: False
atomic radii adjust function: <function treutler_atomic_radii_adjust at 0x7f9d5d059dc0>
small_rho_cutoff = 1e-07
Set gradient conv threshold to 3.16228e-05
atom C rad-grids = 75, ang-grids = [ 50  50  50  50  50  50  50  50  50  50  50  50  50  50  50  50  50  50
  50  50  50  50  50  86  86  86  86  86  86  86  86  86  86 266 266 266
 266 266 266 266 302 302 302 302 302 302 302 302 302 302 302 302 302 302
 302 302 302 302 302 302 266 266 266 266 266 266 266 266 266 266 266 266
 266 266 266]
atom N rad-grids = 75, ang-grids = [ 50  50  50  50  50  50  50  50  50  50  50  50  50  50  50  50  50  50
  50  50  50  50  50  86  86  86  86  86  86  86  86  86 266 266 266 266
 266 266 266 302 302 302 302 302 302 302 302 302 302 302 302 302 302 302
 302 302 302 302 266 266 266 266 266 266 266 266 266 266 266 266 266 266
 266 266 266]
atom H rad-grids = 50, ang-grids = [ 50  50  50  50  50  50  50  50  50  50  50  50  50  50  86  86  86  86
 266 266 266 266 302 302 302 302 302 302 302 302 302 302 302 302 302 266
 266 266 266 266 266 266 266 266 266 266 266 266 266 266]
atom Cl rad-grids = 80, ang-grids = [ 50  50  50  50  50  50  50  50  50  50  50  50  50  50  50  50  50  50
  50  50  50  50  50  50  86  86  86  86  86  86  86  86  86  86  86  86
  86 350 350 350 350 350 350 350 350 350 434 434 434 434 434 434 434 434
 434 434 434 434 434 434 434 434 434 434 350 350 350 350 350 350 350 350
 350 350 350 350 350 350 350 350]
tot grids = 196530
Drop grids 29894
    CPU time for setting up grids      4.87 sec, wall time      0.22 sec
nelec by numeric integration = 67.9925456356281
    CPU time for vxc      7.99 sec, wall time      0.29 sec
E1 = -1777.1030622700705  Ecoul = 716.8938525076168  Exc = -70.53731968107061
init E= -749.122148758498
cond(S) = 13325.077798132388
    CPU time for initialize scf     26.66 sec, wall time      1.08 sec
  HOMO = -0.292960938916166  LUMO = -0.10111358614203
  mo_energy =
[-1.01496565e+02 -1.43959431e+01 -1.02821379e+01 -1.02814393e+01
 -1.02803624e+01 -1.02773848e+01 -1.02772235e+01 -1.02756829e+01
 -9.51520416e+00 -7.26910411e+00 -7.26818432e+00 -7.26818259e+00
 -1.10725378e+00 -9.37623607e-01 -9.12330760e-01 -8.89472408e-01
 -7.57690247e-01 -7.14843345e-01 -7.03970497e-01 -5.79355996e-01
 -5.34296246e-01 -5.11187271e-01 -4.74768092e-01 -4.73545136e-01
 -4.61678430e-01 -4.56644342e-01 -4.38624050e-01 -4.19248721e-01
 -3.99797433e-01 -3.44249057e-01 -3.42229395e-01 -3.25905904e-01
 -2.97659254e-01 -2.92960939e-01 -1.01113586e-01 -8.36730205e-02
 -4.54904961e-02  1.55379924e-02  3.33046323e-02  4.83134362e-02
  6.30535541e-02  7.16152864e-02  7.69272414e-02  8.85263501e-02
  1.06003015e-01  1.33358865e-01  1.80129162e-01  2.11987512e-01
  2.25782232e-01  2.30960627e-01  2.35907053e-01  2.54071063e-01
  2.63866221e-01  2.70217080e-01  2.79781734e-01  2.80069871e-01
  3.32301498e-01  3.38027641e-01  3.50307346e-01  3.51517461e-01
  3.67578627e-01  3.91449210e-01  4.02531744e-01  4.03476700e-01
  4.29737136e-01  4.34407816e-01  4.71048898e-01  4.79285896e-01
  4.95635838e-01  5.14306117e-01  5.21770864e-01  5.35400174e-01
  5.50957793e-01  5.51516400e-01  5.82103284e-01  5.89553998e-01
  5.96796328e-01  6.36103727e-01  6.73050219e-01  6.86785323e-01
  6.90322858e-01  6.99665016e-01  7.35566103e-01  7.54879157e-01
  7.72165764e-01  7.99029915e-01  8.02200992e-01  8.03826549e-01
  8.09179512e-01  8.17202660e-01  8.42177230e-01  9.02780969e-01
  9.09659987e-01  9.30790616e-01  9.68577243e-01  9.70700970e-01
  1.02033126e+00  1.02536180e+00  1.06021738e+00  1.08597296e+00
  1.08963471e+00  1.12740164e+00  1.14614712e+00  1.23749823e+00
  1.27105989e+00  1.31098220e+00  1.37830807e+00  1.38781010e+00
  1.39454825e+00  1.43171646e+00  1.43735258e+00  1.44319983e+00
  1.48327572e+00  1.49591240e+00  1.53561791e+00  1.54282182e+00
  1.54796384e+00  1.60358236e+00  1.65978381e+00  1.66066351e+00
  1.66594146e+00  1.67876990e+00  1.72587732e+00  1.72730698e+00
  1.73732863e+00  1.74197740e+00  1.77721721e+00  1.83323751e+00
  1.84094173e+00  1.85428625e+00  1.87013817e+00  1.89555814e+00
  1.96796126e+00  1.99137996e+00  2.02055693e+00  2.03996580e+00
  2.05224013e+00  2.08289528e+00  2.12017132e+00  2.12074841e+00
  2.14845255e+00  2.14924272e+00  2.20684121e+00  2.24543199e+00
  2.30676028e+00  2.32345548e+00  2.33080446e+00  2.34352519e+00
  2.39885583e+00  2.39941176e+00  2.42312774e+00  2.45422785e+00
  2.48809482e+00  2.49021272e+00  2.51940378e+00  2.52415395e+00
  2.54705335e+00  2.57216315e+00  2.59383875e+00  2.60291487e+00
  2.61746796e+00  2.65688926e+00  2.69413456e+00  2.69516222e+00
  2.70924306e+00  2.80185865e+00  2.85975029e+00  2.88075533e+00
  2.89656517e+00  2.90640520e+00  2.96511858e+00  3.02639864e+00
  3.09858244e+00  3.24673270e+00  3.33089555e+00  3.37965828e+00
  3.54537948e+00  3.56612951e+00  3.64619953e+00  3.65908896e+00
  3.73382474e+00  3.79394123e+00  3.91992755e+00  3.95557492e+00
  3.99254252e+00  4.32299912e+00  4.38708777e+00  5.17354311e+00
  9.47843182e+00  2.35479757e+01  2.37923495e+01  2.38368570e+01
  2.39417578e+01  2.40197578e+01  2.40636097e+01  2.53854684e+01
  2.53959270e+01  2.59807323e+01  3.55706897e+01  2.15532892e+02]
nelec by numeric integration = 68.00003312605061
    CPU time for vxc      7.04 sec, wall time      0.25 sec
E1 = -1784.3460740203268  Ecoul = 725.3315561683199  Exc = -70.79683776439276
cycle= 1 E= -748.186974931373  delta_E= 0.935  |g|= 0.395  |ddm|= 3.32
    CPU time for cycle= 1      8.71 sec, wall time      0.31 sec
  HOMO = -0.204096091915407  LUMO = -0.00856385434349007
  mo_energy =
[-1.01369360e+02 -1.41892375e+01 -1.01919090e+01 -1.01913335e+01
 -1.01641827e+01 -1.01320011e+01 -1.00974859e+01 -1.00972049e+01
 -9.29802766e+00 -7.06034641e+00 -7.05145876e+00 -7.05144768e+00
 -9.19937908e-01 -7.74308632e-01 -7.56217371e-01 -7.50926365e-01
 -6.25140984e-01 -6.17557780e-01 -6.12064208e-01 -5.25131484e-01
 -4.67825958e-01 -4.59071834e-01 -4.30559012e-01 -4.14160974e-01
 -4.07882137e-01 -3.89745737e-01 -3.82140210e-01 -3.56391989e-01
 -3.24955201e-01 -2.66148802e-01 -2.56241738e-01 -2.17804672e-01
 -2.17157476e-01 -2.04096092e-01 -8.56385434e-03 -7.04685594e-03
  3.46252529e-02  5.85554713e-02  6.38255473e-02  9.01504523e-02
  9.32032873e-02  9.43249231e-02  1.26431233e-01  1.26799391e-01
  1.55222568e-01  1.62788683e-01  2.40285291e-01  2.66751807e-01
  2.76608702e-01  2.85750586e-01  3.07606778e-01  3.11235332e-01
  3.20634098e-01  3.33925434e-01  3.39428614e-01  3.59097284e-01
  3.87272246e-01  3.89865151e-01  3.95745497e-01  4.06463262e-01
  4.20735033e-01  4.39662170e-01  4.41958625e-01  4.60173405e-01
  4.67803768e-01  5.07704620e-01  5.23880104e-01  5.38723578e-01
  5.48900587e-01  5.64041484e-01  5.90580800e-01  5.98337044e-01
  6.12412548e-01  6.14965035e-01  6.44340197e-01  6.48154097e-01
  6.63423724e-01  6.90828593e-01  7.33831788e-01  7.36613677e-01
  7.50384823e-01  7.72757460e-01  7.99644571e-01  8.21169536e-01
  8.56955911e-01  8.68331390e-01  8.95822659e-01  9.24545671e-01
  9.28043981e-01  9.69574465e-01  9.76783960e-01  9.86406610e-01
  9.87336770e-01  1.00785906e+00  1.01654877e+00  1.04983601e+00
  1.06227594e+00  1.08077386e+00  1.11452578e+00  1.18125674e+00
  1.18608661e+00  1.20262915e+00  1.21523776e+00  1.31677799e+00
  1.34175466e+00  1.37314463e+00  1.43223589e+00  1.45494189e+00
  1.46497288e+00  1.50094915e+00  1.50792535e+00  1.51087581e+00
  1.54102734e+00  1.56080248e+00  1.59593673e+00  1.59629603e+00
  1.59998936e+00  1.65030313e+00  1.69630217e+00  1.71346753e+00
  1.74455017e+00  1.74494684e+00  1.76634734e+00  1.78437076e+00
  1.78709956e+00  1.80229963e+00  1.85146965e+00  1.88540982e+00
  1.91026873e+00  1.93007311e+00  1.94676663e+00  1.97522950e+00
  2.04869027e+00  2.07753333e+00  2.10053368e+00  2.11140771e+00
  2.14230304e+00  2.15991444e+00  2.18501559e+00  2.19984967e+00
  2.27587173e+00  2.28143636e+00  2.28156814e+00  2.31090127e+00
  2.38040262e+00  2.39823670e+00  2.41739526e+00  2.44176495e+00
  2.46248748e+00  2.47335327e+00  2.50934494e+00  2.53546684e+00
  2.55321341e+00  2.57311788e+00  2.57977818e+00  2.60021687e+00
  2.61216144e+00  2.62292612e+00  2.62607439e+00  2.64097640e+00
  2.67114584e+00  2.73860277e+00  2.77670038e+00  2.79127997e+00
  2.80335176e+00  2.88620396e+00  2.94338400e+00  2.97779158e+00
  3.00230785e+00  3.00833195e+00  3.04383940e+00  3.13241901e+00
  3.22062781e+00  3.35832664e+00  3.43751180e+00  3.48528149e+00
  3.64257762e+00  3.66038087e+00  3.73436793e+00  3.74614246e+00
  3.81519718e+00  3.93451840e+00  4.00637613e+00  4.03949773e+00
  4.08578678e+00  4.43647547e+00  4.53038634e+00  5.30364452e+00
  9.67916570e+00  2.36784543e+01  2.38975110e+01  2.39501178e+01
  2.40475135e+01  2.41560877e+01  2.42152897e+01  2.55855489e+01
  2.55959019e+01  2.61652667e+01  3.57664712e+01  2.15656450e+02]
nelec by numeric integration = 68.00003490987424
    CPU time for vxc      7.28 sec, wall time      0.26 sec
E1 = -1776.5458494570298  Ecoul = 716.9331412449083  Exc = -70.19710792103943
cycle= 2 E= -748.185435448134  delta_E= 0.00154  |g|= 0.428  |ddm|= 0.826
    CPU time for cycle= 2      8.97 sec, wall time      0.32 sec
  HOMO = -0.261883652435258  LUMO = -0.0484977583268278
  mo_energy =
[-1.01498720e+02 -1.43406379e+01 -1.02131962e+01 -1.02129029e+01
 -1.02053205e+01 -1.01989443e+01 -1.01987761e+01 -1.01951678e+01
 -9.40614555e+00 -7.17060305e+00 -7.16183063e+00 -7.16181881e+00
 -9.76738657e-01 -8.26298325e-01 -7.95873859e-01 -7.87268695e-01
 -6.57637118e-01 -6.56497123e-01 -6.42575298e-01 -5.50285540e-01
 -5.05491311e-01 -4.90316825e-01 -4.55721764e-01 -4.35359213e-01
 -4.26715239e-01 -4.21578705e-01 -4.15211463e-01 -3.90357949e-01
 -3.63955194e-01 -3.12874940e-01 -2.87093963e-01 -2.63260732e-01
 -2.62218022e-01 -2.61883652e-01 -4.84977583e-02 -3.66184569e-02
  2.56006346e-02  4.84164397e-02  5.98071930e-02  6.54972152e-02
  8.82947619e-02  9.02465308e-02  1.13445367e-01  1.22924235e-01
  1.27190503e-01  1.58448198e-01  2.16790299e-01  2.46262897e-01
  2.58810099e-01  2.66326013e-01  2.89260774e-01  3.00810348e-01
  3.02833194e-01  3.13091485e-01  3.19645912e-01  3.35741163e-01
  3.66033952e-01  3.69514829e-01  3.71445538e-01  3.85027457e-01
  3.98740157e-01  4.20398111e-01  4.23612956e-01  4.36930643e-01
  4.49982133e-01  4.82998137e-01  5.04396021e-01  5.26130039e-01
  5.33259306e-01  5.39454949e-01  5.64838967e-01  5.78165190e-01
  5.88144366e-01  5.99781984e-01  6.21646244e-01  6.31588047e-01
  6.35033576e-01  6.73096405e-01  7.13960785e-01  7.14164339e-01
  7.17325864e-01  7.41891809e-01  7.70039195e-01  7.96836241e-01
  8.29191154e-01  8.41089451e-01  8.63335265e-01  8.83203274e-01
  8.98028076e-01  9.25686166e-01  9.28603619e-01  9.38817247e-01
  9.49473025e-01  9.79225804e-01  9.90500070e-01  1.01101827e+00
  1.04076658e+00  1.05663922e+00  1.09249152e+00  1.14650905e+00
  1.15567268e+00  1.17908356e+00  1.19062841e+00  1.27953932e+00
  1.31183730e+00  1.34119903e+00  1.42668488e+00  1.42796448e+00
  1.43662059e+00  1.47809137e+00  1.49071074e+00  1.49917679e+00
  1.52178345e+00  1.52803963e+00  1.57018483e+00  1.57702613e+00
  1.58319073e+00  1.63743138e+00  1.68249686e+00  1.69546193e+00
  1.72491473e+00  1.73186807e+00  1.75241063e+00  1.76317837e+00
  1.76562714e+00  1.77891901e+00  1.82891273e+00  1.86763444e+00
  1.87976999e+00  1.90351577e+00  1.91395735e+00  1.94808229e+00
  2.01964103e+00  2.03940742e+00  2.07310270e+00  2.09060755e+00
  2.12079519e+00  2.13340371e+00  2.16264023e+00  2.16583698e+00
  2.23394780e+00  2.23422083e+00  2.24983986e+00  2.29029610e+00
  2.35356179e+00  2.37739627e+00  2.38391351e+00  2.40958576e+00
  2.45294460e+00  2.45364813e+00  2.48288346e+00  2.52018620e+00
  2.54234672e+00  2.54364826e+00  2.56274579e+00  2.57259768e+00
  2.57919843e+00  2.60095275e+00  2.61560790e+00  2.63219516e+00
  2.64992516e+00  2.70256696e+00  2.74148406e+00  2.74807970e+00
  2.75672552e+00  2.84866199e+00  2.91168266e+00  2.93911967e+00
  2.95691737e+00  2.95723083e+00  3.02059047e+00  3.10403448e+00
  3.16576590e+00  3.31188443e+00  3.39266572e+00  3.43821915e+00
  3.60501078e+00  3.62016762e+00  3.71989068e+00  3.73073810e+00
  3.78295658e+00  3.84356651e+00  3.97006531e+00  4.00439845e+00
  4.04500649e+00  4.38198587e+00  4.44906145e+00  5.23091609e+00
  9.58583667e+00  2.36145643e+01  2.38676598e+01  2.39014750e+01
  2.40034185e+01  2.40862228e+01  2.41342615e+01  2.54981979e+01
  2.55085748e+01  2.60780215e+01  3.56208906e+01  2.15530812e+02]
nelec by numeric integration = 68.00003335396212
    CPU time for vxc      7.24 sec, wall time      0.26 sec
E1 = -1780.4464433459723  Ecoul = 721.0863680378277  Exc = -70.49230004718834
cycle= 3 E= -748.227994670306  delta_E= -0.0426  |g|= 0.0754  |ddm|=  0.4
    CPU time for cycle= 3      9.58 sec, wall time      0.34 sec
  HOMO = -0.259837229464749  LUMO = -0.0477810680415197
  mo_energy =
[-1.01511043e+02 -1.43131207e+01 -1.02281204e+01 -1.02280479e+01
 -1.02127210e+01 -1.02109724e+01 -1.02038616e+01 -1.02037106e+01
 -9.42085624e+00 -7.18513387e+00 -7.17641216e+00 -7.17640003e+00
 -9.71370014e-01 -8.26690936e-01 -8.04307021e-01 -7.90062999e-01
 -6.62629116e-01 -6.57345174e-01 -6.46732839e-01 -5.52243692e-01
 -5.07103197e-01 -4.92334910e-01 -4.58645176e-01 -4.36636787e-01
 -4.27975146e-01 -4.26269631e-01 -4.17325316e-01 -3.92034267e-01
 -3.71354195e-01 -3.11220656e-01 -2.90076510e-01 -2.71216330e-01
 -2.70564973e-01 -2.59837229e-01 -4.77810680e-02 -3.89659294e-02
  2.37633868e-02  4.61600702e-02  5.91485151e-02  6.18309055e-02
  8.79308109e-02  8.96461419e-02  1.13217753e-01  1.22302996e-01
  1.25425971e-01  1.57123878e-01  2.16900468e-01  2.45217433e-01
  2.58171467e-01  2.65967294e-01  2.87607305e-01  2.98275941e-01
  2.98634541e-01  3.10601012e-01  3.16721191e-01  3.31210106e-01
  3.64819583e-01  3.67944779e-01  3.70492180e-01  3.83411654e-01
  3.98093854e-01  4.19115921e-01  4.22469853e-01  4.35757713e-01
  4.48492224e-01  4.81773160e-01  5.02856640e-01  5.24184266e-01
  5.31519528e-01  5.38594332e-01  5.63592253e-01  5.75400217e-01
  5.86554528e-01  5.96303226e-01  6.20447117e-01  6.29671258e-01
  6.33818030e-01  6.69862493e-01  7.12788618e-01  7.16435847e-01
  7.16904509e-01  7.39337280e-01  7.69554650e-01  7.93378656e-01
  8.28655495e-01  8.37163227e-01  8.58762719e-01  8.76463602e-01
  8.92772922e-01  9.16213988e-01  9.17819340e-01  9.36964170e-01
  9.46821186e-01  9.77117215e-01  9.90121467e-01  1.00872220e+00
  1.04131837e+00  1.05472588e+00  1.09024430e+00  1.14277882e+00
  1.15144731e+00  1.17779302e+00  1.18659029e+00  1.28081733e+00
  1.31115588e+00  1.34193078e+00  1.42465125e+00  1.42599522e+00
  1.43502316e+00  1.47742140e+00  1.48683428e+00  1.49558957e+00
  1.52087699e+00  1.52672848e+00  1.56885570e+00  1.57602958e+00
  1.58134671e+00  1.63563613e+00  1.68182243e+00  1.69356525e+00
  1.72143268e+00  1.72918567e+00  1.75096887e+00  1.76144422e+00
  1.76577935e+00  1.77865446e+00  1.82632599e+00  1.86607486e+00
  1.87797450e+00  1.90163484e+00  1.91150734e+00  1.94565201e+00
  2.01786726e+00  2.03823135e+00  2.07144863e+00  2.08619388e+00
  2.11664341e+00  2.13077260e+00  2.16329929e+00  2.16510364e+00
  2.22594229e+00  2.22599405e+00  2.24983776e+00  2.28811203e+00
  2.35189920e+00  2.37902080e+00  2.38065268e+00  2.40442459e+00
  2.44987434e+00  2.45012972e+00  2.47808485e+00  2.51595752e+00
  2.53901630e+00  2.54163775e+00  2.56069935e+00  2.56954784e+00
  2.57794075e+00  2.59979904e+00  2.61527208e+00  2.63112631e+00
  2.64924456e+00  2.70325095e+00  2.73698022e+00  2.74733209e+00
  2.75612789e+00  2.84539109e+00  2.90928068e+00  2.93976025e+00
  2.95413895e+00  2.95747332e+00  3.01895167e+00  3.09525069e+00
  3.16317955e+00  3.30715664e+00  3.38877857e+00  3.43558919e+00
  3.60486282e+00  3.62005842e+00  3.71398116e+00  3.72513509e+00
  3.78157094e+00  3.85837890e+00  3.96729800e+00  4.00209729e+00
  4.04259904e+00  4.38117240e+00  4.45969349e+00  5.23882218e+00
  9.57226761e+00  2.36064366e+01  2.38527620e+01  2.38916910e+01
  2.39925522e+01  2.40775065e+01  2.41278469e+01  2.54850026e+01
  2.54953809e+01  2.60649268e+01  3.56472226e+01  2.15518354e+02]
nelec by numeric integration = 68.00003344810717
    CPU time for vxc      8.25 sec, wall time      0.32 sec
E1 = -1780.6406239572084  Ecoul = 721.2953899848927  Exc = -70.50808002729383
cycle= 4 E= -748.228933314583  delta_E= -0.000939  |g|= 0.0346  |ddm|= 0.0638
    CPU time for cycle= 4     10.22 sec, wall time      0.39 sec
  HOMO = -0.26307583430794  LUMO = -0.0471809973011557
  mo_energy =
[-1.01501467e+02 -1.43236466e+01 -1.02262671e+01 -1.02261946e+01
 -1.02112166e+01 -1.02078190e+01 -1.01987505e+01 -1.01987251e+01
 -9.41534987e+00 -7.17923688e+00 -7.17055795e+00 -7.17054595e+00
 -9.72653319e-01 -8.24272829e-01 -8.03446075e-01 -7.88405794e-01
 -6.63031089e-01 -6.56920560e-01 -6.45355538e-01 -5.51019461e-01
 -5.05979222e-01 -4.91092976e-01 -4.57171986e-01 -4.37605864e-01
 -4.27714474e-01 -4.26384690e-01 -4.17451036e-01 -3.90818770e-01
 -3.70975373e-01 -3.10306841e-01 -2.88141343e-01 -2.70594614e-01
 -2.69943073e-01 -2.63075834e-01 -4.71809973e-02 -3.73720559e-02
  2.41449306e-02  4.67257936e-02  5.95604264e-02  6.12738990e-02
  8.81981352e-02  9.00239522e-02  1.12988929e-01  1.22456449e-01
  1.25612135e-01  1.56711207e-01  2.17365630e-01  2.46786681e-01
  2.59387423e-01  2.66728684e-01  2.88183507e-01  2.97364372e-01
  2.98714048e-01  3.10260837e-01  3.16686721e-01  3.31145887e-01
  3.65410262e-01  3.68686152e-01  3.72367979e-01  3.84215635e-01
  3.99835506e-01  4.20566771e-01  4.23056894e-01  4.36944502e-01
  4.49715566e-01  4.81202064e-01  5.03842024e-01  5.23079514e-01
  5.31713197e-01  5.40270656e-01  5.64713154e-01  5.76061810e-01
  5.88034475e-01  5.95473800e-01  6.21183191e-01  6.29446347e-01
  6.35202689e-01  6.70510020e-01  7.14421394e-01  7.14732550e-01
  7.18106365e-01  7.40459275e-01  7.70427064e-01  7.94142926e-01
  8.28809408e-01  8.36888659e-01  8.58715972e-01  8.76811601e-01
  8.93344043e-01  9.17278558e-01  9.18951291e-01  9.38815472e-01
  9.47370541e-01  9.76951053e-01  9.91216559e-01  1.01097921e+00
  1.04075875e+00  1.05649306e+00  1.09196572e+00  1.14319322e+00
  1.15076640e+00  1.17785420e+00  1.18577671e+00  1.27948745e+00
  1.31100882e+00  1.34249953e+00  1.42305755e+00  1.42763456e+00
  1.43667653e+00  1.47886713e+00  1.48562073e+00  1.49459898e+00
  1.52261407e+00  1.52789445e+00  1.57002062e+00  1.57706393e+00
  1.58204489e+00  1.63545572e+00  1.68289104e+00  1.69461388e+00
  1.72104865e+00  1.72833838e+00  1.75198391e+00  1.76219863e+00
  1.76647817e+00  1.77938800e+00  1.82591980e+00  1.86738326e+00
  1.87997913e+00  1.90284819e+00  1.91304862e+00  1.94602084e+00
  2.01802692e+00  2.04011234e+00  2.07260771e+00  2.08589461e+00
  2.11645954e+00  2.13098341e+00  2.16452863e+00  2.16504520e+00
  2.22658200e+00  2.22674751e+00  2.25103535e+00  2.28951222e+00
  2.35299702e+00  2.37792754e+00  2.38000834e+00  2.40561236e+00
  2.44868894e+00  2.45037980e+00  2.47751160e+00  2.51506574e+00
  2.53839900e+00  2.54151938e+00  2.56080401e+00  2.57220915e+00
  2.57904082e+00  2.60057889e+00  2.61642640e+00  2.63130838e+00
  2.65049242e+00  2.70267448e+00  2.73903848e+00  2.74886377e+00
  2.75722289e+00  2.84594174e+00  2.91051979e+00  2.93911462e+00
  2.95691496e+00  2.95709198e+00  3.01824183e+00  3.09493426e+00
  3.16545787e+00  3.30967810e+00  3.39139240e+00  3.43882129e+00
  3.60461078e+00  3.61946879e+00  3.71271045e+00  3.72385784e+00
  3.78121807e+00  3.85221533e+00  3.96951585e+00  4.00466676e+00
  4.04409367e+00  4.38277748e+00  4.45492093e+00  5.23568127e+00
  9.57651267e+00  2.36102515e+01  2.38524516e+01  2.38947297e+01
  2.39956103e+01  2.40810915e+01  2.41323836e+01  2.54886692e+01
  2.54990490e+01  2.60687468e+01  3.56371702e+01  2.15527382e+02]
nelec by numeric integration = 68.00003344286327
    CPU time for vxc      7.47 sec, wall time      0.27 sec
E1 = -1780.5869041443098  Ecoul = 721.2375209467554  Exc = -70.50413786249601
cycle= 5 E= -748.229140375024  delta_E= -0.000207  |g|= 0.013  |ddm|= 0.0354
    CPU time for cycle= 5      9.25 sec, wall time      0.33 sec
  HOMO = -0.26154640558114  LUMO = -0.0467992829510395
  mo_energy =
[-1.01500177e+02 -1.43203129e+01 -1.02236791e+01 -1.02236435e+01
 -1.02097276e+01 -1.02081654e+01 -1.02002975e+01 -1.02002562e+01
 -9.41461144e+00 -7.17845208e+00 -7.16976976e+00 -7.16975766e+00
 -9.71057241e-01 -8.24735363e-01 -8.02976986e-01 -7.87816667e-01
 -6.62092174e-01 -6.56350553e-01 -6.45052389e-01 -5.50807953e-01
 -5.05621795e-01 -4.91038683e-01 -4.56837095e-01 -4.36505131e-01
 -4.27130048e-01 -4.26048423e-01 -4.16606176e-01 -3.90751386e-01
 -3.70364662e-01 -3.10263691e-01 -2.87809271e-01 -2.70379833e-01
 -2.69726349e-01 -2.61546406e-01 -4.67992830e-02 -3.70392434e-02
  2.45168581e-02  4.68923831e-02  5.98236281e-02  6.19510981e-02
  8.83634934e-02  9.01556016e-02  1.13537059e-01  1.22712348e-01
  1.26096399e-01  1.57218662e-01  2.17798020e-01  2.46624461e-01
  2.59323288e-01  2.66947805e-01  2.88510576e-01  2.98009450e-01
  2.99093872e-01  3.10780285e-01  3.16972781e-01  3.31280581e-01
  3.65737222e-01  3.69019585e-01  3.72231314e-01  3.84377616e-01
  3.99538088e-01  4.20770552e-01  4.23142228e-01  4.37190869e-01
  4.49906931e-01  4.82210746e-01  5.04200189e-01  5.23917268e-01
  5.32473784e-01  5.40003081e-01  5.64893934e-01  5.76494273e-01
  5.87833298e-01  5.96431281e-01  6.21388017e-01  6.30355289e-01
  6.35073294e-01  6.70974309e-01  7.14228295e-01  7.16016466e-01
  7.17797166e-01  7.40578663e-01  7.70745679e-01  7.94496930e-01
  8.29469644e-01  8.37641122e-01  8.59405079e-01  8.77364847e-01
  8.93756659e-01  9.17450340e-01  9.19121057e-01  9.38655793e-01
  9.47660533e-01  9.77536778e-01  9.91288787e-01  1.01082816e+00
  1.04165338e+00  1.05652910e+00  1.09192545e+00  1.14365373e+00
  1.15163337e+00  1.17877929e+00  1.18672980e+00  1.28039196e+00
  1.31193438e+00  1.34303122e+00  1.42389319e+00  1.42782715e+00
  1.43656169e+00  1.47887970e+00  1.48662936e+00  1.49552893e+00
  1.52222883e+00  1.52810351e+00  1.57020991e+00  1.57718687e+00
  1.58233937e+00  1.63637330e+00  1.68298422e+00  1.69498408e+00
  1.72177859e+00  1.72912107e+00  1.75226620e+00  1.76244367e+00
  1.76665242e+00  1.77952629e+00  1.82676813e+00  1.86744723e+00
  1.87953605e+00  1.90280679e+00  1.91336082e+00  1.94644212e+00
  2.01874876e+00  2.03989027e+00  2.07299182e+00  2.08660406e+00
  2.11721751e+00  2.13188468e+00  2.16443038e+00  2.16570363e+00
  2.22708721e+00  2.22721152e+00  2.25091406e+00  2.28976953e+00
  2.35322622e+00  2.37921621e+00  2.38091271e+00  2.40589372e+00
  2.44970626e+00  2.45077073e+00  2.47846141e+00  2.51628239e+00
  2.53943161e+00  2.54256523e+00  2.56139295e+00  2.57183452e+00
  2.57913950e+00  2.60071405e+00  2.61619198e+00  2.63170493e+00
  2.65041645e+00  2.70366062e+00  2.73929939e+00  2.74886170e+00
  2.75726483e+00  2.84714345e+00  2.91110926e+00  2.94009747e+00
  2.95652222e+00  2.95813213e+00  3.01901692e+00  3.09640408e+00
  3.16512550e+00  3.30977423e+00  3.39125614e+00  3.43796256e+00
  3.60570895e+00  3.62072982e+00  3.71415847e+00  3.72533745e+00
  3.78273140e+00  3.85458918e+00  3.96933600e+00  4.00400318e+00
  4.04445144e+00  4.38274660e+00  4.45700300e+00  5.23751796e+00
  9.57709600e+00  2.36099417e+01  2.38553219e+01  2.38955325e+01
  2.39962330e+01  2.40812834e+01  2.41312305e+01  2.54891699e+01
  2.54995496e+01  2.60692851e+01  3.56404243e+01  2.15528602e+02]
nelec by numeric integration = 68.00003345007063
    CPU time for vxc      7.05 sec, wall time      0.25 sec
E1 = -1780.5375972244578  Ecoul = 721.1850593744903  Exc = -70.50102342997346
cycle= 6 E= -748.229180594914  delta_E= -4.02e-05  |g|= 0.00425  |ddm|= 0.0138
    CPU time for cycle= 6      8.67 sec, wall time      0.31 sec
  HOMO = -0.261871352444919  LUMO = -0.0468699038159785
  mo_energy =
[-1.01500807e+02 -1.43209070e+01 -1.02246338e+01 -1.02246093e+01
 -1.02089763e+01 -1.02086400e+01 -1.02001141e+01 -1.02000705e+01
 -9.41501097e+00 -7.17887081e+00 -7.17019185e+00 -7.17017976e+00
 -9.71641368e-01 -8.24683989e-01 -8.03263567e-01 -7.88100682e-01
 -6.62254819e-01 -6.56506575e-01 -6.45144662e-01 -5.50874198e-01
 -5.05782567e-01 -4.91031587e-01 -4.57032858e-01 -4.36790590e-01
 -4.27198858e-01 -4.26169906e-01 -4.16875301e-01 -3.90788824e-01
 -3.70565784e-01 -3.10284343e-01 -2.88027594e-01 -2.70566877e-01
 -2.69913436e-01 -2.61871352e-01 -4.68699038e-02 -3.72019667e-02
  2.44423713e-02  4.68697832e-02  5.97855338e-02  6.18197282e-02
  8.83736185e-02  9.01705362e-02  1.13410549e-01  1.22684716e-01
  1.25964408e-01  1.57107025e-01  2.17650182e-01  2.46676804e-01
  2.59358481e-01  2.66890484e-01  2.88407044e-01  2.97826511e-01
  2.98980163e-01  3.10621105e-01  3.16867151e-01  3.31144404e-01
  3.65626407e-01  3.68906232e-01  3.72215565e-01  3.84323910e-01
  3.99632468e-01  4.20661668e-01  4.23138257e-01  4.37053501e-01
  4.49842301e-01  4.81927346e-01  5.04075038e-01  5.23751139e-01
  5.32275915e-01  5.40073492e-01  5.64828442e-01  5.76374286e-01
  5.87871285e-01  5.96210498e-01  6.21335920e-01  6.30148170e-01
  6.35046355e-01  6.70824794e-01  7.14282242e-01  7.15746054e-01
  7.17896488e-01  7.40544708e-01  7.70605479e-01  7.94371290e-01
  8.29267864e-01  8.37441426e-01  8.59230301e-01  8.77149763e-01
  8.93609971e-01  9.17269863e-01  9.18921803e-01  9.38638801e-01
  9.47566235e-01  9.77359508e-01  9.91237796e-01  1.01079596e+00
  1.04143697e+00  1.05644631e+00  1.09193710e+00  1.14345136e+00
  1.15140736e+00  1.17851050e+00  1.18649409e+00  1.28021533e+00
  1.31164876e+00  1.34280868e+00  1.42371453e+00  1.42767518e+00
  1.43657559e+00  1.47884515e+00  1.48640925e+00  1.49532571e+00
  1.52235655e+00  1.52804037e+00  1.57016400e+00  1.57715871e+00
  1.58230847e+00  1.63618291e+00  1.68297649e+00  1.69487567e+00
  1.72159606e+00  1.72892498e+00  1.75216181e+00  1.76238823e+00
  1.76663407e+00  1.77949189e+00  1.82653854e+00  1.86743542e+00
  1.87966107e+00  1.90283736e+00  1.91322730e+00  1.94634081e+00
  2.01854265e+00  2.03992933e+00  2.07281712e+00  2.08638709e+00
  2.11697413e+00  2.13160609e+00  2.16443009e+00  2.16556851e+00
  2.22687748e+00  2.22700346e+00  2.25097035e+00  2.28964731e+00
  2.35317524e+00  2.37886318e+00  2.38072874e+00  2.40580657e+00
  2.44950021e+00  2.45071588e+00  2.47826413e+00  2.51601457e+00
  2.53923695e+00  2.54227055e+00  2.56130469e+00  2.57185358e+00
  2.57911871e+00  2.60074138e+00  2.61631424e+00  2.63168121e+00
  2.65045290e+00  2.70339777e+00  2.73919352e+00  2.74877422e+00
  2.75726780e+00  2.84670187e+00  2.91086005e+00  2.93983830e+00
  2.95651802e+00  2.95786050e+00  3.01884584e+00  3.09608364e+00
  3.16516560e+00  3.30960275e+00  3.39118627e+00  3.43814004e+00
  3.60539554e+00  3.62037356e+00  3.71388965e+00  3.72505873e+00
  3.78225795e+00  3.85407564e+00  3.96932091e+00  4.00419027e+00
  4.04427888e+00  4.38271587e+00  4.45656495e+00  5.23704157e+00
  9.57676019e+00  2.36099167e+01  2.38548638e+01  2.38950813e+01
  2.39959977e+01  2.40809856e+01  2.41314475e+01  2.54888597e+01
  2.54992395e+01  2.60689760e+01  3.56398311e+01  2.15528005e+02]
nelec by numeric integration = 68.00003345227408
    CPU time for vxc      7.06 sec, wall time      0.25 sec
E1 = -1780.5583881693392  Ecoul = 721.2068342216943  Exc = -70.50201200344668
cycle= 7 E= -748.229185266065  delta_E= -4.67e-06  |g|= 0.000641  |ddm|= 0.0036
    CPU time for cycle= 7      8.66 sec, wall time      0.31 sec
  HOMO = -0.261851355776136  LUMO = -0.0468639459199535
  mo_energy =
[-1.01501146e+02 -1.43208668e+01 -1.02245277e+01 -1.02244876e+01
 -1.02091497e+01 -1.02088651e+01 -1.02000180e+01 -1.01999829e+01
 -9.41517390e+00 -7.17905168e+00 -7.17037035e+00 -7.17035827e+00
 -9.71597146e-01 -8.24693286e-01 -8.03296746e-01 -7.88046227e-01
 -6.62294756e-01 -6.56483192e-01 -6.45130257e-01 -5.50865302e-01
 -5.05756376e-01 -4.91009431e-01 -4.56995260e-01 -4.36803189e-01
 -4.27230068e-01 -4.26201437e-01 -4.16874510e-01 -3.90776741e-01
 -3.70598913e-01 -3.10290920e-01 -2.87981962e-01 -2.70587956e-01
 -2.69934497e-01 -2.61851356e-01 -4.68639459e-02 -3.71672962e-02
  2.44328277e-02  4.68438213e-02  5.97947601e-02  6.18033182e-02
  8.83693213e-02  9.01689827e-02  1.13417056e-01  1.22687930e-01
  1.25971743e-01  1.57105663e-01  2.17662531e-01  2.46677442e-01
  2.59358105e-01  2.66900024e-01  2.88414442e-01  2.97818925e-01
  2.98976666e-01  3.10618952e-01  3.16868900e-01  3.31144220e-01
  3.65642574e-01  3.68925507e-01  3.72219620e-01  3.84336519e-01
  3.99620060e-01  4.20687716e-01  4.23138358e-01  4.37061940e-01
  4.49839865e-01  4.81935588e-01  5.04094635e-01  5.23737415e-01
  5.32304911e-01  5.40068068e-01  5.64827736e-01  5.76377653e-01
  5.87874466e-01  5.96181087e-01  6.21332330e-01  6.30156983e-01
  6.35060450e-01  6.70829802e-01  7.14282539e-01  7.15756462e-01
  7.17888868e-01  7.40547601e-01  7.70614350e-01  7.94374253e-01
  8.29278583e-01  8.37429783e-01  8.59222951e-01  8.77129765e-01
  8.93596727e-01  9.17253819e-01  9.18902631e-01  9.38642595e-01
  9.47561956e-01  9.77349931e-01  9.91240572e-01  1.01080828e+00
  1.04145532e+00  1.05647291e+00  1.09193524e+00  1.14344236e+00
  1.15138811e+00  1.17853976e+00  1.18647729e+00  1.28022422e+00
  1.31167850e+00  1.34282971e+00  1.42369816e+00  1.42770407e+00
  1.43657770e+00  1.47884498e+00  1.48637573e+00  1.49529611e+00
  1.52234823e+00  1.52804756e+00  1.57017454e+00  1.57717334e+00
  1.58231328e+00  1.63620267e+00  1.68298472e+00  1.69489534e+00
  1.72157498e+00  1.72890779e+00  1.75218374e+00  1.76239109e+00
  1.76663109e+00  1.77949624e+00  1.82653221e+00  1.86744865e+00
  1.87965308e+00  1.90282701e+00  1.91325547e+00  1.94634317e+00
  2.01856537e+00  2.03993156e+00  2.07284023e+00  2.08636305e+00
  2.11695775e+00  2.13162533e+00  2.16442514e+00  2.16558368e+00
  2.22683847e+00  2.22696414e+00  2.25095697e+00  2.28967827e+00
  2.35319254e+00  2.37889577e+00  2.38070823e+00  2.40577204e+00
  2.44947262e+00  2.45068607e+00  2.47822660e+00  2.51597646e+00
  2.53921553e+00  2.54229489e+00  2.56130421e+00  2.57186938e+00
  2.57913387e+00  2.60074157e+00  2.61630923e+00  2.63168351e+00
  2.65046203e+00  2.70342324e+00  2.73918659e+00  2.74881999e+00
  2.75726989e+00  2.84676126e+00  2.91090162e+00  2.93985999e+00
  2.95653135e+00  2.95789025e+00  3.01883921e+00  3.09599725e+00
  3.16517532e+00  3.30965175e+00  3.39121076e+00  3.43812659e+00
  3.60543072e+00  3.62040907e+00  3.71382278e+00  3.72499802e+00
  3.78231006e+00  3.85410995e+00  3.96934733e+00  4.00417512e+00
  4.04431343e+00  4.38272728e+00  4.45660250e+00  5.23708444e+00
  9.57663885e+00  2.36099397e+01  2.38546543e+01  2.38951772e+01
  2.39959950e+01  2.40810808e+01  2.41314551e+01  2.54887593e+01
  2.54991390e+01  2.60688670e+01  3.56398701e+01  2.15527689e+02]
nelec by numeric integration = 68.00003345917834
    CPU time for vxc      7.19 sec, wall time      0.26 sec
E1 = -1780.5589199199571  Ecoul = 721.2074735480721  Exc = -70.502119653982
cycle= 8 E= -748.229185340841  delta_E= -7.48e-08  |g|= 0.000249  |ddm|= 0.000561
    CPU time for cycle= 8      8.85 sec, wall time      0.32 sec
  HOMO = -0.261854151687535  LUMO = -0.0468603514056948
  mo_energy =
[-1.01501189e+02 -1.43208726e+01 -1.02245306e+01 -1.02244994e+01
 -1.02090866e+01 -1.02088029e+01 -1.02000599e+01 -1.02000186e+01
 -9.41518205e+00 -7.17906401e+00 -7.17038129e+00 -7.17036922e+00
 -9.71599183e-01 -8.24686926e-01 -8.03273219e-01 -7.88055419e-01
 -6.62277052e-01 -6.56488015e-01 -6.45129410e-01 -5.50863447e-01
 -5.05759388e-01 -4.91020150e-01 -4.57003253e-01 -4.36789194e-01
 -4.27212775e-01 -4.26183791e-01 -4.16865773e-01 -3.90780273e-01
 -3.70584072e-01 -3.10284846e-01 -2.87991141e-01 -2.70575154e-01
 -2.69921747e-01 -2.61854152e-01 -4.68603514e-02 -3.71755059e-02
  2.44399007e-02  4.68542132e-02  5.97923608e-02  6.18135732e-02
  8.83717241e-02  9.01696888e-02  1.13420688e-01  1.22688523e-01
  1.25975139e-01  1.57111645e-01  2.17662543e-01  2.46678134e-01
  2.59357783e-01  2.66898221e-01  2.88414071e-01  2.97830807e-01
  2.98978777e-01  3.10625464e-01  3.16872553e-01  3.31150879e-01
  3.65640346e-01  3.68922007e-01  3.72220213e-01  3.84334667e-01
  3.99624321e-01  4.20681578e-01  4.23139037e-01  4.37065785e-01
  4.49845109e-01  4.81941067e-01  5.04091209e-01  5.23749006e-01
  5.32301214e-01  5.40069234e-01  5.64832581e-01  5.76381130e-01
  5.87871671e-01  5.96199248e-01  6.21336978e-01  6.30160391e-01
  6.35054726e-01  6.70835620e-01  7.14282070e-01  7.15759517e-01
  7.17890001e-01  7.40549426e-01  7.70615829e-01  7.94378258e-01
  8.29280583e-01  8.37440533e-01  8.59230162e-01  8.77142659e-01
  8.93605393e-01  9.17266789e-01  9.18917518e-01  9.38642037e-01
  9.47565648e-01  9.77358605e-01  9.91240652e-01  1.01080681e+00
  1.04145406e+00  1.05646369e+00  1.09194040e+00  1.14344964e+00
  1.15140274e+00  1.17853602e+00  1.18649135e+00  1.28022445e+00
  1.31167478e+00  1.34282777e+00  1.42371206e+00  1.42769820e+00
  1.43657865e+00  1.47884906e+00  1.48639703e+00  1.49531546e+00
  1.52234762e+00  1.52804918e+00  1.57017279e+00  1.57716644e+00
  1.58231404e+00  1.63620179e+00  1.68298222e+00  1.69489281e+00
  1.72158815e+00  1.72892205e+00  1.75217781e+00  1.76238999e+00
  1.76663500e+00  1.77949517e+00  1.82654220e+00  1.86744557e+00
  1.87965371e+00  1.90283325e+00  1.91325013e+00  1.94634767e+00
  2.01856300e+00  2.03993095e+00  2.07283660e+00  2.08637807e+00
  2.11697064e+00  2.13162815e+00  2.16442709e+00  2.16558139e+00
  2.22685160e+00  2.22697677e+00  2.25096272e+00  2.28967024e+00
  2.35318823e+00  2.37889359e+00  2.38072245e+00  2.40578162e+00
  2.44948982e+00  2.45069689e+00  2.47824316e+00  2.51599826e+00
  2.53922979e+00  2.54229474e+00  2.56130939e+00  2.57186644e+00
  2.57912639e+00  2.60074211e+00  2.61630607e+00  2.63168451e+00
  2.65045637e+00  2.70342175e+00  2.73919983e+00  2.74880435e+00
  2.75727146e+00  2.84675390e+00  2.91089414e+00  2.93986060e+00
  2.95653005e+00  2.95788959e+00  3.01884942e+00  3.09603155e+00
  3.16517515e+00  3.30964253e+00  3.39120806e+00  3.43813187e+00
  3.60542833e+00  3.62040792e+00  3.71385291e+00  3.72502622e+00
  3.78230605e+00  3.85410633e+00  3.96933766e+00  4.00417928e+00
  4.04430816e+00  4.38272714e+00  4.45659973e+00  5.23708003e+00
  9.57663724e+00  2.36099384e+01  2.38547129e+01  2.38951576e+01
  2.39960137e+01  2.40810564e+01  2.41314525e+01  2.54887614e+01
  2.54991412e+01  2.60688668e+01  3.56398641e+01  2.15527650e+02]
nelec by numeric integration = 68.00003345811417
    CPU time for vxc      7.19 sec, wall time      0.26 sec
E1 = -1780.5585390756057  Ecoul = 721.2070758267153  Exc = -70.50210279147795
cycle= 9 E= -748.229185355342  delta_E= -1.45e-08  |g|= 4.93e-05  |ddm|= 0.00019
    CPU time for cycle= 9      8.84 sec, wall time      0.32 sec
  HOMO = -0.261858825457183  LUMO = -0.046866121106288
  mo_energy =
[-1.01501158e+02 -1.43208832e+01 -1.02245412e+01 -1.02245047e+01
 -1.02091054e+01 -1.02088012e+01 -1.02000637e+01 -1.02000268e+01
 -9.41515865e+00 -7.17903989e+00 -7.17035697e+00 -7.17034490e+00
 -9.71604878e-01 -8.24693628e-01 -8.03266653e-01 -7.88060256e-01
 -6.62275078e-01 -6.56493241e-01 -6.45133397e-01 -5.50867923e-01
 -5.05765530e-01 -4.91023270e-01 -4.57006703e-01 -4.36791387e-01
 -4.27215546e-01 -4.26186695e-01 -4.16868899e-01 -3.90784974e-01
 -3.70579638e-01 -3.10290588e-01 -2.87995357e-01 -2.70565789e-01
 -2.69912600e-01 -2.61858825e-01 -4.68661211e-02 -3.71798888e-02
  2.44397933e-02  4.68544609e-02  5.97909663e-02  6.18139958e-02
  8.83701073e-02  9.01679659e-02  1.13417876e-01  1.22687342e-01
  1.25972248e-01  1.57110224e-01  2.17659202e-01  2.46674416e-01
  2.59354462e-01  2.66895138e-01  2.88413330e-01  2.97830346e-01
  2.98981349e-01  3.10625867e-01  3.16873927e-01  3.31155182e-01
  3.65638183e-01  3.68919237e-01  3.72216643e-01  3.84332279e-01
  3.99620307e-01  4.20678562e-01  4.23136859e-01  4.37062281e-01
  4.49841256e-01  4.81938492e-01  5.04088114e-01  5.23747624e-01
  5.32298128e-01  5.40065540e-01  5.64828194e-01  5.76378563e-01
  5.87868523e-01  5.96198604e-01  6.21333961e-01  6.30157844e-01
  6.35051585e-01  6.70833825e-01  7.14278832e-01  7.15756698e-01
  7.17886566e-01  7.40546103e-01  7.70612684e-01  7.94377777e-01
  8.29278680e-01  8.37440950e-01  8.59231041e-01  8.77148546e-01
  8.93608448e-01  9.17277043e-01  9.18929490e-01  9.38638585e-01
  9.47566052e-01  9.77358325e-01  9.91238034e-01  1.01080108e+00
  1.04145063e+00  1.05646026e+00  1.09193562e+00  1.14345206e+00
  1.15140338e+00  1.17853261e+00  1.18649140e+00  1.28022155e+00
  1.31167088e+00  1.34282355e+00  1.42371029e+00  1.42769442e+00
  1.43657422e+00  1.47884428e+00  1.48639613e+00  1.49531421e+00
  1.52234403e+00  1.52804427e+00  1.57016849e+00  1.57716340e+00
  1.58231067e+00  1.63619883e+00  1.68297926e+00  1.69488946e+00
  1.72158764e+00  1.72892077e+00  1.75217533e+00  1.76238799e+00
  1.76663097e+00  1.77949209e+00  1.82654033e+00  1.86744226e+00
  1.87964930e+00  1.90282890e+00  1.91324529e+00  1.94634424e+00
  2.01855983e+00  2.03992512e+00  2.07283343e+00  2.08637916e+00
  2.11697182e+00  2.13162484e+00  2.16442255e+00  2.16557874e+00
  2.22685943e+00  2.22698507e+00  2.25095809e+00  2.28966729e+00
  2.35318435e+00  2.37888837e+00  2.38072088e+00  2.40578386e+00
  2.44948837e+00  2.45069554e+00  2.47824357e+00  2.51599642e+00
  2.53922803e+00  2.54228997e+00  2.56130600e+00  2.57186004e+00
  2.57912343e+00  2.60073912e+00  2.61630364e+00  2.63168206e+00
  2.65045315e+00  2.70341686e+00  2.73919204e+00  2.74879927e+00
  2.75726661e+00  2.84674863e+00  2.91088976e+00  2.93985556e+00
  2.95652358e+00  2.95788325e+00  3.01884618e+00  3.09603355e+00
  3.16516847e+00  3.30963701e+00  3.39120199e+00  3.43812511e+00
  3.60542330e+00  3.62040251e+00  3.71385224e+00  3.72502521e+00
  3.78230100e+00  3.85409890e+00  3.96933322e+00  4.00417354e+00
  4.04430291e+00  4.38272022e+00  4.45659293e+00  5.23707320e+00
  9.57665728e+00  2.36099286e+01  2.38547143e+01  2.38951506e+01
  2.39960018e+01  2.40810497e+01  2.41314424e+01  2.54887802e+01
  2.54991600e+01  2.60688852e+01  3.56398537e+01  2.15527680e+02]
nelec by numeric integration = 68.00003345809866
    CPU time for vxc      7.10 sec, wall time      0.25 sec
E1 = -1780.5585130525287  Ecoul = 721.2070459010152  Exc = -70.50209888934053
cycle= 10 E= -748.229185355827  delta_E= -4.86e-10  |g|= 2.17e-05  |ddm|= 7.17e-05
    CPU time for cycle= 10      8.72 sec, wall time      0.31 sec
  HOMO = -0.261857063047088  LUMO = -0.0468623365892084
  mo_energy =
[-1.01501177e+02 -1.43208804e+01 -1.02245292e+01 -1.02245005e+01
 -1.02090955e+01 -1.02087983e+01 -1.02000636e+01 -1.02000199e+01
 -9.41517692e+00 -7.17905834e+00 -7.17037529e+00 -7.17036323e+00
 -9.71600741e-01 -8.24689565e-01 -8.03273676e-01 -7.88056272e-01
 -6.62275752e-01 -6.56489517e-01 -6.45130318e-01 -5.50864443e-01
 -5.05761259e-01 -4.91020709e-01 -4.57003505e-01 -4.36789291e-01
 -4.27213573e-01 -4.26184456e-01 -4.16866305e-01 -3.90781523e-01
 -3.70583616e-01 -3.10286989e-01 -2.87991810e-01 -2.70574082e-01
 -2.69920728e-01 -2.61857063e-01 -4.68623366e-02 -3.71764935e-02
  2.44398800e-02  4.68538526e-02  5.97923234e-02  6.18139605e-02
  8.83713345e-02  9.01694306e-02  1.13420025e-01  1.22688149e-01
  1.25974353e-01  1.57111733e-01  2.17661403e-01  2.46676901e-01
  2.59356844e-01  2.66897298e-01  2.88414106e-01  2.97830639e-01
  2.98979575e-01  3.10625495e-01  3.16872587e-01  3.31151304e-01
  3.65639742e-01  3.68921306e-01  3.72219166e-01  3.84334012e-01
  3.99623005e-01  4.20681049e-01  4.23138130e-01  4.37064906e-01
  4.49844110e-01  4.81940612e-01  5.04090714e-01  5.23748999e-01
  5.32300862e-01  5.40067940e-01  5.64831543e-01  5.76380615e-01
  5.87870705e-01  5.96199667e-01  6.21335850e-01  6.30160257e-01
  6.35053782e-01  6.70835103e-01  7.14280965e-01  7.15758384e-01
  7.17888768e-01  7.40548405e-01  7.70614829e-01  7.94378011e-01
  8.29280085e-01  8.37440393e-01  8.59230171e-01  8.77142848e-01
  8.93605338e-01  9.17267559e-01  9.18918519e-01  9.38640970e-01
  9.47564998e-01  9.77358127e-01  9.91239690e-01  1.01080505e+00
  1.04145338e+00  1.05646310e+00  1.09193930e+00  1.14344950e+00
  1.15140289e+00  1.17853550e+00  1.18649130e+00  1.28022289e+00
  1.31167395e+00  1.34282662e+00  1.42371215e+00  1.42769759e+00
  1.43657726e+00  1.47884775e+00  1.48639757e+00  1.49531585e+00
  1.52234638e+00  1.52804775e+00  1.57017173e+00  1.57716580e+00
  1.58231327e+00  1.63620151e+00  1.68298167e+00  1.69489219e+00
  1.72158781e+00  1.72892167e+00  1.75217762e+00  1.76238927e+00
  1.76663383e+00  1.77949413e+00  1.82654186e+00  1.86744482e+00
  1.87965199e+00  1.90283190e+00  1.91324906e+00  1.94634700e+00
  2.01856243e+00  2.03992873e+00  2.07283607e+00  2.08637813e+00
  2.11697074e+00  2.13162777e+00  2.16442519e+00  2.16558084e+00
  2.22685290e+00  2.22697808e+00  2.25096098e+00  2.28967004e+00
  2.35318714e+00  2.37889203e+00  2.38072247e+00  2.40578146e+00
  2.44949012e+00  2.45069666e+00  2.47824384e+00  2.51599865e+00
  2.53923002e+00  2.54229359e+00  2.56130919e+00  2.57186425e+00
  2.57912571e+00  2.60074156e+00  2.61630544e+00  2.63168394e+00
  2.65045541e+00  2.70342039e+00  2.73919783e+00  2.74880238e+00
  2.75726980e+00  2.84675317e+00  2.91089350e+00  2.93985891e+00
  2.95652780e+00  2.95788789e+00  3.01884889e+00  3.09603268e+00
  3.16517260e+00  3.30964121e+00  3.39120630e+00  3.43812936e+00
  3.60542694e+00  3.62040702e+00  3.71385402e+00  3.72502727e+00
  3.78230547e+00  3.85410180e+00  3.96933638e+00  4.00417715e+00
  4.04430697e+00  4.38272460e+00  4.45659627e+00  5.23707703e+00
  9.57664111e+00  2.36099351e+01  2.38547170e+01  2.38951565e+01
  2.39960102e+01  2.40810549e+01  2.41314483e+01  2.54887648e+01
  2.54991446e+01  2.60688698e+01  3.56398566e+01  2.15527661e+02]
nelec by numeric integration = 68.00003345836676
    CPU time for vxc      7.10 sec, wall time      0.25 sec
E1 = -1780.5585852954332  Ecoul = 721.2071241405189  Exc = -70.50210488583137
Extra cycle  E= -748.229185355719  delta_E= 1.08e-10  |g|= 3.04e-05  |ddm|= 5.09e-05
    CPU time for scf_cycle    125.79 sec, wall time      4.66 sec
    CPU time for SCF    125.85 sec, wall time      4.66 sec
converged SCF energy = -748.229185355719
Converting <class 'pyscf.dft.rks.RKS'> to RHF


******** <class 'pyscf.tdscf.rks.TDA'> for <class 'pyscf.dft.rks.RKS'> ********
nstates = 5 singlet
wfnsym = None
conv_tol = 1e-09
eigh lindep = 1e-12
eigh level_shift = 0
eigh max_space = 8
eigh max_cycle = 2000
chkfile = /scratch/global/yangjunjie/tmplgb24i4i
max_memory 127949 MB (current use 2209 MB)


davidson 0 5  |r|= 0.0602  e= [0.17292389 0.17795298 0.20380774 0.2049351  0.21401221]  max|de|= 0.214  lindep=    1
davidson 1 10  |r|= 0.0107  e= [0.16994951 0.17663774 0.2036546  0.20374588 0.21297932]  max|de|= -0.00297  lindep= 0.866
Old state -> New state
    3     ->     2 
    2     ->     3 
davidson 2 15  |r|= 0.0196  e= [0.16978929 0.17659592 0.20361576 0.20365355 0.21220301]  max|de|= -0.000776  lindep= 0.749
davidson 3 20  |r|= 0.0257  e= [0.16978523 0.17659448 0.20358168 0.20365338 0.21042984]  max|de|= -0.00177  lindep= 0.737
davidson 4 5  |r|= 0.0257  e= [0.16978523 0.17659448 0.20358168 0.20365338 0.21042984]  max|de|= -3.61e-16  lindep= 0.992
davidson 5 10  |r|= 0.0121  e= [0.1697851  0.17659444 0.2035783  0.20365333 0.20947841]  max|de|= -0.000951  lindep= 0.645
davidson 6 15  |r|= 0.00609  e= [0.16978509 0.17659444 0.20357708 0.20365329 0.20912429]  max|de|= -0.000354  lindep= 0.754
root 0 converged  |r|= 4.06e-06  e= 0.16978508845480472  max|de|= -3.25e-10
root 1 converged  |r|= 1.23e-06  e= 0.17659443740903152  max|de|= -1.4e-10
davidson 7 20  |r|= 0.00738  e= [0.16978509 0.17659444 0.20357677 0.20365328 0.2089907 ]  max|de|= -0.000134  lindep= 0.808
root 3 converged  |r|= 2.83e-05  e= 0.2036532781342756  max|de|= 1.39e-16
davidson 8 5  |r|= 0.00738  e= [0.16978509 0.17659444 0.20357677 0.20365328 0.2089907 ]  max|de|= 3.33e-16  lindep= 0.999
davidson 9 7  |r|= 0.00404  e= [0.16978509 0.17659444 0.20357663 0.20365328 0.20890939]  max|de|= -8.13e-05  lindep= 0.929
davidson 10 9  |r|= 0.00679  e= [0.16978509 0.17659444 0.20357651 0.20365328 0.20882626]  max|de|= -8.31e-05  lindep= 0.734
davidson 11 11  |r|= 0.00424  e= [0.16978509 0.17659444 0.2035764  0.20365328 0.20870411]  max|de|= -0.000122  lindep= 0.832
davidson 12 13  |r|= 0.00289  e= [0.16978509 0.17659444 0.20357635 0.20365328 0.20863291]  max|de|= -7.12e-05  lindep= 0.912
davidson 13 15  |r|= 0.000678  e= [0.16978509 0.17659444 0.20357635 0.20365328 0.20862606]  max|de|= -6.85e-06  lindep= 0.867
root 2 converged  |r|= 3.93e-06  e= 0.203576351354175  max|de|= -2.32e-10
davidson 14 17  |r|= 0.000212  e= [0.16978509 0.17659444 0.20357635 0.20365328 0.2086255 ]  max|de|= -5.62e-07  lindep= 0.813
davidson 15 5  |r|= 0.000212  e= [0.16978509 0.17659444 0.20357635 0.20365328 0.2086255 ]  max|de|= 3.05e-16  lindep= 0.999
davidson 16 6  |r|= 8.21e-05  e= [0.16978509 0.17659444 0.20357635 0.20365328 0.20862544]  max|de|= -6.13e-08  lindep= 0.886
davidson 17 7  |r|= 4.55e-05  e= [0.16978509 0.17659444 0.20357635 0.20365328 0.20862542]  max|de|= -1.22e-08  lindep= 0.897
davidson 18 8  |r|= 2.83e-05  e= [0.16978509 0.17659444 0.20357635 0.20365328 0.20862542]  max|de|= -2.11e-09  lindep= 0.882
root 4 converged  |r|= 1.2e-05  e= 0.2086254219170094  max|de|= -5.3e-10
converged 19 9  |r|= 2.83e-05  e= [0.16978509 0.17659444 0.20357635 0.20365328 0.20862542]  max|de|= -5.3e-10
    CPU time for TDA    386.74 sec, wall time     13.99 sec
Excited State energies (eV)
[4.62008758 4.80537941 5.53959468 5.54168797 5.67698689]
