 
:: initializing oneAPI environment ...
   slurm_script: BASH_VERSION = 4.2.46(1)-release
   args: Using "$@" for setvars.sh arguments: --force
:: advisor -- latest
:: ccl -- latest
:: clck -- latest
:: compiler -- latest
:: dal -- latest
:: debugger -- latest
:: dev-utilities -- latest
:: dnnl -- latest
:: dpcpp-ct -- latest
:: dpl -- latest
:: inspector -- latest
:: intelpython -- latest
:: ipp -- latest
:: ippcp -- latest
:: ipp -- latest
:: itac -- latest
:: mkl -- latest
:: mpi -- latest
:: tbb -- latest
:: vpl -- latest
:: vtune -- latest
:: oneAPI environment initialized ::
 
SLURM_CPUS_PER_TASK = 28
SLURM_MEM_PER_NODE = 127949
#INFO: **** input file is /home/yangjunjie/work/py-ch3-cl/work/step_-6/main.py ****
import sys
import pyscf
from pyscf import tdscf

def main(xyz_file, basis="631g*", xc="b3lyp", output="ene.out"):
    xyz = None

    with open(xyz_file, "r") as xyz:
        xyz = xyz.readlines()[2:]
        xyz = "".join(xyz)

    mol = pyscf.gto.Mole()
    mol.atom = xyz
    mol.basis = basis
    mol.verbose = 5
    mol.build()

    if xc is not None and xc != "hf":
        mf = pyscf.scf.RKS(mol)
        mf.xc = xc
        mf.grids.level = 9
        mf.kernel()
    else:
        mf = pyscf.scf.RHF(mol)
        mf.kernel()

    ene_mf = mf.e_tot

    with open(output, "w") as f:
        tda = pyscf.tdscf.TDA(mf)
        tda.nstates = 5
        tda.max_space = 8
        tda.max_cycle = 2000
        tda.kernel()

        con_tda = tda.converged
        ene_tda = tda.e[:5]
        dip_tda = tda.transition_dipole()[:5]

        f.write(f"RKS energy: {ene_mf: 12.8f}\n")
        f.write("TDA results:\n")
        for i, (con, ene, dip) in enumerate(zip(con_tda, ene_tda, dip_tda)):
            f.write(f" {i:2d} {con} {ene: 12.8f} {dip[0]: 12.8f} {dip[1]: 12.8f} {dip[2]: 12.8f}\n")

        # rpa = pyscf.tdscf.RPA(mf)
        # rpa.nstates = 5
        # rpa.max_space = 8
        # rpa.max_cycle = 2000
        # rpa.kernel()

        # con_rpa = rpa.converged
        # ene_rpa = rpa.e[:5]
        # dip_rpa = rpa.transition_dipole()[:5]
        
        # f.write("\nRPA results:\n")
        # for i, (con, ene, dip) in enumerate(zip(con_rpa, ene_rpa, dip_rpa)):
        #     f.write(f" {i:2d} {con} {ene: 12.8f} {dip[0]: 12.8f} {dip[1]: 12.8f} {dip[2]: 12.8f}\n")

if __name__ == "__main__":
    xyz = sys.argv[1]
    main(xyz, basis="6311g**", xc="b3lyp", output="out.log")
#INFO: ******************** input file end ********************


System: uname_result(system='Linux', node='pauling047', release='3.10.0-327.36.3.el7.x86_64', version='#1 SMP Thu Oct 20 04:56:07 EDT 2016', machine='x86_64')  Threads 28
Python 3.9.7 (default, Oct 27 2021, 01:23:21) 
[GCC 9.3.0]
numpy 1.21.2  scipy 1.6.2
Date: Wed Sep 28 09:51:44 2022
PySCF version 2.0.1
PySCF path  /home/yangjunjie/packages/pyscf/pyscf-main
GIT ORIG_HEAD 14b880cdc4bf7bb64f3989a147c0b04622efc498
GIT HEAD (branch master) 9d5b5bd309d1cc55fbd1a0ec76e26b5b0c7f76af

[ENV] PYSCF_MAX_MEMORY 127949
[ENV] PYSCF_TMPDIR /scratch/global/yangjunjie/
[CONFIG] conf_file /home/yangjunjie/.pyscf_conf.py
[INPUT] verbose = 5
[INPUT] max_memory = 127949 
[INPUT] num. atoms = 16
[INPUT] num. electrons = 68
[INPUT] charge = 0
[INPUT] spin (= nelec alpha-beta = 2S) = 0
[INPUT] symmetry False subgroup None
[INPUT] Mole.unit = angstrom
[INPUT]  1 C      0.000000010000   1.160154690000   1.062119300000 AA    0.000000018897   2.192374626230   2.007114588615 Bohr
[INPUT]  2 C      0.000000000000   1.200808310000   2.448561040000 AA    0.000000000000   2.269198834002   4.627109764880 Bohr
[INPUT]  3 C     -0.000000010000  -0.012644650000   3.132544930000 AA   -0.000000018897  -0.023894925441   5.919651990595 Bohr
[INPUT]  4 C     -0.000000010000  -1.212959680000   2.425360570000 AA   -0.000000018897  -2.292161595340   4.583267230619 Bohr
[INPUT]  5 C      0.000000000000  -1.145860860000   1.039831210000 AA    0.000000000000  -2.165363202259   1.964996202675 Bohr
[INPUT]  6 N      0.000000010000   0.014070620000   0.405168090000 AA    0.000000018897   0.026589618203   0.765656724513 Bohr
[INPUT]  7 C      0.000000010000   0.002311830000  -1.934727400000 AA    0.000000018897   0.004368725547  -3.656104911692 Bohr
[INPUT]  8 H      0.000000020000   2.065905370000   0.453741460000 AA    0.000000037795   3.903995348568   0.857447090760 Bohr
[INPUT]  9 H      0.000000000000   2.151403970000   2.961870560000 AA    0.000000000000   4.065564286602   5.597124174812 Bohr
[INPUT] 10 H     -0.000000010000  -0.022693250000   4.212838740000 AA   -0.000000018897  -0.042884027376   7.961111425558 Bohr
[INPUT] 11 H     -0.000000020000  -2.173023960000   2.920882830000 AA   -0.000000037795  -4.106420146518   5.519668590645 Bohr
[INPUT] 12 H      0.000000000000  -2.038833760000   0.413023610000 AA    0.000000000000  -3.852837419917   0.780501505879 Bohr
[INPUT] 13 H     -0.000000030000   1.055684950000  -1.654981770000 AA   -0.000000056692   1.994955429325  -3.127462286448 Bohr
[INPUT] 14 H     -0.911455920000  -0.519279770000  -1.644028410000 AA   -1.722402063413  -0.981296547327  -3.106763435904 Bohr
[INPUT] 15 H      0.911455930000  -0.519279720000  -1.644028420000 AA    1.722402082311  -0.981296452841  -3.106763454801 Bohr
[INPUT] 16 Cl    -0.000000010000   0.002498480000  -3.824430840000 AA   -0.000000018897   0.004721442928  -7.227126869940 Bohr
[INPUT] ---------------- BASIS SET ---------------- 
[INPUT] l, kappa, [nprim/nctr], expnt,             c_1 c_2 ...
[INPUT] Cl
[INPUT] 0    0    [6    /1   ]  105819            0.000738
                                15872             0.005718
                                3619.65           0.029495
                                1030.8            0.117286
                                339.908           0.362949
                                124.538           0.584149
[INPUT] 0    0    [3    /1   ]  124.538           0.134177
                                49.5135           0.62425
                                20.8056           0.291756
[INPUT] 0    0    [1    /1   ]  6.58346              1
[INPUT] 0    0    [1    /1   ]  2.56468              1
[INPUT] 0    0    [1    /1   ]  0.559763             1
[INPUT] 0    0    [1    /1   ]  0.183273             1
[INPUT] 1    0    [5    /1   ]  589.776           0.002391
                                139.849           0.018504
                                45.1413           0.081377
                                16.8733           0.221552
                                6.7411            0.772569
[INPUT] 1    0    [2    /1   ]  6.7411            -1.572244
                                2.77152           0.992389
[INPUT] 1    0    [1    /1   ]  1.02387              1
[INPUT] 1    0    [1    /1   ]  0.381368             1
[INPUT] 1    0    [1    /1   ]  0.109437             1
[INPUT] 2    0    [1    /1   ]  0.75                 1
[INPUT] C
[INPUT] 0    0    [6    /1   ]  4563.24           0.00196665
                                682.024           0.0152306
                                154.973           0.0761269
                                44.4553           0.260801
                                13.029            0.616462
                                1.82773           0.221006
[INPUT] 0    0    [3    /1   ]  20.9642           0.11466
                                4.80331           0.919999
                                1.45933           -0.00303068
[INPUT] 0    0    [1    /1   ]  0.483456             1
[INPUT] 0    0    [1    /1   ]  0.145585             1
[INPUT] 1    0    [3    /1   ]  20.9642           0.0402487
                                4.80331           0.237594
                                1.45933           0.815854
[INPUT] 1    0    [1    /1   ]  0.483456             1
[INPUT] 1    0    [1    /1   ]  0.145585             1
[INPUT] 2    0    [1    /1   ]  0.626                1
[INPUT] H
[INPUT] 0    0    [3    /1   ]  33.865            0.0254938
                                5.09479           0.190373
                                1.15879           0.852161
[INPUT] 0    0    [1    /1   ]  0.32584              1
[INPUT] 0    0    [1    /1   ]  0.102741             1
[INPUT] 1    0    [1    /1   ]  0.75                 1
[INPUT] N
[INPUT] 0    0    [6    /1   ]  6293.48           0.00196979
                                949.044           0.0149613
                                218.776           0.0735006
                                63.6916           0.248937
                                18.8282           0.60246
                                2.72023           0.256202
[INPUT] 0    0    [3    /1   ]  30.6331           0.111906
                                7.02614           0.921666
                                2.11205           -0.00256919
[INPUT] 0    0    [1    /1   ]  0.684009             1
[INPUT] 0    0    [1    /1   ]  0.200878             1
[INPUT] 1    0    [3    /1   ]  30.6331           0.0383119
                                7.02614           0.237403
                                2.11205           0.817592
[INPUT] 1    0    [1    /1   ]  0.684009             1
[INPUT] 1    0    [1    /1   ]  0.200878             1
[INPUT] 2    0    [1    /1   ]  0.913                1

nuclear repulsion = 381.624380685027
number of shells = 100
number of NR pGTOs = 329
number of NR cGTOs = 200
basis = 6311g**
ecp = {}
CPU time:         0.36


******** <class 'pyscf.dft.rks.RKS'> ********
method = RKS
initial guess = minao
damping factor = 0
level_shift factor = 0
DIIS = <class 'pyscf.scf.diis.CDIIS'>
diis_start_cycle = 1
diis_space = 8
SCF conv_tol = 1e-09
SCF conv_tol_grad = None
SCF max_cycles = 50
direct_scf = True
direct_scf_tol = 1e-13
chkfile to save SCF result = /scratch/global/yangjunjie/tmpqxh7buyr
max_memory 127949 MB (current use 82 MB)
XC library pyscf.dft.libxc version 5.2.0
    S. Lehtola, C. Steigemann, M. J. Oliveira, and M. A. Marques, SoftwareX 7, 1 (2018)
XC functionals = b3lyp
    P. A. M. Dirac, Math. Proc. Cambridge Philos. Soc. 26, 376 (1930)
    F. Bloch, Z. Phys. 57, 545 (1929)
    A. D. Becke, Phys. Rev. A 38, 3098 (1988)
    C. Lee, W. Yang, and R. G. Parr, Phys. Rev. B 37, 785 (1988)
    B. Miehlich, A. Savin, H. Stoll, and H. Preuss, Chem. Phys. Lett. 157, 200 (1989)
    S. H. Vosko, L. Wilk, and M. Nusair, Can. J. Phys. 58, 1200 (1980)
radial grids: 
    Treutler-Ahlrichs [JCP 102, 346 (1995); DOI:10.1063/1.469408] (M4) radial grids
    
becke partition: Becke, JCP 88, 2547 (1988); DOI:10.1063/1.454033
pruning grids: <function nwchem_prune at 0x7f881cadee50>
grids dens level: 9
symmetrized grids: False
atomic radii adjust function: <function treutler_atomic_radii_adjust at 0x7f881cadedc0>
small_rho_cutoff = 1e-07
Set gradient conv threshold to 3.16228e-05
atom C rad-grids = 200, ang-grids = [  50   50   50   50   50   50   50   50   50   50   50   50   50   50
   50   50   50   50   50   50   50   50   50   50   50   50   50   50
   50   50   50   50   50   50   50   50   50   50   50   50   50   50
   50   50   50   50   50   50   50   50   50   50   50   50   50   50
   50   50   50   50   50   50   86   86   86   86   86   86   86   86
   86   86   86   86   86   86   86   86   86   86   86   86   86   86
   86   86   86   86 1202 1202 1202 1202 1202 1202 1202 1202 1202 1202
 1202 1202 1202 1202 1202 1202 1202 1202 1454 1454 1454 1454 1454 1454
 1454 1454 1454 1454 1454 1454 1454 1454 1454 1454 1454 1454 1454 1454
 1454 1454 1454 1454 1454 1454 1454 1454 1454 1454 1454 1454 1454 1454
 1454 1454 1454 1454 1454 1454 1454 1454 1454 1454 1454 1454 1454 1454
 1454 1454 1454 1454 1202 1202 1202 1202 1202 1202 1202 1202 1202 1202
 1202 1202 1202 1202 1202 1202 1202 1202 1202 1202 1202 1202 1202 1202
 1202 1202 1202 1202 1202 1202 1202 1202 1202 1202 1202 1202 1202 1202
 1202 1202 1202 1202]
atom N rad-grids = 200, ang-grids = [  50   50   50   50   50   50   50   50   50   50   50   50   50   50
   50   50   50   50   50   50   50   50   50   50   50   50   50   50
   50   50   50   50   50   50   50   50   50   50   50   50   50   50
   50   50   50   50   50   50   50   50   50   50   50   50   50   50
   50   50   50   50   50   86   86   86   86   86   86   86   86   86
   86   86   86   86   86   86   86   86   86   86   86   86   86   86
   86   86 1202 1202 1202 1202 1202 1202 1202 1202 1202 1202 1202 1202
 1202 1202 1202 1202 1202 1454 1454 1454 1454 1454 1454 1454 1454 1454
 1454 1454 1454 1454 1454 1454 1454 1454 1454 1454 1454 1454 1454 1454
 1454 1454 1454 1454 1454 1454 1454 1454 1454 1454 1454 1454 1454 1454
 1454 1454 1454 1454 1454 1454 1454 1454 1454 1454 1454 1454 1454 1454
 1454 1202 1202 1202 1202 1202 1202 1202 1202 1202 1202 1202 1202 1202
 1202 1202 1202 1202 1202 1202 1202 1202 1202 1202 1202 1202 1202 1202
 1202 1202 1202 1202 1202 1202 1202 1202 1202 1202 1202 1202 1202 1202
 1202 1202 1202 1202]
atom H rad-grids = 200, ang-grids = [  50   50   50   50   50   50   50   50   50   50   50   50   50   50
   50   50   50   50   50   50   50   50   50   50   50   50   50   50
   50   50   50   50   50   50   50   50   50   50   50   50   50   50
   50   50   50   50   50   50   50   50   50   50   50   50   50   50
   50   86   86   86   86   86   86   86   86   86   86   86   86   86
   86 1202 1202 1202 1202 1202 1202 1202 1202 1202 1202 1202 1202 1202
 1202 1202 1202 1202 1454 1454 1454 1454 1454 1454 1454 1454 1454 1454
 1454 1454 1454 1454 1454 1454 1454 1454 1454 1454 1454 1454 1454 1454
 1454 1454 1454 1454 1454 1454 1454 1454 1454 1454 1454 1454 1454 1454
 1454 1454 1454 1454 1454 1454 1454 1454 1454 1454 1454 1454 1454 1454
 1202 1202 1202 1202 1202 1202 1202 1202 1202 1202 1202 1202 1202 1202
 1202 1202 1202 1202 1202 1202 1202 1202 1202 1202 1202 1202 1202 1202
 1202 1202 1202 1202 1202 1202 1202 1202 1202 1202 1202 1202 1202 1202
 1202 1202 1202 1202 1202 1202 1202 1202 1202 1202 1202 1202 1202 1202
 1202 1202 1202 1202]
atom Cl rad-grids = 200, ang-grids = [  50   50   50   50   50   50   50   50   50   50   50   50   50   50
   50   50   50   50   50   50   50   50   50   50   50   50   50   50
   50   50   50   50   50   50   50   50   50   50   50   50   50   50
   50   50   50   50   50   50   50   50   50   50   50   50   50   50
   50   50   50   86   86   86   86   86   86   86   86   86   86   86
   86   86   86   86   86   86   86   86   86   86   86   86   86   86
   86   86   86   86   86   86   86   86 1202 1202 1202 1202 1202 1202
 1202 1202 1202 1202 1202 1202 1202 1202 1202 1202 1202 1202 1202 1202
 1202 1202 1454 1454 1454 1454 1454 1454 1454 1454 1454 1454 1454 1454
 1454 1454 1454 1454 1454 1454 1454 1454 1454 1454 1454 1454 1454 1454
 1454 1454 1454 1454 1454 1454 1454 1454 1454 1454 1454 1454 1454 1454
 1454 1454 1454 1454 1454 1202 1202 1202 1202 1202 1202 1202 1202 1202
 1202 1202 1202 1202 1202 1202 1202 1202 1202 1202 1202 1202 1202 1202
 1202 1202 1202 1202 1202 1202 1202 1202 1202 1202 1202 1202 1202 1202
 1202 1202 1202 1202]
tot grids = 2598388
Drop grids 445765
    CPU time for setting up grids     50.25 sec, wall time      2.10 sec
nelec by numeric integration = 67.99246859155336
    CPU time for vxc     96.57 sec, wall time      3.57 sec
E1 = -1777.1030622700705  Ecoul = 716.8938525076168  Exc = -70.53730711546136
init E= -749.122136192888
cond(S) = 13325.077798132388
    CPU time for initialize scf    161.05 sec, wall time      6.25 sec
  HOMO = -0.292961545719382  LUMO = -0.10111406208414
  mo_energy =
[-1.01496565e+02 -1.43959433e+01 -1.02821379e+01 -1.02814393e+01
 -1.02803624e+01 -1.02773849e+01 -1.02772235e+01 -1.02756829e+01
 -9.51520411e+00 -7.26910446e+00 -7.26818408e+00 -7.26818236e+00
 -1.10725374e+00 -9.37623196e-01 -9.12330721e-01 -8.89472334e-01
 -7.57690238e-01 -7.14843032e-01 -7.03970645e-01 -5.79355504e-01
 -5.34296436e-01 -5.11186579e-01 -4.74768107e-01 -4.73544384e-01
 -4.61678111e-01 -4.56644876e-01 -4.38620443e-01 -4.19248498e-01
 -3.99797135e-01 -3.44249177e-01 -3.42229679e-01 -3.25907011e-01
 -2.97659978e-01 -2.92961546e-01 -1.01114062e-01 -8.36716355e-02
 -4.54908011e-02  1.55368908e-02  3.33023778e-02  4.83118653e-02
  6.30549381e-02  7.16126586e-02  7.69266659e-02  8.85206081e-02
  1.06002292e-01  1.33357254e-01  1.80135295e-01  2.11987130e-01
  2.25782236e-01  2.30961244e-01  2.35905466e-01  2.54076913e-01
  2.63864891e-01  2.70229355e-01  2.79783654e-01  2.80064692e-01
  3.32308133e-01  3.38029226e-01  3.50306886e-01  3.51536640e-01
  3.67577736e-01  3.91455411e-01  4.02553593e-01  4.03471829e-01
  4.29740650e-01  4.34405250e-01  4.71048940e-01  4.79292285e-01
  4.95634631e-01  5.14305823e-01  5.21767650e-01  5.35396294e-01
  5.50956800e-01  5.51516827e-01  5.82109854e-01  5.89562049e-01
  5.96800809e-01  6.36121771e-01  6.73048640e-01  6.86786491e-01
  6.90317452e-01  6.99663738e-01  7.35561647e-01  7.54882452e-01
  7.72167294e-01  7.99029681e-01  8.02206398e-01  8.03818645e-01
  8.09179842e-01  8.17202361e-01  8.42186222e-01  9.02780461e-01
  9.09660079e-01  9.30784842e-01  9.68577107e-01  9.70695618e-01
  1.02034317e+00  1.02536133e+00  1.06021714e+00  1.08596171e+00
  1.08963514e+00  1.12740051e+00  1.14614741e+00  1.23752374e+00
  1.27106010e+00  1.31097847e+00  1.37830770e+00  1.38780847e+00
  1.39454657e+00  1.43172008e+00  1.43735318e+00  1.44319722e+00
  1.48328813e+00  1.49591261e+00  1.53561897e+00  1.54282434e+00
  1.54795828e+00  1.60357602e+00  1.65978461e+00  1.66065911e+00
  1.66594248e+00  1.67877144e+00  1.72587782e+00  1.72730710e+00
  1.73732947e+00  1.74197773e+00  1.77721996e+00  1.83323680e+00
  1.84094013e+00  1.85428656e+00  1.87013731e+00  1.89555563e+00
  1.96796197e+00  1.99137974e+00  2.02055666e+00  2.03996641e+00
  2.05223715e+00  2.08289418e+00  2.12017279e+00  2.12074876e+00
  2.14845195e+00  2.14924168e+00  2.20684365e+00  2.24543124e+00
  2.30676149e+00  2.32345514e+00  2.33080487e+00  2.34352744e+00
  2.39885953e+00  2.39941170e+00  2.42312507e+00  2.45422981e+00
  2.48809485e+00  2.49021266e+00  2.51940778e+00  2.52415150e+00
  2.54705782e+00  2.57216078e+00  2.59383679e+00  2.60291786e+00
  2.61746531e+00  2.65688798e+00  2.69413509e+00  2.69516248e+00
  2.70924220e+00  2.80186011e+00  2.85974872e+00  2.88075209e+00
  2.89656489e+00  2.90640728e+00  2.96511943e+00  3.02639986e+00
  3.09857670e+00  3.24673383e+00  3.33089375e+00  3.37966276e+00
  3.54537895e+00  3.56612534e+00  3.64620118e+00  3.65908604e+00
  3.73382515e+00  3.79393689e+00  3.91992922e+00  3.95557464e+00
  3.99254289e+00  4.32299782e+00  4.38708366e+00  5.17354180e+00
  9.47842864e+00  2.35479746e+01  2.37923500e+01  2.38368559e+01
  2.39417566e+01  2.40197567e+01  2.40636084e+01  2.53854531e+01
  2.53959122e+01  2.59807250e+01  3.55706943e+01  2.15532892e+02]
nelec by numeric integration = 68.00000005555836
    CPU time for vxc     83.64 sec, wall time      2.99 sec
E1 = -1784.3460978978665  Ecoul = 725.331586762981  Exc = -70.79683983776819
cycle= 1 E= -748.186970287627  delta_E= 0.935  |g|= 0.395  |ddm|= 3.32
    CPU time for cycle= 1     85.37 sec, wall time      3.05 sec
  HOMO = -0.204098316777969  LUMO = -0.00856420042794553
  mo_energy =
[-1.01369361e+02 -1.41892386e+01 -1.01919077e+01 -1.01913304e+01
 -1.01641852e+01 -1.01319996e+01 -1.00974830e+01 -1.00972010e+01
 -9.29802871e+00 -7.06034784e+00 -7.05145963e+00 -7.05144855e+00
 -9.19938172e-01 -7.74306356e-01 -7.56218549e-01 -7.50924487e-01
 -6.25141811e-01 -6.17555915e-01 -6.12063179e-01 -5.25128932e-01
 -4.67823269e-01 -4.59070746e-01 -4.30556815e-01 -4.14161273e-01
 -4.07883176e-01 -3.89744953e-01 -3.82136195e-01 -3.56390360e-01
 -3.24956484e-01 -2.66149792e-01 -2.56241431e-01 -2.17806008e-01
 -2.17158544e-01 -2.04098317e-01 -8.56420043e-03 -7.04388863e-03
  3.46252684e-02  5.85536114e-02  6.38244255e-02  9.01489299e-02
  9.32016149e-02  9.43247376e-02  1.26427544e-01  1.26799791e-01
  1.55223624e-01  1.62787144e-01  2.40292975e-01  2.66753361e-01
  2.76612271e-01  2.85751241e-01  3.07614481e-01  3.11241781e-01
  3.20629664e-01  3.33926175e-01  3.39431878e-01  3.59097798e-01
  3.87270622e-01  3.89872489e-01  3.95759385e-01  4.06464203e-01
  4.20737911e-01  4.39658359e-01  4.41965208e-01  4.60195358e-01
  4.67807035e-01  5.07698490e-01  5.23885954e-01  5.38725435e-01
  5.48901145e-01  5.64043013e-01  5.90577662e-01  5.98333598e-01
  6.12411696e-01  6.14966933e-01  6.44351940e-01  6.48161656e-01
  6.63426150e-01  6.90846775e-01  7.33833293e-01  7.36612346e-01
  7.50382229e-01  7.72750653e-01  7.99646474e-01  8.21168151e-01
  8.56944647e-01  8.68333490e-01  8.95831301e-01  9.24545286e-01
  9.28051598e-01  9.69574474e-01  9.76781552e-01  9.86405635e-01
  9.87333308e-01  1.00785329e+00  1.01653841e+00  1.04983723e+00
  1.06228368e+00  1.08077481e+00  1.11452681e+00  1.18125673e+00
  1.18607638e+00  1.20263040e+00  1.21523657e+00  1.31679792e+00
  1.34175527e+00  1.37313839e+00  1.43223497e+00  1.45494388e+00
  1.46497157e+00  1.50095150e+00  1.50792343e+00  1.51087250e+00
  1.54102888e+00  1.56081403e+00  1.59593872e+00  1.59629771e+00
  1.59998734e+00  1.65029975e+00  1.69630386e+00  1.71346547e+00
  1.74455114e+00  1.74494419e+00  1.76634888e+00  1.78437283e+00
  1.78710117e+00  1.80229947e+00  1.85147147e+00  1.88541260e+00
  1.91026571e+00  1.93007397e+00  1.94676730e+00  1.97522618e+00
  2.04869178e+00  2.07753471e+00  2.10053460e+00  2.11140748e+00
  2.14229892e+00  2.15991428e+00  2.18501886e+00  2.19985176e+00
  2.27587478e+00  2.28143371e+00  2.28156656e+00  2.31090289e+00
  2.38040489e+00  2.39823613e+00  2.41739699e+00  2.44176453e+00
  2.46249110e+00  2.47334821e+00  2.50934733e+00  2.53546688e+00
  2.55321552e+00  2.57311678e+00  2.57977917e+00  2.60022083e+00
  2.61215985e+00  2.62293098e+00  2.62607224e+00  2.64097885e+00
  2.67114485e+00  2.73860389e+00  2.77670284e+00  2.79128034e+00
  2.80335309e+00  2.88620691e+00  2.94338238e+00  2.97778857e+00
  3.00230895e+00  3.00833578e+00  3.04383894e+00  3.13241798e+00
  3.22062468e+00  3.35832969e+00  3.43751172e+00  3.48528705e+00
  3.64257706e+00  3.66037537e+00  3.73436765e+00  3.74613702e+00
  3.81519790e+00  3.93451435e+00  4.00637950e+00  4.03949970e+00
  4.08578790e+00  4.43647592e+00  4.53038233e+00  5.30364311e+00
  9.67916135e+00  2.36784556e+01  2.38975091e+01  2.39501193e+01
  2.40475142e+01  2.41560894e+01  2.42152910e+01  2.55855322e+01
  2.55958857e+01  2.61652581e+01  3.57664747e+01  2.15656449e+02]
nelec by numeric integration = 68.0000000673348
    CPU time for vxc     83.23 sec, wall time      2.97 sec
E1 = -1776.5458192951507  Ecoul = 716.933113374455  Exc = -70.1971056749185
cycle= 2 E= -748.185430910587  delta_E= 0.00154  |g|= 0.428  |ddm|= 0.827
    CPU time for cycle= 2     84.89 sec, wall time      3.03 sec
  HOMO = -0.261884774160761  LUMO = -0.048498172054487
  mo_energy =
[-1.01498721e+02 -1.43406397e+01 -1.02131949e+01 -1.02129020e+01
 -1.02053202e+01 -1.01989424e+01 -1.01987740e+01 -1.01951696e+01
 -9.40614670e+00 -7.17060459e+00 -7.16183161e+00 -7.16181978e+00
 -9.76739446e-01 -8.26296429e-01 -7.95875124e-01 -7.87267530e-01
 -6.57636283e-01 -6.56497558e-01 -6.42574765e-01 -5.50283361e-01
 -5.05490613e-01 -4.90314709e-01 -4.55719941e-01 -4.35357443e-01
 -4.26715126e-01 -4.21580133e-01 -4.15210155e-01 -3.90356693e-01
 -3.63956249e-01 -3.12876448e-01 -2.87094169e-01 -2.63262676e-01
 -2.62219268e-01 -2.61884774e-01 -4.84981721e-02 -3.66160161e-02
  2.56005788e-02  4.84151734e-02  5.98058194e-02  6.54954199e-02
  8.82932695e-02  9.02460929e-02  1.13445782e-01  1.22924652e-01
  1.27186852e-01  1.58446609e-01  2.16799184e-01  2.46263904e-01
  2.58813650e-01  2.66326822e-01  2.89267137e-01  3.00816623e-01
  3.02832982e-01  3.13089253e-01  3.19647768e-01  3.35741700e-01
  3.66032339e-01  3.69521709e-01  3.71458983e-01  3.85028698e-01
  3.98741938e-01  4.20393197e-01  4.23620657e-01  4.36950704e-01
  4.49985510e-01  4.82992017e-01  5.04402350e-01  5.26131532e-01
  5.33258998e-01  5.39456643e-01  5.64839283e-01  5.78159761e-01
  5.88143501e-01  5.99781173e-01  6.21656486e-01  6.31594487e-01
  6.35038778e-01  6.73112916e-01  7.13957717e-01  7.14165735e-01
  7.17326149e-01  7.41883778e-01  7.70039494e-01  7.96833808e-01
  8.29180118e-01  8.41090389e-01  8.63344593e-01  8.83202458e-01
  8.98036053e-01  9.25685514e-01  9.28602575e-01  9.38817119e-01
  9.49469641e-01  9.79215012e-01  9.90491759e-01  1.01101887e+00
  1.04077627e+00  1.05663970e+00  1.09249213e+00  1.14649815e+00
  1.15567255e+00  1.17908461e+00  1.19062745e+00  1.27956095e+00
  1.31183753e+00  1.34119268e+00  1.42668397e+00  1.42796560e+00
  1.43661940e+00  1.47808918e+00  1.49071316e+00  1.49917500e+00
  1.52178470e+00  1.52805139e+00  1.57018659e+00  1.57702996e+00
  1.58318535e+00  1.63742767e+00  1.68249834e+00  1.69545942e+00
  1.72491215e+00  1.73186899e+00  1.75241179e+00  1.76318001e+00
  1.76562863e+00  1.77891892e+00  1.82891406e+00  1.86763652e+00
  1.87976733e+00  1.90351600e+00  1.91395736e+00  1.94807936e+00
  2.01964209e+00  2.03940803e+00  2.07310386e+00  2.09060678e+00
  2.12079056e+00  2.13340348e+00  2.16264189e+00  2.16583976e+00
  2.23394563e+00  2.23421850e+00  2.24984277e+00  2.29029743e+00
  2.35356340e+00  2.37739738e+00  2.38391324e+00  2.40958519e+00
  2.45294811e+00  2.45364793e+00  2.48288119e+00  2.52018678e+00
  2.54234836e+00  2.54364856e+00  2.56274332e+00  2.57260198e+00
  2.57920322e+00  2.60095029e+00  2.61560606e+00  2.63219803e+00
  2.64992396e+00  2.70256766e+00  2.74148581e+00  2.74808043e+00
  2.75672531e+00  2.84866432e+00  2.91168086e+00  2.93911584e+00
  2.95692057e+00  2.95723170e+00  3.02059092e+00  3.10403385e+00
  3.16576164e+00  3.31188649e+00  3.39266460e+00  3.43822384e+00
  3.60500996e+00  3.62016168e+00  3.71989068e+00  3.73073311e+00
  3.78295695e+00  3.84356221e+00  3.97006830e+00  4.00439935e+00
  4.04500764e+00  4.38198574e+00  4.44905712e+00  5.23091426e+00
  9.58583226e+00  2.36145644e+01  2.38676586e+01  2.39014754e+01
  2.40034181e+01  2.40862232e+01  2.41342615e+01  2.54981813e+01
  2.55085586e+01  2.60780129e+01  3.56208934e+01  2.15530811e+02]
nelec by numeric integration = 68.00000006158469
    CPU time for vxc     82.95 sec, wall time      2.96 sec
E1 = -1780.4464399640851  Ecoul = 721.0863685255816  Exc = -70.49229997554042
cycle= 3 E= -748.227990729017  delta_E= -0.0426  |g|= 0.0754  |ddm|=  0.4
    CPU time for cycle= 3     84.60 sec, wall time      3.02 sec
  HOMO = -0.259839222623919  LUMO = -0.0477815054513184
  mo_energy =
[-1.01511043e+02 -1.43131223e+01 -1.02281203e+01 -1.02280465e+01
 -1.02127203e+01 -1.02109746e+01 -1.02038599e+01 -1.02037083e+01
 -9.42085740e+00 -7.18513542e+00 -7.17641314e+00 -7.17640100e+00
 -9.71370706e-01 -8.26689042e-01 -8.04308373e-01 -7.90061838e-01
 -6.62630143e-01 -6.57343969e-01 -6.46732177e-01 -5.52241448e-01
 -5.07102479e-01 -4.92332807e-01 -4.58643383e-01 -4.36635825e-01
 -4.27974855e-01 -4.26271301e-01 -4.17323357e-01 -3.92033058e-01
 -3.71355330e-01 -3.11222066e-01 -2.90076698e-01 -2.71217820e-01
 -2.70566177e-01 -2.59839223e-01 -4.77815055e-02 -3.89634848e-02
  2.37629028e-02  4.61594248e-02  5.91470166e-02  6.18288020e-02
  8.79290054e-02  8.96459416e-02  1.13217790e-01  1.22303284e-01
  1.25422261e-01  1.57122285e-01  2.16908993e-01  2.45218525e-01
  2.58175112e-01  2.65967989e-01  2.87612223e-01  2.98282039e-01
  2.98636448e-01  3.10599038e-01  3.16721932e-01  3.31210449e-01
  3.64818457e-01  3.67951548e-01  3.70506010e-01  3.83412673e-01
  3.98095731e-01  4.19111050e-01  4.22477680e-01  4.35778109e-01
  4.48495615e-01  4.81766994e-01  5.02863029e-01  5.24185784e-01
  5.31519243e-01  5.38595992e-01  5.63592302e-01  5.75394308e-01
  5.86554093e-01  5.96302012e-01  6.20457742e-01  6.29678807e-01
  6.33821655e-01  6.69879463e-01  7.12789725e-01  7.16436340e-01
  7.16901575e-01  7.39329686e-01  7.69554584e-01  7.93376418e-01
  8.28646283e-01  8.37161062e-01  8.58772608e-01  8.76462621e-01
  8.92780766e-01  9.16213888e-01  9.17818217e-01  9.36964123e-01
  9.46818126e-01  9.77106343e-01  9.90113692e-01  1.00872285e+00
  1.04132831e+00  1.05472637e+00  1.09024494e+00  1.14276673e+00
  1.15144702e+00  1.17779405e+00  1.18658913e+00  1.28083947e+00
  1.31115610e+00  1.34192410e+00  1.42465014e+00  1.42599639e+00
  1.43502197e+00  1.47741897e+00  1.48683649e+00  1.49558726e+00
  1.52087827e+00  1.52674055e+00  1.56885748e+00  1.57603344e+00
  1.58134135e+00  1.63563219e+00  1.68182394e+00  1.69356258e+00
  1.72143020e+00  1.72918643e+00  1.75097003e+00  1.76144578e+00
  1.76578085e+00  1.77865423e+00  1.82632721e+00  1.86607698e+00
  1.87797179e+00  1.90163508e+00  1.91150733e+00  1.94564892e+00
  2.01786830e+00  2.03823203e+00  2.07144970e+00  2.08619302e+00
  2.11663875e+00  2.13077217e+00  2.16330100e+00  2.16510644e+00
  2.22593992e+00  2.22599169e+00  2.24984090e+00  2.28811340e+00
  2.35190088e+00  2.37902202e+00  2.38065236e+00  2.40442422e+00
  2.44987429e+00  2.45013273e+00  2.47808230e+00  2.51595808e+00
  2.53901789e+00  2.54163803e+00  2.56069661e+00  2.56955217e+00
  2.57794564e+00  2.59979656e+00  2.61527018e+00  2.63112910e+00
  2.64924327e+00  2.70325162e+00  2.73698205e+00  2.74733287e+00
  2.75612772e+00  2.84539337e+00  2.90927860e+00  2.93975663e+00
  2.95414220e+00  2.95747424e+00  3.01895210e+00  3.09524991e+00
  3.16317520e+00  3.30715869e+00  3.38877747e+00  3.43559398e+00
  3.60486197e+00  3.62005239e+00  3.71398086e+00  3.72512983e+00
  3.78157120e+00  3.85837476e+00  3.96730096e+00  4.00209834e+00
  4.04260009e+00  4.38117228e+00  4.45968928e+00  5.23882038e+00
  9.57226318e+00  2.36064367e+01  2.38527604e+01  2.38916913e+01
  2.39925518e+01  2.40775068e+01  2.41278470e+01  2.54849860e+01
  2.54953647e+01  2.60649182e+01  3.56472256e+01  2.15518353e+02]
nelec by numeric integration = 68.00000006097937
    CPU time for vxc     83.01 sec, wall time      2.97 sec
E1 = -1780.640621388115  Ecoul = 721.29539134134  Exc = -70.50808001868904
cycle= 4 E= -748.228929380437  delta_E= -0.000939  |g|= 0.0346  |ddm|= 0.0638
    CPU time for cycle= 4     84.65 sec, wall time      3.03 sec
  HOMO = -0.263077739894607  LUMO = -0.0471814048486138
  mo_energy =
[-1.01501468e+02 -1.43236484e+01 -1.02262659e+01 -1.02261940e+01
 -1.02112186e+01 -1.02078185e+01 -1.01987484e+01 -1.01987231e+01
 -9.41535101e+00 -7.17923841e+00 -7.17055891e+00 -7.17054690e+00
 -9.72654016e-01 -8.24270915e-01 -8.03447406e-01 -7.88404573e-01
 -6.63032198e-01 -6.56919371e-01 -6.45354752e-01 -5.51017242e-01
 -5.05978491e-01 -4.91090834e-01 -4.57170161e-01 -4.37605028e-01
 -4.27715180e-01 -4.26385412e-01 -4.17448924e-01 -3.90817559e-01
 -3.70976457e-01 -3.10308271e-01 -2.88141471e-01 -2.70596122e-01
 -2.69944284e-01 -2.63077740e-01 -4.71814048e-02 -3.73695524e-02
  2.41442971e-02  4.67252614e-02  5.95587777e-02  6.12719144e-02
  8.81961457e-02  9.00238840e-02  1.12988423e-01  1.22456791e-01
  1.25608965e-01  1.56709617e-01  2.17374337e-01  2.46787826e-01
  2.59390818e-01  2.66729656e-01  2.88187792e-01  2.97370475e-01
  2.98716040e-01  3.10258946e-01  3.16687467e-01  3.31146147e-01
  3.65409141e-01  3.68693424e-01  3.72382014e-01  3.84216797e-01
  3.99837488e-01  4.20562006e-01  4.23064534e-01  4.36964758e-01
  4.49718957e-01  4.81195962e-01  5.03848404e-01  5.23080942e-01
  5.31712990e-01  5.40272183e-01  5.64712869e-01  5.76055820e-01
  5.88034580e-01  5.95472624e-01  6.21193703e-01  6.29454543e-01
  6.35205831e-01  6.70527356e-01  7.14422540e-01  7.14729579e-01
  7.18106682e-01  7.40451577e-01  7.70426768e-01  7.94140968e-01
  8.28800628e-01  8.36886265e-01  8.58725682e-01  8.76810616e-01
  8.93351664e-01  9.17278410e-01  9.18950160e-01  9.38815470e-01
  9.47367440e-01  9.76939957e-01  9.91208918e-01  1.01097988e+00
  1.04076888e+00  1.05649357e+00  1.09196637e+00  1.14318093e+00
  1.15076611e+00  1.17785530e+00  1.18577556e+00  1.27950955e+00
  1.31100908e+00  1.34249310e+00  1.42305643e+00  1.42763584e+00
  1.43667526e+00  1.47886476e+00  1.48562294e+00  1.49459650e+00
  1.52261535e+00  1.52790696e+00  1.57002242e+00  1.57706764e+00
  1.58203971e+00  1.63545179e+00  1.68289255e+00  1.69461124e+00
  1.72104624e+00  1.72833914e+00  1.75198510e+00  1.76220014e+00
  1.76647966e+00  1.77938782e+00  1.82592104e+00  1.86738549e+00
  1.87997626e+00  1.90284849e+00  1.91304866e+00  1.94601770e+00
  2.01802800e+00  2.04011304e+00  2.07260873e+00  2.08589383e+00
  2.11645489e+00  2.13098298e+00  2.16453034e+00  2.16504794e+00
  2.22657961e+00  2.22674515e+00  2.25103849e+00  2.28951364e+00
  2.35299876e+00  2.37792878e+00  2.38000801e+00  2.40561205e+00
  2.44869196e+00  2.45037930e+00  2.47750944e+00  2.51506627e+00
  2.53840055e+00  2.54151972e+00  2.56080118e+00  2.57221353e+00
  2.57904581e+00  2.60057647e+00  2.61642447e+00  2.63131132e+00
  2.65049106e+00  2.70267520e+00  2.73904033e+00  2.74886457e+00
  2.75722274e+00  2.84594414e+00  2.91051802e+00  2.93911080e+00
  2.95691826e+00  2.95709291e+00  3.01824216e+00  3.09493354e+00
  3.16545359e+00  3.30968022e+00  3.39139134e+00  3.43882604e+00
  3.60461010e+00  3.61946266e+00  3.71271018e+00  3.72385260e+00
  3.78121843e+00  3.85221116e+00  3.96951886e+00  4.00466782e+00
  4.04409474e+00  4.38277740e+00  4.45491670e+00  5.23567945e+00
  9.57650825e+00  2.36102518e+01  2.38524501e+01  2.38947301e+01
  2.39956099e+01  2.40810919e+01  2.41323837e+01  2.54886527e+01
  2.54990328e+01  2.60687382e+01  3.56371729e+01  2.15527381e+02]
nelec by numeric integration = 68.00000006106184
    CPU time for vxc     83.46 sec, wall time      2.99 sec
E1 = -1780.5868994669768  Ecoul = 721.2375201350038  Exc = -70.50413780143396
cycle= 5 E= -748.22913644838  delta_E= -0.000207  |g|= 0.013  |ddm|= 0.0354
    CPU time for cycle= 5     85.05 sec, wall time      3.05 sec
  HOMO = -0.26154833037856  LUMO = -0.0467996977629926
  mo_energy =
[-1.01500178e+02 -1.43203147e+01 -1.02236778e+01 -1.02236430e+01
 -1.02097270e+01 -1.02081674e+01 -1.02002956e+01 -1.02002539e+01
 -9.41461262e+00 -7.17845364e+00 -7.16977075e+00 -7.16975865e+00
 -9.71057933e-01 -8.24733463e-01 -8.02978333e-01 -7.87815457e-01
 -6.62093247e-01 -6.56349354e-01 -6.45051635e-01 -5.50805693e-01
 -5.05621065e-01 -4.91036558e-01 -4.56835282e-01 -4.36504266e-01
 -4.27129956e-01 -4.26049938e-01 -4.16604080e-01 -3.90750169e-01
 -3.70365765e-01 -3.10265121e-01 -2.87809409e-01 -2.70381348e-01
 -2.69727568e-01 -2.61548330e-01 -4.67996978e-02 -3.70367363e-02
  2.45163283e-02  4.68917449e-02  5.98220692e-02  6.19490551e-02
  8.83616119e-02  9.01554488e-02  1.13536654e-01  1.22712682e-01
  1.26093141e-01  1.57217078e-01  2.17806661e-01  2.46625588e-01
  2.59326848e-01  2.66948655e-01  2.88514854e-01  2.98015553e-01
  2.99096034e-01  3.10778489e-01  3.16973390e-01  3.31280817e-01
  3.65736176e-01  3.69026740e-01  3.72245249e-01  3.84378648e-01
  3.99539980e-01  4.20765723e-01  4.23150011e-01  4.37211207e-01
  4.49910349e-01  4.82204646e-01  5.04206612e-01  5.23918728e-01
  5.32473542e-01  5.40004697e-01  5.64893858e-01  5.76488268e-01
  5.87833172e-01  5.96430101e-01  6.21398635e-01  6.30363250e-01
  6.35076591e-01  6.70991499e-01  7.14229474e-01  7.16013507e-01
  7.17797547e-01  7.40570989e-01  7.70745437e-01  7.94494865e-01
  8.29460759e-01  8.37638747e-01  8.59414855e-01  8.77363861e-01
  8.93764404e-01  9.17450198e-01  9.19119916e-01  9.38655770e-01
  9.47657423e-01  9.77525823e-01  9.91281035e-01  1.01082882e+00
  1.04166345e+00  1.05652961e+00  1.09192611e+00  1.14364148e+00
  1.15163308e+00  1.17878038e+00  1.18672866e+00  1.28041409e+00
  1.31193464e+00  1.34302464e+00  1.42389208e+00  1.42782834e+00
  1.43656053e+00  1.47887726e+00  1.48663157e+00  1.49552650e+00
  1.52223011e+00  1.52811588e+00  1.57021171e+00  1.57719070e+00
  1.58233410e+00  1.63636940e+00  1.68298573e+00  1.69498147e+00
  1.72177614e+00  1.72912184e+00  1.75226739e+00  1.76244522e+00
  1.76665392e+00  1.77952608e+00  1.82676937e+00  1.86744942e+00
  1.87953323e+00  1.90280705e+00  1.91336085e+00  1.94643899e+00
  2.01874984e+00  2.03989097e+00  2.07299287e+00  2.08660326e+00
  2.11721286e+00  2.13188423e+00  2.16443210e+00  2.16570642e+00
  2.22708482e+00  2.22720915e+00  2.25091717e+00  2.28977095e+00
  2.35322795e+00  2.37921747e+00  2.38091239e+00  2.40589336e+00
  2.44970931e+00  2.45077041e+00  2.47845909e+00  2.51628291e+00
  2.53943318e+00  2.54256557e+00  2.56139021e+00  2.57183890e+00
  2.57914441e+00  2.60071162e+00  2.61619008e+00  2.63170781e+00
  2.65041514e+00  2.70366136e+00  2.73930124e+00  2.74886251e+00
  2.75726468e+00  2.84714582e+00  2.91110741e+00  2.94009372e+00
  2.95652551e+00  2.95813309e+00  3.01901727e+00  3.09640337e+00
  3.16512122e+00  3.30977632e+00  3.39125506e+00  3.43796732e+00
  3.60570820e+00  3.62072374e+00  3.71415821e+00  3.72533221e+00
  3.78273175e+00  3.85458502e+00  3.96933900e+00  4.00400420e+00
  4.04445254e+00  4.38274651e+00  4.45699878e+00  5.23751614e+00
  9.57709156e+00  2.36099419e+01  2.38553204e+01  2.38955329e+01
  2.39962326e+01  2.40812839e+01  2.41312306e+01  2.54891533e+01
  2.54995334e+01  2.60692765e+01  3.56404270e+01  2.15528601e+02]
nelec by numeric integration = 68.00000006114503
    CPU time for vxc     82.81 sec, wall time      2.96 sec
E1 = -1780.5375930051398  Ecoul = 721.1850590460859  Exc = -70.50102339335449
cycle= 6 E= -748.229176667382  delta_E= -4.02e-05  |g|= 0.00425  |ddm|= 0.0138
    CPU time for cycle= 6     84.40 sec, wall time      3.02 sec
  HOMO = -0.261873288772313  LUMO = -0.0468703233319708
  mo_energy =
[-1.01500808e+02 -1.43209089e+01 -1.02246326e+01 -1.02246088e+01
 -1.02089757e+01 -1.02086420e+01 -1.02001122e+01 -1.02000683e+01
 -9.41501213e+00 -7.17887235e+00 -7.17019283e+00 -7.17018073e+00
 -9.71642081e-01 -8.24682084e-01 -8.03264909e-01 -7.88099474e-01
 -6.62255905e-01 -6.56505386e-01 -6.45143902e-01 -5.50871945e-01
 -5.05781840e-01 -4.91029457e-01 -4.57031042e-01 -4.36789729e-01
 -4.27198946e-01 -4.26171255e-01 -4.16873220e-01 -3.90787608e-01
 -3.70566883e-01 -3.10285778e-01 -2.88027734e-01 -2.70568384e-01
 -2.69914647e-01 -2.61873289e-01 -4.68703233e-02 -3.71994628e-02
  2.44418123e-02  4.68691789e-02  5.97839585e-02  6.18176885e-02
  8.83716986e-02  9.01704160e-02  1.13410114e-01  1.22685049e-01
  1.25961167e-01  1.57105439e-01  2.17658851e-01  2.46677938e-01
  2.59361996e-01  2.66891373e-01  2.88411337e-01  2.97832609e-01
  2.98982298e-01  3.10619294e-01  3.16867764e-01  3.31144648e-01
  3.65625342e-01  3.68913417e-01  3.72229525e-01  3.84324975e-01
  3.99634389e-01  4.20656847e-01  4.23146003e-01  4.37073799e-01
  4.49845709e-01  4.81921230e-01  5.04081449e-01  5.23752585e-01
  5.32275685e-01  5.40075085e-01  5.64828319e-01  5.76368282e-01
  5.87871197e-01  5.96209311e-01  6.21346499e-01  6.30156179e-01
  6.35049620e-01  6.70842015e-01  7.14283408e-01  7.15743082e-01
  7.17896855e-01  7.40537025e-01  7.70605220e-01  7.94369239e-01
  8.29258978e-01  8.37439031e-01  8.59240080e-01  8.77148779e-01
  8.93617694e-01  9.17269740e-01  9.18920674e-01  9.38638783e-01
  9.47563128e-01  9.77348466e-01  9.91230080e-01  1.01079662e+00
  1.04144706e+00  1.05644682e+00  1.09193776e+00  1.14343909e+00
  1.15140707e+00  1.17851159e+00  1.18649294e+00  1.28023746e+00
  1.31164901e+00  1.34280212e+00  1.42371340e+00  1.42767641e+00
  1.43657439e+00  1.47884272e+00  1.48641144e+00  1.49532325e+00
  1.52235784e+00  1.52805278e+00  1.57016580e+00  1.57716250e+00
  1.58230320e+00  1.63617899e+00  1.68297800e+00  1.69487304e+00
  1.72159361e+00  1.72892574e+00  1.75216300e+00  1.76238976e+00
  1.76663556e+00  1.77949168e+00  1.82653977e+00  1.86743761e+00
  1.87965825e+00  1.90283763e+00  1.91322732e+00  1.94633768e+00
  2.01854372e+00  2.03993003e+00  2.07281816e+00  2.08638629e+00
  2.11696947e+00  2.13160564e+00  2.16443181e+00  2.16557129e+00
  2.22687509e+00  2.22700109e+00  2.25097347e+00  2.28964874e+00
  2.35317697e+00  2.37886442e+00  2.38072842e+00  2.40580623e+00
  2.44950326e+00  2.45071552e+00  2.47826183e+00  2.51601508e+00
  2.53923850e+00  2.54227088e+00  2.56130192e+00  2.57185796e+00
  2.57912365e+00  2.60073895e+00  2.61631234e+00  2.63168411e+00
  2.65045158e+00  2.70339850e+00  2.73919537e+00  2.74877503e+00
  2.75726765e+00  2.84670424e+00  2.91085820e+00  2.93983454e+00
  2.95652131e+00  2.95786145e+00  3.01884618e+00  3.09608291e+00
  3.16516131e+00  3.30960485e+00  3.39118520e+00  3.43814480e+00
  3.60539479e+00  3.62036745e+00  3.71388938e+00  3.72505348e+00
  3.78225828e+00  3.85407145e+00  3.96932391e+00  4.00419132e+00
  4.04427996e+00  4.38271578e+00  4.45656072e+00  5.23703973e+00
  9.57675576e+00  2.36099169e+01  2.38548623e+01  2.38950816e+01
  2.39959973e+01  2.40809860e+01  2.41314476e+01  2.54888431e+01
  2.54992233e+01  2.60689674e+01  3.56398338e+01  2.15528003e+02]
nelec by numeric integration = 68.00000006111017
    CPU time for vxc     83.06 sec, wall time      2.97 sec
E1 = -1780.5583840514346  Ecoul = 721.2068339953393  Exc = -70.50201196766531
cycle= 7 E= -748.229181338734  delta_E= -4.67e-06  |g|= 0.000641  |ddm|= 0.0036
    CPU time for cycle= 7     84.67 sec, wall time      3.03 sec
  HOMO = -0.261853293509516  LUMO = -0.0468643676199834
  mo_energy =
[-1.01501147e+02 -1.43208687e+01 -1.02245264e+01 -1.02244871e+01
 -1.02091491e+01 -1.02088671e+01 -1.02000161e+01 -1.01999807e+01
 -9.41517506e+00 -7.17905323e+00 -7.17037133e+00 -7.17035925e+00
 -9.71597861e-01 -8.24691382e-01 -8.03298087e-01 -7.88045021e-01
 -6.62295842e-01 -6.56482004e-01 -6.45129496e-01 -5.50863050e-01
 -5.05755650e-01 -4.91007301e-01 -4.56993446e-01 -4.36802336e-01
 -4.27230167e-01 -4.26202774e-01 -4.16872421e-01 -3.90775527e-01
 -3.70600012e-01 -3.10292358e-01 -2.87982103e-01 -2.70589464e-01
 -2.69935708e-01 -2.61853294e-01 -4.68643676e-02 -3.71647929e-02
  2.44322685e-02  4.68432209e-02  5.97931796e-02  6.18012824e-02
  8.83674050e-02  9.01688578e-02  1.13416613e-01  1.22688265e-01
  1.25968512e-01  1.57104077e-01  2.17671199e-01  2.46678575e-01
  2.59361623e-01  2.66900910e-01  2.88418716e-01  2.97825024e-01
  2.98978819e-01  3.10617147e-01  3.16869504e-01  3.31144462e-01
  3.65641513e-01  3.68932693e-01  3.72233576e-01  3.84337575e-01
  3.99621975e-01  4.20682894e-01  4.23146107e-01  4.37082237e-01
  4.49843274e-01  4.81929473e-01  5.04101046e-01  5.23738864e-01
  5.32304681e-01  5.40069662e-01  5.64827611e-01  5.76371644e-01
  5.87874386e-01  5.96179903e-01  6.21342908e-01  6.30164995e-01
  6.35063712e-01  6.70847021e-01  7.14283712e-01  7.15753490e-01
  7.17889230e-01  7.40539916e-01  7.70614089e-01  7.94372204e-01
  8.29269730e-01  8.37427350e-01  8.59232731e-01  8.77128779e-01
  8.93604452e-01  9.17253695e-01  9.18901500e-01  9.38642576e-01
  9.47558848e-01  9.77338893e-01  9.91232856e-01  1.01080894e+00
  1.04146541e+00  1.05647342e+00  1.09193589e+00  1.14343009e+00
  1.15138782e+00  1.17854085e+00  1.18647614e+00  1.28024635e+00
  1.31167875e+00  1.34282314e+00  1.42369704e+00  1.42770530e+00
  1.43657650e+00  1.47884254e+00  1.48637793e+00  1.49529365e+00
  1.52234952e+00  1.52805997e+00  1.57017634e+00  1.57717714e+00
  1.58230802e+00  1.63619874e+00  1.68298623e+00  1.69489271e+00
  1.72157254e+00  1.72890855e+00  1.75218493e+00  1.76239262e+00
  1.76663258e+00  1.77949603e+00  1.82653344e+00  1.86745085e+00
  1.87965025e+00  1.90282728e+00  1.91325549e+00  1.94634004e+00
  2.01856644e+00  2.03993226e+00  2.07284127e+00  2.08636225e+00
  2.11695309e+00  2.13162488e+00  2.16442685e+00  2.16558646e+00
  2.22683608e+00  2.22696177e+00  2.25096009e+00  2.28967970e+00
  2.35319427e+00  2.37889701e+00  2.38070791e+00  2.40577170e+00
  2.44947567e+00  2.45068571e+00  2.47822431e+00  2.51597698e+00
  2.53921708e+00  2.54229522e+00  2.56130144e+00  2.57187376e+00
  2.57913881e+00  2.60073913e+00  2.61630733e+00  2.63168640e+00
  2.65046071e+00  2.70342397e+00  2.73918843e+00  2.74882079e+00
  2.75726974e+00  2.84676363e+00  2.91089977e+00  2.93985622e+00
  2.95653463e+00  2.95789120e+00  3.01883956e+00  3.09599653e+00
  3.16517103e+00  3.30965385e+00  3.39120968e+00  3.43813135e+00
  3.60542998e+00  3.62040297e+00  3.71382251e+00  3.72499276e+00
  3.78231040e+00  3.85410577e+00  3.96935033e+00  4.00417615e+00
  4.04431451e+00  4.38272720e+00  4.45659826e+00  5.23708260e+00
  9.57663442e+00  2.36099399e+01  2.38546528e+01  2.38951776e+01
  2.39959946e+01  2.40810812e+01  2.41314553e+01  2.54887427e+01
  2.54991228e+01  2.60688584e+01  3.56398728e+01  2.15527688e+02]
nelec by numeric integration = 68.00000006110909
    CPU time for vxc     83.08 sec, wall time      2.97 sec
E1 = -1780.5589159070125  Ecoul = 721.2074734325614  Exc = -70.5021196240876
cycle= 8 E= -748.229181413512  delta_E= -7.48e-08  |g|= 0.000249  |ddm|= 0.000561
    CPU time for cycle= 8     84.68 sec, wall time      3.03 sec
  HOMO = -0.261856089707665  LUMO = -0.0468607738071312
  mo_energy =
[-1.01501190e+02 -1.43208744e+01 -1.02245294e+01 -1.02244989e+01
 -1.02090859e+01 -1.02088049e+01 -1.02000580e+01 -1.02000163e+01
 -9.41518321e+00 -7.17906556e+00 -7.17038227e+00 -7.17037019e+00
 -9.71599899e-01 -8.24685023e-01 -8.03274560e-01 -7.88054213e-01
 -6.62278138e-01 -6.56486828e-01 -6.45128649e-01 -5.50861194e-01
 -5.05758662e-01 -4.91018020e-01 -4.57001439e-01 -4.36788338e-01
 -4.27212867e-01 -4.26185136e-01 -4.16863687e-01 -3.90779058e-01
 -3.70585171e-01 -3.10286284e-01 -2.87991281e-01 -2.70576661e-01
 -2.69922958e-01 -2.61856090e-01 -4.68607738e-02 -3.71730027e-02
  2.44393429e-02  4.68536103e-02  5.97907829e-02  6.18115362e-02
  8.83698072e-02  9.01695654e-02  1.13420250e-01  1.22688857e-01
  1.25971903e-01  1.57110059e-01  2.17671210e-01  2.46679266e-01
  2.59361302e-01  2.66899106e-01  2.88418349e-01  2.97836906e-01
  2.98980927e-01  3.10623656e-01  3.16873160e-01  3.31151122e-01
  3.65639283e-01  3.68929191e-01  3.72234169e-01  3.84335725e-01
  3.99626237e-01  4.20676755e-01  4.23146784e-01  4.37086084e-01
  4.49848518e-01  4.81934951e-01  5.04097620e-01  5.23750455e-01
  5.32300984e-01  5.40070828e-01  5.64832457e-01  5.76375122e-01
  5.87871586e-01  5.96198063e-01  6.21347559e-01  6.30168399e-01
  6.35057990e-01  6.70852838e-01  7.14283238e-01  7.15756544e-01
  7.17890365e-01  7.40541741e-01  7.70615569e-01  7.94376208e-01
  8.29271716e-01  8.37438116e-01  8.59239943e-01  8.77141674e-01
  8.93613117e-01  9.17266666e-01  9.18916388e-01  9.38642017e-01
  9.47562538e-01  9.77347566e-01  9.91232934e-01  1.01080747e+00
  1.04146415e+00  1.05646420e+00  1.09194105e+00  1.14343737e+00
  1.15140245e+00  1.17853710e+00  1.18649020e+00  1.28024657e+00
  1.31167503e+00  1.34282121e+00  1.42371094e+00  1.42769943e+00
  1.43657745e+00  1.47884662e+00  1.48639923e+00  1.49531300e+00
  1.52234890e+00  1.52806158e+00  1.57017459e+00  1.57717024e+00
  1.58230878e+00  1.63619787e+00  1.68298373e+00  1.69489018e+00
  1.72158571e+00  1.72892281e+00  1.75217900e+00  1.76239152e+00
  1.76663649e+00  1.77949496e+00  1.82654344e+00  1.86744776e+00
  1.87965089e+00  1.90283351e+00  1.91325015e+00  1.94634454e+00
  2.01856407e+00  2.03993165e+00  2.07283764e+00  2.08637727e+00
  2.11696599e+00  2.13162770e+00  2.16442880e+00  2.16558416e+00
  2.22684921e+00  2.22697441e+00  2.25096584e+00  2.28967167e+00
  2.35318996e+00  2.37889483e+00  2.38072213e+00  2.40578127e+00
  2.44949287e+00  2.45069653e+00  2.47824086e+00  2.51599878e+00
  2.53923134e+00  2.54229506e+00  2.56130662e+00  2.57187082e+00
  2.57913133e+00  2.60073967e+00  2.61630417e+00  2.63168741e+00
  2.65045505e+00  2.70342248e+00  2.73920168e+00  2.74880516e+00
  2.75727131e+00  2.84675628e+00  2.91089229e+00  2.93985683e+00
  2.95653334e+00  2.95789053e+00  3.01884977e+00  3.09603082e+00
  3.16517086e+00  3.30964463e+00  3.39120698e+00  3.43813663e+00
  3.60542758e+00  3.62040182e+00  3.71385264e+00  3.72502097e+00
  3.78230639e+00  3.85410214e+00  3.96934066e+00  4.00418032e+00
  4.04430924e+00  4.38272705e+00  4.45659549e+00  5.23707818e+00
  9.57663281e+00  2.36099386e+01  2.38547114e+01  2.38951580e+01
  2.39960133e+01  2.40810568e+01  2.41314526e+01  2.54887449e+01
  2.54991250e+01  2.60688582e+01  3.56398668e+01  2.15527649e+02]
nelec by numeric integration = 68.0000000611105
    CPU time for vxc     85.56 sec, wall time      3.08 sec
E1 = -1780.5585350667166  Ecoul = 721.2070757157513  Exc = -70.50210276207514
cycle= 9 E= -748.229181428014  delta_E= -1.45e-08  |g|= 4.93e-05  |ddm|= 0.00019
    CPU time for cycle= 9     87.17 sec, wall time      3.14 sec
  HOMO = -0.261860763000431  LUMO = -0.0468665434355781
  mo_energy =
[-1.01501159e+02 -1.43208851e+01 -1.02245400e+01 -1.02245042e+01
 -1.02091048e+01 -1.02088032e+01 -1.02000618e+01 -1.02000246e+01
 -9.41515981e+00 -7.17904145e+00 -7.17035795e+00 -7.17034588e+00
 -9.71605594e-01 -8.24691725e-01 -8.03267994e-01 -7.88059050e-01
 -6.62276163e-01 -6.56492054e-01 -6.45132637e-01 -5.50865671e-01
 -5.05764805e-01 -4.91021141e-01 -4.57004888e-01 -4.36790530e-01
 -4.27215635e-01 -4.26188043e-01 -4.16866814e-01 -3.90783760e-01
 -3.70580737e-01 -3.10292025e-01 -2.87995498e-01 -2.70567296e-01
 -2.69913811e-01 -2.61860763e-01 -4.68665434e-02 -3.71773857e-02
  2.44392360e-02  4.68538577e-02  5.97893885e-02  6.18119595e-02
  8.83681906e-02  9.01678422e-02  1.13417440e-01  1.22687677e-01
  1.25969012e-01  1.57108637e-01  2.17667869e-01  2.46675548e-01
  2.59357980e-01  2.66896023e-01  2.88417611e-01  2.97836446e-01
  2.98983494e-01  3.10624059e-01  3.16874535e-01  3.31155425e-01
  3.65637119e-01  3.68926421e-01  3.72230597e-01  3.84333338e-01
  3.99622222e-01  4.20673739e-01  4.23144606e-01  4.37082579e-01
  4.49844664e-01  4.81932376e-01  5.04094525e-01  5.23749073e-01
  5.32297897e-01  5.40067134e-01  5.64828070e-01  5.76372556e-01
  5.87868438e-01  5.96197420e-01  6.21344541e-01  6.30165852e-01
  6.35054849e-01  6.70851043e-01  7.14280001e-01  7.15753726e-01
  7.17886930e-01  7.40538418e-01  7.70612425e-01  7.94375726e-01
  8.29269810e-01  8.37438538e-01  8.59240821e-01  8.77147561e-01
  8.93616174e-01  9.17276919e-01  9.18928361e-01  9.38638566e-01
  9.47562942e-01  9.77347286e-01  9.91230315e-01  1.01080175e+00
  1.04146072e+00  1.05646077e+00  1.09193627e+00  1.14343979e+00
  1.15140309e+00  1.17853370e+00  1.18649025e+00  1.28024367e+00
  1.31167113e+00  1.34281699e+00  1.42370917e+00  1.42769565e+00
  1.43657302e+00  1.47884185e+00  1.48639833e+00  1.49531176e+00
  1.52234531e+00  1.52805667e+00  1.57017029e+00  1.57716720e+00
  1.58230541e+00  1.63619490e+00  1.68298077e+00  1.69488683e+00
  1.72158520e+00  1.72892153e+00  1.75217652e+00  1.76238952e+00
  1.76663247e+00  1.77949188e+00  1.82654156e+00  1.86744446e+00
  1.87964647e+00  1.90282917e+00  1.91324531e+00  1.94634111e+00
  2.01856090e+00  2.03992582e+00  2.07283447e+00  2.08637837e+00
  2.11696716e+00  2.13162439e+00  2.16442426e+00  2.16558152e+00
  2.22685703e+00  2.22698271e+00  2.25096121e+00  2.28966872e+00
  2.35318609e+00  2.37888961e+00  2.38072056e+00  2.40578351e+00
  2.44949141e+00  2.45069518e+00  2.47824127e+00  2.51599694e+00
  2.53922958e+00  2.54229030e+00  2.56130323e+00  2.57186441e+00
  2.57912837e+00  2.60073669e+00  2.61630174e+00  2.63168496e+00
  2.65045183e+00  2.70341759e+00  2.73919389e+00  2.74880008e+00
  2.75726645e+00  2.84675100e+00  2.91088791e+00  2.93985179e+00
  2.95652686e+00  2.95788420e+00  3.01884652e+00  3.09603282e+00
  3.16516419e+00  3.30963910e+00  3.39120092e+00  3.43812987e+00
  3.60542256e+00  3.62039641e+00  3.71385197e+00  3.72501996e+00
  3.78230133e+00  3.85409472e+00  3.96933622e+00  4.00417458e+00
  4.04430400e+00  4.38272013e+00  4.45658869e+00  5.23707136e+00
  9.57665285e+00  2.36099288e+01  2.38547128e+01  2.38951510e+01
  2.39960014e+01  2.40810501e+01  2.41314425e+01  2.54887636e+01
  2.54991438e+01  2.60688766e+01  3.56398564e+01  2.15527679e+02]
nelec by numeric integration = 68.00000006111053
    CPU time for vxc     84.14 sec, wall time      3.02 sec
E1 = -1780.5585090394816  Ecoul = 721.2070457860386  Exc = -70.50209886008473
cycle= 10 E= -748.229181428501  delta_E= -4.87e-10  |g|= 2.17e-05  |ddm|= 7.17e-05
    CPU time for cycle= 10     85.75 sec, wall time      3.07 sec
  HOMO = -0.261859000985716  LUMO = -0.0468627594266358
  mo_energy =
[-1.01501178e+02 -1.43208823e+01 -1.02245279e+01 -1.02245000e+01
 -1.02090949e+01 -1.02088003e+01 -1.02000617e+01 -1.02000176e+01
 -9.41517808e+00 -7.17905989e+00 -7.17037628e+00 -7.17036420e+00
 -9.71601457e-01 -8.24687663e-01 -8.03275017e-01 -7.88055066e-01
 -6.62276837e-01 -6.56488330e-01 -6.45129557e-01 -5.50862192e-01
 -5.05760533e-01 -4.91018580e-01 -4.57001690e-01 -4.36788435e-01
 -4.27213663e-01 -4.26185803e-01 -4.16864220e-01 -3.90780309e-01
 -3.70584715e-01 -3.10288428e-01 -2.87991951e-01 -2.70575589e-01
 -2.69921938e-01 -2.61859001e-01 -4.68627594e-02 -3.71739905e-02
  2.44393225e-02  4.68532496e-02  5.97907457e-02  6.18119238e-02
  8.83694176e-02  9.01693071e-02  1.13419588e-01  1.22688483e-01
  1.25971117e-01  1.57110148e-01  2.17670069e-01  2.46678033e-01
  2.59360362e-01  2.66898182e-01  2.88418385e-01  2.97836739e-01
  2.98981724e-01  3.10623687e-01  3.16873193e-01  3.31151547e-01
  3.65638679e-01  3.68928489e-01  3.72233121e-01  3.84335071e-01
  3.99624920e-01  4.20676226e-01  4.23145877e-01  4.37085204e-01
  4.49847518e-01  4.81934496e-01  5.04097126e-01  5.23750447e-01
  5.32300631e-01  5.40069533e-01  5.64831420e-01  5.76374607e-01
  5.87870620e-01  5.96198483e-01  6.21346431e-01  6.30168265e-01
  6.35057045e-01  6.70852320e-01  7.14282133e-01  7.15755412e-01
  7.17889132e-01  7.40540720e-01  7.70614568e-01  7.94375961e-01
  8.29271218e-01  8.37437977e-01  8.59239953e-01  8.77141863e-01
  8.93613063e-01  9.17267435e-01  9.18917390e-01  9.38640951e-01
  9.47561888e-01  9.77347087e-01  9.91231972e-01  1.01080572e+00
  1.04146347e+00  1.05646361e+00  1.09193995e+00  1.14343723e+00
  1.15140260e+00  1.17853659e+00  1.18649015e+00  1.28024502e+00
  1.31167420e+00  1.34282006e+00  1.42371103e+00  1.42769881e+00
  1.43657606e+00  1.47884532e+00  1.48639977e+00  1.49531340e+00
  1.52234766e+00  1.52806015e+00  1.57017353e+00  1.57716960e+00
  1.58230800e+00  1.63619759e+00  1.68298318e+00  1.69488955e+00
  1.72158537e+00  1.72892243e+00  1.75217881e+00  1.76239081e+00
  1.76663532e+00  1.77949393e+00  1.82654309e+00  1.86744701e+00
  1.87964916e+00  1.90283217e+00  1.91324908e+00  1.94634387e+00
  2.01856350e+00  2.03992943e+00  2.07283711e+00  2.08637733e+00
  2.11696609e+00  2.13162732e+00  2.16442690e+00  2.16558362e+00
  2.22685051e+00  2.22697572e+00  2.25096409e+00  2.28967147e+00
  2.35318888e+00  2.37889327e+00  2.38072215e+00  2.40578112e+00
  2.44949316e+00  2.45069630e+00  2.47824154e+00  2.51599917e+00
  2.53923157e+00  2.54229392e+00  2.56130642e+00  2.57186862e+00
  2.57913065e+00  2.60073913e+00  2.61630354e+00  2.63168683e+00
  2.65045409e+00  2.70342112e+00  2.73919967e+00  2.74880318e+00
  2.75726965e+00  2.84675554e+00  2.91089165e+00  2.93985515e+00
  2.95653108e+00  2.95788884e+00  3.01884924e+00  3.09603195e+00
  3.16516831e+00  3.30964331e+00  3.39120523e+00  3.43813412e+00
  3.60542619e+00  3.62040092e+00  3.71385375e+00  3.72502202e+00
  3.78230580e+00  3.85409761e+00  3.96933938e+00  4.00417819e+00
  4.04430805e+00  4.38272451e+00  4.45659203e+00  5.23707518e+00
  9.57663668e+00  2.36099353e+01  2.38547156e+01  2.38951569e+01
  2.39960098e+01  2.40810553e+01  2.41314485e+01  2.54887482e+01
  2.54991284e+01  2.60688612e+01  3.56398593e+01  2.15527660e+02]
nelec by numeric integration = 68.00000006111064
    CPU time for vxc     82.79 sec, wall time      2.96 sec
E1 = -1780.5585812928387  Ecoul = 721.2071240367322  Exc = -70.50210485730999
Extra cycle  E= -748.22918142839  delta_E= 1.11e-10  |g|= 3.04e-05  |ddm|= 5.09e-05
    CPU time for scf_cycle   1096.63 sec, wall time     39.72 sec
    CPU time for SCF   1096.64 sec, wall time     39.72 sec
converged SCF energy = -748.22918142839
Converting <class 'pyscf.dft.rks.RKS'> to RHF


******** <class 'pyscf.tdscf.rks.TDA'> for <class 'pyscf.dft.rks.RKS'> ********
nstates = 5 singlet
wfnsym = None
conv_tol = 1e-09
eigh lindep = 1e-12
eigh level_shift = 0
eigh max_space = 8
eigh max_cycle = 2000
chkfile = /scratch/global/yangjunjie/tmpqxh7buyr
max_memory 127949 MB (current use 2272 MB)


davidson 0 5  |r|= 0.0602  e= [0.17292563 0.17795764 0.20380883 0.20493593 0.21401596]  max|de|= 0.214  lindep=    1
davidson 1 10  |r|= 0.0107  e= [0.16995132 0.17664232 0.20365568 0.2037467  0.212983  ]  max|de|= -0.00297  lindep= 0.866
Old state -> New state
    3     ->     2 
    2     ->     3 
davidson 2 15  |r|= 0.0196  e= [0.16979111 0.17660049 0.20361658 0.20365463 0.21220652]  max|de|= -0.000776  lindep= 0.749
davidson 3 20  |r|= 0.0257  e= [0.16978704 0.17659905 0.20358249 0.20365447 0.21043264]  max|de|= -0.00177  lindep= 0.737
davidson 4 5  |r|= 0.0257  e= [0.16978704 0.17659905 0.20358249 0.20365447 0.21043264]  max|de|= 8.33e-17  lindep= 0.992
davidson 5 10  |r|= 0.0121  e= [0.16978691 0.17659901 0.20357911 0.20365441 0.20948083]  max|de|= -0.000952  lindep= 0.645
davidson 6 15  |r|= 0.00609  e= [0.1697869  0.17659901 0.20357789 0.20365438 0.20912659]  max|de|= -0.000354  lindep= 0.754
root 0 converged  |r|= 4.06e-06  e= 0.16978690401062446  max|de|= -3.25e-10
root 1 converged  |r|= 1.23e-06  e= 0.17659900754118  max|de|= -1.4e-10
davidson 7 20  |r|= 0.00738  e= [0.1697869  0.17659901 0.20357759 0.20365436 0.20899298]  max|de|= -0.000134  lindep= 0.808
root 3 converged  |r|= 2.83e-05  e= 0.2036543648762548  max|de|= -1.11e-16
davidson 8 5  |r|= 0.00738  e= [0.1697869  0.17659901 0.20357759 0.20365436 0.20899298]  max|de|= 1.67e-16  lindep= 0.999
davidson 9 7  |r|= 0.00404  e= [0.1697869  0.17659901 0.20357744 0.20365436 0.20891166]  max|de|= -8.13e-05  lindep= 0.929
davidson 10 9  |r|= 0.00679  e= [0.1697869  0.17659901 0.20357732 0.20365436 0.20882852]  max|de|= -8.31e-05  lindep= 0.734
davidson 11 11  |r|= 0.00424  e= [0.1697869  0.17659901 0.20357721 0.20365436 0.20870635]  max|de|= -0.000122  lindep= 0.832
davidson 12 13  |r|= 0.00289  e= [0.1697869  0.17659901 0.20357717 0.20365436 0.20863518]  max|de|= -7.12e-05  lindep= 0.912
davidson 13 15  |r|= 0.000678  e= [0.1697869  0.17659901 0.20357716 0.20365436 0.20862833]  max|de|= -6.85e-06  lindep= 0.867
root 2 converged  |r|= 3.93e-06  e= 0.2035771627046314  max|de|= -2.32e-10
davidson 14 17  |r|= 0.000212  e= [0.1697869  0.17659901 0.20357716 0.20365436 0.20862776]  max|de|= -5.61e-07  lindep= 0.813
davidson 15 5  |r|= 0.000212  e= [0.1697869  0.17659901 0.20357716 0.20365436 0.20862776]  max|de|= 4.16e-16  lindep= 0.999
davidson 16 6  |r|= 8.21e-05  e= [0.1697869  0.17659901 0.20357716 0.20365436 0.2086277 ]  max|de|= -6.13e-08  lindep= 0.886
davidson 17 7  |r|= 4.55e-05  e= [0.1697869  0.17659901 0.20357716 0.20365436 0.20862769]  max|de|= -1.22e-08  lindep= 0.897
davidson 18 8  |r|= 2.83e-05  e= [0.1697869  0.17659901 0.20357716 0.20365436 0.20862769]  max|de|= -2.11e-09  lindep= 0.882
root 4 converged  |r|= 1.2e-05  e= 0.20862768800953674  max|de|= -5.3e-10
converged 19 9  |r|= 2.83e-05  e= [0.1697869  0.17659901 0.20357716 0.20365436 0.20862769]  max|de|= -5.3e-10
    CPU time for TDA   3598.37 sec, wall time    133.53 sec
Excited State energies (eV)
[4.62013699 4.80550376 5.53961676 5.54171754 5.67704855]
