 
:: initializing oneAPI environment ...
   slurm_script: BASH_VERSION = 4.2.46(1)-release
   args: Using "$@" for setvars.sh arguments: --force
:: advisor -- latest
:: ccl -- latest
:: clck -- latest
:: compiler -- latest
:: dal -- latest
:: debugger -- latest
:: dev-utilities -- latest
:: dnnl -- latest
:: dpcpp-ct -- latest
:: dpl -- latest
:: inspector -- latest
:: intelpython -- latest
:: ipp -- latest
:: ippcp -- latest
:: ipp -- latest
:: itac -- latest
:: mkl -- latest
:: mpi -- latest
:: tbb -- latest
:: vpl -- latest
:: vtune -- latest
:: oneAPI environment initialized ::
 
SLURM_CPUS_PER_TASK = 28
SLURM_MEM_PER_NODE = 127949
#INFO: **** input file is /home/yangjunjie/work/py-ch3-cl/work/step_-3/main.py ****
import sys
import pyscf
from pyscf import tdscf

def main(xyz_file, basis="631g*", xc="b3lyp", output="ene.out"):
    xyz = None

    with open(xyz_file, "r") as xyz:
        xyz = xyz.readlines()[2:]
        xyz = "".join(xyz)

    mol = pyscf.gto.Mole()
    mol.atom = xyz
    mol.basis = basis
    mol.verbose = 5
    mol.build()

    if xc is not None and xc != "hf":
        mf = pyscf.scf.RKS(mol)
        mf.xc = xc
        mf.grids.level = 9
        mf.kernel()
    else:
        mf = pyscf.scf.RHF(mol)
        mf.kernel()

    ene_mf = mf.e_tot

    with open(output, "w") as f:
        tda = pyscf.tdscf.TDA(mf)
        tda.nstates = 5
        tda.max_space = 8
        tda.max_cycle = 2000
        tda.kernel()

        con_tda = tda.converged
        ene_tda = tda.e[:5]
        dip_tda = tda.transition_dipole()[:5]

        f.write(f"RKS energy: {ene_mf: 12.8f}\n")
        f.write("TDA results:\n")
        for i, (con, ene, dip) in enumerate(zip(con_tda, ene_tda, dip_tda)):
            f.write(f" {i:2d} {con} {ene: 12.8f} {dip[0]: 12.8f} {dip[1]: 12.8f} {dip[2]: 12.8f}\n")

        # rpa = pyscf.tdscf.RPA(mf)
        # rpa.nstates = 5
        # rpa.max_space = 8
        # rpa.max_cycle = 2000
        # rpa.kernel()

        # con_rpa = rpa.converged
        # ene_rpa = rpa.e[:5]
        # dip_rpa = rpa.transition_dipole()[:5]
        
        # f.write("\nRPA results:\n")
        # for i, (con, ene, dip) in enumerate(zip(con_rpa, ene_rpa, dip_rpa)):
        #     f.write(f" {i:2d} {con} {ene: 12.8f} {dip[0]: 12.8f} {dip[1]: 12.8f} {dip[2]: 12.8f}\n")

if __name__ == "__main__":
    xyz = sys.argv[1]
    main(xyz, basis="6311g**", xc="b3lyp", output="out.log")
#INFO: ******************** input file end ********************


System: uname_result(system='Linux', node='pauling045', release='3.10.0-327.36.3.el7.x86_64', version='#1 SMP Thu Oct 20 04:56:07 EDT 2016', machine='x86_64')  Threads 28
Python 3.9.7 (default, Oct 27 2021, 01:23:21) 
[GCC 9.3.0]
numpy 1.21.2  scipy 1.6.2
Date: Wed Sep 28 09:51:32 2022
PySCF version 2.0.1
PySCF path  /home/yangjunjie/packages/pyscf/pyscf-main
GIT ORIG_HEAD 14b880cdc4bf7bb64f3989a147c0b04622efc498
GIT HEAD (branch master) 9d5b5bd309d1cc55fbd1a0ec76e26b5b0c7f76af

[ENV] PYSCF_MAX_MEMORY 127949
[ENV] PYSCF_TMPDIR /scratch/global/yangjunjie/
[CONFIG] conf_file /home/yangjunjie/.pyscf_conf.py
[INPUT] verbose = 5
[INPUT] max_memory = 127949 
[INPUT] num. atoms = 16
[INPUT] num. electrons = 68
[INPUT] charge = 0
[INPUT] spin (= nelec alpha-beta = 2S) = 0
[INPUT] symmetry False subgroup None
[INPUT] Mole.unit = angstrom
[INPUT]  1 C      0.000000010000   1.164910820000   1.047187800000 AA    0.000000018897   2.201362409343   1.978898142986 Bohr
[INPUT]  2 C      0.000000000000   1.198043070000   2.430196150000 AA    0.000000000000   2.263973287733   4.592405152472 Bohr
[INPUT]  3 C     -0.000000010000  -0.012348930000   3.120204410000 AA   -0.000000018897  -0.023336095631   5.896331787560 Bohr
[INPUT]  4 C     -0.000000010000  -1.210277900000   2.407137150000 AA   -0.000000018897  -2.287093765614   4.548829957766 Bohr
[INPUT]  5 C      0.000000000000  -1.150720840000   1.025657670000 AA    0.000000000000  -2.174547233429   1.938212093860 Bohr
[INPUT]  6 N      0.000000010000   0.013685910000   0.382788530000 AA    0.000000018897   0.025862621665   0.723365485325 Bohr
[INPUT]  7 C     -0.000000010000   0.003710630000  -1.719455830000 AA   -0.000000018897   0.007012074450  -3.249300601987 Bohr
[INPUT]  8 H      0.000000020000   2.068760430000   0.441683560000 AA    0.000000037795   3.909390630037   0.834660962123 Bohr
[INPUT]  9 H      0.000000000000   2.147928720000   2.947773730000 AA    0.000000000000   4.058997015888   5.570485026888 Bohr
[INPUT] 10 H     -0.000000010000  -0.022437820000   4.201585800000 AA   -0.000000018897  -0.042401334632   7.939846450862 Bohr
[INPUT] 11 H     -0.000000020000  -2.169526570000   2.907358340000 AA   -0.000000037795  -4.099811037267   5.494111008570 Bohr
[INPUT] 12 H      0.000000000000  -2.042375620000   0.401488020000 AA    0.000000000000  -3.859530565289   0.758702400094 Bohr
[INPUT] 13 H     -0.000000030000   1.078318620000  -1.647957650000 AA   -0.000000056692   2.037726866819  -3.114188623382 Bohr
[INPUT] 14 H     -0.931469860000  -0.531338450000  -1.637670930000 AA   -1.760222928687  -1.004084149951  -3.094749539862 Bohr
[INPUT] 15 H      0.931469900000  -0.531338410000  -1.637670930000 AA    1.760223004276  -1.004084074362  -3.094749539862 Bohr
[INPUT] 16 Cl    -0.000000010000   0.003268950000  -3.896560310000 AA   -0.000000018897   0.006177420215  -7.363431813750 Bohr
[INPUT] ---------------- BASIS SET ---------------- 
[INPUT] l, kappa, [nprim/nctr], expnt,             c_1 c_2 ...
[INPUT] Cl
[INPUT] 0    0    [6    /1   ]  105819            0.000738
                                15872             0.005718
                                3619.65           0.029495
                                1030.8            0.117286
                                339.908           0.362949
                                124.538           0.584149
[INPUT] 0    0    [3    /1   ]  124.538           0.134177
                                49.5135           0.62425
                                20.8056           0.291756
[INPUT] 0    0    [1    /1   ]  6.58346              1
[INPUT] 0    0    [1    /1   ]  2.56468              1
[INPUT] 0    0    [1    /1   ]  0.559763             1
[INPUT] 0    0    [1    /1   ]  0.183273             1
[INPUT] 1    0    [5    /1   ]  589.776           0.002391
                                139.849           0.018504
                                45.1413           0.081377
                                16.8733           0.221552
                                6.7411            0.772569
[INPUT] 1    0    [2    /1   ]  6.7411            -1.572244
                                2.77152           0.992389
[INPUT] 1    0    [1    /1   ]  1.02387              1
[INPUT] 1    0    [1    /1   ]  0.381368             1
[INPUT] 1    0    [1    /1   ]  0.109437             1
[INPUT] 2    0    [1    /1   ]  0.75                 1
[INPUT] C
[INPUT] 0    0    [6    /1   ]  4563.24           0.00196665
                                682.024           0.0152306
                                154.973           0.0761269
                                44.4553           0.260801
                                13.029            0.616462
                                1.82773           0.221006
[INPUT] 0    0    [3    /1   ]  20.9642           0.11466
                                4.80331           0.919999
                                1.45933           -0.00303068
[INPUT] 0    0    [1    /1   ]  0.483456             1
[INPUT] 0    0    [1    /1   ]  0.145585             1
[INPUT] 1    0    [3    /1   ]  20.9642           0.0402487
                                4.80331           0.237594
                                1.45933           0.815854
[INPUT] 1    0    [1    /1   ]  0.483456             1
[INPUT] 1    0    [1    /1   ]  0.145585             1
[INPUT] 2    0    [1    /1   ]  0.626                1
[INPUT] H
[INPUT] 0    0    [3    /1   ]  33.865            0.0254938
                                5.09479           0.190373
                                1.15879           0.852161
[INPUT] 0    0    [1    /1   ]  0.32584              1
[INPUT] 0    0    [1    /1   ]  0.102741             1
[INPUT] 1    0    [1    /1   ]  0.75                 1
[INPUT] N
[INPUT] 0    0    [6    /1   ]  6293.48           0.00196979
                                949.044           0.0149613
                                218.776           0.0735006
                                63.6916           0.248937
                                18.8282           0.60246
                                2.72023           0.256202
[INPUT] 0    0    [3    /1   ]  30.6331           0.111906
                                7.02614           0.921666
                                2.11205           -0.00256919
[INPUT] 0    0    [1    /1   ]  0.684009             1
[INPUT] 0    0    [1    /1   ]  0.200878             1
[INPUT] 1    0    [3    /1   ]  30.6331           0.0383119
                                7.02614           0.237403
                                2.11205           0.817592
[INPUT] 1    0    [1    /1   ]  0.684009             1
[INPUT] 1    0    [1    /1   ]  0.200878             1
[INPUT] 2    0    [1    /1   ]  0.913                1

nuclear repulsion = 379.450550980045
number of shells = 100
number of NR pGTOs = 329
number of NR cGTOs = 200
basis = 6311g**
ecp = {}
CPU time:         0.35


******** <class 'pyscf.dft.rks.RKS'> ********
method = RKS
initial guess = minao
damping factor = 0
level_shift factor = 0
DIIS = <class 'pyscf.scf.diis.CDIIS'>
diis_start_cycle = 1
diis_space = 8
SCF conv_tol = 1e-09
SCF conv_tol_grad = None
SCF max_cycles = 50
direct_scf = True
direct_scf_tol = 1e-13
chkfile to save SCF result = /scratch/global/yangjunjie/tmpl5zfdbs4
max_memory 127949 MB (current use 82 MB)
XC library pyscf.dft.libxc version 5.2.0
    S. Lehtola, C. Steigemann, M. J. Oliveira, and M. A. Marques, SoftwareX 7, 1 (2018)
XC functionals = b3lyp
    P. A. M. Dirac, Math. Proc. Cambridge Philos. Soc. 26, 376 (1930)
    F. Bloch, Z. Phys. 57, 545 (1929)
    A. D. Becke, Phys. Rev. A 38, 3098 (1988)
    C. Lee, W. Yang, and R. G. Parr, Phys. Rev. B 37, 785 (1988)
    B. Miehlich, A. Savin, H. Stoll, and H. Preuss, Chem. Phys. Lett. 157, 200 (1989)
    S. H. Vosko, L. Wilk, and M. Nusair, Can. J. Phys. 58, 1200 (1980)
radial grids: 
    Treutler-Ahlrichs [JCP 102, 346 (1995); DOI:10.1063/1.469408] (M4) radial grids
    
becke partition: Becke, JCP 88, 2547 (1988); DOI:10.1063/1.454033
pruning grids: <function nwchem_prune at 0x7f170b264e50>
grids dens level: 9
symmetrized grids: False
atomic radii adjust function: <function treutler_atomic_radii_adjust at 0x7f170b264dc0>
small_rho_cutoff = 1e-07
Set gradient conv threshold to 3.16228e-05
atom C rad-grids = 200, ang-grids = [  50   50   50   50   50   50   50   50   50   50   50   50   50   50
   50   50   50   50   50   50   50   50   50   50   50   50   50   50
   50   50   50   50   50   50   50   50   50   50   50   50   50   50
   50   50   50   50   50   50   50   50   50   50   50   50   50   50
   50   50   50   50   50   50   86   86   86   86   86   86   86   86
   86   86   86   86   86   86   86   86   86   86   86   86   86   86
   86   86   86   86 1202 1202 1202 1202 1202 1202 1202 1202 1202 1202
 1202 1202 1202 1202 1202 1202 1202 1202 1454 1454 1454 1454 1454 1454
 1454 1454 1454 1454 1454 1454 1454 1454 1454 1454 1454 1454 1454 1454
 1454 1454 1454 1454 1454 1454 1454 1454 1454 1454 1454 1454 1454 1454
 1454 1454 1454 1454 1454 1454 1454 1454 1454 1454 1454 1454 1454 1454
 1454 1454 1454 1454 1202 1202 1202 1202 1202 1202 1202 1202 1202 1202
 1202 1202 1202 1202 1202 1202 1202 1202 1202 1202 1202 1202 1202 1202
 1202 1202 1202 1202 1202 1202 1202 1202 1202 1202 1202 1202 1202 1202
 1202 1202 1202 1202]
atom N rad-grids = 200, ang-grids = [  50   50   50   50   50   50   50   50   50   50   50   50   50   50
   50   50   50   50   50   50   50   50   50   50   50   50   50   50
   50   50   50   50   50   50   50   50   50   50   50   50   50   50
   50   50   50   50   50   50   50   50   50   50   50   50   50   50
   50   50   50   50   50   86   86   86   86   86   86   86   86   86
   86   86   86   86   86   86   86   86   86   86   86   86   86   86
   86   86 1202 1202 1202 1202 1202 1202 1202 1202 1202 1202 1202 1202
 1202 1202 1202 1202 1202 1454 1454 1454 1454 1454 1454 1454 1454 1454
 1454 1454 1454 1454 1454 1454 1454 1454 1454 1454 1454 1454 1454 1454
 1454 1454 1454 1454 1454 1454 1454 1454 1454 1454 1454 1454 1454 1454
 1454 1454 1454 1454 1454 1454 1454 1454 1454 1454 1454 1454 1454 1454
 1454 1202 1202 1202 1202 1202 1202 1202 1202 1202 1202 1202 1202 1202
 1202 1202 1202 1202 1202 1202 1202 1202 1202 1202 1202 1202 1202 1202
 1202 1202 1202 1202 1202 1202 1202 1202 1202 1202 1202 1202 1202 1202
 1202 1202 1202 1202]
atom H rad-grids = 200, ang-grids = [  50   50   50   50   50   50   50   50   50   50   50   50   50   50
   50   50   50   50   50   50   50   50   50   50   50   50   50   50
   50   50   50   50   50   50   50   50   50   50   50   50   50   50
   50   50   50   50   50   50   50   50   50   50   50   50   50   50
   50   86   86   86   86   86   86   86   86   86   86   86   86   86
   86 1202 1202 1202 1202 1202 1202 1202 1202 1202 1202 1202 1202 1202
 1202 1202 1202 1202 1454 1454 1454 1454 1454 1454 1454 1454 1454 1454
 1454 1454 1454 1454 1454 1454 1454 1454 1454 1454 1454 1454 1454 1454
 1454 1454 1454 1454 1454 1454 1454 1454 1454 1454 1454 1454 1454 1454
 1454 1454 1454 1454 1454 1454 1454 1454 1454 1454 1454 1454 1454 1454
 1202 1202 1202 1202 1202 1202 1202 1202 1202 1202 1202 1202 1202 1202
 1202 1202 1202 1202 1202 1202 1202 1202 1202 1202 1202 1202 1202 1202
 1202 1202 1202 1202 1202 1202 1202 1202 1202 1202 1202 1202 1202 1202
 1202 1202 1202 1202 1202 1202 1202 1202 1202 1202 1202 1202 1202 1202
 1202 1202 1202 1202]
atom Cl rad-grids = 200, ang-grids = [  50   50   50   50   50   50   50   50   50   50   50   50   50   50
   50   50   50   50   50   50   50   50   50   50   50   50   50   50
   50   50   50   50   50   50   50   50   50   50   50   50   50   50
   50   50   50   50   50   50   50   50   50   50   50   50   50   50
   50   50   50   86   86   86   86   86   86   86   86   86   86   86
   86   86   86   86   86   86   86   86   86   86   86   86   86   86
   86   86   86   86   86   86   86   86 1202 1202 1202 1202 1202 1202
 1202 1202 1202 1202 1202 1202 1202 1202 1202 1202 1202 1202 1202 1202
 1202 1202 1454 1454 1454 1454 1454 1454 1454 1454 1454 1454 1454 1454
 1454 1454 1454 1454 1454 1454 1454 1454 1454 1454 1454 1454 1454 1454
 1454 1454 1454 1454 1454 1454 1454 1454 1454 1454 1454 1454 1454 1454
 1454 1454 1454 1454 1454 1202 1202 1202 1202 1202 1202 1202 1202 1202
 1202 1202 1202 1202 1202 1202 1202 1202 1202 1202 1202 1202 1202 1202
 1202 1202 1202 1202 1202 1202 1202 1202 1202 1202 1202 1202 1202 1202
 1202 1202 1202 1202]
tot grids = 2598388
Drop grids 445693
    CPU time for setting up grids     46.60 sec, wall time      1.94 sec
nelec by numeric integration = 67.99244500846417
    CPU time for vxc     93.56 sec, wall time      3.35 sec
E1 = -1772.795976356615  Ecoul = 714.8241893010415  Exc = -70.49373096879235
init E= -749.014967044321
cond(S) = 13610.736127888775
    CPU time for initialize scf    153.96 sec, wall time      5.84 sec
  HOMO = -0.298433458399015  LUMO = -0.102842628202909
  mo_energy =
[-1.01494612e+02 -1.43943577e+01 -1.02823175e+01 -1.02817480e+01
 -1.02802434e+01 -1.02772221e+01 -1.02771147e+01 -1.02734832e+01
 -9.51241030e+00 -7.26617651e+00 -7.26589288e+00 -7.26589143e+00
 -1.10489849e+00 -9.37556466e-01 -8.89888865e-01 -8.72868214e-01
 -7.71701609e-01 -7.13224588e-01 -7.04658118e-01 -5.78754741e-01
 -5.34435473e-01 -5.11024065e-01 -4.76137585e-01 -4.75713329e-01
 -4.59690720e-01 -4.49356008e-01 -4.34756949e-01 -3.98397510e-01
 -3.94007587e-01 -3.49544941e-01 -3.48582461e-01 -3.25332830e-01
 -2.99462627e-01 -2.98433458e-01 -1.02842628e-01 -8.29041478e-02
 -8.07313626e-02  1.57802976e-02  3.17431088e-02  4.92690378e-02
  6.15586466e-02  7.37065529e-02  7.85207165e-02  9.59589113e-02
  1.05268001e-01  1.33745741e-01  1.81419066e-01  2.10625559e-01
  2.25191222e-01  2.30907289e-01  2.35307727e-01  2.52536605e-01
  2.63688643e-01  2.68244491e-01  2.79599180e-01  2.82290558e-01
  3.34028650e-01  3.39089887e-01  3.52168370e-01  3.53154044e-01
  3.69730962e-01  3.95383240e-01  4.04181092e-01  4.06223575e-01
  4.33183517e-01  4.37232329e-01  4.64314477e-01  4.82983812e-01
  4.92619133e-01  5.17665661e-01  5.26263159e-01  5.39458345e-01
  5.50530565e-01  5.50665963e-01  5.86147468e-01  5.91606566e-01
  6.07813636e-01  6.55365880e-01  6.72009870e-01  6.74193360e-01
  6.87667166e-01  6.97945766e-01  7.06297376e-01  7.40077316e-01
  7.68935972e-01  8.01344309e-01  8.11856269e-01  8.14920159e-01
  8.29390612e-01  8.36710957e-01  8.72359440e-01  8.93229717e-01
  9.01939308e-01  9.56364350e-01  9.68815892e-01  9.71750460e-01
  1.01917040e+00  1.02607040e+00  1.05843502e+00  1.07232615e+00
  1.10183172e+00  1.14541831e+00  1.14950377e+00  1.22203251e+00
  1.28535637e+00  1.31479523e+00  1.35353404e+00  1.39007302e+00
  1.39976437e+00  1.41742225e+00  1.42368805e+00  1.42982326e+00
  1.47407214e+00  1.49624197e+00  1.51074708e+00  1.53519307e+00
  1.57179282e+00  1.60851675e+00  1.62972755e+00  1.66090591e+00
  1.66580602e+00  1.72568459e+00  1.72639441e+00  1.73464424e+00
  1.73552372e+00  1.77992766e+00  1.81541685e+00  1.83405676e+00
  1.83844767e+00  1.85343339e+00  1.87450042e+00  1.88895459e+00
  1.92585545e+00  1.96245553e+00  1.98437461e+00  1.98888608e+00
  2.04286408e+00  2.09161381e+00  2.09261180e+00  2.09731401e+00
  2.12429426e+00  2.12450625e+00  2.20207072e+00  2.24215562e+00
  2.27475846e+00  2.31150319e+00  2.32836099e+00  2.38539561e+00
  2.39038345e+00  2.40433667e+00  2.46555491e+00  2.48048336e+00
  2.51839995e+00  2.51872566e+00  2.54160193e+00  2.54787985e+00
  2.55962824e+00  2.56888776e+00  2.59746637e+00  2.59902351e+00
  2.61694299e+00  2.65878219e+00  2.69160084e+00  2.69492345e+00
  2.70150508e+00  2.80264844e+00  2.86182320e+00  2.86987163e+00
  2.88697465e+00  2.90076751e+00  2.90548057e+00  2.96886024e+00
  3.09923964e+00  3.25094602e+00  3.33458791e+00  3.37990966e+00
  3.54079150e+00  3.55804974e+00  3.65394344e+00  3.69990670e+00
  3.74251914e+00  3.79276610e+00  3.91705270e+00  3.95755074e+00
  3.99042385e+00  4.32202026e+00  4.39727522e+00  5.16866259e+00
  9.42489419e+00  2.35412919e+01  2.38240405e+01  2.38279281e+01
  2.39437793e+01  2.40267324e+01  2.40675444e+01  2.53576195e+01
  2.53659204e+01  2.57970875e+01  3.55632405e+01  2.15476001e+02]
nelec by numeric integration = 68.00000001723056
    CPU time for vxc     84.87 sec, wall time      3.05 sec
E1 = -1779.754913495745  Ecoul = 722.904684676687  Exc = -70.75171588053406
cycle= 1 E= -748.151393719548  delta_E= 0.864  |g|= 0.426  |ddm|= 3.27
    CPU time for cycle= 1     86.47 sec, wall time      3.11 sec
  HOMO = -0.133655763837724  LUMO = -0.0631179355408207
  mo_energy =
[-1.01197612e+02 -1.43562070e+01 -1.02507889e+01 -1.02505399e+01
 -1.02246899e+01 -1.01611185e+01 -1.01317818e+01 -1.01316721e+01
 -9.14335369e+00 -6.90147331e+00 -6.89660327e+00 -6.89658853e+00
 -1.00081117e+00 -8.15769511e-01 -8.01485716e-01 -7.20787172e-01
 -6.67134294e-01 -6.54822371e-01 -5.84383812e-01 -5.60400095e-01
 -5.12822256e-01 -4.99096367e-01 -4.72378341e-01 -4.63421142e-01
 -4.44297491e-01 -4.31787711e-01 -4.30075038e-01 -3.90437057e-01
 -3.33227469e-01 -3.12147700e-01 -2.97935990e-01 -1.88073301e-01
 -1.34053246e-01 -1.33655764e-01 -6.31179355e-02 -4.46713305e-02
  1.21454739e-02  4.04845038e-02  4.30346224e-02  5.15497230e-02
  7.37274494e-02  7.71953971e-02  1.02867138e-01  1.07619390e-01
  1.23425433e-01  1.46748904e-01  2.04860480e-01  2.33514094e-01
  2.48818564e-01  2.55862654e-01  2.71711034e-01  2.86630110e-01
  2.86772300e-01  3.34906416e-01  3.52504545e-01  3.61417509e-01
  3.64754455e-01  3.73114572e-01  3.94790048e-01  4.00119479e-01
  4.06433443e-01  4.11896249e-01  4.27790635e-01  4.48551711e-01
  4.54029171e-01  4.81781956e-01  4.95328231e-01  4.96560997e-01
  5.08158054e-01  5.39746974e-01  5.56376504e-01  5.67833681e-01
  5.86580919e-01  5.89392078e-01  6.11581834e-01  6.27894007e-01
  6.35798603e-01  6.87893665e-01  6.94631548e-01  7.10413510e-01
  7.19724110e-01  7.36449731e-01  7.65326454e-01  8.03027234e-01
  8.13740265e-01  8.61951427e-01  9.05672463e-01  9.22461752e-01
  9.22944681e-01  9.75576455e-01  9.96986593e-01  1.00965233e+00
  1.01930637e+00  1.03884187e+00  1.04576960e+00  1.07296160e+00
  1.07969291e+00  1.09383563e+00  1.09551074e+00  1.14510420e+00
  1.15653862e+00  1.18798657e+00  1.19987984e+00  1.29006329e+00
  1.30805653e+00  1.33904620e+00  1.37986017e+00  1.41749601e+00
  1.44029263e+00  1.45641374e+00  1.45838680e+00  1.47072953e+00
  1.51367375e+00  1.51477202e+00  1.54617423e+00  1.55684522e+00
  1.58494328e+00  1.62056485e+00  1.66360943e+00  1.66406487e+00
  1.68154697e+00  1.73061004e+00  1.74221717e+00  1.74772610e+00
  1.77086759e+00  1.81829888e+00  1.84849339e+00  1.85740946e+00
  1.88682812e+00  1.89964000e+00  1.90895302e+00  1.94129141e+00
  1.97145412e+00  2.00435113e+00  2.02511184e+00  2.03544752e+00
  2.06548462e+00  2.12042260e+00  2.15455457e+00  2.15510360e+00
  2.23558690e+00  2.27894409e+00  2.33758621e+00  2.34028618e+00
  2.34694450e+00  2.35385354e+00  2.38126615e+00  2.42186781e+00
  2.42206299e+00  2.43372434e+00  2.51237958e+00  2.52634963e+00
  2.55630018e+00  2.56618551e+00  2.57881272e+00  2.58145328e+00
  2.58983329e+00  2.59265187e+00  2.60739280e+00  2.61377220e+00
  2.63891929e+00  2.69235375e+00  2.73479153e+00  2.74065787e+00
  2.74624610e+00  2.83690224e+00  2.89789888e+00  2.91368834e+00
  2.92815416e+00  2.96755874e+00  2.96973131e+00  3.00694192e+00
  3.18036268e+00  3.32159028e+00  3.40215816e+00  3.45451461e+00
  3.57388526e+00  3.59482406e+00  3.70403971e+00  3.74418380e+00
  3.76277049e+00  3.81410954e+00  3.96794250e+00  4.01077220e+00
  4.03752334e+00  4.38626356e+00  4.43069653e+00  5.20388871e+00
  9.76385048e+00  2.36279241e+01  2.38693826e+01  2.38880696e+01
  2.40068770e+01  2.41226143e+01  2.41835703e+01  2.56883339e+01
  2.56965295e+01  2.61179326e+01  3.55948725e+01  2.15766279e+02]
nelec by numeric integration = 68.00000002163372
    CPU time for vxc     84.60 sec, wall time      3.03 sec
E1 = -1772.290043307808  Ecoul = 714.9026559985065  Exc = -70.15813883824008
cycle= 2 E= -748.094975167497  delta_E= 0.0564  |g|= 0.644  |ddm|= 1.23
    CPU time for cycle= 2     86.58 sec, wall time      3.10 sec
  HOMO = -0.22347255045302  LUMO = -0.061399017323703
  mo_energy =
[-1.01447486e+02 -1.43104533e+01 -1.02255963e+01 -1.02254138e+01
 -1.02234354e+01 -1.02055556e+01 -1.02054629e+01 -1.01732627e+01
 -9.35273669e+00 -7.11592735e+00 -7.10941456e+00 -7.10940258e+00
 -9.76631677e-01 -8.38813410e-01 -7.99567729e-01 -7.27369039e-01
 -6.66655201e-01 -6.65971544e-01 -6.44890312e-01 -5.63765807e-01
 -5.15940916e-01 -5.05541960e-01 -4.70255321e-01 -4.41827800e-01
 -4.40231425e-01 -4.18047832e-01 -4.13641462e-01 -4.02537856e-01
 -3.26755554e-01 -3.21103069e-01 -3.00739167e-01 -2.32558770e-01
 -2.23813134e-01 -2.23472550e-01 -6.13990173e-02 -4.85264569e-02
  9.13935322e-03  3.51545763e-02  4.87080715e-02  5.76588701e-02
  7.75174041e-02  8.45762019e-02  1.03823050e-01  1.15585859e-01
  1.34176956e-01  1.59334929e-01  2.10587233e-01  2.30457870e-01
  2.44515414e-01  2.56379793e-01  2.78208146e-01  2.99903882e-01
  3.00740072e-01  3.22936088e-01  3.32955336e-01  3.52255713e-01
  3.57855460e-01  3.63646441e-01  3.70044439e-01  3.83825695e-01
  3.84871673e-01  4.08791297e-01  4.27156520e-01  4.31915245e-01
  4.42442888e-01  4.97422594e-01  4.97817705e-01  5.08352750e-01
  5.19478068e-01  5.28903637e-01  5.52976573e-01  5.69624890e-01
  5.82133333e-01  6.09630210e-01  6.18950128e-01  6.23699009e-01
  6.35430626e-01  6.93082070e-01  7.00470944e-01  7.11942427e-01
  7.17547855e-01  7.33183813e-01  7.60149302e-01  7.84791970e-01
  8.15497798e-01  8.22644762e-01  9.06840276e-01  9.08808017e-01
  9.12318333e-01  9.65844837e-01  9.68442649e-01  9.75624005e-01
  9.77293039e-01  9.88684361e-01  9.97160198e-01  1.01170339e+00
  1.03483507e+00  1.04219395e+00  1.07440200e+00  1.13640822e+00
  1.16568063e+00  1.16901571e+00  1.20660944e+00  1.27573268e+00
  1.32181955e+00  1.33731136e+00  1.40476854e+00  1.41593665e+00
  1.43183822e+00  1.45350847e+00  1.47773081e+00  1.48507889e+00
  1.50568642e+00  1.51219842e+00  1.54116894e+00  1.55551007e+00
  1.59031852e+00  1.63934004e+00  1.66711813e+00  1.66727223e+00
  1.68724048e+00  1.73458241e+00  1.74376254e+00  1.74931727e+00
  1.76582714e+00  1.83832318e+00  1.84865626e+00  1.85698608e+00
  1.87684190e+00  1.90006251e+00  1.90504964e+00  1.93438528e+00
  1.99286098e+00  2.01548445e+00  2.02233032e+00  2.03888464e+00
  2.06505057e+00  2.13249837e+00  2.14824986e+00  2.16561313e+00
  2.22810251e+00  2.23157521e+00  2.23490622e+00  2.27827839e+00
  2.33799329e+00  2.36069172e+00  2.36736742e+00  2.41304790e+00
  2.44790176e+00  2.45574087e+00  2.52279655e+00  2.54073616e+00
  2.54230811e+00  2.55936588e+00  2.56597788e+00  2.58499452e+00
  2.59325007e+00  2.60719933e+00  2.62213378e+00  2.62852599e+00
  2.64347452e+00  2.70043479e+00  2.72720500e+00  2.73572884e+00
  2.73659417e+00  2.83973618e+00  2.90271632e+00  2.92151449e+00
  2.93844517e+00  2.94338284e+00  2.98256904e+00  3.02491052e+00
  3.15507783e+00  3.30416420e+00  3.38338979e+00  3.42336422e+00
  3.59161923e+00  3.60587261e+00  3.73533876e+00  3.77487626e+00
  3.78427544e+00  3.85260341e+00  3.95295181e+00  3.99007919e+00
  4.03083557e+00  4.37038283e+00  4.46246959e+00  5.22762047e+00
  9.58150836e+00  2.35959987e+01  2.38813769e+01  2.39188217e+01
  2.39906932e+01  2.40838906e+01  2.41271205e+01  2.55181842e+01
  2.55263953e+01  2.59450089e+01  3.56401405e+01  2.15523331e+02]
nelec by numeric integration = 68.00000002194078
    CPU time for vxc     83.82 sec, wall time      3.00 sec
E1 = -1774.9415002451874  Ecoul = 717.6635942829024  Exc = -70.37780757020907
cycle= 3 E= -748.205162552449  delta_E= -0.11  |g|= 0.157  |ddm|= 0.712
    CPU time for cycle= 3     85.63 sec, wall time      3.06 sec
  HOMO = -0.236333830914742  LUMO = -0.0720221921233588
  mo_energy =
[-1.01466068e+02 -1.43725392e+01 -1.02465642e+01 -1.02464391e+01
 -1.02266683e+01 -1.02236044e+01 -1.02188396e+01 -1.02187956e+01
 -9.37294296e+00 -7.13596954e+00 -7.12957604e+00 -7.12956041e+00
 -1.00114310e+00 -8.46238197e-01 -8.10880813e-01 -7.46280099e-01
 -6.79173286e-01 -6.77245503e-01 -6.61132735e-01 -5.69920341e-01
 -5.28551690e-01 -5.09114769e-01 -4.77692646e-01 -4.60352786e-01
 -4.46611191e-01 -4.39364891e-01 -4.31925340e-01 -4.09214941e-01
 -3.49116765e-01 -3.31722745e-01 -3.08849445e-01 -2.54227289e-01
 -2.36644279e-01 -2.36333831e-01 -7.20221921e-02 -5.62554225e-02
 -3.66572685e-03  2.80897844e-02  4.72508267e-02  4.85004093e-02
  7.68683019e-02  8.16572388e-02  9.45403407e-02  1.11868817e-01
  1.23714951e-01  1.51321231e-01  2.02268435e-01  2.28167728e-01
  2.42669865e-01  2.51089438e-01  2.72266721e-01  2.88290702e-01
  2.90611122e-01  3.14774752e-01  3.24941464e-01  3.46788035e-01
  3.49853794e-01  3.56464755e-01  3.64866592e-01  3.81109310e-01
  3.84173409e-01  4.04569424e-01  4.21423854e-01  4.24776419e-01
  4.38516136e-01  4.81734935e-01  4.91048586e-01  4.93942034e-01
  5.11117748e-01  5.26608842e-01  5.48740634e-01  5.64737827e-01
  5.72784171e-01  5.91116647e-01  6.13316418e-01  6.18652621e-01
  6.23330983e-01  6.87049894e-01  6.91811025e-01  7.00097974e-01
  7.13304104e-01  7.24788438e-01  7.52747965e-01  7.69113683e-01
  8.06218302e-01  8.14292299e-01  8.91487460e-01  9.00788955e-01
  9.07188936e-01  9.54196908e-01  9.58610228e-01  9.61084012e-01
  9.62523372e-01  9.77948842e-01  9.90808046e-01  9.96127299e-01
  1.02209517e+00  1.03794163e+00  1.07151115e+00  1.11805340e+00
  1.15466609e+00  1.15673157e+00  1.18875400e+00  1.25807660e+00
  1.30682931e+00  1.32693799e+00  1.38995768e+00  1.40944384e+00
  1.42715228e+00  1.44684046e+00  1.46038740e+00  1.46920715e+00
  1.50181891e+00  1.50580758e+00  1.53528923e+00  1.54992574e+00
  1.58571694e+00  1.62887372e+00  1.65457223e+00  1.66569093e+00
  1.68092039e+00  1.73145061e+00  1.73982045e+00  1.74467144e+00
  1.75912109e+00  1.82264134e+00  1.84412750e+00  1.85215183e+00
  1.87122023e+00  1.88831474e+00  1.89687608e+00  1.92504798e+00
  1.97421212e+00  2.00187528e+00  2.01620621e+00  2.02266829e+00
  2.05789821e+00  2.11957953e+00  2.14163344e+00  2.15533182e+00
  2.21727021e+00  2.21827573e+00  2.22707377e+00  2.27278450e+00
  2.32978109e+00  2.34689372e+00  2.34940276e+00  2.41155312e+00
  2.42973819e+00  2.43980307e+00  2.50673793e+00  2.52664583e+00
  2.53447634e+00  2.55164858e+00  2.56096230e+00  2.57952850e+00
  2.58998473e+00  2.59881396e+00  2.60538972e+00  2.61902662e+00
  2.63333504e+00  2.68506132e+00  2.71949135e+00  2.72324084e+00
  2.72930051e+00  2.82404489e+00  2.89215379e+00  2.90439087e+00
  2.92125254e+00  2.93579125e+00  2.95298858e+00  3.00880902e+00
  3.14589257e+00  3.29407395e+00  3.37522101e+00  3.42039151e+00
  3.57591269e+00  3.58729701e+00  3.70916885e+00  3.75021851e+00
  3.76605166e+00  3.81236232e+00  3.94758135e+00  3.98862577e+00
  4.02021590e+00  4.35917225e+00  4.42733196e+00  5.19754618e+00
  9.56289882e+00  2.35841431e+01  2.38637701e+01  2.38686524e+01
  2.39796920e+01  2.40680913e+01  2.41169731e+01  2.55001693e+01
  2.55083807e+01  2.59269662e+01  3.55801578e+01  2.15504731e+02]
nelec by numeric integration = 68.00000001984081
    CPU time for vxc     81.79 sec, wall time      2.93 sec
E1 = -1776.2371985769037  Ecoul = 719.044939238652  Exc = -70.469315354879
cycle= 4 E= -748.211023713086  delta_E= -0.00586  |g|= 0.0493  |ddm|= 0.169
    CPU time for cycle= 4     83.43 sec, wall time      2.99 sec
  HOMO = -0.236957648443805  LUMO = -0.0696788645013565
  mo_energy =
[-1.01455024e+02 -1.43521285e+01 -1.02476719e+01 -1.02474228e+01
 -1.02319199e+01 -1.02302828e+01 -1.02194530e+01 -1.02193891e+01
 -9.36786590e+00 -7.13042210e+00 -7.12394186e+00 -7.12392155e+00
 -9.94014933e-01 -8.45387866e-01 -8.09121706e-01 -7.47274866e-01
 -6.77674515e-01 -6.76469403e-01 -6.61342718e-01 -5.69318254e-01
 -5.26996711e-01 -5.08554851e-01 -4.76833057e-01 -4.58546290e-01
 -4.46170210e-01 -4.41211495e-01 -4.31763038e-01 -4.08530954e-01
 -3.47052082e-01 -3.29410544e-01 -3.07819015e-01 -2.52674277e-01
 -2.37267578e-01 -2.36957648e-01 -6.96788645e-02 -5.51635085e-02
 -3.50452785e-03  2.84623859e-02  4.74275975e-02  4.88542199e-02
  7.71808962e-02  8.19339158e-02  9.60941917e-02  1.12235760e-01
  1.23287278e-01  1.51222944e-01  2.04058253e-01  2.28666914e-01
  2.43341867e-01  2.52428247e-01  2.73624014e-01  2.87890312e-01
  2.91132143e-01  3.13852158e-01  3.24911896e-01  3.47082502e-01
  3.51375327e-01  3.57189651e-01  3.64622121e-01  3.81081515e-01
  3.84464149e-01  4.05559737e-01  4.22162278e-01  4.25180147e-01
  4.38853536e-01  4.83174158e-01  4.91871287e-01  4.94176335e-01
  5.12537836e-01  5.27014899e-01  5.49285453e-01  5.65075638e-01
  5.73096199e-01  5.89795445e-01  6.13292028e-01  6.19600423e-01
  6.23050898e-01  6.87099138e-01  6.96268623e-01  7.00059680e-01
  7.13742125e-01  7.25387311e-01  7.53972567e-01  7.68224432e-01
  8.08048285e-01  8.14960804e-01  8.92180943e-01  9.01925232e-01
  9.07603727e-01  9.54226378e-01  9.58878476e-01  9.61116645e-01
  9.62314361e-01  9.78630781e-01  9.91276431e-01  9.97424604e-01
  1.02424752e+00  1.03880370e+00  1.07152432e+00  1.11793814e+00
  1.15687629e+00  1.15773881e+00  1.18878870e+00  1.26083038e+00
  1.30868816e+00  1.32940521e+00  1.38873188e+00  1.41060704e+00
  1.42721191e+00  1.44800338e+00  1.45911420e+00  1.46817850e+00
  1.50299025e+00  1.50593849e+00  1.53571121e+00  1.55083755e+00
  1.58607609e+00  1.62985241e+00  1.65501050e+00  1.66661646e+00
  1.68195309e+00  1.73253553e+00  1.74079685e+00  1.74600280e+00
  1.76026503e+00  1.82159941e+00  1.84417358e+00  1.85247995e+00
  1.87092025e+00  1.88805629e+00  1.89776922e+00  1.92497696e+00
  1.97294622e+00  2.00233240e+00  2.01697140e+00  2.02241744e+00
  2.05938456e+00  2.12134775e+00  2.14347165e+00  2.15697006e+00
  2.21765852e+00  2.21866910e+00  2.22785019e+00  2.27364192e+00
  2.33039813e+00  2.34697609e+00  2.35334888e+00  2.41144697e+00
  2.42844324e+00  2.43878362e+00  2.50953722e+00  2.52632583e+00
  2.53561237e+00  2.55161262e+00  2.56163209e+00  2.58007288e+00
  2.58952203e+00  2.59675234e+00  2.60613192e+00  2.61806718e+00
  2.63400386e+00  2.68757834e+00  2.71889915e+00  2.72520171e+00
  2.73041559e+00  2.82594678e+00  2.89377029e+00  2.90686952e+00
  2.92433376e+00  2.93582322e+00  2.95181524e+00  3.00817762e+00
  3.14581323e+00  3.29421173e+00  3.37519746e+00  3.41957216e+00
  3.57888063e+00  3.59049508e+00  3.70698058e+00  3.74875245e+00
  3.76912348e+00  3.82470934e+00  3.94787642e+00  3.98791070e+00
  4.02154888e+00  4.36059991e+00  4.43724065e+00  5.20589393e+00
  9.56640169e+00  2.35820718e+01  2.38617171e+01  2.38651295e+01
  2.39765250e+01  2.40675059e+01  2.41148004e+01  2.55030168e+01
  2.55112199e+01  2.59297083e+01  3.55998544e+01  2.15514994e+02]
nelec by numeric integration = 68.0000000197397
    CPU time for vxc     82.36 sec, wall time      2.94 sec
E1 = -1776.0551499031244  Ecoul = 718.850796936831  Exc = -70.45762534237204
cycle= 5 E= -748.211427328621  delta_E= -0.000404  |g|= 0.0224  |ddm|= 0.0381
    CPU time for cycle= 5     83.97 sec, wall time      3.00 sec
  HOMO = -0.238284477824543  LUMO = -0.0689220537332263
  mo_energy =
[-1.01455340e+02 -1.43569437e+01 -1.02458930e+01 -1.02457171e+01
 -1.02271987e+01 -1.02243286e+01 -1.02178401e+01 -1.02177691e+01
 -9.36915709e+00 -7.13168156e+00 -7.12512933e+00 -7.12510721e+00
 -9.94214162e-01 -8.44018455e-01 -8.08050351e-01 -7.46827491e-01
 -6.76932810e-01 -6.75827890e-01 -6.60341933e-01 -5.68228536e-01
 -5.26101152e-01 -5.07636924e-01 -4.75762479e-01 -4.57506957e-01
 -4.45092027e-01 -4.39261290e-01 -4.30370237e-01 -4.07567830e-01
 -3.46872055e-01 -3.28593602e-01 -3.06651799e-01 -2.53618087e-01
 -2.38595327e-01 -2.38284478e-01 -6.89220537e-02 -5.40730894e-02
 -2.20356043e-03  2.94045748e-02  4.80590183e-02  4.94688140e-02
  7.78589823e-02  8.25641556e-02  9.68593098e-02  1.12814654e-01
  1.24007822e-01  1.51832933e-01  2.04718809e-01  2.29687834e-01
  2.44293946e-01  2.53239420e-01  2.74427872e-01  2.88474856e-01
  2.91773020e-01  3.13103761e-01  3.24879035e-01  3.47237529e-01
  3.52012044e-01  3.57946776e-01  3.64816451e-01  3.81701275e-01
  3.85630470e-01  4.06559902e-01  4.22757447e-01  4.25670111e-01
  4.39819474e-01  4.83814445e-01  4.92845025e-01  4.94861449e-01
  5.13199097e-01  5.28044147e-01  5.50332230e-01  5.66161560e-01
  5.74131601e-01  5.91389543e-01  6.14387893e-01  6.20547117e-01
  6.24241565e-01  6.88072178e-01  6.96058318e-01  7.01174500e-01
  7.14647081e-01  7.26354255e-01  7.54828183e-01  7.68443397e-01
  8.08320474e-01  8.15272811e-01  8.92945711e-01  9.02784902e-01
  9.08519589e-01  9.53443424e-01  9.58037528e-01  9.60354016e-01
  9.60879570e-01  9.78723158e-01  9.92584670e-01  9.97804214e-01
  1.02475851e+00  1.03988582e+00  1.07278978e+00  1.11896741e+00
  1.15753446e+00  1.15794757e+00  1.18984467e+00  1.26050735e+00
  1.30942904e+00  1.33001766e+00  1.38968550e+00  1.41165491e+00
  1.42846601e+00  1.44905120e+00  1.46054486e+00  1.46955411e+00
  1.50400500e+00  1.50704284e+00  1.53675346e+00  1.55182773e+00
  1.58707381e+00  1.63074984e+00  1.65598010e+00  1.66753612e+00
  1.68291431e+00  1.73346929e+00  1.74167103e+00  1.74685032e+00
  1.76105292e+00  1.82268497e+00  1.84526735e+00  1.85357279e+00
  1.87205633e+00  1.88895257e+00  1.89889708e+00  1.92597118e+00
  1.97434090e+00  2.00334310e+00  2.01811172e+00  2.02357507e+00
  2.06037290e+00  2.12224352e+00  2.14430963e+00  2.15749965e+00
  2.21650068e+00  2.21765637e+00  2.22870092e+00  2.27463101e+00
  2.33118824e+00  2.34757744e+00  2.35357113e+00  2.41267841e+00
  2.42990254e+00  2.44016254e+00  2.51009837e+00  2.52729969e+00
  2.53641285e+00  2.55301682e+00  2.56255846e+00  2.58103104e+00
  2.59092885e+00  2.59907634e+00  2.60696761e+00  2.61962732e+00
  2.63498116e+00  2.68814072e+00  2.72046671e+00  2.72600429e+00
  2.73135644e+00  2.82681930e+00  2.89468719e+00  2.90765788e+00
  2.92487706e+00  2.93728570e+00  2.95458493e+00  3.00930380e+00
  3.14719315e+00  3.29560270e+00  3.37662139e+00  3.42120669e+00
  3.57948006e+00  3.59099873e+00  3.70962262e+00  3.75113485e+00
  3.76968487e+00  3.82236789e+00  3.94908578e+00  3.98935082e+00
  4.02254426e+00  4.36159582e+00  4.43576672e+00  5.20492517e+00
  9.56503970e+00  2.35840653e+01  2.38649198e+01  2.38706711e+01
  2.39787844e+01  2.40691401e+01  2.41168164e+01  2.55016429e+01
  2.55098431e+01  2.59282801e+01  3.55953027e+01  2.15514576e+02]
nelec by numeric integration = 68.0000000198818
    CPU time for vxc     81.77 sec, wall time      2.92 sec
E1 = -1776.0497830845763  Ecoul = 718.8449369434461  Exc = -70.45724889788552
cycle= 6 E= -748.211544058971  delta_E= -0.000117  |g|= 0.00371  |ddm|= 0.0167
    CPU time for cycle= 6     83.39 sec, wall time      2.98 sec
  HOMO = -0.238250045418815  LUMO = -0.0688090521626433
  mo_energy =
[-1.01455853e+02 -1.43564352e+01 -1.02451627e+01 -1.02449919e+01
 -1.02271379e+01 -1.02252789e+01 -1.02180470e+01 -1.02179927e+01
 -9.36926695e+00 -7.13182152e+00 -7.12527906e+00 -7.12525690e+00
 -9.94051231e-01 -8.44122142e-01 -8.07915856e-01 -7.47024994e-01
 -6.76922072e-01 -6.75698934e-01 -6.60315022e-01 -5.68155864e-01
 -5.25995867e-01 -5.07565267e-01 -4.75698026e-01 -4.57557318e-01
 -4.45114570e-01 -4.39545588e-01 -4.30507507e-01 -4.07517051e-01
 -3.46798751e-01 -3.28606621e-01 -3.06576745e-01 -2.53554029e-01
 -2.38559843e-01 -2.38250045e-01 -6.88090522e-02 -5.39915633e-02
 -2.30379108e-03  2.93239057e-02  4.80648678e-02  4.94882992e-02
  7.78564354e-02  8.25831509e-02  9.69409317e-02  1.12830502e-01
  1.23940841e-01  1.51807166e-01  2.04750007e-01  2.29697938e-01
  2.44276881e-01  2.53261215e-01  2.74492525e-01  2.88403290e-01
  2.91785318e-01  3.13228810e-01  3.24889990e-01  3.47256777e-01
  3.52120645e-01  3.57984369e-01  3.64773555e-01  3.81677554e-01
  3.85575885e-01  4.06576036e-01  4.22766526e-01  4.25687261e-01
  4.39852947e-01  4.83861144e-01  4.92883690e-01  4.94792841e-01
  5.13369521e-01  5.27998510e-01  5.50334984e-01  5.66176647e-01
  5.74116180e-01  5.91167359e-01  6.14385714e-01  6.20462704e-01
  6.24196761e-01  6.88147434e-01  6.96194073e-01  7.01124754e-01
  7.14568169e-01  7.26397568e-01  7.54808534e-01  7.68404793e-01
  8.08400869e-01  8.15304529e-01  8.92960531e-01  9.02760834e-01
  9.08496056e-01  9.53488281e-01  9.58094357e-01  9.60412812e-01
  9.60951208e-01  9.78733773e-01  9.92588304e-01  9.97797312e-01
  1.02484821e+00  1.03990084e+00  1.07283787e+00  1.11884818e+00
  1.15772142e+00  1.15792610e+00  1.18977797e+00  1.26062600e+00
  1.30948667e+00  1.33006180e+00  1.38951586e+00  1.41169631e+00
  1.42838687e+00  1.44904022e+00  1.46035209e+00  1.46938130e+00
  1.50404243e+00  1.50699331e+00  1.53673471e+00  1.55190539e+00
  1.58715045e+00  1.63088867e+00  1.65592637e+00  1.66757073e+00
  1.68301998e+00  1.73351610e+00  1.74170847e+00  1.74689140e+00
  1.76100409e+00  1.82250720e+00  1.84526456e+00  1.85356598e+00
  1.87199581e+00  1.88886040e+00  1.89899123e+00  1.92595802e+00
  1.97411309e+00  2.00330876e+00  2.01811065e+00  2.02347467e+00
  2.06043148e+00  2.12240023e+00  2.14426106e+00  2.15760461e+00
  2.21651497e+00  2.21766757e+00  2.22867126e+00  2.27468524e+00
  2.33118526e+00  2.34757116e+00  2.35376734e+00  2.41265236e+00
  2.42969427e+00  2.44002268e+00  2.51032346e+00  2.52721075e+00
  2.53656479e+00  2.55300798e+00  2.56258142e+00  2.58112163e+00
  2.59085698e+00  2.59875460e+00  2.60695545e+00  2.61947028e+00
  2.63498215e+00  2.68826458e+00  2.72063085e+00  2.72601693e+00
  2.73138744e+00  2.82706768e+00  2.89481918e+00  2.90774304e+00
  2.92508836e+00  2.93724113e+00  2.95423943e+00  3.00919889e+00
  3.14717474e+00  3.29565829e+00  3.37665417e+00  3.42109816e+00
  3.57966416e+00  3.59122073e+00  3.70924824e+00  3.75086153e+00
  3.76996834e+00  3.82269822e+00  3.94909606e+00  3.98930169e+00
  4.02266293e+00  4.36163895e+00  4.43606540e+00  5.20521756e+00
  9.56499533e+00  2.35842149e+01  2.38650972e+01  2.38699103e+01
  2.39791611e+01  2.40692949e+01  2.41167904e+01  2.55016192e+01
  2.55098192e+01  2.59282711e+01  3.55957936e+01  2.15514115e+02]
nelec by numeric integration = 68.00000001982534
    CPU time for vxc     81.72 sec, wall time      2.92 sec
E1 = -1776.049361617341  Ecoul = 718.8443558390962  Exc = -70.45709223996047
cycle= 7 E= -748.21154703816  delta_E= -2.98e-06  |g|= 0.00124  |ddm|= 0.00414
    CPU time for cycle= 7     83.32 sec, wall time      2.98 sec
  HOMO = -0.238345071882704  LUMO = -0.0688310253747409
  mo_energy =
[-1.01456388e+02 -1.43564038e+01 -1.02455292e+01 -1.02453471e+01
 -1.02271015e+01 -1.02252212e+01 -1.02178976e+01 -1.02178371e+01
 -9.36960020e+00 -7.13217484e+00 -7.12563075e+00 -7.12560862e+00
 -9.94155429e-01 -8.44102402e-01 -8.07989365e-01 -7.47057203e-01
 -6.76957609e-01 -6.75731321e-01 -6.60351172e-01 -5.68188524e-01
 -5.26033397e-01 -5.07566357e-01 -4.75748263e-01 -4.57572933e-01
 -4.45109069e-01 -4.39510303e-01 -4.30510221e-01 -4.07525845e-01
 -3.46829911e-01 -3.28598565e-01 -3.06632194e-01 -2.53615303e-01
 -2.38654697e-01 -2.38345072e-01 -6.88310254e-02 -5.40345281e-02
 -2.30858533e-03  2.93412697e-02  4.80625725e-02  4.94852613e-02
  7.78662404e-02  8.25848920e-02  9.69266470e-02  1.12830630e-01
  1.23944514e-01  1.51807507e-01  2.04721527e-01  2.29700016e-01
  2.44282152e-01  2.53249631e-01  2.74461013e-01  2.88405541e-01
  2.91773881e-01  3.13173211e-01  3.24864487e-01  3.47215536e-01
  3.52084449e-01  3.57960709e-01  3.64760310e-01  3.81678851e-01
  3.85590555e-01  4.06555832e-01  4.22743191e-01  4.25659615e-01
  4.39821412e-01  4.83814568e-01  4.92857828e-01  4.94797086e-01
  5.13312577e-01  5.28014306e-01  5.50322648e-01  5.66157644e-01
  5.74125699e-01  5.91190568e-01  6.14372970e-01  6.20479424e-01
  6.24198767e-01  6.88108717e-01  6.96170485e-01  7.01148749e-01
  7.14576883e-01  7.26384038e-01  7.54785728e-01  7.68367056e-01
  8.08351159e-01  8.15259275e-01  8.92930780e-01  9.02766341e-01
  9.08472667e-01  9.53405916e-01  9.57999714e-01  9.60337060e-01
  9.60837163e-01  9.78696191e-01  9.92572470e-01  9.97773462e-01
  1.02480865e+00  1.03987796e+00  1.07281442e+00  1.11884869e+00
  1.15764993e+00  1.15787954e+00  1.18977023e+00  1.26058981e+00
  1.30944569e+00  1.33001680e+00  1.38955059e+00  1.41165443e+00
  1.42840233e+00  1.44902794e+00  1.46037496e+00  1.46940267e+00
  1.50403024e+00  1.50701436e+00  1.53673284e+00  1.55188370e+00
  1.58713950e+00  1.63083840e+00  1.65591664e+00  1.66756016e+00
  1.68297471e+00  1.73348926e+00  1.74169799e+00  1.74688082e+00
  1.76100706e+00  1.82253659e+00  1.84526374e+00  1.85357015e+00
  1.87201203e+00  1.88887064e+00  1.89895202e+00  1.92595493e+00
  1.97414375e+00  2.00329735e+00  2.01811564e+00  2.02347508e+00
  2.06039025e+00  2.12232488e+00  2.14426826e+00  2.15757093e+00
  2.21638625e+00  2.21754670e+00  2.22867414e+00  2.27465222e+00
  2.33116974e+00  2.34753252e+00  2.35369939e+00  2.41267325e+00
  2.42972274e+00  2.44003950e+00  2.51025053e+00  2.52719383e+00
  2.53653160e+00  2.55301192e+00  2.56257546e+00  2.58109940e+00
  2.59087584e+00  2.59879606e+00  2.60697360e+00  2.61950060e+00
  2.63498686e+00  2.68821335e+00  2.72054800e+00  2.72603112e+00
  2.73138465e+00  2.82695126e+00  2.89475945e+00  2.90769999e+00
  2.92502287e+00  2.93724394e+00  2.95425796e+00  3.00921073e+00
  3.14719441e+00  3.29562320e+00  3.37662637e+00  3.42113171e+00
  3.57959599e+00  3.59113865e+00  3.70929664e+00  3.75088616e+00
  3.76984425e+00  3.82267265e+00  3.94909364e+00  3.98932878e+00
  4.02261592e+00  4.36163681e+00  4.43603457e+00  5.20515360e+00
  9.56472555e+00  2.35841686e+01  2.38649812e+01  2.38699399e+01
  2.39789965e+01  2.40692355e+01  2.41168362e+01  2.55013781e+01
  2.55095781e+01  2.59280272e+01  3.55958169e+01  2.15513609e+02]
nelec by numeric integration = 68.00000001983126
    CPU time for vxc     81.62 sec, wall time      2.92 sec
E1 = -1776.0548334578402  Ecoul = 718.8501557980511  Exc = -70.45742068890972
cycle= 8 E= -748.211547368654  delta_E= -3.3e-07  |g|= 0.000383  |ddm|= 0.00113
    CPU time for cycle= 8     83.22 sec, wall time      2.97 sec
  HOMO = -0.238292475678642  LUMO = -0.0688411251497693
  mo_energy =
[-1.01456359e+02 -1.43564290e+01 -1.02454587e+01 -1.02452796e+01
 -1.02271667e+01 -1.02252442e+01 -1.02179428e+01 -1.02178820e+01
 -9.36953328e+00 -7.13211104e+00 -7.12556727e+00 -7.12554518e+00
 -9.94142243e-01 -8.44126830e-01 -8.07983785e-01 -7.47015378e-01
 -6.76945795e-01 -6.75739451e-01 -6.60343994e-01 -5.68195095e-01
 -5.26041823e-01 -5.07582457e-01 -4.75747225e-01 -4.57566332e-01
 -4.45127495e-01 -4.39502513e-01 -4.30505239e-01 -4.07541858e-01
 -3.46819733e-01 -3.28617429e-01 -3.06629770e-01 -2.53587559e-01
 -2.38601905e-01 -2.38292476e-01 -6.88411251e-02 -5.40383785e-02
 -2.29351251e-03  2.93319780e-02  4.80641610e-02  4.94826319e-02
  7.78582689e-02  8.25811683e-02  9.69191079e-02  1.12828843e-01
  1.23952832e-01  1.51813471e-01  2.04720699e-01  2.29686289e-01
  2.44268532e-01  2.53240794e-01  2.74459565e-01  2.88419833e-01
  2.91778657e-01  3.13191936e-01  3.24878039e-01  3.47228901e-01
  3.52084488e-01  3.57960659e-01  3.64764141e-01  3.81671402e-01
  3.85572193e-01  4.06552402e-01  4.22745471e-01  4.25663397e-01
  4.39818921e-01  4.83828339e-01  4.92856636e-01  4.94805983e-01
  5.13315873e-01  5.27998321e-01  5.50312239e-01  5.66153321e-01
  5.74114914e-01  5.91199092e-01  6.14373015e-01  6.20462886e-01
  6.24194588e-01  6.88112843e-01  6.96173793e-01  7.01129208e-01
  7.14569529e-01  7.26379093e-01  7.54786134e-01  7.68396573e-01
  8.08361420e-01  8.15272756e-01  8.92936980e-01  9.02756910e-01
  9.08470268e-01  9.53449858e-01  9.58048209e-01  9.60374276e-01
  9.60898545e-01  9.78709504e-01  9.92558591e-01  9.97785459e-01
  1.02481207e+00  1.03986878e+00  1.07280365e+00  1.11886201e+00
  1.15765411e+00  1.15789695e+00  1.18978192e+00  1.26059976e+00
  1.30945107e+00  1.33001756e+00  1.38956204e+00  1.41165170e+00
  1.42838661e+00  1.44901677e+00  1.46038549e+00  1.46940961e+00
  1.50402134e+00  1.50699281e+00  1.53672383e+00  1.55187334e+00
  1.58713092e+00  1.63084551e+00  1.65592078e+00  1.66754948e+00
  1.68297389e+00  1.73348397e+00  1.74168704e+00  1.74686862e+00
  1.76099822e+00  1.82254982e+00  1.84525669e+00  1.85355784e+00
  1.87199903e+00  1.88887384e+00  1.89894704e+00  1.92595166e+00
  1.97415580e+00  2.00330271e+00  2.01809529e+00  2.02348317e+00
  2.06038700e+00  2.12233382e+00  2.14425023e+00  2.15757314e+00
  2.21643890e+00  2.21759547e+00  2.22865841e+00  2.27464956e+00
  2.33117015e+00  2.34754881e+00  2.35370358e+00  2.41265130e+00
  2.42973184e+00  2.44004706e+00  2.51025278e+00  2.52720685e+00
  2.53652890e+00  2.55299328e+00  2.56256510e+00  2.58109622e+00
  2.59086544e+00  2.59880331e+00  2.60695599e+00  2.61949670e+00
  2.63497477e+00  2.68821640e+00  2.72054556e+00  2.72601483e+00
  2.73137089e+00  2.82696743e+00  2.89476112e+00  2.90770021e+00
  2.92502329e+00  2.93722488e+00  2.95426146e+00  3.00921719e+00
  3.14717192e+00  3.29561829e+00  3.37661631e+00  3.42110364e+00
  3.57959870e+00  3.59114698e+00  3.70930288e+00  3.75089316e+00
  3.76986238e+00  3.82266510e+00  3.94907771e+00  3.98930159e+00
  4.02261271e+00  4.36161814e+00  4.43602867e+00  5.20515432e+00
  9.56479175e+00  2.35841552e+01  2.38649953e+01  2.38699243e+01
  2.39790017e+01  2.40692365e+01  2.41168014e+01  2.55014444e+01
  2.55096445e+01  2.59280940e+01  3.55957933e+01  2.15513642e+02]
nelec by numeric integration = 68.00000001982947
    CPU time for vxc     82.47 sec, wall time      2.96 sec
E1 = -1776.0535518704987  Ecoul = 718.8488309260499  Exc = -70.45737744001566
cycle= 9 E= -748.21154740442  delta_E= -3.58e-08  |g|= 8.07e-05  |ddm|= 0.000339
    CPU time for cycle= 9     84.12 sec, wall time      3.02 sec
  HOMO = -0.238301070652714  LUMO = -0.0688337029405959
  mo_energy =
[-1.01456376e+02 -1.43564223e+01 -1.02454550e+01 -1.02452753e+01
 -1.02271303e+01 -1.02252543e+01 -1.02179444e+01 -1.02178853e+01
 -9.36954959e+00 -7.13212750e+00 -7.12558351e+00 -7.12556143e+00
 -9.94136676e-01 -8.44116367e-01 -8.07981053e-01 -7.47025644e-01
 -6.76946549e-01 -6.75735301e-01 -6.60344123e-01 -5.68189723e-01
 -5.26035895e-01 -5.07581511e-01 -4.75745757e-01 -4.57566953e-01
 -4.45117851e-01 -4.39508715e-01 -4.30506396e-01 -4.07537193e-01
 -3.46821417e-01 -3.28608525e-01 -3.06627311e-01 -2.53592700e-01
 -2.38610519e-01 -2.38301071e-01 -6.88337029e-02 -5.40361853e-02
 -2.29940058e-03  2.93328891e-02  4.80630976e-02  4.94821300e-02
  7.78599614e-02  8.25805477e-02  9.69226663e-02  1.12828494e-01
  1.23950384e-01  1.51810948e-01  2.04723174e-01  2.29690748e-01
  2.44272128e-01  2.53243932e-01  2.74461324e-01  2.88415469e-01
  2.91777477e-01  3.13189506e-01  3.24875366e-01  3.47228294e-01
  3.52085939e-01  3.57960815e-01  3.64764973e-01  3.81673462e-01
  3.85578584e-01  4.06553829e-01  4.22747192e-01  4.25665065e-01
  4.39823796e-01  4.83827417e-01  4.92857697e-01  4.94802799e-01
  5.13317211e-01  5.28002681e-01  5.50317826e-01  5.66155098e-01
  5.74115765e-01  5.91194109e-01  6.14373492e-01  6.20465826e-01
  6.24195460e-01  6.88114233e-01  6.96174589e-01  7.01133855e-01
  7.14572293e-01  7.26381070e-01  7.54788554e-01  7.68390075e-01
  8.08361443e-01  8.15271571e-01  8.92936029e-01  9.02758687e-01
  9.08473103e-01  9.53442509e-01  9.58040913e-01  9.60368786e-01
  9.60888477e-01  9.78708371e-01  9.92564988e-01  9.97782813e-01
  1.02481315e+00  1.03987078e+00  1.07281105e+00  1.11885702e+00
  1.15765636e+00  1.15789541e+00  1.18977761e+00  1.26059843e+00
  1.30945084e+00  1.33002098e+00  1.38955681e+00  1.41165505e+00
  1.42839059e+00  1.44902336e+00  1.46038031e+00  1.46940590e+00
  1.50402526e+00  1.50699777e+00  1.53672545e+00  1.55187778e+00
  1.58713305e+00  1.63084507e+00  1.65591811e+00  1.66755243e+00
  1.68297652e+00  1.73348496e+00  1.74168834e+00  1.74687449e+00
  1.76100040e+00  1.82254384e+00  1.84525926e+00  1.85356058e+00
  1.87200317e+00  1.88887190e+00  1.89895074e+00  1.92595367e+00
  1.97414946e+00  2.00330092e+00  2.01810183e+00  2.02347969e+00
  2.06038992e+00  2.12233689e+00  2.14425681e+00  2.15757312e+00
  2.21642910e+00  2.21758662e+00  2.22866494e+00  2.27465020e+00
  2.33116929e+00  2.34754509e+00  2.35370695e+00  2.41265703e+00
  2.42972671e+00  2.44004272e+00  2.51025593e+00  2.52720243e+00
  2.53653089e+00  2.55300010e+00  2.56256600e+00  2.58109703e+00
  2.59086735e+00  2.59879684e+00  2.60695623e+00  2.61949562e+00
  2.63497615e+00  2.68821832e+00  2.72055757e+00  2.72601630e+00
  2.73137657e+00  2.82697009e+00  2.89476342e+00  2.90770339e+00
  2.92502831e+00  2.93723272e+00  2.95425609e+00  3.00921445e+00
  3.14717976e+00  3.29562218e+00  3.37662281e+00  3.42111353e+00
  3.57960307e+00  3.59115011e+00  3.70929558e+00  3.75088715e+00
  3.76986542e+00  3.82266945e+00  3.94908077e+00  3.98931048e+00
  4.02261697e+00  4.36162589e+00  4.43603366e+00  5.20515923e+00
  9.56477721e+00  2.35841646e+01  2.38649953e+01  2.38699160e+01
  2.39790191e+01  2.40692369e+01  2.41168107e+01  2.55014305e+01
  2.55096307e+01  2.59280797e+01  3.55957998e+01  2.15513625e+02]
nelec by numeric integration = 68.0000000198285
    CPU time for vxc     81.66 sec, wall time      2.92 sec
E1 = -1776.0535819207416  Ecoul = 718.848862523906  Exc = -70.45737898907282
cycle= 10 E= -748.211547405864  delta_E= -1.44e-09  |g|= 3.46e-05  |ddm|= 8.89e-05
    CPU time for cycle= 10     83.31 sec, wall time      2.98 sec
  HOMO = -0.23830107101318  LUMO = -0.068835666966542
  mo_energy =
[-1.01456363e+02 -1.43564269e+01 -1.02454561e+01 -1.02452769e+01
 -1.02271443e+01 -1.02252516e+01 -1.02179422e+01 -1.02178820e+01
 -9.36954375e+00 -7.13212102e+00 -7.12557696e+00 -7.12555487e+00
 -9.94138800e-01 -8.44119113e-01 -8.07981082e-01 -7.47026312e-01
 -6.76947144e-01 -6.75736111e-01 -6.60344488e-01 -5.68190723e-01
 -5.26037239e-01 -5.07580316e-01 -4.75745194e-01 -4.57568118e-01
 -4.45120655e-01 -4.39509614e-01 -4.30507563e-01 -4.07537674e-01
 -3.46822136e-01 -3.28610996e-01 -3.06627099e-01 -2.53593573e-01
 -2.38610505e-01 -2.38301071e-01 -6.88356670e-02 -5.40361599e-02
 -2.29968759e-03  2.93326204e-02  4.80630387e-02  4.94825298e-02
  7.78596900e-02  8.25809015e-02  9.69219213e-02  1.12828476e-01
  1.23949583e-01  1.51810667e-01  2.04722281e-01  2.29690103e-01
  2.44271852e-01  2.53243643e-01  2.74461330e-01  2.88414384e-01
  2.91777025e-01  3.13189546e-01  3.24874947e-01  3.47227753e-01
  3.52085917e-01  3.57960906e-01  3.64764264e-01  3.81673078e-01
  3.85577441e-01  4.06554180e-01  4.22746536e-01  4.25664220e-01
  4.39822391e-01  4.83826590e-01  4.92857762e-01  4.94801692e-01
  5.13317317e-01  5.28002004e-01  5.50316569e-01  5.66155081e-01
  5.74115824e-01  5.91193430e-01  6.14372861e-01  6.20465959e-01
  6.24194851e-01  6.88113704e-01  6.96173402e-01  7.01133222e-01
  7.14571436e-01  7.26380682e-01  7.54787558e-01  7.68389661e-01
  8.08361222e-01  8.15271420e-01  8.92935787e-01  9.02758293e-01
  9.08472560e-01  9.53442338e-01  9.58040856e-01  9.60368463e-01
  9.60888605e-01  9.78708003e-01  9.92563784e-01  9.97782052e-01
  1.02481255e+00  1.03987149e+00  1.07280961e+00  1.11885619e+00
  1.15765618e+00  1.15789470e+00  1.18977671e+00  1.26059754e+00
  1.30945033e+00  1.33002009e+00  1.38955537e+00  1.41165496e+00
  1.42838982e+00  1.44902186e+00  1.46037942e+00  1.46940495e+00
  1.50402419e+00  1.50699745e+00  1.53672542e+00  1.55187723e+00
  1.58713290e+00  1.63084501e+00  1.65591811e+00  1.66755266e+00
  1.68297650e+00  1.73348590e+00  1.74168906e+00  1.74687340e+00
  1.76099991e+00  1.82254250e+00  1.84525860e+00  1.85356025e+00
  1.87200175e+00  1.88887096e+00  1.89895032e+00  1.92595252e+00
  1.97414818e+00  2.00330035e+00  2.01810049e+00  2.02347894e+00
  2.06038996e+00  2.12233604e+00  2.14425534e+00  2.15757297e+00
  2.21642999e+00  2.21758739e+00  2.22866347e+00  2.27465104e+00
  2.33116931e+00  2.34754476e+00  2.35370569e+00  2.41265620e+00
  2.42972556e+00  2.44004187e+00  2.51025507e+00  2.52720221e+00
  2.53653062e+00  2.55299868e+00  2.56256661e+00  2.58109728e+00
  2.59086683e+00  2.59879604e+00  2.60695751e+00  2.61949481e+00
  2.63497647e+00  2.68821743e+00  2.72055389e+00  2.72601663e+00
  2.73137528e+00  2.82696961e+00  2.89476330e+00  2.90770205e+00
  2.92502687e+00  2.93723096e+00  2.95425571e+00  3.00921325e+00
  3.14717771e+00  3.29562185e+00  3.37662156e+00  3.42111129e+00
  3.57960188e+00  3.59114909e+00  3.70929481e+00  3.75088649e+00
  3.76986456e+00  3.82266639e+00  3.94908108e+00  3.98930868e+00
  4.02261638e+00  4.36162388e+00  4.43603132e+00  5.20515702e+00
  9.56478137e+00  2.35841617e+01  2.38649958e+01  2.38699181e+01
  2.39790126e+01  2.40692378e+01  2.41168082e+01  2.55014339e+01
  2.55096341e+01  2.59280830e+01  3.55957953e+01  2.15513637e+02]
nelec by numeric integration = 68.00000001982846
    CPU time for vxc     82.84 sec, wall time      2.97 sec
E1 = -1776.0536210918253  Ecoul = 718.8489022174582  Exc = -70.45737951179136
cycle= 11 E= -748.211547406114  delta_E= -2.5e-10  |g|= 1.02e-05  |ddm|= 2.79e-05
    CPU time for cycle= 11     84.46 sec, wall time      3.03 sec
  HOMO = -0.238302648748472  LUMO = -0.0688347192844306
  mo_energy =
[-1.01456366e+02 -1.43564251e+01 -1.02454541e+01 -1.02452742e+01
 -1.02271392e+01 -1.02252499e+01 -1.02179458e+01 -1.02178867e+01
 -9.36954709e+00 -7.13212442e+00 -7.12558030e+00 -7.12555822e+00
 -9.94137816e-01 -8.44118802e-01 -8.07981026e-01 -7.47026677e-01
 -6.76947206e-01 -6.75735660e-01 -6.60344355e-01 -5.68189941e-01
 -5.26036767e-01 -5.07580506e-01 -4.75745140e-01 -4.57567280e-01
 -4.45119565e-01 -4.39508771e-01 -4.30506870e-01 -4.07537346e-01
 -3.46821864e-01 -3.28610264e-01 -3.06627223e-01 -2.53594085e-01
 -2.38612082e-01 -2.38302649e-01 -6.88347193e-02 -5.40361715e-02
 -2.29938940e-03  2.93328221e-02  4.80634680e-02  4.94827456e-02
  7.78601378e-02  8.25811545e-02  9.69223342e-02  1.12828895e-01
  1.23950139e-01  1.51811146e-01  2.04722811e-01  2.29690454e-01
  2.44272006e-01  2.53243931e-01  2.74461642e-01  2.88414925e-01
  2.91777552e-01  3.13188569e-01  3.24874781e-01  3.47227541e-01
  3.52086230e-01  3.57960946e-01  3.64763935e-01  3.81673017e-01
  3.85577867e-01  4.06554082e-01  4.22746693e-01  4.25664630e-01
  4.39823180e-01  4.83827405e-01  4.92857943e-01  4.94802305e-01
  5.13317966e-01  5.28002089e-01  5.50317134e-01  5.66155237e-01
  5.74115922e-01  5.91194152e-01  6.14373646e-01  6.20465400e-01
  6.24195385e-01  6.88114308e-01  6.96174243e-01  7.01133352e-01
  7.14571804e-01  7.26380886e-01  7.54787985e-01  7.68389099e-01
  8.08361292e-01  8.15271316e-01  8.92936072e-01  9.02758528e-01
  9.08472546e-01  9.53440937e-01  9.58039343e-01  9.60367395e-01
  9.60886684e-01  9.78707567e-01  9.92564020e-01  9.97782372e-01
  1.02481324e+00  1.03987131e+00  1.07281060e+00  1.11885660e+00
  1.15765704e+00  1.15789448e+00  1.18977743e+00  1.26059771e+00
  1.30945086e+00  1.33002049e+00  1.38955611e+00  1.41165509e+00
  1.42838994e+00  1.44902255e+00  1.46038015e+00  1.46940561e+00
  1.50402468e+00  1.50699762e+00  1.53672557e+00  1.55187778e+00
  1.58713354e+00  1.63084604e+00  1.65591845e+00  1.66755303e+00
  1.68297704e+00  1.73348595e+00  1.74168911e+00  1.74687423e+00
  1.76100000e+00  1.82254320e+00  1.84525906e+00  1.85356046e+00
  1.87200219e+00  1.88887131e+00  1.89895064e+00  1.92595291e+00
  1.97414893e+00  2.00330082e+00  2.01810076e+00  2.02347948e+00
  2.06039012e+00  2.12233699e+00  2.14425567e+00  2.15757349e+00
  2.21642821e+00  2.21758573e+00  2.22866396e+00  2.27465093e+00
  2.33116920e+00  2.34754484e+00  2.35370665e+00  2.41265648e+00
  2.42972638e+00  2.44004275e+00  2.51025579e+00  2.52720229e+00
  2.53653162e+00  2.55299859e+00  2.56256663e+00  2.58109792e+00
  2.59086764e+00  2.59879698e+00  2.60695728e+00  2.61949567e+00
  2.63497657e+00  2.68821820e+00  2.72055581e+00  2.72601570e+00
  2.73137583e+00  2.82697023e+00  2.89476368e+00  2.90770286e+00
  2.92502786e+00  2.93723096e+00  2.95425662e+00  3.00921395e+00
  3.14717783e+00  3.29562145e+00  3.37662167e+00  3.42111139e+00
  3.57960282e+00  3.59115015e+00  3.70929580e+00  3.75088757e+00
  3.76986578e+00  3.82266770e+00  3.94908067e+00  3.98930909e+00
  4.02261668e+00  4.36162428e+00  4.43603248e+00  5.20515817e+00
  9.56477839e+00  2.35841622e+01  2.38649958e+01  2.38699195e+01
  2.39790159e+01  2.40692365e+01  2.41168076e+01  2.55014312e+01
  2.55096313e+01  2.59280801e+01  3.55957971e+01  2.15513633e+02]
nelec by numeric integration = 68.00000001982839
    CPU time for vxc     84.21 sec, wall time      3.03 sec
E1 = -1776.053638955026  Ecoul = 718.8489223258811  Exc = -70.45738175698342
Extra cycle  E= -748.211547406084  delta_E= 3.02e-11  |g|= 1.48e-05  |ddm|= 1.92e-05
    CPU time for scf_cycle   1167.61 sec, wall time     42.14 sec
    CPU time for SCF   1167.62 sec, wall time     42.14 sec
converged SCF energy = -748.211547406084
Converting <class 'pyscf.dft.rks.RKS'> to RHF


******** <class 'pyscf.tdscf.rks.TDA'> for <class 'pyscf.dft.rks.RKS'> ********
nstates = 5 singlet
wfnsym = None
conv_tol = 1e-09
eigh lindep = 1e-12
eigh level_shift = 0
eigh max_space = 8
eigh max_cycle = 2000
chkfile = /scratch/global/yangjunjie/tmpl5zfdbs4
max_memory 127949 MB (current use 2274 MB)


davidson 0 5  |r|= 0.0441  e= [0.15064038 0.15089469 0.15489889 0.16562897 0.16575359]  max|de|= 0.166  lindep=    1
davidson 1 10  |r|= 0.0146  e= [0.1505496  0.15058556 0.15224533 0.16548373 0.1657229 ]  max|de|= -0.00265  lindep= 0.734
davidson 2 15  |r|= 0.00234  e= [0.15054755 0.15055218 0.15201009 0.16545588 0.16572162]  max|de|= -0.000235  lindep= 0.554
Old state -> New state
    1     ->     0 
    0     ->     1 
davidson 3 20  |r|= 0.00196  e= [0.15054561 0.15054751 0.15200636 0.16545127 0.16571505]  max|de|= -6.57e-06  lindep= 0.838
root 1 converged  |r|= 2.7e-05  e= 0.15054751015651957  max|de|= 1.39e-16
davidson 4 5  |r|= 0.00196  e= [0.15054561 0.15054751 0.15200636 0.16545127 0.16571505]  max|de|= -4.44e-16  lindep=    1
davidson 5 9  |r|= 0.000647  e= [0.1505451  0.15054751 0.15200623 0.1654502  0.16570933]  max|de|= -5.71e-06  lindep= 0.727
davidson 6 13  |r|= 0.000661  e= [0.15054504 0.15054751 0.15200621 0.16544986 0.16570758]  max|de|= -1.75e-06  lindep= 0.667
davidson 7 17  |r|= 0.0022  e= [0.15054502 0.15054751 0.15200621 0.1654498  0.16569978]  max|de|= -7.81e-06  lindep= 0.833
root 0 converged  |r|= 3.1e-05  e= 0.15054502316406898  max|de|= -2.78e-17
root 2 converged  |r|= 1.33e-05  e= 0.1520062068708736  max|de|= 2.78e-17
davidson 8 5  |r|= 0.0022  e= [0.15054502 0.15054751 0.15200621 0.1654498  0.16569978]  max|de|= -1.11e-16  lindep= 0.996
davidson 9 7  |r|= 0.000744  e= [0.15054502 0.15054751 0.15200621 0.16544979 0.16569328]  max|de|= -6.5e-06  lindep= 0.797
davidson 10 9  |r|= 0.000533  e= [0.15054502 0.15054751 0.15200621 0.16544979 0.16569143]  max|de|= -1.85e-06  lindep= 0.684
root 3 converged  |r|= 7.43e-06  e= 0.16544978744342553  max|de|= -6.11e-10
davidson 11 11  |r|= 0.00121  e= [0.15054502 0.15054751 0.15200621 0.16544979 0.16568828]  max|de|= -3.16e-06  lindep= 0.714
davidson 12 12  |r|= 0.00178  e= [0.15054502 0.15054751 0.15200621 0.16544979 0.16567978]  max|de|= -8.5e-06  lindep= 0.747
davidson 13 13  |r|= 0.00409  e= [0.15054502 0.15054751 0.15200621 0.16544979 0.16565061]  max|de|= -2.92e-05  lindep= 0.763
davidson 14 14  |r|= 0.00192  e= [0.15054502 0.15054751 0.15200621 0.16544979 0.16560583]  max|de|= -4.48e-05  lindep= 0.889
davidson 15 15  |r|= 0.000662  e= [0.15054502 0.15054751 0.15200621 0.16544979 0.16560196]  max|de|= -3.87e-06  lindep= 0.946
davidson 16 16  |r|= 0.00027  e= [0.15054502 0.15054751 0.15200621 0.16544979 0.16560142]  max|de|= -5.38e-07  lindep= 0.835
davidson 17 5  |r|= 0.00027  e= [0.15054502 0.15054751 0.15200621 0.16544979 0.16560142]  max|de|= -1.11e-16  lindep= 0.988
davidson 18 6  |r|= 0.000103  e= [0.15054502 0.15054751 0.15200621 0.16544979 0.16560136]  max|de|= -6.54e-08  lindep= 0.988
davidson 19 7  |r|= 4.29e-05  e= [0.15054502 0.15054751 0.15200621 0.16544979 0.16560134]  max|de|= -1.43e-08  lindep= 0.891
davidson 20 8  |r|= 2.96e-05  e= [0.15054502 0.15054751 0.15200621 0.16544979 0.16560134]  max|de|= -2.08e-09  lindep= 0.883
root 4 converged  |r|= 5.23e-06  e= 0.16560133952632436  max|de|= -3.45e-10
converged 21 9  |r|= 3e-05  e= [0.15054502 0.15054751 0.15200621 0.16544979 0.16560134]  max|de|= -3.45e-10
    CPU time for TDA   3205.73 sec, wall time    118.69 sec
Excited State energies (eV)
[4.09653873 4.09660639 4.13629957 4.50211803 4.50624198]
