 
:: initializing oneAPI environment ...
   slurm_script: BASH_VERSION = 4.2.46(1)-release
   args: Using "$@" for setvars.sh arguments: --force
:: advisor -- latest
:: ccl -- latest
:: clck -- latest
:: compiler -- latest
:: dal -- latest
:: debugger -- latest
:: dev-utilities -- latest
:: dnnl -- latest
:: dpcpp-ct -- latest
:: dpl -- latest
:: inspector -- latest
:: intelpython -- latest
:: ipp -- latest
:: ippcp -- latest
:: ipp -- latest
:: itac -- latest
:: mkl -- latest
:: mpi -- latest
:: tbb -- latest
:: vpl -- latest
:: vtune -- latest
:: oneAPI environment initialized ::
 
SLURM_CPUS_PER_TASK = 28
SLURM_MEM_PER_NODE = 256000
#INFO: **** input file is /home/yangjunjie/work/py-ch3-cl/work/step_7/main.py ****
import sys
import pyscf
from pyscf import tdscf

def main(xyz_file, basis="631g*", xc="b3lyp", output="ene.out"):
    xyz = None

    with open(xyz_file, "r") as xyz:
        xyz = xyz.readlines()[2:]
        xyz = "".join(xyz)

    mol = pyscf.gto.Mole()
    mol.atom = xyz
    mol.basis = basis
    mol.verbose = 5
    mol.build()

    if xc is not None and xc != "hf":
        mf = pyscf.scf.RKS(mol)
        mf.xc = xc
        mf.kernel()
    else:
        mf = pyscf.scf.RHF(mol)
        mf.kernel()

    ene_mf = mf.e_tot

    with open(output, "w") as f:
        tda = pyscf.tdscf.TDA(mf)
        tda.nstates = 5
        tda.max_space = 8
        tda.max_cycle = 2000
        tda.kernel()

        con_tda = tda.converged
        ene_tda = tda.e[:5]
        dip_tda = tda.transition_dipole()[:5]

        f.write(f"RKS energy: {ene_mf: 12.8f}\n")
        f.write("TDA results:\n")
        for i, (con, ene, dip) in enumerate(zip(con_tda, ene_tda, dip_tda)):
            f.write(f" {i:2d} {con} {ene: 12.8f} {dip[0]: 12.8f} {dip[1]: 12.8f} {dip[2]: 12.8f}\n")

        # rpa = pyscf.tdscf.RPA(mf)
        # rpa.nstates = 5
        # rpa.max_space = 8
        # rpa.max_cycle = 2000
        # rpa.kernel()

        # con_rpa = rpa.converged
        # ene_rpa = rpa.e[:5]
        # dip_rpa = rpa.transition_dipole()[:5]
        
        # f.write("\nRPA results:\n")
        # for i, (con, ene, dip) in enumerate(zip(con_rpa, ene_rpa, dip_rpa)):
        #     f.write(f" {i:2d} {con} {ene: 12.8f} {dip[0]: 12.8f} {dip[1]: 12.8f} {dip[2]: 12.8f}\n")

if __name__ == "__main__":
    xyz = sys.argv[1]
    main(xyz, basis="631g*", xc="b3lyp", output="out.log")
#INFO: ******************** input file end ********************


System: uname_result(system='Linux', node='pauling003', release='3.10.0-327.36.3.el7.x86_64', version='#1 SMP Thu Oct 20 04:56:07 EDT 2016', machine='x86_64')  Threads 28
Python 3.9.7 (default, Oct 27 2021, 01:23:21) 
[GCC 9.3.0]
numpy 1.21.2  scipy 1.6.2
Date: Tue Sep 27 23:37:25 2022
PySCF version 2.0.1
PySCF path  /home/yangjunjie/packages/pyscf/pyscf-main
GIT ORIG_HEAD 14b880cdc4bf7bb64f3989a147c0b04622efc498
GIT HEAD (branch master) 9d5b5bd309d1cc55fbd1a0ec76e26b5b0c7f76af

[ENV] PYSCF_MAX_MEMORY 256000
[ENV] PYSCF_TMPDIR /scratch/global/yangjunjie/
[CONFIG] conf_file /home/yangjunjie/.pyscf_conf.py
[INPUT] verbose = 5
[INPUT] max_memory = 256000 
[INPUT] num. atoms = 16
[INPUT] num. electrons = 68
[INPUT] charge = 0
[INPUT] spin (= nelec alpha-beta = 2S) = 0
[INPUT] symmetry False subgroup None
[INPUT] Mole.unit = angstrom
[INPUT]  1 C      0.000000010000   1.196675080000   1.000618090000 AA    0.000000018897   2.261388161292   1.890894145385 Bohr
[INPUT]  2 C      0.000000000000   1.194024700000   2.371017880000 AA    0.000000000000   2.256379668966   4.480574429647 Bohr
[INPUT]  3 C     -0.000000010000  -0.012080600000   3.069201040000 AA   -0.000000018897  -0.022829025420   5.799949386830 Bohr
[INPUT]  4 C     -0.000000010000  -1.207241420000   2.350001660000 AA   -0.000000018897  -2.281355650031   4.440859529673 Bohr
[INPUT]  5 C      0.000000000000  -1.188407920000   0.981515620000 AA    0.000000000000  -2.245765493064   1.854795708783 Bohr
[INPUT]  6 N      0.000000020000   0.012044170000   0.295304330000 AA    0.000000037795   0.022760182698   0.558044307098 Bohr
[INPUT]  7 C     -0.000000150000   0.017000880000  -1.193116350000 AA   -0.000000283459   0.032127007077  -2.254663136241 Bohr
[INPUT]  8 H      0.000000020000   2.071896650000   0.399296060000 AA    0.000000037795   3.915317226904   0.754560196018 Bohr
[INPUT]  9 H      0.000000000000   2.143999430000   2.889889440000 AA    0.000000000000   4.051571733924   5.461099571873 Bohr
[INPUT] 10 H     -0.000000010000  -0.021412500000   4.160081570000 AA   -0.000000018897  -0.040463760642   7.861414823151 Bohr
[INPUT] 11 H     -0.000000010000  -2.165710150000   2.852123140000 AA   -0.000000018897  -4.092599048691   5.389731608135 Bohr
[INPUT] 12 H      0.000000000000  -2.048680320000   0.362276150000 AA    0.000000000000  -3.871444721586   0.684602704962 Bohr
[INPUT] 13 H     -0.000000020000   1.024555620000  -1.555245970000 AA   -0.000000037795   1.936129521184  -2.938988939634 Bohr
[INPUT] 14 H     -0.885747290000  -0.502213520000  -1.564221210000 AA   -1.673819793676  -0.949046008854  -2.955949685136 Bohr
[INPUT] 15 H      0.885747450000  -0.502213540000  -1.564221260000 AA    1.673820096032  -0.949046046648  -2.955949779622 Bohr
[INPUT] 16 Cl    -0.000000010000  -0.003973950000  -4.080774690000 AA   -0.000000018897  -0.007509677133  -7.711546540157 Bohr
[INPUT] ---------------- BASIS SET ---------------- 
[INPUT] l, kappa, [nprim/nctr], expnt,             c_1 c_2 ...
[INPUT] N
[INPUT] 0    0    [6    /1   ]  4173.511          0.0018348
                                627.4579          0.013995
                                142.9021          0.068587
                                40.23433          0.232241
                                12.82021          0.46907
                                4.390437          0.360455
[INPUT] 0    0    [3    /1   ]  11.626358         -0.114961
                                2.71628           -0.169118
                                0.772218          1.145852
[INPUT] 0    0    [1    /1   ]  0.2120313            1
[INPUT] 1    0    [3    /1   ]  11.626358         0.06758
                                2.71628           0.323907
                                0.772218          0.740895
[INPUT] 1    0    [1    /1   ]  0.2120313            1
[INPUT] 2    0    [1    /1   ]  0.8                  1
[INPUT] Cl
[INPUT] 0    0    [6    /1   ]  25180.1           0.001833
                                3780.35           0.014034
                                860.474           0.069097
                                242.145           0.237452
                                77.3349           0.483034
                                26.247            0.339856
[INPUT] 0    0    [6    /1   ]  491.765           -0.0022974
                                116.984           -0.030714
                                37.4153           -0.112528
                                13.7834           0.045016
                                5.45215           0.589353
                                2.22588           0.465206
[INPUT] 0    0    [3    /1   ]  3.18649           -0.25183
                                1.14427           0.061589
                                0.420377          1.06018
[INPUT] 0    0    [1    /1   ]  0.142657             1
[INPUT] 1    0    [6    /1   ]  491.765           0.0039894
                                116.984           0.030318
                                37.4153           0.12988
                                13.7834           0.327951
                                5.45215           0.453527
                                2.22588           0.252154
[INPUT] 1    0    [3    /1   ]  3.18649           -0.014299
                                1.14427           0.323572
                                0.420377          0.743507
[INPUT] 1    0    [1    /1   ]  0.142657             1
[INPUT] 2    0    [1    /1   ]  0.75                 1
[INPUT] C
[INPUT] 0    0    [6    /1   ]  3047.5249         0.0018347
                                457.36951         0.0140373
                                103.94869         0.0688426
                                29.210155         0.2321844
                                9.286663          0.4679413
                                3.163927          0.362312
[INPUT] 0    0    [3    /1   ]  7.8682724         -0.1193324
                                1.8812885         -0.1608542
                                0.5442493         1.1434564
[INPUT] 0    0    [1    /1   ]  0.1687144            1
[INPUT] 1    0    [3    /1   ]  7.8682724         0.0689991
                                1.8812885         0.316424
                                0.5442493         0.7443083
[INPUT] 1    0    [1    /1   ]  0.1687144            1
[INPUT] 2    0    [1    /1   ]  0.8                  1
[INPUT] H
[INPUT] 0    0    [3    /1   ]  18.731137         0.0334946
                                2.8253937         0.23472695
                                0.6401217         0.81375733
[INPUT] 0    0    [1    /1   ]  0.1612778            1

nuclear repulsion = 379.546426097296
number of shells = 66
number of NR pGTOs = 272
number of NR cGTOs = 132
basis = 631g*
ecp = {}
CPU time:         0.36


******** <class 'pyscf.dft.rks.RKS'> ********
method = RKS
initial guess = minao
damping factor = 0
level_shift factor = 0
DIIS = <class 'pyscf.scf.diis.CDIIS'>
diis_start_cycle = 1
diis_space = 8
SCF conv_tol = 1e-09
SCF conv_tol_grad = None
SCF max_cycles = 50
direct_scf = True
direct_scf_tol = 1e-13
chkfile to save SCF result = /scratch/global/yangjunjie/tmp60itmic9
max_memory 256000 MB (current use 81 MB)
XC library pyscf.dft.libxc version 5.2.0
    S. Lehtola, C. Steigemann, M. J. Oliveira, and M. A. Marques, SoftwareX 7, 1 (2018)
XC functionals = b3lyp
    P. A. M. Dirac, Math. Proc. Cambridge Philos. Soc. 26, 376 (1930)
    F. Bloch, Z. Phys. 57, 545 (1929)
    A. D. Becke, Phys. Rev. A 38, 3098 (1988)
    C. Lee, W. Yang, and R. G. Parr, Phys. Rev. B 37, 785 (1988)
    B. Miehlich, A. Savin, H. Stoll, and H. Preuss, Chem. Phys. Lett. 157, 200 (1989)
    S. H. Vosko, L. Wilk, and M. Nusair, Can. J. Phys. 58, 1200 (1980)
radial grids: 
    Treutler-Ahlrichs [JCP 102, 346 (1995); DOI:10.1063/1.469408] (M4) radial grids
    
becke partition: Becke, JCP 88, 2547 (1988); DOI:10.1063/1.454033
pruning grids: <function nwchem_prune at 0x7f485597eee0>
grids dens level: 3
symmetrized grids: False
atomic radii adjust function: <function treutler_atomic_radii_adjust at 0x7f485597ee50>
small_rho_cutoff = 1e-07
Set gradient conv threshold to 3.16228e-05
atom C rad-grids = 75, ang-grids = [ 50  50  50  50  50  50  50  50  50  50  50  50  50  50  50  50  50  50
  50  50  50  50  50  86  86  86  86  86  86  86  86  86  86 266 266 266
 266 266 266 266 302 302 302 302 302 302 302 302 302 302 302 302 302 302
 302 302 302 302 302 302 266 266 266 266 266 266 266 266 266 266 266 266
 266 266 266]
atom N rad-grids = 75, ang-grids = [ 50  50  50  50  50  50  50  50  50  50  50  50  50  50  50  50  50  50
  50  50  50  50  50  86  86  86  86  86  86  86  86  86 266 266 266 266
 266 266 266 302 302 302 302 302 302 302 302 302 302 302 302 302 302 302
 302 302 302 302 266 266 266 266 266 266 266 266 266 266 266 266 266 266
 266 266 266]
atom H rad-grids = 50, ang-grids = [ 50  50  50  50  50  50  50  50  50  50  50  50  50  50  86  86  86  86
 266 266 266 266 302 302 302 302 302 302 302 302 302 302 302 302 302 266
 266 266 266 266 266 266 266 266 266 266 266 266 266 266]
atom Cl rad-grids = 80, ang-grids = [ 50  50  50  50  50  50  50  50  50  50  50  50  50  50  50  50  50  50
  50  50  50  50  50  50  86  86  86  86  86  86  86  86  86  86  86  86
  86 350 350 350 350 350 350 350 350 350 434 434 434 434 434 434 434 434
 434 434 434 434 434 434 434 434 434 434 350 350 350 350 350 350 350 350
 350 350 350 350 350 350 350 350]
tot grids = 196530
Drop grids 33707
    CPU time for setting up grids      3.08 sec, wall time      0.12 sec
nelec by numeric integration = 67.97666090526914
    CPU time for vxc      6.03 sec, wall time      0.22 sec
E1 = -1772.2944280200375  Ecoul = 714.0954873166819  Exc = -70.39777283316795
init E= -749.050287439228
cond(S) = 6812.8487327067105
    CPU time for initialize scf     16.21 sec, wall time      0.65 sec
  HOMO = -0.300597491604883  LUMO = -0.112794977335206
  mo_energy =
[-1.01593514e+02 -1.44127454e+01 -1.02936439e+01 -1.02932932e+01
 -1.02894423e+01 -1.02871109e+01 -1.02859275e+01 -1.02857994e+01
 -9.53313350e+00 -7.28873729e+00 -7.28873701e+00 -7.28873605e+00
 -1.10865400e+00 -9.61096653e-01 -8.94490386e-01 -8.45092925e-01
 -8.08236471e-01 -7.12081263e-01 -7.07071699e-01 -5.82640587e-01
 -5.39568082e-01 -5.24974429e-01 -4.84131623e-01 -4.81960976e-01
 -4.75503232e-01 -4.36086897e-01 -4.08800606e-01 -4.02026856e-01
 -3.95381785e-01 -3.56129466e-01 -3.55295435e-01 -3.49992116e-01
 -3.12283226e-01 -3.00597492e-01 -1.12794977e-01 -7.68160104e-02
  3.67982268e-02  5.69077586e-02  7.83238649e-02  9.03792929e-02
  1.07796915e-01  1.16182680e-01  1.28605046e-01  1.36910502e-01
  1.42276900e-01  1.56167613e-01  2.21341995e-01  2.30224550e-01
  2.54348820e-01  2.68611700e-01  3.38862982e-01  3.84333033e-01
  4.08341727e-01  4.18361068e-01  4.22391601e-01  4.53684585e-01
  4.55293776e-01  4.66431392e-01  4.96476985e-01  5.06136955e-01
  5.25106735e-01  5.40555589e-01  5.46006539e-01  5.57144228e-01
  5.64169400e-01  5.71586921e-01  5.88315680e-01  6.15908200e-01
  6.56459494e-01  6.73722090e-01  7.10341905e-01  7.64498182e-01
  7.71525769e-01  7.72879881e-01  7.77515276e-01  7.87958623e-01
  8.08439853e-01  8.09909889e-01  8.11969783e-01  8.23779394e-01
  8.58100315e-01  8.65199004e-01  8.85309747e-01  9.03567391e-01
  9.09273678e-01  9.54053284e-01  9.74573090e-01  9.85855991e-01
  1.04616073e+00  1.07322848e+00  1.11929148e+00  1.17113886e+00
  1.17530321e+00  1.19633769e+00  1.28774208e+00  1.34799361e+00
  1.36082975e+00  1.40467819e+00  1.40812864e+00  1.41708808e+00
  1.42852862e+00  1.46840643e+00  1.67134369e+00  1.73184106e+00
  1.80333971e+00  1.85231752e+00  1.85269523e+00  1.85843412e+00
  1.86391239e+00  1.91153072e+00  1.97720787e+00  2.04249110e+00
  2.05467138e+00  2.07739866e+00  2.08603875e+00  2.10703366e+00
  2.16125048e+00  2.24041882e+00  2.24576890e+00  2.24862551e+00
  2.34342632e+00  2.34849496e+00  2.50466895e+00  2.51334582e+00
  2.59779642e+00  2.61576436e+00  2.65071843e+00  2.66298915e+00
  2.70127118e+00  2.78525647e+00  2.95966193e+00  3.33592178e+00]
nelec by numeric integration = 68.00007812889457
    CPU time for vxc      5.87 sec, wall time      0.21 sec
E1 = -1778.9434723078136  Ecoul = 722.2248023060029  Exc = -70.80586107592057
cycle= 1 E= -747.978104980435  delta_E= 1.07  |g|= 0.577  |ddm|= 3.84
    CPU time for cycle= 1      6.35 sec, wall time      0.23 sec
  HOMO = -0.0186935483366763  LUMO = -0.00787918872271961
  mo_energy =
[-1.00944500e+02 -1.46899283e+01 -1.03664980e+01 -1.03647429e+01
 -1.02288656e+01 -1.01991553e+01 -1.01985944e+01 -1.01792358e+01
 -8.93726522e+00 -6.68841101e+00 -6.68826133e+00 -6.68824998e+00
 -1.15764690e+00 -9.01305519e-01 -9.00024183e-01 -7.91339051e-01
 -7.53975086e-01 -7.18042606e-01 -6.19178529e-01 -5.97906271e-01
 -5.87623730e-01 -5.61826906e-01 -5.41842806e-01 -5.26751504e-01
 -4.52403868e-01 -4.42563120e-01 -4.29661554e-01 -4.21704228e-01
 -4.21050456e-01 -3.69742800e-01 -3.66047168e-01 -1.63435054e-01
 -9.81693507e-02 -1.86935483e-02 -7.87918872e-03 -7.00469453e-03
  1.92243184e-02  5.04714450e-02  5.15457020e-02  5.84253413e-02
  8.25021756e-02  1.06476167e-01  1.17399939e-01  1.36439715e-01
  1.45926801e-01  1.75393795e-01  1.79056030e-01  2.14528173e-01
  2.38358939e-01  2.56989903e-01  3.53893710e-01  3.71250431e-01
  4.00516336e-01  4.22261959e-01  4.33936887e-01  4.71196443e-01
  4.81741149e-01  4.98864884e-01  5.17494253e-01  5.31045950e-01
  5.47896968e-01  5.49078117e-01  5.71146862e-01  5.88877240e-01
  6.14864889e-01  6.55997995e-01  6.75580314e-01  7.06308179e-01
  7.15145697e-01  7.29390225e-01  7.36964497e-01  7.37339113e-01
  7.50241350e-01  7.74998343e-01  7.87066792e-01  8.32836778e-01
  8.49780771e-01  8.69868355e-01  8.78721447e-01  9.06563174e-01
  9.17140202e-01  9.32506739e-01  9.99987491e-01  1.01412263e+00
  1.02000633e+00  1.09257498e+00  1.11878066e+00  1.13284804e+00
  1.14451265e+00  1.22690670e+00  1.24028941e+00  1.24052686e+00
  1.24919789e+00  1.25234859e+00  1.29026875e+00  1.34107324e+00
  1.34740082e+00  1.35289579e+00  1.36483808e+00  1.40314669e+00
  1.40433680e+00  1.41281322e+00  1.61309215e+00  1.71580407e+00
  1.77769368e+00  1.80221212e+00  1.84078710e+00  1.84292844e+00
  1.84692275e+00  1.89619249e+00  1.95934651e+00  2.00474863e+00
  2.01851430e+00  2.05030728e+00  2.07065645e+00  2.08557135e+00
  2.16075321e+00  2.21960128e+00  2.22723613e+00  2.28459315e+00
  2.32160398e+00  2.33314157e+00  2.47540181e+00  2.48684170e+00
  2.56911648e+00  2.59495088e+00  2.63019054e+00  2.63718833e+00
  2.68684288e+00  2.76078017e+00  2.93199380e+00  3.31668221e+00]
nelec by numeric integration = 68.00011280687036
    CPU time for vxc      6.12 sec, wall time      0.22 sec
E1 = -1776.1693080584964  Ecoul = 724.1843596649235  Exc = -70.52787216787449
cycle= 2 E= -742.966394464151  delta_E= 5.01  |g|= 2.65  |ddm|= 4.88
    CPU time for cycle= 2      6.62 sec, wall time      0.24 sec
  HOMO = -0.18091598832892  LUMO = -0.0720673395519056
  mo_energy =
[-1.01290746e+02 -1.45081117e+01 -1.02295430e+01 -1.02290752e+01
 -1.01716124e+01 -1.01358185e+01 -1.01066414e+01 -1.01062911e+01
 -9.24646245e+00 -7.00161628e+00 -7.00160441e+00 -6.99947129e+00
 -1.03437010e+00 -8.10737483e-01 -7.91101294e-01 -7.24062421e-01
 -6.55886957e-01 -6.41935537e-01 -6.30739704e-01 -5.51263581e-01
 -5.02623411e-01 -4.98554008e-01 -4.90674030e-01 -4.55420831e-01
 -4.52686793e-01 -4.09726683e-01 -3.87882316e-01 -3.68268564e-01
 -3.59681370e-01 -2.89027543e-01 -2.73182726e-01 -1.84893706e-01
 -1.81286255e-01 -1.80915988e-01 -7.20673396e-02 -1.52511490e-02
  6.77323913e-02  1.11680089e-01  1.14840273e-01  1.29671917e-01
  1.31057910e-01  1.54700340e-01  1.63915518e-01  1.67212140e-01
  1.76097915e-01  1.84366785e-01  2.50353093e-01  2.73954506e-01
  3.10696510e-01  3.19589896e-01  4.12153144e-01  4.42021750e-01
  4.71877969e-01  4.71912726e-01  5.05222770e-01  5.29850598e-01
  5.35624955e-01  5.39931761e-01  5.51217143e-01  5.66488414e-01
  5.77276870e-01  6.00006584e-01  6.11724835e-01  6.24083432e-01
  6.26199532e-01  6.37969890e-01  6.52402620e-01  6.62628332e-01
  7.24276188e-01  7.29833049e-01  7.69875690e-01  8.02329719e-01
  8.13132672e-01  8.25804657e-01  8.47007794e-01  8.57169059e-01
  8.81591166e-01  8.83584528e-01  9.22890211e-01  9.53805619e-01
  9.68716728e-01  9.89885895e-01  1.01129756e+00  1.01942839e+00
  1.02048279e+00  1.03516840e+00  1.03979811e+00  1.08268841e+00
  1.09004475e+00  1.12542727e+00  1.16771371e+00  1.20644614e+00
  1.22610788e+00  1.24330329e+00  1.31480929e+00  1.36257038e+00
  1.43500191e+00  1.43947780e+00  1.45615357e+00  1.48096296e+00
  1.49550911e+00  1.50673627e+00  1.70901660e+00  1.80869986e+00
  1.85349234e+00  1.88129232e+00  1.90009649e+00  1.90746647e+00
  1.93420537e+00  1.97539868e+00  2.05786705e+00  2.10052221e+00
  2.10375685e+00  2.14379260e+00  2.15510969e+00  2.17682389e+00
  2.24402561e+00  2.30624886e+00  2.31431666e+00  2.32058935e+00
  2.38680062e+00  2.40013414e+00  2.57009185e+00  2.57732418e+00
  2.66602897e+00  2.68731525e+00  2.72671523e+00  2.73733678e+00
  2.77997280e+00  2.83946959e+00  3.02779266e+00  3.41403078e+00]
nelec by numeric integration = 68.00008824924326
    CPU time for vxc      6.00 sec, wall time      0.21 sec
E1 = -1773.6839967821134  Ecoul = 716.4852958473791  Exc = -70.3551853719525
cycle= 3 E= -748.007460209391  delta_E= -5.04  |g|= 0.513  |ddm|= 4.49
    CPU time for cycle= 3      6.51 sec, wall time      0.23 sec
  HOMO = -0.139865181832511  LUMO = -0.116269638036179
  mo_energy =
[-1.01270302e+02 -1.44406044e+01 -1.02916543e+01 -1.02890229e+01
 -1.02868440e+01 -1.02671938e+01 -1.02666055e+01 -1.02010215e+01
 -9.21582778e+00 -6.97162723e+00 -6.97162239e+00 -6.97058260e+00
 -1.03740725e+00 -8.94263188e-01 -8.43383146e-01 -7.52460144e-01
 -7.10331259e-01 -6.85739661e-01 -6.00755329e-01 -5.88931848e-01
 -5.62016856e-01 -5.42353978e-01 -5.09639087e-01 -4.98271983e-01
 -4.95737024e-01 -4.40041025e-01 -4.33501482e-01 -4.16593460e-01
 -4.09244285e-01 -3.44117795e-01 -3.37242015e-01 -1.43265004e-01
 -1.40162060e-01 -1.39865182e-01 -1.16269638e-01 -7.86084493e-02
  3.37920351e-02  6.45546487e-02  8.40693203e-02  9.41358433e-02
  1.07954969e-01  1.33648638e-01  1.37244738e-01  1.52273649e-01
  1.73280290e-01  1.83909253e-01  2.19028475e-01  2.42132772e-01
  2.54611632e-01  2.76629704e-01  3.80182316e-01  4.02353054e-01
  4.40629940e-01  4.57601490e-01  4.75161079e-01  4.92807844e-01
  4.93722944e-01  5.23104382e-01  5.23991643e-01  5.40095244e-01
  5.42674784e-01  5.56692334e-01  5.65696188e-01  5.71254258e-01
  5.96559968e-01  6.02404844e-01  6.05233605e-01  6.69612831e-01
  6.75486039e-01  7.29472164e-01  7.60572319e-01  7.66096568e-01
  7.76594842e-01  7.99866609e-01  8.06598650e-01  8.11296121e-01
  8.54786260e-01  8.61817967e-01  8.89816078e-01  9.12939293e-01
  9.29392619e-01  9.63718943e-01  9.98702249e-01  1.03091824e+00
  1.04615804e+00  1.06651806e+00  1.06654519e+00  1.07849287e+00
  1.08740983e+00  1.10247221e+00  1.14040329e+00  1.16719704e+00
  1.16916213e+00  1.25738069e+00  1.29372900e+00  1.33726533e+00
  1.36676518e+00  1.39930785e+00  1.39989961e+00  1.40329445e+00
  1.42402905e+00  1.45418663e+00  1.66301320e+00  1.74214904e+00
  1.80187575e+00  1.85638934e+00  1.87242930e+00  1.87865763e+00
  1.88090216e+00  1.92956749e+00  1.98493614e+00  2.04109111e+00
  2.06231068e+00  2.08227274e+00  2.09702769e+00  2.11040840e+00
  2.17753070e+00  2.24478359e+00  2.25446144e+00  2.30309122e+00
  2.36772160e+00  2.36901700e+00  2.50521841e+00  2.51624648e+00
  2.60047784e+00  2.61790363e+00  2.66119056e+00  2.67176008e+00
  2.71456810e+00  2.80305768e+00  2.96852289e+00  3.34753598e+00]
nelec by numeric integration = 68.00008359646168
    CPU time for vxc      5.84 sec, wall time      0.21 sec
E1 = -1774.6246584617504  Ecoul = 717.4225636012148  Exc = -70.42783561036589
cycle= 4 E= -748.083504373605  delta_E= -0.076  |g|= 0.136  |ddm|= 0.716
    CPU time for cycle= 4      6.37 sec, wall time      0.23 sec
  HOMO = -0.1622190195364  LUMO = -0.12658772358749
  mo_energy =
[-1.01372886e+02 -1.44923189e+01 -1.03132530e+01 -1.03127458e+01
 -1.02771236e+01 -1.02767176e+01 -1.02681166e+01 -1.02461625e+01
 -9.29452618e+00 -7.05274289e+00 -7.05212640e+00 -7.05189725e+00
 -1.06314100e+00 -8.99082434e-01 -8.58238236e-01 -7.68666490e-01
 -7.24300366e-01 -7.00199984e-01 -6.25225680e-01 -6.01791263e-01
 -5.73437238e-01 -5.53039752e-01 -5.22543508e-01 -5.17419024e-01
 -5.11274452e-01 -4.48261439e-01 -4.43915875e-01 -4.29040369e-01
 -4.28953637e-01 -3.56164305e-01 -3.49452098e-01 -1.66102595e-01
 -1.62351730e-01 -1.62219020e-01 -1.26587724e-01 -8.79682408e-02
  2.87129975e-02  5.68402137e-02  7.60021328e-02  8.59712325e-02
  9.81802783e-02  1.25856830e-01  1.29072965e-01  1.40036625e-01
  1.59181993e-01  1.70690312e-01  2.07818695e-01  2.29191460e-01
  2.46973066e-01  2.65548975e-01  3.69138245e-01  3.90980493e-01
  4.29152286e-01  4.47685641e-01  4.59971658e-01  4.80451626e-01
  4.85158453e-01  5.14041860e-01  5.17103846e-01  5.33568371e-01
  5.37645664e-01  5.46626565e-01  5.53276247e-01  5.62578412e-01
  5.82635202e-01  5.91474394e-01  5.96889551e-01  6.51809957e-01
  6.65025373e-01  7.12552311e-01  7.47422630e-01  7.67676735e-01
  7.68945350e-01  7.84506439e-01  7.86488184e-01  7.98193508e-01
  8.47004705e-01  8.56076668e-01  8.70867407e-01  9.02399631e-01
  9.19645557e-01  9.48477216e-01  9.83181458e-01  1.01836734e+00
  1.03684113e+00  1.03695568e+00  1.03704089e+00  1.04862138e+00
  1.06189120e+00  1.09501639e+00  1.12015372e+00  1.15349830e+00
  1.15648149e+00  1.23738549e+00  1.27560275e+00  1.32534298e+00
  1.35300900e+00  1.38771928e+00  1.38933594e+00  1.40024712e+00
  1.41262684e+00  1.43795058e+00  1.64947149e+00  1.73223745e+00
  1.79556553e+00  1.84477528e+00  1.85522041e+00  1.85776540e+00
  1.86210141e+00  1.91208354e+00  1.97493850e+00  2.02805985e+00
  2.04746006e+00  2.07020350e+00  2.08546425e+00  2.09773118e+00
  2.16859036e+00  2.23199694e+00  2.24136726e+00  2.28163643e+00
  2.34461917e+00  2.35109613e+00  2.49430407e+00  2.50787454e+00
  2.58748440e+00  2.60668259e+00  2.64847081e+00  2.66036043e+00
  2.70310189e+00  2.78415966e+00  2.95351581e+00  3.33530143e+00]
nelec by numeric integration = 68.0000828507042
    CPU time for vxc      5.91 sec, wall time      0.21 sec
E1 = -1776.2401969440277  Ecoul = 719.1512336017628  Exc = -70.54344195675978
cycle= 5 E= -748.085979201729  delta_E= -0.00247  |g|= 0.0884  |ddm|= 0.234
    CPU time for cycle= 5      6.44 sec, wall time      0.23 sec
  HOMO = -0.141531403902554  LUMO = -0.127072299078443
  mo_energy =
[-1.01330276e+02 -1.44889385e+01 -1.03122618e+01 -1.03107339e+01
 -1.02875163e+01 -1.02732135e+01 -1.02728981e+01 -1.02288987e+01
 -9.25742759e+00 -7.01513549e+00 -7.01453401e+00 -7.01425450e+00
 -1.06171095e+00 -9.02906711e-01 -8.59176990e-01 -7.67880933e-01
 -7.26518081e-01 -7.01435129e-01 -6.10637805e-01 -5.95948793e-01
 -5.76385256e-01 -5.55896579e-01 -5.24584556e-01 -5.16489612e-01
 -5.12368650e-01 -4.52168262e-01 -4.47277311e-01 -4.28662722e-01
 -4.25037504e-01 -3.58368966e-01 -3.51314017e-01 -1.45142521e-01
 -1.44002519e-01 -1.41531404e-01 -1.27072299e-01 -8.93390648e-02
  2.50394358e-02  5.31406197e-02  7.34110068e-02  8.35531393e-02
  9.60410151e-02  1.22719786e-01  1.25719399e-01  1.42880720e-01
  1.61517316e-01  1.74722535e-01  2.05295319e-01  2.28422757e-01
  2.43842968e-01  2.64556862e-01  3.67158235e-01  3.89885753e-01
  4.27237268e-01  4.44058311e-01  4.66581306e-01  4.78297264e-01
  4.83013779e-01  5.11567268e-01  5.14659186e-01  5.31491753e-01
  5.33995071e-01  5.51016145e-01  5.54926343e-01  5.63884738e-01
  5.93256217e-01  5.96604921e-01  6.02437248e-01  6.62229597e-01
  6.64618623e-01  7.17406190e-01  7.48454939e-01  7.60486289e-01
  7.66343396e-01  7.85612773e-01  7.89667886e-01  8.01029492e-01
  8.44472439e-01  8.52156848e-01  8.75901623e-01  9.03021651e-01
  9.17567792e-01  9.47836000e-01  9.86338708e-01  1.01922604e+00
  1.03383687e+00  1.06273027e+00  1.06274306e+00  1.07285206e+00
  1.08194182e+00  1.09318818e+00  1.12837439e+00  1.15274666e+00
  1.15396137e+00  1.24783927e+00  1.27633466e+00  1.32314975e+00
  1.35203492e+00  1.38428896e+00  1.38597036e+00  1.39395086e+00
  1.41033540e+00  1.43704103e+00  1.64705946e+00  1.72996523e+00
  1.79157788e+00  1.84365907e+00  1.85476295e+00  1.86019921e+00
  1.86292121e+00  1.91348852e+00  1.97228317e+00  2.02580760e+00
  2.04666558e+00  2.06767424e+00  2.08387081e+00  2.09580520e+00
  2.16558773e+00  2.22997860e+00  2.23932799e+00  2.28617567e+00
  2.34728454e+00  2.35274973e+00  2.49198877e+00  2.50450066e+00
  2.58457956e+00  2.60389116e+00  2.64652272e+00  2.65766013e+00
  2.70109934e+00  2.78585487e+00  2.95209339e+00  3.33300473e+00]
nelec by numeric integration = 68.00008257162715
    CPU time for vxc      5.90 sec, wall time      0.21 sec
E1 = -1775.8294352504568  Ecoul = 718.695299982851  Exc = -70.4764172733812
cycle= 6 E= -748.064126443691  delta_E= 0.0219  |g|= 0.225  |ddm|= 0.767
    CPU time for cycle= 6      6.41 sec, wall time      0.23 sec
  HOMO = -0.145699945933213  LUMO = -0.124850998256749
  mo_energy =
[-1.01333164e+02 -1.44825319e+01 -1.03084478e+01 -1.03067567e+01
 -1.02793901e+01 -1.02707718e+01 -1.02701975e+01 -1.02267272e+01
 -9.26096285e+00 -7.01900006e+00 -7.01785657e+00 -7.01747018e+00
 -1.05784811e+00 -8.99078043e-01 -8.55959008e-01 -7.64933306e-01
 -7.23202621e-01 -6.98525713e-01 -6.10111561e-01 -5.97497551e-01
 -5.72691117e-01 -5.53499612e-01 -5.21833747e-01 -5.13408098e-01
 -5.09237241e-01 -4.49112799e-01 -4.43985602e-01 -4.26467162e-01
 -4.23825946e-01 -3.55204956e-01 -3.48396285e-01 -1.48817277e-01
 -1.46869887e-01 -1.45699946e-01 -1.24850998e-01 -8.61609181e-02
  2.73042412e-02  5.63623451e-02  7.52319492e-02  8.53834411e-02
  9.83080972e-02  1.24606214e-01  1.28198542e-01  1.43700814e-01
  1.62901355e-01  1.75116498e-01  2.08200756e-01  2.31030832e-01
  2.46485317e-01  2.66702687e-01  3.69443562e-01  3.92530068e-01
  4.29910650e-01  4.47172595e-01  4.67082478e-01  4.81447703e-01
  4.85450532e-01  5.14179759e-01  5.17289968e-01  5.34321147e-01
  5.36687742e-01  5.51113820e-01  5.56270996e-01  5.65523883e-01
  5.94393138e-01  5.95987322e-01  6.00271613e-01  6.61417487e-01
  6.66390307e-01  7.18292479e-01  7.50468171e-01  7.63985224e-01
  7.68503268e-01  7.88419659e-01  7.90874068e-01  8.01481402e-01
  8.47070124e-01  8.54812197e-01  8.76691429e-01  9.04578530e-01
  9.19876997e-01  9.50167071e-01  9.87221591e-01  1.02102176e+00
  1.03654934e+00  1.05795195e+00  1.05804913e+00  1.06833379e+00
  1.07926141e+00  1.09529057e+00  1.12841769e+00  1.15531313e+00
  1.15761911e+00  1.24691471e+00  1.27937406e+00  1.32599571e+00
  1.35514721e+00  1.38816901e+00  1.38859229e+00  1.39804299e+00
  1.41343242e+00  1.43987641e+00  1.65040504e+00  1.73342954e+00
  1.79485448e+00  1.84696912e+00  1.85767452e+00  1.86265776e+00
  1.86563664e+00  1.91593623e+00  1.97579843e+00  2.02948005e+00
  2.04977926e+00  2.07114616e+00  2.08708237e+00  2.09910597e+00
  2.16904183e+00  2.23314961e+00  2.24275934e+00  2.28780506e+00
  2.35001666e+00  2.35530712e+00  2.49516910e+00  2.50812528e+00
  2.58818964e+00  2.60743765e+00  2.65000320e+00  2.66127522e+00
  2.70466635e+00  2.78875841e+00  2.95560049e+00  3.33660196e+00]
nelec by numeric integration = 68.00008313076992
    CPU time for vxc      6.59 sec, wall time      0.24 sec
E1 = -1775.6729960759205  Ecoul = 718.5213308236476  Exc = -70.47992823966472
cycle= 7 E= -748.085167394642  delta_E= -0.021  |g|= 0.0928  |ddm|= 0.274
    CPU time for cycle= 7      7.43 sec, wall time      0.27 sec
  HOMO = -0.152524448445805  LUMO = -0.121683195197337
  mo_energy =
[-1.01340203e+02 -1.44779966e+01 -1.03013980e+01 -1.03006929e+01
 -1.02732869e+01 -1.02669133e+01 -1.02663667e+01 -1.02264570e+01
 -9.26846285e+00 -7.02676570e+00 -7.02515873e+00 -7.02474323e+00
 -1.05381282e+00 -8.94888561e-01 -8.51382181e-01 -7.62219086e-01
 -7.18968933e-01 -6.94806873e-01 -6.13604394e-01 -5.97286385e-01
 -5.68170734e-01 -5.49826444e-01 -5.17594264e-01 -5.10200920e-01
 -5.06391670e-01 -4.45207871e-01 -4.40029296e-01 -4.24284627e-01
 -4.23013260e-01 -3.51955959e-01 -3.44113920e-01 -1.55193262e-01
 -1.52869135e-01 -1.52524448e-01 -1.21683195e-01 -8.18278293e-02
  3.03082280e-02  6.04467555e-02  7.80748922e-02  8.77102986e-02
  1.01263812e-01  1.27500444e-01  1.31162123e-01  1.44222534e-01
  1.64167760e-01  1.74983772e-01  2.11775317e-01  2.33895030e-01
  2.49921929e-01  2.69486861e-01  3.72396120e-01  3.95875375e-01
  4.33529480e-01  4.51115943e-01  4.66800274e-01  4.85676668e-01
  4.88175906e-01  5.17943575e-01  5.20554142e-01  5.37016861e-01
  5.40200954e-01  5.50945737e-01  5.58223942e-01  5.66618798e-01
  5.90721849e-01  5.97190518e-01  5.99553365e-01  6.59337355e-01
  6.68724111e-01  7.18823490e-01  7.52838654e-01  7.67890272e-01
  7.71922720e-01  7.91060902e-01  7.91771100e-01  8.02742061e-01
  8.50131358e-01  8.58264001e-01  8.76814856e-01  9.06068967e-01
  9.22900072e-01  9.53189535e-01  9.87767673e-01  1.02335708e+00
  1.03986946e+00  1.04996297e+00  1.05014042e+00  1.06086485e+00
  1.07395199e+00  1.09811367e+00  1.12756873e+00  1.15840480e+00
  1.16216529e+00  1.24479078e+00  1.28271704e+00  1.32913501e+00
  1.35904130e+00  1.39221206e+00  1.39275198e+00  1.40277540e+00
  1.41795623e+00  1.44325420e+00  1.65460026e+00  1.73762482e+00
  1.79865061e+00  1.85068799e+00  1.86081773e+00  1.86538272e+00
  1.86865790e+00  1.91894398e+00  1.98029376e+00  2.03387614e+00
  2.05369297e+00  2.07540640e+00  2.09061924e+00  2.10333500e+00
  2.17280210e+00  2.23773390e+00  2.24656778e+00  2.28904807e+00
  2.35266064e+00  2.35830491e+00  2.49949785e+00  2.51214586e+00
  2.59275711e+00  2.61176456e+00  2.65443439e+00  2.66584877e+00
  2.70881739e+00  2.79180079e+00  2.95989649e+00  3.34107773e+00]
nelec by numeric integration = 68.00008327512484
    CPU time for vxc      6.01 sec, wall time      0.21 sec
E1 = -1775.6170243655788  Ecoul = 718.4677097963287  Exc = -70.48699236562993
cycle= 8 E= -748.089880837584  delta_E= -0.00471  |g|= 0.0126  |ddm|= 0.208
    CPU time for cycle= 8      6.78 sec, wall time      0.24 sec
  HOMO = -0.153890719777022  LUMO = -0.120928666073223
  mo_energy =
[-1.01340605e+02 -1.44762237e+01 -1.03020657e+01 -1.03005086e+01
 -1.02715891e+01 -1.02655517e+01 -1.02650668e+01 -1.02260073e+01
 -9.26929091e+00 -7.02759562e+00 -7.02591563e+00 -7.02551119e+00
 -1.05294759e+00 -8.93710169e-01 -8.50634038e-01 -7.61509263e-01
 -7.18007164e-01 -6.94106733e-01 -6.14605285e-01 -5.96866820e-01
 -5.67189976e-01 -5.48955670e-01 -5.16878919e-01 -5.09489489e-01
 -5.05559853e-01 -4.44231862e-01 -4.39120017e-01 -4.23710475e-01
 -4.22804431e-01 -3.51050050e-01 -3.43342675e-01 -1.56479180e-01
 -1.54036935e-01 -1.53890720e-01 -1.20928666e-01 -8.09852960e-02
  3.10672154e-02  6.14100044e-02  7.86578035e-02  8.82110104e-02
  1.01931664e-01  1.28121442e-01  1.31948486e-01  1.44357421e-01
  1.64448017e-01  1.74946338e-01  2.12603223e-01  2.34603221e-01
  2.50746406e-01  2.70065696e-01  3.73049787e-01  3.96615227e-01
  4.34126531e-01  4.52010178e-01  4.66696910e-01  4.86372431e-01
  4.88879638e-01  5.18720772e-01  5.21293156e-01  5.37496695e-01
  5.41117321e-01  5.51188168e-01  5.58582537e-01  5.66841379e-01
  5.89957324e-01  5.96738283e-01  6.00366305e-01  6.58897616e-01
  6.69251738e-01  7.18884003e-01  7.53258405e-01  7.69013772e-01
  7.72739763e-01  7.91765145e-01  7.91768411e-01  8.03060227e-01
  8.50901292e-01  8.59147633e-01  8.76896414e-01  9.06476102e-01
  9.23492180e-01  9.53809523e-01  9.87887393e-01  1.02384016e+00
  1.04066690e+00  1.04846699e+00  1.04866792e+00  1.05948926e+00
  1.07296063e+00  1.09888209e+00  1.12749886e+00  1.15918502e+00
  1.16311404e+00  1.24441513e+00  1.28343222e+00  1.32993393e+00
  1.35993611e+00  1.39302027e+00  1.39377416e+00  1.40394312e+00
  1.41885599e+00  1.44404364e+00  1.65551262e+00  1.73855803e+00
  1.79962542e+00  1.85163220e+00  1.86161047e+00  1.86583144e+00
  1.86933958e+00  1.91955377e+00  1.98118408e+00  2.03479204e+00
  2.05452660e+00  2.07631146e+00  2.09152495e+00  2.10424256e+00
  2.17377642e+00  2.23860178e+00  2.24747788e+00  2.28933586e+00
  2.35328229e+00  2.35882223e+00  2.50035359e+00  2.51319600e+00
  2.59372211e+00  2.61273407e+00  2.65530657e+00  2.66677743e+00
  2.70979043e+00  2.79253933e+00  2.96076583e+00  3.34203100e+00]
nelec by numeric integration = 68.00008333828191
    CPU time for vxc      5.81 sec, wall time      0.21 sec
E1 = -1775.600913098035  Ecoul = 718.451556519443  Exc = -70.4870439475622
cycle= 9 E= -748.089974428858  delta_E= -9.36e-05  |g|= 0.00291  |ddm|= 0.0324
    CPU time for cycle= 9      6.34 sec, wall time      0.23 sec
  HOMO = -0.15427419770208  LUMO = -0.120863590244774
  mo_energy =
[-1.01340832e+02 -1.44767227e+01 -1.03013503e+01 -1.03002798e+01
 -1.02718376e+01 -1.02656622e+01 -1.02650092e+01 -1.02261959e+01
 -9.26960442e+00 -7.02789762e+00 -7.02621613e+00 -7.02582248e+00
 -1.05286688e+00 -8.93635257e-01 -8.50394304e-01 -7.61508572e-01
 -7.17868207e-01 -6.93968096e-01 -6.14915666e-01 -5.96791477e-01
 -5.67067754e-01 -5.48796318e-01 -5.16626330e-01 -5.09426833e-01
 -5.05589761e-01 -4.44119737e-01 -4.39021077e-01 -4.23681112e-01
 -4.22839025e-01 -3.51024029e-01 -3.43106262e-01 -1.56862499e-01
 -1.54336490e-01 -1.54274198e-01 -1.20863590e-01 -8.07789637e-02
  3.12104327e-02  6.15520282e-02  7.88355269e-02  8.83175058e-02
  1.02060797e-01  1.28291523e-01  1.32041888e-01  1.44328020e-01
  1.64455051e-01  1.74872197e-01  2.12710870e-01  2.34671255e-01
  2.50890783e-01  2.70173246e-01  3.73173329e-01  3.96772658e-01
  4.34338604e-01  4.52145382e-01  4.66621208e-01  4.86618030e-01
  4.88957521e-01  5.18923225e-01  5.21403447e-01  5.37551718e-01
  5.41235398e-01  5.51165802e-01  5.58630980e-01  5.66813838e-01
  5.89749450e-01  5.96593723e-01  6.00507428e-01  6.58729121e-01
  6.69363724e-01  7.18862137e-01  7.53348038e-01  7.69079712e-01
  7.72909499e-01  7.91759396e-01  7.91771194e-01  8.03168020e-01
  8.50984926e-01  8.59262816e-01  8.76821466e-01  9.06469833e-01
  9.23625976e-01  9.53946787e-01  9.87858141e-01  1.02394956e+00
  1.04080689e+00  1.04805595e+00  1.04826570e+00  1.05911274e+00
  1.07264907e+00  1.09898423e+00  1.12742373e+00  1.15929380e+00
  1.16327741e+00  1.24425316e+00  1.28352342e+00  1.33001088e+00
  1.36006782e+00  1.39321483e+00  1.39391487e+00  1.40406711e+00
  1.41908914e+00  1.44416689e+00  1.65567410e+00  1.73869075e+00
  1.79973576e+00  1.85171416e+00  1.86166541e+00  1.86593991e+00
  1.86941113e+00  1.91967870e+00  1.98136626e+00  2.03494114e+00
  2.05467413e+00  2.07645461e+00  2.09159491e+00  2.10439625e+00
  2.17386332e+00  2.23882539e+00  2.24756090e+00  2.28932615e+00
  2.35331097e+00  2.35893432e+00  2.50056871e+00  2.51326950e+00
  2.59387708e+00  2.61287236e+00  2.65546630e+00  2.66693214e+00
  2.70988453e+00  2.79258477e+00  2.96089469e+00  3.34216403e+00]
nelec by numeric integration = 68.00008330758396
    CPU time for vxc      5.84 sec, wall time      0.21 sec
E1 = -1775.604716065253  Ecoul = 718.4562633721793  Exc = -70.48795111956997
cycle= 10 E= -748.089977715347  delta_E= -3.29e-06  |g|= 0.000941  |ddm|= 0.00983
    CPU time for cycle= 10      6.34 sec, wall time      0.23 sec
  HOMO = -0.154138787603541  LUMO = -0.120885890313117
  mo_energy =
[-1.01340701e+02 -1.44767223e+01 -1.03014183e+01 -1.03002040e+01
 -1.02718070e+01 -1.02656437e+01 -1.02651725e+01 -1.02262144e+01
 -9.26945952e+00 -7.02774794e+00 -7.02607535e+00 -7.02568278e+00
 -1.05290548e+00 -8.93688997e-01 -8.50443972e-01 -7.61530857e-01
 -7.17915944e-01 -6.94001444e-01 -6.14800284e-01 -5.96802504e-01
 -5.67112306e-01 -5.48847943e-01 -5.16679178e-01 -5.09456662e-01
 -5.05613956e-01 -4.44166915e-01 -4.39065331e-01 -4.23700829e-01
 -4.22836666e-01 -3.51054683e-01 -3.43161549e-01 -1.56733024e-01
 -1.54213061e-01 -1.54138788e-01 -1.20885890e-01 -8.08372512e-02
  3.11636617e-02  6.15028692e-02  7.87942782e-02  8.82935713e-02
  1.02026898e-01  1.28249988e-01  1.32005980e-01  1.44332976e-01
  1.64450521e-01  1.74894378e-01  2.12679409e-01  2.34639489e-01
  2.50833354e-01  2.70147795e-01  3.73139117e-01  3.96723927e-01
  4.34295626e-01  4.52103634e-01  4.66646577e-01  4.86570337e-01
  4.88925921e-01  5.18873822e-01  5.21368680e-01  5.37520908e-01
  5.41203087e-01  5.51165537e-01  5.58624695e-01  5.66828300e-01
  5.89820058e-01  5.96647366e-01  6.00471815e-01  6.58785462e-01
  6.69326679e-01  7.18872489e-01  7.53325027e-01  7.69032570e-01
  7.72857561e-01  7.91739561e-01  7.91785512e-01  8.03158539e-01
  8.50949211e-01  8.59219171e-01  8.76838243e-01  9.06467809e-01
  9.23598982e-01  9.53909715e-01  9.87872376e-01  1.02392337e+00
  1.04076563e+00  1.04821188e+00  1.04841965e+00  1.05926102e+00
  1.07275529e+00  1.09894462e+00  1.12745035e+00  1.15924920e+00
  1.16322792e+00  1.24431051e+00  1.28348769e+00  1.32997277e+00
  1.36001806e+00  1.39316287e+00  1.39386596e+00  1.40401891e+00
  1.41902669e+00  1.44412188e+00  1.65562440e+00  1.73864470e+00
  1.79968650e+00  1.85166650e+00  1.86163497e+00  1.86591443e+00
  1.86938145e+00  1.91964216e+00  1.98131824e+00  2.03489347e+00
  2.05462954e+00  2.07641585e+00  2.09156504e+00  2.10434887e+00
  2.17380931e+00  2.23876914e+00  2.24752519e+00  2.28932065e+00
  2.35328954e+00  2.35891147e+00  2.50050932e+00  2.51323183e+00
  2.59382980e+00  2.61282320e+00  2.65542365e+00  2.66688704e+00
  2.70984166e+00  2.79255249e+00  2.96085444e+00  3.34211956e+00]
nelec by numeric integration = 68.00008330913681
    CPU time for vxc      5.89 sec, wall time      0.21 sec
E1 = -1775.6036529013268  Ecoul = 718.4550188194097  Exc = -70.48777018501815
cycle= 11 E= -748.089978169639  delta_E= -4.54e-07  |g|= 0.000353  |ddm|= 0.00198
    CPU time for cycle= 11      6.39 sec, wall time      0.23 sec
  HOMO = -0.154121319802495  LUMO = -0.120896886032018
  mo_energy =
[-1.01340712e+02 -1.44767267e+01 -1.03013989e+01 -1.03002715e+01
 -1.02718239e+01 -1.02656924e+01 -1.02651274e+01 -1.02262121e+01
 -9.26945888e+00 -7.02774749e+00 -7.02607633e+00 -7.02568352e+00
 -1.05292136e+00 -8.93703154e-01 -8.50459925e-01 -7.61538393e-01
 -7.17930288e-01 -6.94012336e-01 -6.14787746e-01 -5.96811206e-01
 -5.67126436e-01 -5.48859309e-01 -5.16694850e-01 -5.09468129e-01
 -5.05622445e-01 -4.44179396e-01 -4.39078199e-01 -4.23706563e-01
 -4.22834934e-01 -3.51066574e-01 -3.43176202e-01 -1.56716207e-01
 -1.54198127e-01 -1.54121320e-01 -1.20896886e-01 -8.08523004e-02
  3.11534601e-02  6.14903035e-02  7.87841376e-02  8.82856616e-02
  1.02016893e-01  1.28240786e-01  1.31993593e-01  1.44333793e-01
  1.64447188e-01  1.74896079e-01  2.12664099e-01  2.34630890e-01
  2.50828068e-01  2.70136690e-01  3.73129175e-01  3.96711755e-01
  4.34284665e-01  4.52088652e-01  4.66647627e-01  4.86553823e-01
  4.88917207e-01  5.18858858e-01  5.21357320e-01  5.37522374e-01
  5.41182666e-01  5.51161192e-01  5.58617747e-01  5.66823717e-01
  5.89829898e-01  5.96654675e-01  6.00455560e-01  6.58792218e-01
  6.69323690e-01  7.18871899e-01  7.53319674e-01  7.69019670e-01
  7.72844622e-01  7.91729995e-01  7.91785901e-01  8.03148140e-01
  8.50940415e-01  8.59206968e-01  8.76839707e-01  9.06462250e-01
  9.23589185e-01  9.53901193e-01  9.87873875e-01  1.02391500e+00
  1.04075221e+00  1.04823056e+00  1.04843804e+00  1.05927851e+00
  1.07276643e+00  1.09893376e+00  1.12745019e+00  1.15923839e+00
  1.16321245e+00  1.24431666e+00  1.28347667e+00  1.32996177e+00
  1.36000408e+00  1.39314899e+00  1.39385050e+00  1.40400055e+00
  1.41901047e+00  1.44410909e+00  1.65560918e+00  1.73863074e+00
  1.79967399e+00  1.85165544e+00  1.86162235e+00  1.86590866e+00
  1.86937160e+00  1.91963302e+00  1.98130224e+00  2.03487949e+00
  2.05461372e+00  2.07639903e+00  2.09154717e+00  2.10433470e+00
  2.17380384e+00  2.23875452e+00  2.24751169e+00  2.28932206e+00
  2.35328063e+00  2.35890081e+00  2.50049671e+00  2.51321465e+00
  2.59381491e+00  2.61280853e+00  2.65540868e+00  2.66687223e+00
  2.70982894e+00  2.79254281e+00  2.96084034e+00  3.34210536e+00]
nelec by numeric integration = 68.00008330991066
    CPU time for vxc      5.93 sec, wall time      0.21 sec
E1 = -1775.6039638923626  Ecoul = 718.4553241856623  Exc = -70.48776460645573
cycle= 12 E= -748.08997821586  delta_E= -4.62e-08  |g|= 0.000169  |ddm|= 0.000471
    CPU time for cycle= 12      6.46 sec, wall time      0.23 sec
  HOMO = -0.154114573929435  LUMO = -0.120908791131111
  mo_energy =
[-1.01340730e+02 -1.44767463e+01 -1.03014252e+01 -1.03002777e+01
 -1.02718540e+01 -1.02657032e+01 -1.02651478e+01 -1.02262191e+01
 -9.26946868e+00 -7.02775764e+00 -7.02608735e+00 -7.02569433e+00
 -1.05293502e+00 -8.93718782e-01 -8.50473456e-01 -7.61548895e-01
 -7.17944184e-01 -6.94024262e-01 -6.14784991e-01 -5.96820757e-01
 -5.67141570e-01 -5.48870634e-01 -5.16706974e-01 -5.09478911e-01
 -5.05633985e-01 -4.44192411e-01 -4.39091287e-01 -4.23715348e-01
 -4.22840191e-01 -3.51078993e-01 -3.43188857e-01 -1.56710481e-01
 -1.54193107e-01 -1.54114574e-01 -1.20908791e-01 -8.08653346e-02
  3.11443354e-02  6.14767817e-02  7.87759841e-02  8.82791589e-02
  1.02007689e-01  1.28232639e-01  1.31984721e-01  1.44330266e-01
  1.64441854e-01  1.74894763e-01  2.12653339e-01  2.34620632e-01
  2.50815754e-01  2.70127743e-01  3.73120025e-01  3.96700632e-01
  4.34273436e-01  4.52076470e-01  4.66644747e-01  4.86540901e-01
  4.88907112e-01  5.18848223e-01  5.21346387e-01  5.37513723e-01
  5.41171158e-01  5.51154817e-01  5.58610428e-01  5.66818685e-01
  5.89831782e-01  5.96654640e-01  6.00444434e-01  6.58791433e-01
  6.69314411e-01  7.18867737e-01  7.53311072e-01  7.69006060e-01
  7.72834396e-01  7.91720905e-01  7.91780931e-01  8.03141574e-01
  8.50929707e-01  8.59195597e-01  8.76836300e-01  9.06455725e-01
  9.23579417e-01  9.53891322e-01  9.87869784e-01  1.02390651e+00
  1.04074132e+00  1.04823686e+00  1.04844423e+00  1.05928396e+00
  1.07276880e+00  1.09892351e+00  1.12744618e+00  1.15922785e+00
  1.16319748e+00  1.24431598e+00  1.28346500e+00  1.32995119e+00
  1.35999107e+00  1.39313810e+00  1.39383515e+00  1.40398431e+00
  1.41899644e+00  1.44409820e+00  1.65559577e+00  1.73861644e+00
  1.79966101e+00  1.85164242e+00  1.86161106e+00  1.86589890e+00
  1.86936145e+00  1.91962264e+00  1.98128763e+00  2.03486462e+00
  2.05460152e+00  2.07638483e+00  2.09153514e+00  2.10432139e+00
  2.17378926e+00  2.23874048e+00  2.24749795e+00  2.28931558e+00
  2.35327075e+00  2.35889088e+00  2.50048268e+00  2.51320066e+00
  2.59380012e+00  2.61279407e+00  2.65539429e+00  2.66685731e+00
  2.70981431e+00  2.79253155e+00  2.96082624e+00  3.34209060e+00]
nelec by numeric integration = 68.00008330919957
    CPU time for vxc      5.89 sec, wall time      0.21 sec
E1 = -1775.6045050742787  Ecoul = 718.4558949113896  Exc = -70.4877941619785
cycle= 13 E= -748.089978227572  delta_E= -1.17e-08  |g|= 8.35e-05  |ddm|= 0.000248
    CPU time for cycle= 13      6.40 sec, wall time      0.23 sec
  HOMO = -0.15410219724118  LUMO = -0.120912290317811
  mo_energy =
[-1.01340711e+02 -1.44767546e+01 -1.03014276e+01 -1.03002866e+01
 -1.02718560e+01 -1.02657115e+01 -1.02651584e+01 -1.02262222e+01
 -9.26945078e+00 -7.02773932e+00 -7.02606957e+00 -7.02567645e+00
 -1.05294089e+00 -8.93724432e-01 -8.50479802e-01 -7.61552935e-01
 -7.17950264e-01 -6.94029463e-01 -6.14774320e-01 -5.96822702e-01
 -5.67147674e-01 -5.48876434e-01 -5.16712936e-01 -5.09483867e-01
 -5.05637912e-01 -4.44197990e-01 -4.39096639e-01 -4.23719027e-01
 -4.22842544e-01 -3.51083474e-01 -3.43194996e-01 -1.56698750e-01
 -1.54182118e-01 -1.54102197e-01 -1.20912290e-01 -8.08714397e-02
  3.11402583e-02  6.14712917e-02  7.87719689e-02  8.82759113e-02
  1.02003514e-01  1.28228427e-01  1.31980752e-01  1.44328907e-01
  1.64439752e-01  1.74894098e-01  2.12648285e-01  2.34616451e-01
  2.50810980e-01  2.70123810e-01  3.73115702e-01  3.96695794e-01
  4.34268917e-01  4.52071104e-01  4.66645961e-01  4.86535799e-01
  4.88903528e-01  5.18842524e-01  5.21342509e-01  5.37512067e-01
  5.41166371e-01  5.51154316e-01  5.58608193e-01  5.66818850e-01
  5.89838057e-01  5.96659189e-01  6.00439791e-01  6.58795380e-01
  6.69310953e-01  7.18866836e-01  7.53308226e-01  7.69001448e-01
  7.72828906e-01  7.91716519e-01  7.91781587e-01  8.03138664e-01
  8.50925504e-01  8.59190802e-01  8.76835267e-01  9.06453634e-01
  9.23575433e-01  9.53886898e-01  9.87868371e-01  1.02390373e+00
  1.04073713e+00  1.04825178e+00  1.04845900e+00  1.05929781e+00
  1.07277892e+00  1.09891982e+00  1.12744835e+00  1.15922298e+00
  1.16319136e+00  1.24431936e+00  1.28346008e+00  1.32994685e+00
  1.35998506e+00  1.39313303e+00  1.39382914e+00  1.40397877e+00
  1.41898985e+00  1.44409317e+00  1.65558986e+00  1.73861079e+00
  1.79965597e+00  1.85163709e+00  1.86160637e+00  1.86589491e+00
  1.86935656e+00  1.91961780e+00  1.98128180e+00  2.03485896e+00
  2.05459556e+00  2.07637941e+00  2.09153007e+00  2.10431506e+00
  2.17378410e+00  2.23873380e+00  2.24749292e+00  2.28931290e+00
  2.35326619e+00  2.35888662e+00  2.50047673e+00  2.51319530e+00
  2.59379386e+00  2.61278814e+00  2.65538841e+00  2.66685132e+00
  2.70980853e+00  2.79252671e+00  2.96082036e+00  3.34208453e+00]
nelec by numeric integration = 68.00008330906205
    CPU time for vxc      5.90 sec, wall time      0.21 sec
E1 = -1775.6044784496428  Ecoul = 718.4558537370265  Exc = -70.48777961598307
cycle= 14 E= -748.089978231303  delta_E= -3.73e-09  |g|= 1.15e-05  |ddm|= 0.000265
    CPU time for cycle= 14      6.41 sec, wall time      0.23 sec
  HOMO = -0.154102273759633  LUMO = -0.120911147325334
  mo_energy =
[-1.01340708e+02 -1.44767531e+01 -1.03014267e+01 -1.03002835e+01
 -1.02718550e+01 -1.02657092e+01 -1.02651545e+01 -1.02262202e+01
 -9.26944868e+00 -7.02773715e+00 -7.02606735e+00 -7.02567424e+00
 -1.05293939e+00 -8.93722850e-01 -8.50478034e-01 -7.61551735e-01
 -7.17948751e-01 -6.94028028e-01 -6.14773964e-01 -5.96821648e-01
 -5.67146062e-01 -5.48875146e-01 -5.16711359e-01 -5.09482558e-01
 -5.05636849e-01 -4.44196596e-01 -4.39095363e-01 -4.23717809e-01
 -4.22841566e-01 -3.51082267e-01 -3.43193277e-01 -1.56698709e-01
 -1.54181991e-01 -1.54102274e-01 -1.20911147e-01 -8.08698645e-02
  3.11411055e-02  6.14726765e-02  7.87728206e-02  8.82767165e-02
  1.02004490e-01  1.28229325e-01  1.31981528e-01  1.44329594e-01
  1.64440483e-01  1.74894653e-01  2.12649462e-01  2.34617630e-01
  2.50812144e-01  2.70124837e-01  3.73116773e-01  3.96697187e-01
  4.34270148e-01  4.52072331e-01  4.66646586e-01  4.86537230e-01
  4.88904534e-01  5.18844057e-01  5.21343764e-01  5.37512877e-01
  5.41167521e-01  5.51155093e-01  5.58609237e-01  5.66819618e-01
  5.89838275e-01  5.96659574e-01  6.00440893e-01  6.58795827e-01
  6.69312003e-01  7.18867666e-01  7.53309311e-01  7.69002403e-01
  7.72830195e-01  7.91717597e-01  7.91782221e-01  8.03139841e-01
  8.50926610e-01  8.59191937e-01  8.76836043e-01  9.06454488e-01
  9.23576560e-01  9.53888069e-01  9.87869212e-01  1.02390485e+00
  1.04073824e+00  1.04825191e+00  1.04845915e+00  1.05929801e+00
  1.07277930e+00  1.09892085e+00  1.12744910e+00  1.15922424e+00
  1.16319299e+00  1.24431996e+00  1.28346145e+00  1.32994781e+00
  1.35998669e+00  1.39313419e+00  1.39383071e+00  1.40398023e+00
  1.41899167e+00  1.44409440e+00  1.65559132e+00  1.73861239e+00
  1.79965722e+00  1.85163844e+00  1.86160758e+00  1.86589622e+00
  1.86935798e+00  1.91961930e+00  1.98128346e+00  2.03486051e+00
  2.05459722e+00  2.07638081e+00  2.09153145e+00  2.10431685e+00
  2.17378558e+00  2.23873563e+00  2.24749420e+00  2.28931399e+00
  2.35326755e+00  2.35888802e+00  2.50047839e+00  2.51319669e+00
  2.59379546e+00  2.61278971e+00  2.65539005e+00  2.66685292e+00
  2.70981012e+00  2.79252813e+00  2.96082193e+00  3.34208613e+00]
nelec by numeric integration = 68.00008330912947
    CPU time for vxc      5.83 sec, wall time      0.21 sec
E1 = -1775.6043990035225  Ecoul = 718.4557692940206  Exc = -70.48777461914163
cycle= 15 E= -748.089978231347  delta_E= -4.41e-11  |g|= 6.98e-06  |ddm|= 1.76e-05
    CPU time for cycle= 15      6.33 sec, wall time      0.23 sec
  HOMO = -0.154106094504227  LUMO = -0.120910297963258
  mo_energy =
[-1.01340717e+02 -1.44767504e+01 -1.03014240e+01 -1.03002829e+01
 -1.02718530e+01 -1.02657083e+01 -1.02651555e+01 -1.02262210e+01
 -9.26945630e+00 -7.02774496e+00 -7.02607506e+00 -7.02568195e+00
 -1.05293788e+00 -8.93721851e-01 -8.50476957e-01 -7.61551048e-01
 -7.17947612e-01 -6.94027206e-01 -6.14777542e-01 -5.96821506e-01
 -5.67144928e-01 -5.48874378e-01 -5.16710412e-01 -5.09481531e-01
 -5.05636046e-01 -4.44195767e-01 -4.39094356e-01 -4.23717501e-01
 -4.22841579e-01 -3.51081306e-01 -3.43192395e-01 -1.56702444e-01
 -1.54185468e-01 -1.54106095e-01 -1.20910298e-01 -8.08689224e-02
  3.11418306e-02  6.14736673e-02  7.87735399e-02  8.82771937e-02
  1.02005265e-01  1.28229978e-01  1.31982334e-01  1.44329540e-01
  1.64440779e-01  1.74894415e-01  2.12650433e-01  2.34618300e-01
  2.50812920e-01  2.70125542e-01  3.73117468e-01  3.96697931e-01
  4.34271075e-01  4.52073369e-01  4.66645932e-01  4.86538413e-01
  4.88905157e-01  5.18844753e-01  5.21344229e-01  5.37512846e-01
  5.41168414e-01  5.51154828e-01  5.58609293e-01  5.66819134e-01
  5.89836241e-01  5.96657952e-01  6.00441861e-01  6.58794402e-01
  6.69312431e-01  7.18867468e-01  7.53309665e-01  7.69003399e-01
  7.72830863e-01  7.91718566e-01  7.91781790e-01  8.03139921e-01
  8.50927285e-01  8.59192700e-01  8.76835787e-01  9.06454555e-01
  9.23577181e-01  9.53888809e-01  9.87869010e-01  1.02390491e+00
  1.04073899e+00  1.04824715e+00  1.04845443e+00  1.05929351e+00
  1.07277580e+00  1.09892133e+00  1.12744797e+00  1.15922500e+00
  1.16319417e+00  1.24431844e+00  1.28346239e+00  1.32994878e+00
  1.35998756e+00  1.39313512e+00  1.39383195e+00  1.40398143e+00
  1.41899259e+00  1.44409540e+00  1.65559246e+00  1.73861338e+00
  1.79965819e+00  1.85163943e+00  1.86160851e+00  1.86589683e+00
  1.86935864e+00  1.91961989e+00  1.98128454e+00  2.03486173e+00
  2.05459809e+00  2.07638205e+00  2.09153237e+00  2.10431768e+00
  2.17378637e+00  2.23873657e+00  2.24749534e+00  2.28931408e+00
  2.35326823e+00  2.35888866e+00  2.50047937e+00  2.51319778e+00
  2.59379662e+00  2.61279080e+00  2.65539116e+00  2.66685409e+00
  2.70981115e+00  2.79252891e+00  2.96082308e+00  3.34208727e+00]
nelec by numeric integration = 68.00008330913332
    CPU time for vxc      5.84 sec, wall time      0.21 sec
E1 = -1775.604439984913  Ecoul = 718.4558179870261  Exc = -70.4877823304115
Extra cycle  E= -748.089978231002  delta_E= 3.45e-10  |g|= 2.69e-05  |ddm|= 8.77e-05
    CPU time for scf_cycle    120.11 sec, wall time      4.36 sec
    CPU time for SCF    120.11 sec, wall time      4.36 sec
converged SCF energy = -748.089978231002
Converting <class 'pyscf.dft.rks.RKS'> to RHF


******** <class 'pyscf.tdscf.rks.TDA'> for <class 'pyscf.dft.rks.RKS'> ********
nstates = 5 singlet
wfnsym = None
conv_tol = 1e-09
eigh lindep = 1e-12
eigh level_shift = 0
eigh max_space = 8
eigh max_cycle = 2000
chkfile = /scratch/global/yangjunjie/tmp60itmic9
max_memory 256000 MB (current use 604 MB)


davidson 0 5  |r|= 0.134  e= [0.01129319 0.01297506 0.05510956 0.05560967 0.08365501]  max|de|= 0.0837  lindep=    1
Old state -> New state
    3     ->     2 
    2     ->     3 
davidson 1 10  |r|= 0.0233  e= [0.01114447 0.01271846 0.0542553  0.05509908 0.06357291]  max|de|= -0.0201  lindep= 0.823
davidson 2 15  |r|= 0.00991  e= [0.01114412 0.01271269 0.05422847 0.05509872 0.06284111]  max|de|= -0.000732  lindep= 0.865
davidson 3 20  |r|= 0.00243  e= [0.01114412 0.01271265 0.0542257  0.05509868 0.06273914]  max|de|= -0.000102  lindep= 0.499
root 0 converged  |r|= 5.58e-06  e= 0.011144120154604052  max|de|= -1.65e-16
root 1 converged  |r|= 1.69e-05  e= 0.012712648195053314  max|de|= 5.2e-18
davidson 4 5  |r|= 0.00243  e= [0.01114412 0.01271265 0.0542257  0.05509868 0.06273914]  max|de|= -1.65e-16  lindep= 0.999
davidson 5 8  |r|= 0.000826  e= [0.01114412 0.01271265 0.05422546 0.05509864 0.06273299]  max|de|= -6.15e-06  lindep= 0.513
Old state -> New state
    3     ->     4 
davidson 6 11  |r|= 0.0551  e= [0.01114412 0.01271265 0.05422544 0.05509853 0.06014234]  max|de|= 0.00504  lindep= 0.835
davidson 7 14  |r|= 0.00613  e= [0.01114412 0.01271265 0.05422543 0.05509833 0.05681171]  max|de|= -0.00333  lindep= 0.878
root 2 converged  |r|= 2.57e-06  e= 0.05422543256346664  max|de|= -6.91e-11
davidson 8 17  |r|= 0.000836  e= [0.01114412 0.01271265 0.05422543 0.05509832 0.05675237]  max|de|= -5.93e-05  lindep= 0.935
root 3 converged  |r|= 1.11e-05  e= 0.055098322140454924  max|de|= -1.6e-16
davidson 9 5  |r|= 0.000836  e= [0.01114412 0.01271265 0.05422543 0.05509832 0.05675237]  max|de|= 1.8e-16  lindep= 0.988
davidson 10 6  |r|= 0.000151  e= [0.01114412 0.01271265 0.05422543 0.05509832 0.05675175]  max|de|= -6.21e-07  lindep= 0.859
davidson 11 7  |r|= 2.62e-05  e= [0.01114412 0.01271265 0.05422543 0.05509832 0.05675172]  max|de|= -3.07e-08  lindep= 0.904
root 4 converged  |r|= 5.87e-06  e= 0.05675172269691078  max|de|= -8.11e-10
converged 12 8  |r|= 1.55e-05  e= [0.01114412 0.01271265 0.05422543 0.05509832 0.05675172]  max|de|= -8.11e-10
    CPU time for TDA    132.27 sec, wall time      4.86 sec
Excited State energies (eV)
[0.30324695 0.34592878 1.47554918 1.49930171 1.54429303]
