 
:: initializing oneAPI environment ...
   slurm_script: BASH_VERSION = 4.2.46(1)-release
   args: Using "$@" for setvars.sh arguments: --force
:: advisor -- latest
:: ccl -- latest
:: clck -- latest
:: compiler -- latest
:: dal -- latest
:: debugger -- latest
:: dev-utilities -- latest
:: dnnl -- latest
:: dpcpp-ct -- latest
:: dpl -- latest
:: inspector -- latest
:: intelpython -- latest
:: ipp -- latest
:: ippcp -- latest
:: ipp -- latest
:: itac -- latest
:: mkl -- latest
:: mpi -- latest
:: tbb -- latest
:: vpl -- latest
:: vtune -- latest
:: oneAPI environment initialized ::
 
SLURM_CPUS_PER_TASK = 28
SLURM_MEM_PER_NODE = 127949
#INFO: **** input file is /home/yangjunjie/work/py-ch3-cl/work/step_-20/main.py ****
import sys
import pyscf
from pyscf import tdscf

def main(xyz_file, basis="631g*", xc="b3lyp", output="ene.out"):
    xyz = None

    with open(xyz_file, "r") as xyz:
        xyz = xyz.readlines()[2:]
        xyz = "".join(xyz)

    mol = pyscf.gto.Mole()
    mol.atom = xyz
    mol.basis = basis
    mol.verbose = 5
    mol.build()

    if xc is not None and xc != "hf":
        mf = pyscf.scf.RKS(mol)
        mf.xc = xc
        mf.kernel()
    else:
        mf = pyscf.scf.RHF(mol)
        mf.kernel()

    ene_mf = mf.e_tot

    with open(output, "w") as f:
        tda = pyscf.tdscf.TDA(mf)
        tda.nstates = 5
        tda.max_space = 8
        tda.max_cycle = 2000
        tda.kernel()

        con_tda = tda.converged
        ene_tda = tda.e[:5]
        dip_tda = tda.transition_dipole()[:5]

        f.write(f"RKS energy: {ene_mf: 12.8f}\n")
        f.write("TDA results:\n")
        for i, (con, ene, dip) in enumerate(zip(con_tda, ene_tda, dip_tda)):
            f.write(f" {i:2d} {con} {ene: 12.8f} {dip[0]: 12.8f} {dip[1]: 12.8f} {dip[2]: 12.8f}\n")

        # rpa = pyscf.tdscf.RPA(mf)
        # rpa.nstates = 5
        # rpa.max_space = 8
        # rpa.max_cycle = 2000
        # rpa.kernel()

        # con_rpa = rpa.converged
        # ene_rpa = rpa.e[:5]
        # dip_rpa = rpa.transition_dipole()[:5]
        
        # f.write("\nRPA results:\n")
        # for i, (con, ene, dip) in enumerate(zip(con_rpa, ene_rpa, dip_rpa)):
        #     f.write(f" {i:2d} {con} {ene: 12.8f} {dip[0]: 12.8f} {dip[1]: 12.8f} {dip[2]: 12.8f}\n")

if __name__ == "__main__":
    xyz = sys.argv[1]
    main(xyz, basis="631g*", xc="b3lyp", output="out.log")
#INFO: ******************** input file end ********************


System: uname_result(system='Linux', node='pauling038', release='3.10.0-327.36.3.el7.x86_64', version='#1 SMP Thu Oct 20 04:56:07 EDT 2016', machine='x86_64')  Threads 28
Python 3.9.7 (default, Oct 27 2021, 01:23:21) 
[GCC 9.3.0]
numpy 1.21.2  scipy 1.6.2
Date: Tue Sep 27 23:37:05 2022
PySCF version 2.0.1
PySCF path  /home/yangjunjie/packages/pyscf/pyscf-main
GIT ORIG_HEAD 14b880cdc4bf7bb64f3989a147c0b04622efc498
GIT HEAD (branch master) 9d5b5bd309d1cc55fbd1a0ec76e26b5b0c7f76af

[ENV] PYSCF_MAX_MEMORY 127949
[ENV] PYSCF_TMPDIR /scratch/global/yangjunjie/
[CONFIG] conf_file /home/yangjunjie/.pyscf_conf.py
[INPUT] verbose = 5
[INPUT] max_memory = 127949 
[INPUT] num. atoms = 16
[INPUT] num. electrons = 68
[INPUT] charge = 0
[INPUT] spin (= nelec alpha-beta = 2S) = 0
[INPUT] symmetry False subgroup None
[INPUT] Mole.unit = angstrom
[INPUT]  1 C      0.000000010000   1.146001620000   1.161856220000 AA    0.000000018897   2.165629200108   2.195590051922 Bohr
[INPUT]  2 C      0.000000000000   1.200399810000   2.556207190000 AA    0.000000000000   2.268426880880   4.830531506744 Bohr
[INPUT]  3 C     -0.000000010000  -0.013494260000   3.250328190000 AA   -0.000000018897  -0.025500455654   6.142230094053 Bohr
[INPUT]  4 C     -0.000000010000  -1.214139180000   2.532046530000 AA   -0.000000018897  -2.294390527304   4.784874476355 Bohr
[INPUT]  5 C      0.000000000000  -1.130753770000   1.137337490000 AA    0.000000000000  -2.136814939619   2.149256367300 Bohr
[INPUT]  6 N      0.000000010000   0.015590850000   0.475880330000 AA    0.000000018897   0.029462436549   0.899283491768 Bohr
[INPUT]  7 C      0.000000000000   0.004390010000  -2.218173760000 AA    0.000000000000   0.008295916584  -4.191740903097 Bohr
[INPUT]  8 H      0.000000020000   2.071153020000   0.575918550000 AA    0.000000037795   3.913911969866   1.088328329557 Bohr
[INPUT]  9 H      0.000000000000   2.142768330000   3.069394960000 AA    0.000000000000   4.049245292092   5.800315842520 Bohr
[INPUT] 10 H     -0.000000020000  -0.024946920000   4.328136780000 AA   -0.000000037795  -0.047142846451   8.178993143857 Bohr
[INPUT] 11 H     -0.000000020000  -2.165696730000   3.024617480000 AA   -0.000000037795  -4.092573688566   5.715698668772 Bohr
[INPUT] 12 H      0.000000000000  -2.042028360000   0.532606910000 AA    0.000000000000  -3.858874338995   1.006481191951 Bohr
[INPUT] 13 H     -0.000000030000   1.035265270000  -1.883725170000 AA   -0.000000056692   1.956367826574  -3.559724665250 Bohr
[INPUT] 14 H     -0.890980890000  -0.502786180000  -1.866141840000 AA   -1.683709864321  -0.950128179416  -3.526496987192 Bohr
[INPUT] 15 H      0.890980910000  -0.502786140000  -1.866141850000 AA    1.683709902116  -0.950128103827  -3.526497006089 Bohr
[INPUT] 16 Cl    -0.000000010000  -0.010674780000  -4.036402500000 AA   -0.000000018897  -0.020172410640  -7.627695253510 Bohr
[INPUT] ---------------- BASIS SET ---------------- 
[INPUT] l, kappa, [nprim/nctr], expnt,             c_1 c_2 ...
[INPUT] H
[INPUT] 0    0    [3    /1   ]  18.731137         0.0334946
                                2.8253937         0.23472695
                                0.6401217         0.81375733
[INPUT] 0    0    [1    /1   ]  0.1612778            1
[INPUT] N
[INPUT] 0    0    [6    /1   ]  4173.511          0.0018348
                                627.4579          0.013995
                                142.9021          0.068587
                                40.23433          0.232241
                                12.82021          0.46907
                                4.390437          0.360455
[INPUT] 0    0    [3    /1   ]  11.626358         -0.114961
                                2.71628           -0.169118
                                0.772218          1.145852
[INPUT] 0    0    [1    /1   ]  0.2120313            1
[INPUT] 1    0    [3    /1   ]  11.626358         0.06758
                                2.71628           0.323907
                                0.772218          0.740895
[INPUT] 1    0    [1    /1   ]  0.2120313            1
[INPUT] 2    0    [1    /1   ]  0.8                  1
[INPUT] C
[INPUT] 0    0    [6    /1   ]  3047.5249         0.0018347
                                457.36951         0.0140373
                                103.94869         0.0688426
                                29.210155         0.2321844
                                9.286663          0.4679413
                                3.163927          0.362312
[INPUT] 0    0    [3    /1   ]  7.8682724         -0.1193324
                                1.8812885         -0.1608542
                                0.5442493         1.1434564
[INPUT] 0    0    [1    /1   ]  0.1687144            1
[INPUT] 1    0    [3    /1   ]  7.8682724         0.0689991
                                1.8812885         0.316424
                                0.5442493         0.7443083
[INPUT] 1    0    [1    /1   ]  0.1687144            1
[INPUT] 2    0    [1    /1   ]  0.8                  1
[INPUT] Cl
[INPUT] 0    0    [6    /1   ]  25180.1           0.001833
                                3780.35           0.014034
                                860.474           0.069097
                                242.145           0.237452
                                77.3349           0.483034
                                26.247            0.339856
[INPUT] 0    0    [6    /1   ]  491.765           -0.0022974
                                116.984           -0.030714
                                37.4153           -0.112528
                                13.7834           0.045016
                                5.45215           0.589353
                                2.22588           0.465206
[INPUT] 0    0    [3    /1   ]  3.18649           -0.25183
                                1.14427           0.061589
                                0.420377          1.06018
[INPUT] 0    0    [1    /1   ]  0.142657             1
[INPUT] 1    0    [6    /1   ]  491.765           0.0039894
                                116.984           0.030318
                                37.4153           0.12988
                                13.7834           0.327951
                                5.45215           0.453527
                                2.22588           0.252154
[INPUT] 1    0    [3    /1   ]  3.18649           -0.014299
                                1.14427           0.323572
                                0.420377          0.743507
[INPUT] 1    0    [1    /1   ]  0.142657             1
[INPUT] 2    0    [1    /1   ]  0.75                 1

nuclear repulsion = 373.435866113104
number of shells = 66
number of NR pGTOs = 272
number of NR cGTOs = 132
basis = 631g*
ecp = {}
CPU time:         0.34


******** <class 'pyscf.dft.rks.RKS'> ********
method = RKS
initial guess = minao
damping factor = 0
level_shift factor = 0
DIIS = <class 'pyscf.scf.diis.CDIIS'>
diis_start_cycle = 1
diis_space = 8
SCF conv_tol = 1e-09
SCF conv_tol_grad = None
SCF max_cycles = 50
direct_scf = True
direct_scf_tol = 1e-13
chkfile to save SCF result = /scratch/global/yangjunjie/tmpcvyqil_i
max_memory 127949 MB (current use 81 MB)
XC library pyscf.dft.libxc version 5.2.0
    S. Lehtola, C. Steigemann, M. J. Oliveira, and M. A. Marques, SoftwareX 7, 1 (2018)
XC functionals = b3lyp
    P. A. M. Dirac, Math. Proc. Cambridge Philos. Soc. 26, 376 (1930)
    F. Bloch, Z. Phys. 57, 545 (1929)
    A. D. Becke, Phys. Rev. A 38, 3098 (1988)
    C. Lee, W. Yang, and R. G. Parr, Phys. Rev. B 37, 785 (1988)
    B. Miehlich, A. Savin, H. Stoll, and H. Preuss, Chem. Phys. Lett. 157, 200 (1989)
    S. H. Vosko, L. Wilk, and M. Nusair, Can. J. Phys. 58, 1200 (1980)
radial grids: 
    Treutler-Ahlrichs [JCP 102, 346 (1995); DOI:10.1063/1.469408] (M4) radial grids
    
becke partition: Becke, JCP 88, 2547 (1988); DOI:10.1063/1.454033
pruning grids: <function nwchem_prune at 0x7fe9bd950ee0>
grids dens level: 3
symmetrized grids: False
atomic radii adjust function: <function treutler_atomic_radii_adjust at 0x7fe9bd950e50>
small_rho_cutoff = 1e-07
Set gradient conv threshold to 3.16228e-05
atom C rad-grids = 75, ang-grids = [ 50  50  50  50  50  50  50  50  50  50  50  50  50  50  50  50  50  50
  50  50  50  50  50  86  86  86  86  86  86  86  86  86  86 266 266 266
 266 266 266 266 302 302 302 302 302 302 302 302 302 302 302 302 302 302
 302 302 302 302 302 302 266 266 266 266 266 266 266 266 266 266 266 266
 266 266 266]
atom N rad-grids = 75, ang-grids = [ 50  50  50  50  50  50  50  50  50  50  50  50  50  50  50  50  50  50
  50  50  50  50  50  86  86  86  86  86  86  86  86  86 266 266 266 266
 266 266 266 302 302 302 302 302 302 302 302 302 302 302 302 302 302 302
 302 302 302 302 266 266 266 266 266 266 266 266 266 266 266 266 266 266
 266 266 266]
atom H rad-grids = 50, ang-grids = [ 50  50  50  50  50  50  50  50  50  50  50  50  50  50  86  86  86  86
 266 266 266 266 302 302 302 302 302 302 302 302 302 302 302 302 302 266
 266 266 266 266 266 266 266 266 266 266 266 266 266 266]
atom Cl rad-grids = 80, ang-grids = [ 50  50  50  50  50  50  50  50  50  50  50  50  50  50  50  50  50  50
  50  50  50  50  50  50  86  86  86  86  86  86  86  86  86  86  86  86
  86 350 350 350 350 350 350 350 350 350 434 434 434 434 434 434 434 434
 434 434 434 434 434 434 434 434 434 434 350 350 350 350 350 350 350 350
 350 350 350 350 350 350 350 350]
tot grids = 196530
Drop grids 32964
    CPU time for setting up grids      3.22 sec, wall time      0.12 sec
nelec by numeric integration = 67.97620964016146
    CPU time for vxc      6.09 sec, wall time      0.22 sec
E1 = -1760.0658293319727  Ecoul = 707.9750542173639  Exc = -70.37297025844894
init E= -749.027879259954
cond(S) = 6056.749542196807
    CPU time for initialize scf     16.30 sec, wall time      0.64 sec
  HOMO = -0.292873867566181  LUMO = -0.0978888908740349
  mo_energy =
[-1.01597243e+02 -1.44095016e+01 -1.02909344e+01 -1.02903193e+01
 -1.02892674e+01 -1.02890829e+01 -1.02852938e+01 -1.02848080e+01
 -9.53822877e+00 -7.29412884e+00 -7.29290676e+00 -7.29290624e+00
 -1.10294015e+00 -9.37655925e-01 -9.31331424e-01 -8.84176649e-01
 -7.57278149e-01 -7.12387031e-01 -7.04064213e-01 -5.76783596e-01
 -5.30262375e-01 -5.12875149e-01 -4.73593766e-01 -4.72892043e-01
 -4.62822285e-01 -4.59319757e-01 -4.37401297e-01 -4.32281969e-01
 -3.95532218e-01 -3.43594562e-01 -3.42797853e-01 -3.25914367e-01
 -3.01029724e-01 -2.92873868e-01 -9.78888909e-02 -7.96070342e-02
 -3.57526529e-02  5.27940359e-02  6.80579199e-02  7.86486999e-02
  9.04064433e-02  1.13394964e-01  1.21349931e-01  1.22533673e-01
  1.44499993e-01  1.62017236e-01  1.97039736e-01  2.40393738e-01
  2.54961625e-01  2.60972299e-01  3.59782931e-01  3.82053901e-01
  4.03515820e-01  4.15186286e-01  4.15192884e-01  4.21771074e-01
  4.65638356e-01  4.75157688e-01  4.87852740e-01  5.04964175e-01
  5.24962837e-01  5.37644866e-01  5.41903252e-01  5.50136217e-01
  5.53345022e-01  5.54703177e-01  5.55661371e-01  6.07749852e-01
  6.22053323e-01  6.38880930e-01  6.71227195e-01  7.64732762e-01
  7.72749944e-01  7.85862164e-01  7.87595428e-01  7.91898772e-01
  7.98746651e-01  8.02628601e-01  8.29570776e-01  8.43683414e-01
  8.49375476e-01  8.64118782e-01  8.80521442e-01  8.97933838e-01
  9.02325664e-01  9.20277886e-01  9.82079244e-01  1.00224568e+00
  1.03583987e+00  1.07431730e+00  1.12235969e+00  1.13893048e+00
  1.15896425e+00  1.17889624e+00  1.30860476e+00  1.34464415e+00
  1.39570367e+00  1.41143268e+00  1.41179332e+00  1.42183378e+00
  1.44676213e+00  1.45789404e+00  1.62391853e+00  1.62478954e+00
  1.63928186e+00  1.70310205e+00  1.74777324e+00  1.77313102e+00
  1.87066637e+00  1.89411695e+00  1.98173443e+00  2.05215679e+00
  2.06013593e+00  2.09773659e+00  2.10581156e+00  2.13012263e+00
  2.14402058e+00  2.16670552e+00  2.18089089e+00  2.22076094e+00
  2.24569341e+00  2.30807271e+00  2.47694756e+00  2.48425395e+00
  2.57051814e+00  2.61286674e+00  2.62272844e+00  2.63605974e+00
  2.69756004e+00  2.71202351e+00  2.95952411e+00  3.31154458e+00]
nelec by numeric integration = 68.00002401107244
    CPU time for vxc      5.95 sec, wall time      0.21 sec
E1 = -1768.1084291500563  Ecoul = 717.4024604792315  Exc = -70.81723442609037
cycle= 1 E= -748.087336983811  delta_E= 0.941  |g|= 0.378  |ddm|= 3.93
    CPU time for cycle= 1      6.46 sec, wall time      0.23 sec
  HOMO = -0.197012036776498  LUMO = 0.0124946074934596
  mo_energy =
[-1.01360710e+02 -1.41892773e+01 -1.01881993e+01 -1.01870079e+01
 -1.01528047e+01 -1.01331911e+01 -1.00953587e+01 -1.00947572e+01
 -9.31621256e+00 -7.07721762e+00 -7.06716899e+00 -7.06716103e+00
 -8.98609994e-01 -7.78227747e-01 -7.58293482e-01 -7.31263792e-01
 -6.20781583e-01 -6.00597160e-01 -5.99823579e-01 -5.09779067e-01
 -4.58291865e-01 -4.37607930e-01 -4.10768617e-01 -4.04090904e-01
 -4.01957843e-01 -3.75847982e-01 -3.64072633e-01 -3.40878666e-01
 -3.38962622e-01 -2.48846090e-01 -2.35727140e-01 -2.29141722e-01
 -2.28522551e-01 -1.97012037e-01  1.24946075e-02  1.46276410e-02
  8.09384678e-02  1.09924858e-01  1.32055200e-01  1.38758406e-01
  1.60534393e-01  1.66843135e-01  1.77397091e-01  1.84555698e-01
  1.84614940e-01  2.12189384e-01  2.77100013e-01  3.13333874e-01
  3.41265714e-01  3.47458494e-01  4.64705908e-01  4.66667672e-01
  4.78155397e-01  5.12827949e-01  5.13043056e-01  5.15423183e-01
  5.34917563e-01  5.62934001e-01  5.70446923e-01  5.93994675e-01
  6.00363313e-01  6.04803754e-01  6.18533814e-01  6.25231757e-01
  6.27462930e-01  6.32557726e-01  6.60224101e-01  6.75822942e-01
  7.12987788e-01  7.17463255e-01  7.59085490e-01  8.30489076e-01
  8.48478152e-01  8.69283074e-01  8.76598229e-01  8.85990316e-01
  9.12440809e-01  9.26379290e-01  9.34119300e-01  9.47137137e-01
  9.53640945e-01  9.73285134e-01  9.78156946e-01  9.97730703e-01
  1.01541260e+00  1.01950055e+00  1.06621876e+00  1.09033459e+00
  1.10112467e+00  1.14195025e+00  1.18039010e+00  1.23403876e+00
  1.24511176e+00  1.28920599e+00  1.41128377e+00  1.42079872e+00
  1.47324609e+00  1.50985116e+00  1.51156231e+00  1.51736104e+00
  1.55222468e+00  1.56196886e+00  1.73585861e+00  1.73599219e+00
  1.73742709e+00  1.80232106e+00  1.86819646e+00  1.88098686e+00
  1.97561360e+00  1.99616571e+00  2.09628117e+00  2.16548640e+00
  2.17024110e+00  2.21234833e+00  2.21389608e+00  2.24412746e+00
  2.25534332e+00  2.27141296e+00  2.28483307e+00  2.32803757e+00
  2.36672427e+00  2.41809431e+00  2.58213641e+00  2.59672859e+00
  2.69862412e+00  2.72577038e+00  2.74006930e+00  2.76345909e+00
  2.83107270e+00  2.83689450e+00  3.09166474e+00  3.44249605e+00]
nelec by numeric integration = 68.0000215838619
    CPU time for vxc      6.26 sec, wall time      0.23 sec
E1 = -1760.714960220586  Ecoul = 709.4272087638125  Exc = -70.23679432609127
cycle= 2 E= -748.08867966976  delta_E= -0.00134  |g|=  0.4  |ddm|= 0.97
    CPU time for cycle= 2      6.77 sec, wall time      0.25 sec
  HOMO = -0.262952011666189  LUMO = -0.0308009140712078
  mo_energy =
[-1.01471317e+02 -1.43566965e+01 -1.02133377e+01 -1.02128211e+01
 -1.02035345e+01 -1.01973084e+01 -1.01969801e+01 -1.01960399e+01
 -9.40595729e+00 -7.16883871e+00 -7.15905200e+00 -7.15904275e+00
 -9.61074361e-01 -8.13493638e-01 -8.10454981e-01 -7.68980457e-01
 -6.48645971e-01 -6.42250398e-01 -6.31593173e-01 -5.36295786e-01
 -4.87288586e-01 -4.80719940e-01 -4.38083108e-01 -4.21958946e-01
 -4.19218749e-01 -4.13321885e-01 -4.07431548e-01 -3.75353002e-01
 -3.73820788e-01 -2.97736804e-01 -2.68617338e-01 -2.65353752e-01
 -2.64923938e-01 -2.62952012e-01 -3.08009141e-02 -1.76540157e-02
  5.81589741e-02  9.24051341e-02  1.22595544e-01  1.28951736e-01
  1.39342548e-01  1.49706388e-01  1.57314851e-01  1.72967184e-01
  1.76903971e-01  2.03977485e-01  2.48257950e-01  2.88730247e-01
  3.13830401e-01  3.15668221e-01  4.35818512e-01  4.41401276e-01
  4.48704392e-01  4.84765296e-01  4.86733204e-01  4.86997602e-01
  5.07158092e-01  5.28560713e-01  5.49032674e-01  5.71403473e-01
  5.79367421e-01  5.79776479e-01  5.91694225e-01  5.93096239e-01
  5.94698706e-01  6.05377139e-01  6.18993698e-01  6.48630577e-01
  6.80711921e-01  6.88741961e-01  7.29339013e-01  8.15844258e-01
  8.27150630e-01  8.40003838e-01  8.46306450e-01  8.49787801e-01
  8.85591203e-01  8.88011818e-01  9.10604422e-01  9.14884595e-01
  9.27232263e-01  9.37689735e-01  9.37952935e-01  9.74034400e-01
  9.80619132e-01  9.82884614e-01  1.03028814e+00  1.06571770e+00
  1.07844823e+00  1.11610762e+00  1.16016597e+00  1.20232240e+00
  1.21074114e+00  1.24300959e+00  1.37012660e+00  1.38893014e+00
  1.45257390e+00  1.46128105e+00  1.47743336e+00  1.47767468e+00
  1.50902976e+00  1.51664277e+00  1.69372430e+00  1.71300289e+00
  1.71319447e+00  1.76455959e+00  1.82206969e+00  1.83490381e+00
  1.93360049e+00  1.96106639e+00  2.05435204e+00  2.12436245e+00
  2.12542631e+00  2.16540270e+00  2.17226504e+00  2.20987682e+00
  2.21738832e+00  2.25297791e+00  2.26567549e+00  2.28954972e+00
  2.31702219e+00  2.37184826e+00  2.54324343e+00  2.54994934e+00
  2.64983165e+00  2.68120675e+00  2.69413390e+00  2.71767894e+00
  2.77841704e+00  2.78913735e+00  3.04009800e+00  3.39513748e+00]
nelec by numeric integration = 68.00002137416865
    CPU time for vxc      6.09 sec, wall time      0.22 sec
E1 = -1764.1919154069442  Ecoul = 713.1281199313066  Exc = -70.4999026151425
cycle= 3 E= -748.127831977676  delta_E= -0.0392  |g|= 0.0815  |ddm|= 0.482
    CPU time for cycle= 3      6.62 sec, wall time      0.24 sec
  HOMO = -0.258088799649611  LUMO = -0.031776829982479
  mo_energy =
[-1.01494191e+02 -1.43265886e+01 -1.02297558e+01 -1.02294205e+01
 -1.02175058e+01 -1.02083720e+01 -1.02072234e+01 -1.02069504e+01
 -9.42499003e+00 -7.18815219e+00 -7.17852138e+00 -7.17851136e+00
 -9.55895468e-01 -8.20592609e-01 -8.14250779e-01 -7.73795385e-01
 -6.54483874e-01 -6.43343406e-01 -6.37093387e-01 -5.39855924e-01
 -4.90582323e-01 -4.84178858e-01 -4.42677191e-01 -4.24723081e-01
 -4.22595983e-01 -4.16326211e-01 -4.07691863e-01 -3.82743530e-01
 -3.77279768e-01 -2.98104385e-01 -2.73780407e-01 -2.73393340e-01
 -2.72817916e-01 -2.58088800e-01 -3.17768300e-02 -2.19215299e-02
  5.33353699e-02  9.01893179e-02  1.20788093e-01  1.26968811e-01
  1.37142571e-01  1.48470071e-01  1.55939552e-01  1.71883049e-01
  1.75433062e-01  2.02471329e-01  2.46941154e-01  2.85699512e-01
  3.12686541e-01  3.13346679e-01  4.28623338e-01  4.38648422e-01
  4.46273059e-01  4.80997797e-01  4.81295871e-01  4.81429966e-01
  5.03453976e-01  5.26807264e-01  5.45685804e-01  5.67751073e-01
  5.75720497e-01  5.75868969e-01  5.88144174e-01  5.90653015e-01
  5.91431934e-01  6.00886055e-01  6.19463005e-01  6.44918831e-01
  6.77698227e-01  6.84928802e-01  7.27919802e-01  8.11747581e-01
  8.23029157e-01  8.36570967e-01  8.46514624e-01  8.50618626e-01
  8.79205294e-01  8.82565832e-01  9.06174153e-01  9.11139470e-01
  9.20576314e-01  9.30546081e-01  9.32249067e-01  9.68443186e-01
  9.74859045e-01  9.77503458e-01  1.03158934e+00  1.06255637e+00
  1.07537467e+00  1.11489900e+00  1.15740377e+00  1.20092695e+00
  1.20796521e+00  1.23950349e+00  1.36634383e+00  1.38976446e+00
  1.45174109e+00  1.45751058e+00  1.47135247e+00  1.47906994e+00
  1.51060684e+00  1.51337436e+00  1.69390848e+00  1.70795199e+00
  1.70822775e+00  1.76465093e+00  1.81744900e+00  1.83331781e+00
  1.93115108e+00  1.95661470e+00  2.04890548e+00  2.12046424e+00
  2.12075973e+00  2.16191259e+00  2.16897723e+00  2.20829581e+00
  2.21216843e+00  2.24908337e+00  2.26189854e+00  2.28413559e+00
  2.31419346e+00  2.37180260e+00  2.53868388e+00  2.54839935e+00
  2.64642232e+00  2.67866815e+00  2.69206197e+00  2.71342651e+00
  2.77543234e+00  2.78608647e+00  3.03947914e+00  3.39172865e+00]
nelec by numeric integration = 68.00002204880698
    CPU time for vxc      5.94 sec, wall time      0.21 sec
E1 = -1764.423795151377  Ecoul = 713.37590453945  Exc = -70.51696116915184
cycle= 4 E= -748.128985667974  delta_E= -0.00115  |g|= 0.0364  |ddm|= 0.0946
    CPU time for cycle= 4      6.49 sec, wall time      0.23 sec
  HOMO = -0.261422576532997  LUMO = -0.0307302845971466
  mo_energy =
[-1.01489728e+02 -1.43361851e+01 -1.02284192e+01 -1.02283999e+01
 -1.02106834e+01 -1.02093858e+01 -1.02005075e+01 -1.02004965e+01
 -9.42178053e+00 -7.18476313e+00 -7.17522249e+00 -7.17521234e+00
 -9.57071651e-01 -8.19903786e-01 -8.10907575e-01 -7.71840545e-01
 -6.55351029e-01 -6.42622147e-01 -6.34985750e-01 -5.38239851e-01
 -4.89097082e-01 -4.82775048e-01 -4.40784305e-01 -4.25899295e-01
 -4.23686423e-01 -4.14686862e-01 -4.07440619e-01 -3.82328571e-01
 -3.75789261e-01 -2.96571169e-01 -2.72942545e-01 -2.72640689e-01
 -2.71306004e-01 -2.61422577e-01 -3.07302846e-02 -2.00750050e-02
  5.32529992e-02  9.12972705e-02  1.20495062e-01  1.26930336e-01
  1.38341705e-01  1.48684018e-01  1.56566558e-01  1.70710552e-01
  1.76225154e-01  2.02034610e-01  2.47990683e-01  2.87771200e-01
  3.13399635e-01  3.14278918e-01  4.28966140e-01  4.39698877e-01
  4.46912125e-01  4.81216016e-01  4.81490000e-01  4.81857480e-01
  5.05354951e-01  5.27889917e-01  5.45385709e-01  5.67550942e-01
  5.77332057e-01  5.77687435e-01  5.90706910e-01  5.92367421e-01
  5.92525870e-01  6.03170035e-01  6.18838551e-01  6.46477113e-01
  6.80162103e-01  6.84999162e-01  7.26841633e-01  8.12287595e-01
  8.25908634e-01  8.37634969e-01  8.48162640e-01  8.48497860e-01
  8.79430971e-01  8.82394019e-01  9.06303001e-01  9.13183978e-01
  9.21306462e-01  9.30759531e-01  9.33589543e-01  9.69682149e-01
  9.74657864e-01  9.77529738e-01  1.03058803e+00  1.06271136e+00
  1.07626893e+00  1.11562886e+00  1.15942349e+00  1.20159097e+00
  1.20727729e+00  1.24138805e+00  1.36857429e+00  1.38988065e+00
  1.45198989e+00  1.46047976e+00  1.47446371e+00  1.47677911e+00
  1.51008328e+00  1.51399439e+00  1.69414831e+00  1.70687723e+00
  1.70722148e+00  1.76452883e+00  1.82023174e+00  1.83480971e+00
  1.93366061e+00  1.95869849e+00  2.05181234e+00  2.12242657e+00
  2.12331791e+00  2.16490728e+00  2.16997867e+00  2.20903990e+00
  2.21143103e+00  2.24786396e+00  2.26071926e+00  2.28627108e+00
  2.31629084e+00  2.37154194e+00  2.54092565e+00  2.54982128e+00
  2.64821969e+00  2.68024015e+00  2.69241963e+00  2.71506323e+00
  2.77768327e+00  2.78727245e+00  3.03916901e+00  3.39296707e+00]
nelec by numeric integration = 68.0000217390006
    CPU time for vxc      5.94 sec, wall time      0.21 sec
E1 = -1764.3714994689112  Ecoul = 713.3199415609943  Exc = -70.51358506322258
cycle= 5 E= -748.129276858035  delta_E= -0.000291  |g|= 0.0106  |ddm|= 0.044
    CPU time for cycle= 5      6.45 sec, wall time      0.23 sec
  HOMO = -0.2599957683766  LUMO = -0.0302951460593934
  mo_energy =
[-1.01487013e+02 -1.43336920e+01 -1.02250661e+01 -1.02250076e+01
 -1.02122675e+01 -1.02069583e+01 -1.02017011e+01 -1.02016418e+01
 -9.41969416e+00 -7.18260200e+00 -7.17307944e+00 -7.17306921e+00
 -9.55378973e-01 -8.18966194e-01 -8.11220241e-01 -7.71014331e-01
 -6.54281007e-01 -6.41963080e-01 -6.34638818e-01 -5.37968884e-01
 -4.88483561e-01 -4.82650088e-01 -4.40375282e-01 -4.24979718e-01
 -4.22813038e-01 -4.14660562e-01 -4.06498676e-01 -3.81414978e-01
 -3.75544202e-01 -2.96496674e-01 -2.72132658e-01 -2.71858193e-01
 -2.70700157e-01 -2.59995768e-01 -3.02951461e-02 -1.95196552e-02
  5.42077148e-02  9.13378109e-02  1.20929793e-01  1.27426228e-01
  1.38839232e-01  1.48886482e-01  1.56694925e-01  1.71367756e-01
  1.76213607e-01  2.02616199e-01  2.48400520e-01  2.87690834e-01
  3.13990544e-01  3.14695367e-01  4.29647665e-01  4.40192016e-01
  4.47361059e-01  4.81800571e-01  4.82077075e-01  4.82449905e-01
  5.05785334e-01  5.28206220e-01  5.45999050e-01  5.68299787e-01
  5.77722153e-01  5.78153346e-01  5.90776010e-01  5.92502397e-01
  5.92659055e-01  6.03198924e-01  6.19952847e-01  6.46928647e-01
  6.79851203e-01  6.86100775e-01  7.28077930e-01  8.13214278e-01
  8.25288663e-01  8.38120964e-01  8.48395637e-01  8.49379380e-01
  8.80318862e-01  8.83388891e-01  9.06894009e-01  9.13129133e-01
  9.22031226e-01  9.31706423e-01  9.33921590e-01  9.70248212e-01
  9.75657298e-01  9.78317519e-01  1.03159250e+00  1.06336231e+00
  1.07670784e+00  1.11610510e+00  1.15926783e+00  1.20201126e+00
  1.20811671e+00  1.24190902e+00  1.36896149e+00  1.39024485e+00
  1.45255368e+00  1.46032598e+00  1.47455558e+00  1.47780718e+00
  1.51113578e+00  1.51532037e+00  1.69487880e+00  1.70806506e+00
  1.70840143e+00  1.76562170e+00  1.82040205e+00  1.83505594e+00
  1.93346662e+00  1.95921902e+00  2.05211158e+00  2.12303892e+00
  2.12363230e+00  2.16465981e+00  2.17109478e+00  2.20997009e+00
  2.21261998e+00  2.24894565e+00  2.26181236e+00  2.28693827e+00
  2.31631750e+00  2.37276764e+00  2.54144319e+00  2.55024784e+00
  2.64875684e+00  2.68072126e+00  2.69339233e+00  2.71580644e+00
  2.77778682e+00  2.78802385e+00  3.04037137e+00  3.39367987e+00]
nelec by numeric integration = 68.00002176951041
    CPU time for vxc      5.97 sec, wall time      0.22 sec
E1 = -1764.3066752494751  Ecoul = 713.2510417291446  Exc = -70.50953678250599
cycle= 6 E= -748.129304189732  delta_E= -2.73e-05  |g|= 0.00448  |ddm|= 0.0154
    CPU time for cycle= 6      6.49 sec, wall time      0.24 sec
  HOMO = -0.26027492347051  LUMO = -0.0303423881772208
  mo_energy =
[-1.01487033e+02 -1.43342064e+01 -1.02261870e+01 -1.02261113e+01
 -1.02114870e+01 -1.02070671e+01 -1.02014281e+01 -1.02013725e+01
 -9.41975569e+00 -7.18265591e+00 -7.17313714e+00 -7.17312689e+00
 -9.55958502e-01 -8.19121939e-01 -8.11112389e-01 -7.71283217e-01
 -6.54333751e-01 -6.42105518e-01 -6.34688524e-01 -5.38017082e-01
 -4.88650398e-01 -4.82640484e-01 -4.40539747e-01 -4.25102218e-01
 -4.22917192e-01 -4.14600812e-01 -4.06780705e-01 -3.81507809e-01
 -3.75589086e-01 -2.96474094e-01 -2.72236439e-01 -2.71976371e-01
 -2.70902244e-01 -2.60274923e-01 -3.03423882e-02 -1.96918199e-02
  5.41003107e-02  9.13893291e-02  1.20890513e-01  1.27343658e-01
  1.38747981e-01  1.48885039e-01  1.56730917e-01  1.71265881e-01
  1.76267759e-01  2.02519353e-01  2.48290873e-01  2.87750228e-01
  3.13855895e-01  3.14617732e-01  4.29621755e-01  4.40065214e-01
  4.47278331e-01  4.81702905e-01  4.81980462e-01  4.82273779e-01
  5.05655807e-01  5.28157479e-01  5.45925522e-01  5.68188336e-01
  5.77622628e-01  5.78002424e-01  5.90798288e-01  5.92516996e-01
  5.92620494e-01  6.03216487e-01  6.19659544e-01  6.46793104e-01
  6.79984493e-01  6.85858175e-01  7.27831688e-01  8.12979523e-01
  8.25547213e-01  8.38006484e-01  8.48436877e-01  8.49157669e-01
  8.80210671e-01  8.83250722e-01  9.06893022e-01  9.13206904e-01
  9.21945926e-01  9.31588716e-01  9.33913609e-01  9.70172911e-01
  9.75542031e-01  9.78240996e-01  1.03137584e+00  1.06327641e+00
  1.07662566e+00  1.11598885e+00  1.15933388e+00  1.20192915e+00
  1.20799399e+00  1.24176067e+00  1.36881907e+00  1.39019572e+00
  1.45243030e+00  1.46037124e+00  1.47453674e+00  1.47767222e+00
  1.51084042e+00  1.51489303e+00  1.69468627e+00  1.70794436e+00
  1.70827725e+00  1.76531403e+00  1.82035181e+00  1.83501791e+00
  1.93353580e+00  1.95902369e+00  2.05200681e+00  2.12281433e+00
  2.12354231e+00  2.16475111e+00  2.17075049e+00  2.20972283e+00
  2.21248992e+00  2.24883540e+00  2.26169011e+00  2.28672319e+00
  2.31638530e+00  2.37240827e+00  2.54126272e+00  2.55014057e+00
  2.64860521e+00  2.68059483e+00  2.69316806e+00  2.71561138e+00
  2.77780893e+00  2.78783454e+00  3.04008389e+00  3.39353441e+00]
nelec by numeric integration = 68.00002176147794
    CPU time for vxc      6.87 sec, wall time      0.25 sec
E1 = -1764.3207582087693  Ecoul = 713.2656133697582  Exc = -70.5100309990315
cycle= 7 E= -748.129309724938  delta_E= -5.54e-06  |g|= 0.0005  |ddm|= 0.00452
    CPU time for cycle= 7      7.90 sec, wall time      0.29 sec
  HOMO = -0.260250590517648  LUMO = -0.0303352233378827
  mo_energy =
[-1.01487274e+02 -1.43341848e+01 -1.02261167e+01 -1.02260603e+01
 -1.02116256e+01 -1.02072664e+01 -1.02013160e+01 -1.02012745e+01
 -9.41994200e+00 -7.18285021e+00 -7.17332763e+00 -7.17331739e+00
 -9.55930410e-01 -8.19206296e-01 -8.11113260e-01 -7.71239342e-01
 -6.54397232e-01 -6.42084167e-01 -6.34669959e-01 -5.38005620e-01
 -4.88626063e-01 -4.82615700e-01 -4.40506337e-01 -4.25145438e-01
 -4.22963963e-01 -4.14615555e-01 -4.06760920e-01 -3.81584638e-01
 -3.75574719e-01 -2.96474489e-01 -2.72309976e-01 -2.72034717e-01
 -2.70876422e-01 -2.60250591e-01 -3.03352233e-02 -1.96589402e-02
  5.40367075e-02  9.13799123e-02  1.20885312e-01  1.27351129e-01
  1.38769608e-01  1.48886503e-01  1.56731384e-01  1.71244302e-01
  1.76272876e-01  2.02516530e-01  2.48299994e-01  2.87757581e-01
  3.13879430e-01  3.14635573e-01  4.29555274e-01  4.40079855e-01
  4.47289152e-01  4.81651140e-01  4.81927814e-01  4.82240305e-01
  5.05673969e-01  5.28166501e-01  5.45887521e-01  5.68164257e-01
  5.77643760e-01  5.78035727e-01  5.90807629e-01  5.92514040e-01
  5.92611801e-01  6.03224296e-01  6.19667030e-01  6.46822714e-01
  6.79988878e-01  6.85878801e-01  7.27833502e-01  8.13006519e-01
  8.25528809e-01  8.38030725e-01  8.48464572e-01  8.49158907e-01
  8.80147329e-01  8.83187358e-01  9.06857690e-01  9.13205425e-01
  9.21900141e-01  9.31515936e-01  9.33890127e-01  9.70154975e-01
  9.75477474e-01  9.78192386e-01  1.03139670e+00  1.06324671e+00
  1.07663060e+00  1.11599298e+00  1.15934185e+00  1.20194016e+00
  1.20795841e+00  1.24178394e+00  1.36884233e+00  1.39020231e+00
  1.45244639e+00  1.46038755e+00  1.47455231e+00  1.47767021e+00
  1.51086288e+00  1.51492976e+00  1.69470933e+00  1.70786528e+00
  1.70820136e+00  1.76533782e+00  1.82036885e+00  1.83503161e+00
  1.93354031e+00  1.95906055e+00  2.05202320e+00  2.12284989e+00
  2.12356736e+00  2.16475582e+00  2.17078349e+00  2.20974214e+00
  2.21241485e+00  2.24877111e+00  2.26162902e+00  2.28676297e+00
  2.31638642e+00  2.37243647e+00  2.54129609e+00  2.55015206e+00
  2.64863423e+00  2.68061261e+00  2.69319602e+00  2.71564696e+00
  2.77781668e+00  2.78786125e+00  3.04011331e+00  3.39356148e+00]
nelec by numeric integration = 68.000021763974
    CPU time for vxc      6.17 sec, wall time      0.23 sec
E1 = -1764.322365006894  Ecoul = 713.2673665173044  Exc = -70.51017741006999
cycle= 8 E= -748.129309786555  delta_E= -6.16e-08  |g|= 0.000181  |ddm|= 0.000638
    CPU time for cycle= 8      6.92 sec, wall time      0.26 sec
  HOMO = -0.260249912915459  LUMO = -0.0303275562025633
  mo_energy =
[-1.01487280e+02 -1.43341825e+01 -1.02261074e+01 -1.02260396e+01
 -1.02115697e+01 -1.02072430e+01 -1.02013505e+01 -1.02012985e+01
 -9.41994168e+00 -7.18285188e+00 -7.17332743e+00 -7.17331719e+00
 -9.55926155e-01 -8.19197291e-01 -8.11106102e-01 -7.71240582e-01
 -6.54390544e-01 -6.42083631e-01 -6.34665279e-01 -5.38000070e-01
 -4.88623339e-01 -4.82620690e-01 -4.40509098e-01 -4.25137098e-01
 -4.22955584e-01 -4.14604114e-01 -4.06757136e-01 -3.81579900e-01
 -3.75573137e-01 -2.96466947e-01 -2.72306025e-01 -2.72031404e-01
 -2.70877802e-01 -2.60249913e-01 -3.03275562e-02 -1.96607474e-02
  5.40424851e-02  9.13828483e-02  1.20888828e-01  1.27352081e-01
  1.38771643e-01  1.48886322e-01  1.56735022e-01  1.71249510e-01
  1.76272859e-01  2.02520059e-01  2.48303284e-01  2.87761627e-01
  3.13879408e-01  3.14636693e-01  4.29551502e-01  4.40081066e-01
  4.47291302e-01  4.81654047e-01  4.81930737e-01  4.82245144e-01
  5.05677231e-01  5.28169427e-01  5.45893719e-01  5.68169245e-01
  5.77643022e-01  5.78033484e-01  5.90810478e-01  5.92518965e-01
  5.92621832e-01  6.03227884e-01  6.19671843e-01  6.46821114e-01
  6.79991297e-01  6.85881168e-01  7.27838914e-01  8.13007890e-01
  8.25540214e-01  8.38029817e-01  8.48457755e-01  8.49162695e-01
  8.80153254e-01  8.83192858e-01  9.06862444e-01  9.13208574e-01
  9.21905662e-01  9.31521570e-01  9.33894020e-01  9.70159049e-01
  9.75480735e-01  9.78196425e-01  1.03139763e+00  1.06325135e+00
  1.07663133e+00  1.11599706e+00  1.15934292e+00  1.20194020e+00
  1.20796148e+00  1.24178657e+00  1.36884533e+00  1.39020578e+00
  1.45244756e+00  1.46038794e+00  1.47455800e+00  1.47767413e+00
  1.51086669e+00  1.51493276e+00  1.69471029e+00  1.70787793e+00
  1.70821367e+00  1.76534131e+00  1.82037282e+00  1.83503622e+00
  1.93354451e+00  1.95905853e+00  2.05202962e+00  2.12284953e+00
  2.12356884e+00  2.16476090e+00  2.17078643e+00  2.20974762e+00
  2.21242679e+00  2.24878229e+00  2.26164009e+00  2.28676144e+00
  2.31639359e+00  2.37243975e+00  2.54129636e+00  2.55015771e+00
  2.64863488e+00  2.68061716e+00  2.69319787e+00  2.71564666e+00
  2.77782327e+00  2.78786435e+00  3.04011661e+00  3.39356404e+00]
nelec by numeric integration = 68.00002176363165
    CPU time for vxc      6.16 sec, wall time      0.23 sec
E1 = -1764.32199821034  Ecoul = 713.2669798957999  Exc = -70.51015759240491
cycle= 9 E= -748.129309793841  delta_E= -7.29e-09  |g|= 4.71e-05  |ddm|= 0.000163
    CPU time for cycle= 9      6.68 sec, wall time      0.25 sec
  HOMO = -0.260255445531801  LUMO = -0.0303326150399979
  mo_energy =
[-1.01487251e+02 -1.43341904e+01 -1.02261102e+01 -1.02260500e+01
 -1.02115860e+01 -1.02072309e+01 -1.02013492e+01 -1.02013048e+01
 -9.41991714e+00 -7.18282703e+00 -7.17330239e+00 -7.17329215e+00
 -9.55931511e-01 -8.19187666e-01 -8.11111473e-01 -7.71244250e-01
 -6.54385792e-01 -6.42087997e-01 -6.34669257e-01 -5.38003899e-01
 -4.88628355e-01 -4.82622878e-01 -4.40511690e-01 -4.25135733e-01
 -4.22953875e-01 -4.14608126e-01 -4.06761019e-01 -3.81572279e-01
 -3.75577028e-01 -2.96471996e-01 -2.72295552e-01 -2.72022728e-01
 -2.70879440e-01 -2.60255446e-01 -3.03326150e-02 -1.96642594e-02
  5.40483255e-02  9.13819430e-02  1.20887643e-01  1.27350994e-01
  1.38767518e-01  1.48885231e-01  1.56732889e-01  1.71249526e-01
  1.76271870e-01  2.02518673e-01  2.48300006e-01  2.87758202e-01
  3.13876203e-01  3.14633091e-01  4.29561114e-01  4.40079089e-01
  4.47288769e-01  4.81661400e-01  4.81938193e-01  4.82249125e-01
  5.05673786e-01  5.28165876e-01  5.45895771e-01  5.68170373e-01
  5.77640208e-01  5.78030920e-01  5.90806909e-01  5.92516179e-01
  5.92618112e-01  6.03224398e-01  6.19668425e-01  6.46818369e-01
  6.79987761e-01  6.85878386e-01  7.27836443e-01  8.13005275e-01
  8.25535720e-01  8.38027381e-01  8.48455832e-01  8.49159942e-01
  8.80160560e-01  8.83200518e-01  9.06863887e-01  9.13206249e-01
  9.21910957e-01  9.31531002e-01  9.33895393e-01  9.70160357e-01
  9.75488149e-01  9.78200871e-01  1.03139416e+00  1.06325290e+00
  1.07663023e+00  1.11599435e+00  1.15934023e+00  1.20193806e+00
  1.20796457e+00  1.24178164e+00  1.36884093e+00  1.39020216e+00
  1.45244456e+00  1.46038317e+00  1.47455310e+00  1.47767110e+00
  1.51086138e+00  1.51492868e+00  1.69470588e+00  1.70788197e+00
  1.70821747e+00  1.76533742e+00  1.82036809e+00  1.83503139e+00
  1.93354010e+00  1.95905527e+00  2.05202472e+00  2.12284563e+00
  2.12356440e+00  2.16475548e+00  2.17078238e+00  2.20974263e+00
  2.21243104e+00  2.24878465e+00  2.26164215e+00  2.28675780e+00
  2.31638765e+00  2.37243493e+00  2.54129254e+00  2.55015247e+00
  2.64863017e+00  2.68061237e+00  2.69319288e+00  2.71564223e+00
  2.77781756e+00  2.78785937e+00  3.04011136e+00  3.39355906e+00]
nelec by numeric integration = 68.00002176328513
    CPU time for vxc      6.44 sec, wall time      0.24 sec
E1 = -1764.321865676477  Ecoul = 713.2668359954985  Exc = -70.51014622657539
cycle= 10 E= -748.12930979445  delta_E= -6.09e-10  |g|= 1.59e-05  |ddm|= 7.94e-05
    CPU time for cycle= 10      6.94 sec, wall time      0.26 sec
  HOMO = -0.260255510961367  LUMO = -0.030331213407523
  mo_energy =
[-1.01487264e+02 -1.43341926e+01 -1.02261099e+01 -1.02260397e+01
 -1.02115798e+01 -1.02072331e+01 -1.02013549e+01 -1.02013002e+01
 -9.41992809e+00 -7.18283817e+00 -7.17331356e+00 -7.17330332e+00
 -9.55930128e-01 -8.19192168e-01 -8.11110108e-01 -7.71242741e-01
 -6.54387335e-01 -6.42086733e-01 -6.34667738e-01 -5.38002427e-01
 -4.88626794e-01 -4.82622145e-01 -4.40510568e-01 -4.25136413e-01
 -4.22954559e-01 -4.14607083e-01 -4.06759848e-01 -3.81575131e-01
 -3.75575597e-01 -2.96470783e-01 -2.72299759e-01 -2.72026225e-01
 -2.70878715e-01 -2.60255511e-01 -3.03312134e-02 -1.96629300e-02
  5.40461710e-02  9.13821314e-02  1.20888186e-01  1.27351363e-01
  1.38768739e-01  1.48885367e-01  1.56733634e-01  1.71249200e-01
  1.76271537e-01  2.02519694e-01  2.48300979e-01  2.87759259e-01
  3.13876707e-01  3.14634499e-01  4.29558485e-01  4.40079356e-01
  4.47289713e-01  4.81658411e-01  4.81935186e-01  4.82246742e-01
  5.05675254e-01  5.28166751e-01  5.45894782e-01  5.68169789e-01
  5.77641322e-01  5.78031950e-01  5.90807978e-01  5.92516586e-01
  5.92619727e-01  6.03225724e-01  6.19669227e-01  6.46819444e-01
  6.79988676e-01  6.85879712e-01  7.27837285e-01  8.13006988e-01
  8.25537147e-01  8.38028234e-01  8.48456153e-01  8.49159892e-01
  8.80157512e-01  8.83197138e-01  9.06863316e-01  9.13206657e-01
  9.21908892e-01  9.31527079e-01  9.33894794e-01  9.70159848e-01
  9.75485002e-01  9.78199179e-01  1.03139488e+00  1.06325210e+00
  1.07663060e+00  1.11599530e+00  1.15934107e+00  1.20193840e+00
  1.20796263e+00  1.24178321e+00  1.36884250e+00  1.39020268e+00
  1.45244563e+00  1.46038433e+00  1.47455497e+00  1.47767125e+00
  1.51086246e+00  1.51493078e+00  1.69470678e+00  1.70788058e+00
  1.70821614e+00  1.76533870e+00  1.82036965e+00  1.83503253e+00
  1.93354125e+00  1.95905658e+00  2.05202670e+00  2.12284707e+00
  2.12356589e+00  2.16475684e+00  2.17078409e+00  2.20974441e+00
  2.21242918e+00  2.24878392e+00  2.26164160e+00  2.28675933e+00
  2.31638917e+00  2.37243639e+00  2.54129402e+00  2.55015386e+00
  2.64863151e+00  2.68061388e+00  2.69319434e+00  2.71564376e+00
  2.77781906e+00  2.78786095e+00  3.04011281e+00  3.39356060e+00]
nelec by numeric integration = 68.00002176343516
    CPU time for vxc      6.19 sec, wall time      0.23 sec
E1 = -1764.3219521528831  Ecoul = 713.2669295872562  Exc = -70.51015334185038
Extra cycle  E= -748.129309794373  delta_E= 7.69e-11  |g|= 2.28e-05  |ddm|= 3.93e-05
    CPU time for scf_cycle     90.67 sec, wall time      3.36 sec
    CPU time for SCF     90.68 sec, wall time      3.36 sec
converged SCF energy = -748.129309794373
Converting <class 'pyscf.dft.rks.RKS'> to RHF


******** <class 'pyscf.tdscf.rks.TDA'> for <class 'pyscf.dft.rks.RKS'> ********
nstates = 5 singlet
wfnsym = None
conv_tol = 1e-09
eigh lindep = 1e-12
eigh level_shift = 0
eigh max_space = 8
eigh max_cycle = 2000
chkfile = /scratch/global/yangjunjie/tmpcvyqil_i
max_memory 127949 MB (current use 607 MB)


davidson 0 5  |r|= 0.191  e= [0.18597788 0.19040391 0.22289856 0.22393698 0.27626213]  max|de|= 0.276  lindep=    1
Old state -> New state
    4     ->     2 
    2     ->     3 
    3     ->     4 
davidson 1 10  |r|= 0.0546  e= [0.18319661 0.18945123 0.21753352 0.22276005 0.2228554 ]  max|de|= -0.0587  lindep= 0.726
Old state -> New state
    4     ->     3 
    3     ->     4 
davidson 2 15  |r|= 0.0192  e= [0.18307254 0.18942009 0.21161214 0.22273889 0.22275931]  max|de|= -0.00592  lindep= 0.77
davidson 3 20  |r|= 0.00651  e= [0.18306931 0.18941929 0.21115273 0.22271119 0.22275921]  max|de|= -0.000459  lindep= 0.774
davidson 4 5  |r|= 0.00651  e= [0.18306931 0.18941929 0.21115273 0.22271119 0.22275921]  max|de|= 1.67e-16  lindep=    1
davidson 5 10  |r|= 0.00178  e= [0.18306919 0.18941927 0.21111094 0.2227094  0.22275918]  max|de|= -4.18e-05  lindep= 0.656
root 1 converged  |r|= 4.22e-06  e= 0.1894192738428501  max|de|= -7.47e-10
davidson 6 15  |r|= 0.001  e= [0.18306919 0.18941927 0.21110117 0.22270896 0.22275917]  max|de|= -9.77e-06  lindep= 0.687
root 0 converged  |r|= 3.1e-06  e= 0.18306918633428926  max|de|= -2.48e-10
davidson 7 19  |r|= 0.000568  e= [0.18306919 0.18941927 0.21109866 0.22270876 0.22275916]  max|de|= -2.51e-06  lindep= 0.818
root 4 converged  |r|= 1.8e-05  e= 0.22275916277217442  max|de|= 4.72e-16
davidson 8 5  |r|= 0.000568  e= [0.18306919 0.18941927 0.21109866 0.22270876 0.22275916]  max|de|= 4.72e-16  lindep= 0.97
davidson 9 7  |r|= 0.000211  e= [0.18306919 0.18941927 0.21109835 0.22270872 0.22275916]  max|de|= -3.06e-07  lindep= 0.963
davidson 10 9  |r|= 0.000139  e= [0.18306919 0.18941927 0.2110982  0.22270869 0.22275916]  max|de|= -1.58e-07  lindep= 0.687
davidson 11 11  |r|= 5.73e-05  e= [0.18306919 0.18941927 0.21109816 0.22270868 0.22275916]  max|de|= -3.2e-08  lindep= 0.751
davidson 12 13  |r|= 3.77e-05  e= [0.18306919 0.18941927 0.21109816 0.22270868 0.22275916]  max|de|= -7.26e-09  lindep= 0.74
davidson 13 15  |r|= 1.8e-05  e= [0.18306919 0.18941927 0.21109816 0.22270867 0.22275916]  max|de|= -2.04e-09  lindep= 0.79
root 2 converged  |r|= 3.21e-06  e= 0.21109815528758485  max|de|= -1.27e-10
root 3 converged  |r|= 4.07e-06  e= 0.22270867394973676  max|de|= -2.5e-10
converged 14 17  |r|= 1.8e-05  e= [0.18306919 0.18941927 0.21109816 0.22270867 0.22275916]  max|de|= -2.5e-10
    CPU time for TDA    178.76 sec, wall time      6.65 sec
Excited State energies (eV)
[4.9815663  5.15436098 5.74427339 6.0602117  6.06158557]
