 
:: initializing oneAPI environment ...
   slurm_script: BASH_VERSION = 4.2.46(1)-release
   args: Using "$@" for setvars.sh arguments: --force
:: advisor -- latest
:: ccl -- latest
:: clck -- latest
:: compiler -- latest
:: dal -- latest
:: debugger -- latest
:: dev-utilities -- latest
:: dnnl -- latest
:: dpcpp-ct -- latest
:: dpl -- latest
:: inspector -- latest
:: intelpython -- latest
:: ipp -- latest
:: ippcp -- latest
:: ipp -- latest
:: itac -- latest
:: mkl -- latest
:: mpi -- latest
:: tbb -- latest
:: vpl -- latest
:: vtune -- latest
:: oneAPI environment initialized ::
 
SLURM_CPUS_PER_TASK = 28
SLURM_MEM_PER_NODE = 127949
#INFO: **** input file is /home/yangjunjie/work/py-ch3-cl/work/step_1/main.py ****
import sys
import pyscf
from pyscf import tdscf

def main(xyz_file, basis="631g*", xc="b3lyp", output="ene.out"):
    xyz = None

    with open(xyz_file, "r") as xyz:
        xyz = xyz.readlines()[2:]
        xyz = "".join(xyz)

    mol = pyscf.gto.Mole()
    mol.atom = xyz
    mol.basis = basis
    mol.verbose = 5
    mol.build()

    if xc is not None and xc != "hf":
        mf = pyscf.scf.RKS(mol)
        mf.xc = xc
        mf.grids.level = 9
        mf.kernel()
    else:
        mf = pyscf.scf.RHF(mol)
        mf.kernel()

    ene_mf = mf.e_tot

    with open(output, "w") as f:
        tda = pyscf.tdscf.TDA(mf)
        tda.nstates = 5
        tda.max_space = 8
        tda.max_cycle = 2000
        tda.kernel()

        con_tda = tda.converged
        ene_tda = tda.e[:5]
        dip_tda = tda.transition_dipole()[:5]

        f.write(f"RKS energy: {ene_mf: 12.8f}\n")
        f.write("TDA results:\n")
        for i, (con, ene, dip) in enumerate(zip(con_tda, ene_tda, dip_tda)):
            f.write(f" {i:2d} {con} {ene: 12.8f} {dip[0]: 12.8f} {dip[1]: 12.8f} {dip[2]: 12.8f}\n")

        # rpa = pyscf.tdscf.RPA(mf)
        # rpa.nstates = 5
        # rpa.max_space = 8
        # rpa.max_cycle = 2000
        # rpa.kernel()

        # con_rpa = rpa.converged
        # ene_rpa = rpa.e[:5]
        # dip_rpa = rpa.transition_dipole()[:5]
        
        # f.write("\nRPA results:\n")
        # for i, (con, ene, dip) in enumerate(zip(con_rpa, ene_rpa, dip_rpa)):
        #     f.write(f" {i:2d} {con} {ene: 12.8f} {dip[0]: 12.8f} {dip[1]: 12.8f} {dip[2]: 12.8f}\n")

if __name__ == "__main__":
    xyz = sys.argv[1]
    main(xyz, basis="6311g**", xc="b3lyp", output="out.log")
#INFO: ******************** input file end ********************


System: uname_result(system='Linux', node='pauling037', release='3.10.0-327.36.3.el7.x86_64', version='#1 SMP Thu Oct 20 04:56:07 EDT 2016', machine='x86_64')  Threads 28
Python 3.9.7 (default, Oct 27 2021, 01:23:21) 
[GCC 9.3.0]
numpy 1.21.2  scipy 1.6.2
Date: Wed Sep 28 09:49:06 2022
PySCF version 2.0.1
PySCF path  /home/yangjunjie/packages/pyscf/pyscf-main
GIT ORIG_HEAD 14b880cdc4bf7bb64f3989a147c0b04622efc498
GIT HEAD (branch master) 9d5b5bd309d1cc55fbd1a0ec76e26b5b0c7f76af

[ENV] PYSCF_MAX_MEMORY 127949
[ENV] PYSCF_TMPDIR /scratch/global/yangjunjie/
[CONFIG] conf_file /home/yangjunjie/.pyscf_conf.py
[INPUT] verbose = 5
[INPUT] max_memory = 127949 
[INPUT] num. atoms = 16
[INPUT] num. electrons = 68
[INPUT] charge = 0
[INPUT] spin (= nelec alpha-beta = 2S) = 0
[INPUT] symmetry False subgroup None
[INPUT] Mole.unit = angstrom
[INPUT]  1 C      0.000000000000   1.166953860000   1.020905750000 AA    0.000000000000   2.205223195404   1.929232266494 Bohr
[INPUT]  2 C      0.000000000000   1.193302370000   2.410109270000 AA    0.000000000000   2.255014663094   4.554446450575 Bohr
[INPUT]  3 C      0.000000020000  -0.012072330000   3.105958770000 AA    0.000000037795  -0.022813397385   5.869411429491 Bohr
[INPUT]  4 C      0.000000000000  -1.205677280000   2.387674630000 AA    0.000000000000  -2.278399853811   4.512051125272 Bohr
[INPUT]  5 C     -0.000000010000  -1.153703410000   1.000652740000 AA   -0.000000018897  -2.180183473877   1.890959624396 Bohr
[INPUT]  6 N      0.000000000000   0.013278750000   0.338438490000 AA    0.000000000000   0.025093200777   0.639556056111 Bohr
[INPUT]  7 C      0.000000020000   0.005302980000  -1.424526050000 AA    0.000000037795   0.010021179844  -2.691964091808 Bohr
[INPUT]  8 H      0.000000030000   2.073635530000   0.429034550000 AA    0.000000056692   3.918603233867   0.810757797476 Bohr
[INPUT]  9 H     -0.000000010000   2.142978470000   2.930643120000 AA   -0.000000018897   4.049642399139   5.538112865641 Bohr
[INPUT] 10 H     -0.000000020000  -0.022122260000   4.189861280000 AA   -0.000000037795  -0.041805012656   7.917690319120 Bohr
[INPUT] 11 H     -0.000000030000  -2.164553160000   2.890960780000 AA   -0.000000056692  -4.090412654462   5.463124111059 Bohr
[INPUT] 12 H      0.000000010000  -2.048026470000   0.389640590000 AA    0.000000018897  -3.870209124160   0.736314002114 Bohr
[INPUT] 13 H     -0.000000050000   1.064107380000  -1.643762590000 AA   -0.000000094486   2.010871515328  -3.106261108906 Bohr
[INPUT] 14 H     -0.919319880000  -0.524125610000  -1.635457500000 AA   -1.737262794068  -0.990453857771  -3.090566763366 Bohr
[INPUT] 15 H      0.919319920000  -0.524125600000  -1.635457510000 AA    1.737262869657  -0.990453838873  -3.090566782263 Bohr
[INPUT] 16 Cl    -0.000000010000   0.003109370000  -3.980930820000 AA   -0.000000018897   0.005875857720  -7.522868970640 Bohr
[INPUT] ---------------- BASIS SET ---------------- 
[INPUT] l, kappa, [nprim/nctr], expnt,             c_1 c_2 ...
[INPUT] Cl
[INPUT] 0    0    [6    /1   ]  105819            0.000738
                                15872             0.005718
                                3619.65           0.029495
                                1030.8            0.117286
                                339.908           0.362949
                                124.538           0.584149
[INPUT] 0    0    [3    /1   ]  124.538           0.134177
                                49.5135           0.62425
                                20.8056           0.291756
[INPUT] 0    0    [1    /1   ]  6.58346              1
[INPUT] 0    0    [1    /1   ]  2.56468              1
[INPUT] 0    0    [1    /1   ]  0.559763             1
[INPUT] 0    0    [1    /1   ]  0.183273             1
[INPUT] 1    0    [5    /1   ]  589.776           0.002391
                                139.849           0.018504
                                45.1413           0.081377
                                16.8733           0.221552
                                6.7411            0.772569
[INPUT] 1    0    [2    /1   ]  6.7411            -1.572244
                                2.77152           0.992389
[INPUT] 1    0    [1    /1   ]  1.02387              1
[INPUT] 1    0    [1    /1   ]  0.381368             1
[INPUT] 1    0    [1    /1   ]  0.109437             1
[INPUT] 2    0    [1    /1   ]  0.75                 1
[INPUT] H
[INPUT] 0    0    [3    /1   ]  33.865            0.0254938
                                5.09479           0.190373
                                1.15879           0.852161
[INPUT] 0    0    [1    /1   ]  0.32584              1
[INPUT] 0    0    [1    /1   ]  0.102741             1
[INPUT] 1    0    [1    /1   ]  0.75                 1
[INPUT] N
[INPUT] 0    0    [6    /1   ]  6293.48           0.00196979
                                949.044           0.0149613
                                218.776           0.0735006
                                63.6916           0.248937
                                18.8282           0.60246
                                2.72023           0.256202
[INPUT] 0    0    [3    /1   ]  30.6331           0.111906
                                7.02614           0.921666
                                2.11205           -0.00256919
[INPUT] 0    0    [1    /1   ]  0.684009             1
[INPUT] 0    0    [1    /1   ]  0.200878             1
[INPUT] 1    0    [3    /1   ]  30.6331           0.0383119
                                7.02614           0.237403
                                2.11205           0.817592
[INPUT] 1    0    [1    /1   ]  0.684009             1
[INPUT] 1    0    [1    /1   ]  0.200878             1
[INPUT] 2    0    [1    /1   ]  0.913                1
[INPUT] C
[INPUT] 0    0    [6    /1   ]  4563.24           0.00196665
                                682.024           0.0152306
                                154.973           0.0761269
                                44.4553           0.260801
                                13.029            0.616462
                                1.82773           0.221006
[INPUT] 0    0    [3    /1   ]  20.9642           0.11466
                                4.80331           0.919999
                                1.45933           -0.00303068
[INPUT] 0    0    [1    /1   ]  0.483456             1
[INPUT] 0    0    [1    /1   ]  0.145585             1
[INPUT] 1    0    [3    /1   ]  20.9642           0.0402487
                                4.80331           0.237594
                                1.45933           0.815854
[INPUT] 1    0    [1    /1   ]  0.483456             1
[INPUT] 1    0    [1    /1   ]  0.145585             1
[INPUT] 2    0    [1    /1   ]  0.626                1

nuclear repulsion = 378.859681123442
number of shells = 100
number of NR pGTOs = 329
number of NR cGTOs = 200
basis = 6311g**
ecp = {}
CPU time:         0.41


******** <class 'pyscf.dft.rks.RKS'> ********
method = RKS
initial guess = minao
damping factor = 0
level_shift factor = 0
DIIS = <class 'pyscf.scf.diis.CDIIS'>
diis_start_cycle = 1
diis_space = 8
SCF conv_tol = 1e-09
SCF conv_tol_grad = None
SCF max_cycles = 50
direct_scf = True
direct_scf_tol = 1e-13
chkfile to save SCF result = /scratch/global/yangjunjie/tmpq6nwu1qz
max_memory 127949 MB (current use 82 MB)
XC library pyscf.dft.libxc version 5.2.0
    S. Lehtola, C. Steigemann, M. J. Oliveira, and M. A. Marques, SoftwareX 7, 1 (2018)
XC functionals = b3lyp
    P. A. M. Dirac, Math. Proc. Cambridge Philos. Soc. 26, 376 (1930)
    F. Bloch, Z. Phys. 57, 545 (1929)
    A. D. Becke, Phys. Rev. A 38, 3098 (1988)
    C. Lee, W. Yang, and R. G. Parr, Phys. Rev. B 37, 785 (1988)
    B. Miehlich, A. Savin, H. Stoll, and H. Preuss, Chem. Phys. Lett. 157, 200 (1989)
    S. H. Vosko, L. Wilk, and M. Nusair, Can. J. Phys. 58, 1200 (1980)
radial grids: 
    Treutler-Ahlrichs [JCP 102, 346 (1995); DOI:10.1063/1.469408] (M4) radial grids
    
becke partition: Becke, JCP 88, 2547 (1988); DOI:10.1063/1.454033
pruning grids: <function nwchem_prune at 0x7f03f6981e50>
grids dens level: 9
symmetrized grids: False
atomic radii adjust function: <function treutler_atomic_radii_adjust at 0x7f03f6981dc0>
small_rho_cutoff = 1e-07
Set gradient conv threshold to 3.16228e-05
atom C rad-grids = 200, ang-grids = [  50   50   50   50   50   50   50   50   50   50   50   50   50   50
   50   50   50   50   50   50   50   50   50   50   50   50   50   50
   50   50   50   50   50   50   50   50   50   50   50   50   50   50
   50   50   50   50   50   50   50   50   50   50   50   50   50   50
   50   50   50   50   50   50   86   86   86   86   86   86   86   86
   86   86   86   86   86   86   86   86   86   86   86   86   86   86
   86   86   86   86 1202 1202 1202 1202 1202 1202 1202 1202 1202 1202
 1202 1202 1202 1202 1202 1202 1202 1202 1454 1454 1454 1454 1454 1454
 1454 1454 1454 1454 1454 1454 1454 1454 1454 1454 1454 1454 1454 1454
 1454 1454 1454 1454 1454 1454 1454 1454 1454 1454 1454 1454 1454 1454
 1454 1454 1454 1454 1454 1454 1454 1454 1454 1454 1454 1454 1454 1454
 1454 1454 1454 1454 1202 1202 1202 1202 1202 1202 1202 1202 1202 1202
 1202 1202 1202 1202 1202 1202 1202 1202 1202 1202 1202 1202 1202 1202
 1202 1202 1202 1202 1202 1202 1202 1202 1202 1202 1202 1202 1202 1202
 1202 1202 1202 1202]
atom N rad-grids = 200, ang-grids = [  50   50   50   50   50   50   50   50   50   50   50   50   50   50
   50   50   50   50   50   50   50   50   50   50   50   50   50   50
   50   50   50   50   50   50   50   50   50   50   50   50   50   50
   50   50   50   50   50   50   50   50   50   50   50   50   50   50
   50   50   50   50   50   86   86   86   86   86   86   86   86   86
   86   86   86   86   86   86   86   86   86   86   86   86   86   86
   86   86 1202 1202 1202 1202 1202 1202 1202 1202 1202 1202 1202 1202
 1202 1202 1202 1202 1202 1454 1454 1454 1454 1454 1454 1454 1454 1454
 1454 1454 1454 1454 1454 1454 1454 1454 1454 1454 1454 1454 1454 1454
 1454 1454 1454 1454 1454 1454 1454 1454 1454 1454 1454 1454 1454 1454
 1454 1454 1454 1454 1454 1454 1454 1454 1454 1454 1454 1454 1454 1454
 1454 1202 1202 1202 1202 1202 1202 1202 1202 1202 1202 1202 1202 1202
 1202 1202 1202 1202 1202 1202 1202 1202 1202 1202 1202 1202 1202 1202
 1202 1202 1202 1202 1202 1202 1202 1202 1202 1202 1202 1202 1202 1202
 1202 1202 1202 1202]
atom H rad-grids = 200, ang-grids = [  50   50   50   50   50   50   50   50   50   50   50   50   50   50
   50   50   50   50   50   50   50   50   50   50   50   50   50   50
   50   50   50   50   50   50   50   50   50   50   50   50   50   50
   50   50   50   50   50   50   50   50   50   50   50   50   50   50
   50   86   86   86   86   86   86   86   86   86   86   86   86   86
   86 1202 1202 1202 1202 1202 1202 1202 1202 1202 1202 1202 1202 1202
 1202 1202 1202 1202 1454 1454 1454 1454 1454 1454 1454 1454 1454 1454
 1454 1454 1454 1454 1454 1454 1454 1454 1454 1454 1454 1454 1454 1454
 1454 1454 1454 1454 1454 1454 1454 1454 1454 1454 1454 1454 1454 1454
 1454 1454 1454 1454 1454 1454 1454 1454 1454 1454 1454 1454 1454 1454
 1202 1202 1202 1202 1202 1202 1202 1202 1202 1202 1202 1202 1202 1202
 1202 1202 1202 1202 1202 1202 1202 1202 1202 1202 1202 1202 1202 1202
 1202 1202 1202 1202 1202 1202 1202 1202 1202 1202 1202 1202 1202 1202
 1202 1202 1202 1202 1202 1202 1202 1202 1202 1202 1202 1202 1202 1202
 1202 1202 1202 1202]
atom Cl rad-grids = 200, ang-grids = [  50   50   50   50   50   50   50   50   50   50   50   50   50   50
   50   50   50   50   50   50   50   50   50   50   50   50   50   50
   50   50   50   50   50   50   50   50   50   50   50   50   50   50
   50   50   50   50   50   50   50   50   50   50   50   50   50   50
   50   50   50   86   86   86   86   86   86   86   86   86   86   86
   86   86   86   86   86   86   86   86   86   86   86   86   86   86
   86   86   86   86   86   86   86   86 1202 1202 1202 1202 1202 1202
 1202 1202 1202 1202 1202 1202 1202 1202 1202 1202 1202 1202 1202 1202
 1202 1202 1454 1454 1454 1454 1454 1454 1454 1454 1454 1454 1454 1454
 1454 1454 1454 1454 1454 1454 1454 1454 1454 1454 1454 1454 1454 1454
 1454 1454 1454 1454 1454 1454 1454 1454 1454 1454 1454 1454 1454 1454
 1454 1454 1454 1454 1454 1202 1202 1202 1202 1202 1202 1202 1202 1202
 1202 1202 1202 1202 1202 1202 1202 1202 1202 1202 1202 1202 1202 1202
 1202 1202 1202 1202 1202 1202 1202 1202 1202 1202 1202 1202 1202 1202
 1202 1202 1202 1202]
tot grids = 2598388
Drop grids 446256
    CPU time for setting up grids     43.88 sec, wall time      1.84 sec
nelec by numeric integration = 67.99245435643222
    CPU time for vxc     93.78 sec, wall time      3.36 sec
E1 = -1771.6509177091784  Ecoul = 714.2770819623812  Exc = -70.49191811187859
init E= -749.006072735234
cond(S) = 13613.426565741576
    CPU time for initialize scf    152.66 sec, wall time      5.82 sec
  HOMO = -0.296534465866824  LUMO = -0.105347093575426
  mo_energy =
[-1.01494030e+02 -1.43950708e+01 -1.02818325e+01 -1.02810923e+01
 -1.02801146e+01 -1.02758535e+01 -1.02757467e+01 -1.02726056e+01
 -9.51137009e+00 -7.26512233e+00 -7.26503811e+00 -7.26503699e+00
 -1.10458662e+00 -9.44536078e-01 -8.86602186e-01 -8.50464595e-01
 -7.89661035e-01 -7.12834898e-01 -7.03048772e-01 -5.78579465e-01
 -5.35261210e-01 -5.12807486e-01 -4.76663422e-01 -4.71303051e-01
 -4.61829918e-01 -4.47821137e-01 -4.24436955e-01 -3.97626522e-01
 -3.86992333e-01 -3.51838208e-01 -3.50892906e-01 -3.29494331e-01
 -3.23801253e-01 -2.96534466e-01 -1.05347094e-01 -8.34822754e-02
 -3.24720774e-02  2.62068722e-02  3.33588825e-02  4.97013648e-02
  5.62017611e-02  7.47464681e-02  8.12045418e-02  9.96252241e-02
  1.03475303e-01  1.26094933e-01  1.86051118e-01  2.09425812e-01
  2.24677782e-01  2.33906552e-01  2.41917871e-01  2.53568109e-01
  2.64365364e-01  2.66714193e-01  2.82632560e-01  2.84340648e-01
  3.29084833e-01  3.38662989e-01  3.54172313e-01  3.62104575e-01
  3.72106473e-01  3.94857253e-01  4.04807348e-01  4.18498465e-01
  4.29844602e-01  4.39625697e-01  4.69280849e-01  4.80541130e-01
  4.84191717e-01  5.22846357e-01  5.28526482e-01  5.44515077e-01
  5.51421603e-01  5.52707712e-01  5.65201533e-01  5.80883998e-01
  5.99419487e-01  6.14026756e-01  6.62467502e-01  6.87425362e-01
  6.94255405e-01  7.00624180e-01  7.15235571e-01  7.37913484e-01
  7.69623991e-01  7.98851620e-01  8.13995130e-01  8.14229860e-01
  8.21919893e-01  8.27470699e-01  8.68117441e-01  8.96227930e-01
  9.03333590e-01  9.66160381e-01  9.68678454e-01  1.01399348e+00
  1.02713376e+00  1.03781705e+00  1.05160343e+00  1.06252434e+00
  1.11087514e+00  1.14483835e+00  1.20504229e+00  1.26379214e+00
  1.31069937e+00  1.33367307e+00  1.37097920e+00  1.38579117e+00
  1.39156572e+00  1.41064258e+00  1.41445827e+00  1.43772906e+00
  1.46561587e+00  1.49726949e+00  1.50553100e+00  1.53360549e+00
  1.58839436e+00  1.63599814e+00  1.65280995e+00  1.65522331e+00
  1.66749628e+00  1.68956892e+00  1.72612912e+00  1.72887170e+00
  1.76321844e+00  1.76616944e+00  1.77005119e+00  1.83788916e+00
  1.83934379e+00  1.84280212e+00  1.87448639e+00  1.88608077e+00
  1.96386272e+00  1.98581972e+00  1.98842438e+00  2.02912081e+00
  2.04162883e+00  2.08385707e+00  2.08667251e+00  2.11422689e+00
  2.13690377e+00  2.14973067e+00  2.19314540e+00  2.24828420e+00
  2.28144111e+00  2.31255216e+00  2.35842503e+00  2.37260035e+00
  2.38911090e+00  2.39989345e+00  2.42695056e+00  2.46053108e+00
  2.50464690e+00  2.51883146e+00  2.51978401e+00  2.52054811e+00
  2.55267343e+00  2.58315393e+00  2.58986385e+00  2.60227809e+00
  2.61395714e+00  2.63804231e+00  2.68749058e+00  2.69758909e+00
  2.70193355e+00  2.79892354e+00  2.85217654e+00  2.86328328e+00
  2.88325872e+00  2.90486523e+00  2.98081310e+00  3.10141859e+00
  3.13308323e+00  3.25981523e+00  3.33773267e+00  3.38186290e+00
  3.57481736e+00  3.57626198e+00  3.64461889e+00  3.70696500e+00
  3.74853874e+00  3.82310824e+00  3.91663411e+00  3.95540005e+00
  4.01215330e+00  4.32336714e+00  4.49033992e+00  5.15301315e+00
  9.39236240e+00  2.35389812e+01  2.38227813e+01  2.38258425e+01
  2.39336832e+01  2.40123865e+01  2.40618832e+01  2.53483490e+01
  2.53552026e+01  2.56500921e+01  3.55511509e+01  2.15435805e+02]
nelec by numeric integration = 68.00000000389846
    CPU time for vxc     82.45 sec, wall time      2.95 sec
E1 = -1777.6676104561002  Ecoul = 721.4239618928788  Exc = -70.71580476857082
cycle= 1 E= -748.09977220835  delta_E= 0.906  |g|= 0.556  |ddm|= 3.23
    CPU time for cycle= 1     84.16 sec, wall time      3.01 sec
  HOMO = -0.0844056011451412  LUMO = -0.0453990711687197
  mo_energy =
[-1.01031082e+02 -1.46160978e+01 -1.03400405e+01 -1.03384913e+01
 -1.02069459e+01 -1.01990480e+01 -1.01825378e+01 -1.01823693e+01
 -8.99195877e+00 -6.74596306e+00 -6.74524721e+00 -6.74523367e+00
 -1.13382370e+00 -8.84492914e-01 -8.77428840e-01 -7.53728343e-01
 -7.41783332e-01 -7.05548175e-01 -6.17974168e-01 -5.85214924e-01
 -5.63727662e-01 -5.45905203e-01 -5.26272476e-01 -5.12216490e-01
 -4.65273361e-01 -4.39526260e-01 -4.36600471e-01 -4.34140366e-01
 -4.26499517e-01 -3.70504455e-01 -3.56772582e-01 -1.43858866e-01
 -9.85163631e-02 -8.44056011e-02 -4.53990712e-02 -4.44809365e-02
 -1.07115913e-02  1.66751662e-02  2.30161358e-02  4.52880535e-02
  5.12428415e-02  5.17722868e-02  5.73875113e-02  8.53454243e-02
  1.25979560e-01  1.26985278e-01  1.60985778e-01  1.81813577e-01
  2.01941933e-01  2.17741748e-01  2.28308976e-01  2.46483458e-01
  2.47970390e-01  2.88959922e-01  2.97175313e-01  3.26718272e-01
  3.52835779e-01  3.55925851e-01  3.62893273e-01  3.78441534e-01
  3.93855472e-01  4.05414711e-01  4.12917253e-01  4.36351573e-01
  4.48722386e-01  4.53198405e-01  4.80615179e-01  5.05360234e-01
  5.11796443e-01  5.14478045e-01  5.20435660e-01  5.27236240e-01
  5.47577550e-01  5.80678731e-01  5.85415881e-01  5.93712925e-01
  6.01107491e-01  6.18604593e-01  6.60577920e-01  6.76988493e-01
  6.88859839e-01  6.92774789e-01  7.14628553e-01  7.47829325e-01
  7.59616111e-01  8.33699216e-01  8.66080019e-01  8.73433294e-01
  9.20719381e-01  9.47885670e-01  9.52695242e-01  9.93115062e-01
  9.96433398e-01  1.02296616e+00  1.03830306e+00  1.04733256e+00
  1.09129120e+00  1.18264722e+00  1.19873590e+00  1.19945388e+00
  1.20157145e+00  1.20355083e+00  1.21888706e+00  1.26271975e+00
  1.30453109e+00  1.34053331e+00  1.35865529e+00  1.38289987e+00
  1.40083998e+00  1.41439179e+00  1.44168190e+00  1.44858313e+00
  1.47836880e+00  1.47943549e+00  1.48627862e+00  1.50259586e+00
  1.56329068e+00  1.60070158e+00  1.60835101e+00  1.62247204e+00
  1.62764985e+00  1.67864270e+00  1.68728784e+00  1.69698059e+00
  1.76141129e+00  1.76714398e+00  1.78535836e+00  1.82382312e+00
  1.84723589e+00  1.85096497e+00  1.86628524e+00  1.95368105e+00
  1.96464308e+00  1.96886772e+00  1.97834451e+00  2.00542431e+00
  2.03499963e+00  2.08896933e+00  2.12846990e+00  2.13891452e+00
  2.18794262e+00  2.23511778e+00  2.29353872e+00  2.30554013e+00
  2.38519058e+00  2.38614498e+00  2.40894760e+00  2.42246698e+00
  2.42486271e+00  2.44455168e+00  2.45067221e+00  2.46687260e+00
  2.50668274e+00  2.52044355e+00  2.53530064e+00  2.55137985e+00
  2.55582385e+00  2.56950905e+00  2.58058758e+00  2.58320212e+00
  2.59064579e+00  2.61764245e+00  2.66315998e+00  2.68170561e+00
  2.68482425e+00  2.77435210e+00  2.80207757e+00  2.84099467e+00
  2.84533163e+00  2.91785194e+00  3.02999297e+00  3.12103753e+00
  3.13816978e+00  3.26398343e+00  3.34915557e+00  3.41316305e+00
  3.49483550e+00  3.54790310e+00  3.60439352e+00  3.65737635e+00
  3.75741618e+00  3.76821463e+00  3.91788271e+00  3.97025878e+00
  3.99397856e+00  4.31392053e+00  4.37514327e+00  5.05332003e+00
  9.86968305e+00  2.35604757e+01  2.38014426e+01  2.38812554e+01
  2.39299104e+01  2.40533717e+01  2.41325818e+01  2.58101776e+01
  2.58169454e+01  2.61094936e+01  3.53306542e+01  2.15889289e+02]
nelec by numeric integration = 67.99999997439794
    CPU time for vxc     82.03 sec, wall time      2.93 sec
E1 = -1773.9601981088979  Ecoul = 723.4133376758375  Exc = -70.48458813134282
cycle= 2 E= -742.171767440961  delta_E= 5.93  |g|= 2.96  |ddm|= 4.04
    CPU time for cycle= 2     83.69 sec, wall time      2.99 sec
  HOMO = -0.17739817440776  LUMO = -0.0726065866807302
  mo_energy =
[-1.01302463e+02 -1.44708681e+01 -1.02355603e+01 -1.02347675e+01
 -1.01956684e+01 -1.01306128e+01 -1.01126427e+01 -1.01125259e+01
 -9.23429705e+00 -6.99071250e+00 -6.99069857e+00 -6.99021331e+00
 -1.03309345e+00 -8.07203180e-01 -7.99167431e-01 -7.23663620e-01
 -6.65510728e-01 -6.42868989e-01 -6.29163525e-01 -5.57654462e-01
 -5.11023955e-01 -4.88037387e-01 -4.85084924e-01 -4.61991395e-01
 -4.46979857e-01 -4.31835539e-01 -4.21834500e-01 -3.72190263e-01
 -3.65861797e-01 -3.04363181e-01 -2.84418893e-01 -1.83832554e-01
 -1.77762622e-01 -1.77398174e-01 -7.26065867e-02 -3.59577299e-02
  5.89987931e-03  4.87851157e-02  5.04694456e-02  5.16301451e-02
  7.99974481e-02  8.84859154e-02  1.04834505e-01  1.14671566e-01
  1.31546769e-01  1.40689970e-01  2.07044729e-01  2.34256204e-01
  2.58725505e-01  2.66587654e-01  2.68547809e-01  2.80106990e-01
  2.84337123e-01  3.34301363e-01  3.47433812e-01  3.57757859e-01
  3.69011248e-01  3.77157765e-01  3.93638469e-01  4.10276383e-01
  4.11142343e-01  4.20481486e-01  4.34558676e-01  4.53076194e-01
  4.61737780e-01  4.62322619e-01  5.02688445e-01  5.05629618e-01
  5.06059847e-01  5.57697156e-01  5.62934362e-01  5.75354531e-01
  5.87399060e-01  5.93706302e-01  6.01008936e-01  6.42234998e-01
  6.44902094e-01  6.76044700e-01  6.78688858e-01  7.19525578e-01
  7.26836174e-01  7.46871393e-01  7.52273537e-01  7.82790633e-01
  8.09456337e-01  8.47271518e-01  8.93583347e-01  9.18173001e-01
  9.31939658e-01  9.87218534e-01  1.00364175e+00  1.02138040e+00
  1.03087518e+00  1.03148138e+00  1.03342297e+00  1.04549116e+00
  1.05858603e+00  1.07023704e+00  1.09780327e+00  1.10193863e+00
  1.15898360e+00  1.21538170e+00  1.23166200e+00  1.26115105e+00
  1.32182794e+00  1.35012173e+00  1.39684927e+00  1.42445250e+00
  1.43278865e+00  1.44986142e+00  1.45441041e+00  1.48478286e+00
  1.51188530e+00  1.53170564e+00  1.54556223e+00  1.56582579e+00
  1.61111723e+00  1.65931579e+00  1.66372079e+00  1.66389074e+00
  1.69149692e+00  1.72171925e+00  1.74614287e+00  1.75275072e+00
  1.79011819e+00  1.79555139e+00  1.81228441e+00  1.87112366e+00
  1.90252340e+00  1.90510132e+00  1.92116786e+00  1.95595924e+00
  1.99828618e+00  2.02379045e+00  2.04289819e+00  2.07193661e+00
  2.07334365e+00  2.13097475e+00  2.16474691e+00  2.19076026e+00
  2.24242273e+00  2.27635782e+00  2.27733420e+00  2.29408439e+00
  2.35673832e+00  2.37116960e+00  2.37292223e+00  2.43266769e+00
  2.44386648e+00  2.45403415e+00  2.46699224e+00  2.48572919e+00
  2.52509287e+00  2.54432712e+00  2.56207429e+00  2.58440580e+00
  2.59679388e+00  2.60781966e+00  2.61338627e+00  2.62568476e+00
  2.64822443e+00  2.66202035e+00  2.74086621e+00  2.74141427e+00
  2.75453388e+00  2.84729569e+00  2.87815670e+00  2.91099541e+00
  2.91810498e+00  2.98755075e+00  3.02361171e+00  3.16946768e+00
  3.20156193e+00  3.33866876e+00  3.42073027e+00  3.47735749e+00
  3.57699051e+00  3.62180723e+00  3.67183359e+00  3.73676042e+00
  3.78125934e+00  3.80250817e+00  3.98390293e+00  4.03197701e+00
  4.06587676e+00  4.39097492e+00  4.47120259e+00  5.15340892e+00
  9.64908054e+00  2.36441990e+01  2.38925504e+01  2.38975160e+01
  2.40148569e+01  2.41291004e+01  2.42029981e+01  2.55979307e+01
  2.56047002e+01  2.58995621e+01  3.54729025e+01  2.15623024e+02]
nelec by numeric integration = 68.00000000297428
    CPU time for vxc     81.99 sec, wall time      2.93 sec
E1 = -1772.0087989130866  Ecoul = 715.2523899462163  Exc = -70.23832451359311
cycle= 3 E= -748.135052357022  delta_E= -5.96  |g|= 0.508  |ddm|=  3.7
    CPU time for cycle= 3     83.60 sec, wall time      2.99 sec
  HOMO = -0.164721562863162  LUMO = -0.108335043750922
  mo_energy =
[-1.01335535e+02 -1.43961436e+01 -1.02780834e+01 -1.02735146e+01
 -1.02725514e+01 -1.02597309e+01 -1.02594269e+01 -1.02182305e+01
 -9.25325791e+00 -7.01146730e+00 -7.01075471e+00 -7.01073823e+00
 -1.03053922e+00 -8.87468682e-01 -8.38967912e-01 -7.30846569e-01
 -7.09691266e-01 -6.90226742e-01 -6.21488833e-01 -5.94327429e-01
 -5.61658760e-01 -5.37268154e-01 -5.03879828e-01 -4.87361497e-01
 -4.85487326e-01 -4.38830932e-01 -4.30368184e-01 -4.30279391e-01
 -3.98099939e-01 -3.61490249e-01 -3.36064527e-01 -1.71225210e-01
 -1.64931171e-01 -1.64721563e-01 -1.08335044e-01 -8.65997246e-02
 -7.89904195e-03  3.04242699e-02  3.21150631e-02  5.87461272e-02
  6.13860356e-02  6.24117490e-02  7.19328462e-02  1.02391251e-01
  1.31812105e-01  1.42311706e-01  1.88487751e-01  1.99733666e-01
  2.14628165e-01  2.26535217e-01  2.49986979e-01  2.71380876e-01
  2.73305397e-01  3.13655338e-01  3.22463492e-01  3.29590055e-01
  3.53610591e-01  3.56071524e-01  3.72309636e-01  3.77132992e-01
  3.79240546e-01  3.95507153e-01  3.98751909e-01  4.30177450e-01
  4.48191347e-01  4.61472264e-01  4.69343684e-01  4.83641690e-01
  5.07998400e-01  5.11923534e-01  5.23648355e-01  5.39169912e-01
  5.57886462e-01  5.85198676e-01  5.89142839e-01  5.91462026e-01
  6.06196288e-01  6.62696561e-01  6.71537297e-01  6.85681402e-01
  6.87991316e-01  7.10666168e-01  7.17544305e-01  7.44757713e-01
  7.79539067e-01  8.35102105e-01  8.81938587e-01  8.84593885e-01
  8.95150090e-01  9.47108947e-01  9.56995321e-01  9.88771560e-01
  1.01087409e+00  1.03167474e+00  1.04297049e+00  1.04304525e+00
  1.04460827e+00  1.05284539e+00  1.07070919e+00  1.08403345e+00
  1.12774671e+00  1.21444347e+00  1.23183123e+00  1.26836724e+00
  1.30310308e+00  1.33845641e+00  1.37650470e+00  1.39074742e+00
  1.40834651e+00  1.41220547e+00  1.45168817e+00  1.45538203e+00
  1.47931260e+00  1.48323237e+00  1.49875195e+00  1.52003864e+00
  1.57944513e+00  1.63098094e+00  1.63759421e+00  1.64728824e+00
  1.65745668e+00  1.68739100e+00  1.70887052e+00  1.71356636e+00
  1.76966283e+00  1.78215252e+00  1.79832668e+00  1.83067634e+00
  1.83927882e+00  1.85554957e+00  1.86740250e+00  1.93896228e+00
  1.97703963e+00  1.99285777e+00  2.00196631e+00  2.02800504e+00
  2.06962969e+00  2.10990520e+00  2.14027487e+00  2.16409264e+00
  2.18598448e+00  2.25051757e+00  2.28366333e+00  2.28506194e+00
  2.31198030e+00  2.36550144e+00  2.37653813e+00  2.38261571e+00
  2.43941297e+00  2.45439818e+00  2.46228211e+00  2.47160378e+00
  2.51130048e+00  2.51840434e+00  2.52506345e+00  2.54934983e+00
  2.56178656e+00  2.57145708e+00  2.58066151e+00  2.59814051e+00
  2.60105972e+00  2.63923743e+00  2.68674766e+00  2.68926878e+00
  2.70292809e+00  2.79290802e+00  2.85364753e+00  2.86300667e+00
  2.88767880e+00  2.89995959e+00  3.02598914e+00  3.11424664e+00
  3.15409980e+00  3.27042516e+00  3.34423050e+00  3.38526636e+00
  3.57420723e+00  3.58138171e+00  3.68671946e+00  3.72309666e+00
  3.78094692e+00  3.83036369e+00  3.91604230e+00  3.95141432e+00
  4.01288312e+00  4.32572850e+00  4.49220401e+00  5.15274695e+00
  9.63866489e+00  2.35421337e+01  2.38293267e+01  2.38722911e+01
  2.39301776e+01  2.40188114e+01  2.40687039e+01  2.55919501e+01
  2.55987179e+01  2.58910815e+01  3.55441742e+01  2.15592330e+02]
nelec by numeric integration = 68.0000000061281
    CPU time for vxc     81.89 sec, wall time      2.93 sec
E1 = -1773.3811132547442  Ecoul = 716.6848459969024  Exc = -70.36151760483796
cycle= 4 E= -748.198103739238  delta_E= -0.0631  |g|= 0.146  |ddm|= 0.475
    CPU time for cycle= 4     83.50 sec, wall time      2.98 sec
  HOMO = -0.193770508084009  LUMO = -0.113249163591615
  mo_energy =
[-1.01424914e+02 -1.44441932e+01 -1.02931872e+01 -1.02931463e+01
 -1.02573100e+01 -1.02572255e+01 -1.02555393e+01 -1.02419878e+01
 -9.32858190e+00 -7.08883194e+00 -7.08724123e+00 -7.08720799e+00
 -1.04974970e+00 -8.85220807e-01 -8.47289932e-01 -7.41253381e-01
 -7.17913873e-01 -6.97647832e-01 -6.54436173e-01 -5.99227303e-01
 -5.67600950e-01 -5.40891093e-01 -5.09928568e-01 -5.01043705e-01
 -4.88612346e-01 -4.41754109e-01 -4.41553156e-01 -4.38967406e-01
 -4.10724368e-01 -3.65257629e-01 -3.41730545e-01 -2.00650928e-01
 -1.94048117e-01 -1.93770508e-01 -1.13249164e-01 -9.07016871e-02
 -1.19872004e-02  2.55405513e-02  2.97454315e-02  4.70400651e-02
  5.75165748e-02  6.12051431e-02  6.87465506e-02  9.80043974e-02
  1.25610250e-01  1.35929347e-01  1.81792116e-01  1.98667410e-01
  2.13263975e-01  2.22990386e-01  2.45484172e-01  2.64963772e-01
  2.65238326e-01  3.08374061e-01  3.15687998e-01  3.29441567e-01
  3.51281005e-01  3.54728226e-01  3.63494251e-01  3.71825410e-01
  3.73957951e-01  3.87409132e-01  3.93606570e-01  4.26212413e-01
  4.36740851e-01  4.51181649e-01  4.64355653e-01  4.75334741e-01
  5.01906534e-01  5.07422968e-01  5.23173036e-01  5.38457338e-01
  5.49236233e-01  5.79569493e-01  5.82041540e-01  5.88459831e-01
  6.02570310e-01  6.53544481e-01  6.72607292e-01  6.73290892e-01
  6.81027914e-01  7.05381749e-01  7.12539196e-01  7.38803553e-01
  7.72746725e-01  8.20534809e-01  8.74243834e-01  8.80473723e-01
  8.84467813e-01  9.44759877e-01  9.55353809e-01  9.77970528e-01
  1.00518758e+00  1.00623856e+00  1.00676456e+00  1.00758403e+00
  1.01886510e+00  1.03319396e+00  1.05976961e+00  1.07391458e+00
  1.11781516e+00  1.19343498e+00  1.21718138e+00  1.25239266e+00
  1.29326758e+00  1.32785937e+00  1.37275897e+00  1.38605278e+00
  1.40062695e+00  1.41161813e+00  1.44609859e+00  1.44761349e+00
  1.47533771e+00  1.48004158e+00  1.49592988e+00  1.51644406e+00
  1.57575778e+00  1.62521358e+00  1.63352830e+00  1.63861612e+00
  1.65071678e+00  1.68522309e+00  1.70484286e+00  1.70960029e+00
  1.76631663e+00  1.77475262e+00  1.79124479e+00  1.82915082e+00
  1.83954712e+00  1.85604350e+00  1.86220594e+00  1.92576539e+00
  1.97527187e+00  1.98457208e+00  1.99214909e+00  2.02272037e+00
  2.05883871e+00  2.09995995e+00  2.13924429e+00  2.15133791e+00
  2.18786953e+00  2.24598542e+00  2.24786630e+00  2.25074568e+00
  2.30631330e+00  2.35095825e+00  2.35885333e+00  2.38441992e+00
  2.42933111e+00  2.44389283e+00  2.44996562e+00  2.45001969e+00
  2.50140748e+00  2.51771865e+00  2.52074817e+00  2.54669115e+00
  2.55058844e+00  2.57042434e+00  2.57717742e+00  2.59233329e+00
  2.59903567e+00  2.62938507e+00  2.68113807e+00  2.68717783e+00
  2.69874141e+00  2.78151703e+00  2.84205598e+00  2.85737960e+00
  2.87573852e+00  2.90059773e+00  3.01645571e+00  3.11414623e+00
  3.14295396e+00  3.26511108e+00  3.34259961e+00  3.39023618e+00
  3.55645556e+00  3.57280695e+00  3.66787892e+00  3.70774153e+00
  3.76751760e+00  3.80476963e+00  3.91441050e+00  3.95639813e+00
  4.00606923e+00  4.32203332e+00  4.46699578e+00  5.13049210e+00
  9.57432906e+00  2.35422184e+01  2.38183999e+01  2.38496898e+01
  2.39275307e+01  2.40127162e+01  2.40754664e+01  2.55327079e+01
  2.55395723e+01  2.58300618e+01  3.54978652e+01  2.15505506e+02]
nelec by numeric integration = 68.00000000537831
    CPU time for vxc     83.25 sec, wall time      2.98 sec
E1 = -1774.9531198473078  Ecoul = 718.3678478235041  Exc = -70.47630245144798
cycle= 5 E= -748.20189335181  delta_E= -0.00379  |g|= 0.0733  |ddm|= 0.191
    CPU time for cycle= 5     84.87 sec, wall time      3.04 sec
  HOMO = -0.181747421726006  LUMO = -0.111594216000727
  mo_energy =
[-1.01384893e+02 -1.44338726e+01 -1.02868713e+01 -1.02861457e+01
 -1.02637343e+01 -1.02520120e+01 -1.02519405e+01 -1.02378017e+01
 -9.29897126e+00 -7.05855190e+00 -7.05652020e+00 -7.05648474e+00
 -1.04413542e+00 -8.84837989e-01 -8.44108848e-01 -7.39317885e-01
 -7.15859641e-01 -6.96102539e-01 -6.40850399e-01 -5.98667528e-01
 -5.65890812e-01 -5.40974862e-01 -5.08248726e-01 -4.97872501e-01
 -4.88826990e-01 -4.41638805e-01 -4.40573915e-01 -4.37927275e-01
 -4.08246759e-01 -3.64759485e-01 -3.39668108e-01 -1.89288060e-01
 -1.82013471e-01 -1.81747422e-01 -1.11594216e-01 -8.86081188e-02
 -1.13173645e-02  2.57164515e-02  2.92436798e-02  4.95361206e-02
  5.84178817e-02  6.03583908e-02  6.82680574e-02  9.79767642e-02
  1.27095077e-01  1.37115058e-01  1.83153679e-01  1.98286178e-01
  2.13036925e-01  2.23229839e-01  2.45814400e-01  2.65629943e-01
  2.66483537e-01  3.09458909e-01  3.16589078e-01  3.29376220e-01
  3.51640746e-01  3.55841033e-01  3.67285082e-01  3.73638953e-01
  3.75685302e-01  3.91329559e-01  3.95316033e-01  4.27410450e-01
  4.40231450e-01  4.54535745e-01  4.65048808e-01  4.76915863e-01
  5.04223585e-01  5.07022943e-01  5.22714274e-01  5.38914153e-01
  5.50241562e-01  5.80198237e-01  5.83455655e-01  5.88886714e-01
  6.02382293e-01  6.56223061e-01  6.72156741e-01  6.75360440e-01
  6.81412531e-01  7.06309721e-01  7.13103960e-01  7.40200688e-01
  7.73761133e-01  8.26297607e-01  8.77971886e-01  8.80630302e-01
  8.86821599e-01  9.44656685e-01  9.55982249e-01  9.80425690e-01
  1.00817076e+00  1.01860488e+00  1.02197217e+00  1.02230832e+00
  1.03195006e+00  1.03357155e+00  1.06172244e+00  1.07633820e+00
  1.11916153e+00  1.20120319e+00  1.22048995e+00  1.25597549e+00
  1.29550177e+00  1.32970233e+00  1.37388192e+00  1.38710937e+00
  1.40121192e+00  1.41162645e+00  1.44709075e+00  1.44829110e+00
  1.47633484e+00  1.47853388e+00  1.49594300e+00  1.51636196e+00
  1.57500820e+00  1.62556083e+00  1.63330602e+00  1.63924016e+00
  1.65164485e+00  1.68441890e+00  1.70493802e+00  1.70969876e+00
  1.76667966e+00  1.77547701e+00  1.79199787e+00  1.82857759e+00
  1.83892084e+00  1.85557306e+00  1.86330011e+00  1.92922206e+00
  1.97547611e+00  1.98655927e+00  1.99361343e+00  2.02382527e+00
  2.06078650e+00  2.10202898e+00  2.13908829e+00  2.15407219e+00
  2.18633183e+00  2.24751445e+00  2.26318138e+00  2.26537557e+00
  2.30720733e+00  2.35395154e+00  2.36391980e+00  2.38311519e+00
  2.43057983e+00  2.44527519e+00  2.45256843e+00  2.45655552e+00
  2.50279518e+00  2.51879821e+00  2.52065505e+00  2.54566217e+00
  2.55209233e+00  2.56964224e+00  2.57641505e+00  2.59227155e+00
  2.59815869e+00  2.63078735e+00  2.68367813e+00  2.68701511e+00
  2.69926370e+00  2.78484587e+00  2.84477319e+00  2.85975233e+00
  2.87834383e+00  2.90125716e+00  3.01793434e+00  3.11496655e+00
  3.14542076e+00  3.26787439e+00  3.34392969e+00  3.38940324e+00
  3.56021229e+00  3.57557219e+00  3.67114947e+00  3.71142282e+00
  3.76945845e+00  3.80959743e+00  3.91520780e+00  3.95461273e+00
  4.00792744e+00  4.32326498e+00  4.47317171e+00  5.13585754e+00
  9.59971369e+00  2.35443899e+01  2.38241923e+01  2.38536527e+01
  2.39284694e+01  2.40181687e+01  2.40760306e+01  2.55565191e+01
  2.55633860e+01  2.58531097e+01  3.55079353e+01  2.15544003e+02]
nelec by numeric integration = 68.00000000546912
    CPU time for vxc     82.24 sec, wall time      2.94 sec
E1 = -1774.3601296438424  Ecoul = 717.7294217807421  Exc = -70.4323411189948
cycle= 6 E= -748.203367858653  delta_E= -0.00147  |g|= 0.0134  |ddm|= 0.0932
    CPU time for cycle= 6     83.89 sec, wall time      3.00 sec
  HOMO = -0.181323049529049  LUMO = -0.111123381073692
  mo_energy =
[-1.01383033e+02 -1.44332891e+01 -1.02870259e+01 -1.02867308e+01
 -1.02605556e+01 -1.02536824e+01 -1.02535208e+01 -1.02321708e+01
 -9.29742864e+00 -7.05707506e+00 -7.05489605e+00 -7.05485174e+00
 -1.04433926e+00 -8.84656936e-01 -8.44508785e-01 -7.37702604e-01
 -7.15805442e-01 -6.95654568e-01 -6.40189393e-01 -5.98195731e-01
 -5.65830141e-01 -5.40953163e-01 -5.08534854e-01 -4.97589798e-01
 -4.87887714e-01 -4.41502138e-01 -4.38665097e-01 -4.36482218e-01
 -4.07615541e-01 -3.64327434e-01 -3.40107180e-01 -1.88591029e-01
 -1.81591593e-01 -1.81323050e-01 -1.11123381e-01 -8.87545544e-02
 -1.07916495e-02  2.65000923e-02  2.92759582e-02  5.05429698e-02
  5.85782132e-02  6.07675255e-02  6.84785084e-02  9.83171240e-02
  1.27840238e-01  1.37751250e-01  1.83378440e-01  1.98501145e-01
  2.13179477e-01  2.23367908e-01  2.45843269e-01  2.66020545e-01
  2.67125333e-01  3.09473148e-01  3.16534961e-01  3.29418674e-01
  3.51937271e-01  3.56071156e-01  3.67520952e-01  3.73964331e-01
  3.75542748e-01  3.91534934e-01  3.95474769e-01  4.27733490e-01
  4.40540311e-01  4.54892267e-01  4.65053292e-01  4.77091366e-01
  5.05209472e-01  5.07126002e-01  5.23065074e-01  5.38779616e-01
  5.50476759e-01  5.81224602e-01  5.84986224e-01  5.88740428e-01
  6.03021532e-01  6.56951885e-01  6.72415683e-01  6.75726610e-01
  6.81936513e-01  7.06440926e-01  7.13310997e-01  7.40431041e-01
  7.73684591e-01  8.26643437e-01  8.78390137e-01  8.80767756e-01
  8.87262428e-01  9.44910552e-01  9.55960408e-01  9.80617683e-01
  1.00794719e+00  1.01928917e+00  1.02273570e+00  1.02305375e+00
  1.03260371e+00  1.03414558e+00  1.06250611e+00  1.07658519e+00
  1.11917895e+00  1.20189490e+00  1.22144098e+00  1.25649027e+00
  1.29580666e+00  1.33010080e+00  1.37375760e+00  1.38763095e+00
  1.40238981e+00  1.41189611e+00  1.44859218e+00  1.44868035e+00
  1.47754438e+00  1.47888790e+00  1.49621275e+00  1.51653997e+00
  1.57550794e+00  1.62586017e+00  1.63346180e+00  1.63975719e+00
  1.65173134e+00  1.68502033e+00  1.70477181e+00  1.70976334e+00
  1.76693252e+00  1.77644116e+00  1.79301857e+00  1.82897874e+00
  1.83924653e+00  1.85604140e+00  1.86323377e+00  1.92997986e+00
  1.97572626e+00  1.98669724e+00  1.99459895e+00  2.02360010e+00
  2.06160391e+00  2.10260652e+00  2.13951014e+00  2.15475080e+00
  2.18679850e+00  2.24732696e+00  2.26394431e+00  2.26616337e+00
  2.30738207e+00  2.35442987e+00  2.36525624e+00  2.38347982e+00
  2.43208016e+00  2.44635442e+00  2.45271150e+00  2.45774776e+00
  2.50318018e+00  2.51873473e+00  2.52131102e+00  2.54640725e+00
  2.55390081e+00  2.56977728e+00  2.57698513e+00  2.59310452e+00
  2.59837291e+00  2.63134770e+00  2.68330899e+00  2.68756009e+00
  2.69965498e+00  2.78446910e+00  2.84510253e+00  2.85938696e+00
  2.87872554e+00  2.90119983e+00  3.01907416e+00  3.11533155e+00
  3.14693684e+00  3.26765124e+00  3.34382225e+00  3.38966816e+00
  3.56031759e+00  3.57585466e+00  3.67279875e+00  3.71159123e+00
  3.77150672e+00  3.81057149e+00  3.91500657e+00  3.95512673e+00
  4.00779032e+00  4.32341422e+00  4.47373486e+00  5.13588118e+00
  9.60099991e+00  2.35444646e+01  2.38234133e+01  2.38589672e+01
  2.39293628e+01  2.40170585e+01  2.40761714e+01  2.55577667e+01
  2.55646507e+01  2.58541324e+01  3.55084936e+01  2.15545806e+02]
nelec by numeric integration = 68.00000000569904
    CPU time for vxc     84.00 sec, wall time      3.01 sec
E1 = -1774.334186084116  Ecoul = 717.7002173378642  Exc = -70.4291226538305
cycle= 7 E= -748.203410276641  delta_E= -4.24e-05  |g|= 0.00464  |ddm|= 0.0122
    CPU time for cycle= 7     85.64 sec, wall time      3.07 sec
  HOMO = -0.181554426719906  LUMO = -0.110945461201414
  mo_energy =
[-1.01383668e+02 -1.44330762e+01 -1.02866902e+01 -1.02861783e+01
 -1.02612396e+01 -1.02528603e+01 -1.02528030e+01 -1.02337660e+01
 -9.29764053e+00 -7.05736459e+00 -7.05512379e+00 -7.05507231e+00
 -1.04428117e+00 -8.84577181e-01 -8.44150245e-01 -7.38024052e-01
 -7.15559714e-01 -6.95480674e-01 -6.40362776e-01 -5.98057086e-01
 -5.65567274e-01 -5.40538054e-01 -5.08169294e-01 -4.97553953e-01
 -4.87977102e-01 -4.41207153e-01 -4.39085612e-01 -4.36772138e-01
 -4.07590549e-01 -3.64292367e-01 -3.39749515e-01 -1.88775867e-01
 -1.81827034e-01 -1.81554427e-01 -1.10945461e-01 -8.83966508e-02
 -1.07547110e-02  2.64323355e-02  2.94869527e-02  5.03059139e-02
  5.88206599e-02  6.08380412e-02  6.86367194e-02  9.84004922e-02
  1.27684807e-01  1.37681890e-01  1.83472243e-01  1.98706315e-01
  2.13370988e-01  2.23553029e-01  2.46040009e-01  2.66081546e-01
  2.67035857e-01  3.09650472e-01  3.16783451e-01  3.29559759e-01
  3.52080849e-01  3.56152544e-01  3.67377436e-01  3.74003947e-01
  3.75738916e-01  3.91507465e-01  3.95531407e-01  4.27732932e-01
  4.40526369e-01  4.54868579e-01  4.65245857e-01  4.77271732e-01
  5.04996033e-01  5.07291702e-01  5.23193925e-01  5.39056767e-01
  5.50713385e-01  5.81077329e-01  5.84611438e-01  5.88986838e-01
  6.03040324e-01  6.56926650e-01  6.72596915e-01  6.75734953e-01
  6.81977608e-01  7.06646589e-01  7.13405283e-01  7.40531113e-01
  7.73915046e-01  8.26622181e-01  8.78381715e-01  8.80962477e-01
  8.87240228e-01  9.45002820e-01  9.56206719e-01  9.80701333e-01
  1.00830066e+00  1.01913716e+00  1.02259610e+00  1.02291749e+00
  1.03246340e+00  1.03421355e+00  1.06246920e+00  1.07658809e+00
  1.11945685e+00  1.20178350e+00  1.22132603e+00  1.25645935e+00
  1.29582417e+00  1.33015358e+00  1.37403087e+00  1.38764943e+00
  1.40219213e+00  1.41205774e+00  1.44830186e+00  1.44881339e+00
  1.47735128e+00  1.47908685e+00  1.49642008e+00  1.51677327e+00
  1.57569223e+00  1.62608288e+00  1.63370446e+00  1.63990669e+00
  1.65199597e+00  1.68506760e+00  1.70510904e+00  1.71008203e+00
  1.76708798e+00  1.77630863e+00  1.79289794e+00  1.82915632e+00
  1.83941583e+00  1.85616074e+00  1.86352028e+00  1.92987502e+00
  1.97591013e+00  1.98688498e+00  1.99444592e+00  2.02388853e+00
  2.06151929e+00  2.10262509e+00  2.13957577e+00  2.15473801e+00
  2.18692300e+00  2.24768253e+00  2.26378311e+00  2.26601687e+00
  2.30765521e+00  2.35443935e+00  2.36496753e+00  2.38369858e+00
  2.43176098e+00  2.44625399e+00  2.45289935e+00  2.45749121e+00
  2.50335403e+00  2.51898781e+00  2.52141531e+00  2.54646596e+00
  2.55349390e+00  2.57006815e+00  2.57711151e+00  2.59315116e+00
  2.59862705e+00  2.63142335e+00  2.68365054e+00  2.68762949e+00
  2.69980257e+00  2.78479349e+00  2.84520817e+00  2.85974242e+00
  2.87885987e+00  2.90141601e+00  3.01889435e+00  3.11546836e+00
  3.14660166e+00  3.26795318e+00  3.34409791e+00  3.38981572e+00
  3.56054655e+00  3.57594182e+00  3.67243868e+00  3.71175464e+00
  3.77103734e+00  3.81040515e+00  3.91538231e+00  3.95527486e+00
  4.00812812e+00  4.32362639e+00  4.47372955e+00  5.13606067e+00
  9.60080383e+00  2.35447344e+01  2.38239526e+01  2.38574727e+01
  2.39293903e+01  2.40176814e+01  2.40763938e+01  2.55576099e+01
  2.55645076e+01  2.58538745e+01  3.55086937e+01  2.15545220e+02]
nelec by numeric integration = 68.00000000562727
    CPU time for vxc     81.99 sec, wall time      2.93 sec
E1 = -1774.3403620948593  Ecoul = 717.7065249891684  Exc = -70.4292599872
cycle= 8 E= -748.203415969449  delta_E= -5.69e-06  |g|= 0.00181  |ddm|= 0.00465
    CPU time for cycle= 8     83.63 sec, wall time      2.99 sec
  HOMO = -0.181284429490737  LUMO = -0.110932533977907
  mo_energy =
[-1.01383135e+02 -1.44329193e+01 -1.02867978e+01 -1.02864131e+01
 -1.02611187e+01 -1.02530526e+01 -1.02528784e+01 -1.02335577e+01
 -9.29708745e+00 -7.05683002e+00 -7.05456330e+00 -7.05450949e+00
 -1.04424114e+00 -8.84573968e-01 -8.44215996e-01 -7.37932238e-01
 -7.15596626e-01 -6.95505927e-01 -6.40055835e-01 -5.98067048e-01
 -5.65609146e-01 -5.40642512e-01 -5.08240034e-01 -4.97518029e-01
 -4.87940430e-01 -4.41265711e-01 -4.38963537e-01 -4.36681907e-01
 -4.07570992e-01 -3.64264628e-01 -3.39816284e-01 -1.88495263e-01
 -1.81557959e-01 -1.81284429e-01 -1.10932534e-01 -8.84458633e-02
 -1.07521748e-02  2.64544385e-02  2.94408095e-02  5.03581943e-02
  5.87880448e-02  6.08290051e-02  6.86072313e-02  9.83961127e-02
  1.27753611e-01  1.37730687e-01  1.83471764e-01  1.98669386e-01
  2.13335419e-01  2.23515784e-01  2.46011286e-01  2.66088318e-01
  2.67100394e-01  3.09633623e-01  3.16744095e-01  3.29544421e-01
  3.52059006e-01  3.56154617e-01  3.67463769e-01  3.74046687e-01
  3.75720452e-01  3.91586471e-01  3.95556786e-01  4.27769081e-01
  4.40571336e-01  4.54926225e-01  4.65215521e-01  4.77246275e-01
  5.05101106e-01  5.07266301e-01  5.23168518e-01  5.38996096e-01
  5.50668911e-01  5.81120406e-01  5.84711647e-01  5.88938015e-01
  6.03041586e-01  6.56989134e-01  6.72558153e-01  6.75789175e-01
  6.82002890e-01  7.06610958e-01  7.13410791e-01  7.40543533e-01
  7.73882221e-01  8.26729094e-01  8.78446279e-01  8.80929878e-01
  8.87305728e-01  9.45004718e-01  9.56163949e-01  9.80728283e-01
  1.00822592e+00  1.01942492e+00  1.02297052e+00  1.02328574e+00
  1.03277738e+00  1.03425209e+00  1.06251690e+00  1.07662253e+00
  1.11940579e+00  1.20195794e+00  1.22143630e+00  1.25652729e+00
  1.29585046e+00  1.33017111e+00  1.37398360e+00  1.38766804e+00
  1.40230104e+00  1.41202916e+00  1.44840304e+00  1.44879995e+00
  1.47742856e+00  1.47903281e+00  1.49637838e+00  1.51672796e+00
  1.57566086e+00  1.62602942e+00  1.63366066e+00  1.63989063e+00
  1.65194658e+00  1.68506637e+00  1.70503864e+00  1.71000545e+00
  1.76706159e+00  1.77637429e+00  1.79295607e+00  1.82912185e+00
  1.83938096e+00  1.85615371e+00  1.86346302e+00  1.92998820e+00
  1.97587947e+00  1.98685460e+00  1.99452019e+00  2.02383373e+00
  2.06157362e+00  2.10265529e+00  2.13957668e+00  2.15477921e+00
  2.18688608e+00  2.24761251e+00  2.26411777e+00  2.26634520e+00
  2.30760562e+00  2.35446991e+00  2.36512796e+00  2.38363924e+00
  2.43186558e+00  2.44630625e+00  2.45287731e+00  2.45768464e+00
  2.50334040e+00  2.51894322e+00  2.52139473e+00  2.54645495e+00
  2.55359373e+00  2.56998723e+00  2.57709516e+00  2.59313455e+00
  2.59856333e+00  2.63142470e+00  2.68359013e+00  2.68761188e+00
  2.69978518e+00  2.78472795e+00  2.84521072e+00  2.85967890e+00
  2.87884795e+00  2.90138185e+00  3.01898947e+00  3.11545072e+00
  3.14668205e+00  3.26789123e+00  3.34403878e+00  3.38978756e+00
  3.56052350e+00  3.57594080e+00  3.67256246e+00  3.71173571e+00
  3.77115259e+00  3.81051388e+00  3.91529281e+00  3.95523475e+00
  4.00805662e+00  4.32360427e+00  4.47380787e+00  5.13608925e+00
  9.60130095e+00  2.35446576e+01  2.38238040e+01  2.38576732e+01
  2.39293386e+01  2.40175397e+01  2.40763476e+01  2.55580975e+01
  2.55649995e+01  2.58543196e+01  3.55088460e+01  2.15545751e+02]
nelec by numeric integration = 68.00000000564539
    CPU time for vxc     82.24 sec, wall time      2.94 sec
E1 = -1774.3308076175942  Ecoul = 717.6962961597205  Exc = -70.42858677181464
cycle= 9 E= -748.203417106247  delta_E= -1.14e-06  |g|= 0.000498  |ddm|= 0.00259
    CPU time for cycle= 9     83.91 sec, wall time      3.00 sec
  HOMO = -0.18123266532028  LUMO = -0.110968108835424
  mo_energy =
[-1.01383083e+02 -1.44330277e+01 -1.02868126e+01 -1.02863229e+01
 -1.02612385e+01 -1.02530331e+01 -1.02529632e+01 -1.02333979e+01
 -9.29702735e+00 -7.05677467e+00 -7.05450221e+00 -7.05444760e+00
 -1.04427375e+00 -8.84627212e-01 -8.44235533e-01 -7.37904755e-01
 -7.15630770e-01 -6.95516656e-01 -6.40002568e-01 -5.98086877e-01
 -5.65643734e-01 -5.40670296e-01 -5.08256078e-01 -4.97531200e-01
 -4.87975974e-01 -4.41303309e-01 -4.38908918e-01 -4.36648214e-01
 -4.07577791e-01 -3.64308060e-01 -3.39835388e-01 -1.88441518e-01
 -1.81506475e-01 -1.81232665e-01 -1.10968109e-01 -8.84654500e-02
 -1.07600168e-02  2.64488556e-02  2.94262627e-02  5.03767443e-02
  5.87560555e-02  6.08156374e-02  6.85995015e-02  9.83946516e-02
  1.27783469e-01  1.37742824e-01  1.83461240e-01  1.98637344e-01
  2.13297861e-01  2.23493577e-01  2.45988688e-01  2.66091619e-01
  2.67114557e-01  3.09614435e-01  3.16724309e-01  3.29516491e-01
  3.52053396e-01  3.56128384e-01  3.67485387e-01  3.74034477e-01
  3.75708866e-01  3.91597724e-01  3.95549125e-01  4.27760490e-01
  4.40579449e-01  4.54936098e-01  4.65203712e-01  4.77239706e-01
  5.05132885e-01  5.07236003e-01  5.23138069e-01  5.38969736e-01
  5.50660375e-01  5.81139804e-01  5.84759416e-01  5.88907859e-01
  6.03032843e-01  6.57001009e-01  6.72522271e-01  6.75774643e-01
  6.81991584e-01  7.06595581e-01  7.13392534e-01  7.40531857e-01
  7.73858323e-01  8.26747417e-01  8.78449752e-01  8.80899789e-01
  8.87308507e-01  9.44977272e-01  9.56125883e-01  9.80720179e-01
  1.00819960e+00  1.01946833e+00  1.02303571e+00  1.02334962e+00
  1.03283058e+00  1.03423468e+00  1.06252729e+00  1.07661445e+00
  1.11938655e+00  1.20198667e+00  1.22146259e+00  1.25652133e+00
  1.29584197e+00  1.33017369e+00  1.37395512e+00  1.38764501e+00
  1.40233753e+00  1.41200471e+00  1.44844179e+00  1.44878282e+00
  1.47744952e+00  1.47899932e+00  1.49635349e+00  1.51669640e+00
  1.57564212e+00  1.62601596e+00  1.63363822e+00  1.63988635e+00
  1.65192491e+00  1.68504269e+00  1.70501655e+00  1.70998285e+00
  1.76704198e+00  1.77639213e+00  1.79297593e+00  1.82910145e+00
  1.83934973e+00  1.85611700e+00  1.86343689e+00  1.93001011e+00
  1.97583916e+00  1.98684418e+00  1.99453627e+00  2.02380864e+00
  2.06158585e+00  2.10266194e+00  2.13954581e+00  2.15478530e+00
  2.18683942e+00  2.24759228e+00  2.26417326e+00  2.26640107e+00
  2.30758283e+00  2.35446459e+00  2.36517310e+00  2.38359635e+00
  2.43191226e+00  2.44633716e+00  2.45285207e+00  2.45773016e+00
  2.50332701e+00  2.51890346e+00  2.52138529e+00  2.54644044e+00
  2.55364518e+00  2.56996152e+00  2.57707489e+00  2.59314477e+00
  2.59852883e+00  2.63141786e+00  2.68356480e+00  2.68757250e+00
  2.69976113e+00  2.78471716e+00  2.84518350e+00  2.85965572e+00
  2.87882824e+00  2.90133858e+00  3.01902089e+00  3.11541862e+00
  3.14669957e+00  3.26787355e+00  3.34400778e+00  3.38973413e+00
  3.56051071e+00  3.57591859e+00  3.67258720e+00  3.71173163e+00
  3.77120389e+00  3.81049678e+00  3.91526221e+00  3.95517957e+00
  4.00803685e+00  4.32355724e+00  4.47377199e+00  5.13604418e+00
  9.60136136e+00  2.35446262e+01  2.38238130e+01  2.38578234e+01
  2.39293095e+01  2.40175323e+01  2.40762918e+01  2.55581608e+01
  2.55650644e+01  2.58543734e+01  3.55087426e+01  2.15545804e+02]
nelec by numeric integration = 68.0000000056521
    CPU time for vxc     83.95 sec, wall time      3.01 sec
E1 = -1774.3303806361268  Ecoul = 717.6958428429705  Exc = -70.4285605038173
cycle= 10 E= -748.203417173532  delta_E= -6.73e-08  |g|= 0.000207  |ddm|= 0.000625
    CPU time for cycle= 10     85.61 sec, wall time      3.07 sec
  HOMO = -0.181200529827012  LUMO = -0.11097582809332
  mo_energy =
[-1.01383015e+02 -1.44330002e+01 -1.02868001e+01 -1.02863717e+01
 -1.02612163e+01 -1.02530559e+01 -1.02529302e+01 -1.02334075e+01
 -9.29697950e+00 -7.05672629e+00 -7.05445228e+00 -7.05439724e+00
 -1.04428512e+00 -8.84633990e-01 -8.44251223e-01 -7.37911145e-01
 -7.15640216e-01 -6.95526398e-01 -6.39971608e-01 -5.98096876e-01
 -5.65652090e-01 -5.40682094e-01 -5.08272554e-01 -4.97543036e-01
 -4.87979312e-01 -4.41312673e-01 -4.38916814e-01 -4.36657930e-01
 -4.07582946e-01 -3.64314684e-01 -3.39852150e-01 -1.88412961e-01
 -1.81474472e-01 -1.81200530e-01 -1.10975828e-01 -8.84783616e-02
 -1.07689006e-02  2.64419792e-02  2.94147585e-02  5.03731136e-02
  5.87469277e-02  6.08080637e-02  6.85888868e-02  9.83841178e-02
  1.27779328e-01  1.37739863e-01  1.83447552e-01  1.98626784e-01
  2.13290629e-01  2.23481295e-01  2.45975950e-01  2.66078698e-01
  2.67108716e-01  3.09606294e-01  3.16710296e-01  3.29503084e-01
  3.52040141e-01  3.56123908e-01  3.67503484e-01  3.74038275e-01
  3.75697423e-01  3.91605130e-01  3.95541554e-01  4.27758832e-01
  4.40576180e-01  4.54938512e-01  4.65190013e-01  4.77230354e-01
  5.05131185e-01  5.07227361e-01  5.23129296e-01  5.38959591e-01
  5.50648329e-01  5.81131462e-01  5.84753645e-01  5.88898759e-01
  6.03025607e-01  6.56995529e-01  6.72514025e-01  6.75765851e-01
  6.81985576e-01  7.06584517e-01  7.13380524e-01  7.40526014e-01
  7.73844357e-01  8.26752761e-01  8.78447609e-01  8.80887620e-01
  8.87306987e-01  9.44968481e-01  9.56114181e-01  9.80710256e-01
  1.00818348e+00  1.01949475e+00  1.02307434e+00  1.02338734e+00
  1.03286094e+00  1.03422998e+00  1.06251958e+00  1.07660353e+00
  1.11936875e+00  1.20199603e+00  1.22146184e+00  1.25651834e+00
  1.29583041e+00  1.33016111e+00  1.37394212e+00  1.38763655e+00
  1.40233038e+00  1.41199463e+00  1.44843471e+00  1.44877105e+00
  1.47744339e+00  1.47898866e+00  1.49634105e+00  1.51668387e+00
  1.57563007e+00  1.62600305e+00  1.63362282e+00  1.63987121e+00
  1.65191194e+00  1.68503356e+00  1.70499886e+00  1.70996919e+00
  1.76702970e+00  1.77638297e+00  1.79296806e+00  1.82909153e+00
  1.83934139e+00  1.85611077e+00  1.86342273e+00  1.93000978e+00
  1.97583081e+00  1.98683187e+00  1.99452884e+00  2.02379210e+00
  2.06157688e+00  2.10265259e+00  2.13953719e+00  2.15477757e+00
  2.18683221e+00  2.24757809e+00  2.26420790e+00  2.26643507e+00
  2.30757260e+00  2.35445395e+00  2.36517539e+00  2.38358806e+00
  2.43190376e+00  2.44632410e+00  2.45284277e+00  2.45773878e+00
  2.50331577e+00  2.51889701e+00  2.52137658e+00  2.54643079e+00
  2.55363616e+00  2.56995174e+00  2.57706421e+00  2.59312769e+00
  2.59851849e+00  2.63140761e+00  2.68355309e+00  2.68756526e+00
  2.69975189e+00  2.78470218e+00  2.84517446e+00  2.85964054e+00
  2.87882014e+00  2.90133073e+00  3.01901508e+00  3.11541288e+00
  3.14669500e+00  3.26786407e+00  3.34399822e+00  3.38972963e+00
  3.56049736e+00  3.57590929e+00  3.67258197e+00  3.71171660e+00
  3.77119706e+00  3.81049637e+00  3.91525127e+00  3.95517577e+00
  4.00802348e+00  4.32355180e+00  4.47377437e+00  5.13604035e+00
  9.60140581e+00  2.35446268e+01  2.38238025e+01  2.38578140e+01
  2.39293081e+01  2.40175271e+01  2.40762989e+01  2.55582044e+01
  2.55651088e+01  2.58544140e+01  3.55087680e+01  2.15545869e+02]
nelec by numeric integration = 68.00000000565322
    CPU time for vxc     83.27 sec, wall time      2.98 sec
E1 = -1774.3297332548873  Ecoul = 717.6951192865023  Exc = -70.42848433994911
cycle= 11 E= -748.203417184892  delta_E= -1.14e-08  |g|= 5.76e-05  |ddm|= 0.000322
    CPU time for cycle= 11     84.92 sec, wall time      3.04 sec
  HOMO = -0.181202561864878  LUMO = -0.110972452331139
  mo_energy =
[-1.01383017e+02 -1.44329906e+01 -1.02868075e+01 -1.02863548e+01
 -1.02612047e+01 -1.02530447e+01 -1.02529397e+01 -1.02334111e+01
 -9.29698237e+00 -7.05672900e+00 -7.05445507e+00 -7.05439990e+00
 -1.04428073e+00 -8.84630006e-01 -8.44248411e-01 -7.37910080e-01
 -7.15637090e-01 -6.95524011e-01 -6.39973634e-01 -5.98094311e-01
 -5.65648437e-01 -5.40680499e-01 -5.08270352e-01 -4.97540260e-01
 -4.87975656e-01 -4.41309798e-01 -4.38916851e-01 -4.36656983e-01
 -4.07580664e-01 -3.64311013e-01 -3.39849984e-01 -1.88414556e-01
 -1.81476580e-01 -1.81202562e-01 -1.10972452e-01 -8.84762137e-02
 -1.07682405e-02  2.64428495e-02  2.94153550e-02  5.03733137e-02
  5.87493404e-02  6.08088192e-02  6.85895376e-02  9.83854981e-02
  1.27780216e-01  1.37739645e-01  1.83450949e-01  1.98628855e-01
  2.13291144e-01  2.23483910e-01  2.45976819e-01  2.66080612e-01
  2.67108515e-01  3.09606717e-01  3.16711762e-01  3.29505443e-01
  3.52043767e-01  3.56125589e-01  3.67502768e-01  3.74037795e-01
  3.75698790e-01  3.91605292e-01  3.95543707e-01  4.27760289e-01
  4.40577707e-01  4.54939251e-01  4.65191414e-01  4.77231881e-01
  5.05131733e-01  5.07228737e-01  5.23131713e-01  5.38961219e-01
  5.50649823e-01  5.81132864e-01  5.84753619e-01  5.88900696e-01
  6.03026616e-01  6.56996809e-01  6.72515954e-01  6.75768244e-01
  6.81987180e-01  7.06586340e-01  7.13382814e-01  7.40526571e-01
  7.73846227e-01  8.26753087e-01  8.78448427e-01  8.80889942e-01
  8.87307476e-01  9.44970225e-01  9.56117280e-01  9.80711544e-01
  1.00818546e+00  1.01949288e+00  1.02307151e+00  1.02338459e+00
  1.03285868e+00  1.03423203e+00  1.06252048e+00  1.07660524e+00
  1.11937202e+00  1.20199580e+00  1.22146184e+00  1.25652016e+00
  1.29583273e+00  1.33016289e+00  1.37394425e+00  1.38763931e+00
  1.40233110e+00  1.41199690e+00  1.44843465e+00  1.44877390e+00
  1.47744367e+00  1.47899078e+00  1.49634350e+00  1.51668628e+00
  1.57563172e+00  1.62600466e+00  1.63362453e+00  1.63987309e+00
  1.65191326e+00  1.68503565e+00  1.70500031e+00  1.70997112e+00
  1.76703217e+00  1.77638417e+00  1.79296867e+00  1.82909331e+00
  1.83934363e+00  1.85611355e+00  1.86342531e+00  1.93001063e+00
  1.97583392e+00  1.98683401e+00  1.99453029e+00  2.02379428e+00
  2.06157836e+00  2.10265378e+00  2.13953956e+00  2.15477901e+00
  2.18683494e+00  2.24757962e+00  2.26420566e+00  2.26643306e+00
  2.30757452e+00  2.35445679e+00  2.36517523e+00  2.38359072e+00
  2.43190466e+00  2.44632599e+00  2.45284534e+00  2.45773816e+00
  2.50331752e+00  2.51890000e+00  2.52137628e+00  2.54643271e+00
  2.55363644e+00  2.56995174e+00  2.57706598e+00  2.59313039e+00
  2.59852051e+00  2.63140862e+00  2.68355647e+00  2.68756918e+00
  2.69975490e+00  2.78470479e+00  2.84517809e+00  2.85964320e+00
  2.87882311e+00  2.90133441e+00  3.01901594e+00  3.11541698e+00
  3.14669584e+00  3.26786662e+00  3.34400183e+00  3.38973323e+00
  3.56050093e+00  3.57591231e+00  3.67258383e+00  3.71172043e+00
  3.77119653e+00  3.81050010e+00  3.91525368e+00  3.95517927e+00
  4.00802612e+00  4.32355579e+00  4.47377881e+00  5.13604533e+00
  9.60140293e+00  2.35446316e+01  2.38238060e+01  2.38578108e+01
  2.39293146e+01  2.40175297e+01  2.40763038e+01  2.55582014e+01
  2.55651060e+01  2.58544111e+01  3.55087773e+01  2.15545867e+02]
nelec by numeric integration = 68.00000000565267
    CPU time for vxc     81.85 sec, wall time      2.95 sec
E1 = -1774.329641069698  Ecoul = 717.6950208814806  Exc = -70.42847812092789
cycle= 12 E= -748.203417185704  delta_E= -8.11e-10  |g|= 2.37e-05  |ddm|= 5.66e-05
    CPU time for cycle= 12     83.45 sec, wall time      3.01 sec
  HOMO = -0.181210599212322  LUMO = -0.110969640762116
  mo_energy =
[-1.01383030e+02 -1.44329891e+01 -1.02867905e+01 -1.02863590e+01
 -1.02612061e+01 -1.02530509e+01 -1.02529278e+01 -1.02334023e+01
 -9.29699501e+00 -7.05674179e+00 -7.05446774e+00 -7.05441242e+00
 -1.04427657e+00 -8.84627185e-01 -8.44244047e-01 -7.37906714e-01
 -7.15633607e-01 -6.95520743e-01 -6.39981457e-01 -5.98091450e-01
 -5.65644886e-01 -5.40677117e-01 -5.08266125e-01 -4.97536564e-01
 -4.87973200e-01 -4.41306631e-01 -4.38913069e-01 -4.36653604e-01
 -4.07577232e-01 -3.64308349e-01 -3.39845923e-01 -1.88421228e-01
 -1.81484718e-01 -1.81210599e-01 -1.10969641e-01 -8.84724543e-02
 -1.07662125e-02  2.64446122e-02  2.94175359e-02  5.03753808e-02
  5.87524527e-02  6.08105925e-02  6.85916389e-02  9.83868882e-02
  1.27780921e-01  1.37742065e-01  1.83452668e-01  1.98631721e-01
  2.13295158e-01  2.23486075e-01  2.45980559e-01  2.66082721e-01
  2.67111661e-01  3.09610095e-01  3.16715358e-01  3.29507611e-01
  3.52043953e-01  3.56126810e-01  3.67499360e-01  3.74039536e-01
  3.75700727e-01  3.91603742e-01  3.95544845e-01  4.27760532e-01
  4.40579061e-01  4.54939594e-01  4.65194388e-01  4.77234747e-01
  5.05132667e-01  5.07231222e-01  5.23134333e-01  5.38964162e-01
  5.50653300e-01  5.81134885e-01  5.84756240e-01  5.88903247e-01
  6.03029656e-01  6.56998106e-01  6.72518123e-01  6.75770973e-01
  6.81988410e-01  7.06589446e-01  7.13385109e-01  7.40528826e-01
  7.73849507e-01  8.26751563e-01  8.78448956e-01  8.80893270e-01
  8.87308564e-01  9.44972119e-01  9.56120797e-01  9.80713744e-01
  1.00818918e+00  1.01948558e+00  1.02306173e+00  1.02337499e+00
  1.03285047e+00  1.03423324e+00  1.06252362e+00  1.07660826e+00
  1.11937549e+00  1.20199334e+00  1.22146331e+00  1.25652169e+00
  1.29583575e+00  1.33016637e+00  1.37394822e+00  1.38764237e+00
  1.40233326e+00  1.41199960e+00  1.44843779e+00  1.44877652e+00
  1.47744695e+00  1.47899325e+00  1.49634660e+00  1.51668964e+00
  1.57563488e+00  1.62600780e+00  1.63362790e+00  1.63987659e+00
  1.65191771e+00  1.68503815e+00  1.70500393e+00  1.70997406e+00
  1.76703479e+00  1.77638688e+00  1.79297154e+00  1.82909613e+00
  1.83934627e+00  1.85611597e+00  1.86342906e+00  1.93001084e+00
  1.97583689e+00  1.98683748e+00  1.99453283e+00  2.02379809e+00
  2.06158154e+00  2.10265752e+00  2.13954217e+00  2.15478159e+00
  2.18683738e+00  2.24758333e+00  2.26419704e+00  2.26642500e+00
  2.30757774e+00  2.35446012e+00  2.36517501e+00  2.38359327e+00
  2.43190714e+00  2.44632805e+00  2.45284942e+00  2.45773625e+00
  2.50332094e+00  2.51890331e+00  2.52138082e+00  2.54643500e+00
  2.55364006e+00  2.56995511e+00  2.57706868e+00  2.59313235e+00
  2.59852342e+00  2.63141311e+00  2.68355912e+00  2.68757302e+00
  2.69975742e+00  2.78470941e+00  2.84518158e+00  2.85964739e+00
  2.87882697e+00  2.90133735e+00  3.01901805e+00  3.11541931e+00
  3.14670042e+00  3.26787060e+00  3.34400502e+00  3.38973582e+00
  3.56050515e+00  3.57591638e+00  3.67258736e+00  3.71172430e+00
  3.77120137e+00  3.81050313e+00  3.91525689e+00  3.95518162e+00
  4.00803014e+00  4.32355888e+00  4.47378206e+00  5.13604887e+00
  9.60139110e+00  2.35446346e+01  2.38238109e+01  2.38578191e+01
  2.39293183e+01  2.40175337e+01  2.40763056e+01  2.55581898e+01
  2.55650947e+01  2.58543994e+01  3.55087789e+01  2.15545854e+02]
nelec by numeric integration = 68.00000000565306
    CPU time for vxc     82.08 sec, wall time      2.95 sec
E1 = -1774.329709250536  Ecoul = 717.6950971679707  Exc = -70.42848622621788
Extra cycle  E= -748.203417185341  delta_E= 3.62e-10  |g|= 4.36e-05  |ddm|= 7.45e-05
    CPU time for scf_cycle   1247.17 sec, wall time     45.02 sec
    CPU time for SCF   1247.18 sec, wall time     45.02 sec
converged SCF energy = -748.203417185341
Converting <class 'pyscf.dft.rks.RKS'> to RHF


******** <class 'pyscf.tdscf.rks.TDA'> for <class 'pyscf.dft.rks.RKS'> ********
nstates = 5 singlet
wfnsym = None
conv_tol = 1e-09
eigh lindep = 1e-12
eigh level_shift = 0
eigh max_space = 8
eigh max_cycle = 2000
chkfile = /scratch/global/yangjunjie/tmpq6nwu1qz
max_memory 127949 MB (current use 2271 MB)


davidson 0 5  |r|= 0.0339  e= [0.0513346  0.05482486 0.05561433 0.074501   0.07460286]  max|de|= 0.0746  lindep=    1
davidson 1 10  |r|= 0.0088  e= [0.05126053 0.05324105 0.0551821  0.07436221 0.07458857]  max|de|= -0.00158  lindep= 0.846
davidson 2 15  |r|= 0.00315  e= [0.05126042 0.05316777 0.05516128 0.0743552  0.07458828]  max|de|= -7.33e-05  lindep= 0.739
davidson 3 20  |r|= 0.000768  e= [0.05126042 0.05315687 0.05516105 0.07435454 0.07458827]  max|de|= -1.09e-05  lindep= 0.55
root 0 converged  |r|= 1.1e-05  e= 0.051260419634841736  max|de|= 1.25e-16
root 4 converged  |r|= 3.05e-05  e= 0.07458826766256232  max|de|= -5.55e-17
davidson 4 5  |r|= 0.000768  e= [0.05126042 0.05315687 0.05516105 0.07435454 0.07458827]  max|de|= -2.08e-16  lindep=    1
davidson 5 8  |r|= 0.000202  e= [0.05126042 0.05315649 0.05516105 0.0743545  0.07458827]  max|de|= -3.86e-07  lindep= 0.782
root 2 converged  |r|= 1.87e-06  e= 0.055161048788402285  max|de|= -1.06e-10
davidson 6 12  |r|= 6.08e-05  e= [0.05126042 0.05315644 0.05516105 0.07435449 0.07458827]  max|de|= -4.48e-08  lindep= 0.549
root 3 converged  |r|= 4.9e-06  e= 0.07435449078215661  max|de|= -4.96e-10
davidson 7 15  |r|= 2.89e-05  e= [0.05126042 0.05315644 0.05516105 0.07435449 0.07458826]  max|de|= -4.04e-09  lindep= 0.788
root 1 converged  |r|= 4.83e-06  e= 0.0531564387239413  max|de|= -3.39e-10
davidson 8 17  |r|= 7.61e-06  e= [0.05126042 0.05315644 0.05516105 0.07435449 0.07458826]  max|de|= -1.62e-09  lindep= 0.898
root 4 converged  |r|= 7.61e-06  e= 0.07458825952149084  max|de|= 2.5e-16
converged 9 5  |r|= 7.61e-06  e= [0.05126042 0.05315644 0.05516105 0.07435449 0.07458826]  max|de|= 2.5e-16
    CPU time for TDA   2109.74 sec, wall time     79.69 sec
Excited State energies (eV)
[1.39486706 1.44646037 1.50100859 2.02328875 2.02964992]
