 
:: initializing oneAPI environment ...
   slurm_script: BASH_VERSION = 4.2.46(1)-release
   args: Using "$@" for setvars.sh arguments: --force
:: advisor -- latest
:: ccl -- latest
:: clck -- latest
:: compiler -- latest
:: dal -- latest
:: debugger -- latest
:: dev-utilities -- latest
:: dnnl -- latest
:: dpcpp-ct -- latest
:: dpl -- latest
:: inspector -- latest
:: intelpython -- latest
:: ipp -- latest
:: ippcp -- latest
:: ipp -- latest
:: itac -- latest
:: mkl -- latest
:: mpi -- latest
:: tbb -- latest
:: vpl -- latest
:: vtune -- latest
:: oneAPI environment initialized ::
 
SLURM_CPUS_PER_TASK = 28
SLURM_MEM_PER_NODE = 256000
#INFO: **** input file is /home/yangjunjie/work/py-ch3-cl/work/step_1/main.py ****
import sys
import pyscf
from pyscf import tdscf

def main(xyz_file, basis="631g*", xc="b3lyp", output="ene.out"):
    xyz = None

    with open(xyz_file, "r") as xyz:
        xyz = xyz.readlines()[2:]
        xyz = "".join(xyz)

    mol = pyscf.gto.Mole()
    mol.atom = xyz
    mol.basis = basis
    mol.verbose = 5
    mol.build()

    if xc is not None and xc != "hf":
        mf = pyscf.scf.RKS(mol)
        mf.xc = xc
        mf.kernel()
    else:
        mf = pyscf.scf.RHF(mol)
        mf.kernel()

    ene_mf = mf.e_tot

    with open(output, "w") as f:
        tda = pyscf.tdscf.TDA(mf)
        tda.nstates = 5
        tda.max_space = 8
        tda.max_cycle = 2000
        tda.kernel()

        con_tda = tda.converged
        ene_tda = tda.e[:5]
        dip_tda = tda.transition_dipole()[:5]

        f.write(f"RKS energy: {ene_mf: 12.8f}\n")
        f.write("TDA results:\n")
        for i, (con, ene, dip) in enumerate(zip(con_tda, ene_tda, dip_tda)):
            f.write(f" {i:2d} {con} {ene: 12.8f} {dip[0]: 12.8f} {dip[1]: 12.8f} {dip[2]: 12.8f}\n")

        # rpa = pyscf.tdscf.RPA(mf)
        # rpa.nstates = 5
        # rpa.max_space = 8
        # rpa.max_cycle = 2000
        # rpa.kernel()

        # con_rpa = rpa.converged
        # ene_rpa = rpa.e[:5]
        # dip_rpa = rpa.transition_dipole()[:5]
        
        # f.write("\nRPA results:\n")
        # for i, (con, ene, dip) in enumerate(zip(con_rpa, ene_rpa, dip_rpa)):
        #     f.write(f" {i:2d} {con} {ene: 12.8f} {dip[0]: 12.8f} {dip[1]: 12.8f} {dip[2]: 12.8f}\n")

if __name__ == "__main__":
    xyz = sys.argv[1]
    main(xyz, basis="631g*", xc="b3lyp", output="out.log")
#INFO: ******************** input file end ********************


System: uname_result(system='Linux', node='pauling005', release='3.10.0-327.36.3.el7.x86_64', version='#1 SMP Thu Oct 20 04:56:07 EDT 2016', machine='x86_64')  Threads 28
Python 3.9.7 (default, Oct 27 2021, 01:23:21) 
[GCC 9.3.0]
numpy 1.21.2  scipy 1.6.2
Date: Tue Sep 27 23:37:05 2022
PySCF version 2.0.1
PySCF path  /home/yangjunjie/packages/pyscf/pyscf-main
GIT ORIG_HEAD 14b880cdc4bf7bb64f3989a147c0b04622efc498
GIT HEAD (branch master) 9d5b5bd309d1cc55fbd1a0ec76e26b5b0c7f76af

[ENV] PYSCF_MAX_MEMORY 256000
[ENV] PYSCF_TMPDIR /scratch/global/yangjunjie/
[CONFIG] conf_file /home/yangjunjie/.pyscf_conf.py
[INPUT] verbose = 5
[INPUT] max_memory = 256000 
[INPUT] num. atoms = 16
[INPUT] num. electrons = 68
[INPUT] charge = 0
[INPUT] spin (= nelec alpha-beta = 2S) = 0
[INPUT] symmetry False subgroup None
[INPUT] Mole.unit = angstrom
[INPUT]  1 C      0.000000000000   1.166953860000   1.020905750000 AA    0.000000000000   2.205223195404   1.929232266494 Bohr
[INPUT]  2 C      0.000000000000   1.193302370000   2.410109270000 AA    0.000000000000   2.255014663094   4.554446450575 Bohr
[INPUT]  3 C      0.000000020000  -0.012072330000   3.105958770000 AA    0.000000037795  -0.022813397385   5.869411429491 Bohr
[INPUT]  4 C      0.000000000000  -1.205677280000   2.387674630000 AA    0.000000000000  -2.278399853811   4.512051125272 Bohr
[INPUT]  5 C     -0.000000010000  -1.153703410000   1.000652740000 AA   -0.000000018897  -2.180183473877   1.890959624396 Bohr
[INPUT]  6 N      0.000000000000   0.013278750000   0.338438490000 AA    0.000000000000   0.025093200777   0.639556056111 Bohr
[INPUT]  7 C      0.000000020000   0.005302980000  -1.424526050000 AA    0.000000037795   0.010021179844  -2.691964091808 Bohr
[INPUT]  8 H      0.000000030000   2.073635530000   0.429034550000 AA    0.000000056692   3.918603233867   0.810757797476 Bohr
[INPUT]  9 H     -0.000000010000   2.142978470000   2.930643120000 AA   -0.000000018897   4.049642399139   5.538112865641 Bohr
[INPUT] 10 H     -0.000000020000  -0.022122260000   4.189861280000 AA   -0.000000037795  -0.041805012656   7.917690319120 Bohr
[INPUT] 11 H     -0.000000030000  -2.164553160000   2.890960780000 AA   -0.000000056692  -4.090412654462   5.463124111059 Bohr
[INPUT] 12 H      0.000000010000  -2.048026470000   0.389640590000 AA    0.000000018897  -3.870209124160   0.736314002114 Bohr
[INPUT] 13 H     -0.000000050000   1.064107380000  -1.643762590000 AA   -0.000000094486   2.010871515328  -3.106261108906 Bohr
[INPUT] 14 H     -0.919319880000  -0.524125610000  -1.635457500000 AA   -1.737262794068  -0.990453857771  -3.090566763366 Bohr
[INPUT] 15 H      0.919319920000  -0.524125600000  -1.635457510000 AA    1.737262869657  -0.990453838873  -3.090566782263 Bohr
[INPUT] 16 Cl    -0.000000010000   0.003109370000  -3.980930820000 AA   -0.000000018897   0.005875857720  -7.522868970640 Bohr
[INPUT] ---------------- BASIS SET ---------------- 
[INPUT] l, kappa, [nprim/nctr], expnt,             c_1 c_2 ...
[INPUT] C
[INPUT] 0    0    [6    /1   ]  3047.5249         0.0018347
                                457.36951         0.0140373
                                103.94869         0.0688426
                                29.210155         0.2321844
                                9.286663          0.4679413
                                3.163927          0.362312
[INPUT] 0    0    [3    /1   ]  7.8682724         -0.1193324
                                1.8812885         -0.1608542
                                0.5442493         1.1434564
[INPUT] 0    0    [1    /1   ]  0.1687144            1
[INPUT] 1    0    [3    /1   ]  7.8682724         0.0689991
                                1.8812885         0.316424
                                0.5442493         0.7443083
[INPUT] 1    0    [1    /1   ]  0.1687144            1
[INPUT] 2    0    [1    /1   ]  0.8                  1
[INPUT] H
[INPUT] 0    0    [3    /1   ]  18.731137         0.0334946
                                2.8253937         0.23472695
                                0.6401217         0.81375733
[INPUT] 0    0    [1    /1   ]  0.1612778            1
[INPUT] Cl
[INPUT] 0    0    [6    /1   ]  25180.1           0.001833
                                3780.35           0.014034
                                860.474           0.069097
                                242.145           0.237452
                                77.3349           0.483034
                                26.247            0.339856
[INPUT] 0    0    [6    /1   ]  491.765           -0.0022974
                                116.984           -0.030714
                                37.4153           -0.112528
                                13.7834           0.045016
                                5.45215           0.589353
                                2.22588           0.465206
[INPUT] 0    0    [3    /1   ]  3.18649           -0.25183
                                1.14427           0.061589
                                0.420377          1.06018
[INPUT] 0    0    [1    /1   ]  0.142657             1
[INPUT] 1    0    [6    /1   ]  491.765           0.0039894
                                116.984           0.030318
                                37.4153           0.12988
                                13.7834           0.327951
                                5.45215           0.453527
                                2.22588           0.252154
[INPUT] 1    0    [3    /1   ]  3.18649           -0.014299
                                1.14427           0.323572
                                0.420377          0.743507
[INPUT] 1    0    [1    /1   ]  0.142657             1
[INPUT] 2    0    [1    /1   ]  0.75                 1
[INPUT] N
[INPUT] 0    0    [6    /1   ]  4173.511          0.0018348
                                627.4579          0.013995
                                142.9021          0.068587
                                40.23433          0.232241
                                12.82021          0.46907
                                4.390437          0.360455
[INPUT] 0    0    [3    /1   ]  11.626358         -0.114961
                                2.71628           -0.169118
                                0.772218          1.145852
[INPUT] 0    0    [1    /1   ]  0.2120313            1
[INPUT] 1    0    [3    /1   ]  11.626358         0.06758
                                2.71628           0.323907
                                0.772218          0.740895
[INPUT] 1    0    [1    /1   ]  0.2120313            1
[INPUT] 2    0    [1    /1   ]  0.8                  1

nuclear repulsion = 378.859681123442
number of shells = 66
number of NR pGTOs = 272
number of NR cGTOs = 132
basis = 631g*
ecp = {}
CPU time:         0.36


******** <class 'pyscf.dft.rks.RKS'> ********
method = RKS
initial guess = minao
damping factor = 0
level_shift factor = 0
DIIS = <class 'pyscf.scf.diis.CDIIS'>
diis_start_cycle = 1
diis_space = 8
SCF conv_tol = 1e-09
SCF conv_tol_grad = None
SCF max_cycles = 50
direct_scf = True
direct_scf_tol = 1e-13
chkfile to save SCF result = /scratch/global/yangjunjie/tmpn60q01ow
max_memory 256000 MB (current use 81 MB)
XC library pyscf.dft.libxc version 5.2.0
    S. Lehtola, C. Steigemann, M. J. Oliveira, and M. A. Marques, SoftwareX 7, 1 (2018)
XC functionals = b3lyp
    P. A. M. Dirac, Math. Proc. Cambridge Philos. Soc. 26, 376 (1930)
    F. Bloch, Z. Phys. 57, 545 (1929)
    A. D. Becke, Phys. Rev. A 38, 3098 (1988)
    C. Lee, W. Yang, and R. G. Parr, Phys. Rev. B 37, 785 (1988)
    B. Miehlich, A. Savin, H. Stoll, and H. Preuss, Chem. Phys. Lett. 157, 200 (1989)
    S. H. Vosko, L. Wilk, and M. Nusair, Can. J. Phys. 58, 1200 (1980)
radial grids: 
    Treutler-Ahlrichs [JCP 102, 346 (1995); DOI:10.1063/1.469408] (M4) radial grids
    
becke partition: Becke, JCP 88, 2547 (1988); DOI:10.1063/1.454033
pruning grids: <function nwchem_prune at 0x7f578a420ee0>
grids dens level: 3
symmetrized grids: False
atomic radii adjust function: <function treutler_atomic_radii_adjust at 0x7f578a420e50>
small_rho_cutoff = 1e-07
Set gradient conv threshold to 3.16228e-05
atom C rad-grids = 75, ang-grids = [ 50  50  50  50  50  50  50  50  50  50  50  50  50  50  50  50  50  50
  50  50  50  50  50  86  86  86  86  86  86  86  86  86  86 266 266 266
 266 266 266 266 302 302 302 302 302 302 302 302 302 302 302 302 302 302
 302 302 302 302 302 302 266 266 266 266 266 266 266 266 266 266 266 266
 266 266 266]
atom N rad-grids = 75, ang-grids = [ 50  50  50  50  50  50  50  50  50  50  50  50  50  50  50  50  50  50
  50  50  50  50  50  86  86  86  86  86  86  86  86  86 266 266 266 266
 266 266 266 302 302 302 302 302 302 302 302 302 302 302 302 302 302 302
 302 302 302 302 266 266 266 266 266 266 266 266 266 266 266 266 266 266
 266 266 266]
atom H rad-grids = 50, ang-grids = [ 50  50  50  50  50  50  50  50  50  50  50  50  50  50  86  86  86  86
 266 266 266 266 302 302 302 302 302 302 302 302 302 302 302 302 302 266
 266 266 266 266 266 266 266 266 266 266 266 266 266 266]
atom Cl rad-grids = 80, ang-grids = [ 50  50  50  50  50  50  50  50  50  50  50  50  50  50  50  50  50  50
  50  50  50  50  50  50  86  86  86  86  86  86  86  86  86  86  86  86
  86 350 350 350 350 350 350 350 350 350 434 434 434 434 434 434 434 434
 434 434 434 434 434 434 434 434 434 434 350 350 350 350 350 350 350 350
 350 350 350 350 350 350 350 350]
tot grids = 196530
Drop grids 33522
    CPU time for setting up grids      3.15 sec, wall time      0.12 sec
nelec by numeric integration = 67.9766124110625
    CPU time for vxc      6.01 sec, wall time      0.21 sec
E1 = -1771.011088872082  Ecoul = 713.5665674791363  Exc = -70.3346820994232
init E= -748.919522368927
cond(S) = 6546.369210394254
    CPU time for initialize scf     16.31 sec, wall time      0.65 sec
  HOMO = -0.295126867356904  LUMO = -0.102136937479385
  mo_energy =
[-1.01593483e+02 -1.44102820e+01 -1.02917018e+01 -1.02910143e+01
 -1.02901106e+01 -1.02850169e+01 -1.02848838e+01 -1.02805887e+01
 -9.53323702e+00 -7.28884192e+00 -7.28878440e+00 -7.28878290e+00
 -1.10495699e+00 -9.45159055e-01 -8.87262055e-01 -8.53871134e-01
 -7.90297666e-01 -7.12916185e-01 -7.03302594e-01 -5.77750576e-01
 -5.34242381e-01 -5.12933967e-01 -4.75860462e-01 -4.70634324e-01
 -4.61417102e-01 -4.46960946e-01 -4.23517997e-01 -3.97109367e-01
 -3.87403746e-01 -3.54858148e-01 -3.54039927e-01 -3.31354415e-01
 -3.22736283e-01 -2.95126867e-01 -1.02136937e-01 -7.93075393e-02
 -2.63046021e-02  6.24161299e-02  6.45293288e-02  7.25659295e-02
  9.58512906e-02  1.16873696e-01  1.29581102e-01  1.37588012e-01
  1.39000640e-01  1.58653127e-01  2.13538218e-01  2.36851412e-01
  2.55667112e-01  2.65510089e-01  3.38064492e-01  3.78217373e-01
  4.03940050e-01  4.16824654e-01  4.19837745e-01  4.55162195e-01
  4.76236332e-01  4.90735399e-01  4.95064428e-01  5.23353046e-01
  5.29983410e-01  5.39539163e-01  5.42572017e-01  5.51468459e-01
  5.65178088e-01  5.66730155e-01  5.80861083e-01  6.14325331e-01
  6.28227949e-01  6.58464370e-01  6.90412493e-01  7.56856268e-01
  7.69928588e-01  7.72838937e-01  7.90590986e-01  7.91365408e-01
  8.02170858e-01  8.02230056e-01  8.17409522e-01  8.23553733e-01
  8.59145771e-01  8.65233533e-01  8.84837874e-01  8.99940722e-01
  9.10193582e-01  9.50084349e-01  9.72447813e-01  1.03557334e+00
  1.04479012e+00  1.10345461e+00  1.12139510e+00  1.14787523e+00
  1.17809089e+00  1.20522248e+00  1.30050868e+00  1.34683009e+00
  1.38319405e+00  1.40319755e+00  1.41169865e+00  1.41193954e+00
  1.44311472e+00  1.46994869e+00  1.62698928e+00  1.67055938e+00
  1.70248281e+00  1.76944347e+00  1.78288648e+00  1.84527980e+00
  1.86459373e+00  1.89179565e+00  1.97900767e+00  2.06567665e+00
  2.08430258e+00  2.09428659e+00  2.10376736e+00  2.12169226e+00
  2.15678754e+00  2.19715671e+00  2.22599808e+00  2.24655452e+00
  2.29497306e+00  2.32370647e+00  2.49683535e+00  2.50462556e+00
  2.60060849e+00  2.61337656e+00  2.65270778e+00  2.66384848e+00
  2.68956147e+00  2.71796998e+00  2.94810517e+00  3.32733010e+00]
nelec by numeric integration = 68.00003790222998
    CPU time for vxc      5.80 sec, wall time      0.21 sec
E1 = -1778.0944831523784  Ecoul = 722.0110470563029  Exc = -70.75505813297696
cycle= 1 E= -747.978813105611  delta_E= 0.941  |g|= 0.541  |ddm|= 3.83
    CPU time for cycle= 1      6.29 sec, wall time      0.22 sec
  HOMO = -0.0711114349301996  LUMO = -0.0266801559690876
  mo_energy =
[-1.00970495e+02 -1.46278778e+01 -1.03447916e+01 -1.03432128e+01
 -1.02113365e+01 -1.02032753e+01 -1.01868355e+01 -1.01866980e+01
 -8.96237609e+00 -6.71395951e+00 -6.71324956e+00 -6.71323604e+00
 -1.12545064e+00 -8.76912525e-01 -8.68967577e-01 -7.47660634e-01
 -7.33946279e-01 -6.99218200e-01 -6.11836876e-01 -5.77619379e-01
 -5.55155293e-01 -5.41470614e-01 -5.19115493e-01 -5.04335495e-01
 -4.51594247e-01 -4.34457749e-01 -4.31145805e-01 -4.26810636e-01
 -4.18819021e-01 -3.61156916e-01 -3.47848873e-01 -1.32738639e-01
 -8.61642150e-02 -7.11114349e-02 -2.66801560e-02 -2.59772639e-02
  2.45664267e-02  6.70345483e-02  6.84582641e-02  6.89211242e-02
  7.38872713e-02  9.59381493e-02  1.15180605e-01  1.36396658e-01
  1.58934504e-01  1.74275040e-01  1.97699464e-01  2.14966047e-01
  2.38637659e-01  2.60051081e-01  3.53972296e-01  3.81150390e-01
  4.15264470e-01  4.46696426e-01  4.71922836e-01  4.93939475e-01
  5.11786301e-01  5.16338721e-01  5.32639207e-01  5.36715468e-01
  5.63828862e-01  5.66928901e-01  5.73806329e-01  5.97908984e-01
  6.01458936e-01  6.51928670e-01  6.57637229e-01  6.94128400e-01
  7.18450645e-01  7.37133537e-01  7.41165186e-01  7.45570507e-01
  7.49563235e-01  7.91383880e-01  7.98748995e-01  8.31463410e-01
  8.42876775e-01  8.69309129e-01  9.00258084e-01  9.05928757e-01
  9.23779961e-01  9.28426677e-01  9.84525976e-01  1.01502584e+00
  1.03009068e+00  1.10839548e+00  1.11829068e+00  1.13868026e+00
  1.14605428e+00  1.21693661e+00  1.22010448e+00  1.22219124e+00
  1.23108647e+00  1.26384324e+00  1.29787434e+00  1.36669567e+00
  1.37055696e+00  1.38477612e+00  1.39927568e+00  1.42586801e+00
  1.42665055e+00  1.43966140e+00  1.58024949e+00  1.63602029e+00
  1.71112376e+00  1.77330323e+00  1.78792155e+00  1.86147724e+00
  1.86818413e+00  1.89263322e+00  1.98234692e+00  2.04735833e+00
  2.05386755e+00  2.08881615e+00  2.09175915e+00  2.09590024e+00
  2.20073452e+00  2.22030472e+00  2.24449813e+00  2.24967317e+00
  2.26294604e+00  2.32595508e+00  2.48195860e+00  2.48954573e+00
  2.59433795e+00  2.60406535e+00  2.65360059e+00  2.65748593e+00
  2.67337533e+00  2.70450717e+00  2.93496850e+00  3.32414257e+00]
nelec by numeric integration = 68.0000523136781
    CPU time for vxc      6.10 sec, wall time      0.22 sec
E1 = -1774.718256251402  Ecoul = 724.4642200374204  Exc = -70.54070434354811
cycle= 2 E= -741.935059434088  delta_E= 6.04  |g|= 2.92  |ddm|= 4.71
    CPU time for cycle= 2      6.60 sec, wall time      0.24 sec
  HOMO = -0.159179285782062  LUMO = -0.061495188873559
  mo_energy =
[-1.01236532e+02 -1.44859700e+01 -1.02421161e+01 -1.02412379e+01
 -1.01973761e+01 -1.01359026e+01 -1.01176803e+01 -1.01175852e+01
 -9.20002553e+00 -6.95387782e+00 -6.95386406e+00 -6.95343799e+00
 -1.02615747e+00 -7.99763650e-01 -7.92987857e-01 -7.17018429e-01
 -6.59059130e-01 -6.36018579e-01 -6.12622361e-01 -5.51638101e-01
 -5.04157703e-01 -4.84602226e-01 -4.77837643e-01 -4.55892473e-01
 -4.40188342e-01 -4.25771008e-01 -4.15178448e-01 -3.65582622e-01
 -3.59262894e-01 -2.95358298e-01 -2.75814705e-01 -1.66827110e-01
 -1.59491448e-01 -1.59179286e-01 -6.14951889e-02 -2.31818177e-02
  2.90299851e-02  9.23622947e-02  1.05199286e-01  1.11592485e-01
  1.28947259e-01  1.30780916e-01  1.57534298e-01  1.65316872e-01
  1.73174102e-01  1.81845386e-01  2.50939555e-01  2.71525143e-01
  2.97908241e-01  3.12759283e-01  3.99574411e-01  4.44144765e-01
  4.69750443e-01  4.86102238e-01  5.11637335e-01  5.33322757e-01
  5.45964008e-01  5.57776405e-01  5.70228950e-01  5.78175641e-01
  5.80889431e-01  5.94858425e-01  5.99104620e-01  6.22705061e-01
  6.25256556e-01  6.25960230e-01  6.54484177e-01  6.57716463e-01
  7.09116241e-01  7.23772100e-01  7.39583793e-01  7.97018882e-01
  8.04483326e-01  8.07002295e-01  8.44762373e-01  8.51088050e-01
  8.89304936e-01  9.05350620e-01  9.18600977e-01  9.33914987e-01
  9.38191569e-01  9.83454907e-01  9.98824355e-01  1.05104024e+00
  1.05168434e+00  1.05579508e+00  1.06462123e+00  1.07781669e+00
  1.08819014e+00  1.15605204e+00  1.17040794e+00  1.17952040e+00
  1.22786520e+00  1.31713566e+00  1.33201429e+00  1.36064601e+00
  1.42829711e+00  1.43716703e+00  1.46335915e+00  1.47247664e+00
  1.49374279e+00  1.49791144e+00  1.63907598e+00  1.70530129e+00
  1.76662565e+00  1.81563225e+00  1.83875235e+00  1.91147791e+00
  1.93456548e+00  1.95564886e+00  2.05575641e+00  2.12340200e+00
  2.13372872e+00  2.16107602e+00  2.16519745e+00  2.17022251e+00
  2.21932034e+00  2.25799541e+00  2.29474143e+00  2.30887650e+00
  2.33768605e+00  2.37305642e+00  2.55357263e+00  2.56157113e+00
  2.66991003e+00  2.67332560e+00  2.72764073e+00  2.72949998e+00
  2.75208272e+00  2.77309262e+00  3.00908253e+00  3.39888198e+00]
nelec by numeric integration = 68.0000457005373
    CPU time for vxc      5.90 sec, wall time      0.21 sec
E1 = -1772.4440549560877  Ecoul = 715.8436381329333  Exc = -70.27540028628535
cycle= 3 E= -748.016135985998  delta_E= -6.08  |g|= 0.495  |ddm|= 4.22
    CPU time for cycle= 3      6.41 sec, wall time      0.23 sec
  HOMO = -0.1425998836776  LUMO = -0.0981370931400581
  mo_energy =
[-1.01271748e+02 -1.44151683e+01 -1.02820448e+01 -1.02810948e+01
 -1.02800324e+01 -1.02632376e+01 -1.02629393e+01 -1.02186180e+01
 -9.21717570e+00 -6.97322742e+00 -6.97233393e+00 -6.97232572e+00
 -1.02486906e+00 -8.79980910e-01 -8.32826507e-01 -7.23955744e-01
 -7.03916798e-01 -6.83524393e-01 -6.02549301e-01 -5.85266265e-01
 -5.52898826e-01 -5.33781909e-01 -4.98333558e-01 -4.80486695e-01
 -4.78825439e-01 -4.33187404e-01 -4.23451483e-01 -4.22975754e-01
 -3.90951049e-01 -3.53769448e-01 -3.28073916e-01 -1.50875081e-01
 -1.42709662e-01 -1.42599884e-01 -9.81370931e-02 -7.54115852e-02
  2.41083657e-02  6.99941953e-02  7.65480018e-02  8.82201803e-02
  1.02384015e-01  1.13592615e-01  1.30591904e-01  1.42526969e-01
  1.77885549e-01  1.82784293e-01  2.22524691e-01  2.32301213e-01
  2.57941961e-01  2.73550001e-01  3.74845511e-01  4.01803274e-01
  4.46940763e-01  4.72897509e-01  4.96864794e-01  4.98841697e-01
  5.19494854e-01  5.29142361e-01  5.30538439e-01  5.39212455e-01
  5.44760515e-01  5.66244851e-01  5.67680849e-01  5.84142500e-01
  5.93785966e-01  6.01732583e-01  6.06870764e-01  6.62125066e-01
  6.71527149e-01  7.23900775e-01  7.38386979e-01  7.71061089e-01
  7.71947566e-01  7.85809067e-01  8.01143805e-01  8.14669113e-01
  8.59368676e-01  8.64677872e-01  9.04544296e-01  9.14129151e-01
  9.24320597e-01  9.65622249e-01  9.81327643e-01  1.02248258e+00
  1.04872006e+00  1.06776356e+00  1.06836396e+00  1.07923603e+00
  1.09139752e+00  1.10973773e+00  1.14049731e+00  1.16365513e+00
  1.17927617e+00  1.30375979e+00  1.33099081e+00  1.33435969e+00
  1.39439363e+00  1.39754038e+00  1.40545178e+00  1.41324081e+00
  1.44116746e+00  1.47311883e+00  1.63583986e+00  1.67418297e+00
  1.72675788e+00  1.78322515e+00  1.81349976e+00  1.86760599e+00
  1.88030936e+00  1.90204255e+00  1.99007596e+00  2.06883843e+00
  2.09715884e+00  2.09945140e+00  2.10827537e+00  2.12603373e+00
  2.21525335e+00  2.23445873e+00  2.26059930e+00  2.26109010e+00
  2.29568374e+00  2.35504975e+00  2.50321515e+00  2.51153261e+00
  2.61071157e+00  2.62134594e+00  2.67087848e+00  2.68319070e+00
  2.70291410e+00  2.73373143e+00  2.96180653e+00  3.34502445e+00]
nelec by numeric integration = 68.00004134069661
    CPU time for vxc      5.80 sec, wall time      0.21 sec
E1 = -1773.6463134342823  Ecoul = 717.0846711198205  Exc = -70.37809849969007
cycle= 4 E= -748.08005969071  delta_E= -0.0639  |g|= 0.127  |ddm|= 0.593
    CPU time for cycle= 4      6.35 sec, wall time      0.23 sec
  HOMO = -0.175532229586614  LUMO = -0.102763381595109
  mo_energy =
[-1.01387209e+02 -1.44561387e+01 -1.03005223e+01 -1.03005138e+01
 -1.02651709e+01 -1.02651013e+01 -1.02629120e+01 -1.02420173e+01
 -9.30910173e+00 -7.06815279e+00 -7.06615706e+00 -7.06606473e+00
 -1.04214822e+00 -8.78815195e-01 -8.41348001e-01 -7.33116871e-01
 -7.11590124e-01 -6.90894901e-01 -6.37274020e-01 -5.92874658e-01
 -5.59321810e-01 -5.37241897e-01 -5.04452357e-01 -4.92900304e-01
 -4.81548996e-01 -4.35904914e-01 -4.33604788e-01 -4.30889441e-01
 -4.02675746e-01 -3.57324248e-01 -3.34350798e-01 -1.83450676e-01
 -1.75744490e-01 -1.75532230e-01 -1.02763382e-01 -7.99091804e-02
  1.48997320e-02  6.54546756e-02  7.26267623e-02  8.48569568e-02
  9.56448983e-02  1.11257145e-01  1.27445526e-01  1.40080576e-01
  1.71302032e-01  1.76075496e-01  2.17596407e-01  2.30356362e-01
  2.52376226e-01  2.68288278e-01  3.70019925e-01  3.96067204e-01
  4.40933289e-01  4.68398832e-01  4.80116611e-01  4.93468187e-01
  5.11008080e-01  5.24380640e-01  5.27253920e-01  5.38803742e-01
  5.43470478e-01  5.55919276e-01  5.56971443e-01  5.71269679e-01
  5.78540838e-01  5.90021134e-01  6.02027174e-01  6.50456223e-01
  6.57762929e-01  7.09487019e-01  7.26268709e-01  7.65635479e-01
  7.72748345e-01  7.78859874e-01  7.96511333e-01  7.99830276e-01
  8.57267227e-01  8.63883234e-01  8.98595860e-01  9.01914228e-01
  9.14955809e-01  9.55574993e-01  9.73674742e-01  1.01336886e+00
  1.02607492e+00  1.02705638e+00  1.03902650e+00  1.04354360e+00
  1.05836686e+00  1.10898980e+00  1.13547345e+00  1.14962061e+00
  1.17269338e+00  1.29650347e+00  1.30266323e+00  1.32938084e+00
  1.38438894e+00  1.39258085e+00  1.40269370e+00  1.41415841e+00
  1.43161179e+00  1.46067159e+00  1.62399229e+00  1.66538015e+00
  1.72044474e+00  1.78186771e+00  1.80024217e+00  1.86713642e+00
  1.87184516e+00  1.89677469e+00  1.98705273e+00  2.06264704e+00
  2.08814019e+00  2.09295241e+00  2.10648535e+00  2.11784582e+00
  2.20558247e+00  2.22745053e+00  2.24969299e+00  2.25505630e+00
  2.28585811e+00  2.34436079e+00  2.49827006e+00  2.50776475e+00
  2.60510499e+00  2.61280555e+00  2.66387623e+00  2.67655442e+00
  2.69828557e+00  2.72395998e+00  2.95308587e+00  3.33849551e+00]
nelec by numeric integration = 68.00004023686178
    CPU time for vxc      5.87 sec, wall time      0.21 sec
E1 = -1775.177461037964  Ecoul = 718.7243719411535  Exc = -70.48991165406066
cycle= 5 E= -748.083319627429  delta_E= -0.00326  |g|= 0.0614  |ddm|= 0.241
    CPU time for cycle= 5      6.39 sec, wall time      0.23 sec
  HOMO = -0.163020967201769  LUMO = -0.101201328624505
  mo_energy =
[-1.01352369e+02 -1.44485065e+01 -1.02937196e+01 -1.02928874e+01
 -1.02711926e+01 -1.02592656e+01 -1.02591976e+01 -1.02403270e+01
 -9.28061498e+00 -7.03929491e+00 -7.03694780e+00 -7.03686181e+00
 -1.03726189e+00 -8.78339480e-01 -8.37906238e-01 -7.32148549e-01
 -7.09538062e-01 -6.89353637e-01 -6.23507617e-01 -5.91845617e-01
 -5.57376411e-01 -5.36760265e-01 -5.02320620e-01 -4.90243212e-01
 -4.82009325e-01 -4.35590283e-01 -4.33500014e-01 -4.30596915e-01
 -4.00491789e-01 -3.56960715e-01 -3.31789517e-01 -1.71974444e-01
 -1.63195616e-01 -1.63020967e-01 -1.01201329e-01 -7.74412210e-02
  1.71997226e-02  6.55716203e-02  7.38263780e-02  8.51849881e-02
  9.62504405e-02  1.10882217e-01  1.27356049e-01  1.39476781e-01
  1.71994698e-01  1.76659118e-01  2.18590776e-01  2.30319031e-01
  2.53895174e-01  2.69363068e-01  3.70086809e-01  3.98253903e-01
  4.42437181e-01  4.69131262e-01  4.87695174e-01  4.93690093e-01
  5.13392430e-01  5.25987348e-01  5.28933185e-01  5.39239239e-01
  5.43340791e-01  5.59892666e-01  5.61611499e-01  5.74830768e-01
  5.83874796e-01  5.94200865e-01  6.03013422e-01  6.57991607e-01
  6.58576484e-01  7.13851262e-01  7.29384032e-01  7.67201049e-01
  7.74160555e-01  7.78768754e-01  7.97552934e-01  8.02256055e-01
  8.57422152e-01  8.63796552e-01  8.99494022e-01  9.03689129e-01
  9.16401153e-01  9.57150106e-01  9.74477241e-01  1.01672692e+00
  1.04196827e+00  1.04239565e+00  1.04550185e+00  1.05372174e+00
  1.06945598e+00  1.10860776e+00  1.13663532e+00  1.15295047e+00
  1.17479450e+00  1.29873586e+00  1.31162005e+00  1.32969487e+00
  1.38715222e+00  1.39299089e+00  1.40363837e+00  1.41378289e+00
  1.43481550e+00  1.46283290e+00  1.62628144e+00  1.66748889e+00
  1.72225039e+00  1.78226944e+00  1.80143335e+00  1.86737155e+00
  1.87282160e+00  1.89897378e+00  1.98868413e+00  2.06517696e+00
  2.09109711e+00  2.09515698e+00  2.10712827e+00  2.11979980e+00
  2.20585056e+00  2.23013554e+00  2.24994557e+00  2.25548265e+00
  2.28837644e+00  2.34656988e+00  2.50043532e+00  2.50880527e+00
  2.60710524e+00  2.61480467e+00  2.66662157e+00  2.67828271e+00
  2.69980287e+00  2.72678895e+00  2.95567334e+00  3.34069008e+00]
nelec by numeric integration = 68.00004059182062
    CPU time for vxc      5.85 sec, wall time      0.21 sec
E1 = -1774.6846878234217  Ecoul = 718.1940747573792  Exc = -70.45368631345418
cycle= 6 E= -748.084618256055  delta_E= -0.0013  |g|= 0.013  |ddm|= 0.11
    CPU time for cycle= 6      6.36 sec, wall time      0.23 sec
  HOMO = -0.161985364466708  LUMO = -0.100276347644654
  mo_energy =
[-1.01347984e+02 -1.44464483e+01 -1.02937358e+01 -1.02933081e+01
 -1.02673464e+01 -1.02600975e+01 -1.02599251e+01 -1.02338643e+01
 -9.27728502e+00 -7.03597394e+00 -7.03346361e+00 -7.03336755e+00
 -1.03669159e+00 -8.77562160e-01 -8.37907928e-01 -7.30103718e-01
 -7.09039078e-01 -6.88588466e-01 -6.22162434e-01 -5.91049016e-01
 -5.56862001e-01 -5.36604480e-01 -5.02358606e-01 -4.89414098e-01
 -4.80632554e-01 -4.35143121e-01 -4.31304722e-01 -4.28826494e-01
 -3.99354538e-01 -3.55989839e-01 -3.31901743e-01 -1.70656764e-01
 -1.62160438e-01 -1.61985364e-01 -1.00276348e-01 -7.72845492e-02
  1.85726981e-02  6.67703949e-02  7.43289137e-02  8.53023169e-02
  9.69777050e-02  1.11507217e-01  1.27578295e-01  1.40061227e-01
  1.72976220e-01  1.77925384e-01  2.19233313e-01  2.30818792e-01
  2.54257413e-01  2.69807264e-01  3.70783477e-01  3.98310604e-01
  4.42776189e-01  4.69641104e-01  4.88627123e-01  4.94663440e-01
  5.13558020e-01  5.25968560e-01  5.29249948e-01  5.39777242e-01
  5.43817050e-01  5.60628258e-01  5.62438117e-01  5.75559898e-01
  5.84540655e-01  5.95114876e-01  6.03249851e-01  6.59060296e-01
  6.59195935e-01  7.15059169e-01  7.30566392e-01  7.67359337e-01
  7.74705978e-01  7.79747679e-01  7.97597746e-01  8.03345449e-01
  8.58092258e-01  8.64285656e-01  9.00364517e-01  9.05508421e-01
  9.17696184e-01  9.57856647e-01  9.75674179e-01  1.01704313e+00
  1.04309487e+00  1.04394810e+00  1.04656756e+00  1.05518359e+00
  1.07076905e+00  1.10899871e+00  1.13715066e+00  1.15426067e+00
  1.17519232e+00  1.29934148e+00  1.31328209e+00  1.33037565e+00
  1.38777900e+00  1.39331621e+00  1.40424253e+00  1.41463251e+00
  1.43475339e+00  1.46387885e+00  1.62738512e+00  1.66814022e+00
  1.72327543e+00  1.78287117e+00  1.80378967e+00  1.86796787e+00
  1.87449171e+00  1.89928386e+00  1.98910157e+00  2.06525409e+00
  2.09164946e+00  2.09535867e+00  2.10791358e+00  2.12040453e+00
  2.20816057e+00  2.23010620e+00  2.25258821e+00  2.25680266e+00
  2.28886130e+00  2.34797409e+00  2.50062883e+00  2.50962435e+00
  2.60751962e+00  2.61528340e+00  2.66690323e+00  2.67929501e+00
  2.70066149e+00  2.72745272e+00  2.95626768e+00  3.34128160e+00]
nelec by numeric integration = 68.0000407751012
    CPU time for vxc      6.52 sec, wall time      0.23 sec
E1 = -1774.6135166087627  Ecoul = 718.1166887588618  Exc = -70.44751281446051
cycle= 7 E= -748.08465954092  delta_E= -4.13e-05  |g|= 0.00364  |ddm|= 0.0167
    CPU time for cycle= 7      7.36 sec, wall time      0.26 sec
  HOMO = -0.163024489101777  LUMO = -0.0999114664199338
  mo_energy =
[-1.01349342e+02 -1.44464048e+01 -1.02929245e+01 -1.02923239e+01
 -1.02677302e+01 -1.02593410e+01 -1.02592755e+01 -1.02351748e+01
 -9.27861914e+00 -7.03735282e+00 -7.03477984e+00 -7.03467412e+00
 -1.03643456e+00 -8.77306348e-01 -8.37319133e-01 -7.30284033e-01
 -7.08601270e-01 -6.88246960e-01 -6.23104099e-01 -5.90792793e-01
 -5.56401203e-01 -5.36003124e-01 -5.01768714e-01 -4.89188179e-01
 -4.80539787e-01 -4.34667650e-01 -4.31623479e-01 -4.28995072e-01
 -3.99185960e-01 -3.55785645e-01 -3.31319247e-01 -1.71554640e-01
 -1.63208011e-01 -1.63024489e-01 -9.99114664e-02 -7.67297802e-02
  1.84887286e-02  6.67670298e-02  7.47747454e-02  8.57131712e-02
  9.70978180e-02  1.11749541e-01  1.27990237e-01  1.40249617e-01
  1.72962816e-01  1.77708830e-01  2.19471809e-01  2.31231933e-01
  2.54646058e-01  2.70176398e-01  3.71066581e-01  3.98685039e-01
  4.43146790e-01  4.70047597e-01  4.87975212e-01  4.94754841e-01
  5.14033905e-01  5.26460791e-01  5.29573993e-01  5.40101247e-01
  5.44219488e-01  5.60578505e-01  5.62231354e-01  5.75585088e-01
  5.84320988e-01  5.94792712e-01  6.03660078e-01  6.58396662e-01
  6.59389006e-01  7.14813856e-01  7.30392685e-01  7.67826331e-01
  7.74994430e-01  7.79740680e-01  7.98118473e-01  8.03427339e-01
  8.58379073e-01  8.64654034e-01  9.00515535e-01  9.05152583e-01
  9.17594978e-01  9.58168008e-01  9.75647420e-01  1.01729163e+00
  1.04255557e+00  1.04280150e+00  1.04624354e+00  1.05409668e+00
  1.06995843e+00  1.10937011e+00  1.13746714e+00  1.15411845e+00
  1.17563342e+00  1.29967317e+00  1.31249259e+00  1.33064247e+00
  1.38810443e+00  1.39373943e+00  1.40461076e+00  1.41494772e+00
  1.43535396e+00  1.46401015e+00  1.62750518e+00  1.66846688e+00
  1.72348955e+00  1.78319456e+00  1.80352498e+00  1.86831256e+00
  1.87450877e+00  1.89972907e+00  1.98952829e+00  2.06576039e+00
  2.09205531e+00  2.09587150e+00  2.10819850e+00  2.12080038e+00
  2.20789834e+00  2.23070697e+00  2.25217539e+00  2.25694182e+00
  2.28925126e+00  2.34804560e+00  2.50109446e+00  2.50989705e+00
  2.60794756e+00  2.61575890e+00  2.66746403e+00  2.67959896e+00
  2.70095910e+00  2.72774333e+00  2.95669177e+00  3.34174849e+00]
nelec by numeric integration = 68.00004077684397
    CPU time for vxc      5.96 sec, wall time      0.21 sec
E1 = -1774.630737005313  Ecoul = 718.135114584598  Exc = -70.44872179044408
cycle= 8 E= -748.084663087717  delta_E= -3.55e-06  |g|= 0.000939  |ddm|= 0.00554
    CPU time for cycle= 8      6.74 sec, wall time      0.24 sec
  HOMO = -0.163028811216932  LUMO = -0.099852093088321
  mo_energy =
[-1.01348999e+02 -1.44461538e+01 -1.02931093e+01 -1.02926075e+01
 -1.02675613e+01 -1.02593970e+01 -1.02592290e+01 -1.02354037e+01
 -9.27837558e+00 -7.03710481e+00 -7.03452376e+00 -7.03441860e+00
 -1.03637383e+00 -8.77220436e-01 -8.37330540e-01 -7.30322120e-01
 -7.08565637e-01 -6.88261509e-01 -6.23082945e-01 -5.90771014e-01
 -5.56375519e-01 -5.35993128e-01 -5.01776400e-01 -4.89159161e-01
 -4.80470767e-01 -4.34627296e-01 -4.31705295e-01 -4.29044663e-01
 -3.99181748e-01 -3.55699074e-01 -3.31321393e-01 -1.71552126e-01
 -1.63213429e-01 -1.63028811e-01 -9.98520931e-02 -7.67247485e-02
  1.84737087e-02  6.67973482e-02  7.48119703e-02  8.57221504e-02
  9.70747740e-02  1.11775500e-01  1.27997274e-01  1.40266530e-01
  1.72938095e-01  1.77652571e-01  2.19492922e-01  2.31279369e-01
  2.54680455e-01  2.70180201e-01  3.71079401e-01  3.98724096e-01
  4.43155906e-01  4.70087588e-01  4.87934919e-01  4.94778391e-01
  5.14045483e-01  5.26471489e-01  5.29597094e-01  5.40156467e-01
  5.44258631e-01  5.60573205e-01  5.62236697e-01  5.75588104e-01
  5.84304850e-01  5.94804118e-01  6.03672607e-01  6.58381232e-01
  6.59406649e-01  7.14778856e-01  7.30359233e-01  7.67821812e-01
  7.75032742e-01  7.79769993e-01  7.98120532e-01  8.03474175e-01
  8.58416069e-01  8.64698501e-01  9.00500788e-01  9.05096752e-01
  9.17558403e-01  9.58184401e-01  9.75626249e-01  1.01731022e+00
  1.04259118e+00  1.04283082e+00  1.04627701e+00  1.05412015e+00
  1.06997047e+00  1.10942121e+00  1.13749686e+00  1.15409947e+00
  1.17566523e+00  1.29969702e+00  1.31247700e+00  1.33070770e+00
  1.38810604e+00  1.39377331e+00  1.40467515e+00  1.41502001e+00
  1.43534337e+00  1.46403719e+00  1.62752528e+00  1.66848939e+00
  1.72348617e+00  1.78325075e+00  1.80345026e+00  1.86838336e+00
  1.87448418e+00  1.89972501e+00  1.98955838e+00  2.06577786e+00
  2.09207245e+00  2.09586838e+00  2.10826957e+00  2.12083506e+00
  2.20783722e+00  2.23069826e+00  2.25208046e+00  2.25697083e+00
  2.28928233e+00  2.34800665e+00  2.50111559e+00  2.50994491e+00
  2.60797742e+00  2.61577652e+00  2.66745664e+00  2.67962604e+00
  2.70101772e+00  2.72774290e+00  2.95670658e+00  3.34176271e+00]
nelec by numeric integration = 68.00004077390449
    CPU time for vxc      5.80 sec, wall time      0.21 sec
E1 = -1774.6280720643592  Ecoul = 718.1322362340065  Exc = -70.44850854459678
cycle= 9 E= -748.084663251508  delta_E= -1.64e-07  |g|= 0.000535  |ddm|= 0.00136
    CPU time for cycle= 9      6.32 sec, wall time      0.23 sec
  HOMO = -0.163046755982691  LUMO = -0.0998725603410739
  mo_energy =
[-1.01349060e+02 -1.44462755e+01 -1.02930998e+01 -1.02925408e+01
 -1.02676463e+01 -1.02594387e+01 -1.02593314e+01 -1.02352484e+01
 -9.27842044e+00 -7.03715333e+00 -7.03456879e+00 -7.03446419e+00
 -1.03638992e+00 -8.77257536e-01 -8.37339488e-01 -7.30294158e-01
 -7.08588665e-01 -6.88265534e-01 -6.23100134e-01 -5.90779228e-01
 -5.56400806e-01 -5.36012473e-01 -5.01781017e-01 -4.89160026e-01
 -4.80492001e-01 -4.34653694e-01 -4.31654998e-01 -4.29010986e-01
 -3.99186710e-01 -3.55727492e-01 -3.31329064e-01 -1.71563568e-01
 -1.63231500e-01 -1.63046756e-01 -9.98725603e-02 -7.67364613e-02
  1.84889494e-02  6.67933806e-02  7.47903301e-02  8.57210841e-02
  9.70891851e-02  1.11772685e-01  1.27996197e-01  1.40266720e-01
  1.72954721e-01  1.77683193e-01  2.19488150e-01  2.31260977e-01
  2.54663737e-01  2.70175163e-01  3.71081388e-01  3.98712372e-01
  4.43156760e-01  4.70069426e-01  4.87931279e-01  4.94776608e-01
  5.14042732e-01  5.26466013e-01  5.29584846e-01  5.40129695e-01
  5.44239531e-01  5.60568004e-01  5.62229705e-01  5.75582906e-01
  5.84295086e-01  5.94792807e-01  6.03667280e-01  6.58380082e-01
  6.59399390e-01  7.14794003e-01  7.30375948e-01  7.67815184e-01
  7.75011318e-01  7.79761323e-01  7.98109723e-01  8.03468882e-01
  8.58400480e-01  8.64676649e-01  9.00508082e-01  9.05132036e-01
  9.17578698e-01  9.58181741e-01  9.75641161e-01  1.01730043e+00
  1.04257394e+00  1.04281010e+00  1.04626723e+00  1.05410241e+00
  1.06995846e+00  1.10940401e+00  1.13749170e+00  1.15411728e+00
  1.17564487e+00  1.29968850e+00  1.31248065e+00  1.33069157e+00
  1.38810113e+00  1.39376850e+00  1.40464276e+00  1.41499006e+00
  1.43533959e+00  1.46403550e+00  1.62752788e+00  1.66848176e+00
  1.72348627e+00  1.78323029e+00  1.80349918e+00  1.86835176e+00
  1.87450138e+00  1.89971905e+00  1.98953891e+00  2.06576372e+00
  2.09206389e+00  2.09585475e+00  2.10823993e+00  2.12081698e+00
  2.20787866e+00  2.23068593e+00  2.25214091e+00  2.25696007e+00
  2.28926842e+00  2.34803002e+00  2.50110035e+00  2.50992501e+00
  2.60795507e+00  2.61575695e+00  2.66743870e+00  2.67960676e+00
  2.70098790e+00  2.72774031e+00  2.95668791e+00  3.34174071e+00]
nelec by numeric integration = 68.00004077446559
    CPU time for vxc      5.80 sec, wall time      0.21 sec
E1 = -1774.6290370897132  Ecoul = 718.1333149653492  Exc = -70.44862232371625
cycle= 10 E= -748.084663324639  delta_E= -7.31e-08  |g|= 6.27e-05  |ddm|= 0.000511
    CPU time for cycle= 10      6.30 sec, wall time      0.23 sec
  HOMO = -0.163053183968033  LUMO = -0.0998753028576147
  mo_energy =
[-1.01349110e+02 -1.44462678e+01 -1.02930860e+01 -1.02925579e+01
 -1.02676449e+01 -1.02594436e+01 -1.02593095e+01 -1.02352523e+01
 -9.27845435e+00 -7.03718920e+00 -7.03460379e+00 -7.03449975e+00
 -1.03639333e+00 -8.77260462e-01 -8.37342435e-01 -7.30297498e-01
 -7.08591005e-01 -6.88268968e-01 -6.23108632e-01 -5.90783762e-01
 -5.56402715e-01 -5.36015829e-01 -5.01784679e-01 -4.89162915e-01
 -4.80495558e-01 -4.34656575e-01 -4.31658436e-01 -4.29015012e-01
 -3.99188511e-01 -3.55730477e-01 -3.31332274e-01 -1.71569667e-01
 -1.63237872e-01 -1.63053184e-01 -9.98753029e-02 -7.67403721e-02
  1.84851071e-02  6.67891918e-02  7.47877730e-02  8.57182001e-02
  9.70866878e-02  1.11769216e-01  1.27992596e-01  1.40262946e-01
  1.72952667e-01  1.77680597e-01  2.19483360e-01  2.31257790e-01
  2.54662715e-01  2.70171278e-01  3.71078411e-01  3.98708656e-01
  4.43153897e-01  4.70066252e-01  4.87929825e-01  4.94773530e-01
  5.14038696e-01  5.26462191e-01  5.29580228e-01  5.40128793e-01
  5.44234698e-01  5.60562583e-01  5.62225440e-01  5.75582168e-01
  5.84291373e-01  5.94789554e-01  6.03663601e-01  6.58374968e-01
  6.59397737e-01  7.14790265e-01  7.30372991e-01  7.67814839e-01
  7.75006029e-01  7.79756245e-01  7.98107082e-01  8.03466863e-01
  8.58398077e-01  8.64673474e-01  9.00503407e-01  9.05128518e-01
  9.17575329e-01  9.58178956e-01  9.75637627e-01  1.01729608e+00
  1.04256591e+00  1.04280073e+00  1.04626114e+00  1.05409369e+00
  1.06995020e+00  1.10940021e+00  1.13748848e+00  1.15411338e+00
  1.17564211e+00  1.29968475e+00  1.31247408e+00  1.33068755e+00
  1.38809850e+00  1.39376401e+00  1.40463957e+00  1.41498624e+00
  1.43533550e+00  1.46403328e+00  1.62752477e+00  1.66847858e+00
  1.72348304e+00  1.78322667e+00  1.80349510e+00  1.86834833e+00
  1.87449777e+00  1.89971521e+00  1.98953555e+00  2.06576012e+00
  2.09206062e+00  2.09585203e+00  2.10823625e+00  2.12081393e+00
  2.20787508e+00  2.23068325e+00  2.25213719e+00  2.25695702e+00
  2.28926472e+00  2.34802622e+00  2.50109798e+00  2.50992081e+00
  2.60795229e+00  2.61575457e+00  2.66743662e+00  2.67960460e+00
  2.70098568e+00  2.72773747e+00  2.95668599e+00  3.34173863e+00]
nelec by numeric integration = 68.00004077493415
    CPU time for vxc      5.90 sec, wall time      0.21 sec
E1 = -1774.6292989129518  Ecoul = 718.1335961311854  Exc = -70.44864166713423
cycle= 11 E= -748.084663325459  delta_E= -8.2e-10  |g|= 4.98e-05  |ddm|= 0.000178
    CPU time for cycle= 11      6.42 sec, wall time      0.23 sec
  HOMO = -0.163048098216391  LUMO = -0.0998770365273709
  mo_energy =
[-1.01349099e+02 -1.44462705e+01 -1.02930980e+01 -1.02925514e+01
 -1.02676430e+01 -1.02594390e+01 -1.02593209e+01 -1.02352581e+01
 -9.27844467e+00 -7.03717951e+00 -7.03459387e+00 -7.03448996e+00
 -1.03639668e+00 -8.77262456e-01 -8.37345172e-01 -7.30299690e-01
 -7.08593325e-01 -6.88270764e-01 -6.23103724e-01 -5.90784818e-01
 -5.56404931e-01 -5.36017639e-01 -5.01787015e-01 -4.89165562e-01
 -4.80496926e-01 -4.34658311e-01 -4.31660634e-01 -4.29016982e-01
 -3.99190916e-01 -3.55732306e-01 -3.31334827e-01 -1.71565481e-01
 -1.63232708e-01 -1.63048098e-01 -9.98770365e-02 -7.67428267e-02
  1.84835904e-02  6.67878457e-02  7.47857427e-02  8.57164925e-02
  9.70853815e-02  1.11768058e-01  1.27991555e-01  1.40262188e-01
  1.72951098e-01  1.77679831e-01  2.19482285e-01  2.31256181e-01
  2.54659386e-01  2.70170026e-01  3.71076803e-01  3.98706061e-01
  4.43151301e-01  4.70064588e-01  4.87932296e-01  4.94771915e-01
  5.14036338e-01  5.26460454e-01  5.29579307e-01  5.40125787e-01
  5.44234052e-01  5.60563882e-01  5.62226581e-01  5.75580272e-01
  5.84292689e-01  5.94790772e-01  6.03662120e-01  6.58377314e-01
  6.59395513e-01  7.14790042e-01  7.30371948e-01  7.67811497e-01
  7.75006488e-01  7.79756773e-01  7.98105309e-01  8.03464749e-01
  8.58396311e-01  8.64672185e-01  9.00502951e-01  9.05127458e-01
  9.17574080e-01  9.58177015e-01  9.75636488e-01  1.01729514e+00
  1.04256980e+00  1.04280712e+00  1.04626221e+00  1.05409939e+00
  1.06995433e+00  1.10939853e+00  1.13748598e+00  1.15411226e+00
  1.17563963e+00  1.29968210e+00  1.31247679e+00  1.33068559e+00
  1.38809547e+00  1.39376208e+00  1.40463756e+00  1.41498469e+00
  1.43533278e+00  1.46403067e+00  1.62752197e+00  1.66847609e+00
  1.72348055e+00  1.78322471e+00  1.80349212e+00  1.86834649e+00
  1.87449547e+00  1.89971268e+00  1.98953338e+00  2.06575744e+00
  2.09205809e+00  2.09584960e+00  2.10823424e+00  2.12081160e+00
  2.20787259e+00  2.23068061e+00  2.25213456e+00  2.25695498e+00
  2.28926202e+00  2.34802365e+00  2.50109493e+00  2.50991927e+00
  2.60794993e+00  2.61575215e+00  2.66743417e+00  2.67960239e+00
  2.70098363e+00  2.72773463e+00  2.95668360e+00  3.34173634e+00]
nelec by numeric integration = 68.0000407749559
    CPU time for vxc      6.87 sec, wall time      0.25 sec
E1 = -1774.6292845111445  Ecoul = 718.1335780587708  Exc = -70.44863799729477
cycle= 12 E= -748.084663326227  delta_E= -7.68e-10  |g|= 6.77e-06  |ddm|= 7.03e-05
    CPU time for cycle= 12      7.39 sec, wall time      0.27 sec
  HOMO = -0.163047589666406  LUMO = -0.0998765055071658
  mo_energy =
[-1.01349097e+02 -1.44462702e+01 -1.02930939e+01 -1.02925523e+01
 -1.02676427e+01 -1.02594413e+01 -1.02593186e+01 -1.02352537e+01
 -9.27844354e+00 -7.03717846e+00 -7.03459255e+00 -7.03448872e+00
 -1.03639603e+00 -8.77262103e-01 -8.37344609e-01 -7.30298061e-01
 -7.08592922e-01 -6.88269893e-01 -6.23103051e-01 -5.90784115e-01
 -5.56404459e-01 -5.36017326e-01 -5.01786431e-01 -4.89164803e-01
 -4.80496232e-01 -4.34657965e-01 -4.31658482e-01 -4.29015276e-01
 -3.99190065e-01 -3.55731884e-01 -3.31334374e-01 -1.71564825e-01
 -1.63232122e-01 -1.63047590e-01 -9.98765055e-02 -7.67424677e-02
  1.84846132e-02  6.67884919e-02  7.47861438e-02  8.57168803e-02
  9.70861120e-02  1.11768557e-01  1.27991795e-01  1.40262652e-01
  1.72952201e-01  1.77681112e-01  2.19482740e-01  2.31256512e-01
  2.54660146e-01  2.70170457e-01  3.71077369e-01  3.98706484e-01
  4.43151975e-01  4.70064864e-01  4.87932675e-01  4.94772646e-01
  5.14036956e-01  5.26460678e-01  5.29579561e-01  5.40126615e-01
  5.44234155e-01  5.60564189e-01  5.62227096e-01  5.75581042e-01
  5.84293147e-01  5.94791334e-01  6.03662377e-01  6.58378350e-01
  6.59396265e-01  7.14791129e-01  7.30373113e-01  7.67812490e-01
  7.75006380e-01  7.79757288e-01  7.98105643e-01  8.03465346e-01
  8.58396860e-01  8.64672457e-01  9.00503631e-01  9.05129126e-01
  9.17575488e-01  9.58177595e-01  9.75637794e-01  1.01729552e+00
  1.04257042e+00  1.04280783e+00  1.04626279e+00  1.05410001e+00
  1.06995486e+00  1.10939888e+00  1.13748656e+00  1.15411313e+00
  1.17564004e+00  1.29968283e+00  1.31247785e+00  1.33068595e+00
  1.38809624e+00  1.39376246e+00  1.40463783e+00  1.41498512e+00
  1.43533340e+00  1.46403146e+00  1.62752287e+00  1.66847671e+00
  1.72348157e+00  1.78322514e+00  1.80349416e+00  1.86834684e+00
  1.87449680e+00  1.89971342e+00  1.98953396e+00  2.06575792e+00
  2.09205881e+00  2.09585007e+00  2.10823463e+00  2.12081216e+00
  2.20787454e+00  2.23068106e+00  2.25213693e+00  2.25695577e+00
  2.28926258e+00  2.34802507e+00  2.50109561e+00  2.50991961e+00
  2.60795040e+00  2.61575255e+00  2.66743473e+00  2.67960306e+00
  2.70098406e+00  2.72773546e+00  2.95668415e+00  3.34173687e+00]
nelec by numeric integration = 68.00004077506264
    CPU time for vxc      5.81 sec, wall time      0.21 sec
E1 = -1774.6292474417583  Ecoul = 718.1335388496533  Exc = -70.4486358575617
Extra cycle  E= -748.084663326225  delta_E= 1.82e-12  |g|= 9.71e-06  |ddm|= 2.75e-05
    CPU time for scf_cycle    101.51 sec, wall time      3.70 sec
    CPU time for SCF    101.52 sec, wall time      3.70 sec
converged SCF energy = -748.084663326225
Converting <class 'pyscf.dft.rks.RKS'> to RHF


******** <class 'pyscf.tdscf.rks.TDA'> for <class 'pyscf.dft.rks.RKS'> ********
nstates = 5 singlet
wfnsym = None
conv_tol = 1e-09
eigh lindep = 1e-12
eigh level_shift = 0
eigh max_space = 8
eigh max_cycle = 2000
chkfile = /scratch/global/yangjunjie/tmpn60q01ow
max_memory 256000 MB (current use 602 MB)


davidson 0 5  |r|= 0.0374  e= [0.04406527 0.04887138 0.0496143  0.06803264 0.06808124]  max|de|= 0.0681  lindep=    1
davidson 1 10  |r|= 0.00935  e= [0.04399393 0.04683296 0.04918106 0.0678908  0.06806946]  max|de|= -0.00204  lindep= 0.843
davidson 2 15  |r|= 0.00343  e= [0.04399385 0.04673761 0.04916215 0.06788521 0.0680692 ]  max|de|= -9.53e-05  lindep= 0.739
davidson 3 20  |r|= 0.000684  e= [0.04399385 0.04672394 0.04916198 0.06788464 0.0680692 ]  max|de|= -1.37e-05  lindep= 0.542
root 0 converged  |r|= 9.65e-06  e= 0.043993845003278166  max|de|= -1.94e-16
root 4 converged  |r|= 1.75e-05  e= 0.06806919817586729  max|de|= -1.67e-16
davidson 4 5  |r|= 0.000684  e= [0.04399385 0.04672394 0.04916198 0.06788464 0.0680692 ]  max|de|= -1.94e-16  lindep=    1
davidson 5 8  |r|= 0.000175  e= [0.04399384 0.04672353 0.04916198 0.06788461 0.0680692 ]  max|de|= -4.03e-07  lindep= 0.713
root 2 converged  |r|= 1.87e-06  e= 0.04916198261434643  max|de|= -9.99e-11
davidson 6 11  |r|= 5.06e-05  e= [0.04399384 0.0467235  0.04916198 0.06788461 0.0680692 ]  max|de|= -3.75e-08  lindep= 0.833
root 3 converged  |r|= 3.44e-06  e= 0.06788460845261157  max|de|= -3.29e-10
davidson 7 13  |r|= 1.8e-05  e= [0.04399384 0.04672349 0.04916198 0.06788461 0.0680692 ]  max|de|= -2.8e-09  lindep= 0.78
root 1 converged  |r|= 3.76e-06  e= 0.04672349303069956  max|de|= -2.14e-10
converged 8 14  |r|= 1.8e-05  e= [0.04399384 0.04672349 0.04916198 0.06788461 0.0680692 ]  max|de|= -2.14e-10
    CPU time for TDA    106.00 sec, wall time      3.96 sec
Excited State energies (eV)
[1.1971335  1.27141101 1.33776569 1.84723429 1.85225722]
