 
:: initializing oneAPI environment ...
   slurm_script: BASH_VERSION = 4.2.46(1)-release
   args: Using "$@" for setvars.sh arguments: --force
:: advisor -- latest
:: ccl -- latest
:: clck -- latest
:: compiler -- latest
:: dal -- latest
:: debugger -- latest
:: dev-utilities -- latest
:: dnnl -- latest
:: dpcpp-ct -- latest
:: dpl -- latest
:: inspector -- latest
:: intelpython -- latest
:: ipp -- latest
:: ippcp -- latest
:: ipp -- latest
:: itac -- latest
:: mkl -- latest
:: mpi -- latest
:: tbb -- latest
:: vpl -- latest
:: vtune -- latest
:: oneAPI environment initialized ::
 
SLURM_CPUS_PER_TASK = 28
SLURM_MEM_PER_NODE = 256000
#INFO: **** input file is /home/yangjunjie/work/py-ch3-cl/work/step_-7/main.py ****
import sys
import pyscf
from pyscf import tdscf

def main(xyz_file, basis="631g*", xc="b3lyp", output="ene.out"):
    xyz = None

    with open(xyz_file, "r") as xyz:
        xyz = xyz.readlines()[2:]
        xyz = "".join(xyz)

    mol = pyscf.gto.Mole()
    mol.atom = xyz
    mol.basis = basis
    mol.verbose = 5
    mol.build()

    if xc is not None and xc != "hf":
        mf = pyscf.scf.RKS(mol)
        mf.xc = xc
        mf.kernel()
    else:
        mf = pyscf.scf.RHF(mol)
        mf.kernel()

    ene_mf = mf.e_tot

    with open(output, "w") as f:
        tda = pyscf.tdscf.TDA(mf)
        tda.nstates = 5
        tda.max_space = 8
        tda.max_cycle = 2000
        tda.kernel()

        con_tda = tda.converged
        ene_tda = tda.e[:5]
        dip_tda = tda.transition_dipole()[:5]

        f.write(f"RKS energy: {ene_mf: 12.8f}\n")
        f.write("TDA results:\n")
        for i, (con, ene, dip) in enumerate(zip(con_tda, ene_tda, dip_tda)):
            f.write(f" {i:2d} {con} {ene: 12.8f} {dip[0]: 12.8f} {dip[1]: 12.8f} {dip[2]: 12.8f}\n")

        # rpa = pyscf.tdscf.RPA(mf)
        # rpa.nstates = 5
        # rpa.max_space = 8
        # rpa.max_cycle = 2000
        # rpa.kernel()

        # con_rpa = rpa.converged
        # ene_rpa = rpa.e[:5]
        # dip_rpa = rpa.transition_dipole()[:5]
        
        # f.write("\nRPA results:\n")
        # for i, (con, ene, dip) in enumerate(zip(con_rpa, ene_rpa, dip_rpa)):
        #     f.write(f" {i:2d} {con} {ene: 12.8f} {dip[0]: 12.8f} {dip[1]: 12.8f} {dip[2]: 12.8f}\n")

if __name__ == "__main__":
    xyz = sys.argv[1]
    main(xyz, basis="6311g**", xc="b3lyp", output="out.log")
#INFO: ******************** input file end ********************


System: uname_result(system='Linux', node='pauling002', release='3.10.0-327.36.3.el7.x86_64', version='#1 SMP Thu Oct 20 04:56:07 EDT 2016', machine='x86_64')  Threads 28
Python 3.9.7 (default, Oct 27 2021, 01:23:21) 
[GCC 9.3.0]
numpy 1.21.2  scipy 1.6.2
Date: Tue Sep 27 23:51:08 2022
PySCF version 2.0.1
PySCF path  /home/yangjunjie/packages/pyscf/pyscf-main
GIT ORIG_HEAD 14b880cdc4bf7bb64f3989a147c0b04622efc498
GIT HEAD (branch master) 9d5b5bd309d1cc55fbd1a0ec76e26b5b0c7f76af

[ENV] PYSCF_MAX_MEMORY 256000
[ENV] PYSCF_TMPDIR /scratch/global/yangjunjie/
[CONFIG] conf_file /home/yangjunjie/.pyscf_conf.py
[INPUT] verbose = 5
[INPUT] max_memory = 256000 
[INPUT] num. atoms = 16
[INPUT] num. electrons = 68
[INPUT] charge = 0
[INPUT] spin (= nelec alpha-beta = 2S) = 0
[INPUT] symmetry False subgroup None
[INPUT] Mole.unit = angstrom
[INPUT]  1 C      0.000000010000   1.159396560000   1.070409660000 AA    0.000000018897   2.190941968163   2.022781098489 Bohr
[INPUT]  2 C      0.000000000000   1.201632120000   2.458805320000 AA    0.000000000000   2.270755609280   4.646468648424 Bohr
[INPUT]  3 C     -0.000000010000  -0.012796880000   3.140367090000 AA   -0.000000018897  -0.024182598449   5.934433730697 Bohr
[INPUT]  4 C     -0.000000010000  -1.213754850000   2.435467950000 AA   -0.000000018897  -2.293664248863   4.602367410656 Bohr
[INPUT]  5 C      0.000000000000  -1.145082650000   1.047934120000 AA    0.000000000000  -2.163892598491   1.980308483387 Bohr
[INPUT]  6 N      0.000000010000   0.014266630000   0.411209860000 AA    0.000000018897   0.026960023421   0.777074015121 Bohr
[INPUT]  7 C      0.000000000000   0.002217300000  -1.999157190000 AA    0.000000000000   0.004190089736  -3.777859569055 Bohr
[INPUT]  8 H      0.000000020000   2.064227940000   0.462134860000 AA    0.000000037795   3.900825465275   0.873308318014 Bohr
[INPUT]  9 H      0.000000000000   2.152475860000   2.970338710000 AA    0.000000000000   4.067589865138   5.613126659094 Bohr
[INPUT] 10 H     -0.000000010000  -0.022869690000   4.221530860000 AA   -0.000000018897  -0.043217450654   7.977537151800 Bohr
[INPUT] 11 H     -0.000000020000  -2.174159430000   2.929048440000 AA   -0.000000037795  -4.108565873840   5.535099357185 Bohr
[INPUT] 12 H      0.000000000000  -2.036860150000   0.421102880000 AA    0.000000000000  -3.849107837541   0.795769113466 Bohr
[INPUT] 13 H     -0.000000030000   1.038829600000  -1.667338000000 AA   -0.000000056692   1.963103434091  -3.150812177080 Bohr
[INPUT] 14 H     -0.897006630000  -0.510469790000  -1.656164050000 AA   -1.695096862619  -0.964648097964  -3.129696471850 Bohr
[INPUT] 15 H      0.897006650000  -0.510469750000  -1.656164060000 AA    1.695096900414  -0.964648022375  -3.129696490748 Bohr
[INPUT] 16 Cl    -0.000000010000   0.001679780000  -3.815780950000 AA   -0.000000018897   0.003174324150  -7.210780946833 Bohr
[INPUT] ---------------- BASIS SET ---------------- 
[INPUT] l, kappa, [nprim/nctr], expnt,             c_1 c_2 ...
[INPUT] C
[INPUT] 0    0    [6    /1   ]  4563.24           0.00196665
                                682.024           0.0152306
                                154.973           0.0761269
                                44.4553           0.260801
                                13.029            0.616462
                                1.82773           0.221006
[INPUT] 0    0    [3    /1   ]  20.9642           0.11466
                                4.80331           0.919999
                                1.45933           -0.00303068
[INPUT] 0    0    [1    /1   ]  0.483456             1
[INPUT] 0    0    [1    /1   ]  0.145585             1
[INPUT] 1    0    [3    /1   ]  20.9642           0.0402487
                                4.80331           0.237594
                                1.45933           0.815854
[INPUT] 1    0    [1    /1   ]  0.483456             1
[INPUT] 1    0    [1    /1   ]  0.145585             1
[INPUT] 2    0    [1    /1   ]  0.626                1
[INPUT] N
[INPUT] 0    0    [6    /1   ]  6293.48           0.00196979
                                949.044           0.0149613
                                218.776           0.0735006
                                63.6916           0.248937
                                18.8282           0.60246
                                2.72023           0.256202
[INPUT] 0    0    [3    /1   ]  30.6331           0.111906
                                7.02614           0.921666
                                2.11205           -0.00256919
[INPUT] 0    0    [1    /1   ]  0.684009             1
[INPUT] 0    0    [1    /1   ]  0.200878             1
[INPUT] 1    0    [3    /1   ]  30.6331           0.0383119
                                7.02614           0.237403
                                2.11205           0.817592
[INPUT] 1    0    [1    /1   ]  0.684009             1
[INPUT] 1    0    [1    /1   ]  0.200878             1
[INPUT] 2    0    [1    /1   ]  0.913                1
[INPUT] H
[INPUT] 0    0    [3    /1   ]  33.865            0.0254938
                                5.09479           0.190373
                                1.15879           0.852161
[INPUT] 0    0    [1    /1   ]  0.32584              1
[INPUT] 0    0    [1    /1   ]  0.102741             1
[INPUT] 1    0    [1    /1   ]  0.75                 1
[INPUT] Cl
[INPUT] 0    0    [6    /1   ]  105819            0.000738
                                15872             0.005718
                                3619.65           0.029495
                                1030.8            0.117286
                                339.908           0.362949
                                124.538           0.584149
[INPUT] 0    0    [3    /1   ]  124.538           0.134177
                                49.5135           0.62425
                                20.8056           0.291756
[INPUT] 0    0    [1    /1   ]  6.58346              1
[INPUT] 0    0    [1    /1   ]  2.56468              1
[INPUT] 0    0    [1    /1   ]  0.559763             1
[INPUT] 0    0    [1    /1   ]  0.183273             1
[INPUT] 1    0    [5    /1   ]  589.776           0.002391
                                139.849           0.018504
                                45.1413           0.081377
                                16.8733           0.221552
                                6.7411            0.772569
[INPUT] 1    0    [2    /1   ]  6.7411            -1.572244
                                2.77152           0.992389
[INPUT] 1    0    [1    /1   ]  1.02387              1
[INPUT] 1    0    [1    /1   ]  0.381368             1
[INPUT] 1    0    [1    /1   ]  0.109437             1
[INPUT] 2    0    [1    /1   ]  0.75                 1

nuclear repulsion = 382.015360542773
number of shells = 100
number of NR pGTOs = 329
number of NR cGTOs = 200
basis = 6311g**
ecp = {}
CPU time:         0.37


******** <class 'pyscf.dft.rks.RKS'> ********
method = RKS
initial guess = minao
damping factor = 0
level_shift factor = 0
DIIS = <class 'pyscf.scf.diis.CDIIS'>
diis_start_cycle = 1
diis_space = 8
SCF conv_tol = 1e-09
SCF conv_tol_grad = None
SCF max_cycles = 50
direct_scf = True
direct_scf_tol = 1e-13
chkfile to save SCF result = /scratch/global/yangjunjie/tmp6d41xolb
max_memory 256000 MB (current use 81 MB)
XC library pyscf.dft.libxc version 5.2.0
    S. Lehtola, C. Steigemann, M. J. Oliveira, and M. A. Marques, SoftwareX 7, 1 (2018)
XC functionals = b3lyp
    P. A. M. Dirac, Math. Proc. Cambridge Philos. Soc. 26, 376 (1930)
    F. Bloch, Z. Phys. 57, 545 (1929)
    A. D. Becke, Phys. Rev. A 38, 3098 (1988)
    C. Lee, W. Yang, and R. G. Parr, Phys. Rev. B 37, 785 (1988)
    B. Miehlich, A. Savin, H. Stoll, and H. Preuss, Chem. Phys. Lett. 157, 200 (1989)
    S. H. Vosko, L. Wilk, and M. Nusair, Can. J. Phys. 58, 1200 (1980)
radial grids: 
    Treutler-Ahlrichs [JCP 102, 346 (1995); DOI:10.1063/1.469408] (M4) radial grids
    
becke partition: Becke, JCP 88, 2547 (1988); DOI:10.1063/1.454033
pruning grids: <function nwchem_prune at 0x7f47d3b21e50>
grids dens level: 3
symmetrized grids: False
atomic radii adjust function: <function treutler_atomic_radii_adjust at 0x7f47d3b21dc0>
small_rho_cutoff = 1e-07
Set gradient conv threshold to 3.16228e-05
atom C rad-grids = 75, ang-grids = [ 50  50  50  50  50  50  50  50  50  50  50  50  50  50  50  50  50  50
  50  50  50  50  50  86  86  86  86  86  86  86  86  86  86 266 266 266
 266 266 266 266 302 302 302 302 302 302 302 302 302 302 302 302 302 302
 302 302 302 302 302 302 266 266 266 266 266 266 266 266 266 266 266 266
 266 266 266]
atom N rad-grids = 75, ang-grids = [ 50  50  50  50  50  50  50  50  50  50  50  50  50  50  50  50  50  50
  50  50  50  50  50  86  86  86  86  86  86  86  86  86 266 266 266 266
 266 266 266 302 302 302 302 302 302 302 302 302 302 302 302 302 302 302
 302 302 302 302 266 266 266 266 266 266 266 266 266 266 266 266 266 266
 266 266 266]
atom H rad-grids = 50, ang-grids = [ 50  50  50  50  50  50  50  50  50  50  50  50  50  50  86  86  86  86
 266 266 266 266 302 302 302 302 302 302 302 302 302 302 302 302 302 266
 266 266 266 266 266 266 266 266 266 266 266 266 266 266]
atom Cl rad-grids = 80, ang-grids = [ 50  50  50  50  50  50  50  50  50  50  50  50  50  50  50  50  50  50
  50  50  50  50  50  50  86  86  86  86  86  86  86  86  86  86  86  86
  86 350 350 350 350 350 350 350 350 350 434 434 434 434 434 434 434 434
 434 434 434 434 434 434 434 434 434 434 350 350 350 350 350 350 350 350
 350 350 350 350 350 350 350 350]
tot grids = 196530
Drop grids 29868
    CPU time for setting up grids      4.15 sec, wall time      0.16 sec
nelec by numeric integration = 67.992549049371
    CPU time for vxc      7.70 sec, wall time      0.27 sec
E1 = -1777.8521341483374  Ecoul = 717.2251013893092  Exc = -70.55732284643632
init E= -749.168995062692
cond(S) = 13216.591014161308
    CPU time for initialize scf     25.47 sec, wall time      0.98 sec
  HOMO = -0.293822739576331  LUMO = -0.100849863779998
  mo_energy =
[-1.01497604e+02 -1.43956426e+01 -1.02820413e+01 -1.02812885e+01
 -1.02803348e+01 -1.02789922e+01 -1.02771715e+01 -1.02769943e+01
 -9.51662891e+00 -7.27061006e+00 -7.26935405e+00 -7.26935234e+00
 -1.10639641e+00 -9.39543579e-01 -9.26986063e-01 -8.88744501e-01
 -7.56396682e-01 -7.14824024e-01 -7.03636564e-01 -5.79313860e-01
 -5.33746842e-01 -5.11565146e-01 -4.75700566e-01 -4.75363968e-01
 -4.63642293e-01 -4.63331967e-01 -4.39101443e-01 -4.25410475e-01
 -4.00104774e-01 -3.42168974e-01 -3.39721228e-01 -3.25710761e-01
 -2.97152263e-01 -2.93822740e-01 -1.00849864e-01 -8.39362527e-02
 -2.95695993e-02  1.67119696e-02  3.44709902e-02  4.80569391e-02
  6.30072403e-02  7.07793425e-02  7.68401508e-02  8.61869523e-02
  1.06496865e-01  1.32663310e-01  1.79160872e-01  2.12481646e-01
  2.25399311e-01  2.30396219e-01  2.38975654e-01  2.55171016e-01
  2.64058942e-01  2.71372195e-01  2.78441416e-01  2.80046468e-01
  3.30898264e-01  3.38186953e-01  3.50289919e-01  3.51419809e-01
  3.66017630e-01  3.92294827e-01  3.97143913e-01  4.03395280e-01
  4.28878076e-01  4.28903238e-01  4.78139435e-01  4.81644844e-01
  4.95645188e-01  5.13523450e-01  5.20730238e-01  5.35029955e-01
  5.51865871e-01  5.52548423e-01  5.76471041e-01  5.87819702e-01
  5.94477851e-01  6.33338202e-01  6.75027757e-01  6.85091221e-01
  6.91382748e-01  6.99147529e-01  7.31178654e-01  7.54108370e-01
  7.80440150e-01  7.89865754e-01  7.99519276e-01  8.03974236e-01
  8.04447188e-01  8.13815245e-01  8.36158665e-01  9.02584083e-01
  9.13332602e-01  9.41849634e-01  9.68457144e-01  9.70866458e-01
  1.02166883e+00  1.02509267e+00  1.06067946e+00  1.09088949e+00
  1.09434964e+00  1.12617428e+00  1.14654567e+00  1.23764858e+00
  1.26773704e+00  1.30821430e+00  1.38538002e+00  1.39347050e+00
  1.39432293e+00  1.43607554e+00  1.43878264e+00  1.44709908e+00
  1.48374891e+00  1.49564013e+00  1.53575074e+00  1.54035618e+00
  1.54519042e+00  1.60140589e+00  1.65915041e+00  1.65976662e+00
  1.66904141e+00  1.67425362e+00  1.72513395e+00  1.72764360e+00
  1.73731900e+00  1.74423163e+00  1.78168890e+00  1.83276052e+00
  1.83932944e+00  1.86257348e+00  1.86865943e+00  1.90587073e+00
  1.96648878e+00  1.99242328e+00  2.03281777e+00  2.04005672e+00
  2.06256813e+00  2.07874450e+00  2.11791728e+00  2.12256626e+00
  2.16982845e+00  2.17277673e+00  2.20736173e+00  2.24622202e+00
  2.30308866e+00  2.30800719e+00  2.32922603e+00  2.36938033e+00
  2.39900187e+00  2.39917225e+00  2.42765623e+00  2.43149442e+00
  2.46704350e+00  2.48765432e+00  2.51966136e+00  2.52151901e+00
  2.54560119e+00  2.57298613e+00  2.59267648e+00  2.60242553e+00
  2.61747635e+00  2.65585591e+00  2.69400201e+00  2.69523291e+00
  2.71112272e+00  2.80001192e+00  2.85978996e+00  2.88104570e+00
  2.89552814e+00  2.90601258e+00  2.96197934e+00  3.09238210e+00
  3.09728415e+00  3.24461712e+00  3.32908360e+00  3.37933460e+00
  3.54067769e+00  3.57126741e+00  3.66072444e+00  3.66676288e+00
  3.72852570e+00  3.79332617e+00  3.92112066e+00  3.95385757e+00
  3.99207908e+00  4.32232785e+00  4.37837242e+00  5.17021170e+00
  9.50420150e+00  2.35493595e+01  2.37917099e+01  2.38389328e+01
  2.39393260e+01  2.40156637e+01  2.40622003e+01  2.53938197e+01
  2.54050435e+01  2.60077695e+01  3.55696639e+01  2.15558871e+02]
nelec by numeric integration = 68.00003753656372
    CPU time for vxc      7.14 sec, wall time      0.26 sec
E1 = -1785.1073073540833  Ecoul = 725.7172025395093  Exc = -70.81568388879776
cycle= 1 E= -748.190428160599  delta_E= 0.979  |g|= 0.398  |ddm|= 3.34
    CPU time for cycle= 1      8.68 sec, wall time      0.31 sec
  HOMO = -0.196086992269725  LUMO = -0.00192988189747376
  mo_energy =
[-1.01400355e+02 -1.41699400e+01 -1.01843187e+01 -1.01835959e+01
 -1.01381572e+01 -1.01277776e+01 -1.00930778e+01 -1.00928331e+01
 -9.32614010e+00 -7.08913741e+00 -7.07962160e+00 -7.07961160e+00
 -9.09321566e-01 -7.77945423e-01 -7.66872943e-01 -7.44071749e-01
 -6.19993623e-01 -6.10922025e-01 -6.06691935e-01 -5.19412024e-01
 -4.63669055e-01 -4.51264642e-01 -4.23961824e-01 -4.03551237e-01
 -3.98787341e-01 -3.84766758e-01 -3.74768610e-01 -3.51474983e-01
 -3.40053476e-01 -2.60069918e-01 -2.50291929e-01 -2.30325682e-01
 -2.29244639e-01 -1.96086992e-01 -1.92988190e-03 -1.44038107e-03
  3.89889842e-02  6.33019523e-02  6.73937899e-02  9.68502521e-02
  9.74560912e-02  1.04083024e-01  1.31141155e-01  1.31218267e-01
  1.60881792e-01  1.66627382e-01  2.44404538e-01  2.71373531e-01
  2.80522339e-01  2.89608705e-01  3.13440569e-01  3.17521509e-01
  3.25376253e-01  3.35472767e-01  3.37680368e-01  3.50479917e-01
  3.88401764e-01  3.92846289e-01  3.99364103e-01  4.10090921e-01
  4.24181517e-01  4.44219917e-01  4.45545909e-01  4.62676971e-01
  4.71519923e-01  5.06185381e-01  5.27948721e-01  5.54418757e-01
  5.59629377e-01  5.67586145e-01  5.95667121e-01  6.03492036e-01
  6.19225640e-01  6.21747944e-01  6.42973991e-01  6.54270506e-01
  6.66258523e-01  6.87492934e-01  7.36836097e-01  7.40391019e-01
  7.61449184e-01  7.78506815e-01  8.03449048e-01  8.18287432e-01
  8.63385860e-01  8.71579950e-01  8.98912634e-01  9.07515423e-01
  9.19070220e-01  9.63403618e-01  9.66492228e-01  9.70885838e-01
  9.80525984e-01  1.01200704e+00  1.03022016e+00  1.05506406e+00
  1.07146064e+00  1.08548756e+00  1.11981080e+00  1.19011189e+00
  1.19134221e+00  1.20998505e+00  1.22072253e+00  1.32221098e+00
  1.34602297e+00  1.37731140e+00  1.45762879e+00  1.45864953e+00
  1.46898352e+00  1.51454584e+00  1.51668519e+00  1.52637617e+00
  1.54472969e+00  1.56638830e+00  1.59796013e+00  1.60159262e+00
  1.60359553e+00  1.65496694e+00  1.70118807e+00  1.71700899e+00
  1.74415565e+00  1.75470342e+00  1.77117040e+00  1.78998644e+00
  1.79264579e+00  1.80870263e+00  1.86556328e+00  1.88992886e+00
  1.91323547e+00  1.95009863e+00  1.95093899e+00  1.99123440e+00
  2.05379452e+00  2.08446970e+00  2.10693345e+00  2.13433905e+00
  2.16263799e+00  2.16545620e+00  2.18740747e+00  2.20592820e+00
  2.28141207e+00  2.28655420e+00  2.28698444e+00  2.31724834e+00
  2.38451575e+00  2.39507454e+00  2.42431685e+00  2.45820303e+00
  2.46985714e+00  2.49081128e+00  2.50986633e+00  2.53097219e+00
  2.55256990e+00  2.57316599e+00  2.58582814e+00  2.60388805e+00
  2.61717110e+00  2.62863570e+00  2.62871821e+00  2.64561484e+00
  2.67584154e+00  2.74634231e+00  2.78221945e+00  2.79863417e+00
  2.81022017e+00  2.89180878e+00  2.94996083e+00  2.98777112e+00
  3.01010314e+00  3.01311507e+00  3.05132994e+00  3.20725306e+00
  3.22514600e+00  3.36175564e+00  3.44095393e+00  3.48941513e+00
  3.65297812e+00  3.66772333e+00  3.76339505e+00  3.76827802e+00
  3.81882149e+00  3.94852243e+00  4.01240915e+00  4.04275024e+00
  4.09077245e+00  4.44207284e+00  4.53529667e+00  5.31210082e+00
  9.68083848e+00  2.36855985e+01  2.39244141e+01  2.39582925e+01
  2.40503439e+01  2.41576975e+01  2.42188498e+01  2.55708863e+01
  2.55820071e+01  2.61691161e+01  3.57840609e+01  2.15653008e+02]
nelec by numeric integration = 68.0000384783008
    CPU time for vxc      7.29 sec, wall time      0.26 sec
E1 = -1777.3266447398473  Ecoul = 717.3408966091613  Exc = -70.21684217934198
cycle= 2 E= -748.187229767255  delta_E= 0.0032  |g|= 0.436  |ddm|= 0.825
    CPU time for cycle= 2      8.96 sec, wall time      0.32 sec
  HOMO = -0.263860819668643  LUMO = -0.044711489896065
  mo_energy =
[-1.01501792e+02 -1.43402155e+01 -1.02101558e+01 -1.02098797e+01
 -1.01994310e+01 -1.01933763e+01 -1.01932560e+01 -1.01931934e+01
 -9.41153721e+00 -7.17600926e+00 -7.16685522e+00 -7.16684541e+00
 -9.73521990e-01 -8.22331838e-01 -8.13525475e-01 -7.83036095e-01
 -6.54132157e-01 -6.53663568e-01 -6.39291946e-01 -5.46657939e-01
 -5.01238236e-01 -4.87041543e-01 -4.51715207e-01 -4.32218520e-01
 -4.23469201e-01 -4.21329842e-01 -4.14174519e-01 -3.86964833e-01
 -3.76904983e-01 -3.09446975e-01 -2.83015103e-01 -2.66685921e-01
 -2.65939385e-01 -2.63860820e-01 -4.47114899e-02 -3.33318787e-02
  2.99572147e-02  5.37253681e-02  6.21884117e-02  7.49238980e-02
  9.04759530e-02  9.19134835e-02  1.15522838e-01  1.25425128e-01
  1.27724366e-01  1.58982797e-01  2.18313109e-01  2.50152261e-01
  2.61822859e-01  2.68268964e-01  2.92907677e-01  3.02867190e-01
  3.05290358e-01  3.15705073e-01  3.18556022e-01  3.30940973e-01
  3.67759509e-01  3.70111032e-01  3.74383050e-01  3.86807686e-01
  4.01715715e-01  4.23403144e-01  4.26181013e-01  4.36548404e-01
  4.52150345e-01  4.76832854e-01  5.06148716e-01  5.34891957e-01
  5.41556736e-01  5.42286511e-01  5.67122114e-01  5.80382889e-01
  5.91457434e-01  6.01794675e-01  6.17272837e-01  6.32499052e-01
  6.36975586e-01  6.69011073e-01  7.16799800e-01  7.18467368e-01
  7.20549317e-01  7.45760878e-01  7.72258125e-01  7.92251560e-01
  8.32698779e-01  8.38619864e-01  8.68193041e-01  8.69170990e-01
  8.87558836e-01  9.19422617e-01  9.20372460e-01  9.41114625e-01
  9.49638972e-01  9.87516414e-01  9.98069709e-01  1.01498863e+00
  1.04518207e+00  1.06013155e+00  1.09677656e+00  1.15280491e+00
  1.16164174e+00  1.18291199e+00  1.19210211e+00  1.28133696e+00
  1.31130423e+00  1.34126440e+00  1.42962655e+00  1.43937367e+00
  1.44452670e+00  1.48257005e+00  1.49783299e+00  1.50676813e+00
  1.52522110e+00  1.53188625e+00  1.57391276e+00  1.57899657e+00
  1.58269425e+00  1.63804127e+00  1.68607291e+00  1.69722401e+00
  1.72510995e+00  1.73188985e+00  1.75544674e+00  1.76565539e+00
  1.76898032e+00  1.78562636e+00  1.83583512e+00  1.87081750e+00
  1.88183622e+00  1.91609237e+00  1.91622346e+00  1.96249224e+00
  2.02319700e+00  2.04485631e+00  2.07591986e+00  2.10716869e+00
  2.12981535e+00  2.13781101e+00  2.16562174e+00  2.16703171e+00
  2.24934905e+00  2.24989859e+00  2.25494219e+00  2.29476665e+00
  2.35610460e+00  2.37217254e+00  2.37896852e+00  2.43072683e+00
  2.45349432e+00  2.46108116e+00  2.48547988e+00  2.50483076e+00
  2.53058866e+00  2.54239768e+00  2.55962382e+00  2.57713752e+00
  2.58123192e+00  2.60489572e+00  2.61792327e+00  2.63398845e+00
  2.65336591e+00  2.70469112e+00  2.74506798e+00  2.75223093e+00
  2.76220826e+00  2.85002414e+00  2.91527896e+00  2.94297974e+00
  2.95953153e+00  2.96083716e+00  3.02156887e+00  3.16774846e+00
  3.17169947e+00  3.31384957e+00  3.39498088e+00  3.44248225e+00
  3.60556348e+00  3.62541210e+00  3.73719914e+00  3.74210725e+00
  3.78073693e+00  3.84453549e+00  3.97523586e+00  4.00718573e+00
  4.04808580e+00  4.38530657e+00  4.44280077e+00  5.22991944e+00
  9.60697116e+00  2.36206951e+01  2.38718356e+01  2.39074354e+01
  2.40048740e+01  2.40864330e+01  2.41382082e+01  2.55015833e+01
  2.55127299e+01  2.61001459e+01  3.56201596e+01  2.15554424e+02]
nelec by numeric integration = 68.00003710302428
    CPU time for vxc      7.12 sec, wall time      0.25 sec
E1 = -1781.2231794017844  Ecoul = 721.487833759842  Exc = -70.51048716040054
cycle= 3 E= -748.23047225957  delta_E= -0.0432  |g|= 0.0868  |ddm|= 0.419
    CPU time for cycle= 3      8.74 sec, wall time      0.31 sec
  HOMO = -0.258000112402824  LUMO = -0.0444193555542633
  mo_energy =
[-1.01518722e+02 -1.43075416e+01 -1.02234221e+01 -1.02233328e+01
 -1.02114759e+01 -1.02023914e+01 -1.02022616e+01 -1.02017943e+01
 -9.42911998e+00 -7.19356533e+00 -7.18449398e+00 -7.18448373e+00
 -9.66555416e-01 -8.25397085e-01 -8.20179845e-01 -7.86281955e-01
 -6.58541715e-01 -6.53979363e-01 -6.43787021e-01 -5.49297694e-01
 -5.03463460e-01 -4.89929287e-01 -4.55220824e-01 -4.32115956e-01
 -4.25793651e-01 -4.23709871e-01 -4.14759158e-01 -3.89449780e-01
 -3.83844051e-01 -3.08706247e-01 -2.86722203e-01 -2.75247406e-01
 -2.74361149e-01 -2.58000112e-01 -4.44193556e-02 -3.62974679e-02
  2.88665075e-02  5.23641102e-02  6.14150850e-02  7.12431579e-02
  8.99911882e-02  9.13008919e-02  1.15931016e-01  1.24974018e-01
  1.26424407e-01  1.58548409e-01  2.18451821e-01  2.47942302e-01
  2.60290538e-01  2.67585843e-01  2.90890677e-01  3.01495478e-01
  3.01726342e-01  3.13183399e-01  3.16523490e-01  3.26605357e-01
  3.66302866e-01  3.68513547e-01  3.72374641e-01  3.85026047e-01
  3.99756129e-01  4.21524300e-01  4.24786401e-01  4.34945226e-01
  4.50213504e-01  4.76733138e-01  5.04455029e-01  5.33749631e-01
  5.40225180e-01  5.41044988e-01  5.65317855e-01  5.77879572e-01
  5.89023916e-01  6.00632636e-01  6.16156312e-01  6.31146146e-01
  6.35481473e-01  6.66139864e-01  7.14223911e-01  7.18320762e-01
  7.23055733e-01  7.42545946e-01  7.71539607e-01  7.89599261e-01
  8.32699750e-01  8.37345821e-01  8.62271141e-01  8.63361153e-01
  8.81973098e-01  9.09101553e-01  9.09486053e-01  9.38209664e-01
  9.48071782e-01  9.86188783e-01  9.97037564e-01  1.01124047e+00
  1.04663288e+00  1.05722120e+00  1.09343671e+00  1.14880324e+00
  1.15892747e+00  1.18210837e+00  1.18949060e+00  1.28358218e+00
  1.31132189e+00  1.34221801e+00  1.42686272e+00  1.43672436e+00
  1.44459209e+00  1.48099701e+00  1.49643889e+00  1.50536648e+00
  1.52287493e+00  1.52999593e+00  1.57191696e+00  1.57720337e+00
  1.58074490e+00  1.63696492e+00  1.68467729e+00  1.69492303e+00
  1.72411816e+00  1.73000059e+00  1.75363479e+00  1.76401716e+00
  1.76864268e+00  1.78473417e+00  1.83429760e+00  1.86842463e+00
  1.87847514e+00  1.91297460e+00  1.91301512e+00  1.96083551e+00
  2.02178088e+00  2.04222436e+00  2.07396820e+00  2.10296988e+00
  2.12857678e+00  2.13274994e+00  2.16506983e+00  2.16658125e+00
  2.24310891e+00  2.24358667e+00  2.25358848e+00  2.29200712e+00
  2.35395631e+00  2.37002751e+00  2.38164287e+00  2.42706887e+00
  2.45391159e+00  2.45554787e+00  2.48348207e+00  2.50227835e+00
  2.52863602e+00  2.54165468e+00  2.55838213e+00  2.57221443e+00
  2.57925700e+00  2.60320486e+00  2.61652366e+00  2.63298753e+00
  2.65170149e+00  2.70613911e+00  2.73962982e+00  2.75032784e+00
  2.76077594e+00  2.84733610e+00  2.91254294e+00  2.94442009e+00
  2.95617206e+00  2.96039090e+00  3.02113780e+00  3.16337119e+00
  3.16658118e+00  3.30791384e+00  3.38953213e+00  3.43731664e+00
  3.60567241e+00  3.62700303e+00  3.73485457e+00  3.73981116e+00
  3.78069251e+00  3.86280022e+00  3.97099972e+00  4.00279160e+00
  4.04499998e+00  4.38323831e+00  4.45600532e+00  5.23991557e+00
  9.59124735e+00  2.36102353e+01  2.38637584e+01  2.38968351e+01
  2.39929989e+01  2.40762054e+01  2.41282996e+01  2.54864771e+01
  2.54976247e+01  2.60852741e+01  3.56514820e+01  2.15537616e+02]
nelec by numeric integration = 68.0000371881782
    CPU time for vxc      7.34 sec, wall time      0.26 sec
E1 = -1781.3984616841763  Ecoul = 721.6773666591562  Exc = -70.52599394784355
cycle= 4 E= -748.231728430091  delta_E= -0.00126  |g|= 0.0386  |ddm|= 0.0787
    CPU time for cycle= 4      9.36 sec, wall time      0.33 sec
  HOMO = -0.261909404344568  LUMO = -0.0436633486969769
  mo_energy =
[-1.01511004e+02 -1.43181157e+01 -1.02235561e+01 -1.02235429e+01
 -1.02046447e+01 -1.02036299e+01 -1.01958159e+01 -1.01957909e+01
 -9.42513277e+00 -7.18920333e+00 -7.18020520e+00 -7.18019502e+00
 -9.68239155e-01 -8.23609254e-01 -8.18622973e-01 -7.84807226e-01
 -6.59664148e-01 -6.53579134e-01 -6.42443270e-01 -5.48028457e-01
 -5.02273018e-01 -4.88668567e-01 -4.53834452e-01 -4.33569850e-01
 -4.25537256e-01 -4.24222338e-01 -4.15120257e-01 -3.88180875e-01
 -3.83805547e-01 -3.07417178e-01 -2.84890481e-01 -2.75326869e-01
 -2.74421844e-01 -2.61909404e-01 -4.36633487e-02 -3.47893658e-02
  2.92851974e-02  5.26321934e-02  6.17842790e-02  7.02285254e-02
  9.00254698e-02  9.18053762e-02  1.15307294e-01  1.24951190e-01
  1.26625748e-01  1.57840858e-01  2.18825057e-01  2.49811918e-01
  2.61741287e-01  2.68257692e-01  2.91251339e-01  3.00389202e-01
  3.01297103e-01  3.12578852e-01  3.16105631e-01  3.26207041e-01
  3.66706732e-01  3.69229702e-01  3.74520600e-01  3.85764438e-01
  4.01807758e-01  4.22940185e-01  4.25441054e-01  4.35950557e-01
  4.51426922e-01  4.75947286e-01  5.05320262e-01  5.33503660e-01
  5.39517737e-01  5.42258482e-01  5.66517800e-01  5.78370026e-01
  5.90746518e-01  5.99301929e-01  6.16469382e-01  6.30819367e-01
  6.36738200e-01  6.66703113e-01  7.16040197e-01  7.20320258e-01
  7.20448387e-01  7.43798292e-01  7.72139723e-01  7.89838394e-01
  8.32706485e-01  8.36675537e-01  8.61796583e-01  8.63111177e-01
  8.81996768e-01  9.09459121e-01  9.09871820e-01  9.40382106e-01
  9.48453359e-01  9.86709288e-01  9.97329772e-01  1.01383494e+00
  1.04561020e+00  1.05907419e+00  1.09530770e+00  1.14886937e+00
  1.15769639e+00  1.18165025e+00  1.18810411e+00  1.28203860e+00
  1.31081289e+00  1.34257551e+00  1.42858070e+00  1.43856237e+00
  1.44247693e+00  1.48269008e+00  1.49463246e+00  1.50380306e+00
  1.52498683e+00  1.53123630e+00  1.57312377e+00  1.57787488e+00
  1.58172179e+00  1.63631868e+00  1.68580303e+00  1.69584028e+00
  1.72262519e+00  1.72936309e+00  1.75461774e+00  1.76471098e+00
  1.76944066e+00  1.78505191e+00  1.83372357e+00  1.86979161e+00
  1.88099267e+00  1.91447304e+00  1.91516968e+00  1.96042712e+00
  2.02126998e+00  2.04455599e+00  2.07520435e+00  2.10225819e+00
  2.12849454e+00  2.13221304e+00  2.16481604e+00  2.16819023e+00
  2.24282230e+00  2.24324782e+00  2.25494851e+00  2.29328520e+00
  2.35498298e+00  2.36900211e+00  2.38006645e+00  2.42785899e+00
  2.45187644e+00  2.45631128e+00  2.48196553e+00  2.50054053e+00
  2.52714674e+00  2.54128853e+00  2.55843879e+00  2.57542543e+00
  2.58040945e+00  2.60401487e+00  2.61786916e+00  2.63305594e+00
  2.65318840e+00  2.70518437e+00  2.74169872e+00  2.75221486e+00
  2.76211184e+00  2.84723881e+00  2.91360932e+00  2.94342963e+00
  2.95949510e+00  2.95968269e+00  3.02005123e+00  3.16376631e+00
  3.16779973e+00  3.31044918e+00  3.39246941e+00  3.44143568e+00
  3.60572941e+00  3.62514575e+00  3.73278781e+00  3.73774998e+00
  3.77951103e+00  3.85627899e+00  3.97349846e+00  4.00609144e+00
  4.04640888e+00  4.38527746e+00  4.45089923e+00  5.23638953e+00
  9.59419403e+00  2.36145599e+01  2.38619562e+01  2.38993468e+01
  2.39956306e+01  2.40798069e+01  2.41341037e+01  2.54889278e+01
  2.55000766e+01  2.60879057e+01  3.56413488e+01  2.15544844e+02]
nelec by numeric integration = 68.00003717388772
    CPU time for vxc      7.34 sec, wall time      0.26 sec
E1 = -1781.366979433727  Ecoul = 721.6429121150306  Exc = -70.52331112174525
cycle= 5 E= -748.232017897668  delta_E= -0.000289  |g|= 0.0128  |ddm|= 0.0401
    CPU time for cycle= 5      9.28 sec, wall time      0.33 sec
  HOMO = -0.260585916268312  LUMO = -0.043377842867644
  mo_energy =
[-1.01508216e+02 -1.43157829e+01 -1.02202357e+01 -1.02202246e+01
 -1.02068610e+01 -1.02013440e+01 -1.01973720e+01 -1.01973424e+01
 -9.42329829e+00 -7.18727272e+00 -7.17828886e+00 -7.17827853e+00
 -9.66730802e-01 -8.23495206e-01 -8.18612119e-01 -7.84094709e-01
 -6.58784678e-01 -6.53056251e-01 -6.42126877e-01 -5.47822361e-01
 -5.01919949e-01 -4.88592870e-01 -4.53436279e-01 -4.32681262e-01
 -4.24971639e-01 -4.24158137e-01 -4.14387902e-01 -3.88109099e-01
 -3.83148416e-01 -3.07521500e-01 -2.84432595e-01 -2.74729688e-01
 -2.73834346e-01 -2.60585916e-01 -4.33778429e-02 -3.43723305e-02
  2.94758030e-02  5.27425779e-02  6.20037114e-02  7.09769828e-02
  9.02103792e-02  9.18033858e-02  1.15794607e-01  1.25185014e-01
  1.27035397e-01  1.58282718e-01  2.19236962e-01  2.49602778e-01
  2.61615605e-01  2.68480178e-01  2.91646427e-01  3.00947664e-01
  3.01818507e-01  3.13017602e-01  3.16555634e-01  3.26523337e-01
  3.67014583e-01  3.69576315e-01  3.74399074e-01  3.86009280e-01
  4.01472956e-01  4.23204507e-01  4.25488843e-01  4.36230483e-01
  4.51634695e-01  4.76827828e-01  5.05693542e-01  5.34279190e-01
  5.40251200e-01  5.41924408e-01  5.66671816e-01  5.78743027e-01
  5.90479377e-01  6.00050034e-01  6.16797954e-01  6.31616673e-01
  6.36651528e-01  6.67114676e-01  7.15877769e-01  7.19986661e-01
  7.21542720e-01  7.43839854e-01  7.72522659e-01  7.90296964e-01
  8.33336293e-01  8.37376077e-01  8.62610723e-01  8.63770854e-01
  8.82597931e-01  9.10125496e-01  9.10473423e-01  9.40204408e-01
  9.48740026e-01  9.86916279e-01  9.97725705e-01  1.01369055e+00
  1.04648898e+00  1.05914938e+00  1.09526909e+00  1.14947196e+00
  1.15849719e+00  1.18263081e+00  1.18896125e+00  1.28278750e+00
  1.31173392e+00  1.34312191e+00  1.42875815e+00  1.43849112e+00
  1.44309934e+00  1.48265303e+00  1.49539397e+00  1.50453052e+00
  1.52454074e+00  1.53140313e+00  1.57330457e+00  1.57814103e+00
  1.58185478e+00  1.63721926e+00  1.68587166e+00  1.69623586e+00
  1.72328560e+00  1.72991076e+00  1.75492041e+00  1.76487864e+00
  1.76953717e+00  1.78529144e+00  1.83442418e+00  1.86986047e+00
  1.88047325e+00  1.91484442e+00  1.91488823e+00  1.96103735e+00
  2.02199345e+00  2.04426156e+00  2.07560390e+00  2.10297412e+00
  2.12949006e+00  2.13294342e+00  2.16543377e+00  2.16799169e+00
  2.24357063e+00  2.24397583e+00  2.25479465e+00  2.29359127e+00
  2.35521231e+00  2.36972263e+00  2.38128848e+00  2.42809537e+00
  2.45256418e+00  2.45671776e+00  2.48281558e+00  2.50157763e+00
  2.52809129e+00  2.54233240e+00  2.55890785e+00  2.57503594e+00
  2.58051180e+00  2.60410307e+00  2.61758296e+00  2.63338963e+00
  2.65304741e+00  2.70612273e+00  2.74204063e+00  2.75217524e+00
  2.76206836e+00  2.84860495e+00  2.91429078e+00  2.94433828e+00
  2.95909318e+00  2.96067936e+00  3.02068700e+00  3.16459251e+00
  3.16779756e+00  3.31069627e+00  3.39237540e+00  3.44048297e+00
  3.60649299e+00  3.62675808e+00  3.73385823e+00  3.73884145e+00
  3.78115168e+00  3.85811139e+00  3.97335264e+00  4.00530012e+00
  4.04686906e+00  4.38516735e+00  4.45255025e+00  5.23797372e+00
  9.59570085e+00  2.36143585e+01  2.38641083e+01  2.39005652e+01
  2.39966284e+01  2.40802645e+01  2.41328560e+01  2.54902720e+01
  2.55014208e+01  2.60893164e+01  3.56436508e+01  2.15547503e+02]
nelec by numeric integration = 68.00003718735867
    CPU time for vxc      7.07 sec, wall time      0.25 sec
E1 = -1781.3109134317574  Ecoul = 721.5833488284343  Exc = -70.51985408553418
cycle= 6 E= -748.232058146084  delta_E= -4.02e-05  |g|= 0.00426  |ddm|= 0.0134
    CPU time for cycle= 6      8.66 sec, wall time      0.31 sec
  HOMO = -0.260857884190428  LUMO = -0.0434567449586847
  mo_energy =
[-1.01508897e+02 -1.43162020e+01 -1.02213105e+01 -1.02212924e+01
 -1.02061644e+01 -1.02014963e+01 -1.01973121e+01 -1.01972763e+01
 -9.42377003e+00 -7.18776202e+00 -7.17878147e+00 -7.17877111e+00
 -9.67305126e-01 -8.23616595e-01 -8.18752882e-01 -7.84425352e-01
 -6.58877319e-01 -6.53227624e-01 -6.42239693e-01 -5.47912067e-01
 -5.02116530e-01 -4.88617318e-01 -4.53666406e-01 -4.32887259e-01
 -4.25042710e-01 -4.24198464e-01 -4.14634184e-01 -3.88182530e-01
 -3.83312482e-01 -3.07555905e-01 -2.84700359e-01 -2.74935742e-01
 -2.74039186e-01 -2.60857884e-01 -4.34567450e-02 -3.45761341e-02
  2.94564988e-02  5.27388824e-02  6.19683948e-02  7.08581089e-02
  9.02057884e-02  9.18501837e-02  1.15686393e-01  1.25163079e-01
  1.26916248e-01  1.58201335e-01  2.19084104e-01  2.49633175e-01
  2.61641130e-01  2.68405998e-01  2.91533309e-01  3.00818431e-01
  3.01692345e-01  3.12884844e-01  3.16439629e-01  3.26376692e-01
  3.66902574e-01  3.69451695e-01  3.74351075e-01  3.85924684e-01
  4.01543386e-01  4.23064724e-01  4.25483168e-01  4.36072569e-01
  4.51552233e-01  4.76586171e-01  5.05554565e-01  5.34088623e-01
  5.40134109e-01  5.41977434e-01  5.66591073e-01  5.78635014e-01
  5.90503114e-01  5.99912800e-01  6.16702976e-01  6.31443684e-01
  6.36590500e-01  6.66995380e-01  7.15895709e-01  7.20056796e-01
  7.21327271e-01  7.43808669e-01  7.72362575e-01  7.90178212e-01
  8.33148068e-01  8.37232346e-01  8.62392903e-01  8.63587443e-01
  8.82431268e-01  9.09878639e-01  9.10251307e-01  9.40159041e-01
  9.48659085e-01  9.86862742e-01  9.97559938e-01  1.01361339e+00
  1.04628007e+00  1.05903000e+00  1.09525011e+00  1.14926330e+00
  1.15832746e+00  1.18235192e+00  1.18878885e+00  1.28264955e+00
  1.31144539e+00  1.34288125e+00  1.42859731e+00  1.43845063e+00
  1.44301349e+00  1.48259521e+00  1.49527952e+00  1.50441675e+00
  1.52464461e+00  1.53132378e+00  1.57323540e+00  1.57808223e+00
  1.58182087e+00  1.63704042e+00  1.68584911e+00  1.69611034e+00
  1.72316050e+00  1.72980285e+00  1.75479598e+00  1.76483580e+00
  1.76951230e+00  1.78523204e+00  1.83424353e+00  1.86982369e+00
  1.88057077e+00  1.91467286e+00  1.91492786e+00  1.96090087e+00
  2.02181579e+00  2.04427028e+00  2.07540188e+00  2.10279391e+00
  2.12917572e+00  2.13275525e+00  2.16530684e+00  2.16797460e+00
  2.24338136e+00  2.24380051e+00  2.25482171e+00  2.29344455e+00
  2.35514387e+00  2.36965450e+00  2.38094773e+00  2.42804400e+00
  2.45246636e+00  2.45663240e+00  2.48268935e+00  2.50143233e+00
  2.52795502e+00  2.54201758e+00  2.55885005e+00  2.57500143e+00
  2.58046621e+00  2.60412321e+00  2.61769573e+00  2.63337106e+00
  2.65306725e+00  2.70586332e+00  2.74188749e+00  2.75204514e+00
  2.76205791e+00  2.84812530e+00  2.91399922e+00  2.94409185e+00
  2.95903306e+00  2.96040339e+00  3.02057222e+00  3.16446311e+00
  3.16773225e+00  3.31045598e+00  3.39225238e+00  3.44061486e+00
  3.60623339e+00  3.62632902e+00  3.73374456e+00  3.73872353e+00
  3.78065945e+00  3.85769797e+00  3.97328846e+00  4.00546349e+00
  4.04664209e+00  4.38510193e+00  4.45218922e+00  5.23753612e+00
  9.59529987e+00  2.36142472e+01  2.38639520e+01  2.39000030e+01
  2.39962775e+01  2.40798599e+01  2.41330022e+01  2.54898981e+01
  2.55010469e+01  2.60889467e+01  3.56432247e+01  2.15546852e+02]
nelec by numeric integration = 68.00003717963445
    CPU time for vxc      7.07 sec, wall time      0.25 sec
E1 = -1781.332000978985  Ecoul = 721.6054203805037  Exc = -70.5208426699949
cycle= 7 E= -748.232062725703  delta_E= -4.58e-06  |g|= 0.000602  |ddm|= 0.00339
    CPU time for cycle= 7      8.64 sec, wall time      0.31 sec
  HOMO = -0.260837678891922  LUMO = -0.0434461404748282
  mo_energy =
[-1.01509307e+02 -1.43161703e+01 -1.02212232e+01 -1.02212124e+01
 -1.02063096e+01 -1.02016976e+01 -1.01971946e+01 -1.01971663e+01
 -9.42399261e+00 -7.18800427e+00 -7.17902046e+00 -7.17901011e+00
 -9.67268735e-01 -8.23642197e-01 -8.18779262e-01 -7.84371753e-01
 -6.58920559e-01 -6.53202462e-01 -6.42220509e-01 -5.47898787e-01
 -5.02087145e-01 -4.88589690e-01 -4.53626787e-01 -4.32900987e-01
 -4.25071907e-01 -4.24222695e-01 -4.14628465e-01 -3.88164754e-01
 -3.83360805e-01 -3.07554979e-01 -2.84654076e-01 -2.74982910e-01
 -2.74085037e-01 -2.60837679e-01 -4.34461405e-02 -3.45397075e-02
  2.94536401e-02  5.27218725e-02  6.19818182e-02  7.08242614e-02
  9.02079672e-02  9.18493000e-02  1.15691486e-01  1.25168620e-01
  1.26929088e-01  1.58200736e-01  2.19097443e-01  2.49641111e-01
  2.61647421e-01  2.68419819e-01  2.91533868e-01  3.00808468e-01
  3.01680811e-01  3.12870030e-01  3.16441705e-01  3.26361707e-01
  3.66913697e-01  3.69474653e-01  3.74362016e-01  3.85942423e-01
  4.01539992e-01  4.23093571e-01  4.25486943e-01  4.36080820e-01
  4.51552805e-01  4.76591822e-01  5.05576441e-01  5.34113288e-01
  5.40125862e-01  5.41980259e-01  5.66595263e-01  5.78641203e-01
  5.90514997e-01  5.99888088e-01  6.16703750e-01  6.31455263e-01
  6.36610148e-01  6.66995754e-01  7.15903291e-01  7.20059748e-01
  7.21333166e-01  7.43813213e-01  7.72370532e-01  7.90178057e-01
  8.33165001e-01  8.37236856e-01  8.62352365e-01  8.63547489e-01
  8.82404172e-01  9.09825698e-01  9.10206149e-01  9.40170999e-01
  9.48657082e-01  9.86855647e-01  9.97560854e-01  1.01363340e+00
  1.04629659e+00  1.05906137e+00  1.09525466e+00  1.14923946e+00
  1.15830519e+00  1.18237591e+00  1.18876677e+00  1.28265727e+00
  1.31147453e+00  1.34290322e+00  1.42862699e+00  1.43846423e+00
  1.44300263e+00  1.48260201e+00  1.49525033e+00  1.50439164e+00
  1.52464668e+00  1.53133568e+00  1.57325022e+00  1.57809629e+00
  1.58183716e+00  1.63705774e+00  1.68586204e+00  1.69613132e+00
  1.72314318e+00  1.72978758e+00  1.75482262e+00  1.76484126e+00
  1.76951520e+00  1.78523948e+00  1.83423389e+00  1.86984236e+00
  1.88057457e+00  1.91470352e+00  1.91492974e+00  1.96091058e+00
  2.02182893e+00  2.04428170e+00  2.07543272e+00  2.10275266e+00
  2.12920392e+00  2.13271143e+00  2.16532202e+00  2.16797745e+00
  2.24332666e+00  2.24375228e+00  2.25481604e+00  2.29347678e+00
  2.35516467e+00  2.36962958e+00  2.38097522e+00  2.42801897e+00
  2.45245746e+00  2.45659026e+00  2.48266506e+00  2.50137716e+00
  2.52792206e+00  2.54205135e+00  2.55885892e+00  2.57502729e+00
  2.58048743e+00  2.60413022e+00  2.61769796e+00  2.63338002e+00
  2.65308336e+00  2.70588694e+00  2.74188308e+00  2.75209825e+00
  2.76206746e+00  2.84817689e+00  2.91404087e+00  2.94411332e+00
  2.95905636e+00  2.96043086e+00  3.02056927e+00  3.16441165e+00
  3.16772382e+00  3.31050778e+00  3.39228284e+00  3.44061618e+00
  3.60626391e+00  3.62636555e+00  3.73368794e+00  3.73866812e+00
  3.78070159e+00  3.85772506e+00  3.97332228e+00  4.00545960e+00
  4.04668094e+00  4.38512153e+00  4.45222248e+00  5.23757211e+00
  9.59512612e+00  2.36142768e+01  2.38637648e+01  2.39000912e+01
  2.39962751e+01  2.40799551e+01  2.41330234e+01  2.54897487e+01
  2.55008974e+01  2.60887868e+01  3.56432551e+01  2.15546468e+02]
nelec by numeric integration = 68.00003718629294
    CPU time for vxc      7.13 sec, wall time      0.25 sec
E1 = -1781.3332750053326  Ecoul = 721.6068438911576  Exc = -70.52099221541653
cycle= 8 E= -748.232062786819  delta_E= -6.11e-08  |g|= 0.000229  |ddm|= 0.000546
    CPU time for cycle= 8      8.78 sec, wall time      0.31 sec
  HOMO = -0.260841045543646  LUMO = -0.04344329904573
  mo_energy =
[-1.01509310e+02 -1.43161760e+01 -1.02212199e+01 -1.02212061e+01
 -1.02062523e+01 -1.02016603e+01 -1.01972451e+01 -1.01972116e+01
 -9.42397066e+00 -7.18798536e+00 -7.17900026e+00 -7.17898992e+00
 -9.67268887e-01 -8.23626695e-01 -8.18763501e-01 -7.84379882e-01
 -6.58905566e-01 -6.53207361e-01 -6.42220404e-01 -5.47897159e-01
 -5.02090405e-01 -4.88600697e-01 -4.53634870e-01 -4.32890656e-01
 -4.25057846e-01 -4.24209967e-01 -4.14623436e-01 -3.88168822e-01
 -3.83343710e-01 -3.07550805e-01 -2.84662707e-01 -2.74961628e-01
 -2.74064271e-01 -2.60841046e-01 -4.34432990e-02 -3.45476816e-02
  2.94563452e-02  5.27287245e-02  6.19781043e-02  7.08378617e-02
  9.02082342e-02  9.18499530e-02  1.15694374e-01  1.25168492e-01
  1.26929442e-01  1.58204901e-01  2.19097264e-01  2.49640625e-01
  2.61645758e-01  2.68417409e-01  2.91535633e-01  3.00817793e-01
  3.01685566e-01  3.12879200e-01  3.16445057e-01  3.26372871e-01
  3.66913475e-01  3.69469663e-01  3.74361192e-01  3.85939687e-01
  4.01542642e-01  4.23087102e-01  4.25486548e-01  4.36084970e-01
  4.51557792e-01  4.76596363e-01  5.05572246e-01  5.34111155e-01
  5.40132743e-01  5.41979357e-01  5.66599022e-01  5.78642697e-01
  5.90509502e-01  5.99899791e-01  6.16707618e-01  6.31455780e-01
  6.36603619e-01  6.67002210e-01  7.15901877e-01  7.20058539e-01
  7.21335882e-01  7.43814173e-01  7.72372714e-01  7.90182663e-01
  8.33164352e-01  8.37238834e-01  8.62370860e-01  8.63565037e-01
  8.82417476e-01  9.09853080e-01  9.10229943e-01  9.40169065e-01
  9.48659514e-01  9.86860590e-01  9.97563634e-01  1.01363051e+00
  1.04629584e+00  1.05905169e+00  1.09525943e+00  1.14925113e+00
  1.15831740e+00  1.18237435e+00  1.18877903e+00  1.28265719e+00
  1.31147074e+00  1.34290131e+00  1.42862093e+00  1.43846320e+00
  1.44301005e+00  1.48260491e+00  1.49526442e+00  1.50440442e+00
  1.52464428e+00  1.53133640e+00  1.57324808e+00  1.57809354e+00
  1.58183202e+00  1.63705744e+00  1.68585936e+00  1.69612939e+00
  1.72315341e+00  1.72979499e+00  1.75481578e+00  1.76483956e+00
  1.76951834e+00  1.78523877e+00  1.83424136e+00  1.86983878e+00
  1.88057241e+00  1.91469822e+00  1.91493229e+00  1.96091226e+00
  2.02182869e+00  2.04427921e+00  2.07542694e+00  2.10276921e+00
  2.12920448e+00  2.13272832e+00  2.16532020e+00  2.16797788e+00
  2.24334517e+00  2.24376938e+00  2.25482081e+00  2.29346904e+00
  2.35516012e+00  2.36963929e+00  2.38097473e+00  2.42802721e+00
  2.45246460e+00  2.45660129e+00  2.48267504e+00  2.50139637e+00
  2.52793552e+00  2.54204786e+00  2.55886084e+00  2.57502171e+00
  2.58047909e+00  2.60412931e+00  2.61769481e+00  2.63337877e+00
  2.65307652e+00  2.70588622e+00  2.74189729e+00  2.75208008e+00
  2.76206728e+00  2.84817249e+00  2.91403434e+00  2.94411344e+00
  2.95905263e+00  2.96043136e+00  3.02057523e+00  3.16442869e+00
  3.16772821e+00  3.31049814e+00  3.39227920e+00  3.44061785e+00
  3.60626217e+00  3.62636573e+00  3.73370641e+00  3.73868629e+00
  3.78070138e+00  3.85772195e+00  3.97331129e+00  4.00546166e+00
  4.04667512e+00  4.38511944e+00  4.45221988e+00  5.23756916e+00
  9.59514942e+00  2.36142741e+01  2.38637999e+01  2.39000747e+01
  2.39962965e+01  2.40799305e+01  2.41330165e+01  2.54897736e+01
  2.55009224e+01  2.60888094e+01  3.56432493e+01  2.15546468e+02]
nelec by numeric integration = 68.0000371853607
    CPU time for vxc      7.14 sec, wall time      0.25 sec
E1 = -1781.332663830206  Ecoul = 721.6062004442897  Exc = -70.52095995575765
cycle= 9 E= -748.232062798901  delta_E= -1.21e-08  |g|= 4.59e-05  |ddm|= 0.000168
    CPU time for cycle= 9      8.75 sec, wall time      0.31 sec
  HOMO = -0.260846152445641  LUMO = -0.0434488673430324
  mo_energy =
[-1.01509284e+02 -1.43161865e+01 -1.02212274e+01 -1.02212163e+01
 -1.02062723e+01 -1.02016534e+01 -1.01972458e+01 -1.01972161e+01
 -9.42395080e+00 -7.18796498e+00 -7.17897965e+00 -7.17896931e+00
 -9.67274536e-01 -8.23626470e-01 -8.18763136e-01 -7.84384125e-01
 -6.58902668e-01 -6.53212135e-01 -6.42224138e-01 -5.47901404e-01
 -5.02096075e-01 -4.88603119e-01 -4.53637667e-01 -4.32891354e-01
 -4.25058337e-01 -4.24212397e-01 -4.14625886e-01 -3.88172996e-01
 -3.83339361e-01 -3.07556080e-01 -2.84666249e-01 -2.74953423e-01
 -2.74056439e-01 -2.60846152e-01 -4.34488673e-02 -3.45514653e-02
  2.94556568e-02  5.27288987e-02  6.19769734e-02  7.08406839e-02
  9.02071936e-02  9.18483941e-02  1.15692552e-01  1.25167680e-01
  1.26926725e-01  1.58204034e-01  2.19094245e-01  2.49637336e-01
  2.61642842e-01  2.68414727e-01  2.91535489e-01  3.00818117e-01
  3.01687584e-01  3.12881334e-01  3.16445268e-01  3.26376834e-01
  3.66912027e-01  3.69467172e-01  3.74357956e-01  3.85937098e-01
  4.01539058e-01  4.23084615e-01  4.25484477e-01  4.36082181e-01
  4.51554013e-01  4.76594056e-01  5.05569689e-01  5.34108200e-01
  5.40132155e-01  5.41976230e-01  5.66595003e-01  5.78640949e-01
  5.90507260e-01  5.99900393e-01  6.16705234e-01  6.31453734e-01
  6.36601257e-01  6.67000018e-01  7.15899053e-01  7.20055567e-01
  7.21333409e-01  7.43811513e-01  7.72370086e-01  7.90181670e-01
  8.33161574e-01  8.37237372e-01  8.62376302e-01  8.63569852e-01
  8.82421301e-01  9.09863690e-01  9.10238882e-01  9.40165654e-01
  9.48658570e-01  9.86859008e-01  9.97562820e-01  1.01362539e+00
  1.04629250e+00  1.05904897e+00  1.09525478e+00  1.14925387e+00
  1.15831867e+00  1.18237132e+00  1.18878015e+00  1.28265424e+00
  1.31146723e+00  1.34289729e+00  1.42861780e+00  1.43845924e+00
  1.44300919e+00  1.48260037e+00  1.49526502e+00  1.50440458e+00
  1.52464119e+00  1.53133201e+00  1.57324415e+00  1.57809043e+00
  1.58182967e+00  1.63705473e+00  1.68585672e+00  1.69612638e+00
  1.72315330e+00  1.72979486e+00  1.75481375e+00  1.76483781e+00
  1.76951440e+00  1.78523654e+00  1.83424059e+00  1.86983594e+00
  1.88056855e+00  1.91469390e+00  1.91492771e+00  1.96090973e+00
  2.02182670e+00  2.04427391e+00  2.07542378e+00  2.10277294e+00
  2.12920041e+00  2.13273274e+00  2.16531775e+00  2.16797378e+00
  2.24335150e+00  2.24377453e+00  2.25481668e+00  2.29346684e+00
  2.35515686e+00  2.36963869e+00  2.38096967e+00  2.42802761e+00
  2.45246360e+00  2.45660368e+00  2.48267560e+00  2.50139787e+00
  2.52793591e+00  2.54204274e+00  2.55885724e+00  2.57501618e+00
  2.58047670e+00  2.60412669e+00  2.61769266e+00  2.63337671e+00
  2.65307387e+00  2.70588155e+00  2.74188920e+00  2.75207629e+00
  2.76206291e+00  2.84816740e+00  2.91403046e+00  2.94410875e+00
  2.95904695e+00  2.96042509e+00  3.02057283e+00  3.16442966e+00
  3.16772545e+00  3.31049368e+00  3.39227374e+00  3.44061179e+00
  3.60625709e+00  3.62636041e+00  3.73370790e+00  3.73868759e+00
  3.78069621e+00  3.85771460e+00  3.97330774e+00  4.00545634e+00
  4.04667054e+00  4.38511316e+00  4.45221320e+00  5.23756246e+00
  9.59516655e+00  2.36142650e+01  2.38638062e+01  2.39000686e+01
  2.39962840e+01  2.40799253e+01  2.41330076e+01  2.54897897e+01
  2.55009385e+01  2.60888251e+01  3.56432390e+01  2.15546493e+02]
nelec by numeric integration = 68.00003718519557
    CPU time for vxc      7.08 sec, wall time      0.25 sec
E1 = -1781.3326383340022  Ecoul = 721.6061710186056  Exc = -70.52095602671254
cycle= 10 E= -748.232062799336  delta_E= -4.35e-10  |g|= 2.01e-05  |ddm|= 6.28e-05
    CPU time for cycle= 10      8.66 sec, wall time      0.31 sec
  HOMO = -0.260844539791242  LUMO = -0.0434455884034327
  mo_energy =
[-1.01509298e+02 -1.43161849e+01 -1.02212212e+01 -1.02212055e+01
 -1.02062612e+01 -1.02016560e+01 -1.01972486e+01 -1.01972130e+01
 -9.42396471e+00 -7.18797891e+00 -7.17899354e+00 -7.17898320e+00
 -9.67270860e-01 -8.23627966e-01 -8.18764800e-01 -7.84381012e-01
 -6.58904175e-01 -6.53209127e-01 -6.42221623e-01 -5.47898427e-01
 -5.02092564e-01 -4.88601468e-01 -4.53635392e-01 -4.32890822e-01
 -4.25058193e-01 -4.24211083e-01 -4.14624226e-01 -3.88170286e-01
 -3.83342861e-01 -3.07553118e-01 -2.84663584e-01 -2.74959853e-01
 -2.74062617e-01 -2.60844540e-01 -4.34455884e-02 -3.45488489e-02
  2.94560998e-02  5.27284737e-02  6.19778763e-02  7.08386703e-02
  9.02078957e-02  9.18494386e-02  1.15693738e-01  1.25168046e-01
  1.26928353e-01  1.58204971e-01  2.19095967e-01  2.49639240e-01
  2.61644611e-01  2.68416304e-01  2.91535755e-01  3.00817770e-01
  3.01686374e-01  3.12879670e-01  3.16444978e-01  3.26373727e-01
  3.66912832e-01  3.69468736e-01  3.74360035e-01  3.85938863e-01
  4.01541209e-01  4.23086415e-01  4.25485475e-01  4.36083962e-01
  4.51556654e-01  4.76595711e-01  5.05571577e-01  5.34110444e-01
  5.40132696e-01  5.41977962e-01  5.66597819e-01  5.78642021e-01
  5.90508433e-01  5.99900114e-01  6.16706540e-01  6.31455330e-01
  6.36602590e-01  6.67001533e-01  7.15900681e-01  7.20057208e-01
  7.21334492e-01  7.43813020e-01  7.72371637e-01  7.90182266e-01
  8.33163583e-01  8.37238038e-01  8.62371552e-01  8.63566012e-01
  8.82417863e-01  9.09854985e-01  9.10231469e-01  9.40167795e-01
  9.48658650e-01  9.86859635e-01  9.97563065e-01  1.01362857e+00
  1.04629485e+00  1.05905089e+00  1.09525808e+00  1.14925134e+00
  1.15831766e+00  1.18237358e+00  1.18877912e+00  1.28265536e+00
  1.31146959e+00  1.34289986e+00  1.42862003e+00  1.43846168e+00
  1.44300998e+00  1.48260336e+00  1.49526487e+00  1.50440473e+00
  1.52464284e+00  1.53133480e+00  1.57324680e+00  1.57809288e+00
  1.58183083e+00  1.63705687e+00  1.68585856e+00  1.69612849e+00
  1.72315305e+00  1.72979458e+00  1.75481539e+00  1.76483863e+00
  1.76951690e+00  1.78523772e+00  1.83424096e+00  1.86983781e+00
  1.88057053e+00  1.91469693e+00  1.91493045e+00  1.96091161e+00
  2.02182813e+00  2.04427676e+00  2.07542615e+00  2.10276987e+00
  2.12920362e+00  2.13272921e+00  2.16531939e+00  2.16797579e+00
  2.24334670e+00  2.24377066e+00  2.25481894e+00  2.29346864e+00
  2.35515880e+00  2.36963944e+00  2.38097279e+00  2.42802669e+00
  2.45246431e+00  2.45660157e+00  2.48267549e+00  2.50139738e+00
  2.52793600e+00  2.54204607e+00  2.55886015e+00  2.57501936e+00
  2.58047817e+00  2.60412854e+00  2.61769394e+00  2.63337796e+00
  2.65307533e+00  2.70588452e+00  2.74189505e+00  2.75207793e+00
  2.76206540e+00  2.84817140e+00  2.91403346e+00  2.94411141e+00
  2.95905024e+00  2.96042923e+00  3.02057457e+00  3.16442880e+00
  3.16772662e+00  3.31049666e+00  3.39227723e+00  3.44061519e+00
  3.60626014e+00  3.62636457e+00  3.73370739e+00  3.73868727e+00
  3.78070035e+00  3.85771677e+00  3.97330984e+00  4.00545928e+00
  4.04667376e+00  4.38511669e+00  4.45221571e+00  5.23756563e+00
  9.59515415e+00  2.36142706e+01  2.38638038e+01  2.39000734e+01
  2.39962928e+01  2.40799288e+01  2.41330122e+01  2.54897779e+01
  2.55009267e+01  2.60888133e+01  3.56432408e+01  2.15546479e+02]
nelec by numeric integration = 68.00003718547472
    CPU time for vxc      7.06 sec, wall time      0.25 sec
E1 = -1781.3327070756368  Ecoul = 721.606245760146  Exc = -70.52096202653462
Extra cycle  E= -748.232062799253  delta_E= 8.37e-11  |g|= 2.74e-05  |ddm|= 4.14e-05
    CPU time for scf_cycle    122.58 sec, wall time      4.45 sec
    CPU time for SCF    122.63 sec, wall time      4.46 sec
converged SCF energy = -748.232062799253
Converting <class 'pyscf.dft.rks.RKS'> to RHF


******** <class 'pyscf.tdscf.rks.TDA'> for <class 'pyscf.dft.rks.RKS'> ********
nstates = 5 singlet
wfnsym = None
conv_tol = 1e-09
eigh lindep = 1e-12
eigh level_shift = 0
eigh max_space = 8
eigh max_cycle = 2000
chkfile = /scratch/global/yangjunjie/tmp6d41xolb
max_memory 256000 MB (current use 2201 MB)


davidson 0 5  |r|= 0.0614  e= [0.17419684 0.17806379 0.21127702 0.21323918 0.22119065]  max|de|= 0.221  lindep=    1
davidson 1 10  |r|= 0.0113  e= [0.17132497 0.17698989 0.21109448 0.21116204 0.21931539]  max|de|= -0.00287  lindep= 0.898
Old state -> New state
    3     ->     2 
    2     ->     3 
davidson 2 15  |r|= 0.0348  e= [0.17117772 0.17695599 0.21096187 0.211093   0.21749434]  max|de|= -0.00182  lindep= 0.767
davidson 3 20  |r|= 0.0341  e= [0.17117348 0.17695512 0.21072943 0.21109274 0.21236327]  max|de|= -0.00513  lindep= 0.749
davidson 4 5  |r|= 0.0341  e= [0.17117348 0.17695512 0.21072943 0.21109274 0.21236327]  max|de|= -1.94e-16  lindep= 0.988
davidson 5 10  |r|= 0.0145  e= [0.17117334 0.1769551  0.20997127 0.21109264 0.2112645 ]  max|de|= -0.0011  lindep= 0.639
root 1 converged  |r|= 4.63e-06  e= 0.17695509629702158  max|de|= -7.72e-10
davidson 6 15  |r|= 0.007  e= [0.17117333 0.1769551  0.20948151 0.21109256 0.21115708]  max|de|= -0.00049  lindep= 0.795
root 0 converged  |r|= 3.85e-06  e= 0.1711733271913548  max|de|= -3.1e-10
davidson 7 19  |r|= 0.00416  e= [0.17117333 0.1769551  0.20939367 0.21109252 0.21114368]  max|de|= -8.78e-05  lindep=  0.8
davidson 8 5  |r|= 0.00416  e= [0.17117333 0.1769551  0.20939367 0.21109252 0.21114368]  max|de|= -1.94e-16  lindep= 0.993
davidson 9 8  |r|= 0.00305  e= [0.17117333 0.1769551  0.20935395 0.21109252 0.21113788]  max|de|= -3.97e-05  lindep= 0.792
root 3 converged  |r|= 3.56e-06  e= 0.21109251580402882  max|de|= -1.66e-10
davidson 10 11  |r|= 0.00425  e= [0.17117333 0.1769551  0.20930657 0.21109252 0.21113076]  max|de|= -4.74e-05  lindep= 0.797
davidson 11 13  |r|= 0.00201  e= [0.17117333 0.1769551  0.20927135 0.21109252 0.21112494]  max|de|= -3.52e-05  lindep= 0.831
davidson 12 15  |r|= 0.00105  e= [0.17117333 0.1769551  0.20926332 0.21109252 0.21112345]  max|de|= -8.03e-06  lindep= 0.876
davidson 13 17  |r|= 0.000255  e= [0.17117333 0.1769551  0.20926227 0.21109252 0.21112324]  max|de|= -1.05e-06  lindep= 0.806
davidson 14 5  |r|= 0.000255  e= [0.17117333 0.1769551  0.20926227 0.21109252 0.21112324]  max|de|= 3.61e-16  lindep=    1
davidson 15 7  |r|= 0.000106  e= [0.17117333 0.1769551  0.2092622  0.21109252 0.21112323]  max|de|= -6.9e-08  lindep= 0.844
davidson 16 9  |r|= 6.83e-05  e= [0.17117333 0.1769551  0.20926217 0.21109252 0.21112322]  max|de|= -2.65e-08  lindep= 0.953
davidson 17 11  |r|= 2.64e-05  e= [0.17117333 0.1769551  0.20926217 0.21109252 0.21112322]  max|de|= -5.15e-09  lindep= 0.914
root 2 converged  |r|= 1.29e-05  e= 0.20926216539406348  max|de|= -9.76e-10
root 4 converged  |r|= 6.49e-06  e= 0.21112322018613047  max|de|= -2.42e-10
converged 18 13  |r|= 1.29e-05  e= [0.17117333 0.1769551  0.20926217 0.21109252 0.21112322]  max|de|= -9.76e-10
    CPU time for TDA    402.47 sec, wall time     14.53 sec
Excited State energies (eV)
[4.65786348 4.81519343 5.69431356 5.74411993 5.74495544]
