 
:: initializing oneAPI environment ...
   slurm_script: BASH_VERSION = 4.2.46(1)-release
   args: Using "$@" for setvars.sh arguments: --force
:: advisor -- latest
:: ccl -- latest
:: clck -- latest
:: compiler -- latest
:: dal -- latest
:: debugger -- latest
:: dev-utilities -- latest
:: dnnl -- latest
:: dpcpp-ct -- latest
:: dpl -- latest
:: inspector -- latest
:: intelpython -- latest
:: ipp -- latest
:: ippcp -- latest
:: ipp -- latest
:: itac -- latest
:: mkl -- latest
:: mpi -- latest
:: tbb -- latest
:: vpl -- latest
:: vtune -- latest
:: oneAPI environment initialized ::
 
SLURM_CPUS_PER_TASK = 28
SLURM_MEM_PER_NODE = 256000
#INFO: **** input file is /home/yangjunjie/work/py-ch3-cl/work/step_-7/main.py ****
import sys
import pyscf
from pyscf import tdscf

def main(xyz_file, basis="631g*", xc="b3lyp", output="ene.out"):
    xyz = None

    with open(xyz_file, "r") as xyz:
        xyz = xyz.readlines()[2:]
        xyz = "".join(xyz)

    mol = pyscf.gto.Mole()
    mol.atom = xyz
    mol.basis = basis
    mol.verbose = 5
    mol.build()

    if xc is not None and xc != "hf":
        mf = pyscf.scf.RKS(mol)
        mf.xc = xc
        mf.grids.level = 9
        mf.kernel()
    else:
        mf = pyscf.scf.RHF(mol)
        mf.kernel()

    ene_mf = mf.e_tot

    with open(output, "w") as f:
        tda = pyscf.tdscf.TDA(mf)
        tda.nstates = 5
        tda.max_space = 8
        tda.max_cycle = 2000
        tda.kernel()

        con_tda = tda.converged
        ene_tda = tda.e[:5]
        dip_tda = tda.transition_dipole()[:5]

        f.write(f"RKS energy: {ene_mf: 12.8f}\n")
        f.write("TDA results:\n")
        for i, (con, ene, dip) in enumerate(zip(con_tda, ene_tda, dip_tda)):
            f.write(f" {i:2d} {con} {ene: 12.8f} {dip[0]: 12.8f} {dip[1]: 12.8f} {dip[2]: 12.8f}\n")

        # rpa = pyscf.tdscf.RPA(mf)
        # rpa.nstates = 5
        # rpa.max_space = 8
        # rpa.max_cycle = 2000
        # rpa.kernel()

        # con_rpa = rpa.converged
        # ene_rpa = rpa.e[:5]
        # dip_rpa = rpa.transition_dipole()[:5]
        
        # f.write("\nRPA results:\n")
        # for i, (con, ene, dip) in enumerate(zip(con_rpa, ene_rpa, dip_rpa)):
        #     f.write(f" {i:2d} {con} {ene: 12.8f} {dip[0]: 12.8f} {dip[1]: 12.8f} {dip[2]: 12.8f}\n")

if __name__ == "__main__":
    xyz = sys.argv[1]
    main(xyz, basis="6311g**", xc="b3lyp", output="out.log")
#INFO: ******************** input file end ********************


System: uname_result(system='Linux', node='pauling005', release='3.10.0-327.36.3.el7.x86_64', version='#1 SMP Thu Oct 20 04:56:07 EDT 2016', machine='x86_64')  Threads 28
Python 3.9.7 (default, Oct 27 2021, 01:23:21) 
[GCC 9.3.0]
numpy 1.21.2  scipy 1.6.2
Date: Wed Sep 28 09:51:50 2022
PySCF version 2.0.1
PySCF path  /home/yangjunjie/packages/pyscf/pyscf-main
GIT ORIG_HEAD 14b880cdc4bf7bb64f3989a147c0b04622efc498
GIT HEAD (branch master) 9d5b5bd309d1cc55fbd1a0ec76e26b5b0c7f76af

[ENV] PYSCF_MAX_MEMORY 256000
[ENV] PYSCF_TMPDIR /scratch/global/yangjunjie/
[CONFIG] conf_file /home/yangjunjie/.pyscf_conf.py
[INPUT] verbose = 5
[INPUT] max_memory = 256000 
[INPUT] num. atoms = 16
[INPUT] num. electrons = 68
[INPUT] charge = 0
[INPUT] spin (= nelec alpha-beta = 2S) = 0
[INPUT] symmetry False subgroup None
[INPUT] Mole.unit = angstrom
[INPUT]  1 C      0.000000010000   1.159396560000   1.070409660000 AA    0.000000018897   2.190941968163   2.022781098489 Bohr
[INPUT]  2 C      0.000000000000   1.201632120000   2.458805320000 AA    0.000000000000   2.270755609280   4.646468648424 Bohr
[INPUT]  3 C     -0.000000010000  -0.012796880000   3.140367090000 AA   -0.000000018897  -0.024182598449   5.934433730697 Bohr
[INPUT]  4 C     -0.000000010000  -1.213754850000   2.435467950000 AA   -0.000000018897  -2.293664248863   4.602367410656 Bohr
[INPUT]  5 C      0.000000000000  -1.145082650000   1.047934120000 AA    0.000000000000  -2.163892598491   1.980308483387 Bohr
[INPUT]  6 N      0.000000010000   0.014266630000   0.411209860000 AA    0.000000018897   0.026960023421   0.777074015121 Bohr
[INPUT]  7 C      0.000000000000   0.002217300000  -1.999157190000 AA    0.000000000000   0.004190089736  -3.777859569055 Bohr
[INPUT]  8 H      0.000000020000   2.064227940000   0.462134860000 AA    0.000000037795   3.900825465275   0.873308318014 Bohr
[INPUT]  9 H      0.000000000000   2.152475860000   2.970338710000 AA    0.000000000000   4.067589865138   5.613126659094 Bohr
[INPUT] 10 H     -0.000000010000  -0.022869690000   4.221530860000 AA   -0.000000018897  -0.043217450654   7.977537151800 Bohr
[INPUT] 11 H     -0.000000020000  -2.174159430000   2.929048440000 AA   -0.000000037795  -4.108565873840   5.535099357185 Bohr
[INPUT] 12 H      0.000000000000  -2.036860150000   0.421102880000 AA    0.000000000000  -3.849107837541   0.795769113466 Bohr
[INPUT] 13 H     -0.000000030000   1.038829600000  -1.667338000000 AA   -0.000000056692   1.963103434091  -3.150812177080 Bohr
[INPUT] 14 H     -0.897006630000  -0.510469790000  -1.656164050000 AA   -1.695096862619  -0.964648097964  -3.129696471850 Bohr
[INPUT] 15 H      0.897006650000  -0.510469750000  -1.656164060000 AA    1.695096900414  -0.964648022375  -3.129696490748 Bohr
[INPUT] 16 Cl    -0.000000010000   0.001679780000  -3.815780950000 AA   -0.000000018897   0.003174324150  -7.210780946833 Bohr
[INPUT] ---------------- BASIS SET ---------------- 
[INPUT] l, kappa, [nprim/nctr], expnt,             c_1 c_2 ...
[INPUT] C
[INPUT] 0    0    [6    /1   ]  4563.24           0.00196665
                                682.024           0.0152306
                                154.973           0.0761269
                                44.4553           0.260801
                                13.029            0.616462
                                1.82773           0.221006
[INPUT] 0    0    [3    /1   ]  20.9642           0.11466
                                4.80331           0.919999
                                1.45933           -0.00303068
[INPUT] 0    0    [1    /1   ]  0.483456             1
[INPUT] 0    0    [1    /1   ]  0.145585             1
[INPUT] 1    0    [3    /1   ]  20.9642           0.0402487
                                4.80331           0.237594
                                1.45933           0.815854
[INPUT] 1    0    [1    /1   ]  0.483456             1
[INPUT] 1    0    [1    /1   ]  0.145585             1
[INPUT] 2    0    [1    /1   ]  0.626                1
[INPUT] Cl
[INPUT] 0    0    [6    /1   ]  105819            0.000738
                                15872             0.005718
                                3619.65           0.029495
                                1030.8            0.117286
                                339.908           0.362949
                                124.538           0.584149
[INPUT] 0    0    [3    /1   ]  124.538           0.134177
                                49.5135           0.62425
                                20.8056           0.291756
[INPUT] 0    0    [1    /1   ]  6.58346              1
[INPUT] 0    0    [1    /1   ]  2.56468              1
[INPUT] 0    0    [1    /1   ]  0.559763             1
[INPUT] 0    0    [1    /1   ]  0.183273             1
[INPUT] 1    0    [5    /1   ]  589.776           0.002391
                                139.849           0.018504
                                45.1413           0.081377
                                16.8733           0.221552
                                6.7411            0.772569
[INPUT] 1    0    [2    /1   ]  6.7411            -1.572244
                                2.77152           0.992389
[INPUT] 1    0    [1    /1   ]  1.02387              1
[INPUT] 1    0    [1    /1   ]  0.381368             1
[INPUT] 1    0    [1    /1   ]  0.109437             1
[INPUT] 2    0    [1    /1   ]  0.75                 1
[INPUT] H
[INPUT] 0    0    [3    /1   ]  33.865            0.0254938
                                5.09479           0.190373
                                1.15879           0.852161
[INPUT] 0    0    [1    /1   ]  0.32584              1
[INPUT] 0    0    [1    /1   ]  0.102741             1
[INPUT] 1    0    [1    /1   ]  0.75                 1
[INPUT] N
[INPUT] 0    0    [6    /1   ]  6293.48           0.00196979
                                949.044           0.0149613
                                218.776           0.0735006
                                63.6916           0.248937
                                18.8282           0.60246
                                2.72023           0.256202
[INPUT] 0    0    [3    /1   ]  30.6331           0.111906
                                7.02614           0.921666
                                2.11205           -0.00256919
[INPUT] 0    0    [1    /1   ]  0.684009             1
[INPUT] 0    0    [1    /1   ]  0.200878             1
[INPUT] 1    0    [3    /1   ]  30.6331           0.0383119
                                7.02614           0.237403
                                2.11205           0.817592
[INPUT] 1    0    [1    /1   ]  0.684009             1
[INPUT] 1    0    [1    /1   ]  0.200878             1
[INPUT] 2    0    [1    /1   ]  0.913                1

nuclear repulsion = 382.015360542773
number of shells = 100
number of NR pGTOs = 329
number of NR cGTOs = 200
basis = 6311g**
ecp = {}
CPU time:         0.38


******** <class 'pyscf.dft.rks.RKS'> ********
method = RKS
initial guess = minao
damping factor = 0
level_shift factor = 0
DIIS = <class 'pyscf.scf.diis.CDIIS'>
diis_start_cycle = 1
diis_space = 8
SCF conv_tol = 1e-09
SCF conv_tol_grad = None
SCF max_cycles = 50
direct_scf = True
direct_scf_tol = 1e-13
chkfile to save SCF result = /scratch/global/yangjunjie/tmpbu8bi3_5
max_memory 256000 MB (current use 81 MB)
XC library pyscf.dft.libxc version 5.2.0
    S. Lehtola, C. Steigemann, M. J. Oliveira, and M. A. Marques, SoftwareX 7, 1 (2018)
XC functionals = b3lyp
    P. A. M. Dirac, Math. Proc. Cambridge Philos. Soc. 26, 376 (1930)
    F. Bloch, Z. Phys. 57, 545 (1929)
    A. D. Becke, Phys. Rev. A 38, 3098 (1988)
    C. Lee, W. Yang, and R. G. Parr, Phys. Rev. B 37, 785 (1988)
    B. Miehlich, A. Savin, H. Stoll, and H. Preuss, Chem. Phys. Lett. 157, 200 (1989)
    S. H. Vosko, L. Wilk, and M. Nusair, Can. J. Phys. 58, 1200 (1980)
radial grids: 
    Treutler-Ahlrichs [JCP 102, 346 (1995); DOI:10.1063/1.469408] (M4) radial grids
    
becke partition: Becke, JCP 88, 2547 (1988); DOI:10.1063/1.454033
pruning grids: <function nwchem_prune at 0x7f17c3a66e50>
grids dens level: 9
symmetrized grids: False
atomic radii adjust function: <function treutler_atomic_radii_adjust at 0x7f17c3a66dc0>
small_rho_cutoff = 1e-07
Set gradient conv threshold to 3.16228e-05
atom C rad-grids = 200, ang-grids = [  50   50   50   50   50   50   50   50   50   50   50   50   50   50
   50   50   50   50   50   50   50   50   50   50   50   50   50   50
   50   50   50   50   50   50   50   50   50   50   50   50   50   50
   50   50   50   50   50   50   50   50   50   50   50   50   50   50
   50   50   50   50   50   50   86   86   86   86   86   86   86   86
   86   86   86   86   86   86   86   86   86   86   86   86   86   86
   86   86   86   86 1202 1202 1202 1202 1202 1202 1202 1202 1202 1202
 1202 1202 1202 1202 1202 1202 1202 1202 1454 1454 1454 1454 1454 1454
 1454 1454 1454 1454 1454 1454 1454 1454 1454 1454 1454 1454 1454 1454
 1454 1454 1454 1454 1454 1454 1454 1454 1454 1454 1454 1454 1454 1454
 1454 1454 1454 1454 1454 1454 1454 1454 1454 1454 1454 1454 1454 1454
 1454 1454 1454 1454 1202 1202 1202 1202 1202 1202 1202 1202 1202 1202
 1202 1202 1202 1202 1202 1202 1202 1202 1202 1202 1202 1202 1202 1202
 1202 1202 1202 1202 1202 1202 1202 1202 1202 1202 1202 1202 1202 1202
 1202 1202 1202 1202]
atom N rad-grids = 200, ang-grids = [  50   50   50   50   50   50   50   50   50   50   50   50   50   50
   50   50   50   50   50   50   50   50   50   50   50   50   50   50
   50   50   50   50   50   50   50   50   50   50   50   50   50   50
   50   50   50   50   50   50   50   50   50   50   50   50   50   50
   50   50   50   50   50   86   86   86   86   86   86   86   86   86
   86   86   86   86   86   86   86   86   86   86   86   86   86   86
   86   86 1202 1202 1202 1202 1202 1202 1202 1202 1202 1202 1202 1202
 1202 1202 1202 1202 1202 1454 1454 1454 1454 1454 1454 1454 1454 1454
 1454 1454 1454 1454 1454 1454 1454 1454 1454 1454 1454 1454 1454 1454
 1454 1454 1454 1454 1454 1454 1454 1454 1454 1454 1454 1454 1454 1454
 1454 1454 1454 1454 1454 1454 1454 1454 1454 1454 1454 1454 1454 1454
 1454 1202 1202 1202 1202 1202 1202 1202 1202 1202 1202 1202 1202 1202
 1202 1202 1202 1202 1202 1202 1202 1202 1202 1202 1202 1202 1202 1202
 1202 1202 1202 1202 1202 1202 1202 1202 1202 1202 1202 1202 1202 1202
 1202 1202 1202 1202]
atom H rad-grids = 200, ang-grids = [  50   50   50   50   50   50   50   50   50   50   50   50   50   50
   50   50   50   50   50   50   50   50   50   50   50   50   50   50
   50   50   50   50   50   50   50   50   50   50   50   50   50   50
   50   50   50   50   50   50   50   50   50   50   50   50   50   50
   50   86   86   86   86   86   86   86   86   86   86   86   86   86
   86 1202 1202 1202 1202 1202 1202 1202 1202 1202 1202 1202 1202 1202
 1202 1202 1202 1202 1454 1454 1454 1454 1454 1454 1454 1454 1454 1454
 1454 1454 1454 1454 1454 1454 1454 1454 1454 1454 1454 1454 1454 1454
 1454 1454 1454 1454 1454 1454 1454 1454 1454 1454 1454 1454 1454 1454
 1454 1454 1454 1454 1454 1454 1454 1454 1454 1454 1454 1454 1454 1454
 1202 1202 1202 1202 1202 1202 1202 1202 1202 1202 1202 1202 1202 1202
 1202 1202 1202 1202 1202 1202 1202 1202 1202 1202 1202 1202 1202 1202
 1202 1202 1202 1202 1202 1202 1202 1202 1202 1202 1202 1202 1202 1202
 1202 1202 1202 1202 1202 1202 1202 1202 1202 1202 1202 1202 1202 1202
 1202 1202 1202 1202]
atom Cl rad-grids = 200, ang-grids = [  50   50   50   50   50   50   50   50   50   50   50   50   50   50
   50   50   50   50   50   50   50   50   50   50   50   50   50   50
   50   50   50   50   50   50   50   50   50   50   50   50   50   50
   50   50   50   50   50   50   50   50   50   50   50   50   50   50
   50   50   50   86   86   86   86   86   86   86   86   86   86   86
   86   86   86   86   86   86   86   86   86   86   86   86   86   86
   86   86   86   86   86   86   86   86 1202 1202 1202 1202 1202 1202
 1202 1202 1202 1202 1202 1202 1202 1202 1202 1202 1202 1202 1202 1202
 1202 1202 1454 1454 1454 1454 1454 1454 1454 1454 1454 1454 1454 1454
 1454 1454 1454 1454 1454 1454 1454 1454 1454 1454 1454 1454 1454 1454
 1454 1454 1454 1454 1454 1454 1454 1454 1454 1454 1454 1454 1454 1454
 1454 1454 1454 1454 1454 1202 1202 1202 1202 1202 1202 1202 1202 1202
 1202 1202 1202 1202 1202 1202 1202 1202 1202 1202 1202 1202 1202 1202
 1202 1202 1202 1202 1202 1202 1202 1202 1202 1202 1202 1202 1202 1202
 1202 1202 1202 1202]
tot grids = 2598388
Drop grids 445786
    CPU time for setting up grids     44.12 sec, wall time      1.86 sec
nelec by numeric integration = 67.99247114990109
    CPU time for vxc     90.10 sec, wall time      3.24 sec
E1 = -1777.8521341483374  Ecoul = 717.2251013893092  Exc = -70.55730885595736
init E= -749.168981072212
cond(S) = 13216.591014161308
    CPU time for initialize scf    148.06 sec, wall time      5.66 sec
  HOMO = -0.293823082617181  LUMO = -0.100850238590249
  mo_energy =
[-1.01497604e+02 -1.43956428e+01 -1.02820413e+01 -1.02812886e+01
 -1.02803348e+01 -1.02789922e+01 -1.02771715e+01 -1.02769943e+01
 -9.51662884e+00 -7.27061041e+00 -7.26935382e+00 -7.26935211e+00
 -1.10639630e+00 -9.39543233e-01 -9.26985804e-01 -8.88744459e-01
 -7.56396315e-01 -7.14823802e-01 -7.03636722e-01 -5.79313400e-01
 -5.33747064e-01 -5.11564472e-01 -4.75701198e-01 -4.75362883e-01
 -4.63642036e-01 -4.63331976e-01 -4.39097806e-01 -4.25410238e-01
 -4.00104445e-01 -3.42168967e-01 -3.39721708e-01 -3.25711824e-01
 -2.97152999e-01 -2.93823083e-01 -1.00850239e-01 -8.39350296e-02
 -2.95698885e-02  1.67109718e-02  3.44686083e-02  4.80547476e-02
  6.30086137e-02  7.07759735e-02  7.68394112e-02  8.61812133e-02
  1.06496346e-01  1.32661474e-01  1.79165752e-01  2.12480899e-01
  2.25398732e-01  2.30396077e-01  2.38974798e-01  2.55176884e-01
  2.64058456e-01  2.71383152e-01  2.78443596e-01  2.80039575e-01
  3.30904477e-01  3.38188883e-01  3.50289242e-01  3.51438910e-01
  3.66015986e-01  3.92299758e-01  3.97161128e-01  4.03390443e-01
  4.28881618e-01  4.28904836e-01  4.78145017e-01  4.81645815e-01
  4.95644180e-01  5.13522775e-01  5.20726718e-01  5.35026119e-01
  5.51866241e-01  5.52548462e-01  5.76480248e-01  5.87827539e-01
  5.94480231e-01  6.33357450e-01  6.75027175e-01  6.85091945e-01
  6.91377583e-01  6.99146598e-01  7.31176382e-01  7.54114804e-01
  7.80445497e-01  7.89865327e-01  7.99518400e-01  8.03967127e-01
  8.04448057e-01  8.13815240e-01  8.36164583e-01  9.02583572e-01
  9.13333508e-01  9.41843010e-01  9.68457012e-01  9.70860957e-01
  1.02168198e+00  1.02509220e+00  1.06067919e+00  1.09087979e+00
  1.09435019e+00  1.12617326e+00  1.14654591e+00  1.23767284e+00
  1.26773754e+00  1.30821066e+00  1.38537726e+00  1.39346943e+00
  1.39432175e+00  1.43607955e+00  1.43878376e+00  1.44709673e+00
  1.48376124e+00  1.49564036e+00  1.53575174e+00  1.54035254e+00
  1.54518891e+00  1.60139878e+00  1.65914645e+00  1.65976736e+00
  1.66904243e+00  1.67425590e+00  1.72513520e+00  1.72764369e+00
  1.73731979e+00  1.74423361e+00  1.78169212e+00  1.83275972e+00
  1.83932744e+00  1.86257264e+00  1.86865861e+00  1.90587021e+00
  1.96649058e+00  1.99242299e+00  2.03281876e+00  2.04005766e+00
  2.06256555e+00  2.07874391e+00  2.11791865e+00  2.12256685e+00
  2.16982987e+00  2.17277718e+00  2.20736404e+00  2.24622126e+00
  2.30309025e+00  2.30800634e+00  2.32922645e+00  2.36938291e+00
  2.39900117e+00  2.39917531e+00  2.42765177e+00  2.43149431e+00
  2.46704362e+00  2.48765414e+00  2.51966523e+00  2.52151722e+00
  2.54560635e+00  2.57298387e+00  2.59267528e+00  2.60242834e+00
  2.61747377e+00  2.65585464e+00  2.69400275e+00  2.69523289e+00
  2.71112234e+00  2.80001327e+00  2.85978821e+00  2.88104252e+00
  2.89552776e+00  2.90601464e+00  2.96198132e+00  3.09238465e+00
  3.09727876e+00  3.24461832e+00  3.32908184e+00  3.37933901e+00
  3.54067738e+00  3.57126570e+00  3.66072677e+00  3.66676276e+00
  3.72852626e+00  3.79332154e+00  3.92112239e+00  3.95385721e+00
  3.99207979e+00  4.32232635e+00  4.37837031e+00  5.17021020e+00
  9.50419831e+00  2.35493585e+01  2.37917097e+01  2.38389318e+01
  2.39393249e+01  2.40156626e+01  2.40621991e+01  2.53938133e+01
  2.54050376e+01  2.60077591e+01  3.55696679e+01  2.15558871e+02]
nelec by numeric integration = 68.00000005030452
    CPU time for vxc     86.95 sec, wall time      3.14 sec
E1 = -1785.1073321590081  Ecoul = 725.7172343156856  Exc = -70.81568479053627
cycle= 1 E= -748.190422091086  delta_E= 0.979  |g|= 0.398  |ddm|= 3.34
    CPU time for cycle= 1     88.60 sec, wall time      3.20 sec
  HOMO = -0.196088877342488  LUMO = -0.00192730796206711
  mo_energy =
[-1.01400356e+02 -1.41699398e+01 -1.01843183e+01 -1.01835916e+01
 -1.01381614e+01 -1.01277761e+01 -1.00930754e+01 -1.00928290e+01
 -9.32614087e+00 -7.08913857e+00 -7.07962222e+00 -7.07961221e+00
 -9.09321350e-01 -7.77946628e-01 -7.66870780e-01 -7.44069799e-01
 -6.19994564e-01 -6.10920112e-01 -6.06690832e-01 -5.19409396e-01
 -4.63666378e-01 -4.51263397e-01 -4.23959604e-01 -4.03551697e-01
 -3.98789721e-01 -3.84766112e-01 -3.74764487e-01 -3.51473252e-01
 -3.40054162e-01 -2.60070778e-01 -2.50291580e-01 -2.30327124e-01
 -2.29245579e-01 -1.96088877e-01 -1.92730796e-03 -1.44020681e-03
  3.89890307e-02  6.32996861e-02  6.73925475e-02  9.68478918e-02
  9.74558520e-02  1.04081902e-01  1.31141803e-01  1.31214168e-01
  1.60883395e-01  1.66625175e-01  2.44410348e-01  2.71374264e-01
  2.80525640e-01  2.89609200e-01  3.13447132e-01  3.17527562e-01
  3.25373064e-01  3.35470344e-01  3.37683035e-01  3.50480034e-01
  3.88404255e-01  3.92851505e-01  3.99378503e-01  4.10090977e-01
  4.24183861e-01  4.44216052e-01  4.45551122e-01  4.62697576e-01
  4.71523316e-01  5.06180260e-01  5.27954055e-01  5.54420179e-01
  5.59631778e-01  5.67587639e-01  5.95665309e-01  6.03486576e-01
  6.19227436e-01  6.21747592e-01  6.42986486e-01  6.54277411e-01
  6.66261335e-01  6.87512924e-01  7.36838697e-01  7.40388977e-01
  7.61447597e-01  7.78499834e-01  8.03448176e-01  8.18289003e-01
  8.63374860e-01  8.71590959e-01  8.98913428e-01  9.07514570e-01
  9.19077449e-01  9.63403031e-01  9.66491484e-01  9.70886325e-01
  9.80523164e-01  1.01200286e+00  1.03020586e+00  1.05506536e+00
  1.07147032e+00  1.08548856e+00  1.11981184e+00  1.19011162e+00
  1.19133284e+00  1.20998622e+00  1.22072095e+00  1.32223044e+00
  1.34602403e+00  1.37730559e+00  1.45762674e+00  1.45865011e+00
  1.46898306e+00  1.51454418e+00  1.51668726e+00  1.52637255e+00
  1.54473123e+00  1.56639952e+00  1.59795769e+00  1.60159466e+00
  1.60359585e+00  1.65496279e+00  1.70118982e+00  1.71700699e+00
  1.74415562e+00  1.75470165e+00  1.77117195e+00  1.78998948e+00
  1.79264741e+00  1.80870430e+00  1.86556575e+00  1.88993141e+00
  1.91323246e+00  1.95009864e+00  1.95093978e+00  1.99123323e+00
  2.05379671e+00  2.08447115e+00  2.10693517e+00  2.13433995e+00
  2.16263842e+00  2.16545216e+00  2.18741060e+00  2.20593043e+00
  2.28141540e+00  2.28655315e+00  2.28698431e+00  2.31724960e+00
  2.38451768e+00  2.39507396e+00  2.42431860e+00  2.45820248e+00
  2.46985575e+00  2.49080843e+00  2.50986827e+00  2.53097000e+00
  2.55257082e+00  2.57316735e+00  2.58582937e+00  2.60389200e+00
  2.61716977e+00  2.62864050e+00  2.62871649e+00  2.64561742e+00
  2.67584083e+00  2.74634347e+00  2.78222198e+00  2.79863495e+00
  2.81022161e+00  2.89181176e+00  2.94995886e+00  2.98776842e+00
  3.01010446e+00  3.01311891e+00  3.05133059e+00  3.20725303e+00
  3.22514288e+00  3.36175872e+00  3.44095388e+00  3.48942068e+00
  3.65297778e+00  3.66772069e+00  3.76339484e+00  3.76827492e+00
  3.81882256e+00  3.94851880e+00  4.01241258e+00  4.04275211e+00
  4.09077400e+00  4.44207322e+00  4.53529525e+00  5.31209976e+00
  9.68083437e+00  2.36855999e+01  2.39244099e+01  2.39582941e+01
  2.40503448e+01  2.41576993e+01  2.42188513e+01  2.55708789e+01
  2.55820002e+01  2.61691046e+01  3.57840649e+01  2.15653007e+02]
nelec by numeric integration = 68.0000000614528
    CPU time for vxc     81.57 sec, wall time      2.92 sec
E1 = -1777.3266078892611  Ecoul = 717.3408622003196  Exc = -70.21683846870039
cycle= 2 E= -748.187223614869  delta_E= 0.0032  |g|= 0.436  |ddm|= 0.825
    CPU time for cycle= 2     83.14 sec, wall time      2.97 sec
  HOMO = -0.263862312410773  LUMO = -0.0447116463578288
  mo_energy =
[-1.01501793e+02 -1.43402168e+01 -1.02101543e+01 -1.02098789e+01
 -1.01994305e+01 -1.01933743e+01 -1.01932583e+01 -1.01931912e+01
 -9.41153831e+00 -7.17601076e+00 -7.16685617e+00 -7.16684635e+00
 -9.73522536e-01 -8.22330097e-01 -8.13526448e-01 -7.83034821e-01
 -6.54131660e-01 -6.53663605e-01 -6.39291201e-01 -5.46655717e-01
 -5.01237406e-01 -4.87039342e-01 -4.51713430e-01 -4.32216915e-01
 -4.23469139e-01 -4.21332114e-01 -4.14172848e-01 -3.86963383e-01
 -3.76905425e-01 -3.09448352e-01 -2.83015198e-01 -2.66687516e-01
 -2.65940433e-01 -2.63862312e-01 -4.47116464e-02 -3.33294989e-02
  2.99571979e-02  5.37231579e-02  6.21869760e-02  7.49228593e-02
  9.04733237e-02  9.19132994e-02  1.15521974e-01  1.25425946e-01
  1.27722087e-01  1.58980640e-01  2.18320662e-01  2.50152749e-01
  2.61825801e-01  2.68269771e-01  2.92912843e-01  3.02873204e-01
  3.05290796e-01  3.15704660e-01  3.18553238e-01  3.30941301e-01
  3.67759528e-01  3.70117920e-01  3.74397075e-01  3.86808652e-01
  4.01717248e-01  4.23398400e-01  4.26187255e-01  4.36565964e-01
  4.52153866e-01  4.76828145e-01  5.06154466e-01  5.34892839e-01
  5.41558476e-01  5.42287935e-01  5.67122279e-01  5.80376338e-01
  5.91457313e-01  6.01794650e-01  6.17284759e-01  6.32506458e-01
  6.36979483e-01  6.69029641e-01  7.16802701e-01  7.18465207e-01
  7.20548337e-01  7.45752818e-01  7.72256230e-01  7.92252568e-01
  8.32687706e-01  8.38631180e-01  8.68192068e-01  8.69171169e-01
  8.87565631e-01  9.19422664e-01  9.20371543e-01  9.41114794e-01
  9.49636628e-01  9.87509467e-01  9.98055864e-01  1.01498938e+00
  1.04519348e+00  1.06013214e+00  1.09677725e+00  1.15279560e+00
  1.16164134e+00  1.18291307e+00  1.19210072e+00  1.28135787e+00
  1.31130487e+00  1.34125836e+00  1.42962640e+00  1.43937324e+00
  1.44452488e+00  1.48256835e+00  1.49783545e+00  1.50676630e+00
  1.52522244e+00  1.53189816e+00  1.57391461e+00  1.57899627e+00
  1.58269119e+00  1.63803643e+00  1.68607450e+00  1.69722152e+00
  1.72511012e+00  1.73188868e+00  1.75544797e+00  1.76565766e+00
  1.76898180e+00  1.78562849e+00  1.83583726e+00  1.87081960e+00
  1.88183328e+00  1.91609255e+00  1.91622254e+00  1.96249158e+00
  2.02319905e+00  2.04485703e+00  2.07592138e+00  2.10716953e+00
  2.12981412e+00  2.13780812e+00  2.16562446e+00  2.16703355e+00
  2.24934991e+00  2.24989807e+00  2.25494385e+00  2.29476786e+00
  2.35610592e+00  2.37217194e+00  2.37896976e+00  2.43072632e+00
  2.45349281e+00  2.46108518e+00  2.48547527e+00  2.50482945e+00
  2.53058985e+00  2.54239815e+00  2.55962290e+00  2.57714186e+00
  2.58123707e+00  2.60489357e+00  2.61792204e+00  2.63399189e+00
  2.65336487e+00  2.70469188e+00  2.74506984e+00  2.75223177e+00
  2.76220861e+00  2.85002653e+00  2.91527718e+00  2.94297594e+00
  2.95953248e+00  2.96084049e+00  3.02157020e+00  3.16774522e+00
  3.17169946e+00  3.31385180e+00  3.39497996e+00  3.44248703e+00
  3.60556225e+00  3.62540952e+00  3.73719968e+00  3.74210513e+00
  3.78073765e+00  3.84453115e+00  3.97523904e+00  4.00718666e+00
  4.04808746e+00  4.38530642e+00  4.44279861e+00  5.22991768e+00
  9.60696680e+00  2.36206955e+01  2.38718332e+01  2.39074361e+01
  2.40048739e+01  2.40864336e+01  2.41382085e+01  2.55015757e+01
  2.55127228e+01  2.61001343e+01  3.56201622e+01  2.15554423e+02]
nelec by numeric integration = 68.00000005575141
    CPU time for vxc     83.27 sec, wall time      2.98 sec
E1 = -1781.2231717995114  Ecoul = 721.4878300968411  Exc = -70.51048576295076
cycle= 3 E= -748.230466922848  delta_E= -0.0432  |g|= 0.0868  |ddm|= 0.419
    CPU time for cycle= 3     84.88 sec, wall time      3.04 sec
  HOMO = -0.2580018021451  LUMO = -0.0444195719473196
  mo_energy =
[-1.01518724e+02 -1.43075426e+01 -1.02234222e+01 -1.02233308e+01
 -1.02114753e+01 -1.02023899e+01 -1.02022590e+01 -1.02017970e+01
 -9.42912123e+00 -7.19356698e+00 -7.18449509e+00 -7.18448482e+00
 -9.66555823e-01 -8.25396183e-01 -8.20180238e-01 -7.86280718e-01
 -6.58542612e-01 -6.53978120e-01 -6.43786323e-01 -5.49295378e-01
 -5.03462653e-01 -4.89927147e-01 -4.55219078e-01 -4.32114979e-01
 -4.25793578e-01 -4.23712291e-01 -4.14757020e-01 -3.89448389e-01
 -3.83844638e-01 -3.08707567e-01 -2.86722319e-01 -2.75249138e-01
 -2.74362339e-01 -2.58001802e-01 -4.44195719e-02 -3.62951081e-02
  2.88663775e-02  5.23621086e-02  6.14136204e-02  7.12418337e-02
  8.99884927e-02  9.13007409e-02  1.15930234e-01  1.24974679e-01
  1.26421628e-01  1.58546215e-01  2.18458927e-01  2.47942835e-01
  2.60293832e-01  2.67586270e-01  2.90894504e-01  3.01498075e-01
  3.01732171e-01  3.13184970e-01  3.16517983e-01  3.26605563e-01
  3.66303479e-01  3.68519880e-01  3.72388764e-01  3.85026631e-01
  3.99757566e-01  4.21519491e-01  4.24792881e-01  4.34963332e-01
  4.50217054e-01  4.76728441e-01  5.04460861e-01  5.33750503e-01
  5.40226710e-01  5.41046812e-01  5.65318042e-01  5.77872877e-01
  5.89023415e-01  6.00632185e-01  6.16168477e-01  6.31152848e-01
  6.35485518e-01  6.66158615e-01  7.14226462e-01  7.18320105e-01
  7.23053735e-01  7.42538312e-01  7.71537469e-01  7.89600068e-01
  8.32691607e-01  8.37353997e-01  8.62269964e-01  8.63361103e-01
  8.81979771e-01  9.09100479e-01  9.09486519e-01  9.38209819e-01
  9.48069843e-01  9.86181551e-01  9.97024504e-01  1.01124121e+00
  1.04664450e+00  1.05722176e+00  1.09343741e+00  1.14879288e+00
  1.15892692e+00  1.18210942e+00  1.18948902e+00  1.28360346e+00
  1.31132251e+00  1.34221159e+00  1.42686246e+00  1.43672406e+00
  1.44459008e+00  1.48099497e+00  1.49644113e+00  1.50536447e+00
  1.52287627e+00  1.53000760e+00  1.57191882e+00  1.57720256e+00
  1.58074234e+00  1.63695992e+00  1.68467889e+00  1.69492036e+00
  1.72411816e+00  1.72999939e+00  1.75363600e+00  1.76401947e+00
  1.76864418e+00  1.78473615e+00  1.83429953e+00  1.86842666e+00
  1.87847224e+00  1.91297473e+00  1.91301399e+00  1.96083486e+00
  2.02178287e+00  2.04222509e+00  2.07396970e+00  2.10297045e+00
  2.12857504e+00  2.13274731e+00  2.16507263e+00  2.16658310e+00
  2.24310841e+00  2.24358661e+00  2.25359099e+00  2.29200835e+00
  2.35395762e+00  2.37002676e+00  2.38164421e+00  2.42706860e+00
  2.45390977e+00  2.45555252e+00  2.48347667e+00  2.50227683e+00
  2.52863709e+00  2.54165515e+00  2.55838126e+00  2.57221873e+00
  2.57926209e+00  2.60320266e+00  2.61652239e+00  2.63299075e+00
  2.65170045e+00  2.70613984e+00  2.73963172e+00  2.75032868e+00
  2.76077629e+00  2.84733841e+00  2.91254073e+00  2.94441659e+00
  2.95617535e+00  2.96039189e+00  3.02113917e+00  3.16336819e+00
  3.16658056e+00  3.30791599e+00  3.38953112e+00  3.43732147e+00
  3.60567105e+00  3.62700048e+00  3.73485482e+00  3.73980881e+00
  3.78069311e+00  3.86279609e+00  3.97100282e+00  4.00279257e+00
  4.04500153e+00  4.38323810e+00  4.45600336e+00  5.23991385e+00
  9.59124284e+00  2.36102357e+01  2.38637557e+01  2.38968356e+01
  2.39929987e+01  2.40762059e+01  2.41282999e+01  2.54864694e+01
  2.54976175e+01  2.60852624e+01  3.56514848e+01  2.15537615e+02]
nelec by numeric integration = 68.00000005520594
    CPU time for vxc     79.59 sec, wall time      2.84 sec
E1 = -1781.3984579671555  Ecoul = 721.6773671838419  Exc = -70.52599286843395
cycle= 4 E= -748.231723108975  delta_E= -0.00126  |g|= 0.0386  |ddm|= 0.0787
    CPU time for cycle= 4     81.19 sec, wall time      2.90 sec
  HOMO = -0.261911034023029  LUMO = -0.0436635144795296
  mo_energy =
[-1.01511006e+02 -1.43181169e+01 -1.02235547e+01 -1.02235422e+01
 -1.02046440e+01 -1.02036326e+01 -1.01958137e+01 -1.01957888e+01
 -9.42513401e+00 -7.18920497e+00 -7.18020629e+00 -7.18019609e+00
 -9.68239569e-01 -8.23609352e-01 -8.18622326e-01 -7.84805912e-01
 -6.59665209e-01 -6.53577899e-01 -6.42442397e-01 -5.48026169e-01
 -5.02272175e-01 -4.88666362e-01 -4.53832668e-01 -4.33569098e-01
 -4.25539135e-01 -4.24222898e-01 -4.15117927e-01 -3.88179473e-01
 -3.83806109e-01 -3.07418492e-01 -2.84890526e-01 -2.75328635e-01
 -2.74423068e-01 -2.61911034e-01 -4.36635145e-02 -3.47869378e-02
  2.92847977e-02  5.26303608e-02  6.17827844e-02  7.02271536e-02
  9.00225997e-02  9.18053489e-02  1.15305697e-01  1.24951891e-01
  1.26623723e-01  1.57838647e-01  2.18832297e-01  2.49812508e-01
  2.61744257e-01  2.68258501e-01  2.91254418e-01  3.00394996e-01
  3.01299783e-01  3.12580238e-01  3.16100421e-01  3.26207170e-01
  3.66707662e-01  3.69236252e-01  3.74535000e-01  3.85765244e-01
  4.01809327e-01  4.22935528e-01  4.25447319e-01  4.35968360e-01
  4.51430459e-01  4.75942835e-01  5.05326066e-01  5.33504633e-01
  5.39519411e-01  5.42259834e-01  5.66517483e-01  5.78363259e-01
  5.90746762e-01  5.99301467e-01  6.16481624e-01  6.30827175e-01
  6.36741210e-01  6.66722281e-01  7.16042607e-01  7.20319537e-01
  7.20446338e-01  7.43790613e-01  7.72137135e-01  7.89840095e-01
  8.32699569e-01  8.36682052e-01  8.61795375e-01  8.63111159e-01
  8.82003096e-01  9.09458016e-01  9.09872233e-01  9.40382334e-01
  9.48451443e-01  9.86701274e-01  9.97317419e-01  1.01383573e+00
  1.04562201e+00  1.05907480e+00  1.09530841e+00  1.14885870e+00
  1.15769578e+00  1.18165136e+00  1.18810250e+00  1.28205994e+00
  1.31081355e+00  1.34256930e+00  1.42858065e+00  1.43856190e+00
  1.44247487e+00  1.48268813e+00  1.49463464e+00  1.50380061e+00
  1.52498819e+00  1.53124867e+00  1.57312566e+00  1.57787339e+00
  1.58171990e+00  1.63631369e+00  1.68580465e+00  1.69583767e+00
  1.72262513e+00  1.72936200e+00  1.75461900e+00  1.76471325e+00
  1.76944217e+00  1.78505392e+00  1.83372538e+00  1.86979378e+00
  1.88098962e+00  1.91447322e+00  1.91516876e+00  1.96042635e+00
  2.02127197e+00  2.04455676e+00  2.07520589e+00  2.10225875e+00
  2.12849280e+00  2.13221036e+00  2.16481877e+00  2.16819211e+00
  2.24282173e+00  2.24324753e+00  2.25495122e+00  2.29328650e+00
  2.35498439e+00  2.36900138e+00  2.38006781e+00  2.42785877e+00
  2.45187453e+00  2.45631548e+00  2.48196034e+00  2.50053893e+00
  2.52714773e+00  2.54128905e+00  2.55843783e+00  2.57542979e+00
  2.58041474e+00  2.60401274e+00  2.61786788e+00  2.63305929e+00
  2.65318726e+00  2.70518513e+00  2.74170066e+00  2.75221573e+00
  2.76211222e+00  2.84724124e+00  2.91360742e+00  2.94342591e+00
  2.95949847e+00  2.95968371e+00  3.02005250e+00  3.16376600e+00
  3.16779647e+00  3.31045141e+00  3.39246849e+00  3.44144050e+00
  3.60572823e+00  3.62514308e+00  3.73278798e+00  3.73774756e+00
  3.77951174e+00  3.85627484e+00  3.97350162e+00  4.00609248e+00
  4.04641046e+00  4.38527732e+00  4.45089724e+00  5.23638781e+00
  9.59418951e+00  2.36145603e+01  2.38619533e+01  2.38993473e+01
  2.39956304e+01  2.40798076e+01  2.41341041e+01  2.54889201e+01
  2.55000694e+01  2.60878940e+01  3.56413515e+01  2.15544842e+02]
nelec by numeric integration = 68.00000005532365
    CPU time for vxc     79.46 sec, wall time      2.84 sec
E1 = -1781.3669739344652  Ecoul = 721.6429108169165  Exc = -70.52331001011626
cycle= 5 E= -748.232012584892  delta_E= -0.000289  |g|= 0.0128  |ddm|= 0.0401
    CPU time for cycle= 5     81.08 sec, wall time      2.89 sec
  HOMO = -0.260587555733185  LUMO = -0.043378013829567
  mo_energy =
[-1.01508217e+02 -1.43157842e+01 -1.02202345e+01 -1.02202236e+01
 -1.02068603e+01 -1.02013467e+01 -1.01973700e+01 -1.01973401e+01
 -9.42329956e+00 -7.18727440e+00 -7.17828998e+00 -7.17827964e+00
 -9.66731211e-01 -8.23494852e-01 -8.18611957e-01 -7.84093398e-01
 -6.58785706e-01 -6.53055005e-01 -6.42126029e-01 -5.47820027e-01
 -5.01919108e-01 -4.88590675e-01 -4.53434505e-01 -4.32680507e-01
 -4.24972561e-01 -4.24159645e-01 -4.14385559e-01 -3.88107684e-01
 -3.83148999e-01 -3.07522820e-01 -2.84432641e-01 -2.74731469e-01
 -2.73835582e-01 -2.60587556e-01 -4.33780138e-02 -3.43698914e-02
  2.94755257e-02  5.27406323e-02  6.20022287e-02  7.09756284e-02
  9.02075656e-02  9.18033160e-02  1.15793087e-01  1.25185722e-01
  1.27033314e-01  1.58280509e-01  2.19244175e-01  2.49603366e-01
  2.61618754e-01  2.68480849e-01  2.91649584e-01  3.00953459e-01
  3.01821182e-01  3.13019204e-01  3.16550226e-01  3.26523441e-01
  3.67015576e-01  3.69582751e-01  3.74413354e-01  3.86009969e-01
  4.01474463e-01  4.23199791e-01  4.25495263e-01  4.36248332e-01
  4.51638269e-01  4.76823389e-01  5.05699398e-01  5.34280194e-01
  5.40252852e-01  5.41925849e-01  5.66671719e-01  5.78736192e-01
  5.90479433e-01  6.00049569e-01  6.16810203e-01  6.31624222e-01
  6.36654803e-01  6.67133711e-01  7.15880329e-01  7.19985931e-01
  7.21540674e-01  7.43832162e-01  7.72520175e-01  7.90298444e-01
  8.33329281e-01  8.37382789e-01  8.62609512e-01  8.63770834e-01
  8.82604396e-01  9.10124376e-01  9.10473817e-01  9.40204618e-01
  9.48738062e-01  9.86908554e-01  9.97713066e-01  1.01369133e+00
  1.04650074e+00  1.05914999e+00  1.09526981e+00  1.14946137e+00
  1.15849658e+00  1.18263193e+00  1.18895964e+00  1.28280883e+00
  1.31173459e+00  1.34311559e+00  1.42875796e+00  1.43849083e+00
  1.44309727e+00  1.48265102e+00  1.49539615e+00  1.50452811e+00
  1.52454211e+00  1.53141537e+00  1.57330646e+00  1.57813974e+00
  1.58185274e+00  1.63721427e+00  1.68587329e+00  1.69623326e+00
  1.72328555e+00  1.72990962e+00  1.75492167e+00  1.76488093e+00
  1.76953868e+00  1.78529344e+00  1.83442604e+00  1.86986261e+00
  1.88047024e+00  1.91484461e+00  1.91488724e+00  1.96103662e+00
  2.02199544e+00  2.04426233e+00  2.07560544e+00  2.10297468e+00
  2.12948827e+00  2.13294078e+00  2.16543655e+00  2.16799357e+00
  2.24357004e+00  2.24397561e+00  2.25479726e+00  2.29359259e+00
  2.35521371e+00  2.36972189e+00  2.38128985e+00  2.42809509e+00
  2.45256228e+00  2.45672207e+00  2.48281036e+00  2.50157604e+00
  2.52809229e+00  2.54233293e+00  2.55890696e+00  2.57504031e+00
  2.58051698e+00  2.60410093e+00  2.61758171e+00  2.63339296e+00
  2.65304634e+00  2.70612352e+00  2.74204258e+00  2.75217613e+00
  2.76206875e+00  2.84860737e+00  2.91428883e+00  2.94433462e+00
  2.95909654e+00  2.96068040e+00  3.02068828e+00  3.16459140e+00
  3.16779513e+00  3.31069849e+00  3.39237446e+00  3.44048779e+00
  3.60649174e+00  3.62675547e+00  3.73385842e+00  3.73883904e+00
  3.78115238e+00  3.85810725e+00  3.97335580e+00  4.00530112e+00
  4.04687067e+00  4.38516720e+00  4.45254827e+00  5.23797199e+00
  9.59569630e+00  2.36143590e+01  2.38641055e+01  2.39005657e+01
  2.39966283e+01  2.40802651e+01  2.41328563e+01  2.54902643e+01
  2.55014136e+01  2.60893047e+01  3.56436534e+01  2.15547501e+02]
nelec by numeric integration = 68.00000005538854
    CPU time for vxc     87.61 sec, wall time      3.15 sec
E1 = -1781.310908304637  Ecoul = 721.5833479305317  Exc = -70.51985300128769
cycle= 6 E= -748.23205283262  delta_E= -4.02e-05  |g|= 0.00426  |ddm|= 0.0134
    CPU time for cycle= 6     89.21 sec, wall time      3.20 sec
  HOMO = -0.260859532914568  LUMO = -0.043456916145429
  mo_energy =
[-1.01508898e+02 -1.43162033e+01 -1.02213101e+01 -1.02212907e+01
 -1.02061638e+01 -1.02014990e+01 -1.01973102e+01 -1.01972739e+01
 -9.42377130e+00 -7.18776369e+00 -7.17878258e+00 -7.17877222e+00
 -9.67305552e-01 -8.23616342e-01 -8.18752606e-01 -7.84424042e-01
 -6.58878355e-01 -6.53226383e-01 -6.42238840e-01 -5.47909736e-01
 -5.02115686e-01 -4.88615116e-01 -4.53664624e-01 -4.32886491e-01
 -4.25043882e-01 -4.24199732e-01 -4.14631870e-01 -3.88181114e-01
 -3.83313063e-01 -3.07557222e-01 -2.84700405e-01 -2.74937522e-01
 -2.74040420e-01 -2.60859533e-01 -4.34569161e-02 -3.45736959e-02
  2.94561990e-02  5.27369652e-02  6.19669121e-02  7.08567471e-02
  9.02029581e-02  9.18501334e-02  1.15684868e-01  1.25163784e-01
  1.26914161e-01  1.58199124e-01  2.19091341e-01  2.49633770e-01
  2.61644244e-01  2.68406708e-01  2.91536487e-01  3.00824220e-01
  3.01695015e-01  3.12886400e-01  3.16434246e-01  3.26376799e-01
  3.66903546e-01  3.69458161e-01  3.74365381e-01  3.85925405e-01
  4.01544915e-01  4.23060017e-01  4.25489555e-01  4.36090398e-01
  4.51555800e-01  4.76581705e-01  5.05560413e-01  5.34089611e-01
  5.40135774e-01  5.41978862e-01  5.66590942e-01  5.78628192e-01
  5.90503189e-01  5.99912328e-01  6.16715219e-01  6.31451274e-01
  6.36593730e-01  6.67014438e-01  7.15898228e-01  7.20056079e-01
  7.21325217e-01  7.43800979e-01  7.72360079e-01  7.90179698e-01
  8.33140876e-01  8.37239229e-01  8.62391691e-01  8.63587423e-01
  8.82437709e-01  9.09877524e-01  9.10251715e-01  9.40159258e-01
  9.48657131e-01  9.86854937e-01  9.97547332e-01  1.01361417e+00
  1.04629185e+00  1.05903061e+00  1.09525083e+00  1.14925269e+00
  1.15832684e+00  1.18235304e+00  1.18878724e+00  1.28267089e+00
  1.31144606e+00  1.34287494e+00  1.42859718e+00  1.43845028e+00
  1.44301141e+00  1.48259321e+00  1.49528168e+00  1.50441433e+00
  1.52464599e+00  1.53133604e+00  1.57323729e+00  1.57808095e+00
  1.58181880e+00  1.63703542e+00  1.68585073e+00  1.69610773e+00
  1.72316044e+00  1.72980171e+00  1.75479724e+00  1.76483809e+00
  1.76951382e+00  1.78523405e+00  1.83424537e+00  1.86982584e+00
  1.88056776e+00  1.91467304e+00  1.91492688e+00  1.96090013e+00
  2.02181778e+00  2.04427106e+00  2.07540343e+00  2.10279446e+00
  2.12917394e+00  2.13275259e+00  2.16530961e+00  2.16797648e+00
  2.24338078e+00  2.24380027e+00  2.25482435e+00  2.29344588e+00
  2.35514527e+00  2.36965377e+00  2.38094910e+00  2.42804374e+00
  2.45246445e+00  2.45663669e+00  2.48268411e+00  2.50143073e+00
  2.52795600e+00  2.54201810e+00  2.55884914e+00  2.57500580e+00
  2.58047143e+00  2.60412107e+00  2.61769448e+00  2.63337440e+00
  2.65306616e+00  2.70586411e+00  2.74188943e+00  2.75204603e+00
  2.76205830e+00  2.84812772e+00  2.91399727e+00  2.94408819e+00
  2.95903644e+00  2.96040442e+00  3.02057350e+00  3.16446211e+00
  3.16772969e+00  3.31045821e+00  3.39225145e+00  3.44061969e+00
  3.60623214e+00  3.62632639e+00  3.73374473e+00  3.73872110e+00
  3.78066014e+00  3.85769381e+00  3.97329162e+00  4.00546452e+00
  4.04664369e+00  4.38510179e+00  4.45218723e+00  5.23753437e+00
  9.59529533e+00  2.36142476e+01  2.38639491e+01  2.39000035e+01
  2.39962774e+01  2.40798605e+01  2.41330026e+01  2.54898904e+01
  2.55010396e+01  2.60889350e+01  3.56432274e+01  2.15546851e+02]
nelec by numeric integration = 68.00000005535485
    CPU time for vxc     79.72 sec, wall time      2.85 sec
E1 = -1781.3319959003254  Ecoul = 721.6054195265501  Exc = -70.5208415814171
cycle= 7 E= -748.232057412419  delta_E= -4.58e-06  |g|= 0.000602  |ddm|= 0.00339
    CPU time for cycle= 7     81.31 sec, wall time      2.90 sec
  HOMO = -0.260839328259112  LUMO = -0.0434463136524507
  mo_energy =
[-1.01509308e+02 -1.43161716e+01 -1.02212221e+01 -1.02212113e+01
 -1.02063089e+01 -1.02017003e+01 -1.01971926e+01 -1.01971640e+01
 -9.42399388e+00 -7.18800594e+00 -7.17902158e+00 -7.17901122e+00
 -9.67269162e-01 -8.23641968e-01 -8.18778966e-01 -7.84370445e-01
 -6.58921598e-01 -6.53201222e-01 -6.42219654e-01 -5.47896456e-01
 -5.02086302e-01 -4.88587488e-01 -4.53625007e-01 -4.32900228e-01
 -4.25073103e-01 -4.24223941e-01 -4.14626143e-01 -3.88163338e-01
 -3.83361387e-01 -3.07556299e-01 -2.84654123e-01 -2.74984689e-01
 -2.74086271e-01 -2.60839328e-01 -4.34463137e-02 -3.45372697e-02
  2.94533395e-02  5.27199587e-02  6.19803349e-02  7.08228977e-02
  9.02051381e-02  9.18492467e-02  1.15689950e-01  1.25169327e-01
  1.26927012e-01  1.58198525e-01  2.19104680e-01  2.49641705e-01
  2.61650536e-01  2.68420527e-01  2.91537018e-01  3.00814257e-01
  3.01683508e-01  3.12871594e-01  3.16436310e-01  3.26361813e-01
  3.66914679e-01  3.69481114e-01  3.74376320e-01  3.85943137e-01
  4.01541517e-01  4.23088863e-01  4.25493332e-01  4.36098643e-01
  4.51556372e-01  4.76587362e-01  5.05582288e-01  5.34114280e-01
  5.40127524e-01  5.41981685e-01  5.66595128e-01  5.78634377e-01
  5.90515079e-01  5.99887619e-01  6.16715993e-01  6.31462856e-01
  6.36613372e-01  6.67014810e-01  7.15905818e-01  7.20059025e-01
  7.21331111e-01  7.43805520e-01  7.72368031e-01  7.90179553e-01
  8.33157868e-01  8.37243668e-01  8.62351151e-01  8.63547470e-01
  8.82410613e-01  9.09824583e-01  9.10206559e-01  9.40171216e-01
  9.48655129e-01  9.86847834e-01  9.97548259e-01  1.01363419e+00
  1.04630837e+00  1.05906198e+00  1.09525539e+00  1.14922884e+00
  1.15830457e+00  1.18237703e+00  1.18876516e+00  1.28267861e+00
  1.31147520e+00  1.34289691e+00  1.42862686e+00  1.43846389e+00
  1.44300056e+00  1.48260000e+00  1.49525250e+00  1.50438922e+00
  1.52464805e+00  1.53134795e+00  1.57325211e+00  1.57809499e+00
  1.58183511e+00  1.63705275e+00  1.68586366e+00  1.69612871e+00
  1.72314312e+00  1.72978645e+00  1.75482388e+00  1.76484354e+00
  1.76951672e+00  1.78524148e+00  1.83423573e+00  1.86984452e+00
  1.88057156e+00  1.91470371e+00  1.91492876e+00  1.96090984e+00
  2.02183091e+00  2.04428247e+00  2.07543426e+00  2.10275321e+00
  2.12920212e+00  2.13270879e+00  2.16532479e+00  2.16797933e+00
  2.24332608e+00  2.24375203e+00  2.25481868e+00  2.29347811e+00
  2.35516607e+00  2.36962884e+00  2.38097658e+00  2.42801871e+00
  2.45245555e+00  2.45659455e+00  2.48265982e+00  2.50137556e+00
  2.52792304e+00  2.54205187e+00  2.55885802e+00  2.57503166e+00
  2.58049265e+00  2.60412808e+00  2.61769671e+00  2.63338336e+00
  2.65308228e+00  2.70588773e+00  2.74188502e+00  2.75209914e+00
  2.76206784e+00  2.84817931e+00  2.91403892e+00  2.94410966e+00
  2.95905973e+00  2.96043189e+00  3.02057055e+00  3.16441072e+00
  3.16772119e+00  3.31051001e+00  3.39228190e+00  3.44062101e+00
  3.60626266e+00  3.62636292e+00  3.73368812e+00  3.73866569e+00
  3.78070228e+00  3.85772090e+00  3.97332544e+00  4.00546062e+00
  4.04668254e+00  4.38512139e+00  4.45222049e+00  5.23757037e+00
  9.59512158e+00  2.36142772e+01  2.38637620e+01  2.39000918e+01
  2.39962750e+01  2.40799557e+01  2.41330238e+01  2.54897410e+01
  2.55008902e+01  2.60887751e+01  3.56432577e+01  2.15546466e+02]
nelec by numeric integration = 68.0000000553577
    CPU time for vxc     84.69 sec, wall time      3.03 sec
E1 = -1781.3332700055616  Ecoul = 721.6068431203987  Exc = -70.52099113114804
cycle= 8 E= -748.232057473538  delta_E= -6.11e-08  |g|= 0.000229  |ddm|= 0.000546
    CPU time for cycle= 8     86.28 sec, wall time      3.09 sec
  HOMO = -0.260842694891902  LUMO = -0.0434434724983996
  mo_energy =
[-1.01509311e+02 -1.43161773e+01 -1.02212193e+01 -1.02212046e+01
 -1.02062516e+01 -1.02016630e+01 -1.01972432e+01 -1.01972092e+01
 -9.42397193e+00 -7.18798704e+00 -7.17900138e+00 -7.17899103e+00
 -9.67269314e-01 -8.23626457e-01 -8.18763214e-01 -7.84378572e-01
 -6.58906604e-01 -6.53206121e-01 -6.42219550e-01 -5.47894828e-01
 -5.02089563e-01 -4.88598495e-01 -4.53633089e-01 -4.32889895e-01
 -4.25059035e-01 -4.24211219e-01 -4.14621116e-01 -3.88167406e-01
 -3.83344291e-01 -3.07552126e-01 -2.84662753e-01 -2.74963409e-01
 -2.74065506e-01 -2.60842695e-01 -4.34434725e-02 -3.45452433e-02
  2.94560459e-02  5.27268091e-02  6.19766217e-02  7.08364986e-02
  9.02054052e-02  9.18499010e-02  1.15692843e-01  1.25169198e-01
  1.26927362e-01  1.58202691e-01  2.19104500e-01  2.49641219e-01
  2.61648874e-01  2.68418117e-01  2.91538789e-01  3.00823583e-01
  3.01688257e-01  3.12880761e-01  3.16439665e-01  3.26372978e-01
  3.66914453e-01  3.69476126e-01  3.74375495e-01  3.85940404e-01
  4.01544167e-01  4.23082393e-01  4.25492935e-01  4.36102795e-01
  4.51561359e-01  4.76591901e-01  5.05578094e-01  5.34112147e-01
  5.40134406e-01  5.41980784e-01  5.66598889e-01  5.78635872e-01
  5.90509581e-01  5.99899322e-01  6.16719862e-01  6.31463371e-01
  6.36606847e-01  6.67021265e-01  7.15904401e-01  7.20057818e-01
  7.21333827e-01  7.43806481e-01  7.72370214e-01  7.90184156e-01
  8.33157201e-01  8.37245667e-01  8.62369647e-01  8.63565018e-01
  8.82423917e-01  9.09851964e-01  9.10230352e-01  9.40169282e-01
  9.48657559e-01  9.86852780e-01  9.97551034e-01  1.01363129e+00
  1.04630762e+00  1.05905231e+00  1.09526015e+00  1.14924051e+00
  1.15831678e+00  1.18237547e+00  1.18877742e+00  1.28267853e+00
  1.31147140e+00  1.34289500e+00  1.42862080e+00  1.43846285e+00
  1.44300798e+00  1.48260290e+00  1.49526659e+00  1.50440200e+00
  1.52464565e+00  1.53134866e+00  1.57324997e+00  1.57809225e+00
  1.58182996e+00  1.63705245e+00  1.68586098e+00  1.69612678e+00
  1.72315335e+00  1.72979385e+00  1.75481704e+00  1.76484185e+00
  1.76951986e+00  1.78524077e+00  1.83424320e+00  1.86984093e+00
  1.88056940e+00  1.91469840e+00  1.91493131e+00  1.96091153e+00
  2.02183068e+00  2.04427998e+00  2.07542848e+00  2.10276976e+00
  2.12920269e+00  2.13272567e+00  2.16532297e+00  2.16797977e+00
  2.24334459e+00  2.24376914e+00  2.25482344e+00  2.29347037e+00
  2.35516152e+00  2.36963856e+00  2.38097609e+00  2.42802695e+00
  2.45246270e+00  2.45660558e+00  2.48266980e+00  2.50139478e+00
  2.52793650e+00  2.54204838e+00  2.55885994e+00  2.57502608e+00
  2.58048431e+00  2.60412717e+00  2.61769357e+00  2.63338211e+00
  2.65307544e+00  2.70588701e+00  2.74189924e+00  2.75208097e+00
  2.76206767e+00  2.84817491e+00  2.91403239e+00  2.94410977e+00
  2.95905600e+00  2.96043239e+00  3.02057651e+00  3.16442774e+00
  3.16772560e+00  3.31050037e+00  3.39227826e+00  3.44062268e+00
  3.60626093e+00  3.62636310e+00  3.73370659e+00  3.73868386e+00
  3.78070207e+00  3.85771779e+00  3.97331445e+00  4.00546268e+00
  4.04667673e+00  4.38511930e+00  4.45221788e+00  5.23756742e+00
  9.59514488e+00  2.36142745e+01  2.38637971e+01  2.39000753e+01
  2.39962963e+01  2.40799311e+01  2.41330169e+01  2.54897659e+01
  2.55009151e+01  2.60887976e+01  3.56432519e+01  2.15546467e+02]
nelec by numeric integration = 68.00000005535816
    CPU time for vxc     79.71 sec, wall time      2.84 sec
E1 = -1781.3326588476693  Ecoul = 721.6061996924417  Exc = -70.5209588731677
cycle= 9 E= -748.232057485622  delta_E= -1.21e-08  |g|= 4.59e-05  |ddm|= 0.000168
    CPU time for cycle= 9     81.34 sec, wall time      2.90 sec
  HOMO = -0.260847801343367  LUMO = -0.0434490406308182
  mo_energy =
[-1.01509285e+02 -1.43161878e+01 -1.02212266e+01 -1.02212151e+01
 -1.02062717e+01 -1.02016561e+01 -1.01972439e+01 -1.01972138e+01
 -9.42395207e+00 -7.18796666e+00 -7.17898077e+00 -7.17897042e+00
 -9.67274963e-01 -8.23626227e-01 -8.18762853e-01 -7.84382816e-01
 -6.58903705e-01 -6.53210895e-01 -6.42223283e-01 -5.47899072e-01
 -5.02095232e-01 -4.88600917e-01 -4.53635885e-01 -4.32890591e-01
 -4.25059518e-01 -4.24213657e-01 -4.14623567e-01 -3.88171579e-01
 -3.83339942e-01 -3.07557400e-01 -2.84666295e-01 -2.74955203e-01
 -2.74057673e-01 -2.60847801e-01 -4.34490406e-02 -3.45490272e-02
  2.94553579e-02  5.27269831e-02  6.19754907e-02  7.08393216e-02
  9.02043648e-02  9.18483418e-02  1.15691023e-01  1.25168387e-01
  1.26924645e-01  1.58201823e-01  2.19101481e-01  2.49637930e-01
  2.61645957e-01  2.68415435e-01  2.91538648e-01  3.00823907e-01
  3.01690271e-01  3.12882894e-01  3.16439878e-01  3.26376941e-01
  3.66913004e-01  3.69473635e-01  3.74372259e-01  3.85937814e-01
  4.01540583e-01  4.23079906e-01  4.25490865e-01  4.36100006e-01
  4.51557580e-01  4.76589593e-01  5.05575537e-01  5.34109192e-01
  5.40133819e-01  5.41977657e-01  5.66594870e-01  5.78634124e-01
  5.90507339e-01  5.99899924e-01  6.16717477e-01  6.31461324e-01
  6.36604485e-01  6.67019073e-01  7.15901577e-01  7.20054846e-01
  7.21331354e-01  7.43803821e-01  7.72367588e-01  7.90183162e-01
  8.33154418e-01  8.37244212e-01  8.62375089e-01  8.63569833e-01
  8.82427743e-01  9.09862575e-01  9.10239291e-01  9.40165871e-01
  9.48656614e-01  9.86851200e-01  9.97550218e-01  1.01362617e+00
  1.04630428e+00  1.05904958e+00  1.09525551e+00  1.14924325e+00
  1.15831806e+00  1.18237244e+00  1.18877854e+00  1.28267557e+00
  1.31146789e+00  1.34289098e+00  1.42861767e+00  1.43845889e+00
  1.44300712e+00  1.48259836e+00  1.49526719e+00  1.50440216e+00
  1.52464255e+00  1.53134428e+00  1.57324604e+00  1.57808913e+00
  1.58182761e+00  1.63704974e+00  1.68585834e+00  1.69612377e+00
  1.72315324e+00  1.72979372e+00  1.75481501e+00  1.76484009e+00
  1.76951592e+00  1.78523855e+00  1.83424243e+00  1.86983809e+00
  1.88056554e+00  1.91469408e+00  1.91492674e+00  1.96090900e+00
  2.02182868e+00  2.04427469e+00  2.07542532e+00  2.10277349e+00
  2.12919862e+00  2.13273009e+00  2.16532052e+00  2.16797566e+00
  2.24335092e+00  2.24377429e+00  2.25481932e+00  2.29346817e+00
  2.35515826e+00  2.36963796e+00  2.38097104e+00  2.42802735e+00
  2.45246169e+00  2.45660797e+00  2.48267036e+00  2.50139628e+00
  2.52793690e+00  2.54204326e+00  2.55885633e+00  2.57502055e+00
  2.58048192e+00  2.60412455e+00  2.61769141e+00  2.63338005e+00
  2.65307279e+00  2.70588233e+00  2.74189115e+00  2.75207718e+00
  2.76206330e+00  2.84816982e+00  2.91402851e+00  2.94410508e+00
  2.95905032e+00  2.96042612e+00  3.02057411e+00  3.16442870e+00
  3.16772285e+00  3.31049590e+00  3.39227280e+00  3.44061662e+00
  3.60625585e+00  3.62635778e+00  3.73370808e+00  3.73868516e+00
  3.78069690e+00  3.85771044e+00  3.97331091e+00  4.00545736e+00
  4.04667214e+00  4.38511302e+00  4.45221120e+00  5.23756071e+00
  9.59516201e+00  2.36142654e+01  2.38638034e+01  2.39000692e+01
  2.39962839e+01  2.40799259e+01  2.41330080e+01  2.54897820e+01
  2.55009313e+01  2.60888134e+01  3.56432416e+01  2.15546491e+02]
nelec by numeric integration = 68.00000005535821
    CPU time for vxc     79.58 sec, wall time      2.84 sec
E1 = -1781.332633336046  Ecoul = 721.6061702507544  Exc = -70.52095494353713
cycle= 10 E= -748.232057486056  delta_E= -4.33e-10  |g|= 2.01e-05  |ddm|= 6.28e-05
    CPU time for cycle= 10     81.18 sec, wall time      2.90 sec
  HOMO = -0.260846189198438  LUMO = -0.0434457623920223
  mo_energy =
[-1.01509299e+02 -1.43161862e+01 -1.02212208e+01 -1.02212039e+01
 -1.02062605e+01 -1.02016587e+01 -1.01972467e+01 -1.01972106e+01
 -9.42396598e+00 -7.18798059e+00 -7.17899466e+00 -7.17898431e+00
 -9.67271288e-01 -8.23627727e-01 -8.18764514e-01 -7.84379703e-01
 -6.58905213e-01 -6.53207888e-01 -6.42220769e-01 -5.47896096e-01
 -5.02091722e-01 -4.88599266e-01 -4.53633611e-01 -4.32890060e-01
 -4.25059378e-01 -4.24212339e-01 -4.14621906e-01 -3.88168870e-01
 -3.83343442e-01 -3.07554440e-01 -2.84663630e-01 -2.74961632e-01
 -2.74063851e-01 -2.60846189e-01 -4.34457624e-02 -3.45464109e-02
  2.94558007e-02  5.27265582e-02  6.19763936e-02  7.08373077e-02
  9.02050668e-02  9.18493865e-02  1.15692208e-01  1.25168752e-01
  1.26926273e-01  1.58202761e-01  2.19103202e-01  2.49639833e-01
  2.61647727e-01  2.68417011e-01  2.91538912e-01  3.00823560e-01
  3.01689064e-01  3.12881232e-01  3.16439586e-01  3.26373834e-01
  3.66913810e-01  3.69475198e-01  3.74374338e-01  3.85939579e-01
  4.01542734e-01  4.23081706e-01  4.25491862e-01  4.36101787e-01
  4.51560220e-01  4.76591249e-01  5.05577424e-01  5.34111435e-01
  5.40134359e-01  5.41979389e-01  5.66597687e-01  5.78635195e-01
  5.90508512e-01  5.99899645e-01  6.16718783e-01  6.31462920e-01
  6.36605818e-01  6.67020588e-01  7.15903205e-01  7.20056487e-01
  7.21332437e-01  7.43805328e-01  7.72369138e-01  7.90183759e-01
  8.33156431e-01  8.37244873e-01  8.62370339e-01  8.63565994e-01
  8.82424304e-01  9.09853871e-01  9.10231878e-01  9.40168011e-01
  9.48656695e-01  9.86851825e-01  9.97550463e-01  1.01362936e+00
  1.04630663e+00  1.05905150e+00  1.09525880e+00  1.14924073e+00
  1.15831704e+00  1.18237469e+00  1.18877750e+00  1.28267669e+00
  1.31147026e+00  1.34289355e+00  1.42861990e+00  1.43846133e+00
  1.44300791e+00  1.48260135e+00  1.49526704e+00  1.50440231e+00
  1.52464421e+00  1.53134706e+00  1.57324869e+00  1.57809159e+00
  1.58182877e+00  1.63705188e+00  1.68586019e+00  1.69612588e+00
  1.72315299e+00  1.72979345e+00  1.75481665e+00  1.76484091e+00
  1.76951841e+00  1.78523972e+00  1.83424280e+00  1.86983996e+00
  1.88056752e+00  1.91469712e+00  1.91492947e+00  1.96091087e+00
  2.02183012e+00  2.04427754e+00  2.07542769e+00  2.10277042e+00
  2.12920183e+00  2.13272656e+00  2.16532216e+00  2.16797767e+00
  2.24334613e+00  2.24377042e+00  2.25482157e+00  2.29346997e+00
  2.35516020e+00  2.36963871e+00  2.38097415e+00  2.42802643e+00
  2.45246240e+00  2.45660586e+00  2.48267025e+00  2.50139579e+00
  2.52793698e+00  2.54204660e+00  2.55885924e+00  2.57502373e+00
  2.58048339e+00  2.60412640e+00  2.61769269e+00  2.63338129e+00
  2.65307425e+00  2.70588530e+00  2.74189700e+00  2.75207882e+00
  2.76206578e+00  2.84817382e+00  2.91403150e+00  2.94410774e+00
  2.95905361e+00  2.96043026e+00  3.02057585e+00  3.16442784e+00
  3.16772402e+00  3.31049889e+00  3.39227629e+00  3.44062002e+00
  3.60625890e+00  3.62636194e+00  3.73370757e+00  3.73868484e+00
  3.78070104e+00  3.85771261e+00  3.97331300e+00  4.00546030e+00
  4.04667536e+00  4.38511655e+00  4.45221371e+00  5.23756388e+00
  9.59514961e+00  2.36142710e+01  2.38638010e+01  2.39000740e+01
  2.39962927e+01  2.40799295e+01  2.41330126e+01  2.54897702e+01
  2.55009194e+01  2.60888015e+01  3.56432434e+01  2.15546478e+02]
nelec by numeric integration = 68.00000005535834
    CPU time for vxc     90.08 sec, wall time      3.25 sec
E1 = -1781.332702096005  Ecoul = 721.6062450117994  Exc = -70.52096094453913
Extra cycle  E= -748.232057485972  delta_E= 8.39e-11  |g|= 2.74e-05  |ddm|= 4.14e-05
    CPU time for scf_cycle   1077.85 sec, wall time     38.97 sec
    CPU time for SCF   1077.86 sec, wall time     38.97 sec
converged SCF energy = -748.232057485972
Converting <class 'pyscf.dft.rks.RKS'> to RHF


******** <class 'pyscf.tdscf.rks.TDA'> for <class 'pyscf.dft.rks.RKS'> ********
nstates = 5 singlet
wfnsym = None
conv_tol = 1e-09
eigh lindep = 1e-12
eigh level_shift = 0
eigh max_space = 8
eigh max_cycle = 2000
chkfile = /scratch/global/yangjunjie/tmpbu8bi3_5
max_memory 256000 MB (current use 2268 MB)


davidson 0 5  |r|= 0.0614  e= [0.17419846 0.17806793 0.21127867 0.21324035 0.22119449]  max|de|= 0.221  lindep=    1
davidson 1 10  |r|= 0.0113  e= [0.17132666 0.17699401 0.21109612 0.21116312 0.21931903]  max|de|= -0.00287  lindep= 0.898
Old state -> New state
    3     ->     2 
    2     ->     3 
davidson 2 15  |r|= 0.0348  e= [0.17117941 0.1769601  0.21096293 0.21109464 0.21749775]  max|de|= -0.00182  lindep= 0.767
davidson 3 20  |r|= 0.0341  e= [0.17117518 0.17695924 0.21073052 0.21109439 0.21236553]  max|de|= -0.00513  lindep= 0.749
davidson 4 5  |r|= 0.0341  e= [0.17117518 0.17695924 0.21073052 0.21109439 0.21236553]  max|de|= 2.78e-16  lindep= 0.988
davidson 5 10  |r|= 0.0145  e= [0.17117503 0.17695922 0.20997284 0.21109429 0.21126597]  max|de|= -0.0011  lindep= 0.639
root 1 converged  |r|= 4.63e-06  e= 0.17695921532893802  max|de|= -7.72e-10
davidson 6 15  |r|= 0.007  e= [0.17117502 0.17695922 0.20948316 0.21109421 0.21115839]  max|de|= -0.00049  lindep= 0.795
root 0 converged  |r|= 3.85e-06  e= 0.17117502337959808  max|de|= -3.1e-10
davidson 7 19  |r|= 0.00416  e= [0.17117502 0.17695922 0.20939533 0.21109416 0.21114497]  max|de|= -8.78e-05  lindep=  0.8
davidson 8 5  |r|= 0.00416  e= [0.17117502 0.17695922 0.20939533 0.21109416 0.21114497]  max|de|= 3.33e-16  lindep= 0.993
davidson 9 8  |r|= 0.00305  e= [0.17117502 0.17695922 0.20935562 0.21109416 0.21113917]  max|de|= -3.97e-05  lindep= 0.792
root 3 converged  |r|= 3.56e-06  e= 0.21109416090203614  max|de|= -1.66e-10
davidson 10 11  |r|= 0.00425  e= [0.17117502 0.17695922 0.20930826 0.21109416 0.21113204]  max|de|= -4.74e-05  lindep= 0.797
davidson 11 13  |r|= 0.00201  e= [0.17117502 0.17695922 0.20927304 0.21109416 0.21112622]  max|de|= -3.52e-05  lindep= 0.831
davidson 12 15  |r|= 0.00105  e= [0.17117502 0.17695922 0.20926502 0.21109416 0.21112472]  max|de|= -8.02e-06  lindep= 0.876
davidson 13 17  |r|= 0.000255  e= [0.17117502 0.17695922 0.20926397 0.21109416 0.21112451]  max|de|= -1.05e-06  lindep= 0.806
davidson 14 5  |r|= 0.000255  e= [0.17117502 0.17695922 0.20926397 0.21109416 0.21112451]  max|de|= 3.61e-16  lindep=    1
davidson 15 7  |r|= 0.000106  e= [0.17117502 0.17695922 0.2092639  0.21109416 0.2111245 ]  max|de|= -6.9e-08  lindep= 0.844
davidson 16 9  |r|= 6.83e-05  e= [0.17117502 0.17695922 0.20926387 0.21109416 0.21112449]  max|de|= -2.65e-08  lindep= 0.953
davidson 17 11  |r|= 2.64e-05  e= [0.17117502 0.17695922 0.20926387 0.21109416 0.21112449]  max|de|= -5.15e-09  lindep= 0.914
root 2 converged  |r|= 1.29e-05  e= 0.20926386548744869  max|de|= -9.76e-10
root 4 converged  |r|= 6.49e-06  e= 0.21112448967047936  max|de|= -2.43e-10
converged 18 13  |r|= 1.29e-05  e= [0.17117502 0.17695922 0.20926387 0.21109416 0.21112449]  max|de|= -9.76e-10
    CPU time for TDA   3390.90 sec, wall time    125.60 sec
Excited State energies (eV)
[4.65790964 4.81530552 5.69435982 5.7441647  5.74498999]
