 
:: initializing oneAPI environment ...
   slurm_script: BASH_VERSION = 4.2.46(1)-release
   args: Using "$@" for setvars.sh arguments: --force
:: advisor -- latest
:: ccl -- latest
:: clck -- latest
:: compiler -- latest
:: dal -- latest
:: debugger -- latest
:: dev-utilities -- latest
:: dnnl -- latest
:: dpcpp-ct -- latest
:: dpl -- latest
:: inspector -- latest
:: intelpython -- latest
:: ipp -- latest
:: ippcp -- latest
:: ipp -- latest
:: itac -- latest
:: mkl -- latest
:: mpi -- latest
:: tbb -- latest
:: vpl -- latest
:: vtune -- latest
:: oneAPI environment initialized ::
 
SLURM_CPUS_PER_TASK = 28
SLURM_MEM_PER_NODE = 127949
#INFO: **** input file is /home/yangjunjie/work/py-ch3-cl/work/step_-7/main.py ****
import sys
import pyscf
from pyscf import tdscf

def main(xyz_file, basis="631g*", xc="b3lyp", output="ene.out"):
    xyz = None

    with open(xyz_file, "r") as xyz:
        xyz = xyz.readlines()[2:]
        xyz = "".join(xyz)

    mol = pyscf.gto.Mole()
    mol.atom = xyz
    mol.basis = basis
    mol.verbose = 5
    mol.build()

    if xc is not None and xc != "hf":
        mf = pyscf.scf.RKS(mol)
        mf.xc = xc
        mf.kernel()
    else:
        mf = pyscf.scf.RHF(mol)
        mf.kernel()

    ene_mf = mf.e_tot

    with open(output, "w") as f:
        tda = pyscf.tdscf.TDA(mf)
        tda.nstates = 5
        tda.max_space = 8
        tda.max_cycle = 2000
        tda.kernel()

        con_tda = tda.converged
        ene_tda = tda.e[:5]
        dip_tda = tda.transition_dipole()[:5]

        f.write(f"RKS energy: {ene_mf: 12.8f}\n")
        f.write("TDA results:\n")
        for i, (con, ene, dip) in enumerate(zip(con_tda, ene_tda, dip_tda)):
            f.write(f" {i:2d} {con} {ene: 12.8f} {dip[0]: 12.8f} {dip[1]: 12.8f} {dip[2]: 12.8f}\n")

        # rpa = pyscf.tdscf.RPA(mf)
        # rpa.nstates = 5
        # rpa.max_space = 8
        # rpa.max_cycle = 2000
        # rpa.kernel()

        # con_rpa = rpa.converged
        # ene_rpa = rpa.e[:5]
        # dip_rpa = rpa.transition_dipole()[:5]
        
        # f.write("\nRPA results:\n")
        # for i, (con, ene, dip) in enumerate(zip(con_rpa, ene_rpa, dip_rpa)):
        #     f.write(f" {i:2d} {con} {ene: 12.8f} {dip[0]: 12.8f} {dip[1]: 12.8f} {dip[2]: 12.8f}\n")

if __name__ == "__main__":
    xyz = sys.argv[1]
    main(xyz, basis="631g*", xc="b3lyp", output="out.log")
#INFO: ******************** input file end ********************


System: uname_result(system='Linux', node='pauling047', release='3.10.0-327.36.3.el7.x86_64', version='#1 SMP Thu Oct 20 04:56:07 EDT 2016', machine='x86_64')  Threads 28
Python 3.9.7 (default, Oct 27 2021, 01:23:21) 
[GCC 9.3.0]
numpy 1.21.2  scipy 1.6.2
Date: Tue Sep 27 23:37:21 2022
PySCF version 2.0.1
PySCF path  /home/yangjunjie/packages/pyscf/pyscf-main
GIT ORIG_HEAD 14b880cdc4bf7bb64f3989a147c0b04622efc498
GIT HEAD (branch master) 9d5b5bd309d1cc55fbd1a0ec76e26b5b0c7f76af

[ENV] PYSCF_MAX_MEMORY 127949
[ENV] PYSCF_TMPDIR /scratch/global/yangjunjie/
[CONFIG] conf_file /home/yangjunjie/.pyscf_conf.py
[INPUT] verbose = 5
[INPUT] max_memory = 127949 
[INPUT] num. atoms = 16
[INPUT] num. electrons = 68
[INPUT] charge = 0
[INPUT] spin (= nelec alpha-beta = 2S) = 0
[INPUT] symmetry False subgroup None
[INPUT] Mole.unit = angstrom
[INPUT]  1 C      0.000000010000   1.159396560000   1.070409660000 AA    0.000000018897   2.190941968163   2.022781098489 Bohr
[INPUT]  2 C      0.000000000000   1.201632120000   2.458805320000 AA    0.000000000000   2.270755609280   4.646468648424 Bohr
[INPUT]  3 C     -0.000000010000  -0.012796880000   3.140367090000 AA   -0.000000018897  -0.024182598449   5.934433730697 Bohr
[INPUT]  4 C     -0.000000010000  -1.213754850000   2.435467950000 AA   -0.000000018897  -2.293664248863   4.602367410656 Bohr
[INPUT]  5 C      0.000000000000  -1.145082650000   1.047934120000 AA    0.000000000000  -2.163892598491   1.980308483387 Bohr
[INPUT]  6 N      0.000000010000   0.014266630000   0.411209860000 AA    0.000000018897   0.026960023421   0.777074015121 Bohr
[INPUT]  7 C      0.000000000000   0.002217300000  -1.999157190000 AA    0.000000000000   0.004190089736  -3.777859569055 Bohr
[INPUT]  8 H      0.000000020000   2.064227940000   0.462134860000 AA    0.000000037795   3.900825465275   0.873308318014 Bohr
[INPUT]  9 H      0.000000000000   2.152475860000   2.970338710000 AA    0.000000000000   4.067589865138   5.613126659094 Bohr
[INPUT] 10 H     -0.000000010000  -0.022869690000   4.221530860000 AA   -0.000000018897  -0.043217450654   7.977537151800 Bohr
[INPUT] 11 H     -0.000000020000  -2.174159430000   2.929048440000 AA   -0.000000037795  -4.108565873840   5.535099357185 Bohr
[INPUT] 12 H      0.000000000000  -2.036860150000   0.421102880000 AA    0.000000000000  -3.849107837541   0.795769113466 Bohr
[INPUT] 13 H     -0.000000030000   1.038829600000  -1.667338000000 AA   -0.000000056692   1.963103434091  -3.150812177080 Bohr
[INPUT] 14 H     -0.897006630000  -0.510469790000  -1.656164050000 AA   -1.695096862619  -0.964648097964  -3.129696471850 Bohr
[INPUT] 15 H      0.897006650000  -0.510469750000  -1.656164060000 AA    1.695096900414  -0.964648022375  -3.129696490748 Bohr
[INPUT] 16 Cl    -0.000000010000   0.001679780000  -3.815780950000 AA   -0.000000018897   0.003174324150  -7.210780946833 Bohr
[INPUT] ---------------- BASIS SET ---------------- 
[INPUT] l, kappa, [nprim/nctr], expnt,             c_1 c_2 ...
[INPUT] C
[INPUT] 0    0    [6    /1   ]  3047.5249         0.0018347
                                457.36951         0.0140373
                                103.94869         0.0688426
                                29.210155         0.2321844
                                9.286663          0.4679413
                                3.163927          0.362312
[INPUT] 0    0    [3    /1   ]  7.8682724         -0.1193324
                                1.8812885         -0.1608542
                                0.5442493         1.1434564
[INPUT] 0    0    [1    /1   ]  0.1687144            1
[INPUT] 1    0    [3    /1   ]  7.8682724         0.0689991
                                1.8812885         0.316424
                                0.5442493         0.7443083
[INPUT] 1    0    [1    /1   ]  0.1687144            1
[INPUT] 2    0    [1    /1   ]  0.8                  1
[INPUT] N
[INPUT] 0    0    [6    /1   ]  4173.511          0.0018348
                                627.4579          0.013995
                                142.9021          0.068587
                                40.23433          0.232241
                                12.82021          0.46907
                                4.390437          0.360455
[INPUT] 0    0    [3    /1   ]  11.626358         -0.114961
                                2.71628           -0.169118
                                0.772218          1.145852
[INPUT] 0    0    [1    /1   ]  0.2120313            1
[INPUT] 1    0    [3    /1   ]  11.626358         0.06758
                                2.71628           0.323907
                                0.772218          0.740895
[INPUT] 1    0    [1    /1   ]  0.2120313            1
[INPUT] 2    0    [1    /1   ]  0.8                  1
[INPUT] H
[INPUT] 0    0    [3    /1   ]  18.731137         0.0334946
                                2.8253937         0.23472695
                                0.6401217         0.81375733
[INPUT] 0    0    [1    /1   ]  0.1612778            1
[INPUT] Cl
[INPUT] 0    0    [6    /1   ]  25180.1           0.001833
                                3780.35           0.014034
                                860.474           0.069097
                                242.145           0.237452
                                77.3349           0.483034
                                26.247            0.339856
[INPUT] 0    0    [6    /1   ]  491.765           -0.0022974
                                116.984           -0.030714
                                37.4153           -0.112528
                                13.7834           0.045016
                                5.45215           0.589353
                                2.22588           0.465206
[INPUT] 0    0    [3    /1   ]  3.18649           -0.25183
                                1.14427           0.061589
                                0.420377          1.06018
[INPUT] 0    0    [1    /1   ]  0.142657             1
[INPUT] 1    0    [6    /1   ]  491.765           0.0039894
                                116.984           0.030318
                                37.4153           0.12988
                                13.7834           0.327951
                                5.45215           0.453527
                                2.22588           0.252154
[INPUT] 1    0    [3    /1   ]  3.18649           -0.014299
                                1.14427           0.323572
                                0.420377          0.743507
[INPUT] 1    0    [1    /1   ]  0.142657             1
[INPUT] 2    0    [1    /1   ]  0.75                 1

nuclear repulsion = 382.015360542773
number of shells = 66
number of NR pGTOs = 272
number of NR cGTOs = 132
basis = 631g*
ecp = {}
CPU time:         0.34


******** <class 'pyscf.dft.rks.RKS'> ********
method = RKS
initial guess = minao
damping factor = 0
level_shift factor = 0
DIIS = <class 'pyscf.scf.diis.CDIIS'>
diis_start_cycle = 1
diis_space = 8
SCF conv_tol = 1e-09
SCF conv_tol_grad = None
SCF max_cycles = 50
direct_scf = True
direct_scf_tol = 1e-13
chkfile to save SCF result = /scratch/global/yangjunjie/tmpxcjoksli
max_memory 127949 MB (current use 81 MB)
XC library pyscf.dft.libxc version 5.2.0
    S. Lehtola, C. Steigemann, M. J. Oliveira, and M. A. Marques, SoftwareX 7, 1 (2018)
XC functionals = b3lyp
    P. A. M. Dirac, Math. Proc. Cambridge Philos. Soc. 26, 376 (1930)
    F. Bloch, Z. Phys. 57, 545 (1929)
    A. D. Becke, Phys. Rev. A 38, 3098 (1988)
    C. Lee, W. Yang, and R. G. Parr, Phys. Rev. B 37, 785 (1988)
    B. Miehlich, A. Savin, H. Stoll, and H. Preuss, Chem. Phys. Lett. 157, 200 (1989)
    S. H. Vosko, L. Wilk, and M. Nusair, Can. J. Phys. 58, 1200 (1980)
radial grids: 
    Treutler-Ahlrichs [JCP 102, 346 (1995); DOI:10.1063/1.469408] (M4) radial grids
    
becke partition: Becke, JCP 88, 2547 (1988); DOI:10.1063/1.454033
pruning grids: <function nwchem_prune at 0x7f8dc9a48ee0>
grids dens level: 3
symmetrized grids: False
atomic radii adjust function: <function treutler_atomic_radii_adjust at 0x7f8dc9a48e50>
small_rho_cutoff = 1e-07
Set gradient conv threshold to 3.16228e-05
atom C rad-grids = 75, ang-grids = [ 50  50  50  50  50  50  50  50  50  50  50  50  50  50  50  50  50  50
  50  50  50  50  50  86  86  86  86  86  86  86  86  86  86 266 266 266
 266 266 266 266 302 302 302 302 302 302 302 302 302 302 302 302 302 302
 302 302 302 302 302 302 266 266 266 266 266 266 266 266 266 266 266 266
 266 266 266]
atom N rad-grids = 75, ang-grids = [ 50  50  50  50  50  50  50  50  50  50  50  50  50  50  50  50  50  50
  50  50  50  50  50  86  86  86  86  86  86  86  86  86 266 266 266 266
 266 266 266 302 302 302 302 302 302 302 302 302 302 302 302 302 302 302
 302 302 302 302 266 266 266 266 266 266 266 266 266 266 266 266 266 266
 266 266 266]
atom H rad-grids = 50, ang-grids = [ 50  50  50  50  50  50  50  50  50  50  50  50  50  50  86  86  86  86
 266 266 266 266 302 302 302 302 302 302 302 302 302 302 302 302 302 266
 266 266 266 266 266 266 266 266 266 266 266 266 266 266]
atom Cl rad-grids = 80, ang-grids = [ 50  50  50  50  50  50  50  50  50  50  50  50  50  50  50  50  50  50
  50  50  50  50  50  50  86  86  86  86  86  86  86  86  86  86  86  86
  86 350 350 350 350 350 350 350 350 350 434 434 434 434 434 434 434 434
 434 434 434 434 434 434 434 434 434 434 350 350 350 350 350 350 350 350
 350 350 350 350 350 350 350 350]
tot grids = 196530
Drop grids 33512
    CPU time for setting up grids      3.60 sec, wall time      0.15 sec
nelec by numeric integration = 67.97650700741853
    CPU time for vxc      6.00 sec, wall time      0.22 sec
E1 = -1777.2013469598933  Ecoul = 716.5043853177692  Exc = -70.40009454832862
init E= -749.08169564768
cond(S) = 6506.858776577598
    CPU time for initialize scf     17.06 sec, wall time      0.72 sec
  HOMO = -0.293291590584624  LUMO = -0.0976867430718894
  mo_energy =
[-1.01597304e+02 -1.44107768e+01 -1.02919753e+01 -1.02912859e+01
 -1.02903827e+01 -1.02880494e+01 -1.02865776e+01 -1.02860482e+01
 -9.53828134e+00 -7.29418628e+00 -7.29295320e+00 -7.29295236e+00
 -1.10692644e+00 -9.41012952e-01 -9.29333974e-01 -8.89518069e-01
 -7.57901311e-01 -7.15074556e-01 -7.04050637e-01 -5.78656671e-01
 -5.32828872e-01 -5.11778613e-01 -4.75658010e-01 -4.75597916e-01
 -4.64752265e-01 -4.63482279e-01 -4.38376924e-01 -4.25843007e-01
 -3.99699248e-01 -3.44330249e-01 -3.42279645e-01 -3.25080935e-01
 -2.95865474e-01 -2.93291591e-01 -9.76867431e-02 -7.99793461e-02
 -2.71669277e-02  5.23791169e-02  6.98026653e-02  7.56974131e-02
  8.88104581e-02  1.12863606e-01  1.20608447e-01  1.23154197e-01
  1.43641932e-01  1.67684174e-01  2.05498638e-01  2.40584767e-01
  2.59162679e-01  2.63324597e-01  3.59806672e-01  3.86378996e-01
  4.01777782e-01  4.15316327e-01  4.15764858e-01  4.26077704e-01
  4.62912973e-01  4.78267509e-01  4.88395012e-01  5.14808911e-01
  5.26387794e-01  5.38237573e-01  5.41377696e-01  5.51650871e-01
  5.56589669e-01  5.57455321e-01  5.87066043e-01  6.08653583e-01
  6.37596607e-01  6.40962188e-01  7.11925982e-01  7.60671455e-01
  7.71104243e-01  7.86053964e-01  7.87377204e-01  8.01228743e-01
  8.03433504e-01  8.04271697e-01  8.22539675e-01  8.36278576e-01
  8.48853593e-01  8.72560888e-01  8.80168786e-01  9.00510265e-01
  9.16880395e-01  9.30460571e-01  9.77679215e-01  1.01467375e+00
  1.03931024e+00  1.08622350e+00  1.12297032e+00  1.16294119e+00
  1.17824332e+00  1.17882287e+00  1.30761086e+00  1.35106447e+00
  1.39724426e+00  1.41272464e+00  1.41539330e+00  1.44643589e+00
  1.45794190e+00  1.51092277e+00  1.63158397e+00  1.63185424e+00
  1.65153747e+00  1.71457375e+00  1.75959751e+00  1.78693763e+00
  1.86427907e+00  1.88743522e+00  1.99497065e+00  2.05483413e+00
  2.07249295e+00  2.09531925e+00  2.10579007e+00  2.12806864e+00
  2.16078049e+00  2.16554242e+00  2.18433656e+00  2.22583158e+00
  2.25659779e+00  2.30068354e+00  2.48196652e+00  2.48243755e+00
  2.59296484e+00  2.61209871e+00  2.63095627e+00  2.64778634e+00
  2.70071125e+00  2.70934464e+00  2.96373689e+00  3.33231567e+00]
nelec by numeric integration = 68.00004170256594
    CPU time for vxc      5.98 sec, wall time      0.21 sec
E1 = -1785.4574648255896  Ecoul = 726.2165866208326  Exc = -70.8486996904081
cycle= 1 E= -748.074217352392  delta_E= 1.01  |g|= 0.386  |ddm|= 3.97
    CPU time for cycle= 1      6.48 sec, wall time      0.23 sec
  HOMO = -0.18881379815395  LUMO = 0.0108792499107931
  mo_energy =
[-1.01339305e+02 -1.41888215e+01 -1.01902644e+01 -1.01893509e+01
 -1.01434314e+01 -1.01327093e+01 -1.00981971e+01 -1.00979718e+01
 -9.29711194e+00 -7.05760162e+00 -7.04802911e+00 -7.04801915e+00
 -9.02200359e-01 -7.68097681e-01 -7.59387149e-01 -7.37816014e-01
 -6.13711132e-01 -6.05419000e-01 -6.00893729e-01 -5.14008509e-01
 -4.60073369e-01 -4.42304805e-01 -4.18247800e-01 -3.99333615e-01
 -3.94730937e-01 -3.78036670e-01 -3.66724437e-01 -3.45202469e-01
 -3.30628041e-01 -2.51042029e-01 -2.41100721e-01 -2.17885696e-01
 -2.16966879e-01 -1.88813798e-01  1.08792499e-02  1.14007101e-02
  8.56298917e-02  1.16151485e-01  1.30888663e-01  1.41033694e-01
  1.59842049e-01  1.65523702e-01  1.76805968e-01  1.83080322e-01
  1.86715379e-01  2.17990904e-01  2.83440916e-01  3.10935531e-01
  3.40889381e-01  3.46789334e-01  4.61047728e-01  4.75909040e-01
  4.81559216e-01  5.21431297e-01  5.21796562e-01  5.26035976e-01
  5.30561778e-01  5.64721300e-01  5.73794634e-01  5.94571249e-01
  6.02708493e-01  6.09975532e-01  6.22109075e-01  6.23692959e-01
  6.30254599e-01  6.35004314e-01  6.74646294e-01  6.84228052e-01
  7.13166490e-01  7.30442481e-01  8.01624248e-01  8.27710329e-01
  8.52554523e-01  8.70045136e-01  8.86773728e-01  9.06250305e-01
  9.06598633e-01  9.16814952e-01  9.27407441e-01  9.53061132e-01
  9.57099646e-01  9.81666322e-01  9.88817011e-01  1.00812655e+00
  1.03448117e+00  1.03651570e+00  1.05822910e+00  1.09852592e+00
  1.11399532e+00  1.15167021e+00  1.18162289e+00  1.23970519e+00
  1.28556001e+00  1.28703371e+00  1.40812919e+00  1.42124571e+00
  1.47022432e+00  1.50947963e+00  1.51681834e+00  1.53816352e+00
  1.57147997e+00  1.60320374e+00  1.74615671e+00  1.75240607e+00
  1.75259779e+00  1.80720528e+00  1.87921094e+00  1.89943706e+00
  1.97033666e+00  1.98598314e+00  2.11004186e+00  2.17067979e+00
  2.17535679e+00  2.20888536e+00  2.21193884e+00  2.24532832e+00
  2.27390592e+00  2.27733535e+00  2.29557567e+00  2.33038527e+00
  2.37594863e+00  2.40788733e+00  2.58583662e+00  2.59182774e+00
  2.70495571e+00  2.73688969e+00  2.74545286e+00  2.76948488e+00
  2.83193998e+00  2.83536978e+00  3.09315789e+00  3.46079451e+00]
nelec by numeric integration = 68.00004391490386
    CPU time for vxc      6.32 sec, wall time      0.23 sec
E1 = -1777.6883983504963  Ecoul = 717.8483822591495  Exc = -70.25129144422871
cycle= 2 E= -748.075946992803  delta_E= -0.00173  |g|= 0.407  |ddm|=    1
    CPU time for cycle= 2      6.83 sec, wall time      0.24 sec
  HOMO = -0.255022221444765  LUMO = -0.0328038462368322
  mo_energy =
[-1.01460480e+02 -1.43549708e+01 -1.02153594e+01 -1.02150263e+01
 -1.02065030e+01 -1.02004127e+01 -1.02001766e+01 -1.01950303e+01
 -9.39560633e+00 -7.15813962e+00 -7.14882701e+00 -7.14881775e+00
 -9.64750754e-01 -8.15176954e-01 -8.05531372e-01 -7.75815592e-01
 -6.47327919e-01 -6.47001617e-01 -6.32709131e-01 -5.40064193e-01
 -4.91714179e-01 -4.82800519e-01 -4.45199456e-01 -4.24864218e-01
 -4.16723125e-01 -4.15368532e-01 -4.06596052e-01 -3.80496935e-01
 -3.69373651e-01 -3.00668833e-01 -2.73930510e-01 -2.58071856e-01
 -2.57372831e-01 -2.55022221e-01 -3.28038462e-02 -2.08210429e-02
  6.61613041e-02  9.44121963e-02  1.20246268e-01  1.26592019e-01
  1.38260347e-01  1.48271229e-01  1.55564466e-01  1.73367888e-01
  1.74987255e-01  2.08304064e-01  2.55160549e-01  2.86352599e-01
  3.14379368e-01  3.15811523e-01  4.37780447e-01  4.42257442e-01
  4.51288453e-01  4.92326078e-01  4.92809635e-01  4.93058845e-01
  5.02890277e-01  5.29995094e-01  5.48368875e-01  5.73245753e-01
  5.77269121e-01  5.83226015e-01  5.89155136e-01  5.98137407e-01
  6.00651093e-01  6.03183696e-01  6.45631096e-01  6.47811891e-01
  6.80957665e-01  7.02381519e-01  7.70661507e-01  8.11642382e-01
  8.22991736e-01  8.44395550e-01  8.53800989e-01  8.59313903e-01
  8.78021203e-01  8.88218050e-01  9.01538867e-01  9.20418311e-01
  9.28599764e-01  9.41430416e-01  9.43509634e-01  9.82516741e-01
  9.90228281e-01  1.00025332e+00  1.02560887e+00  1.07078791e+00
  1.08880294e+00  1.12726473e+00  1.15986219e+00  1.20828459e+00
  1.24056679e+00  1.25089306e+00  1.36674965e+00  1.38971011e+00
  1.44962107e+00  1.46018202e+00  1.47607877e+00  1.50286529e+00
  1.51800390e+00  1.56545439e+00  1.70368876e+00  1.72180326e+00
  1.72387365e+00  1.77208868e+00  1.83305998e+00  1.84937095e+00
  1.92687417e+00  1.95175777e+00  2.06662887e+00  2.12512470e+00
  2.13445860e+00  2.15998982e+00  2.17101646e+00  2.20355151e+00
  2.23863773e+00  2.25404715e+00  2.27144342e+00  2.29234772e+00
  2.32535814e+00  2.36173741e+00  2.54527650e+00  2.54675782e+00
  2.66094479e+00  2.68780929e+00  2.69966019e+00  2.72596965e+00
  2.77996240e+00  2.78388440e+00  3.04214978e+00  3.41330074e+00]
nelec by numeric integration = 68.00004182747287
    CPU time for vxc      5.92 sec, wall time      0.21 sec
E1 = -1781.3711146780602  Ecoul = 721.7626324713917  Exc = -70.52361915894647
cycle= 3 E= -748.116740822842  delta_E= -0.0408  |g|= 0.0826  |ddm|= 0.499
    CPU time for cycle= 3      6.44 sec, wall time      0.23 sec
  HOMO = -0.250035579901366  LUMO = -0.032937583635558
  mo_energy =
[-1.01487033e+02 -1.43245587e+01 -1.02313390e+01 -1.02311833e+01
 -1.02183307e+01 -1.02092795e+01 -1.02091268e+01 -1.02060043e+01
 -9.41782832e+00 -7.18072875e+00 -7.17150959e+00 -7.17150020e+00
 -9.59130385e-01 -8.18442893e-01 -8.13185346e-01 -7.79824037e-01
 -6.52841318e-01 -6.47507184e-01 -6.37555380e-01 -5.42935508e-01
 -4.94359709e-01 -4.85555034e-01 -4.49073838e-01 -4.25930544e-01
 -4.19299251e-01 -4.18309212e-01 -4.07577177e-01 -3.83084214e-01
 -3.77192726e-01 -3.00181968e-01 -2.78278044e-01 -2.67607407e-01
 -2.66764194e-01 -2.50035580e-01 -3.29375836e-02 -2.43680801e-02
  6.18694853e-02  9.20797044e-02  1.18544248e-01  1.24903993e-01
  1.36795241e-01  1.47409148e-01  1.54705691e-01  1.72437507e-01
  1.73995571e-01  2.07335023e-01  2.54181875e-01  2.84113044e-01
  3.13464881e-01  3.14285108e-01  4.33493625e-01  4.36334690e-01
  4.48801245e-01  4.85705145e-01  4.85971539e-01  4.88769469e-01
  4.99879863e-01  5.28772869e-01  5.45193480e-01  5.70763732e-01
  5.73995415e-01  5.79761460e-01  5.86537832e-01  5.94548501e-01
  5.98035227e-01  5.99403898e-01  6.44653938e-01  6.47305754e-01
  6.78534894e-01  6.99064573e-01  7.69093337e-01  8.08228199e-01
  8.19733414e-01  8.41585112e-01  8.57424348e-01  8.60012010e-01
  8.72870895e-01  8.82022577e-01  8.97637519e-01  9.15002538e-01
  9.22789742e-01  9.34253310e-01  9.35163935e-01  9.78554136e-01
  9.82826857e-01  9.93630483e-01  1.02626765e+00  1.06835510e+00
  1.08574976e+00  1.12632240e+00  1.15763047e+00  1.20753116e+00
  1.23785809e+00  1.24680310e+00  1.36372599e+00  1.39114714e+00
  1.44941641e+00  1.45749812e+00  1.47090472e+00  1.50008004e+00
  1.52056264e+00  1.56824044e+00  1.70427712e+00  1.71749800e+00
  1.71927374e+00  1.77189190e+00  1.82926649e+00  1.85045067e+00
  1.92510978e+00  1.94799337e+00  2.06217766e+00  2.12145646e+00
  2.13109671e+00  2.15762609e+00  2.16846563e+00  2.20148808e+00
  2.23479452e+00  2.25066541e+00  2.26812119e+00  2.28758290e+00
  2.32370622e+00  2.36212173e+00  2.54270242e+00  2.54479285e+00
  2.65821445e+00  2.68546959e+00  2.69828939e+00  2.72199490e+00
  2.77853462e+00  2.78179634e+00  3.04192763e+00  3.41069904e+00]
nelec by numeric integration = 68.0000419958366
    CPU time for vxc      5.94 sec, wall time      0.21 sec
E1 = -1781.601914066554  Ecoul = 722.0099927764269  Exc = -70.54138148954145
cycle= 4 E= -748.117942236896  delta_E= -0.0012  |g|= 0.0366  |ddm|= 0.099
    CPU time for cycle= 4      6.45 sec, wall time      0.23 sec
  HOMO = -0.253382045179293  LUMO = -0.0319636209649988
  mo_energy =
[-1.01481475e+02 -1.43343641e+01 -1.02302376e+01 -1.02302327e+01
 -1.02117675e+01 -1.02074107e+01 -1.02027164e+01 -1.02026932e+01
 -9.41381973e+00 -7.17651980e+00 -7.16737902e+00 -7.16736967e+00
 -9.60312449e-01 -8.16360896e-01 -8.11320746e-01 -7.77958854e-01
 -6.53544160e-01 -6.46777295e-01 -6.35864558e-01 -5.41449787e-01
 -4.92854222e-01 -4.84104306e-01 -4.47398911e-01 -4.27160913e-01
 -4.19959327e-01 -4.17386350e-01 -4.07518886e-01 -3.81552271e-01
 -3.76641474e-01 -2.98731434e-01 -2.76135615e-01 -2.67035573e-01
 -2.66184927e-01 -2.53382045e-01 -3.19636210e-02 -2.25391245e-02
  6.19051797e-02  9.31837570e-02  1.18167737e-01  1.24795361e-01
  1.37992881e-01  1.47531467e-01  1.55507748e-01  1.71133234e-01
  1.74603579e-01  2.06784163e-01  2.55268187e-01  2.86100357e-01
  3.14426880e-01  3.15042672e-01  4.33931270e-01  4.36974152e-01
  4.49867233e-01  4.85960119e-01  4.86219925e-01  4.89223190e-01
  5.01652935e-01  5.29861934e-01  5.45211209e-01  5.71924125e-01
  5.75834622e-01  5.79759379e-01  5.89342010e-01  5.95951856e-01
  6.00226846e-01  6.01715762e-01  6.45773808e-01  6.46138013e-01
  6.80973875e-01  6.98854580e-01  7.68907101e-01  8.08953925e-01
  8.22688975e-01  8.43404858e-01  8.57115299e-01  8.57236229e-01
  8.72773298e-01  8.81832220e-01  8.97994022e-01  9.16752476e-01
  9.23821327e-01  9.34692166e-01  9.36442033e-01  9.79591264e-01
  9.82879371e-01  9.93694467e-01  1.02556589e+00  1.06910203e+00
  1.08603643e+00  1.12687393e+00  1.15962731e+00  1.20838516e+00
  1.23970702e+00  1.24612377e+00  1.36593230e+00  1.39149843e+00
  1.44968702e+00  1.46032379e+00  1.47412038e+00  1.50077683e+00
  1.51974813e+00  1.56604534e+00  1.70465284e+00  1.71640331e+00
  1.71787475e+00  1.77201591e+00  1.83183710e+00  1.85070138e+00
  1.92770069e+00  1.94995877e+00  2.06494182e+00  2.12394512e+00
  2.13315425e+00  2.16042477e+00  2.16940308e+00  2.20187106e+00
  2.23425500e+00  2.24916637e+00  2.26664125e+00  2.28957139e+00
  2.32559488e+00  2.36210903e+00  2.54487267e+00  2.54602897e+00
  2.66022611e+00  2.68711390e+00  2.69864629e+00  2.72372950e+00
  2.78049603e+00  2.78283279e+00  3.04170047e+00  3.41190878e+00]
nelec by numeric integration = 68.00004195227656
    CPU time for vxc      6.00 sec, wall time      0.21 sec
E1 = -1781.5541359251297  Ecoul = 721.9584671509399  Exc = -70.53792380456964
cycle= 5 E= -748.118232035986  delta_E= -0.00029  |g|= 0.0112  |ddm|= 0.0449
    CPU time for cycle= 5      6.56 sec, wall time      0.24 sec
  HOMO = -0.251881019654752  LUMO = -0.0314937198752581
  mo_energy =
[-1.01478365e+02 -1.43317708e+01 -1.02268526e+01 -1.02268336e+01
 -1.02135104e+01 -1.02048704e+01 -1.02038834e+01 -1.02038703e+01
 -9.41143095e+00 -7.17405009e+00 -7.16492358e+00 -7.16491411e+00
 -9.58598910e-01 -8.15994669e-01 -8.10950552e-01 -7.77079408e-01
 -6.52475816e-01 -6.46106975e-01 -6.35396217e-01 -5.41108452e-01
 -4.92260429e-01 -4.83969971e-01 -4.46877521e-01 -4.26137685e-01
 -4.19074023e-01 -4.17295832e-01 -4.06612347e-01 -3.81349460e-01
 -3.75716080e-01 -2.98625249e-01 -2.75520237e-01 -2.66136223e-01
 -2.65297297e-01 -2.51881020e-01 -3.14937199e-02 -2.19758939e-02
  6.27956319e-02  9.32815938e-02  1.18720520e-01  1.25326962e-01
  1.38499284e-01  1.47787500e-01  1.55575983e-01  1.71843083e-01
  1.74693178e-01  2.07419714e-01  2.55663718e-01  2.86052001e-01
  3.14887525e-01  3.15584432e-01  4.34668222e-01  4.37456961e-01
  4.50355973e-01  4.86606837e-01  4.86869151e-01  4.89874386e-01
  5.02129862e-01  5.30216265e-01  5.45762558e-01  5.72533368e-01
  5.76273620e-01  5.80551289e-01  5.89138134e-01  5.96323403e-01
  6.00357633e-01  6.01694585e-01  6.46632577e-01  6.46950698e-01
  6.80680086e-01  7.00071532e-01  7.69883727e-01  8.09767537e-01
  8.22023067e-01  8.43411975e-01  8.57932338e-01  8.58618227e-01
  8.73782264e-01  8.82828516e-01  8.98460958e-01  9.17122957e-01
  9.24319864e-01  9.35721539e-01  9.36864466e-01  9.80106329e-01
  9.83981009e-01  9.94659742e-01  1.02653870e+00  1.06962555e+00
  1.08665157e+00  1.12743920e+00  1.15951260e+00  1.20873290e+00
  1.24023251e+00  1.24704436e+00  1.36633027e+00  1.39184528e+00
  1.45029520e+00  1.46020999e+00  1.47410371e+00  1.50210823e+00
  1.52093400e+00  1.56716281e+00  1.70539320e+00  1.71762805e+00
  1.71914399e+00  1.77283885e+00  1.83201468e+00  1.85138993e+00
  1.92745387e+00  1.95055785e+00  2.06528497e+00  2.12426139e+00
  2.13374228e+00  2.16024382e+00  2.17052734e+00  2.20279347e+00
  2.23550232e+00  2.25030394e+00  2.26780192e+00  2.29032265e+00
  2.32568766e+00  2.36325030e+00  2.54541611e+00  2.54659274e+00
  2.66063410e+00  2.68763144e+00  2.69963148e+00  2.72449585e+00
  2.78064354e+00  2.78363118e+00  3.04290897e+00  3.41262798e+00]
nelec by numeric integration = 68.00004198008423
    CPU time for vxc      6.01 sec, wall time      0.22 sec
E1 = -1781.4843932771166  Ecoul = 721.88442410498  Exc = -70.53365469711551
cycle= 6 E= -748.118263326479  delta_E= -3.13e-05  |g|= 0.00431  |ddm|= 0.0161
    CPU time for cycle= 6      6.54 sec, wall time      0.23 sec
  HOMO = -0.252130495729504  LUMO = -0.0315190820943049
  mo_energy =
[-1.01478443e+02 -1.43322240e+01 -1.02279052e+01 -1.02278694e+01
 -1.02126693e+01 -1.02049456e+01 -1.02036175e+01 -1.02035993e+01
 -9.41153585e+00 -7.17414954e+00 -7.16502544e+00 -7.16501595e+00
 -9.59126385e-01 -8.15997785e-01 -8.10995984e-01 -7.77333992e-01
 -6.52520252e-01 -6.46220659e-01 -6.35443037e-01 -5.41144887e-01
 -4.92385264e-01 -4.83950623e-01 -4.47047254e-01 -4.26298759e-01
 -4.19169431e-01 -4.17218309e-01 -4.06821370e-01 -3.81361133e-01
 -3.75808611e-01 -2.98582489e-01 -2.75718683e-01 -2.66259181e-01
 -2.65419438e-01 -2.52130496e-01 -3.15190821e-02 -2.21237016e-02
  6.26977989e-02  9.33449086e-02  1.18665948e-01  1.25254361e-01
  1.38434221e-01  1.47785939e-01  1.55642620e-01  1.71733875e-01
  1.74732426e-01  2.07318962e-01  2.55578206e-01  2.86121662e-01
  3.14824658e-01  3.15486954e-01  4.34631108e-01  4.37374815e-01
  4.50247916e-01  4.86495726e-01  4.86756508e-01  4.89688536e-01
  5.02012251e-01  5.30176992e-01  5.45706578e-01  5.72396526e-01
  5.76154138e-01  5.80434930e-01  5.89197564e-01  5.96293930e-01
  6.00328859e-01  6.01744528e-01  6.46508475e-01  6.46726501e-01
  6.80821672e-01  6.99831545e-01  7.69707023e-01  8.09584973e-01
  8.22293620e-01  8.43440581e-01  8.57837755e-01  8.58378740e-01
  8.73648010e-01  8.82707621e-01  8.98491932e-01  9.17133605e-01
  9.24289185e-01  9.35593199e-01  9.36861666e-01  9.80056606e-01
  9.83851970e-01  9.94554660e-01  1.02635769e+00  1.06954677e+00
  1.08658640e+00  1.12733268e+00  1.15958030e+00  1.20868376e+00
  1.24011464e+00  1.24691559e+00  1.36621102e+00  1.39180992e+00
  1.45018053e+00  1.46026652e+00  1.47414365e+00  1.50171595e+00
  1.52064933e+00  1.56698760e+00  1.70522790e+00  1.71749820e+00
  1.71902362e+00  1.77267980e+00  1.83199964e+00  1.85127914e+00
  1.92755878e+00  1.95036794e+00  2.06518997e+00  2.12419150e+00
  2.13355553e+00  2.16033672e+00  2.17022544e+00  2.20265258e+00
  2.23531482e+00  2.25019745e+00  2.26768467e+00  2.29012087e+00
  2.32576305e+00  2.36295038e+00  2.54526267e+00  2.54646476e+00
  2.66054125e+00  2.68753843e+00  2.69944257e+00  2.72431735e+00
  2.78068630e+00  2.78346464e+00  3.04266215e+00  3.41251606e+00]
nelec by numeric integration = 68.00004197045237
    CPU time for vxc      5.97 sec, wall time      0.21 sec
E1 = -1781.4976247031693  Ecoul = 721.8980716060377  Exc = -70.5340758782826
cycle= 7 E= -748.118268432641  delta_E= -5.11e-06  |g|= 0.000513  |ddm|= 0.00442
    CPU time for cycle= 7      6.49 sec, wall time      0.23 sec
  HOMO = -0.252112801341572  LUMO = -0.0315109779458864
  mo_energy =
[-1.01478704e+02 -1.43321893e+01 -1.02278392e+01 -1.02278180e+01
 -1.02128056e+01 -1.02051517e+01 -1.02034987e+01 -1.02034898e+01
 -9.41173567e+00 -7.17435781e+00 -7.16523012e+00 -7.16522064e+00
 -9.59097834e-01 -8.16038000e-01 -8.11044388e-01 -7.77289270e-01
 -6.52576833e-01 -6.46198811e-01 -6.35429876e-01 -5.41135664e-01
 -4.92360624e-01 -4.83924635e-01 -4.47013711e-01 -4.26327156e-01
 -4.19214700e-01 -4.17241063e-01 -4.06817965e-01 -3.81346257e-01
 -3.75878776e-01 -2.98583494e-01 -2.75678868e-01 -2.66335292e-01
 -2.65493492e-01 -2.52112801e-01 -3.15109779e-02 -2.20910843e-02
  6.26462005e-02  9.33230578e-02  1.18660611e-01  1.25259223e-01
  1.38456212e-01  1.47785930e-01  1.55642017e-01  1.71711563e-01
  1.74737267e-01  2.07316219e-01  2.55585875e-01  2.86129162e-01
  3.14842885e-01  3.15508158e-01  4.34566822e-01  4.37382521e-01
  4.50261620e-01  4.86442698e-01  4.86702434e-01  4.89651648e-01
  5.02029156e-01  5.30188155e-01  5.45675061e-01  5.72422861e-01
  5.76185478e-01  5.80418415e-01  5.89205166e-01  5.96278621e-01
  6.00334177e-01  6.01750117e-01  6.46536217e-01  6.46728785e-01
  6.80825901e-01  6.99844866e-01  7.69706930e-01  8.09609805e-01
  8.22280356e-01  8.43466424e-01  8.57842366e-01  8.58387293e-01
  8.73601390e-01  8.82642427e-01  8.98460562e-01  9.17100410e-01
  9.24264808e-01  9.35515503e-01  9.36828559e-01  9.80051386e-01
  9.83780997e-01  9.94496118e-01  1.02637374e+00  1.06954550e+00
  1.08656249e+00  1.12733349e+00  1.15958677e+00  1.20870025e+00
  1.24013822e+00  1.24686651e+00  1.36623510e+00  1.39181779e+00
  1.45019666e+00  1.46028348e+00  1.47415480e+00  1.50175337e+00
  1.52067338e+00  1.56699473e+00  1.70524987e+00  1.71742873e+00
  1.71894237e+00  1.77269106e+00  1.83201074e+00  1.85129530e+00
  1.92756239e+00  1.95040440e+00  2.06520997e+00  2.12421813e+00
  2.13359010e+00  2.16034204e+00  2.17025806e+00  2.20263904e+00
  2.23526990e+00  2.25013167e+00  2.26762085e+00  2.29016177e+00
  2.32576619e+00  2.36297732e+00  2.54529433e+00  2.54648053e+00
  2.66056166e+00  2.68756357e+00  2.69947070e+00  2.72435467e+00
  2.78069503e+00  2.78349117e+00  3.04269214e+00  3.41254340e+00]
nelec by numeric integration = 68.00004197679682
    CPU time for vxc      5.99 sec, wall time      0.21 sec
E1 = -1781.499273240329  Ecoul = 721.8998640715264  Exc = -70.53421987205179
cycle= 8 E= -748.118268498081  delta_E= -6.54e-08  |g|= 0.000186  |ddm|= 0.000683
    CPU time for cycle= 8      6.52 sec, wall time      0.23 sec
  HOMO = -0.252114085628604  LUMO = -0.0315058632265426
  mo_energy =
[-1.01478707e+02 -1.43321894e+01 -1.02278298e+01 -1.02278001e+01
 -1.02127514e+01 -1.02051239e+01 -1.02035342e+01 -1.02035195e+01
 -9.41173107e+00 -7.17435531e+00 -7.16522579e+00 -7.16521631e+00
 -9.59096391e-01 -8.16029354e-01 -8.11035124e-01 -7.77292776e-01
 -6.52567859e-01 -6.46200907e-01 -6.35427380e-01 -5.41131781e-01
 -4.92360152e-01 -4.83932459e-01 -4.47018237e-01 -4.26318609e-01
 -4.19204129e-01 -4.17231288e-01 -4.06814192e-01 -3.81347562e-01
 -3.75871336e-01 -2.98578560e-01 -2.75683372e-01 -2.66327360e-01
 -2.65485660e-01 -2.52114086e-01 -3.15058632e-02 -2.20954756e-02
  6.26537545e-02  9.33257701e-02  1.18663898e-01  1.25259920e-01
  1.38455797e-01  1.47785707e-01  1.55644017e-01  1.71718615e-01
  1.74736317e-01  2.07319831e-01  2.55587474e-01  2.86130837e-01
  3.14841755e-01  3.15506145e-01  4.34565882e-01  4.37383150e-01
  4.50262041e-01  4.86448830e-01  4.86708650e-01  4.89659044e-01
  5.02030431e-01  5.30188630e-01  5.45682235e-01  5.72419290e-01
  5.76181147e-01  5.80423554e-01  5.89205385e-01  5.96287470e-01
  6.00338537e-01  6.01751427e-01  6.46532898e-01  6.46731422e-01
  6.80826025e-01  6.99847197e-01  7.69710868e-01  8.09608709e-01
  8.22287171e-01  8.43458524e-01  8.57843910e-01  8.58388815e-01
  8.73608890e-01  8.82652320e-01  8.98465374e-01  9.17104812e-01
  9.24270244e-01  9.35525145e-01  9.36833596e-01  9.80055131e-01
  9.83787245e-01  9.94501751e-01  1.02637387e+00  1.06954560e+00
  1.08656726e+00  1.12733589e+00  1.15958604e+00  1.20869773e+00
  1.24013821e+00  1.24687311e+00  1.36623482e+00  1.39181843e+00
  1.45019583e+00  1.46028090e+00  1.47415897e+00  1.50175358e+00
  1.52067388e+00  1.56699702e+00  1.70524827e+00  1.71744321e+00
  1.71895864e+00  1.77269389e+00  1.83201280e+00  1.85129716e+00
  1.92756398e+00  1.95040052e+00  2.06521264e+00  2.12421645e+00
  2.13358713e+00  2.16034434e+00  2.17025866e+00  2.20264641e+00
  2.23528116e+00  2.25014604e+00  2.26763500e+00  2.29015747e+00
  2.32577024e+00  2.36297806e+00  2.54529265e+00  2.54648263e+00
  2.66056223e+00  2.68756326e+00  2.69947007e+00  2.72435175e+00
  2.78069861e+00  2.78349196e+00  3.04269303e+00  3.41254334e+00]
nelec by numeric integration = 68.00004197636196
    CPU time for vxc      6.72 sec, wall time      0.24 sec
E1 = -1781.4988733515615  Ecoul = 721.89944323209  Exc = -70.53419892908657
cycle= 9 E= -748.118268505785  delta_E= -7.7e-09  |g|= 4.87e-05  |ddm|= 0.000169
    CPU time for cycle= 9      7.63 sec, wall time      0.27 sec
  HOMO = -0.252119462840358  LUMO = -0.0315118242830411
  mo_energy =
[-1.01478677e+02 -1.43321978e+01 -1.02278351e+01 -1.02278116e+01
 -1.02127695e+01 -1.02051137e+01 -1.02035351e+01 -1.02035249e+01
 -9.41170551e+00 -7.17432934e+00 -7.16519974e+00 -7.16519026e+00
 -9.59102627e-01 -8.16028386e-01 -8.11032756e-01 -7.77297561e-01
 -6.52564302e-01 -6.46206103e-01 -6.35431372e-01 -5.41136395e-01
 -4.92366183e-01 -4.83935365e-01 -4.47021615e-01 -4.26319032e-01
 -4.19203045e-01 -4.17235134e-01 -4.06817468e-01 -3.81352171e-01
 -3.75864828e-01 -2.98584256e-01 -2.75687525e-01 -2.66316371e-01
 -2.65475125e-01 -2.52119463e-01 -3.15118243e-02 -2.20998449e-02
  6.26580828e-02  9.33255071e-02  1.18662613e-01  1.25258608e-01
  1.38450782e-01  1.47784263e-01  1.55641253e-01  1.71718555e-01
  1.74734861e-01  2.07318067e-01  2.55583715e-01  2.86126676e-01
  3.14837496e-01  3.15502290e-01  4.34575921e-01  4.37380917e-01
  4.50259130e-01  4.86456493e-01  4.86716534e-01  4.89663174e-01
  5.02026227e-01  5.30184412e-01  5.45682942e-01  5.72415667e-01
  5.76177927e-01  5.80423433e-01  5.89200901e-01  5.96283824e-01
  6.00333610e-01  6.01747507e-01  6.46529553e-01  6.46728262e-01
  6.80821931e-01  6.99844426e-01  7.69707989e-01  8.09605761e-01
  8.22281986e-01  8.43456125e-01  8.57841165e-01  8.58385412e-01
  8.73613262e-01  8.82658832e-01  8.98466006e-01  9.17107932e-01
  9.24270796e-01  9.35535372e-01  9.36835554e-01  9.80053581e-01
  9.83795867e-01  9.94508291e-01  1.02637031e+00  1.06954455e+00
  1.08656769e+00  1.12733306e+00  1.15958278e+00  1.20869417e+00
  1.24013230e+00  1.24687776e+00  1.36622953e+00  1.39181409e+00
  1.45019209e+00  1.46027522e+00  1.47415284e+00  1.50174857e+00
  1.52066777e+00  1.56699316e+00  1.70524309e+00  1.71744573e+00
  1.71896213e+00  1.77268937e+00  1.83200761e+00  1.85129128e+00
  1.92755873e+00  1.95039625e+00  2.06520680e+00  2.12421114e+00
  2.13358226e+00  2.16033802e+00  2.17025352e+00  2.20264324e+00
  2.23528185e+00  2.25014793e+00  2.26763678e+00  2.29015285e+00
  2.32576337e+00  2.36297236e+00  2.54528760e+00  2.54647685e+00
  2.66055656e+00  2.68755747e+00  2.69946412e+00  2.72434646e+00
  2.78069193e+00  2.78348588e+00  3.04268688e+00  3.41253735e+00]
nelec by numeric integration = 68.00004197604059
    CPU time for vxc      6.21 sec, wall time      0.24 sec
E1 = -1781.4987777319468  Ecoul = 721.8993384700327  Exc = -70.53418978730767
cycle= 10 E= -748.118268506449  delta_E= -6.64e-10  |g|= 1.59e-05  |ddm|= 8.54e-05
    CPU time for cycle= 10      7.08 sec, wall time      0.27 sec
  HOMO = -0.252119263443713  LUMO = -0.0315099129871484
  mo_energy =
[-1.01478691e+02 -1.43321994e+01 -1.02278330e+01 -1.02278013e+01
 -1.02127625e+01 -1.02051149e+01 -1.02035385e+01 -1.02035221e+01
 -9.41171718e+00 -7.17434121e+00 -7.16521162e+00 -7.16520214e+00
 -9.59100618e-01 -8.16029468e-01 -8.11034441e-01 -7.77295553e-01
 -6.52565328e-01 -6.46204343e-01 -6.35429756e-01 -5.41134440e-01
 -4.92364070e-01 -4.83934355e-01 -4.47020066e-01 -4.26318914e-01
 -4.19203386e-01 -4.17233933e-01 -4.06816292e-01 -3.81350449e-01
 -3.75867259e-01 -2.98582604e-01 -2.75685732e-01 -2.66320932e-01
 -2.65479524e-01 -2.52119263e-01 -3.15099130e-02 -2.20980984e-02
  6.26565677e-02  9.33254030e-02  1.18663377e-01  1.25259116e-01
  1.38452482e-01  1.47784623e-01  1.55642299e-01  1.71718414e-01
  1.74734823e-01  2.07319208e-01  2.55584980e-01  2.86128099e-01
  3.14839214e-01  3.15503246e-01  4.34573022e-01  4.37381455e-01
  4.50260291e-01  4.86453296e-01  4.86713250e-01  4.89660666e-01
  5.02028124e-01  5.30185662e-01  5.45682592e-01  5.72417238e-01
  5.76179181e-01  5.80423400e-01  5.89202508e-01  5.96285526e-01
  6.00335612e-01  6.01748843e-01  6.46530942e-01  6.46728929e-01
  6.80823144e-01  6.99845835e-01  7.69709305e-01  8.09607327e-01
  8.22283722e-01  8.43456693e-01  8.57842193e-01  8.58385568e-01
  8.73611356e-01  8.82656118e-01  8.98465742e-01  9.17106212e-01
  9.24270695e-01  9.35531039e-01  9.36834807e-01  9.80054152e-01
  9.83792207e-01  9.94505656e-01  1.02637142e+00  1.06954477e+00
  1.08656751e+00  1.12733418e+00  1.15958386e+00  1.20869520e+00
  1.24013440e+00  1.24687535e+00  1.36623158e+00  1.39181510e+00
  1.45019357e+00  1.46027686e+00  1.47415528e+00  1.50175112e+00
  1.52066942e+00  1.56699394e+00  1.70524450e+00  1.71744504e+00
  1.71896112e+00  1.77269101e+00  1.83200946e+00  1.85129291e+00
  1.92756028e+00  1.95039811e+00  2.06520922e+00  2.12421305e+00
  2.13358424e+00  2.16033992e+00  2.17025576e+00  2.20264432e+00
  2.23528172e+00  2.25014759e+00  2.26763649e+00  2.29015488e+00
  2.32576540e+00  2.36297436e+00  2.54528977e+00  2.54647862e+00
  2.66055864e+00  2.68755936e+00  2.69946611e+00  2.72434857e+00
  2.78069379e+00  2.78348813e+00  3.04268893e+00  3.41253943e+00]
nelec by numeric integration = 68.00004197618956
    CPU time for vxc      5.95 sec, wall time      0.21 sec
E1 = -1781.498850013938  Ecoul = 721.8994169151468  Exc = -70.53419595037627
Extra cycle  E= -748.118268506394  delta_E= 5.43e-11  |g|= 2.12e-05  |ddm|= 3.87e-05
    CPU time for scf_cycle     90.52 sec, wall time      3.37 sec
    CPU time for SCF     90.54 sec, wall time      3.37 sec
converged SCF energy = -748.118268506394
Converting <class 'pyscf.dft.rks.RKS'> to RHF


******** <class 'pyscf.tdscf.rks.TDA'> for <class 'pyscf.dft.rks.RKS'> ********
nstates = 5 singlet
wfnsym = None
conv_tol = 1e-09
eigh lindep = 1e-12
eigh level_shift = 0
eigh max_space = 8
eigh max_cycle = 2000
chkfile = /scratch/global/yangjunjie/tmpxcjoksli
max_memory 127949 MB (current use 602 MB)


davidson 0 5  |r|= 0.0575  e= [0.17715349 0.18109992 0.21452701 0.21646897 0.22512426]  max|de|= 0.225  lindep=    1
davidson 1 10  |r|= 0.0112  e= [0.1742884  0.1800503  0.21435075 0.21445587 0.22323272]  max|de|= -0.00287  lindep= 0.896
Old state -> New state
    3     ->     2 
    2     ->     3 
davidson 2 15  |r|= 0.0363  e= [0.17415227 0.18001956 0.21425501 0.21434947 0.22121453]  max|de|= -0.00202  lindep= 0.744
davidson 3 20  |r|= 0.031  e= [0.17414896 0.1800188  0.2139346  0.21434923 0.21536164]  max|de|= -0.00585  lindep= 0.741
davidson 4 5  |r|= 0.031  e= [0.17414896 0.1800188  0.2139346  0.21434923 0.21536164]  max|de|= -3.05e-16  lindep= 0.987
davidson 5 10  |r|= 0.0146  e= [0.17414886 0.18001879 0.2128838  0.21434914 0.21449852]  max|de|= -0.00105  lindep= 0.652
root 1 converged  |r|= 3.55e-06  e= 0.18001878842190586  max|de|= -5.08e-10
davidson 6 15  |r|= 0.00635  e= [0.17414885 0.18001879 0.21237283 0.21434907 0.21442843]  max|de|= -0.000511  lindep= 0.786
root 0 converged  |r|= 2.69e-06  e= 0.1741488505786423  max|de|= -1.8e-10
davidson 7 19  |r|= 0.0033  e= [0.17414885 0.18001879 0.21229618 0.21434903 0.21442023]  max|de|= -7.67e-05  lindep= 0.81
davidson 8 5  |r|= 0.0033  e= [0.17414885 0.18001879 0.21229618 0.21434903 0.21442023]  max|de|= -2.5e-16  lindep= 0.994
davidson 9 8  |r|= 0.00278  e= [0.17414885 0.18001879 0.21226346 0.21434903 0.21441675]  max|de|= -3.27e-05  lindep= 0.785
root 3 converged  |r|= 2.81e-06  e= 0.21434903217922052  max|de|= -1.25e-10
davidson 10 11  |r|= 0.00366  e= [0.17414885 0.18001879 0.2122239  0.21434903 0.21441218]  max|de|= -3.96e-05  lindep= 0.743
davidson 11 13  |r|= 0.00135  e= [0.17414885 0.18001879 0.21219877 0.21434903 0.21440882]  max|de|= -2.51e-05  lindep= 0.828
davidson 12 15  |r|= 0.000862  e= [0.17414885 0.18001879 0.21219443 0.21434903 0.21440815]  max|de|= -4.34e-06  lindep= 0.82
davidson 13 17  |r|= 0.000174  e= [0.17414885 0.18001879 0.21219371 0.21434903 0.21440804]  max|de|= -7.15e-07  lindep= 0.859
davidson 14 5  |r|= 0.000174  e= [0.17414885 0.18001879 0.21219371 0.21434903 0.21440804]  max|de|= 4.16e-16  lindep= 0.998
davidson 15 7  |r|= 6.09e-05  e= [0.17414885 0.18001879 0.21219368 0.21434903 0.21440803]  max|de|= -3.25e-08  lindep= 0.958
root 4 converged  |r|= 9.52e-06  e= 0.21440803314344006  max|de|= -9.68e-10
davidson 16 9  |r|= 2.23e-05  e= [0.17414885 0.18001879 0.21219368 0.21434903 0.21440803]  max|de|= -5.3e-09  lindep= 0.816
root 2 converged  |r|= 8.38e-06  e= 0.21219367524709315  max|de|= -6.59e-10
converged 17 10  |r|= 8.38e-06  e= [0.17414885 0.18001879 0.21219368 0.21434903 0.21440803]  max|de|= -6.59e-10
    CPU time for TDA    192.12 sec, wall time      7.02 sec
Excited State energies (eV)
[4.7388316  4.89856074 5.77408401 5.83273426 5.83433975]
