 
:: initializing oneAPI environment ...
   slurm_script: BASH_VERSION = 4.2.46(1)-release
   args: Using "$@" for setvars.sh arguments: --force
:: advisor -- latest
:: ccl -- latest
:: clck -- latest
:: compiler -- latest
:: dal -- latest
:: debugger -- latest
:: dev-utilities -- latest
:: dnnl -- latest
:: dpcpp-ct -- latest
:: dpl -- latest
:: inspector -- latest
:: intelpython -- latest
:: ipp -- latest
:: ippcp -- latest
:: ipp -- latest
:: itac -- latest
:: mkl -- latest
:: mpi -- latest
:: tbb -- latest
:: vpl -- latest
:: vtune -- latest
:: oneAPI environment initialized ::
 
SLURM_CPUS_PER_TASK = 28
SLURM_MEM_PER_NODE = 127949
#INFO: **** input file is /home/yangjunjie/work/py-ch3-cl/work/scan-36/main.py ****
import sys
import pyscf
from pyscf import tdscf

def main(xyz_file, basis="631g*", xc="b3lyp", output="ene.out"):
    xyz = None

    with open(xyz_file, "r") as xyz:
        xyz = xyz.readlines()[2:]
        xyz = "".join(xyz)

    mol = pyscf.gto.Mole()
    mol.atom = xyz
    mol.basis = basis
    mol.verbose = 5
    mol.build()

    if xc is not None and xc != "hf":
        mf = pyscf.scf.RKS(mol)
        mf.xc = xc
        mf.grids.level = 9
        mf.kernel()
    else:
        mf = pyscf.scf.RHF(mol)
        mf.kernel()

    ene_mf = mf.e_tot

    with open(output, "w") as f:
        tda = pyscf.tdscf.TDA(mf)
        tda.nstates = 5
        tda.max_space = 8
        tda.max_cycle = 2000
        tda.kernel()

        con_tda = tda.converged
        ene_tda = tda.e[:5]
        dip_tda = tda.transition_dipole()[:5]

        f.write(f"RKS energy: {ene_mf: 12.8f}\n")
        f.write("TDA results:\n")
        for i, (con, ene, dip) in enumerate(zip(con_tda, ene_tda, dip_tda)):
            f.write(f" {i:2d} {con} {ene: 12.8f} {dip[0]: 12.8f} {dip[1]: 12.8f} {dip[2]: 12.8f}\n")

        # rpa = pyscf.tdscf.RPA(mf)
        # rpa.nstates = 5
        # rpa.max_space = 8
        # rpa.max_cycle = 2000
        # rpa.kernel()

        # con_rpa = rpa.converged
        # ene_rpa = rpa.e[:5]
        # dip_rpa = rpa.transition_dipole()[:5]
        
        # f.write("\nRPA results:\n")
        # for i, (con, ene, dip) in enumerate(zip(con_rpa, ene_rpa, dip_rpa)):
        #     f.write(f" {i:2d} {con} {ene: 12.8f} {dip[0]: 12.8f} {dip[1]: 12.8f} {dip[2]: 12.8f}\n")

if __name__ == "__main__":
    xyz = sys.argv[1]
    main(xyz, basis="6-311g**", xc=None, output="out.log")
#INFO: ******************** input file end ********************


System: uname_result(system='Linux', node='pauling047', release='3.10.0-327.36.3.el7.x86_64', version='#1 SMP Thu Oct 20 04:56:07 EDT 2016', machine='x86_64')  Threads 28
Python 3.9.7 (default, Oct 27 2021, 01:23:21) 
[GCC 9.3.0]
numpy 1.21.2  scipy 1.6.2
Date: Tue Oct  4 15:31:03 2022
PySCF version 2.0.1
PySCF path  /home/yangjunjie/packages/pyscf/pyscf-main
GIT ORIG_HEAD 14b880cdc4bf7bb64f3989a147c0b04622efc498
GIT HEAD (branch master) 9d5b5bd309d1cc55fbd1a0ec76e26b5b0c7f76af

[ENV] PYSCF_MAX_MEMORY 127949
[ENV] PYSCF_TMPDIR /scratch/global/yangjunjie/
[CONFIG] conf_file /home/yangjunjie/.pyscf_conf.py
[INPUT] verbose = 5
[INPUT] max_memory = 127949 
[INPUT] num. atoms = 16
[INPUT] num. electrons = 68
[INPUT] charge = 0
[INPUT] spin (= nelec alpha-beta = 2S) = 0
[INPUT] symmetry False subgroup None
[INPUT] Mole.unit = angstrom
[INPUT]  1 C      0.000000440000   1.163489660000   0.998936730000 AA    0.000000831479   2.198676806163   1.887716835469 Bohr
[INPUT]  2 C      0.000000710000   1.185669660000   2.374814420000 AA    0.000001341706   2.240590931606   4.487748850468 Bohr
[INPUT]  3 C      0.000000110000  -0.016082140000   3.058251180000 AA    0.000000207870  -0.030390840097   5.779257150328 Bohr
[INPUT]  4 C     -0.000000550000  -1.205192040000   2.344599530000 AA   -0.000001039349  -2.277482883106   4.430650983484 Bohr
[INPUT]  5 C     -0.000000590000  -1.149672480000   0.974235410000 AA   -0.000001114938  -2.172566120150   1.841038105753 Bohr
[INPUT]  6 N     -0.000000140000   0.016645770000   0.328195290000 AA   -0.000000264562   0.031455946433   0.620199213472 Bohr
[INPUT]  7 C      0.000000030000   0.010780340000  -1.174041230000 AA    0.000000056692   0.020371890130  -2.218616383647 Bohr
[INPUT]  8 H      0.000000630000   2.058871260000   0.409573830000 AA    0.000001190527   3.890702807138   0.773982366489 Bohr
[INPUT]  9 H      0.000001410000   2.127008330000   2.888229910000 AA    0.000002664514   4.019463208369   5.457963514677 Bohr
[INPUT] 10 H     -0.000000080000  -0.029245180000   4.132558440000 AA   -0.000000151178  -0.055265380664   7.809403645360 Bohr
[INPUT] 11 H     -0.000001260000  -2.157906110000   2.836617420000 AA   -0.000002381055  -4.077851550426   5.360430043970 Bohr
[INPUT] 12 H     -0.000000990000  -2.027853250000   0.357850950000 AA   -0.000001870829  -3.832087263309   0.676240288915 Bohr
[INPUT] 13 H     -0.000003550000   1.024132640000  -1.530264800000 AA   -0.000006708528   1.935330204828  -2.891781370062 Bohr
[INPUT] 14 H     -0.883115520000  -0.494262380000  -1.525043930000 AA   -1.668846469153  -0.934020531876  -2.881915355630 Bohr
[INPUT] 15 H      0.883119150000  -0.494256300000  -1.525043780000 AA    1.668853328859  -0.934009042341  -2.881915072171 Bohr
[INPUT] 16 Cl     0.000000160000  -0.003865180000  -4.175723880000 AA    0.000000302356  -0.007304131622  -7.890974505006 Bohr
[INPUT] ---------------- BASIS SET ---------------- 
[INPUT] l, kappa, [nprim/nctr], expnt,             c_1 c_2 ...
[INPUT] H
[INPUT] 0    0    [3    /1   ]  33.865            0.0254938
                                5.09479           0.190373
                                1.15879           0.852161
[INPUT] 0    0    [1    /1   ]  0.32584              1
[INPUT] 0    0    [1    /1   ]  0.102741             1
[INPUT] 1    0    [1    /1   ]  0.75                 1
[INPUT] N
[INPUT] 0    0    [6    /1   ]  6293.48           0.00196979
                                949.044           0.0149613
                                218.776           0.0735006
                                63.6916           0.248937
                                18.8282           0.60246
                                2.72023           0.256202
[INPUT] 0    0    [3    /1   ]  30.6331           0.111906
                                7.02614           0.921666
                                2.11205           -0.00256919
[INPUT] 0    0    [1    /1   ]  0.684009             1
[INPUT] 0    0    [1    /1   ]  0.200878             1
[INPUT] 1    0    [3    /1   ]  30.6331           0.0383119
                                7.02614           0.237403
                                2.11205           0.817592
[INPUT] 1    0    [1    /1   ]  0.684009             1
[INPUT] 1    0    [1    /1   ]  0.200878             1
[INPUT] 2    0    [1    /1   ]  0.913                1
[INPUT] Cl
[INPUT] 0    0    [6    /1   ]  105819            0.000738
                                15872             0.005718
                                3619.65           0.029495
                                1030.8            0.117286
                                339.908           0.362949
                                124.538           0.584149
[INPUT] 0    0    [3    /1   ]  124.538           0.134177
                                49.5135           0.62425
                                20.8056           0.291756
[INPUT] 0    0    [1    /1   ]  6.58346              1
[INPUT] 0    0    [1    /1   ]  2.56468              1
[INPUT] 0    0    [1    /1   ]  0.559763             1
[INPUT] 0    0    [1    /1   ]  0.183273             1
[INPUT] 1    0    [5    /1   ]  589.776           0.002391
                                139.849           0.018504
                                45.1413           0.081377
                                16.8733           0.221552
                                6.7411            0.772569
[INPUT] 1    0    [2    /1   ]  6.7411            -1.572244
                                2.77152           0.992389
[INPUT] 1    0    [1    /1   ]  1.02387              1
[INPUT] 1    0    [1    /1   ]  0.381368             1
[INPUT] 1    0    [1    /1   ]  0.109437             1
[INPUT] 2    0    [1    /1   ]  0.75                 1
[INPUT] C
[INPUT] 0    0    [6    /1   ]  4563.24           0.00196665
                                682.024           0.0152306
                                154.973           0.0761269
                                44.4553           0.260801
                                13.029            0.616462
                                1.82773           0.221006
[INPUT] 0    0    [3    /1   ]  20.9642           0.11466
                                4.80331           0.919999
                                1.45933           -0.00303068
[INPUT] 0    0    [1    /1   ]  0.483456             1
[INPUT] 0    0    [1    /1   ]  0.145585             1
[INPUT] 1    0    [3    /1   ]  20.9642           0.0402487
                                4.80331           0.237594
                                1.45933           0.815854
[INPUT] 1    0    [1    /1   ]  0.483456             1
[INPUT] 1    0    [1    /1   ]  0.145585             1
[INPUT] 2    0    [1    /1   ]  0.626                1

nuclear repulsion = 380.348321925036
number of shells = 100
number of NR pGTOs = 329
number of NR cGTOs = 200
basis = 6-311g**
ecp = {}
CPU time:         0.36


******** <class 'pyscf.scf.hf.RHF'> ********
method = RHF
initial guess = minao
damping factor = 0
level_shift factor = 0
DIIS = <class 'pyscf.scf.diis.CDIIS'>
diis_start_cycle = 1
diis_space = 8
SCF conv_tol = 1e-09
SCF conv_tol_grad = None
SCF max_cycles = 50
direct_scf = True
direct_scf_tol = 1e-13
chkfile to save SCF result = /scratch/global/yangjunjie/tmpccxgelq6
max_memory 127949 MB (current use 82 MB)
Set gradient conv threshold to 3.16228e-05
E1 = -1774.3643291159383  E_coul = 646.1604300456098
init E= -747.855577145293
cond(S) = 15119.465474902507
    CPU time for initialize scf     14.53 sec, wall time      0.62 sec
  HOMO = -0.25432457187713  LUMO = 0.00528428583686997
  mo_energy =
[-1.04816132e+02 -1.56415469e+01 -1.13283931e+01 -1.13251987e+01
 -1.13215812e+01 -1.13200446e+01 -1.13193729e+01 -1.13193166e+01
 -1.06098711e+01 -8.06842741e+00 -8.06839455e+00 -8.06839208e+00
 -1.80618506e+00 -1.47749198e+00 -1.34102884e+00 -1.18581178e+00
 -1.07946210e+00 -9.57725806e-01 -9.25547364e-01 -6.95786116e-01
 -6.16010228e-01 -5.78039280e-01 -5.62654194e-01 -5.17557455e-01
 -4.99416727e-01 -4.47794620e-01 -4.43827853e-01 -4.25064405e-01
 -4.20933148e-01 -4.19243793e-01 -3.70091359e-01 -3.51292585e-01
 -2.92917357e-01 -2.54324572e-01  5.28428584e-03  4.35271063e-02
  1.10869567e-01  1.38843473e-01  1.58592235e-01  1.81315457e-01
  1.94920648e-01  1.97338204e-01  2.11805135e-01  2.31893972e-01
  2.42450616e-01  2.48331030e-01  3.61444683e-01  3.74777290e-01
  3.87179349e-01  4.01053902e-01  4.09251499e-01  4.09958151e-01
  4.21228209e-01  4.25172071e-01  4.34367418e-01  4.50509280e-01
  4.91357550e-01  5.15150390e-01  5.40888875e-01  5.48555091e-01
  5.61739982e-01  5.79213919e-01  5.88946628e-01  6.07820162e-01
  6.30632505e-01  6.32453347e-01  6.79348276e-01  6.80204540e-01
  6.94363584e-01  7.21533019e-01  7.38037028e-01  7.49779123e-01
  7.60035624e-01  7.71262314e-01  7.77360616e-01  7.90027490e-01
  8.06926903e-01  8.43738597e-01  8.81753457e-01  8.89986801e-01
  8.98333059e-01  9.40538537e-01  9.66281568e-01  9.69456956e-01
  9.88081891e-01  1.02242118e+00  1.06149893e+00  1.10365148e+00
  1.10452890e+00  1.11040820e+00  1.11366491e+00  1.13331376e+00
  1.13887591e+00  1.16858859e+00  1.21717220e+00  1.23040101e+00
  1.24186342e+00  1.27307234e+00  1.28708155e+00  1.31018350e+00
  1.33494924e+00  1.41427378e+00  1.49005101e+00  1.52753131e+00
  1.62143203e+00  1.62478833e+00  1.67044881e+00  1.67682656e+00
  1.67727039e+00  1.72052147e+00  1.73641117e+00  1.74729019e+00
  1.77340928e+00  1.77698160e+00  1.82817923e+00  1.84194121e+00
  1.89372852e+00  1.89586847e+00  1.93417184e+00  1.96192562e+00
  1.96356522e+00  1.97642047e+00  2.01267198e+00  2.02194609e+00
  2.04383643e+00  2.08173537e+00  2.11651988e+00  2.14661266e+00
  2.15993700e+00  2.17314202e+00  2.19793973e+00  2.22989766e+00
  2.30221102e+00  2.33132805e+00  2.34624959e+00  2.36483837e+00
  2.37035662e+00  2.43623077e+00  2.43779904e+00  2.49822319e+00
  2.50819581e+00  2.51148844e+00  2.55988255e+00  2.62747644e+00
  2.63836894e+00  2.67100226e+00  2.67449392e+00  2.69287535e+00
  2.72622430e+00  2.75863963e+00  2.77870320e+00  2.82683113e+00
  2.86787351e+00  2.87388890e+00  2.89001291e+00  2.90667630e+00
  2.91276765e+00  2.92886805e+00  2.95436783e+00  2.95467384e+00
  2.97618842e+00  3.05700429e+00  3.07946384e+00  3.09998517e+00
  3.12661411e+00  3.22450355e+00  3.26686767e+00  3.28547042e+00
  3.29426561e+00  3.34736633e+00  3.40392504e+00  3.57779954e+00
  3.69246388e+00  3.79837198e+00  3.81293430e+00  3.86107708e+00
  4.02124470e+00  4.10735787e+00  4.12021343e+00  4.15319708e+00
  4.22180508e+00  4.35342376e+00  4.35415555e+00  4.40130828e+00
  4.48518223e+00  4.79480579e+00  5.35631673e+00  5.69049564e+00
  1.00526591e+01  2.47365536e+01  2.50380811e+01  2.50497014e+01
  2.51599345e+01  2.52506814e+01  2.52965176e+01  2.62041773e+01
  2.62109511e+01  2.63745044e+01  3.70188555e+01  2.18927600e+02]
E1 = -1773.7214364117235  E_coul = 647.7077443330686
cycle= 1 E= -745.665370153619  delta_E= 2.19  |g|= 0.728  |ddm|= 3.11
    CPU time for cycle= 1      1.55 sec, wall time      0.06 sec
  HOMO = -0.180285764993175  LUMO = -0.0877545498252948
  mo_energy =
[-1.04345507e+02 -1.60239149e+01 -1.15548704e+01 -1.15523201e+01
 -1.14300750e+01 -1.14108586e+01 -1.14102314e+01 -1.14057113e+01
 -1.01133868e+01 -7.57644871e+00 -7.57618055e+00 -7.57617291e+00
 -1.58380716e+00 -1.29035582e+00 -1.26377096e+00 -1.12726415e+00
 -1.08048540e+00 -1.02106936e+00 -8.81818673e-01 -8.62591707e-01
 -8.24467859e-01 -8.06472585e-01 -7.75555132e-01 -7.70673200e-01
 -7.42518262e-01 -6.70241522e-01 -6.66181253e-01 -6.43145395e-01
 -6.42009000e-01 -5.55985147e-01 -5.27454530e-01 -1.83782696e-01
 -1.80452525e-01 -1.80285765e-01 -8.77545498e-02 -3.74551298e-02
  6.42482904e-02  9.94121845e-02  1.08580674e-01  1.39260590e-01
  1.46427373e-01  1.61036584e-01  1.78676616e-01  1.97563114e-01
  2.24903723e-01  2.33419216e-01  2.80749392e-01  2.89582979e-01
  3.03369683e-01  3.22008142e-01  3.48551088e-01  3.54569978e-01
  3.66787650e-01  4.00869105e-01  4.12055174e-01  4.41280058e-01
  4.68926851e-01  4.80687273e-01  4.91074397e-01  5.14581629e-01
  5.30758421e-01  5.34342520e-01  5.42655628e-01  5.90399970e-01
  5.90696697e-01  6.23808212e-01  6.25536916e-01  6.45833225e-01
  6.56831803e-01  6.62693448e-01  6.67052808e-01  6.91426605e-01
  7.12864158e-01  7.21465575e-01  7.32798507e-01  7.37974808e-01
  7.49385704e-01  7.88741235e-01  7.98904542e-01  8.14815337e-01
  8.22940012e-01  8.71517544e-01  8.80875039e-01  9.02210896e-01
  9.13125561e-01  9.75314359e-01  1.02136447e+00  1.04204614e+00
  1.07299461e+00  1.09041315e+00  1.11180368e+00  1.15833669e+00
  1.15954840e+00  1.17758628e+00  1.19438631e+00  1.21785280e+00
  1.26672701e+00  1.33878817e+00  1.44326688e+00  1.47645307e+00
  1.47744693e+00  1.48186449e+00  1.48202463e+00  1.49040745e+00
  1.52233551e+00  1.53736461e+00  1.54551191e+00  1.59604544e+00
  1.61887125e+00  1.64895232e+00  1.66512982e+00  1.67476839e+00
  1.68827862e+00  1.68846060e+00  1.71430239e+00  1.73785807e+00
  1.80050971e+00  1.81384645e+00  1.82789753e+00  1.84148201e+00
  1.88202445e+00  1.90584213e+00  1.91158096e+00  1.91775720e+00
  1.98875906e+00  1.99389189e+00  2.02968792e+00  2.05086074e+00
  2.06585354e+00  2.06967972e+00  2.09215168e+00  2.18745178e+00
  2.19304070e+00  2.23118599e+00  2.24503829e+00  2.24922747e+00
  2.26449567e+00  2.40846072e+00  2.41665813e+00  2.47804710e+00
  2.49836543e+00  2.53096778e+00  2.57596252e+00  2.61348948e+00
  2.63926647e+00  2.65800167e+00  2.68867737e+00  2.70263839e+00
  2.70465297e+00  2.74448563e+00  2.76889514e+00  2.80296075e+00
  2.80361220e+00  2.80633430e+00  2.81797292e+00  2.82598549e+00
  2.83202619e+00  2.83949921e+00  2.85043502e+00  2.85395512e+00
  2.90742813e+00  2.91902289e+00  2.95737315e+00  2.97612827e+00
  2.98195110e+00  3.07334153e+00  3.12511046e+00  3.14783323e+00
  3.22630829e+00  3.24157343e+00  3.28395657e+00  3.47654618e+00
  3.56486047e+00  3.68551995e+00  3.69623202e+00  3.75177908e+00
  3.83058091e+00  3.96403422e+00  3.97964845e+00  3.99133038e+00
  4.15435672e+00  4.16582722e+00  4.24812832e+00  4.30695811e+00
  4.36004254e+00  4.65857427e+00  5.12275802e+00  5.45481833e+00
  1.05146622e+01  2.45776284e+01  2.48415994e+01  2.49541247e+01
  2.49762256e+01  2.51029423e+01  2.51751209e+01  2.66501059e+01
  2.66568206e+01  2.68186797e+01  3.66289326e+01  2.19388989e+02]
E1 = -1776.0345222986482  E_coul = 649.8745275577403
cycle= 2 E= -745.811672815872  delta_E= -0.146  |g|= 0.383  |ddm|= 1.12
    CPU time for cycle= 2      1.58 sec, wall time      0.06 sec
  HOMO = -0.265755252159617  LUMO = -0.00590163235123879
  mo_energy =
[-1.04637557e+02 -1.56679462e+01 -1.13825164e+01 -1.13740051e+01
 -1.13717697e+01 -1.13545116e+01 -1.13538688e+01 -1.12825681e+01
 -1.03519407e+01 -7.81966411e+00 -7.81943374e+00 -7.81943316e+00
 -1.40296375e+00 -1.22081917e+00 -1.15597143e+00 -1.03217446e+00
 -9.81051001e-01 -9.49045250e-01 -8.52879677e-01 -8.22701083e-01
 -7.81682401e-01 -7.62166056e-01 -7.10651862e-01 -6.96307969e-01
 -6.95069193e-01 -6.28735704e-01 -6.03628927e-01 -5.91574319e-01
 -5.89489709e-01 -4.84554932e-01 -4.55284144e-01 -2.68158995e-01
 -2.66329661e-01 -2.65755252e-01 -5.90163235e-03  3.04288112e-02
  8.06053702e-02  1.13581894e-01  1.25605595e-01  1.54243050e-01
  1.62105941e-01  2.09250633e-01  2.11411351e-01  2.53274361e-01
  2.65095014e-01  2.77848951e-01  3.29571885e-01  3.38676555e-01
  3.49461647e-01  3.64682218e-01  3.99155695e-01  4.06433996e-01
  4.19058464e-01  4.50093397e-01  4.74699139e-01  4.75657332e-01
  5.09238311e-01  5.22177298e-01  5.24148188e-01  5.43111569e-01
  5.64688553e-01  5.64799428e-01  5.90956189e-01  5.97420487e-01
  6.24337576e-01  6.38103590e-01  6.41577713e-01  6.52102393e-01
  6.85920320e-01  6.96588718e-01  7.17350602e-01  7.33187264e-01
  7.43906895e-01  7.51746879e-01  7.68910554e-01  7.86631288e-01
  7.98371957e-01  8.28954474e-01  8.42461738e-01  8.55857458e-01
  9.01812225e-01  9.28036237e-01  9.39001839e-01  9.65246662e-01
  9.82145848e-01  1.03350341e+00  1.07819087e+00  1.08441002e+00
  1.09134325e+00  1.14636684e+00  1.16035303e+00  1.18763356e+00
  1.21655290e+00  1.23327545e+00  1.24148901e+00  1.28086949e+00
  1.34558617e+00  1.35434280e+00  1.35450566e+00  1.35847765e+00
  1.36174609e+00  1.40418633e+00  1.46666062e+00  1.50721040e+00
  1.57141716e+00  1.59340061e+00  1.60852155e+00  1.64067016e+00
  1.67826415e+00  1.69698470e+00  1.70881618e+00  1.71042342e+00
  1.72813618e+00  1.73145547e+00  1.77040773e+00  1.79235348e+00
  1.85595989e+00  1.86116218e+00  1.89449736e+00  1.90852045e+00
  1.91549353e+00  1.95546758e+00  1.95606430e+00  1.96391640e+00
  2.03683276e+00  2.04617290e+00  2.08179512e+00  2.09282657e+00
  2.10550449e+00  2.13986728e+00  2.14292751e+00  2.23358624e+00
  2.25979997e+00  2.29497832e+00  2.31880950e+00  2.32403203e+00
  2.33537762e+00  2.45722115e+00  2.47466033e+00  2.50286028e+00
  2.58321824e+00  2.59855143e+00  2.62630107e+00  2.66950059e+00
  2.67174955e+00  2.67460678e+00  2.68839817e+00  2.69171659e+00
  2.75431272e+00  2.75449574e+00  2.76493361e+00  2.80948427e+00
  2.81814337e+00  2.82610572e+00  2.83748017e+00  2.84238030e+00
  2.86024035e+00  2.88765015e+00  2.90603709e+00  2.93836661e+00
  2.96069797e+00  3.01734349e+00  3.03443890e+00  3.05070133e+00
  3.06188346e+00  3.16637061e+00  3.22843057e+00  3.24181935e+00
  3.29101805e+00  3.30927558e+00  3.37115555e+00  3.53709330e+00
  3.65759763e+00  3.76318615e+00  3.77165728e+00  3.82733352e+00
  3.97258001e+00  4.08557109e+00  4.12077251e+00  4.12570523e+00
  4.22899091e+00  4.30237890e+00  4.32735346e+00  4.34484287e+00
  4.43757747e+00  4.74796974e+00  5.33355984e+00  5.65083247e+00
  1.03096686e+01  2.46773370e+01  2.49807628e+01  2.50710018e+01
  2.50922842e+01  2.51961009e+01  2.52415866e+01  2.64552508e+01
  2.64619969e+01  2.66237453e+01  3.69784195e+01  2.19103938e+02]
E1 = -1775.1424195777763  E_coul = 648.9511519486776
cycle= 3 E= -745.842945704062  delta_E= -0.0313  |g|= 0.114  |ddm|= 0.346
    CPU time for cycle= 3      1.58 sec, wall time      0.06 sec
  HOMO = -0.278054144659023  LUMO = 0.00165638705830767
  mo_energy =
[-1.04648478e+02 -1.57492089e+01 -1.13754250e+01 -1.13741843e+01
 -1.13331113e+01 -1.13183931e+01 -1.13181811e+01 -1.12870837e+01
 -1.03686446e+01 -7.83603971e+00 -7.83589375e+00 -7.83588910e+00
 -1.42513301e+00 -1.20265555e+00 -1.14975414e+00 -1.03409849e+00
 -9.78536252e-01 -9.42207520e-01 -8.65872390e-01 -8.14741293e-01
 -7.77290482e-01 -7.50250164e-01 -7.07626471e-01 -7.06190546e-01
 -6.97790825e-01 -6.19170136e-01 -6.04811737e-01 -5.97927517e-01
 -5.91510943e-01 -4.80312367e-01 -4.45581628e-01 -2.81550568e-01
 -2.78484835e-01 -2.78054145e-01  1.65638706e-03  3.92948802e-02
  9.01727506e-02  1.19441827e-01  1.28648993e-01  1.60273632e-01
  1.64530391e-01  2.10073993e-01  2.13729279e-01  2.51552653e-01
  2.65327565e-01  2.75549299e-01  3.41587380e-01  3.47173595e-01
  3.56367116e-01  3.70163394e-01  4.00945654e-01  4.01757971e-01
  4.19612079e-01  4.52288080e-01  4.76119416e-01  4.87645915e-01
  5.19280191e-01  5.31007429e-01  5.33828912e-01  5.52868611e-01
  5.66127016e-01  5.68926726e-01  5.83291103e-01  5.99110231e-01
  6.21582076e-01  6.30282671e-01  6.47242140e-01  6.50834158e-01
  6.98862092e-01  7.07014713e-01  7.26290329e-01  7.38977363e-01
  7.48089756e-01  7.60979764e-01  7.69833281e-01  7.80715874e-01
  7.95842575e-01  8.40758684e-01  8.51438299e-01  8.57411217e-01
  8.85257368e-01  9.33497697e-01  9.49261140e-01  9.74133641e-01
  9.83563723e-01  1.03351881e+00  1.08035223e+00  1.08939746e+00
  1.09640273e+00  1.14987682e+00  1.17394910e+00  1.18050760e+00
  1.22796608e+00  1.23790410e+00  1.24103940e+00  1.28692035e+00
  1.33932203e+00  1.33953078e+00  1.34348357e+00  1.34697987e+00
  1.34701845e+00  1.39267217e+00  1.45354341e+00  1.50547407e+00
  1.57679223e+00  1.58929617e+00  1.61913216e+00  1.64863870e+00
  1.69011257e+00  1.69451065e+00  1.71761575e+00  1.72380514e+00
  1.72810412e+00  1.74048967e+00  1.77993338e+00  1.80011753e+00
  1.86114269e+00  1.86234338e+00  1.89652823e+00  1.91842078e+00
  1.92205592e+00  1.95589019e+00  1.96648286e+00  1.97331764e+00
  2.03624735e+00  2.04767238e+00  2.08908302e+00  2.10382728e+00
  2.12236232e+00  2.15250974e+00  2.15503479e+00  2.23574168e+00
  2.27152903e+00  2.29821319e+00  2.32164816e+00  2.32256353e+00
  2.33515463e+00  2.47102119e+00  2.47426640e+00  2.52332939e+00
  2.58439386e+00  2.59969488e+00  2.63763401e+00  2.65839263e+00
  2.66251515e+00  2.68289031e+00  2.68535762e+00  2.68966931e+00
  2.74611490e+00  2.74729721e+00  2.76314050e+00  2.81300382e+00
  2.81817996e+00  2.83183879e+00  2.84710501e+00  2.86149284e+00
  2.87275188e+00  2.90393442e+00  2.91520303e+00  2.93417283e+00
  2.96125840e+00  3.00962822e+00  3.04755442e+00  3.05900374e+00
  3.07579715e+00  3.16954138e+00  3.23696806e+00  3.24041778e+00
  3.30654853e+00  3.30802199e+00  3.36020284e+00  3.56267808e+00
  3.66931746e+00  3.77963075e+00  3.78959303e+00  3.83605303e+00
  3.95967020e+00  4.08108465e+00  4.10788902e+00  4.11417005e+00
  4.22385908e+00  4.29060927e+00  4.32148596e+00  4.36933060e+00
  4.44904855e+00  4.75928403e+00  5.29535029e+00  5.62226032e+00
  1.02932857e+01  2.47032313e+01  2.49931587e+01  2.50686641e+01
  2.51119291e+01  2.52169654e+01  2.52749194e+01  2.64388650e+01
  2.64455779e+01  2.66075408e+01  3.68991262e+01  2.19092444e+02]
E1 = -1775.4606106136494  E_coul = 649.2659759196656
cycle= 4 E= -745.846312768948  delta_E= -0.00337  |g|= 0.0348  |ddm|= 0.12
    CPU time for cycle= 4      1.58 sec, wall time      0.06 sec
  HOMO = -0.270013296606941  LUMO = -0.00177688246781188
  mo_energy =
[-1.04616099e+02 -1.57383711e+01 -1.13844664e+01 -1.13824624e+01
 -1.13546164e+01 -1.13335380e+01 -1.13330971e+01 -1.12936159e+01
 -1.03434175e+01 -7.81022445e+00 -7.81010655e+00 -7.81009950e+00
 -1.42505880e+00 -1.21065389e+00 -1.15403287e+00 -1.03627903e+00
 -9.82146769e-01 -9.46350077e-01 -8.56178631e-01 -8.18445498e-01
 -7.83727331e-01 -7.53213686e-01 -7.10644938e-01 -7.07994597e-01
 -7.01976561e-01 -6.25588115e-01 -6.10153359e-01 -5.99276249e-01
 -5.94177895e-01 -4.84769652e-01 -4.50302680e-01 -2.73695262e-01
 -2.70335747e-01 -2.70013297e-01 -1.77688247e-03  3.53482271e-02
  8.90838886e-02  1.19061562e-01  1.28358836e-01  1.59863472e-01
  1.64477156e-01  2.10541121e-01  2.11934747e-01  2.51826249e-01
  2.63991943e-01  2.75840873e-01  3.39101928e-01  3.44859481e-01
  3.53972105e-01  3.67139964e-01  4.00254481e-01  4.00893362e-01
  4.18430150e-01  4.50693070e-01  4.73964348e-01  4.83675291e-01
  5.14951802e-01  5.28598302e-01  5.30497338e-01  5.51052686e-01
  5.66228021e-01  5.66959241e-01  5.86432412e-01  5.98503052e-01
  6.22979938e-01  6.29745460e-01  6.44475956e-01  6.49474969e-01
  6.94462610e-01  7.04115290e-01  7.24112991e-01  7.35573230e-01
  7.46778417e-01  7.57856415e-01  7.68337594e-01  7.80113607e-01
  7.94747791e-01  8.37143150e-01  8.51388653e-01  8.52953804e-01
  8.86729225e-01  9.30302269e-01  9.44869023e-01  9.68320856e-01
  9.80418670e-01  1.03186333e+00  1.08411946e+00  1.08524055e+00
  1.09398276e+00  1.14954491e+00  1.16708993e+00  1.17976813e+00
  1.22426338e+00  1.23623485e+00  1.23759854e+00  1.28312188e+00
  1.34438555e+00  1.35131633e+00  1.35144594e+00  1.35547772e+00
  1.35871944e+00  1.39759626e+00  1.45743928e+00  1.50433304e+00
  1.57307412e+00  1.58831613e+00  1.61451896e+00  1.64555387e+00
  1.68497610e+00  1.69520627e+00  1.71332459e+00  1.72156850e+00
  1.72612939e+00  1.73724680e+00  1.77598449e+00  1.79804536e+00
  1.85978948e+00  1.86174029e+00  1.89540408e+00  1.91610790e+00
  1.91911162e+00  1.95501844e+00  1.96434112e+00  1.97121769e+00
  2.03542563e+00  2.04598259e+00  2.08607223e+00  2.10105085e+00
  2.11657019e+00  2.14698655e+00  2.14886511e+00  2.23430064e+00
  2.26612284e+00  2.29573861e+00  2.31831909e+00  2.32116770e+00
  2.33244415e+00  2.46606072e+00  2.47246798e+00  2.51958809e+00
  2.58480541e+00  2.59742010e+00  2.63459085e+00  2.66944288e+00
  2.67281399e+00  2.68415054e+00  2.68489743e+00  2.68952900e+00
  2.74642597e+00  2.75253338e+00  2.76286221e+00  2.81152154e+00
  2.81605305e+00  2.83021581e+00  2.84438770e+00  2.85965990e+00
  2.87091699e+00  2.89596795e+00  2.91235522e+00  2.93140996e+00
  2.96005116e+00  3.00825348e+00  3.04230939e+00  3.05319355e+00
  3.06683815e+00  3.16333866e+00  3.23217601e+00  3.23629226e+00
  3.29873930e+00  3.30718037e+00  3.35846500e+00  3.55166343e+00
  3.66187188e+00  3.77200047e+00  3.78171677e+00  3.82933341e+00
  3.95877684e+00  4.07733695e+00  4.10912983e+00  4.11156022e+00
  4.22257093e+00  4.29413562e+00  4.31528341e+00  4.36147662e+00
  4.44314375e+00  4.75200792e+00  5.29861293e+00  5.62309469e+00
  1.03145750e+01  2.46893799e+01  2.49826234e+01  2.50621878e+01
  2.50980411e+01  2.52045339e+01  2.52592406e+01  2.64589250e+01
  2.64656135e+01  2.66276728e+01  3.69096262e+01  2.19123904e+02]
E1 = -1775.4048144898247  E_coul = 649.2098709159092
cycle= 5 E= -745.84662164888  delta_E= -0.000309  |g|= 0.00529  |ddm|= 0.0338
    CPU time for cycle= 5      1.58 sec, wall time      0.06 sec
  HOMO = -0.269896028491652  LUMO = -0.0015989516458841
  mo_energy =
[-1.04618922e+02 -1.57387694e+01 -1.13858349e+01 -1.13840042e+01
 -1.13537338e+01 -1.13333113e+01 -1.13328825e+01 -1.12955101e+01
 -1.03444267e+01 -7.81136660e+00 -7.81125561e+00 -7.81124765e+00
 -1.42533477e+00 -1.21024534e+00 -1.15415015e+00 -1.03670346e+00
 -9.82353570e-01 -9.46653321e-01 -8.56102863e-01 -8.18816898e-01
 -7.83926450e-01 -7.53609790e-01 -7.11051522e-01 -7.08238843e-01
 -7.02388811e-01 -6.25808182e-01 -6.10629028e-01 -6.00085714e-01
 -5.94581958e-01 -4.84583839e-01 -4.50241301e-01 -2.73652822e-01
 -2.70173562e-01 -2.69896028e-01 -1.59895165e-03  3.52047365e-02
  8.90565166e-02  1.18928852e-01  1.28132708e-01  1.59769315e-01
  1.64254114e-01  2.10315271e-01  2.11793740e-01  2.51515199e-01
  2.63766798e-01  2.75549028e-01  3.38902994e-01  3.44768254e-01
  3.53777963e-01  3.67024590e-01  3.99957005e-01  4.00560840e-01
  4.18074608e-01  4.50487378e-01  4.73660137e-01  4.84056156e-01
  5.15080050e-01  5.28702143e-01  5.30374734e-01  5.50959433e-01
  5.66279546e-01  5.66814243e-01  5.86395181e-01  5.98563805e-01
  6.22808592e-01  6.29187853e-01  6.44407321e-01  6.48980820e-01
  6.94597326e-01  7.03918600e-01  7.23774592e-01  7.35270803e-01
  7.46441939e-01  7.57671408e-01  7.68002046e-01  7.79395851e-01
  7.94214901e-01  8.37133524e-01  8.51068908e-01  8.52979991e-01
  8.86556638e-01  9.30079003e-01  9.44707508e-01  9.68426559e-01
  9.80111784e-01  1.03151994e+00  1.08409602e+00  1.08506868e+00
  1.09395951e+00  1.14958186e+00  1.16707755e+00  1.17937498e+00
  1.22400733e+00  1.23605753e+00  1.23733366e+00  1.28277136e+00
  1.34391996e+00  1.35144557e+00  1.35157204e+00  1.35561316e+00
  1.35884248e+00  1.39751613e+00  1.45725966e+00  1.50379872e+00
  1.57305893e+00  1.58782294e+00  1.61434107e+00  1.64527008e+00
  1.68484728e+00  1.69479459e+00  1.71316155e+00  1.72124593e+00
  1.72572539e+00  1.73694275e+00  1.77571775e+00  1.79759929e+00
  1.85926686e+00  1.86128673e+00  1.89484822e+00  1.91563865e+00
  1.91899299e+00  1.95457532e+00  1.96410719e+00  1.97082823e+00
  2.03491410e+00  2.04560768e+00  2.08582294e+00  2.10065747e+00
  2.11650665e+00  2.14668004e+00  2.14874747e+00  2.23402676e+00
  2.26598500e+00  2.29547672e+00  2.31805321e+00  2.32071338e+00
  2.33203149e+00  2.46603646e+00  2.47190934e+00  2.51943785e+00
  2.58431457e+00  2.59700702e+00  2.63424169e+00  2.66929794e+00
  2.67264624e+00  2.68376639e+00  2.68463553e+00  2.68914441e+00
  2.74582112e+00  2.75223604e+00  2.76226051e+00  2.81096188e+00
  2.81548380e+00  2.82973256e+00  2.84401137e+00  2.85944848e+00
  2.87056741e+00  2.89584227e+00  2.91198754e+00  2.93077991e+00
  2.95933269e+00  3.00769359e+00  3.04211233e+00  3.05300114e+00
  3.06670788e+00  3.16295293e+00  3.23188517e+00  3.23600744e+00
  3.29890762e+00  3.30676888e+00  3.35782389e+00  3.55182163e+00
  3.66154735e+00  3.77186871e+00  3.78161389e+00  3.82911118e+00
  3.95797561e+00  4.07698332e+00  4.10845933e+00  4.11088140e+00
  4.22170287e+00  4.29357612e+00  4.31506391e+00  4.36141115e+00
  4.44272505e+00  4.75198580e+00  5.29792969e+00  5.62266639e+00
  1.03139407e+01  2.46891775e+01  2.49818107e+01  2.50604361e+01
  2.50976515e+01  2.52041878e+01  2.52594498e+01  2.64583937e+01
  2.64650667e+01  2.66271655e+01  3.69092311e+01  2.19121278e+02]
E1 = -1775.4115197013007  E_coul = 649.21656114152
cycle= 6 E= -745.846636634745  delta_E= -1.5e-05  |g|= 0.0019  |ddm|= 0.00883
    CPU time for cycle= 6      1.58 sec, wall time      0.06 sec
  HOMO = -0.269957003460699  LUMO = -0.00153824078133518
  mo_energy =
[-1.04619174e+02 -1.57388800e+01 -1.13855103e+01 -1.13835288e+01
 -1.13544256e+01 -1.13332270e+01 -1.13327996e+01 -1.12946726e+01
 -1.03446389e+01 -7.81157964e+00 -7.81146825e+00 -7.81145991e+00
 -1.42527437e+00 -1.21038317e+00 -1.15407121e+00 -1.03663197e+00
 -9.82329477e-01 -9.46608756e-01 -8.56162114e-01 -8.18854694e-01
 -7.83929501e-01 -7.53521036e-01 -7.10975732e-01 -7.08115349e-01
 -7.02493438e-01 -6.25824104e-01 -6.10623016e-01 -5.99972724e-01
 -5.94517413e-01 -4.84624444e-01 -4.50175496e-01 -2.73725965e-01
 -2.70213393e-01 -2.69957003e-01 -1.53824078e-03  3.52330388e-02
  8.90442260e-02  1.18974161e-01  1.28114684e-01  1.59766703e-01
  1.64277332e-01  2.10344832e-01  2.11791722e-01  2.51546442e-01
  2.63778745e-01  2.75610192e-01  3.38890867e-01  3.44762574e-01
  3.53767315e-01  3.67011629e-01  3.99969434e-01  4.00636629e-01
  4.18110416e-01  4.50513380e-01  4.73722265e-01  4.84049511e-01
  5.14988274e-01  5.28785927e-01  5.30358654e-01  5.50906263e-01
  5.66266846e-01  5.66804449e-01  5.86334282e-01  5.98535315e-01
  6.22807703e-01  6.29275024e-01  6.44473140e-01  6.49037537e-01
  6.94577604e-01  7.03819983e-01  7.23830064e-01  7.35290582e-01
  7.46447410e-01  7.57683276e-01  7.68039864e-01  7.79513954e-01
  7.94286787e-01  8.37078466e-01  8.51166389e-01  8.52933283e-01
  8.86634069e-01  9.30069734e-01  9.44706582e-01  9.68341142e-01
  9.80180222e-01  1.03158572e+00  1.08405346e+00  1.08504957e+00
  1.09397459e+00  1.14952019e+00  1.16703513e+00  1.17944263e+00
  1.22405290e+00  1.23609554e+00  1.23729995e+00  1.28280591e+00
  1.34396514e+00  1.35137207e+00  1.35149905e+00  1.35553909e+00
  1.35876952e+00  1.39751641e+00  1.45727138e+00  1.50386123e+00
  1.57302280e+00  1.58790238e+00  1.61431845e+00  1.64530390e+00
  1.68477087e+00  1.69482203e+00  1.71311185e+00  1.72124328e+00
  1.72576182e+00  1.73693897e+00  1.77570318e+00  1.79765214e+00
  1.85928887e+00  1.86132864e+00  1.89492029e+00  1.91567957e+00
  1.91890678e+00  1.95461762e+00  1.96415380e+00  1.97088892e+00
  2.03497299e+00  2.04557624e+00  2.08580895e+00  2.10063459e+00
  2.11645644e+00  2.14672609e+00  2.14865424e+00  2.23402747e+00
  2.26592437e+00  2.29550416e+00  2.31805783e+00  2.32076073e+00
  2.33205786e+00  2.46595891e+00  2.47198500e+00  2.51930045e+00
  2.58436448e+00  2.59703888e+00  2.63425868e+00  2.66924445e+00
  2.67259810e+00  2.68378765e+00  2.68454593e+00  2.68916347e+00
  2.74593972e+00  2.75223968e+00  2.76233780e+00  2.81103177e+00
  2.81556180e+00  2.82968901e+00  2.84393766e+00  2.85950974e+00
  2.87051101e+00  2.89585506e+00  2.91202328e+00  2.93095051e+00
  2.95947339e+00  3.00777310e+00  3.04202192e+00  3.05310428e+00
  3.06656337e+00  3.16308269e+00  3.23191628e+00  3.23598254e+00
  3.29884234e+00  3.30681385e+00  3.35791066e+00  3.55167792e+00
  3.66163277e+00  3.77183914e+00  3.78158035e+00  3.82910714e+00
  3.95806805e+00  4.07703472e+00  4.10862508e+00  4.11098886e+00
  4.22191991e+00  4.29367586e+00  4.31509113e+00  4.36124098e+00
  4.44277957e+00  4.75189062e+00  5.29802343e+00  5.62267736e+00
  1.03137712e+01  2.46891733e+01  2.49820807e+01  2.50611942e+01
  2.50975742e+01  2.52043730e+01  2.52593543e+01  2.64582414e+01
  2.64649064e+01  2.66270163e+01  3.69091240e+01  2.19121034e+02]
E1 = -1775.413169904574  E_coul = 649.2182086134154
cycle= 7 E= -745.846639366122  delta_E= -2.73e-06  |g|= 0.000824  |ddm|= 0.00348
    CPU time for cycle= 7      1.59 sec, wall time      0.06 sec
  HOMO = -0.269983615127053  LUMO = -0.00142777731344499
  mo_energy =
[-1.04618896e+02 -1.57384930e+01 -1.13856247e+01 -1.13837057e+01
 -1.13540551e+01 -1.13330122e+01 -1.13325718e+01 -1.12950144e+01
 -1.03445172e+01 -7.81144637e+00 -7.81133422e+00 -7.81132575e+00
 -1.42521262e+00 -1.21025767e+00 -1.15403352e+00 -1.03665583e+00
 -9.82236365e-01 -9.46588876e-01 -8.56174790e-01 -8.18839839e-01
 -7.83826715e-01 -7.53445152e-01 -7.10944307e-01 -7.08100145e-01
 -7.02445357e-01 -6.25704257e-01 -6.10564804e-01 -6.00097242e-01
 -5.94578630e-01 -4.84533356e-01 -4.50139189e-01 -2.73757870e-01
 -2.70233286e-01 -2.69983615e-01 -1.42777731e-03  3.52821979e-02
  8.90907645e-02  1.19004776e-01  1.28109753e-01  1.59790776e-01
  1.64278921e-01  2.10318616e-01  2.11807006e-01  2.51510810e-01
  2.63773519e-01  2.75594651e-01  3.38938072e-01  3.44804780e-01
  3.53819780e-01  3.67073497e-01  3.99984950e-01  4.00586521e-01
  4.18103584e-01  4.50535323e-01  4.73750858e-01  4.84122533e-01
  5.15057130e-01  5.28819709e-01  5.30417089e-01  5.50951188e-01
  5.66281042e-01  5.66836433e-01  5.86304362e-01  5.98553904e-01
  6.22790849e-01  6.29247543e-01  6.44502700e-01  6.49029704e-01
  6.94660410e-01  7.03863433e-01  7.23867541e-01  7.35340307e-01
  7.46440278e-01  7.57743647e-01  7.68036656e-01  7.79397473e-01
  7.94234475e-01  8.37155787e-01  8.51111516e-01  8.53016284e-01
  8.86674210e-01  9.30080132e-01  9.44783437e-01  9.68427038e-01
  9.80223801e-01  1.03158076e+00  1.08406743e+00  1.08510672e+00
  1.09403904e+00  1.14955912e+00  1.16713416e+00  1.17944383e+00
  1.22410637e+00  1.23611498e+00  1.23733935e+00  1.28283265e+00
  1.34400161e+00  1.35136614e+00  1.35149274e+00  1.35553094e+00
  1.35875999e+00  1.39752906e+00  1.45728673e+00  1.50381531e+00
  1.57309230e+00  1.58786629e+00  1.61438548e+00  1.64532784e+00
  1.68485156e+00  1.69472494e+00  1.71315050e+00  1.72126043e+00
  1.72574919e+00  1.73696922e+00  1.77576233e+00  1.79769558e+00
  1.85927191e+00  1.86131575e+00  1.89493651e+00  1.91569222e+00
  1.91898300e+00  1.95460371e+00  1.96419890e+00  1.97094690e+00
  2.03491807e+00  2.04554687e+00  2.08585320e+00  2.10066837e+00
  2.11657930e+00  2.14679358e+00  2.14873753e+00  2.23401128e+00
  2.26602860e+00  2.29552363e+00  2.31809976e+00  2.32074461e+00
  2.33207074e+00  2.46603779e+00  2.47194530e+00  2.51941672e+00
  2.58435369e+00  2.59705844e+00  2.63432969e+00  2.66924472e+00
  2.67259063e+00  2.68373125e+00  2.68465361e+00  2.68910777e+00
  2.74588135e+00  2.75218920e+00  2.76227742e+00  2.81101641e+00
  2.81559008e+00  2.82969745e+00  2.84399625e+00  2.85963162e+00
  2.87055469e+00  2.89593419e+00  2.91207640e+00  2.93090608e+00
  2.95938861e+00  3.00779163e+00  3.04212866e+00  3.05319927e+00
  3.06664393e+00  3.16310906e+00  3.23196989e+00  3.23606916e+00
  3.29897230e+00  3.30672231e+00  3.35793635e+00  3.55184597e+00
  3.66168428e+00  3.77192980e+00  3.78167863e+00  3.82918131e+00
  3.95806560e+00  4.07708101e+00  4.10858290e+00  4.11097761e+00
  4.22178837e+00  4.29376231e+00  4.31520459e+00  4.36139018e+00
  4.44282438e+00  4.75203638e+00  5.29812876e+00  5.62281706e+00
  1.03138525e+01  2.46892997e+01  2.49820700e+01  2.50608822e+01
  2.50976547e+01  2.52044615e+01  2.52595639e+01  2.64583129e+01
  2.64649750e+01  2.66270845e+01  3.69094985e+01  2.19121295e+02]
E1 = -1775.411801347769  E_coul = 649.216839518805
cycle= 8 E= -745.846639903928  delta_E= -5.38e-07  |g|= 0.000342  |ddm|= 0.00142
    CPU time for cycle= 8      1.59 sec, wall time      0.06 sec
  HOMO = -0.270022511565347  LUMO = -0.00142522799004558
  mo_energy =
[-1.04619007e+02 -1.57384942e+01 -1.13856381e+01 -1.13836754e+01
 -1.13542295e+01 -1.13329878e+01 -1.13325573e+01 -1.12950074e+01
 -1.03446001e+01 -7.81153212e+00 -7.81142007e+00 -7.81141156e+00
 -1.42519502e+00 -1.21027317e+00 -1.15401325e+00 -1.03665752e+00
 -9.82228011e-01 -9.46585438e-01 -8.56215658e-01 -8.18850591e-01
 -7.83824402e-01 -7.53426254e-01 -7.10920036e-01 -7.08095997e-01
 -7.02462166e-01 -6.25696653e-01 -6.10562493e-01 -6.00086761e-01
 -5.94573204e-01 -4.84551434e-01 -4.50138339e-01 -2.73791247e-01
 -2.70270330e-01 -2.70022512e-01 -1.42522799e-03  3.52937559e-02
  8.90918809e-02  1.19019654e-01  1.28103764e-01  1.59792784e-01
  1.64286395e-01  2.10325330e-01  2.11802456e-01  2.51514773e-01
  2.63774560e-01  2.75599967e-01  3.38938966e-01  3.44809357e-01
  3.53823147e-01  3.67075038e-01  3.99991675e-01  4.00595731e-01
  4.18114707e-01  4.50547331e-01  4.73767321e-01  4.84117919e-01
  5.15053134e-01  5.28829484e-01  5.30423437e-01  5.50943079e-01
  5.66270955e-01  5.66833196e-01  5.86286597e-01  5.98539530e-01
  6.22783532e-01  6.29250992e-01  6.44510304e-01  6.49037209e-01
  6.94654389e-01  7.03844006e-01  7.23879842e-01  7.35352266e-01
  7.46442858e-01  7.57749902e-01  7.68047186e-01  7.79407144e-01
  7.94241238e-01  8.37149653e-01  8.51119351e-01  8.53013249e-01
  8.86676954e-01  9.30078778e-01  9.44786909e-01  9.68436018e-01
  9.80237504e-01  1.03159391e+00  1.08404540e+00  1.08511231e+00
  1.09404540e+00  1.14954122e+00  1.16712902e+00  1.17945068e+00
  1.22412519e+00  1.23612772e+00  1.23733148e+00  1.28283538e+00
  1.34401361e+00  1.35131627e+00  1.35144291e+00  1.35548150e+00
  1.35871154e+00  1.39751627e+00  1.45727703e+00  1.50382663e+00
  1.57309886e+00  1.58788109e+00  1.61439208e+00  1.64534193e+00
  1.68484255e+00  1.69473858e+00  1.71314585e+00  1.72126129e+00
  1.72575827e+00  1.73697229e+00  1.77576115e+00  1.79771243e+00
  1.85927436e+00  1.86132851e+00  1.89495272e+00  1.91569864e+00
  1.91898124e+00  1.95460682e+00  1.96422626e+00  1.97096827e+00
  2.03492831e+00  2.04554300e+00  2.08585872e+00  2.10066963e+00
  2.11658140e+00  2.14680258e+00  2.14872150e+00  2.23401863e+00
  2.26602126e+00  2.29554060e+00  2.31810744e+00  2.32075610e+00
  2.33208258e+00  2.46603661e+00  2.47195521e+00  2.51940891e+00
  2.58437016e+00  2.59707728e+00  2.63433852e+00  2.66920575e+00
  2.67255247e+00  2.68373358e+00  2.68464174e+00  2.68909620e+00
  2.74589553e+00  2.75216884e+00  2.76228894e+00  2.81102643e+00
  2.81559568e+00  2.82968816e+00  2.84398707e+00  2.85967020e+00
  2.87055235e+00  2.89592755e+00  2.91209513e+00  2.93092080e+00
  2.95939849e+00  3.00780386e+00  3.04211932e+00  3.05322045e+00
  3.06659596e+00  3.16312482e+00  3.23199013e+00  3.23607091e+00
  3.29896415e+00  3.30673222e+00  3.35794644e+00  3.55182118e+00
  3.66169530e+00  3.77192375e+00  3.78167421e+00  3.82917709e+00
  3.95807662e+00  4.07709260e+00  4.10859893e+00  4.11099160e+00
  4.22180050e+00  4.29377856e+00  4.31522189e+00  4.36136273e+00
  4.44283401e+00  4.75202421e+00  5.29814211e+00  5.62282807e+00
  1.03137793e+01  2.46892671e+01  2.49820824e+01  2.50608853e+01
  2.50975857e+01  2.52044780e+01  2.52595305e+01  2.64582428e+01
  2.64649039e+01  2.66270126e+01  3.69094980e+01  2.19121187e+02]
E1 = -1775.412407567331  E_coul = 649.2174455881692
cycle= 9 E= -745.846640054126  delta_E= -1.5e-07  |g|= 0.000153  |ddm|= 0.000779
    CPU time for cycle= 9      1.65 sec, wall time      0.06 sec
  HOMO = -0.270007892665002  LUMO = -0.00143029027702002
  mo_energy =
[-1.04618991e+02 -1.57384544e+01 -1.13856887e+01 -1.13837435e+01
 -1.13542224e+01 -1.13329843e+01 -1.13325423e+01 -1.12949375e+01
 -1.03445762e+01 -7.81150869e+00 -7.81139674e+00 -7.81138824e+00
 -1.42519731e+00 -1.21027245e+00 -1.15402745e+00 -1.03663902e+00
 -9.82231404e-01 -9.46590846e-01 -8.56199615e-01 -8.18858556e-01
 -7.83831638e-01 -7.53424741e-01 -7.10933481e-01 -7.08099391e-01
 -7.02450530e-01 -6.25698423e-01 -6.10562125e-01 -6.00060809e-01
 -5.94557822e-01 -4.84556071e-01 -4.50157297e-01 -2.73772980e-01
 -2.70256006e-01 -2.70007893e-01 -1.43029028e-03  3.52862078e-02
  8.90892481e-02  1.19018395e-01  1.28098049e-01  1.59794122e-01
  1.64284177e-01  2.10327194e-01  2.11801566e-01  2.51519457e-01
  2.63774160e-01  2.75607199e-01  3.38933525e-01  3.44806643e-01
  3.53823583e-01  3.67069690e-01  3.99995401e-01  4.00602460e-01
  4.18112391e-01  4.50543307e-01  4.73763655e-01  4.84110730e-01
  5.15048080e-01  5.28819328e-01  5.30419186e-01  5.50941745e-01
  5.66270950e-01  5.66834586e-01  5.86295171e-01  5.98538330e-01
  6.22787584e-01  6.29241631e-01  6.44502537e-01  6.49028486e-01
  6.94650769e-01  7.03838889e-01  7.23876673e-01  7.35345887e-01
  7.46449642e-01  7.57749214e-01  7.68051972e-01  7.79430873e-01
  7.94251244e-01  8.37145345e-01  8.51134507e-01  8.53009009e-01
  8.86673700e-01  9.30070248e-01  9.44784431e-01  9.68431995e-01
  9.80229006e-01  1.03159432e+00  1.08405270e+00  1.08510910e+00
  1.09404681e+00  1.14954263e+00  1.16711915e+00  1.17944626e+00
  1.22411465e+00  1.23612503e+00  1.23733284e+00  1.28283143e+00
  1.34400006e+00  1.35133486e+00  1.35146156e+00  1.35550043e+00
  1.35873034e+00  1.39752728e+00  1.45728799e+00  1.50383171e+00
  1.57309591e+00  1.58788354e+00  1.61438069e+00  1.64534604e+00
  1.68483271e+00  1.69475769e+00  1.71314003e+00  1.72126653e+00
  1.72576881e+00  1.73697461e+00  1.77575368e+00  1.79771157e+00
  1.85927783e+00  1.86132608e+00  1.89494386e+00  1.91568752e+00
  1.91898341e+00  1.95461699e+00  1.96421749e+00  1.97096663e+00
  2.03494074e+00  2.04553900e+00  2.08585935e+00  2.10066316e+00
  2.11658031e+00  2.14679112e+00  2.14871645e+00  2.23402746e+00
  2.26601995e+00  2.29553901e+00  2.31810930e+00  2.32075984e+00
  2.33207506e+00  2.46603780e+00  2.47195999e+00  2.51940700e+00
  2.58437095e+00  2.59707161e+00  2.63433606e+00  2.66922143e+00
  2.67256966e+00  2.68374843e+00  2.68463704e+00  2.68911319e+00
  2.74590823e+00  2.75218727e+00  2.76229041e+00  2.81103091e+00
  2.81559319e+00  2.82968272e+00  2.84398180e+00  2.85967745e+00
  2.87055469e+00  2.89592410e+00  2.91209078e+00  2.93093957e+00
  2.95940817e+00  3.00780275e+00  3.04211830e+00  3.05321944e+00
  3.06657590e+00  3.16310565e+00  3.23197701e+00  3.23606683e+00
  3.29895904e+00  3.30674827e+00  3.35794684e+00  3.55181919e+00
  3.66168916e+00  3.77192329e+00  3.78167247e+00  3.82917884e+00
  3.95805680e+00  4.07709410e+00  4.10862889e+00  4.11097351e+00
  4.22182926e+00  4.29380635e+00  4.31521733e+00  4.36135781e+00
  4.44282018e+00  4.75202074e+00  5.29816871e+00  5.62282876e+00
  1.03138019e+01  2.46892527e+01  2.49820489e+01  2.50609512e+01
  2.50975609e+01  2.52044631e+01  2.52595302e+01  2.64582652e+01
  2.64649263e+01  2.66270345e+01  3.69095366e+01  2.19121203e+02]
E1 = -1775.4123766316739  E_coul = 649.2174146233637
cycle= 10 E= -745.846640083274  delta_E= -2.91e-08  |g|= 5.29e-05  |ddm|= 0.00037
    CPU time for cycle= 10      1.59 sec, wall time      0.06 sec
  HOMO = -0.270002063691172  LUMO = -0.00143055349523872
  mo_energy =
[-1.04618972e+02 -1.57384476e+01 -1.13856844e+01 -1.13837268e+01
 -1.13542365e+01 -1.13329653e+01 -1.13325312e+01 -1.12949707e+01
 -1.03445642e+01 -7.81149610e+00 -7.81138413e+00 -7.81137564e+00
 -1.42519480e+00 -1.21027256e+00 -1.15402313e+00 -1.03664298e+00
 -9.82229293e-01 -9.46590430e-01 -8.56193548e-01 -8.18861300e-01
 -7.83830135e-01 -7.53422315e-01 -7.10931859e-01 -7.08102906e-01
 -7.02454694e-01 -6.25697884e-01 -6.10563315e-01 -6.00067118e-01
 -5.94561188e-01 -4.84559326e-01 -4.50154805e-01 -2.73767484e-01
 -2.70250604e-01 -2.70002064e-01 -1.43055350e-03  3.52898179e-02
  8.90880546e-02  1.19018582e-01  1.28095095e-01  1.59793115e-01
  1.64283226e-01  2.10326710e-01  2.11800939e-01  2.51517753e-01
  2.63774683e-01  2.75606354e-01  3.38933184e-01  3.44805288e-01
  3.53823012e-01  3.67069279e-01  3.99994798e-01  4.00600470e-01
  4.18111857e-01  4.50543240e-01  4.73764176e-01  4.84110643e-01
  5.15046175e-01  5.28820606e-01  5.30420022e-01  5.50940829e-01
  5.66272380e-01  5.66834052e-01  5.86298780e-01  5.98539313e-01
  6.22788953e-01  6.29239494e-01  6.44503588e-01  6.49027783e-01
  6.94650726e-01  7.03835850e-01  7.23877521e-01  7.35346515e-01
  7.46448290e-01  7.57749386e-01  7.68050921e-01  7.79425375e-01
  7.94247683e-01  8.37144266e-01  8.51130591e-01  8.53008746e-01
  8.86671240e-01  9.30068860e-01  9.44784821e-01  9.68433893e-01
  9.80230479e-01  1.03159415e+00  1.08405489e+00  1.08510818e+00
  1.09404657e+00  1.14954283e+00  1.16712029e+00  1.17944437e+00
  1.22411620e+00  1.23612426e+00  1.23732889e+00  1.28283013e+00
  1.34400099e+00  1.35134186e+00  1.35146856e+00  1.35550739e+00
  1.35873709e+00  1.39752982e+00  1.45729041e+00  1.50382914e+00
  1.57309695e+00  1.58788246e+00  1.61438098e+00  1.64534539e+00
  1.68483158e+00  1.69475471e+00  1.71313810e+00  1.72126398e+00
  1.72576638e+00  1.73697258e+00  1.77575275e+00  1.79771142e+00
  1.85927441e+00  1.86132432e+00  1.89494422e+00  1.91568615e+00
  1.91898165e+00  1.95461340e+00  1.96421856e+00  1.97096815e+00
  2.03493801e+00  2.04553492e+00  2.08585811e+00  2.10066202e+00
  2.11658142e+00  2.14679347e+00  2.14871501e+00  2.23402687e+00
  2.26601997e+00  2.29553889e+00  2.31810914e+00  2.32075919e+00
  2.33207580e+00  2.46603641e+00  2.47195808e+00  2.51940507e+00
  2.58437131e+00  2.59707129e+00  2.63433748e+00  2.66922733e+00
  2.67257470e+00  2.68374855e+00  2.68463605e+00  2.68911262e+00
  2.74590636e+00  2.75218888e+00  2.76228704e+00  2.81102865e+00
  2.81559294e+00  2.82967796e+00  2.84397861e+00  2.85968173e+00
  2.87055234e+00  2.89592550e+00  2.91209236e+00  2.93093510e+00
  2.95940221e+00  3.00780174e+00  3.04211786e+00  3.05322492e+00
  3.06657225e+00  3.16311057e+00  3.23197970e+00  3.23606687e+00
  3.29896150e+00  3.30674592e+00  3.35794669e+00  3.55182068e+00
  3.66169221e+00  3.77192353e+00  3.78167298e+00  3.82917763e+00
  3.95805799e+00  4.07709304e+00  4.10862294e+00  4.11097503e+00
  4.22181941e+00  4.29380563e+00  4.31522186e+00  4.36135640e+00
  4.44282251e+00  4.75202218e+00  5.29816848e+00  5.62283222e+00
  1.03138123e+01  2.46892581e+01  2.49820605e+01  2.50609201e+01
  2.50975592e+01  2.52044761e+01  2.52595363e+01  2.64582753e+01
  2.64649365e+01  2.66270446e+01  3.69095433e+01  2.19121222e+02]
E1 = -1775.4123166781176  E_coul = 649.2173546669027
cycle= 11 E= -745.846640086179  delta_E= -2.9e-09  |g|= 1.5e-05  |ddm|= 0.000131
    CPU time for cycle= 11      1.62 sec, wall time      0.06 sec
  HOMO = -0.270001885832075  LUMO = -0.0014326991132334
  mo_energy =
[-1.04618981e+02 -1.57384466e+01 -1.13856891e+01 -1.13837363e+01
 -1.13542415e+01 -1.13329727e+01 -1.13325341e+01 -1.12949630e+01
 -1.03445696e+01 -7.81150174e+00 -7.81138977e+00 -7.81138128e+00
 -1.42519536e+00 -1.21027491e+00 -1.15402622e+00 -1.03664194e+00
 -9.82231750e-01 -9.46592535e-01 -8.56193941e-01 -8.18863816e-01
 -7.83833169e-01 -7.53424824e-01 -7.10935549e-01 -7.08103562e-01
 -7.02455317e-01 -6.25701026e-01 -6.10565754e-01 -6.00064487e-01
 -5.94559781e-01 -4.84561084e-01 -4.50156920e-01 -2.73767697e-01
 -2.70250575e-01 -2.70001886e-01 -1.43269911e-03  3.52878837e-02
  8.90866908e-02  1.19017306e-01  1.28093958e-01  1.59792420e-01
  1.64282179e-01  2.10326586e-01  2.11800268e-01  2.51518064e-01
  2.63774142e-01  2.75606719e-01  3.38931056e-01  3.44804123e-01
  3.53821618e-01  3.67067396e-01  3.99994325e-01  4.00601402e-01
  4.18110614e-01  4.50541961e-01  4.73762681e-01  4.84109283e-01
  5.15044376e-01  5.28819094e-01  5.30417683e-01  5.50939711e-01
  5.66272089e-01  5.66832930e-01  5.86299541e-01  5.98538903e-01
  6.22788992e-01  6.29238113e-01  6.44502036e-01  6.49026110e-01
  6.94649087e-01  7.03834039e-01  7.23875458e-01  7.35344015e-01
  7.46448037e-01  7.57747679e-01  7.68050516e-01  7.79427964e-01
  7.94248285e-01  8.37142227e-01  8.51131874e-01  8.53006478e-01
  8.86670730e-01  9.30067006e-01  9.44782556e-01  9.68431476e-01
  9.80228214e-01  1.03159324e+00  1.08405435e+00  1.08510625e+00
  1.09404530e+00  1.14954170e+00  1.16711727e+00  1.17944334e+00
  1.22411338e+00  1.23612326e+00  1.23732783e+00  1.28282835e+00
  1.34399815e+00  1.35134100e+00  1.35146771e+00  1.35550656e+00
  1.35873629e+00  1.39752954e+00  1.45729024e+00  1.50382908e+00
  1.57309513e+00  1.58788237e+00  1.61437807e+00  1.64534431e+00
  1.68482885e+00  1.69475682e+00  1.71313609e+00  1.72126340e+00
  1.72576644e+00  1.73697139e+00  1.77575032e+00  1.79770978e+00
  1.85927374e+00  1.86132304e+00  1.89494186e+00  1.91568405e+00
  1.91898014e+00  1.95461348e+00  1.96421585e+00  1.97096592e+00
  2.03493873e+00  2.04553402e+00  2.08585679e+00  2.10065959e+00
  2.11657861e+00  2.14679027e+00  2.14871241e+00  2.23402675e+00
  2.26601766e+00  2.29553749e+00  2.31810798e+00  2.32075885e+00
  2.33207369e+00  2.46603459e+00  2.47195783e+00  2.51940255e+00
  2.58437015e+00  2.59706935e+00  2.63433497e+00  2.66922646e+00
  2.67257402e+00  2.68374952e+00  2.68463310e+00  2.68911315e+00
  2.74590715e+00  2.75218914e+00  2.76228637e+00  2.81102793e+00
  2.81559194e+00  2.82967619e+00  2.84397614e+00  2.85967960e+00
  2.87055087e+00  2.89592257e+00  2.91208985e+00  2.93093628e+00
  2.95940231e+00  3.00780055e+00  3.04211543e+00  3.05322234e+00
  3.06656849e+00  3.16310702e+00  3.23197655e+00  3.23606465e+00
  3.29895825e+00  3.30674750e+00  3.35794553e+00  3.55181686e+00
  3.66168921e+00  3.77192070e+00  3.78167030e+00  3.82917551e+00
  3.95805509e+00  4.07709195e+00  4.10862577e+00  4.11097231e+00
  4.22182238e+00  4.29380753e+00  4.31521834e+00  4.36135294e+00
  4.44281893e+00  4.75201898e+00  5.29816978e+00  5.62283078e+00
  1.03138083e+01  2.46892525e+01  2.49820542e+01  2.50609271e+01
  2.50975538e+01  2.52044703e+01  2.52595310e+01  2.64582716e+01
  2.64649329e+01  2.66270411e+01  3.69095442e+01  2.19121214e+02]
E1 = -1775.4123583836172  E_coul = 649.2173963722365
cycle= 12 E= -745.846640086344  delta_E= -1.66e-10  |g|= 4.29e-06  |ddm|= 3.87e-05
    CPU time for cycle= 12      1.58 sec, wall time      0.06 sec
  HOMO = -0.270000445189206  LUMO = -0.00143287871574894
  mo_energy =
[-1.04618975e+02 -1.57384484e+01 -1.13856908e+01 -1.13837353e+01
 -1.13542408e+01 -1.13329702e+01 -1.13325344e+01 -1.12949635e+01
 -1.03445653e+01 -7.81149735e+00 -7.81138538e+00 -7.81137689e+00
 -1.42519617e+00 -1.21027482e+00 -1.15402648e+00 -1.03664225e+00
 -9.82231976e-01 -9.46592656e-01 -8.56192319e-01 -8.18863950e-01
 -7.83833183e-01 -7.53424821e-01 -7.10935763e-01 -7.08104122e-01
 -7.02455531e-01 -6.25700905e-01 -6.10565829e-01 -6.00064791e-01
 -5.94559873e-01 -4.84561258e-01 -4.50156733e-01 -2.73766489e-01
 -2.70249144e-01 -2.70000445e-01 -1.43287872e-03  3.52879025e-02
  8.90866084e-02  1.19017174e-01  1.28093784e-01  1.59792309e-01
  1.64282027e-01  2.10326466e-01  2.11800227e-01  2.51517785e-01
  2.63774122e-01  2.75606603e-01  3.38931073e-01  3.44803915e-01
  3.53821601e-01  3.67067322e-01  3.99994055e-01  4.00601038e-01
  4.18110520e-01  4.50541756e-01  4.73762338e-01  4.84109458e-01
  5.15044291e-01  5.28819157e-01  5.30417981e-01  5.50939675e-01
  5.66272456e-01  5.66833153e-01  5.86300188e-01  5.98539240e-01
  6.22789336e-01  6.29237685e-01  6.44502055e-01  6.49025779e-01
  6.94649159e-01  7.03834003e-01  7.23875430e-01  7.35343919e-01
  7.46448000e-01  7.57747638e-01  7.68050395e-01  7.79427731e-01
  7.94248103e-01  8.37142258e-01  8.51131732e-01  8.53006527e-01
  8.86670146e-01  9.30066845e-01  9.44782557e-01  9.68431419e-01
  9.80227979e-01  1.03159313e+00  1.08405504e+00  1.08510619e+00
  1.09404525e+00  1.14954208e+00  1.16711731e+00  1.17944298e+00
  1.22411334e+00  1.23612300e+00  1.23732768e+00  1.28282825e+00
  1.34399798e+00  1.35134299e+00  1.35146970e+00  1.35550854e+00
  1.35873823e+00  1.39753014e+00  1.45729064e+00  1.50382881e+00
  1.57309513e+00  1.58788205e+00  1.61437794e+00  1.64534427e+00
  1.68482883e+00  1.69475658e+00  1.71313608e+00  1.72126329e+00
  1.72576643e+00  1.73697129e+00  1.77575020e+00  1.79770955e+00
  1.85927362e+00  1.86132276e+00  1.89494174e+00  1.91568364e+00
  1.91898016e+00  1.95461331e+00  1.96421569e+00  1.97096591e+00
  2.03493854e+00  2.04553374e+00  2.08585654e+00  2.10065961e+00
  2.11657876e+00  2.14679024e+00  2.14871247e+00  2.23402676e+00
  2.26601766e+00  2.29553729e+00  2.31810779e+00  2.32075852e+00
  2.33207354e+00  2.46603464e+00  2.47195753e+00  2.51940257e+00
  2.58437006e+00  2.59706896e+00  2.63433502e+00  2.66922814e+00
  2.67257566e+00  2.68374968e+00  2.68463323e+00  2.68911373e+00
  2.74590697e+00  2.75219016e+00  2.76228616e+00  2.81102770e+00
  2.81559127e+00  2.82967584e+00  2.84397607e+00  2.85967960e+00
  2.87055086e+00  2.89592295e+00  2.91208974e+00  2.93093598e+00
  2.95940221e+00  3.00780010e+00  3.04211543e+00  3.05322240e+00
  3.06656849e+00  3.16310689e+00  3.23197638e+00  3.23606439e+00
  3.29895847e+00  3.30674742e+00  3.35794501e+00  3.55181726e+00
  3.66168922e+00  3.77192097e+00  3.78167024e+00  3.82917551e+00
  3.95805443e+00  4.07709158e+00  4.10862516e+00  4.11097187e+00
  4.22182194e+00  4.29380665e+00  4.31521853e+00  4.36135316e+00
  4.44281889e+00  4.75201898e+00  5.29816880e+00  5.62282991e+00
  1.03138119e+01  2.46892529e+01  2.49820544e+01  2.50609266e+01
  2.50975537e+01  2.52044709e+01  2.52595318e+01  2.64582749e+01
  2.64649363e+01  2.66270446e+01  3.69095424e+01  2.19121219e+02]
E1 = -1775.4123447478007  E_coul = 649.21738273641
Extra cycle  E= -745.846640086355  delta_E= -1.02e-11  |g|= 2.48e-06  |ddm|= 7.22e-06
    CPU time for scf_cycle     35.09 sec, wall time      1.36 sec
    CPU time for SCF     35.10 sec, wall time      1.36 sec
converged SCF energy = -745.846640086355
Converting <class 'pyscf.scf.hf.RHF'> to RHF


******** <class 'pyscf.tdscf.rhf.TDA'> for <class 'pyscf.scf.hf.RHF'> ********
nstates = 5 singlet
wfnsym = None
conv_tol = 1e-09
eigh lindep = 1e-12
eigh level_shift = 0
eigh max_space = 8
eigh max_cycle = 2000
chkfile = /scratch/global/yangjunjie/tmpccxgelq6
max_memory 127949 MB (current use 1744 MB)


davidson 0 5  |r|= 0.0267  e= [0.17684902 0.17713436 0.17729    0.21546542 0.21563551]  max|de|= 0.216  lindep=    1
davidson 1 10  |r|= 0.00861  e= [0.17439446 0.17571036 0.17588068 0.21507887 0.21529434]  max|de|= -0.00245  lindep= 0.904
davidson 2 15  |r|= 0.0035  e= [0.174186   0.17565588 0.1758043  0.21499473 0.21525742]  max|de|= -0.000208  lindep= 0.916
davidson 3 20  |r|= 0.00548  e= [0.17417515 0.17565431 0.17578854 0.21493007 0.21525552]  max|de|= -6.47e-05  lindep= 0.918
davidson 4 5  |r|= 0.00548  e= [0.17417515 0.17565431 0.17578854 0.21493007 0.21525552]  max|de|= -1.94e-16  lindep=    1
davidson 5 10  |r|= 0.0023  e= [0.17417394 0.17565421 0.17578514 0.21489443 0.21525537]  max|de|= -3.56e-05  lindep= 0.844
davidson 6 15  |r|= 0.00254  e= [0.1741737  0.17565419 0.17578378 0.21486452 0.21525532]  max|de|= -2.99e-05  lindep= 0.812
davidson 7 20  |r|= 0.0027  e= [0.17417368 0.17565419 0.17578348 0.21483821 0.2152553 ]  max|de|= -2.63e-05  lindep= 0.833
root 1 converged  |r|= 5.42e-06  e= 0.1756541903469399  max|de|= -1.67e-16
davidson 8 5  |r|= 0.0027  e= [0.17417368 0.17565419 0.17578348 0.21483821 0.2152553 ]  max|de|= 3.89e-16  lindep= 0.979
davidson 9 9  |r|= 0.00137  e= [0.17417368 0.17565419 0.17578345 0.21482519 0.21525528]  max|de|= -1.3e-05  lindep= 0.787
root 0 converged  |r|= 3.35e-06  e= 0.1741736825943946  max|de|= -2.25e-10
davidson 10 13  |r|= 0.00111  e= [0.17417368 0.17565419 0.17578344 0.2148188  0.21525527]  max|de|= -6.39e-06  lindep= 0.752
davidson 11 16  |r|= 0.00156  e= [0.17417368 0.17565419 0.17578344 0.2148144  0.21525524]  max|de|= -4.4e-06  lindep= 0.806
root 2 converged  |r|= 1.67e-05  e= 0.1757834398591293  max|de|= -1.67e-16
davidson 12 5  |r|= 0.00156  e= [0.17417368 0.17565419 0.17578344 0.2148144  0.21525524]  max|de|= -1.67e-16  lindep= 0.997
davidson 13 7  |r|= 0.000683  e= [0.17417368 0.17565419 0.17578344 0.21481173 0.21525522]  max|de|= -2.67e-06  lindep= 0.812
davidson 14 9  |r|= 0.000646  e= [0.17417368 0.17565419 0.17578344 0.21480964 0.21525521]  max|de|= -2.09e-06  lindep= 0.706
davidson 15 11  |r|= 0.000797  e= [0.17417368 0.17565419 0.17578344 0.21480797 0.21525519]  max|de|= -1.68e-06  lindep= 0.723
davidson 16 13  |r|= 0.000522  e= [0.17417368 0.17565419 0.17578344 0.21480564 0.21525502]  max|de|= -2.32e-06  lindep= 0.839
davidson 17 15  |r|= 0.015  e= [0.17417368 0.17565419 0.17578344 0.21480536 0.21514714]  max|de|= -0.000108  lindep= 0.835
davidson 18 17  |r|= 0.00914  e= [0.17417368 0.17565419 0.17578344 0.21480527 0.21496048]  max|de|= -0.000187  lindep= 0.679
davidson 19 5  |r|= 0.00914  e= [0.17417368 0.17565419 0.17578344 0.21480527 0.21496048]  max|de|= -5e-16  lindep= 0.999
davidson 20 7  |r|= 0.00331  e= [0.17417368 0.17565419 0.17578344 0.21480526 0.21493183]  max|de|= -2.87e-05  lindep= 0.754
davidson 21 9  |r|= 0.00155  e= [0.17417368 0.17565419 0.17578344 0.21480526 0.21492452]  max|de|= -7.31e-06  lindep= 0.736
root 3 converged  |r|= 9.78e-06  e= 0.21480525608689627  max|de|= -6.28e-10
davidson 22 11  |r|= 0.000413  e= [0.17417368 0.17565419 0.17578344 0.21480526 0.21492317]  max|de|= -1.35e-06  lindep= 0.835
davidson 23 12  |r|= 0.00019  e= [0.17417368 0.17565419 0.17578344 0.21480526 0.21492304]  max|de|= -1.33e-07  lindep= 0.819
davidson 24 13  |r|= 8.09e-05  e= [0.17417368 0.17565419 0.17578344 0.21480526 0.21492301]  max|de|= -2.74e-08  lindep= 0.816
davidson 25 14  |r|= 1.75e-05  e= [0.17417368 0.17565419 0.17578344 0.21480526 0.21492301]  max|de|= -4.88e-09  lindep= 0.942
root 4 converged  |r|= 1.26e-05  e= 0.2149230085734307  max|de|= -6.02e-10
converged 26 15  |r|= 1.26e-05  e= [0.17417368 0.17565419 0.17578344 0.21480526 0.21492301]  max|de|= -6.02e-10
    CPU time for TDA    167.89 sec, wall time      6.00 sec
Excited State energies (eV)
[4.73950731 4.77979398 4.78331103 5.84514874 5.84835295]
