 
:: initializing oneAPI environment ...
   slurm_script: BASH_VERSION = 4.2.46(1)-release
   args: Using "$@" for setvars.sh arguments: --force
:: advisor -- latest
:: ccl -- latest
:: clck -- latest
:: compiler -- latest
:: dal -- latest
:: debugger -- latest
:: dev-utilities -- latest
:: dnnl -- latest
:: dpcpp-ct -- latest
:: dpl -- latest
:: inspector -- latest
:: intelpython -- latest
:: ipp -- latest
:: ippcp -- latest
:: ipp -- latest
:: itac -- latest
:: mkl -- latest
:: mpi -- latest
:: tbb -- latest
:: vpl -- latest
:: vtune -- latest
:: oneAPI environment initialized ::
 
SLURM_CPUS_PER_TASK = 28
SLURM_MEM_PER_NODE = 127949
#INFO: **** input file is /home/yangjunjie/work/py-ch3-cl/work/step_-17/main.py ****
import sys
import pyscf
from pyscf import tdscf

def main(xyz_file, basis="631g*", xc="b3lyp", output="ene.out"):
    xyz = None

    with open(xyz_file, "r") as xyz:
        xyz = xyz.readlines()[2:]
        xyz = "".join(xyz)

    mol = pyscf.gto.Mole()
    mol.atom = xyz
    mol.basis = basis
    mol.verbose = 5
    mol.build()

    if xc is not None and xc != "hf":
        mf = pyscf.scf.RKS(mol)
        mf.xc = xc
        mf.kernel()
    else:
        mf = pyscf.scf.RHF(mol)
        mf.kernel()

    ene_mf = mf.e_tot

    with open(output, "w") as f:
        tda = pyscf.tdscf.TDA(mf)
        tda.nstates = 5
        tda.max_space = 8
        tda.max_cycle = 2000
        tda.kernel()

        con_tda = tda.converged
        ene_tda = tda.e[:5]
        dip_tda = tda.transition_dipole()[:5]

        f.write(f"RKS energy: {ene_mf: 12.8f}\n")
        f.write("TDA results:\n")
        for i, (con, ene, dip) in enumerate(zip(con_tda, ene_tda, dip_tda)):
            f.write(f" {i:2d} {con} {ene: 12.8f} {dip[0]: 12.8f} {dip[1]: 12.8f} {dip[2]: 12.8f}\n")

        # rpa = pyscf.tdscf.RPA(mf)
        # rpa.nstates = 5
        # rpa.max_space = 8
        # rpa.max_cycle = 2000
        # rpa.kernel()

        # con_rpa = rpa.converged
        # ene_rpa = rpa.e[:5]
        # dip_rpa = rpa.transition_dipole()[:5]
        
        # f.write("\nRPA results:\n")
        # for i, (con, ene, dip) in enumerate(zip(con_rpa, ene_rpa, dip_rpa)):
        #     f.write(f" {i:2d} {con} {ene: 12.8f} {dip[0]: 12.8f} {dip[1]: 12.8f} {dip[2]: 12.8f}\n")

if __name__ == "__main__":
    xyz = sys.argv[1]
    main(xyz, basis="6311g**", xc="b3lyp", output="out.log")
#INFO: ******************** input file end ********************


System: uname_result(system='Linux', node='pauling038', release='3.10.0-327.36.3.el7.x86_64', version='#1 SMP Thu Oct 20 04:56:07 EDT 2016', machine='x86_64')  Threads 28
Python 3.9.7 (default, Oct 27 2021, 01:23:21) 
[GCC 9.3.0]
numpy 1.21.2  scipy 1.6.2
Date: Tue Sep 27 23:50:23 2022
PySCF version 2.0.1
PySCF path  /home/yangjunjie/packages/pyscf/pyscf-main
GIT ORIG_HEAD 14b880cdc4bf7bb64f3989a147c0b04622efc498
GIT HEAD (branch master) 9d5b5bd309d1cc55fbd1a0ec76e26b5b0c7f76af

[ENV] PYSCF_MAX_MEMORY 127949
[ENV] PYSCF_TMPDIR /scratch/global/yangjunjie/
[CONFIG] conf_file /home/yangjunjie/.pyscf_conf.py
[INPUT] verbose = 5
[INPUT] max_memory = 127949 
[INPUT] num. atoms = 16
[INPUT] num. electrons = 68
[INPUT] charge = 0
[INPUT] spin (= nelec alpha-beta = 2S) = 0
[INPUT] symmetry False subgroup None
[INPUT] Mole.unit = angstrom
[INPUT]  1 C      0.000000010000   1.168381910000   1.161472570000 AA    0.000000018897   2.207921818796   2.194865058495 Bohr
[INPUT]  2 C      0.000000000000   1.181769900000   2.524131290000 AA    0.000000000000   2.233221453255   4.769916840545 Bohr
[INPUT]  3 C     -0.000000010000  -0.014256350000   3.228107240000 AA   -0.000000018897  -0.026940597036   6.100238584326 Bohr
[INPUT]  4 C     -0.000000010000  -1.192759450000   2.497584020000 AA   -0.000000018897  -2.253988692987   4.719749770890 Bohr
[INPUT]  5 C      0.000000000000  -1.150979190000   1.139458150000 AA    0.000000000000  -2.175035444174   2.153263833904 Bohr
[INPUT]  6 N      0.000000010000   0.014018240000   0.450882890000 AA    0.000000018897   0.026490634348   0.852045176352 Bohr
[INPUT]  7 C      0.000000000000   0.003726940000  -2.179841270000 AA    0.000000000000   0.007042895883  -4.119302995324 Bohr
[INPUT]  8 H      0.000000020000   2.065648410000   0.557324690000 AA    0.000000037795   3.903509764543   1.053191026558 Bohr
[INPUT]  9 H      0.000000000000   2.153358640000   3.056483490000 AA    0.000000000000   4.069258077566   5.775916700355 Bohr
[INPUT] 10 H     -0.000000020000  -0.024523290000   4.313177180000 AA   -0.000000037795  -0.046342301773   8.150723596924 Bohr
[INPUT] 11 H     -0.000000020000  -2.177377950000   3.012910670000 AA   -0.000000037795  -4.114647995167   5.693576004080 Bohr
[INPUT] 12 H      0.000000000000  -2.037784570000   0.513452260000 AA    0.000000000000  -3.850854738165   0.970284149439 Bohr
[INPUT] 13 H     -0.000000030000   1.034823980000  -1.844186940000 AA   -0.000000056692   1.955533909332  -3.485008239100 Bohr
[INPUT] 14 H     -0.891248770000  -0.503699800000  -1.828404470000 AA   -1.684216084155  -0.951854670998  -3.455183693231 Bohr
[INPUT] 15 H      0.891248790000  -0.503699760000  -1.828404480000 AA    1.684216121950  -0.951854595409  -3.455183712128 Bohr
[INPUT] 16 Cl    -0.000000010000  -0.008385080000  -4.000401790000 AA   -0.000000018897  -0.015845504733  -7.559663771320 Bohr
[INPUT] ---------------- BASIS SET ---------------- 
[INPUT] l, kappa, [nprim/nctr], expnt,             c_1 c_2 ...
[INPUT] N
[INPUT] 0    0    [6    /1   ]  6293.48           0.00196979
                                949.044           0.0149613
                                218.776           0.0735006
                                63.6916           0.248937
                                18.8282           0.60246
                                2.72023           0.256202
[INPUT] 0    0    [3    /1   ]  30.6331           0.111906
                                7.02614           0.921666
                                2.11205           -0.00256919
[INPUT] 0    0    [1    /1   ]  0.684009             1
[INPUT] 0    0    [1    /1   ]  0.200878             1
[INPUT] 1    0    [3    /1   ]  30.6331           0.0383119
                                7.02614           0.237403
                                2.11205           0.817592
[INPUT] 1    0    [1    /1   ]  0.684009             1
[INPUT] 1    0    [1    /1   ]  0.200878             1
[INPUT] 2    0    [1    /1   ]  0.913                1
[INPUT] Cl
[INPUT] 0    0    [6    /1   ]  105819            0.000738
                                15872             0.005718
                                3619.65           0.029495
                                1030.8            0.117286
                                339.908           0.362949
                                124.538           0.584149
[INPUT] 0    0    [3    /1   ]  124.538           0.134177
                                49.5135           0.62425
                                20.8056           0.291756
[INPUT] 0    0    [1    /1   ]  6.58346              1
[INPUT] 0    0    [1    /1   ]  2.56468              1
[INPUT] 0    0    [1    /1   ]  0.559763             1
[INPUT] 0    0    [1    /1   ]  0.183273             1
[INPUT] 1    0    [5    /1   ]  589.776           0.002391
                                139.849           0.018504
                                45.1413           0.081377
                                16.8733           0.221552
                                6.7411            0.772569
[INPUT] 1    0    [2    /1   ]  6.7411            -1.572244
                                2.77152           0.992389
[INPUT] 1    0    [1    /1   ]  1.02387              1
[INPUT] 1    0    [1    /1   ]  0.381368             1
[INPUT] 1    0    [1    /1   ]  0.109437             1
[INPUT] 2    0    [1    /1   ]  0.75                 1
[INPUT] C
[INPUT] 0    0    [6    /1   ]  4563.24           0.00196665
                                682.024           0.0152306
                                154.973           0.0761269
                                44.4553           0.260801
                                13.029            0.616462
                                1.82773           0.221006
[INPUT] 0    0    [3    /1   ]  20.9642           0.11466
                                4.80331           0.919999
                                1.45933           -0.00303068
[INPUT] 0    0    [1    /1   ]  0.483456             1
[INPUT] 0    0    [1    /1   ]  0.145585             1
[INPUT] 1    0    [3    /1   ]  20.9642           0.0402487
                                4.80331           0.237594
                                1.45933           0.815854
[INPUT] 1    0    [1    /1   ]  0.483456             1
[INPUT] 1    0    [1    /1   ]  0.145585             1
[INPUT] 2    0    [1    /1   ]  0.626                1
[INPUT] H
[INPUT] 0    0    [3    /1   ]  33.865            0.0254938
                                5.09479           0.190373
                                1.15879           0.852161
[INPUT] 0    0    [1    /1   ]  0.32584              1
[INPUT] 0    0    [1    /1   ]  0.102741             1
[INPUT] 1    0    [1    /1   ]  0.75                 1

nuclear repulsion = 374.976690023007
number of shells = 100
number of NR pGTOs = 329
number of NR cGTOs = 200
basis = 6311g**
ecp = {}
CPU time:         0.39


******** <class 'pyscf.dft.rks.RKS'> ********
method = RKS
initial guess = minao
damping factor = 0
level_shift factor = 0
DIIS = <class 'pyscf.scf.diis.CDIIS'>
diis_start_cycle = 1
diis_space = 8
SCF conv_tol = 1e-09
SCF conv_tol_grad = None
SCF max_cycles = 50
direct_scf = True
direct_scf_tol = 1e-13
chkfile to save SCF result = /scratch/global/yangjunjie/tmpyk605378
max_memory 127949 MB (current use 82 MB)
XC library pyscf.dft.libxc version 5.2.0
    S. Lehtola, C. Steigemann, M. J. Oliveira, and M. A. Marques, SoftwareX 7, 1 (2018)
XC functionals = b3lyp
    P. A. M. Dirac, Math. Proc. Cambridge Philos. Soc. 26, 376 (1930)
    F. Bloch, Z. Phys. 57, 545 (1929)
    A. D. Becke, Phys. Rev. A 38, 3098 (1988)
    C. Lee, W. Yang, and R. G. Parr, Phys. Rev. B 37, 785 (1988)
    B. Miehlich, A. Savin, H. Stoll, and H. Preuss, Chem. Phys. Lett. 157, 200 (1989)
    S. H. Vosko, L. Wilk, and M. Nusair, Can. J. Phys. 58, 1200 (1980)
radial grids: 
    Treutler-Ahlrichs [JCP 102, 346 (1995); DOI:10.1063/1.469408] (M4) radial grids
    
becke partition: Becke, JCP 88, 2547 (1988); DOI:10.1063/1.454033
pruning grids: <function nwchem_prune at 0x7f83cc329e50>
grids dens level: 3
symmetrized grids: False
atomic radii adjust function: <function treutler_atomic_radii_adjust at 0x7f83cc329dc0>
small_rho_cutoff = 1e-07
Set gradient conv threshold to 3.16228e-05
atom C rad-grids = 75, ang-grids = [ 50  50  50  50  50  50  50  50  50  50  50  50  50  50  50  50  50  50
  50  50  50  50  50  86  86  86  86  86  86  86  86  86  86 266 266 266
 266 266 266 266 302 302 302 302 302 302 302 302 302 302 302 302 302 302
 302 302 302 302 302 302 266 266 266 266 266 266 266 266 266 266 266 266
 266 266 266]
atom N rad-grids = 75, ang-grids = [ 50  50  50  50  50  50  50  50  50  50  50  50  50  50  50  50  50  50
  50  50  50  50  50  86  86  86  86  86  86  86  86  86 266 266 266 266
 266 266 266 302 302 302 302 302 302 302 302 302 302 302 302 302 302 302
 302 302 302 302 266 266 266 266 266 266 266 266 266 266 266 266 266 266
 266 266 266]
atom H rad-grids = 50, ang-grids = [ 50  50  50  50  50  50  50  50  50  50  50  50  50  50  86  86  86  86
 266 266 266 266 302 302 302 302 302 302 302 302 302 302 302 302 302 266
 266 266 266 266 266 266 266 266 266 266 266 266 266 266]
atom Cl rad-grids = 80, ang-grids = [ 50  50  50  50  50  50  50  50  50  50  50  50  50  50  50  50  50  50
  50  50  50  50  50  50  86  86  86  86  86  86  86  86  86  86  86  86
  86 350 350 350 350 350 350 350 350 350 434 434 434 434 434 434 434 434
 434 434 434 434 434 434 434 434 434 434 350 350 350 350 350 350 350 350
 350 350 350 350 350 350 350 350]
tot grids = 196530
Drop grids 29356
    CPU time for setting up grids      4.40 sec, wall time      0.17 sec
nelec by numeric integration = 67.99239992692011
    CPU time for vxc      8.03 sec, wall time      0.29 sec
E1 = -1763.8188588940388  Ecoul = 710.2530066748136  Exc = -70.52932877027114
init E= -749.118490966489
cond(S) = 13857.866151539243
    CPU time for initialize scf     25.80 sec, wall time      1.11 sec
  HOMO = -0.302071600200658  LUMO = -0.107496690553787
  mo_energy =
[-1.01497631e+02 -1.43854886e+01 -1.02837238e+01 -1.02830291e+01
 -1.02814575e+01 -1.02797236e+01 -1.02780424e+01 -1.02775910e+01
 -9.51654699e+00 -7.27053018e+00 -7.26929836e+00 -7.26929723e+00
 -1.09408389e+00 -9.35580175e-01 -9.27173823e-01 -8.91251660e-01
 -7.56274023e-01 -7.11382726e-01 -7.02593169e-01 -5.78788285e-01
 -5.32272723e-01 -5.01608013e-01 -4.73140877e-01 -4.72470199e-01
 -4.64770219e-01 -4.58702823e-01 -4.35899733e-01 -4.33821775e-01
 -3.87431335e-01 -3.41449147e-01 -3.40292083e-01 -3.23487190e-01
 -3.03298603e-01 -3.02071600e-01 -1.07496691e-01 -7.68075494e-02
 -3.71609579e-02  1.31652854e-02  3.35069703e-02  4.52113296e-02
  6.53498638e-02  6.86113805e-02  7.71306443e-02  8.60579367e-02
  1.06229269e-01  1.29604125e-01  1.66080564e-01  2.09342660e-01
  2.30063391e-01  2.37266950e-01  2.38792560e-01  2.57148786e-01
  2.61779319e-01  2.71361382e-01  2.75192095e-01  2.78957601e-01
  3.36421673e-01  3.39510759e-01  3.46068282e-01  3.48239103e-01
  3.63894420e-01  3.89980127e-01  3.99374651e-01  3.99741795e-01
  4.21743803e-01  4.25505910e-01  4.76056687e-01  4.78905752e-01
  4.89967770e-01  5.12193471e-01  5.16947132e-01  5.35606363e-01
  5.44268793e-01  5.55558845e-01  5.60254385e-01  5.80237190e-01
  5.95340773e-01  6.32039387e-01  6.84744819e-01  6.86623955e-01
  6.93363408e-01  6.99284452e-01  7.07875011e-01  7.46688963e-01
  7.72814801e-01  7.80529875e-01  7.91861564e-01  8.00042363e-01
  8.04059606e-01  8.12071763e-01  8.23859643e-01  8.99833976e-01
  9.13160905e-01  9.58677175e-01  9.70714677e-01  9.87039925e-01
  1.02529589e+00  1.03216969e+00  1.05830569e+00  1.08307545e+00
  1.08675076e+00  1.10366746e+00  1.15252086e+00  1.21014440e+00
  1.25108570e+00  1.30610960e+00  1.38475198e+00  1.39106325e+00
  1.39864722e+00  1.43526012e+00  1.43531469e+00  1.44560570e+00
  1.48178219e+00  1.49799607e+00  1.52690821e+00  1.53521708e+00
  1.54020810e+00  1.59624737e+00  1.65401879e+00  1.65589042e+00
  1.65937041e+00  1.66595247e+00  1.70872957e+00  1.71963633e+00
  1.73005837e+00  1.73313651e+00  1.75779916e+00  1.83888764e+00
  1.84200076e+00  1.85546941e+00  1.89298259e+00  1.90643705e+00
  1.95797056e+00  1.98733819e+00  2.03570365e+00  2.04869642e+00
  2.05546534e+00  2.09089449e+00  2.11646783e+00  2.12023830e+00
  2.17334236e+00  2.17444786e+00  2.19172162e+00  2.25210321e+00
  2.28671816e+00  2.29234408e+00  2.32144538e+00  2.36055841e+00
  2.38602302e+00  2.39987514e+00  2.41818273e+00  2.43542714e+00
  2.44738635e+00  2.47862897e+00  2.52003843e+00  2.52029640e+00
  2.53827139e+00  2.55893587e+00  2.58764549e+00  2.60024723e+00
  2.61927508e+00  2.65021897e+00  2.68111610e+00  2.68695625e+00
  2.69581386e+00  2.78565147e+00  2.84754400e+00  2.85325152e+00
  2.88422119e+00  2.90920057e+00  2.93856582e+00  3.08439156e+00
  3.10083442e+00  3.28131217e+00  3.34339708e+00  3.37885466e+00
  3.50106153e+00  3.55976605e+00  3.67037427e+00  3.67067383e+00
  3.67695450e+00  3.77709832e+00  3.87781984e+00  3.93116634e+00
  3.96630305e+00  4.30007069e+00  4.36544121e+00  5.13933374e+00
  9.49264079e+00  2.34983014e+01  2.37897479e+01  2.38006089e+01
  2.39680373e+01  2.40770620e+01  2.41142983e+01  2.53913781e+01
  2.54003243e+01  2.59725580e+01  3.55275838e+01  2.15545580e+02]
nelec by numeric integration = 68.00002388513775
    CPU time for vxc      7.36 sec, wall time      0.26 sec
E1 = -1770.9815452556873  Ecoul = 718.5851629525895  Exc = -70.77872727451293
cycle= 1 E= -748.198419554603  delta_E= 0.92  |g|= 0.391  |ddm|= 3.33
    CPU time for cycle= 1      8.99 sec, wall time      0.32 sec
  HOMO = -0.206099447849839  LUMO = -0.00546173450030839
  mo_energy =
[-1.01417102e+02 -1.41858798e+01 -1.01733939e+01 -1.01712674e+01
 -1.01441474e+01 -1.01290236e+01 -1.00866252e+01 -1.00850836e+01
 -9.34091111e+00 -7.10434364e+00 -7.09443724e+00 -7.09442866e+00
 -8.97011360e-01 -7.85037021e-01 -7.65613586e-01 -7.39862156e-01
 -6.24597938e-01 -6.08672931e-01 -5.99583260e-01 -5.18133930e-01
 -4.51881588e-01 -4.44870204e-01 -4.17346674e-01 -4.05186358e-01
 -4.03636158e-01 -3.87934457e-01 -3.70670740e-01 -3.48187524e-01
 -3.37454094e-01 -2.55168314e-01 -2.48810043e-01 -2.38652878e-01
 -2.37658699e-01 -2.06099448e-01 -5.46173450e-03  9.81634302e-03
  3.65845752e-02  6.24985402e-02  6.78302688e-02  9.11807604e-02
  9.70741129e-02  9.81755447e-02  1.31745633e-01  1.31915985e-01
  1.64306344e-01  1.64396370e-01  2.35263410e-01  2.71762744e-01
  2.84902966e-01  2.92585469e-01  3.14593105e-01  3.17954383e-01
  3.21733288e-01  3.30475620e-01  3.35146307e-01  3.46544560e-01
  3.89142164e-01  3.98488858e-01  4.01122495e-01  4.08034441e-01
  4.23020437e-01  4.44126450e-01  4.50923863e-01  4.61361400e-01
  4.70271631e-01  4.99058748e-01  5.32316098e-01  5.53935265e-01
  5.55354021e-01  5.69026544e-01  5.91391337e-01  6.07582360e-01
  6.15216184e-01  6.18662217e-01  6.23018725e-01  6.44407406e-01
  6.74124289e-01  6.85359259e-01  7.42419629e-01  7.49658459e-01
  7.68467130e-01  7.84321314e-01  7.92393013e-01  8.02845503e-01
  8.56189024e-01  8.57852072e-01  8.89878541e-01  8.91536339e-01
  9.00531258e-01  9.54965934e-01  9.56437430e-01  9.69410307e-01
  9.73849816e-01  1.00587722e+00  1.06175733e+00  1.06794623e+00
  1.08637829e+00  1.09504863e+00  1.12015550e+00  1.17771193e+00
  1.17786576e+00  1.19621567e+00  1.21688265e+00  1.29329620e+00
  1.33196817e+00  1.38068434e+00  1.46120328e+00  1.46338647e+00
  1.46458838e+00  1.51293087e+00  1.51336438e+00  1.52235237e+00
  1.54560514e+00  1.56861856e+00  1.59093632e+00  1.60282161e+00
  1.60371999e+00  1.65139535e+00  1.69882415e+00  1.71868989e+00
  1.73101006e+00  1.74113783e+00  1.76706309e+00  1.77217533e+00
  1.78740736e+00  1.79129426e+00  1.83479311e+00  1.89478548e+00
  1.92341944e+00  1.94421712e+00  1.97912911e+00  1.99432206e+00
  2.04417669e+00  2.07795325e+00  2.12520795e+00  2.13303179e+00
  2.15310399e+00  2.17745315e+00  2.18973140e+00  2.20060539e+00
  2.27103239e+00  2.28082627e+00  2.28220369e+00  2.32772508e+00
  2.37003841e+00  2.38356366e+00  2.41975974e+00  2.45416605e+00
  2.45545769e+00  2.47830802e+00  2.49496648e+00  2.53188264e+00
  2.53957391e+00  2.57157399e+00  2.58270367e+00  2.60054312e+00
  2.61106995e+00  2.62205037e+00  2.63319488e+00  2.63853630e+00
  2.67707248e+00  2.74182718e+00  2.77379463e+00  2.78693590e+00
  2.79716614e+00  2.88451707e+00  2.95777216e+00  2.96862560e+00
  2.97789931e+00  3.01603597e+00  3.02097428e+00  3.19352283e+00
  3.23627184e+00  3.40761410e+00  3.46142266e+00  3.49042700e+00
  3.61663349e+00  3.65977549e+00  3.76839379e+00  3.76908023e+00
  3.77782985e+00  3.92275777e+00  3.97096669e+00  4.01936665e+00
  4.07033151e+00  4.42134963e+00  4.51260362e+00  5.27535402e+00
  9.65585569e+00  2.36405956e+01  2.39218101e+01  2.39284074e+01
  2.40924049e+01  2.42261534e+01  2.42717188e+01  2.55558412e+01
  2.55647050e+01  2.61205985e+01  3.57179500e+01  2.15623332e+02]
nelec by numeric integration = 68.00002132696163
    CPU time for vxc      7.33 sec, wall time      0.26 sec
E1 = -1763.3583493002945  Ecoul = 710.3798016465952  Exc = -70.19465257605962
cycle= 2 E= -748.196510206752  delta_E= 0.00191  |g|= 0.418  |ddm|= 0.799
    CPU time for cycle= 2      9.02 sec, wall time      0.32 sec
  HOMO = -0.271782145438399  LUMO = -0.0502129778791714
  mo_energy =
[-1.01510808e+02 -1.43463264e+01 -1.02077389e+01 -1.02072086e+01
 -1.01977521e+01 -1.01937683e+01 -1.01934946e+01 -1.01931819e+01
 -9.42003746e+00 -7.18480742e+00 -7.17526854e+00 -7.17525818e+00
 -9.61196072e-01 -8.22425050e-01 -8.18137331e-01 -7.82679358e-01
 -6.55055789e-01 -6.45078020e-01 -6.42864636e-01 -5.45799266e-01
 -4.98800364e-01 -4.76974184e-01 -4.48276002e-01 -4.27339008e-01
 -4.24874733e-01 -4.23504398e-01 -4.14964359e-01 -3.82513895e-01
 -3.74655675e-01 -3.05494931e-01 -2.85728211e-01 -2.74433489e-01
 -2.72178522e-01 -2.71782145e-01 -5.02129779e-02 -2.45547734e-02
  2.67201082e-02  4.96007113e-02  6.10022348e-02  6.94552903e-02
  8.99296581e-02  9.25492722e-02  1.18632191e-01  1.25873885e-01
  1.27914362e-01  1.56852220e-01  2.06948412e-01  2.49243323e-01
  2.67873696e-01  2.70181681e-01  2.92165111e-01  3.02883918e-01
  3.04443079e-01  3.10911876e-01  3.16896375e-01  3.28291127e-01
  3.66221121e-01  3.72128740e-01  3.76796794e-01  3.83353229e-01
  4.01630455e-01  4.20993689e-01  4.30924296e-01  4.32228079e-01
  4.49723995e-01  4.67959764e-01  5.08263978e-01  5.32092505e-01
  5.37318188e-01  5.42930779e-01  5.60637523e-01  5.82980157e-01
  5.88540413e-01  5.95673984e-01  6.04789788e-01  6.24243504e-01
  6.42027710e-01  6.66558047e-01  7.19626420e-01  7.24647869e-01
  7.28352714e-01  7.52998877e-01  7.59716834e-01  7.71853529e-01
  8.24651853e-01  8.27878161e-01  8.55358836e-01  8.61462251e-01
  8.71104172e-01  9.13030135e-01  9.13640904e-01  9.38400715e-01
  9.44768023e-01  9.82305761e-01  1.01892496e+00  1.03847796e+00
  1.05593783e+00  1.06791377e+00  1.09592543e+00  1.14091052e+00
  1.15195045e+00  1.16889293e+00  1.18804569e+00  1.25458584e+00
  1.29435181e+00  1.33925000e+00  1.43157008e+00  1.43502794e+00
  1.44972620e+00  1.47999728e+00  1.49616983e+00  1.50567442e+00
  1.52707868e+00  1.53085899e+00  1.56920955e+00  1.57460315e+00
  1.57978881e+00  1.63238538e+00  1.68270343e+00  1.69819400e+00
  1.71385044e+00  1.71840945e+00  1.74854079e+00  1.75297715e+00
  1.76665436e+00  1.76777655e+00  1.80507579e+00  1.87547861e+00
  1.88882467e+00  1.90862032e+00  1.94163169e+00  1.96361355e+00
  2.01758557e+00  2.03834033e+00  2.08986232e+00  2.10717408e+00
  2.12600276e+00  2.14403908e+00  2.16048853e+00  2.16703858e+00
  2.23926584e+00  2.24906141e+00  2.24957506e+00  2.30198258e+00
  2.33868567e+00  2.36205353e+00  2.37201531e+00  2.42467284e+00
  2.44065821e+00  2.45413819e+00  2.47190751e+00  2.50814545e+00
  2.51773938e+00  2.53422314e+00  2.55615770e+00  2.57585660e+00
  2.57924350e+00  2.59540168e+00  2.61429132e+00  2.62638608e+00
  2.65436029e+00  2.70056104e+00  2.73737543e+00  2.73869416e+00
  2.74847887e+00  2.83813996e+00  2.91033261e+00  2.91548463e+00
  2.94058285e+00  2.96554620e+00  2.99663466e+00  3.16061614e+00
  3.17549848e+00  3.35333453e+00  3.41069963e+00  3.44285916e+00
  3.56622090e+00  3.61364936e+00  3.72969442e+00  3.74605427e+00
  3.74732523e+00  3.82273662e+00  3.93254100e+00  3.98438933e+00
  4.02360189e+00  4.36298362e+00  4.42517759e+00  5.19531772e+00
  9.58741402e+00  2.35714334e+01  2.38607680e+01  2.38805716e+01
  2.40388277e+01  2.41503914e+01  2.41905524e+01  2.54916001e+01
  2.55004792e+01  2.60567676e+01  3.55631858e+01  2.15532244e+02]
nelec by numeric integration = 68.00002232260685
    CPU time for vxc      7.15 sec, wall time      0.26 sec
E1 = -1767.2380350969538  Ecoul = 714.5104571940831  Exc = -70.48617488026909
cycle= 3 E= -748.237062760132  delta_E= -0.0406  |g|= 0.0901  |ddm|= 0.403
    CPU time for cycle= 3      8.79 sec, wall time      0.31 sec
  HOMO = -0.266753861442703  LUMO = -0.0493945877080705
  mo_energy =
[-1.01523592e+02 -1.43104866e+01 -1.02205650e+01 -1.02196517e+01
 -1.02116733e+01 -1.02027162e+01 -1.02006608e+01 -1.02000790e+01
 -9.43396422e+00 -7.19862996e+00 -7.18921647e+00 -7.18920511e+00
 -9.53950579e-01 -8.25678877e-01 -8.22203081e-01 -7.85891621e-01
 -6.59617203e-01 -6.49233046e-01 -6.42688173e-01 -5.48627251e-01
 -5.00576530e-01 -4.79600635e-01 -4.51160826e-01 -4.28670344e-01
 -4.27403147e-01 -4.25893617e-01 -4.14491347e-01 -3.88533988e-01
 -3.76431895e-01 -3.03724828e-01 -2.89055621e-01 -2.79206890e-01
 -2.78568340e-01 -2.66753861e-01 -4.93945877e-02 -2.72158873e-02
  2.54973658e-02  4.75146475e-02  6.01339809e-02  6.71494346e-02
  8.93617556e-02  9.17156633e-02  1.19115482e-01  1.25353916e-01
  1.26650121e-01  1.56259968e-01  2.07964977e-01  2.47259198e-01
  2.66210850e-01  2.69733638e-01  2.89396120e-01  3.00886126e-01
  3.03402317e-01  3.09986864e-01  3.14172029e-01  3.24951446e-01
  3.65510728e-01  3.70184270e-01  3.75694249e-01  3.81733118e-01
  3.99463373e-01  4.19273785e-01  4.29626089e-01  4.31059890e-01
  4.47640512e-01  4.68468583e-01  5.06619587e-01  5.31085015e-01
  5.36626439e-01  5.40813837e-01  5.59484068e-01  5.80470184e-01
  5.86611661e-01  5.94514589e-01  6.03432542e-01  6.22905340e-01
  6.40237346e-01  6.63865846e-01  7.16994581e-01  7.25882529e-01
  7.30617474e-01  7.50806650e-01  7.57729909e-01  7.71248081e-01
  8.21740496e-01  8.28130486e-01  8.50528557e-01  8.56208164e-01
  8.66616421e-01  9.04443798e-01  9.04546686e-01  9.35667837e-01
  9.44476370e-01  9.81348974e-01  1.01536654e+00  1.03790132e+00
  1.05624195e+00  1.06529149e+00  1.09235869e+00  1.13948393e+00
  1.14894910e+00  1.16628958e+00  1.18784279e+00  1.25668625e+00
  1.29493401e+00  1.34241422e+00  1.42914237e+00  1.43256144e+00
  1.44947391e+00  1.47838020e+00  1.49463109e+00  1.50411104e+00
  1.52462916e+00  1.52904173e+00  1.56733799e+00  1.57257708e+00
  1.57803333e+00  1.63131924e+00  1.68095378e+00  1.69594649e+00
  1.71289603e+00  1.71646863e+00  1.74678078e+00  1.75139638e+00
  1.76609419e+00  1.76669429e+00  1.80377634e+00  1.87292141e+00
  1.88554008e+00  1.90505820e+00  1.93870227e+00  1.96198209e+00
  2.01627945e+00  2.03604017e+00  2.08845767e+00  2.10322835e+00
  2.12214894e+00  2.14253045e+00  2.16067652e+00  2.16628350e+00
  2.23858216e+00  2.24410130e+00  2.24421424e+00  2.29950490e+00
  2.33685745e+00  2.35970607e+00  2.37549399e+00  2.42055945e+00
  2.44065153e+00  2.45071239e+00  2.47054192e+00  2.50535566e+00
  2.51498712e+00  2.53479550e+00  2.55505649e+00  2.57478119e+00
  2.57534722e+00  2.59385634e+00  2.61215320e+00  2.62539129e+00
  2.65258862e+00  2.70141265e+00  2.73614906e+00  2.73787518e+00
  2.74273310e+00  2.83473511e+00  2.91093673e+00  2.91805127e+00
  2.93801747e+00  2.96119307e+00  2.99621980e+00  3.15568789e+00
  3.17071028e+00  3.34793968e+00  3.40610047e+00  3.43787264e+00
  3.56645659e+00  3.61692533e+00  3.73118800e+00  3.74351214e+00
  3.74482675e+00  3.84272852e+00  3.92841893e+00  3.97979856e+00
  4.02099159e+00  4.36137446e+00  4.43879890e+00  5.20613910e+00
  9.57493580e+00  2.35615418e+01  2.38513770e+01  2.38721499e+01
  2.40263074e+01  2.41413480e+01  2.41816207e+01  2.54795548e+01
  2.54884331e+01  2.60450097e+01  3.55975705e+01  2.15519493e+02]
nelec by numeric integration = 68.00002206302813
    CPU time for vxc      7.72 sec, wall time      0.28 sec
E1 = -1767.3342036088675  Ecoul = 714.6140872830874  Exc = -70.49490222082133
cycle= 4 E= -748.238328523594  delta_E= -0.00127  |g|= 0.0439  |ddm|= 0.0797
    CPU time for cycle= 4      9.78 sec, wall time      0.35 sec
  HOMO = -0.27142056745184  LUMO = -0.0488984374144718
  mo_energy =
[-1.01517883e+02 -1.43222816e+01 -1.02199706e+01 -1.02195574e+01
 -1.02046569e+01 -1.02043792e+01 -1.01940241e+01 -1.01938264e+01
 -9.43143286e+00 -7.19576964e+00 -7.18644102e+00 -7.18642943e+00
 -9.55408867e-01 -8.25459767e-01 -8.19739210e-01 -7.84102523e-01
 -6.60887112e-01 -6.47779249e-01 -6.42267962e-01 -5.47218144e-01
 -4.99223551e-01 -4.78278125e-01 -4.49886936e-01 -4.30323767e-01
 -4.27657547e-01 -4.25601663e-01 -4.14240880e-01 -3.89025543e-01
 -3.75266846e-01 -3.02964845e-01 -2.87096882e-01 -2.79681494e-01
 -2.79021029e-01 -2.71420567e-01 -4.88984374e-02 -2.56434500e-02
  2.59128029e-02  4.76206495e-02  6.05640310e-02  6.61678289e-02
  8.92265620e-02  9.23464874e-02  1.18078269e-01  1.25320668e-01
  1.27283431e-01  1.55566790e-01  2.07870412e-01  2.48986131e-01
  2.68083367e-01  2.70590791e-01  2.89355946e-01  3.00730448e-01
  3.02044060e-01  3.09097279e-01  3.13652382e-01  3.24370478e-01
  3.65967612e-01  3.72347838e-01  3.76306218e-01  3.82331659e-01
  4.01583189e-01  4.20716913e-01  4.30384200e-01  4.31715989e-01
  4.49004260e-01  4.67609435e-01  5.07571142e-01  5.30972046e-01
  5.35015195e-01  5.42812720e-01  5.60471105e-01  5.82778924e-01
  5.85881992e-01  5.94790911e-01  6.02208865e-01  6.21945677e-01
  6.42553616e-01  6.64602452e-01  7.19248823e-01  7.27496208e-01
  7.27880217e-01  7.50439731e-01  7.57452622e-01  7.72230171e-01
  8.22593101e-01  8.28441730e-01  8.49625870e-01  8.55953496e-01
  8.66584746e-01  9.04301964e-01  9.04341129e-01  9.38053067e-01
  9.44739925e-01  9.82686349e-01  1.01807238e+00  1.03710856e+00
  1.05516074e+00  1.06707390e+00  1.09431691e+00  1.13869373e+00
  1.14747479e+00  1.16487562e+00  1.18758800e+00  1.25534349e+00
  1.29445015e+00  1.34174710e+00  1.43093508e+00  1.43407324e+00
  1.44743252e+00  1.48016272e+00  1.49287984e+00  1.50235939e+00
  1.52671492e+00  1.53067885e+00  1.56793903e+00  1.57383937e+00
  1.57890358e+00  1.63114735e+00  1.68251531e+00  1.69684504e+00
  1.71123932e+00  1.71575927e+00  1.74800328e+00  1.75179921e+00
  1.76669069e+00  1.76675787e+00  1.80408496e+00  1.87425017e+00
  1.88824740e+00  1.90767742e+00  1.94038992e+00  1.96177017e+00
  2.01512608e+00  2.03817544e+00  2.08951405e+00  2.10241007e+00
  2.12144781e+00  2.14252520e+00  2.16212638e+00  2.16655674e+00
  2.23969608e+00  2.24344936e+00  2.24349657e+00  2.30090959e+00
  2.33784863e+00  2.35821194e+00  2.37375614e+00  2.42076401e+00
  2.43873240e+00  2.45168344e+00  2.46941671e+00  2.50359839e+00
  2.51338116e+00  2.53426286e+00  2.55536820e+00  2.57566818e+00
  2.57794612e+00  2.59400692e+00  2.61323896e+00  2.62648817e+00
  2.65414480e+00  2.70095560e+00  2.73714661e+00  2.73905846e+00
  2.74506080e+00  2.83561617e+00  2.91036978e+00  2.91717580e+00
  2.93921137e+00  2.96470208e+00  2.99439705e+00  3.15442741e+00
  3.17416782e+00  3.35098839e+00  3.40890043e+00  3.44175212e+00
  3.56689306e+00  3.61452713e+00  3.72982482e+00  3.74146686e+00
  3.74287859e+00  3.83535093e+00  3.93089204e+00  3.98267902e+00
  4.02291410e+00  4.36341269e+00  4.43348377e+00  5.20234651e+00
  9.57668815e+00  2.35658786e+01  2.38542100e+01  2.38702813e+01
  2.40306481e+01  2.41450975e+01  2.41865037e+01  2.54809115e+01
  2.54897905e+01  2.60465647e+01  3.55862438e+01  2.15524795e+02]
nelec by numeric integration = 68.00002228217366
    CPU time for vxc      7.41 sec, wall time      0.26 sec
E1 = -1767.3146127331033  Ecoul = 714.5931174694007  Exc = -70.4939244226091
cycle= 5 E= -748.238729663304  delta_E= -0.000401  |g|= 0.0118  |ddm|= 0.0432
    CPU time for cycle= 5      9.41 sec, wall time      0.34 sec
  HOMO = -0.270188137224276  LUMO = -0.0486027209888591
  mo_energy =
[-1.01514791e+02 -1.43201764e+01 -1.02167571e+01 -1.02163953e+01
 -1.02063617e+01 -1.02022903e+01 -1.01956933e+01 -1.01954527e+01
 -9.42941715e+00 -7.19364303e+00 -7.18433419e+00 -7.18432245e+00
 -9.54156623e-01 -8.24820467e-01 -8.20141372e-01 -7.83528411e-01
 -6.59981892e-01 -6.47510240e-01 -6.41813984e-01 -5.47042037e-01
 -4.99008052e-01 -4.78270974e-01 -4.49453172e-01 -4.29516987e-01
 -4.26890263e-01 -4.25847030e-01 -4.13675402e-01 -3.88243388e-01
 -3.75234366e-01 -3.02983321e-01 -2.86712156e-01 -2.79040207e-01
 -2.78391577e-01 -2.70188137e-01 -4.86027210e-02 -2.52899398e-02
  2.60994312e-02  4.78685508e-02  6.07429397e-02  6.67588351e-02
  8.94527993e-02  9.22860853e-02  1.18555758e-01  1.25539143e-01
  1.27568871e-01  1.55998090e-01  2.08408845e-01  2.48829287e-01
  2.67800286e-01  2.70647864e-01  2.89746704e-01  3.01221775e-01
  3.02561736e-01  3.09650486e-01  3.13999776e-01  3.24688909e-01
  3.66309029e-01  3.72244365e-01  3.76610935e-01  3.82556920e-01
  4.01220171e-01  4.20950559e-01  4.30565668e-01  4.31900470e-01
  4.49164193e-01  4.68462195e-01  5.07891774e-01  5.31666556e-01
  5.35719358e-01  5.42496592e-01  5.60690040e-01  5.82404051e-01
  5.86528331e-01  5.95025476e-01  6.02902218e-01  6.22952880e-01
  6.42140129e-01  6.64954731e-01  7.18831523e-01  7.27593609e-01
  7.28534455e-01  7.50957421e-01  7.57990627e-01  7.72392686e-01
  8.22924212e-01  8.28920203e-01  8.50463092e-01  8.56614383e-01
  8.67139096e-01  9.04980685e-01  9.05061067e-01  9.37791949e-01
  9.44942166e-01  9.82579672e-01  1.01788732e+00  1.03781347e+00
  1.05594567e+00  1.06717740e+00  1.09430471e+00  1.13934332e+00
  1.14824017e+00  1.16565408e+00  1.18842863e+00  1.25591481e+00
  1.29530396e+00  1.34237581e+00  1.43092695e+00  1.43431874e+00
  1.44801210e+00  1.48013380e+00  1.49361345e+00  1.50310382e+00
  1.52630528e+00  1.53074148e+00  1.56827244e+00  1.57398417e+00
  1.57907314e+00  1.63173969e+00  1.68237452e+00  1.69716474e+00
  1.71188977e+00  1.71634344e+00  1.74817974e+00  1.75200275e+00
  1.76695680e+00  1.76704278e+00  1.80444080e+00  1.87429587e+00
  1.88777544e+00  1.90727943e+00  1.94065053e+00  1.96239617e+00
  2.01581231e+00  2.03798432e+00  2.08990170e+00  2.10314173e+00
  2.12221979e+00  2.14339073e+00  2.16191891e+00  2.16695295e+00
  2.23965568e+00  2.24418233e+00  2.24428722e+00  2.30114043e+00
  2.33807139e+00  2.35903149e+00  2.37482206e+00  2.42129991e+00
  2.43934459e+00  2.45179240e+00  2.47002283e+00  2.50464433e+00
  2.51439417e+00  2.53512140e+00  2.55566378e+00  2.57597406e+00
  2.57758824e+00  2.59448466e+00  2.61316225e+00  2.62631863e+00
  2.65397614e+00  2.70165028e+00  2.73726561e+00  2.73925116e+00
  2.74537831e+00  2.83659925e+00  2.91124646e+00  2.91793423e+00
  2.93980178e+00  2.96421983e+00  2.99511738e+00  3.15563690e+00
  3.17358109e+00  3.35094076e+00  3.40887849e+00  3.44104722e+00
  3.56736063e+00  3.61612233e+00  3.73126046e+00  3.74252086e+00
  3.74394437e+00  3.83699363e+00  3.93079146e+00  3.98229640e+00
  4.02294037e+00  4.36325303e+00  4.43493731e+00  5.20374343e+00
  9.57834035e+00  2.35658325e+01  2.38552504e+01  2.38724941e+01
  2.40307482e+01  2.41455059e+01  2.41860168e+01  2.54823826e+01
  2.54912616e+01  2.60481139e+01  3.55883182e+01  2.15527741e+02]
nelec by numeric integration = 68.00002219985556
    CPU time for vxc      7.59 sec, wall time      0.28 sec
E1 = -1767.2629751703057  Ecoul = 714.5379672243558  Exc = -70.49044441136228
cycle= 6 E= -748.238762334305  delta_E= -3.27e-05  |g|= 0.00453  |ddm|= 0.0128
    CPU time for cycle= 6      9.31 sec, wall time      0.34 sec
  HOMO = -0.270465387710545  LUMO = -0.0486919799461944
  mo_energy =
[-1.01515297e+02 -1.43205737e+01 -1.02179769e+01 -1.02175358e+01
 -1.02056183e+01 -1.02025067e+01 -1.01955870e+01 -1.01953200e+01
 -9.42977950e+00 -7.19401652e+00 -7.18471159e+00 -7.18469981e+00
 -9.54721736e-01 -8.25039387e-01 -8.20155389e-01 -7.83865721e-01
 -6.60080442e-01 -6.47634101e-01 -6.41984672e-01 -5.47135461e-01
 -4.99198420e-01 -4.78293307e-01 -4.49716713e-01 -4.29679170e-01
 -4.27022578e-01 -4.25806201e-01 -4.13943887e-01 -3.88409024e-01
 -3.75310612e-01 -3.03031677e-01 -2.86990872e-01 -2.79218738e-01
 -2.78568999e-01 -2.70465388e-01 -4.86919799e-02 -2.55022014e-02
  2.60783499e-02  4.78391244e-02  6.07045620e-02  6.66730311e-02
  8.94284756e-02  9.23476036e-02  1.18449652e-01  1.25515641e-01
  1.27460752e-01  1.55905632e-01  2.08213619e-01  2.48859735e-01
  2.67864861e-01  2.70597832e-01  2.89656486e-01  3.01086204e-01
  3.02440327e-01  3.09500786e-01  3.13887420e-01  3.24560146e-01
  3.66177426e-01  3.72190303e-01  3.76488248e-01  3.82466241e-01
  4.01313004e-01  4.20801349e-01  4.30477244e-01  4.31816982e-01
  4.49087491e-01  4.68201530e-01  5.07744400e-01  5.31459750e-01
  5.35597117e-01  5.42553383e-01  5.60574178e-01  5.82433915e-01
  5.86374821e-01  5.94985625e-01  6.02764426e-01  6.22705191e-01
  6.42135161e-01  6.64846559e-01  7.18926587e-01  7.27655957e-01
  7.28308178e-01  7.50846325e-01  7.57841302e-01  7.72300421e-01
  8.22787729e-01  8.28722530e-01  8.50269521e-01  8.56446658e-01
  8.66983586e-01  9.04781046e-01  9.04851340e-01  9.37762796e-01
  9.44887176e-01  9.82588213e-01  1.01781831e+00  1.03761182e+00
  1.05572858e+00  1.06703715e+00  1.09427110e+00  1.13915202e+00
  1.14809414e+00  1.16549698e+00  1.18814036e+00  1.25579296e+00
  1.29498184e+00  1.34212347e+00  1.43085526e+00  1.43413820e+00
  1.44792796e+00  1.48005835e+00  1.49349386e+00  1.50298189e+00
  1.52640902e+00  1.53066772e+00  1.56816561e+00  1.57391528e+00
  1.57902166e+00  1.63159987e+00  1.68239024e+00  1.69704802e+00
  1.71176969e+00  1.71622930e+00  1.74806274e+00  1.75196001e+00
  1.76689341e+00  1.76695121e+00  1.80431183e+00  1.87426956e+00
  1.88785146e+00  1.90735192e+00  1.94048763e+00  1.96221324e+00
  2.01567336e+00  2.03796358e+00  2.08968955e+00  2.10297198e+00
  2.12202547e+00  2.14308928e+00  2.16190711e+00  2.16684328e+00
  2.23965134e+00  2.24402323e+00  2.24411975e+00  2.30098997e+00
  2.33798062e+00  2.35895120e+00  2.37447846e+00  2.42119479e+00
  2.43925518e+00  2.45179182e+00  2.46991938e+00  2.50448378e+00
  2.51423534e+00  2.53482572e+00  2.55563038e+00  2.57587125e+00
  2.57755128e+00  2.59438517e+00  2.61326018e+00  2.62637052e+00
  2.65400603e+00  2.70141015e+00  2.73720767e+00  2.73905838e+00
  2.74521261e+00  2.83613597e+00  2.91095252e+00  2.91769131e+00
  2.93950206e+00  2.96418795e+00  2.99501215e+00  3.15544262e+00
  3.17363007e+00  3.35076916e+00  3.40871586e+00  3.44111927e+00
  3.56714384e+00  3.61564873e+00  3.73077223e+00  3.74239366e+00
  3.74379975e+00  3.83658734e+00  3.93071225e+00  3.98234221e+00
  4.02284367e+00  4.36320439e+00  4.43455667e+00  5.20330792e+00
  9.57802652e+00  2.35656562e+01  2.38546733e+01  2.38722773e+01
  2.40307020e+01  2.41450740e+01  2.41859164e+01  2.54820871e+01
  2.54909661e+01  2.60478232e+01  3.55879118e+01  2.15527257e+02]
nelec by numeric integration = 68.00002221843276
    CPU time for vxc      7.60 sec, wall time      0.28 sec
E1 = -1767.2828338444338  Ecoul = 714.5587537165845  Exc = -70.49137740529166
cycle= 7 E= -748.238767510134  delta_E= -5.18e-06  |g|= 0.000687  |ddm|= 0.00354
    CPU time for cycle= 7      9.21 sec, wall time      0.34 sec
  HOMO = -0.270444649288682  LUMO = -0.0486877492041727
  mo_energy =
[-1.01515735e+02 -1.43205827e+01 -1.02178734e+01 -1.02174777e+01
 -1.02058101e+01 -1.02026948e+01 -1.01954519e+01 -1.01952170e+01
 -9.43003253e+00 -7.19428905e+00 -7.18498087e+00 -7.18496909e+00
 -9.54693182e-01 -8.25102483e-01 -8.20167825e-01 -7.83810772e-01
 -6.60128308e-01 -6.47618138e-01 -6.41964955e-01 -5.47126076e-01
 -4.99175395e-01 -4.78265825e-01 -4.49676364e-01 -4.29709260e-01
 -4.27058462e-01 -4.25827805e-01 -4.13926155e-01 -3.88475342e-01
 -3.75297083e-01 -3.03038354e-01 -2.86943036e-01 -2.79281760e-01
 -2.78630868e-01 -2.70444649e-01 -4.86877492e-02 -2.54656967e-02
  2.60721873e-02  4.78069761e-02  6.07196776e-02  6.66510359e-02
  8.94344910e-02  9.23435375e-02  1.18448570e-01  1.25519382e-01
  1.27475339e-01  1.55907975e-01  2.08225855e-01  2.48865753e-01
  2.67867440e-01  2.70606864e-01  2.89635980e-01  3.01084187e-01
  3.02428618e-01  3.09497142e-01  3.13869802e-01  3.24535804e-01
  3.66195067e-01  3.72200665e-01  3.76509680e-01  3.82481683e-01
  4.01305754e-01  4.20832334e-01  4.30481032e-01  4.31819322e-01
  4.49083899e-01  4.68205305e-01  5.07769017e-01  5.31484649e-01
  5.35585558e-01  5.42553866e-01  5.60580358e-01  5.82452172e-01
  5.86366969e-01  5.94977021e-01  6.02739985e-01  6.22720228e-01
  6.42157336e-01  6.64846875e-01  7.18926048e-01  7.27655582e-01
  7.28314851e-01  7.50832208e-01  7.57845658e-01  7.72307846e-01
  8.22793630e-01  8.28745512e-01  8.50213360e-01  8.56401469e-01
  8.66949491e-01  9.04711056e-01  9.04776474e-01  9.37773343e-01
  9.44888274e-01  9.82589176e-01  1.01783346e+00  1.03760043e+00
  1.05572880e+00  1.06707024e+00  1.09427176e+00  1.13912915e+00
  1.14805873e+00  1.16546635e+00  1.18816510e+00  1.25580391e+00
  1.29501532e+00  1.34214207e+00  1.43086976e+00  1.43416794e+00
  1.44792036e+00  1.48005923e+00  1.49346704e+00  1.50295544e+00
  1.52640792e+00  1.53067911e+00  1.56818466e+00  1.57392567e+00
  1.57903271e+00  1.63161336e+00  1.68239902e+00  1.69706205e+00
  1.71175051e+00  1.71620979e+00  1.74809131e+00  1.75196190e+00
  1.76689755e+00  1.76696044e+00  1.80430603e+00  1.87428357e+00
  1.88785644e+00  1.90734835e+00  1.94051427e+00  1.96222877e+00
  2.01567081e+00  2.03797311e+00  2.08971663e+00  2.10292186e+00
  2.12197911e+00  2.14310769e+00  2.16190795e+00  2.16686058e+00
  2.23964262e+00  2.24396797e+00  2.24405576e+00  2.30102560e+00
  2.33800291e+00  2.35891686e+00  2.37450168e+00  2.42114191e+00
  2.43924915e+00  2.45176627e+00  2.46991173e+00  2.50442912e+00
  2.51418833e+00  2.53485433e+00  2.55563724e+00  2.57589348e+00
  2.57757146e+00  2.59440452e+00  2.61324843e+00  2.62638513e+00
  2.65401620e+00  2.70143255e+00  2.73721566e+00  2.73910991e+00
  2.74519897e+00  2.83619080e+00  2.91097854e+00  2.91770591e+00
  2.93954025e+00  2.96420453e+00  2.99500373e+00  3.15535909e+00
  3.17363802e+00  3.35081177e+00  3.40874886e+00  3.44112404e+00
  3.56716491e+00  3.61568393e+00  3.73080476e+00  3.74234235e+00
  3.74375270e+00  3.83659693e+00  3.93074436e+00  3.98235174e+00
  4.02285854e+00  4.36321467e+00  4.43457894e+00  5.20333053e+00
  9.57782492e+00  2.35656854e+01  2.38547607e+01  2.38721042e+01
  2.40306281e+01  2.41451728e+01  2.41859660e+01  2.54819106e+01
  2.54907896e+01  2.60476368e+01  3.55879036e+01  2.15526844e+02]
nelec by numeric integration = 68.0000222230218
    CPU time for vxc      7.81 sec, wall time      0.29 sec
E1 = -1767.2847491298799  Ecoul = 714.5608746605418  Exc = -70.49158314719014
cycle= 8 E= -748.238767593521  delta_E= -8.34e-08  |g|= 0.000242  |ddm|= 0.000611
    CPU time for cycle= 8      9.46 sec, wall time      0.35 sec
  HOMO = -0.27044512521375  LUMO = -0.0486805109554614
  mo_energy =
[-1.01515751e+02 -1.43205818e+01 -1.02178771e+01 -1.02174533e+01
 -1.02057418e+01 -1.02026752e+01 -1.01955093e+01 -1.01952506e+01
 -9.43001697e+00 -7.19427726e+00 -7.18496761e+00 -7.18495583e+00
 -9.54688836e-01 -8.25079877e-01 -8.20158053e-01 -7.83816330e-01
 -6.60117541e-01 -6.47615490e-01 -6.41965888e-01 -5.47121150e-01
 -4.99174761e-01 -4.78275655e-01 -4.49682006e-01 -4.29698889e-01
 -4.27047294e-01 -4.25814575e-01 -4.13923105e-01 -3.88460163e-01
 -3.75299298e-01 -3.03029791e-01 -2.86949032e-01 -2.79263101e-01
 -2.78612375e-01 -2.70445125e-01 -4.86805110e-02 -2.54709896e-02
  2.60752863e-02  4.78157868e-02  6.07158858e-02  6.66577375e-02
  8.94334561e-02  9.23458256e-02  1.18452329e-01  1.25520749e-01
  1.27476530e-01  1.55909143e-01  2.08227724e-01  2.48867382e-01
  2.67867566e-01  2.70607510e-01  2.89639881e-01  3.01086823e-01
  3.02435260e-01  3.09501225e-01  3.13877480e-01  3.24545904e-01
  3.66193878e-01  3.72202327e-01  3.76506950e-01  3.82479852e-01
  4.01310459e-01  4.20827585e-01  4.30483239e-01  4.31823942e-01
  4.49091447e-01  4.68210101e-01  5.07765874e-01  5.31483861e-01
  5.35591559e-01  5.42554934e-01  5.60584269e-01  5.82446257e-01
  5.86371894e-01  5.94983833e-01  6.02748486e-01  6.22721829e-01
  6.42150688e-01  6.64853035e-01  7.18926973e-01  7.27657823e-01
  7.28317736e-01  7.50839248e-01  7.57847888e-01  7.72310133e-01
  8.22795860e-01  8.28744418e-01  8.50229949e-01  8.56414301e-01
  8.66961491e-01  9.04735115e-01  9.04801906e-01  9.37773556e-01
  9.44889710e-01  9.82591981e-01  1.01783441e+00  1.03760648e+00
  1.05573315e+00  1.06706281e+00  1.09427975e+00  1.13913765e+00
  1.14806974e+00  1.16547657e+00  1.18816436e+00  1.25580514e+00
  1.29501263e+00  1.34214275e+00  1.43087108e+00  1.43416399e+00
  1.44792398e+00  1.48006648e+00  1.49347591e+00  1.50296402e+00
  1.52640916e+00  1.53068145e+00  1.56818088e+00  1.57392687e+00
  1.57903324e+00  1.63161232e+00  1.68239790e+00  1.69706327e+00
  1.71175805e+00  1.71621650e+00  1.74808478e+00  1.75196171e+00
  1.76690223e+00  1.76695973e+00  1.80430901e+00  1.87428382e+00
  1.88785596e+00  1.90735340e+00  1.94051257e+00  1.96222994e+00
  2.01567338e+00  2.03797396e+00  2.08971454e+00  2.10293497e+00
  2.12199197e+00  2.14311159e+00  2.16191165e+00  2.16685821e+00
  2.23964950e+00  2.24398126e+00  2.24407056e+00  2.30101834e+00
  2.33799975e+00  2.35892438e+00  2.37450445e+00  2.42115311e+00
  2.43925342e+00  2.45177262e+00  2.46991573e+00  2.50444144e+00
  2.51419904e+00  2.53485356e+00  2.55563818e+00  2.57588760e+00
  2.57757056e+00  2.59440183e+00  2.61325702e+00  2.62637690e+00
  2.65401390e+00  2.70143304e+00  2.73721894e+00  2.73909784e+00
  2.74521751e+00  2.83618749e+00  2.91098197e+00  2.91771121e+00
  2.93953701e+00  2.96420526e+00  2.99500810e+00  3.15537626e+00
  3.17364073e+00  3.35080703e+00  3.40874731e+00  3.44112744e+00
  3.56716858e+00  3.61568564e+00  3.73080778e+00  3.74235338e+00
  3.74376280e+00  3.83659902e+00  3.93073751e+00  3.98235197e+00
  4.02286159e+00  4.36321704e+00  4.43458193e+00  5.20333272e+00
  9.57784306e+00  2.35656859e+01  2.38547474e+01  2.38721223e+01
  2.40306689e+01  2.41451505e+01  2.41859569e+01  2.54819311e+01
  2.54908101e+01  2.60476543e+01  3.55879043e+01  2.15526832e+02]
nelec by numeric integration = 68.00002222204884
    CPU time for vxc      7.15 sec, wall time      0.26 sec
E1 = -1767.2841185957395  Ecoul = 714.5602105643928  Exc = -70.49154959847144
cycle= 9 E= -748.238767606811  delta_E= -1.33e-08  |g|= 5.33e-05  |ddm|= 0.000174
    CPU time for cycle= 9      8.82 sec, wall time      0.32 sec
  HOMO = -0.270451246256119  LUMO = -0.0486856604162735
  mo_energy =
[-1.01515725e+02 -1.43205933e+01 -1.02178772e+01 -1.02174711e+01
 -1.02057578e+01 -1.02026647e+01 -1.01955039e+01 -1.01952621e+01
 -9.42999521e+00 -7.19425518e+00 -7.18494523e+00 -7.18493346e+00
 -9.54694581e-01 -8.25072587e-01 -8.20162030e-01 -7.83820341e-01
 -6.60113478e-01 -6.47618919e-01 -6.41970534e-01 -5.47125008e-01
 -4.99180136e-01 -4.78277840e-01 -4.49684883e-01 -4.29697484e-01
 -4.27045230e-01 -4.25818276e-01 -4.13926815e-01 -3.88453232e-01
 -3.75303123e-01 -3.03034625e-01 -2.86952481e-01 -2.79253541e-01
 -2.78603191e-01 -2.70451246e-01 -4.86856604e-02 -2.54746832e-02
  2.60752746e-02  4.78180629e-02  6.07149175e-02  6.66594242e-02
  8.94326253e-02  9.23446824e-02  1.18451292e-01  1.25519001e-01
  1.27472886e-01  1.55909553e-01  2.08224512e-01  2.48864335e-01
  2.67865743e-01  2.70604678e-01  2.89642766e-01  3.01086546e-01
  3.02436231e-01  3.09501497e-01  3.13880535e-01  3.24550452e-01
  3.66191347e-01  3.72199473e-01  3.76503952e-01  3.82478818e-01
  4.01307831e-01  4.20825183e-01  4.30482064e-01  4.31820446e-01
  4.49088083e-01  4.68208079e-01  5.07763375e-01  5.31480762e-01
  5.35591320e-01  5.42552677e-01  5.60581333e-01  5.82444137e-01
  5.86371461e-01  5.94981236e-01  6.02749116e-01  6.22719558e-01
  6.42148402e-01  6.64850839e-01  7.18924328e-01  7.27654951e-01
  7.28314549e-01  7.50839222e-01  7.57847396e-01  7.72306816e-01
  8.22795761e-01  8.28741438e-01  8.50236933e-01  8.56420608e-01
  8.66965060e-01  9.04746770e-01  9.04814445e-01  9.37770484e-01
  9.44888074e-01  9.82589231e-01  1.01782984e+00  1.03760724e+00
  1.05573185e+00  1.06706027e+00  1.09427573e+00  1.13913967e+00
  1.14807305e+00  1.16547918e+00  1.18816049e+00  1.25580121e+00
  1.29500878e+00  1.34213837e+00  1.43086750e+00  1.43416119e+00
  1.44792299e+00  1.48006257e+00  1.49347708e+00  1.50296527e+00
  1.52640662e+00  1.53067710e+00  1.56817980e+00  1.57392319e+00
  1.57902912e+00  1.63160984e+00  1.68239572e+00  1.69706049e+00
  1.71175834e+00  1.71621716e+00  1.74808293e+00  1.75196081e+00
  1.76689867e+00  1.76695805e+00  1.80430901e+00  1.87428093e+00
  1.88785230e+00  1.90734943e+00  1.94050848e+00  1.96222734e+00
  2.01567268e+00  2.03796949e+00  2.08971124e+00  2.10294014e+00
  2.12199686e+00  2.14310826e+00  2.16190761e+00  2.16685568e+00
  2.23964620e+00  2.24398722e+00  2.24407775e+00  2.30101625e+00
  2.33799657e+00  2.35892531e+00  2.37449911e+00  2.42115723e+00
  2.43925219e+00  2.45177258e+00  2.46991487e+00  2.50444434e+00
  2.51420167e+00  2.53484833e+00  2.55563580e+00  2.57588490e+00
  2.57756555e+00  2.59439958e+00  2.61325433e+00  2.62637555e+00
  2.65401142e+00  2.70142887e+00  2.73721477e+00  2.73909382e+00
  2.74521054e+00  2.83618263e+00  2.91097650e+00  2.91770550e+00
  2.93953312e+00  2.96419995e+00  2.99500705e+00  3.15538238e+00
  3.17363495e+00  3.35080242e+00  3.40874252e+00  3.44112272e+00
  3.56716340e+00  3.61568023e+00  3.73080261e+00  3.74235570e+00
  3.74376502e+00  3.83659098e+00  3.93073367e+00  3.98234845e+00
  4.02285676e+00  4.36321145e+00  4.43457471e+00  5.20332571e+00
  9.57786206e+00  2.35656779e+01  2.38547415e+01  2.38721319e+01
  2.40306565e+01  2.41451466e+01  2.41859484e+01  2.54819491e+01
  2.54908281e+01  2.60476718e+01  3.55878931e+01  2.15526857e+02]
nelec by numeric integration = 68.00002222209831
    CPU time for vxc      7.17 sec, wall time      0.26 sec
E1 = -1767.2840299303753  Ecoul = 714.5601135794855  Exc = -70.49154127946291
cycle= 10 E= -748.238767607345  delta_E= -5.35e-10  |g|= 2.75e-05  |ddm|= 7.25e-05
    CPU time for cycle= 10      8.80 sec, wall time      0.31 sec
  HOMO = -0.270451149243578  LUMO = -0.0486836046066683
  mo_energy =
[-1.01515737e+02 -1.43205955e+01 -1.02178830e+01 -1.02174515e+01
 -1.02057505e+01 -1.02026683e+01 -1.01955150e+01 -1.01952488e+01
 -9.43000838e+00 -7.19426826e+00 -7.18495831e+00 -7.18494654e+00
 -9.54692497e-01 -8.25078507e-01 -8.20160757e-01 -7.83817814e-01
 -6.60115517e-01 -6.47616924e-01 -6.41968400e-01 -5.47122683e-01
 -4.99177653e-01 -4.78276379e-01 -4.49682749e-01 -4.29698381e-01
 -4.27046463e-01 -4.25816945e-01 -4.13925140e-01 -3.88457840e-01
 -3.75301070e-01 -3.03032914e-01 -2.86950187e-01 -2.79259915e-01
 -2.78609323e-01 -2.70451149e-01 -4.86836046e-02 -2.54725363e-02
  2.60751818e-02  4.78163316e-02  6.07155882e-02  6.66583475e-02
  8.94330643e-02  9.23452012e-02  1.18451573e-01  1.25520721e-01
  1.27474901e-01  1.55908614e-01  2.08226015e-01  2.48865928e-01
  2.67866156e-01  2.70606255e-01  2.89640914e-01  3.01087055e-01
  3.02435049e-01  3.09501066e-01  3.13878367e-01  3.24547366e-01
  3.66192769e-01  3.72201094e-01  3.76505975e-01  3.82478485e-01
  4.01309094e-01  4.20826741e-01  4.30481538e-01  4.31823259e-01
  4.49090009e-01  4.68208650e-01  5.07764895e-01  5.31482634e-01
  5.35591275e-01  5.42553589e-01  5.60582440e-01  5.82445163e-01
  5.86372118e-01  5.94982443e-01  6.02749202e-01  6.22721049e-01
  6.42149467e-01  6.64852162e-01  7.18925788e-01  7.27656730e-01
  7.28314623e-01  7.50838562e-01  7.57846851e-01  7.72308654e-01
  8.22795253e-01  8.28742989e-01  8.50231725e-01  8.56416057e-01
  8.66962929e-01  9.04738735e-01  9.04805830e-01  9.37772184e-01
  9.44888296e-01  9.82590524e-01  1.01783226e+00  1.03760597e+00
  1.05573197e+00  1.06706206e+00  1.09427836e+00  1.13913740e+00
  1.14807049e+00  1.16547701e+00  1.18816293e+00  1.25580223e+00
  1.29501052e+00  1.34213981e+00  1.43086941e+00  1.43416300e+00
  1.44792337e+00  1.48006468e+00  1.49347640e+00  1.50296453e+00
  1.52640798e+00  1.53067925e+00  1.56817917e+00  1.57392533e+00
  1.57903268e+00  1.63161151e+00  1.68239714e+00  1.69706255e+00
  1.71175757e+00  1.71621627e+00  1.74808430e+00  1.75196088e+00
  1.76690048e+00  1.76695870e+00  1.80430824e+00  1.87428297e+00
  1.88785422e+00  1.90735134e+00  1.94051086e+00  1.96222859e+00
  2.01567286e+00  2.03797158e+00  2.08971314e+00  2.10293648e+00
  2.12199337e+00  2.14311018e+00  2.16190900e+00  2.16685707e+00
  2.23964753e+00  2.24398317e+00  2.24407307e+00  2.30101771e+00
  2.33799815e+00  2.35892507e+00  2.37450089e+00  2.42115401e+00
  2.43925268e+00  2.45177222e+00  2.46991530e+00  2.50444312e+00
  2.51420047e+00  2.53485040e+00  2.55563680e+00  2.57588630e+00
  2.57756802e+00  2.59440099e+00  2.61325606e+00  2.62637644e+00
  2.65401276e+00  2.70143035e+00  2.73721689e+00  2.73909499e+00
  2.74521483e+00  2.83618573e+00  2.91097902e+00  2.91770729e+00
  2.93953568e+00  2.96420284e+00  2.99500744e+00  3.15537877e+00
  3.17363775e+00  3.35080501e+00  3.40874523e+00  3.44112511e+00
  3.56716559e+00  3.61568254e+00  3.73080531e+00  3.74235478e+00
  3.74376397e+00  3.83659043e+00  3.93073646e+00  3.98235012e+00
  4.02285919e+00  4.36321372e+00  4.43457520e+00  5.20332693e+00
  9.57785023e+00  2.35656825e+01  2.38547454e+01  2.38721285e+01
  2.40306631e+01  2.41451477e+01  2.41859547e+01  2.54819378e+01
  2.54908168e+01  2.60476605e+01  3.55878911e+01  2.15526845e+02]
nelec by numeric integration = 68.00002222204168
    CPU time for vxc      7.14 sec, wall time      0.25 sec
E1 = -1767.2841551401725  Ecoul = 714.560248335292  Exc = -70.49155082506327
Extra cycle  E= -748.238767606936  delta_E= 4.09e-10  |g|= 4.76e-05  |ddm|= 5.94e-05
    CPU time for scf_cycle    126.11 sec, wall time      4.73 sec
    CPU time for SCF    126.16 sec, wall time      4.73 sec
converged SCF energy = -748.238767606936
Converting <class 'pyscf.dft.rks.RKS'> to RHF


******** <class 'pyscf.tdscf.rks.TDA'> for <class 'pyscf.dft.rks.RKS'> ********
nstates = 5 singlet
wfnsym = None
conv_tol = 1e-09
eigh lindep = 1e-12
eigh level_shift = 0
eigh max_space = 8
eigh max_cycle = 2000
chkfile = /scratch/global/yangjunjie/tmpyk605378
max_memory 127949 MB (current use 2211 MB)


davidson 0 5  |r|= 0.192  e= [0.17781212 0.19619002 0.21107742 0.21290094 0.27251785]  max|de|= 0.273  lindep=    1
davidson 1 10  |r|= 0.0542  e= [0.17477151 0.19519412 0.2109283  0.21098985 0.21658395]  max|de|= -0.0559  lindep= 0.743
Old state -> New state
    4     ->     2 
    2     ->     3 
    3     ->     4 
davidson 2 15  |r|= 0.0202  e= [0.17462504 0.19514943 0.21021723 0.21092739 0.21106724]  max|de|= -0.00637  lindep= 0.791
davidson 3 20  |r|= 0.00566  e= [0.17462045 0.19514686 0.20972296 0.21092731 0.21095836]  max|de|= -0.000494  lindep= 0.768
davidson 4 5  |r|= 0.00566  e= [0.17462045 0.19514686 0.20972296 0.21092731 0.21095836]  max|de|= 1.67e-16  lindep=    1
davidson 5 10  |r|= 0.00172  e= [0.17462032 0.19514671 0.20969181 0.2109273  0.210953  ]  max|de|= -3.12e-05  lindep= 0.693
davidson 6 15  |r|= 0.00117  e= [0.17462031 0.19514669 0.20968142 0.2109273  0.21095112]  max|de|= -1.04e-05  lindep= 0.69
root 0 converged  |r|= 3.69e-06  e= 0.1746203062348338  max|de|= -2.96e-10
root 3 converged  |r|= 4.98e-06  e= 0.2109272950126639  max|de|= -4.31e-10
davidson 7 20  |r|= 0.00049  e= [0.17462031 0.19514669 0.20967873 0.2109273  0.21095059]  max|de|= -2.69e-06  lindep= 0.763
root 1 converged  |r|= 5.95e-06  e= 0.1951466932443952  max|de|= 1.39e-16
davidson 8 5  |r|= 0.00049  e= [0.17462031 0.19514669 0.20967873 0.2109273  0.21095059]  max|de|= 1.39e-16  lindep= 0.957
davidson 9 7  |r|= 0.000175  e= [0.17462031 0.19514669 0.20967853 0.2109273  0.21095053]  max|de|= -1.95e-07  lindep= 0.957
davidson 10 9  |r|= 0.000108  e= [0.17462031 0.19514669 0.20967844 0.2109273  0.21095051]  max|de|= -9.33e-08  lindep= 0.769
davidson 11 11  |r|= 4.27e-05  e= [0.17462031 0.19514669 0.20967842 0.2109273  0.2109505 ]  max|de|= -1.25e-08  lindep= 0.799
davidson 12 13  |r|= 2.81e-05  e= [0.17462031 0.19514669 0.20967842 0.2109273  0.2109505 ]  max|de|= -2.9e-09  lindep= 0.744
root 2 converged  |r|= 8.74e-06  e= 0.20967842094545666  max|de|= -9.56e-10
root 4 converged  |r|= 7.25e-06  e= 0.2109504981686317  max|de|= -3.96e-10
converged 13 15  |r|= 8.74e-06  e= [0.17462031 0.19514669 0.20967842 0.2109273  0.2109505 ]  max|de|= -9.56e-10
    CPU time for TDA    326.69 sec, wall time     11.86 sec
Excited State energies (eV)
[4.75166056 5.310212   5.70564045 5.73962405 5.74025544]
