 
:: initializing oneAPI environment ...
   slurm_script: BASH_VERSION = 4.2.46(1)-release
   args: Using "$@" for setvars.sh arguments: --force
:: advisor -- latest
:: ccl -- latest
:: clck -- latest
:: compiler -- latest
:: dal -- latest
:: debugger -- latest
:: dev-utilities -- latest
:: dnnl -- latest
:: dpcpp-ct -- latest
:: dpl -- latest
:: inspector -- latest
:: intelpython -- latest
:: ipp -- latest
:: ippcp -- latest
:: ipp -- latest
:: itac -- latest
:: mkl -- latest
:: mpi -- latest
:: tbb -- latest
:: vpl -- latest
:: vtune -- latest
:: oneAPI environment initialized ::
 
SLURM_CPUS_PER_TASK = 28
SLURM_MEM_PER_NODE = 256000
#INFO: **** input file is /home/yangjunjie/work/py-ch3-cl/work/step_-4/main.py ****
import sys
import pyscf
from pyscf import tdscf

def main(xyz_file, basis="631g*", xc="b3lyp", output="ene.out"):
    xyz = None

    with open(xyz_file, "r") as xyz:
        xyz = xyz.readlines()[2:]
        xyz = "".join(xyz)

    mol = pyscf.gto.Mole()
    mol.atom = xyz
    mol.basis = basis
    mol.verbose = 5
    mol.build()

    if xc is not None and xc != "hf":
        mf = pyscf.scf.RKS(mol)
        mf.xc = xc
        mf.grids.level = 9
        mf.kernel()
    else:
        mf = pyscf.scf.RHF(mol)
        mf.kernel()

    ene_mf = mf.e_tot

    with open(output, "w") as f:
        tda = pyscf.tdscf.TDA(mf)
        tda.nstates = 5
        tda.max_space = 8
        tda.max_cycle = 2000
        tda.kernel()

        con_tda = tda.converged
        ene_tda = tda.e[:5]
        dip_tda = tda.transition_dipole()[:5]

        f.write(f"RKS energy: {ene_mf: 12.8f}\n")
        f.write("TDA results:\n")
        for i, (con, ene, dip) in enumerate(zip(con_tda, ene_tda, dip_tda)):
            f.write(f" {i:2d} {con} {ene: 12.8f} {dip[0]: 12.8f} {dip[1]: 12.8f} {dip[2]: 12.8f}\n")

        # rpa = pyscf.tdscf.RPA(mf)
        # rpa.nstates = 5
        # rpa.max_space = 8
        # rpa.max_cycle = 2000
        # rpa.kernel()

        # con_rpa = rpa.converged
        # ene_rpa = rpa.e[:5]
        # dip_rpa = rpa.transition_dipole()[:5]
        
        # f.write("\nRPA results:\n")
        # for i, (con, ene, dip) in enumerate(zip(con_rpa, ene_rpa, dip_rpa)):
        #     f.write(f" {i:2d} {con} {ene: 12.8f} {dip[0]: 12.8f} {dip[1]: 12.8f} {dip[2]: 12.8f}\n")

if __name__ == "__main__":
    xyz = sys.argv[1]
    main(xyz, basis="6311g**", xc="b3lyp", output="out.log")
#INFO: ******************** input file end ********************


System: uname_result(system='Linux', node='pauling004', release='3.10.0-327.36.3.el7.x86_64', version='#1 SMP Thu Oct 20 04:56:07 EDT 2016', machine='x86_64')  Threads 28
Python 3.9.7 (default, Oct 27 2021, 01:23:21) 
[GCC 9.3.0]
numpy 1.21.2  scipy 1.6.2
Date: Wed Sep 28 09:51:35 2022
PySCF version 2.0.1
PySCF path  /home/yangjunjie/packages/pyscf/pyscf-main
GIT ORIG_HEAD 14b880cdc4bf7bb64f3989a147c0b04622efc498
GIT HEAD (branch master) 9d5b5bd309d1cc55fbd1a0ec76e26b5b0c7f76af

[ENV] PYSCF_MAX_MEMORY 256000
[ENV] PYSCF_TMPDIR /scratch/global/yangjunjie/
[CONFIG] conf_file /home/yangjunjie/.pyscf_conf.py
[INPUT] verbose = 5
[INPUT] max_memory = 256000 
[INPUT] num. atoms = 16
[INPUT] num. electrons = 68
[INPUT] charge = 0
[INPUT] spin (= nelec alpha-beta = 2S) = 0
[INPUT] symmetry False subgroup None
[INPUT] Mole.unit = angstrom
[INPUT]  1 C      0.000000010000   1.161254490000   1.049076330000 AA    0.000000018897   2.194452947021   1.982466947464 Bohr
[INPUT]  2 C      0.000000000000   1.199250650000   2.437668840000 AA    0.000000000000   2.266255283207   4.606526489986 Bohr
[INPUT]  3 C     -0.000000010000  -0.012542840000   3.122970420000 AA   -0.000000018897  -0.023702532424   5.901558788918 Bohr
[INPUT]  4 C     -0.000000010000  -1.211360420000   2.414781600000 AA   -0.000000018897  -2.289139431938   4.563275874639 Bohr
[INPUT]  5 C      0.000000000000  -1.147305210000   1.027157850000 AA    0.000000000000  -2.168092628187   1.941047023197 Bohr
[INPUT]  6 N      0.000000010000   0.014011670000   0.393433360000 AA    0.000000018897   0.026478218848   0.743481298667 Bohr
[INPUT]  7 C      0.000000020000   0.002876630000  -1.792457720000 AA    0.000000037795   0.005436042862  -3.387254180662 Bohr
[INPUT]  8 H      0.000000020000   2.068172790000   0.445045150000 AA    0.000000037795   3.908280151378   0.841013446566 Bohr
[INPUT]  9 H      0.000000000000   2.148906050000   2.951754140000 AA    0.000000000000   4.060843901921   5.578006911651 Bohr
[INPUT] 10 H     -0.000000010000  -0.022507360000   4.204533310000 AA   -0.000000018897  -0.042532746187   7.945416437511 Bohr
[INPUT] 11 H     -0.000000020000  -2.170492250000   2.911144980000 AA   -0.000000037795  -4.101635907991   5.501266721102 Bohr
[INPUT] 12 H      0.000000000000  -2.041468430000   0.404770010000 AA    0.000000000000  -3.857816224646   0.764904462337 Bohr
[INPUT] 13 H     -0.000000030000   1.074345020000  -1.648307200000 AA   -0.000000056692   2.030217851090  -3.114849177149 Bohr
[INPUT] 14 H     -0.927631730000  -0.529014390000  -1.637779140000 AA   -1.752969914156  -0.999692313054  -3.094954027126 Bohr
[INPUT] 15 H      0.927631740000  -0.529014330000  -1.637779150000 AA    1.752969933054  -0.999692199670  -3.094954046023 Bohr
[INPUT] 16 Cl    -0.000000010000   0.003150530000  -3.872267300000 AA   -0.000000018897   0.005953638847  -7.317524678109 Bohr
[INPUT] ---------------- BASIS SET ---------------- 
[INPUT] l, kappa, [nprim/nctr], expnt,             c_1 c_2 ...
[INPUT] N
[INPUT] 0    0    [6    /1   ]  6293.48           0.00196979
                                949.044           0.0149613
                                218.776           0.0735006
                                63.6916           0.248937
                                18.8282           0.60246
                                2.72023           0.256202
[INPUT] 0    0    [3    /1   ]  30.6331           0.111906
                                7.02614           0.921666
                                2.11205           -0.00256919
[INPUT] 0    0    [1    /1   ]  0.684009             1
[INPUT] 0    0    [1    /1   ]  0.200878             1
[INPUT] 1    0    [3    /1   ]  30.6331           0.0383119
                                7.02614           0.237403
                                2.11205           0.817592
[INPUT] 1    0    [1    /1   ]  0.684009             1
[INPUT] 1    0    [1    /1   ]  0.200878             1
[INPUT] 2    0    [1    /1   ]  0.913                1
[INPUT] Cl
[INPUT] 0    0    [6    /1   ]  105819            0.000738
                                15872             0.005718
                                3619.65           0.029495
                                1030.8            0.117286
                                339.908           0.362949
                                124.538           0.584149
[INPUT] 0    0    [3    /1   ]  124.538           0.134177
                                49.5135           0.62425
                                20.8056           0.291756
[INPUT] 0    0    [1    /1   ]  6.58346              1
[INPUT] 0    0    [1    /1   ]  2.56468              1
[INPUT] 0    0    [1    /1   ]  0.559763             1
[INPUT] 0    0    [1    /1   ]  0.183273             1
[INPUT] 1    0    [5    /1   ]  589.776           0.002391
                                139.849           0.018504
                                45.1413           0.081377
                                16.8733           0.221552
                                6.7411            0.772569
[INPUT] 1    0    [2    /1   ]  6.7411            -1.572244
                                2.77152           0.992389
[INPUT] 1    0    [1    /1   ]  1.02387              1
[INPUT] 1    0    [1    /1   ]  0.381368             1
[INPUT] 1    0    [1    /1   ]  0.109437             1
[INPUT] 2    0    [1    /1   ]  0.75                 1
[INPUT] H
[INPUT] 0    0    [3    /1   ]  33.865            0.0254938
                                5.09479           0.190373
                                1.15879           0.852161
[INPUT] 0    0    [1    /1   ]  0.32584              1
[INPUT] 0    0    [1    /1   ]  0.102741             1
[INPUT] 1    0    [1    /1   ]  0.75                 1
[INPUT] C
[INPUT] 0    0    [6    /1   ]  4563.24           0.00196665
                                682.024           0.0152306
                                154.973           0.0761269
                                44.4553           0.260801
                                13.029            0.616462
                                1.82773           0.221006
[INPUT] 0    0    [3    /1   ]  20.9642           0.11466
                                4.80331           0.919999
                                1.45933           -0.00303068
[INPUT] 0    0    [1    /1   ]  0.483456             1
[INPUT] 0    0    [1    /1   ]  0.145585             1
[INPUT] 1    0    [3    /1   ]  20.9642           0.0402487
                                4.80331           0.237594
                                1.45933           0.815854
[INPUT] 1    0    [1    /1   ]  0.483456             1
[INPUT] 1    0    [1    /1   ]  0.145585             1
[INPUT] 2    0    [1    /1   ]  0.626                1

nuclear repulsion = 380.09377833485
number of shells = 100
number of NR pGTOs = 329
number of NR cGTOs = 200
basis = 6311g**
ecp = {}
CPU time:         0.38


******** <class 'pyscf.dft.rks.RKS'> ********
method = RKS
initial guess = minao
damping factor = 0
level_shift factor = 0
DIIS = <class 'pyscf.scf.diis.CDIIS'>
diis_start_cycle = 1
diis_space = 8
SCF conv_tol = 1e-09
SCF conv_tol_grad = None
SCF max_cycles = 50
direct_scf = True
direct_scf_tol = 1e-13
chkfile to save SCF result = /scratch/global/yangjunjie/tmpvogo9zv6
max_memory 256000 MB (current use 81 MB)
XC library pyscf.dft.libxc version 5.2.0
    S. Lehtola, C. Steigemann, M. J. Oliveira, and M. A. Marques, SoftwareX 7, 1 (2018)
XC functionals = b3lyp
    P. A. M. Dirac, Math. Proc. Cambridge Philos. Soc. 26, 376 (1930)
    F. Bloch, Z. Phys. 57, 545 (1929)
    A. D. Becke, Phys. Rev. A 38, 3098 (1988)
    C. Lee, W. Yang, and R. G. Parr, Phys. Rev. B 37, 785 (1988)
    B. Miehlich, A. Savin, H. Stoll, and H. Preuss, Chem. Phys. Lett. 157, 200 (1989)
    S. H. Vosko, L. Wilk, and M. Nusair, Can. J. Phys. 58, 1200 (1980)
radial grids: 
    Treutler-Ahlrichs [JCP 102, 346 (1995); DOI:10.1063/1.469408] (M4) radial grids
    
becke partition: Becke, JCP 88, 2547 (1988); DOI:10.1063/1.454033
pruning grids: <function nwchem_prune at 0x7ff9aa604e50>
grids dens level: 9
symmetrized grids: False
atomic radii adjust function: <function treutler_atomic_radii_adjust at 0x7ff9aa604dc0>
small_rho_cutoff = 1e-07
Set gradient conv threshold to 3.16228e-05
atom C rad-grids = 200, ang-grids = [  50   50   50   50   50   50   50   50   50   50   50   50   50   50
   50   50   50   50   50   50   50   50   50   50   50   50   50   50
   50   50   50   50   50   50   50   50   50   50   50   50   50   50
   50   50   50   50   50   50   50   50   50   50   50   50   50   50
   50   50   50   50   50   50   86   86   86   86   86   86   86   86
   86   86   86   86   86   86   86   86   86   86   86   86   86   86
   86   86   86   86 1202 1202 1202 1202 1202 1202 1202 1202 1202 1202
 1202 1202 1202 1202 1202 1202 1202 1202 1454 1454 1454 1454 1454 1454
 1454 1454 1454 1454 1454 1454 1454 1454 1454 1454 1454 1454 1454 1454
 1454 1454 1454 1454 1454 1454 1454 1454 1454 1454 1454 1454 1454 1454
 1454 1454 1454 1454 1454 1454 1454 1454 1454 1454 1454 1454 1454 1454
 1454 1454 1454 1454 1202 1202 1202 1202 1202 1202 1202 1202 1202 1202
 1202 1202 1202 1202 1202 1202 1202 1202 1202 1202 1202 1202 1202 1202
 1202 1202 1202 1202 1202 1202 1202 1202 1202 1202 1202 1202 1202 1202
 1202 1202 1202 1202]
atom N rad-grids = 200, ang-grids = [  50   50   50   50   50   50   50   50   50   50   50   50   50   50
   50   50   50   50   50   50   50   50   50   50   50   50   50   50
   50   50   50   50   50   50   50   50   50   50   50   50   50   50
   50   50   50   50   50   50   50   50   50   50   50   50   50   50
   50   50   50   50   50   86   86   86   86   86   86   86   86   86
   86   86   86   86   86   86   86   86   86   86   86   86   86   86
   86   86 1202 1202 1202 1202 1202 1202 1202 1202 1202 1202 1202 1202
 1202 1202 1202 1202 1202 1454 1454 1454 1454 1454 1454 1454 1454 1454
 1454 1454 1454 1454 1454 1454 1454 1454 1454 1454 1454 1454 1454 1454
 1454 1454 1454 1454 1454 1454 1454 1454 1454 1454 1454 1454 1454 1454
 1454 1454 1454 1454 1454 1454 1454 1454 1454 1454 1454 1454 1454 1454
 1454 1202 1202 1202 1202 1202 1202 1202 1202 1202 1202 1202 1202 1202
 1202 1202 1202 1202 1202 1202 1202 1202 1202 1202 1202 1202 1202 1202
 1202 1202 1202 1202 1202 1202 1202 1202 1202 1202 1202 1202 1202 1202
 1202 1202 1202 1202]
atom H rad-grids = 200, ang-grids = [  50   50   50   50   50   50   50   50   50   50   50   50   50   50
   50   50   50   50   50   50   50   50   50   50   50   50   50   50
   50   50   50   50   50   50   50   50   50   50   50   50   50   50
   50   50   50   50   50   50   50   50   50   50   50   50   50   50
   50   86   86   86   86   86   86   86   86   86   86   86   86   86
   86 1202 1202 1202 1202 1202 1202 1202 1202 1202 1202 1202 1202 1202
 1202 1202 1202 1202 1454 1454 1454 1454 1454 1454 1454 1454 1454 1454
 1454 1454 1454 1454 1454 1454 1454 1454 1454 1454 1454 1454 1454 1454
 1454 1454 1454 1454 1454 1454 1454 1454 1454 1454 1454 1454 1454 1454
 1454 1454 1454 1454 1454 1454 1454 1454 1454 1454 1454 1454 1454 1454
 1202 1202 1202 1202 1202 1202 1202 1202 1202 1202 1202 1202 1202 1202
 1202 1202 1202 1202 1202 1202 1202 1202 1202 1202 1202 1202 1202 1202
 1202 1202 1202 1202 1202 1202 1202 1202 1202 1202 1202 1202 1202 1202
 1202 1202 1202 1202 1202 1202 1202 1202 1202 1202 1202 1202 1202 1202
 1202 1202 1202 1202]
atom Cl rad-grids = 200, ang-grids = [  50   50   50   50   50   50   50   50   50   50   50   50   50   50
   50   50   50   50   50   50   50   50   50   50   50   50   50   50
   50   50   50   50   50   50   50   50   50   50   50   50   50   50
   50   50   50   50   50   50   50   50   50   50   50   50   50   50
   50   50   50   86   86   86   86   86   86   86   86   86   86   86
   86   86   86   86   86   86   86   86   86   86   86   86   86   86
   86   86   86   86   86   86   86   86 1202 1202 1202 1202 1202 1202
 1202 1202 1202 1202 1202 1202 1202 1202 1202 1202 1202 1202 1202 1202
 1202 1202 1454 1454 1454 1454 1454 1454 1454 1454 1454 1454 1454 1454
 1454 1454 1454 1454 1454 1454 1454 1454 1454 1454 1454 1454 1454 1454
 1454 1454 1454 1454 1454 1454 1454 1454 1454 1454 1454 1454 1454 1454
 1454 1454 1454 1454 1454 1202 1202 1202 1202 1202 1202 1202 1202 1202
 1202 1202 1202 1202 1202 1202 1202 1202 1202 1202 1202 1202 1202 1202
 1202 1202 1202 1202 1202 1202 1202 1202 1202 1202 1202 1202 1202 1202
 1202 1202 1202 1202]
tot grids = 2598388
Drop grids 445693
    CPU time for setting up grids     43.60 sec, wall time      1.88 sec
nelec by numeric integration = 67.99245002974439
    CPU time for vxc     88.87 sec, wall time      3.21 sec
E1 = -1774.0691149221534  Ecoul = 715.4371740696706  Exc = -70.50528589590445
init E= -749.043448413537
cond(S) = 13427.870413359184
    CPU time for initialize scf    146.21 sec, wall time      5.65 sec
  HOMO = -0.294889558757122  LUMO = -0.101062805338433
  mo_energy =
[-1.01495007e+02 -1.43962682e+01 -1.02820935e+01 -1.02813422e+01
 -1.02803801e+01 -1.02772289e+01 -1.02770533e+01 -1.02736279e+01
 -9.51301364e+00 -7.26680273e+00 -7.26638681e+00 -7.26638525e+00
 -1.10753272e+00 -9.37985293e-01 -8.89040558e-01 -8.83162204e-01
 -7.66842436e-01 -7.15301550e-01 -7.03428263e-01 -5.78997910e-01
 -5.34698256e-01 -5.11701443e-01 -4.75269165e-01 -4.75124995e-01
 -4.59747170e-01 -4.49819760e-01 -4.36819814e-01 -4.00989291e-01
 -4.00288678e-01 -3.48336817e-01 -3.47125432e-01 -3.26625498e-01
 -2.97233071e-01 -2.94889559e-01 -1.01062805e-01 -8.41555488e-02
 -7.57436143e-02  1.52637282e-02  3.21024520e-02  4.93356007e-02
  6.22281185e-02  7.32187670e-02  7.78253810e-02  9.41131270e-02
  1.05537207e-01  1.34209785e-01  1.82136307e-01  2.11335518e-01
  2.24927677e-01  2.29827022e-01  2.34963521e-01  2.52669260e-01
  2.63628179e-01  2.68977404e-01  2.79620153e-01  2.81816747e-01
  3.32657715e-01  3.39205119e-01  3.51525106e-01  3.52034124e-01
  3.69365482e-01  3.92896272e-01  4.04469758e-01  4.06684231e-01
  4.31612985e-01  4.40855917e-01  4.62978325e-01  4.81968086e-01
  4.95245261e-01  5.16244186e-01  5.25067338e-01  5.37107848e-01
  5.50181954e-01  5.51282679e-01  5.87290744e-01  5.90852374e-01
  6.05344635e-01  6.49522983e-01  6.72739394e-01  6.88887826e-01
  6.91230454e-01  6.96497022e-01  7.11407247e-01  7.40808549e-01
  7.67581812e-01  8.02759803e-01  8.10090865e-01  8.13992949e-01
  8.27187224e-01  8.28891785e-01  8.62964622e-01  8.98195696e-01
  9.02613521e-01  9.33504610e-01  9.68579787e-01  9.70654283e-01
  1.01851277e+00  1.02568183e+00  1.05932359e+00  1.07621429e+00
  1.09095959e+00  1.13636094e+00  1.14491980e+00  1.22847695e+00
  1.27925639e+00  1.31431703e+00  1.35843964e+00  1.39062409e+00
  1.39653746e+00  1.42223263e+00  1.42857324e+00  1.43637402e+00
  1.47899913e+00  1.49623492e+00  1.52460518e+00  1.53518415e+00
  1.56431348e+00  1.60701549e+00  1.63120208e+00  1.66039484e+00
  1.66399987e+00  1.72330965e+00  1.72520239e+00  1.73561348e+00
  1.73705471e+00  1.74248037e+00  1.79760187e+00  1.83339299e+00
  1.84254029e+00  1.84770387e+00  1.86983956e+00  1.89156950e+00
  1.96608536e+00  1.97359421e+00  1.99164735e+00  2.00464515e+00
  2.03971902e+00  2.09028745e+00  2.10124024e+00  2.10407636e+00
  2.12344719e+00  2.12584117e+00  2.20507889e+00  2.24196391e+00
  2.28058380e+00  2.31390334e+00  2.33235527e+00  2.37755934e+00
  2.39086997e+00  2.40324823e+00  2.44712869e+00  2.48298805e+00
  2.51691644e+00  2.51845132e+00  2.52936474e+00  2.53804561e+00
  2.55455879e+00  2.56998991e+00  2.59590045e+00  2.60113599e+00
  2.61705157e+00  2.66136363e+00  2.69372415e+00  2.69465223e+00
  2.70616557e+00  2.80409879e+00  2.85817365e+00  2.87840765e+00
  2.89655454e+00  2.90550026e+00  2.91117307e+00  2.96724380e+00
  3.09700728e+00  3.24350806e+00  3.32980944e+00  3.38010295e+00
  3.54376034e+00  3.55806098e+00  3.64590693e+00  3.68220085e+00
  3.74564918e+00  3.79366774e+00  3.92042668e+00  3.95713442e+00
  3.99472503e+00  4.32422424e+00  4.39540845e+00  5.17472660e+00
  9.43724123e+00  2.35478008e+01  2.38168021e+01  2.38393824e+01
  2.39389689e+01  2.40154291e+01  2.40628108e+01  2.53650218e+01
  2.53738834e+01  2.58655013e+01  3.55715378e+01  2.15490043e+02]
nelec by numeric integration = 68.0000000519197
    CPU time for vxc     88.59 sec, wall time      3.20 sec
E1 = -1781.1764162447253  Ecoul = 723.6820563432933  Exc = -70.76696390646124
cycle= 1 E= -748.167545473043  delta_E= 0.876  |g|= 0.404  |ddm|= 3.29
    CPU time for cycle= 1     90.26 sec, wall time      3.26 sec
  HOMO = -0.166837320895272  LUMO = -0.0386148356586619
  mo_energy =
[-1.01263076e+02 -1.42819694e+01 -1.02270820e+01 -1.02265824e+01
 -1.02120044e+01 -1.01470268e+01 -1.01178186e+01 -1.01175601e+01
 -9.20228968e+00 -6.96204759e+00 -6.95559270e+00 -6.95557912e+00
 -9.67118332e-01 -7.98054255e-01 -7.79691864e-01 -7.22677003e-01
 -6.46812200e-01 -6.38090736e-01 -6.08901489e-01 -5.47856260e-01
 -4.91202804e-01 -4.86727768e-01 -4.55621938e-01 -4.45645087e-01
 -4.33684141e-01 -4.13425916e-01 -4.11830582e-01 -3.77595192e-01
 -3.09252410e-01 -2.93361151e-01 -2.79990772e-01 -2.11144942e-01
 -1.67222550e-01 -1.66837321e-01 -3.86148357e-02 -3.01473604e-02
  2.01631596e-02  4.67550629e-02  5.12623819e-02  6.10007502e-02
  8.12740559e-02  8.37913786e-02  1.13827031e-01  1.14672512e-01
  1.32896664e-01  1.52265396e-01  2.20757977e-01  2.48056585e-01
  2.60163677e-01  2.68397143e-01  2.86332980e-01  2.95615634e-01
  3.00359904e-01  3.38625150e-01  3.54322652e-01  3.70977603e-01
  3.71197567e-01  3.72822795e-01  3.96657262e-01  4.04386658e-01
  4.05754230e-01  4.21637138e-01  4.41129181e-01  4.43461154e-01
  4.54115364e-01  4.96043276e-01  5.05570599e-01  5.06719165e-01
  5.25726374e-01  5.49790534e-01  5.71249986e-01  5.80236140e-01
  5.95023143e-01  5.98632564e-01  6.24405073e-01  6.37072510e-01
  6.46926148e-01  6.99732105e-01  7.12943401e-01  7.20678731e-01
  7.25411606e-01  7.51455593e-01  7.81074951e-01  8.17943208e-01
  8.31432182e-01  8.54439446e-01  9.09080383e-01  9.20877253e-01
  9.35105480e-01  9.83913323e-01  9.95658152e-01  1.00466131e+00
  1.02627194e+00  1.03084364e+00  1.03400497e+00  1.05289730e+00
  1.05626762e+00  1.06059076e+00  1.09419075e+00  1.15566334e+00
  1.17362755e+00  1.18644358e+00  1.20131450e+00  1.29419331e+00
  1.32040473e+00  1.35145642e+00  1.39135596e+00  1.43396916e+00
  1.44901365e+00  1.47028332e+00  1.47785494e+00  1.48332168e+00
  1.52551571e+00  1.53532800e+00  1.56894086e+00  1.57304363e+00
  1.59203620e+00  1.63214385e+00  1.67733392e+00  1.69116683e+00
  1.69565345e+00  1.74405586e+00  1.75565415e+00  1.76381482e+00
  1.78328527e+00  1.78594623e+00  1.84494426e+00  1.86627163e+00
  1.89633469e+00  1.90453366e+00  1.92187225e+00  1.95485144e+00
  2.02162616e+00  2.02756228e+00  2.05434244e+00  2.05920450e+00
  2.08034766e+00  2.13695890e+00  2.16726999e+00  2.17469929e+00
  2.25351019e+00  2.29028040e+00  2.31080753e+00  2.31225923e+00
  2.36041293e+00  2.37991429e+00  2.38240916e+00  2.42705097e+00
  2.43082392e+00  2.44383857e+00  2.53678565e+00  2.53932810e+00
  2.54442806e+00  2.57727211e+00  2.58210190e+00  2.58807527e+00
  2.59458496e+00  2.59898104e+00  2.61502785e+00  2.62194812e+00
  2.65212396e+00  2.71030447e+00  2.75212340e+00  2.76460046e+00
  2.77214412e+00  2.85729240e+00  2.91443493e+00  2.94190259e+00
  2.96422460e+00  2.98554949e+00  2.99539906e+00  3.02081249e+00
  3.19451390e+00  3.33012679e+00  3.41444706e+00  3.46865930e+00
  3.59726981e+00  3.62466096e+00  3.70516293e+00  3.73804404e+00
  3.79067291e+00  3.86726278e+00  3.98637197e+00  4.02387967e+00
  4.06128553e+00  4.40962556e+00  4.47604902e+00  5.25097150e+00
  9.72298572e+00  2.36535790e+01  2.38741203e+01  2.39203695e+01
  2.40176852e+01  2.41284574e+01  2.41956295e+01  2.56454871e+01
  2.56542424e+01  2.61336361e+01  3.56771386e+01  2.15716422e+02]
nelec by numeric integration = 68.00000006025864
    CPU time for vxc     81.45 sec, wall time      2.91 sec
E1 = -1773.502508484381  Ecoul = 715.4238522698896  Exc = -70.16666069666208
cycle= 2 E= -748.151538576303  delta_E= 0.016  |g|= 0.498  |ddm|= 0.997
    CPU time for cycle= 2     83.03 sec, wall time      2.96 sec
  HOMO = -0.244455616748042  LUMO = -0.0555606379806255
  mo_energy =
[-1.01484430e+02 -1.43192315e+01 -1.02207713e+01 -1.02191131e+01
 -1.02188155e+01 -1.02088095e+01 -1.02087440e+01 -1.01815305e+01
 -9.38702338e+00 -7.15111537e+00 -7.14363329e+00 -7.14361492e+00
 -9.76845292e-01 -8.36078561e-01 -7.94770764e-01 -7.53453747e-01
 -6.64276300e-01 -6.62536245e-01 -6.47111204e-01 -5.58944261e-01
 -5.12964968e-01 -5.00593473e-01 -4.64685446e-01 -4.39403055e-01
 -4.35130113e-01 -4.19743283e-01 -4.14802106e-01 -3.99610566e-01
 -3.34873266e-01 -3.19524414e-01 -2.95257189e-01 -2.48855949e-01
 -2.44791333e-01 -2.44455617e-01 -5.55606380e-02 -4.52993942e-02
  1.29787867e-02  3.65230954e-02  5.33336945e-02  5.82540390e-02
  8.15431409e-02  8.71640673e-02  1.08119914e-01  1.18254389e-01
  1.31321928e-01  1.59417433e-01  2.13804311e-01  2.36029045e-01
  2.49233489e-01  2.60606446e-01  2.82828056e-01  3.00768004e-01
  3.02656596e-01  3.12720085e-01  3.26233343e-01  3.47972011e-01
  3.61696037e-01  3.65361786e-01  3.65784896e-01  3.83239897e-01
  3.89590989e-01  4.13396428e-01  4.24742395e-01  4.32552252e-01
  4.44754666e-01  4.97284993e-01  5.00281196e-01  5.10859377e-01
  5.26380059e-01  5.31792727e-01  5.58117851e-01  5.72438243e-01
  5.84207034e-01  6.05571632e-01  6.22975587e-01  6.26184197e-01
  6.35351362e-01  6.91756801e-01  7.06102146e-01  7.12643001e-01
  7.13448211e-01  7.34432648e-01  7.65058296e-01  7.97401078e-01
  8.09811273e-01  8.24692685e-01  8.93383307e-01  9.10879961e-01
  9.11453244e-01  9.44710889e-01  9.49119635e-01  9.52685793e-01
  9.57217163e-01  9.83349778e-01  9.86110083e-01  1.00106833e+00
  1.03397539e+00  1.04709415e+00  1.08101648e+00  1.14183180e+00
  1.15330756e+00  1.17079536e+00  1.19601187e+00  1.27458824e+00
  1.31716971e+00  1.33956474e+00  1.40826955e+00  1.42140432e+00
  1.43143229e+00  1.46334051e+00  1.48206986e+00  1.48957680e+00
  1.51129352e+00  1.51822520e+00  1.55650342e+00  1.56080681e+00
  1.58956864e+00  1.63939547e+00  1.67300479e+00  1.68276649e+00
  1.69126316e+00  1.74067440e+00  1.74887596e+00  1.75538823e+00
  1.76895943e+00  1.79613056e+00  1.84456184e+00  1.85831604e+00
  1.87765635e+00  1.88961925e+00  1.90512879e+00  1.93802737e+00
  2.01945111e+00  2.02693828e+00  2.03324956e+00  2.06699527e+00
  2.06749061e+00  2.13350098e+00  2.15322482e+00  2.16540313e+00
  2.21789389e+00  2.21810070e+00  2.23830659e+00  2.28071696e+00
  2.34369878e+00  2.36016720e+00  2.37508921e+00  2.41305570e+00
  2.44741814e+00  2.45515709e+00  2.51974514e+00  2.52962563e+00
  2.54583023e+00  2.56212418e+00  2.57224648e+00  2.59008296e+00
  2.59420835e+00  2.59978274e+00  2.61013581e+00  2.62931522e+00
  2.64201142e+00  2.70370811e+00  2.73191539e+00  2.73990537e+00
  2.74537120e+00  2.84562665e+00  2.90237541e+00  2.93308352e+00
  2.94633663e+00  2.95214091e+00  2.99243344e+00  3.02397690e+00
  3.15535429e+00  3.29958888e+00  3.38198038e+00  3.42703471e+00
  3.59738165e+00  3.61106768e+00  3.72422521e+00  3.75599577e+00
  3.79035272e+00  3.85230247e+00  3.96061694e+00  3.99428373e+00
  4.03942388e+00  4.37545364e+00  4.46167754e+00  5.23504552e+00
  9.56279994e+00  2.36042108e+01  2.38954212e+01  2.39036446e+01
  2.39907287e+01  2.40736732e+01  2.41222719e+01  2.54960478e+01
  2.55048111e+01  2.59823941e+01  3.56421563e+01  2.15501357e+02]
nelec by numeric integration = 68.00000005827881
    CPU time for vxc     81.39 sec, wall time      2.91 sec
E1 = -1776.8856496820404  Ecoul = 719.0123210219413  Exc = -70.43480494793516
cycle= 3 E= -748.214355273184  delta_E= -0.0628  |g|= 0.111  |ddm|= 0.531
    CPU time for cycle= 3     82.95 sec, wall time      2.97 sec
  HOMO = -0.249746355182157  LUMO = -0.0617489559496494
  mo_energy =
[-1.01480589e+02 -1.43558296e+01 -1.02407432e+01 -1.02407154e+01
 -1.02264028e+01 -1.02164795e+01 -1.02113395e+01 -1.02112412e+01
 -9.38898174e+00 -7.15247243e+00 -7.14515224e+00 -7.14513403e+00
 -9.93338618e-01 -8.38098085e-01 -8.02687808e-01 -7.63829410e-01
 -6.73471040e-01 -6.72241544e-01 -6.56097755e-01 -5.62997953e-01
 -5.20796129e-01 -5.02809508e-01 -4.70043196e-01 -4.53526999e-01
 -4.38439678e-01 -4.36873486e-01 -4.28702090e-01 -4.03552812e-01
 -3.48071782e-01 -3.24491183e-01 -3.00723239e-01 -2.64320174e-01
 -2.50057034e-01 -2.49746355e-01 -6.17489559e-02 -5.05037341e-02
  3.51289240e-03  3.26266559e-02  5.02369618e-02  5.26158207e-02
  8.10879097e-02  8.45715973e-02  1.01928869e-01  1.15397813e-01
  1.22897169e-01  1.52953687e-01  2.08541195e-01  2.35478462e-01
  2.48486855e-01  2.57135075e-01  2.78645516e-01  2.90827739e-01
  2.95664062e-01  3.07729552e-01  3.21232460e-01  3.43933332e-01
  3.56883171e-01  3.60083664e-01  3.65075357e-01  3.81851553e-01
  3.90388746e-01  4.10804003e-01  4.21003463e-01  4.28783161e-01
  4.42009887e-01  4.84894076e-01  4.95553498e-01  4.99465167e-01
  5.19608591e-01  5.31581029e-01  5.55526556e-01  5.67757162e-01
  5.78949064e-01  5.90607809e-01  6.19079926e-01  6.23519938e-01
  6.26279241e-01  6.85582440e-01  6.98706532e-01  7.06871787e-01
  7.13118154e-01  7.29309945e-01  7.61060957e-01  7.87558094e-01
  8.04016466e-01  8.18525839e-01  8.81391730e-01  9.06006134e-01
  9.06573953e-01  9.40081324e-01  9.43685122e-01  9.47304224e-01
  9.51812842e-01  9.75400367e-01  9.81123591e-01  9.98083982e-01
  1.02574623e+00  1.04475940e+00  1.07941655e+00  1.12814331e+00
  1.14592127e+00  1.16205726e+00  1.18201748e+00  1.26343035e+00
  1.30624767e+00  1.33320663e+00  1.39573692e+00  1.41701556e+00
  1.42946279e+00  1.46001976e+00  1.46732900e+00  1.47654576e+00
  1.51236358e+00  1.51268530e+00  1.55345633e+00  1.55728638e+00
  1.58560593e+00  1.63048498e+00  1.67188894e+00  1.67204007e+00
  1.68606946e+00  1.73814186e+00  1.74609653e+00  1.75275851e+00
  1.76575595e+00  1.78323822e+00  1.83596459e+00  1.85628297e+00
  1.87551672e+00  1.88489406e+00  1.89966997e+00  1.93196123e+00
  2.01074867e+00  2.01626199e+00  2.02735429e+00  2.05384881e+00
  2.06219629e+00  2.12325773e+00  2.15067442e+00  2.15810466e+00
  2.21240535e+00  2.21276214e+00  2.23714864e+00  2.27698789e+00
  2.33771076e+00  2.35209970e+00  2.36202455e+00  2.41229202e+00
  2.43212178e+00  2.44158263e+00  2.50649530e+00  2.51800916e+00
  2.54057925e+00  2.55900542e+00  2.56826910e+00  2.58072896e+00
  2.58427152e+00  2.58964751e+00  2.61001992e+00  2.62163652e+00
  2.63927995e+00  2.69282848e+00  2.72629885e+00  2.73377209e+00
  2.74172310e+00  2.83290339e+00  2.89517829e+00  2.92099619e+00
  2.94012552e+00  2.94329962e+00  2.97001590e+00  3.01076795e+00
  3.15091071e+00  3.29323961e+00  3.37787205e+00  3.42811181e+00
  3.58399101e+00  3.59931615e+00  3.70240059e+00  3.73476777e+00
  3.77675568e+00  3.82699511e+00  3.95819591e+00  3.99544929e+00
  4.03241982e+00  4.36979633e+00  4.43898250e+00  5.21544334e+00
  9.55989956e+00  2.35978731e+01  2.38604208e+01  2.38831785e+01
  2.39800714e+01  2.40634232e+01  2.41203290e+01  2.54926559e+01
  2.55014246e+01  2.59791399e+01  3.56066462e+01  2.15504491e+02]
nelec by numeric integration = 68.0000000562339
    CPU time for vxc     83.65 sec, wall time      3.00 sec
E1 = -1777.6037847741154  Ecoul = 719.7761301315447  Exc = -70.48334658820536
cycle= 4 E= -748.217222895926  delta_E= -0.00287  |g|= 0.0449  |ddm|= 0.133
    CPU time for cycle= 4     85.28 sec, wall time      3.06 sec
  HOMO = -0.251243031461855  LUMO = -0.0591167099383782
  mo_energy =
[-1.01474836e+02 -1.43364668e+01 -1.02386712e+01 -1.02385823e+01
 -1.02251439e+01 -1.02219603e+01 -1.02120421e+01 -1.02119832e+01
 -9.38752513e+00 -7.15070696e+00 -7.14328729e+00 -7.14326856e+00
 -9.85649770e-01 -8.37090626e-01 -8.00201743e-01 -7.64283020e-01
 -6.73130417e-01 -6.69275185e-01 -6.55355433e-01 -5.61860948e-01
 -5.18634114e-01 -5.02138722e-01 -4.68619627e-01 -4.50635777e-01
 -4.37718234e-01 -4.36111950e-01 -4.26477064e-01 -4.02600631e-01
 -3.46637350e-01 -3.22083290e-01 -2.99107820e-01 -2.60818370e-01
 -2.51564365e-01 -2.51243031e-01 -5.91167099e-02 -4.89161090e-02
  4.43720737e-03  3.31338961e-02  5.09567164e-02  5.33534920e-02
  8.15523160e-02  8.51599200e-02  1.03890929e-01  1.16077990e-01
  1.23755507e-01  1.53708553e-01  2.10714314e-01  2.36044148e-01
  2.49223381e-01  2.58677237e-01  2.80270496e-01  2.91580077e-01
  2.96549724e-01  3.06975434e-01  3.21371685e-01  3.43572691e-01
  3.58427929e-01  3.61619327e-01  3.65400729e-01  3.81862771e-01
  3.90722235e-01  4.12104565e-01  4.21366620e-01  4.30272987e-01
  4.42824196e-01  4.87491413e-01  4.96911277e-01  5.00856672e-01
  5.21609652e-01  5.31995456e-01  5.56587967e-01  5.68764663e-01
  5.79510559e-01  5.91474121e-01  6.20214263e-01  6.24765000e-01
  6.26831640e-01  6.86405568e-01  7.03607239e-01  7.06970403e-01
  7.13471901e-01  7.30206532e-01  7.62800961e-01  7.86946686e-01
  8.04598729e-01  8.21102436e-01  8.83133770e-01  9.06785821e-01
  9.07284274e-01  9.39862720e-01  9.42250823e-01  9.45910197e-01
  9.51828442e-01  9.76977357e-01  9.82122041e-01  9.98934894e-01
  1.02854152e+00  1.04581656e+00  1.07979176e+00  1.12931581e+00
  1.14713393e+00  1.16488639e+00  1.18353290e+00  1.26670520e+00
  1.30921331e+00  1.33600823e+00  1.39647547e+00  1.41861703e+00
  1.42988899e+00  1.46134857e+00  1.46810017e+00  1.47732388e+00
  1.51272605e+00  1.51402821e+00  1.55434697e+00  1.55852905e+00
  1.58645428e+00  1.63254752e+00  1.67300904e+00  1.67307891e+00
  1.68750665e+00  1.73942475e+00  1.74718777e+00  1.75419117e+00
  1.76714134e+00  1.78413903e+00  1.83709524e+00  1.85706352e+00
  1.87544899e+00  1.88538326e+00  1.90114585e+00  1.93264973e+00
  2.01292475e+00  2.01703951e+00  2.02825755e+00  2.05471623e+00
  2.06402785e+00  2.12591897e+00  2.15244537e+00  2.16029544e+00
  2.21156911e+00  2.21191535e+00  2.23799265e+00  2.27818928e+00
  2.33853181e+00  2.35301727e+00  2.36684455e+00  2.41237924e+00
  2.43298407e+00  2.44250081e+00  2.50732718e+00  2.52144145e+00
  2.54204625e+00  2.55937016e+00  2.56936234e+00  2.58160634e+00
  2.58528727e+00  2.59000165e+00  2.61037494e+00  2.62250445e+00
  2.64015555e+00  2.69639770e+00  2.72676303e+00  2.73590732e+00
  2.74306054e+00  2.83610004e+00  2.89733215e+00  2.92458504e+00
  2.94374394e+00  2.94403773e+00  2.97111268e+00  3.01204651e+00
  3.15150011e+00  3.29417978e+00  3.37833239e+00  3.42736448e+00
  3.58818430e+00  3.60289266e+00  3.70333502e+00  3.73617678e+00
  3.78095593e+00  3.83921392e+00  3.95873598e+00  3.99481550e+00
  4.03433874e+00  4.37156492e+00  4.44907808e+00  5.22415217e+00
  9.56044752e+00  2.35969597e+01  2.38616239e+01  2.38842684e+01
  2.39794318e+01  2.40639828e+01  2.41184329e+01  2.54928265e+01
  2.55015949e+01  2.59792292e+01  3.56253794e+01  2.15509706e+02]
nelec by numeric integration = 68.00000005638734
    CPU time for vxc     90.22 sec, wall time      3.24 sec
E1 = -1777.4210415822954  Ecoul = 719.5818964837509  Exc = -70.47225622977663
cycle= 5 E= -748.217622993471  delta_E= -0.0004  |g|= 0.0188  |ddm|= 0.04
    CPU time for cycle= 5     91.87 sec, wall time      3.30 sec
  HOMO = -0.251505483085262  LUMO = -0.0587142350837266
  mo_energy =
[-1.01473041e+02 -1.43416300e+01 -1.02370603e+01 -1.02369975e+01
 -1.02200617e+01 -1.02193308e+01 -1.02105725e+01 -1.02105122e+01
 -9.38680478e+00 -7.14991594e+00 -7.14246227e+00 -7.14244351e+00
 -9.86291576e-01 -8.36098661e-01 -7.99425284e-01 -7.63801727e-01
 -6.72311269e-01 -6.68962213e-01 -6.54434918e-01 -5.61094693e-01
 -5.18054939e-01 -5.01445991e-01 -4.67821695e-01 -4.50098468e-01
 -4.36930448e-01 -4.35033868e-01 -4.25770678e-01 -4.01913655e-01
 -3.46426640e-01 -3.21642018e-01 -2.98216006e-01 -2.61606008e-01
 -2.51828510e-01 -2.51505483e-01 -5.87142351e-02 -4.81041701e-02
  5.30625841e-03  3.37871603e-02  5.13264446e-02  5.37684292e-02
  8.19996911e-02  8.55806478e-02  1.04293400e-01  1.16448201e-01
  1.24203052e-01  1.54053894e-01  2.11084053e-01  2.36818345e-01
  2.49897273e-01  2.59181216e-01  2.80776784e-01  2.91858175e-01
  2.96803530e-01  3.06847272e-01  3.21422767e-01  3.43434861e-01
  3.58857602e-01  3.62151224e-01  3.66094424e-01  3.82336393e-01
  3.91588319e-01  4.12840123e-01  4.21600173e-01  4.30981599e-01
  4.43557982e-01  4.87791811e-01  4.97592438e-01  5.01200493e-01
  5.22024915e-01  5.32785489e-01  5.57318095e-01  5.69554083e-01
  5.80279146e-01  5.92415619e-01  6.20878536e-01  6.25474829e-01
  6.27551349e-01  6.87050791e-01  7.03040455e-01  7.07807513e-01
  7.14151062e-01  7.30926879e-01  7.63355448e-01  7.87353066e-01
  8.05032699e-01  8.21416274e-01  8.83560161e-01  9.07286710e-01
  9.07800708e-01  9.40136440e-01  9.42016816e-01  9.45760208e-01
  9.51944780e-01  9.77136974e-01  9.82652526e-01  9.99941098e-01
  1.02872491e+00  1.04663514e+00  1.08075209e+00  1.12990233e+00
  1.14732422e+00  1.16523626e+00  1.18409917e+00  1.26635132e+00
  1.30952903e+00  1.33635351e+00  1.39691419e+00  1.41938200e+00
  1.43079668e+00  1.46207889e+00  1.46895661e+00  1.47816696e+00
  1.51356134e+00  1.51471390e+00  1.55502107e+00  1.55922361e+00
  1.58714944e+00  1.63304242e+00  1.67367710e+00  1.67371381e+00
  1.68819848e+00  1.74008987e+00  1.74781319e+00  1.75472121e+00
  1.76764565e+00  1.78474284e+00  1.83773831e+00  1.85781650e+00
  1.87637254e+00  1.88604129e+00  1.90197313e+00  1.93339194e+00
  2.01338346e+00  2.01778226e+00  2.02909280e+00  2.05543694e+00
  2.06472165e+00  2.12646362e+00  2.15295984e+00  2.16055529e+00
  2.21157914e+00  2.21192213e+00  2.23866221e+00  2.27893732e+00
  2.33913626e+00  2.35361359e+00  2.36664120e+00  2.41332759e+00
  2.43383110e+00  2.44336097e+00  2.50819351e+00  2.52172975e+00
  2.54259833e+00  2.56049519e+00  2.57005106e+00  2.58297314e+00
  2.58609222e+00  2.59087677e+00  2.61102142e+00  2.62322654e+00
  2.64079444e+00  2.69649502e+00  2.72798958e+00  2.73644300e+00
  2.74369081e+00  2.83662821e+00  2.89801809e+00  2.92474649e+00
  2.94415589e+00  2.94489095e+00  2.97296571e+00  3.01271112e+00
  3.15250983e+00  3.29530435e+00  3.37950159e+00  3.42870633e+00
  3.58831207e+00  3.60316128e+00  3.70498690e+00  3.73763980e+00
  3.78116647e+00  3.83643916e+00  3.95969965e+00  3.99597214e+00
  4.03506211e+00  4.37224686e+00  4.44711158e+00  5.22278281e+00
  9.56089081e+00  2.35987191e+01  2.38663433e+01  2.38857656e+01
  2.39813294e+01  2.40654559e+01  2.41202620e+01  2.54931522e+01
  2.55019210e+01  2.59795581e+01  3.56204670e+01  2.15511367e+02]
nelec by numeric integration = 68.00000005651168
    CPU time for vxc     82.57 sec, wall time      2.95 sec
E1 = -1777.4057515125198  Ecoul = 719.5651465413005  Exc = -70.47087185843012
cycle= 6 E= -748.217698494799  delta_E= -7.55e-05  |g|= 0.00349  |ddm|= 0.0135
    CPU time for cycle= 6     84.17 sec, wall time      3.01 sec
  HOMO = -0.251533852013194  LUMO = -0.0586904114673282
  mo_energy =
[-1.01473571e+02 -1.43411104e+01 -1.02369396e+01 -1.02368994e+01
 -1.02209669e+01 -1.02193375e+01 -1.02108183e+01 -1.02107521e+01
 -9.38698559e+00 -7.15012365e+00 -7.14267734e+00 -7.14265865e+00
 -9.86312363e-01 -8.36244180e-01 -7.99473146e-01 -7.64025262e-01
 -6.72424647e-01 -6.68934725e-01 -6.54479605e-01 -5.61115629e-01
 -5.18076736e-01 -5.01428703e-01 -4.67897411e-01 -4.50252591e-01
 -4.37018823e-01 -4.35299639e-01 -4.25950118e-01 -4.01933396e-01
 -3.46479349e-01 -3.21693221e-01 -2.98294752e-01 -2.61549759e-01
 -2.51855843e-01 -2.51533852e-01 -5.86904115e-02 -4.81444410e-02
  5.16691128e-03  3.37129625e-02  5.12851640e-02  5.37696803e-02
  8.19948848e-02  8.55725847e-02  1.04293220e-01  1.16440113e-01
  1.24101431e-01  1.53994213e-01  2.11039982e-01  2.36782161e-01
  2.49859209e-01  2.59158456e-01  2.80762206e-01  2.91736762e-01
  2.96774302e-01  3.06898360e-01  3.21393822e-01  3.43414363e-01
  3.58853232e-01  3.62127790e-01  3.66003960e-01  3.82297898e-01
  3.91522772e-01  4.12780654e-01  4.21589345e-01  4.30895324e-01
  4.43518244e-01  4.87741128e-01  4.97546741e-01  5.01082625e-01
  5.22075339e-01  5.32717593e-01  5.57258725e-01  5.69484183e-01
  5.80200077e-01  5.92177171e-01  6.20834530e-01  6.25365943e-01
  6.27470148e-01  6.87026664e-01  7.03108761e-01  7.07753918e-01
  7.14080628e-01  7.30885175e-01  7.63286491e-01  7.87245276e-01
  8.04957799e-01  8.21411514e-01  8.83534348e-01  9.07221086e-01
  9.07741832e-01  9.40092679e-01  9.42025049e-01  9.45752185e-01
  9.51925395e-01  9.77058576e-01  9.82594601e-01  9.99852603e-01
  1.02874742e+00  1.04656483e+00  1.08072291e+00  1.12973754e+00
  1.14724966e+00  1.16527748e+00  1.18396647e+00  1.26641627e+00
  1.30949270e+00  1.33629532e+00  1.39672848e+00  1.41930264e+00
  1.43070038e+00  1.46200696e+00  1.46872429e+00  1.47796003e+00
  1.51351135e+00  1.51467813e+00  1.55497495e+00  1.55922078e+00
  1.58716326e+00  1.63308891e+00  1.67351897e+00  1.67370568e+00
  1.68819005e+00  1.74005752e+00  1.74779153e+00  1.75471804e+00
  1.76757594e+00  1.78453795e+00  1.83762607e+00  1.85779352e+00
  1.87628377e+00  1.88595677e+00  1.90194685e+00  1.93332112e+00
  2.01335736e+00  2.01755378e+00  2.02901966e+00  2.05521833e+00
  2.06466906e+00  2.12645041e+00  2.15288573e+00  2.16058800e+00
  2.21152512e+00  2.21187060e+00  2.23861942e+00  2.27889430e+00
  2.33904447e+00  2.35355876e+00  2.36671281e+00  2.41327514e+00
  2.43359092e+00  2.44317888e+00  2.50802791e+00  2.52177966e+00
  2.54264752e+00  2.56039167e+00  2.57002176e+00  2.58264418e+00
  2.58604469e+00  2.59080839e+00  2.61099016e+00  2.62316858e+00
  2.64077324e+00  2.69653009e+00  2.72797238e+00  2.73637162e+00
  2.74366296e+00  2.83664534e+00  2.89798615e+00  2.92474490e+00
  2.94422805e+00  2.94475939e+00  2.97256683e+00  3.01256771e+00
  3.15242163e+00  3.29520324e+00  3.37940242e+00  3.42856325e+00
  3.58837176e+00  3.60317558e+00  3.70460429e+00  3.73732339e+00
  3.78123604e+00  3.83670865e+00  3.95962972e+00  3.99589866e+00
  4.03503369e+00  4.37220283e+00  4.44733338e+00  5.22293860e+00
  9.56077368e+00  2.35986462e+01  2.38654928e+01  2.38857172e+01
  2.39813693e+01  2.40653516e+01  2.41201240e+01  2.54930568e+01
  2.55018257e+01  2.59794714e+01  3.56209591e+01  2.15510884e+02]
nelec by numeric integration = 68.0000000564632
    CPU time for vxc     83.16 sec, wall time      2.97 sec
E1 = -1777.412494534315  Ecoul = 719.5721277127894  Exc = -70.47111268456496
cycle= 7 E= -748.21770117124  delta_E= -2.68e-06  |g|= 0.000783  |ddm|= 0.0035
    CPU time for cycle= 7     84.78 sec, wall time      3.03 sec
  HOMO = -0.251603864369903  LUMO = -0.0586935193890344
  mo_energy =
[-1.01474087e+02 -1.43410875e+01 -1.02371129e+01 -1.02370464e+01
 -1.02208948e+01 -1.02193589e+01 -1.02106712e+01 -1.02106155e+01
 -9.38729306e+00 -7.15045259e+00 -7.14300362e+00 -7.14298496e+00
 -9.86346427e-01 -8.36221103e-01 -7.99486959e-01 -7.64047249e-01
 -6.72431620e-01 -6.68939079e-01 -6.54485330e-01 -5.61124660e-01
 -5.18081493e-01 -5.01421185e-01 -4.67902772e-01 -4.50233638e-01
 -4.37007585e-01 -4.35260284e-01 -4.25932481e-01 -4.01930287e-01
 -3.46495846e-01 -3.21681482e-01 -2.98301509e-01 -2.61577936e-01
 -2.51925979e-01 -2.51603864e-01 -5.86935194e-02 -4.81498573e-02
  5.17540427e-03  3.37238577e-02  5.12939932e-02  5.37722800e-02
  8.20006206e-02  8.55795787e-02  1.04298418e-01  1.16446185e-01
  1.24118677e-01  1.54005007e-01  2.11036338e-01  2.36789959e-01
  2.49866610e-01  2.59159602e-01  2.80754398e-01  2.91755469e-01
  2.96773038e-01  3.06861890e-01  3.21381251e-01  3.43385313e-01
  3.58846723e-01  3.62126868e-01  3.66008515e-01  3.82299391e-01
  3.91532854e-01  4.12784021e-01  4.21587266e-01  4.30889729e-01
  4.43505268e-01  4.87731605e-01  4.97546966e-01  5.01104922e-01
  5.22054018e-01  5.32733258e-01  5.57257665e-01  5.69489577e-01
  5.80222634e-01  5.92212294e-01  6.20837035e-01  6.25378770e-01
  6.27490013e-01  6.87008522e-01  7.03106954e-01  7.07768251e-01
  7.14090299e-01  7.30893331e-01  7.63282559e-01  7.87219862e-01
  8.04945328e-01  8.21400801e-01  8.83527002e-01  9.07194270e-01
  9.07750122e-01  9.40052306e-01  9.41937279e-01  9.45673307e-01
  9.51879657e-01  9.77050833e-01  9.82593404e-01  9.99858091e-01
  1.02873362e+00  1.04656793e+00  1.08071460e+00  1.12975328e+00
  1.14722332e+00  1.16525068e+00  1.18397971e+00  1.26640368e+00
  1.30948578e+00  1.33628462e+00  1.39676961e+00  1.41929753e+00
  1.43071744e+00  1.46200887e+00  1.46876288e+00  1.47799357e+00
  1.51352452e+00  1.51468197e+00  1.55498366e+00  1.55921675e+00
  1.58716230e+00  1.63306926e+00  1.67353156e+00  1.67370444e+00
  1.68817847e+00  1.74005461e+00  1.74779546e+00  1.75471475e+00
  1.76758714e+00  1.78457486e+00  1.83764093e+00  1.85779820e+00
  1.87630651e+00  1.88596741e+00  1.90194089e+00  1.93333085e+00
  2.01335318e+00  2.01759032e+00  2.02903372e+00  2.05525091e+00
  2.06466307e+00  2.12642942e+00  2.15289595e+00  2.16057615e+00
  2.21142678e+00  2.21177148e+00  2.23862428e+00  2.27889043e+00
  2.33904044e+00  2.35354529e+00  2.36668654e+00  2.41329042e+00
  2.43363335e+00  2.44321081e+00  2.50803258e+00  2.52175655e+00
  2.54263660e+00  2.56041339e+00  2.57002654e+00  2.58269588e+00
  2.58605160e+00  2.59082105e+00  2.61100728e+00  2.62318302e+00
  2.64078386e+00  2.69651315e+00  2.72793176e+00  2.73640871e+00
  2.74367143e+00  2.83660532e+00  2.89797183e+00  2.92473948e+00
  2.94420513e+00  2.94477880e+00  2.97260174e+00  3.01259101e+00
  3.15244860e+00  3.29521132e+00  3.37940838e+00  3.42859276e+00
  3.58834261e+00  3.60315812e+00  3.70466290e+00  3.73736814e+00
  3.78118379e+00  3.83670517e+00  3.95964561e+00  3.99591726e+00
  4.03502731e+00  4.37221548e+00  4.44733164e+00  5.22292038e+00
  9.56052977e+00  2.35986471e+01  2.38655614e+01  2.38856836e+01
  2.39812768e+01  2.40653664e+01  2.41201769e+01  2.54928426e+01
  2.55016115e+01  2.59792516e+01  3.56209777e+01  2.15510397e+02]
nelec by numeric integration = 68.00000005646594
    CPU time for vxc     81.53 sec, wall time      2.91 sec
E1 = -1777.415352838969  Ecoul = 719.5751980265544  Exc = -70.47132479627084
cycle= 8 E= -748.217701273835  delta_E= -1.03e-07  |g|= 0.000357  |ddm|= 0.000854
    CPU time for cycle= 8     83.11 sec, wall time      2.97 sec
  HOMO = -0.251560460411217  LUMO = -0.0586975334756955
  mo_energy =
[-1.01474044e+02 -1.43411069e+01 -1.02370400e+01 -1.02369868e+01
 -1.02209381e+01 -1.02193736e+01 -1.02107280e+01 -1.02106640e+01
 -9.38722940e+00 -7.15039066e+00 -7.14294179e+00 -7.14292314e+00
 -9.86333974e-01 -8.36236459e-01 -7.99482638e-01 -7.64015227e-01
 -6.72423749e-01 -6.68944335e-01 -6.54484912e-01 -5.61126529e-01
 -5.18084893e-01 -5.01434226e-01 -4.67903450e-01 -4.50234363e-01
 -4.37015660e-01 -4.35265921e-01 -4.25933800e-01 -4.01940192e-01
 -3.46482354e-01 -3.21692404e-01 -2.98300667e-01 -2.61567018e-01
 -2.51882397e-01 -2.51560460e-01 -5.86975335e-02 -4.81526125e-02
  5.18351869e-03  3.37168532e-02  5.12935202e-02  5.37678417e-02
  8.19948718e-02  8.55747048e-02  1.04294217e-01  1.16442670e-01
  1.24118975e-01  1.54006112e-01  2.11035434e-01  2.36780676e-01
  2.49857260e-01  2.59153716e-01  2.80754298e-01  2.91761140e-01
  2.96777070e-01  3.06878537e-01  3.21392541e-01  3.43406047e-01
  3.58846547e-01  3.62125084e-01  3.66004447e-01  3.82296812e-01
  3.91521499e-01  4.12779860e-01  4.21588759e-01  4.30890350e-01
  4.43506725e-01  4.87739263e-01  4.97544596e-01  5.01105046e-01
  5.22058540e-01  5.32721083e-01  5.57253407e-01  5.69485843e-01
  5.80209332e-01  5.92209306e-01  6.20834748e-01  6.25370799e-01
  6.27479660e-01  6.87018412e-01  7.03108342e-01  7.07755766e-01
  7.14081852e-01  7.30887658e-01  7.63281364e-01  7.87245451e-01
  8.04956841e-01  8.21401754e-01  8.83529642e-01  9.07209048e-01
  9.07744736e-01  9.40074288e-01  9.41989585e-01  9.45720634e-01
  9.51905619e-01  9.77061396e-01  9.82590291e-01  9.99849614e-01
  1.02873604e+00  1.04655942e+00  1.08071132e+00  1.12975864e+00
  1.14723818e+00  1.16525630e+00  1.18398396e+00  1.26640774e+00
  1.30948782e+00  1.33628552e+00  1.39676765e+00  1.41929598e+00
  1.43070525e+00  1.46200306e+00  1.46876077e+00  1.47799063e+00
  1.51350915e+00  1.51467583e+00  1.55497383e+00  1.55921108e+00
  1.58715756e+00  1.63307510e+00  1.67353372e+00  1.67369741e+00
  1.68817871e+00  1.74004998e+00  1.74778602e+00  1.75470886e+00
  1.76757785e+00  1.78457524e+00  1.83764100e+00  1.85779024e+00
  1.87629218e+00  1.88596304e+00  1.90193827e+00  1.93332686e+00
  2.01335343e+00  2.01758959e+00  2.02902127e+00  2.05525205e+00
  2.06466064e+00  2.12643761e+00  2.15288397e+00  2.16057728e+00
  2.21146998e+00  2.21181488e+00  2.23861380e+00  2.27888770e+00
  2.33904320e+00  2.35355193e+00  2.36669267e+00  2.41327670e+00
  2.43362879e+00  2.44320609e+00  2.50803474e+00  2.52176122e+00
  2.54263623e+00  2.56039981e+00  2.57001816e+00  2.58268859e+00
  2.58604794e+00  2.59081275e+00  2.61099053e+00  2.62317688e+00
  2.64077149e+00  2.69651610e+00  2.72794159e+00  2.73639029e+00
  2.74366184e+00  2.83662074e+00  2.89797384e+00  2.92474010e+00
  2.94420969e+00  2.94476607e+00  2.97259712e+00  3.01258837e+00
  3.15243356e+00  3.29520768e+00  3.37940201e+00  3.42857395e+00
  3.58835206e+00  3.60316211e+00  3.70465238e+00  3.73736064e+00
  3.78120268e+00  3.83670025e+00  3.95963204e+00  3.99590043e+00
  4.03502635e+00  4.37220426e+00  4.44732777e+00  5.22292316e+00
  9.56059066e+00  2.35986414e+01  2.38655217e+01  2.38856983e+01
  2.39813058e+01  2.40653623e+01  2.41201493e+01  2.54929028e+01
  2.55016717e+01  2.59793115e+01  3.56209597e+01  2.15510441e+02]
nelec by numeric integration = 68.00000005646433
    CPU time for vxc     85.74 sec, wall time      3.07 sec
E1 = -1777.4142900160273  Ecoul = 719.574093320937  Exc = -70.47128294496467
cycle= 9 E= -748.217701305205  delta_E= -3.14e-08  |g|= 4.98e-05  |ddm|= 0.000287
    CPU time for cycle= 9     87.36 sec, wall time      3.13 sec
  HOMO = -0.251563070867092  LUMO = -0.0586971987339344
  mo_energy =
[-1.01474043e+02 -1.43411098e+01 -1.02370516e+01 -1.02369930e+01
 -1.02209323e+01 -1.02193599e+01 -1.02107341e+01 -1.02106758e+01
 -9.38723233e+00 -7.15039329e+00 -7.14294414e+00 -7.14292550e+00
 -9.86336355e-01 -8.36234987e-01 -7.99486545e-01 -7.64019139e-01
 -6.72423636e-01 -6.68946163e-01 -6.54486325e-01 -5.61126686e-01
 -5.18086693e-01 -5.01436486e-01 -4.67906395e-01 -4.50235464e-01
 -4.37013444e-01 -4.35266403e-01 -4.25935006e-01 -4.01941162e-01
 -3.46484273e-01 -3.21691003e-01 -2.98304069e-01 -2.61570086e-01
 -2.51885016e-01 -2.51563071e-01 -5.86971987e-02 -4.81557258e-02
  5.18188446e-03  3.37172889e-02  5.12929913e-02  5.37666742e-02
  8.19952258e-02  8.55736689e-02  1.04292947e-01  1.16442130e-01
  1.24117788e-01  1.54004452e-01  2.11034297e-01  2.36780856e-01
  2.49856978e-01  2.59152894e-01  2.80752549e-01  2.91758885e-01
  2.96776109e-01  3.06878367e-01  3.21390936e-01  3.43404292e-01
  3.58844725e-01  3.62122594e-01  3.66004311e-01  3.82296239e-01
  3.91522831e-01  4.12777742e-01  4.21587935e-01  4.30889766e-01
  4.43507026e-01  4.87737547e-01  4.97542580e-01  5.01103658e-01
  5.22056225e-01  5.32721288e-01  5.57253474e-01  5.69484533e-01
  5.80208235e-01  5.92208821e-01  6.20834226e-01  6.25370171e-01
  6.27478138e-01  6.87016127e-01  7.03106962e-01  7.07755843e-01
  7.14082677e-01  7.30886429e-01  7.63280704e-01  7.87243261e-01
  8.04954288e-01  8.21399760e-01  8.83528638e-01  9.07207362e-01
  9.07743910e-01  9.40072347e-01  9.41986259e-01  9.45717517e-01
  9.51903817e-01  9.77059423e-01  9.82589874e-01  9.99848702e-01
  1.02873453e+00  1.04655717e+00  1.08071239e+00  1.12975667e+00
  1.14723673e+00  1.16525399e+00  1.18398177e+00  1.26640607e+00
  1.30948503e+00  1.33628416e+00  1.39676638e+00  1.41929372e+00
  1.43070524e+00  1.46200385e+00  1.46875991e+00  1.47799000e+00
  1.51350993e+00  1.51467501e+00  1.55497264e+00  1.55921033e+00
  1.58715653e+00  1.63307306e+00  1.67353152e+00  1.67369698e+00
  1.68817724e+00  1.74004795e+00  1.74778465e+00  1.75470977e+00
  1.76757737e+00  1.78457324e+00  1.83763920e+00  1.85778932e+00
  1.87629273e+00  1.88596252e+00  1.90193601e+00  1.93332601e+00
  2.01335120e+00  2.01758800e+00  2.02902086e+00  2.05525000e+00
  2.06465854e+00  2.12643546e+00  2.15288471e+00  2.16057563e+00
  2.21146741e+00  2.21181231e+00  2.23861563e+00  2.27888493e+00
  2.33904098e+00  2.35354974e+00  2.36669044e+00  2.41327732e+00
  2.43362817e+00  2.44320540e+00  2.50803422e+00  2.52175789e+00
  2.54263534e+00  2.56039860e+00  2.57001655e+00  2.58268815e+00
  2.58604642e+00  2.59081384e+00  2.61098991e+00  2.62317712e+00
  2.64077054e+00  2.69651409e+00  2.72794293e+00  2.73638613e+00
  2.74366210e+00  2.83661633e+00  2.89797065e+00  2.92473857e+00
  2.94420769e+00  2.94476540e+00  2.97259666e+00  3.01258770e+00
  3.15243295e+00  3.29520377e+00  3.37940063e+00  3.42857544e+00
  3.58834958e+00  3.60315999e+00  3.70465253e+00  3.73736032e+00
  3.78119915e+00  3.83669780e+00  3.95962973e+00  3.99590208e+00
  4.03502375e+00  4.37220348e+00  4.44732598e+00  5.22292030e+00
  9.56058761e+00  2.35986388e+01  2.38655268e+01  2.38856899e+01
  2.39813054e+01  2.40653539e+01  2.41201482e+01  2.54928996e+01
  2.55016686e+01  2.59793079e+01  3.56209568e+01  2.15510442e+02]
nelec by numeric integration = 68.00000005646423
    CPU time for vxc     81.27 sec, wall time      2.90 sec
E1 = -1777.4144323666574  Ecoul = 719.5742424013761  Exc = -70.47128967526945
cycle= 10 E= -748.2177013057  delta_E= -4.96e-10  |g|= 2.62e-05  |ddm|= 5.96e-05
    CPU time for cycle= 10     82.89 sec, wall time      2.96 sec
  HOMO = -0.251564433594447  LUMO = -0.0586981570402855
  mo_energy =
[-1.01474036e+02 -1.43411131e+01 -1.02370400e+01 -1.02369900e+01
 -1.02209331e+01 -1.02193793e+01 -1.02107315e+01 -1.02106642e+01
 -9.38723079e+00 -7.15039135e+00 -7.14294209e+00 -7.14292345e+00
 -9.86335467e-01 -8.36237509e-01 -7.99483097e-01 -7.64020197e-01
 -6.72424376e-01 -6.68945001e-01 -6.54485309e-01 -5.61126424e-01
 -5.18085809e-01 -5.01433595e-01 -4.67903113e-01 -4.50235232e-01
 -4.37016279e-01 -4.35266776e-01 -4.25934739e-01 -4.01940254e-01
 -3.46484465e-01 -3.21693212e-01 -2.98300814e-01 -2.61570510e-01
 -2.51886354e-01 -2.51564434e-01 -5.86981570e-02 -4.81531647e-02
  5.18163361e-03  3.37166545e-02  5.12934268e-02  5.37681465e-02
  8.19950287e-02  8.55749042e-02  1.04293722e-01  1.16442439e-01
  1.24117865e-01  1.54005590e-01  2.11034585e-01  2.36780665e-01
  2.49857545e-01  2.59153684e-01  2.80754380e-01  2.91759136e-01
  2.96776134e-01  3.06877702e-01  3.21390854e-01  3.43403836e-01
  3.58846137e-01  3.62124835e-01  3.66003937e-01  3.82296144e-01
  3.91521661e-01  4.12779903e-01  4.21587888e-01  4.30890060e-01
  4.43506329e-01  4.87738432e-01  4.97544479e-01  5.01103584e-01
  5.22058583e-01  5.32720923e-01  5.57253233e-01  5.69485648e-01
  5.80209244e-01  5.92208528e-01  6.20834308e-01  6.25370590e-01
  6.27479617e-01  6.87017341e-01  7.03107124e-01  7.07755715e-01
  7.14081676e-01  7.30887200e-01  7.63280768e-01  7.87242074e-01
  8.04955001e-01  8.21401501e-01  8.83529333e-01  9.07207048e-01
  9.07744183e-01  9.40071616e-01  9.41984704e-01  9.45716057e-01
  9.51902598e-01  9.77059157e-01  9.82589759e-01  9.99849054e-01
  1.02873573e+00  1.04655982e+00  1.08071164e+00  1.12975674e+00
  1.14723619e+00  1.16525612e+00  1.18398214e+00  1.26640593e+00
  1.30948704e+00  1.33628494e+00  1.39676616e+00  1.41929611e+00
  1.43070502e+00  1.46200302e+00  1.46875979e+00  1.47798979e+00
  1.51350968e+00  1.51467522e+00  1.55497389e+00  1.55921110e+00
  1.58715775e+00  1.63307495e+00  1.67353206e+00  1.67369812e+00
  1.68817898e+00  1.74005063e+00  1.74778635e+00  1.75470914e+00
  1.76757757e+00  1.78457299e+00  1.83763986e+00  1.85779053e+00
  1.87629162e+00  1.88596212e+00  1.90193793e+00  1.93332602e+00
  2.01335296e+00  2.01758754e+00  2.02902048e+00  2.05525013e+00
  2.06466070e+00  2.12643725e+00  2.15288352e+00  2.16057700e+00
  2.21146651e+00  2.21181142e+00  2.23861376e+00  2.27888807e+00
  2.33904168e+00  2.35355037e+00  2.36669163e+00  2.41327683e+00
  2.43362779e+00  2.44320546e+00  2.50803395e+00  2.52176012e+00
  2.54263660e+00  2.56039875e+00  2.57001834e+00  2.58268789e+00
  2.58604837e+00  2.59081323e+00  2.61099143e+00  2.62317690e+00
  2.64077188e+00  2.69651521e+00  2.72794064e+00  2.73638912e+00
  2.74366150e+00  2.83661992e+00  2.89797366e+00  2.92473868e+00
  2.94420886e+00  2.94476499e+00  2.97259593e+00  3.01258763e+00
  3.15243224e+00  3.29520691e+00  3.37940124e+00  3.42857326e+00
  3.58835119e+00  3.60316155e+00  3.70465187e+00  3.73736025e+00
  3.78120213e+00  3.83669653e+00  3.95963188e+00  3.99590020e+00
  4.03502588e+00  4.37220298e+00  4.44732551e+00  5.22292075e+00
  9.56058817e+00  2.35986388e+01  2.38655260e+01  2.38856967e+01
  2.39813028e+01  2.40653606e+01  2.41201464e+01  2.54928998e+01
  2.55016687e+01  2.59793079e+01  3.56209537e+01  2.15510448e+02]
nelec by numeric integration = 68.00000005646413
    CPU time for vxc     94.31 sec, wall time      3.40 sec
E1 = -1777.4144294799055  Ecoul = 719.5742399333595  Exc = -70.47129009375045
Extra cycle  E= -748.217701305446  delta_E= 2.54e-10  |g|= 4.11e-05  |ddm|= 4.45e-05
    CPU time for scf_cycle   1097.72 sec, wall time     39.74 sec
    CPU time for SCF   1097.73 sec, wall time     39.74 sec
converged SCF energy = -748.217701305446
Converting <class 'pyscf.dft.rks.RKS'> to RHF


******** <class 'pyscf.tdscf.rks.TDA'> for <class 'pyscf.dft.rks.RKS'> ********
nstates = 5 singlet
wfnsym = None
conv_tol = 1e-09
eigh lindep = 1e-12
eigh level_shift = 0
eigh max_space = 8
eigh max_cycle = 2000
chkfile = /scratch/global/yangjunjie/tmpvogo9zv6
max_memory 256000 MB (current use 2274 MB)


davidson 0 5  |r|= 0.0522  e= [0.16758462 0.17392779 0.17422961 0.18465864 0.18470389]  max|de|= 0.185  lindep=    1
davidson 1 10  |r|= 0.0144  e= [0.16426373 0.1738273  0.17387536 0.18441786 0.18465182]  max|de|= -0.00332  lindep= 0.751
Old state -> New state
    2     ->     1 
    1     ->     2 
    4     ->     3 
    3     ->     4 
davidson 2 15  |r|= 0.0796  e= [0.16402901 0.17381932 0.17382693 0.17874206 0.18435441]  max|de|= -0.00591  lindep= 0.684
Old state -> New state
    3     ->     1 
    1     ->     2 
    2     ->     3 
davidson 3 20  |r|= 0.00982  e= [0.16402539 0.17281426 0.17380679 0.17382705 0.18433432]  max|de|= -0.00593  lindep= 0.904
davidson 4 5  |r|= 0.00982  e= [0.16402539 0.17281426 0.17380679 0.17382705 0.18433432]  max|de|= -3.89e-16  lindep= 0.999
davidson 5 10  |r|= 0.0029  e= [0.16402526 0.17267499 0.1738061  0.17382704 0.18432818]  max|de|= -0.000139  lindep= 0.777
davidson 6 15  |r|= 0.00114  e= [0.16402525 0.17265873 0.17380599 0.17382704 0.18432577]  max|de|= -1.63e-05  lindep= 0.824
root 3 converged  |r|= 2.87e-06  e= 0.17382703767995986  max|de|= -1.61e-10
davidson 7 20  |r|= 0.000393  e= [0.16402525 0.1726564  0.17380598 0.17382704 0.18432504]  max|de|= -2.33e-06  lindep= 0.84
root 0 converged  |r|= 7.82e-06  e= 0.1640252485769501  max|de|= -5.55e-17
davidson 8 5  |r|= 0.000393  e= [0.16402525 0.1726564  0.17380598 0.17382704 0.18432504]  max|de|= 2.78e-16  lindep= 0.984
davidson 9 8  |r|= 0.00014  e= [0.16402525 0.17265628 0.17380597 0.17382704 0.18432483]  max|de|= -2.04e-07  lindep= 0.801
root 2 converged  |r|= 1.01e-05  e= 0.17380597252714552  max|de|= -7.59e-10
davidson 10 11  |r|= 0.000128  e= [0.16402525 0.17265627 0.17380597 0.17382704 0.18432476]  max|de|= -7.75e-08  lindep= 0.806
davidson 11 13  |r|= 5.8e-05  e= [0.16402525 0.17265627 0.17380597 0.17382704 0.18432473]  max|de|= -2.93e-08  lindep= 0.694
root 1 converged  |r|= 3.91e-06  e= 0.17265626794315825  max|de|= -2.78e-10
davidson 12 15  |r|= 3.52e-05  e= [0.16402525 0.17265627 0.17380597 0.17382704 0.18432471]  max|de|= -1.23e-08  lindep= 0.895
davidson 13 16  |r|= 1.17e-05  e= [0.16402525 0.17265627 0.17380597 0.17382704 0.18432471]  max|de|= -1.31e-09  lindep= 0.908
root 4 converged  |r|= 1.17e-05  e= 0.18432471246257268  max|de|= -1.39e-16
converged 14 5  |r|= 1.17e-05  e= [0.16402525 0.17265627 0.17380597 0.17382704 0.18432471]  max|de|= -1.39e-16
    CPU time for TDA   3018.28 sec, wall time    112.19 sec
Excited State energies (eV)
[4.46335435 4.69821636 4.72950141 4.73007462 5.0157309 ]
