 
:: initializing oneAPI environment ...
   slurm_script: BASH_VERSION = 4.2.46(1)-release
   args: Using "$@" for setvars.sh arguments: --force
:: advisor -- latest
:: ccl -- latest
:: clck -- latest
:: compiler -- latest
:: dal -- latest
:: debugger -- latest
:: dev-utilities -- latest
:: dnnl -- latest
:: dpcpp-ct -- latest
:: dpl -- latest
:: inspector -- latest
:: intelpython -- latest
:: ipp -- latest
:: ippcp -- latest
:: ipp -- latest
:: itac -- latest
:: mkl -- latest
:: mpi -- latest
:: tbb -- latest
:: vpl -- latest
:: vtune -- latest
:: oneAPI environment initialized ::
 
SLURM_CPUS_PER_TASK = 28
SLURM_MEM_PER_NODE = 256000
#INFO: **** input file is /home/yangjunjie/work/py-ch3-cl/work/scan-40/main.py ****
import sys
import pyscf
from pyscf import tdscf

def main(xyz_file, basis="631g*", xc="b3lyp", output="ene.out"):
    xyz = None

    with open(xyz_file, "r") as xyz:
        xyz = xyz.readlines()[2:]
        xyz = "".join(xyz)

    mol = pyscf.gto.Mole()
    mol.atom = xyz
    mol.basis = basis
    mol.verbose = 5
    mol.build()

    if xc is not None and xc != "hf":
        mf = pyscf.scf.RKS(mol)
        mf.xc = xc
        mf.grids.level = 9
        mf.kernel()
    else:
        mf = pyscf.scf.RHF(mol)
        mf.kernel()

    ene_mf = mf.e_tot

    with open(output, "w") as f:
        tda = pyscf.tdscf.TDA(mf)
        tda.nstates = 5
        tda.max_space = 8
        tda.max_cycle = 2000
        tda.kernel()

        con_tda = tda.converged
        ene_tda = tda.e[:5]
        dip_tda = tda.transition_dipole()[:5]

        f.write(f"RKS energy: {ene_mf: 12.8f}\n")
        f.write("TDA results:\n")
        for i, (con, ene, dip) in enumerate(zip(con_tda, ene_tda, dip_tda)):
            f.write(f" {i:2d} {con} {ene: 12.8f} {dip[0]: 12.8f} {dip[1]: 12.8f} {dip[2]: 12.8f}\n")

        # rpa = pyscf.tdscf.RPA(mf)
        # rpa.nstates = 5
        # rpa.max_space = 8
        # rpa.max_cycle = 2000
        # rpa.kernel()

        # con_rpa = rpa.converged
        # ene_rpa = rpa.e[:5]
        # dip_rpa = rpa.transition_dipole()[:5]
        
        # f.write("\nRPA results:\n")
        # for i, (con, ene, dip) in enumerate(zip(con_rpa, ene_rpa, dip_rpa)):
        #     f.write(f" {i:2d} {con} {ene: 12.8f} {dip[0]: 12.8f} {dip[1]: 12.8f} {dip[2]: 12.8f}\n")

if __name__ == "__main__":
    xyz = sys.argv[1]
    main(xyz, basis="6-311g**", xc=None, output="out.log")
#INFO: ******************** input file end ********************


System: uname_result(system='Linux', node='pauling014', release='3.10.0-327.36.3.el7.x86_64', version='#1 SMP Thu Oct 20 04:56:07 EDT 2016', machine='x86_64')  Threads 28
Python 3.9.7 (default, Oct 27 2021, 01:23:21) 
[GCC 9.3.0]
numpy 1.21.2  scipy 1.6.2
Date: Tue Oct  4 15:31:06 2022
PySCF version 2.0.1
PySCF path  /home/yangjunjie/packages/pyscf/pyscf-main
GIT ORIG_HEAD 14b880cdc4bf7bb64f3989a147c0b04622efc498
GIT HEAD (branch master) 9d5b5bd309d1cc55fbd1a0ec76e26b5b0c7f76af

[ENV] PYSCF_MAX_MEMORY 256000
[ENV] PYSCF_TMPDIR /scratch/global/yangjunjie/
[CONFIG] conf_file /home/yangjunjie/.pyscf_conf.py
[INPUT] verbose = 5
[INPUT] max_memory = 256000 
[INPUT] num. atoms = 16
[INPUT] num. electrons = 68
[INPUT] charge = 0
[INPUT] spin (= nelec alpha-beta = 2S) = 0
[INPUT] symmetry False subgroup None
[INPUT] Mole.unit = angstrom
[INPUT]  1 C      0.000000280000   1.164784210000   1.017508350000 AA    0.000000529123   2.201123151118   1.922812110958 Bohr
[INPUT]  2 C      0.000000710000   1.185774420000   2.392806300000 AA    0.000001341706   2.240788899315   4.521748576134 Bohr
[INPUT]  3 C      0.000000060000  -0.016168810000   3.076005350000 AA    0.000000113384  -0.030554622660   5.812807669197 Bohr
[INPUT]  4 C     -0.000000660000  -1.205466300000   2.362132040000 AA   -0.000001247219  -2.278001159393   4.463782625660 Bohr
[INPUT]  5 C     -0.000000790000  -1.150767880000   0.992540290000 AA   -0.000001492884  -2.174636126146   1.875629315696 Bohr
[INPUT]  6 N     -0.000000390000   0.016967330000   0.345569810000 AA   -0.000000736993   0.032063606765   0.653032297818 Bohr
[INPUT]  7 C      0.000000000000   0.011465160000  -1.130687250000 AA    0.000000000000   0.021666012374  -2.136689235038 Bohr
[INPUT]  8 H      0.000000580000   2.060465700000   0.428773960000 AA    0.000001096041   3.893715862060   0.810265353745 Bohr
[INPUT]  9 H      0.000001540000   2.127131030000   2.906062400000 AA    0.000002910178   4.019695077764   5.491662036896 Bohr
[INPUT] 10 H      0.000000180000  -0.029515460000   4.150271740000 AA    0.000000340151  -0.055776135841   7.842876931122 Bohr
[INPUT] 11 H     -0.000001020000  -2.158286190000   2.853820880000 AA   -0.000001927521  -4.078569797531   5.392939871765 Bohr
[INPUT] 12 H     -0.000001050000  -2.029006660000   0.376361220000 AA   -0.000001984212  -3.834266892318   0.711219629707 Bohr
[INPUT] 13 H     -0.000003460000   1.021718280000  -1.501541750000 AA   -0.000006538452   1.930767725662  -2.837502672100 Bohr
[INPUT] 14 H     -0.880755850000  -0.491883270000  -1.497034750000 AA   -1.664387339109  -0.929524665555  -2.828985676457 Bohr
[INPUT] 15 H      0.880759480000  -0.491877200000  -1.497034430000 AA    1.664394198814  -0.929513194918  -2.828985071744 Bohr
[INPUT] 16 Cl     0.000000370000  -0.007071750000  -4.501808670000 AA    0.000000699199  -0.013363670721  -8.507185451492 Bohr
[INPUT] ---------------- BASIS SET ---------------- 
[INPUT] l, kappa, [nprim/nctr], expnt,             c_1 c_2 ...
[INPUT] C
[INPUT] 0    0    [6    /1   ]  4563.24           0.00196665
                                682.024           0.0152306
                                154.973           0.0761269
                                44.4553           0.260801
                                13.029            0.616462
                                1.82773           0.221006
[INPUT] 0    0    [3    /1   ]  20.9642           0.11466
                                4.80331           0.919999
                                1.45933           -0.00303068
[INPUT] 0    0    [1    /1   ]  0.483456             1
[INPUT] 0    0    [1    /1   ]  0.145585             1
[INPUT] 1    0    [3    /1   ]  20.9642           0.0402487
                                4.80331           0.237594
                                1.45933           0.815854
[INPUT] 1    0    [1    /1   ]  0.483456             1
[INPUT] 1    0    [1    /1   ]  0.145585             1
[INPUT] 2    0    [1    /1   ]  0.626                1
[INPUT] Cl
[INPUT] 0    0    [6    /1   ]  105819            0.000738
                                15872             0.005718
                                3619.65           0.029495
                                1030.8            0.117286
                                339.908           0.362949
                                124.538           0.584149
[INPUT] 0    0    [3    /1   ]  124.538           0.134177
                                49.5135           0.62425
                                20.8056           0.291756
[INPUT] 0    0    [1    /1   ]  6.58346              1
[INPUT] 0    0    [1    /1   ]  2.56468              1
[INPUT] 0    0    [1    /1   ]  0.559763             1
[INPUT] 0    0    [1    /1   ]  0.183273             1
[INPUT] 1    0    [5    /1   ]  589.776           0.002391
                                139.849           0.018504
                                45.1413           0.081377
                                16.8733           0.221552
                                6.7411            0.772569
[INPUT] 1    0    [2    /1   ]  6.7411            -1.572244
                                2.77152           0.992389
[INPUT] 1    0    [1    /1   ]  1.02387              1
[INPUT] 1    0    [1    /1   ]  0.381368             1
[INPUT] 1    0    [1    /1   ]  0.109437             1
[INPUT] 2    0    [1    /1   ]  0.75                 1
[INPUT] H
[INPUT] 0    0    [3    /1   ]  33.865            0.0254938
                                5.09479           0.190373
                                1.15879           0.852161
[INPUT] 0    0    [1    /1   ]  0.32584              1
[INPUT] 0    0    [1    /1   ]  0.102741             1
[INPUT] 1    0    [1    /1   ]  0.75                 1
[INPUT] N
[INPUT] 0    0    [6    /1   ]  6293.48           0.00196979
                                949.044           0.0149613
                                218.776           0.0735006
                                63.6916           0.248937
                                18.8282           0.60246
                                2.72023           0.256202
[INPUT] 0    0    [3    /1   ]  30.6331           0.111906
                                7.02614           0.921666
                                2.11205           -0.00256919
[INPUT] 0    0    [1    /1   ]  0.684009             1
[INPUT] 0    0    [1    /1   ]  0.200878             1
[INPUT] 1    0    [3    /1   ]  30.6331           0.0383119
                                7.02614           0.237403
                                2.11205           0.817592
[INPUT] 1    0    [1    /1   ]  0.684009             1
[INPUT] 1    0    [1    /1   ]  0.200878             1
[INPUT] 2    0    [1    /1   ]  0.913                1

nuclear repulsion = 374.195722065961
number of shells = 100
number of NR pGTOs = 329
number of NR cGTOs = 200
basis = 6-311g**
ecp = {}
CPU time:         0.37


******** <class 'pyscf.scf.hf.RHF'> ********
method = RHF
initial guess = minao
damping factor = 0
level_shift factor = 0
DIIS = <class 'pyscf.scf.diis.CDIIS'>
diis_start_cycle = 1
diis_space = 8
SCF conv_tol = 1e-09
SCF conv_tol_grad = None
SCF max_cycles = 50
direct_scf = True
direct_scf_tol = 1e-13
chkfile to save SCF result = /scratch/global/yangjunjie/tmpogjtb65j
max_memory 256000 MB (current use 81 MB)
Set gradient conv threshold to 3.16228e-05
E1 = -1762.0520121764835  E_coul = 639.987156841137
init E= -747.869133269385
cond(S) = 15155.391472893632
    CPU time for initialize scf     13.78 sec, wall time      0.57 sec
  HOMO = -0.254582869471768  LUMO = 0.00418526277999099
  mo_energy =
[-1.04816205e+02 -1.56432622e+01 -1.13284285e+01 -1.13252687e+01
 -1.13215615e+01 -1.13206547e+01 -1.13194941e+01 -1.13192592e+01
 -1.06097191e+01 -8.06831708e+00 -8.06829969e+00 -8.06829809e+00
 -1.81027581e+00 -1.48237046e+00 -1.34168244e+00 -1.17981861e+00
 -1.08074975e+00 -9.58469174e-01 -9.25693762e-01 -6.95438659e-01
 -6.17412018e-01 -5.79466644e-01 -5.64617517e-01 -5.15601261e-01
 -4.98623787e-01 -4.39324431e-01 -4.37421356e-01 -4.30961733e-01
 -4.24473749e-01 -4.23853284e-01 -3.70249667e-01 -3.55684904e-01
 -2.91686713e-01 -2.54582869e-01  4.18526278e-03  4.36215157e-02
  1.12124811e-01  1.37945576e-01  1.58169234e-01  1.80619111e-01
  1.94681718e-01  1.95518110e-01  2.10189334e-01  2.29661543e-01
  2.43014063e-01  2.48011465e-01  3.64476239e-01  3.75488129e-01
  3.87661207e-01  3.98413572e-01  4.07028114e-01  4.07739947e-01
  4.25071794e-01  4.30287392e-01  4.50843216e-01  4.54785945e-01
  4.87987775e-01  5.13842306e-01  5.40767360e-01  5.45749619e-01
  5.59068250e-01  5.78912962e-01  5.88646947e-01  6.02551385e-01
  6.29070631e-01  6.30082522e-01  6.76665905e-01  6.78976811e-01
  6.90051113e-01  7.20318009e-01  7.41686478e-01  7.48996129e-01
  7.59773576e-01  7.71482578e-01  7.80031478e-01  7.89943192e-01
  8.06501918e-01  8.42471854e-01  8.79641194e-01  8.88405814e-01
  8.92888234e-01  9.41049599e-01  9.63837595e-01  9.70738537e-01
  9.86346594e-01  1.02157308e+00  1.06047260e+00  1.10361285e+00
  1.10374998e+00  1.10796286e+00  1.10934570e+00  1.13041405e+00
  1.13165333e+00  1.13957751e+00  1.18579271e+00  1.23013274e+00
  1.24066261e+00  1.27109558e+00  1.28685825e+00  1.29860626e+00
  1.33539545e+00  1.41378312e+00  1.48218769e+00  1.52787135e+00
  1.62063582e+00  1.62269198e+00  1.66916546e+00  1.67569824e+00
  1.68059901e+00  1.72466316e+00  1.73666422e+00  1.74935365e+00
  1.77318934e+00  1.77756381e+00  1.82832615e+00  1.84783494e+00
  1.89282852e+00  1.89532042e+00  1.92311533e+00  1.95962098e+00
  1.96198101e+00  1.97306115e+00  2.01154570e+00  2.02188749e+00
  2.04419275e+00  2.08451610e+00  2.11119095e+00  2.14689592e+00
  2.15985179e+00  2.18164384e+00  2.19817742e+00  2.24071316e+00
  2.30142448e+00  2.33380956e+00  2.34644395e+00  2.36599576e+00
  2.37260061e+00  2.43196448e+00  2.43354353e+00  2.46442722e+00
  2.50342156e+00  2.50878448e+00  2.55679199e+00  2.61401933e+00
  2.63623586e+00  2.66416721e+00  2.67438881e+00  2.69139353e+00
  2.72652827e+00  2.75396504e+00  2.77529532e+00  2.82073777e+00
  2.87268282e+00  2.87522584e+00  2.88966383e+00  2.90648447e+00
  2.91315073e+00  2.93049947e+00  2.95190535e+00  2.96327004e+00
  2.96991244e+00  3.06245397e+00  3.07731606e+00  3.09990514e+00
  3.12822108e+00  3.22485377e+00  3.22910419e+00  3.28506032e+00
  3.28843252e+00  3.34979976e+00  3.41832431e+00  3.57806590e+00
  3.69915042e+00  3.80702845e+00  3.81643662e+00  3.87384387e+00
  4.01974518e+00  4.10788703e+00  4.12506992e+00  4.15040853e+00
  4.22227969e+00  4.35407731e+00  4.35527262e+00  4.40156152e+00
  4.48656289e+00  4.79471081e+00  5.39511275e+00  5.69006493e+00
  1.00049924e+01  2.47351393e+01  2.50365655e+01  2.50507829e+01
  2.51602134e+01  2.52519316e+01  2.52972855e+01  2.61931272e+01
  2.61999413e+01  2.62987455e+01  3.70181045e+01  2.18870582e+02]
E1 = -1761.0761872316843  E_coul = 641.2202822656182
cycle= 1 E= -745.660182900105  delta_E= 2.21  |g|= 0.73  |ddm|=  3.1
    CPU time for cycle= 1      1.50 sec, wall time      0.06 sec
  HOMO = -0.171311743920038  LUMO = -0.0963759004566311
  mo_energy =
[-1.04337581e+02 -1.60384887e+01 -1.15637662e+01 -1.15611194e+01
 -1.14352442e+01 -1.14247587e+01 -1.14163189e+01 -1.14155892e+01
 -1.01050540e+01 -7.56808828e+00 -7.56789891e+00 -7.56789350e+00
 -1.59739719e+00 -1.29956224e+00 -1.27263568e+00 -1.14392440e+00
 -1.08878043e+00 -1.02886704e+00 -8.90409013e-01 -8.69891312e-01
 -8.37965420e-01 -8.16597255e-01 -7.83039865e-01 -7.78623474e-01
 -7.36525561e-01 -6.76016373e-01 -6.74143967e-01 -6.55647367e-01
 -6.55005837e-01 -5.62516691e-01 -5.34445288e-01 -1.75003435e-01
 -1.71437096e-01 -1.71311744e-01 -9.63759005e-02 -4.38875331e-02
  5.90693069e-02  9.40992974e-02  1.03237025e-01  1.32856034e-01
  1.41355114e-01  1.53673639e-01  1.72456539e-01  1.86224034e-01
  2.11510849e-01  2.22095281e-01  2.72910770e-01  2.82924359e-01
  2.97923052e-01  3.15547454e-01  3.40007994e-01  3.42968534e-01
  3.58874013e-01  3.90714400e-01  4.03635894e-01  4.34647926e-01
  4.60923383e-01  4.74209433e-01  4.84512302e-01  5.08901818e-01
  5.14407040e-01  5.28231498e-01  5.34227326e-01  5.82344127e-01
  5.85473458e-01  6.23969432e-01  6.40233423e-01  6.50282947e-01
  6.51490040e-01  6.58111782e-01  6.76970062e-01  6.80089883e-01
  6.87281554e-01  7.11915867e-01  7.22577439e-01  7.26971044e-01
  7.37425179e-01  7.78009118e-01  7.91613650e-01  8.07195442e-01
  8.09498833e-01  8.64147139e-01  8.72971601e-01  8.96665368e-01
  9.06870378e-01  9.64536487e-01  1.01190431e+00  1.03706657e+00
  1.06240760e+00  1.08324467e+00  1.10430345e+00  1.13802753e+00
  1.15048790e+00  1.16645423e+00  1.17108093e+00  1.21025021e+00
  1.25951247e+00  1.32201826e+00  1.43367970e+00  1.47671566e+00
  1.48678938e+00  1.48764951e+00  1.48907276e+00  1.48930796e+00
  1.50924735e+00  1.50977723e+00  1.53807740e+00  1.58123863e+00
  1.61174175e+00  1.64312036e+00  1.65160255e+00  1.66478743e+00
  1.67794065e+00  1.68077487e+00  1.70704747e+00  1.73435430e+00
  1.78819008e+00  1.80451991e+00  1.82057987e+00  1.83225543e+00
  1.87467482e+00  1.87696538e+00  1.90533757e+00  1.91078080e+00
  1.97356401e+00  1.98477088e+00  2.01151680e+00  2.04267775e+00
  2.06043568e+00  2.06288241e+00  2.08324114e+00  2.16837559e+00
  2.18227386e+00  2.22257074e+00  2.23147124e+00  2.24245314e+00
  2.25351262e+00  2.40084204e+00  2.41063249e+00  2.47263394e+00
  2.49102188e+00  2.52440480e+00  2.56987624e+00  2.59353065e+00
  2.63350420e+00  2.64048634e+00  2.67251932e+00  2.69095583e+00
  2.70242648e+00  2.72904886e+00  2.76123431e+00  2.80042049e+00
  2.80134006e+00  2.80816300e+00  2.81098454e+00  2.82084887e+00
  2.82385759e+00  2.82733329e+00  2.84514609e+00  2.84750740e+00
  2.88953225e+00  2.90246702e+00  2.94893031e+00  2.96560793e+00
  2.97706675e+00  3.06700291e+00  3.11939494e+00  3.14028827e+00
  3.20393791e+00  3.22201402e+00  3.24578431e+00  3.46954115e+00
  3.56366525e+00  3.68415011e+00  3.70082507e+00  3.74968726e+00
  3.81957858e+00  3.95744506e+00  3.96875412e+00  3.98213592e+00
  4.13656762e+00  4.14907439e+00  4.24213115e+00  4.30196717e+00
  4.35458088e+00  4.65138037e+00  5.14970211e+00  5.44445195e+00
  1.04756483e+01  2.45689444e+01  2.48319022e+01  2.49366778e+01
  2.49701106e+01  2.50981874e+01  2.51699616e+01  2.66474265e+01
  2.66541860e+01  2.67518285e+01  3.66151648e+01  2.19340036e+02]
E1 = -1763.4371614868442  E_coul = 643.4332805769134
cycle= 2 E= -745.808158843969  delta_E= -0.148  |g|= 0.382  |ddm|= 1.09
    CPU time for cycle= 2      1.54 sec, wall time      0.06 sec
  HOMO = -0.254752509907644  LUMO = -0.0152816037083048
  mo_energy =
[-1.04626863e+02 -1.56811804e+01 -1.13909337e+01 -1.13833054e+01
 -1.13807517e+01 -1.13626572e+01 -1.13619945e+01 -1.12942765e+01
 -1.03409870e+01 -7.80867727e+00 -7.80851297e+00 -7.80851136e+00
 -1.41574280e+00 -1.23071177e+00 -1.16480754e+00 -1.04604218e+00
 -9.90328596e-01 -9.57708991e-01 -8.40357221e-01 -8.31057606e-01
 -7.91149246e-01 -7.70541485e-01 -7.18866850e-01 -7.09017614e-01
 -7.08077970e-01 -6.37005553e-01 -6.17093123e-01 -6.00854632e-01
 -5.99501094e-01 -4.92171188e-01 -4.63433320e-01 -2.57752834e-01
 -2.55104128e-01 -2.54752510e-01 -1.52816037e-02  2.27337639e-02
  7.54384084e-02  1.08287783e-01  1.19634551e-01  1.48524404e-01
  1.55931480e-01  1.99741835e-01  2.03300502e-01  2.42606247e-01
  2.56070056e-01  2.64753940e-01  3.22606792e-01  3.31991838e-01
  3.40875998e-01  3.57473977e-01  3.90262180e-01  3.95378895e-01
  4.10423475e-01  4.40323174e-01  4.65538086e-01  4.68599408e-01
  4.98866928e-01  5.15193492e-01  5.17430331e-01  5.37668526e-01
  5.60045457e-01  5.62337967e-01  5.97249980e-01  6.15994164e-01
  6.21357094e-01  6.32936487e-01  6.38497165e-01  6.44147731e-01
  6.78387129e-01  6.84067558e-01  7.08846001e-01  7.20929752e-01
  7.31396810e-01  7.42459339e-01  7.60808268e-01  7.73215333e-01
  7.88033126e-01  8.21789963e-01  8.35266491e-01  8.45421778e-01
  8.91097482e-01  9.21395107e-01  9.31654917e-01  9.57034237e-01
  9.73407762e-01  1.02343926e+00  1.06341422e+00  1.06939338e+00
  1.08381310e+00  1.13064131e+00  1.15203877e+00  1.18085102e+00
  1.20862618e+00  1.22188581e+00  1.23114140e+00  1.27051191e+00
  1.33660733e+00  1.36579598e+00  1.36579778e+00  1.36774761e+00
  1.36863436e+00  1.37373271e+00  1.43595771e+00  1.49773132e+00
  1.55712724e+00  1.58188820e+00  1.59982650e+00  1.62888202e+00
  1.66994177e+00  1.68666233e+00  1.70140339e+00  1.70301797e+00
  1.71763812e+00  1.72133347e+00  1.76261892e+00  1.78855259e+00
  1.84796284e+00  1.84982172e+00  1.88715216e+00  1.89882791e+00
  1.90437942e+00  1.93315816e+00  1.94860501e+00  1.95490181e+00
  2.02393268e+00  2.03763043e+00  2.06115566e+00  2.08360617e+00
  2.09696813e+00  2.13287570e+00  2.13463731e+00  2.22157831e+00
  2.24986461e+00  2.28449602e+00  2.31219255e+00  2.31419583e+00
  2.32627670e+00  2.45033080e+00  2.46933798e+00  2.49552777e+00
  2.57711228e+00  2.59469771e+00  2.61926237e+00  2.65998581e+00
  2.66247984e+00  2.67866145e+00  2.68410028e+00  2.68543115e+00
  2.71601581e+00  2.73967562e+00  2.75353343e+00  2.79272453e+00
  2.81156535e+00  2.82099095e+00  2.82771377e+00  2.83573595e+00
  2.85001585e+00  2.87848572e+00  2.89632403e+00  2.93534053e+00
  2.94264127e+00  3.01213630e+00  3.02422370e+00  3.04204156e+00
  3.05561916e+00  3.15783671e+00  3.21495338e+00  3.23318651e+00
  3.24601632e+00  3.28536920e+00  3.37587379e+00  3.52872710e+00
  3.65411025e+00  3.75861105e+00  3.76782620e+00  3.83543546e+00
  3.96148616e+00  4.08260102e+00  4.10772066e+00  4.11344832e+00
  4.21581110e+00  4.29461807e+00  4.31673072e+00  4.33752591e+00
  4.43091974e+00  4.73923686e+00  5.36124695e+00  5.63995358e+00
  1.02730941e+01  2.46674210e+01  2.49704967e+01  2.50605240e+01
  2.50838610e+01  2.51888719e+01  2.52340731e+01  2.64551770e+01
  2.64619514e+01  2.65593817e+01  3.69659561e+01  2.19057726e+02]
E1 = -1762.534574324857  E_coul = 642.4999155298133
cycle= 3 E= -745.838936729082  delta_E= -0.0308  |g|= 0.112  |ddm|= 0.335
    CPU time for cycle= 3      1.55 sec, wall time      0.06 sec
  HOMO = -0.267698948829323  LUMO = -0.007411336335676
  mo_energy =
[-1.04640489e+02 -1.57604772e+01 -1.13842798e+01 -1.13829211e+01
 -1.13406319e+01 -1.13258231e+01 -1.13255669e+01 -1.12980267e+01
 -1.03600527e+01 -7.82745175e+00 -7.82733379e+00 -7.82732962e+00
 -1.43733213e+00 -1.21219452e+00 -1.15840040e+00 -1.04744554e+00
 -9.87370881e-01 -9.50178195e-01 -8.53986503e-01 -8.23478799e-01
 -7.86038734e-01 -7.59065103e-01 -7.20358162e-01 -7.14334274e-01
 -7.10471503e-01 -6.26969435e-01 -6.15649442e-01 -6.07009583e-01
 -5.99791348e-01 -4.87451352e-01 -4.53473932e-01 -2.71083004e-01
 -2.67952149e-01 -2.67698949e-01 -7.41133634e-03  3.20002682e-02
  8.47925391e-02  1.13907282e-01  1.22662271e-01  1.54630929e-01
  1.58560673e-01  2.02382653e-01  2.04610908e-01  2.41218103e-01
  2.56941724e-01  2.62453632e-01  3.33725918e-01  3.41330811e-01
  3.49343640e-01  3.62760847e-01  3.90462923e-01  3.93079271e-01
  4.11331108e-01  4.42728957e-01  4.67066838e-01  4.80728276e-01
  5.09288129e-01  5.24725468e-01  5.27245822e-01  5.49831439e-01
  5.63247066e-01  5.66299447e-01  5.95880806e-01  6.08898043e-01
  6.17443895e-01  6.32198651e-01  6.39152317e-01  6.41940973e-01
  6.89422425e-01  6.91568601e-01  7.17353825e-01  7.30110528e-01
  7.34698698e-01  7.54005361e-01  7.62730118e-01  7.68081933e-01
  7.86168381e-01  8.33653315e-01  8.42011480e-01  8.50556326e-01
  8.75399271e-01  9.27907503e-01  9.41944026e-01  9.66093205e-01
  9.75601619e-01  1.02402656e+00  1.05629037e+00  1.08039580e+00
  1.09005689e+00  1.13665273e+00  1.16589726e+00  1.17411478e+00
  1.21961834e+00  1.22805829e+00  1.23007445e+00  1.27812168e+00
  1.33840330e+00  1.34961711e+00  1.34962526e+00  1.35163235e+00
  1.35258004e+00  1.36022532e+00  1.42233889e+00  1.49656173e+00
  1.56479449e+00  1.57814784e+00  1.61067627e+00  1.63666600e+00
  1.68252234e+00  1.68473665e+00  1.71058864e+00  1.71508448e+00
  1.72031515e+00  1.73129136e+00  1.77243289e+00  1.79668288e+00
  1.85043690e+00  1.85354482e+00  1.88847377e+00  1.90764556e+00
  1.91337205e+00  1.93203565e+00  1.95909156e+00  1.96471548e+00
  2.02375447e+00  2.03991462e+00  2.07024464e+00  2.09543251e+00
  2.11473707e+00  2.14466214e+00  2.14821469e+00  2.22538875e+00
  2.26095549e+00  2.28873685e+00  2.31161369e+00  2.31583120e+00
  2.32807968e+00  2.46462618e+00  2.46991557e+00  2.51589980e+00
  2.58206911e+00  2.59367529e+00  2.63167105e+00  2.65280614e+00
  2.66723282e+00  2.67356765e+00  2.67357521e+00  2.68299971e+00
  2.70645655e+00  2.73368939e+00  2.75220520e+00  2.79524264e+00
  2.81441560e+00  2.82437964e+00  2.83898841e+00  2.85474283e+00
  2.86370753e+00  2.89428665e+00  2.90612385e+00  2.93224680e+00
  2.94325457e+00  3.00520369e+00  3.03811780e+00  3.05084175e+00
  3.06980228e+00  3.16171447e+00  3.22061923e+00  3.23401707e+00
  3.24688443e+00  3.30250723e+00  3.36544152e+00  3.55508432e+00
  3.66753440e+00  3.77662765e+00  3.78911973e+00  3.83994981e+00
  3.94918366e+00  4.07756565e+00  4.09743091e+00  4.10236797e+00
  4.21148469e+00  4.28062656e+00  4.31394489e+00  4.36226444e+00
  4.44268808e+00  4.75111442e+00  5.32453614e+00  5.61258179e+00
  1.02546702e+01  2.46937650e+01  2.49832428e+01  2.50590693e+01
  2.51042915e+01  2.52104626e+01  2.52679431e+01  2.64369321e+01
  2.64436840e+01  2.65411169e+01  3.68885923e+01  2.19043580e+02]
E1 = -1762.8547210749957  E_coul = 642.8168301710122
cycle= 4 E= -745.842168838022  delta_E= -0.00323  |g|= 0.0344  |ddm|= 0.117
    CPU time for cycle= 4      1.55 sec, wall time      0.06 sec
  HOMO = -0.259867814986487  LUMO = -0.0107774648251968
  mo_energy =
[-1.04608140e+02 -1.57500332e+01 -1.13930562e+01 -1.13908629e+01
 -1.13620383e+01 -1.13407179e+01 -1.13402327e+01 -1.13047213e+01
 -1.03349757e+01 -7.80177758e+00 -7.80167427e+00 -7.80166868e+00
 -1.43714223e+00 -1.22001908e+00 -1.16248333e+00 -1.04963438e+00
 -9.90884427e-01 -9.54295964e-01 -8.44428503e-01 -8.27013177e-01
 -7.92342075e-01 -7.61787716e-01 -7.20601558e-01 -7.18616431e-01
 -7.14633012e-01 -6.33243831e-01 -6.21310987e-01 -6.08300236e-01
 -6.02422695e-01 -4.91844388e-01 -4.58029668e-01 -2.63240370e-01
 -2.60056426e-01 -2.59867815e-01 -1.07774648e-02  2.81934128e-02
  8.37741996e-02  1.13603299e-01  1.22418647e-01  1.54259607e-01
  1.58554821e-01  2.02875640e-01  2.02877008e-01  2.41513451e-01
  2.55591799e-01  2.62687521e-01  3.31587883e-01  3.38908066e-01
  3.46775505e-01  3.59924639e-01  3.90487549e-01  3.91626983e-01
  4.10216874e-01  4.41163645e-01  4.65046778e-01  4.76843555e-01
  5.04936032e-01  5.22278211e-01  5.23915225e-01  5.47169354e-01
  5.61758853e-01  5.65238603e-01  5.96625709e-01  6.10069201e-01
  6.18216058e-01  6.34706704e-01  6.36417268e-01  6.40837204e-01
  6.87266906e-01  6.88040206e-01  7.15004409e-01  7.26657385e-01
  7.32441255e-01  7.50950737e-01  7.61115818e-01  7.67556603e-01
  7.85040308e-01  8.30150484e-01  8.41416823e-01  8.46307149e-01
  8.76838147e-01  9.24456452e-01  9.37758324e-01  9.60721943e-01
  9.72411434e-01  1.02237457e+00  1.06084051e+00  1.07647901e+00
  1.08744548e+00  1.13494790e+00  1.15920856e+00  1.17341047e+00
  1.21618719e+00  1.22650903e+00  1.22669086e+00  1.27420981e+00
  1.33600516e+00  1.36135877e+00  1.36136346e+00  1.36333818e+00
  1.36420828e+00  1.36855915e+00  1.42450982e+00  1.49553006e+00
  1.56055918e+00  1.57727896e+00  1.60620137e+00  1.63377108e+00
  1.67742579e+00  1.68553356e+00  1.70647430e+00  1.71391814e+00
  1.71742244e+00  1.72795808e+00  1.76861416e+00  1.79475483e+00
  1.85003628e+00  1.85228155e+00  1.88767931e+00  1.90538859e+00
  1.91046480e+00  1.93127639e+00  1.95709152e+00  1.96270773e+00
  2.02303049e+00  2.03823518e+00  2.06697571e+00  2.09275811e+00
  2.10903011e+00  2.13928139e+00  2.14206219e+00  2.22320456e+00
  2.25592949e+00  2.28615897e+00  2.31030166e+00  2.31259103e+00
  2.32552252e+00  2.45970127e+00  2.46809757e+00  2.51224827e+00
  2.58153239e+00  2.59190897e+00  2.62816290e+00  2.65640344e+00
  2.67615598e+00  2.67727195e+00  2.68209822e+00  2.68226172e+00
  2.71366425e+00  2.73284705e+00  2.75203701e+00  2.79388891e+00
  2.81221690e+00  2.82303513e+00  2.83606647e+00  2.85301289e+00
  2.86184648e+00  2.88673437e+00  2.90342849e+00  2.92935484e+00
  2.94195623e+00  3.00395424e+00  3.03270106e+00  3.04517609e+00
  3.06104425e+00  3.15565213e+00  3.21797245e+00  3.22979126e+00
  3.24523050e+00  3.29346142e+00  3.36381356e+00  3.54413506e+00
  3.65996331e+00  3.76859954e+00  3.78094760e+00  3.83452316e+00
  3.94837820e+00  4.07413072e+00  4.09852811e+00  4.09981029e+00
  4.21021022e+00  4.28416208e+00  4.30792550e+00  4.35457780e+00
  4.43693618e+00  4.74395676e+00  5.32767668e+00  5.61335349e+00
  1.02757829e+01  2.46801767e+01  2.49730026e+01  2.50524122e+01
  2.50905533e+01  2.51982689e+01  2.52525165e+01  2.64568262e+01
  2.64635623e+01  2.65609928e+01  3.68987143e+01  2.19074997e+02]
E1 = -1762.797927942046  E_coul = 642.7597383414383
cycle= 5 E= -745.842467534646  delta_E= -0.000299  |g|= 0.00507  |ddm|= 0.0334
    CPU time for cycle= 5      1.56 sec, wall time      0.06 sec
  HOMO = -0.259809701070921  LUMO = -0.0106092770391883
  mo_energy =
[-1.04610926e+02 -1.57502922e+01 -1.13944017e+01 -1.13923851e+01
 -1.13612017e+01 -1.13405425e+01 -1.13400705e+01 -1.13066589e+01
 -1.03359812e+01 -7.80291190e+00 -7.80281122e+00 -7.80280505e+00
 -1.43738833e+00 -1.21963148e+00 -1.16259536e+00 -1.05001462e+00
 -9.91071833e-01 -9.54582851e-01 -8.44397475e-01 -8.27380898e-01
 -7.92534412e-01 -7.62191455e-01 -7.20842439e-01 -7.19021141e-01
 -7.15010412e-01 -6.33463560e-01 -6.21738287e-01 -6.09038787e-01
 -6.02761945e-01 -4.91663698e-01 -4.57964050e-01 -2.63112552e-01
 -2.59970427e-01 -2.59809701e-01 -1.06092770e-02  2.80699047e-02
  8.37541870e-02  1.13479717e-01  1.22211739e-01  1.54182595e-01
  1.58358613e-01  2.02681332e-01  2.02757171e-01  2.41235531e-01
  2.55399127e-01  2.62401832e-01  3.31383200e-01  3.38843178e-01
  3.46634098e-01  3.59803783e-01  3.90200034e-01  3.91355408e-01
  4.09906159e-01  4.40987711e-01  4.64767997e-01  4.77224474e-01
  5.05065429e-01  5.22389956e-01  5.23808772e-01  5.47087278e-01
  5.61563689e-01  5.65297765e-01  5.96628554e-01  6.09717170e-01
  6.17940185e-01  6.34547303e-01  6.36365985e-01  6.40388319e-01
  6.87404190e-01  6.87797729e-01  7.14676379e-01  7.26488909e-01
  7.32039686e-01  7.50790773e-01  7.60821467e-01  7.66906109e-01
  7.84552492e-01  8.30142563e-01  8.41131625e-01  8.46319696e-01
  8.76692887e-01  9.24259470e-01  9.37620299e-01  9.60819873e-01
  9.72113703e-01  1.02205649e+00  1.06076595e+00  1.07630638e+00
  1.08744655e+00  1.13498022e+00  1.15919143e+00  1.17303638e+00
  1.21592754e+00  1.22635347e+00  1.22645983e+00  1.27388867e+00
  1.33556383e+00  1.36144641e+00  1.36145273e+00  1.36342822e+00
  1.36429305e+00  1.36858586e+00  1.42429536e+00  1.49502527e+00
  1.56059396e+00  1.57682173e+00  1.60602826e+00  1.63348875e+00
  1.67730483e+00  1.68518671e+00  1.70631805e+00  1.71353263e+00
  1.71716711e+00  1.72769580e+00  1.76835905e+00  1.79433884e+00
  1.84960855e+00  1.85179073e+00  1.88713714e+00  1.90495717e+00
  1.91037834e+00  1.93080390e+00  1.95686980e+00  1.96235589e+00
  2.02257267e+00  2.03789791e+00  2.06680580e+00  2.09237926e+00
  2.10897668e+00  2.13898176e+00  2.14193079e+00  2.22294919e+00
  2.25577821e+00  2.28593879e+00  2.30987669e+00  2.31235095e+00
  2.32514358e+00  2.45968816e+00  2.46757978e+00  2.51211138e+00
  2.58108877e+00  2.59149016e+00  2.62782862e+00  2.65607242e+00
  2.67581271e+00  2.67704313e+00  2.68190341e+00  2.68209537e+00
  2.71342478e+00  2.73229708e+00  2.75148311e+00  2.79330763e+00
  2.81167918e+00  2.82255173e+00  2.83576055e+00  2.85282471e+00
  2.86153257e+00  2.88655583e+00  2.90308308e+00  2.92882147e+00
  2.94125023e+00  3.00344002e+00  3.03252493e+00  3.04498294e+00
  3.06091780e+00  3.15527675e+00  3.21765916e+00  3.22953825e+00
  3.24488289e+00  3.29360810e+00  3.36320773e+00  3.54427965e+00
  3.65966265e+00  3.76848249e+00  3.78095606e+00  3.83415163e+00
  3.94761570e+00  4.07381481e+00  4.09790321e+00  4.09912038e+00
  4.20938625e+00  4.28368592e+00  4.30770926e+00  4.35450837e+00
  4.43652578e+00  4.74393523e+00  5.32706980e+00  5.61297978e+00
  1.02751336e+01  2.46799438e+01  2.49721804e+01  2.50506298e+01
  2.50901612e+01  2.51979043e+01  2.52526792e+01  2.64562967e+01
  2.64630226e+01  2.65604347e+01  3.68984560e+01  2.19072403e+02]
E1 = -1762.8051427768369  E_coul = 642.7669391803156
cycle= 6 E= -745.84248153056  delta_E= -1.4e-05  |g|= 0.00192  |ddm|= 0.00831
    CPU time for cycle= 6      1.56 sec, wall time      0.06 sec
  HOMO = -0.259844446007196  LUMO = -0.0105653135117587
  mo_energy =
[-1.04611105e+02 -1.57504025e+01 -1.13941401e+01 -1.13919715e+01
 -1.13619344e+01 -1.13404575e+01 -1.13399835e+01 -1.13058032e+01
 -1.03361138e+01 -7.80304478e+00 -7.80294307e+00 -7.80293665e+00
 -1.43732991e+00 -1.21977036e+00 -1.16252981e+00 -1.04993954e+00
 -9.91059086e-01 -9.54551078e-01 -8.44420171e-01 -8.27427270e-01
 -7.92555952e-01 -7.62112564e-01 -7.20730259e-01 -7.18967850e-01
 -7.15099685e-01 -6.33494758e-01 -6.21764132e-01 -6.08903740e-01
 -6.02682417e-01 -4.91716396e-01 -4.57908185e-01 -2.63109825e-01
 -2.59991586e-01 -2.59844446e-01 -1.05653135e-02  2.80933807e-02
  8.37368345e-02  1.13519744e-01  1.22186862e-01  1.54177896e-01
  1.58379324e-01  2.02713701e-01  2.02754884e-01  2.41270405e-01
  2.55411932e-01  2.62455985e-01  3.31375569e-01  3.38822944e-01
  3.46602929e-01  3.59791432e-01  3.90284204e-01  3.91361109e-01
  4.09935421e-01  4.41011892e-01  4.64824920e-01  4.77214757e-01
  5.04969656e-01  5.22470493e-01  5.23784366e-01  5.47019070e-01
  5.61576565e-01  5.65289862e-01  5.96596197e-01  6.09772240e-01
  6.17943930e-01  6.34536858e-01  6.36424115e-01  6.40427348e-01
  6.87377726e-01  6.87748043e-01  7.14696225e-01  7.26450913e-01
  7.32050352e-01  7.50804178e-01  7.60858131e-01  7.67047478e-01
  7.84631809e-01  8.30079560e-01  8.41228643e-01  8.46272953e-01
  8.76757833e-01  9.24232350e-01  9.37607267e-01  9.60738289e-01
  9.72166569e-01  1.02212425e+00  1.06076257e+00  1.07628535e+00
  1.08745737e+00  1.13491517e+00  1.15913271e+00  1.17309798e+00
  1.21595615e+00  1.22638893e+00  1.22643316e+00  1.27389876e+00
  1.33559036e+00  1.36142389e+00  1.36142993e+00  1.36340442e+00
  1.36426910e+00  1.36857899e+00  1.42434221e+00  1.49509291e+00
  1.56054600e+00  1.57690589e+00  1.60598980e+00  1.63352888e+00
  1.67721374e+00  1.68524106e+00  1.70625846e+00  1.71359151e+00
  1.71714701e+00  1.72768293e+00  1.76833074e+00  1.79438340e+00
  1.84965014e+00  1.85181284e+00  1.88720748e+00  1.90498648e+00
  1.91028732e+00  1.93086175e+00  1.95690497e+00  1.96240686e+00
  2.02264282e+00  2.03785806e+00  2.06677070e+00  2.09233875e+00
  2.10891208e+00  2.13900963e+00  2.14183248e+00  2.22296922e+00
  2.25571267e+00  2.28596040e+00  2.30992286e+00  2.31235274e+00
  2.32516878e+00  2.45960520e+00  2.46765817e+00  2.51196529e+00
  2.58114047e+00  2.59151641e+00  2.62783852e+00  2.65611786e+00
  2.67585759e+00  2.67694961e+00  2.68187832e+00  2.68208363e+00
  2.71344250e+00  2.73242956e+00  2.75155825e+00  2.79339833e+00
  2.81174872e+00  2.82250020e+00  2.83568025e+00  2.85288089e+00
  2.86145081e+00  2.88657110e+00  2.90310971e+00  2.92897813e+00
  2.94140368e+00  3.00350631e+00  3.03242225e+00  3.04507709e+00
  3.06074121e+00  3.15538481e+00  3.21769178e+00  3.22950125e+00
  3.24493017e+00  3.29353164e+00  3.36328738e+00  3.54411872e+00
  3.65972761e+00  3.76844906e+00  3.78084196e+00  3.83420367e+00
  3.94768256e+00  4.07386375e+00  4.09809200e+00  4.09921519e+00
  4.20961907e+00  4.28379248e+00  4.30772381e+00  4.35432260e+00
  4.43655995e+00  4.74382320e+00  5.32716741e+00  5.61297790e+00
  1.02750348e+01  2.46799121e+01  2.49724134e+01  2.50514018e+01
  2.50900326e+01  2.51980683e+01  2.52525709e+01  2.64562204e+01
  2.64629410e+01  2.65603392e+01  3.68983497e+01  2.19072233e+02]
E1 = -1762.8066467618169  E_coul = 642.7684401812197
cycle= 7 E= -745.842484514636  delta_E= -2.98e-06  |g|= 0.00088  |ddm|= 0.00351
    CPU time for cycle= 7      1.56 sec, wall time      0.06 sec
  HOMO = -0.259864545456565  LUMO = -0.0104588090601916
  mo_energy =
[-1.04610821e+02 -1.57499898e+01 -1.13942665e+01 -1.13921603e+01
 -1.13615883e+01 -1.13402413e+01 -1.13397549e+01 -1.13061455e+01
 -1.03359874e+01 -7.80290647e+00 -7.80280410e+00 -7.80279758e+00
 -1.43726433e+00 -1.21965491e+00 -1.16249623e+00 -1.04995532e+00
 -9.90967618e-01 -9.54533529e-01 -8.44423258e-01 -8.27423183e-01
 -7.92458901e-01 -7.62043861e-01 -7.20719991e-01 -7.18944330e-01
 -7.15051696e-01 -6.33382736e-01 -6.21704037e-01 -6.09016264e-01
 -6.02733984e-01 -4.91633573e-01 -4.57877010e-01 -2.63121180e-01
 -2.60006895e-01 -2.59864545e-01 -1.04588091e-02  2.81421414e-02
  8.37778683e-02  1.13546802e-01  1.22176918e-01  1.54199658e-01
  1.58380790e-01  2.02689518e-01  2.02767665e-01  2.41235915e-01
  2.55409351e-01  2.62441020e-01  3.31413152e-01  3.38866830e-01
  3.46658415e-01  3.59844488e-01  3.90239413e-01  3.91375804e-01
  4.09928244e-01  4.41030838e-01  4.64850169e-01  4.77283546e-01
  5.05032006e-01  5.22502988e-01  5.23840505e-01  5.47073874e-01
  5.61596567e-01  5.65315101e-01  5.96601317e-01  6.09746850e-01
  6.17925737e-01  6.34515175e-01  6.36453520e-01  6.40415578e-01
  6.87456617e-01  6.87749025e-01  7.14726196e-01  7.26516100e-01
  7.32048894e-01  7.50868943e-01  7.60866425e-01  7.66941917e-01
  7.84584261e-01  8.30150124e-01  8.41184769e-01  8.46342645e-01
  8.76797845e-01  9.24243211e-01  9.37679724e-01  9.60814141e-01
  9.72208387e-01  1.02211889e+00  1.06076392e+00  1.07633380e+00
  1.08752280e+00  1.13496283e+00  1.15922412e+00  1.17309709e+00
  1.21599931e+00  1.22640728e+00  1.22647193e+00  1.27392591e+00
  1.33562345e+00  1.36142701e+00  1.36143313e+00  1.36340580e+00
  1.36426983e+00  1.36858798e+00  1.42438252e+00  1.49504577e+00
  1.56061660e+00  1.57687149e+00  1.60604949e+00  1.63354731e+00
  1.67728772e+00  1.68515389e+00  1.70628867e+00  1.71355888e+00
  1.71719012e+00  1.72771576e+00  1.76838329e+00  1.79442607e+00
  1.84963131e+00  1.85179451e+00  1.88721605e+00  1.90499446e+00
  1.91036161e+00  1.93083061e+00  1.95694541e+00  1.96246302e+00
  2.02259439e+00  2.03782731e+00  2.06682756e+00  2.09236897e+00
  2.10903308e+00  2.13907213e+00  2.14190602e+00  2.22295910e+00
  2.25580681e+00  2.28598209e+00  2.30990486e+00  2.31239437e+00
  2.32517840e+00  2.45968000e+00  2.46762317e+00  2.51207247e+00
  2.58113745e+00  2.59152291e+00  2.62790735e+00  2.65607510e+00
  2.67581213e+00  2.67703442e+00  2.68189305e+00  2.68208881e+00
  2.71341789e+00  2.73237308e+00  2.75149765e+00  2.79336240e+00
  2.81177574e+00  2.82249323e+00  2.83574879e+00  2.85300371e+00
  2.86149406e+00  2.88663306e+00  2.90316074e+00  2.92895909e+00
  2.94131575e+00  3.00353184e+00  3.03252622e+00  3.04517162e+00
  3.06080850e+00  3.15540766e+00  3.21770355e+00  3.22958163e+00
  3.24488778e+00  3.29365308e+00  3.36331344e+00  3.54428007e+00
  3.65978057e+00  3.76853368e+00  3.78095874e+00  3.83424462e+00
  3.94767667e+00  4.07391525e+00  4.09805528e+00  4.09918782e+00
  4.20949764e+00  4.28390063e+00  4.30783348e+00  4.35446000e+00
  4.43659846e+00  4.74396298e+00  5.32728500e+00  5.61312268e+00
  1.02751221e+01  2.46800268e+01  2.49723941e+01  2.50510909e+01
  2.50900978e+01  2.51981544e+01  2.52527712e+01  2.64563000e+01
  2.64630185e+01  2.65604100e+01  3.68987491e+01  2.19072500e+02]
E1 = -1762.8053265537574  E_coul = 642.7671192701104
cycle= 8 E= -745.842485217685  delta_E= -7.03e-07  |g|= 0.000377  |ddm|= 0.0016
    CPU time for cycle= 8      1.56 sec, wall time      0.06 sec
  HOMO = -0.259904071247904  LUMO = -0.0104602291297312
  mo_energy =
[-1.04610945e+02 -1.57499869e+01 -1.13942869e+01 -1.13921320e+01
 -1.13617884e+01 -1.13402151e+01 -1.13397383e+01 -1.13061350e+01
 -1.03360803e+01 -7.80300277e+00 -7.80290051e+00 -7.80289396e+00
 -1.43724524e+00 -1.21967462e+00 -1.16247717e+00 -1.04995488e+00
 -9.90960942e-01 -9.54532096e-01 -8.44465741e-01 -8.27437564e-01
 -7.92460204e-01 -7.62027807e-01 -7.20718548e-01 -7.18922927e-01
 -7.15066225e-01 -6.33378853e-01 -6.21707920e-01 -6.08999285e-01
 -6.02725202e-01 -4.91657521e-01 -4.57879382e-01 -2.63154648e-01
 -2.60045226e-01 -2.59904071e-01 -1.04602291e-02  2.81532247e-02
  8.37757802e-02  1.13559986e-01  1.22167605e-01  1.54199673e-01
  1.58387136e-01  2.02697305e-01  2.02762255e-01  2.41241419e-01
  2.55410255e-01  2.62449375e-01  3.31413762e-01  3.38868059e-01
  3.46657974e-01  3.59843641e-01  3.90251584e-01  3.91382799e-01
  4.09939132e-01  4.41042464e-01  4.64866274e-01  4.77275031e-01
  5.05023704e-01  5.22511323e-01  5.23844192e-01  5.47062286e-01
  5.61595080e-01  5.65304767e-01  5.96584515e-01  6.09743257e-01
  6.17919021e-01  6.34504356e-01  6.36459094e-01  6.40418692e-01
  6.87446588e-01  6.87737188e-01  7.14731202e-01  7.26517848e-01
  7.32051217e-01  7.50875812e-01  7.60877249e-01  7.66957019e-01
  7.84593242e-01  8.30139567e-01  8.41196315e-01  8.46336727e-01
  8.76798495e-01  9.24238490e-01  9.37680660e-01  9.60821192e-01
  9.72219451e-01  1.02213357e+00  1.06074026e+00  1.07633753e+00
  1.08752839e+00  1.13494449e+00  1.15921412e+00  1.17310307e+00
  1.21601339e+00  1.22641922e+00  1.22646525e+00  1.27392390e+00
  1.33563269e+00  1.36137396e+00  1.36137999e+00  1.36335322e+00
  1.36421772e+00  1.36855460e+00  1.42438447e+00  1.49505930e+00
  1.56062117e+00  1.57688854e+00  1.60605192e+00  1.63356234e+00
  1.67727350e+00  1.68517433e+00  1.70628053e+00  1.71356788e+00
  1.71719176e+00  1.72771685e+00  1.76837796e+00  1.79444249e+00
  1.84964417e+00  1.85179596e+00  1.88723136e+00  1.90499911e+00
  1.91035682e+00  1.93083435e+00  1.95697087e+00  1.96248354e+00
  2.02260821e+00  2.03782055e+00  2.06683247e+00  2.09236554e+00
  2.10903065e+00  2.13907805e+00  2.14188570e+00  2.22297145e+00
  2.25579568e+00  2.28599930e+00  2.30991652e+00  2.31240132e+00
  2.32519211e+00  2.45967546e+00  2.46763499e+00  2.51205904e+00
  2.58116010e+00  2.59153914e+00  2.62791559e+00  2.65607988e+00
  2.67579897e+00  2.67701205e+00  2.68185393e+00  2.68204857e+00
  2.71338883e+00  2.73239216e+00  2.75151008e+00  2.79337327e+00
  2.81178061e+00  2.82247996e+00  2.83573931e+00  2.85304178e+00
  2.86148473e+00  2.88662417e+00  2.90317826e+00  2.92897643e+00
  2.94132910e+00  3.00354406e+00  3.03251175e+00  3.04519262e+00
  3.06075009e+00  3.15542177e+00  3.21772188e+00  3.22958212e+00
  3.24490340e+00  3.29364093e+00  3.36332451e+00  3.54424839e+00
  3.65979046e+00  3.76853147e+00  3.78093586e+00  3.83424430e+00
  3.94768528e+00  4.07392768e+00  4.09807752e+00  4.09919941e+00
  4.20951471e+00  4.28392241e+00  4.30784883e+00  4.35442490e+00
  4.43660455e+00  4.74394567e+00  5.32730336e+00  5.61313385e+00
  1.02750410e+01  2.46799873e+01  2.49724042e+01  2.50510965e+01
  2.50900147e+01  2.51981706e+01  2.52527324e+01  2.64562224e+01
  2.64629403e+01  2.65603304e+01  3.68987526e+01  2.19072378e+02]
E1 = -1762.8060483726786  E_coul = 642.7678408989369
cycle= 9 E= -745.84248540778  delta_E= -1.9e-07  |g|= 0.000158  |ddm|= 0.000899
    CPU time for cycle= 9      1.57 sec, wall time      0.06 sec
  HOMO = -0.25988460949898  LUMO = -0.0104668628145717
  mo_energy =
[-1.04610918e+02 -1.57499449e+01 -1.13943412e+01 -1.13922060e+01
 -1.13617804e+01 -1.13402122e+01 -1.13397236e+01 -1.13060574e+01
 -1.03360458e+01 -7.80296876e+00 -7.80286660e+00 -7.80286006e+00
 -1.43724701e+00 -1.21967392e+00 -1.16249321e+00 -1.04993485e+00
 -9.90965278e-01 -9.54538796e-01 -8.44445092e-01 -8.27445368e-01
 -7.92468457e-01 -7.62026882e-01 -7.20722040e-01 -7.18938439e-01
 -7.15053213e-01 -6.33381346e-01 -6.21710310e-01 -6.08971433e-01
 -6.02709315e-01 -4.91662755e-01 -4.57899986e-01 -2.63134298e-01
 -2.60026132e-01 -2.59884609e-01 -1.04668628e-02  2.81447038e-02
  8.37721660e-02  1.13557476e-01  1.22161386e-01  1.54200603e-01
  1.58384506e-01  2.02699317e-01  2.02761730e-01  2.41246394e-01
  2.55409376e-01  2.62457427e-01  3.31407401e-01  3.38864250e-01
  3.46657676e-01  3.59837321e-01  3.90258701e-01  3.91386155e-01
  4.09936431e-01  4.41036686e-01  4.64861742e-01  4.77266526e-01
  5.05018297e-01  5.22499207e-01  5.23838681e-01  5.47059302e-01
  5.61598542e-01  5.65301952e-01  5.96587921e-01  6.09742948e-01
  6.17918794e-01  6.34511595e-01  6.36450333e-01  6.40410033e-01
  6.87442309e-01  6.87737032e-01  7.14725627e-01  7.26520816e-01
  7.32043832e-01  7.50874911e-01  7.60880599e-01  7.66982631e-01
  7.84602684e-01  8.30135618e-01  8.41209738e-01  8.46332229e-01
  8.76794099e-01  9.24228534e-01  9.37677011e-01  9.60816969e-01
  9.72209735e-01  1.02213374e+00  1.06075271e+00  1.07633404e+00
  1.08752855e+00  1.13494389e+00  1.15920298e+00  1.17309796e+00
  1.21600188e+00  1.22641622e+00  1.22646701e+00  1.27391728e+00
  1.33561749e+00  1.36139852e+00  1.36140456e+00  1.36337803e+00
  1.36424244e+00  1.36857370e+00  1.42439356e+00  1.49506523e+00
  1.56061525e+00  1.57689140e+00  1.60603905e+00  1.63356614e+00
  1.67726244e+00  1.68519499e+00  1.70627429e+00  1.71358061e+00
  1.71719434e+00  1.72771795e+00  1.76836938e+00  1.79443985e+00
  1.84964202e+00  1.85179919e+00  1.88722364e+00  1.90498816e+00
  1.91035785e+00  1.93084452e+00  1.95696018e+00  1.96248127e+00
  2.02262111e+00  2.03781531e+00  2.06683205e+00  2.09235653e+00
  2.10902847e+00  2.13906486e+00  2.14187944e+00  2.22297971e+00
  2.25579504e+00  2.28599607e+00  2.30992076e+00  2.31240300e+00
  2.32518413e+00  2.45967596e+00  2.46763960e+00  2.51205618e+00
  2.58115653e+00  2.59153486e+00  2.62791204e+00  2.65609567e+00
  2.67582028e+00  2.67701013e+00  2.68187239e+00  2.68207029e+00
  2.71341189e+00  2.73240688e+00  2.75151202e+00  2.79338049e+00
  2.81177775e+00  2.82247191e+00  2.83573406e+00  2.85304746e+00
  2.86148363e+00  2.88661956e+00  2.90317286e+00  2.92899442e+00
  2.94133953e+00  3.00354227e+00  3.03251089e+00  3.04519037e+00
  3.06072982e+00  3.15540077e+00  3.21771777e+00  3.22957625e+00
  3.24490923e+00  3.29363493e+00  3.36332534e+00  3.54424555e+00
  3.65978109e+00  3.76852084e+00  3.78093972e+00  3.83425005e+00
  3.94766367e+00  4.07393234e+00  4.09811022e+00  4.09917848e+00
  4.20954521e+00  4.28395176e+00  4.30784266e+00  4.35441907e+00
  4.43658942e+00  4.74394137e+00  5.32733156e+00  5.61313397e+00
  1.02750728e+01  2.46799710e+01  2.49723672e+01  2.50511694e+01
  2.50899889e+01  2.51981539e+01  2.52527313e+01  2.64562532e+01
  2.64629712e+01  2.65603617e+01  3.68987933e+01  2.19072406e+02]
E1 = -1762.8059508050064  E_coul = 642.7677433021028
cycle= 10 E= -745.842485436942  delta_E= -2.92e-08  |g|= 5.04e-05  |ddm|= 0.00038
    CPU time for cycle= 10      1.60 sec, wall time      0.06 sec
  HOMO = -0.259879431509733  LUMO = -0.010467166810453
  mo_energy =
[-1.04610904e+02 -1.57499393e+01 -1.13943348e+01 -1.13921877e+01
 -1.13617925e+01 -1.13401943e+01 -1.13397134e+01 -1.13060906e+01
 -1.03360371e+01 -7.80295948e+00 -7.80285731e+00 -7.80285077e+00
 -1.43724482e+00 -1.21967398e+00 -1.16248885e+00 -1.04993871e+00
 -9.90963209e-01 -9.54538085e-01 -8.44440251e-01 -8.27447526e-01
 -7.92466891e-01 -7.62025045e-01 -7.20725668e-01 -7.18936739e-01
 -7.15056848e-01 -6.33380948e-01 -6.21711449e-01 -6.08977497e-01
 -6.02712478e-01 -4.91665914e-01 -4.57897315e-01 -2.63130420e-01
 -2.60021317e-01 -2.59879432e-01 -1.04671668e-02  2.81483300e-02
  8.37710327e-02  1.13557531e-01  1.22158800e-01  1.54199631e-01
  1.58383708e-01  2.02698946e-01  2.02761247e-01  2.41244799e-01
  2.55409961e-01  2.62456643e-01  3.31407435e-01  3.38862957e-01
  3.46657160e-01  3.59836860e-01  3.90256758e-01  3.91385696e-01
  4.09936044e-01  4.41036529e-01  4.64862165e-01  4.77266401e-01
  5.05016353e-01  5.22500366e-01  5.23839510e-01  5.47058047e-01
  5.61597956e-01  5.65302574e-01  5.96589717e-01  6.09742191e-01
  6.17919659e-01  6.34513810e-01  6.36451320e-01  6.40409670e-01
  6.87442208e-01  6.87735026e-01  7.14725985e-01  7.26520630e-01
  7.32043014e-01  7.50875422e-01  7.60879798e-01  7.66977259e-01
  7.84599427e-01  8.30134561e-01  8.41205698e-01  8.46331928e-01
  8.76791590e-01  9.24227366e-01  9.37677339e-01  9.60818781e-01
  9.72211266e-01  1.02213348e+00  1.06075469e+00  1.07633305e+00
  1.08752799e+00  1.13494310e+00  1.15920429e+00  1.17309612e+00
  1.21600291e+00  1.22641542e+00  1.22646382e+00  1.27391625e+00
  1.33561862e+00  1.36140413e+00  1.36141017e+00  1.36338361e+00
  1.36424794e+00  1.36857738e+00  1.42439493e+00  1.49506258e+00
  1.56061608e+00  1.57689025e+00  1.60603950e+00  1.63356522e+00
  1.67726175e+00  1.68519194e+00  1.70627252e+00  1.71357739e+00
  1.71719296e+00  1.72771615e+00  1.76836867e+00  1.79443982e+00
  1.84964039e+00  1.85179593e+00  1.88722380e+00  1.90498742e+00
  1.91035622e+00  1.93084031e+00  1.95696115e+00  1.96248261e+00
  2.02261854e+00  2.03781166e+00  2.06683134e+00  2.09235552e+00
  2.10902955e+00  2.13906737e+00  2.14187839e+00  2.22297861e+00
  2.25579499e+00  2.28599602e+00  2.30991959e+00  2.31240276e+00
  2.32518537e+00  2.45967461e+00  2.46763782e+00  2.51205438e+00
  2.58115710e+00  2.59153407e+00  2.62791330e+00  2.65609581e+00
  2.67581965e+00  2.67701044e+00  2.68187551e+00  2.68207474e+00
  2.71341397e+00  2.73240471e+00  2.75150890e+00  2.79337689e+00
  2.81177755e+00  2.82246782e+00  2.83573238e+00  2.85305095e+00
  2.86148135e+00  2.88662092e+00  2.90317427e+00  2.92899074e+00
  2.94133376e+00  3.00354168e+00  3.03251031e+00  3.04519539e+00
  3.06072719e+00  3.15540596e+00  3.21771849e+00  3.22957658e+00
  3.24490837e+00  3.29363744e+00  3.36332515e+00  3.54424729e+00
  3.65978498e+00  3.76852425e+00  3.78093785e+00  3.83424795e+00
  3.94766541e+00  4.07393088e+00  4.09810366e+00  4.09918025e+00
  4.20953552e+00  4.28395061e+00  4.30784703e+00  4.35441811e+00
  4.43659190e+00  4.74394293e+00  5.32733070e+00  5.61313718e+00
  1.02750805e+01  2.46799772e+01  2.49723796e+01  2.50511383e+01
  2.50899887e+01  2.51981669e+01  2.52527377e+01  2.64562606e+01
  2.64629787e+01  2.65603696e+01  3.68987988e+01  2.19072420e+02]
E1 = -1762.8059012242352  E_coul = 642.7676937189874
cycle= 11 E= -745.842485439286  delta_E= -2.34e-09  |g|= 1.35e-05  |ddm|= 0.00012
    CPU time for cycle= 11      1.56 sec, wall time      0.06 sec
  HOMO = -0.259879561627309  LUMO = -0.0104691129504766
  mo_energy =
[-1.04610912e+02 -1.57499386e+01 -1.13943391e+01 -1.13921965e+01
 -1.13617970e+01 -1.13402013e+01 -1.13397163e+01 -1.13060836e+01
 -1.03360426e+01 -7.80296511e+00 -7.80286294e+00 -7.80285641e+00
 -1.43724539e+00 -1.21967611e+00 -1.16249173e+00 -1.04993785e+00
 -9.90965523e-01 -9.54540090e-01 -8.44441024e-01 -8.27449699e-01
 -7.92469724e-01 -7.62027258e-01 -7.20726157e-01 -7.18940137e-01
 -7.15057421e-01 -6.33383818e-01 -6.21713956e-01 -6.08975175e-01
 -6.02711289e-01 -4.91667473e-01 -4.57899246e-01 -2.63131058e-01
 -2.60021563e-01 -2.59879562e-01 -1.04691130e-02  2.81465036e-02
  8.37698518e-02  1.13556404e-01  1.22157866e-01  1.54199061e-01
  1.58382829e-01  2.02698859e-01  2.02760719e-01  2.41245114e-01
  2.55409432e-01  2.62456941e-01  3.31405542e-01  3.38861818e-01
  3.46655787e-01  3.59835197e-01  3.90257615e-01  3.91385247e-01
  4.09934948e-01  4.41035310e-01  4.64860837e-01  4.77265189e-01
  5.05014784e-01  5.22498946e-01  5.23837324e-01  5.47056756e-01
  5.61597081e-01  5.65301881e-01  5.96589651e-01  6.09741724e-01
  6.17919172e-01  6.34513805e-01  6.36449894e-01  6.40408305e-01
  6.87440748e-01  6.87734336e-01  7.14723982e-01  7.26519292e-01
  7.32041277e-01  7.50873855e-01  7.60879164e-01  7.66979580e-01
  7.84599839e-01  8.30132866e-01  8.41206663e-01  8.46329994e-01
  8.76791096e-01  9.24225612e-01  9.37675263e-01  9.60816619e-01
  9.72209149e-01  1.02213265e+00  1.06075433e+00  1.07633137e+00
  1.08752679e+00  1.13494192e+00  1.15920152e+00  1.17309520e+00
  1.21600046e+00  1.22641448e+00  1.22646287e+00  1.27391441e+00
  1.33561602e+00  1.36140295e+00  1.36140899e+00  1.36338246e+00
  1.36424681e+00  1.36857656e+00  1.42439467e+00  1.49506260e+00
  1.56061419e+00  1.57689020e+00  1.60603684e+00  1.63356426e+00
  1.67725924e+00  1.68519386e+00  1.70627075e+00  1.71357799e+00
  1.71719178e+00  1.72771497e+00  1.76836648e+00  1.79443823e+00
  1.84963938e+00  1.85179533e+00  1.88722192e+00  1.90498556e+00
  1.91035480e+00  1.93084061e+00  1.95695867e+00  1.96248059e+00
  2.02261919e+00  2.03781079e+00  2.06682994e+00  2.09235321e+00
  2.10902694e+00  2.13906440e+00  2.14187601e+00  2.22297840e+00
  2.25579305e+00  2.28599459e+00  2.30991939e+00  2.31240168e+00
  2.32518342e+00  2.45967293e+00  2.46763754e+00  2.51205214e+00
  2.58115550e+00  2.59153274e+00  2.62791099e+00  2.65609640e+00
  2.67581997e+00  2.67700792e+00  2.68187436e+00  2.68207379e+00
  2.71341361e+00  2.73240553e+00  2.75150839e+00  2.79337669e+00
  2.81177660e+00  2.82246619e+00  2.83573007e+00  2.85304897e+00
  2.86147976e+00  2.88661824e+00  2.90317198e+00  2.92899140e+00
  2.94133394e+00  3.00354047e+00  3.03250811e+00  3.04519292e+00
  3.06072387e+00  3.15540265e+00  3.21771691e+00  3.22957440e+00
  3.24490840e+00  3.29363446e+00  3.36332409e+00  3.54424369e+00
  3.65978187e+00  3.76852059e+00  3.78093584e+00  3.83424663e+00
  3.94766272e+00  4.07393007e+00  4.09810622e+00  4.09917767e+00
  4.20953811e+00  4.28395214e+00  4.30784374e+00  4.35441497e+00
  4.43658863e+00  4.74393995e+00  5.32733171e+00  5.61313571e+00
  1.02750764e+01  2.46799720e+01  2.49723737e+01  2.50511448e+01
  2.50899837e+01  2.51981614e+01  2.52527326e+01  2.64562567e+01
  2.64629749e+01  2.65603661e+01  3.68987994e+01  2.19072412e+02]
E1 = -1762.8059427259375  E_coul = 642.7677352205686
cycle= 12 E= -745.842485439407  delta_E= -1.21e-10  |g|= 3.95e-06  |ddm|= 3.24e-05
    CPU time for cycle= 12      1.58 sec, wall time      0.06 sec
  HOMO = -0.259878154329958  LUMO = -0.010469213800998
  mo_energy =
[-1.04610906e+02 -1.57499403e+01 -1.13943406e+01 -1.13921956e+01
 -1.13617962e+01 -1.13401990e+01 -1.13397165e+01 -1.13060840e+01
 -1.03360383e+01 -7.80296075e+00 -7.80285858e+00 -7.80285204e+00
 -1.43724609e+00 -1.21967596e+00 -1.16249192e+00 -1.04993812e+00
 -9.90965690e-01 -9.54540169e-01 -8.44439410e-01 -8.27449782e-01
 -7.92469683e-01 -7.62027254e-01 -7.20726622e-01 -7.18940307e-01
 -7.15057577e-01 -6.33383665e-01 -6.21713957e-01 -6.08975443e-01
 -6.02711340e-01 -4.91667564e-01 -4.57899017e-01 -2.63129841e-01
 -2.60020168e-01 -2.59878154e-01 -1.04692138e-02  2.81465557e-02
  8.37697977e-02  1.13556292e-01  1.22157722e-01  1.54198978e-01
  1.58382701e-01  2.02698763e-01  2.02760708e-01  2.41244855e-01
  2.55409431e-01  2.62456817e-01  3.31405585e-01  3.38861657e-01
  3.46655843e-01  3.59835139e-01  3.90257295e-01  3.91385009e-01
  4.09934893e-01  4.41035128e-01  4.64860544e-01  4.77265410e-01
  5.05014746e-01  5.22499032e-01  5.23837635e-01  5.47056696e-01
  5.61597323e-01  5.65302147e-01  5.96590120e-01  6.09741701e-01
  6.17919354e-01  6.34514266e-01  6.36449950e-01  6.40408056e-01
  6.87440858e-01  6.87734278e-01  7.14724013e-01  7.26519279e-01
  7.32041185e-01  7.50873833e-01  7.60879102e-01  7.66979377e-01
  7.84599690e-01  8.30132933e-01  8.41206475e-01  8.46330088e-01
  8.76790601e-01  9.24225480e-01  9.37675293e-01  9.60816650e-01
  9.72208979e-01  1.02213256e+00  1.06075514e+00  1.07633134e+00
  1.08752675e+00  1.13494214e+00  1.15920162e+00  1.17309487e+00
  1.21600046e+00  1.22641430e+00  1.22646277e+00  1.27391437e+00
  1.33561589e+00  1.36140493e+00  1.36141097e+00  1.36338444e+00
  1.36424876e+00  1.36857788e+00  1.42439471e+00  1.49506236e+00
  1.56061423e+00  1.57688991e+00  1.60603677e+00  1.63356423e+00
  1.67725928e+00  1.68519364e+00  1.70627078e+00  1.71357785e+00
  1.71719186e+00  1.72771490e+00  1.76836641e+00  1.79443804e+00
  1.84963914e+00  1.85179522e+00  1.88722180e+00  1.90498529e+00
  1.91035485e+00  1.93084037e+00  1.95695855e+00  1.96248061e+00
  2.02261901e+00  2.03781056e+00  2.06682978e+00  2.09235320e+00
  2.10902712e+00  2.13906441e+00  2.14187610e+00  2.22297834e+00
  2.25579309e+00  2.28599445e+00  2.30991907e+00  2.31240154e+00
  2.32518335e+00  2.45967302e+00  2.46763727e+00  2.51205219e+00
  2.58115540e+00  2.59153235e+00  2.62791102e+00  2.65609663e+00
  2.67582069e+00  2.67700837e+00  2.68187580e+00  2.68207543e+00
  2.71341492e+00  2.73240537e+00  2.75150819e+00  2.79337642e+00
  2.81177601e+00  2.82246586e+00  2.83573008e+00  2.85304897e+00
  2.86147978e+00  2.88661863e+00  2.90317190e+00  2.92899117e+00
  2.94133381e+00  3.00354009e+00  3.03250815e+00  3.04519301e+00
  3.06072396e+00  3.15540258e+00  3.21771677e+00  3.22957424e+00
  3.24490825e+00  3.29363473e+00  3.36332364e+00  3.54424415e+00
  3.65978196e+00  3.76852097e+00  3.78093586e+00  3.83424657e+00
  3.94766214e+00  4.07392975e+00  4.09810568e+00  4.09917732e+00
  4.20953771e+00  4.28395133e+00  4.30784396e+00  4.35441523e+00
  4.43658864e+00  4.74394003e+00  5.32733084e+00  5.61313495e+00
  1.02750800e+01  2.46799725e+01  2.49723739e+01  2.50511443e+01
  2.50899838e+01  2.51981620e+01  2.52527335e+01  2.64562600e+01
  2.64629782e+01  2.65603695e+01  3.68987978e+01  2.19072417e+02]
E1 = -1762.8059269304345  E_coul = 642.7677194250583
Extra cycle  E= -745.842485439415  delta_E= -7.28e-12  |g|= 2.22e-06  |ddm|= 6.31e-06
    CPU time for scf_cycle     33.97 sec, wall time      1.29 sec
    CPU time for SCF     33.97 sec, wall time      1.29 sec
converged SCF energy = -745.842485439415
Converting <class 'pyscf.scf.hf.RHF'> to RHF


******** <class 'pyscf.tdscf.rhf.TDA'> for <class 'pyscf.scf.hf.RHF'> ********
nstates = 5 singlet
wfnsym = None
conv_tol = 1e-09
eigh lindep = 1e-12
eigh level_shift = 0
eigh max_space = 8
eigh max_cycle = 2000
chkfile = /scratch/global/yangjunjie/tmpogjtb65j
max_memory 256000 MB (current use 1740 MB)


davidson 0 5  |r|= 0.0216  e= [0.1630078  0.16309445 0.16342756 0.20322999 0.20331009]  max|de|= 0.203  lindep=    1
Old state -> New state
    2     ->     0 
    0     ->     1 
    1     ->     2 
davidson 1 10  |r|= 0.00547  e= [0.16176968 0.16196001 0.1620087  0.20297523 0.20306677]  max|de|= -0.00166  lindep= 0.896
davidson 2 15  |r|= 0.00207  e= [0.16167917 0.16191801 0.16196974 0.2029397  0.20304266]  max|de|= -9.05e-05  lindep= 0.922
davidson 3 20  |r|= 0.00218  e= [0.16167481 0.16191671 0.16196505 0.20292767 0.20304184]  max|de|= -1.2e-05  lindep= 0.885
davidson 4 5  |r|= 0.00218  e= [0.16167481 0.16191671 0.16196505 0.20292767 0.20304184]  max|de|= -3.05e-16  lindep=    1
davidson 5 10  |r|= 0.000985  e= [0.16167437 0.16191662 0.16196424 0.20292209 0.20304178]  max|de|= -5.58e-06  lindep= 0.816
davidson 6 15  |r|= 0.000881  e= [0.16167429 0.16191661 0.16196393 0.20291722 0.20304176]  max|de|= -4.87e-06  lindep= 0.803
davidson 7 20  |r|= 0.000718  e= [0.16167428 0.16191661 0.16196389 0.20291434 0.20304175]  max|de|= -2.88e-06  lindep= 0.835
root 0 converged  |r|= 1.87e-05  e= 0.16167428312456622  max|de|= -2.78e-17
root 1 converged  |r|= 7.05e-06  e= 0.16191660935076935  max|de|= 1.11e-16
davidson 8 5  |r|= 0.000718  e= [0.16167428 0.16191661 0.16196389 0.20291434 0.20304175]  max|de|= -2.5e-16  lindep= 0.988
davidson 9 8  |r|= 0.000313  e= [0.16167428 0.16191661 0.16196388 0.20291346 0.20304175]  max|de|= -8.78e-07  lindep= 0.801
root 2 converged  |r|= 5.43e-06  e= 0.16196388327154035  max|de|= -3.92e-10
davidson 10 11  |r|= 0.000204  e= [0.16167428 0.16191661 0.16196388 0.20291318 0.20304174]  max|de|= -2.79e-07  lindep= 0.741
davidson 11 13  |r|= 0.000208  e= [0.16167428 0.16191661 0.16196388 0.20291307 0.20304174]  max|de|= -1.17e-07  lindep= 0.803
davidson 12 15  |r|= 0.000118  e= [0.16167428 0.16191661 0.16196388 0.20291293 0.20304171]  max|de|= -1.38e-07  lindep= 0.925
davidson 13 17  |r|= 9.21e-05  e= [0.16167428 0.16191661 0.16196388 0.2029129  0.20304168]  max|de|= -3.73e-08  lindep= 0.919
davidson 14 5  |r|= 9.21e-05  e= [0.16167428 0.16191661 0.16196388 0.2029129  0.20304168]  max|de|= 2.22e-16  lindep= 0.994
davidson 15 7  |r|= 3.93e-05  e= [0.16167428 0.16191661 0.16196388 0.2029129  0.20304167]  max|de|= -9.84e-09  lindep= 0.857
davidson 16 9  |r|= 1.81e-05  e= [0.16167428 0.16191661 0.16196388 0.20291289 0.20304166]  max|de|= -2.69e-09  lindep= 0.929
root 3 converged  |r|= 1.73e-05  e= 0.20291289395088433  max|de|= -9.78e-10
root 4 converged  |r|= 5.48e-06  e= 0.20304166388211733  max|de|= -2.37e-10
converged 17 11  |r|= 1.73e-05  e= [0.16167428 0.16191661 0.16196388 0.20291289 0.20304166]  max|de|= -9.78e-10
    CPU time for TDA    127.31 sec, wall time      4.55 sec
Excited State energies (eV)
[4.39938132 4.40597536 4.40726175 5.52154109 5.52504509]
