 
:: initializing oneAPI environment ...
   slurm_script: BASH_VERSION = 4.2.46(1)-release
   args: Using "$@" for setvars.sh arguments: --force
:: advisor -- latest
:: ccl -- latest
:: clck -- latest
:: compiler -- latest
:: dal -- latest
:: debugger -- latest
:: dev-utilities -- latest
:: dnnl -- latest
:: dpcpp-ct -- latest
:: dpl -- latest
:: inspector -- latest
:: intelpython -- latest
:: ipp -- latest
:: ippcp -- latest
:: ipp -- latest
:: itac -- latest
:: mkl -- latest
:: mpi -- latest
:: tbb -- latest
:: vpl -- latest
:: vtune -- latest
:: oneAPI environment initialized ::
 
SLURM_CPUS_PER_TASK = 28
SLURM_MEM_PER_NODE = 514992
#INFO: **** input file is /home/yangjunjie/work/py-ch3-cl/work/scan-16/main.py ****
import sys
import pyscf
from pyscf import tdscf

def main(xyz_file, basis="631g*", xc="b3lyp", output="ene.out"):
    xyz = None

    with open(xyz_file, "r") as xyz:
        xyz = xyz.readlines()[2:]
        xyz = "".join(xyz)

    mol = pyscf.gto.Mole()
    mol.atom = xyz
    mol.basis = basis
    mol.verbose = 5
    mol.build()

    if xc is not None and xc != "hf":
        mf = pyscf.scf.RKS(mol)
        mf.xc = xc
        mf.grids.level = 9
        mf.kernel()
    else:
        mf = pyscf.scf.RHF(mol)
        mf.kernel()

    ene_mf = mf.e_tot

    with open(output, "w") as f:
        tda = pyscf.tdscf.TDA(mf)
        tda.nstates = 5
        tda.max_space = 8
        tda.max_cycle = 2000
        tda.kernel()

        con_tda = tda.converged
        ene_tda = tda.e[:5]
        dip_tda = tda.transition_dipole()[:5]

        f.write(f"RKS energy: {ene_mf: 12.8f}\n")
        f.write("TDA results:\n")
        for i, (con, ene, dip) in enumerate(zip(con_tda, ene_tda, dip_tda)):
            f.write(f" {i:2d} {con} {ene: 12.8f} {dip[0]: 12.8f} {dip[1]: 12.8f} {dip[2]: 12.8f}\n")

        # rpa = pyscf.tdscf.RPA(mf)
        # rpa.nstates = 5
        # rpa.max_space = 8
        # rpa.max_cycle = 2000
        # rpa.kernel()

        # con_rpa = rpa.converged
        # ene_rpa = rpa.e[:5]
        # dip_rpa = rpa.transition_dipole()[:5]
        
        # f.write("\nRPA results:\n")
        # for i, (con, ene, dip) in enumerate(zip(con_rpa, ene_rpa, dip_rpa)):
        #     f.write(f" {i:2d} {con} {ene: 12.8f} {dip[0]: 12.8f} {dip[1]: 12.8f} {dip[2]: 12.8f}\n")

if __name__ == "__main__":
    xyz = sys.argv[1]
    main(xyz, basis="6-311g**", xc=None, output="out.log")
#INFO: ******************** input file end ********************


System: uname_result(system='Linux', node='pauling034', release='3.10.0-327.36.3.el7.x86_64', version='#1 SMP Thu Oct 20 04:56:07 EDT 2016', machine='x86_64')  Threads 28
Python 3.9.7 (default, Oct 27 2021, 01:23:21) 
[GCC 9.3.0]
numpy 1.21.2  scipy 1.6.2
Date: Tue Oct  4 15:30:38 2022
PySCF version 2.0.1
PySCF path  /home/yangjunjie/packages/pyscf/pyscf-main
GIT ORIG_HEAD 14b880cdc4bf7bb64f3989a147c0b04622efc498
GIT HEAD (branch master) 9d5b5bd309d1cc55fbd1a0ec76e26b5b0c7f76af

[ENV] PYSCF_MAX_MEMORY 514992
[ENV] PYSCF_TMPDIR /scratch/global/yangjunjie/
[CONFIG] conf_file /home/yangjunjie/.pyscf_conf.py
[INPUT] verbose = 5
[INPUT] max_memory = 514992 
[INPUT] num. atoms = 16
[INPUT] num. electrons = 68
[INPUT] charge = 0
[INPUT] spin (= nelec alpha-beta = 2S) = 0
[INPUT] symmetry False subgroup None
[INPUT] Mole.unit = angstrom
[INPUT]  1 C      0.000000100000   1.170147860000   1.144427530000 AA    0.000000188973   2.211258980646   2.162654601112 Bohr
[INPUT]  2 C      0.000000230000   1.183113100000   2.527808840000 AA    0.000000434637   2.235759733385   4.776866402855 Bohr
[INPUT]  3 C      0.000000070000  -0.029377920000   3.192855250000 AA    0.000000132281  -0.055516222909   6.033621977880 Bohr
[INPUT]  4 C     -0.000000210000  -1.194766560000   2.448247810000 AA   -0.000000396842  -2.257781581189   4.626517845966 Bohr
[INPUT]  5 C     -0.000000210000  -1.088922250000   1.068996650000 AA   -0.000000396842  -2.057764823445   2.020110896578 Bohr
[INPUT]  6 N     -0.000000040000   0.063542490000   0.422804930000 AA   -0.000000075589   0.120077903373   0.798985521816 Bohr
[INPUT]  7 C      0.000000050000  -0.011408080000  -2.030613420000 AA    0.000000094486  -0.021558146807  -3.837303228666 Bohr
[INPUT]  8 H      0.000000130000   2.097555520000   0.596545570000 AA    0.000000245664   3.963805463870   1.127307748123 Bohr
[INPUT]  9 H      0.000000490000   2.115411910000   3.060967930000 AA    0.000000925966   3.997549150543   5.784391063777 Bohr
[INPUT] 10 H      0.000000090000  -0.065307350000   4.267620830000 AA    0.000000170075  -0.123413005421   8.064634572189 Bohr
[INPUT] 11 H     -0.000000480000  -2.160709090000   2.917681960000 AA   -0.000000907069  -4.083148414958   5.513619822984 Bohr
[INPUT] 12 H     -0.000000450000  -1.977285440000   0.459375950000 AA   -0.000000850377  -3.736527951690   0.868094733712 Bohr
[INPUT] 13 H     -0.000001330000   1.038516190000  -1.829315130000 AA   -0.000002513336   1.962511175027  -3.456904591223 Bohr
[INPUT] 14 H     -0.901359140000  -0.513718650000  -1.752465730000 AA   -1.703321914473  -0.970787553581  -3.311680272386 Bohr
[INPUT] 15 H      0.901360480000  -0.513716430000  -1.752465730000 AA    1.703324446707  -0.970783358389  -3.311680272386 Bohr
[INPUT] 16 Cl     0.000000140000  -0.104812700000  -3.968727730000 AA    0.000000264562  -0.198067297376  -7.499808472667 Bohr
[INPUT] ---------------- BASIS SET ---------------- 
[INPUT] l, kappa, [nprim/nctr], expnt,             c_1 c_2 ...
[INPUT] H
[INPUT] 0    0    [3    /1   ]  33.865            0.0254938
                                5.09479           0.190373
                                1.15879           0.852161
[INPUT] 0    0    [1    /1   ]  0.32584              1
[INPUT] 0    0    [1    /1   ]  0.102741             1
[INPUT] 1    0    [1    /1   ]  0.75                 1
[INPUT] N
[INPUT] 0    0    [6    /1   ]  6293.48           0.00196979
                                949.044           0.0149613
                                218.776           0.0735006
                                63.6916           0.248937
                                18.8282           0.60246
                                2.72023           0.256202
[INPUT] 0    0    [3    /1   ]  30.6331           0.111906
                                7.02614           0.921666
                                2.11205           -0.00256919
[INPUT] 0    0    [1    /1   ]  0.684009             1
[INPUT] 0    0    [1    /1   ]  0.200878             1
[INPUT] 1    0    [3    /1   ]  30.6331           0.0383119
                                7.02614           0.237403
                                2.11205           0.817592
[INPUT] 1    0    [1    /1   ]  0.684009             1
[INPUT] 1    0    [1    /1   ]  0.200878             1
[INPUT] 2    0    [1    /1   ]  0.913                1
[INPUT] C
[INPUT] 0    0    [6    /1   ]  4563.24           0.00196665
                                682.024           0.0152306
                                154.973           0.0761269
                                44.4553           0.260801
                                13.029            0.616462
                                1.82773           0.221006
[INPUT] 0    0    [3    /1   ]  20.9642           0.11466
                                4.80331           0.919999
                                1.45933           -0.00303068
[INPUT] 0    0    [1    /1   ]  0.483456             1
[INPUT] 0    0    [1    /1   ]  0.145585             1
[INPUT] 1    0    [3    /1   ]  20.9642           0.0402487
                                4.80331           0.237594
                                1.45933           0.815854
[INPUT] 1    0    [1    /1   ]  0.483456             1
[INPUT] 1    0    [1    /1   ]  0.145585             1
[INPUT] 2    0    [1    /1   ]  0.626                1
[INPUT] Cl
[INPUT] 0    0    [6    /1   ]  105819            0.000738
                                15872             0.005718
                                3619.65           0.029495
                                1030.8            0.117286
                                339.908           0.362949
                                124.538           0.584149
[INPUT] 0    0    [3    /1   ]  124.538           0.134177
                                49.5135           0.62425
                                20.8056           0.291756
[INPUT] 0    0    [1    /1   ]  6.58346              1
[INPUT] 0    0    [1    /1   ]  2.56468              1
[INPUT] 0    0    [1    /1   ]  0.559763             1
[INPUT] 0    0    [1    /1   ]  0.183273             1
[INPUT] 1    0    [5    /1   ]  589.776           0.002391
                                139.849           0.018504
                                45.1413           0.081377
                                16.8733           0.221552
                                6.7411            0.772569
[INPUT] 1    0    [2    /1   ]  6.7411            -1.572244
                                2.77152           0.992389
[INPUT] 1    0    [1    /1   ]  1.02387              1
[INPUT] 1    0    [1    /1   ]  0.381368             1
[INPUT] 1    0    [1    /1   ]  0.109437             1
[INPUT] 2    0    [1    /1   ]  0.75                 1

nuclear repulsion = 377.304684919402
number of shells = 100
number of NR pGTOs = 329
number of NR cGTOs = 200
basis = 6-311g**
ecp = {}
CPU time:         0.42


******** <class 'pyscf.scf.hf.RHF'> ********
method = RHF
initial guess = minao
damping factor = 0
level_shift factor = 0
DIIS = <class 'pyscf.scf.diis.CDIIS'>
diis_start_cycle = 1
diis_space = 8
SCF conv_tol = 1e-09
SCF conv_tol_grad = None
SCF max_cycles = 50
direct_scf = True
direct_scf_tol = 1e-13
chkfile to save SCF result = /scratch/global/yangjunjie/tmphf4u0usd
max_memory 514992 MB (current use 81 MB)
Set gradient conv threshold to 3.16228e-05
E1 = -1768.3469140693971  E_coul = 643.4250746137853
init E= -747.61715453621
cond(S) = 13464.337771938126
    CPU time for initialize scf     13.54 sec, wall time      0.56 sec
  HOMO = -0.248656029000519  LUMO = 0.0140772826139599
  mo_energy =
[-1.04818559e+02 -1.56252816e+01 -1.13275930e+01 -1.13237709e+01
 -1.13213728e+01 -1.13187062e+01 -1.13182685e+01 -1.13170297e+01
 -1.06146721e+01 -8.07254914e+00 -8.07154085e+00 -8.07153825e+00
 -1.75972703e+00 -1.40631012e+00 -1.32679946e+00 -1.31085907e+00
 -1.02447010e+00 -9.42186248e-01 -9.26515298e-01 -6.89424369e-01
 -5.96051769e-01 -5.54076161e-01 -5.43731970e-01 -5.34301102e-01
 -5.19111640e-01 -4.83472462e-01 -4.76754301e-01 -4.37225832e-01
 -3.93653731e-01 -3.92347693e-01 -3.61900880e-01 -3.05813551e-01
 -2.57597402e-01 -2.48656029e-01  1.40772826e-02  4.51430406e-02
  4.91402741e-02  1.18615485e-01  1.35820719e-01  1.60545219e-01
  1.81521632e-01  1.85356473e-01  2.07129169e-01  2.18494696e-01
  2.34915072e-01  2.48828408e-01  3.21644132e-01  3.73037554e-01
  3.76874587e-01  3.93921792e-01  4.04329965e-01  4.10854150e-01
  4.15966629e-01  4.21878056e-01  4.31099990e-01  4.32842746e-01
  5.07906312e-01  5.08910417e-01  5.33836674e-01  5.38330563e-01
  5.56979238e-01  5.80284106e-01  5.87119527e-01  5.88506983e-01
  6.16970757e-01  6.52882748e-01  6.58882653e-01  6.77948517e-01
  7.04563897e-01  7.14922944e-01  7.45553217e-01  7.51249638e-01
  7.61643516e-01  7.64930819e-01  7.74105647e-01  8.00392068e-01
  8.14487478e-01  8.44763083e-01  8.83849313e-01  8.88891296e-01
  9.04571626e-01  9.35828765e-01  9.41910550e-01  9.69500796e-01
  9.81044173e-01  1.02477721e+00  1.03127389e+00  1.07211097e+00
  1.08523179e+00  1.10258729e+00  1.10409951e+00  1.13458129e+00
  1.14460513e+00  1.16896647e+00  1.19932438e+00  1.23274994e+00
  1.23523736e+00  1.29169633e+00  1.32413283e+00  1.34419302e+00
  1.34795889e+00  1.37065047e+00  1.42028895e+00  1.47876764e+00
  1.51833352e+00  1.54722986e+00  1.64797931e+00  1.66421398e+00
  1.68923020e+00  1.69488229e+00  1.71041244e+00  1.72581358e+00
  1.77382814e+00  1.77695741e+00  1.81877798e+00  1.82937720e+00
  1.82945387e+00  1.87543984e+00  1.94525361e+00  1.94780483e+00
  1.95435588e+00  1.97529131e+00  2.01974560e+00  2.02519865e+00
  2.03566413e+00  2.03764405e+00  2.05936739e+00  2.14204295e+00
  2.15785702e+00  2.17777032e+00  2.18722003e+00  2.21825930e+00
  2.28498792e+00  2.32360470e+00  2.33617299e+00  2.35514780e+00
  2.35989965e+00  2.43117815e+00  2.45635110e+00  2.47248044e+00
  2.48854889e+00  2.48914725e+00  2.56858475e+00  2.63344586e+00
  2.65839055e+00  2.67371312e+00  2.69337125e+00  2.69984385e+00
  2.71570472e+00  2.73489101e+00  2.76451874e+00  2.85343327e+00
  2.86102660e+00  2.87486698e+00  2.87965360e+00  2.88921743e+00
  2.90062228e+00  2.90623031e+00  2.92254194e+00  2.94307871e+00
  2.95795181e+00  3.01627604e+00  3.07394173e+00  3.09971152e+00
  3.11295086e+00  3.20852637e+00  3.25443654e+00  3.28483194e+00
  3.29337948e+00  3.31850608e+00  3.32817742e+00  3.40568336e+00
  3.53952786e+00  3.70030346e+00  3.77983432e+00  3.82299801e+00
  3.94756806e+00  4.00146912e+00  4.08504619e+00  4.09365619e+00
  4.15801495e+00  4.28893955e+00  4.34940323e+00  4.39219490e+00
  4.42674602e+00  4.77322761e+00  4.88735004e+00  5.65964777e+00
  1.01627485e+01  2.47480065e+01  2.50258433e+01  2.50416999e+01
  2.51504370e+01  2.52305318e+01  2.52846481e+01  2.62458959e+01
  2.62527025e+01  2.68189439e+01  3.70325470e+01  2.19056762e+02]
E1 = -1769.4259923875998  E_coul = 646.3696588237594
cycle= 1 E= -745.751648644439  delta_E= 1.87  |g|= 0.561  |ddm|= 3.18
    CPU time for cycle= 1      1.58 sec, wall time      0.06 sec
  HOMO = -0.365817345572787  LUMO = 0.0530575674477169
  mo_energy =
[-1.04659303e+02 -1.55879747e+01 -1.14331422e+01 -1.13918324e+01
 -1.13912126e+01 -1.13494483e+01 -1.13121113e+01 -1.13120558e+01
 -1.04044369e+01 -7.87075528e+00 -7.86765664e+00 -7.86764931e+00
 -1.33753688e+00 -1.16207049e+00 -1.11143359e+00 -1.07761826e+00
 -9.30689698e-01 -9.23846156e-01 -9.17968193e-01 -7.83219060e-01
 -7.23800247e-01 -7.06038897e-01 -6.59070051e-01 -6.58153768e-01
 -6.49794227e-01 -6.28420962e-01 -6.07890516e-01 -5.69097532e-01
 -4.96138104e-01 -4.46592242e-01 -4.17563870e-01 -4.12066408e-01
 -3.66086530e-01 -3.65817346e-01  5.30575674e-02  6.94831715e-02
  1.15645025e-01  1.42126762e-01  1.49725434e-01  1.75448758e-01
  1.78930660e-01  1.80788325e-01  2.13390802e-01  2.21324448e-01
  2.52037542e-01  2.82138841e-01  3.37236910e-01  3.73881197e-01
  3.93672593e-01  4.00187888e-01  4.22908327e-01  4.24692381e-01
  4.34627710e-01  4.64346694e-01  4.70460034e-01  4.95769232e-01
  5.14216385e-01  5.15652910e-01  5.19354231e-01  5.40841853e-01
  5.58976628e-01  5.66484652e-01  5.82763483e-01  5.87227848e-01
  6.00052501e-01  6.58487943e-01  6.70773565e-01  6.94975103e-01
  6.97954999e-01  7.15675743e-01  7.48289064e-01  7.48508729e-01
  7.61862169e-01  7.68817903e-01  7.81632588e-01  7.97817476e-01
  8.05989555e-01  8.40374828e-01  8.75243718e-01  8.79506313e-01
  9.26830352e-01  9.47718859e-01  9.61983005e-01  9.91214743e-01
  1.02017344e+00  1.03082922e+00  1.08169113e+00  1.10843741e+00
  1.11437027e+00  1.15363502e+00  1.15590101e+00  1.19079840e+00
  1.20748649e+00  1.21652617e+00  1.23637922e+00  1.25986649e+00
  1.26223107e+00  1.26766801e+00  1.29644848e+00  1.38817728e+00
  1.40017027e+00  1.40096431e+00  1.40594739e+00  1.49083008e+00
  1.50354368e+00  1.53489226e+00  1.64224256e+00  1.64967217e+00
  1.66750105e+00  1.68086825e+00  1.69660243e+00  1.70577156e+00
  1.76080543e+00  1.76198963e+00  1.80498752e+00  1.81523041e+00
  1.81587425e+00  1.86327275e+00  1.92955990e+00  1.93343030e+00
  1.96298486e+00  1.97525596e+00  2.00574356e+00  2.00846192e+00
  2.02173089e+00  2.02845339e+00  2.05540714e+00  2.12394730e+00
  2.14869197e+00  2.17460403e+00  2.17849505e+00  2.21167112e+00
  2.28573763e+00  2.31610782e+00  2.33570493e+00  2.34606849e+00
  2.36430561e+00  2.41916718e+00  2.44884881e+00  2.47252939e+00
  2.56378875e+00  2.62188739e+00  2.62188938e+00  2.62540029e+00
  2.65286720e+00  2.68608907e+00  2.69380569e+00  2.70977338e+00
  2.71578498e+00  2.72577663e+00  2.79900984e+00  2.83726197e+00
  2.84400134e+00  2.84928453e+00  2.86295198e+00  2.87735227e+00
  2.88180225e+00  2.89098626e+00  2.90682805e+00  2.92855219e+00
  2.94650978e+00  3.01779198e+00  3.06898974e+00  3.07716952e+00
  3.09545336e+00  3.18006765e+00  3.25396324e+00  3.27307338e+00
  3.29771051e+00  3.31205642e+00  3.31420718e+00  3.39542157e+00
  3.53914917e+00  3.69018041e+00  3.77066964e+00  3.81856171e+00
  3.94968030e+00  3.98685605e+00  4.05913633e+00  4.06866504e+00
  4.13786132e+00  4.31889560e+00  4.33933537e+00  4.38021509e+00
  4.41565718e+00  4.77025454e+00  4.91559431e+00  5.67402667e+00
  1.03571793e+01  2.47096049e+01  2.49050848e+01  2.49887208e+01
  2.50858017e+01  2.51964808e+01  2.52620124e+01  2.64354305e+01
  2.64421671e+01  2.69919899e+01  3.70574648e+01  2.19210073e+02]
E1 = -1771.0397771514276  E_coul = 647.8840940982774
cycle= 2 E= -745.850998133749  delta_E= -0.0993  |g|= 0.228  |ddm|= 0.727
    CPU time for cycle= 2      1.58 sec, wall time      0.06 sec
  HOMO = -0.363494824914866  LUMO = 0.0954594277960668
  mo_energy =
[-1.04823248e+02 -1.55857956e+01 -1.12729789e+01 -1.12723174e+01
 -1.12663810e+01 -1.12485014e+01 -1.12484436e+01 -1.12321068e+01
 -1.05372863e+01 -8.00600935e+00 -8.00362547e+00 -8.00361871e+00
 -1.28624579e+00 -1.11109948e+00 -1.06824923e+00 -1.05395264e+00
 -9.03950189e-01 -8.78962371e-01 -8.74812312e-01 -7.42396838e-01
 -6.77733901e-01 -6.72315118e-01 -6.14530394e-01 -5.95845675e-01
 -5.94041407e-01 -5.90527274e-01 -5.62311166e-01 -5.34241639e-01
 -4.89344504e-01 -4.13664937e-01 -4.11664346e-01 -4.10491602e-01
 -4.03026310e-01 -3.63494825e-01  9.54594278e-02  1.13146241e-01
  1.34372203e-01  1.59046118e-01  1.64168700e-01  1.94651870e-01
  1.95617838e-01  2.02725304e-01  2.34609586e-01  2.38128878e-01
  2.71257931e-01  3.21486131e-01  3.68314082e-01  4.06247731e-01
  4.23508671e-01  4.29883315e-01  4.47552479e-01  4.52574224e-01
  4.58707697e-01  4.67447484e-01  4.67843529e-01  4.75917102e-01
  5.28872868e-01  5.48132524e-01  5.51088692e-01  5.66132512e-01
  5.92894544e-01  5.99259478e-01  6.08385598e-01  6.24557977e-01
  6.35120465e-01  6.97854198e-01  7.07573183e-01  7.32239727e-01
  7.40065800e-01  7.50310793e-01  7.85181902e-01  7.96709760e-01
  8.01609319e-01  8.19344920e-01  8.19780860e-01  8.31853182e-01
  8.42432269e-01  8.69129239e-01  9.03199300e-01  9.14171436e-01
  9.52744462e-01  9.89978219e-01  9.95347695e-01  1.02984254e+00
  1.05485709e+00  1.06767549e+00  1.08384847e+00  1.13778955e+00
  1.13790876e+00  1.16698186e+00  1.17442992e+00  1.18506852e+00
  1.19186846e+00  1.20615299e+00  1.23941389e+00  1.25637734e+00
  1.26303534e+00  1.30873938e+00  1.33967463e+00  1.39733979e+00
  1.40716725e+00  1.42456000e+00  1.43834547e+00  1.51382101e+00
  1.54651379e+00  1.56959970e+00  1.69089865e+00  1.69122665e+00
  1.71247800e+00  1.74127897e+00  1.74865979e+00  1.75607093e+00
  1.79467390e+00  1.80544959e+00  1.84225698e+00  1.85178145e+00
  1.85701731e+00  1.90241829e+00  1.96199392e+00  1.97565624e+00
  1.99896907e+00  2.02151360e+00  2.04247698e+00  2.04324110e+00
  2.05690081e+00  2.06692238e+00  2.09809746e+00  2.16268354e+00
  2.19006265e+00  2.22099447e+00  2.22330769e+00  2.26035296e+00
  2.32746133e+00  2.35988954e+00  2.38086750e+00  2.39279547e+00
  2.41197111e+00  2.47185119e+00  2.48677585e+00  2.50782755e+00
  2.56574746e+00  2.56651919e+00  2.60219605e+00  2.66724349e+00
  2.69370888e+00  2.73369711e+00  2.73504507e+00  2.74001560e+00
  2.75979417e+00  2.77659365e+00  2.81954377e+00  2.87204831e+00
  2.90659736e+00  2.90728130e+00  2.91288149e+00  2.91570967e+00
  2.92295088e+00  2.94383071e+00  2.96775174e+00  2.98366390e+00
  2.98876938e+00  3.06076670e+00  3.11272708e+00  3.14094435e+00
  3.14398633e+00  3.24207396e+00  3.30333398e+00  3.32900386e+00
  3.34398894e+00  3.36631289e+00  3.36659494e+00  3.47461042e+00
  3.59818568e+00  3.75622087e+00  3.83205359e+00  3.87216213e+00
  4.00044199e+00  4.04257275e+00  4.15232840e+00  4.15884247e+00
  4.19742665e+00  4.33447837e+00  4.38909386e+00  4.42788468e+00
  4.47030738e+00  4.82250003e+00  4.94166767e+00  5.71097870e+00
  1.02436389e+01  2.47941091e+01  2.50851523e+01  2.50982596e+01
  2.51867582e+01  2.52778855e+01  2.53357806e+01  2.63277878e+01
  2.63345197e+01  2.68831100e+01  3.70611679e+01  2.19050170e+02]
E1 = -1770.7051825226974  E_coul = 647.536477088378
cycle= 3 E= -745.864020514918  delta_E= -0.013  |g|= 0.0717  |ddm|= 0.239
    CPU time for cycle= 3      1.57 sec, wall time      0.06 sec
  HOMO = -0.3655390467702  LUMO = 0.0969178502438756
  mo_energy =
[-1.04782250e+02 -1.55709317e+01 -1.12884782e+01 -1.12867505e+01
 -1.12862560e+01 -1.12679846e+01 -1.12520998e+01 -1.12519041e+01
 -1.05093225e+01 -7.97707792e+00 -7.97482093e+00 -7.97481549e+00
 -1.28803671e+00 -1.11088063e+00 -1.06944135e+00 -1.05574991e+00
 -9.12318525e-01 -8.78695872e-01 -8.75973128e-01 -7.43531662e-01
 -6.82971174e-01 -6.70534871e-01 -6.19687415e-01 -6.11853004e-01
 -6.06506908e-01 -5.96546817e-01 -5.64144588e-01 -5.37876109e-01
 -4.93728870e-01 -4.17898530e-01 -4.10074656e-01 -4.07659636e-01
 -4.01365639e-01 -3.65539047e-01  9.69178502e-02  1.11878464e-01
  1.35801170e-01  1.58655200e-01  1.65075359e-01  1.94921323e-01
  1.97229665e-01  1.98245810e-01  2.30022970e-01  2.38239460e-01
  2.68471087e-01  3.22679879e-01  3.68214546e-01  4.08627366e-01
  4.22534140e-01  4.32736986e-01  4.45866467e-01  4.47742095e-01
  4.57584598e-01  4.64667591e-01  4.68105216e-01  4.76830132e-01
  5.27778778e-01  5.47034638e-01  5.50539051e-01  5.64955511e-01
  5.93713347e-01  5.98092054e-01  6.09494442e-01  6.23134281e-01
  6.33727973e-01  6.93956432e-01  7.05827084e-01  7.30581496e-01
  7.32829572e-01  7.50634624e-01  7.86223423e-01  7.89684619e-01
  8.02763443e-01  8.05578496e-01  8.17277637e-01  8.32661227e-01
  8.35146980e-01  8.67196737e-01  9.03724042e-01  9.14417711e-01
  9.51608768e-01  9.87820629e-01  9.89691858e-01  1.02900886e+00
  1.05191521e+00  1.06678043e+00  1.08052516e+00  1.13630924e+00
  1.13852338e+00  1.16762129e+00  1.17635249e+00  1.19107167e+00
  1.20115446e+00  1.21009661e+00  1.23687750e+00  1.25396745e+00
  1.26006015e+00  1.30902287e+00  1.34002901e+00  1.39764586e+00
  1.40166322e+00  1.41877601e+00  1.43728963e+00  1.51203464e+00
  1.54388419e+00  1.56765555e+00  1.68299304e+00  1.69126736e+00
  1.71080356e+00  1.72818687e+00  1.74328626e+00  1.74873018e+00
  1.79815926e+00  1.80480582e+00  1.84366003e+00  1.85334517e+00
  1.85721091e+00  1.90125901e+00  1.96512892e+00  1.97566983e+00
  1.99189640e+00  2.01301564e+00  2.04312673e+00  2.04504628e+00
  2.05865261e+00  2.06551432e+00  2.09400612e+00  2.16421718e+00
  2.19132705e+00  2.21692792e+00  2.22098243e+00  2.25850131e+00
  2.32524338e+00  2.35953525e+00  2.37684647e+00  2.38689900e+00
  2.40367223e+00  2.46841445e+00  2.48774799e+00  2.51052627e+00
  2.57262169e+00  2.57334397e+00  2.60542646e+00  2.66851973e+00
  2.69490972e+00  2.73143207e+00  2.73304662e+00  2.73994341e+00
  2.75137081e+00  2.76951579e+00  2.81395955e+00  2.87398098e+00
  2.90270755e+00  2.90530705e+00  2.91560212e+00  2.91770212e+00
  2.92302243e+00  2.92810110e+00  2.95403507e+00  2.98110167e+00
  2.98997098e+00  3.05940867e+00  3.11392851e+00  3.13715062e+00
  3.14062082e+00  3.23608369e+00  3.29703844e+00  3.32650957e+00
  3.34320556e+00  3.36284940e+00  3.36332372e+00  3.45127586e+00
  3.59572152e+00  3.75153283e+00  3.82993457e+00  3.87286995e+00
  3.99901437e+00  4.03956439e+00  4.13101123e+00  4.13875060e+00
  4.19432497e+00  4.33962284e+00  4.38960952e+00  4.43011576e+00
  4.46884504e+00  4.82157456e+00  4.94420545e+00  5.71317500e+00
  1.02659986e+01  2.47884255e+01  2.50442431e+01  2.50760621e+01
  2.51780081e+01  2.52704791e+01  2.53321444e+01  2.63485393e+01
  2.63552713e+01  2.69034079e+01  3.70754776e+01  2.19089563e+02]
E1 = -1770.7569613475266  E_coul = 647.5864806525035
cycle= 4 E= -745.865795775621  delta_E= -0.00178  |g|= 0.0102  |ddm|= 0.102
    CPU time for cycle= 4      1.55 sec, wall time      0.06 sec
  HOMO = -0.366991633882104  LUMO = 0.0953578574630394
  mo_energy =
[-1.04783625e+02 -1.55779214e+01 -1.12908303e+01 -1.12905084e+01
 -1.12832224e+01 -1.12752115e+01 -1.12554660e+01 -1.12554017e+01
 -1.05089968e+01 -7.97687180e+00 -7.97462149e+00 -7.97461613e+00
 -1.29074973e+00 -1.11330821e+00 -1.06825286e+00 -1.05747799e+00
 -9.10844686e-01 -8.80943359e-01 -8.77864009e-01 -7.45416149e-01
 -6.85842221e-01 -6.71957024e-01 -6.21059337e-01 -6.10534461e-01
 -6.05470258e-01 -5.99344792e-01 -5.65490123e-01 -5.40237829e-01
 -4.93699381e-01 -4.19891609e-01 -4.10226044e-01 -4.07094143e-01
 -4.02201145e-01 -3.66991634e-01  9.53578575e-02  1.10285029e-01
  1.35647233e-01  1.58591588e-01  1.64920901e-01  1.94889481e-01
  1.96946548e-01  1.99452663e-01  2.30359359e-01  2.38271032e-01
  2.68669550e-01  3.21328794e-01  3.67244344e-01  4.07337018e-01
  4.21992039e-01  4.31451800e-01  4.46465807e-01  4.47377833e-01
  4.57109145e-01  4.64617626e-01  4.67791954e-01  4.76998003e-01
  5.27306374e-01  5.46179432e-01  5.49721781e-01  5.63971328e-01
  5.92204554e-01  5.97567904e-01  6.08276312e-01  6.22026087e-01
  6.32654745e-01  6.93066834e-01  7.04989535e-01  7.30020694e-01
  7.33221973e-01  7.49335191e-01  7.84135743e-01  7.89636475e-01
  8.01217564e-01  8.06667693e-01  8.16199928e-01  8.31591280e-01
  8.35012532e-01  8.66483275e-01  9.02643001e-01  9.13129202e-01
  9.51054696e-01  9.86417097e-01  9.89938369e-01  1.02770636e+00
  1.05101569e+00  1.06547165e+00  1.08025678e+00  1.13568316e+00
  1.13883766e+00  1.16625861e+00  1.17569811e+00  1.19115999e+00
  1.20199033e+00  1.21041289e+00  1.23633016e+00  1.25170649e+00
  1.25934964e+00  1.30757199e+00  1.33801106e+00  1.39744945e+00
  1.40250882e+00  1.41939144e+00  1.43571158e+00  1.51107765e+00
  1.54230822e+00  1.56601306e+00  1.68382648e+00  1.68940856e+00
  1.70936743e+00  1.72935675e+00  1.74436472e+00  1.74671531e+00
  1.79646455e+00  1.80270655e+00  1.84222750e+00  1.85193484e+00
  1.85538094e+00  1.90039552e+00  1.96398272e+00  1.97420208e+00
  1.99251512e+00  2.01388500e+00  2.04229429e+00  2.04395943e+00
  2.05708644e+00  2.06484765e+00  2.09337107e+00  2.16268039e+00
  2.18915827e+00  2.21655996e+00  2.21891959e+00  2.25640584e+00
  2.32394511e+00  2.35735289e+00  2.37640055e+00  2.38648417e+00
  2.40454421e+00  2.46661675e+00  2.48565473e+00  2.50926123e+00
  2.57337661e+00  2.57409772e+00  2.60337233e+00  2.66748700e+00
  2.69315451e+00  2.73082203e+00  2.73218972e+00  2.73888137e+00
  2.75217668e+00  2.76985318e+00  2.81441148e+00  2.87302948e+00
  2.90062973e+00  2.90523013e+00  2.91410979e+00  2.91636418e+00
  2.92453977e+00  2.92704490e+00  2.95485439e+00  2.97820451e+00
  2.98809520e+00  3.05739544e+00  3.11145471e+00  3.13398359e+00
  3.13818986e+00  3.23375131e+00  3.29693799e+00  3.32439787e+00
  3.34053441e+00  3.36053392e+00  3.36088707e+00  3.45366551e+00
  3.59255240e+00  3.74899571e+00  3.82706801e+00  3.86987131e+00
  3.99650644e+00  4.03741974e+00  4.13309023e+00  4.14054982e+00
  4.19172609e+00  4.33548978e+00  4.38738917e+00  4.42741323e+00
  4.46621399e+00  4.81848204e+00  4.94072610e+00  5.70928618e+00
  1.02665423e+01  2.47838287e+01  2.50492881e+01  2.50722989e+01
  2.51729341e+01  2.52668765e+01  2.53274559e+01  2.63491431e+01
  2.63558745e+01  2.69039232e+01  3.70686046e+01  2.19088365e+02]
E1 = -1770.787269211376  E_coul = 647.616733698803
cycle= 5 E= -745.865850593171  delta_E= -5.48e-05  |g|= 0.00386  |ddm|= 0.0191
    CPU time for cycle= 5      1.55 sec, wall time      0.06 sec
  HOMO = -0.366437438299172  LUMO = 0.0962615672625269
  mo_energy =
[-1.04784698e+02 -1.55757549e+01 -1.12895297e+01 -1.12893612e+01
 -1.12841574e+01 -1.12725355e+01 -1.12549209e+01 -1.12547508e+01
 -1.05098303e+01 -7.97773054e+00 -7.97546495e+00 -7.97545954e+00
 -1.28966890e+00 -1.11227007e+00 -1.06866832e+00 -1.05681048e+00
 -9.11085425e-01 -8.80248418e-01 -8.77214708e-01 -7.44871585e-01
 -6.84961180e-01 -6.71732932e-01 -6.20715775e-01 -6.10786871e-01
 -6.05695124e-01 -5.98590935e-01 -5.64593694e-01 -5.39673217e-01
 -4.93879336e-01 -4.19787949e-01 -4.10093360e-01 -4.07495299e-01
 -4.01620360e-01 -3.66437438e-01  9.62615673e-02  1.10722681e-01
  1.35757342e-01  1.58633088e-01  1.64951769e-01  1.94898267e-01
  1.97009834e-01  1.99143718e-01  2.30329549e-01  2.38265308e-01
  2.68628463e-01  3.21931249e-01  3.67547899e-01  4.07733566e-01
  4.22116628e-01  4.31780034e-01  4.46289734e-01  4.47408396e-01
  4.57275984e-01  4.64569832e-01  4.67840808e-01  4.76788038e-01
  5.27452999e-01  5.46431598e-01  5.50343410e-01  5.64326175e-01
  5.92759974e-01  5.97994192e-01  6.08607599e-01  6.22468651e-01
  6.33246859e-01  6.93312049e-01  7.05398075e-01  7.30258070e-01
  7.33098128e-01  7.49883292e-01  7.84761940e-01  7.89679195e-01
  8.01514394e-01  8.06459611e-01  8.16606418e-01  8.31831310e-01
  8.35094647e-01  8.66728390e-01  9.03042391e-01  9.13589255e-01
  9.51599787e-01  9.86845218e-01  9.89904981e-01  1.02817715e+00
  1.05132671e+00  1.06600415e+00  1.08032960e+00  1.13586524e+00
  1.13872481e+00  1.16664275e+00  1.17596460e+00  1.19107715e+00
  1.20154137e+00  1.21023063e+00  1.23655405e+00  1.25250145e+00
  1.25964313e+00  1.30793264e+00  1.33865449e+00  1.39743996e+00
  1.40226709e+00  1.41921220e+00  1.43615883e+00  1.51145905e+00
  1.54281891e+00  1.56664458e+00  1.68361607e+00  1.68990014e+00
  1.70983387e+00  1.72908154e+00  1.74411779e+00  1.74736750e+00
  1.79685433e+00  1.80342318e+00  1.84252799e+00  1.85221009e+00
  1.85593675e+00  1.90060878e+00  1.96426024e+00  1.97455478e+00
  1.99233130e+00  2.01366315e+00  2.04250081e+00  2.04413372e+00
  2.05759762e+00  2.06497251e+00  2.09351994e+00  2.16302525e+00
  2.18972304e+00  2.21673973e+00  2.21955725e+00  2.25706305e+00
  2.32431299e+00  2.35802539e+00  2.37661024e+00  2.38658731e+00
  2.40432476e+00  2.46720324e+00  2.48633810e+00  2.50948423e+00
  2.57293562e+00  2.57365827e+00  2.60389957e+00  2.66768467e+00
  2.69353833e+00  2.73156980e+00  2.73193430e+00  2.73908538e+00
  2.75201126e+00  2.76979231e+00  2.81425378e+00  2.87324599e+00
  2.90127203e+00  2.90529000e+00  2.91434051e+00  2.91661056e+00
  2.92421579e+00  2.92701743e+00  2.95466865e+00  2.97913692e+00
  2.98847544e+00  3.05802967e+00  3.11210543e+00  3.13514939e+00
  3.13890132e+00  3.23451617e+00  3.29704415e+00  3.32504221e+00
  3.34140698e+00  3.36150187e+00  3.36151101e+00  3.45317650e+00
  3.59351130e+00  3.74972235e+00  3.82795534e+00  3.87081973e+00
  3.99734214e+00  4.03809197e+00  4.13265729e+00  4.14019607e+00
  4.19250631e+00  4.33679869e+00  4.38788417e+00  4.42809722e+00
  4.46697719e+00  4.81946941e+00  4.94191069e+00  5.71050488e+00
  1.02658262e+01  2.47851659e+01  2.50483909e+01  2.50732603e+01
  2.51746162e+01  2.52677057e+01  2.53288145e+01  2.63484791e+01
  2.63552102e+01  2.69031950e+01  3.70707213e+01  2.19087323e+02]
E1 = -1770.7737492246051  E_coul = 647.6032044673059
cycle= 6 E= -745.865859837897  delta_E= -9.24e-06  |g|= 0.00177  |ddm|= 0.00589
    CPU time for cycle= 6      1.56 sec, wall time      0.06 sec
  HOMO = -0.366375557158684  LUMO = 0.0963653471817415
  mo_energy =
[-1.04784877e+02 -1.55765047e+01 -1.12891067e+01 -1.12890357e+01
 -1.12841738e+01 -1.12725850e+01 -1.12546820e+01 -1.12546237e+01
 -1.05101292e+01 -7.97802268e+00 -7.97574979e+00 -7.97574441e+00
 -1.28987235e+00 -1.11228636e+00 -1.06885115e+00 -1.05672920e+00
 -9.11203687e-01 -8.80253954e-01 -8.77101619e-01 -7.44799604e-01
 -6.84926940e-01 -6.71579803e-01 -6.20606463e-01 -6.10821794e-01
 -6.05709174e-01 -5.98633115e-01 -5.64552508e-01 -5.39580535e-01
 -4.94073087e-01 -4.20186141e-01 -4.10241311e-01 -4.07749683e-01
 -4.01628189e-01 -3.66375557e-01  9.63653472e-02  1.10738017e-01
  1.35821078e-01  1.58663701e-01  1.65035501e-01  1.94948296e-01
  1.97081606e-01  1.98989252e-01  2.30302704e-01  2.38314191e-01
  2.68627074e-01  3.22028933e-01  3.67526983e-01  4.07822713e-01
  4.22147062e-01  4.31852847e-01  4.46206828e-01  4.47334175e-01
  4.57246585e-01  4.64521612e-01  4.67786398e-01  4.76610589e-01
  5.27450198e-01  5.46470946e-01  5.50434243e-01  5.64366863e-01
  5.92835194e-01  5.98110114e-01  6.08686333e-01  6.22520615e-01
  6.33314402e-01  6.93278149e-01  7.05491556e-01  7.30348833e-01
  7.33065603e-01  7.49973833e-01  7.84834669e-01  7.89719396e-01
  8.01617024e-01  8.06432591e-01  8.16595793e-01  8.31932171e-01
  8.35142838e-01  8.66800005e-01  9.03134073e-01  9.13697080e-01
  9.51472343e-01  9.86891161e-01  9.89835061e-01  1.02817709e+00
  1.05124946e+00  1.06603924e+00  1.08025159e+00  1.13584119e+00
  1.13858202e+00  1.16667930e+00  1.17592799e+00  1.19093074e+00
  1.20125925e+00  1.21007078e+00  1.23646409e+00  1.25259332e+00
  1.25956623e+00  1.30807081e+00  1.33878150e+00  1.39724338e+00
  1.40214286e+00  1.41909644e+00  1.43623572e+00  1.51131879e+00
  1.54283864e+00  1.56657435e+00  1.68356054e+00  1.68998701e+00
  1.70992507e+00  1.72903501e+00  1.74407739e+00  1.74741334e+00
  1.79699482e+00  1.80347835e+00  1.84262247e+00  1.85233242e+00
  1.85602937e+00  1.90068445e+00  1.96437853e+00  1.97468892e+00
  1.99224800e+00  2.01360187e+00  2.04261728e+00  2.04422174e+00
  2.05765981e+00  2.06499561e+00  2.09349736e+00  2.16316278e+00
  2.18982883e+00  2.21672549e+00  2.21966923e+00  2.25714137e+00
  2.32432413e+00  2.35810984e+00  2.37662330e+00  2.38658584e+00
  2.40426280e+00  2.46725085e+00  2.48634729e+00  2.50953118e+00
  2.57269814e+00  2.57342069e+00  2.60392178e+00  2.66778456e+00
  2.69363377e+00  2.73142774e+00  2.73183547e+00  2.73915145e+00
  2.75195847e+00  2.76979578e+00  2.81418292e+00  2.87333934e+00
  2.90124673e+00  2.90537214e+00  2.91446448e+00  2.91672067e+00
  2.92417758e+00  2.92714290e+00  2.95468317e+00  2.97923585e+00
  2.98858662e+00  3.05792458e+00  3.11215220e+00  3.13523031e+00
  3.13897211e+00  3.23465690e+00  3.29697231e+00  3.32511284e+00
  3.34130508e+00  3.36146544e+00  3.36160031e+00  3.45310331e+00
  3.59358045e+00  3.74986735e+00  3.82805963e+00  3.87089657e+00
  3.99730937e+00  4.03808991e+00  4.13261144e+00  4.14015449e+00
  4.19255523e+00  4.33623655e+00  4.38803285e+00  4.42823627e+00
  4.46706246e+00  4.81949768e+00  4.94149033e+00  5.71020524e+00
  1.02655267e+01  2.47853365e+01  2.50483705e+01  2.50735456e+01
  2.51748218e+01  2.52679522e+01  2.53289262e+01  2.63481971e+01
  2.63549286e+01  2.69028672e+01  3.70699851e+01  2.19087133e+02]
E1 = -1770.7762274736108  E_coul = 647.6056801592016
cycle= 7 E= -745.865862395008  delta_E= -2.56e-06  |g|= 0.000607  |ddm|= 0.00369
    CPU time for cycle= 7      1.57 sec, wall time      0.06 sec
  HOMO = -0.366407746114522  LUMO = 0.0964059141284935
  mo_energy =
[-1.04784898e+02 -1.55762317e+01 -1.12891269e+01 -1.12890600e+01
 -1.12839078e+01 -1.12725827e+01 -1.12548827e+01 -1.12547464e+01
 -1.05101659e+01 -7.97805676e+00 -7.97578463e+00 -7.97577926e+00
 -1.28981539e+00 -1.11229749e+00 -1.06884954e+00 -1.05674275e+00
 -9.11145924e-01 -8.80237897e-01 -8.77102006e-01 -7.44772289e-01
 -6.84917319e-01 -6.71595956e-01 -6.20593790e-01 -6.10714960e-01
 -6.05610682e-01 -5.98602708e-01 -5.64505879e-01 -5.39570066e-01
 -4.94059517e-01 -4.20160457e-01 -4.10261926e-01 -4.07798989e-01
 -4.01600010e-01 -3.66407746e-01  9.64059141e-02  1.10714379e-01
  1.35843328e-01  1.58693516e-01  1.65053207e-01  1.94972665e-01
  1.97102803e-01  1.99012940e-01  2.30342917e-01  2.38336471e-01
  2.68668216e-01  3.22057417e-01  3.67544031e-01  4.07832637e-01
  4.22167565e-01  4.31847637e-01  4.46254749e-01  4.47333576e-01
  4.57256278e-01  4.64535858e-01  4.67786054e-01  4.76569930e-01
  5.27459472e-01  5.46485441e-01  5.50425205e-01  5.64388721e-01
  5.92853267e-01  5.98105995e-01  6.08696207e-01  6.22535962e-01
  6.33322015e-01  6.93325143e-01  7.05493066e-01  7.30392208e-01
  7.33129311e-01  7.49963870e-01  7.84860982e-01  7.89788803e-01
  8.01592200e-01  8.06525720e-01  8.16633483e-01  8.31915081e-01
  8.35208820e-01  8.66834698e-01  9.03147576e-01  9.13695194e-01
  9.51563219e-01  9.86898931e-01  9.89883213e-01  1.02819303e+00
  1.05125528e+00  1.06605838e+00  1.08026879e+00  1.13585994e+00
  1.13859544e+00  1.16667860e+00  1.17593520e+00  1.19090911e+00
  1.20120497e+00  1.21004817e+00  1.23649844e+00  1.25258317e+00
  1.25960638e+00  1.30806060e+00  1.33880786e+00  1.39724558e+00
  1.40219193e+00  1.41914840e+00  1.43627478e+00  1.51135385e+00
  1.54286713e+00  1.56660257e+00  1.68364261e+00  1.68999759e+00
  1.70992933e+00  1.72912932e+00  1.74417007e+00  1.74744194e+00
  1.79699644e+00  1.80348448e+00  1.84264763e+00  1.85234156e+00
  1.85604452e+00  1.90074018e+00  1.96439962e+00  1.97470901e+00
  1.99231043e+00  2.01367642e+00  2.04263188e+00  2.04423021e+00
  2.05770868e+00  2.06503070e+00  2.09354491e+00  2.16318410e+00
  2.18981274e+00  2.21677261e+00  2.21966832e+00  2.25715186e+00
  2.32434540e+00  2.35810785e+00  2.37665863e+00  2.38662686e+00
  2.40433586e+00  2.46729016e+00  2.48635544e+00  2.50956296e+00
  2.57266770e+00  2.57339009e+00  2.60394376e+00  2.66780088e+00
  2.69363941e+00  2.73148176e+00  2.73188700e+00  2.73917156e+00
  2.75203967e+00  2.76986653e+00  2.81423231e+00  2.87339533e+00
  2.90128621e+00  2.90545168e+00  2.91447375e+00  2.91675817e+00
  2.92430233e+00  2.92711945e+00  2.95478088e+00  2.97919963e+00
  2.98858415e+00  3.05797789e+00  3.11216085e+00  3.13525635e+00
  3.13894294e+00  3.23464733e+00  3.29704885e+00  3.32511307e+00
  3.34135403e+00  3.36152288e+00  3.36156581e+00  3.45322712e+00
  3.59354716e+00  3.74982762e+00  3.82803208e+00  3.87087202e+00
  3.99733112e+00  4.03816846e+00  4.13274804e+00  4.14029006e+00
  4.19260652e+00  4.33637890e+00  4.38800070e+00  4.42822161e+00
  4.46706912e+00  4.81949827e+00  4.94160850e+00  5.71031417e+00
  1.02654833e+01  2.47852682e+01  2.50486266e+01  2.50734755e+01
  2.51748064e+01  2.52678491e+01  2.53288388e+01  2.63481582e+01
  2.63548900e+01  2.69028107e+01  3.70702501e+01  2.19087110e+02]
E1 = -1770.7755493965728  E_coul = 647.605001659489
cycle= 8 E= -745.865862817682  delta_E= -4.23e-07  |g|= 0.000368  |ddm|= 0.00126
    CPU time for cycle= 8      1.57 sec, wall time      0.06 sec
  HOMO = -0.366397842578909  LUMO = 0.0964125386683589
  mo_energy =
[-1.04784892e+02 -1.55764565e+01 -1.12890670e+01 -1.12890482e+01
 -1.12839936e+01 -1.12724747e+01 -1.12548351e+01 -1.12547462e+01
 -1.05101528e+01 -7.97804346e+00 -7.97577179e+00 -7.97576643e+00
 -1.28985884e+00 -1.11227216e+00 -1.06886559e+00 -1.05672882e+00
 -9.11172479e-01 -8.80245176e-01 -8.77080362e-01 -7.44751629e-01
 -6.84913404e-01 -6.71591898e-01 -6.20580434e-01 -6.10743268e-01
 -6.05634409e-01 -5.98583979e-01 -5.64512957e-01 -5.39557433e-01
 -4.94075192e-01 -4.20211750e-01 -4.10262886e-01 -4.07806961e-01
 -4.01594125e-01 -3.66397843e-01  9.64125387e-02  1.10715166e-01
  1.35848028e-01  1.58694257e-01  1.65057010e-01  1.94972283e-01
  1.97108765e-01  1.98981646e-01  2.30332213e-01  2.38338987e-01
  2.68662020e-01  3.22063846e-01  3.67540184e-01  4.07851169e-01
  4.22164535e-01  4.31862407e-01  4.46235009e-01  4.47329389e-01
  4.57256987e-01  4.64530093e-01  4.67782930e-01  4.76560628e-01
  5.27460861e-01  5.46485749e-01  5.50439810e-01  5.64385801e-01
  5.92877078e-01  5.98113918e-01  6.08706748e-01  6.22559116e-01
  6.33332297e-01  6.93313060e-01  7.05498166e-01  7.30396241e-01
  7.33111916e-01  7.49981172e-01  7.84891439e-01  7.89780478e-01
  8.01597693e-01  8.06500960e-01  8.16625832e-01  8.31916947e-01
  8.35201432e-01  8.66849467e-01  9.03163831e-01  9.13716770e-01
  9.51517515e-01  9.86906945e-01  9.89864488e-01  1.02820267e+00
  1.05126102e+00  1.06605598e+00  1.08026098e+00  1.13585527e+00
  1.13858777e+00  1.16669360e+00  1.17593830e+00  1.19091095e+00
  1.20120601e+00  1.21004925e+00  1.23648387e+00  1.25260754e+00
  1.25959124e+00  1.30807537e+00  1.33884158e+00  1.39723392e+00
  1.40216979e+00  1.41912741e+00  1.43627781e+00  1.51132514e+00
  1.54285571e+00  1.56658668e+00  1.68362020e+00  1.69001312e+00
  1.70994680e+00  1.72910164e+00  1.74414461e+00  1.74746057e+00
  1.79701612e+00  1.80349984e+00  1.84265287e+00  1.85235439e+00
  1.85605922e+00  1.90074340e+00  1.96441845e+00  1.97472244e+00
  1.99228962e+00  2.01365329e+00  2.04264469e+00  2.04423465e+00
  2.05772588e+00  2.06502467e+00  2.09352833e+00  2.16320690e+00
  2.18983319e+00  2.21677076e+00  2.21968386e+00  2.25717534e+00
  2.32434195e+00  2.35812805e+00  2.37665381e+00  2.38661897e+00
  2.40431407e+00  2.46729872e+00  2.48636716e+00  2.50956386e+00
  2.57266425e+00  2.57338651e+00  2.60395206e+00  2.66781412e+00
  2.69364527e+00  2.73144567e+00  2.73186936e+00  2.73918348e+00
  2.75201631e+00  2.76985425e+00  2.81421799e+00  2.87340838e+00
  2.90126216e+00  2.90545588e+00  2.91448543e+00  2.91677792e+00
  2.92426365e+00  2.92711383e+00  2.95476226e+00  2.97922781e+00
  2.98859329e+00  3.05795207e+00  3.11217284e+00  3.13528405e+00
  3.13895064e+00  3.23466119e+00  3.29702027e+00  3.32513024e+00
  3.34133510e+00  3.36150093e+00  3.36159927e+00  3.45318468e+00
  3.59357561e+00  3.74985244e+00  3.82806591e+00  3.87091753e+00
  3.99732965e+00  4.03815024e+00  4.13270685e+00  4.14025017e+00
  4.19260257e+00  4.33623253e+00  4.38801776e+00  4.42825567e+00
  4.46708198e+00  4.81951346e+00  4.94150017e+00  5.71023133e+00
  1.02654927e+01  2.47853175e+01  2.50485446e+01  2.50735055e+01
  2.51748664e+01  2.52678777e+01  2.53288931e+01  2.63481688e+01
  2.63549007e+01  2.69028148e+01  3.70700306e+01  2.19087117e+02]
E1 = -1770.775633598129  E_coul = 647.6050857551902
cycle= 9 E= -745.865862923537  delta_E= -1.06e-07  |g|= 0.000138  |ddm|= 0.000671
    CPU time for cycle= 9      1.57 sec, wall time      0.06 sec
  HOMO = -0.36639715050971  LUMO = 0.0964085018704748
  mo_energy =
[-1.04784926e+02 -1.55764301e+01 -1.12890149e+01 -1.12889950e+01
 -1.12839986e+01 -1.12724980e+01 -1.12548691e+01 -1.12547740e+01
 -1.05101757e+01 -7.97806712e+00 -7.97579539e+00 -7.97579003e+00
 -1.28984369e+00 -1.11228429e+00 -1.06886689e+00 -1.05672477e+00
 -9.11172314e-01 -8.80242980e-01 -8.77078471e-01 -7.44745994e-01
 -6.84914007e-01 -6.71599348e-01 -6.20579323e-01 -6.10739825e-01
 -6.05632289e-01 -5.98582473e-01 -5.64510164e-01 -5.39562199e-01
 -4.94072005e-01 -4.20200242e-01 -4.10265539e-01 -4.07809294e-01
 -4.01597134e-01 -3.66397151e-01  9.64085019e-02  1.10714940e-01
  1.35847032e-01  1.58694909e-01  1.65055924e-01  1.94972156e-01
  1.97107533e-01  1.98979834e-01  2.30337409e-01  2.38341079e-01
  2.68666717e-01  3.22065702e-01  3.67543298e-01  4.07846677e-01
  4.22164324e-01  4.31853502e-01  4.46238902e-01  4.47329554e-01
  4.57259505e-01  4.64531588e-01  4.67785063e-01  4.76562313e-01
  5.27463288e-01  5.46486204e-01  5.50430737e-01  5.64386942e-01
  5.92870630e-01  5.98110672e-01  6.08701041e-01  6.22557878e-01
  6.33330574e-01  6.93320893e-01  7.05497427e-01  7.30404775e-01
  7.33116120e-01  7.49970859e-01  7.84889622e-01  7.89786583e-01
  8.01583285e-01  8.06504079e-01  8.16631812e-01  8.31903116e-01
  8.35209176e-01  8.66857897e-01  9.03160396e-01  9.13710781e-01
  9.51527037e-01  9.86901367e-01  9.89867651e-01  1.02820147e+00
  1.05125844e+00  1.06605687e+00  1.08026252e+00  1.13585356e+00
  1.13858694e+00  1.16668715e+00  1.17593447e+00  1.19090678e+00
  1.20120125e+00  1.21004579e+00  1.23648759e+00  1.25260248e+00
  1.25959766e+00  1.30806851e+00  1.33884341e+00  1.39723337e+00
  1.40217093e+00  1.41912939e+00  1.43628859e+00  1.51132687e+00
  1.54286205e+00  1.56659136e+00  1.68362428e+00  1.69000835e+00
  1.70994481e+00  1.72910466e+00  1.74414738e+00  1.74746043e+00
  1.79700712e+00  1.80349555e+00  1.84265104e+00  1.85235083e+00
  1.85605871e+00  1.90075429e+00  1.96441440e+00  1.97472623e+00
  1.99229074e+00  2.01365648e+00  2.04264267e+00  2.04422835e+00
  2.05773061e+00  2.06502404e+00  2.09352874e+00  2.16320883e+00
  2.18982007e+00  2.21677028e+00  2.21968389e+00  2.25717260e+00
  2.32434461e+00  2.35812091e+00  2.37665356e+00  2.38661878e+00
  2.40431720e+00  2.46730975e+00  2.48635787e+00  2.50956726e+00
  2.57265923e+00  2.57338151e+00  2.60394757e+00  2.66781408e+00
  2.69364266e+00  2.73145829e+00  2.73187082e+00  2.73917781e+00
  2.75202094e+00  2.76985790e+00  2.81421583e+00  2.87341577e+00
  2.90127286e+00  2.90546436e+00  2.91447996e+00  2.91677657e+00
  2.92426597e+00  2.92709632e+00  2.95476674e+00  2.97921689e+00
  2.98859005e+00  3.05796289e+00  3.11216755e+00  3.13529289e+00
  3.13894758e+00  3.23467259e+00  3.29702689e+00  3.32513090e+00
  3.34134198e+00  3.36151517e+00  3.36158686e+00  3.45318319e+00
  3.59356524e+00  3.74985196e+00  3.82805904e+00  3.87089965e+00
  3.99733069e+00  4.03817378e+00  4.13270827e+00  4.14025284e+00
  4.19262638e+00  4.33624864e+00  4.38800713e+00  4.42824416e+00
  4.46708462e+00  4.81950702e+00  4.94151505e+00  5.71024971e+00
  1.02654752e+01  2.47853144e+01  2.50485401e+01  2.50735247e+01
  2.51748882e+01  2.52678790e+01  2.53288724e+01  2.63481535e+01
  2.63548853e+01  2.69027983e+01  3.70700568e+01  2.19087084e+02]
E1 = -1770.7755488359817  E_coul = 647.6050009695098
cycle= 10 E= -745.86586294707  delta_E= -2.35e-08  |g|= 5.38e-05  |ddm|= 0.000351
    CPU time for cycle= 10      1.62 sec, wall time      0.06 sec
  HOMO = -0.366400494570282  LUMO = 0.0964050715357944
  mo_energy =
[-1.04784913e+02 -1.55764541e+01 -1.12890357e+01 -1.12890125e+01
 -1.12839873e+01 -1.12724680e+01 -1.12548757e+01 -1.12547784e+01
 -1.05101672e+01 -7.97805832e+00 -7.97578652e+00 -7.97578116e+00
 -1.28985580e+00 -1.11228230e+00 -1.06886296e+00 -1.05673249e+00
 -9.11170425e-01 -8.80248493e-01 -8.77080692e-01 -7.44747572e-01
 -6.84919912e-01 -6.71604262e-01 -6.20585590e-01 -6.10740067e-01
 -6.05632998e-01 -5.98578823e-01 -5.64516668e-01 -5.39565845e-01
 -4.94071700e-01 -4.20207914e-01 -4.10262747e-01 -4.07805366e-01
 -4.01596794e-01 -3.66400495e-01  9.64050715e-02  1.10710553e-01
  1.35846745e-01  1.58695680e-01  1.65053585e-01  1.94970801e-01
  1.97108114e-01  1.98982904e-01  2.30335909e-01  2.38339868e-01
  2.68665782e-01  3.22062898e-01  3.67539816e-01  4.07847761e-01
  4.22162043e-01  4.31854776e-01  4.46238289e-01  4.47329302e-01
  4.57257185e-01  4.64530571e-01  4.67784344e-01  4.76564222e-01
  5.27461258e-01  5.46482080e-01  5.50430394e-01  5.64381482e-01
  5.92871609e-01  5.98106905e-01  6.08700762e-01  6.22558109e-01
  6.33329370e-01  6.93317138e-01  7.05493660e-01  7.30400496e-01
  7.33114613e-01  7.49972124e-01  7.84895010e-01  7.89784584e-01
  8.01578876e-01  8.06503760e-01  8.16626820e-01  8.31899339e-01
  8.35206233e-01  8.66857381e-01  9.03160256e-01  9.13709964e-01
  9.51520613e-01  9.86900472e-01  9.89867112e-01  1.02820009e+00
  1.05125738e+00  1.06605032e+00  1.08026171e+00  1.13585206e+00
  1.13858819e+00  1.16668633e+00  1.17593486e+00  1.19090882e+00
  1.20120575e+00  1.21004787e+00  1.23648444e+00  1.25260096e+00
  1.25959339e+00  1.30806359e+00  1.33884535e+00  1.39723322e+00
  1.40217143e+00  1.41912921e+00  1.43628229e+00  1.51132189e+00
  1.54285444e+00  1.56658515e+00  1.68362279e+00  1.69000745e+00
  1.70993926e+00  1.72910466e+00  1.74414755e+00  1.74745971e+00
  1.79700785e+00  1.80349452e+00  1.84264842e+00  1.85234848e+00
  1.85605655e+00  1.90075030e+00  1.96441314e+00  1.97472287e+00
  1.99229107e+00  2.01365558e+00  2.04263744e+00  2.04422515e+00
  2.05773058e+00  2.06502140e+00  2.09352596e+00  2.16320734e+00
  2.18981991e+00  2.21676972e+00  2.21967907e+00  2.25717297e+00
  2.32433904e+00  2.35811972e+00  2.37665084e+00  2.38661685e+00
  2.40431690e+00  2.46730438e+00  2.48635744e+00  2.50956279e+00
  2.57266343e+00  2.57338567e+00  2.60394712e+00  2.66780896e+00
  2.69363869e+00  2.73144873e+00  2.73187082e+00  2.73918046e+00
  2.75201930e+00  2.76985650e+00  2.81421751e+00  2.87341436e+00
  2.90126466e+00  2.90546398e+00  2.91447882e+00  2.91677939e+00
  2.92426703e+00  2.92709141e+00  2.95476623e+00  2.97921648e+00
  2.98858527e+00  3.05795512e+00  3.11216714e+00  3.13529298e+00
  3.13894092e+00  3.23466298e+00  3.29702303e+00  3.32512383e+00
  3.34133550e+00  3.36150721e+00  3.36158673e+00  3.45318758e+00
  3.59356448e+00  3.74984488e+00  3.82805726e+00  3.87090491e+00
  3.99732497e+00  4.03816350e+00  4.13271017e+00  4.14025391e+00
  4.19261615e+00  4.33623111e+00  4.38800244e+00  4.42824698e+00
  4.46707951e+00  4.81950537e+00  4.94149976e+00  5.71023527e+00
  1.02654826e+01  2.47853146e+01  2.50485507e+01  2.50735114e+01
  2.51748872e+01  2.52678683e+01  2.53288780e+01  2.63481601e+01
  2.63548920e+01  2.69028060e+01  3.70700333e+01  2.19087096e+02]
E1 = -1770.7755776598406  E_coul = 647.6050297904009
cycle= 11 E= -745.865862950038  delta_E= -2.97e-09  |g|= 2.41e-05  |ddm|= 0.00012
    CPU time for cycle= 11      1.56 sec, wall time      0.06 sec
  HOMO = -0.366398647400689  LUMO = 0.0964037581498991
  mo_energy =
[-1.04784909e+02 -1.55764524e+01 -1.12890259e+01 -1.12890052e+01
 -1.12839910e+01 -1.12724766e+01 -1.12548802e+01 -1.12547858e+01
 -1.05101634e+01 -7.97805463e+00 -7.97578281e+00 -7.97577746e+00
 -1.28985189e+00 -1.11228460e+00 -1.06886196e+00 -1.05673164e+00
 -9.11170375e-01 -8.80248619e-01 -8.77081298e-01 -7.44747869e-01
 -6.84919980e-01 -6.71606703e-01 -6.20586099e-01 -6.10741629e-01
 -6.05634698e-01 -5.98580293e-01 -5.64515283e-01 -5.39567225e-01
 -4.94071095e-01 -4.20207317e-01 -4.10261129e-01 -4.07802784e-01
 -4.01596692e-01 -3.66398647e-01  9.64037581e-02  1.10711273e-01
  1.35845863e-01  1.58694890e-01  1.65052712e-01  1.94969919e-01
  1.97106784e-01  1.98984254e-01  2.30336068e-01  2.38339548e-01
  2.68665518e-01  3.22062735e-01  3.67540424e-01  4.07845920e-01
  4.22161473e-01  4.31852579e-01  4.46238038e-01  4.47329576e-01
  4.57258205e-01  4.64530816e-01  4.67785149e-01  4.76566261e-01
  5.27461995e-01  5.46481927e-01  5.50429901e-01  5.64381468e-01
  5.92869912e-01  5.98107375e-01  6.08699119e-01  6.22557762e-01
  6.33329667e-01  6.93317876e-01  7.05494041e-01  7.30401183e-01
  7.33114322e-01  7.49970245e-01  7.84892962e-01  7.89784273e-01
  8.01575759e-01  8.06502634e-01  8.16627680e-01  8.31896550e-01
  8.35206536e-01  8.66858277e-01  9.03159118e-01  9.13708471e-01
  9.51522339e-01  9.86898690e-01  9.89866978e-01  1.02819992e+00
  1.05125747e+00  1.06605087e+00  1.08026211e+00  1.13585183e+00
  1.13858919e+00  1.16668526e+00  1.17593463e+00  1.19090997e+00
  1.20120847e+00  1.21004931e+00  1.23648547e+00  1.25259993e+00
  1.25959490e+00  1.30806229e+00  1.33884464e+00  1.39723470e+00
  1.40217159e+00  1.41912945e+00  1.43628395e+00  1.51132241e+00
  1.54285551e+00  1.56658676e+00  1.68362174e+00  1.69000566e+00
  1.70993912e+00  1.72910341e+00  1.74414624e+00  1.74745928e+00
  1.79700498e+00  1.80349336e+00  1.84264680e+00  1.85234700e+00
  1.85605583e+00  1.90075153e+00  1.96441155e+00  1.97472266e+00
  1.99229049e+00  2.01365461e+00  2.04263684e+00  2.04422321e+00
  2.05773045e+00  2.06502027e+00  2.09352511e+00  2.16320647e+00
  2.18981669e+00  2.21676859e+00  2.21967879e+00  2.25717156e+00
  2.32433917e+00  2.35811790e+00  2.37665013e+00  2.38661598e+00
  2.40431612e+00  2.46730591e+00  2.48635544e+00  2.50956258e+00
  2.57266565e+00  2.57338787e+00  2.60394532e+00  2.66780849e+00
  2.69363729e+00  2.73145116e+00  2.73187088e+00  2.73917832e+00
  2.75201846e+00  2.76985563e+00  2.81421689e+00  2.87341407e+00
  2.90126611e+00  2.90546385e+00  2.91447644e+00  2.91677717e+00
  2.92426538e+00  2.92708717e+00  2.95476532e+00  2.97921411e+00
  2.98858393e+00  3.05795691e+00  3.11216497e+00  3.13529338e+00
  3.13894077e+00  3.23466526e+00  3.29702287e+00  3.32512440e+00
  3.34133643e+00  3.36150890e+00  3.36158438e+00  3.45318616e+00
  3.59356194e+00  3.74984462e+00  3.82805550e+00  3.87090066e+00
  3.99732513e+00  4.03816703e+00  4.13270821e+00  4.14025228e+00
  4.19262004e+00  4.33623377e+00  4.38799992e+00  4.42824335e+00
  4.46707932e+00  4.81950343e+00  4.94150197e+00  5.71023805e+00
  1.02654861e+01  2.47853124e+01  2.50485472e+01  2.50735141e+01
  2.51748890e+01  2.52678680e+01  2.53288725e+01  2.63481632e+01
  2.63548951e+01  2.69028100e+01  3.70700350e+01  2.19087100e+02]
E1 = -1770.7755331153471  E_coul = 647.6049852455087
cycle= 12 E= -745.865862950437  delta_E= -3.99e-10  |g|= 4.91e-06  |ddm|= 4.76e-05
    CPU time for cycle= 12      1.58 sec, wall time      0.06 sec
  HOMO = -0.366398207586086  LUMO = 0.0964040865368535
  mo_energy =
[-1.04784913e+02 -1.55764513e+01 -1.12890258e+01 -1.12890036e+01
 -1.12839916e+01 -1.12724746e+01 -1.12548806e+01 -1.12547839e+01
 -1.05101664e+01 -7.97805773e+00 -7.97578592e+00 -7.97578057e+00
 -1.28985163e+00 -1.11228413e+00 -1.06886271e+00 -1.05673142e+00
 -9.11170879e-01 -8.80248193e-01 -8.77080888e-01 -7.44747508e-01
 -6.84919328e-01 -6.71606421e-01 -6.20585905e-01 -6.10741893e-01
 -6.05634853e-01 -5.98579719e-01 -5.64514954e-01 -5.39566645e-01
 -4.94071580e-01 -4.20207597e-01 -4.10261524e-01 -4.07803508e-01
 -4.01596598e-01 -3.66398208e-01  9.64040865e-02  1.10711600e-01
  1.35845887e-01  1.58694895e-01  1.65052698e-01  1.94969885e-01
  1.97106855e-01  1.98983971e-01  2.30335925e-01  2.38339438e-01
  2.68665560e-01  3.22063057e-01  3.67540504e-01  4.07846194e-01
  4.22161562e-01  4.31852824e-01  4.46237901e-01  4.47329564e-01
  4.57258137e-01  4.64530589e-01  4.67785107e-01  4.76566006e-01
  5.27461997e-01  5.46481994e-01  5.50430191e-01  5.64381675e-01
  5.92870229e-01  5.98107581e-01  6.08699474e-01  6.22557902e-01
  6.33329983e-01  6.93317950e-01  7.05494292e-01  7.30401315e-01
  7.33114183e-01  7.49970611e-01  7.84893448e-01  7.89784319e-01
  8.01575991e-01  8.06502403e-01  8.16627770e-01  8.31896714e-01
  8.35206571e-01  8.66858388e-01  9.03159387e-01  9.13708715e-01
  9.51522392e-01  9.86898959e-01  9.89866823e-01  1.02820008e+00
  1.05125736e+00  1.06605102e+00  1.08026205e+00  1.13585175e+00
  1.13858868e+00  1.16668543e+00  1.17593457e+00  1.19090935e+00
  1.20120725e+00  1.21004859e+00  1.23648542e+00  1.25260040e+00
  1.25959486e+00  1.30806254e+00  1.33884515e+00  1.39723423e+00
  1.40217117e+00  1.41912911e+00  1.43628416e+00  1.51132247e+00
  1.54285575e+00  1.56658699e+00  1.68362158e+00  1.69000606e+00
  1.70993931e+00  1.72910322e+00  1.74414609e+00  1.74745968e+00
  1.79700539e+00  1.80349382e+00  1.84264724e+00  1.85234719e+00
  1.85605621e+00  1.90075161e+00  1.96441179e+00  1.97472291e+00
  1.99229021e+00  2.01365437e+00  2.04263692e+00  2.04422337e+00
  2.05773081e+00  2.06502032e+00  2.09352522e+00  2.16320678e+00
  2.18981715e+00  2.21676864e+00  2.21967918e+00  2.25717204e+00
  2.32433929e+00  2.35811836e+00  2.37665014e+00  2.38661597e+00
  2.40431587e+00  2.46730620e+00  2.48635584e+00  2.50956274e+00
  2.57266447e+00  2.57338670e+00  2.60394571e+00  2.66780863e+00
  2.69363763e+00  2.73145148e+00  2.73187038e+00  2.73917848e+00
  2.75201824e+00  2.76985551e+00  2.81421654e+00  2.87341441e+00
  2.90126653e+00  2.90546392e+00  2.91447667e+00  2.91677750e+00
  2.92426518e+00  2.92708736e+00  2.95476518e+00  2.97921479e+00
  2.98858425e+00  3.05795725e+00  3.11216547e+00  3.13529434e+00
  3.13894106e+00  3.23466568e+00  3.29702285e+00  3.32512471e+00
  3.34133689e+00  3.36150924e+00  3.36158496e+00  3.45318569e+00
  3.59356257e+00  3.74984510e+00  3.82805611e+00  3.87090140e+00
  3.99732555e+00  4.03816740e+00  4.13270789e+00  4.14025205e+00
  4.19262046e+00  4.33623435e+00  4.38800034e+00  4.42824401e+00
  4.46707983e+00  4.81950410e+00  4.94150243e+00  5.71023863e+00
  1.02654837e+01  2.47853135e+01  2.50485466e+01  2.50735149e+01
  2.51748903e+01  2.52678688e+01  2.53288737e+01  2.63481609e+01
  2.63548927e+01  2.69028078e+01  3.70700361e+01  2.19087096e+02]
E1 = -1770.7755418150532  E_coul = 647.6049939452021
Extra cycle  E= -745.865862950449  delta_E= -1.27e-11  |g|= 2.33e-06  |ddm|= 6.9e-06
    CPU time for scf_cycle     33.91 sec, wall time      1.29 sec
    CPU time for SCF     33.92 sec, wall time      1.29 sec
converged SCF energy = -745.865862950449
Converting <class 'pyscf.scf.hf.RHF'> to RHF


******** <class 'pyscf.tdscf.rhf.TDA'> for <class 'pyscf.scf.hf.RHF'> ********
nstates = 5 singlet
wfnsym = None
conv_tol = 1e-09
eigh lindep = 1e-12
eigh level_shift = 0
eigh max_space = 8
eigh max_cycle = 2000
chkfile = /scratch/global/yangjunjie/tmphf4u0usd
max_memory 514992 MB (current use 1742 MB)


davidson 0 5  |r|= 0.199  e= [0.28406721 0.28602481 0.33436602 0.37852589 0.41046447]  max|de|= 0.41  lindep=    1
davidson 1 10  |r|= 0.0797  e= [0.24311811 0.24927219 0.31766948 0.32861007 0.40766724]  max|de|= -0.0499  lindep= 0.808
Old state -> New state
    4     ->     2 
    2     ->     3 
    3     ->     4 
davidson 2 15  |r|= 0.204  e= [0.23591333 0.24628291 0.30261011 0.31608697 0.31785311]  max|de|= -0.105  lindep= 0.878
Old state -> New state
    2     ->     1 
    1     ->     2 
davidson 3 20  |r|= 0.0624  e= [0.23429302 0.23916618 0.24620887 0.31570383 0.31682059]  max|de|= -0.0634  lindep= 0.921
davidson 4 5  |r|= 0.0624  e= [0.23429302 0.23916618 0.24620887 0.31570383 0.31682059]  max|de|= 4.44e-16  lindep= 0.998
Old state -> New state
    1     ->     0 
    0     ->     1 
davidson 5 10  |r|= 0.0233  e= [0.23364428 0.23421354 0.24620173 0.3156461  0.31662992]  max|de|= -0.00552  lindep= 0.792
davidson 6 15  |r|= 0.00511  e= [0.23292411 0.23420721 0.24619984 0.31562427 0.31647871]  max|de|= -0.00072  lindep= 0.828
davidson 7 20  |r|= 0.00298  e= [0.23284062 0.23420638 0.24619973 0.31560846 0.31644004]  max|de|= -8.35e-05  lindep= 0.852
davidson 8 5  |r|= 0.00298  e= [0.23284062 0.23420638 0.24619973 0.31560846 0.31644004]  max|de|= -6.66e-16  lindep= 0.955
davidson 9 10  |r|= 0.00446  e= [0.23282077 0.23420623 0.24619972 0.31559497 0.31643471]  max|de|= -1.98e-05  lindep= 0.83
Old state -> New state
    3     ->     4 
davidson 10 15  |r|= 0.124  e= [0.23280805 0.23420618 0.24619972 0.29816259 0.31560738]  max|de|= -0.0174  lindep= 0.888
Old state -> New state
    3     ->     4 
root 2 converged  |r|= 2.23e-05  e= 0.24619971525647955  max|de|= -7.23e-10
davidson 11 20  |r|= 0.0961  e= [0.23280466 0.23420617 0.24619972 0.28020647 0.30379865]  max|de|= -0.018  lindep= 0.818
davidson 12 5  |r|= 0.0961  e= [0.23280466 0.23420617 0.24619972 0.28020647 0.30379865]  max|de|= -2.22e-16  lindep= 0.994
davidson 13 9  |r|= 0.0717  e= [0.23280418 0.23420617 0.24619972 0.27747086 0.29884429]  max|de|= -0.00495  lindep= 0.781
root 1 converged  |r|= 5.89e-06  e= 0.23420617199929417  max|de|= -2.1e-10
davidson 14 13  |r|= 0.0426  e= [0.23280409 0.23420617 0.24619972 0.27660994 0.29633158]  max|de|= -0.00251  lindep= 0.767
davidson 15 16  |r|= 0.0134  e= [0.23280408 0.23420617 0.24619972 0.27643635 0.29571731]  max|de|= -0.000614  lindep= 0.766
davidson 16 5  |r|= 0.0134  e= [0.23280408 0.23420617 0.24619972 0.27643635 0.29571731]  max|de|= -9.44e-16  lindep= 0.999
davidson 17 8  |r|= 0.0105  e= [0.23280408 0.23420617 0.24619972 0.27640292 0.2956012 ]  max|de|= -0.000116  lindep= 0.853
root 0 converged  |r|= 5.33e-06  e= 0.23280407540910267  max|de|= -2.3e-10
davidson 18 11  |r|= 0.00408  e= [0.23280408 0.23420617 0.24619972 0.2763931  0.29556247]  max|de|= -3.87e-05  lindep= 0.835
davidson 19 13  |r|= 0.00255  e= [0.23280408 0.23420617 0.24619972 0.276391   0.29555157]  max|de|= -1.09e-05  lindep= 0.782
davidson 20 15  |r|= 0.000807  e= [0.23280408 0.23420617 0.24619972 0.27639027 0.29554535]  max|de|= -6.22e-06  lindep= 0.765
davidson 21 17  |r|= 0.000547  e= [0.23280408 0.23420617 0.24619972 0.27639024 0.29554447]  max|de|= -8.73e-07  lindep= 0.816
davidson 22 5  |r|= 0.000547  e= [0.23280408 0.23420617 0.24619972 0.27639024 0.29554447]  max|de|= 5.55e-16  lindep= 0.996
davidson 23 7  |r|= 0.000314  e= [0.23280408 0.23420617 0.24619972 0.27639023 0.29554429]  max|de|= -1.86e-07  lindep=  0.8
davidson 24 9  |r|= 0.000233  e= [0.23280408 0.23420617 0.24619972 0.27639023 0.29554422]  max|de|= -6.23e-08  lindep= 0.786
root 3 converged  |r|= 8.47e-06  e= 0.27639023087870535  max|de|= -1.77e-10
davidson 25 11  |r|= 0.000148  e= [0.23280408 0.23420617 0.24619972 0.27639023 0.2955442 ]  max|de|= -2.34e-08  lindep= 0.754
davidson 26 12  |r|= 0.000105  e= [0.23280408 0.23420617 0.24619972 0.27639023 0.29554419]  max|de|= -1.22e-08  lindep= 0.737
davidson 27 13  |r|= 5.4e-05  e= [0.23280408 0.23420617 0.24619972 0.27639023 0.29554418]  max|de|= -5.49e-09  lindep= 0.817
davidson 28 14  |r|= 2.04e-05  e= [0.23280408 0.23420617 0.24619972 0.27639023 0.29554418]  max|de|= -1.79e-09  lindep= 0.928
root 4 converged  |r|= 1.31e-05  e= 0.2955441815643918  max|de|= -4.13e-10
converged 29 15  |r|= 1.88e-05  e= [0.23280408 0.23420617 0.24619972 0.27639023 0.29554418]  max|de|= -4.13e-10
    CPU time for TDA    205.15 sec, wall time      7.37 sec
Excited State energies (eV)
[6.33492156 6.37307455 6.69943549 7.52096126 8.04216681]
