 
:: initializing oneAPI environment ...
   slurm_script: BASH_VERSION = 4.2.46(1)-release
   args: Using "$@" for setvars.sh arguments: --force
:: advisor -- latest
:: ccl -- latest
:: clck -- latest
:: compiler -- latest
:: dal -- latest
:: debugger -- latest
:: dev-utilities -- latest
:: dnnl -- latest
:: dpcpp-ct -- latest
:: dpl -- latest
:: inspector -- latest
:: intelpython -- latest
:: ipp -- latest
:: ippcp -- latest
:: ipp -- latest
:: itac -- latest
:: mkl -- latest
:: mpi -- latest
:: tbb -- latest
:: vpl -- latest
:: vtune -- latest
:: oneAPI environment initialized ::
 
SLURM_CPUS_PER_TASK = 28
SLURM_MEM_PER_NODE = 127949
#INFO: **** input file is /home/yangjunjie/work/py-ch3-cl/work/step_-15/main.py ****
import sys
import pyscf
from pyscf import tdscf

def main(xyz_file, basis="631g*", xc="b3lyp", output="ene.out"):
    xyz = None

    with open(xyz_file, "r") as xyz:
        xyz = xyz.readlines()[2:]
        xyz = "".join(xyz)

    mol = pyscf.gto.Mole()
    mol.atom = xyz
    mol.basis = basis
    mol.verbose = 5
    mol.build()

    if xc is not None and xc != "hf":
        mf = pyscf.scf.RKS(mol)
        mf.xc = xc
        mf.kernel()
    else:
        mf = pyscf.scf.RHF(mol)
        mf.kernel()

    ene_mf = mf.e_tot

    with open(output, "w") as f:
        tda = pyscf.tdscf.TDA(mf)
        tda.nstates = 5
        tda.max_space = 8
        tda.max_cycle = 2000
        tda.kernel()

        con_tda = tda.converged
        ene_tda = tda.e[:5]
        dip_tda = tda.transition_dipole()[:5]

        f.write(f"RKS energy: {ene_mf: 12.8f}\n")
        f.write("TDA results:\n")
        for i, (con, ene, dip) in enumerate(zip(con_tda, ene_tda, dip_tda)):
            f.write(f" {i:2d} {con} {ene: 12.8f} {dip[0]: 12.8f} {dip[1]: 12.8f} {dip[2]: 12.8f}\n")

        # rpa = pyscf.tdscf.RPA(mf)
        # rpa.nstates = 5
        # rpa.max_space = 8
        # rpa.max_cycle = 2000
        # rpa.kernel()

        # con_rpa = rpa.converged
        # ene_rpa = rpa.e[:5]
        # dip_rpa = rpa.transition_dipole()[:5]
        
        # f.write("\nRPA results:\n")
        # for i, (con, ene, dip) in enumerate(zip(con_rpa, ene_rpa, dip_rpa)):
        #     f.write(f" {i:2d} {con} {ene: 12.8f} {dip[0]: 12.8f} {dip[1]: 12.8f} {dip[2]: 12.8f}\n")

if __name__ == "__main__":
    xyz = sys.argv[1]
    main(xyz, basis="631g*", xc="b3lyp", output="out.log")
#INFO: ******************** input file end ********************


System: uname_result(system='Linux', node='pauling049', release='3.10.0-327.36.3.el7.x86_64', version='#1 SMP Thu Oct 20 04:56:07 EDT 2016', machine='x86_64')  Threads 28
Python 3.9.7 (default, Oct 27 2021, 01:23:21) 
[GCC 9.3.0]
numpy 1.21.2  scipy 1.6.2
Date: Tue Sep 27 23:36:53 2022
PySCF version 2.0.1
PySCF path  /home/yangjunjie/packages/pyscf/pyscf-main
GIT ORIG_HEAD 14b880cdc4bf7bb64f3989a147c0b04622efc498
GIT HEAD (branch master) 9d5b5bd309d1cc55fbd1a0ec76e26b5b0c7f76af

[ENV] PYSCF_MAX_MEMORY 127949
[ENV] PYSCF_TMPDIR /scratch/global/yangjunjie/
[CONFIG] conf_file /home/yangjunjie/.pyscf_conf.py
[INPUT] verbose = 5
[INPUT] max_memory = 127949 
[INPUT] num. atoms = 16
[INPUT] num. electrons = 68
[INPUT] charge = 0
[INPUT] spin (= nelec alpha-beta = 2S) = 0
[INPUT] symmetry False subgroup None
[INPUT] Mole.unit = angstrom
[INPUT]  1 C      0.000000010000   1.165662620000   1.150999900000 AA    0.000000018897   2.202783105443   2.175074580402 Bohr
[INPUT]  2 C      0.000000000000   1.186127360000   2.507414410000 AA    0.000000000000   2.241455859253   4.738326515688 Bohr
[INPUT]  3 C     -0.000000010000  -0.013831180000   3.218496300000 AA   -0.000000018897  -0.026137142180   6.082076539926 Bohr
[INPUT]  4 C     -0.000000010000  -1.197521650000   2.481323760000 AA   -0.000000018897  -2.262987946737   4.689022332776 Bohr
[INPUT]  5 C      0.000000000000  -1.148511660000   1.128795190000 AA    0.000000000000  -2.170372488270   2.133113759826 Bohr
[INPUT]  6 N      0.000000010000   0.013858830000   0.441283660000 AA    0.000000018897   0.026189393107   0.833905260646 Bohr
[INPUT]  7 C      0.000000000000   0.003389660000  -2.150454270000 AA    0.000000000000   0.006405529055  -4.063769613701 Bohr
[INPUT]  8 H      0.000000020000   2.066254260000   0.540222390000 AA    0.000000037795   3.904654655116   1.020872363458 Bohr
[INPUT]  9 H      0.000000000000   2.153477620000   3.042378440000 AA    0.000000000000   4.069482917180   5.749262018881 Bohr
[INPUT] 10 H     -0.000000020000  -0.024258570000   4.296117040000 AA   -0.000000037795  -0.045842053474   8.118484604677 Bohr
[INPUT] 11 H     -0.000000020000  -2.176988620000   2.999138840000 AA   -0.000000037795  -4.113912268095   5.667551017146 Bohr
[INPUT] 12 H      0.000000000000  -2.038398470000   0.496732450000 AA    0.000000000000  -3.852014841032   0.938688287684 Bohr
[INPUT] 13 H     -0.000000030000   1.033533110000  -1.812920480000 AA   -0.000000056692   1.953094518570  -3.425923192815 Bohr
[INPUT] 14 H     -0.890774950000  -0.503966720000  -1.798326710000 AA   -1.683320694123  -0.952359076695  -3.398344964390 Bohr
[INPUT] 15 H      0.890774980000  -0.503966680000  -1.798326710000 AA    1.683320750815  -0.952359001106  -3.398344964390 Bohr
[INPUT] 16 Cl    -0.000000010000  -0.006597300000  -3.969128700000 AA   -0.000000018897  -0.012467090162  -7.500566196151 Bohr
[INPUT] ---------------- BASIS SET ---------------- 
[INPUT] l, kappa, [nprim/nctr], expnt,             c_1 c_2 ...
[INPUT] H
[INPUT] 0    0    [3    /1   ]  18.731137         0.0334946
                                2.8253937         0.23472695
                                0.6401217         0.81375733
[INPUT] 0    0    [1    /1   ]  0.1612778            1
[INPUT] C
[INPUT] 0    0    [6    /1   ]  3047.5249         0.0018347
                                457.36951         0.0140373
                                103.94869         0.0688426
                                29.210155         0.2321844
                                9.286663          0.4679413
                                3.163927          0.362312
[INPUT] 0    0    [3    /1   ]  7.8682724         -0.1193324
                                1.8812885         -0.1608542
                                0.5442493         1.1434564
[INPUT] 0    0    [1    /1   ]  0.1687144            1
[INPUT] 1    0    [3    /1   ]  7.8682724         0.0689991
                                1.8812885         0.316424
                                0.5442493         0.7443083
[INPUT] 1    0    [1    /1   ]  0.1687144            1
[INPUT] 2    0    [1    /1   ]  0.8                  1
[INPUT] Cl
[INPUT] 0    0    [6    /1   ]  25180.1           0.001833
                                3780.35           0.014034
                                860.474           0.069097
                                242.145           0.237452
                                77.3349           0.483034
                                26.247            0.339856
[INPUT] 0    0    [6    /1   ]  491.765           -0.0022974
                                116.984           -0.030714
                                37.4153           -0.112528
                                13.7834           0.045016
                                5.45215           0.589353
                                2.22588           0.465206
[INPUT] 0    0    [3    /1   ]  3.18649           -0.25183
                                1.14427           0.061589
                                0.420377          1.06018
[INPUT] 0    0    [1    /1   ]  0.142657             1
[INPUT] 1    0    [6    /1   ]  491.765           0.0039894
                                116.984           0.030318
                                37.4153           0.12988
                                13.7834           0.327951
                                5.45215           0.453527
                                2.22588           0.252154
[INPUT] 1    0    [3    /1   ]  3.18649           -0.014299
                                1.14427           0.323572
                                0.420377          0.743507
[INPUT] 1    0    [1    /1   ]  0.142657             1
[INPUT] 2    0    [1    /1   ]  0.75                 1
[INPUT] N
[INPUT] 0    0    [6    /1   ]  4173.511          0.0018348
                                627.4579          0.013995
                                142.9021          0.068587
                                40.23433          0.232241
                                12.82021          0.46907
                                4.390437          0.360455
[INPUT] 0    0    [3    /1   ]  11.626358         -0.114961
                                2.71628           -0.169118
                                0.772218          1.145852
[INPUT] 0    0    [1    /1   ]  0.2120313            1
[INPUT] 1    0    [3    /1   ]  11.626358         0.06758
                                2.71628           0.323907
                                0.772218          0.740895
[INPUT] 1    0    [1    /1   ]  0.2120313            1
[INPUT] 2    0    [1    /1   ]  0.8                  1

nuclear repulsion = 376.164563732731
number of shells = 66
number of NR pGTOs = 272
number of NR cGTOs = 132
basis = 631g*
ecp = {}
CPU time:         0.37


******** <class 'pyscf.dft.rks.RKS'> ********
method = RKS
initial guess = minao
damping factor = 0
level_shift factor = 0
DIIS = <class 'pyscf.scf.diis.CDIIS'>
diis_start_cycle = 1
diis_space = 8
SCF conv_tol = 1e-09
SCF conv_tol_grad = None
SCF max_cycles = 50
direct_scf = True
direct_scf_tol = 1e-13
chkfile to save SCF result = /scratch/global/yangjunjie/tmp1b1nat1i
max_memory 127949 MB (current use 81 MB)
XC library pyscf.dft.libxc version 5.2.0
    S. Lehtola, C. Steigemann, M. J. Oliveira, and M. A. Marques, SoftwareX 7, 1 (2018)
XC functionals = b3lyp
    P. A. M. Dirac, Math. Proc. Cambridge Philos. Soc. 26, 376 (1930)
    F. Bloch, Z. Phys. 57, 545 (1929)
    A. D. Becke, Phys. Rev. A 38, 3098 (1988)
    C. Lee, W. Yang, and R. G. Parr, Phys. Rev. B 37, 785 (1988)
    B. Miehlich, A. Savin, H. Stoll, and H. Preuss, Chem. Phys. Lett. 157, 200 (1989)
    S. H. Vosko, L. Wilk, and M. Nusair, Can. J. Phys. 58, 1200 (1980)
radial grids: 
    Treutler-Ahlrichs [JCP 102, 346 (1995); DOI:10.1063/1.469408] (M4) radial grids
    
becke partition: Becke, JCP 88, 2547 (1988); DOI:10.1063/1.454033
pruning grids: <function nwchem_prune at 0x7fe0cb8d9ee0>
grids dens level: 3
symmetrized grids: False
atomic radii adjust function: <function treutler_atomic_radii_adjust at 0x7fe0cb8d9e50>
small_rho_cutoff = 1e-07
Set gradient conv threshold to 3.16228e-05
atom C rad-grids = 75, ang-grids = [ 50  50  50  50  50  50  50  50  50  50  50  50  50  50  50  50  50  50
  50  50  50  50  50  86  86  86  86  86  86  86  86  86  86 266 266 266
 266 266 266 266 302 302 302 302 302 302 302 302 302 302 302 302 302 302
 302 302 302 302 302 302 266 266 266 266 266 266 266 266 266 266 266 266
 266 266 266]
atom N rad-grids = 75, ang-grids = [ 50  50  50  50  50  50  50  50  50  50  50  50  50  50  50  50  50  50
  50  50  50  50  50  86  86  86  86  86  86  86  86  86 266 266 266 266
 266 266 266 302 302 302 302 302 302 302 302 302 302 302 302 302 302 302
 302 302 302 302 266 266 266 266 266 266 266 266 266 266 266 266 266 266
 266 266 266]
atom H rad-grids = 50, ang-grids = [ 50  50  50  50  50  50  50  50  50  50  50  50  50  50  86  86  86  86
 266 266 266 266 302 302 302 302 302 302 302 302 302 302 302 302 302 266
 266 266 266 266 266 266 266 266 266 266 266 266 266 266]
atom Cl rad-grids = 80, ang-grids = [ 50  50  50  50  50  50  50  50  50  50  50  50  50  50  50  50  50  50
  50  50  50  50  50  50  86  86  86  86  86  86  86  86  86  86  86  86
  86 350 350 350 350 350 350 350 350 350 434 434 434 434 434 434 434 434
 434 434 434 434 434 434 434 434 434 434 350 350 350 350 350 350 350 350
 350 350 350 350 350 350 350 350]
tot grids = 196530
Drop grids 33128
    CPU time for setting up grids      4.06 sec, wall time      0.16 sec
nelec by numeric integration = 67.97629012215958
    CPU time for vxc      6.36 sec, wall time      0.23 sec
E1 = -1765.5352141861417  Ecoul = 710.707422080907  Exc = -70.37697640080894
init E= -749.040204773313
cond(S) = 6740.446151912464
    CPU time for initialize scf     17.40 sec, wall time      0.78 sec
  HOMO = -0.30215334665863  LUMO = -0.105516557938193
  mo_energy =
[-1.01597251e+02 -1.44012251e+01 -1.02936066e+01 -1.02931262e+01
 -1.02904935e+01 -1.02890814e+01 -1.02877342e+01 -1.02875756e+01
 -9.53822737e+00 -7.29412803e+00 -7.29290768e+00 -7.29290706e+00
 -1.09622577e+00 -9.37097285e-01 -9.28713104e-01 -8.93643814e-01
 -7.58306074e-01 -7.13016015e-01 -7.02249342e-01 -5.78154009e-01
 -5.31662740e-01 -5.01517885e-01 -4.73949854e-01 -4.73029788e-01
 -4.64781008e-01 -4.61527644e-01 -4.35668304e-01 -4.34686621e-01
 -3.85196484e-01 -3.43907989e-01 -3.42834423e-01 -3.21316337e-01
 -3.03108464e-01 -3.02153347e-01 -1.05516558e-01 -7.15063630e-02
 -3.36973222e-02  4.75428969e-02  7.17958540e-02  7.55873008e-02
  8.54354797e-02  1.08140498e-01  1.21686396e-01  1.23706638e-01
  1.42376369e-01  1.64369072e-01  1.92152939e-01  2.36887629e-01
  2.61893355e-01  2.76345879e-01  3.59773018e-01  3.92953682e-01
  4.00889971e-01  4.15039939e-01  4.15080579e-01  4.27476571e-01
  4.63151914e-01  4.74739014e-01  4.87249821e-01  5.09480233e-01
  5.19034808e-01  5.33103954e-01  5.36977997e-01  5.53293031e-01
  5.55218266e-01  5.56831069e-01  5.66200866e-01  6.09238661e-01
  6.31789171e-01  6.41392391e-01  6.81346359e-01  7.59507807e-01
  7.66059156e-01  7.83572212e-01  7.88438681e-01  7.90359790e-01
  7.94269356e-01  7.99321458e-01  8.27198962e-01  8.41406307e-01
  8.49181455e-01  8.65318534e-01  8.77244077e-01  8.98933339e-01
  9.08988224e-01  9.31633588e-01  9.75677138e-01  1.00885790e+00
  1.04723581e+00  1.08101238e+00  1.12819678e+00  1.15166331e+00
  1.16796805e+00  1.17716280e+00  1.30791904e+00  1.34082153e+00
  1.40247511e+00  1.41311319e+00  1.42057142e+00  1.44682038e+00
  1.45281894e+00  1.46783710e+00  1.62454097e+00  1.62653069e+00
  1.65484497e+00  1.70153695e+00  1.75592160e+00  1.76973271e+00
  1.85586252e+00  1.87708021e+00  1.98709318e+00  2.06741229e+00
  2.08074464e+00  2.09756553e+00  2.11030198e+00  2.12485844e+00
  2.13384099e+00  2.16870263e+00  2.18231994e+00  2.22501781e+00
  2.25474973e+00  2.30675972e+00  2.47596361e+00  2.48852171e+00
  2.60664627e+00  2.61331634e+00  2.62644269e+00  2.65847078e+00
  2.68798208e+00  2.69081378e+00  2.96217895e+00  3.32072853e+00]
nelec by numeric integration = 68.00002786854623
    CPU time for vxc      5.89 sec, wall time      0.21 sec
E1 = -1773.7206014199535  Ecoul = 720.2936658441406  Exc = -70.8184604975348
cycle= 1 E= -748.080832340617  delta_E= 0.959  |g|= 0.379  |ddm|= 3.95
    CPU time for cycle= 1      6.38 sec, wall time      0.23 sec
  HOMO = -0.198311377243408  LUMO = 0.00492039487612236
  mo_energy =
[-1.01354234e+02 -1.42014716e+01 -1.01776005e+01 -1.01758331e+01
 -1.01466801e+01 -1.01402960e+01 -1.00924130e+01 -1.00913069e+01
 -9.31028745e+00 -7.07116106e+00 -7.06124148e+00 -7.06123289e+00
 -8.90719863e-01 -7.73605616e-01 -7.59092410e-01 -7.34208734e-01
 -6.17462687e-01 -6.03760316e-01 -5.94139579e-01 -5.13289146e-01
 -4.48630672e-01 -4.36494218e-01 -4.11811840e-01 -3.99946866e-01
 -3.98143585e-01 -3.83372387e-01 -3.62828493e-01 -3.37817421e-01
 -3.30634376e-01 -2.46286070e-01 -2.40579714e-01 -2.25123003e-01
 -2.24288740e-01 -1.98311377e-01  4.92039488e-03  2.43838313e-02
  8.14441525e-02  1.08308604e-01  1.29682792e-01  1.38264728e-01
  1.59406911e-01  1.65553945e-01  1.80632525e-01  1.83261936e-01
  1.87669678e-01  2.17113418e-01  2.73115424e-01  3.10761693e-01
  3.52176588e-01  3.54037915e-01  4.62885988e-01  4.70003727e-01
  4.87477483e-01  5.15910332e-01  5.16311449e-01  5.22062953e-01
  5.34065096e-01  5.61607257e-01  5.72923017e-01  6.00606071e-01
  6.02622033e-01  6.04795804e-01  6.20303748e-01  6.20340345e-01
  6.27914028e-01  6.30532832e-01  6.66067713e-01  6.79992050e-01
  7.14929942e-01  7.25019052e-01  7.72340305e-01  8.35220291e-01
  8.45170752e-01  8.54467218e-01  8.69354539e-01  8.92415469e-01
  9.14180951e-01  9.24333215e-01  9.29133162e-01  9.51214243e-01
  9.54805409e-01  9.80349121e-01  9.81932356e-01  1.01129987e+00
  1.02231134e+00  1.02478650e+00  1.05962198e+00  1.09827617e+00
  1.11425889e+00  1.14616731e+00  1.18828427e+00  1.24066400e+00
  1.25974827e+00  1.28897576e+00  1.41230055e+00  1.41280454e+00
  1.47750100e+00  1.51031008e+00  1.52702493e+00  1.54432812e+00
  1.56467044e+00  1.56679887e+00  1.74186351e+00  1.74349884e+00
  1.75458946e+00  1.79116043e+00  1.87801346e+00  1.88360018e+00
  1.96042292e+00  1.98089615e+00  2.10617592e+00  2.18823644e+00
  2.18830078e+00  2.21230934e+00  2.21895988e+00  2.23604817e+00
  2.25237163e+00  2.27825994e+00  2.29114427e+00  2.34499748e+00
  2.36596770e+00  2.41765951e+00  2.58777620e+00  2.59718660e+00
  2.71756496e+00  2.74399639e+00  2.74621595e+00  2.78691052e+00
  2.81426454e+00  2.82388114e+00  3.09247227e+00  3.45218109e+00]
nelec by numeric integration = 68.00002697244409
    CPU time for vxc      6.28 sec, wall time      0.22 sec
E1 = -1766.0342022924465  Ecoul = 712.0179571233487  Exc = -70.23192115573872
cycle= 2 E= -748.083602592105  delta_E= -0.00277  |g|= 0.391  |ddm|= 0.973
    CPU time for cycle= 2      6.78 sec, wall time      0.24 sec
  HOMO = -0.262906419578959  LUMO = -0.0400863076540496
  mo_energy =
[-1.01469570e+02 -1.43619637e+01 -1.02147080e+01 -1.02141675e+01
 -1.02039086e+01 -1.02012415e+01 -1.02009231e+01 -1.01954864e+01
 -9.40400517e+00 -7.16681025e+00 -7.15717519e+00 -7.15716533e+00
 -9.55259032e-01 -8.14537256e-01 -8.10035415e-01 -7.77377513e-01
 -6.49238320e-01 -6.39280326e-01 -6.36539670e-01 -5.39777305e-01
 -4.90090977e-01 -4.72943854e-01 -4.42836054e-01 -4.21553977e-01
 -4.19644805e-01 -4.17537871e-01 -4.07464415e-01 -3.75333246e-01
 -3.67107150e-01 -2.96167228e-01 -2.78518958e-01 -2.66695421e-01
 -2.63340089e-01 -2.62906420e-01 -4.00863077e-02 -1.14249625e-02
  5.95855269e-02  8.73378382e-02  1.18242450e-01  1.24627292e-01
  1.40645522e-01  1.47261180e-01  1.56482194e-01  1.74201292e-01
  1.74482925e-01  2.06231253e-01  2.42519845e-01  2.85107698e-01
  3.17534227e-01  3.26747314e-01  4.37756814e-01  4.40914154e-01
  4.54270752e-01  4.88023256e-01  4.88274594e-01  4.88499655e-01
  5.02900114e-01  5.26323413e-01  5.49384750e-01  5.73562070e-01
  5.73668922e-01  5.76976773e-01  5.87317704e-01  5.95183724e-01
  5.95886414e-01  6.02414649e-01  6.24379036e-01  6.49647978e-01
  6.82004573e-01  6.94723291e-01  7.40238147e-01  8.09148173e-01
  8.20357009e-01  8.33559385e-01  8.39267699e-01  8.47268685e-01
  8.85159475e-01  8.88000538e-01  9.04103245e-01  9.16082499e-01
  9.26030924e-01  9.39434809e-01  9.41563362e-01  9.83308937e-01
  9.84499545e-01  9.89190038e-01  1.02086179e+00  1.07279839e+00
  1.08963244e+00  1.11983639e+00  1.16571869e+00  1.20800964e+00
  1.22494320e+00  1.23952996e+00  1.36779734e+00  1.38007482e+00
  1.45499840e+00  1.46780119e+00  1.47617754e+00  1.50374863e+00
  1.51191726e+00  1.52726107e+00  1.70887475e+00  1.71528942e+00
  1.71618162e+00  1.75533003e+00  1.82848736e+00  1.83181872e+00
  1.91699642e+00  1.94222325e+00  2.05981862e+00  2.13814589e+00
  2.14328688e+00  2.16240111e+00  2.17531136e+00  2.18803428e+00
  2.22200048e+00  2.25657566e+00  2.26891804e+00  2.29350838e+00
  2.32206778e+00  2.36893485e+00  2.53902723e+00  2.55428602e+00
  2.67198169e+00  2.69243835e+00  2.69599529e+00  2.73874273e+00
  2.76537686e+00  2.76684469e+00  3.03991010e+00  3.40236224e+00]
nelec by numeric integration = 68.00002664709336
    CPU time for vxc      6.09 sec, wall time      0.22 sec
E1 = -1769.7763629163749  Ecoul = 715.9956409205048  Exc = -70.50565871222423
cycle= 3 E= -748.121816975363  delta_E= -0.0382  |g|= 0.0888  |ddm|= 0.492
    CPU time for cycle= 3      6.61 sec, wall time      0.24 sec
  HOMO = -0.25863106646294  LUMO = -0.0396353282568555
  mo_energy =
[-1.01490848e+02 -1.43262390e+01 -1.02277112e+01 -1.02269051e+01
 -1.02207313e+01 -1.02084426e+01 -1.02079658e+01 -1.02056990e+01
 -9.42174746e+00 -7.18482042e+00 -7.17531480e+00 -7.17530420e+00
 -9.47941871e-01 -8.18534106e-01 -8.14670735e-01 -7.80666609e-01
 -6.54021884e-01 -6.43681446e-01 -6.36240843e-01 -5.42770180e-01
 -4.92035267e-01 -4.75268418e-01 -4.45580686e-01 -4.23012864e-01
 -4.22685003e-01 -4.20026866e-01 -4.06994415e-01 -3.81783789e-01
 -3.68912666e-01 -2.94854777e-01 -2.81967486e-01 -2.70885255e-01
 -2.70221526e-01 -2.58631066e-01 -3.96353283e-02 -1.41820280e-02
  5.59796070e-02  8.51075054e-02  1.16993738e-01  1.23379986e-01
  1.39539357e-01  1.46513687e-01  1.55235263e-01  1.73602862e-01
  1.73863170e-01  2.05508049e-01  2.42448086e-01  2.82946531e-01
  3.18440063e-01  3.24829505e-01  4.30892963e-01  4.39917570e-01
  4.52359318e-01  4.82940384e-01  4.83269015e-01  4.86032745e-01
  5.00213598e-01  5.26082065e-01  5.46793695e-01  5.70484594e-01
  5.70956747e-01  5.74580585e-01  5.85936914e-01  5.92164803e-01
  5.92223209e-01  5.98206879e-01  6.27202032e-01  6.47149888e-01
  6.79418703e-01  6.92515237e-01  7.40217284e-01  8.06715636e-01
  8.15962979e-01  8.30870473e-01  8.37044279e-01  8.54545060e-01
  8.79970534e-01  8.83060955e-01  9.00333085e-01  9.12561210e-01
  9.20457438e-01  9.32677185e-01  9.36145470e-01  9.78253080e-01
  9.79587409e-01  9.85202483e-01  1.02382797e+00  1.07019628e+00
  1.08727635e+00  1.11952500e+00  1.16332292e+00  1.20781661e+00
  1.22276274e+00  1.23757929e+00  1.36531034e+00  1.38205118e+00
  1.45524409e+00  1.46274227e+00  1.47374077e+00  1.50247538e+00
  1.51558486e+00  1.53091969e+00  1.71033090e+00  1.71137076e+00
  1.71261650e+00  1.75592417e+00  1.82548062e+00  1.83353310e+00
  1.91529125e+00  1.93918912e+00  2.05595656e+00  2.13664461e+00
  2.14088743e+00  2.16052361e+00  2.17245987e+00  2.18779746e+00
  2.21799055e+00  2.25374930e+00  2.26614309e+00  2.29266467e+00
  2.31855801e+00  2.37005550e+00  2.53913419e+00  2.55114283e+00
  2.67032595e+00  2.69137364e+00  2.69500251e+00  2.73538715e+00
  2.76338410e+00  2.76667609e+00  3.04026190e+00  3.40014888e+00]
nelec by numeric integration = 68.00002665584697
    CPU time for vxc      5.93 sec, wall time      0.21 sec
E1 = -1769.8934037737336  Ecoul = 716.1209874153457  Exc = -70.51525477193867
cycle= 4 E= -748.123107397595  delta_E= -0.00129  |g|= 0.0441  |ddm|= 0.107
    CPU time for cycle= 4      6.48 sec, wall time      0.23 sec
  HOMO = -0.263009324925822  LUMO = -0.0388419593803284
  mo_energy =
[-1.01487533e+02 -1.43375750e+01 -1.02270237e+01 -1.02266603e+01
 -1.02128871e+01 -1.02076566e+01 -1.02014891e+01 -1.02013608e+01
 -9.41950490e+00 -7.18241767e+00 -7.17299986e+00 -7.17298914e+00
 -9.49273272e-01 -8.17983064e-01 -8.11941630e-01 -7.78690431e-01
 -6.54954262e-01 -6.42076707e-01 -6.35641252e-01 -5.41155336e-01
 -4.90392245e-01 -4.73768489e-01 -4.44126608e-01 -4.24614838e-01
 -4.21773325e-01 -4.20532400e-01 -4.06609808e-01 -3.81963086e-01
 -3.67502960e-01 -2.93784628e-01 -2.79834339e-01 -2.70946030e-01
 -2.70262361e-01 -2.63009325e-01 -3.88419594e-02 -1.24074420e-02
  5.56061571e-02  8.63238570e-02  1.16964400e-01  1.22991897e-01
  1.40763317e-01  1.46425471e-01  1.56176340e-01  1.72318591e-01
  1.74023054e-01  2.04896692e-01  2.43117742e-01  2.84890221e-01
  3.18803310e-01  3.26234701e-01  4.30788145e-01  4.39989318e-01
  4.53295806e-01  4.82752472e-01  4.83070716e-01  4.86245655e-01
  5.02232253e-01  5.26581286e-01  5.46142333e-01  5.71710858e-01
  5.72728442e-01  5.75054054e-01  5.87232385e-01  5.93978243e-01
  5.95105970e-01  6.01055285e-01  6.25496622e-01  6.48624951e-01
  6.81970003e-01  6.92291167e-01  7.38632948e-01  8.08630098e-01
  8.19414099e-01  8.31342143e-01  8.37897317e-01  8.51243731e-01
  8.79757343e-01  8.82432923e-01  9.00816036e-01  9.14518872e-01
  9.20628628e-01  9.32380169e-01  9.36745400e-01  9.77556717e-01
  9.80636204e-01  9.85096098e-01  1.02246062e+00  1.07006917e+00
  1.08819520e+00  1.12016006e+00  1.16551866e+00  1.20847815e+00
  1.22157483e+00  1.23940970e+00  1.36772320e+00  1.38216038e+00
  1.45544123e+00  1.46578230e+00  1.47669217e+00  1.50290911e+00
  1.51466908e+00  1.52766748e+00  1.70969194e+00  1.71002319e+00
  1.71146886e+00  1.75631271e+00  1.82811780e+00  1.83377970e+00
  1.91794448e+00  1.94122039e+00  2.05865946e+00  2.13842399e+00
  2.14292440e+00  2.16310185e+00  2.17400391e+00  2.18866191e+00
  2.21667471e+00  2.25194991e+00  2.26443507e+00  2.29409376e+00
  2.32062890e+00  2.37000758e+00  2.54026190e+00  2.55341535e+00
  2.67204175e+00  2.69266505e+00  2.69560842e+00  2.73717115e+00
  2.76466829e+00  2.76810316e+00  3.04025195e+00  3.40153343e+00]
nelec by numeric integration = 68.00002676850512
    CPU time for vxc      6.00 sec, wall time      0.21 sec
E1 = -1769.869181968561  Ecoul = 716.0949326198879  Exc = -70.51387384514422
cycle= 5 E= -748.123559461086  delta_E= -0.000452  |g|= 0.0101  |ddm|= 0.0509
    CPU time for cycle= 5      6.52 sec, wall time      0.23 sec
  HOMO = -0.261697099786269  LUMO = -0.0383345965953074
  mo_energy =
[-1.01484018e+02 -1.43356387e+01 -1.02234785e+01 -1.02231813e+01
 -1.02140687e+01 -1.02049376e+01 -1.02026766e+01 -1.02025128e+01
 -9.41680315e+00 -7.17962173e+00 -7.17022430e+00 -7.17021347e+00
 -9.47806395e-01 -8.16958190e-01 -8.11950075e-01 -7.77843963e-01
 -6.53860001e-01 -6.41542033e-01 -6.34980310e-01 -5.40768434e-01
 -4.89863058e-01 -4.73663215e-01 -4.43520175e-01 -4.23653730e-01
 -4.21000226e-01 -4.20328769e-01 -4.05810864e-01 -3.80843755e-01
 -3.67270555e-01 -2.93569224e-01 -2.79194159e-01 -2.69944219e-01
 -2.69275732e-01 -2.61697100e-01 -3.83345966e-02 -1.18264971e-02
  5.65963247e-02  8.64300228e-02  1.17447356e-01  1.23456034e-01
  1.41245509e-01  1.46715358e-01  1.56261367e-01  1.72986039e-01
  1.74194186e-01  2.05518938e-01  2.43659865e-01  2.84917017e-01
  3.19433234e-01  3.26456212e-01  4.31627569e-01  4.40509778e-01
  4.53895602e-01  4.83464909e-01  4.83785073e-01  4.86921334e-01
  5.02666308e-01  5.27086478e-01  5.46839114e-01  5.72201148e-01
  5.73213654e-01  5.75630018e-01  5.88084755e-01  5.94345481e-01
  5.94703291e-01  6.00982879e-01  6.26425722e-01  6.49130747e-01
  6.81778583e-01  6.93429388e-01  7.39811237e-01  8.08741692e-01
  8.18871101e-01  8.32153921e-01  8.38409420e-01  8.52390321e-01
  8.80773895e-01  8.83545472e-01  9.01335491e-01  9.14689010e-01
  9.21470360e-01  9.33505550e-01  9.37477129e-01  9.78705859e-01
  9.81294864e-01  9.85869860e-01  1.02337083e+00  1.07080232e+00
  1.08869040e+00  1.12067078e+00  1.16544526e+00  1.20883854e+00
  1.22249748e+00  1.23994979e+00  1.36805510e+00  1.38248456e+00
  1.45600289e+00  1.46609744e+00  1.47663691e+00  1.50420044e+00
  1.51563296e+00  1.52868454e+00  1.71095320e+00  1.71098785e+00
  1.71253804e+00  1.75705593e+00  1.82839586e+00  1.83436036e+00
  1.91783555e+00  1.94182216e+00  2.05916906e+00  2.13898857e+00
  2.14350446e+00  2.16312323e+00  2.17490601e+00  2.18942613e+00
  2.21798726e+00  2.25311079e+00  2.26558668e+00  2.29438866e+00
  2.32131045e+00  2.37101497e+00  2.54078238e+00  2.55396320e+00
  2.67254313e+00  2.69320001e+00  2.69642176e+00  2.73793464e+00
  2.76549766e+00  2.76843181e+00  3.04124515e+00  3.40216939e+00]
nelec by numeric integration = 68.00002670209851
    CPU time for vxc      6.18 sec, wall time      0.22 sec
E1 = -1769.7997390950898  Ecoul = 716.0209906852068  Exc = -70.50939915262128
cycle= 6 E= -748.123583829773  delta_E= -2.44e-05  |g|= 0.00443  |ddm|= 0.015
    CPU time for cycle= 6      6.76 sec, wall time      0.24 sec
  HOMO = -0.261902311839722  LUMO = -0.0383567412485948
  mo_energy =
[-1.01484084e+02 -1.43358974e+01 -1.02246695e+01 -1.02242997e+01
 -1.02132807e+01 -1.02051194e+01 -1.02023645e+01 -1.02021781e+01
 -9.41690070e+00 -7.17971304e+00 -7.17031870e+00 -7.17030785e+00
 -9.48281358e-01 -8.17102068e-01 -8.11871365e-01 -7.78098865e-01
 -6.53919099e-01 -6.41598943e-01 -6.35090155e-01 -5.40816323e-01
 -4.89969633e-01 -4.73635895e-01 -4.43717569e-01 -4.23788888e-01
 -4.21049419e-01 -4.20307079e-01 -4.06017342e-01 -3.80959575e-01
 -3.67287679e-01 -2.93537006e-01 -2.79402000e-01 -2.70064441e-01
 -2.69394075e-01 -2.61902312e-01 -3.83567412e-02 -1.19830527e-02
  5.64865057e-02  8.64872186e-02  1.17374276e-01  1.23407489e-01
  1.41189728e-01  1.46702026e-01  1.56327535e-01  1.72880436e-01
  1.74213971e-01  2.05409195e-01  2.43542178e-01  2.84995818e-01
  3.19295770e-01  3.26464701e-01  4.31588913e-01  4.40438844e-01
  4.53746887e-01  4.83357642e-01  4.83676621e-01  4.86735504e-01
  5.02563300e-01  5.27016361e-01  5.46751869e-01  5.72151019e-01
  5.73078970e-01  5.75532924e-01  5.87816764e-01  5.94319480e-01
  5.94877342e-01  6.01064446e-01  6.26270541e-01  6.48998696e-01
  6.81908385e-01  6.93180951e-01  7.39618130e-01  8.08733600e-01
  8.19127957e-01  8.31963599e-01  8.38326656e-01  8.52209895e-01
  8.80657584e-01  8.83408393e-01  9.01339738e-01  9.14756066e-01
  9.21387313e-01  9.33374983e-01  9.37412821e-01  9.78584486e-01
  9.81248421e-01  9.85786045e-01  1.02320833e+00  1.07071391e+00
  1.08860054e+00  1.12057271e+00  1.16550796e+00  1.20878943e+00
  1.22237926e+00  1.23983473e+00  1.36797181e+00  1.38246430e+00
  1.45589311e+00  1.46604420e+00  1.47669987e+00  1.50380289e+00
  1.51540475e+00  1.52858020e+00  1.71079336e+00  1.71084024e+00
  1.71238361e+00  1.75688163e+00  1.82835968e+00  1.83428134e+00
  1.91791670e+00  1.94162559e+00  2.05902943e+00  2.13885874e+00
  2.14332376e+00  2.16318740e+00  2.17465651e+00  2.18927929e+00
  2.21783125e+00  2.25297936e+00  2.26545158e+00  2.29442464e+00
  2.32111331e+00  2.37075467e+00  2.54068875e+00  2.55380619e+00
  2.67243795e+00  2.69313558e+00  2.69627183e+00  2.73775779e+00
  2.76528023e+00  2.76844733e+00  3.04104273e+00  3.40208096e+00]
nelec by numeric integration = 68.00002671580683
    CPU time for vxc      6.39 sec, wall time      0.23 sec
E1 = -1769.8121844614118  Ecoul = 716.0338269951999  Exc = -70.50979534597198
cycle= 7 E= -748.123589079453  delta_E= -5.25e-06  |g|= 0.000618  |ddm|= 0.00441
    CPU time for cycle= 7      6.94 sec, wall time      0.25 sec
  HOMO = -0.261890275954711  LUMO = -0.0383581081658681
  mo_energy =
[-1.01484377e+02 -1.43359143e+01 -1.02245867e+01 -1.02242561e+01
 -1.02134710e+01 -1.02053061e+01 -1.02022317e+01 -1.02020737e+01
 -9.41712907e+00 -7.17995026e+00 -7.17055227e+00 -7.17054143e+00
 -9.48261772e-01 -8.17189283e-01 -8.11892274e-01 -7.78050624e-01
 -6.53975304e-01 -6.41591871e-01 -6.35074633e-01 -5.40810832e-01
 -4.89951291e-01 -4.73609659e-01 -4.43682214e-01 -4.23827340e-01
 -4.21089178e-01 -4.20336131e-01 -4.06004779e-01 -3.81045262e-01
 -3.67277581e-01 -2.93549264e-01 -2.79358727e-01 -2.70152637e-01
 -2.69480560e-01 -2.61890276e-01 -3.83581082e-02 -1.19496170e-02
  5.64267265e-02  8.64686376e-02  1.17383208e-01  1.23408093e-01
  1.41206880e-01  1.46704353e-01  1.56322013e-01  1.72860706e-01
  1.74215949e-01  2.05410743e-01  2.43546977e-01  2.84996666e-01
  3.19316007e-01  3.26476654e-01  4.31509498e-01  4.40447228e-01
  4.53756274e-01  4.83295040e-01  4.83613604e-01  4.86703780e-01
  5.02579827e-01  5.27022595e-01  5.46713404e-01  5.72141252e-01
  5.73113583e-01  5.75534992e-01  5.87826508e-01  5.94301755e-01
  5.94874860e-01  6.01063216e-01  6.26268272e-01  6.49030002e-01
  6.81910796e-01  6.93201631e-01  7.39614269e-01  8.08764557e-01
  8.19108294e-01  8.31992077e-01  8.38343115e-01  8.52209059e-01
  8.80588255e-01  8.83332239e-01  9.01312799e-01  9.14737555e-01
  9.21338167e-01  9.33288818e-01  9.37365992e-01  9.78506668e-01
  9.81210731e-01  9.85752863e-01  1.02322140e+00  1.07067994e+00
  1.08861209e+00  1.12057430e+00  1.16551522e+00  1.20880401e+00
  1.22232815e+00  1.23985268e+00  1.36798825e+00  1.38246511e+00
  1.45590816e+00  1.46606168e+00  1.47671128e+00  1.50383897e+00
  1.51541704e+00  1.52857835e+00  1.71076556e+00  1.71078551e+00
  1.71234021e+00  1.75689339e+00  1.82837077e+00  1.83429056e+00
  1.91791422e+00  1.94166441e+00  2.05904799e+00  2.13887453e+00
  2.14335600e+00  2.16318454e+00  2.17469678e+00  2.18928435e+00
  2.21775896e+00  2.25291985e+00  2.26539468e+00  2.29441917e+00
  2.32115569e+00  2.37077606e+00  2.54069209e+00  2.55383635e+00
  2.67245098e+00  2.69315138e+00  2.69629459e+00  2.73779448e+00
  2.76531324e+00  2.76844646e+00  3.04106550e+00  3.40210230e+00]
nelec by numeric integration = 68.0000267219256
    CPU time for vxc      6.09 sec, wall time      0.22 sec
E1 = -1769.814352912643  Ecoul = 716.0361906432196  Exc = -70.50999063713512
cycle= 8 E= -748.123589173827  delta_E= -9.44e-08  |g|= 0.000198  |ddm|= 0.00077
    CPU time for cycle= 8      6.60 sec, wall time      0.24 sec
  HOMO = -0.261889144518789  LUMO = -0.0383490087724546
  mo_energy =
[-1.01484391e+02 -1.43359101e+01 -1.02245814e+01 -1.02242285e+01
 -1.02134065e+01 -1.02052992e+01 -1.02022724e+01 -1.02020949e+01
 -9.41713373e+00 -7.17995724e+00 -7.17055725e+00 -7.17054642e+00
 -9.48257030e-01 -8.17182871e-01 -8.11883904e-01 -7.78052375e-01
 -6.53972178e-01 -6.41587271e-01 -6.35073675e-01 -5.40804213e-01
 -4.89947992e-01 -4.73616617e-01 -4.43684886e-01 -4.23822576e-01
 -4.21082373e-01 -4.20325561e-01 -4.06001092e-01 -3.81044005e-01
 -3.67277290e-01 -2.93540403e-01 -2.79361163e-01 -2.70150515e-01
 -2.69478204e-01 -2.61889145e-01 -3.83490088e-02 -1.19518638e-02
  5.64291570e-02  8.64703791e-02  1.17382721e-01  1.23408748e-01
  1.41209307e-01  1.46703021e-01  1.56326563e-01  1.72864304e-01
  1.74218011e-01  2.05411252e-01  2.43550464e-01  2.85001374e-01
  3.19317444e-01  3.26476966e-01  4.31504077e-01  4.40448888e-01
  4.53757356e-01  4.83296751e-01  4.83615335e-01  4.86707052e-01
  5.02583021e-01  5.27025356e-01  5.46717298e-01  5.72144146e-01
  5.73111058e-01  5.75534931e-01  5.87833437e-01  5.94313036e-01
  5.94877978e-01  6.01068295e-01  6.26270123e-01  6.49028167e-01
  6.81913009e-01  6.93202901e-01  7.39617980e-01  8.08758371e-01
  8.19117659e-01  8.31990882e-01  8.38343928e-01  8.52212070e-01
  8.80592239e-01  8.83335780e-01  9.01316034e-01  9.14741205e-01
  9.21341845e-01  9.33292267e-01  9.37368515e-01  9.78507627e-01
  9.81213776e-01  9.85755369e-01  1.02322231e+00  1.07068272e+00
  1.08861071e+00  1.12057730e+00  1.16551609e+00  1.20880310e+00
  1.22233026e+00  1.23985606e+00  1.36799193e+00  1.38246918e+00
  1.45590875e+00  1.46606700e+00  1.47671213e+00  1.50384162e+00
  1.51542202e+00  1.52858086e+00  1.71077205e+00  1.71078833e+00
  1.71234505e+00  1.75689723e+00  1.82837539e+00  1.83429580e+00
  1.91791911e+00  1.94166202e+00  2.05905360e+00  2.13887861e+00
  2.14335626e+00  2.16319138e+00  2.17469654e+00  2.18929208e+00
  2.21776540e+00  2.25292569e+00  2.26540027e+00  2.29442724e+00
  2.32115362e+00  2.37077928e+00  2.54069905e+00  2.55383781e+00
  2.67245551e+00  2.69315505e+00  2.69629663e+00  2.73779390e+00
  2.76531461e+00  2.76845448e+00  3.04106907e+00  3.40210538e+00]
nelec by numeric integration = 68.00002672147119
    CPU time for vxc      5.90 sec, wall time      0.21 sec
E1 = -1769.8140614468457  Ecoul = 716.035885478698  Exc = -70.50997694700104
cycle= 9 E= -748.123589182417  delta_E= -8.59e-09  |g|= 5.51e-05  |ddm|= 0.000184
    CPU time for cycle= 9      6.42 sec, wall time      0.23 sec
  HOMO = -0.26189557251328  LUMO = -0.0383544742862304
  mo_energy =
[-1.01484358e+02 -1.43359198e+01 -1.02245817e+01 -1.02242434e+01
 -1.02134207e+01 -1.02052855e+01 -1.02022689e+01 -1.02021056e+01
 -9.41710549e+00 -7.17992866e+00 -7.17052847e+00 -7.17051763e+00
 -9.48263370e-01 -8.17173247e-01 -8.11887665e-01 -7.78056808e-01
 -6.53967878e-01 -6.41590552e-01 -6.35078674e-01 -5.40808282e-01
 -4.89953647e-01 -4.73619312e-01 -4.43688236e-01 -4.23821215e-01
 -4.21081802e-01 -4.20327857e-01 -4.06005292e-01 -3.81034980e-01
 -3.67281556e-01 -2.93545591e-01 -2.79365117e-01 -2.70138377e-01
 -2.69466534e-01 -2.61895573e-01 -3.83544743e-02 -1.19560431e-02
  5.64350903e-02  8.64704132e-02  1.17381495e-01  1.23407563e-01
  1.41204619e-01  1.46702012e-01  1.56324261e-01  1.72864190e-01
  1.74215183e-01  2.05410788e-01  2.43547043e-01  2.84997596e-01
  3.19312956e-01  3.26473645e-01  4.31515013e-01  4.40445947e-01
  4.53756326e-01  4.83305352e-01  4.83624008e-01  4.86710692e-01
  5.02579289e-01  5.27021535e-01  5.46719801e-01  5.72143101e-01
  5.73107881e-01  5.75533605e-01  5.87829391e-01  5.94309340e-01
  5.94874523e-01  6.01064436e-01  6.26267029e-01  6.49024833e-01
  6.81909515e-01  6.93199999e-01  7.39615594e-01  8.08755639e-01
  8.19113760e-01  8.31988065e-01  8.38340691e-01  8.52208075e-01
  8.80599744e-01  8.83344659e-01  9.01316524e-01  9.14740470e-01
  9.21346605e-01  9.33303258e-01  9.37373577e-01  9.78516529e-01
  9.81216586e-01  9.85757709e-01  1.02321840e+00  1.07068477e+00
  1.08860931e+00  1.12057421e+00  1.16551345e+00  1.20880017e+00
  1.22233487e+00  1.23985049e+00  1.36798694e+00  1.38246496e+00
  1.45590522e+00  1.46606200e+00  1.47670689e+00  1.50383671e+00
  1.51541582e+00  1.52857698e+00  1.71077699e+00  1.71078620e+00
  1.71234645e+00  1.75689298e+00  1.82837034e+00  1.83429015e+00
  1.91791460e+00  1.94165808e+00  2.05904848e+00  2.13887346e+00
  2.14335164e+00  2.16318561e+00  2.17469194e+00  2.18928614e+00
  2.21777051e+00  2.25292864e+00  2.26540308e+00  2.29442092e+00
  2.32114919e+00  2.37077367e+00  2.54069326e+00  2.55383320e+00
  2.67245034e+00  2.69314921e+00  2.69629097e+00  2.73778889e+00
  2.76530951e+00  2.76844812e+00  3.04106320e+00  3.40209981e+00]
nelec by numeric integration = 68.00002672127826
    CPU time for vxc      5.88 sec, wall time      0.21 sec
E1 = -1769.8139023959254  Ecoul = 716.0357129285838  Exc = -70.50996344859718
cycle= 10 E= -748.123589183208  delta_E= -7.9e-10  |g|= 2.15e-05  |ddm|= 9.39e-05
    CPU time for cycle= 10      6.39 sec, wall time      0.23 sec
  HOMO = -0.261896445630699  LUMO = -0.038353273277148
  mo_energy =
[-1.01484371e+02 -1.43359237e+01 -1.02245861e+01 -1.02242284e+01
 -1.02134156e+01 -1.02052870e+01 -1.02022775e+01 -1.02020953e+01
 -9.41711686e+00 -7.17994021e+00 -7.17054005e+00 -7.17052922e+00
 -9.48262315e-01 -8.17177351e-01 -8.11886978e-01 -7.78055000e-01
 -6.53969068e-01 -6.41589231e-01 -6.35077334e-01 -5.40806629e-01
 -4.89952032e-01 -4.73618310e-01 -4.43686658e-01 -4.23821716e-01
 -4.21081919e-01 -4.20327558e-01 -4.06004231e-01 -3.81037978e-01
 -3.67280110e-01 -2.93544683e-01 -2.79363408e-01 -2.70142813e-01
 -2.69470794e-01 -2.61896446e-01 -3.83532733e-02 -1.19544748e-02
  5.64331132e-02  8.64702290e-02  1.17381761e-01  1.23408052e-01
  1.41205968e-01  1.46702003e-01  1.56324952e-01  1.72864114e-01
  1.74217217e-01  2.05410249e-01  2.43547856e-01  2.84998751e-01
  3.19314025e-01  3.26474545e-01  4.31512323e-01  4.40447070e-01
  4.53756018e-01  4.83302196e-01  4.83620822e-01  4.86708496e-01
  5.02580659e-01  5.27022403e-01  5.46718723e-01  5.72143516e-01
  5.73109266e-01  5.75534041e-01  5.87831008e-01  5.94310916e-01
  5.94875639e-01  6.01065968e-01  6.26266881e-01  6.49026178e-01
  6.81910451e-01  6.93201184e-01  7.39616091e-01  8.08756862e-01
  8.19114760e-01  8.31989409e-01  8.38342127e-01  8.52207763e-01
  8.80597126e-01  8.83341240e-01  9.01316381e-01  9.14740622e-01
  9.21344990e-01  9.33299192e-01  9.37371404e-01  9.78513055e-01
  9.81216000e-01  9.85756874e-01  1.02321881e+00  1.07068413e+00
  1.08860976e+00  1.12057527e+00  1.16551411e+00  1.20880053e+00
  1.22233250e+00  1.23985219e+00  1.36798861e+00  1.38246545e+00
  1.45590626e+00  1.46606398e+00  1.47670827e+00  1.50383889e+00
  1.51541660e+00  1.52857671e+00  1.71077560e+00  1.71078639e+00
  1.71234594e+00  1.75689424e+00  1.82837196e+00  1.83429102e+00
  1.91791572e+00  1.94165978e+00  2.05905053e+00  2.13887498e+00
  2.14335329e+00  2.16318700e+00  2.17469372e+00  2.18928804e+00
  2.21776859e+00  2.25292803e+00  2.26540245e+00  2.29442225e+00
  2.32115099e+00  2.37077503e+00  2.54069454e+00  2.55383505e+00
  2.67245193e+00  2.69315056e+00  2.69629250e+00  2.73779077e+00
  2.76531118e+00  2.76844940e+00  3.04106464e+00  3.40210144e+00]
nelec by numeric integration = 68.00002672116857
    CPU time for vxc      5.91 sec, wall time      0.21 sec
E1 = -1769.8140015275894  Ecoul = 716.035819738636  Exc = -70.50997112675029
Extra cycle  E= -748.123589182973  delta_E= 2.35e-10  |g|= 3.59e-05  |ddm|= 5.78e-05
    CPU time for scf_cycle     89.67 sec, wall time      3.36 sec
    CPU time for SCF     89.68 sec, wall time      3.36 sec
converged SCF energy = -748.123589182973
Converting <class 'pyscf.dft.rks.RKS'> to RHF


******** <class 'pyscf.tdscf.rks.TDA'> for <class 'pyscf.dft.rks.RKS'> ********
nstates = 5 singlet
wfnsym = None
conv_tol = 1e-09
eigh lindep = 1e-12
eigh level_shift = 0
eigh max_space = 8
eigh max_cycle = 2000
chkfile = /scratch/global/yangjunjie/tmp1b1nat1i
max_memory 127949 MB (current use 599 MB)


davidson 0 5  |r|= 0.192  e= [0.17977737 0.20065727 0.21215624 0.21421079 0.27622342]  max|de|= 0.276  lindep=    1
davidson 1 10  |r|= 0.053  e= [0.17674443 0.19965195 0.21200891 0.21211803 0.21934527]  max|de|= -0.0569  lindep= 0.738
Old state -> New state
    3     ->     2 
    2     ->     3 
davidson 2 15  |r|= 0.0192  e= [0.17660854 0.19960617 0.21189678 0.2120081  0.21326252]  max|de|= -0.00608  lindep= 0.778
davidson 3 20  |r|= 0.00515  e= [0.17660506 0.19960326 0.21181797 0.21200804 0.21278918]  max|de|= -0.000473  lindep= 0.766
davidson 4 5  |r|= 0.00515  e= [0.17660506 0.19960326 0.21181797 0.21200804 0.21278918]  max|de|= 3.33e-16  lindep=    1
davidson 5 10  |r|= 0.00165  e= [0.17660496 0.19960309 0.21181187 0.21200804 0.2127607 ]  max|de|= -2.85e-05  lindep= 0.713
root 3 converged  |r|= 9.29e-06  e= 0.2120080345211193  max|de|= -9.64e-10
davidson 6 15  |r|= 0.00105  e= [0.17660496 0.19960308 0.2118101  0.21200803 0.21275137]  max|de|= -9.33e-06  lindep= 0.711
root 0 converged  |r|= 2.43e-06  e= 0.17660495720585187  max|de|= -1.55e-10
davidson 7 19  |r|= 0.000425  e= [0.17660496 0.19960308 0.21180966 0.21200803 0.212749  ]  max|de|= -2.37e-06  lindep= 0.748
root 1 converged  |r|= 6.23e-06  e= 0.19960307772230398  max|de|= 5.55e-17
davidson 8 5  |r|= 0.000425  e= [0.17660496 0.19960308 0.21180966 0.21200803 0.212749  ]  max|de|= 3.33e-16  lindep= 0.96
davidson 9 7  |r|= 0.000163  e= [0.17660496 0.19960308 0.21180963 0.21200803 0.21274883]  max|de|= -1.74e-07  lindep= 0.94
davidson 10 9  |r|= 8.09e-05  e= [0.17660496 0.19960308 0.21180961 0.21200803 0.21274876]  max|de|= -7.09e-08  lindep= 0.775
davidson 11 11  |r|= 3.74e-05  e= [0.17660496 0.19960308 0.21180961 0.21200803 0.21274875]  max|de|= -9.47e-09  lindep= 0.797
root 2 converged  |r|= 7.64e-06  e= 0.21180960871551197  max|de|= -4.9e-10
davidson 12 13  |r|= 2.25e-05  e= [0.17660496 0.19960308 0.21180961 0.21200803 0.21274874]  max|de|= -2.8e-09  lindep= 0.762
root 4 converged  |r|= 8.15e-06  e= 0.21274874387508869  max|de|= -7.46e-10
converged 13 14  |r|= 8.15e-06  e= [0.17660496 0.19960308 0.21180961 0.21200803 0.21274874]  max|de|= -7.46e-10
    CPU time for TDA    158.42 sec, wall time      5.83 sec
Excited State energies (eV)
[4.80566566 5.4314764  5.76363302 5.76903246 5.78918819]
