 
:: initializing oneAPI environment ...
   slurm_script: BASH_VERSION = 4.2.46(1)-release
   args: Using "$@" for setvars.sh arguments: --force
:: advisor -- latest
:: ccl -- latest
:: clck -- latest
:: compiler -- latest
:: dal -- latest
:: debugger -- latest
:: dev-utilities -- latest
:: dnnl -- latest
:: dpcpp-ct -- latest
:: dpl -- latest
:: inspector -- latest
:: intelpython -- latest
:: ipp -- latest
:: ippcp -- latest
:: ipp -- latest
:: itac -- latest
:: mkl -- latest
:: mpi -- latest
:: tbb -- latest
:: vpl -- latest
:: vtune -- latest
:: oneAPI environment initialized ::
 
SLURM_CPUS_PER_TASK = 28
SLURM_MEM_PER_NODE = 514992
#INFO: **** input file is /home/yangjunjie/work/py-ch3-cl/work/scan-28/main.py ****
import sys
import pyscf
from pyscf import tdscf

def main(xyz_file, basis="631g*", xc="b3lyp", output="ene.out"):
    xyz = None

    with open(xyz_file, "r") as xyz:
        xyz = xyz.readlines()[2:]
        xyz = "".join(xyz)

    mol = pyscf.gto.Mole()
    mol.atom = xyz
    mol.basis = basis
    mol.verbose = 5
    mol.build()

    if xc is not None and xc != "hf":
        mf = pyscf.scf.RKS(mol)
        mf.xc = xc
        mf.grids.level = 9
        mf.kernel()
    else:
        mf = pyscf.scf.RHF(mol)
        mf.kernel()

    ene_mf = mf.e_tot

    with open(output, "w") as f:
        tda = pyscf.tdscf.TDA(mf)
        tda.nstates = 5
        tda.max_space = 8
        tda.max_cycle = 2000
        tda.kernel()

        con_tda = tda.converged
        ene_tda = tda.e[:5]
        dip_tda = tda.transition_dipole()[:5]

        f.write(f"RKS energy: {ene_mf: 12.8f}\n")
        f.write("TDA results:\n")
        for i, (con, ene, dip) in enumerate(zip(con_tda, ene_tda, dip_tda)):
            f.write(f" {i:2d} {con} {ene: 12.8f} {dip[0]: 12.8f} {dip[1]: 12.8f} {dip[2]: 12.8f}\n")

        # rpa = pyscf.tdscf.RPA(mf)
        # rpa.nstates = 5
        # rpa.max_space = 8
        # rpa.max_cycle = 2000
        # rpa.kernel()

        # con_rpa = rpa.converged
        # ene_rpa = rpa.e[:5]
        # dip_rpa = rpa.transition_dipole()[:5]
        
        # f.write("\nRPA results:\n")
        # for i, (con, ene, dip) in enumerate(zip(con_rpa, ene_rpa, dip_rpa)):
        #     f.write(f" {i:2d} {con} {ene: 12.8f} {dip[0]: 12.8f} {dip[1]: 12.8f} {dip[2]: 12.8f}\n")

if __name__ == "__main__":
    xyz = sys.argv[1]
    main(xyz, basis="6-311g**", xc=None, output="out.log")
#INFO: ******************** input file end ********************


System: uname_result(system='Linux', node='pauling028', release='3.10.0-327.36.3.el7.x86_64', version='#1 SMP Thu Oct 20 04:56:07 EDT 2016', machine='x86_64')  Threads 28
Python 3.9.7 (default, Oct 27 2021, 01:23:21) 
[GCC 9.3.0]
numpy 1.21.2  scipy 1.6.2
Date: Tue Oct  4 15:30:52 2022
PySCF version 2.0.1
PySCF path  /home/yangjunjie/packages/pyscf/pyscf-main
GIT ORIG_HEAD 14b880cdc4bf7bb64f3989a147c0b04622efc498
GIT HEAD (branch master) 9d5b5bd309d1cc55fbd1a0ec76e26b5b0c7f76af

[ENV] PYSCF_MAX_MEMORY 514992
[ENV] PYSCF_TMPDIR /scratch/global/yangjunjie/
[CONFIG] conf_file /home/yangjunjie/.pyscf_conf.py
[INPUT] verbose = 5
[INPUT] max_memory = 514992 
[INPUT] num. atoms = 16
[INPUT] num. electrons = 68
[INPUT] charge = 0
[INPUT] spin (= nelec alpha-beta = 2S) = 0
[INPUT] symmetry False subgroup None
[INPUT] Mole.unit = angstrom
[INPUT]  1 C      0.000000270000   1.156272980000   1.020872140000 AA    0.000000510226   2.185039257435   1.929168752799 Bohr
[INPUT]  2 C      0.000000530000   1.185394410000   2.399530150000 AA    0.000001001555   2.240070784490   4.534454811137 Bohr
[INPUT]  3 C      0.000000190000  -0.017086570000   3.083150930000 AA    0.000000359048  -0.032288937708   5.826310858398 Bohr
[INPUT]  4 C     -0.000000550000  -1.203968580000   2.368883790000 AA   -0.000001039349  -2.275170878782   4.476541584022 Bohr
[INPUT]  5 C     -0.000000800000  -1.139869650000   0.993606400000 AA   -0.000001511781  -2.154041456204   1.877643971615 Bohr
[INPUT]  6 N     -0.000000420000   0.017349350000   0.348487560000 AA   -0.000000793685   0.032785519939   0.658546046218 Bohr
[INPUT]  7 C      0.000000000000   0.009388280000  -1.435581960000 AA    0.000000000000   0.017741277981  -2.712856733766 Bohr
[INPUT]  8 H      0.000000540000   2.058190280000   0.437888040000 AA    0.000001020452   3.889415941442   0.827488468823 Bohr
[INPUT]  9 H      0.000001100000   2.126098200000   2.915215800000 AA    0.000002078699   4.017743311931   5.508959456005 Bohr
[INPUT] 10 H      0.000000550000  -0.030650770000   4.157735100000 AA    0.000001039349  -0.057921560807   7.856980637491 Bohr
[INPUT] 11 H     -0.000000850000  -2.157047760000   2.861325840000 AA   -0.000001606267  -4.076229504007   5.407122190741 Bohr
[INPUT] 12 H     -0.000001330000  -2.024975080000   0.384367020000 AA   -0.000002513336  -3.826648310269   0.726348399115 Bohr
[INPUT] 13 H     -0.000003260000   1.060071640000  -1.617878630000 AA   -0.000006160507   2.003245072019  -3.057347513487 Bohr
[INPUT] 14 H     -0.913024770000  -0.514010320000  -1.607997940000 AA   -1.725366760244  -0.971338730000  -3.038675715465 Bohr
[INPUT] 15 H      0.913028110000  -0.514004700000  -1.607997380000 AA    1.725373071929  -0.971328109739  -3.038674657218 Bohr
[INPUT] 16 Cl     0.000000630000  -0.002889090000  -3.927861360000 AA    0.000001190527  -0.005459588849  -7.422582225662 Bohr
[INPUT] ---------------- BASIS SET ---------------- 
[INPUT] l, kappa, [nprim/nctr], expnt,             c_1 c_2 ...
[INPUT] Cl
[INPUT] 0    0    [6    /1   ]  105819            0.000738
                                15872             0.005718
                                3619.65           0.029495
                                1030.8            0.117286
                                339.908           0.362949
                                124.538           0.584149
[INPUT] 0    0    [3    /1   ]  124.538           0.134177
                                49.5135           0.62425
                                20.8056           0.291756
[INPUT] 0    0    [1    /1   ]  6.58346              1
[INPUT] 0    0    [1    /1   ]  2.56468              1
[INPUT] 0    0    [1    /1   ]  0.559763             1
[INPUT] 0    0    [1    /1   ]  0.183273             1
[INPUT] 1    0    [5    /1   ]  589.776           0.002391
                                139.849           0.018504
                                45.1413           0.081377
                                16.8733           0.221552
                                6.7411            0.772569
[INPUT] 1    0    [2    /1   ]  6.7411            -1.572244
                                2.77152           0.992389
[INPUT] 1    0    [1    /1   ]  1.02387              1
[INPUT] 1    0    [1    /1   ]  0.381368             1
[INPUT] 1    0    [1    /1   ]  0.109437             1
[INPUT] 2    0    [1    /1   ]  0.75                 1
[INPUT] H
[INPUT] 0    0    [3    /1   ]  33.865            0.0254938
                                5.09479           0.190373
                                1.15879           0.852161
[INPUT] 0    0    [1    /1   ]  0.32584              1
[INPUT] 0    0    [1    /1   ]  0.102741             1
[INPUT] 1    0    [1    /1   ]  0.75                 1
[INPUT] N
[INPUT] 0    0    [6    /1   ]  6293.48           0.00196979
                                949.044           0.0149613
                                218.776           0.0735006
                                63.6916           0.248937
                                18.8282           0.60246
                                2.72023           0.256202
[INPUT] 0    0    [3    /1   ]  30.6331           0.111906
                                7.02614           0.921666
                                2.11205           -0.00256919
[INPUT] 0    0    [1    /1   ]  0.684009             1
[INPUT] 0    0    [1    /1   ]  0.200878             1
[INPUT] 1    0    [3    /1   ]  30.6331           0.0383119
                                7.02614           0.237403
                                2.11205           0.817592
[INPUT] 1    0    [1    /1   ]  0.684009             1
[INPUT] 1    0    [1    /1   ]  0.200878             1
[INPUT] 2    0    [1    /1   ]  0.913                1
[INPUT] C
[INPUT] 0    0    [6    /1   ]  4563.24           0.00196665
                                682.024           0.0152306
                                154.973           0.0761269
                                44.4553           0.260801
                                13.029            0.616462
                                1.82773           0.221006
[INPUT] 0    0    [3    /1   ]  20.9642           0.11466
                                4.80331           0.919999
                                1.45933           -0.00303068
[INPUT] 0    0    [1    /1   ]  0.483456             1
[INPUT] 0    0    [1    /1   ]  0.145585             1
[INPUT] 1    0    [3    /1   ]  20.9642           0.0402487
                                4.80331           0.237594
                                1.45933           0.815854
[INPUT] 1    0    [1    /1   ]  0.483456             1
[INPUT] 1    0    [1    /1   ]  0.145585             1
[INPUT] 2    0    [1    /1   ]  0.626                1

nuclear repulsion = 382.303723672192
number of shells = 100
number of NR pGTOs = 329
number of NR cGTOs = 200
basis = 6-311g**
ecp = {}
CPU time:         0.37


******** <class 'pyscf.scf.hf.RHF'> ********
method = RHF
initial guess = minao
damping factor = 0
level_shift factor = 0
DIIS = <class 'pyscf.scf.diis.CDIIS'>
diis_start_cycle = 1
diis_space = 8
SCF conv_tol = 1e-09
SCF conv_tol_grad = None
SCF max_cycles = 50
direct_scf = True
direct_scf_tol = 1e-13
chkfile to save SCF result = /scratch/global/yangjunjie/tmpghxvyamv
max_memory 514992 MB (current use 81 MB)
Set gradient conv threshold to 3.16228e-05
E1 = -1778.3473008688163  E_coul = 648.4296593640556
init E= -747.613917832568
cond(S) = 14517.707754358631
    CPU time for initialize scf     13.73 sec, wall time      0.56 sec
  HOMO = -0.252378730118896  LUMO = 0.0117079336743108
  mo_energy =
[-1.04816488e+02 -1.56303940e+01 -1.13280248e+01 -1.13246279e+01
 -1.13215230e+01 -1.13195017e+01 -1.13191804e+01 -1.13138784e+01
 -1.06106234e+01 -8.06907127e+00 -8.06892464e+00 -8.06892133e+00
 -1.77655216e+00 -1.43370542e+00 -1.33571072e+00 -1.21110787e+00
 -1.06403882e+00 -9.49882002e-01 -9.24538823e-01 -6.91744782e-01
 -6.03119834e-01 -5.65684818e-01 -5.45487211e-01 -5.08940401e-01
 -5.03392237e-01 -4.72394580e-01 -4.66815789e-01 -4.16388239e-01
 -4.15408606e-01 -4.13179559e-01 -3.67781667e-01 -3.07886688e-01
 -3.00332241e-01 -2.52378730e-01  1.17079337e-02  4.37682487e-02
  8.49665706e-02  1.29824615e-01  1.44798332e-01  1.60518050e-01
  1.83818782e-01  1.92614781e-01  2.05274702e-01  2.16292093e-01
  2.42843122e-01  2.48188520e-01  3.39799490e-01  3.73926478e-01
  3.77610216e-01  3.91223825e-01  4.03653350e-01  4.07566082e-01
  4.15020628e-01  4.25512361e-01  4.30428031e-01  4.42746972e-01
  5.00117621e-01  5.18930169e-01  5.40051141e-01  5.44422548e-01
  5.63997504e-01  5.81786618e-01  5.89789406e-01  5.97166955e-01
  6.26571349e-01  6.35384265e-01  6.75017676e-01  6.82006206e-01
  6.97153114e-01  7.20983556e-01  7.46139374e-01  7.62195321e-01
  7.63404261e-01  7.71743777e-01  7.81137661e-01  7.99716767e-01
  8.13127827e-01  8.39692763e-01  8.78828015e-01  8.89267133e-01
  8.98515234e-01  9.18983032e-01  9.50117981e-01  9.73130788e-01
  9.83297077e-01  1.02751801e+00  1.08445984e+00  1.10445204e+00
  1.10531066e+00  1.10852450e+00  1.11759839e+00  1.13123121e+00
  1.14524527e+00  1.17403036e+00  1.23076341e+00  1.23182977e+00
  1.28743801e+00  1.30256131e+00  1.32158137e+00  1.33267797e+00
  1.36827139e+00  1.41614748e+00  1.47231139e+00  1.51618638e+00
  1.56366827e+00  1.60410519e+00  1.63863334e+00  1.67694817e+00
  1.67908570e+00  1.68053163e+00  1.69047603e+00  1.71186455e+00
  1.75615754e+00  1.77526752e+00  1.79525609e+00  1.82906757e+00
  1.87325792e+00  1.91874882e+00  1.94176321e+00  1.94560379e+00
  1.96882396e+00  1.99188377e+00  2.02221157e+00  2.02694775e+00
  2.06803985e+00  2.07034416e+00  2.08285126e+00  2.14595042e+00
  2.15643405e+00  2.16100410e+00  2.19387000e+00  2.21938808e+00
  2.26502902e+00  2.32030623e+00  2.32355895e+00  2.33931953e+00
  2.36202794e+00  2.43727475e+00  2.44472888e+00  2.46074958e+00
  2.47599839e+00  2.49569534e+00  2.56335584e+00  2.61264835e+00
  2.64370358e+00  2.66952784e+00  2.69731974e+00  2.72677691e+00
  2.74742451e+00  2.74843277e+00  2.78150263e+00  2.84908716e+00
  2.86117018e+00  2.88219207e+00  2.89099457e+00  2.90710583e+00
  2.91042540e+00  2.92479444e+00  2.94083407e+00  2.94243585e+00
  2.96201983e+00  3.01326907e+00  3.08001876e+00  3.09981889e+00
  3.11703086e+00  3.21998542e+00  3.27075007e+00  3.27988008e+00
  3.29944653e+00  3.33196626e+00  3.33995242e+00  3.53428129e+00
  3.56776771e+00  3.71705928e+00  3.79806481e+00  3.83007272e+00
  4.01619811e+00  4.02594266e+00  4.08432827e+00  4.15742382e+00
  4.20121326e+00  4.32135183e+00  4.35361708e+00  4.39871205e+00
  4.44976725e+00  4.79012039e+00  4.98105764e+00  5.68399141e+00
  1.01027600e+01  2.47419812e+01  2.50415848e+01  2.50438530e+01
  2.51566411e+01  2.52418125e+01  2.52906667e+01  2.62156226e+01
  2.62224824e+01  2.65461966e+01  3.70354230e+01  2.18989523e+02]
E1 = -1778.5842831007149  E_coul = 650.6223227576941
cycle= 1 E= -745.658236670828  delta_E= 1.96  |g|= 0.684  |ddm|= 3.12
    CPU time for cycle= 1      1.52 sec, wall time      0.05 sec
  HOMO = -0.209537885987995  LUMO = -0.0520751365315875
  mo_energy =
[-1.04381293e+02 -1.59301796e+01 -1.15173281e+01 -1.15159287e+01
 -1.14137008e+01 -1.14091577e+01 -1.13889504e+01 -1.13888965e+01
 -1.01488140e+01 -7.61219982e+00 -7.61140265e+00 -7.61139229e+00
 -1.51683149e+00 -1.25274013e+00 -1.22485026e+00 -1.06400533e+00
 -1.04262771e+00 -9.99858236e-01 -8.66153369e-01 -8.31745371e-01
 -7.87308510e-01 -7.73766064e-01 -7.64336586e-01 -7.47023726e-01
 -7.13924491e-01 -6.53653836e-01 -6.49842204e-01 -6.48520240e-01
 -6.16862713e-01 -5.40297163e-01 -5.00232158e-01 -2.21026098e-01
 -2.09849065e-01 -2.09537886e-01 -5.20751365e-02 -1.37069551e-02
  7.30611676e-02  1.11851084e-01  1.16508999e-01  1.47320720e-01
  1.49241258e-01  1.54067781e-01  1.86032465e-01  1.91633581e-01
  2.31421210e-01  2.40110044e-01  2.85633992e-01  3.08414042e-01
  3.20663205e-01  3.40712616e-01  3.55895957e-01  3.76830987e-01
  3.78505159e-01  4.23944804e-01  4.37871799e-01  4.57683009e-01
  4.92008396e-01  4.99009656e-01  5.01590709e-01  5.24050601e-01
  5.41822029e-01  5.42561827e-01  5.54868682e-01  5.81948710e-01
  6.00885406e-01  6.16657122e-01  6.19160932e-01  6.32562454e-01
  6.67726057e-01  6.79659135e-01  6.87725425e-01  6.97830934e-01
  7.09771549e-01  7.39178711e-01  7.49816841e-01  7.58414337e-01
  7.70321447e-01  8.11289080e-01  8.16653101e-01  8.28890416e-01
  8.60677844e-01  8.82860939e-01  9.13692122e-01  9.29127529e-01
  9.37341781e-01  1.01379222e+00  1.04321108e+00  1.04384823e+00
  1.09559061e+00  1.11900952e+00  1.12836565e+00  1.18598761e+00
  1.19485901e+00  1.21845438e+00  1.22573537e+00  1.24776987e+00
  1.29457114e+00  1.38517688e+00  1.41394682e+00  1.44095173e+00
  1.44338060e+00  1.44778976e+00  1.45135820e+00  1.45701727e+00
  1.51753304e+00  1.57493187e+00  1.58187577e+00  1.61768195e+00
  1.62919074e+00  1.62975305e+00  1.65452995e+00  1.66114768e+00
  1.69383271e+00  1.70250606e+00  1.70918942e+00  1.73457899e+00
  1.79686090e+00  1.83980690e+00  1.85094339e+00  1.85307849e+00
  1.86688317e+00  1.92617771e+00  1.93226733e+00  1.94187364e+00
  2.01153970e+00  2.02400659e+00  2.03986245e+00  2.07580070e+00
  2.09260563e+00  2.09391708e+00  2.12019596e+00  2.21205813e+00
  2.22535616e+00  2.23276654e+00  2.23412996e+00  2.26042038e+00
  2.29056734e+00  2.34774620e+00  2.39115699e+00  2.42345348e+00
  2.49344173e+00  2.55073628e+00  2.58227673e+00  2.59239470e+00
  2.65825457e+00  2.69217971e+00  2.70566875e+00  2.71923116e+00
  2.72194560e+00  2.76596281e+00  2.78037058e+00  2.78333638e+00
  2.80216051e+00  2.81947452e+00  2.83678328e+00  2.83854227e+00
  2.84392468e+00  2.87048339e+00  2.88288221e+00  2.88659224e+00
  2.91085878e+00  2.94900166e+00  2.98496546e+00  2.99293906e+00
  2.99572843e+00  3.09511626e+00  3.14373479e+00  3.17152878e+00
  3.18601157e+00  3.23663675e+00  3.32655815e+00  3.43903375e+00
  3.48576072e+00  3.61640482e+00  3.70555788e+00  3.75975445e+00
  3.86799247e+00  3.90670870e+00  4.01187494e+00  4.04090187e+00
  4.13174960e+00  4.14691158e+00  4.26931469e+00  4.32371866e+00
  4.34371608e+00  4.68453263e+00  4.78701942e+00  5.49857211e+00
  1.05306600e+01  2.46120548e+01  2.48779697e+01  2.49371295e+01
  2.49990678e+01  2.51187353e+01  2.51931111e+01  2.66284068e+01
  2.66351974e+01  2.69553638e+01  3.67283462e+01  2.19415542e+02]
E1 = -1780.4726828102828  E_coul = 652.3766165071451
cycle= 2 E= -745.792342630945  delta_E= -0.134  |g|= 0.375  |ddm|=  1.1
    CPU time for cycle= 2      1.57 sec, wall time      0.06 sec
  HOMO = -0.300007080335234  LUMO = 0.0295752676425829
  mo_energy =
[-1.04689684e+02 -1.56093497e+01 -1.13523594e+01 -1.13407023e+01
 -1.13398314e+01 -1.13247620e+01 -1.13243709e+01 -1.12969714e+01
 -1.04027364e+01 -7.87086179e+00 -7.87001475e+00 -7.87000250e+00
 -1.35003554e+00 -1.18151418e+00 -1.12293639e+00 -9.92996058e-01
 -9.45171267e-01 -9.34774169e-01 -8.89658267e-01 -7.99504309e-01
 -7.45145550e-01 -7.33695035e-01 -6.81240302e-01 -6.54562156e-01
 -6.50932788e-01 -6.07344805e-01 -5.98801401e-01 -5.96235763e-01
 -5.29686046e-01 -4.64809478e-01 -4.26187214e-01 -3.07318205e-01
 -3.06861875e-01 -3.00007080e-01  2.95752676e-02  5.63358933e-02
  9.55671223e-02  1.28792886e-01  1.35913271e-01  1.64464484e-01
  1.72729187e-01  2.14881694e-01  2.23601866e-01  2.28855198e-01
  2.66043712e-01  2.72454025e-01  3.43181532e-01  3.51918442e-01
  3.67176237e-01  3.82991697e-01  4.03782707e-01  4.24223356e-01
  4.29813255e-01  4.70688852e-01  4.96727926e-01  4.99730903e-01
  5.15910297e-01  5.31869885e-01  5.41462142e-01  5.42237186e-01
  5.48234704e-01  5.55152859e-01  5.74870903e-01  6.02000089e-01
  6.09955487e-01  6.63056210e-01  6.71731945e-01  6.79200295e-01
  7.02785350e-01  7.12760697e-01  7.33998286e-01  7.46585629e-01
  7.61140844e-01  7.71859140e-01  7.85087219e-01  8.00687423e-01
  8.14654145e-01  8.51140192e-01  8.63077480e-01  8.97270540e-01
  9.18118563e-01  9.42888240e-01  9.46270370e-01  9.88454600e-01
  1.01129410e+00  1.05268665e+00  1.09980098e+00  1.10004598e+00
  1.11658941e+00  1.15107126e+00  1.19018274e+00  1.19711532e+00
  1.24416776e+00  1.27181230e+00  1.30289998e+00  1.30380242e+00
  1.31073296e+00  1.31462127e+00  1.32360960e+00  1.33001516e+00
  1.37636211e+00  1.46007961e+00  1.48925310e+00  1.51965432e+00
  1.56252708e+00  1.59169873e+00  1.64105534e+00  1.66160776e+00
  1.66348133e+00  1.67098189e+00  1.70009485e+00  1.70881180e+00
  1.73528019e+00  1.73902531e+00  1.76247763e+00  1.79572605e+00
  1.84003663e+00  1.89584578e+00  1.90179521e+00  1.91553648e+00
  1.93726136e+00  1.97444500e+00  1.98112408e+00  1.99239389e+00
  2.06566872e+00  2.07017520e+00  2.08544678e+00  2.11669627e+00
  2.13774096e+00  2.16529805e+00  2.16845396e+00  2.23444202e+00
  2.28423543e+00  2.29560504e+00  2.31261818e+00  2.33030622e+00
  2.35477949e+00  2.42789086e+00  2.44255923e+00  2.50037136e+00
  2.53791469e+00  2.60815643e+00  2.63484692e+00  2.63725992e+00
  2.64680946e+00  2.69424071e+00  2.70259361e+00  2.71628343e+00
  2.76003109e+00  2.76684861e+00  2.82747838e+00  2.83692552e+00
  2.84763966e+00  2.85062335e+00  2.86023089e+00  2.86519255e+00
  2.88927458e+00  2.91211951e+00  2.92223972e+00  2.95127083e+00
  2.96448949e+00  3.00591755e+00  3.05911469e+00  3.07890045e+00
  3.08016934e+00  3.19176075e+00  3.25867332e+00  3.26463174e+00
  3.29834702e+00  3.30265742e+00  3.35977213e+00  3.53847959e+00
  3.55693989e+00  3.70660995e+00  3.78316144e+00  3.81022891e+00
  4.00225194e+00  4.01512174e+00  4.11526796e+00  4.16563109e+00
  4.20439057e+00  4.32875965e+00  4.32904338e+00  4.36883453e+00
  4.42872265e+00  4.77402275e+00  4.98789434e+00  5.68526618e+00
  1.03111851e+01  2.47128167e+01  2.50153095e+01  2.50503372e+01
  2.51185153e+01  2.52176663e+01  2.52651102e+01  2.64197948e+01
  2.64265462e+01  2.67448172e+01  3.70435883e+01  2.19114303e+02]
E1 = -1779.7919931010906  E_coul = 651.6643710660609
cycle= 3 E= -745.823898362837  delta_E= -0.0316  |g|= 0.124  |ddm|= 0.38
    CPU time for cycle= 3      1.57 sec, wall time      0.06 sec
  HOMO = -0.311025276962573  LUMO = 0.0352753929428913
  mo_energy =
[-1.04681210e+02 -1.56977707e+01 -1.13442718e+01 -1.13436574e+01
 -1.13074124e+01 -1.13067255e+01 -1.12930362e+01 -1.12929555e+01
 -1.04030042e+01 -7.87051808e+00 -7.86985923e+00 -7.86984720e+00
 -1.37335815e+00 -1.16602467e+00 -1.11752624e+00 -9.99377172e-01
 -9.44579209e-01 -9.26823510e-01 -8.95736050e-01 -7.92757688e-01
 -7.44769159e-01 -7.21610623e-01 -6.77752700e-01 -6.63840789e-01
 -6.51918395e-01 -6.18969034e-01 -6.02957717e-01 -5.92228720e-01
 -5.45670970e-01 -4.60406420e-01 -4.18084914e-01 -3.13651141e-01
 -3.13265544e-01 -3.11025277e-01  3.52753929e-02  6.30170796e-02
  1.03989595e-01  1.34263709e-01  1.37619967e-01  1.70546470e-01
  1.74590032e-01  2.09999762e-01  2.20234765e-01  2.25622006e-01
  2.62323211e-01  2.76142385e-01  3.44606277e-01  3.63040025e-01
  3.75382162e-01  3.92558285e-01  4.08741838e-01  4.16289742e-01
  4.28996985e-01  4.70919507e-01  4.99226470e-01  5.06692383e-01
  5.12327604e-01  5.33656224e-01  5.42414796e-01  5.50789509e-01
  5.57435969e-01  5.59637512e-01  5.84537284e-01  6.07090046e-01
  6.07633045e-01  6.62792915e-01  6.67542161e-01  6.79506198e-01
  7.10508791e-01  7.15309271e-01  7.43373448e-01  7.59546566e-01
  7.59986413e-01  7.82501955e-01  7.86954316e-01  7.92095212e-01
  8.12045237e-01  8.61123938e-01  8.76716718e-01  8.94323124e-01
  8.98010025e-01  9.42155021e-01  9.55086613e-01  9.95806929e-01
  1.01008836e+00  1.05296656e+00  1.10044607e+00  1.11219322e+00
  1.11390987e+00  1.15817405e+00  1.19019459e+00  1.20203539e+00
  1.25555427e+00  1.27931275e+00  1.29703966e+00  1.30093756e+00
  1.30453642e+00  1.30841688e+00  1.31718671e+00  1.32492240e+00
  1.37558978e+00  1.45028133e+00  1.48274835e+00  1.51031953e+00
  1.55098153e+00  1.58620524e+00  1.65016365e+00  1.65715925e+00
  1.66582561e+00  1.68063103e+00  1.69320740e+00  1.71115783e+00
  1.74270065e+00  1.75178541e+00  1.77349139e+00  1.80465597e+00
  1.84896738e+00  1.90109509e+00  1.91184809e+00  1.91420537e+00
  1.94163056e+00  1.97914793e+00  1.99060354e+00  2.00155057e+00
  2.06620836e+00  2.07278658e+00  2.08467913e+00  2.12780755e+00
  2.14993838e+00  2.17568565e+00  2.17672191e+00  2.23427471e+00
  2.27676237e+00  2.30721444e+00  2.31374816e+00  2.33762233e+00
  2.34735418e+00  2.42685144e+00  2.45337241e+00  2.49721043e+00
  2.54966782e+00  2.61838532e+00  2.63183091e+00  2.63250091e+00
  2.65425000e+00  2.68929483e+00  2.70924375e+00  2.71531185e+00
  2.74977760e+00  2.76336643e+00  2.82716222e+00  2.83167032e+00
  2.84947369e+00  2.86337540e+00  2.87032369e+00  2.88349311e+00
  2.89174158e+00  2.92858226e+00  2.93125722e+00  2.94481321e+00
  2.96136214e+00  2.99883418e+00  3.06845282e+00  3.08446980e+00
  3.09134834e+00  3.19246513e+00  3.25384940e+00  3.26534986e+00
  3.28958244e+00  3.31921686e+00  3.35411576e+00  3.52899462e+00
  3.57635535e+00  3.71911703e+00  3.79927592e+00  3.83507785e+00
  3.98736192e+00  4.01314262e+00  4.10047609e+00  4.15683689e+00
  4.19594541e+00  4.28021376e+00  4.34605609e+00  4.39152452e+00
  4.43671647e+00  4.78290550e+00  4.94352439e+00  5.65128190e+00
  1.03090355e+01  2.47360137e+01  2.50252969e+01  2.50408583e+01
  2.51356795e+01  2.52347960e+01  2.52955302e+01  2.64168951e+01
  2.64236304e+01  2.67422949e+01  3.69572908e+01  2.19121796e+02]
E1 = -1780.0855930324026  E_coul = 651.9536617692557
cycle= 4 E= -745.828207590954  delta_E= -0.00431  |g|= 0.0399  |ddm|= 0.136
    CPU time for cycle= 4      1.56 sec, wall time      0.06 sec
  HOMO = -0.30434973157092  LUMO = 0.0322384001862344
  mo_energy =
[-1.04648954e+02 -1.56813376e+01 -1.13537316e+01 -1.13528145e+01
 -1.13280983e+01 -1.13164463e+01 -1.13082652e+01 -1.13080877e+01
 -1.03774818e+01 -7.84444084e+00 -7.84384592e+00 -7.84383372e+00
 -1.37253887e+00 -1.17379957e+00 -1.12189638e+00 -1.00096701e+00
 -9.47623558e-01 -9.30614548e-01 -8.87550250e-01 -7.96693321e-01
 -7.50795136e-01 -7.24997064e-01 -6.82349658e-01 -6.64898541e-01
 -6.57110449e-01 -6.22346004e-01 -6.06099818e-01 -5.98395360e-01
 -5.48507612e-01 -4.64619742e-01 -4.22893991e-01 -3.05094000e-01
 -3.04765114e-01 -3.04349732e-01  3.22384002e-02  5.90900484e-02
  1.03166036e-01  1.33803401e-01  1.37194983e-01  1.69951754e-01
  1.74289357e-01  2.11133338e-01  2.21161873e-01  2.24689708e-01
  2.62130865e-01  2.73517988e-01  3.43060782e-01  3.60349681e-01
  3.72587987e-01  3.89278227e-01  4.06372948e-01  4.15591526e-01
  4.27405298e-01  4.69789716e-01  4.97661192e-01  5.03077568e-01
  5.14521529e-01  5.33005779e-01  5.43428996e-01  5.46645388e-01
  5.55093606e-01  5.58137120e-01  5.80952963e-01  6.04525805e-01
  6.08340012e-01  6.62183947e-01  6.64509936e-01  6.77826024e-01
  7.09954099e-01  7.10764102e-01  7.38699437e-01  7.55225915e-01
  7.58740732e-01  7.79294528e-01  7.84253821e-01  7.89587788e-01
  8.09427887e-01  8.57760751e-01  8.72311988e-01  8.93778075e-01
  9.00617353e-01  9.41505868e-01  9.50133640e-01  9.89646539e-01
  1.00803820e+00  1.05320013e+00  1.09889382e+00  1.10739629e+00
  1.11576592e+00  1.15652779e+00  1.18952651e+00  1.19521941e+00
  1.25148413e+00  1.27663237e+00  1.29841150e+00  1.30428812e+00
  1.31686573e+00  1.31921563e+00  1.32686889e+00  1.32924146e+00
  1.37347220e+00  1.45169351e+00  1.48299555e+00  1.51162811e+00
  1.55425913e+00  1.58441476e+00  1.64562801e+00  1.65609819e+00
  1.66172471e+00  1.67641169e+00  1.69146709e+00  1.70793696e+00
  1.73844406e+00  1.74785283e+00  1.76922250e+00  1.80061241e+00
  1.84652100e+00  1.89901007e+00  1.90990930e+00  1.91316973e+00
  1.93887975e+00  1.97666325e+00  1.98833351e+00  1.99936425e+00
  2.06438076e+00  2.06922564e+00  2.08283801e+00  2.12409104e+00
  2.14443950e+00  2.17029049e+00  2.17226375e+00  2.23272136e+00
  2.27537603e+00  2.30146938e+00  2.31036162e+00  2.33305859e+00
  2.34602796e+00  2.42324399e+00  2.44859502e+00  2.49732938e+00
  2.54607472e+00  2.61573256e+00  2.64182368e+00  2.64385968e+00
  2.65307019e+00  2.68874565e+00  2.70753283e+00  2.71443136e+00
  2.74893545e+00  2.76327322e+00  2.82521263e+00  2.83122019e+00
  2.85250066e+00  2.86062890e+00  2.86726039e+00  2.88147386e+00
  2.89151787e+00  2.91982538e+00  2.92803021e+00  2.94068328e+00
  2.95791632e+00  2.99718676e+00  3.06395778e+00  3.07886535e+00
  3.08255809e+00  3.18618839e+00  3.25181122e+00  3.26092628e+00
  3.28708587e+00  3.30954136e+00  3.35315967e+00  3.52472745e+00
  3.56606748e+00  3.71066445e+00  3.79069944e+00  3.82531683e+00
  3.98704274e+00  4.00868001e+00  4.09909598e+00  4.15434698e+00
  4.19296633e+00  4.28728554e+00  4.33974181e+00  4.38374072e+00
  4.43117689e+00  4.77604309e+00  4.94910438e+00  5.65449042e+00
  1.03307083e+01  2.47219264e+01  2.50142785e+01  2.50315267e+01
  2.51219265e+01  2.52221267e+01  2.52796687e+01  2.64372846e+01
  2.64440101e+01  2.67629750e+01  3.69732277e+01  2.19153177e+02]
E1 = -1780.0243999860286  E_coul = 651.8920185874448
cycle= 5 E= -745.828657726391  delta_E= -0.00045  |g|= 0.00758  |ddm|= 0.0408
    CPU time for cycle= 5      1.57 sec, wall time      0.06 sec
  HOMO = -0.304952604599657  LUMO = 0.0325340153418914
  mo_energy =
[-1.04653735e+02 -1.56826806e+01 -1.13550883e+01 -1.13542347e+01
 -1.13274015e+01 -1.13170611e+01 -1.13079379e+01 -1.13077534e+01
 -1.03797891e+01 -7.84693565e+00 -7.84636302e+00 -7.84635046e+00
 -1.37280739e+00 -1.17328889e+00 -1.12190204e+00 -1.00163008e+00
 -9.47833069e-01 -9.30802724e-01 -8.87907832e-01 -7.97035861e-01
 -7.50952123e-01 -7.25300467e-01 -6.82613948e-01 -6.65316539e-01
 -6.57557501e-01 -6.23570106e-01 -6.06675308e-01 -5.98546044e-01
 -5.49245197e-01 -4.64149442e-01 -4.22753767e-01 -3.05270715e-01
 -3.05155194e-01 -3.04952605e-01  3.25340153e-02  5.89335263e-02
  1.03180503e-01  1.33700986e-01  1.36957867e-01  1.69807561e-01
  1.74040248e-01  2.10763753e-01  2.20942785e-01  2.24215737e-01
  2.61618165e-01  2.73353995e-01  3.42861237e-01  3.60175157e-01
  3.72434445e-01  3.89216962e-01  4.06204014e-01  4.14966168e-01
  4.26979469e-01  4.69532812e-01  4.97425415e-01  5.03544865e-01
  5.14351685e-01  5.32656760e-01  5.43438835e-01  5.46788188e-01
  5.55011894e-01  5.58272647e-01  5.80940125e-01  6.04637711e-01
  6.08044281e-01  6.61575153e-01  6.64498039e-01  6.77355743e-01
  7.09253392e-01  7.10989544e-01  7.38487907e-01  7.55124478e-01
  7.58242906e-01  7.79028818e-01  7.83977131e-01  7.88533082e-01
  8.08783986e-01  8.57798214e-01  8.72391167e-01  8.93454493e-01
  9.00473468e-01  9.41059399e-01  9.49891097e-01  9.89817831e-01
  1.00792448e+00  1.05288867e+00  1.09877202e+00  1.10730824e+00
  1.11546512e+00  1.15655405e+00  1.18924194e+00  1.19530087e+00
  1.25134221e+00  1.27635853e+00  1.29820323e+00  1.30389879e+00
  1.31649747e+00  1.31886044e+00  1.32649230e+00  1.32876929e+00
  1.37301959e+00  1.45111094e+00  1.48229875e+00  1.51142277e+00
  1.55365599e+00  1.58381429e+00  1.64552687e+00  1.65510451e+00
  1.66157650e+00  1.67617910e+00  1.69047262e+00  1.70738645e+00
  1.73808131e+00  1.74767023e+00  1.76899545e+00  1.80042403e+00
  1.84603734e+00  1.89847222e+00  1.90967033e+00  1.91258108e+00
  1.93848912e+00  1.97629891e+00  1.98818659e+00  1.99896503e+00
  2.06362182e+00  2.06894700e+00  2.08204578e+00  2.12365502e+00
  2.14430114e+00  2.17005796e+00  2.17205457e+00  2.23210097e+00
  2.27447846e+00  2.30144278e+00  2.30990898e+00  2.33296162e+00
  2.34511674e+00  2.42275994e+00  2.44858049e+00  2.49658402e+00
  2.54586578e+00  2.61542451e+00  2.64129218e+00  2.64324196e+00
  2.65257749e+00  2.68806375e+00  2.70711476e+00  2.71370432e+00
  2.74799506e+00  2.76249271e+00  2.82460833e+00  2.83064107e+00
  2.85176666e+00  2.86029245e+00  2.86680298e+00  2.88119090e+00
  2.89094823e+00  2.91990310e+00  2.92761385e+00  2.93974732e+00
  2.95712252e+00  2.99658829e+00  3.06365330e+00  3.07874828e+00
  3.08242786e+00  3.18590141e+00  3.25134720e+00  3.26059734e+00
  3.28658800e+00  3.30985235e+00  3.35223270e+00  3.52405023e+00
  3.56617939e+00  3.71051964e+00  3.79067443e+00  3.82558280e+00
  3.98620301e+00  4.00838654e+00  4.09808907e+00  4.15359498e+00
  4.19202029e+00  4.28647541e+00  4.33954327e+00  4.38366156e+00
  4.43080683e+00  4.77602011e+00  4.94832659e+00  5.65381297e+00
  1.03290397e+01  2.47217786e+01  2.50135627e+01  2.50308789e+01
  2.51214906e+01  2.52218581e+01  2.52799460e+01  2.64357299e+01
  2.64424472e+01  2.67615766e+01  3.69719108e+01  2.19148671e+02]
E1 = -1780.0354387408918  E_coul = 651.9030190455236
cycle= 6 E= -745.828696023176  delta_E= -3.83e-05  |g|= 0.00227  |ddm|= 0.0147
    CPU time for cycle= 6      1.58 sec, wall time      0.06 sec
  HOMO = -0.305209934822843  LUMO = 0.0328817169390103
  mo_energy =
[-1.04653583e+02 -1.56823227e+01 -1.13540164e+01 -1.13530920e+01
 -1.13273552e+01 -1.13169595e+01 -1.13075788e+01 -1.13074106e+01
 -1.03799951e+01 -7.84711655e+00 -7.84654190e+00 -7.84652923e+00
 -1.37250986e+00 -1.17318275e+00 -1.12153724e+00 -1.00181474e+00
 -9.47517574e-01 -9.30568058e-01 -8.88146214e-01 -7.96816425e-01
 -7.50590671e-01 -7.24960496e-01 -6.82238136e-01 -6.65221905e-01
 -6.57538489e-01 -6.23899990e-01 -6.06737197e-01 -5.98217373e-01
 -5.49100960e-01 -4.63879576e-01 -4.22457936e-01 -3.05645535e-01
 -3.05491298e-01 -3.05209935e-01  3.28817169e-02  5.91582575e-02
  1.03312921e-01  1.33856268e-01  1.37003795e-01  1.69857659e-01
  1.74120807e-01  2.10746871e-01  2.21016309e-01  2.24100295e-01
  2.61507207e-01  2.73545629e-01  3.42981423e-01  3.60334472e-01
  3.72597533e-01  3.89395903e-01  4.06379433e-01  4.14838209e-01
  4.27087111e-01  4.69636740e-01  4.97626791e-01  5.03714258e-01
  5.14178482e-01  5.32669041e-01  5.43439089e-01  5.46896854e-01
  5.55123551e-01  5.58384864e-01  5.81063493e-01  6.04779834e-01
  6.07985100e-01  6.61771892e-01  6.64729692e-01  6.77633613e-01
  7.09045416e-01  7.11165326e-01  7.38604188e-01  7.55349235e-01
  7.58541462e-01  7.79180565e-01  7.84077922e-01  7.88235856e-01
  8.08758590e-01  8.57978589e-01  8.72581992e-01  8.93368880e-01
  9.00698406e-01  9.41068855e-01  9.50107808e-01  9.89965195e-01
  1.00823475e+00  1.05292028e+00  1.09892974e+00  1.10750665e+00
  1.11543886e+00  1.15661827e+00  1.18944506e+00  1.19558807e+00
  1.25165687e+00  1.27647372e+00  1.29826489e+00  1.30388616e+00
  1.31618398e+00  1.31857753e+00  1.32621605e+00  1.32857856e+00
  1.37336737e+00  1.45110347e+00  1.48223101e+00  1.51152905e+00
  1.55352842e+00  1.58390424e+00  1.64580446e+00  1.65472547e+00
  1.66168778e+00  1.67628315e+00  1.69017826e+00  1.70732982e+00
  1.73816054e+00  1.74787674e+00  1.76920923e+00  1.80070442e+00
  1.84621751e+00  1.89862932e+00  1.90988718e+00  1.91283887e+00
  1.93879153e+00  1.97635125e+00  1.98846347e+00  1.99925063e+00
  2.06345522e+00  2.06905055e+00  2.08191487e+00  2.12381022e+00
  2.14446275e+00  2.17040102e+00  2.17209391e+00  2.23198336e+00
  2.27427347e+00  2.30169006e+00  2.31012772e+00  2.33326890e+00
  2.34495659e+00  2.42299797e+00  2.44866256e+00  2.49665509e+00
  2.54600975e+00  2.61567986e+00  2.64122573e+00  2.64300035e+00
  2.65267437e+00  2.68812571e+00  2.70719946e+00  2.71353486e+00
  2.74774797e+00  2.76241791e+00  2.82499459e+00  2.83076575e+00
  2.85156647e+00  2.86056120e+00  2.86693461e+00  2.88143489e+00
  2.89101652e+00  2.92019109e+00  2.92783954e+00  2.93957037e+00
  2.95708213e+00  2.99677212e+00  3.06385465e+00  3.07911370e+00
  3.08279867e+00  3.18639094e+00  3.25163745e+00  3.26094941e+00
  3.28685722e+00  3.31011174e+00  3.35198652e+00  3.52404185e+00
  3.56641217e+00  3.71092279e+00  3.79100395e+00  3.82573175e+00
  3.98663964e+00  4.00865728e+00  4.09787917e+00  4.15387620e+00
  4.19195157e+00  4.28666523e+00  4.33988022e+00  4.38386034e+00
  4.43120324e+00  4.77629386e+00  4.94858845e+00  5.65418709e+00
  1.03287979e+01  2.47222840e+01  2.50143603e+01  2.50309515e+01
  2.51221099e+01  2.52224666e+01  2.52802706e+01  2.64354633e+01
  2.64421782e+01  2.67613586e+01  3.69722608e+01  2.19148789e+02]
E1 = -1780.0338305003495  E_coul = 651.9014068323746
cycle= 7 E= -745.828699995782  delta_E= -3.97e-06  |g|= 0.000604  |ddm|= 0.00503
    CPU time for cycle= 7      1.58 sec, wall time      0.06 sec
  HOMO = -0.305339877099445  LUMO = 0.0330003247689217
  mo_energy =
[-1.04653670e+02 -1.56820257e+01 -1.13541860e+01 -1.13532986e+01
 -1.13269215e+01 -1.13170982e+01 -1.13073984e+01 -1.13072159e+01
 -1.03801284e+01 -7.84724752e+00 -7.84667225e+00 -7.84665957e+00
 -1.37245527e+00 -1.17301462e+00 -1.12149483e+00 -1.00188320e+00
 -9.47421985e-01 -9.30517498e-01 -8.88270662e-01 -7.96749264e-01
 -7.50479190e-01 -7.24872699e-01 -6.82185288e-01 -6.65222477e-01
 -6.57414997e-01 -6.24002479e-01 -6.06760166e-01 -5.98079520e-01
 -5.49069861e-01 -4.63726204e-01 -4.22418801e-01 -3.05787642e-01
 -3.05621963e-01 -3.05339877e-01  3.30003248e-02  5.92018913e-02
  1.03370291e-01  1.33895088e-01  1.37023740e-01  1.69897551e-01
  1.74139501e-01  2.10709197e-01  2.21000521e-01  2.24069721e-01
  2.61468870e-01  2.73601109e-01  3.43014443e-01  3.60406999e-01
  3.72680125e-01  3.89497949e-01  4.06431689e-01  4.14778518e-01
  4.27101365e-01  4.69657281e-01  4.97654350e-01  5.03789538e-01
  5.14117610e-01  5.32657065e-01  5.43414191e-01  5.46999135e-01
  5.55195528e-01  5.58397770e-01  5.81151592e-01  6.04820865e-01
  6.07951818e-01  6.61761104e-01  6.64764529e-01  6.77654302e-01
  7.08990978e-01  7.11268585e-01  7.38721394e-01  7.55450934e-01
  7.58564534e-01  7.79233101e-01  7.84126721e-01  7.88144629e-01
  8.08747031e-01  8.58074587e-01  8.72683557e-01  8.93331167e-01
  9.00742252e-01  9.41033077e-01  9.50196133e-01  9.90093560e-01
  1.00828847e+00  1.05290344e+00  1.09899837e+00  1.10760747e+00
  1.11541326e+00  1.15667634e+00  1.18947001e+00  1.19570597e+00
  1.25173538e+00  1.27655094e+00  1.29828056e+00  1.30385712e+00
  1.31603624e+00  1.31844235e+00  1.32608553e+00  1.32848370e+00
  1.37341716e+00  1.45108059e+00  1.48218939e+00  1.51154436e+00
  1.55346565e+00  1.58389480e+00  1.64589688e+00  1.65463355e+00
  1.66178074e+00  1.67635226e+00  1.69008873e+00  1.70733486e+00
  1.73821224e+00  1.74800479e+00  1.76930515e+00  1.80080168e+00
  1.84628525e+00  1.89866590e+00  1.90996580e+00  1.91285935e+00
  1.93884201e+00  1.97642885e+00  1.98852994e+00  1.99932692e+00
  2.06341714e+00  2.06912030e+00  2.08188412e+00  2.12388601e+00
  2.14457650e+00  2.17047580e+00  2.17218292e+00  2.23196938e+00
  2.27421921e+00  2.30182432e+00  2.31016373e+00  2.33336298e+00
  2.34490471e+00  2.42302368e+00  2.44878890e+00  2.49665640e+00
  2.54615920e+00  2.61573529e+00  2.64116880e+00  2.64287333e+00
  2.65268687e+00  2.68811971e+00  2.70727362e+00  2.71350270e+00
  2.74767676e+00  2.76236825e+00  2.82503936e+00  2.83079192e+00
  2.85149255e+00  2.86065948e+00  2.86703632e+00  2.88154359e+00
  2.89103922e+00  2.92031981e+00  2.92790566e+00  2.93949142e+00
  2.95704398e+00  2.99678023e+00  3.06397707e+00  3.07919836e+00
  3.08290596e+00  3.18641195e+00  3.25171635e+00  3.26100930e+00
  3.28691130e+00  3.31026913e+00  3.35190590e+00  3.52403557e+00
  3.56658677e+00  3.71099418e+00  3.79111561e+00  3.82593548e+00
  3.98664395e+00  4.00874005e+00  4.09780908e+00  4.15386062e+00
  4.19188671e+00  4.28677792e+00  4.33999553e+00  4.38405342e+00
  4.43126571e+00  4.77645430e+00  4.94870356e+00  5.65430590e+00
  1.03286584e+01  2.47224106e+01  2.50143181e+01  2.50308157e+01
  2.51221931e+01  2.52225172e+01  2.52804891e+01  2.64353212e+01
  2.64420359e+01  2.67612171e+01  3.69725481e+01  2.19148696e+02]
E1 = -1780.0333235024937  E_coul = 651.9008996449444
cycle= 8 E= -745.828700185357  delta_E= -1.9e-07  |g|= 0.000233  |ddm|= 0.0011
    CPU time for cycle= 8      1.59 sec, wall time      0.06 sec
  HOMO = -0.305378294415985  LUMO = 0.0330064702642757
  mo_energy =
[-1.04653749e+02 -1.56820887e+01 -1.13541270e+01 -1.13532214e+01
 -1.13270363e+01 -1.13170664e+01 -1.13074242e+01 -1.13072487e+01
 -1.03801856e+01 -7.84730637e+00 -7.84673112e+00 -7.84671846e+00
 -1.37244443e+00 -1.17303086e+00 -1.12147124e+00 -1.00188594e+00
 -9.47415952e-01 -9.30512199e-01 -8.88304086e-01 -7.96735415e-01
 -7.50473934e-01 -7.24858962e-01 -6.82152342e-01 -6.65207663e-01
 -6.57432050e-01 -6.23993298e-01 -6.06752325e-01 -5.98073155e-01
 -5.49067034e-01 -4.63730997e-01 -4.22410353e-01 -3.05817827e-01
 -3.05659760e-01 -3.05378294e-01  3.30064703e-02  5.92096158e-02
  1.03379420e-01  1.33911575e-01  1.37033525e-01  1.69902295e-01
  1.74153913e-01  2.10705548e-01  2.21006752e-01  2.24070313e-01
  2.61474075e-01  2.73607547e-01  3.43025729e-01  3.60415196e-01
  3.72686378e-01  3.89501130e-01  4.06445983e-01  4.14784637e-01
  4.27117501e-01  4.69668561e-01  4.97669273e-01  5.03789974e-01
  5.14097198e-01  5.32660959e-01  5.43404479e-01  5.47003523e-01
  5.55193427e-01  5.58399509e-01  5.81154152e-01  6.04820481e-01
  6.07945062e-01  6.61782276e-01  6.64777279e-01  6.77679271e-01
  7.08991987e-01  7.11263574e-01  7.38718412e-01  7.55460515e-01
  7.58588148e-01  7.79243051e-01  7.84135709e-01  7.88151766e-01
  8.08757401e-01  8.58080180e-01  8.72687717e-01  8.93332975e-01
  9.00750079e-01  9.41040582e-01  9.50198466e-01  9.90098411e-01
  1.00830903e+00  1.05290389e+00  1.09900018e+00  1.10761683e+00
  1.11540472e+00  1.15667141e+00  1.18948621e+00  1.19570804e+00
  1.25175724e+00  1.27655222e+00  1.29828651e+00  1.30384876e+00
  1.31599313e+00  1.31840287e+00  1.32605092e+00  1.32846278e+00
  1.37344214e+00  1.45108036e+00  1.48219186e+00  1.51154593e+00
  1.55345441e+00  1.58390968e+00  1.64591359e+00  1.65463820e+00
  1.66178238e+00  1.67635986e+00  1.69009605e+00  1.70734010e+00
  1.73821498e+00  1.74800739e+00  1.76931509e+00  1.80081232e+00
  1.84629837e+00  1.89868216e+00  1.90998757e+00  1.91288832e+00
  1.93886562e+00  1.97643199e+00  1.98856006e+00  1.99934560e+00
  2.06342645e+00  2.06912798e+00  2.08189410e+00  2.12389377e+00
  2.14457702e+00  2.17049022e+00  2.17217619e+00  2.23196647e+00
  2.27422411e+00  2.30182475e+00  2.31018038e+00  2.33337838e+00
  2.34491256e+00  2.42304509e+00  2.44878543e+00  2.49667091e+00
  2.54615733e+00  2.61576398e+00  2.64114488e+00  2.64283328e+00
  2.65268298e+00  2.68812908e+00  2.70727259e+00  2.71349762e+00
  2.74768081e+00  2.76238236e+00  2.82505182e+00  2.83081167e+00
  2.85148218e+00  2.86067364e+00  2.86704206e+00  2.88155752e+00
  2.89105368e+00  2.92031104e+00  2.92792216e+00  2.93950306e+00
  2.95706127e+00  2.99679809e+00  3.06397451e+00  3.07920420e+00
  3.08290392e+00  3.18643749e+00  3.25172324e+00  3.26103339e+00
  3.28692233e+00  3.31025782e+00  3.35191218e+00  3.52403977e+00
  3.56656767e+00  3.71100691e+00  3.79112080e+00  3.82591568e+00
  3.98667626e+00  4.00874998e+00  4.09781526e+00  4.15388753e+00
  4.19190248e+00  4.28675694e+00  4.34000386e+00  4.38403626e+00
  4.43128662e+00  4.77644405e+00  4.94868732e+00  5.65430317e+00
  1.03286051e+01  2.47223924e+01  2.50143496e+01  2.50308460e+01
  2.51221832e+01  2.52225250e+01  2.52804469e+01  2.64352699e+01
  2.64419847e+01  2.67611626e+01  3.69724875e+01  2.19148619e+02]
E1 = -1780.0336433996686  E_coul = 651.9012195116937
cycle= 9 E= -745.828700215782  delta_E= -3.04e-08  |g|= 7.12e-05  |ddm|= 0.000437
    CPU time for cycle= 9      1.59 sec, wall time      0.06 sec
  HOMO = -0.305386271394053  LUMO = 0.0330156821061033
  mo_energy =
[-1.04653755e+02 -1.56820854e+01 -1.13541131e+01 -1.13532111e+01
 -1.13270018e+01 -1.13170600e+01 -1.13074257e+01 -1.13072468e+01
 -1.03801894e+01 -7.84731008e+00 -7.84673473e+00 -7.84672207e+00
 -1.37244300e+00 -1.17302227e+00 -1.12146585e+00 -1.00188302e+00
 -9.47409772e-01 -9.30505354e-01 -8.88309077e-01 -7.96725625e-01
 -7.50467400e-01 -7.24852921e-01 -6.82144529e-01 -6.65201392e-01
 -6.57422346e-01 -6.23989061e-01 -6.06748447e-01 -5.98065760e-01
 -5.49061605e-01 -4.63721653e-01 -4.22410070e-01 -3.05818052e-01
 -3.05667218e-01 -3.05386271e-01  3.30156821e-02  5.92113237e-02
  1.03384579e-01  1.33916147e-01  1.37038868e-01  1.69906795e-01
  1.74158679e-01  2.10703367e-01  2.21007833e-01  2.24072194e-01
  2.61476114e-01  2.73613054e-01  3.43028898e-01  3.60421735e-01
  3.72692155e-01  3.89506859e-01  4.06450827e-01  4.14786678e-01
  4.27122516e-01  4.69671833e-01  4.97672993e-01  5.03792939e-01
  5.14091305e-01  5.32662002e-01  5.43401468e-01  5.47009941e-01
  5.55196613e-01  5.58399200e-01  5.81160219e-01  6.04823913e-01
  6.07943888e-01  6.61787863e-01  6.64780353e-01  6.77685548e-01
  7.08993936e-01  7.11268576e-01  7.38727494e-01  7.55465186e-01
  7.58594853e-01  7.79248449e-01  7.84139345e-01  7.88154441e-01
  8.08762290e-01  8.58086879e-01  8.72694488e-01  8.93335312e-01
  9.00754686e-01  9.41043807e-01  9.50205098e-01  9.90104877e-01
  1.00831375e+00  1.05290597e+00  1.09900482e+00  1.10762319e+00
  1.11540489e+00  1.15667595e+00  1.18949123e+00  1.19571521e+00
  1.25176211e+00  1.27656012e+00  1.29828839e+00  1.30385033e+00
  1.31598743e+00  1.31839775e+00  1.32604638e+00  1.32846112e+00
  1.37344833e+00  1.45108214e+00  1.48219426e+00  1.51154713e+00
  1.55345387e+00  1.58391255e+00  1.64592039e+00  1.65464013e+00
  1.66178810e+00  1.67636475e+00  1.69009873e+00  1.70734449e+00
  1.73822065e+00  1.74801474e+00  1.76932275e+00  1.80082005e+00
  1.84630599e+00  1.89868650e+00  1.90999487e+00  1.91289603e+00
  1.93887233e+00  1.97643905e+00  1.98856580e+00  1.99935080e+00
  2.06343123e+00  2.06913279e+00  2.08189871e+00  2.12390129e+00
  2.14458374e+00  2.17049660e+00  2.17218388e+00  2.23196997e+00
  2.27422754e+00  2.30183235e+00  2.31018519e+00  2.33338431e+00
  2.34491635e+00  2.42305174e+00  2.44879199e+00  2.49667516e+00
  2.54616541e+00  2.61576983e+00  2.64114308e+00  2.64282790e+00
  2.65268561e+00  2.68813214e+00  2.70727933e+00  2.71350021e+00
  2.74768288e+00  2.76238670e+00  2.82505681e+00  2.83081993e+00
  2.85148348e+00  2.86067871e+00  2.86705315e+00  2.88156124e+00
  2.89106113e+00  2.92031845e+00  2.92792788e+00  2.93950712e+00
  2.95706618e+00  2.99680358e+00  3.06398227e+00  3.07920702e+00
  3.08291808e+00  3.18644274e+00  3.25172946e+00  3.26103856e+00
  3.28692825e+00  3.31026585e+00  3.35191479e+00  3.52404447e+00
  3.56657721e+00  3.71101267e+00  3.79112868e+00  3.82592621e+00
  3.98668325e+00  4.00875584e+00  4.09781810e+00  4.15389299e+00
  4.19190705e+00  4.28675744e+00  4.34000962e+00  4.38404725e+00
  4.43129348e+00  4.77645278e+00  4.94869012e+00  5.65430701e+00
  1.03286006e+01  2.47224056e+01  2.50143574e+01  2.50308525e+01
  2.51222040e+01  2.52225297e+01  2.52804588e+01  2.64352666e+01
  2.64419816e+01  2.67611558e+01  3.69724908e+01  2.19148614e+02]
E1 = -1780.033615015247  E_coul = 651.9011911216132
cycle= 10 E= -745.828700221441  delta_E= -5.66e-09  |g|= 2.88e-05  |ddm|= 0.000202
    CPU time for cycle= 10      1.62 sec, wall time      0.06 sec
  HOMO = -0.305390335785226  LUMO = 0.0330175946002801
  mo_energy =
[-1.04653759e+02 -1.56820887e+01 -1.13541123e+01 -1.13532050e+01
 -1.13270050e+01 -1.13170721e+01 -1.13074184e+01 -1.13072431e+01
 -1.03801940e+01 -7.84731461e+00 -7.84673917e+00 -7.84672652e+00
 -1.37244279e+00 -1.17302053e+00 -1.12146318e+00 -1.00188688e+00
 -9.47408763e-01 -9.30503893e-01 -8.88312220e-01 -7.96723998e-01
 -7.50466263e-01 -7.24851210e-01 -6.82142172e-01 -6.65201826e-01
 -6.57422599e-01 -6.23993317e-01 -6.06749938e-01 -5.98064656e-01
 -5.49063079e-01 -4.63719036e-01 -4.22407960e-01 -3.05819784e-01
 -3.05671133e-01 -3.05390336e-01  3.30175946e-02  5.92123289e-02
  1.03385806e-01  1.33917363e-01  1.37039681e-01  1.69907592e-01
  1.74159570e-01  2.10700250e-01  2.21005969e-01  2.24071781e-01
  2.61475158e-01  2.73614657e-01  3.43029435e-01  3.60423109e-01
  3.72693262e-01  3.89508446e-01  4.06451664e-01  4.14784739e-01
  4.27123424e-01  4.69672091e-01  4.97673493e-01  5.03794665e-01
  5.14089022e-01  5.32661946e-01  5.43400607e-01  5.47011392e-01
  5.55197289e-01  5.58399900e-01  5.81161576e-01  6.04824412e-01
  6.07942826e-01  6.61788414e-01  6.64781854e-01  6.77687114e-01
  7.08991686e-01  7.11270000e-01  7.38728844e-01  7.55466754e-01
  7.58595981e-01  7.79249440e-01  7.84139764e-01  7.88150823e-01
  8.08761230e-01  8.58088720e-01  8.72696310e-01  8.93333580e-01
  9.00754817e-01  9.41043234e-01  9.50206032e-01  9.90106636e-01
  1.00831532e+00  1.05290605e+00  1.09900506e+00  1.10762474e+00
  1.11540370e+00  1.15667677e+00  1.18949179e+00  1.19571744e+00
  1.25176442e+00  1.27656054e+00  1.29828802e+00  1.30384920e+00
  1.31598399e+00  1.31839458e+00  1.32604316e+00  1.32845834e+00
  1.37345019e+00  1.45108002e+00  1.48219196e+00  1.51154681e+00
  1.55345115e+00  1.58391217e+00  1.64592248e+00  1.65463736e+00
  1.66178841e+00  1.67636536e+00  1.69009522e+00  1.70734352e+00
  1.73822055e+00  1.74801654e+00  1.76932422e+00  1.80082188e+00
  1.84630705e+00  1.89868666e+00  1.90999664e+00  1.91289723e+00
  1.93887414e+00  1.97643935e+00  1.98856799e+00  1.99935230e+00
  2.06342992e+00  2.06913369e+00  2.08189715e+00  2.12390257e+00
  2.14458483e+00  2.17049868e+00  2.17218436e+00  2.23196916e+00
  2.27422524e+00  2.30183410e+00  2.31018586e+00  2.33338635e+00
  2.34491409e+00  2.42305287e+00  2.44879279e+00  2.49667416e+00
  2.54616650e+00  2.61577175e+00  2.64114132e+00  2.64282464e+00
  2.65268558e+00  2.68813094e+00  2.70727989e+00  2.71349826e+00
  2.74768037e+00  2.76238583e+00  2.82505700e+00  2.83082003e+00
  2.85148087e+00  2.86068021e+00  2.86705434e+00  2.88156268e+00
  2.89106188e+00  2.92032019e+00  2.92792882e+00  2.93950268e+00
  2.95706345e+00  2.99680269e+00  3.06398336e+00  3.07920900e+00
  3.08291976e+00  3.18644554e+00  3.25172920e+00  3.26104063e+00
  3.28692842e+00  3.31026820e+00  3.35191254e+00  3.52404007e+00
  3.56657897e+00  3.71101545e+00  3.79113116e+00  3.82592805e+00
  3.98668436e+00  4.00875636e+00  4.09781296e+00  4.15389314e+00
  4.19190332e+00  4.28675403e+00  4.34001186e+00  4.38404902e+00
  4.43129597e+00  4.77645438e+00  4.94868748e+00  5.65430672e+00
  1.03285963e+01  2.47224079e+01  2.50143615e+01  2.50308408e+01
  2.51222046e+01  2.52225344e+01  2.52804613e+01  2.64352630e+01
  2.64419780e+01  2.67611506e+01  3.69724876e+01  2.19148610e+02]
E1 = -1780.033621575155  E_coul = 651.9011976804616
cycle= 11 E= -745.828700222501  delta_E= -1.06e-09  |g|= 1.43e-05  |ddm|= 7.62e-05
    CPU time for cycle= 11      1.93 sec, wall time      0.07 sec
  HOMO = -0.305391074675193  LUMO = 0.0330175689080079
  mo_energy =
[-1.04653762e+02 -1.56820914e+01 -1.13541093e+01 -1.13532049e+01
 -1.13270015e+01 -1.13170660e+01 -1.13074264e+01 -1.13072482e+01
 -1.03801959e+01 -7.84731654e+00 -7.84674111e+00 -7.84672845e+00
 -1.37244296e+00 -1.17302115e+00 -1.12146404e+00 -1.00188524e+00
 -9.47409542e-01 -9.30504120e-01 -8.88312561e-01 -7.96723569e-01
 -7.50466995e-01 -7.24852717e-01 -6.82142831e-01 -6.65200607e-01
 -6.57421956e-01 -6.23991317e-01 -6.06748871e-01 -5.98065762e-01
 -5.49063364e-01 -4.63718793e-01 -4.22408491e-01 -3.05819633e-01
 -3.05671798e-01 -3.05391075e-01  3.30175689e-02  5.92115612e-02
  1.03385802e-01  1.33917069e-01  1.37040296e-01  1.69907690e-01
  1.74159685e-01  2.10700958e-01  2.21006625e-01  2.24072364e-01
  2.61475807e-01  2.73614579e-01  3.43029413e-01  3.60423029e-01
  3.72693048e-01  3.89508023e-01  4.06451535e-01  4.14785829e-01
  4.27123556e-01  4.69672190e-01  4.97673320e-01  5.03794486e-01
  5.14088758e-01  5.32661679e-01  5.43400366e-01  5.47011395e-01
  5.55196790e-01  5.58399498e-01  5.81161594e-01  6.04824762e-01
  6.07942833e-01  6.61789485e-01  6.64781595e-01  6.77687341e-01
  7.08992707e-01  7.11269573e-01  7.38729268e-01  7.55465249e-01
  7.58596352e-01  7.79249269e-01  7.84139171e-01  7.88152615e-01
  8.08762248e-01  8.58088529e-01  8.72695866e-01  8.93334463e-01
  9.00755453e-01  9.41043934e-01  9.50205433e-01  9.90105927e-01
  1.00831494e+00  1.05290606e+00  1.09900475e+00  1.10762436e+00
  1.11540357e+00  1.15667682e+00  1.18949222e+00  1.19571684e+00
  1.25176343e+00  1.27656131e+00  1.29828815e+00  1.30384918e+00
  1.31598330e+00  1.31839394e+00  1.32604269e+00  1.32845829e+00
  1.37345013e+00  1.45108045e+00  1.48219270e+00  1.51154664e+00
  1.55345142e+00  1.58391248e+00  1.64592210e+00  1.65463868e+00
  1.66178843e+00  1.67636491e+00  1.69009698e+00  1.70734403e+00
  1.73822082e+00  1.74801598e+00  1.76932413e+00  1.80082167e+00
  1.84630724e+00  1.89868637e+00  1.90999650e+00  1.91289807e+00
  1.93887423e+00  1.97643973e+00  1.98856729e+00  1.99935135e+00
  2.06343126e+00  2.06913322e+00  2.08189820e+00  2.12390255e+00
  2.14458405e+00  2.17049804e+00  2.17218449e+00  2.23196953e+00
  2.27422644e+00  2.30183340e+00  2.31018552e+00  2.33338556e+00
  2.34491529e+00  2.42305332e+00  2.44879245e+00  2.49667463e+00
  2.54616621e+00  2.61577110e+00  2.64114047e+00  2.64282387e+00
  2.65268484e+00  2.68813143e+00  2.70727986e+00  2.71349880e+00
  2.74768151e+00  2.76238672e+00  2.82505678e+00  2.83082095e+00
  2.85148164e+00  2.86067877e+00  2.86705540e+00  2.88156066e+00
  2.89106243e+00  2.92031921e+00  2.92792821e+00  2.93950485e+00
  2.95706491e+00  2.99680346e+00  3.06398294e+00  3.07920693e+00
  3.08292136e+00  3.18644483e+00  3.25172925e+00  3.26103986e+00
  3.28692839e+00  3.31026699e+00  3.35191376e+00  3.52404185e+00
  3.56657777e+00  3.71101389e+00  3.79113002e+00  3.82592724e+00
  3.98668495e+00  4.00875623e+00  4.09781497e+00  4.15389389e+00
  4.19190541e+00  4.28675321e+00  4.34001008e+00  4.38404855e+00
  4.43129520e+00  4.77645343e+00  4.94868666e+00  5.65430585e+00
  1.03285948e+01  2.47224068e+01  2.50143600e+01  2.50308466e+01
  2.51222068e+01  2.52225309e+01  2.52804589e+01  2.64352617e+01
  2.64419767e+01  2.67611489e+01  3.69724849e+01  2.19148607e+02]
E1 = -1780.0336309422655  E_coul = 651.9012070473849
cycle= 12 E= -745.828700222688  delta_E= -1.87e-10  |g|= 5.52e-06  |ddm|= 2.9e-05
    CPU time for cycle= 12      1.63 sec, wall time      0.06 sec
  HOMO = -0.305390448866822  LUMO = 0.0330174417744898
  mo_energy =
[-1.04653759e+02 -1.56820933e+01 -1.13541098e+01 -1.13532034e+01
 -1.13270011e+01 -1.13170679e+01 -1.13074243e+01 -1.13072478e+01
 -1.03801940e+01 -7.84731464e+00 -7.84673921e+00 -7.84672655e+00
 -1.37244359e+00 -1.17302104e+00 -1.12146396e+00 -1.00188586e+00
 -9.47409621e-01 -9.30503908e-01 -8.88312025e-01 -7.96723477e-01
 -7.50466864e-01 -7.24852577e-01 -6.82142710e-01 -6.65201133e-01
 -6.57422022e-01 -6.23992019e-01 -6.06749306e-01 -5.98065545e-01
 -5.49063708e-01 -4.63718792e-01 -4.22408140e-01 -3.05819346e-01
 -3.05671198e-01 -3.05390449e-01  3.30174418e-02  5.92116870e-02
  1.03385769e-01  1.33917007e-01  1.37040227e-01  1.69907622e-01
  1.74159596e-01  2.10700639e-01  2.21006348e-01  2.24072203e-01
  2.61475547e-01  2.73614647e-01  3.43029341e-01  3.60423118e-01
  3.72693033e-01  3.89508128e-01  4.06451407e-01  4.14785368e-01
  4.27123526e-01  4.69672071e-01  4.97673220e-01  5.03794625e-01
  5.14088955e-01  5.32661833e-01  5.43400576e-01  5.47011464e-01
  5.55196953e-01  5.58399678e-01  5.81161705e-01  6.04824833e-01
  6.07942950e-01  6.61789243e-01  6.64781689e-01  6.77687355e-01
  7.08992372e-01  7.11269723e-01  7.38729363e-01  7.55465352e-01
  7.58596307e-01  7.79249281e-01  7.84139126e-01  7.88151988e-01
  8.08761950e-01  8.58088648e-01  8.72696026e-01  8.93334245e-01
  9.00754914e-01  9.41043857e-01  9.50205560e-01  9.90105958e-01
  1.00831485e+00  1.05290624e+00  1.09900466e+00  1.10762449e+00
  1.11540363e+00  1.15667696e+00  1.18949204e+00  1.19571706e+00
  1.25176362e+00  1.27656135e+00  1.29828798e+00  1.30384940e+00
  1.31598412e+00  1.31839470e+00  1.32604335e+00  1.32845858e+00
  1.37345019e+00  1.45108014e+00  1.48219240e+00  1.51154658e+00
  1.55345133e+00  1.58391222e+00  1.64592221e+00  1.65463817e+00
  1.66178832e+00  1.67636491e+00  1.69009637e+00  1.70734385e+00
  1.73822068e+00  1.74801617e+00  1.76932426e+00  1.80082180e+00
  1.84630729e+00  1.89868626e+00  1.90999655e+00  1.91289803e+00
  1.93887426e+00  1.97643961e+00  1.98856736e+00  1.99935143e+00
  2.06343091e+00  2.06913324e+00  2.08189779e+00  2.12390266e+00
  2.14458416e+00  2.17049822e+00  2.17218460e+00  2.23196950e+00
  2.27422595e+00  2.30183357e+00  2.31018543e+00  2.33338565e+00
  2.34491481e+00  2.42305325e+00  2.44879244e+00  2.49667428e+00
  2.54616625e+00  2.61577121e+00  2.64114106e+00  2.64282468e+00
  2.65268517e+00  2.68813100e+00  2.70727999e+00  2.71349870e+00
  2.74768099e+00  2.76238661e+00  2.82505657e+00  2.83082077e+00
  2.85148167e+00  2.86067886e+00  2.86705543e+00  2.88156071e+00
  2.89106254e+00  2.92031948e+00  2.92792822e+00  2.93950415e+00
  2.95706442e+00  2.99680313e+00  3.06398300e+00  3.07920714e+00
  3.08292163e+00  3.18644508e+00  3.25172894e+00  3.26104001e+00
  3.28692815e+00  3.31026737e+00  3.35191337e+00  3.52404103e+00
  3.56657815e+00  3.71101428e+00  3.79113043e+00  3.82592762e+00
  3.98668475e+00  4.00875606e+00  4.09781401e+00  4.15389369e+00
  4.19190464e+00  4.28675195e+00  4.34001040e+00  4.38404890e+00
  4.43129545e+00  4.77645359e+00  4.94868555e+00  5.65430514e+00
  1.03285964e+01  2.47224075e+01  2.50143608e+01  2.50308448e+01
  2.51222072e+01  2.52225319e+01  2.52804598e+01  2.64352631e+01
  2.64419781e+01  2.67611504e+01  3.69724831e+01  2.19148609e+02]
E1 = -1780.0336274419167  E_coul = 651.9012035470118
Extra cycle  E= -745.828700222712  delta_E= -2.43e-11  |g|= 3.55e-06  |ddm|= 8.87e-06
    CPU time for scf_cycle     34.53 sec, wall time      1.30 sec
    CPU time for SCF     34.54 sec, wall time      1.30 sec
converged SCF energy = -745.828700222712
Converting <class 'pyscf.scf.hf.RHF'> to RHF


******** <class 'pyscf.tdscf.rhf.TDA'> for <class 'pyscf.scf.hf.RHF'> ********
nstates = 5 singlet
wfnsym = None
conv_tol = 1e-09
eigh lindep = 1e-12
eigh level_shift = 0
eigh max_space = 8
eigh max_cycle = 2000
chkfile = /scratch/global/yangjunjie/tmpghxvyamv
max_memory 514992 MB (current use 1740 MB)


davidson 0 5  |r|= 0.0479  e= [0.23156385 0.24448091 0.24449577 0.26987006 0.27072878]  max|de|= 0.271  lindep=    1
davidson 1 10  |r|= 0.0306  e= [0.21991436 0.24289638 0.24302402 0.26795995 0.26990934]  max|de|= -0.0116  lindep= 0.887
davidson 2 15  |r|= 0.0528  e= [0.21708426 0.24267701 0.24295909 0.26180695 0.26942906]  max|de|= -0.00615  lindep= 0.771
Old state -> New state
    1     ->     3 
    3     ->     4 
davidson 3 20  |r|= 0.0955  e= [0.2169188  0.24221513 0.24295411 0.24749748 0.25218997]  max|de|= -0.00962  lindep= 0.902
davidson 4 5  |r|= 0.0955  e= [0.2169188  0.24221513 0.24295411 0.24749748 0.25218997]  max|de|= 1.94e-16  lindep= 0.957
Old state -> New state
    3     ->     1 
    1     ->     2 
    2     ->     3 
davidson 5 10  |r|= 0.035  e= [0.21689225 0.23616649 0.24250973 0.2429537  0.25147177]  max|de|= -0.0113  lindep= 0.896
davidson 6 15  |r|= 0.0208  e= [0.21688538 0.23271312 0.24230294 0.2429536  0.25133386]  max|de|= -0.00345  lindep= 0.865
davidson 7 20  |r|= 0.013  e= [0.21688477 0.23160468 0.24204535 0.24295358 0.25131273]  max|de|= -0.00111  lindep= 0.866
root 3 converged  |r|= 1.91e-05  e= 0.24295357911552284  max|de|= -5.55e-17
davidson 8 5  |r|= 0.013  e= [0.21688477 0.23160468 0.24204535 0.24295358 0.25131273]  max|de|= 2.78e-16  lindep= 0.904
davidson 9 9  |r|= 0.00634  e= [0.2168847  0.23129527 0.24191878 0.24295358 0.2513092 ]  max|de|= -0.000309  lindep= 0.772
davidson 10 13  |r|= 0.00349  e= [0.21688469 0.2311977  0.24185917 0.24295358 0.25130728]  max|de|= -9.76e-05  lindep= 0.819
davidson 11 17  |r|= 0.00456  e= [0.21688469 0.23116127 0.24182586 0.24295358 0.2513068 ]  max|de|= -3.64e-05  lindep= 0.836
root 0 converged  |r|= 1.45e-05  e= 0.21688468686812337  max|de|= 8.33e-17
davidson 12 5  |r|= 0.00456  e= [0.21688469 0.23116127 0.24182586 0.24295358 0.2513068 ]  max|de|= -6.11e-16  lindep= 0.985
davidson 13 8  |r|= 0.00296  e= [0.21688469 0.23114019 0.24180274 0.24295358 0.25130668]  max|de|= -2.31e-05  lindep= 0.822
davidson 14 11  |r|= 0.00289  e= [0.21688469 0.23111787 0.24177049 0.24295358 0.25130665]  max|de|= -3.22e-05  lindep= 0.744
davidson 15 14  |r|= 0.00537  e= [0.21688469 0.23110354 0.24173595 0.24295358 0.25130664]  max|de|= -3.45e-05  lindep= 0.707
Old state -> New state
    2     ->     4 
davidson 16 17  |r|= 0.026  e= [0.21688469 0.23109305 0.24168116 0.24295358 0.25007589]  max|de|= 0.00834  lindep= 0.951
davidson 17 5  |r|= 0.026  e= [0.21688469 0.23109305 0.24168116 0.24295358 0.25007589]  max|de|= -3.33e-16  lindep= 0.992
davidson 18 8  |r|= 0.0102  e= [0.21688469 0.23109223 0.24167377 0.24295358 0.2494453 ]  max|de|= -0.000631  lindep= 0.897
davidson 19 11  |r|= 0.00586  e= [0.21688469 0.23109205 0.24167175 0.24295358 0.24927558]  max|de|= -0.00017  lindep= 0.88
davidson 20 14  |r|= 0.00218  e= [0.21688469 0.23109201 0.24167122 0.24295358 0.24922329]  max|de|= -5.23e-05  lindep= 0.914
davidson 21 17  |r|= 0.0012  e= [0.21688469 0.23109201 0.24167114 0.24295358 0.24921548]  max|de|= -7.8e-06  lindep= 0.897
root 1 converged  |r|= 2.68e-05  e= 0.23109200558632806  max|de|= 5e-16
davidson 22 5  |r|= 0.0012  e= [0.21688469 0.23109201 0.24167114 0.24295358 0.24921548]  max|de|= 5e-16  lindep= 0.999
davidson 23 7  |r|= 0.000562  e= [0.21688469 0.231092   0.24167112 0.24295358 0.24921395]  max|de|= -1.53e-06  lindep= 0.874
davidson 24 9  |r|= 0.00026  e= [0.21688469 0.231092   0.24167111 0.24295358 0.24921337]  max|de|= -5.77e-07  lindep= 0.964
davidson 25 11  |r|= 0.000206  e= [0.21688469 0.231092   0.24167111 0.24295358 0.24921323]  max|de|= -1.45e-07  lindep= 0.858
root 2 converged  |r|= 1.14e-05  e= 0.24167111253652604  max|de|= -6.7e-10
davidson 26 13  |r|= 0.000138  e= [0.21688469 0.231092   0.24167111 0.24295358 0.24921313]  max|de|= -9.43e-08  lindep= 0.905
davidson 27 14  |r|= 6.83e-05  e= [0.21688469 0.231092   0.24167111 0.24295358 0.24921309]  max|de|= -4.02e-08  lindep= 0.918
davidson 28 15  |r|= 5.32e-05  e= [0.21688469 0.231092   0.24167111 0.24295358 0.24921308]  max|de|= -9.16e-09  lindep= 0.869
davidson 29 16  |r|= 3.09e-05  e= [0.21688469 0.231092   0.24167111 0.24295358 0.24921308]  max|de|= -2.53e-09  lindep= 0.878
root 4 converged  |r|= 3.09e-05  e= 0.24921308187561364  max|de|= -3.33e-16
converged 30 5  |r|= 3.09e-05  e= [0.21688469 0.231092   0.24167111 0.24295358 0.24921308]  max|de|= -5.83e-16
    CPU time for TDA    209.80 sec, wall time      7.50 sec
Excited State energies (eV)
[5.90173294 6.28833374 6.57620593 6.61110362 6.78143337]
