 
:: initializing oneAPI environment ...
   slurm_script: BASH_VERSION = 4.2.46(1)-release
   args: Using "$@" for setvars.sh arguments: --force
:: advisor -- latest
:: ccl -- latest
:: clck -- latest
:: compiler -- latest
:: dal -- latest
:: debugger -- latest
:: dev-utilities -- latest
:: dnnl -- latest
:: dpcpp-ct -- latest
:: dpl -- latest
:: inspector -- latest
:: intelpython -- latest
:: ipp -- latest
:: ippcp -- latest
:: ipp -- latest
:: itac -- latest
:: mkl -- latest
:: mpi -- latest
:: tbb -- latest
:: vpl -- latest
:: vtune -- latest
:: oneAPI environment initialized ::
 
SLURM_CPUS_PER_TASK = 28
SLURM_MEM_PER_NODE = 256000
#INFO: **** input file is /home/yangjunjie/work/py-ch3-cl/work/scan-41/main.py ****
import sys
import pyscf
from pyscf import tdscf

def main(xyz_file, basis="631g*", xc="b3lyp", output="ene.out"):
    xyz = None

    with open(xyz_file, "r") as xyz:
        xyz = xyz.readlines()[2:]
        xyz = "".join(xyz)

    mol = pyscf.gto.Mole()
    mol.atom = xyz
    mol.basis = basis
    mol.verbose = 5
    mol.build()

    if xc is not None and xc != "hf":
        mf = pyscf.scf.RKS(mol)
        mf.xc = xc
        mf.grids.level = 9
        mf.kernel()
    else:
        mf = pyscf.scf.RHF(mol)
        mf.kernel()

    ene_mf = mf.e_tot

    with open(output, "w") as f:
        tda = pyscf.tdscf.TDA(mf)
        tda.nstates = 5
        tda.max_space = 8
        tda.max_cycle = 2000
        tda.kernel()

        con_tda = tda.converged
        ene_tda = tda.e[:5]
        dip_tda = tda.transition_dipole()[:5]

        f.write(f"RKS energy: {ene_mf: 12.8f}\n")
        f.write("TDA results:\n")
        for i, (con, ene, dip) in enumerate(zip(con_tda, ene_tda, dip_tda)):
            f.write(f" {i:2d} {con} {ene: 12.8f} {dip[0]: 12.8f} {dip[1]: 12.8f} {dip[2]: 12.8f}\n")

        # rpa = pyscf.tdscf.RPA(mf)
        # rpa.nstates = 5
        # rpa.max_space = 8
        # rpa.max_cycle = 2000
        # rpa.kernel()

        # con_rpa = rpa.converged
        # ene_rpa = rpa.e[:5]
        # dip_rpa = rpa.transition_dipole()[:5]
        
        # f.write("\nRPA results:\n")
        # for i, (con, ene, dip) in enumerate(zip(con_rpa, ene_rpa, dip_rpa)):
        #     f.write(f" {i:2d} {con} {ene: 12.8f} {dip[0]: 12.8f} {dip[1]: 12.8f} {dip[2]: 12.8f}\n")

if __name__ == "__main__":
    xyz = sys.argv[1]
    main(xyz, basis="6-311g**", xc=None, output="out.log")
#INFO: ******************** input file end ********************


System: uname_result(system='Linux', node='pauling017', release='3.10.0-327.36.3.el7.x86_64', version='#1 SMP Thu Oct 20 04:56:07 EDT 2016', machine='x86_64')  Threads 28
Python 3.9.7 (default, Oct 27 2021, 01:23:21) 
[GCC 9.3.0]
numpy 1.21.2  scipy 1.6.2
Date: Tue Oct  4 15:31:06 2022
PySCF version 2.0.1
PySCF path  /home/yangjunjie/packages/pyscf/pyscf-main
GIT ORIG_HEAD 14b880cdc4bf7bb64f3989a147c0b04622efc498
GIT HEAD (branch master) 9d5b5bd309d1cc55fbd1a0ec76e26b5b0c7f76af

[ENV] PYSCF_MAX_MEMORY 256000
[ENV] PYSCF_TMPDIR /scratch/global/yangjunjie/
[CONFIG] conf_file /home/yangjunjie/.pyscf_conf.py
[INPUT] verbose = 5
[INPUT] max_memory = 256000 
[INPUT] num. atoms = 16
[INPUT] num. electrons = 68
[INPUT] charge = 0
[INPUT] spin (= nelec alpha-beta = 2S) = 0
[INPUT] symmetry False subgroup None
[INPUT] Mole.unit = angstrom
[INPUT]  1 C      0.000000500000   1.165062300000   1.023029490000 AA    0.000000944863   2.201648665056   1.933245553453 Bohr
[INPUT]  2 C      0.000000640000   1.185826500000   2.398211110000 AA    0.000001209425   2.240887316252   4.531962186789 Bohr
[INPUT]  3 C     -0.000000040000  -0.016206870000   3.081327070000 AA   -0.000000075589  -0.030626545636   5.822864262509 Bohr
[INPUT]  4 C     -0.000000550000  -1.205546770000   2.367418000000 AA   -0.000001039349  -2.278153225654   4.473771642366 Bohr
[INPUT]  5 C     -0.000000720000  -1.150951560000   0.997953990000 AA   -0.000001360603  -2.174983231041   1.885859726017 Bohr
[INPUT]  6 N     -0.000000300000   0.017055300000   0.350923600000 AA   -0.000000566918   0.032229845972   0.663149494646 Bohr
[INPUT]  7 C     -0.000000020000   0.011617240000  -1.122626550000 AA   -0.000000037795   0.021953401923  -2.121456719665 Bohr
[INPUT]  8 H      0.000000970000   2.060881190000   0.434505580000 AA    0.000001833034   3.894501024368   0.821096545795 Bohr
[INPUT]  9 H      0.000001110000   2.127164350000   2.911482180000 AA    0.000002097596   4.019758043438   5.501903936752 Bohr
[INPUT] 10 H      0.000000100000  -0.029604380000   4.155586730000 AA    0.000000188973  -0.055944170288   7.852920806577 Bohr
[INPUT] 11 H     -0.000000870000  -2.158385910000   2.859050770000 AA   -0.000001644062  -4.078758241020   5.402822931527 Bohr
[INPUT] 12 H     -0.000001190000  -2.029269730000   0.381887680000 AA   -0.000002248774  -3.834764022570   0.721663125546 Bohr
[INPUT] 13 H     -0.000003410000   1.021838240000  -1.494403340000 AA   -0.000006443966   1.930994417208  -2.824013032235 Bohr
[INPUT] 14 H     -0.880769470000  -0.491661490000  -1.490011640000 AA   -1.664413077178  -0.929105562096  -2.815713922014 Bohr
[INPUT] 15 H      0.880773000000  -0.491655520000  -1.490011390000 AA    1.664419747912  -0.929094280431  -2.815713449583 Bohr
[INPUT] 16 Cl     0.000000210000  -0.007900290000  -4.590577780000 AA    0.000000396842  -0.014929384405  -8.674934757714 Bohr
[INPUT] ---------------- BASIS SET ---------------- 
[INPUT] l, kappa, [nprim/nctr], expnt,             c_1 c_2 ...
[INPUT] C
[INPUT] 0    0    [6    /1   ]  4563.24           0.00196665
                                682.024           0.0152306
                                154.973           0.0761269
                                44.4553           0.260801
                                13.029            0.616462
                                1.82773           0.221006
[INPUT] 0    0    [3    /1   ]  20.9642           0.11466
                                4.80331           0.919999
                                1.45933           -0.00303068
[INPUT] 0    0    [1    /1   ]  0.483456             1
[INPUT] 0    0    [1    /1   ]  0.145585             1
[INPUT] 1    0    [3    /1   ]  20.9642           0.0402487
                                4.80331           0.237594
                                1.45933           0.815854
[INPUT] 1    0    [1    /1   ]  0.483456             1
[INPUT] 1    0    [1    /1   ]  0.145585             1
[INPUT] 2    0    [1    /1   ]  0.626                1
[INPUT] N
[INPUT] 0    0    [6    /1   ]  6293.48           0.00196979
                                949.044           0.0149613
                                218.776           0.0735006
                                63.6916           0.248937
                                18.8282           0.60246
                                2.72023           0.256202
[INPUT] 0    0    [3    /1   ]  30.6331           0.111906
                                7.02614           0.921666
                                2.11205           -0.00256919
[INPUT] 0    0    [1    /1   ]  0.684009             1
[INPUT] 0    0    [1    /1   ]  0.200878             1
[INPUT] 1    0    [3    /1   ]  30.6331           0.0383119
                                7.02614           0.237403
                                2.11205           0.817592
[INPUT] 1    0    [1    /1   ]  0.684009             1
[INPUT] 1    0    [1    /1   ]  0.200878             1
[INPUT] 2    0    [1    /1   ]  0.913                1
[INPUT] Cl
[INPUT] 0    0    [6    /1   ]  105819            0.000738
                                15872             0.005718
                                3619.65           0.029495
                                1030.8            0.117286
                                339.908           0.362949
                                124.538           0.584149
[INPUT] 0    0    [3    /1   ]  124.538           0.134177
                                49.5135           0.62425
                                20.8056           0.291756
[INPUT] 0    0    [1    /1   ]  6.58346              1
[INPUT] 0    0    [1    /1   ]  2.56468              1
[INPUT] 0    0    [1    /1   ]  0.559763             1
[INPUT] 0    0    [1    /1   ]  0.183273             1
[INPUT] 1    0    [5    /1   ]  589.776           0.002391
                                139.849           0.018504
                                45.1413           0.081377
                                16.8733           0.221552
                                6.7411            0.772569
[INPUT] 1    0    [2    /1   ]  6.7411            -1.572244
                                2.77152           0.992389
[INPUT] 1    0    [1    /1   ]  1.02387              1
[INPUT] 1    0    [1    /1   ]  0.381368             1
[INPUT] 1    0    [1    /1   ]  0.109437             1
[INPUT] 2    0    [1    /1   ]  0.75                 1
[INPUT] H
[INPUT] 0    0    [3    /1   ]  33.865            0.0254938
                                5.09479           0.190373
                                1.15879           0.852161
[INPUT] 0    0    [1    /1   ]  0.32584              1
[INPUT] 0    0    [1    /1   ]  0.102741             1
[INPUT] 1    0    [1    /1   ]  0.75                 1

nuclear repulsion = 372.623525293721
number of shells = 100
number of NR pGTOs = 329
number of NR cGTOs = 200
basis = 6-311g**
ecp = {}
CPU time:         0.38


******** <class 'pyscf.scf.hf.RHF'> ********
method = RHF
initial guess = minao
damping factor = 0
level_shift factor = 0
DIIS = <class 'pyscf.scf.diis.CDIIS'>
diis_start_cycle = 1
diis_space = 8
SCF conv_tol = 1e-09
SCF conv_tol_grad = None
SCF max_cycles = 50
direct_scf = True
direct_scf_tol = 1e-13
chkfile to save SCF result = /scratch/global/yangjunjie/tmpc1qea3ba
max_memory 256000 MB (current use 81 MB)
Set gradient conv threshold to 3.16228e-05
E1 = -1758.9074012023352  E_coul = 638.4144209660825
init E= -747.869454942532
cond(S) = 15156.322434997024
    CPU time for initialize scf     13.56 sec, wall time      0.55 sec
  HOMO = -0.254628972583764  LUMO = 0.00405198886680264
  mo_energy =
[-1.04816216e+02 -1.56434203e+01 -1.13284310e+01 -1.13252783e+01
 -1.13215532e+01 -1.13207058e+01 -1.13194882e+01 -1.13192463e+01
 -1.06096979e+01 -8.06830372e+00 -8.06828652e+00 -8.06828513e+00
 -1.81066406e+00 -1.48285736e+00 -1.34178402e+00 -1.17905714e+00
 -1.08081906e+00 -9.58510642e-01 -9.25678408e-01 -6.95297144e-01
 -6.17529842e-01 -5.79634563e-01 -5.64857964e-01 -5.15127956e-01
 -4.98581470e-01 -4.38010513e-01 -4.36466987e-01 -4.31711631e-01
 -4.25088415e-01 -4.24708082e-01 -3.70270760e-01 -3.56142944e-01
 -2.91509746e-01 -2.54628973e-01  4.05198887e-03  4.36436423e-02
  1.12268186e-01  1.37416640e-01  1.58108053e-01  1.80341986e-01
  1.94610337e-01  1.95235321e-01  2.09586604e-01  2.28633308e-01
  2.43049056e-01  2.47883439e-01  3.64315467e-01  3.75583520e-01
  3.87742777e-01  3.97745617e-01  4.06231059e-01  4.07156802e-01
  4.25006066e-01  4.28831276e-01  4.50362014e-01  4.57430953e-01
  4.90469018e-01  5.13773521e-01  5.40718382e-01  5.45884881e-01
  5.59251757e-01  5.79118817e-01  5.88601765e-01  6.02310233e-01
  6.28727497e-01  6.29888493e-01  6.75987119e-01  6.78989641e-01
  6.89167481e-01  7.20068230e-01  7.42294134e-01  7.49158332e-01
  7.59722727e-01  7.71670111e-01  7.80827696e-01  7.89996035e-01
  8.06408531e-01  8.41016927e-01  8.75256569e-01  8.87910609e-01
  8.91943783e-01  9.40977423e-01  9.63646070e-01  9.70861310e-01
  9.85953987e-01  1.02145869e+00  1.06017171e+00  1.10362743e+00
  1.10370361e+00  1.10720363e+00  1.10828816e+00  1.12213528e+00
  1.13149867e+00  1.13927324e+00  1.18349116e+00  1.23010523e+00
  1.24054912e+00  1.27095389e+00  1.28681643e+00  1.29689188e+00
  1.33546642e+00  1.41369397e+00  1.48059289e+00  1.52797290e+00
  1.62071298e+00  1.62200761e+00  1.66894277e+00  1.67536415e+00
  1.68076934e+00  1.72468668e+00  1.73673108e+00  1.74922166e+00
  1.77315631e+00  1.77748988e+00  1.82837595e+00  1.84839920e+00
  1.89258579e+00  1.89533133e+00  1.91974129e+00  1.95903097e+00
  1.96201474e+00  1.97257104e+00  2.01143337e+00  2.02187381e+00
  2.04415633e+00  2.08485576e+00  2.10996709e+00  2.14688916e+00
  2.15982631e+00  2.18212844e+00  2.19818367e+00  2.24093651e+00
  2.30123213e+00  2.33392840e+00  2.34625495e+00  2.36608105e+00
  2.37273146e+00  2.43093575e+00  2.43275198e+00  2.46193350e+00
  2.50346594e+00  2.50871034e+00  2.55646819e+00  2.61110303e+00
  2.63613763e+00  2.66371531e+00  2.67439058e+00  2.69146106e+00
  2.72654334e+00  2.75344566e+00  2.77498955e+00  2.82010371e+00
  2.87301996e+00  2.87529939e+00  2.88952161e+00  2.90644589e+00
  2.91321510e+00  2.93051229e+00  2.95105482e+00  2.96405244e+00
  2.96879836e+00  3.06292130e+00  3.07684614e+00  3.09987283e+00
  3.12837056e+00  3.22241707e+00  3.22492802e+00  3.28460970e+00
  3.28851563e+00  3.35001166e+00  3.41957925e+00  3.57809683e+00
  3.69980591e+00  3.80760785e+00  3.81691909e+00  3.87526846e+00
  4.01955432e+00  4.10764257e+00  4.12536718e+00  4.15008740e+00
  4.22231954e+00  4.35407359e+00  4.35572105e+00  4.40156710e+00
  4.48643617e+00  4.79470259e+00  5.39879517e+00  5.68997061e+00
  9.99320411e+00  2.47348766e+01  2.50362489e+01  2.50507070e+01
  2.51602301e+01  2.52521361e+01  2.52973860e+01  2.61905648e+01
  2.61971441e+01  2.62947647e+01  3.70178760e+01  2.18857160e+02]
E1 = -1757.8618857151719  E_coul = 639.5798923241576
cycle= 1 E= -745.658468097293  delta_E= 2.21  |g|= 0.73  |ddm|=  3.1
    CPU time for cycle= 1      1.52 sec, wall time      0.05 sec
  HOMO = -0.16921194875822  LUMO = -0.0981439539760775
  mo_energy =
[-1.04335562e+02 -1.60412283e+01 -1.15655932e+01 -1.15629430e+01
 -1.14363078e+01 -1.14292808e+01 -1.14174736e+01 -1.14167286e+01
 -1.01029940e+01 -7.56602087e+00 -7.56584523e+00 -7.56584028e+00
 -1.59992770e+00 -1.30134655e+00 -1.27446175e+00 -1.14712472e+00
 -1.09044958e+00 -1.03059580e+00 -8.92550190e-01 -8.71408398e-01
 -8.40609556e-01 -8.18894843e-01 -7.84669532e-01 -7.80469005e-01
 -7.34529735e-01 -6.77294194e-01 -6.75648562e-01 -6.59352268e-01
 -6.58165531e-01 -5.64144152e-01 -5.35936574e-01 -1.72858550e-01
 -1.69329452e-01 -1.69211949e-01 -9.81439540e-02 -4.52858707e-02
  5.77851394e-02  9.28198432e-02  1.01907410e-01  1.31196089e-01
  1.40096861e-01  1.52038981e-01  1.70975890e-01  1.82675277e-01
  2.08040016e-01  2.18945467e-01  2.70923648e-01  2.81054564e-01
  2.96643609e-01  3.14033941e-01  3.37714359e-01  3.40146411e-01
  3.56816778e-01  3.88286469e-01  4.01713380e-01  4.33110595e-01
  4.58989827e-01  4.72785316e-01  4.82852397e-01  5.06659643e-01
  5.11141178e-01  5.26750835e-01  5.32049918e-01  5.80561569e-01
  5.84225230e-01  6.23894495e-01  6.37311600e-01  6.45572873e-01
  6.50143779e-01  6.56926404e-01  6.73045791e-01  6.85106531e-01
  6.87900745e-01  7.09980419e-01  7.19158011e-01  7.25536387e-01
  7.36053548e-01  7.75602953e-01  7.90643138e-01  8.06061299e-01
  8.08159013e-01  8.62466906e-01  8.71366386e-01  8.95206437e-01
  9.05422369e-01  9.62218981e-01  1.00969429e+00  1.03562455e+00
  1.05970197e+00  1.08174818e+00  1.10240848e+00  1.13159597e+00
  1.14875399e+00  1.16412485e+00  1.16484823e+00  1.20862408e+00
  1.25797294e+00  1.31845011e+00  1.43103613e+00  1.47664640e+00
  1.48891966e+00  1.48968519e+00  1.49089005e+00  1.49102349e+00
  1.50626499e+00  1.50687798e+00  1.53654198e+00  1.57805050e+00
  1.61019078e+00  1.64132830e+00  1.64753496e+00  1.66149924e+00
  1.67527447e+00  1.67911514e+00  1.70536267e+00  1.73292988e+00
  1.78544841e+00  1.80179383e+00  1.81847425e+00  1.83023202e+00
  1.86793554e+00  1.87307915e+00  1.90394845e+00  1.90921651e+00
  1.97007321e+00  1.98251879e+00  2.00719167e+00  2.04087641e+00
  2.05920512e+00  2.06139472e+00  2.08140926e+00  2.16414860e+00
  2.18009092e+00  2.22062645e+00  2.22824611e+00  2.24039031e+00
  2.25043952e+00  2.39822962e+00  2.40905410e+00  2.47141039e+00
  2.48712816e+00  2.52283319e+00  2.56842990e+00  2.59010976e+00
  2.63191682e+00  2.63661905e+00  2.66875858e+00  2.68831750e+00
  2.70066337e+00  2.72564128e+00  2.75961830e+00  2.79936745e+00
  2.79967319e+00  2.80917712e+00  2.81096133e+00  2.82073721e+00
  2.82565857e+00  2.82767491e+00  2.84311937e+00  2.84617335e+00
  2.88258061e+00  2.90066051e+00  2.94706419e+00  2.96341267e+00
  2.97579172e+00  3.06564463e+00  3.11762261e+00  3.13847838e+00
  3.18908886e+00  3.22085333e+00  3.24474931e+00  3.46811928e+00
  3.56259631e+00  3.68296336e+00  3.70029598e+00  3.74873138e+00
  3.81733961e+00  3.95540750e+00  3.96560188e+00  3.98015145e+00
  4.13232745e+00  4.14552842e+00  4.24085634e+00  4.30086274e+00
  4.35297088e+00  4.64988910e+00  5.15062380e+00  5.44230771e+00
  1.04660178e+01  2.45671607e+01  2.48298894e+01  2.49320364e+01
  2.49688023e+01  2.50971178e+01  2.51688182e+01  2.66469052e+01
  2.66534318e+01  2.67500718e+01  3.66123418e+01  2.19328656e+02]
E1 = -1760.2244413879444  E_coul = 641.7943381049708
cycle= 2 E= -745.806577989252  delta_E= -0.148  |g|= 0.382  |ddm|= 1.08
    CPU time for cycle= 2      1.55 sec, wall time      0.06 sec
  HOMO = -0.252199294316512  LUMO = -0.017290260557575
  mo_energy =
[-1.04624244e+02 -1.56839275e+01 -1.13927708e+01 -1.13853667e+01
 -1.13827591e+01 -1.13644463e+01 -1.13637820e+01 -1.12977696e+01
 -1.03383545e+01 -7.80603826e+00 -7.80588324e+00 -7.80588133e+00
 -1.41830507e+00 -1.23274778e+00 -1.16674325e+00 -1.04906313e+00
 -9.92318260e-01 -9.59862525e-01 -8.37907221e-01 -8.32634709e-01
 -7.93174624e-01 -7.72385431e-01 -7.20706702e-01 -7.11669466e-01
 -7.10893095e-01 -6.38846695e-01 -6.19645741e-01 -6.03498316e-01
 -6.02694546e-01 -4.94165482e-01 -4.65237328e-01 -2.55132654e-01
 -2.52506688e-01 -2.52199294e-01 -1.72902606e-02  2.09970406e-02
  7.42396570e-02  1.07044001e-01  1.18116903e-01  1.47034187e-01
  1.54369797e-01  1.97463239e-01  2.00942910e-01  2.39805851e-01
  2.53517890e-01  2.60788719e-01  3.20997244e-01  3.30376912e-01
  3.38669251e-01  3.55621419e-01  3.87443816e-01  3.92526354e-01
  4.08080439e-01  4.38053429e-01  4.63344036e-01  4.66983505e-01
  4.96358483e-01  5.13497215e-01  5.15903666e-01  5.36298553e-01
  5.58471045e-01  5.61439132e-01  5.97392327e-01  6.11459554e-01
  6.19051933e-01  6.30919777e-01  6.38690601e-01  6.48246765e-01
  6.76555904e-01  6.83887269e-01  7.07042905e-01  7.18648773e-01
  7.29196307e-01  7.40836235e-01  7.58436871e-01  7.69879172e-01
  7.85805312e-01  8.20328464e-01  8.33679550e-01  8.44481743e-01
  8.88559790e-01  9.19595941e-01  9.29834957e-01  9.55028360e-01
  9.71424889e-01  1.02063857e+00  1.05540610e+00  1.06727481e+00
  1.08206973e+00  1.12644828e+00  1.15022199e+00  1.17879820e+00
  1.20684497e+00  1.21941081e+00  1.22905851e+00  1.26820006e+00
  1.33458982e+00  1.36845363e+00  1.36845613e+00  1.36989033e+00
  1.37046803e+00  1.37123855e+00  1.43044474e+00  1.49507238e+00
  1.55403584e+00  1.57922073e+00  1.59796918e+00  1.62623341e+00
  1.66812188e+00  1.68319798e+00  1.69924175e+00  1.70121113e+00
  1.71419495e+00  1.71874192e+00  1.76073633e+00  1.78714117e+00
  1.84540996e+00  1.84728953e+00  1.88487946e+00  1.89676685e+00
  1.90139747e+00  1.92668330e+00  1.94692415e+00  1.95292302e+00
  2.02076872e+00  2.03534364e+00  2.05632710e+00  2.08156800e+00
  2.09512331e+00  2.13104179e+00  2.13274887e+00  2.21755536e+00
  2.24773245e+00  2.28217726e+00  2.30992063e+00  2.31099229e+00
  2.32402824e+00  2.44841331e+00  2.46709896e+00  2.49372175e+00
  2.57521745e+00  2.59129530e+00  2.61752507e+00  2.65784352e+00
  2.66087742e+00  2.67929106e+00  2.68500899e+00  2.68552878e+00
  2.71389043e+00  2.73637395e+00  2.75076330e+00  2.78952094e+00
  2.80993053e+00  2.81899492e+00  2.82530422e+00  2.83428198e+00
  2.84797103e+00  2.87640052e+00  2.89407556e+00  2.93310676e+00
  2.93811111e+00  3.01020632e+00  3.02193264e+00  3.04006175e+00
  3.05390702e+00  3.15590693e+00  3.20955477e+00  3.22961992e+00
  3.23822337e+00  3.28372924e+00  3.37470718e+00  3.52687811e+00
  3.65268739e+00  3.75704941e+00  3.76642502e+00  3.83491148e+00
  3.95911259e+00  4.08076970e+00  4.10506008e+00  4.10973736e+00
  4.21236805e+00  4.29291109e+00  4.31436354e+00  4.33585200e+00
  4.42892321e+00  4.73731541e+00  5.36221976e+00  5.63755733e+00
  1.02639808e+01  2.46652709e+01  2.49682417e+01  2.50571064e+01
  2.50817405e+01  2.51871976e+01  2.52323461e+01  2.64552280e+01
  2.64617656e+01  2.65581220e+01  3.69631237e+01  2.19046940e+02]
E1 = -1759.3227840557697  E_coul = 640.8620050080531
cycle= 3 E= -745.837253753996  delta_E= -0.0307  |g|= 0.111  |ddm|= 0.333
    CPU time for cycle= 3      1.54 sec, wall time      0.05 sec
  HOMO = -0.265199279463246  LUMO = -0.00939291149407733
  mo_energy =
[-1.04638322e+02 -1.57628560e+01 -1.13862726e+01 -1.13848915e+01
 -1.13423513e+01 -1.13275280e+01 -1.13272638e+01 -1.13012364e+01
 -1.03578036e+01 -7.82520436e+00 -7.82508764e+00 -7.82508354e+00
 -1.43977113e+00 -1.21420482e+00 -1.16032928e+00 -1.05036157e+00
 -9.89300475e-01 -9.52161452e-01 -8.51224678e-01 -8.25548970e-01
 -7.87968612e-01 -7.61026420e-01 -7.23097874e-01 -7.16203180e-01
 -7.13036800e-01 -6.28777525e-01 -6.17848856e-01 -6.09895459e-01
 -6.02321058e-01 -4.89296353e-01 -4.55263838e-01 -2.68390269e-01
 -2.65419406e-01 -2.65199279e-01 -9.39291149e-03  3.03110608e-02
  8.34953740e-02  1.12571881e-01  1.21102618e-01  1.53133891e-01
  1.57036370e-01  2.00154747e-01  2.02292821e-01  2.38497912e-01
  2.54632635e-01  2.58408898e-01  3.31797654e-01  3.39670570e-01
  3.47474945e-01  3.60983475e-01  3.87731885e-01  3.90511026e-01
  4.09053191e-01  4.40473547e-01  4.64856052e-01  4.79094234e-01
  5.06743551e-01  5.23233834e-01  5.25561452e-01  5.48912003e-01
  5.61590725e-01  5.66010531e-01  5.95302034e-01  6.04157031e-01
  6.15203026e-01  6.37260706e-01  6.37486765e-01  6.41527143e-01
  6.88807401e-01  6.89775350e-01  7.15421684e-01  7.27834872e-01
  7.32638119e-01  7.52338428e-01  7.60693110e-01  7.64948034e-01
  7.84187412e-01  8.32231193e-01  8.41181015e-01  8.48912994e-01
  8.73012725e-01  9.26160483e-01  9.40127769e-01  9.63982766e-01
  9.73714417e-01  1.02146451e+00  1.04759862e+00  1.07821821e+00
  1.08840173e+00  1.13310594e+00  1.16409175e+00  1.17216939e+00
  1.21768339e+00  1.22613774e+00  1.22770612e+00  1.27608691e+00
  1.33647103e+00  1.35212286e+00  1.35213018e+00  1.35361003e+00
  1.35426101e+00  1.35712314e+00  1.41699860e+00  1.49402279e+00
  1.56201517e+00  1.57557674e+00  1.60882742e+00  1.63394864e+00
  1.68077692e+00  1.68130456e+00  1.70836194e+00  1.71189631e+00
  1.71857503e+00  1.72891638e+00  1.77063810e+00  1.79526348e+00
  1.84781723e+00  1.85109608e+00  1.88585428e+00  1.90480148e+00
  1.91144281e+00  1.92551213e+00  1.95738750e+00  1.96274979e+00
  2.02066064e+00  2.03777718e+00  2.06591838e+00  2.09346381e+00
  2.11300636e+00  2.14282694e+00  2.14635360e+00  2.22161935e+00
  2.25861699e+00  2.28649922e+00  2.30851435e+00  2.31384281e+00
  2.32600039e+00  2.46280497e+00  2.46781052e+00  2.51405450e+00
  2.57926589e+00  2.59153444e+00  2.63006442e+00  2.65202224e+00
  2.66830562e+00  2.67189077e+00  2.67565329e+00  2.68153238e+00
  2.70243087e+00  2.73058402e+00  2.74954680e+00  2.79195205e+00
  2.81256428e+00  2.82223205e+00  2.83715415e+00  2.85320489e+00
  2.86178398e+00  2.89208293e+00  2.90391582e+00  2.93031436e+00
  2.93890419e+00  3.00347907e+00  3.03585155e+00  3.04892319e+00
  3.06814137e+00  3.15991015e+00  3.21322562e+00  3.23209464e+00
  3.23998679e+00  3.30090734e+00  3.36444058e+00  3.55332270e+00
  3.66625174e+00  3.77511440e+00  3.78799163e+00  3.83925946e+00
  3.94691643e+00  4.07573735e+00  4.09411657e+00  4.09991815e+00
  4.20824307e+00  4.27840099e+00  4.31223599e+00  4.36060311e+00
  4.44074089e+00  4.74926624e+00  5.32578521e+00  5.61039364e+00
  1.02452343e+01  2.46916621e+01  2.49810244e+01  2.50557698e+01
  2.51024777e+01  2.52088899e+01  2.52662722e+01  2.64366967e+01
  2.64432143e+01  2.65395321e+01  3.68861215e+01  2.19032351e+02]
E1 = -1759.643183568875  E_coul = 641.1791941460365
cycle= 4 E= -745.840464129117  delta_E= -0.00321  |g|= 0.0343  |ddm|= 0.117
    CPU time for cycle= 4      1.54 sec, wall time      0.05 sec
  HOMO = -0.257396507800595  LUMO = -0.0127468057651796
  mo_energy =
[-1.04605940e+02 -1.57524654e+01 -1.13950012e+01 -1.13927787e+01
 -1.13637224e+01 -1.13423622e+01 -1.13418697e+01 -1.13080049e+01
 -1.03327251e+01 -7.79952654e+00 -7.79942160e+00 -7.79941630e+00
 -1.43955976e+00 -1.22199086e+00 -1.16437392e+00 -1.05254274e+00
 -9.92793154e-01 -9.56280674e-01 -8.41723019e-01 -8.29014065e-01
 -7.94241950e-01 -7.63707307e-01 -7.23322894e-01 -7.20452455e-01
 -7.17207170e-01 -6.35008625e-01 -6.23522351e-01 -6.11238028e-01
 -6.04936602e-01 -4.93689394e-01 -4.59787049e-01 -2.60545809e-01
 -2.57561109e-01 -2.57396508e-01 -1.27468058e-02  2.65321714e-02
  8.24934646e-02  1.12281226e-01  1.20866350e-01  1.52766971e-01
  1.57034354e-01  2.00593766e-01  2.00645826e-01  2.38794647e-01
  2.53245536e-01  2.58643278e-01  3.29747857e-01  3.37278137e-01
  3.44828706e-01  3.58167310e-01  3.87769952e-01  3.89033233e-01
  4.07945071e-01  4.38912368e-01  4.62864518e-01  4.75227159e-01
  5.02424952e-01  5.20787427e-01  5.22243100e-01  5.46069616e-01
  5.60157492e-01  5.64658034e-01  5.96383104e-01  6.05165335e-01
  6.16252494e-01  6.34519623e-01  6.37364987e-01  6.42795258e-01
  6.85488536e-01  6.87667823e-01  7.13068142e-01  7.24522671e-01
  7.30253897e-01  7.49320246e-01  7.59017951e-01  7.64423939e-01
  7.83035104e-01  8.28730708e-01  8.40550152e-01  8.44704428e-01
  8.74448950e-01  9.22722491e-01  9.35974823e-01  9.58733641e-01
  9.70530299e-01  1.01982087e+00  1.05233582e+00  1.07434513e+00
  1.08578789e+00  1.13107346e+00  1.15743802e+00  1.17146819e+00
  1.21430887e+00  1.22432660e+00  1.22452894e+00  1.27215411e+00
  1.33408427e+00  1.36383953e+00  1.36384164e+00  1.36529551e+00
  1.36562388e+00  1.36626060e+00  1.41898440e+00  1.49300544e+00
  1.55771747e+00  1.57472154e+00  1.60437963e+00  1.63109606e+00
  1.67569709e+00  1.68212246e+00  1.70431682e+00  1.71106533e+00
  1.71536891e+00  1.72552834e+00  1.76683261e+00  1.79336088e+00
  1.84744500e+00  1.84983938e+00  1.88516042e+00  1.90254707e+00
  1.90854581e+00  1.92468665e+00  1.95541272e+00  1.96076320e+00
  2.01996043e+00  2.03609836e+00  2.06257365e+00  2.09079885e+00
  2.10732161e+00  2.13747486e+00  2.14024960e+00  2.21937289e+00
  2.25369191e+00  2.28392133e+00  2.30718765e+00  2.31057827e+00
  2.32346749e+00  2.45788314e+00  2.46598554e+00  2.51043988e+00
  2.57878586e+00  2.58962024e+00  2.62651856e+00  2.65441053e+00
  2.67590037e+00  2.67699172e+00  2.68176687e+00  2.68311120e+00
  2.71123867e+00  2.72977125e+00  2.74938416e+00  2.79063398e+00
  2.81037071e+00  2.82097264e+00  2.83416581e+00  2.85149415e+00
  2.85992024e+00  2.88462645e+00  2.90127084e+00  2.92737033e+00
  2.93753468e+00  3.00224360e+00  3.03043333e+00  3.04328828e+00
  3.05941503e+00  3.15387257e+00  3.21167616e+00  3.22778703e+00
  3.23726130e+00  3.29190017e+00  3.36282274e+00  3.54240004e+00
  3.65869811e+00  3.76711062e+00  3.77979135e+00  3.83392576e+00
  3.94612723e+00  4.07233696e+00  4.09517604e+00  4.09737325e+00
  4.20695621e+00  4.28194197e+00  4.30625399e+00  4.35295008e+00
  4.43501652e+00  4.74213629e+00  5.32890937e+00  5.61116261e+00
  1.02663407e+01  2.46781300e+01  2.49708411e+01  2.50490547e+01
  2.50887503e+01  2.51967474e+01  2.52509048e+01  2.64565831e+01
  2.64630870e+01  2.65593889e+01  3.68961923e+01  2.19063798e+02]
E1 = -1759.5859867175968  E_coul = 641.1217001186767
cycle= 5 E= -745.840761305199  delta_E= -0.000297  |g|= 0.00503  |ddm|= 0.0334
    CPU time for cycle= 5      1.55 sec, wall time      0.06 sec
  HOMO = -0.257353340346384  LUMO = -0.0125813636609076
  mo_energy =
[-1.04608735e+02 -1.57527035e+01 -1.13963417e+01 -1.13942944e+01
 -1.13628966e+01 -1.13421949e+01 -1.13417160e+01 -1.13099523e+01
 -1.03337410e+01 -7.80067091e+00 -7.80056766e+00 -7.80056186e+00
 -1.43979939e+00 -1.22160708e+00 -1.16448426e+00 -1.05291778e+00
 -9.92976779e-01 -9.56564114e-01 -8.41710395e-01 -8.29378812e-01
 -7.94432692e-01 -7.64112552e-01 -7.23566460e-01 -7.20856356e-01
 -7.17578475e-01 -6.35229796e-01 -6.23943516e-01 -6.11965958e-01
 -6.05269735e-01 -4.93506668e-01 -4.59720129e-01 -2.60408146e-01
 -2.57493782e-01 -2.57353340e-01 -1.25813637e-02  2.64130533e-02
  8.24737713e-02  1.12158250e-01  1.20662229e-01  1.52691548e-01
  1.56842829e-01  2.00454513e-01  2.00477162e-01  2.38521686e-01
  2.53058745e-01  2.58354924e-01  3.29539286e-01  3.37215562e-01
  3.44698903e-01  3.58046345e-01  3.87487327e-01  3.88770291e-01
  4.07643038e-01  4.38741172e-01  4.62590651e-01  4.75608124e-01
  5.02550138e-01  5.20900873e-01  5.22138492e-01  5.45989854e-01
  5.59946528e-01  5.64722011e-01  5.96367963e-01  6.04799743e-01
  6.16002199e-01  6.34472182e-01  6.36946258e-01  6.42575908e-01
  6.85626877e-01  6.87442603e-01  7.12740910e-01  7.24356809e-01
  7.29849377e-01  7.49158847e-01  7.58735968e-01  7.63781926e-01
  7.82554777e-01  8.28727283e-01  8.40269154e-01  8.44713420e-01
  8.74307526e-01  9.22526525e-01  9.35838976e-01  9.58831818e-01
  9.70235900e-01  1.01951228e+00  1.05224481e+00  1.07417136e+00
  1.08579191e+00  1.13110597e+00  1.15742052e+00  1.17109857e+00
  1.21404839e+00  1.22410064e+00  1.22437547e+00  1.27183740e+00
  1.33364819e+00  1.36391399e+00  1.36391733e+00  1.36537130e+00
  1.36567082e+00  1.36631393e+00  1.41877436e+00  1.49250245e+00
  1.55775963e+00  1.57426889e+00  1.60420771e+00  1.63081119e+00
  1.67557716e+00  1.68178041e+00  1.70415781e+00  1.71063852e+00
  1.71516363e+00  1.72527578e+00  1.76658043e+00  1.79294885e+00
  1.84702020e+00  1.84935229e+00  1.88461778e+00  1.90212811e+00
  1.90846300e+00  1.92420040e+00  1.95519330e+00  1.96041696e+00
  2.01950755e+00  2.03576531e+00  2.06241821e+00  2.09042213e+00
  2.10726967e+00  2.13717716e+00  2.14011495e+00  2.21911947e+00
  2.25353702e+00  2.28370562e+00  2.30676718e+00  2.31034408e+00
  2.32309289e+00  2.45787231e+00  2.46547233e+00  2.51030473e+00
  2.57833160e+00  2.58922004e+00  2.62618761e+00  2.65406527e+00
  2.67565982e+00  2.67661816e+00  2.68160842e+00  2.68290559e+00
  2.71104416e+00  2.72922740e+00  2.74883660e+00  2.79005011e+00
  2.80983814e+00  2.82048191e+00  2.83387636e+00  2.85131008e+00
  2.85961014e+00  2.88443692e+00  2.90092737e+00  2.92685280e+00
  2.93683127e+00  3.00173716e+00  3.03025883e+00  3.04309549e+00
  3.05928849e+00  3.15350031e+00  3.21133875e+00  3.22753619e+00
  3.23694170e+00  3.29204432e+00  3.36222334e+00  3.54254174e+00
  3.65839875e+00  3.76699262e+00  3.77980639e+00  3.83354591e+00
  3.94537151e+00  4.07202760e+00  4.09455430e+00  4.09668234e+00
  4.20613558e+00  4.28147911e+00  4.30603889e+00  4.35288014e+00
  4.43460814e+00  4.74211474e+00  5.32831529e+00  5.61079816e+00
  1.02656792e+01  2.46778921e+01  2.49700187e+01  2.50472595e+01
  2.50883623e+01  2.51963808e+01  2.52510592e+01  2.64560448e+01
  2.64625397e+01  2.65588122e+01  3.68959547e+01  2.19061195e+02]
E1 = -1759.5933330157545  E_coul = 641.129032520901
cycle= 6 E= -745.840775201132  delta_E= -1.39e-05  |g|= 0.00193  |ddm|= 0.00823
    CPU time for cycle= 6      1.55 sec, wall time      0.06 sec
  HOMO = -0.257383710934132  LUMO = -0.0125404647131883
  mo_energy =
[-1.04608898e+02 -1.57528098e+01 -1.13960905e+01 -1.13938922e+01
 -1.13636372e+01 -1.13421104e+01 -1.13416285e+01 -1.13090899e+01
 -1.03338583e+01 -7.80078821e+00 -7.80068380e+00 -7.80067777e+00
 -1.43973977e+00 -1.22174613e+00 -1.16442071e+00 -1.05284035e+00
 -9.92965385e-01 -9.56534788e-01 -8.41727050e-01 -8.29425891e-01
 -7.94456979e-01 -7.64035165e-01 -7.23455427e-01 -7.20807174e-01
 -7.17664933e-01 -6.35262860e-01 -6.23974079e-01 -6.11827483e-01
 -6.05186645e-01 -4.93561493e-01 -4.59666004e-01 -2.60392029e-01
 -2.57512348e-01 -2.57383711e-01 -1.25404647e-02  2.64361484e-02
  8.24558740e-02  1.12197376e-01  1.20636493e-01  1.52686256e-01
  1.56863353e-01  2.00475455e-01  2.00487227e-01  2.38557508e-01
  2.53071497e-01  2.58410153e-01  3.29534124e-01  3.37194973e-01
  3.44662446e-01  3.58033611e-01  3.87573476e-01  3.88774105e-01
  4.07671668e-01  4.38765737e-01  4.62647500e-01  4.75598078e-01
  5.02455365e-01  5.20980960e-01  5.22113025e-01  5.45918410e-01
  5.59966217e-01  5.64714299e-01  5.96335746e-01  6.04853878e-01
  6.16001653e-01  6.34529123e-01  6.36986336e-01  6.42571005e-01
  6.85599068e-01  6.87392930e-01  7.12756039e-01  7.24315808e-01
  7.29864269e-01  7.49171523e-01  7.58772435e-01  7.63927909e-01
  7.82632685e-01  8.28661400e-01  8.40366804e-01  8.44667373e-01
  8.74371421e-01  9.22497603e-01  9.35824360e-01  9.58750058e-01
  9.70286444e-01  1.01957873e+00  1.05225142e+00  1.07415046e+00
  1.08580197e+00  1.13103672e+00  1.15735903e+00  1.17115953e+00
  1.21407395e+00  1.22407645e+00  1.22441153e+00  1.27184263e+00
  1.33367179e+00  1.36390007e+00  1.36390316e+00  1.36535607e+00
  1.36566228e+00  1.36630331e+00  1.41882491e+00  1.49257181e+00
  1.55770976e+00  1.57435457e+00  1.60416667e+00  1.63085314e+00
  1.67548350e+00  1.68184010e+00  1.70409882e+00  1.71072971e+00
  1.71511281e+00  1.72526007e+00  1.76654929e+00  1.79299272e+00
  1.84706269e+00  1.84937422e+00  1.88469261e+00  1.90215600e+00
  1.90837131e+00  1.92425820e+00  1.95522666e+00  1.96046712e+00
  2.01958042e+00  2.03572392e+00  2.06237875e+00  2.09037849e+00
  2.10720264e+00  2.13720204e+00  2.14001590e+00  2.21914126e+00
  2.25347192e+00  2.28372607e+00  2.30681418e+00  2.31034555e+00
  2.32311752e+00  2.45778780e+00  2.46555138e+00  2.51015719e+00
  2.57838556e+00  2.58924333e+00  2.62619613e+00  2.65412154e+00
  2.67555704e+00  2.67668117e+00  2.68159823e+00  2.68290004e+00
  2.71104751e+00  2.72936340e+00  2.74891233e+00  2.79014416e+00
  2.80990710e+00  2.82043310e+00  2.83379142e+00  2.85136529e+00
  2.85952419e+00  2.88445321e+00  2.90095342e+00  2.92700741e+00
  2.93698668e+00  3.00180209e+00  3.03015481e+00  3.04318856e+00
  3.05910628e+00  3.15360486e+00  3.21138501e+00  3.22750339e+00
  3.23697078e+00  3.29196553e+00  3.36230248e+00  3.54237756e+00
  3.65846098e+00  3.76695696e+00  3.77968642e+00  3.83360168e+00
  3.94543486e+00  4.07207687e+00  4.09474898e+00  4.09677556e+00
  4.20637208e+00  4.28158896e+00  4.30605130e+00  4.35269123e+00
  4.43463882e+00  4.74199997e+00  5.32841610e+00  5.61079570e+00
  1.02655936e+01  2.46778553e+01  2.49702451e+01  2.50480401e+01
  2.50882218e+01  2.51965409e+01  2.52509483e+01  2.64559825e+01
  2.64624728e+01  2.65587265e+01  3.68958523e+01  2.19061041e+02]
E1 = -1759.5947961005086  E_coul = 641.1304925522787
cycle= 7 E= -745.840778254509  delta_E= -3.05e-06  |g|= 0.000893  |ddm|= 0.00353
    CPU time for cycle= 7      1.55 sec, wall time      0.06 sec
  HOMO = -0.257403139586991  LUMO = -0.0124342384518213
  mo_energy =
[-1.04608613e+02 -1.57523902e+01 -1.13962189e+01 -1.13940823e+01
 -1.13632952e+01 -1.13418922e+01 -1.13413981e+01 -1.13094334e+01
 -1.03337319e+01 -7.80064985e+00 -7.80054480e+00 -7.80053869e+00
 -1.43967242e+00 -1.22163188e+00 -1.16438715e+00 -1.05285497e+00
 -9.92873443e-01 -9.56517144e-01 -8.41728910e-01 -8.29423458e-01
 -7.94360293e-01 -7.63967276e-01 -7.23446161e-01 -7.20784602e-01
 -7.17615947e-01 -6.35152501e-01 -6.23914219e-01 -6.11936184e-01
 -6.05236512e-01 -4.93478980e-01 -4.59635311e-01 -2.60399796e-01
 -2.57527560e-01 -2.57403140e-01 -1.24342385e-02  2.64855119e-02
  8.24957814e-02  1.12223702e-01  1.20625611e-01  1.52707477e-01
  1.56865177e-01  2.00463732e-01  2.00487173e-01  2.38523279e-01
  2.53070552e-01  2.58395242e-01  3.29569845e-01  3.37237945e-01
  3.44719608e-01  3.58086129e-01  3.87529726e-01  3.88790079e-01
  4.07664771e-01  4.38784254e-01  4.62672416e-01  4.75666402e-01
  5.02516508e-01  5.21013497e-01  5.22168799e-01  5.45975421e-01
  5.59984542e-01  5.64742017e-01  5.96337771e-01  6.04828498e-01
  6.15983338e-01  6.34559089e-01  6.36972351e-01  6.42553409e-01
  6.85677796e-01  6.87392097e-01  7.12784391e-01  7.24377654e-01
  7.29864996e-01  7.49235178e-01  7.58784313e-01  7.63824373e-01
  7.82587417e-01  8.28731705e-01  8.40324999e-01  8.44734844e-01
  8.74411784e-01  9.22507600e-01  9.35896523e-01  9.58825254e-01
  9.70328437e-01  1.01957352e+00  1.05225170e+00  1.07419773e+00
  1.08586760e+00  1.13108629e+00  1.15744964e+00  1.17115881e+00
  1.21411541e+00  1.22411589e+00  1.22443027e+00  1.27187005e+00
  1.33370487e+00  1.36390414e+00  1.36390724e+00  1.36535859e+00
  1.36566809e+00  1.36630929e+00  1.41886840e+00  1.49252472e+00
  1.55778042e+00  1.57432096e+00  1.60422550e+00  1.63087050e+00
  1.67555653e+00  1.68175435e+00  1.70412705e+00  1.71067512e+00
  1.71517915e+00  1.72529435e+00  1.76660162e+00  1.79303530e+00
  1.84704336e+00  1.84935625e+00  1.88469956e+00  1.90216351e+00
  1.90844530e+00  1.92422505e+00  1.95526669e+00  1.96052315e+00
  2.01953305e+00  2.03569305e+00  2.06243924e+00  2.09040828e+00
  2.10732371e+00  2.13726426e+00  2.14008767e+00  2.21913194e+00
  2.25356417e+00  2.28374798e+00  2.30679781e+00  2.31038863e+00
  2.32312741e+00  2.45786247e+00  2.46551725e+00  2.51026287e+00
  2.57837970e+00  2.58925297e+00  2.62626519e+00  2.65407501e+00
  2.67564863e+00  2.67662771e+00  2.68160936e+00  2.68290293e+00
  2.71104108e+00  2.72930816e+00  2.74885191e+00  2.79010608e+00
  2.80993493e+00  2.82042180e+00  2.83386314e+00  2.85148863e+00
  2.85956690e+00  2.88451225e+00  2.90100368e+00  2.92699338e+00
  2.93689974e+00  3.00182924e+00  3.03025819e+00  3.04328385e+00
  3.05917138e+00  3.15362788e+00  3.21137043e+00  3.22757938e+00
  3.23696088e+00  3.29208640e+00  3.36232947e+00  3.54253832e+00
  3.65851420e+00  3.76704090e+00  3.77980399e+00  3.83364088e+00
  3.94542896e+00  4.07213011e+00  4.09471352e+00  4.09674594e+00
  4.20625255e+00  4.28170228e+00  4.30616103e+00  4.35282705e+00
  4.43467685e+00  4.74213944e+00  5.32853731e+00  5.61094263e+00
  1.02656812e+01  2.46779687e+01  2.49702251e+01  2.50477271e+01
  2.50882859e+01  2.51966278e+01  2.52511480e+01  2.64560628e+01
  2.64625511e+01  2.65587970e+01  3.68962584e+01  2.19061308e+02]
E1 = -1759.593482854366  E_coul = 641.1291785654106
cycle= 8 E= -745.840778995234  delta_E= -7.41e-07  |g|= 0.000383  |ddm|= 0.00164
    CPU time for cycle= 8      1.55 sec, wall time      0.06 sec
  HOMO = -0.25744287551681  LUMO = -0.0124365582565405
  mo_energy =
[-1.04608741e+02 -1.57523870e+01 -1.13962403e+01 -1.13940546e+01
 -1.13635005e+01 -1.13418662e+01 -1.13413815e+01 -1.13094217e+01
 -1.03338270e+01 -7.80074851e+00 -7.80064356e+00 -7.80063743e+00
 -1.43965308e+00 -1.22165252e+00 -1.16436838e+00 -1.05285402e+00
 -9.92867180e-01 -9.56516273e-01 -8.41771477e-01 -8.29438683e-01
 -7.94362406e-01 -7.63951869e-01 -7.23445180e-01 -7.20763886e-01
 -7.17630018e-01 -6.35149466e-01 -6.23919274e-01 -6.11917920e-01
 -6.05226959e-01 -4.93504256e-01 -4.59638402e-01 -2.60433470e-01
 -2.57566286e-01 -2.57442876e-01 -1.24365583e-02  2.64964283e-02
  8.24931146e-02  1.12236514e-01  1.20615799e-01  1.52707046e-01
  1.56871388e-01  2.00471733e-01  2.00481785e-01  2.38529151e-01
  2.53071247e-01  2.58404393e-01  3.29570730e-01  3.37238819e-01
  3.44717917e-01  3.58084677e-01  3.87542537e-01  3.88797014e-01
  4.07675690e-01  4.38795768e-01  4.62688445e-01  4.75657062e-01
  5.02507387e-01  5.21021454e-01  5.22171955e-01  5.45962917e-01
  5.59983728e-01  5.64731307e-01  5.96320783e-01  6.04824599e-01
  6.15975719e-01  6.34564200e-01  6.36976202e-01  6.42543410e-01
  6.85666844e-01  6.87380010e-01  7.12788261e-01  7.24377694e-01
  7.29868858e-01  7.49241465e-01  7.58795244e-01  7.63840599e-01
  7.82596234e-01  8.28719893e-01  8.40337157e-01  8.44728443e-01
  8.74412001e-01  9.22502316e-01  9.35896877e-01  9.58831674e-01
  9.70338997e-01  1.01958789e+00  1.05222829e+00  1.07420109e+00
  1.08587274e+00  1.13106765e+00  1.15743861e+00  1.17116463e+00
  1.21412831e+00  1.22410975e+00  1.22444248e+00  1.27186689e+00
  1.33371350e+00  1.36385035e+00  1.36385337e+00  1.36530520e+00
  1.36562345e+00  1.36626405e+00  1.41887153e+00  1.49253876e+00
  1.55778439e+00  1.57433851e+00  1.60422710e+00  1.63088573e+00
  1.67554123e+00  1.68177622e+00  1.70411868e+00  1.71068959e+00
  1.71517538e+00  1.72529473e+00  1.76659537e+00  1.79305157e+00
  1.84705635e+00  1.84935749e+00  1.88471511e+00  1.90216837e+00
  1.90843986e+00  1.92422850e+00  1.95529176e+00  1.96054352e+00
  2.01954765e+00  2.03568574e+00  2.06244394e+00  2.09040391e+00
  2.10732027e+00  2.13726950e+00  2.14006653e+00  2.21914462e+00
  2.25355245e+00  2.28376492e+00  2.30680978e+00  2.31039549e+00
  2.32314114e+00  2.45785713e+00  2.46552940e+00  2.51024837e+00
  2.57840250e+00  2.58926957e+00  2.62627314e+00  2.65408580e+00
  2.67562887e+00  2.67661868e+00  2.68156348e+00  2.68286301e+00
  2.71100207e+00  2.72932796e+00  2.74886469e+00  2.79011716e+00
  2.80993977e+00  2.82040868e+00  2.83385277e+00  2.85152636e+00
  2.85955614e+00  2.88450287e+00  2.90102092e+00  2.92701104e+00
  2.93691394e+00  3.00184142e+00  3.03024273e+00  3.04330468e+00
  3.05911087e+00  3.15364162e+00  3.21138908e+00  3.22758147e+00
  3.23697499e+00  3.29207325e+00  3.36234067e+00  3.54250511e+00
  3.65852370e+00  3.76703815e+00  3.77977927e+00  3.83364064e+00
  3.94543716e+00  4.07214268e+00  4.09473698e+00  4.09675710e+00
  4.20627068e+00  4.28172499e+00  4.30617586e+00  4.35279032e+00
  4.43468221e+00  4.74212098e+00  5.32855651e+00  5.61095368e+00
  1.02655983e+01  2.46779277e+01  2.49702346e+01  2.50477341e+01
  2.50881996e+01  2.51966436e+01  2.52511079e+01  2.64559835e+01
  2.64624713e+01  2.65587156e+01  3.68962623e+01  2.19061183e+02]
E1 = -1759.5942288240044  E_coul = 641.129924338109
cycle= 9 E= -745.840779192174  delta_E= -1.97e-07  |g|= 0.000158  |ddm|= 0.000921
    CPU time for cycle= 9      1.56 sec, wall time      0.06 sec
  HOMO = -0.257422591646573  LUMO = -0.0124434121299431
  mo_energy =
[-1.04608712e+02 -1.57523449e+01 -1.13962952e+01 -1.13941293e+01
 -1.13634920e+01 -1.13418633e+01 -1.13413671e+01 -1.13093430e+01
 -1.03337906e+01 -7.80071250e+00 -7.80060765e+00 -7.80060153e+00
 -1.43965482e+00 -1.22165173e+00 -1.16438469e+00 -1.05283373e+00
 -9.92871663e-01 -9.56523195e-01 -8.41750351e-01 -8.29446039e-01
 -7.94370775e-01 -7.63951019e-01 -7.23448537e-01 -7.20779600e-01
 -7.17616936e-01 -6.35151937e-01 -6.23921941e-01 -6.11890078e-01
 -6.05211078e-01 -4.93509613e-01 -4.59659229e-01 -2.60412936e-01
 -2.57546361e-01 -2.57422592e-01 -1.24434121e-02  2.64877441e-02
  8.24893833e-02  1.12233783e-01  1.20609652e-01  1.52707942e-01
  1.56868774e-01  2.00473789e-01  2.00481498e-01  2.38534134e-01
  2.53070106e-01  2.58412707e-01  3.29564327e-01  3.37234956e-01
  3.44717374e-01  3.58078284e-01  3.87549711e-01  3.88799985e-01
  4.07672914e-01  4.38789636e-01  4.62683803e-01  4.75648359e-01
  5.02502168e-01  5.21009023e-01  5.22166314e-01  5.45959619e-01
  5.59987647e-01  5.64727643e-01  5.96325413e-01  6.04823912e-01
  6.15977001e-01  6.34555271e-01  6.36970320e-01  6.42546056e-01
  6.85662511e-01  6.87381268e-01  7.12782465e-01  7.24382276e-01
  7.29859794e-01  7.49240512e-01  7.58798312e-01  7.63866371e-01
  7.82605098e-01  8.28715464e-01  8.40350869e-01  8.44724029e-01
  8.74407445e-01  9.22492268e-01  9.35893104e-01  9.58827615e-01
  9.70329084e-01  1.01958781e+00  1.05224199e+00  1.07419760e+00
  1.08587278e+00  1.13106628e+00  1.15742734e+00  1.17115939e+00
  1.21411688e+00  1.22411145e+00  1.22443932e+00  1.27185981e+00
  1.33369811e+00  1.36387594e+00  1.36387898e+00  1.36533102e+00
  1.36564664e+00  1.36628720e+00  1.41888025e+00  1.49254482e+00
  1.55777800e+00  1.57434139e+00  1.60421405e+00  1.63088952e+00
  1.67553007e+00  1.68179709e+00  1.70411277e+00  1.71070613e+00
  1.71517411e+00  1.72529551e+00  1.76658654e+00  1.79304872e+00
  1.84705430e+00  1.84936053e+00  1.88470899e+00  1.90215792e+00
  1.90844073e+00  1.92423691e+00  1.95528078e+00  1.96054119e+00
  2.01956062e+00  2.03568036e+00  2.06244312e+00  2.09039451e+00
  2.10731797e+00  2.13725607e+00  2.14006029e+00  2.21915292e+00
  2.25355207e+00  2.28376167e+00  2.30681385e+00  2.31039679e+00
  2.32313307e+00  2.45785757e+00  2.46553384e+00  2.51024545e+00
  2.57839975e+00  2.58926392e+00  2.62626943e+00  2.65410123e+00
  2.67562397e+00  2.67664108e+00  2.68158673e+00  2.68288484e+00
  2.71102606e+00  2.72934296e+00  2.74886683e+00  2.79012469e+00
  2.80993678e+00  2.82040020e+00  2.83384768e+00  2.85153171e+00
  2.85955458e+00  2.88449813e+00  2.90101553e+00  2.92702883e+00
  2.93692436e+00  3.00183945e+00  3.03024198e+00  3.04330213e+00
  3.05909067e+00  3.15362037e+00  3.21139148e+00  3.22757421e+00
  3.23697499e+00  3.29206717e+00  3.36234145e+00  3.54250224e+00
  3.65851402e+00  3.76702708e+00  3.77978321e+00  3.83364674e+00
  3.94541529e+00  4.07214768e+00  4.09476998e+00  4.09673589e+00
  4.20630125e+00  4.28175440e+00  4.30616945e+00  4.35278447e+00
  4.43466690e+00  4.74211661e+00  5.32858480e+00  5.61095364e+00
  1.02656319e+01  2.46779113e+01  2.49701972e+01  2.50478082e+01
  2.50881736e+01  2.51966267e+01  2.52511067e+01  2.64560158e+01
  2.64625037e+01  2.65587487e+01  3.68963032e+01  2.19061213e+02]
E1 = -1759.594116483201  E_coul = 641.129811968542
cycle= 10 E= -745.840779220938  delta_E= -2.88e-08  |g|= 4.99e-05  |ddm|= 0.000378
    CPU time for cycle= 10      1.58 sec, wall time      0.06 sec
  HOMO = -0.257417577662132  LUMO = -0.0124437094531511
  mo_energy =
[-1.04608698e+02 -1.57523396e+01 -1.13962884e+01 -1.13941108e+01
 -1.13635037e+01 -1.13418457e+01 -1.13413570e+01 -1.13093761e+01
 -1.03337826e+01 -7.80070391e+00 -7.80059906e+00 -7.80059294e+00
 -1.43965274e+00 -1.22165178e+00 -1.16438034e+00 -1.05283759e+00
 -9.92869615e-01 -9.56522419e-01 -8.41745848e-01 -8.29448001e-01
 -7.94369201e-01 -7.63949271e-01 -7.23452183e-01 -7.20777887e-01
 -7.17620435e-01 -6.35151578e-01 -6.23923046e-01 -6.11896017e-01
 -6.05214187e-01 -4.93512748e-01 -4.59656541e-01 -2.60409435e-01
 -2.57541676e-01 -2.57417578e-01 -1.24437095e-02  2.64913535e-02
  8.24882730e-02  1.12233821e-01  1.20607152e-01  1.52706992e-01
  1.56868015e-01  2.00473451e-01  2.00481044e-01  2.38532572e-01
  2.53070698e-01  2.58411886e-01  3.29564436e-01  3.37233684e-01
  3.44716870e-01  3.58077828e-01  3.87547784e-01  3.88799580e-01
  4.07672568e-01  4.38789452e-01  4.62684202e-01  4.75648227e-01
  5.02500232e-01  5.21010154e-01  5.22167153e-01  5.45958319e-01
  5.59986961e-01  5.64728084e-01  5.96327368e-01  6.04822980e-01
  6.15978132e-01  6.34556238e-01  6.36970239e-01  6.42547585e-01
  6.85662401e-01  6.87379584e-01  7.12782783e-01  7.24381814e-01
  7.29859319e-01  7.49240971e-01  7.58797601e-01  7.63861058e-01
  7.82601947e-01  8.28714455e-01  8.40346882e-01  8.44723728e-01
  8.74404910e-01  9.22491169e-01  9.35893433e-01  9.58829402e-01
  9.70330626e-01  1.01958761e+00  1.05224393e+00  1.07419661e+00
  1.08587219e+00  1.13106530e+00  1.15742868e+00  1.17115756e+00
  1.21411778e+00  1.22410847e+00  1.22443847e+00  1.27185885e+00
  1.33369928e+00  1.36388122e+00  1.36388426e+00  1.36533629e+00
  1.36565112e+00  1.36629171e+00  1.41888145e+00  1.49254218e+00
  1.55777880e+00  1.57434025e+00  1.60421454e+00  1.63088856e+00
  1.67552946e+00  1.68179406e+00  1.70411104e+00  1.71070256e+00
  1.71517314e+00  1.72529380e+00  1.76658592e+00  1.79304871e+00
  1.84705269e+00  1.84935735e+00  1.88470895e+00  1.90215738e+00
  1.90843915e+00  1.92423268e+00  1.95528175e+00  1.96054249e+00
  2.01955810e+00  2.03567681e+00  2.06244255e+00  2.09039356e+00
  2.10731906e+00  2.13725861e+00  2.14005932e+00  2.21915173e+00
  2.25355200e+00  2.28376159e+00  2.30681272e+00  2.31039662e+00
  2.32313435e+00  2.45785625e+00  2.46553211e+00  2.51024372e+00
  2.57840001e+00  2.58926342e+00  2.62627069e+00  2.65410081e+00
  2.67562365e+00  2.67663963e+00  2.68159137e+00  2.68288792e+00
  2.71102937e+00  2.72934076e+00  2.74886376e+00  2.79012099e+00
  2.80993663e+00  2.82039628e+00  2.83384621e+00  2.85153508e+00
  2.85955235e+00  2.88449948e+00  2.90101687e+00  2.92702529e+00
  2.93691872e+00  3.00183891e+00  3.03024139e+00  3.04330707e+00
  3.05908823e+00  3.15362560e+00  3.21139093e+00  3.22757490e+00
  3.23697504e+00  3.29206969e+00  3.36234125e+00  3.54250403e+00
  3.65851798e+00  3.76703062e+00  3.77978134e+00  3.83364459e+00
  3.94541710e+00  4.07214617e+00  4.09476333e+00  4.09673768e+00
  4.20629166e+00  4.28175313e+00  4.30617380e+00  4.35278362e+00
  4.43466944e+00  4.74211820e+00  5.32858379e+00  5.61095676e+00
  1.02656390e+01  2.46779176e+01  2.49702096e+01  2.50477772e+01
  2.50881738e+01  2.51966397e+01  2.52511132e+01  2.64560226e+01
  2.64625106e+01  2.65587562e+01  3.68963083e+01  2.19061226e+02]
E1 = -1759.5940692743675  E_coul = 641.1297647574631
cycle= 11 E= -745.840779223183  delta_E= -2.25e-09  |g|= 1.32e-05  |ddm|= 0.000118
    CPU time for cycle= 11      1.56 sec, wall time      0.06 sec
  HOMO = -0.257417758353163  LUMO = -0.0124456233671254
  mo_energy =
[-1.04608706e+02 -1.57523390e+01 -1.13962926e+01 -1.13941196e+01
 -1.13635081e+01 -1.13418527e+01 -1.13413599e+01 -1.13093691e+01
 -1.03337880e+01 -7.80070953e+00 -7.80060468e+00 -7.80059856e+00
 -1.43965333e+00 -1.22165387e+00 -1.16438319e+00 -1.05283675e+00
 -9.92871913e-01 -9.56524416e-01 -8.41746694e-01 -8.29450111e-01
 -7.94372002e-01 -7.63951436e-01 -7.23452645e-01 -7.20781232e-01
 -7.17621024e-01 -6.35154383e-01 -6.23925540e-01 -6.11893788e-01
 -6.05213040e-01 -4.93514293e-01 -4.59658450e-01 -2.60410156e-01
 -2.57541960e-01 -2.57417758e-01 -1.24456234e-02  2.64895382e-02
  8.24871234e-02  1.12232719e-01  1.20606256e-01  1.52706445e-01
  1.56867166e-01  2.00473367e-01  2.00480560e-01  2.38532882e-01
  2.53070142e-01  2.58412190e-01  3.29562587e-01  3.37232574e-01
  3.44715483e-01  3.58076191e-01  3.87548622e-01  3.88799098e-01
  4.07671493e-01  4.38788237e-01  4.62682898e-01  4.75647039e-01
  5.02498716e-01  5.21008748e-01  5.22165002e-01  5.45956995e-01
  5.59986123e-01  5.64727313e-01  5.96327369e-01  6.04822464e-01
  6.15977770e-01  6.34554826e-01  6.36969050e-01  6.42547222e-01
  6.85660969e-01  6.87379028e-01  7.12780808e-01  7.24380709e-01
  7.29857408e-01  7.49239450e-01  7.58796915e-01  7.63863324e-01
  7.82602277e-01  8.28712761e-01  8.40347837e-01  8.44721856e-01
  8.74404409e-01  9.22489448e-01  9.35891387e-01  9.58827290e-01
  9.70328530e-01  1.01958675e+00  1.05224359e+00  1.07419496e+00
  1.08587101e+00  1.13106411e+00  1.15742596e+00  1.17115664e+00
  1.21411541e+00  1.22410752e+00  1.22443754e+00  1.27185700e+00
  1.33369670e+00  1.36388000e+00  1.36388304e+00  1.36533509e+00
  1.36565008e+00  1.36629064e+00  1.41888115e+00  1.49254221e+00
  1.55777691e+00  1.57434019e+00  1.60421192e+00  1.63088762e+00
  1.67552699e+00  1.68179595e+00  1.70410934e+00  1.71070366e+00
  1.71517147e+00  1.72529260e+00  1.76658374e+00  1.79304714e+00
  1.84705172e+00  1.84935673e+00  1.88470728e+00  1.90215554e+00
  1.90843774e+00  1.92423288e+00  1.95527931e+00  1.96054052e+00
  2.01955874e+00  2.03567594e+00  2.06244111e+00  2.09039127e+00
  2.10731648e+00  2.13725567e+00  2.14005699e+00  2.21915153e+00
  2.25355013e+00  2.28376018e+00  2.30681249e+00  2.31039551e+00
  2.32313242e+00  2.45785459e+00  2.46553182e+00  2.51024152e+00
  2.57839861e+00  2.58926191e+00  2.62626840e+00  2.65410156e+00
  2.67562107e+00  2.67664018e+00  2.68159021e+00  2.68288697e+00
  2.71102852e+00  2.72934156e+00  2.74886328e+00  2.79012084e+00
  2.80993566e+00  2.82039468e+00  2.83384393e+00  2.85153313e+00
  2.85955076e+00  2.88449684e+00  2.90101464e+00  2.92702586e+00
  2.93691888e+00  3.00183768e+00  3.03023923e+00  3.04330462e+00
  3.05908498e+00  3.15362232e+00  3.21139025e+00  3.22757262e+00
  3.23697425e+00  3.29206675e+00  3.36234019e+00  3.54250048e+00
  3.65851488e+00  3.76702698e+00  3.77977935e+00  3.83364332e+00
  3.94541444e+00  4.07214536e+00  4.09476582e+00  4.09673513e+00
  4.20629417e+00  4.28175457e+00  4.30617054e+00  4.35278053e+00
  4.43466621e+00  4.74211526e+00  5.32858474e+00  5.61095527e+00
  1.02656349e+01  2.46779124e+01  2.49702038e+01  2.50477835e+01
  2.50881689e+01  2.51966342e+01  2.52511082e+01  2.64560187e+01
  2.64625068e+01  2.65587526e+01  3.68963088e+01  2.19061219e+02]
E1 = -1759.5941106908735  E_coul = 641.1298061738536
cycle= 12 E= -745.840779223299  delta_E= -1.16e-10  |g|= 3.89e-06  |ddm|= 3.15e-05
    CPU time for cycle= 12      1.55 sec, wall time      0.06 sec
  HOMO = -0.25741635889431  LUMO = -0.0124457077631348
  mo_energy =
[-1.04608701e+02 -1.57523406e+01 -1.13962941e+01 -1.13941187e+01
 -1.13635073e+01 -1.13418504e+01 -1.13413601e+01 -1.13093696e+01
 -1.03337838e+01 -7.80070518e+00 -7.80060033e+00 -7.80059421e+00
 -1.43965401e+00 -1.22165370e+00 -1.16438337e+00 -1.05283700e+00
 -9.92872067e-01 -9.56524482e-01 -8.41745103e-01 -8.29450166e-01
 -7.94371947e-01 -7.63951428e-01 -7.23453091e-01 -7.20781389e-01
 -7.17621167e-01 -6.35154222e-01 -6.23925525e-01 -6.11894048e-01
 -6.05213084e-01 -4.93514366e-01 -4.59658210e-01 -2.60408942e-01
 -2.57540571e-01 -2.57416359e-01 -1.24457078e-02  2.64895991e-02
  8.24870744e-02  1.12232611e-01  1.20606118e-01  1.52706369e-01
  1.56867042e-01  2.00473276e-01  2.00480555e-01  2.38532629e-01
  2.53070146e-01  2.58412061e-01  3.29562635e-01  3.37232423e-01
  3.44715550e-01  3.58076140e-01  3.87548313e-01  3.88798871e-01
  4.07671446e-01  4.38788059e-01  4.62682619e-01  4.75647268e-01
  5.02498689e-01  5.21008841e-01  5.22165316e-01  5.45956936e-01
  5.59986359e-01  5.64727557e-01  5.96327864e-01  6.04822422e-01
  6.15978008e-01  6.34554890e-01  6.36968917e-01  6.42547489e-01
  6.85661088e-01  6.87379023e-01  7.12780849e-01  7.24380700e-01
  7.29857316e-01  7.49239431e-01  7.58796871e-01  7.63863127e-01
  7.82602135e-01  8.28712839e-01  8.40347655e-01  8.44721959e-01
  8.74403929e-01  9.22489327e-01  9.35891426e-01  9.58827341e-01
  9.70328373e-01  1.01958669e+00  1.05224442e+00  1.07419495e+00
  1.08587098e+00  1.13106429e+00  1.15742607e+00  1.17115633e+00
  1.21411541e+00  1.22410743e+00  1.22443736e+00  1.27185698e+00
  1.33369659e+00  1.36388197e+00  1.36388502e+00  1.36533706e+00
  1.36565176e+00  1.36629234e+00  1.41888117e+00  1.49254197e+00
  1.55777696e+00  1.57433991e+00  1.60421186e+00  1.63088760e+00
  1.67552704e+00  1.68179573e+00  1.70410938e+00  1.71070351e+00
  1.71517157e+00  1.72529254e+00  1.76658368e+00  1.79304695e+00
  1.84705148e+00  1.84935663e+00  1.88470715e+00  1.90215532e+00
  1.90843781e+00  1.92423261e+00  1.95527920e+00  1.96054055e+00
  2.01955855e+00  2.03567572e+00  2.06244097e+00  2.09039126e+00
  2.10731667e+00  2.13725570e+00  2.14005709e+00  2.21915146e+00
  2.25355018e+00  2.28376006e+00  2.30681217e+00  2.31039538e+00
  2.32313235e+00  2.45785470e+00  2.46553155e+00  2.51024158e+00
  2.57839847e+00  2.58926156e+00  2.62626845e+00  2.65410163e+00
  2.67562132e+00  2.67664078e+00  2.68159200e+00  2.68288849e+00
  2.71103011e+00  2.72934141e+00  2.74886309e+00  2.79012057e+00
  2.80993509e+00  2.82039435e+00  2.83384396e+00  2.85153313e+00
  2.85955079e+00  2.88449724e+00  2.90101456e+00  2.92702564e+00
  2.93691875e+00  3.00183731e+00  3.03023929e+00  3.04330472e+00
  3.05908509e+00  3.15362227e+00  3.21139010e+00  3.22757249e+00
  3.23697410e+00  3.29206704e+00  3.36233975e+00  3.54250095e+00
  3.65851498e+00  3.76702736e+00  3.77977940e+00  3.83364327e+00
  3.94541388e+00  4.07214507e+00  4.09476530e+00  4.09673480e+00
  4.20629378e+00  4.28175378e+00  4.30617077e+00  4.35278080e+00
  4.43466623e+00  4.74211535e+00  5.32858389e+00  5.61095453e+00
  1.02656384e+01  2.46779129e+01  2.49702040e+01  2.50477831e+01
  2.50881690e+01  2.51966348e+01  2.52511090e+01  2.64560221e+01
  2.64625102e+01  2.65587560e+01  3.68963073e+01  2.19061224e+02]
E1 = -1759.5940944911622  E_coul = 641.1297899741368
Extra cycle  E= -745.840779223304  delta_E= -5.46e-12  |g|= 2.17e-06  |ddm|= 6.17e-06
    CPU time for scf_cycle     33.67 sec, wall time      1.27 sec
    CPU time for SCF     33.67 sec, wall time      1.27 sec
converged SCF energy = -745.840779223304
Converting <class 'pyscf.scf.hf.RHF'> to RHF


******** <class 'pyscf.tdscf.rhf.TDA'> for <class 'pyscf.scf.hf.RHF'> ********
nstates = 5 singlet
wfnsym = None
conv_tol = 1e-09
eigh lindep = 1e-12
eigh level_shift = 0
eigh max_space = 8
eigh max_cycle = 2000
chkfile = /scratch/global/yangjunjie/tmpc1qea3ba
max_memory 256000 MB (current use 1742 MB)


davidson 0 5  |r|= 0.0205  e= [0.1598815  0.15994665 0.16023657 0.20037737 0.20044387]  max|de|=  0.2  lindep=    1
Old state -> New state
    2     ->     0 
    0     ->     1 
    1     ->     2 
davidson 1 10  |r|= 0.00503  e= [0.15872943 0.15889856 0.15893064 0.20014324 0.20021726]  max|de|= -0.00151  lindep= 0.894
davidson 2 15  |r|= 0.0018  e= [0.15865259 0.15886224 0.15889756 0.20011354 0.20019533]  max|de|= -7.68e-05  lindep= 0.924
davidson 3 20  |r|= 0.00174  e= [0.15864894 0.15886114 0.1588941  0.2001056  0.20019466]  max|de|= -7.94e-06  lindep= 0.876
davidson 4 5  |r|= 0.00174  e= [0.15864894 0.15886114 0.1588941  0.2001056  0.20019466]  max|de|= -1.11e-16  lindep=    1
davidson 5 10  |r|= 0.000813  e= [0.15864858 0.15886106 0.15889355 0.20010203 0.2001946 ]  max|de|= -3.57e-06  lindep= 0.807
davidson 6 15  |r|= 0.000679  e= [0.15864852 0.15886105 0.15889334 0.20009892 0.20019459]  max|de|= -3.11e-06  lindep= 0.786
root 1 converged  |r|= 6.22e-06  e= 0.15886105124199099  max|de|= -8.45e-10
davidson 7 20  |r|= 0.000516  e= [0.15864851 0.15886105 0.15889331 0.20009724 0.20019457]  max|de|= -1.68e-06  lindep= 0.862
root 0 converged  |r|= 1.63e-05  e= 0.15864851394413013  max|de|=    0
davidson 8 5  |r|= 0.000516  e= [0.15864851 0.15886105 0.15889331 0.20009724 0.20019457]  max|de|= 4.44e-16  lindep= 0.99
davidson 9 8  |r|= 0.000216  e= [0.15864851 0.15886105 0.15889331 0.20009678 0.20019456]  max|de|= -4.52e-07  lindep= 0.827
root 2 converged  |r|= 4.3e-06  e= 0.15889331198301315  max|de|= -2.45e-10
davidson 10 11  |r|= 0.000128  e= [0.15864851 0.15886105 0.15889331 0.20009665 0.20019455]  max|de|= -1.31e-07  lindep= 0.756
davidson 11 13  |r|= 0.000133  e= [0.15864851 0.15886105 0.15889331 0.2000966  0.20019455]  max|de|= -4.85e-08  lindep= 0.773
davidson 12 15  |r|= 0.000125  e= [0.15864851 0.15886105 0.15889331 0.20009655 0.20019451]  max|de|= -5.36e-08  lindep= 0.917
davidson 13 17  |r|= 0.00014  e= [0.15864851 0.15886105 0.15889331 0.20009654 0.20019444]  max|de|= -7.3e-08  lindep= 0.924
davidson 14 5  |r|= 0.00014  e= [0.15864851 0.15886105 0.15889331 0.20009654 0.20019444]  max|de|= 3.61e-16  lindep= 0.995
davidson 15 7  |r|= 5.92e-05  e= [0.15864851 0.15886105 0.15889331 0.20009654 0.20019442]  max|de|= -2.22e-08  lindep= 0.87
root 3 converged  |r|= 1.25e-05  e= 0.2000965402482303  max|de|= -7.65e-10
davidson 16 9  |r|= 1.83e-05  e= [0.15864851 0.15886105 0.15889331 0.20009654 0.20019441]  max|de|= -5.01e-09  lindep= 0.939
root 4 converged  |r|= 8.07e-06  e= 0.20019441239817587  max|de|= -5.12e-10
converged 17 10  |r|= 1.25e-05  e= [0.15864851 0.15886105 0.15889331 0.20009654 0.20019441]  max|de|= -5.12e-10
    CPU time for TDA    127.09 sec, wall time      4.55 sec
Excited State energies (eV)
[4.31704595 4.32282939 4.32370725 5.4449042  5.44756743]
