 
:: initializing oneAPI environment ...
   slurm_script: BASH_VERSION = 4.2.46(1)-release
   args: Using "$@" for setvars.sh arguments: --force
:: advisor -- latest
:: ccl -- latest
:: clck -- latest
:: compiler -- latest
:: dal -- latest
:: debugger -- latest
:: dev-utilities -- latest
:: dnnl -- latest
:: dpcpp-ct -- latest
:: dpl -- latest
:: inspector -- latest
:: intelpython -- latest
:: ipp -- latest
:: ippcp -- latest
:: ipp -- latest
:: itac -- latest
:: mkl -- latest
:: mpi -- latest
:: tbb -- latest
:: vpl -- latest
:: vtune -- latest
:: oneAPI environment initialized ::
 
SLURM_CPUS_PER_TASK = 28
SLURM_MEM_PER_NODE = 127949
#INFO: **** input file is /home/yangjunjie/work/py-ch3-cl/work/step_4/main.py ****
import sys
import pyscf
from pyscf import tdscf

def main(xyz_file, basis="631g*", xc="b3lyp", output="ene.out"):
    xyz = None

    with open(xyz_file, "r") as xyz:
        xyz = xyz.readlines()[2:]
        xyz = "".join(xyz)

    mol = pyscf.gto.Mole()
    mol.atom = xyz
    mol.basis = basis
    mol.verbose = 5
    mol.build()

    if xc is not None and xc != "hf":
        mf = pyscf.scf.RKS(mol)
        mf.xc = xc
        mf.grids.level = 9
        mf.kernel()
    else:
        mf = pyscf.scf.RHF(mol)
        mf.kernel()

    ene_mf = mf.e_tot

    with open(output, "w") as f:
        tda = pyscf.tdscf.TDA(mf)
        tda.nstates = 5
        tda.max_space = 8
        tda.max_cycle = 2000
        tda.kernel()

        con_tda = tda.converged
        ene_tda = tda.e[:5]
        dip_tda = tda.transition_dipole()[:5]

        f.write(f"RKS energy: {ene_mf: 12.8f}\n")
        f.write("TDA results:\n")
        for i, (con, ene, dip) in enumerate(zip(con_tda, ene_tda, dip_tda)):
            f.write(f" {i:2d} {con} {ene: 12.8f} {dip[0]: 12.8f} {dip[1]: 12.8f} {dip[2]: 12.8f}\n")

        # rpa = pyscf.tdscf.RPA(mf)
        # rpa.nstates = 5
        # rpa.max_space = 8
        # rpa.max_cycle = 2000
        # rpa.kernel()

        # con_rpa = rpa.converged
        # ene_rpa = rpa.e[:5]
        # dip_rpa = rpa.transition_dipole()[:5]
        
        # f.write("\nRPA results:\n")
        # for i, (con, ene, dip) in enumerate(zip(con_rpa, ene_rpa, dip_rpa)):
        #     f.write(f" {i:2d} {con} {ene: 12.8f} {dip[0]: 12.8f} {dip[1]: 12.8f} {dip[2]: 12.8f}\n")

if __name__ == "__main__":
    xyz = sys.argv[1]
    main(xyz, basis="6311g**", xc="b3lyp", output="out.log")
#INFO: ******************** input file end ********************


System: uname_result(system='Linux', node='pauling038', release='3.10.0-327.36.3.el7.x86_64', version='#1 SMP Thu Oct 20 04:56:07 EDT 2016', machine='x86_64')  Threads 28
Python 3.9.7 (default, Oct 27 2021, 01:23:21) 
[GCC 9.3.0]
numpy 1.21.2  scipy 1.6.2
Date: Wed Sep 28 09:51:38 2022
PySCF version 2.0.1
PySCF path  /home/yangjunjie/packages/pyscf/pyscf-main
GIT ORIG_HEAD 14b880cdc4bf7bb64f3989a147c0b04622efc498
GIT HEAD (branch master) 9d5b5bd309d1cc55fbd1a0ec76e26b5b0c7f76af

[ENV] PYSCF_MAX_MEMORY 127949
[ENV] PYSCF_TMPDIR /scratch/global/yangjunjie/
[CONFIG] conf_file /home/yangjunjie/.pyscf_conf.py
[INPUT] verbose = 5
[INPUT] max_memory = 127949 
[INPUT] num. atoms = 16
[INPUT] num. electrons = 68
[INPUT] charge = 0
[INPUT] spin (= nelec alpha-beta = 2S) = 0
[INPUT] symmetry False subgroup None
[INPUT] Mole.unit = angstrom
[INPUT]  1 C      0.000000010000   1.166621820000   0.992191760000 AA    0.000000018897   2.204595730742   1.874970689450 Bohr
[INPUT]  2 C      0.000000000000   1.189873940000   2.393427790000 AA    0.000000000000   2.248535869357   4.522923022023 Bohr
[INPUT]  3 C     -0.000000010000  -0.012019360000   3.089096480000 AA   -0.000000018897  -0.022713298593   5.837546319558 Bohr
[INPUT]  4 C     -0.000000010000  -1.202458570000   2.371957920000 AA   -0.000000018897  -2.272317373436   4.482350847793 Bohr
[INPUT]  5 C      0.000000000000  -1.155334690000   0.972905850000 AA    0.000000000000  -2.183266146309   1.838525601487 Bohr
[INPUT]  6 N      0.000000000000   0.013455490000   0.304598240000 AA    0.000000000000   0.025427190972   0.575607251625 Bohr
[INPUT]  7 C      0.000000040000   0.006272810000  -1.230493410000 AA    0.000000075589   0.011853892931  -2.325295542982 Bohr
[INPUT]  8 H      0.000000020000   2.081432850000   0.415648370000 AA    0.000000037795   3.933338033173   0.785461583422 Bohr
[INPUT]  9 H      0.000000000000   2.137462420000   2.910092110000 AA    0.000000000000   4.039218575350   5.499277085158 Bohr
[INPUT] 10 H     -0.000000010000  -0.021813660000   4.176937240000 AA   -0.000000018897  -0.041221843174   7.893267423097 Bohr
[INPUT] 11 H     -0.000000020000  -2.159240880000   2.871272010000 AA   -0.000000037795  -4.080373900165   5.425917728029 Bohr
[INPUT] 12 H      0.000000000000  -2.056823210000   0.377272030000 AA    0.000000000000  -3.886832553549   0.712940811159 Bohr
[INPUT] 13 H     -0.000000030000   1.025164100000  -1.612782110000 AA   -0.000000056692   1.937279381736  -3.047716486498 Bohr
[INPUT] 14 H     -0.883821730000  -0.502946760000  -1.609927950000 AA   -1.670181012639  -0.950431631637  -3.042322905782 Bohr
[INPUT] 15 H      0.883821730000  -0.502946700000  -1.609927950000 AA    1.670181012639  -0.950431518254  -3.042322905782 Bohr
[INPUT] 16 Cl    -0.000000010000   0.001562990000  -4.038522870000 AA   -0.000000018897   0.002953623035  -7.631702172092 Bohr
[INPUT] ---------------- BASIS SET ---------------- 
[INPUT] l, kappa, [nprim/nctr], expnt,             c_1 c_2 ...
[INPUT] H
[INPUT] 0    0    [3    /1   ]  33.865            0.0254938
                                5.09479           0.190373
                                1.15879           0.852161
[INPUT] 0    0    [1    /1   ]  0.32584              1
[INPUT] 0    0    [1    /1   ]  0.102741             1
[INPUT] 1    0    [1    /1   ]  0.75                 1
[INPUT] N
[INPUT] 0    0    [6    /1   ]  6293.48           0.00196979
                                949.044           0.0149613
                                218.776           0.0735006
                                63.6916           0.248937
                                18.8282           0.60246
                                2.72023           0.256202
[INPUT] 0    0    [3    /1   ]  30.6331           0.111906
                                7.02614           0.921666
                                2.11205           -0.00256919
[INPUT] 0    0    [1    /1   ]  0.684009             1
[INPUT] 0    0    [1    /1   ]  0.200878             1
[INPUT] 1    0    [3    /1   ]  30.6331           0.0383119
                                7.02614           0.237403
                                2.11205           0.817592
[INPUT] 1    0    [1    /1   ]  0.684009             1
[INPUT] 1    0    [1    /1   ]  0.200878             1
[INPUT] 2    0    [1    /1   ]  0.913                1
[INPUT] Cl
[INPUT] 0    0    [6    /1   ]  105819            0.000738
                                15872             0.005718
                                3619.65           0.029495
                                1030.8            0.117286
                                339.908           0.362949
                                124.538           0.584149
[INPUT] 0    0    [3    /1   ]  124.538           0.134177
                                49.5135           0.62425
                                20.8056           0.291756
[INPUT] 0    0    [1    /1   ]  6.58346              1
[INPUT] 0    0    [1    /1   ]  2.56468              1
[INPUT] 0    0    [1    /1   ]  0.559763             1
[INPUT] 0    0    [1    /1   ]  0.183273             1
[INPUT] 1    0    [5    /1   ]  589.776           0.002391
                                139.849           0.018504
                                45.1413           0.081377
                                16.8733           0.221552
                                6.7411            0.772569
[INPUT] 1    0    [2    /1   ]  6.7411            -1.572244
                                2.77152           0.992389
[INPUT] 1    0    [1    /1   ]  1.02387              1
[INPUT] 1    0    [1    /1   ]  0.381368             1
[INPUT] 1    0    [1    /1   ]  0.109437             1
[INPUT] 2    0    [1    /1   ]  0.75                 1
[INPUT] C
[INPUT] 0    0    [6    /1   ]  4563.24           0.00196665
                                682.024           0.0152306
                                154.973           0.0761269
                                44.4553           0.260801
                                13.029            0.616462
                                1.82773           0.221006
[INPUT] 0    0    [3    /1   ]  20.9642           0.11466
                                4.80331           0.919999
                                1.45933           -0.00303068
[INPUT] 0    0    [1    /1   ]  0.483456             1
[INPUT] 0    0    [1    /1   ]  0.145585             1
[INPUT] 1    0    [3    /1   ]  20.9642           0.0402487
                                4.80331           0.237594
                                1.45933           0.815854
[INPUT] 1    0    [1    /1   ]  0.483456             1
[INPUT] 1    0    [1    /1   ]  0.145585             1
[INPUT] 2    0    [1    /1   ]  0.626                1

nuclear repulsion = 380.089448735833
number of shells = 100
number of NR pGTOs = 329
number of NR cGTOs = 200
basis = 6311g**
ecp = {}
CPU time:         0.36


******** <class 'pyscf.dft.rks.RKS'> ********
method = RKS
initial guess = minao
damping factor = 0
level_shift factor = 0
DIIS = <class 'pyscf.scf.diis.CDIIS'>
diis_start_cycle = 1
diis_space = 8
SCF conv_tol = 1e-09
SCF conv_tol_grad = None
SCF max_cycles = 50
direct_scf = True
direct_scf_tol = 1e-13
chkfile to save SCF result = /scratch/global/yangjunjie/tmps5jdz6n3
max_memory 127949 MB (current use 82 MB)
XC library pyscf.dft.libxc version 5.2.0
    S. Lehtola, C. Steigemann, M. J. Oliveira, and M. A. Marques, SoftwareX 7, 1 (2018)
XC functionals = b3lyp
    P. A. M. Dirac, Math. Proc. Cambridge Philos. Soc. 26, 376 (1930)
    F. Bloch, Z. Phys. 57, 545 (1929)
    A. D. Becke, Phys. Rev. A 38, 3098 (1988)
    C. Lee, W. Yang, and R. G. Parr, Phys. Rev. B 37, 785 (1988)
    B. Miehlich, A. Savin, H. Stoll, and H. Preuss, Chem. Phys. Lett. 157, 200 (1989)
    S. H. Vosko, L. Wilk, and M. Nusair, Can. J. Phys. 58, 1200 (1980)
radial grids: 
    Treutler-Ahlrichs [JCP 102, 346 (1995); DOI:10.1063/1.469408] (M4) radial grids
    
becke partition: Becke, JCP 88, 2547 (1988); DOI:10.1063/1.454033
pruning grids: <function nwchem_prune at 0x7f0eaf106e50>
grids dens level: 9
symmetrized grids: False
atomic radii adjust function: <function treutler_atomic_radii_adjust at 0x7f0eaf106dc0>
small_rho_cutoff = 1e-07
Set gradient conv threshold to 3.16228e-05
atom C rad-grids = 200, ang-grids = [  50   50   50   50   50   50   50   50   50   50   50   50   50   50
   50   50   50   50   50   50   50   50   50   50   50   50   50   50
   50   50   50   50   50   50   50   50   50   50   50   50   50   50
   50   50   50   50   50   50   50   50   50   50   50   50   50   50
   50   50   50   50   50   50   86   86   86   86   86   86   86   86
   86   86   86   86   86   86   86   86   86   86   86   86   86   86
   86   86   86   86 1202 1202 1202 1202 1202 1202 1202 1202 1202 1202
 1202 1202 1202 1202 1202 1202 1202 1202 1454 1454 1454 1454 1454 1454
 1454 1454 1454 1454 1454 1454 1454 1454 1454 1454 1454 1454 1454 1454
 1454 1454 1454 1454 1454 1454 1454 1454 1454 1454 1454 1454 1454 1454
 1454 1454 1454 1454 1454 1454 1454 1454 1454 1454 1454 1454 1454 1454
 1454 1454 1454 1454 1202 1202 1202 1202 1202 1202 1202 1202 1202 1202
 1202 1202 1202 1202 1202 1202 1202 1202 1202 1202 1202 1202 1202 1202
 1202 1202 1202 1202 1202 1202 1202 1202 1202 1202 1202 1202 1202 1202
 1202 1202 1202 1202]
atom N rad-grids = 200, ang-grids = [  50   50   50   50   50   50   50   50   50   50   50   50   50   50
   50   50   50   50   50   50   50   50   50   50   50   50   50   50
   50   50   50   50   50   50   50   50   50   50   50   50   50   50
   50   50   50   50   50   50   50   50   50   50   50   50   50   50
   50   50   50   50   50   86   86   86   86   86   86   86   86   86
   86   86   86   86   86   86   86   86   86   86   86   86   86   86
   86   86 1202 1202 1202 1202 1202 1202 1202 1202 1202 1202 1202 1202
 1202 1202 1202 1202 1202 1454 1454 1454 1454 1454 1454 1454 1454 1454
 1454 1454 1454 1454 1454 1454 1454 1454 1454 1454 1454 1454 1454 1454
 1454 1454 1454 1454 1454 1454 1454 1454 1454 1454 1454 1454 1454 1454
 1454 1454 1454 1454 1454 1454 1454 1454 1454 1454 1454 1454 1454 1454
 1454 1202 1202 1202 1202 1202 1202 1202 1202 1202 1202 1202 1202 1202
 1202 1202 1202 1202 1202 1202 1202 1202 1202 1202 1202 1202 1202 1202
 1202 1202 1202 1202 1202 1202 1202 1202 1202 1202 1202 1202 1202 1202
 1202 1202 1202 1202]
atom H rad-grids = 200, ang-grids = [  50   50   50   50   50   50   50   50   50   50   50   50   50   50
   50   50   50   50   50   50   50   50   50   50   50   50   50   50
   50   50   50   50   50   50   50   50   50   50   50   50   50   50
   50   50   50   50   50   50   50   50   50   50   50   50   50   50
   50   86   86   86   86   86   86   86   86   86   86   86   86   86
   86 1202 1202 1202 1202 1202 1202 1202 1202 1202 1202 1202 1202 1202
 1202 1202 1202 1202 1454 1454 1454 1454 1454 1454 1454 1454 1454 1454
 1454 1454 1454 1454 1454 1454 1454 1454 1454 1454 1454 1454 1454 1454
 1454 1454 1454 1454 1454 1454 1454 1454 1454 1454 1454 1454 1454 1454
 1454 1454 1454 1454 1454 1454 1454 1454 1454 1454 1454 1454 1454 1454
 1202 1202 1202 1202 1202 1202 1202 1202 1202 1202 1202 1202 1202 1202
 1202 1202 1202 1202 1202 1202 1202 1202 1202 1202 1202 1202 1202 1202
 1202 1202 1202 1202 1202 1202 1202 1202 1202 1202 1202 1202 1202 1202
 1202 1202 1202 1202 1202 1202 1202 1202 1202 1202 1202 1202 1202 1202
 1202 1202 1202 1202]
atom Cl rad-grids = 200, ang-grids = [  50   50   50   50   50   50   50   50   50   50   50   50   50   50
   50   50   50   50   50   50   50   50   50   50   50   50   50   50
   50   50   50   50   50   50   50   50   50   50   50   50   50   50
   50   50   50   50   50   50   50   50   50   50   50   50   50   50
   50   50   50   86   86   86   86   86   86   86   86   86   86   86
   86   86   86   86   86   86   86   86   86   86   86   86   86   86
   86   86   86   86   86   86   86   86 1202 1202 1202 1202 1202 1202
 1202 1202 1202 1202 1202 1202 1202 1202 1202 1202 1202 1202 1202 1202
 1202 1202 1454 1454 1454 1454 1454 1454 1454 1454 1454 1454 1454 1454
 1454 1454 1454 1454 1454 1454 1454 1454 1454 1454 1454 1454 1454 1454
 1454 1454 1454 1454 1454 1454 1454 1454 1454 1454 1454 1454 1454 1454
 1454 1454 1454 1454 1454 1202 1202 1202 1202 1202 1202 1202 1202 1202
 1202 1202 1202 1202 1202 1202 1202 1202 1202 1202 1202 1202 1202 1202
 1202 1202 1202 1202 1202 1202 1202 1202 1202 1202 1202 1202 1202 1202
 1202 1202 1202 1202]
tot grids = 2598388
Drop grids 448151
    CPU time for setting up grids     46.14 sec, wall time      1.95 sec
nelec by numeric integration = 67.9924722282877
    CPU time for vxc     93.94 sec, wall time      3.44 sec
E1 = -1774.068448475955  Ecoul = 715.4053705137821  Exc = -70.54156463935095
init E= -749.115193865691
cond(S) = 13536.095778252997
    CPU time for initialize scf    154.57 sec, wall time      5.98 sec
  HOMO = -0.293704643047312  LUMO = -0.107716189487762
  mo_energy =
[-1.01493825e+02 -1.44031877e+01 -1.02816558e+01 -1.02803919e+01
 -1.02799709e+01 -1.02764182e+01 -1.02744440e+01 -1.02743001e+01
 -9.51107741e+00 -7.26482928e+00 -7.26478716e+00 -7.26478626e+00
 -1.11646540e+00 -9.58061770e-01 -8.83648584e-01 -8.44400443e-01
 -8.05836859e-01 -7.17122815e-01 -7.01351165e-01 -5.82674177e-01
 -5.39234616e-01 -5.19135091e-01 -4.87043681e-01 -4.83466814e-01
 -4.67977008e-01 -4.31562672e-01 -4.12665896e-01 -4.00034293e-01
 -3.94172368e-01 -3.52797955e-01 -3.51464022e-01 -3.44494039e-01
 -3.22096492e-01 -2.93704643e-01 -1.07716189e-01 -8.56192767e-02
  6.55793739e-03  3.66026105e-02  4.90034309e-02  4.94630721e-02
  6.73413226e-02  8.16043654e-02  8.23351147e-02  1.01632211e-01
  1.02914528e-01  1.20870767e-01  1.98628661e-01  2.09493313e-01
  2.21446201e-01  2.31397063e-01  2.55034740e-01  2.58218915e-01
  2.62888222e-01  2.69200364e-01  2.83781981e-01  2.89687128e-01
  3.23923305e-01  3.38523720e-01  3.55598238e-01  3.64963853e-01
  3.72188274e-01  3.87803705e-01  4.05429833e-01  4.20939129e-01
  4.33365926e-01  4.42998574e-01  4.76067706e-01  4.77712509e-01
  4.92680696e-01  5.21988466e-01  5.30162440e-01  5.41236857e-01
  5.51581104e-01  5.56146797e-01  5.56435340e-01  5.72072728e-01
  5.98367944e-01  6.15523253e-01  6.64578074e-01  6.89061328e-01
  6.99549011e-01  7.12553272e-01  7.22846095e-01  7.37693383e-01
  7.69480645e-01  7.97179319e-01  8.11665017e-01  8.13083029e-01
  8.21767023e-01  8.28383565e-01  8.49437320e-01  8.91578444e-01
  9.21630038e-01  9.51941917e-01  9.67629579e-01  9.98035498e-01
  1.01090103e+00  1.01945771e+00  1.02916093e+00  1.06304111e+00
  1.08521665e+00  1.14177887e+00  1.22475567e+00  1.27076537e+00
  1.33968309e+00  1.34078325e+00  1.38257640e+00  1.40425629e+00
  1.40901518e+00  1.43963093e+00  1.45117084e+00  1.47357555e+00
  1.48930791e+00  1.49790908e+00  1.53197976e+00  1.54075331e+00
  1.60443127e+00  1.60751207e+00  1.63645853e+00  1.66477372e+00
  1.67726103e+00  1.68130748e+00  1.71624162e+00  1.73230584e+00
  1.73758312e+00  1.77502903e+00  1.79379912e+00  1.84024604e+00
  1.84435839e+00  1.85384876e+00  1.86799067e+00  1.91360226e+00
  1.97218854e+00  2.00372881e+00  2.00977713e+00  2.03717308e+00
  2.04814995e+00  2.07765131e+00  2.08080636e+00  2.15090313e+00
  2.17280975e+00  2.17352200e+00  2.19728768e+00  2.25321798e+00
  2.28177965e+00  2.31613940e+00  2.32885236e+00  2.33052441e+00
  2.38668053e+00  2.39827115e+00  2.43574658e+00  2.45777264e+00
  2.47722640e+00  2.51043937e+00  2.52709320e+00  2.55331392e+00
  2.55500418e+00  2.58465523e+00  2.59438489e+00  2.61184395e+00
  2.63301198e+00  2.66942772e+00  2.68663092e+00  2.69881608e+00
  2.70697858e+00  2.79826787e+00  2.85433232e+00  2.85645292e+00
  2.91643521e+00  2.95840417e+00  2.96492658e+00  3.10210561e+00
  3.20967749e+00  3.33335934e+00  3.34226391e+00  3.40071748e+00
  3.56855728e+00  3.64750202e+00  3.66943031e+00  3.70396688e+00
  3.77225146e+00  3.83647036e+00  3.92131691e+00  3.95710592e+00
  4.05420058e+00  4.32613604e+00  4.79469469e+00  5.14839743e+00
  9.37440995e+00  2.35426102e+01  2.38319072e+01  2.38383847e+01
  2.39137584e+01  2.39882133e+01  2.40583629e+01  2.53462436e+01
  2.53524818e+01  2.55918854e+01  3.55414097e+01  2.15413336e+02]
nelec by numeric integration = 67.99999995520706
    CPU time for vxc     84.22 sec, wall time      3.02 sec
E1 = -1779.5753257325075  Ecoul = 722.1287056709652  Exc = -70.74340009747726
cycle= 1 E= -748.100571423187  delta_E= 1.01  |g|= 0.59  |ddm|= 3.23
    CPU time for cycle= 1     85.89 sec, wall time      3.08 sec
  HOMO = -0.0438051785486004  LUMO = -0.0312233985913872
  mo_energy =
[-1.01009410e+02 -1.46753230e+01 -1.03702759e+01 -1.03684936e+01
 -1.02079207e+01 -1.01966480e+01 -1.01965902e+01 -1.01837181e+01
 -8.97120982e+00 -6.72477831e+00 -6.72460769e+00 -6.72459730e+00
 -1.17914791e+00 -9.11151772e-01 -9.02214972e-01 -7.94408931e-01
 -7.62724791e-01 -7.19758121e-01 -6.22122789e-01 -6.05643082e-01
 -6.02655877e-01 -5.63544070e-01 -5.40851396e-01 -5.34966356e-01
 -4.54193504e-01 -4.46710155e-01 -4.44847799e-01 -4.25815034e-01
 -4.21897201e-01 -3.77168656e-01 -3.72301938e-01 -1.65676793e-01
 -1.15479474e-01 -4.38051785e-02 -3.12233986e-02 -3.00569604e-02
 -1.72646118e-02  9.59290375e-03  1.64804957e-02  3.60331405e-02
  4.55282157e-02  5.29025547e-02  7.37179413e-02  8.90691149e-02
  1.12271603e-01  1.35647817e-01  1.55830598e-01  1.77315907e-01
  1.91690907e-01  2.06195488e-01  2.23621969e-01  2.33925327e-01
  2.41735013e-01  2.75892342e-01  2.81370428e-01  3.19135168e-01
  3.40200828e-01  3.49727257e-01  3.50782770e-01  3.69793447e-01
  3.75862262e-01  4.02122405e-01  4.13795365e-01  4.31652147e-01
  4.41356686e-01  4.68633591e-01  4.87688160e-01  4.99215388e-01
  5.03632044e-01  5.14221571e-01  5.21419733e-01  5.37227148e-01
  5.62070994e-01  5.66278477e-01  5.79187807e-01  5.83318273e-01
  5.94173464e-01  6.11942694e-01  6.44917752e-01  6.67720807e-01
  6.77518320e-01  6.88395319e-01  7.01807752e-01  7.31666758e-01
  7.39298285e-01  8.10325347e-01  8.60846548e-01  8.74365319e-01
  9.02387947e-01  9.27725970e-01  9.41894651e-01  9.75630483e-01
  9.95928988e-01  9.96861387e-01  1.00672463e+00  1.02993230e+00
  1.07437007e+00  1.16597759e+00  1.21555539e+00  1.21880914e+00
  1.22179048e+00  1.22327168e+00  1.23233348e+00  1.28872728e+00
  1.30615410e+00  1.32366190e+00  1.33904645e+00  1.39470311e+00
  1.40477320e+00  1.44417722e+00  1.44845082e+00  1.46372147e+00
  1.47443047e+00  1.48670878e+00  1.49709666e+00  1.51108548e+00
  1.56848970e+00  1.58335540e+00  1.59346506e+00  1.61171893e+00
  1.65368823e+00  1.67043388e+00  1.67733829e+00  1.68346807e+00
  1.74874468e+00  1.75103050e+00  1.77822984e+00  1.80938757e+00
  1.82783276e+00  1.83509336e+00  1.85804802e+00  1.94017198e+00
  1.94440384e+00  1.98066298e+00  1.99692968e+00  2.00108361e+00
  2.03110615e+00  2.13581609e+00  2.16092826e+00  2.17797108e+00
  2.19735076e+00  2.22253218e+00  2.29252240e+00  2.32072525e+00
  2.34844872e+00  2.37168896e+00  2.40392281e+00  2.41029553e+00
  2.41737805e+00  2.43561813e+00  2.46903069e+00  2.47164273e+00
  2.48558141e+00  2.50421892e+00  2.53228430e+00  2.54150379e+00
  2.54422593e+00  2.54561240e+00  2.56528278e+00  2.57504258e+00
  2.61196898e+00  2.63120391e+00  2.64259217e+00  2.67543082e+00
  2.67932175e+00  2.75723954e+00  2.79372837e+00  2.81979077e+00
  2.89844539e+00  2.91234032e+00  3.01958770e+00  3.11808498e+00
  3.19664884e+00  3.32655894e+00  3.33420915e+00  3.41049871e+00
  3.46292898e+00  3.59055156e+00  3.59311292e+00  3.63653938e+00
  3.77880328e+00  3.79766500e+00  3.90927950e+00  3.96091801e+00
  4.02795532e+00  4.29653848e+00  4.66271194e+00  5.01897061e+00
  9.87127575e+00  2.35443733e+01  2.37760567e+01  2.38824325e+01
  2.39149748e+01  2.40215393e+01  2.41217148e+01  2.58268875e+01
  2.58330503e+01  2.60713192e+01  3.52705506e+01  2.15888100e+02]
nelec by numeric integration = 67.9999998918381
    CPU time for vxc     83.83 sec, wall time      3.00 sec
E1 = -1775.9501948476784  Ecoul = 723.744149147749  Exc = -70.43522148354857
cycle= 2 E= -742.551818447645  delta_E= 5.55  |g|= 2.97  |ddm|=  4.5
    CPU time for cycle= 2     85.52 sec, wall time      3.06 sec
  HOMO = -0.181340360029695  LUMO = -0.0856700932556707
  mo_energy =
[-1.01317144e+02 -1.45143286e+01 -1.02471333e+01 -1.02465913e+01
 -1.01778574e+01 -1.01308347e+01 -1.01160219e+01 -1.01158426e+01
 -9.24618532e+00 -7.00319721e+00 -7.00318657e+00 -7.00174509e+00
 -1.06750299e+00 -8.22784271e-01 -8.11799736e-01 -7.38386329e-01
 -6.76153494e-01 -6.46797447e-01 -6.35581678e-01 -5.66036694e-01
 -5.22417371e-01 -5.11238951e-01 -5.04821044e-01 -4.70213941e-01
 -4.64193686e-01 -4.15308968e-01 -4.04919916e-01 -3.77540291e-01
 -3.75748663e-01 -3.08693724e-01 -2.88903905e-01 -1.84019063e-01
 -1.81665927e-01 -1.81340360e-01 -8.56700933e-02 -4.35711023e-02
  1.60964812e-02  4.81652250e-02  5.17868380e-02  7.80435206e-02
  8.96344569e-02  9.95224700e-02  1.07816532e-01  1.14870180e-01
  1.33365251e-01  1.34439201e-01  2.10346069e-01  2.29113615e-01
  2.54217917e-01  2.60791554e-01  2.64200407e-01  2.77411367e-01
  2.85014656e-01  3.30995475e-01  3.42622562e-01  3.68149003e-01
  3.69046933e-01  3.81313896e-01  3.92111262e-01  4.09378835e-01
  4.09890000e-01  4.16860305e-01  4.26032806e-01  4.40142840e-01
  4.62122930e-01  4.67951502e-01  4.92045838e-01  5.00585026e-01
  5.38532478e-01  5.57030691e-01  5.59955447e-01  5.66188077e-01
  5.85067493e-01  5.85506346e-01  5.97754791e-01  6.28397073e-01
  6.42577408e-01  6.57568990e-01  6.81842163e-01  7.14152407e-01
  7.24467299e-01  7.47866430e-01  7.61537066e-01  7.81084935e-01
  8.00826853e-01  8.40710629e-01  8.65086252e-01  9.22541806e-01
  9.31767228e-01  9.81322609e-01  1.00059878e+00  1.01241393e+00
  1.02334185e+00  1.02433211e+00  1.03039478e+00  1.03986248e+00
  1.04069467e+00  1.05875304e+00  1.06099381e+00  1.09869335e+00
  1.15048665e+00  1.16602131e+00  1.23823809e+00  1.25919065e+00
  1.35017485e+00  1.37019246e+00  1.41494151e+00  1.44015694e+00
  1.44516942e+00  1.47328644e+00  1.48742875e+00  1.51473632e+00
  1.52881414e+00  1.52977653e+00  1.55919359e+00  1.56620489e+00
  1.61787990e+00  1.62377943e+00  1.65429266e+00  1.68423317e+00
  1.70381268e+00  1.70578819e+00  1.74068269e+00  1.74528998e+00
  1.76721699e+00  1.79266243e+00  1.83316728e+00  1.86804954e+00
  1.90130422e+00  1.90907265e+00  1.91837071e+00  1.98034668e+00
  2.00904980e+00  2.03988835e+00  2.04238068e+00  2.06452322e+00
  2.07128382e+00  2.16890722e+00  2.21882887e+00  2.23326854e+00
  2.24244145e+00  2.26581740e+00  2.26623762e+00  2.28998193e+00
  2.33669349e+00  2.35797629e+00  2.36048172e+00  2.42193158e+00
  2.43434535e+00  2.43958078e+00  2.46965726e+00  2.48193698e+00
  2.49013906e+00  2.53339822e+00  2.55499338e+00  2.58528897e+00
  2.60624230e+00  2.60761675e+00  2.62118388e+00  2.63969649e+00
  2.65604346e+00  2.68036499e+00  2.73110205e+00  2.74177005e+00
  2.75813971e+00  2.84039286e+00  2.87927180e+00  2.90198233e+00
  2.97616452e+00  2.99180937e+00  3.00762064e+00  3.19480392e+00
  3.27518978e+00  3.39438616e+00  3.41492419e+00  3.48389760e+00
  3.55656103e+00  3.67523085e+00  3.68425184e+00  3.72340408e+00
  3.80859082e+00  3.80966064e+00  3.98529448e+00  4.03134042e+00
  4.10772359e+00  4.38445506e+00  4.75916486e+00  5.13100526e+00
  9.62075166e+00  2.36422191e+01  2.38912287e+01  2.39213628e+01
  2.39818591e+01  2.41067686e+01  2.42010461e+01  2.55856634e+01
  2.55918303e+01  2.58330268e+01  3.54281953e+01  2.15586126e+02]
nelec by numeric integration = 67.9999999462792
    CPU time for vxc     83.24 sec, wall time      2.97 sec
E1 = -1774.4549637033429  Ecoul = 716.5272445815123  Exc = -70.29358925772304
cycle= 3 E= -748.131859643721  delta_E= -5.58  |g|= 0.529  |ddm|= 4.21
    CPU time for cycle= 3     84.89 sec, wall time      3.03 sec
  HOMO = -0.15029999316371  LUMO = -0.123875623884325
  mo_energy =
[-1.01312691e+02 -1.44310918e+01 -1.02921235e+01 -1.02883683e+01
 -1.02865203e+01 -1.02747552e+01 -1.02742466e+01 -1.02045712e+01
 -9.23219441e+00 -6.98995794e+00 -6.98995531e+00 -6.98939762e+00
 -1.05962086e+00 -9.07669634e-01 -8.50868595e-01 -7.57404162e-01
 -7.27907310e-01 -6.95105233e-01 -6.12066065e-01 -5.97168680e-01
 -5.78421936e-01 -5.50433680e-01 -5.13599048e-01 -5.11940585e-01
 -5.10061622e-01 -4.53282194e-01 -4.37009140e-01 -4.25988930e-01
 -4.13089424e-01 -3.64801539e-01 -3.45645027e-01 -1.52575048e-01
 -1.50558495e-01 -1.50299993e-01 -1.23875624e-01 -1.01111657e-01
 -1.08936251e-02  2.60686701e-02  3.36453594e-02  4.41833820e-02
  5.98823290e-02  6.90687360e-02  9.98473450e-02  1.10350713e-01
  1.35160137e-01  1.39067540e-01  1.89324685e-01  1.99049626e-01
  2.02023791e-01  2.18662128e-01  2.44023477e-01  2.64956127e-01
  2.68394165e-01  3.01847016e-01  3.11147432e-01  3.22303133e-01
  3.48104190e-01  3.48813346e-01  3.71227683e-01  3.73091982e-01
  3.95093667e-01  4.01036662e-01  4.04266729e-01  4.30473282e-01
  4.31630104e-01  4.54356705e-01  4.59406656e-01  4.78838691e-01
  5.03255683e-01  5.17927203e-01  5.29243631e-01  5.45407983e-01
  5.52027066e-01  5.74329014e-01  5.79229466e-01  5.87792829e-01
  6.00956101e-01  6.42913613e-01  6.63430944e-01  6.71338445e-01
  6.88877015e-01  7.06169412e-01  7.12616617e-01  7.36286461e-01
  7.65830701e-01  8.28613594e-01  8.73838293e-01  8.74876802e-01
  8.98116775e-01  9.42973069e-01  9.43097856e-01  9.84714756e-01
  1.00021535e+00  1.01009995e+00  1.03986657e+00  1.04592443e+00
  1.05853128e+00  1.05948358e+00  1.06458520e+00  1.07055676e+00
  1.11211778e+00  1.18159421e+00  1.23697871e+00  1.25679357e+00
  1.32015517e+00  1.34153110e+00  1.36100816e+00  1.39762380e+00
  1.42172610e+00  1.45169386e+00  1.46159335e+00  1.46757453e+00
  1.48706499e+00  1.49742125e+00  1.51275482e+00  1.53383755e+00
  1.60174913e+00  1.60624091e+00  1.62362888e+00  1.64675032e+00
  1.65283082e+00  1.68670549e+00  1.70000968e+00  1.70256168e+00
  1.75909826e+00  1.77266607e+00  1.79273667e+00  1.82343582e+00
  1.82625753e+00  1.84818614e+00  1.84902065e+00  1.95646437e+00
  1.95874446e+00  2.00628392e+00  2.02599070e+00  2.02889990e+00
  2.05052391e+00  2.15623082e+00  2.15755428e+00  2.17434752e+00
  2.23882640e+00  2.24391560e+00  2.29082816e+00  2.29406330e+00
  2.31270157e+00  2.34297844e+00  2.35700325e+00  2.37216988e+00
  2.43530047e+00  2.43781800e+00  2.45957899e+00  2.46562520e+00
  2.48114757e+00  2.51019436e+00  2.51767555e+00  2.53312841e+00
  2.56115889e+00  2.56507253e+00  2.57137830e+00  2.58602645e+00
  2.63475872e+00  2.65515984e+00  2.67327530e+00  2.68615808e+00
  2.69292986e+00  2.77844883e+00  2.84138588e+00  2.84333656e+00
  2.89923307e+00  2.96009025e+00  3.01040771e+00  3.10269824e+00
  3.20946768e+00  3.32767391e+00  3.34441021e+00  3.39615836e+00
  3.55149715e+00  3.64213685e+00  3.70476050e+00  3.70590784e+00
  3.80851648e+00  3.83250089e+00  3.90928996e+00  3.94203328e+00
  4.04450513e+00  4.31411755e+00  4.78686108e+00  5.12842218e+00
  9.64018609e+00  2.35311551e+01  2.38254106e+01  2.38917617e+01
  2.39007944e+01  2.39800047e+01  2.40499643e+01  2.56080485e+01
  2.56142326e+01  2.58536153e+01  3.55074831e+01  2.15592180e+02]
nelec by numeric integration = 67.99999995189216
    CPU time for vxc     83.96 sec, wall time      3.02 sec
E1 = -1775.385760642985  Ecoul = 717.4749054335101  Exc = -70.38222248605803
cycle= 4 E= -748.2036289597  delta_E= -0.0718  |g|= 0.161  |ddm|= 0.579
    CPU time for cycle= 4     85.64 sec, wall time      3.08 sec
  HOMO = -0.17771442777209  LUMO = -0.130511463337473
  mo_energy =
[-1.01407120e+02 -1.44794061e+01 -1.03109423e+01 -1.03104034e+01
 -1.02713188e+01 -1.02711334e+01 -1.02636901e+01 -1.02417195e+01
 -9.31033534e+00 -7.06990670e+00 -7.06942922e+00 -7.06941804e+00
 -1.08210011e+00 -9.05143676e-01 -8.61678279e-01 -7.71303107e-01
 -7.37428655e-01 -7.05133051e-01 -6.40562856e-01 -6.08580441e-01
 -5.85122279e-01 -5.56672838e-01 -5.28329360e-01 -5.21992145e-01
 -5.21827927e-01 -4.56532343e-01 -4.44547581e-01 -4.35208053e-01
 -4.31204811e-01 -3.72589069e-01 -3.53095420e-01 -1.80919070e-01
 -1.77834354e-01 -1.77714428e-01 -1.30511463e-01 -1.06220681e-01
 -1.26438150e-02  2.22108050e-02  2.90739248e-02  4.02117392e-02
  5.64517201e-02  6.40003577e-02  9.22549852e-02  9.52197825e-02
  1.24815843e-01  1.29539155e-01  1.83121800e-01  1.91321566e-01
  2.00367711e-01  2.11730517e-01  2.37847754e-01  2.53490226e-01
  2.59483622e-01  2.95333340e-01  3.02210992e-01  3.21933516e-01
  3.47019191e-01  3.48508516e-01  3.65207479e-01  3.70246085e-01
  3.84470249e-01  3.93761266e-01  3.94721044e-01  4.15691341e-01
  4.25050754e-01  4.45921081e-01  4.52235535e-01  4.68229515e-01
  5.01302035e-01  5.16664584e-01  5.26966830e-01  5.32535459e-01
  5.40803410e-01  5.63662414e-01  5.73814854e-01  5.77235458e-01
  5.95284295e-01  6.27963026e-01  6.63558487e-01  6.69070931e-01
  6.71218476e-01  7.00594190e-01  7.07116502e-01  7.31131763e-01
  7.57670312e-01  8.15819360e-01  8.56624184e-01  8.69894148e-01
  8.90747689e-01  9.37486651e-01  9.40231856e-01  9.72435730e-01
  9.94257212e-01  1.00331541e+00  1.02110296e+00  1.02189062e+00
  1.02729522e+00  1.03000048e+00  1.03599670e+00  1.03939077e+00
  1.10017732e+00  1.15553954e+00  1.22098693e+00  1.24152381e+00
  1.31545031e+00  1.32726569e+00  1.35589106e+00  1.39395122e+00
  1.41757166e+00  1.43951210e+00  1.45680832e+00  1.46497240e+00
  1.47592662e+00  1.48880188e+00  1.50532814e+00  1.52434505e+00
  1.59214834e+00  1.59421868e+00  1.61388147e+00  1.63680808e+00
  1.65322732e+00  1.67575488e+00  1.69396840e+00  1.69613398e+00
  1.74801512e+00  1.76260030e+00  1.78360306e+00  1.81785110e+00
  1.82825320e+00  1.84147791e+00  1.84991329e+00  1.94411083e+00
  1.95584260e+00  1.99765481e+00  2.01376794e+00  2.01497753e+00
  2.03751316e+00  2.14304295e+00  2.15577889e+00  2.17621950e+00
  2.22219866e+00  2.23563872e+00  2.25789644e+00  2.25897272e+00
  2.30284470e+00  2.32296981e+00  2.34140824e+00  2.37209151e+00
  2.41355227e+00  2.42065936e+00  2.44416888e+00  2.45275546e+00
  2.46725650e+00  2.50354914e+00  2.50590848e+00  2.53203053e+00
  2.54858204e+00  2.55779727e+00  2.56729786e+00  2.58482738e+00
  2.62512437e+00  2.64142365e+00  2.66590035e+00  2.68465555e+00
  2.68704156e+00  2.76526776e+00  2.83209467e+00  2.83418212e+00
  2.89874910e+00  2.94294661e+00  2.99568058e+00  3.10306961e+00
  3.20206429e+00  3.32604707e+00  3.33827939e+00  3.39474277e+00
  3.53108482e+00  3.62774987e+00  3.68003893e+00  3.68694947e+00
  3.78874382e+00  3.80498734e+00  3.90670725e+00  3.94683079e+00
  4.03673531e+00  4.30988397e+00  4.75765682e+00  5.10506397e+00
  9.57415081e+00  2.35323920e+01  2.38113293e+01  2.38614189e+01
  2.38892553e+01  2.39748265e+01  2.40626963e+01  2.55468726e+01
  2.55540230e+01  2.57921454e+01  3.54607801e+01  2.15500654e+02]
nelec by numeric integration = 67.99999995306409
    CPU time for vxc     84.01 sec, wall time      3.01 sec
E1 = -1777.0505331504246  Ecoul = 719.2576929025337  Exc = -70.50445338464648
cycle= 5 E= -748.207844896705  delta_E= -0.00422  |g|= 0.084  |ddm|= 0.218
    CPU time for cycle= 5     85.65 sec, wall time      3.07 sec
  HOMO = -0.162168149611736  LUMO = -0.130357476123874
  mo_energy =
[-1.01361599e+02 -1.44752665e+01 -1.03053120e+01 -1.03040143e+01
 -1.02772904e+01 -1.02674279e+01 -1.02672927e+01 -1.02272501e+01
 -9.27554263e+00 -7.03405528e+00 -7.03382535e+00 -7.03351220e+00
 -1.07858985e+00 -9.06938312e-01 -8.60004035e-01 -7.68710525e-01
 -7.37273976e-01 -7.04667659e-01 -6.24643141e-01 -6.06660660e-01
 -5.85552327e-01 -5.58072234e-01 -5.25975003e-01 -5.21742777e-01
 -5.21457005e-01 -4.58716223e-01 -4.45227526e-01 -4.33685456e-01
 -4.27138697e-01 -3.73227058e-01 -3.52520627e-01 -1.65129113e-01
 -1.62531535e-01 -1.62168150e-01 -1.30357476e-01 -1.05523749e-01
 -1.46282236e-02  2.07651185e-02  2.76525764e-02  3.90970987e-02
  5.50720395e-02  6.28887318e-02  9.19616208e-02  9.96282099e-02
  1.27355743e-01  1.32751598e-01  1.82871508e-01  1.90899292e-01
  1.98124254e-01  2.11363210e-01  2.37098131e-01  2.55000717e-01
  2.59797455e-01  2.95115113e-01  3.01812132e-01  3.20018316e-01
  3.45045543e-01  3.45896050e-01  3.65022640e-01  3.69272991e-01
  3.91419576e-01  3.97229362e-01  4.00674782e-01  4.19694803e-01
  4.27915670e-01  4.47511141e-01  4.52504117e-01  4.71997301e-01
  4.99677744e-01  5.14552493e-01  5.26197303e-01  5.34956289e-01
  5.42497240e-01  5.65719522e-01  5.76149044e-01  5.77661346e-01
  5.94339141e-01  6.32702030e-01  6.61066083e-01  6.66926299e-01
  6.72611009e-01  6.99457137e-01  7.06402853e-01  7.30821910e-01
  7.56989627e-01  8.19378233e-01  8.65948834e-01  8.68834864e-01
  8.90440060e-01  9.37753035e-01  9.38940160e-01  9.73299855e-01
  9.93505555e-01  1.00276555e+00  1.02930474e+00  1.03708194e+00
  1.04242472e+00  1.04376869e+00  1.04793515e+00  1.05438050e+00
  1.09992070e+00  1.16772693e+00  1.22392987e+00  1.24374101e+00
  1.31499639e+00  1.32920475e+00  1.35525288e+00  1.39321509e+00
  1.41617562e+00  1.44148143e+00  1.45584550e+00  1.46299255e+00
  1.47676554e+00  1.48904618e+00  1.50449693e+00  1.52460936e+00
  1.59198396e+00  1.59466334e+00  1.61336720e+00  1.63666225e+00
  1.64988023e+00  1.67664479e+00  1.69284731e+00  1.69480824e+00
  1.74979999e+00  1.76280943e+00  1.78408498e+00  1.81648320e+00
  1.82499960e+00  1.84097432e+00  1.84717543e+00  1.94674129e+00
  1.95409587e+00  1.99777133e+00  2.01587443e+00  2.01674879e+00
  2.03871932e+00  2.14566570e+00  2.15397495e+00  2.17238416e+00
  2.22580400e+00  2.23548441e+00  2.27643006e+00  2.27722887e+00
  2.30379295e+00  2.32961819e+00  2.34399427e+00  2.36897619e+00
  2.42336681e+00  2.42345592e+00  2.44646710e+00  2.45410361e+00
  2.46972833e+00  2.50443605e+00  2.50638711e+00  2.52901071e+00
  2.55165248e+00  2.55532516e+00  2.56500507e+00  2.58133066e+00
  2.62565236e+00  2.64215105e+00  2.66716263e+00  2.68184806e+00
  2.68611917e+00  2.76725217e+00  2.83272255e+00  2.83486633e+00
  2.89742429e+00  2.94519962e+00  2.99899345e+00  3.10192100e+00
  3.20382999e+00  3.32518841e+00  3.33925433e+00  3.39288999e+00
  3.53332179e+00  3.63024931e+00  3.68423013e+00  3.68951414e+00
  3.79363784e+00  3.80925618e+00  3.90572436e+00  3.94266659e+00
  4.03711580e+00  4.30869152e+00  4.76223304e+00  5.10751685e+00
  9.60443662e+00  2.35323316e+01  2.38162990e+01  2.38744741e+01
  2.38900365e+01  2.39789365e+01  2.40587704e+01  2.55753194e+01
  2.55825704e+01  2.58201758e+01  3.54649268e+01  2.15544588e+02]
nelec by numeric integration = 67.99999995226274
    CPU time for vxc     82.83 sec, wall time      2.96 sec
E1 = -1776.3994900034575  Ecoul = 718.5508933803402  Exc = -70.45080097403248
cycle= 6 E= -748.209948861317  delta_E= -0.0021  |g|= 0.0232  |ddm|=  0.2
    CPU time for cycle= 6     84.46 sec, wall time      3.02 sec
  HOMO = -0.163975612047103  LUMO = -0.127980033572109
  mo_energy =
[-1.01361874e+02 -1.44698190e+01 -1.03028274e+01 -1.03023649e+01
 -1.02692892e+01 -1.02669320e+01 -1.02665379e+01 -1.02249040e+01
 -9.27616963e+00 -7.03482916e+00 -7.03434552e+00 -7.03395802e+00
 -1.07616442e+00 -9.04245936e-01 -8.58218265e-01 -7.66592017e-01
 -7.35033325e-01 -7.02656801e-01 -6.25389732e-01 -6.05347497e-01
 -5.83066012e-01 -5.56358806e-01 -5.23930714e-01 -5.20049953e-01
 -5.19064404e-01 -4.56478913e-01 -4.42917089e-01 -4.32119455e-01
 -4.26091357e-01 -3.70831353e-01 -3.51012710e-01 -1.66576977e-01
 -1.64134020e-01 -1.63975612e-01 -1.27980034e-01 -1.03713486e-01
 -1.32326859e-02  2.17116072e-02  2.88825372e-02  4.12218779e-02
  5.62501567e-02  6.38269342e-02  9.31049149e-02  1.00747651e-01
  1.28054102e-01  1.32982821e-01  1.84651757e-01  1.92670149e-01
  2.00032191e-01  2.12853677e-01  2.38605753e-01  2.55840803e-01
  2.60925991e-01  2.96466934e-01  3.03273502e-01  3.21769501e-01
  3.46775955e-01  3.47903913e-01  3.66211214e-01  3.70936120e-01
  3.90996804e-01  3.97688027e-01  4.00404343e-01  4.20659769e-01
  4.28219692e-01  4.48685249e-01  4.53612450e-01  4.72244940e-01
  5.01220338e-01  5.16658900e-01  5.27644341e-01  5.35911878e-01
  5.43351751e-01  5.66894457e-01  5.77707970e-01  5.78364094e-01
  5.95949449e-01  6.33525869e-01  6.62930020e-01  6.68706309e-01
  6.74466765e-01  7.01164057e-01  7.08072650e-01  7.32220664e-01
  7.58569046e-01  8.20170700e-01  8.65627962e-01  8.70747542e-01
  8.91973189e-01  9.39150491e-01  9.41252306e-01  9.74729362e-01
  9.95169940e-01  1.00482357e+00  1.03038557e+00  1.03810336e+00
  1.04100057e+00  1.04217398e+00  1.04643526e+00  1.05303823e+00
  1.10186961e+00  1.16731726e+00  1.22518383e+00  1.24510712e+00
  1.31687823e+00  1.33049237e+00  1.35707684e+00  1.39492332e+00
  1.41844908e+00  1.44209503e+00  1.45799104e+00  1.46498722e+00
  1.47804122e+00  1.49055126e+00  1.50636567e+00  1.52622403e+00
  1.59347977e+00  1.59598976e+00  1.61504255e+00  1.63841846e+00
  1.65191833e+00  1.67824554e+00  1.69440398e+00  1.69616081e+00
  1.75086069e+00  1.76431127e+00  1.78574385e+00  1.81812721e+00
  1.82729734e+00  1.84294831e+00  1.84969001e+00  1.94786946e+00
  1.95664830e+00  1.99925193e+00  2.01752641e+00  2.01771302e+00
  2.04048274e+00  2.14686788e+00  2.15601112e+00  2.17479193e+00
  2.22701567e+00  2.23688868e+00  2.27549517e+00  2.27562550e+00
  2.30529875e+00  2.33031657e+00  2.34537308e+00  2.37139129e+00
  2.42345146e+00  2.42432358e+00  2.44781615e+00  2.45620082e+00
  2.47051788e+00  2.50646676e+00  2.50803692e+00  2.53090066e+00
  2.55339571e+00  2.55705076e+00  2.56642635e+00  2.58347674e+00
  2.62724482e+00  2.64408246e+00  2.66876256e+00  2.68527422e+00
  2.68816421e+00  2.76894664e+00  2.83524998e+00  2.83650301e+00
  2.89986430e+00  2.94741841e+00  2.99972574e+00  3.10440929e+00
  3.20566084e+00  3.32756109e+00  3.34161573e+00  3.39559083e+00
  3.53544724e+00  3.63253797e+00  3.68645643e+00  3.69142629e+00
  3.79498055e+00  3.81162148e+00  3.90753445e+00  3.94561038e+00
  4.03898278e+00  4.31147906e+00  4.76517882e+00  5.11046008e+00
  9.60347730e+00  2.35353388e+01  2.38179425e+01  2.38768799e+01
  2.38934290e+01  2.39800322e+01  2.40626276e+01  2.55738251e+01
  2.55817192e+01  2.58192319e+01  3.54701779e+01  2.15544244e+02]
nelec by numeric integration = 67.99999995216854
    CPU time for vxc     84.07 sec, wall time      3.01 sec
E1 = -1776.3339118790886  Ecoul = 718.4799033877046  Exc = -70.44553288537831
cycle= 7 E= -748.21009264093  delta_E= -0.000144  |g|= 0.0113  |ddm|= 0.0206
    CPU time for cycle= 7     85.71 sec, wall time      3.07 sec
  HOMO = -0.166202818749254  LUMO = -0.127374684918454
  mo_energy =
[-1.01365443e+02 -1.44696686e+01 -1.03015056e+01 -1.03006672e+01
 -1.02697943e+01 -1.02652873e+01 -1.02650750e+01 -1.02257291e+01
 -9.27930134e+00 -7.03807746e+00 -7.03747679e+00 -7.03708075e+00
 -1.07551805e+00 -9.03462898e-01 -8.57020550e-01 -7.66386602e-01
 -7.34068588e-01 -7.01753349e-01 -6.27192338e-01 -6.05156881e-01
 -5.82050372e-01 -5.55188994e-01 -5.23332542e-01 -5.18941952e-01
 -5.18724574e-01 -4.55437667e-01 -4.42104518e-01 -4.31857329e-01
 -4.26255452e-01 -3.70355967e-01 -3.49798778e-01 -1.68688291e-01
 -1.66221165e-01 -1.66202819e-01 -1.27374685e-01 -1.02540168e-01
 -1.25230689e-02  2.24867820e-02  2.93805376e-02  4.21247231e-02
  5.67640420e-02  6.44714827e-02  9.36122309e-02  1.00698240e-01
  1.28085350e-01  1.32747216e-01  1.85447820e-01  1.93281242e-01
  2.00908458e-01  2.13580947e-01  2.39375740e-01  2.56066161e-01
  2.61476110e-01  2.97255324e-01  3.04223649e-01  3.22570086e-01
  3.47580272e-01  3.48667147e-01  3.67107571e-01  3.71560988e-01
  3.90107084e-01  3.97434011e-01  3.99704371e-01  4.20840655e-01
  4.27869965e-01  4.49046206e-01  4.54321249e-01  4.72158369e-01
  5.01938789e-01  5.17381190e-01  5.28559418e-01  5.36200300e-01
  5.43644838e-01  5.67010370e-01  5.78169838e-01  5.78549525e-01
  5.96554569e-01  6.33325824e-01  6.63755627e-01  6.69402467e-01
  6.74987235e-01  7.01969862e-01  7.08866587e-01  7.32885949e-01
  7.59495555e-01  8.20294043e-01  8.64592624e-01  8.71617307e-01
  8.92617174e-01  9.39466586e-01  9.42320501e-01  9.75327340e-01
  9.96252914e-01  1.00541861e+00  1.03046680e+00  1.03672158e+00
  1.03975663e+00  1.04000626e+00  1.04466960e+00  1.05076005e+00
  1.10294654e+00  1.16596319e+00  1.22537463e+00  1.24545207e+00
  1.31762290e+00  1.33097652e+00  1.35813582e+00  1.39570879e+00
  1.41928003e+00  1.44195811e+00  1.45886239e+00  1.46577845e+00
  1.47834498e+00  1.49105590e+00  1.50714124e+00  1.52699777e+00
  1.59398723e+00  1.59663484e+00  1.61597012e+00  1.63940799e+00
  1.65271219e+00  1.67867934e+00  1.69544036e+00  1.69732187e+00
  1.75101731e+00  1.76477247e+00  1.78638113e+00  1.81899963e+00
  1.82826226e+00  1.84407869e+00  1.85050128e+00  1.94824591e+00
  1.95753008e+00  2.00012744e+00  2.01785204e+00  2.01802543e+00
  2.04117587e+00  2.14712686e+00  2.15673543e+00  2.17560744e+00
  2.22724963e+00  2.23796938e+00  2.27304941e+00  2.27373850e+00
  2.30592224e+00  2.32986294e+00  2.34561333e+00  2.37230699e+00
  2.42243650e+00  2.42439249e+00  2.44820727e+00  2.45685770e+00
  2.47065236e+00  2.50720948e+00  2.50872114e+00  2.53175878e+00
  2.55375582e+00  2.55805194e+00  2.56744148e+00  2.58446999e+00
  2.62775963e+00  2.64486755e+00  2.66988090e+00  2.68599094e+00
  2.68884733e+00  2.77012571e+00  2.83598839e+00  2.83769518e+00
  2.90082565e+00  2.94805137e+00  2.99957779e+00  3.10525044e+00
  3.20669536e+00  3.32856882e+00  3.34219486e+00  3.39634404e+00
  3.53637255e+00  3.63313554e+00  3.68648264e+00  3.69235350e+00
  3.79484822e+00  3.81167117e+00  3.90873617e+00  3.94649598e+00
  4.04013248e+00  4.31238603e+00  4.76541269e+00  5.11121142e+00
  9.60052255e+00  2.35363220e+01  2.38194345e+01  2.38761494e+01
  2.38943403e+01  2.39815548e+01  2.40632658e+01  2.55707830e+01
  2.55789232e+01  2.58164340e+01  3.54703483e+01  2.15540740e+02]
nelec by numeric integration = 67.99999995218097
    CPU time for vxc     82.70 sec, wall time      2.96 sec
E1 = -1776.3676251845868  Ecoul = 718.5168720284602  Exc = -70.44884248955137
cycle= 8 E= -748.210146909845  delta_E= -5.43e-05  |g|= 0.00232  |ddm|= 0.0209
    CPU time for cycle= 8     84.31 sec, wall time      3.01 sec
  HOMO = -0.166906150268611  LUMO = -0.12704875353593
  mo_energy =
[-1.01365745e+02 -1.44694262e+01 -1.03014879e+01 -1.03009181e+01
 -1.02692291e+01 -1.02650216e+01 -1.02646498e+01 -1.02259970e+01
 -9.27978962e+00 -7.03855699e+00 -7.03793625e+00 -7.03754959e+00
 -1.07526896e+00 -9.02998902e-01 -8.56723121e-01 -7.66259197e-01
 -7.33689998e-01 -7.01503139e-01 -6.27773342e-01 -6.05001990e-01
 -5.81690135e-01 -5.54783300e-01 -5.23110747e-01 -5.18679684e-01
 -5.18431696e-01 -4.54995974e-01 -4.41789167e-01 -4.31748944e-01
 -4.26378492e-01 -3.70053288e-01 -3.49468773e-01 -1.69399475e-01
 -1.66936698e-01 -1.66906150e-01 -1.27048754e-01 -1.02183843e-01
 -1.21804291e-02  2.27845681e-02  2.96059587e-02  4.25060799e-02
  5.70119372e-02  6.47081002e-02  9.38035697e-02  1.00701942e-01
  1.28068177e-01  1.32597772e-01  1.85732206e-01  1.93566008e-01
  2.01342516e-01  2.13858020e-01  2.39696834e-01  2.56106130e-01
  2.61656615e-01  2.97560457e-01  3.04542942e-01  3.22966980e-01
  3.47928107e-01  3.49097669e-01  3.67410475e-01  3.71875430e-01
  3.89727692e-01  3.97360490e-01  3.99414579e-01  4.20861777e-01
  4.27820452e-01  4.49148611e-01  4.54568727e-01  4.72072567e-01
  5.02283368e-01  5.17738948e-01  5.28901595e-01  5.36204128e-01
  5.43723359e-01  5.67045363e-01  5.78058834e-01  5.78894338e-01
  5.96806268e-01  6.33218510e-01  6.64153887e-01  6.69758567e-01
  6.75224327e-01  7.02307473e-01  7.09170347e-01  7.33163026e-01
  7.59849174e-01  8.20313649e-01  8.64281266e-01  8.71986530e-01
  8.92930967e-01  9.39708983e-01  9.42746875e-01  9.75567154e-01
  9.96635144e-01  1.00571519e+00  1.03049079e+00  1.03608182e+00
  1.03940980e+00  1.03948124e+00  1.04432597e+00  1.05004612e+00
  1.10329429e+00  1.16554385e+00  1.22545367e+00  1.24555788e+00
  1.31797273e+00  1.33108460e+00  1.35851260e+00  1.39603405e+00
  1.41966403e+00  1.44181725e+00  1.45922361e+00  1.46615196e+00
  1.47844365e+00  1.49124768e+00  1.50746861e+00  1.52728171e+00
  1.59416696e+00  1.59683228e+00  1.61628858e+00  1.63972864e+00
  1.65315354e+00  1.67886695e+00  1.69581705e+00  1.69773366e+00
  1.75103467e+00  1.76493382e+00  1.78663448e+00  1.81932261e+00
  1.82874308e+00  1.84446080e+00  1.85093017e+00  1.94834782e+00
  1.95794710e+00  2.00043458e+00  2.01784300e+00  2.01822414e+00
  2.04138943e+00  2.14717718e+00  2.15712119e+00  2.17609409e+00
  2.22728753e+00  2.23832951e+00  2.27237219e+00  2.27316897e+00
  2.30615478e+00  2.32968188e+00  2.34563676e+00  2.37276541e+00
  2.42209409e+00  2.42432302e+00  2.44831913e+00  2.45708836e+00
  2.47064403e+00  2.50744226e+00  2.50895019e+00  2.53218489e+00
  2.55387577e+00  2.55848147e+00  2.56786826e+00  2.58494671e+00
  2.62794555e+00  2.64514737e+00  2.67022287e+00  2.68636088e+00
  2.68915203e+00  2.77037200e+00  2.83630616e+00  2.83804515e+00
  2.90123856e+00  2.94824981e+00  2.99944304e+00  3.10560788e+00
  3.20695381e+00  3.32893883e+00  3.34248194e+00  3.39674368e+00
  3.53658532e+00  3.63339230e+00  3.68651269e+00  3.69251987e+00
  3.79475548e+00  3.81173040e+00  3.90915277e+00  3.94700052e+00
  4.04045585e+00  4.31279218e+00  4.76557148e+00  5.11149399e+00
  9.59995386e+00  2.35365862e+01  2.38194838e+01  2.38759195e+01
  2.38944618e+01  2.39817745e+01  2.40637036e+01  2.55701583e+01
  2.55783179e+01  2.58158514e+01  3.54705926e+01  2.15540412e+02]
nelec by numeric integration = 67.99999995219436
    CPU time for vxc     91.15 sec, wall time      3.38 sec
E1 = -1776.3730200361078  Ecoul = 718.5228329851725  Exc = -70.44941120973427
cycle= 9 E= -748.210149524837  delta_E= -2.61e-06  |g|= 0.000772  |ddm|= 0.00687
    CPU time for cycle= 9     93.52 sec, wall time      3.47 sec
  HOMO = -0.166897280269818  LUMO = -0.12706091024582
  mo_energy =
[-1.01365878e+02 -1.44695865e+01 -1.03014638e+01 -1.03006869e+01
 -1.02692072e+01 -1.02650922e+01 -1.02648709e+01 -1.02259676e+01
 -9.27986261e+00 -7.03863196e+00 -7.03801648e+00 -7.03763159e+00
 -1.07529782e+00 -9.03049219e-01 -8.56734604e-01 -7.66269809e-01
 -7.33728391e-01 -7.01511351e-01 -6.27770761e-01 -6.05007940e-01
 -5.81720232e-01 -5.54818345e-01 -5.23130656e-01 -5.18703734e-01
 -5.18446607e-01 -4.55037263e-01 -4.41814433e-01 -4.31752042e-01
 -4.26359979e-01 -3.70083146e-01 -3.49484537e-01 -1.69390291e-01
 -1.66925448e-01 -1.66897280e-01 -1.27060910e-01 -1.02210932e-01
 -1.22009122e-02  2.27676691e-02  2.96063387e-02  4.24746475e-02
  5.69977422e-02  6.47030398e-02  9.38039274e-02  1.00694153e-01
  1.28070607e-01  1.32619769e-01  1.85729729e-01  1.93544427e-01
  2.01297888e-01  2.13846713e-01  2.39672334e-01  2.56111836e-01
  2.61658306e-01  2.97531689e-01  3.04529758e-01  3.22942971e-01
  3.47917719e-01  3.49065279e-01  3.67398964e-01  3.71843684e-01
  3.89740692e-01  3.97364469e-01  3.99425947e-01  4.20871292e-01
  4.27824715e-01  4.49137086e-01  4.54556716e-01  4.72080589e-01
  5.02254910e-01  5.17722193e-01  5.28868899e-01  5.36218816e-01
  5.43718193e-01  5.67051194e-01  5.78073954e-01  5.78858694e-01
  5.96798795e-01  6.33227352e-01  6.64124979e-01  6.69733492e-01
  6.75200948e-01  7.02294520e-01  7.09151928e-01  7.33142581e-01
  7.59829509e-01  8.20315317e-01  8.64280971e-01  8.71959798e-01
  8.92903466e-01  9.39688882e-01  9.42714465e-01  9.75558994e-01
  9.96611000e-01  1.00569607e+00  1.03048068e+00  1.03608796e+00
  1.03941206e+00  1.03948204e+00  1.04432421e+00  1.05004643e+00
  1.10329062e+00  1.16554732e+00  1.22544195e+00  1.24555647e+00
  1.31794256e+00  1.33108729e+00  1.35848945e+00  1.39600806e+00
  1.41964315e+00  1.44184235e+00  1.45920564e+00  1.46612074e+00
  1.47845254e+00  1.49124405e+00  1.50744837e+00  1.52725828e+00
  1.59416938e+00  1.59683323e+00  1.61627676e+00  1.63971684e+00
  1.65311786e+00  1.67885700e+00  1.69579180e+00  1.69771335e+00
  1.75104452e+00  1.76494177e+00  1.78661151e+00  1.81931313e+00
  1.82869761e+00  1.84443977e+00  1.85089655e+00  1.94833824e+00
  1.95790699e+00  2.00041781e+00  2.01785364e+00  2.01821075e+00
  2.04139403e+00  2.14717740e+00  2.15708874e+00  2.17605123e+00
  2.22729795e+00  2.23830017e+00  2.27237628e+00  2.27315845e+00
  2.30613773e+00  2.32969633e+00  2.34564901e+00  2.37272886e+00
  2.42210320e+00  2.42434346e+00  2.44832795e+00  2.45706122e+00
  2.47066235e+00  2.50743897e+00  2.50894981e+00  2.53214525e+00
  2.55386047e+00  2.55844711e+00  2.56782831e+00  2.58490783e+00
  2.62795749e+00  2.64513170e+00  2.67016734e+00  2.68637266e+00
  2.68913297e+00  2.77037013e+00  2.83628166e+00  2.83802260e+00
  2.90119617e+00  2.94823912e+00  2.99946242e+00  3.10557129e+00
  3.20692772e+00  3.32891160e+00  3.34244353e+00  3.39671021e+00
  3.53659075e+00  3.63335974e+00  3.68648754e+00  3.69254465e+00
  3.79476912e+00  3.81169560e+00  3.90911122e+00  3.94695549e+00
  4.04044182e+00  4.31274873e+00  4.76551311e+00  5.11144600e+00
  9.59990423e+00  2.35365740e+01  2.38195257e+01  2.38759478e+01
  2.38945249e+01  2.39817152e+01  2.40636436e+01  2.55701272e+01
  2.55782725e+01  2.58158096e+01  3.54704402e+01  2.15540287e+02]
nelec by numeric integration = 67.9999999521936
    CPU time for vxc     82.87 sec, wall time      2.98 sec
E1 = -1776.374706530602  Ecoul = 718.5246922990149  Exc = -70.44958414963547
cycle= 10 E= -748.21014964539  delta_E= -1.21e-07  |g|= 0.000282  |ddm|= 0.000637
    CPU time for cycle= 10     84.52 sec, wall time      3.04 sec
  HOMO = -0.166873649751629  LUMO = -0.127075526245651
  mo_energy =
[-1.01365937e+02 -1.44695446e+01 -1.03014529e+01 -1.03007701e+01
 -1.02692409e+01 -1.02651102e+01 -1.02648137e+01 -1.02259791e+01
 -9.27988071e+00 -7.03865245e+00 -7.03803907e+00 -7.03765457e+00
 -1.07531226e+00 -9.03069346e-01 -8.56753253e-01 -7.66278647e-01
 -7.33744436e-01 -7.01524624e-01 -6.27752381e-01 -6.05020169e-01
 -5.81737249e-01 -5.54834257e-01 -5.23142600e-01 -5.18715666e-01
 -5.18465056e-01 -4.55055418e-01 -4.41831689e-01 -4.31758246e-01
 -4.26354728e-01 -3.70095819e-01 -3.49503884e-01 -1.69364891e-01
 -1.66898962e-01 -1.66873650e-01 -1.27075526e-01 -1.02231032e-01
 -1.22158940e-02  2.27554264e-02  2.95944192e-02  4.24589855e-02
  5.69886080e-02  6.46917014e-02  9.37930469e-02  1.00693371e-01
  1.28071869e-01  1.32622910e-01  1.85709534e-01  1.93532744e-01
  2.01285104e-01  2.13829719e-01  2.39660459e-01  2.56112111e-01
  2.61646047e-01  2.97520835e-01  3.04513394e-01  3.22923025e-01
  3.47894682e-01  3.49046096e-01  3.67382237e-01  3.71834160e-01
  3.89752624e-01  3.97364704e-01  3.99433536e-01  4.20862512e-01
  4.27823725e-01  4.49132313e-01  4.54543454e-01  4.72080900e-01
  5.02241597e-01  5.17703248e-01  5.28855395e-01  5.36215280e-01
  5.43718492e-01  5.67046235e-01  5.78075839e-01  5.78844296e-01
  5.96785247e-01  6.33232008e-01  6.64108314e-01  6.69718118e-01
  6.75191837e-01  7.02275821e-01  7.09137960e-01  7.33130365e-01
  7.59812034e-01  8.20309445e-01  8.64290044e-01  8.71941703e-01
  8.92890007e-01  9.39675613e-01  9.42694081e-01  9.75544102e-01
  9.96591495e-01  1.00568209e+00  1.03047517e+00  1.03611018e+00
  1.03942972e+00  1.03948981e+00  1.04433314e+00  1.05006868e+00
  1.10326691e+00  1.16556110e+00  1.22544067e+00  1.24554903e+00
  1.31792406e+00  1.33108059e+00  1.35846979e+00  1.39599263e+00
  1.41962260e+00  1.44185280e+00  1.45918586e+00  1.46610750e+00
  1.47844346e+00  1.49123306e+00  1.50743471e+00  1.52724717e+00
  1.59415991e+00  1.59682265e+00  1.61625880e+00  1.63970114e+00
  1.65309833e+00  1.67884889e+00  1.69577286e+00  1.69769260e+00
  1.75104246e+00  1.76493168e+00  1.78660290e+00  1.81929455e+00
  1.82867888e+00  1.84441969e+00  1.85087933e+00  1.94833241e+00
  1.95788998e+00  2.00040134e+00  2.01785308e+00  2.01820083e+00
  2.04137689e+00  2.14717534e+00  2.15707088e+00  2.17603116e+00
  2.22728908e+00  2.23828647e+00  2.27239649e+00  2.27317150e+00
  2.30612521e+00  2.32970084e+00  2.34564379e+00  2.37270864e+00
  2.42211471e+00  2.42434512e+00  2.44831870e+00  2.45705744e+00
  2.47065852e+00  2.50741886e+00  2.50893816e+00  2.53212935e+00
  2.55385475e+00  2.55843107e+00  2.56781368e+00  2.58488737e+00
  2.62794081e+00  2.64511777e+00  2.67015806e+00  2.68634407e+00
  2.68911781e+00  2.77035203e+00  2.83626430e+00  2.83800317e+00
  2.90117906e+00  2.94822739e+00  2.99947127e+00  3.10555722e+00
  3.20691516e+00  3.32889272e+00  3.34243200e+00  3.39669076e+00
  3.53657515e+00  3.63334677e+00  3.68649376e+00  3.69252302e+00
  3.79477220e+00  3.81170059e+00  3.90909388e+00  3.94693536e+00
  4.04042297e+00  4.31273424e+00  4.76551598e+00  5.11144044e+00
  9.59989914e+00  2.35365600e+01  2.38195051e+01  2.38759370e+01
  2.38944972e+01  2.39817148e+01  2.40636355e+01  2.55701311e+01
  2.55782713e+01  2.58158091e+01  3.54704786e+01  2.15540234e+02]
nelec by numeric integration = 67.99999995219395
    CPU time for vxc     82.69 sec, wall time      2.96 sec
E1 = -1776.3749778427214  Ecoul = 718.5249592447733  Exc = -70.44957980440022
cycle= 11 E= -748.210149666516  delta_E= -2.11e-08  |g|= 7.64e-05  |ddm|= 0.000316
    CPU time for cycle= 11     84.31 sec, wall time      3.02 sec
  HOMO = -0.1668653626675  LUMO = -0.127079327819102
  mo_energy =
[-1.01365928e+02 -1.44695430e+01 -1.03014822e+01 -1.03007620e+01
 -1.02692465e+01 -1.02650966e+01 -1.02648313e+01 -1.02259853e+01
 -9.27987100e+00 -7.03864263e+00 -7.03802955e+00 -7.03764492e+00
 -1.07531687e+00 -9.03074073e-01 -8.56759451e-01 -7.66282519e-01
 -7.33749590e-01 -7.01530186e-01 -6.27745124e-01 -6.05023243e-01
 -5.81742806e-01 -5.54839835e-01 -5.23146891e-01 -5.18719994e-01
 -5.18470511e-01 -4.55060861e-01 -4.41836390e-01 -4.31762344e-01
 -4.26358765e-01 -3.70099746e-01 -3.49509872e-01 -1.69356562e-01
 -1.66889707e-01 -1.66865363e-01 -1.27079328e-01 -1.02236998e-01
 -1.22196966e-02  2.27514819e-02  2.95913769e-02  4.24539966e-02
  5.69853078e-02  6.46883034e-02  9.37905404e-02  1.00691312e-01
  1.28069521e-01  1.32622948e-01  1.85707598e-01  1.93527851e-01
  2.01277977e-01  2.13826620e-01  2.39654683e-01  2.56107520e-01
  2.61643078e-01  2.97515071e-01  3.04508383e-01  3.22919215e-01
  3.47893260e-01  3.49041410e-01  3.67378072e-01  3.71827906e-01
  3.89756998e-01  3.97365593e-01  3.99436664e-01  4.20860034e-01
  4.27824097e-01  4.49129383e-01  4.54539265e-01  4.72080011e-01
  5.02237304e-01  5.17699087e-01  5.28850395e-01  5.36213163e-01
  5.43713763e-01  5.67043815e-01  5.78073388e-01  5.78840669e-01
  5.96781208e-01  6.33230770e-01  6.64104001e-01  6.69714165e-01
  6.75188669e-01  7.02271456e-01  7.09133056e-01  7.33125893e-01
  7.59807034e-01  8.20308146e-01  8.64293701e-01  8.71936360e-01
  8.92885795e-01  9.39673030e-01  9.42688035e-01  9.75539878e-01
  9.96585779e-01  1.00567707e+00  1.03047432e+00  1.03611905e+00
  1.03943732e+00  1.03949343e+00  1.04433628e+00  1.05007788e+00
  1.10326187e+00  1.16556568e+00  1.22543638e+00  1.24554613e+00
  1.31792009e+00  1.33107586e+00  1.35846378e+00  1.39598837e+00
  1.41961749e+00  1.44185034e+00  1.45918090e+00  1.46610186e+00
  1.47844140e+00  1.49122957e+00  1.50742864e+00  1.52724135e+00
  1.59415606e+00  1.59681824e+00  1.61625420e+00  1.63969403e+00
  1.65309415e+00  1.67884424e+00  1.69576853e+00  1.69768671e+00
  1.75103980e+00  1.76492734e+00  1.78659696e+00  1.81929074e+00
  1.82867403e+00  1.84441366e+00  1.85087398e+00  1.94832940e+00
  1.95788497e+00  2.00039611e+00  2.01785026e+00  2.01819664e+00
  2.04137257e+00  2.14717087e+00  2.15706661e+00  2.17602619e+00
  2.22728739e+00  2.23827925e+00  2.27240576e+00  2.27317883e+00
  2.30612137e+00  2.32969979e+00  2.34564091e+00  2.37270427e+00
  2.42211645e+00  2.42434226e+00  2.44831446e+00  2.45704894e+00
  2.47065670e+00  2.50741684e+00  2.50893173e+00  2.53212465e+00
  2.55385054e+00  2.55842521e+00  2.56780830e+00  2.58488276e+00
  2.62793829e+00  2.64511151e+00  2.67015361e+00  2.68633784e+00
  2.68911410e+00  2.77034511e+00  2.83625961e+00  2.83799695e+00
  2.90117373e+00  2.94822209e+00  2.99946873e+00  3.10555302e+00
  3.20690962e+00  3.32888734e+00  3.34242759e+00  3.39668592e+00
  3.53656890e+00  3.63334241e+00  3.68649086e+00  3.69251766e+00
  3.79476738e+00  3.81169834e+00  3.90908863e+00  3.94693019e+00
  4.04041691e+00  4.31272916e+00  4.76551389e+00  5.11143627e+00
  9.59990899e+00  2.35365542e+01  2.38194975e+01  2.38759310e+01
  2.38944880e+01  2.39817106e+01  2.40636314e+01  2.55701414e+01
  2.55782812e+01  2.58158187e+01  3.54704799e+01  2.15540244e+02]
nelec by numeric integration = 67.99999995219312
    CPU time for vxc     82.63 sec, wall time      2.95 sec
E1 = -1776.374924213604  Ecoul = 718.524896151581  Exc = -70.44957034202352
cycle= 12 E= -748.210149668214  delta_E= -1.7e-09  |g|= 3.86e-05  |ddm|= 0.000128
    CPU time for cycle= 12     84.25 sec, wall time      3.01 sec
  HOMO = -0.166864690291506  LUMO = -0.12707959620689
  mo_energy =
[-1.01365925e+02 -1.44695516e+01 -1.03014734e+01 -1.03007634e+01
 -1.02692454e+01 -1.02651050e+01 -1.02648304e+01 -1.02259844e+01
 -9.27986933e+00 -7.03864095e+00 -7.03802781e+00 -7.03764310e+00
 -1.07531838e+00 -9.03074820e-01 -8.56759731e-01 -7.66283242e-01
 -7.33750755e-01 -7.01530592e-01 -6.27744403e-01 -6.05023161e-01
 -5.81743562e-01 -5.54840836e-01 -5.23148070e-01 -5.18720789e-01
 -5.18470968e-01 -4.55061862e-01 -4.41836937e-01 -4.31763131e-01
 -4.26359440e-01 -3.70100857e-01 -3.49509996e-01 -1.69355955e-01
 -1.66888766e-01 -1.66864690e-01 -1.27079596e-01 -1.02237493e-01
 -1.22199481e-02  2.27510934e-02  2.95913463e-02  4.24534242e-02
  5.69849526e-02  6.46880456e-02  9.37899494e-02  1.00690796e-01
  1.28069284e-01  1.32622347e-01  1.85706243e-01  1.93527517e-01
  2.01278170e-01  2.13825879e-01  2.39654613e-01  2.56107571e-01
  2.61642458e-01  2.97514944e-01  3.04507966e-01  3.22918659e-01
  3.47891782e-01  3.49041204e-01  3.67377758e-01  3.71828476e-01
  3.89756988e-01  3.97365579e-01  3.99436700e-01  4.20859984e-01
  4.27824414e-01  4.49129402e-01  4.54538962e-01  4.72079926e-01
  5.02236934e-01  5.17698850e-01  5.28849927e-01  5.36212668e-01
  5.43713590e-01  5.67043247e-01  5.78072977e-01  5.78839645e-01
  5.96781006e-01  6.33230092e-01  6.64103495e-01  6.69713753e-01
  6.75187265e-01  7.02270974e-01  7.09132718e-01  7.33125890e-01
  7.59806588e-01  8.20307751e-01  8.64293962e-01  8.71935839e-01
  8.92885053e-01  9.39672950e-01  9.42687625e-01  9.75539589e-01
  9.96585116e-01  1.00567667e+00  1.03047428e+00  1.03612002e+00
  1.03943814e+00  1.03949385e+00  1.04433670e+00  1.05007893e+00
  1.10326120e+00  1.16556592e+00  1.22543600e+00  1.24554511e+00
  1.31791934e+00  1.33107530e+00  1.35846358e+00  1.39598750e+00
  1.41961730e+00  1.44184927e+00  1.45918042e+00  1.46610156e+00
  1.47844008e+00  1.49122881e+00  1.50742840e+00  1.52724085e+00
  1.59415540e+00  1.59681757e+00  1.61625344e+00  1.63969436e+00
  1.65309344e+00  1.67884392e+00  1.69576750e+00  1.69768623e+00
  1.75103901e+00  1.76492715e+00  1.78659682e+00  1.81929015e+00
  1.82867311e+00  1.84441330e+00  1.85087372e+00  1.94832869e+00
  1.95788404e+00  2.00039554e+00  2.01784947e+00  2.01819584e+00
  2.04137218e+00  2.14717064e+00  2.15706593e+00  2.17602587e+00
  2.22728634e+00  2.23827910e+00  2.27240670e+00  2.27317972e+00
  2.30612079e+00  2.32969946e+00  2.34563983e+00  2.37270348e+00
  2.42211643e+00  2.42434135e+00  2.44831415e+00  2.45704923e+00
  2.47065599e+00  2.50741545e+00  2.50893193e+00  2.53212392e+00
  2.55384940e+00  2.55842482e+00  2.56780737e+00  2.58488205e+00
  2.62793751e+00  2.64511120e+00  2.67015191e+00  2.68633862e+00
  2.68911337e+00  2.77034532e+00  2.83625875e+00  2.83799653e+00
  2.90117301e+00  2.94822149e+00  2.99946787e+00  3.10555202e+00
  3.20690912e+00  3.32888690e+00  3.34242677e+00  3.39668537e+00
  3.53656868e+00  3.63334124e+00  3.68648836e+00  3.69251762e+00
  3.79476702e+00  3.81169547e+00  3.90908754e+00  3.94692976e+00
  4.04041673e+00  4.31272806e+00  4.76551078e+00  5.11143388e+00
  9.59991049e+00  2.35365542e+01  2.38194987e+01  2.38759317e+01
  2.38944904e+01  2.39817090e+01  2.40636302e+01  2.55701427e+01
  2.55782827e+01  2.58158201e+01  3.54704717e+01  2.15540246e+02]
nelec by numeric integration = 67.99999995219324
    CPU time for vxc     82.72 sec, wall time      2.96 sec
E1 = -1776.374929138915  Ecoul = 718.5249022935816  Exc = -70.44957155903207
cycle= 13 E= -748.210149668533  delta_E= -3.19e-10  |g|= 9.97e-06  |ddm|= 3.89e-05
    CPU time for cycle= 13     84.34 sec, wall time      3.01 sec
  HOMO = -0.166869933193987  LUMO = -0.127077357505692
  mo_energy =
[-1.01365935e+02 -1.44695465e+01 -1.03014705e+01 -1.03007588e+01
 -1.02692425e+01 -1.02651032e+01 -1.02648301e+01 -1.02259816e+01
 -9.27987879e+00 -7.03865062e+00 -7.03803728e+00 -7.03765256e+00
 -1.07531465e+00 -9.03072423e-01 -8.56756925e-01 -7.66281013e-01
 -7.33748079e-01 -7.01528366e-01 -6.27749282e-01 -6.05022266e-01
 -5.81740940e-01 -5.54838875e-01 -5.23145098e-01 -5.18718602e-01
 -5.18468601e-01 -4.55059672e-01 -4.41834672e-01 -4.31761468e-01
 -4.26358155e-01 -3.70098550e-01 -3.49507567e-01 -1.69361274e-01
 -1.66894353e-01 -1.66869933e-01 -1.27077358e-01 -1.02235182e-01
 -1.22185326e-02  2.27523924e-02  2.95926488e-02  4.24555655e-02
  5.69861153e-02  6.46893007e-02  9.37913734e-02  1.00692094e-01
  1.28070099e-01  1.32622712e-01  1.85708438e-01  1.93529443e-01
  2.01279937e-01  2.13827745e-01  2.39656367e-01  2.56108836e-01
  2.61644123e-01  2.97516628e-01  3.04510097e-01  3.22920533e-01
  3.47893593e-01  3.49043013e-01  3.67379523e-01  3.71829820e-01
  3.89755138e-01  3.97365000e-01  3.99435303e-01  4.20861466e-01
  4.27823958e-01  4.49130186e-01  4.54540546e-01  4.72080154e-01
  5.02238434e-01  5.17700754e-01  5.28851604e-01  5.36213645e-01
  5.43714705e-01  5.67044544e-01  5.78073930e-01  5.78841313e-01
  5.96782631e-01  6.33230463e-01  6.64105132e-01  6.69715258e-01
  6.75189892e-01  7.02273072e-01  7.09134579e-01  7.33127279e-01
  7.59808771e-01  8.20308348e-01  8.64291636e-01  8.71937940e-01
  8.92886873e-01  9.39673849e-01  9.42690091e-01  9.75541520e-01
  9.96587343e-01  1.00567864e+00  1.03047430e+00  1.03611414e+00
  1.03943314e+00  1.03949095e+00  1.04433392e+00  1.05007281e+00
  1.10326398e+00  1.16556266e+00  1.22543736e+00  1.24554688e+00
  1.31792143e+00  1.33107722e+00  1.35846590e+00  1.39598934e+00
  1.41961965e+00  1.44184997e+00  1.45918275e+00  1.46610328e+00
  1.47844163e+00  1.49123046e+00  1.50743048e+00  1.52724282e+00
  1.59415703e+00  1.59681950e+00  1.61625558e+00  1.63969664e+00
  1.65309515e+00  1.67884550e+00  1.69576949e+00  1.69768837e+00
  1.75104024e+00  1.76492895e+00  1.78659859e+00  1.81929204e+00
  1.82867501e+00  1.84441578e+00  1.85087571e+00  1.94832976e+00
  1.95788637e+00  2.00039770e+00  2.01785047e+00  2.01819781e+00
  2.04137466e+00  2.14717201e+00  2.15706775e+00  2.17602762e+00
  2.22728781e+00  2.23828115e+00  2.27240038e+00  2.27317454e+00
  2.30612229e+00  2.32969941e+00  2.34564167e+00  2.37270548e+00
  2.42211441e+00  2.42434254e+00  2.44831588e+00  2.45705158e+00
  2.47065680e+00  2.50741775e+00  2.50893400e+00  2.53212550e+00
  2.55385159e+00  2.55842660e+00  2.56780898e+00  2.58488397e+00
  2.62793931e+00  2.64511372e+00  2.67015414e+00  2.68634150e+00
  2.68911533e+00  2.77034805e+00  2.83626163e+00  2.83799904e+00
  2.90117535e+00  2.94822430e+00  2.99946845e+00  3.10555412e+00
  3.20691145e+00  3.32888926e+00  3.34242901e+00  3.39668767e+00
  3.53657188e+00  3.63334414e+00  3.68649095e+00  3.69252066e+00
  3.79476865e+00  3.81169828e+00  3.90908963e+00  3.94693180e+00
  4.04041917e+00  4.31273067e+00  4.76551426e+00  5.11143755e+00
  9.59990183e+00  2.35365566e+01  2.38195016e+01  2.38759344e+01
  2.38944936e+01  2.39817109e+01  2.40636321e+01  2.55701341e+01
  2.55782745e+01  2.58158119e+01  3.54704767e+01  2.15540236e+02]
nelec by numeric integration = 67.99999995219332
    CPU time for vxc     82.36 sec, wall time      2.94 sec
E1 = -1776.3749643229164  Ecoul = 718.5249444124694  Exc = -70.44957849372291
Extra cycle  E= -748.210149668337  delta_E= 1.96e-10  |g|= 2.55e-05  |ddm|= 7.18e-05
    CPU time for scf_cycle   1351.45 sec, wall time     48.95 sec
    CPU time for SCF   1351.46 sec, wall time     48.95 sec
converged SCF energy = -748.210149668337
Converting <class 'pyscf.dft.rks.RKS'> to RHF


******** <class 'pyscf.tdscf.rks.TDA'> for <class 'pyscf.dft.rks.RKS'> ********
nstates = 5 singlet
wfnsym = None
conv_tol = 1e-09
eigh lindep = 1e-12
eigh level_shift = 0
eigh max_space = 8
eigh max_cycle = 2000
chkfile = /scratch/global/yangjunjie/tmps5jdz6n3
max_memory 127949 MB (current use 2270 MB)


davidson 0 5  |r|=  0.1  e= [0.01926215 0.02067966 0.04640209 0.04653732 0.05534095]  max|de|= 0.0553  lindep=    1
Old state -> New state
    4     ->     2 
    2     ->     4 
davidson 1 10  |r|= 0.0189  e= [0.01913824 0.0204283  0.04344611 0.04633685 0.04638969]  max|de|= -0.0119  lindep= 0.853
davidson 2 15  |r|= 0.00603  e= [0.01913791 0.02042071 0.04313159 0.04628021 0.04638936]  max|de|= -0.000315  lindep= 0.778
davidson 3 20  |r|= 0.00173  e= [0.01913791 0.02042065 0.04309716 0.04627481 0.04638934]  max|de|= -3.44e-05  lindep= 0.539
root 0 converged  |r|= 1.08e-05  e= 0.019137909548618135  max|de|= 9.37e-17
root 1 converged  |r|= 2.52e-05  e= 0.020420648999016196  max|de|= 3.47e-17
davidson 4 5  |r|= 0.00173  e= [0.01913791 0.02042065 0.04309716 0.04627481 0.04638934]  max|de|= 1.8e-16  lindep= 0.999
davidson 5 8  |r|= 0.000416  e= [0.01913791 0.02042065 0.04309528 0.04627448 0.04638934]  max|de|= -1.88e-06  lindep= 0.512
davidson 6 11  |r|= 0.000207  e= [0.01913791 0.02042065 0.04309504 0.04627444 0.04638933]  max|de|= -2.44e-07  lindep= 0.733
davidson 7 14  |r|= 4.25e-05  e= [0.01913791 0.02042065 0.04309501 0.04627443 0.04638931]  max|de|= -2.45e-08  lindep=  0.6
root 3 converged  |r|= 4.18e-06  e= 0.046274430421982246  max|de|= -1.94e-10
davidson 8 17  |r|= 2.25e-05  e= [0.01913791 0.02042065 0.04309501 0.04627443 0.04638931]  max|de|= -1.25e-09  lindep= 0.638
root 2 converged  |r|= 1.02e-05  e= 0.04309501056577093  max|de|= 2.36e-16
root 4 converged  |r|= 6.43e-06  e= 0.04638930724088319  max|de|= 1.11e-16
converged 9 5  |r|= 2.25e-05  e= [0.01913791 0.02042065 0.04309501 0.04627443 0.04638931]  max|de|= 2.36e-16
    CPU time for TDA   2152.39 sec, wall time     81.23 sec
Excited State energies (eV)
[0.52076904 0.55567416 1.17267497 1.25919139 1.26231735]
