 
:: initializing oneAPI environment ...
   slurm_script: BASH_VERSION = 4.2.46(1)-release
   args: Using "$@" for setvars.sh arguments: --force
:: advisor -- latest
:: ccl -- latest
:: clck -- latest
:: compiler -- latest
:: dal -- latest
:: debugger -- latest
:: dev-utilities -- latest
:: dnnl -- latest
:: dpcpp-ct -- latest
:: dpl -- latest
:: inspector -- latest
:: intelpython -- latest
:: ipp -- latest
:: ippcp -- latest
:: ipp -- latest
:: itac -- latest
:: mkl -- latest
:: mpi -- latest
:: tbb -- latest
:: vpl -- latest
:: vtune -- latest
:: oneAPI environment initialized ::
 
SLURM_CPUS_PER_TASK = 28
SLURM_MEM_PER_NODE = 256000
#INFO: **** input file is /home/yangjunjie/work/py-ch3-cl/work/scan-13/main.py ****
import sys
import pyscf
from pyscf import tdscf

def main(xyz_file, basis="631g*", xc="b3lyp", output="ene.out"):
    xyz = None

    with open(xyz_file, "r") as xyz:
        xyz = xyz.readlines()[2:]
        xyz = "".join(xyz)

    mol = pyscf.gto.Mole()
    mol.atom = xyz
    mol.basis = basis
    mol.verbose = 5
    mol.build()

    if xc is not None and xc != "hf":
        mf = pyscf.scf.RKS(mol)
        mf.xc = xc
        mf.grids.level = 9
        mf.kernel()
    else:
        mf = pyscf.scf.RHF(mol)
        mf.kernel()

    ene_mf = mf.e_tot

    with open(output, "w") as f:
        tda = pyscf.tdscf.TDA(mf)
        tda.nstates = 5
        tda.max_space = 8
        tda.max_cycle = 2000
        tda.kernel()

        con_tda = tda.converged
        ene_tda = tda.e[:5]
        dip_tda = tda.transition_dipole()[:5]

        f.write(f"RKS energy: {ene_mf: 12.8f}\n")
        f.write("TDA results:\n")
        for i, (con, ene, dip) in enumerate(zip(con_tda, ene_tda, dip_tda)):
            f.write(f" {i:2d} {con} {ene: 12.8f} {dip[0]: 12.8f} {dip[1]: 12.8f} {dip[2]: 12.8f}\n")

        # rpa = pyscf.tdscf.RPA(mf)
        # rpa.nstates = 5
        # rpa.max_space = 8
        # rpa.max_cycle = 2000
        # rpa.kernel()

        # con_rpa = rpa.converged
        # ene_rpa = rpa.e[:5]
        # dip_rpa = rpa.transition_dipole()[:5]
        
        # f.write("\nRPA results:\n")
        # for i, (con, ene, dip) in enumerate(zip(con_rpa, ene_rpa, dip_rpa)):
        #     f.write(f" {i:2d} {con} {ene: 12.8f} {dip[0]: 12.8f} {dip[1]: 12.8f} {dip[2]: 12.8f}\n")

if __name__ == "__main__":
    xyz = sys.argv[1]
    main(xyz, basis="6-311g**", xc=None, output="out.log")
#INFO: ******************** input file end ********************


System: uname_result(system='Linux', node='pauling017', release='3.10.0-327.36.3.el7.x86_64', version='#1 SMP Thu Oct 20 04:56:07 EDT 2016', machine='x86_64')  Threads 28
Python 3.9.7 (default, Oct 27 2021, 01:23:21) 
[GCC 9.3.0]
numpy 1.21.2  scipy 1.6.2
Date: Tue Oct  4 15:30:38 2022
PySCF version 2.0.1
PySCF path  /home/yangjunjie/packages/pyscf/pyscf-main
GIT ORIG_HEAD 14b880cdc4bf7bb64f3989a147c0b04622efc498
GIT HEAD (branch master) 9d5b5bd309d1cc55fbd1a0ec76e26b5b0c7f76af

[ENV] PYSCF_MAX_MEMORY 256000
[ENV] PYSCF_TMPDIR /scratch/global/yangjunjie/
[CONFIG] conf_file /home/yangjunjie/.pyscf_conf.py
[INPUT] verbose = 5
[INPUT] max_memory = 256000 
[INPUT] num. atoms = 16
[INPUT] num. electrons = 68
[INPUT] charge = 0
[INPUT] spin (= nelec alpha-beta = 2S) = 0
[INPUT] symmetry False subgroup None
[INPUT] Mole.unit = angstrom
[INPUT]  1 C      0.000000000000   1.173855370000   1.200428910000 AA    0.000000000000   2.218265159150   2.268481871910 Bohr
[INPUT]  2 C      0.000000090000   1.182381570000   2.584087780000 AA    0.000000170075   2.234377342033   4.883218186035 Bohr
[INPUT]  3 C      0.000000050000  -0.032205570000   3.245347780000 AA    0.000000094486  -0.060859706986   6.132818483165 Bohr
[INPUT]  4 C     -0.000000070000  -1.195010170000   2.496846170000 AA   -0.000000132281  -2.258241937370   4.718355436469 Bohr
[INPUT]  5 C     -0.000000060000  -1.084741420000   1.117544060000 AA   -0.000000113384  -2.049864199772   2.111852205535 Bohr
[INPUT]  6 N     -0.000000080000   0.069648200000   0.475571480000 AA   -0.000000151178   0.131616023069   0.898699849854 Bohr
[INPUT]  7 C      0.000000020000  -0.011836800000  -2.190817960000 AA    0.000000037795  -0.022368310191  -4.140045933178 Bohr
[INPUT]  8 H     -0.000000150000   2.102156580000   0.654605110000 AA   -0.000000283459   3.972500207152   1.237024377641 Bohr
[INPUT]  9 H      0.000000230000   2.112934490000   3.120445610000 AA    0.000000434637   3.992867505248   5.896787589501 Bohr
[INPUT] 10 H      0.000000030000  -0.071660650000   4.320056490000 AA    0.000000056692  -0.135419002408   8.163723608750 Bohr
[INPUT] 11 H     -0.000000180000  -2.162448770000   2.963382690000 AA   -0.000000340151  -4.086435933703   5.599981686377 Bohr
[INPUT] 12 H     -0.000000080000  -1.970816150000   0.505039120000 AA   -0.000000151178  -3.724302765370   0.954385618991 Bohr
[INPUT] 13 H     -0.000000270000   1.035868060000  -1.961275910000 AA   -0.000000510226   1.957506934585  -3.706274324607 Bohr
[INPUT] 14 H     -0.892672940000  -0.501248200000  -1.855641270000 AA   -1.686907375410  -0.947221818431  -3.506653785740 Bohr
[INPUT] 15 H      0.892673250000  -0.501247700000  -1.855641280000 AA    1.686907961225  -0.947220873568  -3.506653804637 Bohr
[INPUT] 16 Cl     0.000000080000  -0.137366250000  -4.046233260000 AA    0.000000151178  -0.259584591259  -7.646272697506 Bohr
[INPUT] ---------------- BASIS SET ---------------- 
[INPUT] l, kappa, [nprim/nctr], expnt,             c_1 c_2 ...
[INPUT] C
[INPUT] 0    0    [6    /1   ]  4563.24           0.00196665
                                682.024           0.0152306
                                154.973           0.0761269
                                44.4553           0.260801
                                13.029            0.616462
                                1.82773           0.221006
[INPUT] 0    0    [3    /1   ]  20.9642           0.11466
                                4.80331           0.919999
                                1.45933           -0.00303068
[INPUT] 0    0    [1    /1   ]  0.483456             1
[INPUT] 0    0    [1    /1   ]  0.145585             1
[INPUT] 1    0    [3    /1   ]  20.9642           0.0402487
                                4.80331           0.237594
                                1.45933           0.815854
[INPUT] 1    0    [1    /1   ]  0.483456             1
[INPUT] 1    0    [1    /1   ]  0.145585             1
[INPUT] 2    0    [1    /1   ]  0.626                1
[INPUT] H
[INPUT] 0    0    [3    /1   ]  33.865            0.0254938
                                5.09479           0.190373
                                1.15879           0.852161
[INPUT] 0    0    [1    /1   ]  0.32584              1
[INPUT] 0    0    [1    /1   ]  0.102741             1
[INPUT] 1    0    [1    /1   ]  0.75                 1
[INPUT] Cl
[INPUT] 0    0    [6    /1   ]  105819            0.000738
                                15872             0.005718
                                3619.65           0.029495
                                1030.8            0.117286
                                339.908           0.362949
                                124.538           0.584149
[INPUT] 0    0    [3    /1   ]  124.538           0.134177
                                49.5135           0.62425
                                20.8056           0.291756
[INPUT] 0    0    [1    /1   ]  6.58346              1
[INPUT] 0    0    [1    /1   ]  2.56468              1
[INPUT] 0    0    [1    /1   ]  0.559763             1
[INPUT] 0    0    [1    /1   ]  0.183273             1
[INPUT] 1    0    [5    /1   ]  589.776           0.002391
                                139.849           0.018504
                                45.1413           0.081377
                                16.8733           0.221552
                                6.7411            0.772569
[INPUT] 1    0    [2    /1   ]  6.7411            -1.572244
                                2.77152           0.992389
[INPUT] 1    0    [1    /1   ]  1.02387              1
[INPUT] 1    0    [1    /1   ]  0.381368             1
[INPUT] 1    0    [1    /1   ]  0.109437             1
[INPUT] 2    0    [1    /1   ]  0.75                 1
[INPUT] N
[INPUT] 0    0    [6    /1   ]  6293.48           0.00196979
                                949.044           0.0149613
                                218.776           0.0735006
                                63.6916           0.248937
                                18.8282           0.60246
                                2.72023           0.256202
[INPUT] 0    0    [3    /1   ]  30.6331           0.111906
                                7.02614           0.921666
                                2.11205           -0.00256919
[INPUT] 0    0    [1    /1   ]  0.684009             1
[INPUT] 0    0    [1    /1   ]  0.200878             1
[INPUT] 1    0    [3    /1   ]  30.6331           0.0383119
                                7.02614           0.237403
                                2.11205           0.817592
[INPUT] 1    0    [1    /1   ]  0.684009             1
[INPUT] 1    0    [1    /1   ]  0.200878             1
[INPUT] 2    0    [1    /1   ]  0.913                1

nuclear repulsion = 374.363600477816
number of shells = 100
number of NR pGTOs = 329
number of NR cGTOs = 200
basis = 6-311g**
ecp = {}
CPU time:         0.41


******** <class 'pyscf.scf.hf.RHF'> ********
method = RHF
initial guess = minao
damping factor = 0
level_shift factor = 0
DIIS = <class 'pyscf.scf.diis.CDIIS'>
diis_start_cycle = 1
diis_space = 8
SCF conv_tol = 1e-09
SCF conv_tol_grad = None
SCF max_cycles = 50
direct_scf = True
direct_scf_tol = 1e-13
chkfile to save SCF result = /scratch/global/yangjunjie/tmpxlbsilx9
max_memory 256000 MB (current use 81 MB)
Set gradient conv threshold to 3.16228e-05
E1 = -1762.445750415367  E_coul = 640.412077943991
init E= -747.67007199356
cond(S) = 13257.890038568337
    CPU time for initialize scf     13.21 sec, wall time      0.55 sec
  HOMO = -0.248502448806298  LUMO = 0.0142792258408491
  mo_energy =
[-1.04819594e+02 -1.56249725e+01 -1.13275533e+01 -1.13237108e+01
 -1.13213492e+01 -1.13190817e+01 -1.13186685e+01 -1.13182431e+01
 -1.06164589e+01 -8.07410703e+00 -8.07270144e+00 -8.07269924e+00
 -1.75841917e+00 -1.40325792e+00 -1.34087136e+00 -1.32621435e+00
 -1.01594129e+00 -9.41750737e-01 -9.26850733e-01 -6.89246794e-01
 -5.95647247e-01 -5.52884215e-01 -5.47956793e-01 -5.41329810e-01
 -5.27435714e-01 -4.84395420e-01 -4.76974137e-01 -4.43260241e-01
 -3.85376464e-01 -3.84314385e-01 -3.61813727e-01 -3.06311197e-01
 -2.57294392e-01 -2.48502449e-01  1.42792258e-02  4.53360496e-02
  6.16723041e-02  1.20524769e-01  1.37471824e-01  1.59790171e-01
  1.79928101e-01  1.84836711e-01  2.04933406e-01  2.18104861e-01
  2.33931249e-01  2.44736985e-01  3.16532448e-01  3.74325986e-01
  3.80259126e-01  3.95351700e-01  4.04431205e-01  4.13446349e-01
  4.16288746e-01  4.19872604e-01  4.27704868e-01  4.32546611e-01
  5.07384865e-01  5.08639245e-01  5.34359598e-01  5.37604563e-01
  5.53052144e-01  5.81241459e-01  5.82545008e-01  5.87949967e-01
  6.13745417e-01  6.31729013e-01  6.67039478e-01  6.76013428e-01
  7.05282671e-01  7.12422077e-01  7.44161628e-01  7.48132576e-01
  7.54460971e-01  7.62630182e-01  7.64965679e-01  7.96369812e-01
  8.14107886e-01  8.40184551e-01  8.83483359e-01  8.88144345e-01
  9.08000618e-01  9.13139490e-01  9.39232806e-01  9.72202563e-01
  9.86787008e-01  1.02174990e+00  1.03132741e+00  1.04737969e+00
  1.06371494e+00  1.10127917e+00  1.10187640e+00  1.13381923e+00
  1.14373449e+00  1.16806451e+00  1.22791332e+00  1.23262001e+00
  1.25160816e+00  1.29173707e+00  1.32405206e+00  1.32665126e+00
  1.35300387e+00  1.36739086e+00  1.42043440e+00  1.45280787e+00
  1.51461387e+00  1.54466232e+00  1.65880688e+00  1.65884620e+00
  1.68780383e+00  1.69748596e+00  1.71312233e+00  1.72516421e+00
  1.77288524e+00  1.77676043e+00  1.81099015e+00  1.82588392e+00
  1.82938492e+00  1.87672154e+00  1.94663384e+00  1.94694457e+00
  1.95766659e+00  1.96076635e+00  2.00071755e+00  2.02489238e+00
  2.02796752e+00  2.03782040e+00  2.06759284e+00  2.14142194e+00
  2.15692407e+00  2.18654547e+00  2.19811271e+00  2.21489805e+00
  2.27571068e+00  2.32414080e+00  2.35307655e+00  2.36006609e+00
  2.37576672e+00  2.42464745e+00  2.45605061e+00  2.46681833e+00
  2.50440711e+00  2.50457993e+00  2.56810400e+00  2.63192393e+00
  2.65551216e+00  2.67011149e+00  2.68711729e+00  2.69712630e+00
  2.70943156e+00  2.72690771e+00  2.74817780e+00  2.84627658e+00
  2.85072694e+00  2.85815157e+00  2.86551949e+00  2.88625175e+00
  2.89952908e+00  2.90209312e+00  2.91449347e+00  2.94272634e+00
  2.95748239e+00  3.01670798e+00  3.07116999e+00  3.09942849e+00
  3.11160604e+00  3.20592103e+00  3.24790143e+00  3.28468201e+00
  3.29063363e+00  3.31207463e+00  3.32702517e+00  3.46632531e+00
  3.52965549e+00  3.69429948e+00  3.77684718e+00  3.82112540e+00
  3.93407731e+00  4.00232744e+00  4.09100974e+00  4.09168358e+00
  4.14778721e+00  4.28311691e+00  4.34859547e+00  4.38993608e+00
  4.42104370e+00  4.76993433e+00  4.86554969e+00  5.65968626e+00
  1.01804930e+01  2.47477485e+01  2.50124394e+01  2.50418698e+01
  2.51498052e+01  2.52298469e+01  2.52840710e+01  2.62552695e+01
  2.62612804e+01  2.68405216e+01  3.70310268e+01  2.19073665e+02]
E1 = -1763.4808185427378  E_coul = 643.3487466116403
cycle= 1 E= -745.768471453281  delta_E=  1.9  |g|= 0.554  |ddm|= 3.18
    CPU time for cycle= 1      1.57 sec, wall time      0.06 sec
  HOMO = -0.38782228699089  LUMO = 0.0640550070614615
  mo_energy =
[-1.04703769e+02 -1.55568086e+01 -1.14211875e+01 -1.13783680e+01
 -1.13776100e+01 -1.13432042e+01 -1.13040860e+01 -1.13039772e+01
 -1.04453425e+01 -7.91217805e+00 -7.90871234e+00 -7.90870637e+00
 -1.32041247e+00 -1.15189205e+00 -1.10253158e+00 -1.10066655e+00
 -9.28392372e-01 -9.15558807e-01 -9.11677339e-01 -7.74106346e-01
 -7.11533782e-01 -6.98183705e-01 -6.50125944e-01 -6.49720916e-01
 -6.42952562e-01 -6.18913008e-01 -5.95689046e-01 -5.59667975e-01
 -5.08413913e-01 -4.35017405e-01 -4.25554848e-01 -4.02655096e-01
 -3.88108844e-01 -3.87822287e-01  6.40550071e-02  7.90849616e-02
  1.20896618e-01  1.46294711e-01  1.54384565e-01  1.81935769e-01
  1.84695811e-01  1.89457336e-01  2.15554243e-01  2.24871701e-01
  2.51671292e-01  2.91954036e-01  3.40907735e-01  3.80834469e-01
  4.02635452e-01  4.05928209e-01  4.29106526e-01  4.31644742e-01
  4.37974879e-01  4.60735241e-01  4.66723847e-01  4.83497297e-01
  5.15714484e-01  5.21450063e-01  5.24292494e-01  5.44690358e-01
  5.65334183e-01  5.73424353e-01  5.86907687e-01  5.90558264e-01
  6.03958642e-01  6.47025278e-01  6.77050079e-01  7.05413315e-01
  7.09853230e-01  7.19478260e-01  7.52428977e-01  7.53336234e-01
  7.67942715e-01  7.71497458e-01  7.75611919e-01  8.02330277e-01
  8.11883459e-01  8.38080497e-01  8.82285789e-01  8.85516646e-01
  9.33083454e-01  9.49618876e-01  9.58711534e-01  9.97908393e-01
  1.01583770e+00  1.04152372e+00  1.08153450e+00  1.10327113e+00
  1.10350623e+00  1.13099617e+00  1.15529427e+00  1.17105908e+00
  1.21644729e+00  1.22934927e+00  1.22987966e+00  1.23888232e+00
  1.27593794e+00  1.28312450e+00  1.30449680e+00  1.38484348e+00
  1.39462947e+00  1.40548732e+00  1.40786172e+00  1.46385138e+00
  1.51100863e+00  1.54876525e+00  1.65199724e+00  1.65981793e+00
  1.67478606e+00  1.68764623e+00  1.70310513e+00  1.71474314e+00
  1.76712637e+00  1.77097359e+00  1.80610877e+00  1.81921783e+00
  1.82494517e+00  1.87282917e+00  1.93649801e+00  1.93829935e+00
  1.96366613e+00  1.97254077e+00  2.00613130e+00  2.01326308e+00
  2.02180837e+00  2.03132177e+00  2.07012952e+00  2.13123379e+00
  2.15501686e+00  2.18395817e+00  2.20378907e+00  2.21793138e+00
  2.28714847e+00  2.32497911e+00  2.34864175e+00  2.37430649e+00
  2.38969429e+00  2.42507032e+00  2.45735338e+00  2.47357946e+00
  2.57213052e+00  2.60605144e+00  2.60637256e+00  2.63014626e+00
  2.65961678e+00  2.67072142e+00  2.69900575e+00  2.71788203e+00
  2.71816458e+00  2.72951586e+00  2.79549914e+00  2.82870613e+00
  2.83085117e+00  2.84595103e+00  2.87391410e+00  2.88263763e+00
  2.88500524e+00  2.89352501e+00  2.90751763e+00  2.93724329e+00
  2.95429109e+00  3.03386605e+00  3.07558524e+00  3.08587257e+00
  3.10733911e+00  3.18912229e+00  3.25389532e+00  3.28342725e+00
  3.31156180e+00  3.31973868e+00  3.32387797e+00  3.45575894e+00
  3.53898164e+00  3.69391895e+00  3.77653095e+00  3.82385199e+00
  3.94901976e+00  4.00398097e+00  4.07214801e+00  4.07346601e+00
  4.14318588e+00  4.33771036e+00  4.34659760e+00  4.38556366e+00
  4.42058818e+00  4.77732254e+00  4.91573671e+00  5.69446971e+00
  1.03384095e+01  2.47188357e+01  2.49056406e+01  2.50007793e+01
  2.50956397e+01  2.52053963e+01  2.52692104e+01  2.64099424e+01
  2.64158922e+01  2.69767533e+01  3.70864170e+01  2.19184056e+02]
E1 = -1765.2243887411187  E_coul = 644.9982910800732
cycle= 2 E= -745.862497183229  delta_E= -0.094  |g|= 0.223  |ddm|= 0.676
    CPU time for cycle= 2      1.57 sec, wall time      0.06 sec
  HOMO = -0.359173731036724  LUMO = 0.0996811341454789
  mo_energy =
[-1.04824931e+02 -1.55951678e+01 -1.12704825e+01 -1.12699896e+01
 -1.12586545e+01 -1.12421643e+01 -1.12420874e+01 -1.12262078e+01
 -1.05422401e+01 -8.01088421e+00 -8.00828703e+00 -8.00828162e+00
 -1.28509616e+00 -1.10582853e+00 -1.08829840e+00 -1.04976917e+00
 -8.98108665e-01 -8.75247641e-01 -8.70904391e-01 -7.38307205e-01
 -6.73734726e-01 -6.67368037e-01 -6.09561925e-01 -5.92114884e-01
 -5.90182566e-01 -5.88566363e-01 -5.60452312e-01 -5.29778716e-01
 -5.03468541e-01 -4.21034803e-01 -4.17814381e-01 -4.16990198e-01
 -4.00481112e-01 -3.59173731e-01  9.96811341e-02  1.17286270e-01
  1.37658873e-01  1.61356657e-01  1.67084394e-01  1.95853977e-01
  1.98359681e-01  2.12162404e-01  2.33820807e-01  2.39478323e-01
  2.68721329e-01  3.24939998e-01  3.65897074e-01  4.10760489e-01
  4.28470007e-01  4.33087682e-01  4.49923626e-01  4.54036989e-01
  4.62293894e-01  4.64373999e-01  4.67308015e-01  4.68853223e-01
  5.28607949e-01  5.49580929e-01  5.54862910e-01  5.70070916e-01
  5.96799531e-01  6.02534902e-01  6.13008453e-01  6.22803444e-01
  6.35887939e-01  6.79065507e-01  7.09439680e-01  7.36403452e-01
  7.48837898e-01  7.53042228e-01  7.85017259e-01  8.01408427e-01
  8.04703929e-01  8.06284831e-01  8.21792044e-01  8.35947817e-01
  8.36773772e-01  8.66556939e-01  9.08062529e-01  9.18241787e-01
  9.60840095e-01  9.61152767e-01  9.97445947e-01  1.03046499e+00
  1.05843098e+00  1.07103286e+00  1.08671686e+00  1.11025258e+00
  1.12205435e+00  1.16813382e+00  1.16976024e+00  1.18022881e+00
  1.18217846e+00  1.19948787e+00  1.25528372e+00  1.26104467e+00
  1.29980259e+00  1.31359663e+00  1.34449906e+00  1.38015412e+00
  1.41311990e+00  1.42245661e+00  1.44155389e+00  1.48872413e+00
  1.54511828e+00  1.57105040e+00  1.68978156e+00  1.70365979e+00
  1.71503027e+00  1.74603166e+00  1.75257598e+00  1.76082862e+00
  1.79956972e+00  1.80908915e+00  1.83994090e+00  1.85285536e+00
  1.86133834e+00  1.90528085e+00  1.96658982e+00  1.97609600e+00
  2.00594235e+00  2.00940704e+00  2.04107126e+00  2.04595912e+00
  2.05429828e+00  2.06141876e+00  2.10635217e+00  2.16691211e+00
  2.19408976e+00  2.22703702e+00  2.24572329e+00  2.26254908e+00
  2.32152202e+00  2.36475091e+00  2.38785742e+00  2.41489906e+00
  2.43021289e+00  2.46904150e+00  2.49075912e+00  2.50454414e+00
  2.57426846e+00  2.57490305e+00  2.60585826e+00  2.66864306e+00
  2.69530845e+00  2.72982863e+00  2.73149484e+00  2.74753517e+00
  2.75521961e+00  2.77197303e+00  2.80151404e+00  2.87156867e+00
  2.90783309e+00  2.90829702e+00  2.91406476e+00  2.91553510e+00
  2.92393180e+00  2.92742028e+00  2.94746416e+00  2.98849114e+00
  2.99239563e+00  3.06344274e+00  3.11453112e+00  3.14427059e+00
  3.14715920e+00  3.24311181e+00  3.29915174e+00  3.33314426e+00
  3.34440440e+00  3.36231510e+00  3.37073068e+00  3.53840006e+00
  3.59357254e+00  3.75467305e+00  3.83416719e+00  3.87639413e+00
  3.99008202e+00  4.04376548e+00  4.16041356e+00  4.16216186e+00
  4.19023574e+00  4.32473689e+00  4.39329706e+00  4.43159718e+00
  4.46812850e+00  4.82345959e+00  4.91791868e+00  5.70955796e+00
  1.02564899e+01  2.47993617e+01  2.50892169e+01  2.50922054e+01
  2.51905259e+01  2.52818746e+01  2.53415815e+01  2.63320159e+01
  2.63379640e+01  2.68991159e+01  3.70503591e+01  2.19066020e+02]
E1 = -1764.8351558030022  E_coul = 644.5970134219145
cycle= 3 E= -745.874541903271  delta_E= -0.012  |g|= 0.0718  |ddm|= 0.226
    CPU time for cycle= 3      1.55 sec, wall time      0.06 sec
  HOMO = -0.361393387054384  LUMO = 0.101838436708793
  mo_energy =
[-1.04796412e+02 -1.55592247e+01 -1.12805680e+01 -1.12801486e+01
 -1.12762907e+01 -1.12666075e+01 -1.12500957e+01 -1.12499317e+01
 -1.05232675e+01 -7.99122945e+00 -7.98875486e+00 -7.98875023e+00
 -1.28031108e+00 -1.10680446e+00 -1.09065047e+00 -1.05104324e+00
 -9.04742224e-01 -8.73321400e-01 -8.72373649e-01 -7.39255334e-01
 -6.77645146e-01 -6.66734864e-01 -6.14426828e-01 -6.04383230e-01
 -6.01724256e-01 -5.91697240e-01 -5.59164315e-01 -5.33668870e-01
 -5.08464958e-01 -4.21482540e-01 -4.16011478e-01 -4.15297897e-01
 -3.98376941e-01 -3.61393387e-01  1.01838437e-01  1.16352259e-01
  1.38689690e-01  1.61290011e-01  1.67614821e-01  1.96117231e-01
  1.99566476e-01  2.09246864e-01  2.31285247e-01  2.40031923e-01
  2.67133057e-01  3.26880531e-01  3.67139774e-01  4.11853958e-01
  4.28118841e-01  4.34249248e-01  4.49827808e-01  4.49923939e-01
  4.61699293e-01  4.64777905e-01  4.65921165e-01  4.69477399e-01
  5.28023124e-01  5.49226711e-01  5.53087246e-01  5.69946949e-01
  5.96610823e-01  6.01036077e-01  6.13056104e-01  6.20148507e-01
  6.34396274e-01  6.77429103e-01  7.07906637e-01  7.36436133e-01
  7.43834649e-01  7.51608447e-01  7.84386993e-01  7.94537001e-01
  8.05327121e-01  8.05991727e-01  8.11286941e-01  8.33300462e-01
  8.35416488e-01  8.64985385e-01  9.07744878e-01  9.17134909e-01
  9.57006932e-01  9.66065628e-01  9.95090622e-01  1.02981709e+00
  1.05585393e+00  1.07154869e+00  1.08377625e+00  1.11002104e+00
  1.12043233e+00  1.16719519e+00  1.17194042e+00  1.18426484e+00
  1.18802447e+00  1.20083693e+00  1.25625719e+00  1.25766862e+00
  1.29827352e+00  1.31277299e+00  1.34373053e+00  1.38096702e+00
  1.40942732e+00  1.41921149e+00  1.44247509e+00  1.48899654e+00
  1.54533250e+00  1.57247615e+00  1.68912249e+00  1.69921309e+00
  1.71328904e+00  1.73595732e+00  1.75083944e+00  1.75272665e+00
  1.80104133e+00  1.80805971e+00  1.84074396e+00  1.85367215e+00
  1.86133818e+00  1.90640528e+00  1.96845875e+00  1.97603754e+00
  2.00027131e+00  2.00479352e+00  2.03901703e+00  2.04654042e+00
  2.05545998e+00  2.06343927e+00  2.10519830e+00  2.16768262e+00
  2.19343671e+00  2.22470952e+00  2.24259063e+00  2.25960632e+00
  2.32086177e+00  2.36334367e+00  2.38671272e+00  2.40962075e+00
  2.42560162e+00  2.46762498e+00  2.49117009e+00  2.50798396e+00
  2.57723434e+00  2.57797949e+00  2.60901659e+00  2.66931996e+00
  2.69650665e+00  2.72343182e+00  2.73256868e+00  2.74847343e+00
  2.75314150e+00  2.76812217e+00  2.79981323e+00  2.87334291e+00
  2.89962557e+00  2.90057732e+00  2.91428311e+00  2.91683138e+00
  2.91836429e+00  2.92953177e+00  2.94220127e+00  2.98411118e+00
  2.99324466e+00  3.06671107e+00  3.11536204e+00  3.14047066e+00
  3.14457047e+00  3.23855993e+00  3.29507401e+00  3.33109080e+00
  3.34777656e+00  3.36437193e+00  3.36557466e+00  3.51778798e+00
  3.58963610e+00  3.74939515e+00  3.83046279e+00  3.87369999e+00
  3.99075284e+00  4.04692298e+00  4.14359968e+00  4.14509237e+00
  4.19132656e+00  4.34349422e+00  4.39215307e+00  4.43117150e+00
  4.46744058e+00  4.82234413e+00  4.93108861e+00  5.72129143e+00
  1.02714838e+01  2.47913145e+01  2.50443982e+01  2.50807671e+01
  2.51816216e+01  2.52733847e+01  2.53337171e+01  2.63459282e+01
  2.63518742e+01  2.69123644e+01  3.70852916e+01  2.19093365e+02]
E1 = -1764.8659740928076  E_coul = 644.6261650691177
cycle= 4 E= -745.876208545873  delta_E= -0.00167  |g|= 0.0147  |ddm|= 0.0935
    CPU time for cycle= 4      1.54 sec, wall time      0.05 sec
  HOMO = -0.362521928659793  LUMO = 0.100216943255872
  mo_energy =
[-1.04795393e+02 -1.55754200e+01 -1.12859717e+01 -1.12859384e+01
 -1.12765689e+01 -1.12685624e+01 -1.12499484e+01 -1.12498939e+01
 -1.05217092e+01 -7.98971138e+00 -7.98722558e+00 -7.98722105e+00
 -1.28580571e+00 -1.10798042e+00 -1.09029182e+00 -1.05274485e+00
 -9.04832838e-01 -8.76002937e-01 -8.73714162e-01 -7.40920245e-01
 -6.80620706e-01 -6.67451119e-01 -6.15823708e-01 -6.05083875e-01
 -6.02409023e-01 -5.93889179e-01 -5.61624036e-01 -5.35552612e-01
 -5.08718592e-01 -4.26514084e-01 -4.15630504e-01 -4.14871179e-01
 -3.99951234e-01 -3.62521929e-01  1.00216943e-01  1.14860806e-01
  1.38537605e-01  1.61049355e-01  1.67434613e-01  1.95894380e-01
  1.99497072e-01  2.09217571e-01  2.30655078e-01  2.39796946e-01
  2.66705491e-01  3.25398199e-01  3.65643639e-01  4.11365006e-01
  4.27315261e-01  4.34044370e-01  4.49265924e-01  4.49559133e-01
  4.60757636e-01  4.64555304e-01  4.65046506e-01  4.69515847e-01
  5.27209652e-01  5.48067181e-01  5.52912305e-01  5.68493421e-01
  5.95910762e-01  6.00629744e-01  6.12462669e-01  6.19423756e-01
  6.33465862e-01  6.75775517e-01  7.07077994e-01  7.34938783e-01
  7.43223868e-01  7.51374398e-01  7.83718190e-01  7.93615723e-01
  8.02378050e-01  8.05424273e-01  8.10530872e-01  8.31749403e-01
  8.35181629e-01  8.64032901e-01  9.07176361e-01  9.16675285e-01
  9.55895779e-01  9.62689152e-01  9.94115010e-01  1.02857522e+00
  1.05438706e+00  1.06974848e+00  1.08357376e+00  1.10980181e+00
  1.12009150e+00  1.16635549e+00  1.17073521e+00  1.18469941e+00
  1.18899691e+00  1.20069869e+00  1.25381468e+00  1.25636806e+00
  1.29689440e+00  1.31204452e+00  1.34258920e+00  1.38004941e+00
  1.40909356e+00  1.41864711e+00  1.44005506e+00  1.48681566e+00
  1.54269953e+00  1.56950035e+00  1.68795571e+00  1.69845523e+00
  1.71205418e+00  1.73523449e+00  1.75004301e+00  1.75113115e+00
  1.80058427e+00  1.80659880e+00  1.83961607e+00  1.85270439e+00
  1.85989180e+00  1.90462377e+00  1.96793792e+00  1.97475812e+00
  1.99960853e+00  2.00411150e+00  2.03819373e+00  2.04587097e+00
  2.05448562e+00  2.06190585e+00  2.10388468e+00  2.16667458e+00
  2.19267407e+00  2.22302638e+00  2.24172544e+00  2.25830017e+00
  2.31912227e+00  2.36212569e+00  2.38509413e+00  2.40922692e+00
  2.42497164e+00  2.46519702e+00  2.48977635e+00  2.50634388e+00
  2.57781581e+00  2.57856653e+00  2.60733306e+00  2.66838494e+00
  2.69524567e+00  2.72261949e+00  2.72939166e+00  2.74816718e+00
  2.75100907e+00  2.76722822e+00  2.79978313e+00  2.87217462e+00
  2.89865665e+00  2.89913779e+00  2.91100034e+00  2.91600386e+00
  2.91784279e+00  2.92918338e+00  2.94139045e+00  2.98285505e+00
  2.99186218e+00  3.06278555e+00  3.11362334e+00  3.13787174e+00
  3.14232258e+00  3.23591473e+00  3.29383836e+00  3.32913059e+00
  3.34367132e+00  3.36013339e+00  3.36448942e+00  3.51752077e+00
  3.58798656e+00  3.74766707e+00  3.82908365e+00  3.87325665e+00
  3.98773997e+00  4.04224426e+00  4.14291555e+00  4.14443137e+00
  4.18697502e+00  4.33332469e+00  4.39120078e+00  4.43047109e+00
  4.46499577e+00  4.82010526e+00  4.92291747e+00  5.71330423e+00
  1.02729064e+01  2.47891275e+01  2.50441283e+01  2.50774638e+01
  2.51776414e+01  2.52713063e+01  2.53326384e+01  2.63473197e+01
  2.63532653e+01  2.69136727e+01  3.70694179e+01  2.19094428e+02]
E1 = -1764.915791390696  E_coul = 644.6759194488036
cycle= 5 E= -745.876271464076  delta_E= -6.29e-05  |g|= 0.00572  |ddm|= 0.0215
    CPU time for cycle= 5      1.54 sec, wall time      0.05 sec
  HOMO = -0.362405493317653  LUMO = 0.100665384894753
  mo_energy =
[-1.04796949e+02 -1.55714608e+01 -1.12849367e+01 -1.12848480e+01
 -1.12745284e+01 -1.12696213e+01 -1.12512587e+01 -1.12511715e+01
 -1.05226479e+01 -7.99070082e+00 -7.98820015e+00 -7.98819559e+00
 -1.28430314e+00 -1.10804056e+00 -1.09013733e+00 -1.05245881e+00
 -9.04199322e-01 -8.75628811e-01 -8.73701271e-01 -7.40858347e-01
 -6.80315401e-01 -6.67754434e-01 -6.15810042e-01 -6.04295953e-01
 -6.01697770e-01 -5.93934311e-01 -5.60744099e-01 -5.35656357e-01
 -5.08564620e-01 -4.25588268e-01 -4.15748308e-01 -4.15010760e-01
 -3.99380034e-01 -3.62405493e-01  1.00665385e-01  1.14959751e-01
  1.38553733e-01  1.61124278e-01  1.67424482e-01  1.95961367e-01
  1.99386027e-01  2.09554362e-01  2.31098750e-01  2.39879444e-01
  2.66962170e-01  3.25703191e-01  3.65963602e-01  4.11170650e-01
  4.27420580e-01  4.33694681e-01  4.49570384e-01  4.49703132e-01
  4.60982781e-01  4.64616671e-01  4.65280240e-01  4.69483293e-01
  5.27397721e-01  5.48253867e-01  5.52997253e-01  5.68802795e-01
  5.95783354e-01  6.00823517e-01  6.12296283e-01  6.19492699e-01
  6.33695985e-01  6.76191502e-01  7.07263834e-01  7.35210190e-01
  7.43768488e-01  7.51190519e-01  7.83414012e-01  7.94167040e-01
  8.03127705e-01  8.05056092e-01  8.11241235e-01  8.32272502e-01
  8.34847712e-01  8.64135188e-01  9.07111915e-01  9.16508992e-01
  9.56504870e-01  9.64041745e-01  9.93993891e-01  1.02868849e+00
  1.05448054e+00  1.07017029e+00  1.08376912e+00  1.11009889e+00
  1.12022270e+00  1.16614855e+00  1.17097865e+00  1.18450308e+00
  1.18872026e+00  1.20063999e+00  1.25453596e+00  1.25629777e+00
  1.29737503e+00  1.31184735e+00  1.34245134e+00  1.38039499e+00
  1.40951238e+00  1.41904681e+00  1.44049866e+00  1.48745751e+00
  1.54325486e+00  1.57025707e+00  1.68780684e+00  1.69906006e+00
  1.71211911e+00  1.73594561e+00  1.75051482e+00  1.75139827e+00
  1.80015190e+00  1.80660369e+00  1.83953161e+00  1.85255545e+00
  1.85990765e+00  1.90493948e+00  1.96773243e+00  1.97477077e+00
  2.00019713e+00  2.00453630e+00  2.03845303e+00  2.04582069e+00
  2.05439637e+00  2.06203930e+00  2.10401576e+00  2.16650230e+00
  2.19225667e+00  2.22309639e+00  2.24191604e+00  2.25835884e+00
  2.31946600e+00  2.36195751e+00  2.38517150e+00  2.40971978e+00
  2.42547210e+00  2.46566977e+00  2.48971388e+00  2.50645501e+00
  2.57771629e+00  2.57846561e+00  2.60726953e+00  2.66840445e+00
  2.69510214e+00  2.72318460e+00  2.73033858e+00  2.74794290e+00
  2.75181204e+00  2.76777183e+00  2.79978599e+00  2.87232209e+00
  2.89932187e+00  2.90007625e+00  2.91185283e+00  2.91571596e+00
  2.91734881e+00  2.92882903e+00  2.94163779e+00  2.98254900e+00
  2.99170324e+00  3.06368277e+00  3.11347806e+00  3.13810464e+00
  3.14249716e+00  3.23632766e+00  3.29455023e+00  3.32928900e+00
  3.34448266e+00  3.36109873e+00  3.36419518e+00  3.51849378e+00
  3.58770999e+00  3.74761013e+00  3.82880514e+00  3.87256301e+00
  3.98820988e+00  4.04335434e+00  4.14392221e+00  4.14544369e+00
  4.18791450e+00  4.33594805e+00  4.39080874e+00  4.42982388e+00
  4.46517225e+00  4.82009679e+00  4.92505576e+00  5.71519867e+00
  1.02721781e+01  2.47886407e+01  2.50460889e+01  2.50776230e+01
  2.51778673e+01  2.52709494e+01  2.53316669e+01  2.63466658e+01
  2.63526108e+01  2.69129621e+01  3.70732865e+01  2.19092946e+02]
E1 = -1764.9019903674457  E_coul = 644.6621035646594
cycle= 6 E= -745.87628632497  delta_E= -1.49e-05  |g|= 0.00208  |ddm|= 0.00683
    CPU time for cycle= 6      1.55 sec, wall time      0.06 sec
  HOMO = -0.36219027063073  LUMO = 0.101020369920917
  mo_energy =
[-1.04797181e+02 -1.55717564e+01 -1.12844607e+01 -1.12843512e+01
 -1.12751266e+01 -1.12682707e+01 -1.12507122e+01 -1.12506354e+01
 -1.05229539e+01 -7.99100483e+00 -7.98849268e+00 -7.98848812e+00
 -1.28428248e+00 -1.10761653e+00 -1.09039011e+00 -1.05221947e+00
 -9.04448327e-01 -8.75443712e-01 -8.73369595e-01 -7.40624174e-01
 -6.80010303e-01 -6.67549612e-01 -6.15627431e-01 -6.04512980e-01
 -6.01884100e-01 -5.93642408e-01 -5.60502285e-01 -5.35381960e-01
 -5.08822905e-01 -4.25889722e-01 -4.15968291e-01 -4.15260999e-01
 -3.98981859e-01 -3.62190271e-01  1.01020370e-01  1.15102625e-01
  1.38627608e-01  1.61147457e-01  1.67468289e-01  1.95972761e-01
  1.99469150e-01  2.09297658e-01  2.31009519e-01  2.39885039e-01
  2.66907357e-01  3.25947383e-01  3.65994433e-01  4.11407412e-01
  4.27460398e-01  4.33918697e-01  4.49519568e-01  4.49537519e-01
  4.61020762e-01  4.64478273e-01  4.65309962e-01  4.69317542e-01
  5.27433152e-01  5.48326610e-01  5.53293371e-01  5.68912633e-01
  5.96066115e-01  6.01021563e-01  6.12497820e-01  6.19650762e-01
  6.33935988e-01  6.76182613e-01  7.07441124e-01  7.35342262e-01
  7.43579280e-01  7.51500881e-01  7.83735447e-01  7.94081227e-01
  8.03201300e-01  8.05276809e-01  8.11069270e-01  8.32271732e-01
  8.35047176e-01  8.64299759e-01  9.07326276e-01  9.16781752e-01
  9.56324206e-01  9.63955573e-01  9.94234601e-01  1.02887089e+00
  1.05470025e+00  1.07029628e+00  1.08363272e+00  1.10986260e+00
  1.12012845e+00  1.16644413e+00  1.17103335e+00  1.18443518e+00
  1.18846323e+00  1.20067942e+00  1.25451916e+00  1.25667992e+00
  1.29723964e+00  1.31208454e+00  1.34280803e+00  1.38017173e+00
  1.40927993e+00  1.41885884e+00  1.44062284e+00  1.48745228e+00
  1.54336969e+00  1.57029461e+00  1.68807095e+00  1.69887063e+00
  1.71233186e+00  1.73572669e+00  1.75048034e+00  1.75150496e+00
  1.80046231e+00  1.80691786e+00  1.83970606e+00  1.85275634e+00
  1.86016987e+00  1.90500268e+00  1.96792765e+00  1.97496419e+00
  2.00000312e+00  2.00439520e+00  2.03842322e+00  2.04595826e+00
  2.05451025e+00  2.06224170e+00  2.10409154e+00  2.16673866e+00
  2.19261305e+00  2.22339028e+00  2.24201147e+00  2.25859759e+00
  2.31952627e+00  2.36229710e+00  2.38542376e+00  2.40951212e+00
  2.42529840e+00  2.46582059e+00  2.49000013e+00  2.50653597e+00
  2.57747514e+00  2.57822236e+00  2.60749650e+00  2.66850860e+00
  2.69530267e+00  2.72306591e+00  2.73027525e+00  2.74803903e+00
  2.75168734e+00  2.76765834e+00  2.79968359e+00  2.87239977e+00
  2.89919168e+00  2.89989640e+00  2.91184708e+00  2.91585579e+00
  2.91770890e+00  2.92894131e+00  2.94160169e+00  2.98303652e+00
  2.99192204e+00  3.06369046e+00  3.11378967e+00  3.13860835e+00
  3.14274900e+00  3.23661728e+00  3.29440176e+00  3.32953363e+00
  3.34460717e+00  3.36116451e+00  3.36469647e+00  3.51815710e+00
  3.58818360e+00  3.74797384e+00  3.82927094e+00  3.87312662e+00
  3.98842905e+00  4.04341786e+00  4.14362220e+00  4.14513355e+00
  4.18805170e+00  4.33563699e+00  4.39114375e+00  4.43030500e+00
  4.46547270e+00  4.82050878e+00  4.92487686e+00  5.71513952e+00
  1.02718804e+01  2.47893708e+01  2.50455088e+01  2.50781152e+01
  2.51786389e+01  2.52714549e+01  2.53324701e+01  2.63463908e+01
  2.63523358e+01  2.69126348e+01  3.70729947e+01  2.19092708e+02]
E1 = -1764.8999156475575  E_coul = 644.6600257432668
cycle= 7 E= -745.876289426474  delta_E= -3.1e-06  |g|= 0.000776  |ddm|= 0.00415
    CPU time for cycle= 7      1.54 sec, wall time      0.05 sec
  HOMO = -0.362244593883985  LUMO = 0.100982637544654
  mo_energy =
[-1.04797197e+02 -1.55719618e+01 -1.12844052e+01 -1.12843251e+01
 -1.12748804e+01 -1.12686884e+01 -1.12508576e+01 -1.12507819e+01
 -1.05230052e+01 -7.99105231e+00 -7.98854003e+00 -7.98853549e+00
 -1.28437758e+00 -1.10775942e+00 -1.09039751e+00 -1.05226031e+00
 -9.04409196e-01 -8.75506639e-01 -8.73412955e-01 -7.40652308e-01
 -6.80086187e-01 -6.67552784e-01 -6.15627418e-01 -6.04427051e-01
 -6.01801622e-01 -5.93739848e-01 -5.60535238e-01 -5.35421502e-01
 -5.08834330e-01 -4.25999370e-01 -4.16022785e-01 -4.15314498e-01
 -3.99030768e-01 -3.62244594e-01  1.00982638e-01  1.15047915e-01
  1.38641213e-01  1.61163215e-01  1.67496820e-01  1.95997845e-01
  1.99483927e-01  2.09295417e-01  2.31038817e-01  2.39911811e-01
  2.66940905e-01  3.25932794e-01  3.65974034e-01  4.11379674e-01
  4.27465026e-01  4.33878829e-01  4.49496415e-01  4.49567395e-01
  4.61009839e-01  4.64457949e-01  4.65312310e-01  4.69272514e-01
  5.27434617e-01  5.48319298e-01  5.53245997e-01  5.68908954e-01
  5.96025288e-01  6.01016047e-01  6.12474770e-01  6.19621851e-01
  6.33898789e-01  6.76181990e-01  7.07431118e-01  7.35377438e-01
  7.43628297e-01  7.51446127e-01  7.83689535e-01  7.94149000e-01
  8.03181260e-01  8.05242214e-01  8.11143945e-01  8.32323492e-01
  8.35021592e-01  8.64309644e-01  9.07311330e-01  9.16749799e-01
  9.56341053e-01  9.63942257e-01  9.94189351e-01  1.02883947e+00
  1.05462363e+00  1.07027442e+00  1.08362821e+00  1.10985415e+00
  1.12012125e+00  1.16639917e+00  1.17099597e+00  1.18437951e+00
  1.18839878e+00  1.20064136e+00  1.25450703e+00  1.25660558e+00
  1.29721429e+00  1.31207273e+00  1.34277575e+00  1.38013268e+00
  1.40930521e+00  1.41887213e+00  1.44063559e+00  1.48741122e+00
  1.54335318e+00  1.57023682e+00  1.68803610e+00  1.69893423e+00
  1.71231344e+00  1.73580622e+00  1.75052552e+00  1.75148605e+00
  1.80043517e+00  1.80684988e+00  1.83970619e+00  1.85275620e+00
  1.86013911e+00  1.90503619e+00  1.96793044e+00  1.97497518e+00
  2.00005862e+00  2.00443286e+00  2.03844671e+00  2.04597626e+00
  2.05451667e+00  2.06222827e+00  2.10407458e+00  2.16674162e+00
  2.19254676e+00  2.22335451e+00  2.24200010e+00  2.25856234e+00
  2.31951421e+00  2.36223319e+00  2.38538353e+00  2.40956151e+00
  2.42534136e+00  2.46580997e+00  2.48991603e+00  2.50654358e+00
  2.57744581e+00  2.57819201e+00  2.60743896e+00  2.66853278e+00
  2.69527954e+00  2.72312923e+00  2.73025143e+00  2.74801452e+00
  2.75170822e+00  2.76771282e+00  2.79967936e+00  2.87244282e+00
  2.89928216e+00  2.89997159e+00  2.91184343e+00  2.91584633e+00
  2.91769227e+00  2.92895225e+00  2.94166352e+00  2.98292301e+00
  2.99190319e+00  3.06363987e+00  3.11371630e+00  3.13852238e+00
  3.14267786e+00  3.23659496e+00  3.29444774e+00  3.32949268e+00
  3.34452199e+00  3.36113795e+00  3.36457547e+00  3.51826538e+00
  3.58805994e+00  3.74791863e+00  3.82917041e+00  3.87298560e+00
  3.98834740e+00  4.04342516e+00  4.14374094e+00  4.14525212e+00
  4.18804768e+00  4.33547449e+00  4.39109898e+00  4.43021917e+00
  4.46542614e+00  4.82039718e+00  4.92474773e+00  5.71503327e+00
  1.02718234e+01  2.47892106e+01  2.50457441e+01  2.50780828e+01
  2.51785133e+01  2.52713825e+01  2.53322488e+01  2.63463392e+01
  2.63522845e+01  2.69125652e+01  3.70727923e+01  2.19092688e+02]
E1 = -1764.9013434830267  E_coul = 644.6614530391029
cycle= 8 E= -745.876289966107  delta_E= -5.4e-07  |g|= 0.000342  |ddm|= 0.00139
    CPU time for cycle= 8      1.56 sec, wall time      0.06 sec
  HOMO = -0.362248453905619  LUMO = 0.101006862524206
  mo_energy =
[-1.04797194e+02 -1.55720138e+01 -1.12844262e+01 -1.12843310e+01
 -1.12748695e+01 -1.12685132e+01 -1.12508842e+01 -1.12508045e+01
 -1.05229980e+01 -7.99104429e+00 -7.98853317e+00 -7.98852864e+00
 -1.28438681e+00 -1.10772076e+00 -1.09040405e+00 -1.05225688e+00
 -9.04410015e-01 -8.75502280e-01 -8.73393186e-01 -7.40624627e-01
 -6.80072900e-01 -6.67559932e-01 -6.15618299e-01 -6.04420366e-01
 -6.01794072e-01 -5.93696223e-01 -5.60524400e-01 -5.35404104e-01
 -5.08832720e-01 -4.26023827e-01 -4.16031824e-01 -4.15325687e-01
 -3.98994068e-01 -3.62248454e-01  1.01006863e-01  1.15041175e-01
  1.38650184e-01  1.61172567e-01  1.67500057e-01  1.96000523e-01
  1.99494656e-01  2.09283359e-01  2.31039976e-01  2.39916746e-01
  2.66945919e-01  3.25947371e-01  3.65976399e-01  4.11401500e-01
  4.27467007e-01  4.33894587e-01  4.49497548e-01  4.49566484e-01
  4.61014793e-01  4.64453004e-01  4.65315181e-01  4.69259563e-01
  5.27439857e-01  5.48321163e-01  5.53258728e-01  5.68911157e-01
  5.96056828e-01  6.01016132e-01  6.12490444e-01  6.19645945e-01
  6.33912282e-01  6.76186885e-01  7.07431791e-01  7.35387160e-01
  7.43631240e-01  7.51465020e-01  7.83733388e-01  7.94157643e-01
  8.03191946e-01  8.05239727e-01  8.11149821e-01  8.32332088e-01
  8.35016783e-01  8.64331189e-01  9.07330020e-01  9.16769402e-01
  9.56339174e-01  9.63937103e-01  9.94205887e-01  1.02885592e+00
  1.05464771e+00  1.07027659e+00  1.08362740e+00  1.10985227e+00
  1.12012402e+00  1.16642191e+00  1.17100008e+00  1.18438333e+00
  1.18839295e+00  1.20064895e+00  1.25450849e+00  1.25662961e+00
  1.29721419e+00  1.31207742e+00  1.34281650e+00  1.38012708e+00
  1.40930511e+00  1.41887406e+00  1.44064376e+00  1.48741267e+00
  1.54334979e+00  1.57023304e+00  1.68805567e+00  1.69893994e+00
  1.71232767e+00  1.73581108e+00  1.75053955e+00  1.75150937e+00
  1.80045503e+00  1.80687260e+00  1.83971773e+00  1.85276931e+00
  1.86015793e+00  1.90504648e+00  1.96795092e+00  1.97498680e+00
  2.00006181e+00  2.00443741e+00  2.03845485e+00  2.04598405e+00
  2.05451691e+00  2.06226071e+00  2.10407990e+00  2.16676414e+00
  2.19256671e+00  2.22336645e+00  2.24202268e+00  2.25858582e+00
  2.31951750e+00  2.36225666e+00  2.38539441e+00  2.40956363e+00
  2.42534461e+00  2.46582651e+00  2.48994086e+00  2.50655036e+00
  2.57744254e+00  2.57818841e+00  2.60746125e+00  2.66854433e+00
  2.69528265e+00  2.72313941e+00  2.73024766e+00  2.74803058e+00
  2.75170837e+00  2.76771938e+00  2.79968564e+00  2.87246583e+00
  2.89929673e+00  2.89997444e+00  2.91183847e+00  2.91583943e+00
  2.91774591e+00  2.92894206e+00  2.94167298e+00  2.98294732e+00
  2.99190709e+00  3.06363861e+00  3.11373948e+00  3.13857022e+00
  3.14267073e+00  3.23659410e+00  3.29445215e+00  3.32950567e+00
  3.34453232e+00  3.36113451e+00  3.36460670e+00  3.51826920e+00
  3.58808667e+00  3.74792321e+00  3.82920023e+00  3.87303865e+00
  3.98836141e+00  4.04342754e+00  4.14374867e+00  4.14525926e+00
  4.18805179e+00  4.33542782e+00  4.39110290e+00  4.43025616e+00
  4.46543890e+00  4.82042544e+00  4.92471848e+00  5.71501523e+00
  1.02718264e+01  2.47892452e+01  2.50457551e+01  2.50780671e+01
  2.51785664e+01  2.52713643e+01  2.53322967e+01  2.63463438e+01
  2.63522891e+01  2.69125620e+01  3.70727409e+01  2.19092691e+02]
E1 = -1764.90098053933  E_coul = 644.661089956148
cycle= 9 E= -745.876290105365  delta_E= -1.39e-07  |g|= 0.000138  |ddm|= 0.00081
    CPU time for cycle= 9      1.55 sec, wall time      0.06 sec
  HOMO = -0.362242657214987  LUMO = 0.101004091128606
  mo_energy =
[-1.04797209e+02 -1.55720402e+01 -1.12843585e+01 -1.12842737e+01
 -1.12749060e+01 -1.12685210e+01 -1.12508956e+01 -1.12508208e+01
 -1.05230049e+01 -7.99105171e+00 -7.98854064e+00 -7.98853611e+00
 -1.28438035e+00 -1.10772638e+00 -1.09040739e+00 -1.05224714e+00
 -9.04418861e-01 -8.75500324e-01 -8.73385772e-01 -7.40615710e-01
 -6.80070636e-01 -6.67562945e-01 -6.15612143e-01 -6.04430569e-01
 -6.01804019e-01 -5.93693189e-01 -5.60522822e-01 -5.35404316e-01
 -5.08833357e-01 -4.26025350e-01 -4.16031431e-01 -4.15325357e-01
 -3.98996365e-01 -3.62242657e-01  1.01004091e-01  1.15043872e-01
  1.38649561e-01  1.61171593e-01  1.67500074e-01  1.95998961e-01
  1.99494087e-01  2.09276850e-01  2.31038981e-01  2.39918088e-01
  2.66946549e-01  3.25950348e-01  3.65978777e-01  4.11400861e-01
  4.27465591e-01  4.33889610e-01  4.49497380e-01  4.49562441e-01
  4.61018128e-01  4.64453002e-01  4.65316176e-01  4.69261439e-01
  5.27443058e-01  5.48321757e-01  5.53254758e-01  5.68912398e-01
  5.96055261e-01  6.01016727e-01  6.12487697e-01  6.19648564e-01
  6.33913076e-01  6.76187447e-01  7.07433448e-01  7.35397691e-01
  7.43624700e-01  7.51459267e-01  7.83735255e-01  7.94154743e-01
  8.03200670e-01  8.05230841e-01  8.11141430e-01  8.32337805e-01
  8.35006155e-01  8.64339416e-01  9.07330952e-01  9.16769037e-01
  9.56334827e-01  9.63934281e-01  9.94202805e-01  1.02885875e+00
  1.05464923e+00  1.07027809e+00  1.08362619e+00  1.10984877e+00
  1.12012229e+00  1.16642128e+00  1.17099734e+00  1.18438318e+00
  1.18839434e+00  1.20064757e+00  1.25451268e+00  1.25663143e+00
  1.29721240e+00  1.31207658e+00  1.34282385e+00  1.38012420e+00
  1.40929914e+00  1.41886934e+00  1.44065487e+00  1.48740847e+00
  1.54335524e+00  1.57023383e+00  1.68805507e+00  1.69893266e+00
  1.71233232e+00  1.73580129e+00  1.75053402e+00  1.75150836e+00
  1.80045131e+00  1.80687228e+00  1.83971799e+00  1.85277051e+00
  1.86016093e+00  1.90505461e+00  1.96795095e+00  1.97499237e+00
  2.00005421e+00  2.00443148e+00  2.03845131e+00  2.04598627e+00
  2.05451413e+00  2.06226692e+00  2.10407483e+00  2.16677064e+00
  2.19256070e+00  2.22337162e+00  2.24201893e+00  2.25858687e+00
  2.31951951e+00  2.36225545e+00  2.38539566e+00  2.40955647e+00
  2.42533931e+00  2.46583767e+00  2.48993504e+00  2.50655428e+00
  2.57744054e+00  2.57818645e+00  2.60745864e+00  2.66854965e+00
  2.69528058e+00  2.72313100e+00  2.73024858e+00  2.74802692e+00
  2.75170577e+00  2.76771621e+00  2.79968087e+00  2.87247462e+00
  2.89929336e+00  2.89996559e+00  2.91183929e+00  2.91583267e+00
  2.91775052e+00  2.92893283e+00  2.94167216e+00  2.98294546e+00
  2.99190810e+00  3.06364332e+00  3.11373723e+00  3.13858581e+00
  3.14267103e+00  3.23661085e+00  3.29444543e+00  3.32951246e+00
  3.34453442e+00  3.36114467e+00  3.36460407e+00  3.51825212e+00
  3.58808555e+00  3.74793253e+00  3.82920283e+00  3.87303144e+00
  3.98836311e+00  4.04344714e+00  4.14373272e+00  4.14524314e+00
  4.18807309e+00  4.33541185e+00  4.39110020e+00  4.43025224e+00
  4.46544601e+00  4.82042362e+00  4.92470994e+00  5.71501498e+00
  1.02718220e+01  2.47892558e+01  2.50457202e+01  2.50780983e+01
  2.51786002e+01  2.52713797e+01  2.53322916e+01  2.63463404e+01
  2.63522858e+01  2.69125581e+01  3.70727156e+01  2.19092677e+02]
E1 = -1764.900881469457  E_coul = 644.660990861631
cycle= 10 E= -745.87629013001  delta_E= -2.46e-08  |g|= 5.38e-05  |ddm|= 0.000362
    CPU time for cycle= 10      1.56 sec, wall time      0.06 sec
  HOMO = -0.36224778812178  LUMO = 0.101000092488649
  mo_energy =
[-1.04797207e+02 -1.55720431e+01 -1.12843800e+01 -1.12842872e+01
 -1.12748847e+01 -1.12685042e+01 -1.12509109e+01 -1.12508317e+01
 -1.05230050e+01 -7.99105185e+00 -7.98854071e+00 -7.98853618e+00
 -1.28438810e+00 -1.10772842e+00 -1.09040372e+00 -1.05225585e+00
 -9.04414437e-01 -8.75505195e-01 -8.73389812e-01 -7.40617906e-01
 -6.80077375e-01 -6.67568682e-01 -6.15619293e-01 -6.04426376e-01
 -6.01800485e-01 -5.93691131e-01 -5.60528652e-01 -5.35409204e-01
 -5.08830804e-01 -4.26030280e-01 -4.16029683e-01 -4.15323505e-01
 -3.98998167e-01 -3.62247788e-01  1.01000092e-01  1.15038608e-01
  1.38649298e-01  1.61172858e-01  1.67498160e-01  1.95998127e-01
  1.99494814e-01  2.09281117e-01  2.31039525e-01  2.39917688e-01
  2.66947193e-01  3.25947462e-01  3.65976051e-01  4.11400267e-01
  4.27464019e-01  4.33888974e-01  4.49497337e-01  4.49564190e-01
  4.61015163e-01  4.64454373e-01  4.65314040e-01  4.69262723e-01
  5.27440987e-01  5.48317909e-01  5.53251652e-01  5.68907095e-01
  5.96054149e-01  6.01011735e-01  6.12486358e-01  6.19647025e-01
  6.33910600e-01  6.76186211e-01  7.07429018e-01  7.35393408e-01
  7.43627260e-01  7.51458049e-01  7.83738619e-01  7.94156286e-01
  8.03196442e-01  8.05224571e-01  8.11144755e-01  8.32336881e-01
  8.35000725e-01  8.64338692e-01  9.07329289e-01  9.16766055e-01
  9.56336739e-01  9.63932606e-01  9.94200357e-01  1.02885565e+00
  1.05464437e+00  1.07027228e+00  1.08362756e+00  1.10985077e+00
  1.12012262e+00  1.16641748e+00  1.17099501e+00  1.18438328e+00
  1.18839513e+00  1.20064659e+00  1.25450981e+00  1.25662698e+00
  1.29721168e+00  1.31206999e+00  1.34282364e+00  1.38012452e+00
  1.40930175e+00  1.41887100e+00  1.44064999e+00  1.48740564e+00
  1.54334879e+00  1.57022925e+00  1.68805222e+00  1.69893473e+00
  1.71232565e+00  1.73580548e+00  1.75053648e+00  1.75150793e+00
  1.80044983e+00  1.80686929e+00  1.83971508e+00  1.85276737e+00
  1.86015774e+00  1.90505210e+00  1.96794866e+00  1.97498927e+00
  2.00005679e+00  2.00443339e+00  2.03845140e+00  2.04598038e+00
  2.05451019e+00  2.06226674e+00  2.10407273e+00  2.16676822e+00
  2.19255731e+00  2.22336544e+00  2.24201917e+00  2.25858528e+00
  2.31951514e+00  2.36225172e+00  2.38538979e+00  2.40955952e+00
  2.42534150e+00  2.46583328e+00  2.48993256e+00  2.50655042e+00
  2.57744210e+00  2.57818798e+00  2.60745722e+00  2.66854470e+00
  2.69527587e+00  2.72313414e+00  2.73024534e+00  2.74802813e+00
  2.75170521e+00  2.76771691e+00  2.79968288e+00  2.87247402e+00
  2.89929719e+00  2.89996935e+00  2.91183668e+00  2.91582730e+00
  2.91775632e+00  2.92892774e+00  2.94167208e+00  2.98294064e+00
  2.99190241e+00  3.06363852e+00  3.11373529e+00  3.13858451e+00
  3.14266224e+00  3.23660084e+00  3.29444691e+00  3.32950398e+00
  3.34453002e+00  3.36113901e+00  3.36459917e+00  3.51826126e+00
  3.58808031e+00  3.74792262e+00  3.82919724e+00  3.87303071e+00
  3.98835737e+00  4.04344044e+00  4.14374005e+00  4.14525062e+00
  4.18806584e+00  4.33540712e+00  4.39109283e+00  4.43025147e+00
  4.46543957e+00  4.82041953e+00  4.92470437e+00  5.71500891e+00
  1.02718222e+01  2.47892500e+01  2.50457404e+01  2.50780831e+01
  2.51785952e+01  2.52713651e+01  2.53322887e+01  2.63463403e+01
  2.63522857e+01  2.69125591e+01  3.70727125e+01  2.19092678e+02]
E1 = -1764.9009175267634  E_coul = 644.6610269158801
cycle= 11 E= -745.876290133067  delta_E= -3.06e-09  |g|= 2.09e-05  |ddm|= 0.000123
    CPU time for cycle= 11      1.55 sec, wall time      0.06 sec
  HOMO = -0.362245696345184  LUMO = 0.100999198260849
  mo_energy =
[-1.04797202e+02 -1.55720463e+01 -1.12843710e+01 -1.12842820e+01
 -1.12748893e+01 -1.12685075e+01 -1.12509140e+01 -1.12508372e+01
 -1.05230009e+01 -7.99104771e+00 -7.98853652e+00 -7.98853199e+00
 -1.28438557e+00 -1.10772936e+00 -1.09040308e+00 -1.05225500e+00
 -9.04414791e-01 -8.75505428e-01 -8.73389939e-01 -7.40617895e-01
 -6.80077297e-01 -6.67570835e-01 -6.15619688e-01 -6.04428276e-01
 -6.01802434e-01 -5.93691838e-01 -5.60527429e-01 -5.35410158e-01
 -5.08830712e-01 -4.26030884e-01 -4.16027616e-01 -4.15321378e-01
 -3.98998313e-01 -3.62245696e-01  1.00999198e-01  1.15039410e-01
  1.38648570e-01  1.61172174e-01  1.67497363e-01  1.95997206e-01
  1.99493737e-01  2.09282117e-01  2.31039368e-01  2.39917288e-01
  2.66946793e-01  3.25947474e-01  3.65976469e-01  4.11399160e-01
  4.27463389e-01  4.33887467e-01  4.49497478e-01  4.49563626e-01
  4.61015947e-01  4.64455038e-01  4.65314065e-01  4.69264381e-01
  5.27441503e-01  5.48317697e-01  5.53251982e-01  5.68906914e-01
  5.96053269e-01  6.01012472e-01  6.12485229e-01  6.19647410e-01
  6.33911312e-01  6.76186086e-01  7.07429544e-01  7.35394036e-01
  7.43626272e-01  7.51457019e-01  7.83737565e-01  7.94155275e-01
  8.03197803e-01  8.05222012e-01  8.11143268e-01  8.32337202e-01
  8.34998220e-01  8.64339225e-01  9.07328818e-01  9.16765236e-01
  9.56336293e-01  9.63933320e-01  9.94199037e-01  1.02885579e+00
  1.05464446e+00  1.07027263e+00  1.08362800e+00  1.10985158e+00
  1.12012294e+00  1.16641670e+00  1.17099500e+00  1.18438454e+00
  1.18839760e+00  1.20064692e+00  1.25451086e+00  1.25662678e+00
  1.29721246e+00  1.31206905e+00  1.34282373e+00  1.38012548e+00
  1.40930156e+00  1.41887100e+00  1.44065120e+00  1.48740557e+00
  1.54334945e+00  1.57023035e+00  1.68805110e+00  1.69893332e+00
  1.71232588e+00  1.73580376e+00  1.75053530e+00  1.75150742e+00
  1.80044779e+00  1.80686878e+00  1.83971387e+00  1.85276644e+00
  1.86015742e+00  1.90505263e+00  1.96794754e+00  1.97498895e+00
  2.00005548e+00  2.00443246e+00  2.03845038e+00  2.04597989e+00
  2.05450863e+00  2.06226692e+00  2.10407149e+00  2.16676772e+00
  2.19255521e+00  2.22336546e+00  2.24201818e+00  2.25858467e+00
  2.31951511e+00  2.36225071e+00  2.38538938e+00  2.40955859e+00
  2.42534079e+00  2.46583452e+00  2.48993130e+00  2.50655002e+00
  2.57744376e+00  2.57818967e+00  2.60745594e+00  2.66854453e+00
  2.69527434e+00  2.72313248e+00  2.73024581e+00  2.74802714e+00
  2.75170490e+00  2.76771610e+00  2.79968284e+00  2.87247402e+00
  2.89929617e+00  2.89996786e+00  2.91183667e+00  2.91582493e+00
  2.91775474e+00  2.92892472e+00  2.94167100e+00  2.98293954e+00
  2.99190128e+00  3.06363958e+00  3.11373375e+00  3.13858596e+00
  3.14266204e+00  3.23660281e+00  3.29444572e+00  3.32950472e+00
  3.34453050e+00  3.36114017e+00  3.36459815e+00  3.51825932e+00
  3.58807905e+00  3.74792285e+00  3.82919652e+00  3.87302842e+00
  3.98835752e+00  4.04344300e+00  4.14373762e+00  4.14524818e+00
  4.18806864e+00  4.33540665e+00  4.39109098e+00  4.43024909e+00
  4.46543965e+00  4.82041840e+00  4.92470423e+00  5.71500954e+00
  1.02718259e+01  2.47892494e+01  2.50457360e+01  2.50780856e+01
  2.51785981e+01  2.52713653e+01  2.53322858e+01  2.63463435e+01
  2.63522889e+01  2.69125632e+01  3.70727095e+01  2.19092683e+02]
E1 = -1764.9008780076601  E_coul = 644.660987396417
cycle= 12 E= -745.876290133427  delta_E= -3.6e-10  |g|= 4.18e-06  |ddm|= 4.75e-05
    CPU time for cycle= 12      1.55 sec, wall time      0.06 sec
  HOMO = -0.362245279060009  LUMO = 0.100999485795791
  mo_energy =
[-1.04797205e+02 -1.55720444e+01 -1.12843710e+01 -1.12842801e+01
 -1.12748894e+01 -1.12685063e+01 -1.12509142e+01 -1.12508361e+01
 -1.05230028e+01 -7.99104967e+00 -7.98853850e+00 -7.98853397e+00
 -1.28438505e+00 -1.10772907e+00 -1.09040345e+00 -1.05225479e+00
 -9.04415026e-01 -8.75505007e-01 -8.73389607e-01 -7.40617613e-01
 -6.80076695e-01 -6.67570640e-01 -6.15619525e-01 -6.04428286e-01
 -6.01802383e-01 -5.93691398e-01 -5.60527004e-01 -5.35409699e-01
 -5.08831050e-01 -4.26030624e-01 -4.16027994e-01 -4.15321777e-01
 -3.98997961e-01 -3.62245279e-01  1.00999486e-01  1.15039728e-01
  1.38648587e-01  1.61172197e-01  1.67497339e-01  1.95997195e-01
  1.99493765e-01  2.09282007e-01  2.31039374e-01  2.39917231e-01
  2.66946881e-01  3.25947788e-01  3.65976605e-01  4.11399324e-01
  4.27463518e-01  4.33887596e-01  4.49497460e-01  4.49563653e-01
  4.61015960e-01  4.64454983e-01  4.65314100e-01  4.69264259e-01
  5.27441570e-01  5.48317807e-01  5.53252200e-01  5.68907142e-01
  5.96053462e-01  6.01012677e-01  6.12485524e-01  6.19647434e-01
  6.33911594e-01  6.76186237e-01  7.07429790e-01  7.35394274e-01
  7.43626246e-01  7.51457272e-01  7.83737842e-01  7.94155382e-01
  8.03198077e-01  8.05222133e-01  8.11143277e-01  8.32337409e-01
  8.34998301e-01  8.64339397e-01  9.07328994e-01  9.16765387e-01
  9.56336318e-01  9.63933659e-01  9.94199258e-01  1.02885600e+00
  1.05464461e+00  1.07027283e+00  1.08362789e+00  1.10985127e+00
  1.12012274e+00  1.16641694e+00  1.17099511e+00  1.18438414e+00
  1.18839688e+00  1.20064677e+00  1.25451115e+00  1.25662711e+00
  1.29721238e+00  1.31206922e+00  1.34282410e+00  1.38012526e+00
  1.40930137e+00  1.41887087e+00  1.44065150e+00  1.48740581e+00
  1.54334979e+00  1.57023070e+00  1.68805139e+00  1.69893335e+00
  1.71232603e+00  1.73580379e+00  1.75053543e+00  1.75150766e+00
  1.80044805e+00  1.80686913e+00  1.83971420e+00  1.85276657e+00
  1.86015772e+00  1.90505284e+00  1.96794768e+00  1.97498917e+00
  2.00005547e+00  2.00443245e+00  2.03845046e+00  2.04597994e+00
  2.05450880e+00  2.06226721e+00  2.10407166e+00  2.16676795e+00
  2.19255549e+00  2.22336579e+00  2.24201831e+00  2.25858497e+00
  2.31951527e+00  2.36225102e+00  2.38538965e+00  2.40955848e+00
  2.42534074e+00  2.46583483e+00  2.48993159e+00  2.50655022e+00
  2.57744314e+00  2.57818903e+00  2.60745626e+00  2.66854464e+00
  2.69527460e+00  2.72313254e+00  2.73024616e+00  2.74802713e+00
  2.75170506e+00  2.76771613e+00  2.79968256e+00  2.87247428e+00
  2.89929622e+00  2.89996803e+00  2.91183710e+00  2.91582505e+00
  2.91775507e+00  2.92892483e+00  2.94167105e+00  2.98293999e+00
  2.99190153e+00  3.06364005e+00  3.11373413e+00  3.13858671e+00
  3.14266234e+00  3.23660324e+00  3.29444582e+00  3.32950498e+00
  3.34453106e+00  3.36114072e+00  3.36459852e+00  3.51825920e+00
  3.58807948e+00  3.74792322e+00  3.82919693e+00  3.87302880e+00
  3.98835797e+00  4.04344358e+00  4.14373763e+00  4.14524816e+00
  4.18806918e+00  4.33540776e+00  4.39109127e+00  4.43024949e+00
  4.46544009e+00  4.82041891e+00  4.92470511e+00  5.71501046e+00
  1.02718244e+01  2.47892501e+01  2.50457359e+01  2.50780864e+01
  2.51785990e+01  2.52713659e+01  2.53322865e+01  2.63463421e+01
  2.63522875e+01  2.69125618e+01  3.70727114e+01  2.19092681e+02]
E1 = -1764.9008808935196  E_coul = 644.6609902822678
Extra cycle  E= -745.876290133435  delta_E= -8.64e-12  |g|= 1.89e-06  |ddm|= 6.18e-06
    CPU time for scf_cycle     33.34 sec, wall time      1.27 sec
    CPU time for SCF     33.34 sec, wall time      1.27 sec
converged SCF energy = -745.876290133435
Converting <class 'pyscf.scf.hf.RHF'> to RHF


******** <class 'pyscf.tdscf.rhf.TDA'> for <class 'pyscf.scf.hf.RHF'> ********
nstates = 5 singlet
wfnsym = None
conv_tol = 1e-09
eigh lindep = 1e-12
eigh level_shift = 0
eigh max_space = 8
eigh max_cycle = 2000
chkfile = /scratch/global/yangjunjie/tmpxlbsilx9
max_memory 256000 MB (current use 1740 MB)


davidson 0 5  |r|= 0.219  e= [0.24533663 0.27450617 0.33321847 0.36916339 0.37444473]  max|de|= 0.374  lindep=    1
Old state -> New state
    4     ->     3 
    3     ->     4 
davidson 1 10  |r|= 0.0541  e= [0.23479411 0.24889429 0.31647107 0.32252262 0.32461035]  max|de|= -0.0519  lindep= 0.924
davidson 2 15  |r|= 0.0219  e= [0.23448878 0.24634347 0.31473986 0.31868164 0.3215868 ]  max|de|= -0.00384  lindep= 0.887
davidson 3 20  |r|= 0.00913  e= [0.23447413 0.24628407 0.31433536 0.31821445 0.32137507]  max|de|= -0.000467  lindep= 0.862
davidson 4 5  |r|= 0.00913  e= [0.23447413 0.24628407 0.31433536 0.31821445 0.32137507]  max|de|= 2.78e-16  lindep= 0.999
davidson 5 10  |r|= 0.00499  e= [0.23447298 0.24627673 0.31427064 0.31813171 0.32135493]  max|de|= -8.27e-05  lindep= 0.741
davidson 6 15  |r|= 0.00337  e= [0.23447279 0.24627491 0.31424851 0.31809298 0.32134145]  max|de|= -3.87e-05  lindep= 0.799
davidson 7 20  |r|= 0.00712  e= [0.23447278 0.24627479 0.3142386  0.31808251 0.32131725]  max|de|= -2.42e-05  lindep=  0.8
davidson 8 5  |r|= 0.00712  e= [0.23447278 0.24627479 0.3142386  0.31808251 0.32131725]  max|de|= 8.05e-16  lindep= 0.939
root 0 converged  |r|= 1.12e-05  e= 0.234472776239654  max|de|= -8.19e-10
davidson 9 10  |r|= 0.00589  e= [0.23447278 0.24627478 0.31423313 0.31808007 0.32128884]  max|de|= -2.84e-05  lindep=  0.8
Old state -> New state
    2     ->     3 
    3     ->     4 
davidson 10 14  |r|= 0.199  e= [0.23447278 0.24627478 0.27728542 0.31424585 0.31807796]  max|de|= -0.0369  lindep= 0.781
root 1 converged  |r|= 7.61e-06  e= 0.2462747797529562  max|de|= -2.07e-10
davidson 11 18  |r|= 0.0866  e= [0.23447278 0.24627478 0.25543114 0.31424059 0.31807415]  max|de|= -0.0219  lindep= 0.829
davidson 12 5  |r|= 0.0866  e= [0.23447278 0.24627478 0.25543114 0.31424059 0.31807415]  max|de|= 2.22e-16  lindep= 0.994
davidson 13 8  |r|= 0.118  e= [0.23447278 0.24627478 0.24701544 0.31423795 0.31806971]  max|de|= -0.00842  lindep= 0.793
Old state -> New state
    2     ->     1 
    1     ->     2 
    2     ->     3 
    3     ->     4 
davidson 14 11  |r|= 0.133  e= [0.23447278 0.23505892 0.24627478 0.28690541 0.31424379]  max|de|= 0.0399  lindep= 0.796
Old state -> New state
    1     ->     0 
    0     ->     1 
davidson 15 14  |r|= 0.0556  e= [0.23351684 0.23447278 0.24627478 0.2808075  0.31424238]  max|de|= -0.0061  lindep= 0.668
davidson 16 17  |r|= 0.0326  e= [0.23309318 0.23447278 0.24627478 0.27738142 0.31424047]  max|de|= -0.00343  lindep= 0.839
davidson 17 5  |r|= 0.0326  e= [0.23309318 0.23447278 0.24627478 0.27738142 0.31424047]  max|de|= -6.66e-16  lindep= 0.999
davidson 18 8  |r|= 0.023  e= [0.23305774 0.23447278 0.24627478 0.27682561 0.31423961]  max|de|= -0.000556  lindep= 0.819
davidson 19 11  |r|= 0.0176  e= [0.23304945 0.23447278 0.24627478 0.27655329 0.3142386 ]  max|de|= -0.000272  lindep= 0.786
davidson 20 14  |r|= 0.0126  e= [0.23304775 0.23447278 0.24627478 0.27641344 0.3142359 ]  max|de|= -0.00014  lindep= 0.676
davidson 21 17  |r|= 0.0558  e= [0.23304747 0.23447278 0.24627478 0.27635572 0.31356222]  max|de|= -0.000674  lindep= 0.693
davidson 22 5  |r|= 0.0558  e= [0.23304747 0.23447278 0.24627478 0.27635572 0.31356222]  max|de|= -9.99e-16  lindep= 0.996
davidson 23 8  |r|= 0.0427  e= [0.23304745 0.23447278 0.24627478 0.27634765 0.31182431]  max|de|= -0.00174  lindep= 0.845
davidson 24 11  |r|= 0.0326  e= [0.23304744 0.23447278 0.24627478 0.27634508 0.31106121]  max|de|= -0.000763  lindep= 0.755
root 0 converged  |r|= 1.23e-05  e= 0.23304744014250614  max|de|= -8.31e-10
davidson 25 14  |r|= 0.013  e= [0.23304744 0.23447278 0.24627478 0.27634437 0.31069732]  max|de|= -0.000364  lindep= 0.822
davidson 26 16  |r|= 0.0054  e= [0.23304744 0.23447278 0.24627478 0.27634427 0.31060893]  max|de|= -8.84e-05  lindep= 0.807
davidson 27 5  |r|= 0.0054  e= [0.23304744 0.23447278 0.24627478 0.27634427 0.31060893]  max|de|= 4.72e-16  lindep= 0.995
davidson 28 7  |r|= 0.00591  e= [0.23304744 0.23447278 0.24627478 0.27634425 0.31058303]  max|de|= -2.59e-05  lindep= 0.781
davidson 29 9  |r|= 0.00719  e= [0.23304744 0.23447278 0.24627478 0.27634424 0.3105555 ]  max|de|= -2.75e-05  lindep= 0.793
davidson 30 11  |r|= 0.00799  e= [0.23304744 0.23447278 0.24627478 0.27634424 0.31052182]  max|de|= -3.37e-05  lindep= 0.782
root 3 converged  |r|= 1.23e-05  e= 0.27634423999427987  max|de|= -4.13e-10
davidson 31 13  |r|= 0.0067  e= [0.23304744 0.23447278 0.24627478 0.27634424 0.31048509]  max|de|= -3.67e-05  lindep= 0.683
davidson 32 14  |r|= 0.00276  e= [0.23304744 0.23447278 0.24627478 0.27634424 0.31045202]  max|de|= -3.31e-05  lindep= 0.915
davidson 33 15  |r|= 0.00209  e= [0.23304744 0.23447278 0.24627478 0.27634424 0.31044231]  max|de|= -9.71e-06  lindep= 0.881
davidson 34 16  |r|= 0.00142  e= [0.23304744 0.23447278 0.24627478 0.27634424 0.31043712]  max|de|= -5.19e-06  lindep= 0.835
davidson 35 5  |r|= 0.00142  e= [0.23304744 0.23447278 0.24627478 0.27634424 0.31043712]  max|de|= 7.22e-16  lindep= 0.998
davidson 36 6  |r|= 0.000897  e= [0.23304744 0.23447278 0.24627478 0.27634424 0.31043545]  max|de|= -1.68e-06  lindep= 0.87
davidson 37 7  |r|= 0.000469  e= [0.23304744 0.23447278 0.24627478 0.27634424 0.31043437]  max|de|= -1.08e-06  lindep= 0.947
davidson 38 8  |r|= 0.000525  e= [0.23304744 0.23447278 0.24627478 0.27634424 0.31043365]  max|de|= -7.17e-07  lindep= 0.946
davidson 39 9  |r|= 0.000366  e= [0.23304744 0.23447278 0.24627478 0.27634424 0.31043339]  max|de|= -2.66e-07  lindep= 0.813
davidson 40 10  |r|= 0.000183  e= [0.23304744 0.23447278 0.24627478 0.27634424 0.31043329]  max|de|= -1.01e-07  lindep= 0.921
davidson 41 11  |r|= 0.000107  e= [0.23304744 0.23447278 0.24627478 0.27634424 0.31043325]  max|de|= -3.5e-08  lindep= 0.918
davidson 42 12  |r|= 9.18e-05  e= [0.23304744 0.23447278 0.24627478 0.27634424 0.31043323]  max|de|= -1.95e-08  lindep= 0.858
davidson 43 13  |r|= 0.000171  e= [0.23304744 0.23447278 0.24627478 0.27634424 0.31043321]  max|de|= -2.26e-08  lindep= 0.816
davidson 44 14  |r|= 0.000114  e= [0.23304744 0.23447278 0.24627478 0.27634424 0.31043318]  max|de|= -2.69e-08  lindep= 0.908
davidson 45 15  |r|= 8.17e-05  e= [0.23304744 0.23447278 0.24627478 0.27634424 0.31043317]  max|de|= -1.66e-08  lindep= 0.887
davidson 46 16  |r|= 8.2e-05  e= [0.23304744 0.23447278 0.24627478 0.27634424 0.31043315]  max|de|= -1.15e-08  lindep= 0.833
davidson 47 5  |r|= 8.2e-05  e= [0.23304744 0.23447278 0.24627478 0.27634424 0.31043315]  max|de|= -3.89e-16  lindep= 0.996
davidson 48 6  |r|= 4.93e-05  e= [0.23304744 0.23447278 0.24627478 0.27634424 0.31043315]  max|de|= -5.55e-09  lindep= 0.903
davidson 49 7  |r|= 3.27e-05  e= [0.23304744 0.23447278 0.24627478 0.27634424 0.31043314]  max|de|= -4.63e-09  lindep= 0.965
davidson 50 8  |r|= 4.5e-05  e= [0.23304744 0.23447278 0.24627478 0.27634424 0.31043314]  max|de|= -3.73e-09  lindep= 0.88
davidson 51 9  |r|= 2.75e-05  e= [0.23304744 0.23447278 0.24627478 0.27634424 0.31043314]  max|de|= -2.27e-09  lindep= 0.87
davidson 52 10  |r|= 2.48e-05  e= [0.23304744 0.23447278 0.24627478 0.27634424 0.31043314]  max|de|= -1.32e-09  lindep= 0.897
davidson 53 11  |r|= 2.98e-05  e= [0.23304744 0.23447278 0.24627478 0.27634424 0.31043314]  max|de|= -1.61e-09  lindep= 0.895
davidson 54 12  |r|= 3.94e-05  e= [0.23304744 0.23447278 0.24627478 0.27634424 0.31043313]  max|de|= -2.2e-09  lindep= 0.888
davidson 55 13  |r|= 3.11e-05  e= [0.23304744 0.23447278 0.24627478 0.27634424 0.31043313]  max|de|= -1.91e-09  lindep= 0.887
davidson 56 14  |r|= 1.59e-05  e= [0.23304744 0.23447278 0.24627478 0.27634424 0.31043313]  max|de|= -1.21e-09  lindep= 0.936
root 4 converged  |r|= 1.56e-05  e= 0.31043312940076945  max|de|= -4.97e-10
converged 57 15  |r|= 1.56e-05  e= [0.23304744 0.23447278 0.24627478 0.27634424 0.31043313]  max|de|= -4.97e-10
    CPU time for TDA    294.14 sec, wall time     10.53 sec
Excited State energies (eV)
[6.34154385 6.38032922 6.7014781  7.51970979 8.44731572]
