 
:: initializing oneAPI environment ...
   slurm_script: BASH_VERSION = 4.2.46(1)-release
   args: Using "$@" for setvars.sh arguments: --force
:: advisor -- latest
:: ccl -- latest
:: clck -- latest
:: compiler -- latest
:: dal -- latest
:: debugger -- latest
:: dev-utilities -- latest
:: dnnl -- latest
:: dpcpp-ct -- latest
:: dpl -- latest
:: inspector -- latest
:: intelpython -- latest
:: ipp -- latest
:: ippcp -- latest
:: ipp -- latest
:: itac -- latest
:: mkl -- latest
:: mpi -- latest
:: tbb -- latest
:: vpl -- latest
:: vtune -- latest
:: oneAPI environment initialized ::
 
SLURM_CPUS_PER_TASK = 28
SLURM_MEM_PER_NODE = 127949
#INFO: **** input file is /home/yangjunjie/work/py-ch3-cl/work/step_-8/main.py ****
import sys
import pyscf
from pyscf import tdscf

def main(xyz_file, basis="631g*", xc="b3lyp", output="ene.out"):
    xyz = None

    with open(xyz_file, "r") as xyz:
        xyz = xyz.readlines()[2:]
        xyz = "".join(xyz)

    mol = pyscf.gto.Mole()
    mol.atom = xyz
    mol.basis = basis
    mol.verbose = 5
    mol.build()

    if xc is not None and xc != "hf":
        mf = pyscf.scf.RKS(mol)
        mf.xc = xc
        mf.kernel()
    else:
        mf = pyscf.scf.RHF(mol)
        mf.kernel()

    ene_mf = mf.e_tot

    with open(output, "w") as f:
        tda = pyscf.tdscf.TDA(mf)
        tda.nstates = 5
        tda.max_space = 8
        tda.max_cycle = 2000
        tda.kernel()

        con_tda = tda.converged
        ene_tda = tda.e[:5]
        dip_tda = tda.transition_dipole()[:5]

        f.write(f"RKS energy: {ene_mf: 12.8f}\n")
        f.write("TDA results:\n")
        for i, (con, ene, dip) in enumerate(zip(con_tda, ene_tda, dip_tda)):
            f.write(f" {i:2d} {con} {ene: 12.8f} {dip[0]: 12.8f} {dip[1]: 12.8f} {dip[2]: 12.8f}\n")

        # rpa = pyscf.tdscf.RPA(mf)
        # rpa.nstates = 5
        # rpa.max_space = 8
        # rpa.max_cycle = 2000
        # rpa.kernel()

        # con_rpa = rpa.converged
        # ene_rpa = rpa.e[:5]
        # dip_rpa = rpa.transition_dipole()[:5]
        
        # f.write("\nRPA results:\n")
        # for i, (con, ene, dip) in enumerate(zip(con_rpa, ene_rpa, dip_rpa)):
        #     f.write(f" {i:2d} {con} {ene: 12.8f} {dip[0]: 12.8f} {dip[1]: 12.8f} {dip[2]: 12.8f}\n")

if __name__ == "__main__":
    xyz = sys.argv[1]
    main(xyz, basis="6311g**", xc="b3lyp", output="out.log")
#INFO: ******************** input file end ********************


System: uname_result(system='Linux', node='pauling040', release='3.10.0-327.36.3.el7.x86_64', version='#1 SMP Thu Oct 20 04:56:07 EDT 2016', machine='x86_64')  Threads 28
Python 3.9.7 (default, Oct 27 2021, 01:23:21) 
[GCC 9.3.0]
numpy 1.21.2  scipy 1.6.2
Date: Tue Sep 27 23:51:18 2022
PySCF version 2.0.1
PySCF path  /home/yangjunjie/packages/pyscf/pyscf-main
GIT ORIG_HEAD 14b880cdc4bf7bb64f3989a147c0b04622efc498
GIT HEAD (branch master) 9d5b5bd309d1cc55fbd1a0ec76e26b5b0c7f76af

[ENV] PYSCF_MAX_MEMORY 127949
[ENV] PYSCF_TMPDIR /scratch/global/yangjunjie/
[CONFIG] conf_file /home/yangjunjie/.pyscf_conf.py
[INPUT] verbose = 5
[INPUT] max_memory = 127949 
[INPUT] num. atoms = 16
[INPUT] num. electrons = 68
[INPUT] charge = 0
[INPUT] spin (= nelec alpha-beta = 2S) = 0
[INPUT] symmetry False subgroup None
[INPUT] Mole.unit = angstrom
[INPUT]  1 C      0.000000010000   1.157637280000   1.078484480000 AA    0.000000018897   2.187617410786   2.038040296794 Bohr
[INPUT]  2 C      0.000000000000   1.201687170000   2.476589730000 AA    0.000000000000   2.270859638704   4.680076312611 Bohr
[INPUT]  3 C     -0.000000010000  -0.013270920000   3.151386640000 AA   -0.000000018897  -0.025078404221   5.955257662213 Bohr
[INPUT]  4 C     -0.000000010000  -1.213420170000   2.453283070000 AA   -0.000000018897  -2.293031795323   4.636033108332 Bohr
[INPUT]  5 C      0.000000000000  -1.143806040000   1.055818720000 AA    0.000000000000  -2.161480155223   1.995208217989 Bohr
[INPUT]  6 N      0.000000010000   0.014942490000   0.419546280000 AA    0.000000018897   0.028237213719   0.792827565780 Bohr
[INPUT]  7 C      0.000000000000   0.002250640000  -2.031057980000 AA    0.000000000000   0.004253093205  -3.838143325312 Bohr
[INPUT]  8 H      0.000000020000   2.062597250000   0.476565370000 AA    0.000000037795   3.897743907781   0.900578029752 Bohr
[INPUT]  9 H      0.000000000000   2.152221380000   2.983085990000 AA    0.000000000000   4.067108967633   5.637215527127 Bohr
[INPUT] 10 H     -0.000000010000  -0.023160480000   4.237149710000 AA   -0.000000018897  -0.043766964113   8.007052500680 Bohr
[INPUT] 11 H     -0.000000020000  -2.174144850000   2.941387880000 AA   -0.000000037795  -4.108538321634   5.558417519315 Bohr
[INPUT] 12 H      0.000000000000  -2.034759630000   0.435189430000 AA    0.000000000000  -3.845138430021   0.822388835006 Bohr
[INPUT] 13 H     -0.000000030000   1.027276940000  -1.691637750000 AA   -0.000000056692   1.941272070681  -3.196732049475 Bohr
[INPUT] 14 H     -0.887148910000  -0.503982330000  -1.680151970000 AA   -1.676468471606  -0.952388575320  -3.175027070948 Bohr
[INPUT] 15 H      0.887148940000  -0.503982290000  -1.680151970000 AA    1.676468528298  -0.952388499731  -3.175027070948 Bohr
[INPUT] 16 Cl    -0.000000010000   0.000176170000  -3.851742130000 AA   -0.000000018897   0.000332913051  -7.278737728149 Bohr
[INPUT] ---------------- BASIS SET ---------------- 
[INPUT] l, kappa, [nprim/nctr], expnt,             c_1 c_2 ...
[INPUT] N
[INPUT] 0    0    [6    /1   ]  6293.48           0.00196979
                                949.044           0.0149613
                                218.776           0.0735006
                                63.6916           0.248937
                                18.8282           0.60246
                                2.72023           0.256202
[INPUT] 0    0    [3    /1   ]  30.6331           0.111906
                                7.02614           0.921666
                                2.11205           -0.00256919
[INPUT] 0    0    [1    /1   ]  0.684009             1
[INPUT] 0    0    [1    /1   ]  0.200878             1
[INPUT] 1    0    [3    /1   ]  30.6331           0.0383119
                                7.02614           0.237403
                                2.11205           0.817592
[INPUT] 1    0    [1    /1   ]  0.684009             1
[INPUT] 1    0    [1    /1   ]  0.200878             1
[INPUT] 2    0    [1    /1   ]  0.913                1
[INPUT] C
[INPUT] 0    0    [6    /1   ]  4563.24           0.00196665
                                682.024           0.0152306
                                154.973           0.0761269
                                44.4553           0.260801
                                13.029            0.616462
                                1.82773           0.221006
[INPUT] 0    0    [3    /1   ]  20.9642           0.11466
                                4.80331           0.919999
                                1.45933           -0.00303068
[INPUT] 0    0    [1    /1   ]  0.483456             1
[INPUT] 0    0    [1    /1   ]  0.145585             1
[INPUT] 1    0    [3    /1   ]  20.9642           0.0402487
                                4.80331           0.237594
                                1.45933           0.815854
[INPUT] 1    0    [1    /1   ]  0.483456             1
[INPUT] 1    0    [1    /1   ]  0.145585             1
[INPUT] 2    0    [1    /1   ]  0.626                1
[INPUT] H
[INPUT] 0    0    [3    /1   ]  33.865            0.0254938
                                5.09479           0.190373
                                1.15879           0.852161
[INPUT] 0    0    [1    /1   ]  0.32584              1
[INPUT] 0    0    [1    /1   ]  0.102741             1
[INPUT] 1    0    [1    /1   ]  0.75                 1
[INPUT] Cl
[INPUT] 0    0    [6    /1   ]  105819            0.000738
                                15872             0.005718
                                3619.65           0.029495
                                1030.8            0.117286
                                339.908           0.362949
                                124.538           0.584149
[INPUT] 0    0    [3    /1   ]  124.538           0.134177
                                49.5135           0.62425
                                20.8056           0.291756
[INPUT] 0    0    [1    /1   ]  6.58346              1
[INPUT] 0    0    [1    /1   ]  2.56468              1
[INPUT] 0    0    [1    /1   ]  0.559763             1
[INPUT] 0    0    [1    /1   ]  0.183273             1
[INPUT] 1    0    [5    /1   ]  589.776           0.002391
                                139.849           0.018504
                                45.1413           0.081377
                                16.8733           0.221552
                                6.7411            0.772569
[INPUT] 1    0    [2    /1   ]  6.7411            -1.572244
                                2.77152           0.992389
[INPUT] 1    0    [1    /1   ]  1.02387              1
[INPUT] 1    0    [1    /1   ]  0.381368             1
[INPUT] 1    0    [1    /1   ]  0.109437             1
[INPUT] 2    0    [1    /1   ]  0.75                 1

nuclear repulsion = 380.660489499257
number of shells = 100
number of NR pGTOs = 329
number of NR cGTOs = 200
basis = 6311g**
ecp = {}
CPU time:         0.35


******** <class 'pyscf.dft.rks.RKS'> ********
method = RKS
initial guess = minao
damping factor = 0
level_shift factor = 0
DIIS = <class 'pyscf.scf.diis.CDIIS'>
diis_start_cycle = 1
diis_space = 8
SCF conv_tol = 1e-09
SCF conv_tol_grad = None
SCF max_cycles = 50
direct_scf = True
direct_scf_tol = 1e-13
chkfile to save SCF result = /scratch/global/yangjunjie/tmp2rdczpt3
max_memory 127949 MB (current use 82 MB)
XC library pyscf.dft.libxc version 5.2.0
    S. Lehtola, C. Steigemann, M. J. Oliveira, and M. A. Marques, SoftwareX 7, 1 (2018)
XC functionals = b3lyp
    P. A. M. Dirac, Math. Proc. Cambridge Philos. Soc. 26, 376 (1930)
    F. Bloch, Z. Phys. 57, 545 (1929)
    A. D. Becke, Phys. Rev. A 38, 3098 (1988)
    C. Lee, W. Yang, and R. G. Parr, Phys. Rev. B 37, 785 (1988)
    B. Miehlich, A. Savin, H. Stoll, and H. Preuss, Chem. Phys. Lett. 157, 200 (1989)
    S. H. Vosko, L. Wilk, and M. Nusair, Can. J. Phys. 58, 1200 (1980)
radial grids: 
    Treutler-Ahlrichs [JCP 102, 346 (1995); DOI:10.1063/1.469408] (M4) radial grids
    
becke partition: Becke, JCP 88, 2547 (1988); DOI:10.1063/1.454033
pruning grids: <function nwchem_prune at 0x7fdd112eae50>
grids dens level: 3
symmetrized grids: False
atomic radii adjust function: <function treutler_atomic_radii_adjust at 0x7fdd112eadc0>
small_rho_cutoff = 1e-07
Set gradient conv threshold to 3.16228e-05
atom C rad-grids = 75, ang-grids = [ 50  50  50  50  50  50  50  50  50  50  50  50  50  50  50  50  50  50
  50  50  50  50  50  86  86  86  86  86  86  86  86  86  86 266 266 266
 266 266 266 266 302 302 302 302 302 302 302 302 302 302 302 302 302 302
 302 302 302 302 302 302 266 266 266 266 266 266 266 266 266 266 266 266
 266 266 266]
atom N rad-grids = 75, ang-grids = [ 50  50  50  50  50  50  50  50  50  50  50  50  50  50  50  50  50  50
  50  50  50  50  50  86  86  86  86  86  86  86  86  86 266 266 266 266
 266 266 266 302 302 302 302 302 302 302 302 302 302 302 302 302 302 302
 302 302 302 302 266 266 266 266 266 266 266 266 266 266 266 266 266 266
 266 266 266]
atom H rad-grids = 50, ang-grids = [ 50  50  50  50  50  50  50  50  50  50  50  50  50  50  86  86  86  86
 266 266 266 266 302 302 302 302 302 302 302 302 302 302 302 302 302 266
 266 266 266 266 266 266 266 266 266 266 266 266 266 266]
atom Cl rad-grids = 80, ang-grids = [ 50  50  50  50  50  50  50  50  50  50  50  50  50  50  50  50  50  50
  50  50  50  50  50  50  86  86  86  86  86  86  86  86  86  86  86  86
  86 350 350 350 350 350 350 350 350 350 434 434 434 434 434 434 434 434
 434 434 434 434 434 434 434 434 434 434 350 350 350 350 350 350 350 350
 350 350 350 350 350 350 350 350]
tot grids = 196530
Drop grids 29799
    CPU time for setting up grids      4.80 sec, wall time      0.19 sec
nelec by numeric integration = 67.99252797716969
    CPU time for vxc      8.33 sec, wall time      0.30 sec
E1 = -1775.126587991424  Ecoul = 715.8592037193235  Exc = -70.55663398930592
init E= -749.16352876215
cond(S) = 13024.50993715704
    CPU time for initialize scf     26.84 sec, wall time      1.06 sec
  HOMO = -0.294257518310253  LUMO = -0.0992776668341133
  mo_energy =
[-1.01497551e+02 -1.43959802e+01 -1.02819520e+01 -1.02810945e+01
 -1.02807421e+01 -1.02802845e+01 -1.02765606e+01 -1.02762725e+01
 -9.51653372e+00 -7.27051121e+00 -7.26927750e+00 -7.26927592e+00
 -1.10563348e+00 -9.39887003e-01 -9.27546763e-01 -8.86253510e-01
 -7.60161662e-01 -7.16209609e-01 -7.01651989e-01 -5.78919067e-01
 -5.33051764e-01 -5.13332095e-01 -4.76473893e-01 -4.76069129e-01
 -4.63660194e-01 -4.62867126e-01 -4.38884135e-01 -4.25622600e-01
 -4.02525012e-01 -3.42785408e-01 -3.40648218e-01 -3.27280828e-01
 -2.94983481e-01 -2.94257518e-01 -9.92776668e-02 -8.56976795e-02
 -3.30534318e-02  1.67589596e-02  3.53038367e-02  4.89610306e-02
  6.24220507e-02  7.10979743e-02  7.68579265e-02  8.72689773e-02
  1.07231626e-01  1.33235905e-01  1.79324673e-01  2.12579685e-01
  2.23988003e-01  2.28896697e-01  2.39045037e-01  2.55151835e-01
  2.63318772e-01  2.73142330e-01  2.78506002e-01  2.79449711e-01
  3.27904191e-01  3.38729045e-01  3.50462370e-01  3.51475676e-01
  3.65969626e-01  3.93781218e-01  3.96462036e-01  4.04403226e-01
  4.27860621e-01  4.29128315e-01  4.78060352e-01  4.87116291e-01
  4.96602264e-01  5.13131652e-01  5.20959581e-01  5.33931254e-01
  5.52398559e-01  5.54542056e-01  5.73482280e-01  5.87510521e-01
  5.93843807e-01  6.33437092e-01  6.77502412e-01  6.84757711e-01
  6.93723182e-01  6.97768546e-01  7.25637626e-01  7.52760260e-01
  7.74724893e-01  7.88996457e-01  7.97315007e-01  8.02667482e-01
  8.04381729e-01  8.13565366e-01  8.32840806e-01  9.02267049e-01
  9.14058252e-01  9.46892219e-01  9.68086521e-01  9.70892424e-01
  1.02225952e+00  1.02478107e+00  1.06115581e+00  1.08919671e+00
  1.08929688e+00  1.11754526e+00  1.14558203e+00  1.23567325e+00
  1.26484856e+00  1.30543768e+00  1.38283285e+00  1.39429537e+00
  1.40161133e+00  1.43725481e+00  1.43807236e+00  1.44839791e+00
  1.48288039e+00  1.49537701e+00  1.53526788e+00  1.53659800e+00
  1.54316924e+00  1.59798031e+00  1.65698867e+00  1.66006658e+00
  1.66729178e+00  1.66935014e+00  1.72212063e+00  1.73025257e+00
  1.73725428e+00  1.74365253e+00  1.77881591e+00  1.83167076e+00
  1.83907944e+00  1.86309841e+00  1.86788353e+00  1.90983191e+00
  1.96709902e+00  1.99563621e+00  2.03318525e+00  2.03946308e+00
  2.06283514e+00  2.07610761e+00  2.11469217e+00  2.12412531e+00
  2.17609214e+00  2.17905200e+00  2.20800537e+00  2.24631261e+00
  2.30567141e+00  2.30921514e+00  2.33051701e+00  2.36880751e+00
  2.39146494e+00  2.39611188e+00  2.43135648e+00  2.44296002e+00
  2.46647866e+00  2.48627950e+00  2.51959991e+00  2.51973064e+00
  2.54478874e+00  2.57442193e+00  2.59113815e+00  2.60154218e+00
  2.61678672e+00  2.65735297e+00  2.69309155e+00  2.69545478e+00
  2.71362036e+00  2.79886122e+00  2.85566292e+00  2.88335015e+00
  2.89668557e+00  2.90424707e+00  2.95855248e+00  3.09167077e+00
  3.09450283e+00  3.23258851e+00  3.32298548e+00  3.38029204e+00
  3.53216554e+00  3.57303180e+00  3.67899724e+00  3.68277695e+00
  3.73049092e+00  3.79215617e+00  3.92485168e+00  3.94934200e+00
  3.99680583e+00  4.32223139e+00  4.36744869e+00  5.16652173e+00
  9.50095146e+00  2.35534595e+01  2.38123676e+01  2.38527374e+01
  2.39262574e+01  2.39974700e+01  2.40611992e+01  2.53924718e+01
  2.54034082e+01  2.59971055e+01  3.55711085e+01  2.15555100e+02]
nelec by numeric integration = 68.0000381741699
    CPU time for vxc      7.20 sec, wall time      0.26 sec
E1 = -1782.334889930803  Ecoul = 724.2989343505566  Exc = -70.81715600151327
cycle= 1 E= -748.192622082503  delta_E= 0.971  |g|= 0.397  |ddm|= 3.33
    CPU time for cycle= 1      8.78 sec, wall time      0.31 sec
  HOMO = -0.197380585798728  LUMO = -0.00366327536063298
  mo_energy =
[-1.01406602e+02 -1.41701102e+01 -1.01867374e+01 -1.01852168e+01
 -1.01333315e+01 -1.01239253e+01 -1.00936071e+01 -1.00934460e+01
 -9.33148876e+00 -7.09466249e+00 -7.08500549e+00 -7.08499579e+00
 -9.09424374e-01 -7.79088886e-01 -7.66703238e-01 -7.42890732e-01
 -6.22362385e-01 -6.11686770e-01 -6.05911499e-01 -5.18543377e-01
 -4.64895272e-01 -4.50917964e-01 -4.22644114e-01 -4.03368435e-01
 -3.99036914e-01 -3.82565579e-01 -3.74564647e-01 -3.53166207e-01
 -3.41915793e-01 -2.60482963e-01 -2.48789515e-01 -2.33198944e-01
 -2.32181970e-01 -1.97380586e-01 -3.66327536e-03  3.74293018e-04
  3.93726217e-02  6.40503406e-02  6.80798981e-02  9.71312758e-02
  9.78780452e-02  1.00743714e-01  1.32188287e-01  1.32693763e-01
  1.60385856e-01  1.67592325e-01  2.44358336e-01  2.72196322e-01
  2.79860417e-01  2.89576141e-01  3.14973247e-01  3.18236701e-01
  3.24626215e-01  3.34490057e-01  3.36246693e-01  3.48994068e-01
  3.88049214e-01  3.90909475e-01  3.99698842e-01  4.09863307e-01
  4.24840518e-01  4.45109155e-01  4.47278220e-01  4.62973147e-01
  4.71020090e-01  5.05519266e-01  5.27433004e-01  5.55721089e-01
  5.67367596e-01  5.67889332e-01  5.96745397e-01  6.03196288e-01
  6.20018831e-01  6.25303581e-01  6.41852341e-01  6.54634422e-01
  6.64053438e-01  6.87602449e-01  7.36481274e-01  7.40539457e-01
  7.63583949e-01  7.79515452e-01  8.03483460e-01  8.14531071e-01
  8.60722912e-01  8.64335703e-01  8.95158418e-01  9.05393195e-01
  9.15524903e-01  9.60822232e-01  9.63183356e-01  9.70397744e-01
  9.79548284e-01  1.01245636e+00  1.03445782e+00  1.05461120e+00
  1.07264429e+00  1.08588298e+00  1.12087042e+00  1.18639003e+00
  1.18830719e+00  1.20804701e+00  1.21289565e+00  1.31932493e+00
  1.34277793e+00  1.37486081e+00  1.45683614e+00  1.46760741e+00
  1.46854761e+00  1.51437180e+00  1.51971177e+00  1.52974436e+00
  1.54516925e+00  1.56647286e+00  1.59528175e+00  1.60165147e+00
  1.60182072e+00  1.65289969e+00  1.70212062e+00  1.71499120e+00
  1.74374680e+00  1.75241996e+00  1.77383536e+00  1.78536313e+00
  1.79313618e+00  1.80874009e+00  1.86125555e+00  1.88982062e+00
  1.91274073e+00  1.94523152e+00  1.95785833e+00  1.99635569e+00
  2.05388207e+00  2.08835907e+00  2.10367005e+00  2.13909752e+00
  2.15919697e+00  2.16800578e+00  2.18413908e+00  2.20745370e+00
  2.28364143e+00  2.28870293e+00  2.28915710e+00  2.31701264e+00
  2.38544490e+00  2.40086515e+00  2.42598795e+00  2.45808534e+00
  2.46357964e+00  2.49083909e+00  2.50482013e+00  2.54521082e+00
  2.56161187e+00  2.57112308e+00  2.58432126e+00  2.60305512e+00
  2.61818135e+00  2.62862820e+00  2.62905533e+00  2.64445662e+00
  2.67596181e+00  2.74747044e+00  2.78160698e+00  2.80182950e+00
  2.81038441e+00  2.88997530e+00  2.94590436e+00  2.99061056e+00
  3.01165244e+00  3.01186721e+00  3.04916505e+00  3.21007870e+00
  3.21965498e+00  3.34801191e+00  3.43586151e+00  3.49229231e+00
  3.64684885e+00  3.66650745e+00  3.78387535e+00  3.78643804e+00
  3.82068078e+00  3.94744977e+00  4.01646242e+00  4.04117306e+00
  4.09388091e+00  4.44196274e+00  4.52397079e+00  5.30834067e+00
  9.67276895e+00  2.36909583e+01  2.39511009e+01  2.39670440e+01
  2.40340192e+01  2.41413199e+01  2.42204002e+01  2.55650375e+01
  2.55758755e+01  2.61537458e+01  3.57856354e+01  2.15643090e+02]
nelec by numeric integration = 68.00003782920636
    CPU time for vxc      7.32 sec, wall time      0.26 sec
E1 = -1774.6677145380909  Ecoul = 716.039910057786  Exc = -70.2219904139535
cycle= 2 E= -748.189305395002  delta_E= 0.00332  |g|= 0.435  |ddm|= 0.815
    CPU time for cycle= 2      9.03 sec, wall time      0.32 sec
  HOMO = -0.264414115577448  LUMO = -0.042951497757923
  mo_energy =
[-1.01503481e+02 -1.43396707e+01 -1.02095708e+01 -1.02091131e+01
 -1.02000508e+01 -1.01935502e+01 -1.01932694e+01 -1.01907550e+01
 -9.41316681e+00 -7.17771625e+00 -7.16844819e+00 -7.16843828e+00
 -9.72681186e-01 -8.22568004e-01 -8.13974118e-01 -7.80918105e-01
 -6.55562574e-01 -6.54653159e-01 -6.38221047e-01 -5.46080890e-01
 -5.00458222e-01 -4.88259456e-01 -4.50168243e-01 -4.31372882e-01
 -4.22245012e-01 -4.21560169e-01 -4.14500109e-01 -3.88854314e-01
 -3.77802670e-01 -3.10293230e-01 -2.80788537e-01 -2.68098759e-01
 -2.67458007e-01 -2.64414116e-01 -4.29514978e-02 -3.47168264e-02
  3.00976397e-02  5.33886174e-02  6.30365067e-02  7.28581744e-02
  9.09718350e-02  9.22018959e-02  1.16576355e-01  1.26498605e-01
  1.27759248e-01  1.59982965e-01  2.18511461e-01  2.50459502e-01
  2.60558473e-01  2.68072449e-01  2.94591649e-01  3.03686401e-01
  3.05202214e-01  3.14989679e-01  3.18361430e-01  3.30399962e-01
  3.67666621e-01  3.68644137e-01  3.74585676e-01  3.86443467e-01
  4.01880111e-01  4.24632743e-01  4.27780893e-01  4.36589513e-01
  4.51478239e-01  4.76613421e-01  5.05931908e-01  5.36836897e-01
  5.42047320e-01  5.48755229e-01  5.67460946e-01  5.79557366e-01
  5.92720032e-01  6.05186807e-01  6.15383262e-01  6.31987314e-01
  6.36639398e-01  6.69308954e-01  7.16692719e-01  7.20837255e-01
  7.21100121e-01  7.45955843e-01  7.72420916e-01  7.87982581e-01
  8.28752150e-01  8.33812211e-01  8.66556277e-01  8.67235458e-01
  8.84523749e-01  9.18324498e-01  9.19085884e-01  9.40741985e-01
  9.49488201e-01  9.88815458e-01  1.00250822e+00  1.01474163e+00
  1.04663284e+00  1.06025432e+00  1.09743887e+00  1.15050878e+00
  1.15826710e+00  1.18195855e+00  1.18467384e+00  1.27916404e+00
  1.30853276e+00  1.33876892e+00  1.42787271e+00  1.43891931e+00
  1.45421052e+00  1.48205429e+00  1.50043985e+00  1.50974157e+00
  1.52512331e+00  1.53147973e+00  1.57392273e+00  1.57620319e+00
  1.58076840e+00  1.63603965e+00  1.68673590e+00  1.69549101e+00
  1.72464430e+00  1.72842504e+00  1.75840451e+00  1.76219756e+00
  1.76924663e+00  1.78623677e+00  1.83167059e+00  1.87032088e+00
  1.88111134e+00  1.91076438e+00  1.92208807e+00  1.96656245e+00
  2.02581289e+00  2.04881642e+00  2.07258181e+00  2.11144677e+00
  2.12661079e+00  2.14006223e+00  2.16275720e+00  2.16835186e+00
  2.25330414e+00  2.25481467e+00  2.25677941e+00  2.29498061e+00
  2.35733872e+00  2.37666591e+00  2.38086677e+00  2.43097749e+00
  2.44783522e+00  2.45819637e+00  2.48587147e+00  2.51747296e+00
  2.53685866e+00  2.54189267e+00  2.55735881e+00  2.57724457e+00
  2.58096347e+00  2.60631508e+00  2.61714719e+00  2.63310022e+00
  2.65287686e+00  2.70652885e+00  2.74412597e+00  2.75278258e+00
  2.76502265e+00  2.84920473e+00  2.91160715e+00  2.94629293e+00
  2.95917607e+00  2.96126163e+00  3.01948193e+00  3.16293582e+00
  3.17377716e+00  3.30141985e+00  3.38905626e+00  3.44361541e+00
  3.59811706e+00  3.62687107e+00  3.75734943e+00  3.76004092e+00
  3.78347992e+00  3.84421997e+00  3.97922592e+00  4.00315873e+00
  4.05286580e+00  4.38531658e+00  4.43257267e+00  5.22689882e+00
  9.60211457e+00  2.36248610e+01  2.38966150e+01  2.39206877e+01
  2.39908604e+01  2.40683134e+01  2.41373595e+01  2.54987409e+01
  2.55096022e+01  2.60877949e+01  3.56224731e+01  2.15548926e+02]
nelec by numeric integration = 68.0000370837234
    CPU time for vxc      7.14 sec, wall time      0.26 sec
E1 = -1778.4801176260926  Ecoul = 720.0993677888682  Exc = -70.51215035809636
cycle= 3 E= -748.232410696064  delta_E= -0.0431  |g|= 0.0852  |ddm|= 0.413
    CPU time for cycle= 3      8.83 sec, wall time      0.32 sec
  HOMO = -0.259250445483131  LUMO = -0.0427635814328407
  mo_energy =
[-1.01520554e+02 -1.43083893e+01 -1.02242881e+01 -1.02238992e+01
 -1.02103295e+01 -1.02022917e+01 -1.02020693e+01 -1.02000922e+01
 -9.43084953e+00 -7.19536797e+00 -7.18619830e+00 -7.18618778e+00
 -9.66472710e-01 -8.25435166e-01 -8.20711792e-01 -7.84513983e-01
 -6.60777032e-01 -6.54935123e-01 -6.42801347e-01 -5.48756189e-01
 -5.02848674e-01 -4.91307499e-01 -4.54011233e-01 -4.31975717e-01
 -4.24902230e-01 -4.23757031e-01 -4.15192979e-01 -3.91474627e-01
 -3.84941395e-01 -3.09524467e-01 -2.84783419e-01 -2.76774894e-01
 -2.75993518e-01 -2.59250445e-01 -4.27635814e-02 -3.79536280e-02
  2.88974472e-02  5.16390339e-02  6.21462926e-02  6.93575218e-02
  9.03803649e-02  9.16265061e-02  1.16689351e-01  1.25908237e-01
  1.26300012e-01  1.59341055e-01  2.18449199e-01  2.48343659e-01
  2.59035505e-01  2.67303612e-01  2.91828089e-01  3.01702575e-01
  3.02222247e-01  3.12297154e-01  3.16129481e-01  3.26001018e-01
  3.65778720e-01  3.66979008e-01  3.72647001e-01  3.84637222e-01
  4.00126481e-01  4.22584680e-01  4.26323120e-01  4.34869663e-01
  4.49506915e-01  4.76111042e-01  5.04015585e-01  5.35229497e-01
  5.40144070e-01  5.47821849e-01  5.65732632e-01  5.76828574e-01
  5.90384453e-01  6.03637083e-01  6.14359165e-01  6.30110401e-01
  6.35057883e-01  6.66313943e-01  7.14206274e-01  7.19003957e-01
  7.25011573e-01  7.42696009e-01  7.71357174e-01  7.85423179e-01
  8.26542603e-01  8.34176418e-01  8.60586914e-01  8.61013107e-01
  8.78527111e-01  9.07779828e-01  9.08143660e-01  9.37907606e-01
  9.48092371e-01  9.87649129e-01  1.00098079e+00  1.01102814e+00
  1.04761089e+00  1.05721384e+00  1.09417727e+00  1.14641572e+00
  1.15499468e+00  1.18073768e+00  1.18159448e+00  1.28109813e+00
  1.30805214e+00  1.33956461e+00  1.42492212e+00  1.43630883e+00
  1.45384047e+00  1.48055154e+00  1.49863279e+00  1.50796311e+00
  1.52300510e+00  1.52951775e+00  1.57182816e+00  1.57419410e+00
  1.57870975e+00  1.63445465e+00  1.68530137e+00  1.69297745e+00
  1.72331537e+00  1.72619150e+00  1.75635366e+00  1.76037905e+00
  1.76886843e+00  1.78517486e+00  1.82989257e+00  1.86782270e+00
  1.87800139e+00  1.90742943e+00  1.91891839e+00  1.96460791e+00
  2.02399026e+00  2.04630447e+00  2.07035523e+00  2.10655422e+00
  2.12481551e+00  2.13447299e+00  2.16183296e+00  2.16796208e+00
  2.24823001e+00  2.24848078e+00  2.25482280e+00  2.29198129e+00
  2.35506631e+00  2.37376003e+00  2.38298949e+00  2.42761882e+00
  2.44787469e+00  2.45231522e+00  2.48426975e+00  2.51431299e+00
  2.53399467e+00  2.54062104e+00  2.55602093e+00  2.57249527e+00
  2.57877219e+00  2.60458106e+00  2.61587570e+00  2.63179607e+00
  2.65124815e+00  2.70747558e+00  2.73870782e+00  2.75064801e+00
  2.76358340e+00  2.84586484e+00  2.90830828e+00  2.94722453e+00
  2.95463307e+00  2.96170158e+00  3.01861387e+00  3.15897737e+00
  3.16817948e+00  3.29535175e+00  3.38361126e+00  3.43896571e+00
  3.59769769e+00  3.62776362e+00  3.75455215e+00  3.75726951e+00
  3.78271387e+00  3.86140630e+00  3.97495928e+00  3.99940372e+00
  4.04933076e+00  4.38319308e+00  4.44468507e+00  5.23605397e+00
  9.58631275e+00  2.36146554e+01  2.38877607e+01  2.39093204e+01
  2.39785810e+01  2.40578243e+01  2.41281958e+01  2.54835592e+01
  2.54944211e+01  2.60728682e+01  3.56524270e+01  2.15531983e+02]
nelec by numeric integration = 68.0000371866757
    CPU time for vxc      7.47 sec, wall time      0.27 sec
E1 = -1778.6764991400075  Ecoul = 720.3110744884212  Exc = -70.5287021770876
cycle= 4 E= -748.233637329417  delta_E= -0.00123  |g|= 0.0367  |ddm|= 0.075
    CPU time for cycle= 4      9.55 sec, wall time      0.34 sec
  HOMO = -0.262870832671058  LUMO = -0.0419907947353101
  mo_energy =
[-1.01512752e+02 -1.43186222e+01 -1.02236204e+01 -1.02235303e+01
 -1.02039601e+01 -1.02014753e+01 -1.01958280e+01 -1.01957469e+01
 -9.42672938e+00 -7.19087514e+00 -7.18178145e+00 -7.18177092e+00
 -9.67932025e-01 -8.23645602e-01 -8.19047755e-01 -7.82908218e-01
 -6.61946820e-01 -6.54409400e-01 -6.41171223e-01 -5.47454550e-01
 -5.01617002e-01 -4.90025137e-01 -4.52470682e-01 -4.33297460e-01
 -4.26219354e-01 -4.22594117e-01 -4.15373031e-01 -3.90195669e-01
 -3.84707182e-01 -3.08231394e-01 -2.82849416e-01 -2.76708355e-01
 -2.75904184e-01 -2.62870833e-01 -4.19907947e-02 -3.63469643e-02
  2.93209393e-02  5.19599049e-02  6.25380604e-02  6.85362802e-02
  9.04062667e-02  9.21476720e-02  1.16321690e-01  1.25912822e-01
  1.26447970e-01  1.58707507e-01  2.18884616e-01  2.50211830e-01
  2.60492523e-01  2.67864529e-01  2.92145455e-01  3.01029041e-01
  3.01775119e-01  3.11775272e-01  3.15850277e-01  3.25695651e-01
  3.66472299e-01  3.67624630e-01  3.74764736e-01  3.85460103e-01
  4.02059276e-01  4.24051049e-01  4.26993798e-01  4.35881651e-01
  4.50718729e-01  4.75552269e-01  5.04972350e-01  5.35196409e-01
  5.42138629e-01  5.46389071e-01  5.66948008e-01  5.77491179e-01
  5.91915949e-01  6.02480968e-01  6.14591725e-01  6.30573878e-01
  6.35741550e-01  6.66974782e-01  7.15919413e-01  7.20759861e-01
  7.22564905e-01  7.44200902e-01  7.71780149e-01  7.85785127e-01
  8.26217727e-01  8.34331035e-01  8.60482212e-01  8.60687794e-01
  8.78722683e-01  9.08276061e-01  9.08659928e-01  9.40065048e-01
  9.48513744e-01  9.88582138e-01  1.00099086e+00  1.01357607e+00
  1.04672252e+00  1.05915003e+00  1.09603611e+00  1.14653931e+00
  1.15389183e+00  1.18039106e+00  1.18047819e+00  1.27973410e+00
  1.30775900e+00  1.33994153e+00  1.42674779e+00  1.43807134e+00
  1.45188299e+00  1.48219198e+00  1.49703027e+00  1.50656710e+00
  1.52502255e+00  1.53076713e+00  1.57306155e+00  1.57486186e+00
  1.57980540e+00  1.63398626e+00  1.68645109e+00  1.69399682e+00
  1.72191639e+00  1.72560888e+00  1.75741186e+00  1.76117381e+00
  1.76964960e+00  1.78538887e+00  1.82966069e+00  1.86927439e+00
  1.88042825e+00  1.90899192e+00  1.92116818e+00  1.96440567e+00
  2.02337992e+00  2.04860775e+00  2.07169392e+00  2.10609033e+00
  2.12489254e+00  2.13419683e+00  2.16169848e+00  2.16956900e+00
  2.24800139e+00  2.24826914e+00  2.25607397e+00  2.29334202e+00
  2.35611683e+00  2.37317357e+00  2.38160791e+00  2.42807201e+00
  2.44602312e+00  2.45336540e+00  2.48285715e+00  2.51286725e+00
  2.53262371e+00  2.54035883e+00  2.55611808e+00  2.57566128e+00
  2.58001898e+00  2.60537306e+00  2.61709583e+00  2.63193224e+00
  2.65277384e+00  2.70662620e+00  2.74079254e+00  2.75262077e+00
  2.76497271e+00  2.84602640e+00  2.90965091e+00  2.94634579e+00
  2.95795376e+00  2.96113860e+00  3.01761197e+00  3.16148211e+00
  3.16735855e+00  3.29782329e+00  3.38672479e+00  3.44302746e+00
  3.59812566e+00  3.62600045e+00  3.75273130e+00  3.75546960e+00
  3.78181064e+00  3.85517834e+00  3.97749048e+00  4.00263997e+00
  4.05073885e+00  4.38522603e+00  4.43990806e+00  5.23277843e+00
  9.58939553e+00  2.36191314e+01  2.38864144e+01  2.39119410e+01
  2.39810123e+01  2.40618083e+01  2.41341416e+01  2.54861442e+01
  2.54970071e+01  2.60756424e+01  3.56426324e+01  2.15539300e+02]
nelec by numeric integration = 68.00003714113913
    CPU time for vxc      7.40 sec, wall time      0.26 sec
E1 = -1778.6334155474083  Ecoul = 720.2644440225239  Exc = -70.52540715124115
cycle= 5 E= -748.233889176869  delta_E= -0.000252  |g|= 0.0128  |ddm|= 0.038
    CPU time for cycle= 5      9.39 sec, wall time      0.34 sec
  HOMO = -0.261496251191803  LUMO = -0.0417098288776711
  mo_energy =
[-1.01510192e+02 -1.43159985e+01 -1.02204837e+01 -1.02203509e+01
 -1.02062489e+01 -1.01993256e+01 -1.01974248e+01 -1.01973953e+01
 -9.42506044e+00 -7.18911559e+00 -7.18003676e+00 -7.18002608e+00
 -9.66386794e-01 -8.23573316e-01 -8.19113021e-01 -7.82245974e-01
 -6.61049139e-01 -6.53915502e-01 -6.40946974e-01 -5.47288978e-01
 -5.01274701e-01 -4.89976231e-01 -4.52143951e-01 -4.32429681e-01
 -4.25468674e-01 -4.22749010e-01 -4.14643973e-01 -3.90136343e-01
 -3.84121521e-01 -3.08351257e-01 -2.82449320e-01 -2.76161999e-01
 -2.75366411e-01 -2.61496251e-01 -4.17098289e-02 -3.59742101e-02
  2.95034231e-02  5.20824099e-02  6.27394338e-02  6.92002335e-02
  9.05975452e-02  9.21095605e-02  1.16790442e-01  1.26139889e-01
  1.26840901e-01  1.59142390e-01  2.19279607e-01  2.49963215e-01
  2.60322746e-01  2.68147756e-01  2.92513004e-01  3.01573910e-01
  3.02252012e-01  3.12205112e-01  3.16264434e-01  3.25990989e-01
  3.66762497e-01  3.67903568e-01  3.74610671e-01  3.85687849e-01
  4.01706775e-01  4.24279741e-01  4.27023787e-01  4.36143042e-01
  4.50910027e-01  4.76387901e-01  5.05310433e-01  5.35974386e-01
  5.41758156e-01  5.47099203e-01  5.67077937e-01  5.77815290e-01
  5.91671676e-01  6.03205583e-01  6.14965064e-01  6.31078483e-01
  6.35845274e-01  6.67341285e-01  7.15758689e-01  7.20504173e-01
  7.23700201e-01  7.44065947e-01  7.72213071e-01  7.86182676e-01
  8.26830215e-01  8.34948473e-01  8.61098432e-01  8.61463388e-01
  8.79271998e-01  9.08874272e-01  9.09205893e-01  9.39847752e-01
  9.48772597e-01  9.88615931e-01  1.00151641e+00  1.01340656e+00
  1.04760718e+00  1.05914536e+00  1.09594856e+00  1.14712135e+00
  1.15466525e+00  1.18122057e+00  1.18145371e+00  1.28047852e+00
  1.30866440e+00  1.34049575e+00  1.42681541e+00  1.43804542e+00
  1.45251063e+00  1.48214117e+00  1.49777162e+00  1.50728122e+00
  1.52454193e+00  1.53092417e+00  1.57321316e+00  1.57511123e+00
  1.57988428e+00  1.63485401e+00  1.68646884e+00  1.69433151e+00
  1.72257858e+00  1.72615647e+00  1.75768110e+00  1.76130201e+00
  1.76974465e+00  1.78566038e+00  1.83026844e+00  1.86928674e+00
  1.87987192e+00  1.90932955e+00  1.92082300e+00  1.96506176e+00
  2.02407085e+00  2.04826328e+00  2.07205628e+00  2.10677433e+00
  2.12586118e+00  2.13488907e+00  2.16228924e+00  2.16933136e+00
  2.24870028e+00  2.24892766e+00  2.25592969e+00  2.29359587e+00
  2.35633047e+00  2.37378655e+00  2.38285237e+00  2.42838046e+00
  2.44668992e+00  2.45367755e+00  2.48364053e+00  2.51389260e+00
  2.53359239e+00  2.54139353e+00  2.55657426e+00  2.57521776e+00
  2.58006044e+00  2.60544671e+00  2.61681968e+00  2.63226378e+00
  2.65256562e+00  2.70759658e+00  2.74109900e+00  2.75253426e+00
  2.76486319e+00  2.84735368e+00  2.91026458e+00  2.94728380e+00
  2.95747583e+00  2.96214027e+00  3.01826358e+00  3.16120728e+00
  3.16844787e+00  3.29809400e+00  3.38645983e+00  3.44193737e+00
  3.59875237e+00  3.62772654e+00  3.75375718e+00  3.75651210e+00
  3.78341807e+00  3.85716576e+00  3.97727913e+00  4.00171253e+00
  4.05125687e+00  4.38509944e+00  4.44166127e+00  5.23444161e+00
  9.59076487e+00  2.36187291e+01  2.38884377e+01  2.39131939e+01
  2.39822867e+01  2.40620179e+01  2.41325254e+01  2.54873629e+01
  2.54982258e+01  2.60769262e+01  3.56452109e+01  2.15541739e+02]
nelec by numeric integration = 68.00003716467864
    CPU time for vxc      7.01 sec, wall time      0.25 sec
E1 = -1778.580455489724  Ecoul = 720.2081733174487  Exc = -70.52213662451273
cycle= 6 E= -748.233929297531  delta_E= -4.01e-05  |g|= 0.00438  |ddm|= 0.0136
    CPU time for cycle= 6      8.64 sec, wall time      0.31 sec
  HOMO = -0.261807290030185  LUMO = -0.0418058935389847
  mo_energy =
[-1.01510828e+02 -1.43165391e+01 -1.02215840e+01 -1.02214270e+01
 -1.02055541e+01 -1.01994740e+01 -1.01973476e+01 -1.01973155e+01
 -9.42550415e+00 -7.18957492e+00 -7.18049980e+00 -7.18048909e+00
 -9.67000985e-01 -8.23693796e-01 -8.19246594e-01 -7.82582168e-01
 -6.61147857e-01 -6.54097836e-01 -6.41061359e-01 -5.47383313e-01
 -5.01486795e-01 -4.90002620e-01 -4.52372810e-01 -4.32635580e-01
 -4.25605937e-01 -4.22733149e-01 -4.14913398e-01 -3.90218879e-01
 -3.84280528e-01 -3.08396268e-01 -2.82718443e-01 -2.76362866e-01
 -2.75567143e-01 -2.61807290e-01 -4.18058935e-02 -3.61818522e-02
  2.94812055e-02  5.20708998e-02  6.27048937e-02  6.90923406e-02
  9.05861053e-02  9.21638108e-02  1.16673197e-01  1.26114357e-01
  1.26717592e-01  1.59057532e-01  2.19118781e-01  2.49989549e-01
  2.60352905e-01  2.68051305e-01  2.92406935e-01  3.01441420e-01
  3.02119816e-01  3.12067741e-01  3.16147447e-01  3.25845694e-01
  3.66640555e-01  3.67786509e-01  3.74562006e-01  3.85597432e-01
  4.01776822e-01  4.24138425e-01  4.27015959e-01  4.35979510e-01
  4.50819360e-01  4.76143437e-01  5.05168654e-01  5.35758792e-01
  5.41817682e-01  5.46986792e-01  5.66987571e-01  5.77700916e-01
  5.91693351e-01  6.03064511e-01  6.14848986e-01  6.30945318e-01
  6.35755012e-01  6.67222639e-01  7.15770280e-01  7.20548419e-01
  7.23457062e-01  7.44073706e-01  7.72039444e-01  7.86069515e-01
  8.26700711e-01  8.34730644e-01  8.60916953e-01  8.61245301e-01
  8.79104377e-01  9.08635495e-01  9.08986995e-01  9.39802257e-01
  9.48690892e-01  9.88591670e-01  1.00131271e+00  1.01332174e+00
  1.04738119e+00  1.05903639e+00  1.09592983e+00  1.14690765e+00
  1.15449647e+00  1.18104521e+00  1.18115501e+00  1.28032635e+00
  1.30835815e+00  1.34023961e+00  1.42668086e+00  1.43797173e+00
  1.45242016e+00  1.48207429e+00  1.49765354e+00  1.50716245e+00
  1.52464934e+00  1.53083181e+00  1.57313808e+00  1.57505235e+00
  1.57984808e+00  1.63466648e+00  1.68645223e+00  1.69420925e+00
  1.72244843e+00  1.72604351e+00  1.75755541e+00  1.76126077e+00
  1.76970931e+00  1.78559054e+00  1.83008976e+00  1.86925128e+00
  1.87997449e+00  1.90915032e+00  1.92086034e+00  1.96488739e+00
  2.02391007e+00  2.04827374e+00  2.07184850e+00  2.10658967e+00
  2.12553494e+00  2.13469690e+00  2.16215774e+00  2.16931310e+00
  2.24851829e+00  2.24876367e+00  2.25594442e+00  2.29345151e+00
  2.35625399e+00  2.37373289e+00  2.38247984e+00  2.42831130e+00
  2.44658904e+00  2.45359708e+00  2.48351645e+00  2.51373417e+00
  2.53344974e+00  2.54106528e+00  2.55651046e+00  2.57518363e+00
  2.58002332e+00  2.60546609e+00  2.61692842e+00  2.63223316e+00
  2.65259318e+00  2.70731147e+00  2.74093022e+00  2.75240220e+00
  2.76485967e+00  2.84685638e+00  2.90995879e+00  2.94701456e+00
  2.95742239e+00  2.96183884e+00  3.01813744e+00  3.16115944e+00
  3.16826422e+00  3.29783017e+00  3.38637033e+00  3.44210132e+00
  3.59849802e+00  3.62724509e+00  3.75364171e+00  3.75639257e+00
  3.78290644e+00  3.85667785e+00  3.97722039e+00  4.00190660e+00
  4.05099318e+00  4.38502153e+00  4.44123872e+00  5.23395067e+00
  9.59038593e+00  2.36186501e+01  2.38882814e+01  2.39125964e+01
  2.39817850e+01  2.40616500e+01  2.41327872e+01  2.54870084e+01
  2.54978713e+01  2.60765768e+01  3.56446677e+01  2.15541132e+02]
nelec by numeric integration = 68.00003715438409
    CPU time for vxc      7.01 sec, wall time      0.25 sec
E1 = -1778.6020874931576  Ecoul = 720.2308281301381  Exc = -70.52316434604622
cycle= 7 E= -748.233934209809  delta_E= -4.91e-06  |g|= 0.00058  |ddm|= 0.00351
    CPU time for cycle= 7      8.62 sec, wall time      0.31 sec
  HOMO = -0.261781732600366  LUMO = -0.0417910161052554
  mo_energy =
[-1.01511243e+02 -1.43164959e+01 -1.02214850e+01 -1.02213549e+01
 -1.02056816e+01 -1.01996714e+01 -1.01972366e+01 -1.01972091e+01
 -9.42573003e+00 -7.18982078e+00 -7.18074226e+00 -7.18073155e+00
 -9.66960283e-01 -8.23718272e-01 -8.19270304e-01 -7.82528225e-01
 -6.61194773e-01 -6.54069961e-01 -6.41035498e-01 -5.47367082e-01
 -5.01454431e-01 -4.89974426e-01 -4.52332746e-01 -4.32651029e-01
 -4.25640010e-01 -4.22747659e-01 -4.14902076e-01 -3.90198535e-01
 -3.84329492e-01 -3.08390510e-01 -2.82672320e-01 -2.76411284e-01
 -2.75613762e-01 -2.61781733e-01 -4.17910161e-02 -3.61444649e-02
  2.94778911e-02  5.20501573e-02  6.27181260e-02  6.90646960e-02
  9.05899630e-02  9.21629667e-02  1.16682065e-01  1.26121081e-01
  1.26729931e-01  1.59056728e-01  2.19134097e-01  2.49999979e-01
  2.60360975e-01  2.68068098e-01  2.92399028e-01  3.01431044e-01
  3.02116491e-01  3.12053292e-01  3.16149779e-01  3.25830018e-01
  3.66659207e-01  3.67803126e-01  3.74574914e-01  3.85617454e-01
  4.01775923e-01  4.24167681e-01  4.27021728e-01  4.35988755e-01
  4.50823171e-01  4.76150845e-01  5.05191642e-01  5.35788252e-01
  5.41821992e-01  5.46976139e-01  5.66994911e-01  5.77711707e-01
  5.91703898e-01  6.03040584e-01  6.14852255e-01  6.30960910e-01
  6.35770627e-01  6.67224887e-01  7.15780306e-01  7.20555958e-01
  7.23466512e-01  7.44077419e-01  7.72045485e-01  7.86071146e-01
  8.26702442e-01  8.34757360e-01  8.60875691e-01  8.61203544e-01
  8.79075042e-01  9.08581053e-01  9.08939502e-01  9.39816877e-01
  9.48691986e-01  9.88591483e-01  1.00130937e+00  1.01334499e+00
  1.04739947e+00  1.05906750e+00  1.09593742e+00  1.14688485e+00
  1.15447162e+00  1.18102260e+00  1.18118314e+00  1.28033793e+00
  1.30839020e+00  1.34026417e+00  1.42670865e+00  1.43799117e+00
  1.45240994e+00  1.48208467e+00  1.49762514e+00  1.50713800e+00
  1.52465343e+00  1.53084715e+00  1.57315535e+00  1.57506552e+00
  1.57986771e+00  1.63468479e+00  1.68646576e+00  1.69423136e+00
  1.72243138e+00  1.72602601e+00  1.75758274e+00  1.76126902e+00
  1.76971604e+00  1.78559817e+00  1.83008303e+00  1.86927174e+00
  1.87998117e+00  1.90918300e+00  1.92086713e+00  1.96490392e+00
  2.02391692e+00  2.04828772e+00  2.07188124e+00  2.10654546e+00
  2.12556400e+00  2.13465213e+00  2.16217372e+00  2.16931934e+00
  2.24846516e+00  2.24871926e+00  2.25594115e+00  2.29348347e+00
  2.35627692e+00  2.37370614e+00  2.38251127e+00  2.42828682e+00
  2.44658237e+00  2.45355627e+00  2.48350675e+00  2.51368144e+00
  2.53340457e+00  2.54109777e+00  2.55652140e+00  2.57521206e+00
  2.58004429e+00  2.60547433e+00  2.61693230e+00  2.63224592e+00
  2.65261011e+00  2.70733809e+00  2.74093213e+00  2.75245553e+00
  2.76487142e+00  2.84690963e+00  2.91000279e+00  2.94703962e+00
  2.95744765e+00  2.96186973e+00  3.01813582e+00  3.16118667e+00
  3.16818746e+00  3.29788344e+00  3.38639844e+00  3.44210349e+00
  3.59853064e+00  3.62728657e+00  3.75358797e+00  3.75633983e+00
  3.78295059e+00  3.85671226e+00  3.97725471e+00  4.00190226e+00
  4.05103827e+00  4.38504512e+00  4.44127855e+00  5.23399230e+00
  9.59020935e+00  2.36186805e+01  2.38880997e+01  2.39126815e+01
  2.39818112e+01  2.40617435e+01  2.41327936e+01  2.54868565e+01
  2.54977193e+01  2.60764142e+01  3.56447092e+01  2.15540743e+02]
nelec by numeric integration = 68.00003716045067
    CPU time for vxc      7.04 sec, wall time      0.25 sec
E1 = -1778.603244599982  Ecoul = 720.2321260858195  Exc = -70.52330525099433
cycle= 8 E= -748.2339342659  delta_E= -5.61e-08  |g|= 0.000219  |ddm|= 0.000532
    CPU time for cycle= 8      8.69 sec, wall time      0.31 sec
  HOMO = -0.261786567778518  LUMO = -0.0417894049429223
  mo_energy =
[-1.01511239e+02 -1.43165044e+01 -1.02214910e+01 -1.02213428e+01
 -1.02056295e+01 -1.01996346e+01 -1.01972846e+01 -1.01972550e+01
 -9.42570425e+00 -7.18979769e+00 -7.18071793e+00 -7.18070722e+00
 -9.66961846e-01 -8.23703161e-01 -8.19255562e-01 -7.82536716e-01
 -6.61179254e-01 -6.54075536e-01 -6.41037134e-01 -5.47366224e-01
 -5.01458505e-01 -4.89985148e-01 -4.52341147e-01 -4.32640776e-01
 -4.25625082e-01 -4.22737808e-01 -4.14898826e-01 -3.90203005e-01
 -3.84312252e-01 -3.08387640e-01 -2.82681047e-01 -2.76389590e-01
 -2.75592733e-01 -2.61786568e-01 -4.17894049e-02 -3.61526826e-02
  2.94808374e-02  5.20581282e-02  6.27145409e-02  6.90761059e-02
  9.05896125e-02  9.21638687e-02  1.16683546e-01  1.26120413e-01
  1.26730143e-01  1.59061019e-01  2.19133209e-01  2.49998900e-01
  2.60359045e-01  2.68065254e-01  2.92402889e-01  3.01440010e-01
  3.02119225e-01  3.12062135e-01  3.16152867e-01  3.25841160e-01
  3.66655896e-01  3.67800724e-01  3.74573624e-01  3.85614147e-01
  4.01778177e-01  4.24161130e-01  4.27020685e-01  4.35992475e-01
  4.50827252e-01  4.76154491e-01  5.05187107e-01  5.35784967e-01
  5.41820768e-01  5.46983156e-01  5.66998024e-01  5.77711312e-01
  5.91699182e-01  6.03051445e-01  6.14855640e-01  6.30958321e-01
  6.35766687e-01  6.67230639e-01  7.15778344e-01  7.20553892e-01
  7.23468064e-01  7.44078119e-01  7.72048437e-01  7.86075023e-01
  8.26705706e-01  8.34753220e-01  8.60893504e-01  8.61222327e-01
  8.79088902e-01  9.08609031e-01  9.08964333e-01  9.39814428e-01
  9.48693390e-01  9.88593555e-01  1.00131424e+00  1.01334130e+00
  1.04739824e+00  1.05905788e+00  1.09594138e+00  1.14689626e+00
  1.15448433e+00  1.18103464e+00  1.18118042e+00  1.28033668e+00
  1.30838554e+00  1.34026152e+00  1.42670274e+00  1.43798901e+00
  1.45241641e+00  1.48208666e+00  1.49763837e+00  1.50715002e+00
  1.52465065e+00  1.53084702e+00  1.57315259e+00  1.57506410e+00
  1.57986105e+00  1.63468399e+00  1.68646319e+00  1.69422902e+00
  1.72244095e+00  1.72603407e+00  1.75757588e+00  1.76126643e+00
  1.76971832e+00  1.78559781e+00  1.83008935e+00  1.86926762e+00
  1.87997843e+00  1.90917714e+00  1.92086829e+00  1.96490369e+00
  2.02391797e+00  2.04828453e+00  2.07187498e+00  2.10656244e+00
  2.12556397e+00  2.13466899e+00  2.16217179e+00  2.16931893e+00
  2.24848342e+00  2.24873547e+00  2.25594557e+00  2.29347582e+00
  2.35627204e+00  2.37371530e+00  2.38250966e+00  2.42829546e+00
  2.44658840e+00  2.45356702e+00  2.48351289e+00  2.51369930e+00
  2.53342040e+00  2.54109444e+00  2.55652323e+00  2.57520553e+00
  2.58003630e+00  2.60547365e+00  2.61692949e+00  2.63224307e+00
  2.65260304e+00  2.70733668e+00  2.74094449e+00  2.75243713e+00
  2.76487040e+00  2.84690442e+00  2.90999569e+00  2.94703838e+00
  2.95744316e+00  2.96186937e+00  3.01814090e+00  3.16118151e+00
  3.16821071e+00  3.29787330e+00  3.38639517e+00  3.44210482e+00
  3.59852771e+00  3.62728573e+00  3.75360510e+00  3.75635676e+00
  3.78294942e+00  3.85670728e+00  3.97724361e+00  4.00190475e+00
  4.05103044e+00  4.38504195e+00  4.44127409e+00  5.23398776e+00
  9.59023556e+00  2.36186766e+01  2.38881340e+01  2.39126662e+01
  2.39818236e+01  2.40617176e+01  2.41327908e+01  2.54868839e+01
  2.54977468e+01  2.60764393e+01  3.56447008e+01  2.15540750e+02]
nelec by numeric integration = 68.00003715959937
    CPU time for vxc      7.20 sec, wall time      0.26 sec
E1 = -1778.602658624155  Ecoul = 720.2315085136725  Exc = -70.52327366564785
cycle= 9 E= -748.233934276874  delta_E= -1.1e-08  |g|= 4.68e-05  |ddm|= 0.000165
    CPU time for cycle= 9      8.85 sec, wall time      0.32 sec
  HOMO = -0.261791331107472  LUMO = -0.0417946001781872
  mo_energy =
[-1.01511215e+02 -1.43165138e+01 -1.02214934e+01 -1.02213570e+01
 -1.02056491e+01 -1.01996277e+01 -1.01972856e+01 -1.01972584e+01
 -9.42568605e+00 -7.18977905e+00 -7.18069905e+00 -7.18068835e+00
 -9.66966956e-01 -8.23702840e-01 -8.19255406e-01 -7.82540585e-01
 -6.61175912e-01 -6.54079965e-01 -6.41041110e-01 -5.47370252e-01
 -5.01463792e-01 -4.89987386e-01 -4.52343662e-01 -4.32640981e-01
 -4.25623809e-01 -4.22741709e-01 -4.14901294e-01 -3.90206896e-01
 -3.84308193e-01 -3.08392631e-01 -2.82684221e-01 -2.76381933e-01
 -2.75585414e-01 -2.61791331e-01 -4.17946002e-02 -3.61561768e-02
  2.94803012e-02  5.20587423e-02  6.27134941e-02  6.90781892e-02
  9.05887135e-02  9.21622727e-02  1.16681563e-01  1.26119969e-01
  1.26728088e-01  1.59059950e-01  2.19130529e-01  2.49995920e-01
  2.60356178e-01  2.68062697e-01  2.92403728e-01  3.01440366e-01
  3.02120146e-01  3.12064156e-01  3.16153257e-01  3.25844875e-01
  3.66654449e-01  3.67798714e-01  3.74570544e-01  3.85611410e-01
  4.01774726e-01  4.24158839e-01  4.27018893e-01  4.35989891e-01
  4.50823691e-01  4.76152254e-01  5.05184722e-01  5.35782148e-01
  5.41817781e-01  5.46982885e-01  5.66993915e-01  5.77709959e-01
  5.91697167e-01  6.03052298e-01  6.14853261e-01  6.30956560e-01
  6.35764631e-01  6.67228493e-01  7.15775934e-01  7.20551238e-01
  7.23465746e-01  7.44075290e-01  7.72046567e-01  7.86073585e-01
  8.26704154e-01  8.34750427e-01  8.60898000e-01  8.61227542e-01
  8.79092927e-01  9.08618904e-01  9.08972902e-01  9.39811126e-01
  9.48692230e-01  9.88591459e-01  1.00131420e+00  1.01333651e+00
  1.04739518e+00  1.05905537e+00  1.09593698e+00  1.14689880e+00
  1.15448581e+00  1.18103586e+00  1.18117759e+00  1.28033377e+00
  1.30838226e+00  1.34025778e+00  1.42669980e+00  1.43798533e+00
  1.45241570e+00  1.48208241e+00  1.49763907e+00  1.50715030e+00
  1.52464775e+00  1.53084287e+00  1.57314893e+00  1.57506066e+00
  1.57985925e+00  1.63468172e+00  1.68646069e+00  1.69422639e+00
  1.72244094e+00  1.72603411e+00  1.75757401e+00  1.76126480e+00
  1.76971461e+00  1.78559582e+00  1.83008823e+00  1.86926500e+00
  1.87997479e+00  1.90917315e+00  1.92086379e+00  1.96490113e+00
  2.02391671e+00  2.04827948e+00  2.07187212e+00  2.10656646e+00
  2.12556038e+00  2.13467340e+00  2.16216957e+00  2.16931503e+00
  2.24848897e+00  2.24873959e+00  2.25594183e+00  2.29347383e+00
  2.35626904e+00  2.37371500e+00  2.38250499e+00  2.42829595e+00
  2.44658755e+00  2.45356919e+00  2.48351268e+00  2.51370076e+00
  2.53342159e+00  2.54108994e+00  2.55651947e+00  2.57520039e+00
  2.58003410e+00  2.60547098e+00  2.61692737e+00  2.63224160e+00
  2.65260058e+00  2.70733233e+00  2.74093671e+00  2.75243377e+00
  2.76486632e+00  2.84689978e+00  2.90999214e+00  2.94703430e+00
  2.95743785e+00  2.96186326e+00  3.01813880e+00  3.16117647e+00
  3.16821450e+00  3.29786932e+00  3.38638975e+00  3.44209889e+00
  3.59852306e+00  3.62728071e+00  3.75360665e+00  3.75635809e+00
  3.78294475e+00  3.85670066e+00  3.97724037e+00  4.00189940e+00
  4.05102645e+00  4.38503603e+00  4.44126810e+00  5.23398170e+00
  9.59025129e+00  2.36186679e+01  2.38881402e+01  2.39126605e+01
  2.39818130e+01  2.40617128e+01  2.41327813e+01  2.54868987e+01
  2.54977616e+01  2.60764538e+01  3.56446915e+01  2.15540772e+02]
nelec by numeric integration = 68.00003715937751
    CPU time for vxc      7.09 sec, wall time      0.25 sec
E1 = -1778.6026334928297  Ecoul = 720.2314796584327  Exc = -70.52326994216385
cycle= 10 E= -748.233934277304  delta_E= -4.3e-10  |g|= 2.27e-05  |ddm|= 6.2e-05
    CPU time for cycle= 10      8.74 sec, wall time      0.31 sec
  HOMO = -0.261789929630765  LUMO = -0.0417917534898027
  mo_energy =
[-1.01511227e+02 -1.43165129e+01 -1.02214940e+01 -1.02213406e+01
 -1.02056395e+01 -1.01996308e+01 -1.01972877e+01 -1.01972557e+01
 -9.42569877e+00 -7.18979173e+00 -7.18071171e+00 -7.18070101e+00
 -9.66963674e-01 -8.23704575e-01 -8.19257075e-01 -7.82537711e-01
 -6.61177800e-01 -6.54077273e-01 -6.41038588e-01 -5.47367591e-01
 -5.01460648e-01 -4.89985851e-01 -4.52341590e-01 -4.32640922e-01
 -4.25624679e-01 -4.22739994e-01 -4.14899713e-01 -3.90204489e-01
 -3.84311577e-01 -3.08390072e-01 -2.82681792e-01 -2.76387982e-01
 -2.75591246e-01 -2.61789930e-01 -4.17917535e-02 -3.61537581e-02
  2.94805786e-02  5.20578544e-02  6.27143610e-02  6.90766562e-02
  9.05892934e-02  9.21632906e-02  1.16682792e-01  1.26119863e-01
  1.26729099e-01  1.59061195e-01  2.19131900e-01  2.49997444e-01
  2.60357834e-01  2.68064212e-01  2.92403429e-01  3.01439976e-01
  3.02119613e-01  3.12062520e-01  3.16152732e-01  3.25841945e-01
  3.66655017e-01  3.67800117e-01  3.74572437e-01  3.85613337e-01
  4.01776640e-01  4.24160534e-01  4.27019504e-01  4.35991450e-01
  4.50826032e-01  4.76153837e-01  5.05186492e-01  5.35784255e-01
  5.41819288e-01  5.46983065e-01  5.66996802e-01  5.77710456e-01
  5.91698210e-01  6.03051632e-01  6.14854521e-01  6.30957664e-01
  6.35765949e-01  6.67229872e-01  7.15777060e-01  7.20552689e-01
  7.23466701e-01  7.44076686e-01  7.72047427e-01  7.86074525e-01
  8.26705310e-01  8.34752033e-01  8.60894394e-01  8.61222925e-01
  8.79089196e-01  9.08610735e-01  9.08965731e-01  9.39813115e-01
  9.48692437e-01  9.88592328e-01  1.00131389e+00  1.01333936e+00
  1.04739731e+00  1.05905710e+00  1.09593987e+00  1.14689637e+00
  1.15448459e+00  1.18103469e+00  1.18117965e+00  1.28033483e+00
  1.30838448e+00  1.34026010e+00  1.42670181e+00  1.43798755e+00
  1.45241630e+00  1.48208502e+00  1.49763869e+00  1.50715022e+00
  1.52464913e+00  1.53084540e+00  1.57315127e+00  1.57506357e+00
  1.57985974e+00  1.63468339e+00  1.68646234e+00  1.69422803e+00
  1.72244053e+00  1.72603362e+00  1.75757556e+00  1.76126551e+00
  1.76971680e+00  1.78559678e+00  1.83008896e+00  1.86926658e+00
  1.87997646e+00  1.90917591e+00  1.92086627e+00  1.96490295e+00
  2.02391762e+00  2.04828197e+00  2.07187431e+00  2.10656308e+00
  2.12556320e+00  2.13466979e+00  2.16217100e+00  2.16931674e+00
  2.24848467e+00  2.24873638e+00  2.25594363e+00  2.29347551e+00
  2.35627070e+00  2.37371534e+00  2.38250778e+00  2.42829492e+00
  2.44658800e+00  2.45356707e+00  2.48351288e+00  2.51370012e+00
  2.53342106e+00  2.54109283e+00  2.55652255e+00  2.57520315e+00
  2.58003543e+00  2.60547293e+00  2.61692858e+00  2.63224217e+00
  2.65260183e+00  2.70733508e+00  2.74094205e+00  2.75243519e+00
  2.76486839e+00  2.84690344e+00  2.90999492e+00  2.94703629e+00
  2.95744065e+00  2.96186736e+00  3.01814026e+00  3.16117897e+00
  3.16821151e+00  3.29787206e+00  3.38639304e+00  3.44210183e+00
  3.59852559e+00  3.62728476e+00  3.75360585e+00  3.75635754e+00
  3.78294848e+00  3.85670236e+00  3.97724218e+00  4.00190197e+00
  4.05102936e+00  4.38503922e+00  4.44127012e+00  5.23398441e+00
  9.59023989e+00  2.36186728e+01  2.38881373e+01  2.39126652e+01
  2.39818204e+01  2.40617163e+01  2.41327857e+01  2.54868878e+01
  2.54977507e+01  2.60764429e+01  3.56446926e+01  2.15540760e+02]
nelec by numeric integration = 68.00003715971751
    CPU time for vxc      7.06 sec, wall time      0.25 sec
E1 = -1778.6027070856646  Ecoul = 720.2315595174522  Exc = -70.52327620813534
Extra cycle  E= -748.233934277091  delta_E= 2.13e-10  |g|= 3.62e-05  |ddm|= 4.85e-05
    CPU time for scf_cycle    124.58 sec, wall time      4.56 sec
    CPU time for SCF    124.63 sec, wall time      4.56 sec
converged SCF energy = -748.233934277091
Converting <class 'pyscf.dft.rks.RKS'> to RHF


******** <class 'pyscf.tdscf.rks.TDA'> for <class 'pyscf.dft.rks.RKS'> ********
nstates = 5 singlet
wfnsym = None
conv_tol = 1e-09
eigh lindep = 1e-12
eigh level_shift = 0
eigh max_space = 8
eigh max_cycle = 2000
chkfile = /scratch/global/yangjunjie/tmp2rdczpt3
max_memory 127949 MB (current use 2212 MB)


davidson 0 5  |r|= 0.0585  e= [0.17641005 0.17710636 0.21455128 0.21649708 0.22151673]  max|de|= 0.222  lindep=    1
davidson 1 10  |r|= 0.0112  e= [0.17362188 0.17600535 0.21437503 0.21441754 0.21950102]  max|de|= -0.00279  lindep= 0.908
Old state -> New state
    3     ->     2 
    2     ->     3 
davidson 2 15  |r|= 0.0312  e= [0.17347888 0.17597292 0.21418688 0.21437358 0.21805415]  max|de|= -0.00145  lindep= 0.745
Old state -> New state
    4     ->     2 
    2     ->     4 
davidson 3 20  |r|= 0.0374  e= [0.17347468 0.17597217 0.21228012 0.21437321 0.21444835]  max|de|= -0.00577  lindep= 0.736
davidson 4 5  |r|= 0.0374  e= [0.17347468 0.17597217 0.21228012 0.21437321 0.21444835]  max|de|= 2.78e-16  lindep= 0.983
Old state -> New state
    4     ->     3 
    3     ->     4 
davidson 5 10  |r|= 0.0181  e= [0.17347453 0.17597215 0.2101755  0.21432337 0.21437301]  max|de|= -0.0021  lindep= 0.646
root 1 converged  |r|= 3.48e-06  e= 0.17597215085910176  max|de|= -5.57e-10
davidson 6 15  |r|= 0.00913  e= [0.17347452 0.17597215 0.20946441 0.2143053  0.2143728 ]  max|de|= -0.000711  lindep= 0.779
root 0 converged  |r|= 4.08e-06  e= 0.1734745177022248  max|de|= -3.5e-10
davidson 7 19  |r|= 0.00555  e= [0.17347452 0.17597215 0.20930987 0.2143009  0.21437263]  max|de|= -0.000155  lindep= 0.774
davidson 8 5  |r|= 0.00555  e= [0.17347452 0.17597215 0.20930987 0.2143009  0.21437263]  max|de|= -3.33e-16  lindep= 0.996
davidson 9 8  |r|= 0.00378  e= [0.17347452 0.17597215 0.20924371 0.21429887 0.21437262]  max|de|= -6.62e-05  lindep= 0.801
root 4 converged  |r|= 8.48e-06  e= 0.2143726158542249  max|de|= -9.05e-10
davidson 10 11  |r|= 0.00489  e= [0.17347452 0.17597215 0.20917614 0.21429631 0.21437262]  max|de|= -6.76e-05  lindep= 0.807
davidson 11 13  |r|= 0.00278  e= [0.17347452 0.17597215 0.20912437 0.21429329 0.21437262]  max|de|= -5.18e-05  lindep= 0.781
davidson 12 15  |r|= 0.0016  e= [0.17347452 0.17597215 0.20911211 0.21429212 0.21437262]  max|de|= -1.23e-05  lindep= 0.843
davidson 13 17  |r|= 0.000441  e= [0.17347452 0.17597215 0.20910953 0.21429182 0.21437262]  max|de|= -2.57e-06  lindep= 0.789
davidson 14 5  |r|= 0.000441  e= [0.17347452 0.17597215 0.20910953 0.21429182 0.21437262]  max|de|= 8.33e-17  lindep= 0.999
davidson 15 7  |r|= 0.000172  e= [0.17347452 0.17597215 0.20910935 0.21429179 0.21437262]  max|de|= -1.78e-07  lindep= 0.796
davidson 16 9  |r|= 9.87e-05  e= [0.17347452 0.17597215 0.20910929 0.21429178 0.21437262]  max|de|= -6.23e-08  lindep= 0.965
davidson 17 11  |r|= 4.06e-05  e= [0.17347452 0.17597215 0.20910928 0.21429178 0.21437262]  max|de|= -1.06e-08  lindep= 0.921
root 3 converged  |r|= 1.25e-05  e= 0.2142917775749436  max|de|= -6.23e-10
davidson 18 13  |r|= 2.47e-05  e= [0.17347452 0.17597215 0.20910928 0.21429178 0.21437262]  max|de|= -2.5e-09  lindep= 0.821
root 2 converged  |r|= 8.04e-06  e= 0.2091092786088279  max|de|= -6.67e-10
converged 19 14  |r|= 8.48e-06  e= [0.17347452 0.17597215 0.20910928 0.21429178 0.21437262]  max|de|= -6.67e-10
    CPU time for TDA    415.65 sec, wall time     15.06 sec
Excited State energies (eV)
[4.72048207 4.78844613 5.6901533  5.83117628 5.833376  ]
