 
:: initializing oneAPI environment ...
   slurm_script: BASH_VERSION = 4.2.46(1)-release
   args: Using "$@" for setvars.sh arguments: --force
:: advisor -- latest
:: ccl -- latest
:: clck -- latest
:: compiler -- latest
:: dal -- latest
:: debugger -- latest
:: dev-utilities -- latest
:: dnnl -- latest
:: dpcpp-ct -- latest
:: dpl -- latest
:: inspector -- latest
:: intelpython -- latest
:: ipp -- latest
:: ippcp -- latest
:: ipp -- latest
:: itac -- latest
:: mkl -- latest
:: mpi -- latest
:: tbb -- latest
:: vpl -- latest
:: vtune -- latest
:: oneAPI environment initialized ::
 
SLURM_CPUS_PER_TASK = 28
SLURM_MEM_PER_NODE = 256000
#INFO: **** input file is /home/yangjunjie/work/py-ch3-cl/work/step_-8/main.py ****
import sys
import pyscf
from pyscf import tdscf

def main(xyz_file, basis="631g*", xc="b3lyp", output="ene.out"):
    xyz = None

    with open(xyz_file, "r") as xyz:
        xyz = xyz.readlines()[2:]
        xyz = "".join(xyz)

    mol = pyscf.gto.Mole()
    mol.atom = xyz
    mol.basis = basis
    mol.verbose = 5
    mol.build()

    if xc is not None and xc != "hf":
        mf = pyscf.scf.RKS(mol)
        mf.xc = xc
        mf.kernel()
    else:
        mf = pyscf.scf.RHF(mol)
        mf.kernel()

    ene_mf = mf.e_tot

    with open(output, "w") as f:
        tda = pyscf.tdscf.TDA(mf)
        tda.nstates = 5
        tda.max_space = 8
        tda.max_cycle = 2000
        tda.kernel()

        con_tda = tda.converged
        ene_tda = tda.e[:5]
        dip_tda = tda.transition_dipole()[:5]

        f.write(f"RKS energy: {ene_mf: 12.8f}\n")
        f.write("TDA results:\n")
        for i, (con, ene, dip) in enumerate(zip(con_tda, ene_tda, dip_tda)):
            f.write(f" {i:2d} {con} {ene: 12.8f} {dip[0]: 12.8f} {dip[1]: 12.8f} {dip[2]: 12.8f}\n")

        # rpa = pyscf.tdscf.RPA(mf)
        # rpa.nstates = 5
        # rpa.max_space = 8
        # rpa.max_cycle = 2000
        # rpa.kernel()

        # con_rpa = rpa.converged
        # ene_rpa = rpa.e[:5]
        # dip_rpa = rpa.transition_dipole()[:5]
        
        # f.write("\nRPA results:\n")
        # for i, (con, ene, dip) in enumerate(zip(con_rpa, ene_rpa, dip_rpa)):
        #     f.write(f" {i:2d} {con} {ene: 12.8f} {dip[0]: 12.8f} {dip[1]: 12.8f} {dip[2]: 12.8f}\n")

if __name__ == "__main__":
    xyz = sys.argv[1]
    main(xyz, basis="631g*", xc="b3lyp", output="out.log")
#INFO: ******************** input file end ********************


System: uname_result(system='Linux', node='pauling005', release='3.10.0-327.36.3.el7.x86_64', version='#1 SMP Thu Oct 20 04:56:07 EDT 2016', machine='x86_64')  Threads 28
Python 3.9.7 (default, Oct 27 2021, 01:23:21) 
[GCC 9.3.0]
numpy 1.21.2  scipy 1.6.2
Date: Tue Sep 27 23:37:28 2022
PySCF version 2.0.1
PySCF path  /home/yangjunjie/packages/pyscf/pyscf-main
GIT ORIG_HEAD 14b880cdc4bf7bb64f3989a147c0b04622efc498
GIT HEAD (branch master) 9d5b5bd309d1cc55fbd1a0ec76e26b5b0c7f76af

[ENV] PYSCF_MAX_MEMORY 256000
[ENV] PYSCF_TMPDIR /scratch/global/yangjunjie/
[CONFIG] conf_file /home/yangjunjie/.pyscf_conf.py
[INPUT] verbose = 5
[INPUT] max_memory = 256000 
[INPUT] num. atoms = 16
[INPUT] num. electrons = 68
[INPUT] charge = 0
[INPUT] spin (= nelec alpha-beta = 2S) = 0
[INPUT] symmetry False subgroup None
[INPUT] Mole.unit = angstrom
[INPUT]  1 C      0.000000010000   1.157637280000   1.078484480000 AA    0.000000018897   2.187617410786   2.038040296794 Bohr
[INPUT]  2 C      0.000000000000   1.201687170000   2.476589730000 AA    0.000000000000   2.270859638704   4.680076312611 Bohr
[INPUT]  3 C     -0.000000010000  -0.013270920000   3.151386640000 AA   -0.000000018897  -0.025078404221   5.955257662213 Bohr
[INPUT]  4 C     -0.000000010000  -1.213420170000   2.453283070000 AA   -0.000000018897  -2.293031795323   4.636033108332 Bohr
[INPUT]  5 C      0.000000000000  -1.143806040000   1.055818720000 AA    0.000000000000  -2.161480155223   1.995208217989 Bohr
[INPUT]  6 N      0.000000010000   0.014942490000   0.419546280000 AA    0.000000018897   0.028237213719   0.792827565780 Bohr
[INPUT]  7 C      0.000000000000   0.002250640000  -2.031057980000 AA    0.000000000000   0.004253093205  -3.838143325312 Bohr
[INPUT]  8 H      0.000000020000   2.062597250000   0.476565370000 AA    0.000000037795   3.897743907781   0.900578029752 Bohr
[INPUT]  9 H      0.000000000000   2.152221380000   2.983085990000 AA    0.000000000000   4.067108967633   5.637215527127 Bohr
[INPUT] 10 H     -0.000000010000  -0.023160480000   4.237149710000 AA   -0.000000018897  -0.043766964113   8.007052500680 Bohr
[INPUT] 11 H     -0.000000020000  -2.174144850000   2.941387880000 AA   -0.000000037795  -4.108538321634   5.558417519315 Bohr
[INPUT] 12 H      0.000000000000  -2.034759630000   0.435189430000 AA    0.000000000000  -3.845138430021   0.822388835006 Bohr
[INPUT] 13 H     -0.000000030000   1.027276940000  -1.691637750000 AA   -0.000000056692   1.941272070681  -3.196732049475 Bohr
[INPUT] 14 H     -0.887148910000  -0.503982330000  -1.680151970000 AA   -1.676468471606  -0.952388575320  -3.175027070948 Bohr
[INPUT] 15 H      0.887148940000  -0.503982290000  -1.680151970000 AA    1.676468528298  -0.952388499731  -3.175027070948 Bohr
[INPUT] 16 Cl    -0.000000010000   0.000176170000  -3.851742130000 AA   -0.000000018897   0.000332913051  -7.278737728149 Bohr
[INPUT] ---------------- BASIS SET ---------------- 
[INPUT] l, kappa, [nprim/nctr], expnt,             c_1 c_2 ...
[INPUT] C
[INPUT] 0    0    [6    /1   ]  3047.5249         0.0018347
                                457.36951         0.0140373
                                103.94869         0.0688426
                                29.210155         0.2321844
                                9.286663          0.4679413
                                3.163927          0.362312
[INPUT] 0    0    [3    /1   ]  7.8682724         -0.1193324
                                1.8812885         -0.1608542
                                0.5442493         1.1434564
[INPUT] 0    0    [1    /1   ]  0.1687144            1
[INPUT] 1    0    [3    /1   ]  7.8682724         0.0689991
                                1.8812885         0.316424
                                0.5442493         0.7443083
[INPUT] 1    0    [1    /1   ]  0.1687144            1
[INPUT] 2    0    [1    /1   ]  0.8                  1
[INPUT] Cl
[INPUT] 0    0    [6    /1   ]  25180.1           0.001833
                                3780.35           0.014034
                                860.474           0.069097
                                242.145           0.237452
                                77.3349           0.483034
                                26.247            0.339856
[INPUT] 0    0    [6    /1   ]  491.765           -0.0022974
                                116.984           -0.030714
                                37.4153           -0.112528
                                13.7834           0.045016
                                5.45215           0.589353
                                2.22588           0.465206
[INPUT] 0    0    [3    /1   ]  3.18649           -0.25183
                                1.14427           0.061589
                                0.420377          1.06018
[INPUT] 0    0    [1    /1   ]  0.142657             1
[INPUT] 1    0    [6    /1   ]  491.765           0.0039894
                                116.984           0.030318
                                37.4153           0.12988
                                13.7834           0.327951
                                5.45215           0.453527
                                2.22588           0.252154
[INPUT] 1    0    [3    /1   ]  3.18649           -0.014299
                                1.14427           0.323572
                                0.420377          0.743507
[INPUT] 1    0    [1    /1   ]  0.142657             1
[INPUT] 2    0    [1    /1   ]  0.75                 1
[INPUT] N
[INPUT] 0    0    [6    /1   ]  4173.511          0.0018348
                                627.4579          0.013995
                                142.9021          0.068587
                                40.23433          0.232241
                                12.82021          0.46907
                                4.390437          0.360455
[INPUT] 0    0    [3    /1   ]  11.626358         -0.114961
                                2.71628           -0.169118
                                0.772218          1.145852
[INPUT] 0    0    [1    /1   ]  0.2120313            1
[INPUT] 1    0    [3    /1   ]  11.626358         0.06758
                                2.71628           0.323907
                                0.772218          0.740895
[INPUT] 1    0    [1    /1   ]  0.2120313            1
[INPUT] 2    0    [1    /1   ]  0.8                  1
[INPUT] H
[INPUT] 0    0    [3    /1   ]  18.731137         0.0334946
                                2.8253937         0.23472695
                                0.6401217         0.81375733
[INPUT] 0    0    [1    /1   ]  0.1612778            1

nuclear repulsion = 380.660489499257
number of shells = 66
number of NR pGTOs = 272
number of NR cGTOs = 132
basis = 631g*
ecp = {}
CPU time:         0.36


******** <class 'pyscf.dft.rks.RKS'> ********
method = RKS
initial guess = minao
damping factor = 0
level_shift factor = 0
DIIS = <class 'pyscf.scf.diis.CDIIS'>
diis_start_cycle = 1
diis_space = 8
SCF conv_tol = 1e-09
SCF conv_tol_grad = None
SCF max_cycles = 50
direct_scf = True
direct_scf_tol = 1e-13
chkfile to save SCF result = /scratch/global/yangjunjie/tmpmzohog3v
max_memory 256000 MB (current use 81 MB)
XC library pyscf.dft.libxc version 5.2.0
    S. Lehtola, C. Steigemann, M. J. Oliveira, and M. A. Marques, SoftwareX 7, 1 (2018)
XC functionals = b3lyp
    P. A. M. Dirac, Math. Proc. Cambridge Philos. Soc. 26, 376 (1930)
    F. Bloch, Z. Phys. 57, 545 (1929)
    A. D. Becke, Phys. Rev. A 38, 3098 (1988)
    C. Lee, W. Yang, and R. G. Parr, Phys. Rev. B 37, 785 (1988)
    B. Miehlich, A. Savin, H. Stoll, and H. Preuss, Chem. Phys. Lett. 157, 200 (1989)
    S. H. Vosko, L. Wilk, and M. Nusair, Can. J. Phys. 58, 1200 (1980)
radial grids: 
    Treutler-Ahlrichs [JCP 102, 346 (1995); DOI:10.1063/1.469408] (M4) radial grids
    
becke partition: Becke, JCP 88, 2547 (1988); DOI:10.1063/1.454033
pruning grids: <function nwchem_prune at 0x7fb0d6249ee0>
grids dens level: 3
symmetrized grids: False
atomic radii adjust function: <function treutler_atomic_radii_adjust at 0x7fb0d6249e50>
small_rho_cutoff = 1e-07
Set gradient conv threshold to 3.16228e-05
atom C rad-grids = 75, ang-grids = [ 50  50  50  50  50  50  50  50  50  50  50  50  50  50  50  50  50  50
  50  50  50  50  50  86  86  86  86  86  86  86  86  86  86 266 266 266
 266 266 266 266 302 302 302 302 302 302 302 302 302 302 302 302 302 302
 302 302 302 302 302 302 266 266 266 266 266 266 266 266 266 266 266 266
 266 266 266]
atom N rad-grids = 75, ang-grids = [ 50  50  50  50  50  50  50  50  50  50  50  50  50  50  50  50  50  50
  50  50  50  50  50  86  86  86  86  86  86  86  86  86 266 266 266 266
 266 266 266 302 302 302 302 302 302 302 302 302 302 302 302 302 302 302
 302 302 302 302 266 266 266 266 266 266 266 266 266 266 266 266 266 266
 266 266 266]
atom H rad-grids = 50, ang-grids = [ 50  50  50  50  50  50  50  50  50  50  50  50  50  50  86  86  86  86
 266 266 266 266 302 302 302 302 302 302 302 302 302 302 302 302 302 266
 266 266 266 266 266 266 266 266 266 266 266 266 266 266]
atom Cl rad-grids = 80, ang-grids = [ 50  50  50  50  50  50  50  50  50  50  50  50  50  50  50  50  50  50
  50  50  50  50  50  50  86  86  86  86  86  86  86  86  86  86  86  86
  86 350 350 350 350 350 350 350 350 350 434 434 434 434 434 434 434 434
 434 434 434 434 434 434 434 434 434 434 350 350 350 350 350 350 350 350
 350 350 350 350 350 350 350 350]
tot grids = 196530
Drop grids 33453
    CPU time for setting up grids      3.20 sec, wall time      0.12 sec
nelec by numeric integration = 67.97646707460675
    CPU time for vxc      5.86 sec, wall time      0.21 sec
E1 = -1774.4758355178028  Ecoul = 715.1384273939904  Exc = -70.39937284599839
init E= -749.076291470554
cond(S) = 6411.144850230418
    CPU time for initialize scf     15.97 sec, wall time      0.64 sec
  HOMO = -0.293665053382422  LUMO = -0.096070685899374
  mo_energy =
[-1.01597252e+02 -1.44110742e+01 -1.02918708e+01 -1.02907428e+01
 -1.02903410e+01 -1.02901470e+01 -1.02859747e+01 -1.02853389e+01
 -9.53820406e+00 -7.29410412e+00 -7.29289251e+00 -7.29289176e+00
 -1.10615129e+00 -9.41247833e-01 -9.29965006e-01 -8.87009617e-01
 -7.61693663e-01 -7.16462065e-01 -7.02055294e-01 -5.78252553e-01
 -5.32136835e-01 -5.13537256e-01 -4.76702132e-01 -4.76087021e-01
 -4.64388843e-01 -4.63417161e-01 -4.38125038e-01 -4.25987673e-01
 -4.02106174e-01 -3.45017564e-01 -3.43241388e-01 -3.26611269e-01
 -2.93711612e-01 -2.93665053e-01 -9.60706859e-02 -8.17655423e-02
 -3.09289644e-02  5.26534788e-02  6.90687267e-02  7.73614785e-02
  9.04307290e-02  1.13968373e-01  1.22655151e-01  1.23179246e-01
  1.44273015e-01  1.68343510e-01  2.06009481e-01  2.40648346e-01
  2.57413002e-01  2.60246376e-01  3.59777061e-01  3.84770569e-01
  4.02850253e-01  4.14533889e-01  4.14629988e-01  4.25168614e-01
  4.63094691e-01  4.76952737e-01  4.86385889e-01  5.11436510e-01
  5.27332796e-01  5.39008208e-01  5.42352119e-01  5.52303455e-01
  5.56427824e-01  5.57521318e-01  5.81775406e-01  6.08218558e-01
  6.34124420e-01  6.40717952e-01  7.06516807e-01  7.62782042e-01
  7.70484301e-01  7.88094709e-01  7.89469269e-01  7.99849295e-01
  8.03683462e-01  8.04176383e-01  8.25758890e-01  8.38775251e-01
  8.51486121e-01  8.73413002e-01  8.80150154e-01  8.99187376e-01
  9.13628193e-01  9.28979719e-01  9.77743647e-01  1.01514293e+00
  1.03745303e+00  1.08476238e+00  1.12216048e+00  1.16082470e+00
  1.17317707e+00  1.17914903e+00  1.30775630e+00  1.35127646e+00
  1.39516386e+00  1.41473037e+00  1.41515115e+00  1.44742174e+00
  1.45678178e+00  1.50985398e+00  1.62508045e+00  1.62560082e+00
  1.64811261e+00  1.70820999e+00  1.75619820e+00  1.78190539e+00
  1.86457006e+00  1.89123447e+00  1.99295269e+00  2.05189313e+00
  2.06694690e+00  2.09744564e+00  2.10403579e+00  2.12793011e+00
  2.15764693e+00  2.17570521e+00  2.19296609e+00  2.21766914e+00
  2.26252899e+00  2.29975828e+00  2.47891036e+00  2.48376934e+00
  2.58960022e+00  2.61109365e+00  2.62787014e+00  2.64091215e+00
  2.70349278e+00  2.70992274e+00  2.96252674e+00  3.32744236e+00]
nelec by numeric integration = 68.00004194319636
    CPU time for vxc      5.88 sec, wall time      0.21 sec
E1 = -1782.68660546963  Ecoul = 724.8000432320904  Exc = -70.85036605131717
cycle= 1 E= -748.0764387896  delta_E=    1  |g|= 0.385  |ddm|= 3.96
    CPU time for cycle= 1      6.40 sec, wall time      0.23 sec
  HOMO = -0.190168584008058  LUMO = 0.00957812719528581
  mo_energy =
[-1.01345432e+02 -1.41889430e+01 -1.01925640e+01 -1.01908864e+01
 -1.01388909e+01 -1.01288178e+01 -1.00986081e+01 -1.00984565e+01
 -9.30239187e+00 -7.06304869e+00 -7.05333981e+00 -7.05333022e+00
 -9.02306567e-01 -7.69022559e-01 -7.59298268e-01 -7.36657220e-01
 -6.16146929e-01 -6.06142968e-01 -6.00163830e-01 -5.13106375e-01
 -4.61246867e-01 -4.42014308e-01 -4.16873705e-01 -3.99231460e-01
 -3.95001908e-01 -3.75799122e-01 -3.66474732e-01 -3.46804102e-01
 -3.32504578e-01 -2.51403081e-01 -2.39573609e-01 -2.20763775e-01
 -2.19908030e-01 -1.90168584e-01  9.57812720e-03  1.28052898e-02
  8.54757557e-02  1.15054279e-01  1.31929878e-01  1.40620513e-01
  1.61070483e-01  1.66182136e-01  1.76378817e-01  1.84272045e-01
  1.89351795e-01  2.19388036e-01  2.84133494e-01  3.11622850e-01
  3.38703942e-01  3.45016876e-01  4.62520223e-01  4.73679662e-01
  4.80143252e-01  5.18700478e-01  5.18985271e-01  5.23878636e-01
  5.31141983e-01  5.63414218e-01  5.72522256e-01  5.94467566e-01
  6.03174572e-01  6.06543091e-01  6.21115892e-01  6.22781094e-01
  6.31889738e-01  6.38123276e-01  6.73889831e-01  6.80976650e-01
  7.13711468e-01  7.27027157e-01  7.97789977e-01  8.29129572e-01
  8.51516727e-01  8.72900037e-01  8.80976073e-01  9.05897870e-01
  9.11980797e-01  9.22529912e-01  9.32568958e-01  9.55457264e-01
  9.58848409e-01  9.78800123e-01  9.86784949e-01  1.00686747e+00
  1.03128258e+00  1.03293052e+00  1.05763807e+00  1.09705722e+00
  1.11278198e+00  1.15154299e+00  1.18077705e+00  1.23840290e+00
  1.27905803e+00  1.28735977e+00  1.40808669e+00  1.42207627e+00
  1.46986808e+00  1.50806656e+00  1.51976212e+00  1.53848983e+00
  1.57017817e+00  1.60350758e+00  1.74290568e+00  1.74757387e+00
  1.74758911e+00  1.80208694e+00  1.87580866e+00  1.89392907e+00
  1.97054765e+00  1.98963026e+00  2.10752317e+00  2.16794257e+00
  2.16954936e+00  2.20979568e+00  2.21199183e+00  2.24705065e+00
  2.27008509e+00  2.28960374e+00  2.30580043e+00  2.32165998e+00
  2.38259841e+00  2.40683474e+00  2.58203030e+00  2.59363975e+00
  2.70529361e+00  2.73225603e+00  2.74240280e+00  2.76288738e+00
  2.83306829e+00  2.83803395e+00  3.09199970e+00  3.45596606e+00]
nelec by numeric integration = 68.0000429822859
    CPU time for vxc      6.15 sec, wall time      0.22 sec
E1 = -1775.0202394575756  Ecoul = 716.5377644624728  Exc = -70.2559301573808
cycle= 2 E= -748.077915653227  delta_E= -0.00148  |g|= 0.407  |ddm|= 0.991
    CPU time for cycle= 2      6.66 sec, wall time      0.24 sec
  HOMO = -0.255495902085293  LUMO = -0.0309435305000841
  mo_energy =
[-1.01462102e+02 -1.43541619e+01 -1.02146212e+01 -1.02140767e+01
 -1.02071708e+01 -1.02003844e+01 -1.02000633e+01 -1.01925005e+01
 -9.39717281e+00 -7.15977860e+00 -7.15035894e+00 -7.15034955e+00
 -9.63798833e-01 -8.15368042e-01 -8.05945528e-01 -7.73648567e-01
 -6.49055993e-01 -6.47630602e-01 -6.31591802e-01 -5.39439817e-01
 -4.90878553e-01 -4.83973154e-01 -4.43602985e-01 -4.24124227e-01
 -4.16185762e-01 -4.14828265e-01 -4.06704324e-01 -3.82316449e-01
 -3.70253507e-01 -3.01464513e-01 -2.71632203e-01 -2.59466333e-01
 -2.58865908e-01 -2.55495902e-01 -3.09435305e-02 -2.21877754e-02
  6.47275015e-02  9.30154698e-02  1.21680018e-01  1.28266059e-01
  1.37955361e-01  1.49394252e-01  1.55828194e-01  1.75961790e-01
  1.76126217e-01  2.09779359e-01  2.55956831e-01  2.86654537e-01
  3.12565051e-01  3.14025871e-01  4.38156508e-01  4.41524118e-01
  4.50911169e-01  4.90756515e-01  4.91208832e-01  4.91881750e-01
  5.03740121e-01  5.28925093e-01  5.47198903e-01  5.74241527e-01
  5.78412887e-01  5.80209271e-01  5.87620387e-01  5.96829525e-01
  6.03269792e-01  6.04692378e-01  6.41938176e-01  6.47383463e-01
  6.80809663e-01  6.99333006e-01  7.66201028e-01  8.13595847e-01
  8.22133286e-01  8.47795345e-01  8.53621689e-01  8.54831540e-01
  8.83069899e-01  8.92071124e-01  9.06509254e-01  9.21260989e-01
  9.30491702e-01  9.40820482e-01  9.44176896e-01  9.81774202e-01
  9.88647447e-01  9.97583295e-01  1.02589025e+00  1.06953393e+00
  1.08820620e+00  1.12698914e+00  1.15904632e+00  1.20700979e+00
  1.24119256e+00  1.24494103e+00  1.36715198e+00  1.39041792e+00
  1.44960266e+00  1.45839527e+00  1.47851617e+00  1.50433720e+00
  1.51739637e+00  1.56630067e+00  1.70084201e+00  1.71712877e+00
  1.71872053e+00  1.76684904e+00  1.82961575e+00  1.84435880e+00
  1.92687539e+00  1.95583909e+00  2.06444390e+00  2.12253026e+00
  2.12918843e+00  2.16244139e+00  2.16946131e+00  2.20578770e+00
  2.23437678e+00  2.26548482e+00  2.28189399e+00  2.28481512e+00
  2.33160282e+00  2.36133309e+00  2.54337576e+00  2.54741213e+00
  2.66058312e+00  2.68433101e+00  2.69703998e+00  2.71954150e+00
  2.78273941e+00  2.78489208e+00  3.04148409e+00  3.40878004e+00]
nelec by numeric integration = 68.0000413893438
    CPU time for vxc      5.88 sec, wall time      0.21 sec
E1 = -1778.6241376867597  Ecoul = 720.3701279416756  Exc = -70.52508654998496
cycle= 3 E= -748.118606795812  delta_E= -0.0407  |g|= 0.0811  |ddm|= 0.493
    CPU time for cycle= 3      6.40 sec, wall time      0.23 sec
  HOMO = -0.251355579274535  LUMO = -0.0312472664306153
  mo_energy =
[-1.01488935e+02 -1.43255540e+01 -1.02322171e+01 -1.02317562e+01
 -1.02171268e+01 -1.02090981e+01 -1.02088346e+01 -1.02043363e+01
 -9.41959647e+00 -7.18256693e+00 -7.17325742e+00 -7.17324772e+00
 -9.59116245e-01 -8.18463821e-01 -8.13724692e-01 -7.78085121e-01
 -6.55175876e-01 -6.48463743e-01 -6.36510941e-01 -5.42371140e-01
 -4.93782107e-01 -4.86913048e-01 -4.47856511e-01 -4.25955650e-01
 -4.19642714e-01 -4.17115322e-01 -4.07885725e-01 -3.85082350e-01
 -3.78316627e-01 -3.00994024e-01 -2.76334796e-01 -2.69158155e-01
 -2.68414078e-01 -2.51355579e-01 -3.12472664e-02 -2.60724607e-02
  5.98556590e-02  9.09371422e-02  1.19806270e-01  1.26359370e-01
  1.36222779e-01  1.48375436e-01  1.55030976e-01  1.74702303e-01
  1.75041323e-01  2.08486221e-01  2.54814031e-01  2.84403675e-01
  3.10896770e-01  3.12691604e-01  4.32470694e-01  4.36467861e-01
  4.48364862e-01  4.83958840e-01  4.84322232e-01  4.87469721e-01
  5.00527579e-01  5.27434477e-01  5.43776390e-01  5.71532016e-01
  5.74865947e-01  5.76461161e-01  5.85134840e-01  5.93228787e-01
  6.00368089e-01  6.01201635e-01  6.43118248e-01  6.43946015e-01
  6.78619321e-01  6.95486048e-01  7.64303644e-01  8.09825148e-01
  8.19408891e-01  8.44841797e-01  8.51209133e-01  8.60368799e-01
  8.77086917e-01  8.84866130e-01  9.02492433e-01  9.15605821e-01
  9.24496471e-01  9.34859516e-01  9.35214568e-01  9.77278705e-01
  9.81004589e-01  9.90899667e-01  1.02594409e+00  1.06712228e+00
  1.08513305e+00  1.12575095e+00  1.15693316e+00  1.20604370e+00
  1.23821169e+00  1.24062467e+00  1.36388934e+00  1.39166583e+00
  1.44901974e+00  1.45579242e+00  1.47348933e+00  1.50080791e+00
  1.51928665e+00  1.56841572e+00  1.70100645e+00  1.71231181e+00
  1.71364062e+00  1.76638660e+00  1.82575702e+00  1.84478435e+00
  1.92526621e+00  1.95174686e+00  2.05985192e+00  2.11856690e+00
  2.12548915e+00  2.16019498e+00  2.16645867e+00  2.20329635e+00
  2.23005334e+00  2.26154026e+00  2.27809179e+00  2.27969633e+00
  2.32993923e+00  2.36112752e+00  2.53919277e+00  2.54645700e+00
  2.65756234e+00  2.68180418e+00  2.69518210e+00  2.71527903e+00
  2.78113326e+00  2.78256912e+00  3.04065936e+00  3.40582594e+00]
nelec by numeric integration = 68.00004158847005
    CPU time for vxc      5.89 sec, wall time      0.21 sec
E1 = -1778.880849081887  Ecoul = 720.6447739833999  Exc = -70.5442066632213
cycle= 4 E= -748.119792262452  delta_E= -0.00119  |g|= 0.0345  |ddm|= 0.0952
    CPU time for cycle= 4      6.45 sec, wall time      0.23 sec
  HOMO = -0.2543287754221  LUMO = -0.0302284642994305
  mo_energy =
[-1.01483154e+02 -1.43347980e+01 -1.02301877e+01 -1.02301094e+01
 -1.02111404e+01 -1.02052400e+01 -1.02027018e+01 -1.02026093e+01
 -9.41538159e+00 -7.17814867e+00 -7.16891956e+00 -7.16890985e+00
 -9.59960212e-01 -8.16382054e-01 -8.11744990e-01 -7.76051493e-01
 -6.55860390e-01 -6.47579813e-01 -6.34567020e-01 -5.40844324e-01
 -4.92200827e-01 -4.85439597e-01 -4.46010839e-01 -4.27002283e-01
 -4.20670577e-01 -4.15696492e-01 -4.07612199e-01 -3.83529174e-01
 -3.77556959e-01 -2.99531522e-01 -2.74064488e-01 -2.68422754e-01
 -2.67665005e-01 -2.54328775e-01 -3.02284643e-02 -2.41192409e-02
  6.00275206e-02  9.20612231e-02  1.19534433e-01  1.26417917e-01
  1.37527052e-01  1.48593497e-01  1.55819424e-01  1.73569457e-01
  1.75585225e-01  2.08045654e-01  2.55961861e-01  2.86392179e-01
  3.11957496e-01  3.13468161e-01  4.33034548e-01  4.37402092e-01
  4.49391748e-01  4.84337875e-01  4.84680215e-01  4.88061656e-01
  5.02383786e-01  5.28667566e-01  5.43863359e-01  5.72676450e-01
  5.76553978e-01  5.76794678e-01  5.87868586e-01  5.94710986e-01
  6.02676779e-01  6.03477067e-01  6.41769182e-01  6.45550756e-01
  6.80977394e-01  6.95534835e-01  7.64146003e-01  8.10782760e-01
  8.22142052e-01  8.46604592e-01  8.51341823e-01  8.57832186e-01
  8.77310237e-01  8.85059435e-01  9.03036062e-01  9.17323040e-01
  9.25531688e-01  9.35715579e-01  9.36180515e-01  9.78405051e-01
  9.81234313e-01  9.91044276e-01  1.02548238e+00  1.06801617e+00
  1.08545425e+00  1.12637052e+00  1.15887025e+00  1.20697311e+00
  1.24012252e+00  1.24015904e+00  1.36616204e+00  1.39205405e+00
  1.44941483e+00  1.45854988e+00  1.47668892e+00  1.50182089e+00
  1.51871091e+00  1.56630605e+00  1.70151552e+00  1.71145471e+00
  1.71253889e+00  1.76661628e+00  1.82836739e+00  1.84539222e+00
  1.92775466e+00  1.95385723e+00  2.06269284e+00  2.12119897e+00
  2.12765339e+00  2.16295428e+00  2.16758396e+00  2.20379647e+00
  2.22987440e+00  2.26047406e+00  2.27686035e+00  2.28168524e+00
  2.33183463e+00  2.36133053e+00  2.54149837e+00  2.54777527e+00
  2.65959629e+00  2.68359934e+00  2.69573969e+00  2.71715217e+00
  2.78302514e+00  2.78383046e+00  3.04068853e+00  3.40718114e+00]
nelec by numeric integration = 68.00004150962921
    CPU time for vxc      5.89 sec, wall time      0.21 sec
E1 = -1778.819220984434  Ecoul = 720.578717375723  Exc = -70.54002950858653
cycle= 5 E= -748.120043618041  delta_E= -0.000251  |g|= 0.011  |ddm|= 0.042
    CPU time for cycle= 5      6.41 sec, wall time      0.23 sec
  HOMO = -0.252794758166882  LUMO = -0.0297757624722752
  mo_energy =
[-1.01480326e+02 -1.43319435e+01 -1.02270552e+01 -1.02269069e+01
 -1.02129474e+01 -1.02039159e+01 -1.02038911e+01 -1.02028338e+01
 -9.41321287e+00 -7.17590482e+00 -7.16669002e+00 -7.16668020e+00
 -9.58244143e-01 -8.16071630e-01 -8.11468087e-01 -7.75247316e-01
 -6.54787661e-01 -6.46951472e-01 -6.34201162e-01 -5.40553921e-01
 -4.91637081e-01 -4.85336032e-01 -4.45573912e-01 -4.26009774e-01
 -4.19780838e-01 -4.15656518e-01 -4.06723776e-01 -3.83347850e-01
 -3.76718369e-01 -2.99450225e-01 -2.73526642e-01 -2.67596904e-01
 -2.66850243e-01 -2.52794758e-01 -2.97757625e-02 -2.36177720e-02
  6.09148779e-02  9.20889096e-02  1.20051058e-01  1.26906518e-01
  1.37988300e-01  1.48812572e-01  1.55851550e-01  1.74266248e-01
  1.75694454e-01  2.08671004e-01  2.56322028e-01  2.86313031e-01
  3.12360816e-01  3.14035897e-01  4.33719470e-01  4.37847487e-01
  4.49809111e-01  4.84934464e-01  4.85282073e-01  4.88658556e-01
  5.02798036e-01  5.28941072e-01  5.44384263e-01  5.73283097e-01
  5.77185609e-01  5.77308063e-01  5.87635531e-01  5.95032733e-01
  6.02662613e-01  6.03453933e-01  6.42973058e-01  6.45983997e-01
  6.80632519e-01  6.96698650e-01  7.65135298e-01  8.11499308e-01
  8.21430011e-01  8.46620423e-01  8.52040227e-01  8.59249277e-01
  8.78254658e-01  8.86006255e-01  9.03462421e-01  9.17680605e-01
  9.25999121e-01  9.36531020e-01  9.36669490e-01  9.78912893e-01
  9.82271926e-01  9.91963189e-01  1.02643590e+00  1.06846911e+00
  1.08602236e+00  1.12691443e+00  1.15870547e+00  1.20729253e+00
  1.24063044e+00  1.24101443e+00  1.36650892e+00  1.39239876e+00
  1.44999857e+00  1.45839392e+00  1.47657867e+00  1.50307799e+00
  1.51990331e+00  1.56745405e+00  1.70224184e+00  1.71263063e+00
  1.71374982e+00  1.76747875e+00  1.82849494e+00  1.84597275e+00
  1.92748405e+00  1.95437391e+00  2.06294731e+00  2.12141732e+00
  2.12818765e+00  2.16270874e+00  2.16867462e+00  2.20468964e+00
  2.23105464e+00  2.26155212e+00  2.27797595e+00  2.28238235e+00
  2.33188374e+00  2.36245390e+00  2.54197577e+00  2.54829498e+00
  2.66001335e+00  2.68402129e+00  2.69668466e+00  2.71784776e+00
  2.78322933e+00  2.78447945e+00  3.04186153e+00  3.40785010e+00]
nelec by numeric integration = 68.00004154495878
    CPU time for vxc      5.88 sec, wall time      0.21 sec
E1 = -1778.7538753441713  Ecoul = 720.5093155790746  Exc = -70.53600249306128
cycle= 6 E= -748.120072758901  delta_E= -2.91e-05  |g|= 0.00451  |ddm|= 0.0161
    CPU time for cycle= 6      6.42 sec, wall time      0.23 sec
  HOMO = -0.253094354138162  LUMO = -0.0298176713861143
  mo_energy =
[-1.01480387e+02 -1.43325503e+01 -1.02281177e+01 -1.02279544e+01
 -1.02120903e+01 -1.02036100e+01 -1.02035921e+01 -1.02029104e+01
 -9.41330567e+00 -7.17599151e+00 -7.16677957e+00 -7.16676972e+00
 -9.58816724e-01 -8.16070681e-01 -8.11503071e-01 -7.75502873e-01
 -6.54843691e-01 -6.47074176e-01 -6.34243851e-01 -5.40590777e-01
 -4.91774968e-01 -4.85314469e-01 -4.45735577e-01 -4.26174038e-01
 -4.19891710e-01 -4.15573596e-01 -4.06956390e-01 -3.83364865e-01
 -3.76806825e-01 -2.99414783e-01 -2.73720587e-01 -2.67717478e-01
 -2.66970869e-01 -2.53094354e-01 -2.98176714e-02 -2.37643513e-02
  6.08091967e-02  9.21623378e-02  1.19994726e-01  1.26831505e-01
  1.37918012e-01  1.48814911e-01  1.55924542e-01  1.74149117e-01
  1.75723579e-01  2.08562218e-01  2.56231806e-01  2.86378226e-01
  3.12300574e-01  3.13917886e-01  4.33683216e-01  4.37749031e-01
  4.49720699e-01  4.84824350e-01  4.85170516e-01  4.88472139e-01
  5.02683071e-01  5.28909886e-01  5.44325556e-01  5.73132776e-01
  5.77065677e-01  5.77186771e-01  5.87692871e-01  5.95000222e-01
  6.02686962e-01  6.03475602e-01  6.42715193e-01  6.45863115e-01
  6.80787097e-01  6.96447694e-01  7.64942292e-01  8.11324949e-01
  8.21721247e-01  8.46643269e-01  8.51945054e-01  8.58966178e-01
  8.78119121e-01  8.85881766e-01  9.03487978e-01  9.17683293e-01
  9.25970950e-01  9.36535683e-01  9.36542263e-01  9.78851999e-01
  9.82139576e-01  9.91853789e-01  1.02623563e+00  1.06839090e+00
  1.08596183e+00  1.12680010e+00  1.15878583e+00  1.20723875e+00
  1.24050754e+00  1.24087525e+00  1.36638660e+00  1.39234958e+00
  1.44987502e+00  1.45845496e+00  1.47663559e+00  1.50267327e+00
  1.51958242e+00  1.56726016e+00  1.70205784e+00  1.71249574e+00
  1.71362455e+00  1.76727867e+00  1.82847703e+00  1.84586543e+00
  1.92758914e+00  1.95418994e+00  2.06286236e+00  2.12136131e+00
  2.12799631e+00  2.16281078e+00  2.16834980e+00  2.20453719e+00
  2.23085153e+00  2.26143702e+00  2.27785505e+00  2.28218283e+00
  2.33195710e+00  2.36212796e+00  2.54182027e+00  2.54816070e+00
  2.65989638e+00  2.68393463e+00  2.69647943e+00  2.71766770e+00
  2.78324585e+00  2.78432864e+00  3.04159221e+00  3.40772874e+00]
nelec by numeric integration = 68.00004153109363
    CPU time for vxc      6.50 sec, wall time      0.23 sec
E1 = -1778.7677733814814  Ecoul = 720.5236788193338  Exc = -70.53647334817052
cycle= 7 E= -748.120078411061  delta_E= -5.65e-06  |g|= 0.000489  |ddm|= 0.00467
    CPU time for cycle= 7      7.33 sec, wall time      0.26 sec
  HOMO = -0.253071458477346  LUMO = -0.0298056550189278
  mo_energy =
[-1.01480648e+02 -1.43325050e+01 -1.02280438e+01 -1.02279058e+01
 -1.02122105e+01 -1.02034983e+01 -1.02034857e+01 -1.02031151e+01
 -9.41350567e+00 -7.17620005e+00 -7.16698436e+00 -7.16697452e+00
 -9.58784045e-01 -8.16110162e-01 -8.11548406e-01 -7.75457933e-01
 -6.54904139e-01 -6.47050003e-01 -6.34224289e-01 -5.40578856e-01
 -4.91747821e-01 -4.85288369e-01 -4.45701806e-01 -4.26204627e-01
 -4.19937685e-01 -4.15591659e-01 -4.06947529e-01 -3.83347911e-01
 -3.76877526e-01 -2.99411325e-01 -2.73681215e-01 -2.67794149e-01
 -2.67044947e-01 -2.53071458e-01 -2.98056550e-02 -2.37309723e-02
  6.07524189e-02  9.21450352e-02  1.19990324e-01  1.26838419e-01
  1.37941946e-01  1.48815957e-01  1.55924862e-01  1.74127712e-01
  1.75730095e-01  2.08559138e-01  2.56241673e-01  2.86388808e-01
  3.12319244e-01  3.13942043e-01  4.33617229e-01  4.37760032e-01
  4.49733431e-01  4.84770652e-01  4.85116094e-01  4.88435437e-01
  5.02701067e-01  5.28922067e-01  5.44293406e-01  5.73159005e-01
  5.77097870e-01  5.77171525e-01  5.87702597e-01  5.94989558e-01
  6.02696293e-01  6.03483253e-01  6.42719462e-01  6.45891587e-01
  6.80792976e-01  6.96463032e-01  7.64942730e-01  8.11351008e-01
  8.21708811e-01  8.46669558e-01  8.51955128e-01  8.58979487e-01
  8.78068740e-01  8.85812052e-01  9.03461325e-01  9.17649657e-01
  9.25945338e-01  9.36466605e-01  9.36506143e-01  9.78845010e-01
  9.82068829e-01  9.91796430e-01  1.02625403e+00  1.06839506e+00
  1.08593646e+00  1.12680165e+00  1.15879283e+00  1.20725664e+00
  1.24053360e+00  1.24082699e+00  1.36641305e+00  1.39236015e+00
  1.44989273e+00  1.45847391e+00  1.47664863e+00  1.50271265e+00
  1.51961041e+00  1.56726819e+00  1.70208226e+00  1.71242581e+00
  1.71354417e+00  1.76729376e+00  1.82849238e+00  1.84588441e+00
  1.92759604e+00  1.95422707e+00  2.06288367e+00  2.12138957e+00
  2.12803261e+00  2.16281960e+00  2.16838467e+00  2.20452386e+00
  2.23081192e+00  2.26137624e+00  2.27779143e+00  2.28221985e+00
  2.33196392e+00  2.36215784e+00  2.54185478e+00  2.54817850e+00
  2.65992255e+00  2.68395951e+00  2.69650973e+00  2.71770621e+00
  2.78326063e+00  2.78435428e+00  3.04162492e+00  3.40775839e+00]
nelec by numeric integration = 68.00004153721781
    CPU time for vxc      6.03 sec, wall time      0.22 sec
E1 = -1778.7693013537048  Ecoul = 720.525342354127  Exc = -70.53660897025323
cycle= 8 E= -748.120078470574  delta_E= -5.95e-08  |g|= 0.00018  |ddm|= 0.000664
    CPU time for cycle= 8      6.82 sec, wall time      0.24 sec
  HOMO = -0.253073597852472  LUMO = -0.0298013661224544
  mo_energy =
[-1.01480645e+02 -1.43325070e+01 -1.02280395e+01 -1.02278847e+01
 -1.02121600e+01 -1.02035307e+01 -1.02035174e+01 -1.02030858e+01
 -9.41349695e+00 -7.17619324e+00 -7.16697577e+00 -7.16696593e+00
 -9.58783365e-01 -8.16101364e-01 -8.11539166e-01 -7.75461545e-01
 -6.54894578e-01 -6.47052401e-01 -6.34222501e-01 -5.40575352e-01
 -4.91747769e-01 -4.85295817e-01 -4.45706416e-01 -4.26195885e-01
 -4.19927127e-01 -4.15582632e-01 -4.06944554e-01 -3.83349318e-01
 -3.76869282e-01 -2.99407141e-01 -2.73685661e-01 -2.67785167e-01
 -2.67036190e-01 -2.53073598e-01 -2.98013661e-02 -2.37353582e-02
  6.07609115e-02  9.21476388e-02  1.19993756e-01  1.26838649e-01
  1.37941193e-01  1.48815350e-01  1.55926987e-01  1.74134263e-01
  1.75728653e-01  2.08563152e-01  2.56242884e-01  2.86389943e-01
  3.12318382e-01  3.13939562e-01  4.33617336e-01  4.37760059e-01
  4.49734136e-01  4.84777425e-01  4.85122974e-01  4.88443164e-01
  5.02702230e-01  5.28922205e-01  5.44300661e-01  5.73155890e-01
  5.77093451e-01  5.77176209e-01  5.87702885e-01  5.94997727e-01
  6.02699167e-01  6.03484962e-01  6.42721724e-01  6.45888189e-01
  6.80792932e-01  6.96465084e-01  7.64946599e-01  8.11349438e-01
  8.21716188e-01  8.46662117e-01  8.51955621e-01  8.58980365e-01
  8.78076819e-01  8.85822620e-01  9.03465678e-01  9.17654597e-01
  9.25951050e-01  9.36477080e-01  9.36511433e-01  9.78848649e-01
  9.82075964e-01  9.91802816e-01  1.02625377e+00  1.06839449e+00
  1.08594202e+00  1.12680411e+00  1.15879219e+00  1.20725401e+00
  1.24053309e+00  1.24083376e+00  1.36641241e+00  1.39236038e+00
  1.44989179e+00  1.45847107e+00  1.47665242e+00  1.50271247e+00
  1.51961018e+00  1.56727009e+00  1.70208027e+00  1.71244055e+00
  1.71356054e+00  1.76729608e+00  1.82849372e+00  1.84588560e+00
  1.92759706e+00  1.95422305e+00  2.06288616e+00  2.12138759e+00
  2.12802934e+00  2.16282112e+00  2.16838497e+00  2.20453110e+00
  2.23082263e+00  2.26138972e+00  2.27780560e+00  2.28221635e+00
  2.33196725e+00  2.36215809e+00  2.54185232e+00  2.54818033e+00
  2.65992173e+00  2.68395951e+00  2.69650870e+00  2.71770300e+00
  2.78326285e+00  2.78435545e+00  3.04162521e+00  3.40775787e+00]
nelec by numeric integration = 68.00004153677824
    CPU time for vxc      5.88 sec, wall time      0.21 sec
E1 = -1778.7688923897233  Ecoul = 720.52491121514  Exc = -70.53658680248519
cycle= 9 E= -748.120078477812  delta_E= -7.24e-09  |g|= 4.92e-05  |ddm|= 0.000166
    CPU time for cycle= 9      6.42 sec, wall time      0.23 sec
  HOMO = -0.253078669697726  LUMO = -0.029806905972707
  mo_energy =
[-1.01480617e+02 -1.43325144e+01 -1.02280415e+01 -1.02278982e+01
 -1.02121775e+01 -1.02035320e+01 -1.02035218e+01 -1.02030759e+01
 -9.41347318e+00 -7.17616910e+00 -7.16695154e+00 -7.16694171e+00
 -9.58789060e-01 -8.16100276e-01 -8.11537195e-01 -7.75465941e-01
 -6.54890692e-01 -6.47057231e-01 -6.34226707e-01 -5.40579716e-01
 -4.91753387e-01 -4.85298516e-01 -4.45709507e-01 -4.26195919e-01
 -4.19925904e-01 -4.15586385e-01 -4.06947839e-01 -3.83353613e-01
 -3.76863184e-01 -2.99412516e-01 -2.73689413e-01 -2.67774880e-01
 -2.67026336e-01 -2.53078670e-01 -2.98069060e-02 -2.37394168e-02
  6.07655010e-02  9.21469666e-02  1.19992267e-01  1.26837471e-01
  1.37936532e-01  1.48814028e-01  1.55924267e-01  1.74134297e-01
  1.75727766e-01  2.08561223e-01  2.56239405e-01  2.86386158e-01
  3.12314284e-01  3.13936006e-01  4.33626810e-01  4.37758038e-01
  4.49731199e-01  4.84784630e-01  4.85130260e-01  4.88447066e-01
  5.02698274e-01  5.28918414e-01  5.44301569e-01  5.73152518e-01
  5.77090517e-01  5.77176377e-01  5.87698570e-01  5.94994130e-01
  6.02694050e-01  6.03481658e-01  6.42718821e-01  6.45885060e-01
  6.80789018e-01  6.96462403e-01  7.64943923e-01  8.11346760e-01
  8.21711051e-01  8.46659839e-01  8.51952868e-01  8.58977013e-01
  8.78081798e-01  8.85829798e-01  9.03465983e-01  9.17657960e-01
  9.25951718e-01  9.36486086e-01  9.36512479e-01  9.78848001e-01
  9.82083963e-01  9.91808636e-01  1.02625047e+00  1.06839311e+00
  1.08594233e+00  1.12680157e+00  1.15878907e+00  1.20725062e+00
  1.24052761e+00  1.24083809e+00  1.36640750e+00  1.39235638e+00
  1.44988831e+00  1.45846576e+00  1.47664662e+00  1.50270790e+00
  1.51960452e+00  1.56726653e+00  1.70207550e+00  1.71244308e+00
  1.71356385e+00  1.76729191e+00  1.82848878e+00  1.84588016e+00
  1.92759216e+00  1.95421911e+00  2.06288067e+00  2.12138259e+00
  2.12802485e+00  2.16281517e+00  2.16838025e+00  2.20452845e+00
  2.23082302e+00  2.26139135e+00  2.27780730e+00  2.28221234e+00
  2.33196080e+00  2.36215282e+00  2.54184783e+00  2.54817482e+00
  2.65991648e+00  2.68395415e+00  2.69650318e+00  2.71769808e+00
  2.78325695e+00  2.78434938e+00  3.04161950e+00  3.40775230e+00]
nelec by numeric integration = 68.00004153640818
    CPU time for vxc      5.90 sec, wall time      0.21 sec
E1 = -1778.7687996333384  Ecoul = 720.524809630099  Exc = -70.53657797448224
cycle= 10 E= -748.120078478465  delta_E= -6.53e-10  |g|= 1.81e-05  |ddm|= 8.35e-05
    CPU time for cycle= 10      6.46 sec, wall time      0.23 sec
  HOMO = -0.253078720048625  LUMO = -0.0298054440261408
  mo_energy =
[-1.01480630e+02 -1.43325166e+01 -1.02280433e+01 -1.02278853e+01
 -1.02121721e+01 -1.02035349e+01 -1.02035192e+01 -1.02030774e+01
 -9.41348358e+00 -7.17617967e+00 -7.16696213e+00 -7.16695230e+00
 -9.58787470e-01 -8.16101536e-01 -8.11538819e-01 -7.75464172e-01
 -6.54891893e-01 -6.47055793e-01 -6.34225220e-01 -5.40578101e-01
 -4.91751644e-01 -4.85297619e-01 -4.45708145e-01 -4.26196127e-01
 -4.19926385e-01 -4.15585591e-01 -4.06946846e-01 -3.83352195e-01
 -3.76865405e-01 -2.99411291e-01 -2.73687847e-01 -2.67778954e-01
 -2.67030281e-01 -2.53078720e-01 -2.98054440e-02 -2.37378794e-02
  6.07638861e-02  9.21469401e-02  1.19993151e-01  1.26837765e-01
  1.37937918e-01  1.48814238e-01  1.55925212e-01  1.74133929e-01
  1.75727103e-01  2.08562595e-01  2.56240380e-01  2.86387193e-01
  3.12315997e-01  3.13936621e-01  4.33624380e-01  4.37758287e-01
  4.49732402e-01  4.84781754e-01  4.85127368e-01  4.88444690e-01
  5.02699969e-01  5.28919263e-01  5.44301031e-01  5.73154032e-01
  5.77091583e-01  5.77175942e-01  5.87699969e-01  5.94995541e-01
  6.02696436e-01  6.03481983e-01  6.42719225e-01  6.45886304e-01
  6.80789962e-01  6.96463653e-01  7.64944982e-01  8.11348056e-01
  8.21712513e-01  8.46660388e-01  8.51953813e-01  8.58977049e-01
  8.78079540e-01  8.85826802e-01  9.03465766e-01  9.17656064e-01
  9.25951499e-01  9.36482378e-01  9.36512251e-01  9.78847951e-01
  9.82080692e-01  9.91806386e-01  1.02625139e+00  1.06839335e+00
  1.08594212e+00  1.12680243e+00  1.15879001e+00  1.20725151e+00
  1.24052932e+00  1.24083582e+00  1.36640923e+00  1.39235707e+00
  1.44988959e+00  1.45846701e+00  1.47664862e+00  1.50271015e+00
  1.51960583e+00  1.56726701e+00  1.70207661e+00  1.71244219e+00
  1.71356272e+00  1.76729324e+00  1.82849031e+00  1.84588139e+00
  1.92759334e+00  1.95422073e+00  2.06288271e+00  2.12138419e+00
  2.12802656e+00  2.16281663e+00  2.16838212e+00  2.20452907e+00
  2.23082287e+00  2.26139086e+00  2.27780685e+00  2.28221405e+00
  2.33196234e+00  2.36215446e+00  2.54184960e+00  2.54817627e+00
  2.65991817e+00  2.68395569e+00  2.69650482e+00  2.71769988e+00
  2.78325806e+00  2.78435155e+00  3.04162116e+00  3.40775401e+00]
nelec by numeric integration = 68.00004153662528
    CPU time for vxc      5.92 sec, wall time      0.21 sec
E1 = -1778.7688744355257  Ecoul = 720.5248906959158  Exc = -70.5365842379679
Extra cycle  E= -748.120078478321  delta_E= 1.44e-10  |g|= 2.88e-05  |ddm|= 4.76e-05
    CPU time for scf_cycle     88.14 sec, wall time      3.22 sec
    CPU time for SCF     88.15 sec, wall time      3.22 sec
converged SCF energy = -748.120078478321
Converting <class 'pyscf.dft.rks.RKS'> to RHF


******** <class 'pyscf.tdscf.rks.TDA'> for <class 'pyscf.dft.rks.RKS'> ********
nstates = 5 singlet
wfnsym = None
conv_tol = 1e-09
eigh lindep = 1e-12
eigh level_shift = 0
eigh max_space = 8
eigh max_cycle = 2000
chkfile = /scratch/global/yangjunjie/tmpmzohog3v
max_memory 256000 MB (current use 600 MB)


davidson 0 5  |r|= 0.0548  e= [0.17942481 0.18012898 0.21787772 0.21985499 0.22551233]  max|de|= 0.226  lindep=    1
davidson 1 10  |r|= 0.0113  e= [0.17664212 0.17905346 0.21770729 0.21778176 0.22341249]  max|de|= -0.00278  lindep= 0.907
Old state -> New state
    3     ->     2 
    2     ->     3 
davidson 2 15  |r|= 0.0317  e= [0.17650962 0.17902416 0.21754141 0.21770601 0.22187287]  max|de|= -0.00154  lindep= 0.72
Old state -> New state
    4     ->     2 
    2     ->     4 
davidson 3 20  |r|= 0.0365  e= [0.17650632 0.17902351 0.21526981 0.21770562 0.21782521]  max|de|= -0.0066  lindep= 0.729
davidson 4 5  |r|= 0.0365  e= [0.17650632 0.17902351 0.21526981 0.21770562 0.21782521]  max|de|= -2.78e-16  lindep= 0.982
Old state -> New state
    4     ->     3 
    3     ->     4 
davidson 5 10  |r|= 0.0174  e= [0.17650621 0.1790235  0.21303057 0.21770066 0.21770543]  max|de|= -0.00224  lindep= 0.665
root 1 converged  |r|= 2.68e-06  e= 0.17902349932283726  max|de|= -3.57e-10
davidson 6 15  |r|= 0.00849  e= [0.1765062  0.1790235  0.21230742 0.21768246 0.21770526]  max|de|= -0.000723  lindep= 0.761
root 0 converged  |r|= 2.86e-06  e= 0.17650620381339516  max|de|= -2.05e-10
davidson 7 19  |r|= 0.00474  e= [0.1765062  0.1790235  0.21216735 0.2176785  0.21770511]  max|de|= -0.00014  lindep= 0.765
davidson 8 5  |r|= 0.00474  e= [0.1765062  0.1790235  0.21216735 0.2176785  0.21770511]  max|de|= -3.61e-16  lindep= 0.997
davidson 9 8  |r|= 0.0036  e= [0.1765062  0.1790235  0.21210847 0.21767661 0.2177051 ]  max|de|= -5.89e-05  lindep= 0.798
root 4 converged  |r|= 7.37e-06  e= 0.21770509752833198  max|de|= -8.53e-10
davidson 10 11  |r|= 0.00445  e= [0.1765062  0.1790235  0.21204845 0.21767403 0.2177051 ]  max|de|= -6e-05  lindep= 0.706
davidson 11 13  |r|= 0.00178  e= [0.1765062  0.1790235  0.21201172 0.21767139 0.2177051 ]  max|de|= -3.67e-05  lindep= 0.814
davidson 12 15  |r|= 0.00122  e= [0.1765062  0.1790235  0.21200507 0.21767064 0.2177051 ]  max|de|= -6.66e-06  lindep= 0.844
davidson 13 17  |r|= 0.00028  e= [0.1765062  0.1790235  0.21200352 0.21767045 0.2177051 ]  max|de|= -1.54e-06  lindep= 0.824
davidson 14 5  |r|= 0.00028  e= [0.1765062  0.1790235  0.21200352 0.21767045 0.2177051 ]  max|de|= 1.39e-16  lindep= 0.998
davidson 15 7  |r|= 9.58e-05  e= [0.1765062  0.1790235  0.21200343 0.21767044 0.2177051 ]  max|de|= -9.15e-08  lindep= 0.887
davidson 16 9  |r|= 4.2e-05  e= [0.1765062  0.1790235  0.21200342 0.21767044 0.2177051 ]  max|de|= -1.27e-08  lindep= 0.762
root 3 converged  |r|= 7.87e-06  e= 0.21767043782390194  max|de|= -4.41e-10
davidson 17 11  |r|= 1.89e-05  e= [0.1765062  0.1790235  0.21200341 0.21767044 0.2177051 ]  max|de|= -3e-09  lindep= 0.881
root 2 converged  |r|= 8.2e-06  e= 0.21200341284259164  max|de|= -4.82e-10
converged 18 12  |r|= 8.2e-06  e= [0.1765062  0.1790235  0.21200341 0.21767044 0.2177051 ]  max|de|= -4.82e-10
    CPU time for TDA    201.54 sec, wall time      7.36 sec
Excited State energies (eV)
[4.80297845 4.87147755 5.7689067  5.92311431 5.92405745]
