 
:: initializing oneAPI environment ...
   slurm_script: BASH_VERSION = 4.2.46(1)-release
   args: Using "$@" for setvars.sh arguments: --force
:: advisor -- latest
:: ccl -- latest
:: clck -- latest
:: compiler -- latest
:: dal -- latest
:: debugger -- latest
:: dev-utilities -- latest
:: dnnl -- latest
:: dpcpp-ct -- latest
:: dpl -- latest
:: inspector -- latest
:: intelpython -- latest
:: ipp -- latest
:: ippcp -- latest
:: ipp -- latest
:: itac -- latest
:: mkl -- latest
:: mpi -- latest
:: tbb -- latest
:: vpl -- latest
:: vtune -- latest
:: oneAPI environment initialized ::
 
SLURM_CPUS_PER_TASK = 28
SLURM_MEM_PER_NODE = 256000
#INFO: **** input file is /home/yangjunjie/work/py-ch3-cl/work/scan-12/main.py ****
import sys
import pyscf
from pyscf import tdscf

def main(xyz_file, basis="631g*", xc="b3lyp", output="ene.out"):
    xyz = None

    with open(xyz_file, "r") as xyz:
        xyz = xyz.readlines()[2:]
        xyz = "".join(xyz)

    mol = pyscf.gto.Mole()
    mol.atom = xyz
    mol.basis = basis
    mol.verbose = 5
    mol.build()

    if xc is not None and xc != "hf":
        mf = pyscf.scf.RKS(mol)
        mf.xc = xc
        mf.grids.level = 9
        mf.kernel()
    else:
        mf = pyscf.scf.RHF(mol)
        mf.kernel()

    ene_mf = mf.e_tot

    with open(output, "w") as f:
        tda = pyscf.tdscf.TDA(mf)
        tda.nstates = 5
        tda.max_space = 8
        tda.max_cycle = 2000
        tda.kernel()

        con_tda = tda.converged
        ene_tda = tda.e[:5]
        dip_tda = tda.transition_dipole()[:5]

        f.write(f"RKS energy: {ene_mf: 12.8f}\n")
        f.write("TDA results:\n")
        for i, (con, ene, dip) in enumerate(zip(con_tda, ene_tda, dip_tda)):
            f.write(f" {i:2d} {con} {ene: 12.8f} {dip[0]: 12.8f} {dip[1]: 12.8f} {dip[2]: 12.8f}\n")

        # rpa = pyscf.tdscf.RPA(mf)
        # rpa.nstates = 5
        # rpa.max_space = 8
        # rpa.max_cycle = 2000
        # rpa.kernel()

        # con_rpa = rpa.converged
        # ene_rpa = rpa.e[:5]
        # dip_rpa = rpa.transition_dipole()[:5]
        
        # f.write("\nRPA results:\n")
        # for i, (con, ene, dip) in enumerate(zip(con_rpa, ene_rpa, dip_rpa)):
        #     f.write(f" {i:2d} {con} {ene: 12.8f} {dip[0]: 12.8f} {dip[1]: 12.8f} {dip[2]: 12.8f}\n")

if __name__ == "__main__":
    xyz = sys.argv[1]
    main(xyz, basis="6-311g**", xc=None, output="out.log")
#INFO: ******************** input file end ********************


System: uname_result(system='Linux', node='pauling014', release='3.10.0-327.36.3.el7.x86_64', version='#1 SMP Thu Oct 20 04:56:07 EDT 2016', machine='x86_64')  Threads 28
Python 3.9.7 (default, Oct 27 2021, 01:23:21) 
[GCC 9.3.0]
numpy 1.21.2  scipy 1.6.2
Date: Tue Oct  4 15:30:38 2022
PySCF version 2.0.1
PySCF path  /home/yangjunjie/packages/pyscf/pyscf-main
GIT ORIG_HEAD 14b880cdc4bf7bb64f3989a147c0b04622efc498
GIT HEAD (branch master) 9d5b5bd309d1cc55fbd1a0ec76e26b5b0c7f76af

[ENV] PYSCF_MAX_MEMORY 256000
[ENV] PYSCF_TMPDIR /scratch/global/yangjunjie/
[CONFIG] conf_file /home/yangjunjie/.pyscf_conf.py
[INPUT] verbose = 5
[INPUT] max_memory = 256000 
[INPUT] num. atoms = 16
[INPUT] num. electrons = 68
[INPUT] charge = 0
[INPUT] spin (= nelec alpha-beta = 2S) = 0
[INPUT] symmetry False subgroup None
[INPUT] Mole.unit = angstrom
[INPUT]  1 C     -0.000000020000   1.171159170000   1.220709970000 AA   -0.000000037795   2.213170079573   2.306807520826 Bohr
[INPUT]  2 C      0.000000100000   1.182287820000   2.604403330000 AA    0.000000188973   2.234200180209   4.921609011605 Bohr
[INPUT]  3 C      0.000000050000  -0.031013950000   3.268032320000 AA    0.000000094486  -0.058607871541   6.175686051027 Bohr
[INPUT]  4 C     -0.000000060000  -1.195216000000   2.521736720000 AA   -0.000000113384  -2.258630899698   4.765391759059 Bohr
[INPUT]  5 C     -0.000000070000  -1.087667860000   1.142129590000 AA   -0.000000132281  -2.055394369892   2.158312123862 Bohr
[INPUT]  6 N     -0.000000110000   0.065518430000   0.498201520000 AA   -0.000000207870   0.123811888811   0.941464427642 Bohr
[INPUT]  7 C      0.000000020000  -0.010587090000  -2.249715720000 AA    0.000000037795  -0.020006700556  -4.251346568929 Bohr
[INPUT]  8 H     -0.000000150000   2.098249980000   0.672970110000 AA   -0.000000283459   3.965117803074   1.271729197918 Bohr
[INPUT]  9 H      0.000000230000   2.113875220000   3.138997610000 AA    0.000000434637   3.994645227305   5.931845788564 Bohr
[INPUT] 10 H      0.000000030000  -0.068398430000   4.342828630000 AA    0.000000056692  -0.129254300050   8.206756716620 Bohr
[INPUT] 11 H     -0.000000170000  -2.161760510000   2.990165530000 AA   -0.000000321253  -4.085135310800   5.650593918815 Bohr
[INPUT] 12 H     -0.000000070000  -1.974724400000   0.531237760000 AA   -0.000000132281  -3.731688287496   1.003893873427 Bohr
[INPUT] 13 H     -0.000000260000   1.035047130000  -2.007276720000 AA   -0.000000491329   1.955955601717  -3.793203257015 Bohr
[INPUT] 14 H     -0.890764290000  -0.499549710000  -1.905973230000 AA   -1.683300549643  -0.944012137506  -3.601767405453 Bohr
[INPUT] 15 H      0.890764590000  -0.499549240000  -1.905973230000 AA    1.683301116560  -0.944011249335  -3.601767405453 Bohr
[INPUT] 16 Cl     0.000000100000  -0.129407950000  -4.088728710000 AA    0.000000188973  -0.244545583841  -7.726577459546 Bohr
[INPUT] ---------------- BASIS SET ---------------- 
[INPUT] l, kappa, [nprim/nctr], expnt,             c_1 c_2 ...
[INPUT] C
[INPUT] 0    0    [6    /1   ]  4563.24           0.00196665
                                682.024           0.0152306
                                154.973           0.0761269
                                44.4553           0.260801
                                13.029            0.616462
                                1.82773           0.221006
[INPUT] 0    0    [3    /1   ]  20.9642           0.11466
                                4.80331           0.919999
                                1.45933           -0.00303068
[INPUT] 0    0    [1    /1   ]  0.483456             1
[INPUT] 0    0    [1    /1   ]  0.145585             1
[INPUT] 1    0    [3    /1   ]  20.9642           0.0402487
                                4.80331           0.237594
                                1.45933           0.815854
[INPUT] 1    0    [1    /1   ]  0.483456             1
[INPUT] 1    0    [1    /1   ]  0.145585             1
[INPUT] 2    0    [1    /1   ]  0.626                1
[INPUT] N
[INPUT] 0    0    [6    /1   ]  6293.48           0.00196979
                                949.044           0.0149613
                                218.776           0.0735006
                                63.6916           0.248937
                                18.8282           0.60246
                                2.72023           0.256202
[INPUT] 0    0    [3    /1   ]  30.6331           0.111906
                                7.02614           0.921666
                                2.11205           -0.00256919
[INPUT] 0    0    [1    /1   ]  0.684009             1
[INPUT] 0    0    [1    /1   ]  0.200878             1
[INPUT] 1    0    [3    /1   ]  30.6331           0.0383119
                                7.02614           0.237403
                                2.11205           0.817592
[INPUT] 1    0    [1    /1   ]  0.684009             1
[INPUT] 1    0    [1    /1   ]  0.200878             1
[INPUT] 2    0    [1    /1   ]  0.913                1
[INPUT] H
[INPUT] 0    0    [3    /1   ]  33.865            0.0254938
                                5.09479           0.190373
                                1.15879           0.852161
[INPUT] 0    0    [1    /1   ]  0.32584              1
[INPUT] 0    0    [1    /1   ]  0.102741             1
[INPUT] 1    0    [1    /1   ]  0.75                 1
[INPUT] Cl
[INPUT] 0    0    [6    /1   ]  105819            0.000738
                                15872             0.005718
                                3619.65           0.029495
                                1030.8            0.117286
                                339.908           0.362949
                                124.538           0.584149
[INPUT] 0    0    [3    /1   ]  124.538           0.134177
                                49.5135           0.62425
                                20.8056           0.291756
[INPUT] 0    0    [1    /1   ]  6.58346              1
[INPUT] 0    0    [1    /1   ]  2.56468              1
[INPUT] 0    0    [1    /1   ]  0.559763             1
[INPUT] 0    0    [1    /1   ]  0.183273             1
[INPUT] 1    0    [5    /1   ]  589.776           0.002391
                                139.849           0.018504
                                45.1413           0.081377
                                16.8733           0.221552
                                6.7411            0.772569
[INPUT] 1    0    [2    /1   ]  6.7411            -1.572244
                                2.77152           0.992389
[INPUT] 1    0    [1    /1   ]  1.02387              1
[INPUT] 1    0    [1    /1   ]  0.381368             1
[INPUT] 1    0    [1    /1   ]  0.109437             1
[INPUT] 2    0    [1    /1   ]  0.75                 1

nuclear repulsion = 372.907368155186
number of shells = 100
number of NR pGTOs = 329
number of NR cGTOs = 200
basis = 6-311g**
ecp = {}
CPU time:         0.42


******** <class 'pyscf.scf.hf.RHF'> ********
method = RHF
initial guess = minao
damping factor = 0
level_shift factor = 0
DIIS = <class 'pyscf.scf.diis.CDIIS'>
diis_start_cycle = 1
diis_space = 8
SCF conv_tol = 1e-09
SCF conv_tol_grad = None
SCF max_cycles = 50
direct_scf = True
direct_scf_tol = 1e-13
chkfile to save SCF result = /scratch/global/yangjunjie/tmpl0rh4csy
max_memory 256000 MB (current use 81 MB)
Set gradient conv threshold to 3.16228e-05
E1 = -1759.528692032504  E_coul = 638.9401821498474
init E= -747.681141727471
cond(S) = 13205.6705320833
    CPU time for initialize scf     13.33 sec, wall time      0.55 sec
  HOMO = -0.248469594467412  LUMO = 0.014346864002616
  mo_energy =
[-1.04819866e+02 -1.56248892e+01 -1.13275422e+01 -1.13236953e+01
 -1.13213419e+01 -1.13195773e+01 -1.13186645e+01 -1.13182371e+01
 -1.06169131e+01 -8.07450421e+00 -8.07299786e+00 -8.07299571e+00
 -1.75809694e+00 -1.40228715e+00 -1.34777381e+00 -1.32620071e+00
 -1.01391164e+00 -9.41654894e-01 -9.26940937e-01 -6.89129968e-01
 -5.95536995e-01 -5.52559808e-01 -5.48932321e-01 -5.43041675e-01
 -5.29120483e-01 -4.84519797e-01 -4.77016639e-01 -4.44800990e-01
 -3.83377730e-01 -3.82456089e-01 -3.61825815e-01 -3.06454290e-01
 -2.57365811e-01 -2.48469594e-01  1.43468640e-02  4.54058716e-02
  6.38036832e-02  1.20963033e-01  1.38033606e-01  1.59460329e-01
  1.79406392e-01  1.84658892e-01  2.04159291e-01  2.17703408e-01
  2.33690593e-01  2.43749437e-01  3.14581677e-01  3.74673883e-01
  3.80960098e-01  3.95897811e-01  4.04470915e-01  4.14145259e-01
  4.16356517e-01  4.19394865e-01  4.25816982e-01  4.32893191e-01
  5.07274871e-01  5.08328578e-01  5.34396670e-01  5.37302971e-01
  5.51043202e-01  5.79386735e-01  5.82781648e-01  5.87780906e-01
  6.12452026e-01  6.24331771e-01  6.68198720e-01  6.75445745e-01
  7.05416022e-01  7.11519331e-01  7.43184728e-01  7.45998961e-01
  7.51687736e-01  7.62459404e-01  7.64983024e-01  7.95320681e-01
  8.13984516e-01  8.39204697e-01  8.82880331e-01  8.87065496e-01
  8.98865812e-01  9.16441554e-01  9.40740984e-01  9.72577990e-01
  9.86396487e-01  1.02305172e+00  1.03157063e+00  1.04052853e+00
  1.05621183e+00  1.10090197e+00  1.10135178e+00  1.13383343e+00
  1.14339526e+00  1.16727777e+00  1.23123624e+00  1.23253765e+00
  1.26318880e+00  1.29173906e+00  1.31580125e+00  1.32398895e+00
  1.35330795e+00  1.36542621e+00  1.42041195e+00  1.44111228e+00
  1.51408685e+00  1.54401014e+00  1.65714511e+00  1.66131216e+00
  1.68752231e+00  1.69807042e+00  1.71278606e+00  1.72582986e+00
  1.77238001e+00  1.77666422e+00  1.80975247e+00  1.82436584e+00
  1.82936683e+00  1.87855383e+00  1.94557785e+00  1.94601298e+00
  1.95436974e+00  1.96588406e+00  1.99412323e+00  2.02484044e+00
  2.02720182e+00  2.03788182e+00  2.06733162e+00  2.14126461e+00
  2.15666834e+00  2.18633658e+00  2.20334636e+00  2.21400155e+00
  2.27137315e+00  2.32416739e+00  2.35392320e+00  2.36313018e+00
  2.37783341e+00  2.42313189e+00  2.45586361e+00  2.46528322e+00
  2.50772252e+00  2.50794941e+00  2.56774006e+00  2.63150490e+00
  2.65531166e+00  2.66435243e+00  2.68289909e+00  2.69674212e+00
  2.70949459e+00  2.72139765e+00  2.74504257e+00  2.84311914e+00
  2.84619358e+00  2.85471298e+00  2.86484284e+00  2.88529070e+00
  2.89909708e+00  2.90025949e+00  2.91300515e+00  2.94254188e+00
  2.95735069e+00  3.01771380e+00  3.06958246e+00  3.09935124e+00
  3.11097227e+00  3.20508703e+00  3.23832963e+00  3.28411061e+00
  3.29219218e+00  3.30976463e+00  3.32648563e+00  3.48060236e+00
  3.52597872e+00  3.69190999e+00  3.77597244e+00  3.82052622e+00
  3.93109828e+00  4.00087439e+00  4.09179391e+00  4.09216715e+00
  4.14524757e+00  4.28107972e+00  4.34837000e+00  4.38936204e+00
  4.41953595e+00  4.76899152e+00  4.86172997e+00  5.65977987e+00
  1.01838313e+01  2.47476767e+01  2.50087574e+01  2.50419459e+01
  2.51496122e+01  2.52296717e+01  2.52839296e+01  2.62569508e+01
  2.62628545e+01  2.68396753e+01  3.70303575e+01  2.19076717e+02]
E1 = -1760.5454101808132  E_coul = 641.8662819384621
cycle= 1 E= -745.771760087165  delta_E= 1.91  |g|= 0.553  |ddm|= 3.18
    CPU time for cycle= 1      1.57 sec, wall time      0.06 sec
  HOMO = -0.392451686882094  LUMO = 0.066429951732807
  mo_energy =
[-1.04713197e+02 -1.55505082e+01 -1.14199223e+01 -1.13754297e+01
 -1.13747483e+01 -1.13418588e+01 -1.13023689e+01 -1.13022719e+01
 -1.04540599e+01 -7.92100718e+00 -7.91745919e+00 -7.91745370e+00
 -1.31682314e+00 -1.14968125e+00 -1.10913532e+00 -1.09843257e+00
 -9.28708407e-01 -9.14094062e-01 -9.09136738e-01 -7.72123671e-01
 -7.08895309e-01 -6.96476663e-01 -6.49020901e-01 -6.48872500e-01
 -6.41720785e-01 -6.16778868e-01 -5.93107276e-01 -5.57631243e-01
 -5.13455993e-01 -4.32487762e-01 -4.25160271e-01 -4.00637199e-01
 -3.92726996e-01 -3.92451687e-01  6.64299517e-02  8.12044000e-02
  1.21805756e-01  1.46835598e-01  1.55309092e-01  1.82281040e-01
  1.85413780e-01  1.91585804e-01  2.15483273e-01  2.25137131e-01
  2.51295436e-01  2.94105595e-01  3.41008759e-01  3.82380043e-01
  4.04605822e-01  4.07171015e-01  4.29511701e-01  4.33355339e-01
  4.37835359e-01  4.58879065e-01  4.66027598e-01  4.80656662e-01
  5.15281290e-01  5.23049411e-01  5.25377739e-01  5.46190515e-01
  5.66434872e-01  5.74862992e-01  5.86283452e-01  5.91551563e-01
  6.04215298e-01  6.41272492e-01  6.78221981e-01  7.07350589e-01
  7.11135157e-01  7.19831133e-01  7.51928057e-01  7.54335267e-01
  7.68297615e-01  7.69273708e-01  7.77062729e-01  8.03185670e-01
  8.13117314e-01  8.38504370e-01  8.83836240e-01  8.86815632e-01
  9.22274668e-01  9.56197324e-01  9.61835752e-01  9.99553468e-01
  1.01498978e+00  1.04380965e+00  1.08168302e+00  1.09444265e+00
  1.09747125e+00  1.13084680e+00  1.15397277e+00  1.16994392e+00
  1.21819165e+00  1.22347139e+00  1.22376157e+00  1.24202437e+00
  1.27771015e+00  1.29920808e+00  1.30620557e+00  1.37449001e+00
  1.39436718e+00  1.40336712e+00  1.40952286e+00  1.45160955e+00
  1.51292376e+00  1.55136435e+00  1.65188927e+00  1.66291981e+00
  1.67642197e+00  1.68844668e+00  1.70290765e+00  1.71719097e+00
  1.76843862e+00  1.77285919e+00  1.80656393e+00  1.81945243e+00
  1.82688495e+00  1.87633778e+00  1.93787720e+00  1.93894441e+00
  1.96004962e+00  1.97567136e+00  2.00300233e+00  2.01494902e+00
  2.02169427e+00  2.03342688e+00  2.07089096e+00  2.13280106e+00
  2.15635638e+00  2.18592007e+00  2.20946232e+00  2.21969106e+00
  2.28441482e+00  2.32684487e+00  2.35101031e+00  2.37892905e+00
  2.39280511e+00  2.42605621e+00  2.45904841e+00  2.47319898e+00
  2.57390708e+00  2.60286010e+00  2.60328786e+00  2.63125164e+00
  2.66133285e+00  2.66590884e+00  2.69538680e+00  2.71613391e+00
  2.72230320e+00  2.72634033e+00  2.79316813e+00  2.82416837e+00
  2.82606927e+00  2.84604769e+00  2.87666389e+00  2.88377370e+00
  2.88530460e+00  2.89333234e+00  2.90727276e+00  2.93898476e+00
  2.95596544e+00  3.03847695e+00  3.07607504e+00  3.08742339e+00
  3.10985547e+00  3.19085358e+00  3.24498201e+00  3.28561049e+00
  3.31557058e+00  3.32111969e+00  3.32567586e+00  3.46894824e+00
  3.53728679e+00  3.69363539e+00  3.77753576e+00  3.82480713e+00
  3.94872209e+00  4.00593725e+00  4.07327835e+00  4.07461508e+00
  4.14403004e+00  4.34071426e+00  4.34810429e+00  4.38659799e+00
  4.42136799e+00  4.77853890e+00  4.91641194e+00  5.69881449e+00
  1.03339893e+01  2.47207792e+01  2.49037321e+01  2.50033793e+01
  2.50976941e+01  2.52072772e+01  2.52707300e+01  2.64042058e+01
  2.64100525e+01  2.69681014e+01  3.70918952e+01  2.19178053e+02]
E1 = -1762.3201569289656  E_coul = 643.5479981967549
cycle= 2 E= -745.864790577025  delta_E= -0.093  |g|= 0.224  |ddm|= 0.666
    CPU time for cycle= 2      1.58 sec, wall time      0.06 sec
  HOMO = -0.358274398866511  LUMO = 0.100588080302267
  mo_energy =
[-1.04825451e+02 -1.55971331e+01 -1.12700815e+01 -1.12696616e+01
 -1.12571308e+01 -1.12408751e+01 -1.12407938e+01 -1.12256959e+01
 -1.05434847e+01 -8.01211679e+00 -8.00946536e+00 -8.00946040e+00
 -1.28484453e+00 -1.10472848e+00 -1.09310277e+00 -1.04892615e+00
 -8.97201100e-01 -8.74466349e-01 -8.70108082e-01 -7.37424325e-01
 -6.72893926e-01 -6.66308288e-01 -6.08501836e-01 -5.91831104e-01
 -5.90051550e-01 -5.87947018e-01 -5.60103462e-01 -5.28839042e-01
 -5.07380949e-01 -4.22870774e-01 -4.18786583e-01 -4.18183906e-01
 -3.99855730e-01 -3.58274399e-01  1.00588080e-01  1.18217933e-01
  1.38155998e-01  1.61554664e-01  1.67612052e-01  1.95725151e-01
  1.98920735e-01  2.13604022e-01  2.33227190e-01  2.39293177e-01
  2.67961810e-01  3.25635094e-01  3.64549654e-01  4.11739864e-01
  4.29603558e-01  4.33634411e-01  4.50137737e-01  4.53893410e-01
  4.62689457e-01  4.63970844e-01  4.66218835e-01  4.67404338e-01
  5.28376135e-01  5.49918624e-01  5.55510535e-01  5.71036554e-01
  5.97322323e-01  6.03149905e-01  6.14134686e-01  6.20801724e-01
  6.35370141e-01  6.72084755e-01  7.09632330e-01  7.37315013e-01
  7.49050657e-01  7.53168012e-01  7.83568981e-01  8.01451626e-01
  8.03009608e-01  8.07298487e-01  8.21834879e-01  8.34869159e-01
  8.36856714e-01  8.67007123e-01  9.09188673e-01  9.19083819e-01
  9.48980617e-01  9.64093047e-01  9.99829212e-01  1.03069799e+00
  1.05805706e+00  1.07182947e+00  1.08848458e+00  1.10247057e+00
  1.11505519e+00  1.16857784e+00  1.16931692e+00  1.17903616e+00
  1.17988601e+00  1.19817394e+00  1.25727744e+00  1.26195572e+00
  1.31461075e+00  1.31470482e+00  1.34547133e+00  1.36859791e+00
  1.41308335e+00  1.42130875e+00  1.44209386e+00  1.47660558e+00
  1.54508336e+00  1.57124558e+00  1.68884652e+00  1.70600182e+00
  1.71556300e+00  1.74653895e+00  1.75397085e+00  1.76032167e+00
  1.80055271e+00  1.80970042e+00  1.83953172e+00  1.85241491e+00
  1.86223306e+00  1.90731217e+00  1.96749432e+00  1.97590784e+00
  2.00178026e+00  2.01387464e+00  2.03760951e+00  2.04681041e+00
  2.05277323e+00  2.06241013e+00  2.10631741e+00  2.16780169e+00
  2.19483894e+00  2.22776082e+00  2.25128643e+00  2.26309230e+00
  2.31750621e+00  2.36573811e+00  2.38902988e+00  2.41857641e+00
  2.43231735e+00  2.46814688e+00  2.49148795e+00  2.50339783e+00
  2.57599978e+00  2.57667377e+00  2.60647113e+00  2.66890157e+00
  2.69601399e+00  2.72637570e+00  2.72787468e+00  2.74617433e+00
  2.75508087e+00  2.76678582e+00  2.79777957e+00  2.87077698e+00
  2.90668388e+00  2.90816859e+00  2.91393358e+00  2.91594821e+00
  2.91954986e+00  2.92818397e+00  2.94185614e+00  2.98935860e+00
  2.99310492e+00  3.06485615e+00  3.11395948e+00  3.14483284e+00
  3.14751812e+00  3.24304553e+00  3.28998263e+00  3.33387467e+00
  3.34604443e+00  3.36053806e+00  3.37129663e+00  3.55286499e+00
  3.59096346e+00  3.75307205e+00  3.83432754e+00  3.87706450e+00
  3.98764708e+00  4.04262619e+00  4.16132048e+00  4.16265217e+00
  4.18826183e+00  4.32195513e+00  4.39409846e+00  4.43226529e+00
  4.46731770e+00  4.82339593e+00  4.91372282e+00  5.70934205e+00
  1.02586461e+01  2.48003611e+01  2.50886915e+01  2.50906997e+01
  2.51911331e+01  2.52826046e+01  2.53427153e+01  2.63324480e+01
  2.63382936e+01  2.68969787e+01  3.70477261e+01  2.19068734e+02]
E1 = -1761.9191664974342  E_coul = 643.1350487719322
cycle= 3 E= -745.876749570316  delta_E= -0.012  |g|= 0.0722  |ddm|= 0.224
    CPU time for cycle= 3      1.55 sec, wall time      0.06 sec
  HOMO = -0.360458094267828  LUMO = 0.102920086302513
  mo_energy =
[-1.04799463e+02 -1.55573316e+01 -1.12791549e+01 -1.12788022e+01
 -1.12742120e+01 -1.12661731e+01 -1.12495508e+01 -1.12494128e+01
 -1.05263093e+01 -7.99431839e+00 -7.99179113e+00 -7.99178683e+00
 -1.27874564e+00 -1.10588871e+00 -1.09564401e+00 -1.05001225e+00
 -9.03416672e-01 -8.72172273e-01 -8.71573510e-01 -7.38279539e-01
 -6.76487189e-01 -6.65868432e-01 -6.13293528e-01 -6.03338599e-01
 -6.01322382e-01 -5.90490956e-01 -5.58137753e-01 -5.32744272e-01
 -5.12585918e-01 -4.21771155e-01 -4.17386928e-01 -4.16850134e-01
 -3.97542755e-01 -3.60458094e-01  1.02920086e-01  1.17407890e-01
  1.39114124e-01  1.61582225e-01  1.68084008e-01  1.96062710e-01
  1.99992142e-01  2.11001079e-01  2.31111978e-01  2.39939669e-01
  2.66637875e-01  3.27778970e-01  3.66139026e-01  4.12627109e-01
  4.29398817e-01  4.34450659e-01  4.50151627e-01  4.50280584e-01
  4.62579603e-01  4.64234265e-01  4.64959249e-01  4.67919234e-01
  5.27952392e-01  5.49738398e-01  5.53553207e-01  5.71179827e-01
  5.97054448e-01  6.01636486e-01  6.13865865e-01  6.17956183e-01
  6.33921524e-01  6.70933230e-01  7.08184139e-01  7.37586350e-01
  7.44689960e-01  7.51427260e-01  7.82723514e-01  7.95978277e-01
  8.03041400e-01  8.06758076e-01  8.11952339e-01  8.32400179e-01
  8.36007764e-01  8.65421998e-01  9.08755812e-01  9.17745627e-01
  9.45718475e-01  9.70411093e-01  9.97463803e-01  1.03010694e+00
  1.05556477e+00  1.07266168e+00  1.08561952e+00  1.10201511e+00
  1.11328243e+00  1.16743478e+00  1.17168875e+00  1.18278858e+00
  1.18505753e+00  1.19901192e+00  1.25846097e+00  1.25907044e+00
  1.31356533e+00  1.31362013e+00  1.34454147e+00  1.36988764e+00
  1.40971540e+00  1.41825998e+00  1.44347720e+00  1.47718001e+00
  1.54589188e+00  1.57338202e+00  1.68812163e+00  1.70229851e+00
  1.71389617e+00  1.73718136e+00  1.75115020e+00  1.75409322e+00
  1.80166021e+00  1.80866514e+00  1.84034120e+00  1.85308647e+00
  1.86224599e+00  1.90894596e+00  1.96913743e+00  1.97583451e+00
  1.99676496e+00  2.00965755e+00  2.03505500e+00  2.04735761e+00
  2.05448412e+00  2.06451533e+00  2.10538486e+00  2.16846237e+00
  2.19388929e+00  2.22549883e+00  2.24850136e+00  2.25998667e+00
  2.31725650e+00  2.36417540e+00  2.38797656e+00  2.41390062e+00
  2.42831273e+00  2.46724614e+00  2.49182693e+00  2.50700356e+00
  2.57835627e+00  2.57913403e+00  2.60968104e+00  2.66958757e+00
  2.69719757e+00  2.71970934e+00  2.72890683e+00  2.74711814e+00
  2.75496141e+00  2.76382488e+00  2.79659446e+00  2.87257538e+00
  2.89743357e+00  2.89744425e+00  2.91454611e+00  2.91662272e+00
  2.91864331e+00  2.92926518e+00  2.93902053e+00  2.98471215e+00
  2.99394566e+00  3.06917080e+00  3.11478359e+00  3.14093999e+00
  3.14537561e+00  3.23886673e+00  3.28631910e+00  3.33204791e+00
  3.35007676e+00  3.36384915e+00  3.36584772e+00  3.53285613e+00
  3.58682619e+00  3.74787581e+00  3.83040066e+00  3.87377097e+00
  3.98881757e+00  4.04691242e+00  4.14536327e+00  4.14659764e+00
  4.19031661e+00  4.34318532e+00  4.39270350e+00  4.43135420e+00
  4.46688323e+00  4.82227677e+00  4.92882107e+00  5.72289509e+00
  1.02721781e+01  2.47920087e+01  2.50431209e+01  2.50818781e+01
  2.51824280e+01  2.52740697e+01  2.53341469e+01  2.63450070e+01
  2.63508503e+01  2.69088308e+01  3.70864380e+01  2.19093637e+02]
E1 = -1761.9451239783855  E_coul = 643.1593437065337
cycle= 4 E= -745.878412116666  delta_E= -0.00166  |g|= 0.0159  |ddm|= 0.0925
    CPU time for cycle= 4      1.54 sec, wall time      0.06 sec
  HOMO = -0.361548929752256  LUMO = 0.101315001524101
  mo_energy =
[-1.04798152e+02 -1.55744264e+01 -1.12848346e+01 -1.12848160e+01
 -1.12755427e+01 -1.12673981e+01 -1.12489428e+01 -1.12488880e+01
 -1.05246379e+01 -7.99267555e+00 -7.99013370e+00 -7.99012949e+00
 -1.28454007e+00 -1.10687995e+00 -1.09547248e+00 -1.05170784e+00
 -9.03766600e-01 -8.74880284e-01 -8.72832811e-01 -7.39899467e-01
 -6.79465032e-01 -6.66486463e-01 -6.14681314e-01 -6.04344079e-01
 -6.02292752e-01 -5.92572133e-01 -5.60721366e-01 -5.34564904e-01
 -5.12908777e-01 -4.27173402e-01 -4.17037752e-01 -4.16499432e-01
 -3.99141920e-01 -3.61548930e-01  1.01315002e-01  1.15934835e-01
  1.38957679e-01  1.61322269e-01  1.67889334e-01  1.95816024e-01
  1.99952327e-01  2.10804315e-01  2.30352250e-01  2.39676752e-01
  2.66123147e-01  3.26289430e-01  3.64570889e-01  4.12246104e-01
  4.28581656e-01  4.34396306e-01  4.49567674e-01  4.49781684e-01
  4.61617660e-01  4.63804365e-01  4.64152696e-01  4.67926004e-01
  5.27079709e-01  5.48531397e-01  5.53439813e-01  5.69660829e-01
  5.96442359e-01  6.01230755e-01  6.13321335e-01  6.17244813e-01
  6.33000802e-01  6.69332448e-01  7.07356011e-01  7.36032741e-01
  7.43867619e-01  7.51332921e-01  7.82134739e-01  7.94886893e-01
  7.99866447e-01  8.06318437e-01  8.10926439e-01  8.30646023e-01
  8.35906066e-01  8.64460110e-01  9.08237319e-01  9.17384907e-01
  9.44391565e-01  9.66643066e-01  9.96578369e-01  1.02890734e+00
  1.05412103e+00  1.07079365e+00  1.08535733e+00  1.10165283e+00
  1.11294362e+00  1.16672398e+00  1.17033627e+00  1.18331766e+00
  1.18600296e+00  1.19879683e+00  1.25634194e+00  1.25729135e+00
  1.31204313e+00  1.31298861e+00  1.34352092e+00  1.36872613e+00
  1.40922889e+00  1.41758842e+00  1.44094722e+00  1.47500541e+00
  1.54314071e+00  1.57024624e+00  1.68703961e+00  1.70132073e+00
  1.71267605e+00  1.73615278e+00  1.75016242e+00  1.75246163e+00
  1.80137717e+00  1.80728702e+00  1.83926455e+00  1.85218317e+00
  1.86086087e+00  1.90704402e+00  1.96869565e+00  1.97460151e+00
  1.99589119e+00  2.00874101e+00  2.03409810e+00  2.04671650e+00
  2.05365001e+00  2.06299849e+00  2.10408859e+00  2.16753031e+00
  2.19330841e+00  2.22386952e+00  2.24765236e+00  2.25869423e+00
  2.31542699e+00  2.36309381e+00  2.38639686e+00  2.41332086e+00
  2.42749275e+00  2.46472423e+00  2.49054619e+00  2.50533329e+00
  2.57883466e+00  2.57962006e+00  2.60804993e+00  2.66864552e+00
  2.69603424e+00  2.71865438e+00  2.72599564e+00  2.74688386e+00
  2.75210636e+00  2.76273012e+00  2.79656444e+00  2.87132469e+00
  2.89597298e+00  2.89616947e+00  2.91066011e+00  2.91594540e+00
  2.91828351e+00  2.92869663e+00  2.93837573e+00  2.98367489e+00
  2.99263845e+00  3.06497908e+00  3.11316321e+00  3.13843937e+00
  3.14313296e+00  3.23617237e+00  3.28496619e+00  3.33009097e+00
  3.34586771e+00  3.35931634e+00  3.36499415e+00  3.53209580e+00
  3.58537459e+00  3.74622040e+00  3.82922425e+00  3.87368692e+00
  3.98575589e+00  4.04196911e+00  4.14423979e+00  4.14546384e+00
  4.18574529e+00  4.33241435e+00  4.39192300e+00  4.43094952e+00
  4.46446710e+00  4.82018990e+00  4.92020053e+00  5.71448618e+00
  1.02736663e+01  2.47901405e+01  2.50418463e+01  2.50786125e+01
  2.51785638e+01  2.52721670e+01  2.53335560e+01  2.63464550e+01
  2.63522978e+01  2.69101887e+01  3.70696838e+01  2.19094974e+02]
E1 = -1761.9977352881515  E_coul = 643.2118855283933
cycle= 5 E= -745.878481604572  delta_E= -6.95e-05  |g|= 0.00572  |ddm|= 0.022
    CPU time for cycle= 5      1.55 sec, wall time      0.06 sec
  HOMO = -0.361479745833557  LUMO = 0.10168869686476
  mo_energy =
[-1.04799688e+02 -1.55708359e+01 -1.12839008e+01 -1.12838221e+01
 -1.12732261e+01 -1.12687504e+01 -1.12503556e+01 -1.12502822e+01
 -1.05255335e+01 -7.99362372e+00 -7.99106559e+00 -7.99106136e+00
 -1.28315149e+00 -1.10703729e+00 -1.09525747e+00 -1.05147992e+00
 -9.03066802e-01 -8.74596720e-01 -8.72895140e-01 -7.39911744e-01
 -6.79264697e-01 -6.66843484e-01 -6.14727952e-01 -6.03498845e-01
 -6.01516420e-01 -5.92734062e-01 -5.59905440e-01 -5.34756745e-01
 -5.12714524e-01 -4.26314388e-01 -4.17125608e-01 -4.16594729e-01
 -3.98635999e-01 -3.61479746e-01  1.01688697e-01  1.15980899e-01
  1.38967268e-01  1.61385904e-01  1.67874486e-01  1.95877350e-01
  1.99824389e-01  2.11171774e-01  2.30816124e-01  2.39751219e-01
  2.66390196e-01  3.26538959e-01  3.64866757e-01  4.12004733e-01
  4.28657261e-01  4.33999753e-01  4.49783011e-01  4.50031023e-01
  4.61807047e-01  4.63994396e-01  4.64264883e-01  4.67916515e-01
  5.27257301e-01  5.48691148e-01  5.53495284e-01  5.69934326e-01
  5.96263909e-01  6.01406309e-01  6.13143307e-01  6.17283756e-01
  6.33189662e-01  6.69667427e-01  7.07508939e-01  7.36265437e-01
  7.44432631e-01  7.51098430e-01  7.81861964e-01  7.95481304e-01
  8.00501382e-01  8.05896078e-01  8.11680351e-01  8.31137535e-01
  8.35523733e-01  8.64525059e-01  9.08132710e-01  9.17173456e-01
  9.45003575e-01  9.67967418e-01  9.96383877e-01  1.02896495e+00
  1.05412715e+00  1.07116744e+00  1.08557982e+00  1.10199496e+00
  1.11310149e+00  1.16644580e+00  1.17056117e+00  1.18312235e+00
  1.18576892e+00  1.19871993e+00  1.25704734e+00  1.25713887e+00
  1.31253017e+00  1.31273933e+00  1.34330461e+00  1.36913415e+00
  1.40968294e+00  1.41802565e+00  1.44133190e+00  1.47553675e+00
  1.54363069e+00  1.57094205e+00  1.68683021e+00  1.70195812e+00
  1.71268796e+00  1.73692311e+00  1.75086779e+00  1.75245682e+00
  1.80087585e+00  1.80721862e+00  1.83911084e+00  1.85199250e+00
  1.86080563e+00  1.90731282e+00  1.96845051e+00  1.97456393e+00
  1.99651120e+00  2.00921821e+00  2.03442997e+00  2.04662945e+00
  2.05341541e+00  2.06306691e+00  2.10415224e+00  2.16729641e+00
  2.19281299e+00  2.22386711e+00  2.24768909e+00  2.25883594e+00
  2.31573524e+00  2.36284262e+00  2.38639852e+00  2.41385175e+00
  2.42801708e+00  2.46513466e+00  2.49039751e+00  2.50538576e+00
  2.57879872e+00  2.57958286e+00  2.60790601e+00  2.66864180e+00
  2.69581843e+00  2.71935083e+00  2.72683415e+00  2.74656145e+00
  2.75294987e+00  2.76328695e+00  2.79654085e+00  2.87147535e+00
  2.89695011e+00  2.89703208e+00  2.91140553e+00  2.91557559e+00
  2.91769023e+00  2.92850743e+00  2.93836203e+00  2.98326672e+00
  2.99241041e+00  3.06579950e+00  3.11291638e+00  3.13854992e+00
  3.14323708e+00  3.23651093e+00  3.28569418e+00  3.33018333e+00
  3.34656996e+00  3.36019309e+00  3.36459518e+00  3.53320092e+00
  3.58498481e+00  3.74608971e+00  3.82883992e+00  3.87287001e+00
  3.98613084e+00  4.04298146e+00  4.14534433e+00  4.14657739e+00
  4.18659769e+00  4.33482791e+00  4.39145448e+00  4.43018863e+00
  4.46455393e+00  4.82005753e+00  4.92216063e+00  5.71620445e+00
  1.02729824e+01  2.47894981e+01  2.50440684e+01  2.50786693e+01
  2.51786275e+01  2.52717082e+01  2.53324147e+01  2.63458456e+01
  2.63516878e+01  2.69095244e+01  3.70731917e+01  2.19093513e+02]
E1 = -1761.9849624198325  E_coul = 643.1990974257659
cycle= 6 E= -745.878496838881  delta_E= -1.52e-05  |g|= 0.00202  |ddm|= 0.00718
    CPU time for cycle= 6      1.55 sec, wall time      0.06 sec
  HOMO = -0.361270194783226  LUMO = 0.102046777955158
  mo_energy =
[-1.04799909e+02 -1.55710269e+01 -1.12834307e+01 -1.12833301e+01
 -1.12737828e+01 -1.12673919e+01 -1.12498393e+01 -1.12497707e+01
 -1.05258235e+01 -7.99391204e+00 -7.99134207e+00 -7.99133784e+00
 -1.28310439e+00 -1.10661709e+00 -1.09548934e+00 -1.05124523e+00
 -9.03301075e-01 -8.74407280e-01 -8.72564134e-01 -7.39679598e-01
 -6.78956412e-01 -6.66649477e-01 -6.14550294e-01 -6.03697235e-01
 -6.01689212e-01 -5.92431610e-01 -5.59652563e-01 -5.34487411e-01
 -5.12965429e-01 -4.26576437e-01 -4.17342287e-01 -4.16830013e-01
 -3.98220079e-01 -3.61270195e-01  1.02046778e-01  1.16121764e-01
  1.39036102e-01  1.61411122e-01  1.67911406e-01  1.95886642e-01
  1.99903396e-01  2.10933351e-01  2.30734569e-01  2.39756786e-01
  2.66340123e-01  3.26784108e-01  3.64897536e-01  4.12233588e-01
  4.28698132e-01  4.34211992e-01  4.49738793e-01  4.49881114e-01
  4.61856205e-01  4.63867189e-01  4.64296434e-01  4.67760285e-01
  5.27297323e-01  5.48760637e-01  5.53785525e-01  5.70047068e-01
  5.96535665e-01  6.01598397e-01  6.13333388e-01  6.17425193e-01
  6.33428841e-01  6.69686856e-01  7.07683282e-01  7.36395486e-01
  7.44262359e-01  7.51403309e-01  7.82139595e-01  7.95396082e-01
  8.00621330e-01  8.06106507e-01  8.11527440e-01  8.31152628e-01
  8.35714682e-01  8.64692088e-01  9.08339820e-01  9.17436605e-01
  9.44844348e-01  9.67908907e-01  9.96629437e-01  1.02914606e+00
  1.05437195e+00  1.07129480e+00  1.08544489e+00  1.10177039e+00
  1.11299112e+00  1.16673852e+00  1.17063046e+00  1.18303109e+00
  1.18552907e+00  1.19881587e+00  1.25704045e+00  1.25751610e+00
  1.31239441e+00  1.31296655e+00  1.34365640e+00  1.36890814e+00
  1.40946290e+00  1.41783805e+00  1.44146016e+00  1.47557491e+00
  1.54375441e+00  1.57098890e+00  1.68708696e+00  1.70178506e+00
  1.71289655e+00  1.73672199e+00  1.75069368e+00  1.75272494e+00
  1.80117784e+00  1.80752815e+00  1.83928280e+00  1.85218840e+00
  1.86106497e+00  1.90738193e+00  1.96863453e+00  1.97474934e+00
  1.99633693e+00  2.00909349e+00  2.03437118e+00  2.04675862e+00
  2.05355575e+00  2.06326788e+00  2.10424270e+00  2.16752685e+00
  2.19316006e+00  2.22415669e+00  2.24785834e+00  2.25899579e+00
  2.31580125e+00  2.36317669e+00  2.38665171e+00  2.41365641e+00
  2.42785859e+00  2.46529044e+00  2.49068375e+00  2.50546959e+00
  2.57857438e+00  2.57935614e+00  2.60813247e+00  2.66873714e+00
  2.69601310e+00  2.71920386e+00  2.72676926e+00  2.74669870e+00
  2.75286363e+00  2.76318778e+00  2.79644916e+00  2.87153716e+00
  2.89680434e+00  2.89680715e+00  2.91147905e+00  2.91571668e+00
  2.91805194e+00  2.92858995e+00  2.93837185e+00  2.98374661e+00
  2.99262179e+00  3.06582298e+00  3.11322959e+00  3.13906562e+00
  3.14347512e+00  3.23679727e+00  3.28555446e+00  3.33042316e+00
  3.34670565e+00  3.36027945e+00  3.36509022e+00  3.53288626e+00
  3.58545469e+00  3.74644395e+00  3.82930038e+00  3.87342642e+00
  3.98635731e+00  4.04306116e+00  4.14506664e+00  4.14629175e+00
  4.18674278e+00  4.33458130e+00  4.39177803e+00  4.43066303e+00
  4.46485119e+00  4.82047100e+00  4.92203330e+00  5.71618641e+00
  1.02727006e+01  2.47902180e+01  2.50435284e+01  2.50791485e+01
  2.51793970e+01  2.52721955e+01  2.53332058e+01  2.63455868e+01
  2.63514289e+01  2.69092129e+01  3.70730024e+01  2.19093287e+02]
E1 = -1761.9825229562996  E_coul = 643.1966549594989
cycle= 7 E= -745.878499841615  delta_E= -3e-06  |g|= 0.000768  |ddm|= 0.00409
    CPU time for cycle= 7      1.55 sec, wall time      0.06 sec
  HOMO = -0.361322625296441  LUMO = 0.102006237551776
  mo_energy =
[-1.04799926e+02 -1.55712642e+01 -1.12833747e+01 -1.12832991e+01
 -1.12735651e+01 -1.12678106e+01 -1.12499719e+01 -1.12499049e+01
 -1.05258723e+01 -7.99395729e+00 -7.99138723e+00 -7.99138302e+00
 -1.28320654e+00 -1.10675845e+00 -1.09549926e+00 -1.05128475e+00
 -9.03267197e-01 -8.74473000e-01 -8.72607655e-01 -7.39709655e-01
 -6.79033555e-01 -6.66652084e-01 -6.14550915e-01 -6.03621104e-01
 -6.01615039e-01 -5.92532318e-01 -5.59689589e-01 -5.34527739e-01
 -5.12976518e-01 -4.26695173e-01 -4.17393002e-01 -4.16879825e-01
 -3.98272331e-01 -3.61322625e-01  1.02006238e-01  1.16067573e-01
  1.39048158e-01  1.61423656e-01  1.67938761e-01  1.95909191e-01
  1.99916625e-01  2.10926707e-01  2.30760021e-01  2.39781273e-01
  2.66370995e-01  3.26767555e-01  3.64875693e-01  4.12205625e-01
  4.28699853e-01  4.34172417e-01  4.49715511e-01  4.49906184e-01
  4.61844973e-01  4.63857003e-01  4.64286385e-01  4.67718651e-01
  5.27299325e-01  5.48750519e-01  5.53739561e-01  5.70041633e-01
  5.96495903e-01  6.01593714e-01  6.13308281e-01  6.17397177e-01
  6.33390729e-01  6.69680734e-01  7.07672930e-01  7.36428637e-01
  7.44303205e-01  7.51349210e-01  7.82103101e-01  7.95457854e-01
  8.00590083e-01  8.06073568e-01  8.11593585e-01  8.31197199e-01
  8.35690328e-01  8.64698538e-01  9.08324896e-01  9.17405374e-01
  9.44854743e-01  9.67883979e-01  9.96582406e-01  1.02911631e+00
  1.05429193e+00  1.07127121e+00  1.08543973e+00  1.10176160e+00
  1.11298456e+00  1.16669431e+00  1.17059125e+00  1.18297663e+00
  1.18546876e+00  1.19877869e+00  1.25702261e+00  1.25744299e+00
  1.31236398e+00  1.31295606e+00  1.34362317e+00  1.36886728e+00
  1.40948394e+00  1.41785071e+00  1.44146989e+00  1.47552824e+00
  1.54373482e+00  1.57092627e+00  1.68705288e+00  1.70184201e+00
  1.71287829e+00  1.73679302e+00  1.75076137e+00  1.75267282e+00
  1.80115080e+00  1.80746007e+00  1.83928073e+00  1.85218783e+00
  1.86103314e+00  1.90740973e+00  1.96863686e+00  1.97475915e+00
  1.99638517e+00  2.00912931e+00  2.03439455e+00  2.04677629e+00
  2.05355615e+00  2.06325156e+00  2.10422089e+00  2.16752865e+00
  2.19309529e+00  2.22412132e+00  2.24782820e+00  2.25897658e+00
  2.31578692e+00  2.36311338e+00  2.38661040e+00  2.41369872e+00
  2.42789405e+00  2.46527638e+00  2.49059860e+00  2.50547483e+00
  2.57854842e+00  2.57932924e+00  2.60807207e+00  2.66876146e+00
  2.69598928e+00  2.71926749e+00  2.72675408e+00  2.74666813e+00
  2.75286169e+00  2.76323488e+00  2.79643877e+00  2.87157952e+00
  2.89689022e+00  2.89689573e+00  2.91144466e+00  2.91570476e+00
  2.91802965e+00  2.92861262e+00  2.93841539e+00  2.98363624e+00
  2.99260317e+00  3.06576396e+00  3.11315393e+00  3.13897863e+00
  3.14340523e+00  3.23677588e+00  3.28559661e+00  3.33038237e+00
  3.34661868e+00  3.36024220e+00  3.36497186e+00  3.53298289e+00
  3.58533359e+00  3.74639250e+00  3.82920161e+00  3.87328750e+00
  3.98627310e+00  4.04306192e+00  4.14517303e+00  4.14639705e+00
  4.18673397e+00  4.33439946e+00  4.39173609e+00  4.43057746e+00
  4.46480512e+00  4.82035933e+00  4.92188931e+00  5.71606708e+00
  1.02726467e+01  2.47900632e+01  2.50437361e+01  2.50791222e+01
  2.51792734e+01  2.52721316e+01  2.53329910e+01  2.63455382e+01
  2.63513805e+01  2.69091471e+01  3.70727688e+01  2.19093267e+02]
E1 = -1761.9840215379709  E_coul = 643.1981530265568
cycle= 8 E= -745.878500356228  delta_E= -5.15e-07  |g|= 0.000333  |ddm|= 0.00136
    CPU time for cycle= 8      1.56 sec, wall time      0.06 sec
  HOMO = -0.361328142600243  LUMO = 0.102029289202616
  mo_energy =
[-1.04799923e+02 -1.55713098e+01 -1.12833983e+01 -1.12833103e+01
 -1.12735480e+01 -1.12676400e+01 -1.12500003e+01 -1.12499301e+01
 -1.05258662e+01 -7.99395022e+00 -7.99138140e+00 -7.99137719e+00
 -1.28321595e+00 -1.10672211e+00 -1.09550408e+00 -1.05128318e+00
 -9.03266310e-01 -8.74469522e-01 -8.72589581e-01 -7.39683610e-01
 -6.79021639e-01 -6.66660061e-01 -6.14543266e-01 -6.03612867e-01
 -6.01606292e-01 -5.92489926e-01 -5.59679699e-01 -5.34511620e-01
 -5.12973686e-01 -4.26719262e-01 -4.17401765e-01 -4.16889878e-01
 -3.98236228e-01 -3.61328143e-01  1.02029289e-01  1.16059656e-01
  1.39056607e-01  1.61432798e-01  1.67941764e-01  1.95911436e-01
  1.99927082e-01  2.10916701e-01  2.30761575e-01  2.39786199e-01
  2.66376125e-01  3.26781125e-01  3.64877356e-01  4.12226017e-01
  4.28701700e-01  4.34186799e-01  4.49717198e-01  4.49906208e-01
  4.61848996e-01  4.63854059e-01  4.64287818e-01  4.67706702e-01
  5.27304572e-01  5.48751544e-01  5.53750624e-01  5.70042984e-01
  5.96525128e-01  6.01592561e-01  6.13323991e-01  6.17417720e-01
  6.33402959e-01  6.69687205e-01  7.07672505e-01  7.36437189e-01
  7.44307593e-01  7.51367089e-01  7.82141547e-01  7.95467347e-01
  8.00604165e-01  8.06070282e-01  8.11600916e-01  8.31205591e-01
  8.35684821e-01  8.64719047e-01  9.08342122e-01  9.17423432e-01
  9.44854103e-01  9.67879535e-01  9.96597946e-01  1.02913065e+00
  1.05431623e+00  1.07127258e+00  1.08543931e+00  1.10176061e+00
  1.11298710e+00  1.16671558e+00  1.17059457e+00  1.18297857e+00
  1.18546333e+00  1.19878830e+00  1.25702343e+00  1.25746502e+00
  1.31236364e+00  1.31295930e+00  1.34366186e+00  1.36886049e+00
  1.40948522e+00  1.41785320e+00  1.44147706e+00  1.47553265e+00
  1.54373062e+00  1.57092187e+00  1.68707079e+00  1.70184905e+00
  1.71289121e+00  1.73679966e+00  1.75076955e+00  1.75270206e+00
  1.80116929e+00  1.80748081e+00  1.83929016e+00  1.85220165e+00
  1.86105054e+00  1.90741925e+00  1.96865590e+00  1.97476966e+00
  1.99639000e+00  2.00913457e+00  2.03440262e+00  2.04678281e+00
  2.05355565e+00  2.06328255e+00  2.10422663e+00  2.16754963e+00
  2.19311364e+00  2.22413157e+00  2.24785496e+00  2.25899410e+00
  2.31578977e+00  2.36313515e+00  2.38661996e+00  2.41370197e+00
  2.42789819e+00  2.46529160e+00  2.49062207e+00  2.50548073e+00
  2.57854599e+00  2.57932650e+00  2.60809302e+00  2.66877200e+00
  2.69599112e+00  2.71927759e+00  2.72675252e+00  2.74668564e+00
  2.75286081e+00  2.76324194e+00  2.79644507e+00  2.87160100e+00
  2.89690324e+00  2.89690485e+00  2.91143725e+00  2.91569929e+00
  2.91807976e+00  2.92860856e+00  2.93841994e+00  2.98365826e+00
  2.99260574e+00  3.06576203e+00  3.11317590e+00  3.13902579e+00
  3.14339479e+00  3.23677295e+00  3.28560286e+00  3.33039343e+00
  3.34662778e+00  3.36023843e+00  3.36500088e+00  3.53298967e+00
  3.58535786e+00  3.74639456e+00  3.82922934e+00  3.87333819e+00
  3.98628574e+00  4.04306339e+00  4.14518349e+00  4.14640695e+00
  4.18673674e+00  4.33435663e+00  4.39173837e+00  4.43061276e+00
  4.46481581e+00  4.82038591e+00  4.92186250e+00  5.71605045e+00
  1.02726491e+01  2.47900945e+01  2.50437531e+01  2.50791034e+01
  2.51793223e+01  2.52721105e+01  2.53330358e+01  2.63455421e+01
  2.63513845e+01  2.69091439e+01  3.70727236e+01  2.19093269e+02]
E1 = -1761.9836713430961  E_coul = 643.197802699002
cycle= 9 E= -745.878500488908  delta_E= -1.33e-07  |g|= 0.000136  |ddm|= 0.000786
    CPU time for cycle= 9      1.56 sec, wall time      0.06 sec
  HOMO = -0.361321936767234  LUMO = 0.102027400857933
  mo_energy =
[-1.04799935e+02 -1.55713349e+01 -1.12833315e+01 -1.12832516e+01
 -1.12735855e+01 -1.12676448e+01 -1.12500114e+01 -1.12499446e+01
 -1.05258706e+01 -7.99395516e+00 -7.99138639e+00 -7.99138218e+00
 -1.28320879e+00 -1.10672652e+00 -1.09550726e+00 -1.05127284e+00
 -9.03275442e-01 -8.74466869e-01 -8.72581442e-01 -7.39674123e-01
 -6.79018438e-01 -6.66662577e-01 -6.14536419e-01 -6.03623757e-01
 -6.01616886e-01 -5.92485975e-01 -5.59677339e-01 -5.34511000e-01
 -5.12974540e-01 -4.26720781e-01 -4.17401013e-01 -4.16889227e-01
 -3.98237569e-01 -3.61321937e-01  1.02027401e-01  1.16062762e-01
  1.39056174e-01  1.61431700e-01  1.67941998e-01  1.95909685e-01
  1.99926757e-01  2.10910614e-01  2.30760025e-01  2.39787448e-01
  2.66376600e-01  3.26784638e-01  3.64879935e-01  4.12225910e-01
  4.28700335e-01  4.34182328e-01  4.49717125e-01  4.49901825e-01
  4.61852628e-01  4.63853368e-01  4.64289505e-01  4.67708494e-01
  5.27308040e-01  5.48752290e-01  5.53747393e-01  5.70044630e-01
  5.96524350e-01  6.01593581e-01  6.13322123e-01  6.17420069e-01
  6.33404222e-01  6.69687318e-01  7.07674485e-01  7.36447902e-01
  7.44300910e-01  7.51361862e-01  7.82144222e-01  7.95462998e-01
  8.00614177e-01  8.06062084e-01  8.11591964e-01  8.31212111e-01
  8.35674693e-01  8.64727037e-01  9.08343695e-01  9.17423630e-01
  9.44849951e-01  9.67877104e-01  9.96595624e-01  1.02913433e+00
  1.05431886e+00  1.07127457e+00  1.08543806e+00  1.10175699e+00
  1.11298556e+00  1.16671579e+00  1.17059231e+00  1.18297933e+00
  1.18546542e+00  1.19878703e+00  1.25702816e+00  1.25746771e+00
  1.31236146e+00  1.31295902e+00  1.34366989e+00  1.36885730e+00
  1.40947902e+00  1.41784801e+00  1.44148860e+00  1.47552949e+00
  1.54373669e+00  1.57092297e+00  1.68707105e+00  1.70184113e+00
  1.71289666e+00  1.73678919e+00  1.75075981e+00  1.75270549e+00
  1.80116625e+00  1.80748130e+00  1.83929076e+00  1.85220366e+00
  1.86105417e+00  1.90742764e+00  1.96865639e+00  1.97477514e+00
  1.99638184e+00  2.00912883e+00  2.03439894e+00  2.04678546e+00
  2.05355307e+00  2.06328931e+00  2.10422198e+00  2.16755661e+00
  2.19310864e+00  2.22413741e+00  2.24785230e+00  2.25899435e+00
  2.31579234e+00  2.36313481e+00  2.38662198e+00  2.41369452e+00
  2.42789275e+00  2.46530325e+00  2.49061715e+00  2.50548514e+00
  2.57854427e+00  2.57932482e+00  2.60809119e+00  2.66877774e+00
  2.69598933e+00  2.71926766e+00  2.72675202e+00  2.74668291e+00
  2.75285960e+00  2.76323865e+00  2.79644106e+00  2.87161009e+00
  2.89689000e+00  2.89689905e+00  2.91144219e+00  2.91569277e+00
  2.91808474e+00  2.92860413e+00  2.93841743e+00  2.98365752e+00
  2.99260730e+00  3.06576733e+00  3.11317445e+00  3.13904321e+00
  3.14339507e+00  3.23679014e+00  3.28559514e+00  3.33040094e+00
  3.34663095e+00  3.36024890e+00  3.36499932e+00  3.53297199e+00
  3.58535808e+00  3.74640486e+00  3.82923293e+00  3.87333225e+00
  3.98628839e+00  4.04308350e+00  4.14516666e+00  4.14639007e+00
  4.18675828e+00  4.33434151e+00  4.39173647e+00  4.43060969e+00
  4.46482369e+00  4.82038521e+00  4.92185490e+00  5.71605101e+00
  1.02726467e+01  2.47901064e+01  2.50437172e+01  2.50791351e+01
  2.51793574e+01  2.52721267e+01  2.53330323e+01  2.63455405e+01
  2.63513829e+01  2.69091417e+01  3.70726996e+01  2.19093258e+02]
E1 = -1761.9835511706628  E_coul = 643.1976825025154
cycle= 10 E= -745.878500512961  delta_E= -2.41e-08  |g|= 5.29e-05  |ddm|= 0.000358
    CPU time for cycle= 10      1.59 sec, wall time      0.06 sec
  HOMO = -0.361327228762616  LUMO = 0.102023167289663
  mo_energy =
[-1.04799935e+02 -1.55713382e+01 -1.12833520e+01 -1.12832659e+01
 -1.12735641e+01 -1.12676300e+01 -1.12500262e+01 -1.12499565e+01
 -1.05258716e+01 -7.99395622e+00 -7.99138739e+00 -7.99138318e+00
 -1.28321676e+00 -1.10672908e+00 -1.09550382e+00 -1.05128163e+00
 -9.03271003e-01 -8.74471926e-01 -8.72585736e-01 -7.39676486e-01
 -6.79025473e-01 -6.66668273e-01 -6.14543640e-01 -6.03619449e-01
 -6.01613201e-01 -5.92484433e-01 -5.59683407e-01 -5.34516058e-01
 -5.12971918e-01 -4.26726184e-01 -4.17399477e-01 -4.16887636e-01
 -3.98239782e-01 -3.61327229e-01  1.02023167e-01  1.16057353e-01
  1.39055902e-01  1.61432928e-01  1.67940216e-01  1.95908883e-01
  1.99927506e-01  2.10914631e-01  2.30760651e-01  2.39787155e-01
  2.66377258e-01  3.26781627e-01  3.64877174e-01  4.12225147e-01
  4.28698835e-01  4.34181565e-01  4.49717027e-01  4.49903544e-01
  4.61849436e-01  4.63854483e-01  4.64287509e-01  4.67709682e-01
  5.27305896e-01  5.48748424e-01  5.53743994e-01  5.70039169e-01
  5.96523094e-01  6.01588520e-01  6.13320747e-01  6.17418303e-01
  6.33401541e-01  6.69686047e-01  7.07669979e-01  7.36443666e-01
  7.44303456e-01  7.51360464e-01  7.82146814e-01  7.95464968e-01
  8.00610151e-01  8.06055800e-01  8.11595364e-01  8.31211018e-01
  8.35669245e-01  8.64726236e-01  9.08341866e-01  9.17420533e-01
  9.44851651e-01  9.67875195e-01  9.96592840e-01  1.02913096e+00
  1.05431342e+00  1.07126873e+00  1.08543948e+00  1.10175895e+00
  1.11298611e+00  1.16671174e+00  1.17058951e+00  1.18297920e+00
  1.18546579e+00  1.19878564e+00  1.25702508e+00  1.25746294e+00
  1.31236081e+00  1.31295240e+00  1.34366940e+00  1.36885755e+00
  1.40948162e+00  1.41784988e+00  1.44148370e+00  1.47552634e+00
  1.54373009e+00  1.57091826e+00  1.68706788e+00  1.70184328e+00
  1.71289000e+00  1.73679349e+00  1.75076384e+00  1.75270322e+00
  1.80116459e+00  1.80747796e+00  1.83928748e+00  1.85220082e+00
  1.86105080e+00  1.90742505e+00  1.96865408e+00  1.97477219e+00
  1.99638448e+00  2.00913047e+00  2.03439979e+00  2.04677962e+00
  2.05354854e+00  2.06328897e+00  2.10421968e+00  2.16755413e+00
  2.19310495e+00  2.22413107e+00  2.24785211e+00  2.25899298e+00
  2.31578789e+00  2.36313080e+00  2.38661590e+00  2.41369760e+00
  2.42789489e+00  2.46529870e+00  2.49061434e+00  2.50548118e+00
  2.57854557e+00  2.57932610e+00  2.60808948e+00  2.66877292e+00
  2.69598452e+00  2.71927129e+00  2.72674967e+00  2.74668373e+00
  2.75285803e+00  2.76323925e+00  2.79644267e+00  2.87160955e+00
  2.89689612e+00  2.89690363e+00  2.91143724e+00  2.91568781e+00
  2.91808984e+00  2.92860005e+00  2.93841593e+00  2.98365224e+00
  2.99260156e+00  3.06576226e+00  3.11317219e+00  3.13904154e+00
  3.14338596e+00  3.23678007e+00  3.28559698e+00  3.33039234e+00
  3.34662625e+00  3.36024299e+00  3.36499398e+00  3.53298124e+00
  3.58535228e+00  3.74639469e+00  3.82922700e+00  3.87333091e+00
  3.98628235e+00  4.04307669e+00  4.14517418e+00  4.14639766e+00
  4.18675099e+00  4.33433651e+00  4.39172897e+00  4.43060859e+00
  4.46481699e+00  4.82038067e+00  4.92184905e+00  5.71604472e+00
  1.02726461e+01  2.47900999e+01  2.50437376e+01  2.50791198e+01
  2.51793517e+01  2.52721120e+01  2.53330286e+01  2.63455397e+01
  2.63513821e+01  2.69091421e+01  3.70726962e+01  2.19093258e+02]
E1 = -1761.9835950148542  E_coul = 643.1977263437037
cycle= 11 E= -745.878500515965  delta_E= -3e-09  |g|= 2.04e-05  |ddm|= 0.000122
    CPU time for cycle= 11      1.55 sec, wall time      0.06 sec
  HOMO = -0.36132510413607  LUMO = 0.102022415733333
  mo_energy =
[-1.04799930e+02 -1.55713413e+01 -1.12833435e+01 -1.12832604e+01
 -1.12735685e+01 -1.12676328e+01 -1.12500295e+01 -1.12499615e+01
 -1.05258678e+01 -7.99395237e+00 -7.99138349e+00 -7.99137929e+00
 -1.28321420e+00 -1.10672982e+00 -1.09550329e+00 -1.05128073e+00
 -9.03271366e-01 -8.74472070e-01 -8.72585766e-01 -7.39676386e-01
 -6.79025290e-01 -6.66670347e-01 -6.14543964e-01 -6.03621255e-01
 -6.01615042e-01 -5.92484990e-01 -5.59682090e-01 -5.34516907e-01
 -5.12971902e-01 -4.26726712e-01 -4.17397569e-01 -4.16885708e-01
 -3.98239808e-01 -3.61325104e-01  1.02022416e-01  1.16058202e-01
  1.39055236e-01  1.61432266e-01  1.67939473e-01  1.95907979e-01
  1.99926496e-01  2.10915564e-01  2.30760499e-01  2.39786752e-01
  2.66376914e-01  3.26781724e-01  3.64877625e-01  4.12224152e-01
  4.28698240e-01  4.34180155e-01  4.49717135e-01  4.49903037e-01
  4.61850215e-01  4.63854855e-01  4.64287761e-01  4.67711198e-01
  5.27306399e-01  5.48748271e-01  5.53744446e-01  5.70039052e-01
  5.96522337e-01  6.01589316e-01  6.13319812e-01  6.17418700e-01
  6.33402336e-01  6.69685848e-01  7.07670559e-01  7.36444317e-01
  7.44302529e-01  7.51359532e-01  7.82146052e-01  7.95463885e-01
  8.00611570e-01  8.06053339e-01  8.11593934e-01  8.31211476e-01
  8.35666810e-01  8.64726735e-01  9.08341501e-01  9.17419805e-01
  9.44851252e-01  9.67875993e-01  9.96591619e-01  1.02913120e+00
  1.05431361e+00  1.07126911e+00  1.08543990e+00  1.10175963e+00
  1.11298648e+00  1.16671106e+00  1.17058948e+00  1.18298055e+00
  1.18546805e+00  1.19878566e+00  1.25702622e+00  1.25746287e+00
  1.31236153e+00  1.31295153e+00  1.34366960e+00  1.36885841e+00
  1.40948142e+00  1.41784981e+00  1.44148494e+00  1.47552642e+00
  1.54373081e+00  1.57091939e+00  1.68706692e+00  1.70184194e+00
  1.71289031e+00  1.73679184e+00  1.75076222e+00  1.75270332e+00
  1.80116268e+00  1.80747759e+00  1.83928636e+00  1.85220002e+00
  1.86105058e+00  1.90742560e+00  1.96865305e+00  1.97477186e+00
  1.99638323e+00  2.00912958e+00  2.03439898e+00  2.04677917e+00
  2.05354691e+00  2.06328924e+00  2.10421851e+00  2.16755369e+00
  2.19310302e+00  2.22413118e+00  2.24785125e+00  2.25899243e+00
  2.31578795e+00  2.36312992e+00  2.38661559e+00  2.41369676e+00
  2.42789427e+00  2.46530002e+00  2.49061321e+00  2.50548082e+00
  2.57854701e+00  2.57932757e+00  2.60808833e+00  2.66877283e+00
  2.69598304e+00  2.71926968e+00  2.72674986e+00  2.74668271e+00
  2.75285812e+00  2.76323853e+00  2.79644269e+00  2.87160970e+00
  2.89689417e+00  2.89690245e+00  2.91143784e+00  2.91568544e+00
  2.91808835e+00  2.92859793e+00  2.93841440e+00  2.98365132e+00
  2.99260051e+00  3.06576340e+00  3.11317077e+00  3.13904329e+00
  3.14338572e+00  3.23678205e+00  3.28559580e+00  3.33039314e+00
  3.34662683e+00  3.36024422e+00  3.36499312e+00  3.53297933e+00
  3.58535120e+00  3.74639504e+00  3.82922644e+00  3.87332885e+00
  3.98628261e+00  4.04307929e+00  4.14517181e+00  4.14639531e+00
  4.18675379e+00  4.33433609e+00  4.39172724e+00  4.43060636e+00
  4.46481718e+00  4.82037971e+00  4.92184899e+00  5.71604540e+00
  1.02726495e+01  2.47900995e+01  2.50437333e+01  2.50791223e+01
  2.51793548e+01  2.52721122e+01  2.53330260e+01  2.63455427e+01
  2.63513851e+01  2.69091458e+01  3.70726933e+01  2.19093263e+02]
E1 = -1761.983555793497  E_coul = 643.1976871220031
cycle= 12 E= -745.878500516308  delta_E= -3.43e-10  |g|= 4e-06  |ddm|= 4.67e-05
    CPU time for cycle= 12      1.55 sec, wall time      0.06 sec
  HOMO = -0.361324703804718  LUMO = 0.102022683652321
  mo_energy =
[-1.04799933e+02 -1.55713394e+01 -1.12833434e+01 -1.12832587e+01
 -1.12735686e+01 -1.12676317e+01 -1.12500296e+01 -1.12499606e+01
 -1.05258694e+01 -7.99395405e+00 -7.99138518e+00 -7.99138097e+00
 -1.28321371e+00 -1.10672956e+00 -1.09550358e+00 -1.05128054e+00
 -9.03271567e-01 -8.74471672e-01 -8.72585452e-01 -7.39676123e-01
 -6.79024718e-01 -6.66670166e-01 -6.14543822e-01 -6.03621240e-01
 -6.01614976e-01 -5.92484561e-01 -5.59681684e-01 -5.34516474e-01
 -5.12972195e-01 -4.26726412e-01 -4.17397889e-01 -4.16886035e-01
 -3.98239462e-01 -3.61324704e-01  1.02022684e-01  1.16058506e-01
  1.39055251e-01  1.61432291e-01  1.67939446e-01  1.95907968e-01
  1.99926520e-01  2.10915479e-01  2.30760519e-01  2.39786703e-01
  2.66376994e-01  3.26782025e-01  3.64877756e-01  4.12224308e-01
  4.28698368e-01  4.34180279e-01  4.49717113e-01  4.49903076e-01
  4.61850211e-01  4.63854803e-01  4.64287855e-01  4.67711104e-01
  5.27306468e-01  5.48748376e-01  5.53744651e-01  5.70039262e-01
  5.96522519e-01  6.01589509e-01  6.13320107e-01  6.17418694e-01
  6.33402604e-01  6.69685991e-01  7.07670792e-01  7.36444539e-01
  7.44302522e-01  7.51359779e-01  7.82146299e-01  7.95463990e-01
  8.00611855e-01  8.06053453e-01  8.11593966e-01  8.31211689e-01
  8.35666883e-01  8.64726902e-01  9.08341663e-01  9.17419946e-01
  9.44851296e-01  9.67876342e-01  9.96591844e-01  1.02913139e+00
  1.05431376e+00  1.07126931e+00  1.08543980e+00  1.10175938e+00
  1.11298629e+00  1.16671129e+00  1.17058963e+00  1.18298018e+00
  1.18546745e+00  1.19878562e+00  1.25702651e+00  1.25746318e+00
  1.31236147e+00  1.31295169e+00  1.34366995e+00  1.36885824e+00
  1.40948127e+00  1.41784970e+00  1.44148523e+00  1.47552665e+00
  1.54373114e+00  1.57091973e+00  1.68706719e+00  1.70184198e+00
  1.71289045e+00  1.73679189e+00  1.75076229e+00  1.75270361e+00
  1.80116292e+00  1.80747792e+00  1.83928665e+00  1.85220015e+00
  1.86105087e+00  1.90742581e+00  1.96865318e+00  1.97477207e+00
  1.99638325e+00  2.00912960e+00  2.03439905e+00  2.04677922e+00
  2.05354707e+00  2.06328952e+00  2.10421867e+00  2.16755391e+00
  2.19310328e+00  2.22413149e+00  2.24785141e+00  2.25899267e+00
  2.31578812e+00  2.36313022e+00  2.38661584e+00  2.41369668e+00
  2.42789424e+00  2.46530031e+00  2.49061349e+00  2.50548101e+00
  2.57854650e+00  2.57932705e+00  2.60808864e+00  2.66877291e+00
  2.69598329e+00  2.71926973e+00  2.72675014e+00  2.74668276e+00
  2.75285835e+00  2.76323859e+00  2.79644245e+00  2.87160991e+00
  2.89689427e+00  2.89690250e+00  2.91143834e+00  2.91568556e+00
  2.91808866e+00  2.92859805e+00  2.93841444e+00  2.98365174e+00
  2.99260074e+00  3.06576386e+00  3.11317114e+00  3.13904397e+00
  3.14338603e+00  3.23678246e+00  3.28559589e+00  3.33039338e+00
  3.34662737e+00  3.36024475e+00  3.36499346e+00  3.53297925e+00
  3.58535162e+00  3.74639538e+00  3.82922681e+00  3.87332920e+00
  3.98628304e+00  4.04307983e+00  4.14517185e+00  4.14639531e+00
  4.18675430e+00  4.33433718e+00  4.39172751e+00  4.43060674e+00
  4.46481759e+00  4.82038018e+00  4.92184985e+00  5.71604629e+00
  1.02726482e+01  2.47901002e+01  2.50437332e+01  2.50791230e+01
  2.51793557e+01  2.52721127e+01  2.53330267e+01  2.63455414e+01
  2.63513838e+01  2.69091447e+01  3.70726951e+01  2.19093261e+02]
E1 = -1761.9835580580468  E_coul = 643.1976893865448
Extra cycle  E= -745.878500516316  delta_E= -8.19e-12  |g|= 1.78e-06  |ddm|= 6.08e-06
    CPU time for scf_cycle     33.55 sec, wall time      1.28 sec
    CPU time for SCF     33.55 sec, wall time      1.28 sec
converged SCF energy = -745.878500516316
Converting <class 'pyscf.scf.hf.RHF'> to RHF


******** <class 'pyscf.tdscf.rhf.TDA'> for <class 'pyscf.scf.hf.RHF'> ********
nstates = 5 singlet
wfnsym = None
conv_tol = 1e-09
eigh lindep = 1e-12
eigh level_shift = 0
eigh max_space = 8
eigh max_cycle = 2000
chkfile = /scratch/global/yangjunjie/tmpl0rh4csy
max_memory 256000 MB (current use 1742 MB)


davidson 0 5  |r|= 0.22  e= [0.24457598 0.27384635 0.33315029 0.36884478 0.3743733 ]  max|de|= 0.374  lindep=    1
Old state -> New state
    4     ->     3 
    3     ->     4 
davidson 1 10  |r|= 0.0532  e= [0.23485798 0.24884535 0.31612254 0.32230144 0.3243865 ]  max|de|= -0.0521  lindep= 0.939
davidson 2 15  |r|= 0.0202  e= [0.23455847 0.24637717 0.3143676  0.31886731 0.32164189]  max|de|= -0.00343  lindep= 0.893
davidson 3 20  |r|= 0.00925  e= [0.23454445 0.24631807 0.31395466 0.31848939 0.32144257]  max|de|= -0.000413  lindep= 0.857
davidson 4 5  |r|= 0.00925  e= [0.23454445 0.24631807 0.31395466 0.31848939 0.32144257]  max|de|= -3.33e-16  lindep= 0.999
davidson 5 10  |r|= 0.00478  e= [0.23454338 0.24631065 0.31388778 0.31842137 0.32142257]  max|de|= -6.8e-05  lindep= 0.738
davidson 6 15  |r|= 0.00317  e= [0.23454321 0.24630884 0.31386502 0.31839055 0.32140997]  max|de|= -3.08e-05  lindep= 0.802
davidson 7 20  |r|= 0.00535  e= [0.2345432  0.24630872 0.31385487 0.31838339 0.32139312]  max|de|= -1.69e-05  lindep= 0.798
davidson 8 5  |r|= 0.00535  e= [0.2345432  0.24630872 0.31385487 0.31838339 0.32139312]  max|de|= 7.49e-16  lindep= 0.939
root 0 converged  |r|= 1.2e-05  e= 0.23454319450766814  max|de|= -8.22e-10
davidson 9 10  |r|= 0.00477  e= [0.23454319 0.24630871 0.31384941 0.31838192 0.32137608]  max|de|= -1.7e-05  lindep= 0.801
Old state -> New state
    2     ->     3 
    3     ->     4 
davidson 10 14  |r|= 0.196  e= [0.23454319 0.24630871 0.2782382  0.31386247 0.31838061]  max|de|= -0.0356  lindep= 0.779
root 1 converged  |r|= 7.25e-06  e= 0.2463087116031305  max|de|= -1.92e-10
davidson 11 18  |r|= 0.083  e= [0.23454319 0.24630871 0.25713979 0.31385712 0.31837856]  max|de|= -0.0211  lindep= 0.835
davidson 12 5  |r|= 0.083  e= [0.23454319 0.24630871 0.25713979 0.31385712 0.31837856]  max|de|= -8.33e-16  lindep= 0.995
davidson 13 8  |r|= 0.119  e= [0.23454319 0.24630871 0.24876159 0.31385437 0.31837644]  max|de|= -0.00838  lindep= 0.797
Old state -> New state
    2     ->     1 
    1     ->     2 
    2     ->     3 
    3     ->     4 
davidson 14 11  |r|= 0.123  e= [0.23454319 0.23532279 0.24630871 0.28449896 0.31385988]  max|de|= 0.0357  lindep= 0.801
Old state -> New state
    1     ->     0 
    0     ->     1 
davidson 15 14  |r|= 0.0484  e= [0.23360744 0.23454319 0.24630871 0.27936076 0.3138588 ]  max|de|= -0.00514  lindep= 0.671
davidson 16 17  |r|= 0.026  e= [0.23317975 0.23454319 0.24630871 0.27697032 0.31385774]  max|de|= -0.00239  lindep= 0.845
davidson 17 5  |r|= 0.026  e= [0.23317975 0.23454319 0.24630871 0.27697032 0.31385774]  max|de|= -5.55e-16  lindep= 0.999
davidson 18 8  |r|= 0.0177  e= [0.23314525 0.23454319 0.24630871 0.27661932 0.31385738]  max|de|= -0.000351  lindep= 0.819
davidson 19 11  |r|= 0.0137  e= [0.23313751 0.23454319 0.24630871 0.27646248 0.31385702]  max|de|= -0.000157  lindep= 0.781
davidson 20 14  |r|= 0.00942  e= [0.23313585 0.23454319 0.24630871 0.27638001 0.31385613]  max|de|= -8.25e-05  lindep= 0.667
davidson 21 17  |r|= 0.00471  e= [0.2331356  0.23454319 0.24630871 0.27634957 0.3138464 ]  max|de|= -3.04e-05  lindep= 0.679
davidson 22 5  |r|= 0.00471  e= [0.2331356  0.23454319 0.24630871 0.27634957 0.3138464 ]  max|de|= 8.88e-16  lindep= 0.998
davidson 23 8  |r|= 0.00308  e= [0.23313558 0.23454319 0.24630871 0.27634664 0.31383436]  max|de|= -1.2e-05  lindep= 0.841
davidson 24 11  |r|= 0.00185  e= [0.23313558 0.23454319 0.24630871 0.27634614 0.31383142]  max|de|= -2.94e-06  lindep= 0.729
root 0 converged  |r|= 8.58e-06  e= 0.23313558026783315  max|de|= -3.36e-10
davidson 25 14  |r|= 0.000968  e= [0.23313558 0.23454319 0.24630871 0.27634602 0.31383024]  max|de|= -1.18e-06  lindep= 0.783
davidson 26 16  |r|= 0.000892  e= [0.23313558 0.23454319 0.24630871 0.27634597 0.31382941]  max|de|= -8.38e-07  lindep= 0.768
davidson 27 5  |r|= 0.000892  e= [0.23313558 0.23454319 0.24630871 0.27634597 0.31382941]  max|de|= -1.67e-15  lindep= 0.995
davidson 28 7  |r|= 0.000875  e= [0.23313558 0.23454319 0.24630871 0.27634596 0.3138288 ]  max|de|= -6.1e-07  lindep= 0.87
davidson 29 9  |r|= 0.00152  e= [0.23313558 0.23454319 0.24630871 0.27634595 0.31382786]  max|de|= -9.32e-07  lindep= 0.824
davidson 30 11  |r|= 0.00248  e= [0.23313558 0.23454319 0.24630871 0.27634594 0.31382544]  max|de|= -2.43e-06  lindep= 0.832
davidson 31 13  |r|= 0.00355  e= [0.23313558 0.23454319 0.24630871 0.27634594 0.31381643]  max|de|= -9.01e-06  lindep= 0.887
root 3 converged  |r|= 6.58e-06  e= 0.2763459403644587  max|de|= -4.39e-10
davidson 32 15  |r|= 0.0124  e= [0.23313558 0.23454319 0.24630871 0.27634594 0.31363968]  max|de|= -0.000177  lindep= 0.967
davidson 33 16  |r|= 0.00877  e= [0.23313558 0.23454319 0.24630871 0.27634594 0.31336447]  max|de|= -0.000275  lindep=  0.9
davidson 34 5  |r|= 0.00877  e= [0.23313558 0.23454319 0.24630871 0.27634594 0.31336447]  max|de|= -1.5e-15  lindep= 0.995
davidson 35 6  |r|= 0.00514  e= [0.23313558 0.23454319 0.24630871 0.27634594 0.3132901 ]  max|de|= -7.44e-05  lindep= 0.898
davidson 36 7  |r|= 0.00253  e= [0.23313558 0.23454319 0.24630871 0.27634594 0.31324554]  max|de|= -4.46e-05  lindep= 0.991
davidson 37 8  |r|= 0.00148  e= [0.23313558 0.23454319 0.24630871 0.27634594 0.31323449]  max|de|= -1.11e-05  lindep= 0.965
davidson 38 9  |r|= 0.000773  e= [0.23313558 0.23454319 0.24630871 0.27634594 0.31323151]  max|de|= -2.98e-06  lindep= 0.972
davidson 39 10  |r|= 0.000453  e= [0.23313558 0.23454319 0.24630871 0.27634594 0.3132305 ]  max|de|= -1.01e-06  lindep= 0.931
davidson 40 11  |r|= 0.000316  e= [0.23313558 0.23454319 0.24630871 0.27634594 0.31323018]  max|de|= -3.23e-07  lindep= 0.912
davidson 41 12  |r|= 0.000375  e= [0.23313558 0.23454319 0.24630871 0.27634594 0.31322998]  max|de|= -2e-07  lindep= 0.855
davidson 42 13  |r|= 0.000299  e= [0.23313558 0.23454319 0.24630871 0.27634594 0.3132298 ]  max|de|= -1.74e-07  lindep= 0.896
davidson 43 14  |r|= 0.00028  e= [0.23313558 0.23454319 0.24630871 0.27634594 0.31322963]  max|de|= -1.75e-07  lindep= 0.908
davidson 44 15  |r|= 0.000282  e= [0.23313558 0.23454319 0.24630871 0.27634594 0.31322948]  max|de|= -1.5e-07  lindep= 0.864
davidson 45 16  |r|= 0.000554  e= [0.23313558 0.23454319 0.24630871 0.27634594 0.31322917]  max|de|= -3.1e-07  lindep= 0.871
davidson 46 5  |r|= 0.000554  e= [0.23313558 0.23454319 0.24630871 0.27634594 0.31322917]  max|de|= 3.89e-16  lindep= 0.998
davidson 47 6  |r|= 0.000339  e= [0.23313558 0.23454319 0.24630871 0.27634594 0.31322897]  max|de|= -1.98e-07  lindep= 0.883
davidson 48 7  |r|= 0.000228  e= [0.23313558 0.23454319 0.24630871 0.27634594 0.31322884]  max|de|= -1.3e-07  lindep= 0.959
davidson 49 8  |r|= 0.000216  e= [0.23313558 0.23454319 0.24630871 0.27634594 0.31322871]  max|de|= -1.27e-07  lindep= 0.909
davidson 50 9  |r|= 0.000319  e= [0.23313558 0.23454319 0.24630871 0.27634594 0.31322862]  max|de|= -9.38e-08  lindep= 0.825
davidson 51 10  |r|= 0.000325  e= [0.23313558 0.23454319 0.24630871 0.27634594 0.31322849]  max|de|= -1.24e-07  lindep= 0.869
davidson 52 11  |r|= 0.000336  e= [0.23313558 0.23454319 0.24630871 0.27634594 0.31322834]  max|de|= -1.55e-07  lindep= 0.926
davidson 53 12  |r|= 0.000379  e= [0.23313558 0.23454319 0.24630871 0.27634594 0.31322809]  max|de|= -2.53e-07  lindep= 0.915
davidson 54 13  |r|= 0.000529  e= [0.23313558 0.23454319 0.24630871 0.27634594 0.31322764]  max|de|= -4.45e-07  lindep= 0.894
davidson 55 14  |r|= 0.000585  e= [0.23313558 0.23454319 0.24630871 0.27634594 0.31322706]  max|de|= -5.8e-07  lindep= 0.904
davidson 56 15  |r|= 0.000372  e= [0.23313558 0.23454319 0.24630871 0.27634594 0.31322662]  max|de|= -4.42e-07  lindep= 0.939
davidson 57 16  |r|= 0.000324  e= [0.23313558 0.23454319 0.24630871 0.27634594 0.31322643]  max|de|= -1.88e-07  lindep= 0.837
davidson 58 5  |r|= 0.000324  e= [0.23313558 0.23454319 0.24630871 0.27634594 0.31322643]  max|de|= -2.78e-16  lindep= 0.999
davidson 59 6  |r|= 0.000193  e= [0.23313558 0.23454319 0.24630871 0.27634594 0.31322634]  max|de|= -8.96e-08  lindep= 0.875
davidson 60 7  |r|= 0.00014  e= [0.23313558 0.23454319 0.24630871 0.27634594 0.31322626]  max|de|= -7.93e-08  lindep= 0.976
davidson 61 8  |r|= 0.000125  e= [0.23313558 0.23454319 0.24630871 0.27634594 0.31322622]  max|de|= -4.58e-08  lindep= 0.917
davidson 62 9  |r|= 7.93e-05  e= [0.23313558 0.23454319 0.24630871 0.27634594 0.31322619]  max|de|= -2.14e-08  lindep= 0.956
davidson 63 10  |r|= 4.85e-05  e= [0.23313558 0.23454319 0.24630871 0.27634594 0.31322618]  max|de|= -1.03e-08  lindep= 0.945
davidson 64 11  |r|= 4.19e-05  e= [0.23313558 0.23454319 0.24630871 0.27634594 0.31322618]  max|de|= -5.04e-09  lindep= 0.916
davidson 65 12  |r|= 4.1e-05  e= [0.23313558 0.23454319 0.24630871 0.27634594 0.31322618]  max|de|= -2.8e-09  lindep= 0.85
davidson 66 13  |r|= 3.36e-05  e= [0.23313558 0.23454319 0.24630871 0.27634594 0.31322617]  max|de|= -2.04e-09  lindep= 0.858
davidson 67 14  |r|= 3.22e-05  e= [0.23313558 0.23454319 0.24630871 0.27634594 0.31322617]  max|de|= -2.82e-09  lindep= 0.929
davidson 68 15  |r|= 3.29e-05  e= [0.23313558 0.23454319 0.24630871 0.27634594 0.31322617]  max|de|= -2.36e-09  lindep= 0.892
davidson 69 16  |r|= 3.45e-05  e= [0.23313558 0.23454319 0.24630871 0.27634594 0.31322617]  max|de|= -1.98e-09  lindep= 0.803
davidson 70 5  |r|= 3.45e-05  e= [0.23313558 0.23454319 0.24630871 0.27634594 0.31322617]  max|de|= 4.44e-16  lindep= 0.997
davidson 71 6  |r|= 2.47e-05  e= [0.23313558 0.23454319 0.24630871 0.27634594 0.31322617]  max|de|= -1.26e-09  lindep= 0.896
davidson 72 7  |r|= 1.84e-05  e= [0.23313558 0.23454319 0.24630871 0.27634594 0.31322616]  max|de|= -1.12e-09  lindep= 0.964
davidson 73 8  |r|= 2.27e-05  e= [0.23313558 0.23454319 0.24630871 0.27634594 0.31322616]  max|de|= -1.31e-09  lindep= 0.92
davidson 74 9  |r|= 3.5e-05  e= [0.23313558 0.23454319 0.24630871 0.27634594 0.31322616]  max|de|= -1.23e-09  lindep= 0.855
davidson 75 10  |r|= 3.42e-05  e= [0.23313558 0.23454319 0.24630871 0.27634594 0.31322616]  max|de|= -1.7e-09  lindep= 0.895
davidson 76 11  |r|= 3.18e-05  e= [0.23313558 0.23454319 0.24630871 0.27634594 0.31322616]  max|de|= -2.21e-09  lindep= 0.954
davidson 77 12  |r|= 4.1e-05  e= [0.23313558 0.23454319 0.24630871 0.27634594 0.31322615]  max|de|= -3.4e-09  lindep= 0.91
davidson 78 13  |r|= 5.55e-05  e= [0.23313558 0.23454319 0.24630871 0.27634594 0.31322615]  max|de|= -4.97e-09  lindep= 0.874
davidson 79 14  |r|= 4.25e-05  e= [0.23313558 0.23454319 0.24630871 0.27634594 0.31322614]  max|de|= -5.07e-09  lindep= 0.894
davidson 80 15  |r|= 2.84e-05  e= [0.23313558 0.23454319 0.24630871 0.27634594 0.31322614]  max|de|= -3.18e-09  lindep= 0.921
davidson 81 16  |r|= 3.52e-05  e= [0.23313558 0.23454319 0.24630871 0.27634594 0.31322614]  max|de|= -1.52e-09  lindep= 0.781
davidson 82 5  |r|= 3.52e-05  e= [0.23313558 0.23454319 0.24630871 0.27634594 0.31322614]  max|de|= 4.44e-16  lindep= 0.999
root 4 converged  |r|= 2.09e-05  e= 0.31322613905370633  max|de|= -9.87e-10
converged 83 6  |r|= 2.09e-05  e= [0.23313558 0.23454319 0.24630871 0.27634594 0.31322614]  max|de|= -9.87e-10
    CPU time for TDA    365.16 sec, wall time     13.05 sec
Excited State energies (eV)
[6.34394227 6.3822454  6.70240143 7.51975606 8.52331738]
