 
:: initializing oneAPI environment ...
   slurm_script: BASH_VERSION = 4.2.46(1)-release
   args: Using "$@" for setvars.sh arguments: --force
:: advisor -- latest
:: ccl -- latest
:: clck -- latest
:: compiler -- latest
:: dal -- latest
:: debugger -- latest
:: dev-utilities -- latest
:: dnnl -- latest
:: dpcpp-ct -- latest
:: dpl -- latest
:: inspector -- latest
:: intelpython -- latest
:: ipp -- latest
:: ippcp -- latest
:: ipp -- latest
:: itac -- latest
:: mkl -- latest
:: mpi -- latest
:: tbb -- latest
:: vpl -- latest
:: vtune -- latest
:: oneAPI environment initialized ::
 
SLURM_CPUS_PER_TASK = 28
SLURM_MEM_PER_NODE = 514992
#INFO: **** input file is /home/yangjunjie/work/py-ch3-cl/work/scan-21/main.py ****
import sys
import pyscf
from pyscf import tdscf

def main(xyz_file, basis="631g*", xc="b3lyp", output="ene.out"):
    xyz = None

    with open(xyz_file, "r") as xyz:
        xyz = xyz.readlines()[2:]
        xyz = "".join(xyz)

    mol = pyscf.gto.Mole()
    mol.atom = xyz
    mol.basis = basis
    mol.verbose = 5
    mol.build()

    if xc is not None and xc != "hf":
        mf = pyscf.scf.RKS(mol)
        mf.xc = xc
        mf.grids.level = 9
        mf.kernel()
    else:
        mf = pyscf.scf.RHF(mol)
        mf.kernel()

    ene_mf = mf.e_tot

    with open(output, "w") as f:
        tda = pyscf.tdscf.TDA(mf)
        tda.nstates = 5
        tda.max_space = 8
        tda.max_cycle = 2000
        tda.kernel()

        con_tda = tda.converged
        ene_tda = tda.e[:5]
        dip_tda = tda.transition_dipole()[:5]

        f.write(f"RKS energy: {ene_mf: 12.8f}\n")
        f.write("TDA results:\n")
        for i, (con, ene, dip) in enumerate(zip(con_tda, ene_tda, dip_tda)):
            f.write(f" {i:2d} {con} {ene: 12.8f} {dip[0]: 12.8f} {dip[1]: 12.8f} {dip[2]: 12.8f}\n")

        # rpa = pyscf.tdscf.RPA(mf)
        # rpa.nstates = 5
        # rpa.max_space = 8
        # rpa.max_cycle = 2000
        # rpa.kernel()

        # con_rpa = rpa.converged
        # ene_rpa = rpa.e[:5]
        # dip_rpa = rpa.transition_dipole()[:5]
        
        # f.write("\nRPA results:\n")
        # for i, (con, ene, dip) in enumerate(zip(con_rpa, ene_rpa, dip_rpa)):
        #     f.write(f" {i:2d} {con} {ene: 12.8f} {dip[0]: 12.8f} {dip[1]: 12.8f} {dip[2]: 12.8f}\n")

if __name__ == "__main__":
    xyz = sys.argv[1]
    main(xyz, basis="6-311g**", xc=None, output="out.log")
#INFO: ******************** input file end ********************


System: uname_result(system='Linux', node='pauling034', release='3.10.0-327.36.3.el7.x86_64', version='#1 SMP Thu Oct 20 04:56:07 EDT 2016', machine='x86_64')  Threads 28
Python 3.9.7 (default, Oct 27 2021, 01:23:21) 
[GCC 9.3.0]
numpy 1.21.2  scipy 1.6.2
Date: Tue Oct  4 15:30:49 2022
PySCF version 2.0.1
PySCF path  /home/yangjunjie/packages/pyscf/pyscf-main
GIT ORIG_HEAD 14b880cdc4bf7bb64f3989a147c0b04622efc498
GIT HEAD (branch master) 9d5b5bd309d1cc55fbd1a0ec76e26b5b0c7f76af

[ENV] PYSCF_MAX_MEMORY 514992
[ENV] PYSCF_TMPDIR /scratch/global/yangjunjie/
[CONFIG] conf_file /home/yangjunjie/.pyscf_conf.py
[INPUT] verbose = 5
[INPUT] max_memory = 514992 
[INPUT] num. atoms = 16
[INPUT] num. electrons = 68
[INPUT] charge = 0
[INPUT] spin (= nelec alpha-beta = 2S) = 0
[INPUT] symmetry False subgroup None
[INPUT] Mole.unit = angstrom
[INPUT]  1 C      0.000000480000   1.154178030000   1.093809880000 AA    0.000000907069   2.181080375690   2.067001105543 Bohr
[INPUT]  2 C      0.000000460000   1.182481770000   2.475947760000 AA    0.000000869274   2.234566692591   4.678863165130 Bohr
[INPUT]  3 C      0.000000000000  -0.022476040000   3.154643970000 AA    0.000000000000  -0.042473559965   5.961413123811 Bohr
[INPUT]  4 C     -0.000000610000  -1.198625780000   2.426291170000 AA   -0.000001152733  -2.265074450043   4.585025809751 Bohr
[INPUT]  5 C     -0.000000570000  -1.112563690000   1.047111430000 AA   -0.000001077144  -2.102440670236   1.978753824602 Bohr
[INPUT]  6 N      0.000000000000   0.035223770000   0.391212210000 AA    0.000000000000   0.066563278375   0.739283933486 Bohr
[INPUT]  7 C      0.000000000000   0.003817130000  -1.812718000000 AA    0.000000000000   0.007213330282  -3.425540561069 Bohr
[INPUT]  8 H      0.000000970000   2.072830040000   0.532108930000 AA    0.000001833034   3.917081078371   1.005540146135 Bohr
[INPUT]  9 H      0.000000920000   2.120833450000   2.997721980000 AA    0.000001738548   4.007794376316   5.664873539789 Bohr
[INPUT] 10 H      0.000000140000  -0.044819890000   4.229565150000 AA    0.000000264562  -0.084697317033   7.992719759505 Bohr
[INPUT] 11 H     -0.000000950000  -2.157840130000   2.908628670000 AA   -0.000001795240  -4.077726866296   5.496511584358 Bohr
[INPUT] 12 H     -0.000001050000  -2.006214600000   0.445942030000 AA   -0.000001984212  -3.791196141104   0.842708304133 Bohr
[INPUT] 13 H     -0.000003390000   1.065562570000  -1.731228940000 AA   -0.000006406172   2.013621425888  -3.271548555521 Bohr
[INPUT] 14 H     -0.919239050000  -0.519382710000  -1.692087870000 AA   -1.737110047505  -0.981491075734  -3.197582652999 Bohr
[INPUT] 15 H      0.919242400000  -0.519376830000  -1.692087830000 AA    1.737116378088  -0.981479964145  -3.197582577410 Bohr
[INPUT] 16 Cl     0.000000180000  -0.045364490000  -4.001115040000 AA    0.000000340151  -0.085726461881  -7.561011618478 Bohr
[INPUT] ---------------- BASIS SET ---------------- 
[INPUT] l, kappa, [nprim/nctr], expnt,             c_1 c_2 ...
[INPUT] C
[INPUT] 0    0    [6    /1   ]  4563.24           0.00196665
                                682.024           0.0152306
                                154.973           0.0761269
                                44.4553           0.260801
                                13.029            0.616462
                                1.82773           0.221006
[INPUT] 0    0    [3    /1   ]  20.9642           0.11466
                                4.80331           0.919999
                                1.45933           -0.00303068
[INPUT] 0    0    [1    /1   ]  0.483456             1
[INPUT] 0    0    [1    /1   ]  0.145585             1
[INPUT] 1    0    [3    /1   ]  20.9642           0.0402487
                                4.80331           0.237594
                                1.45933           0.815854
[INPUT] 1    0    [1    /1   ]  0.483456             1
[INPUT] 1    0    [1    /1   ]  0.145585             1
[INPUT] 2    0    [1    /1   ]  0.626                1
[INPUT] H
[INPUT] 0    0    [3    /1   ]  33.865            0.0254938
                                5.09479           0.190373
                                1.15879           0.852161
[INPUT] 0    0    [1    /1   ]  0.32584              1
[INPUT] 0    0    [1    /1   ]  0.102741             1
[INPUT] 1    0    [1    /1   ]  0.75                 1
[INPUT] Cl
[INPUT] 0    0    [6    /1   ]  105819            0.000738
                                15872             0.005718
                                3619.65           0.029495
                                1030.8            0.117286
                                339.908           0.362949
                                124.538           0.584149
[INPUT] 0    0    [3    /1   ]  124.538           0.134177
                                49.5135           0.62425
                                20.8056           0.291756
[INPUT] 0    0    [1    /1   ]  6.58346              1
[INPUT] 0    0    [1    /1   ]  2.56468              1
[INPUT] 0    0    [1    /1   ]  0.559763             1
[INPUT] 0    0    [1    /1   ]  0.183273             1
[INPUT] 1    0    [5    /1   ]  589.776           0.002391
                                139.849           0.018504
                                45.1413           0.081377
                                16.8733           0.221552
                                6.7411            0.772569
[INPUT] 1    0    [2    /1   ]  6.7411            -1.572244
                                2.77152           0.992389
[INPUT] 1    0    [1    /1   ]  1.02387              1
[INPUT] 1    0    [1    /1   ]  0.381368             1
[INPUT] 1    0    [1    /1   ]  0.109437             1
[INPUT] 2    0    [1    /1   ]  0.75                 1
[INPUT] N
[INPUT] 0    0    [6    /1   ]  6293.48           0.00196979
                                949.044           0.0149613
                                218.776           0.0735006
                                63.6916           0.248937
                                18.8282           0.60246
                                2.72023           0.256202
[INPUT] 0    0    [3    /1   ]  30.6331           0.111906
                                7.02614           0.921666
                                2.11205           -0.00256919
[INPUT] 0    0    [1    /1   ]  0.684009             1
[INPUT] 0    0    [1    /1   ]  0.200878             1
[INPUT] 1    0    [3    /1   ]  30.6331           0.0383119
                                7.02614           0.237403
                                2.11205           0.817592
[INPUT] 1    0    [1    /1   ]  0.684009             1
[INPUT] 1    0    [1    /1   ]  0.200878             1
[INPUT] 2    0    [1    /1   ]  0.913                1

nuclear repulsion = 377.0237106131
number of shells = 100
number of NR pGTOs = 329
number of NR cGTOs = 200
basis = 6-311g**
ecp = {}
CPU time:         0.37


******** <class 'pyscf.scf.hf.RHF'> ********
method = RHF
initial guess = minao
damping factor = 0
level_shift factor = 0
DIIS = <class 'pyscf.scf.diis.CDIIS'>
diis_start_cycle = 1
diis_space = 8
SCF conv_tol = 1e-09
SCF conv_tol_grad = None
SCF max_cycles = 50
direct_scf = True
direct_scf_tol = 1e-13
chkfile to save SCF result = /scratch/global/yangjunjie/tmpx3o46dzk
max_memory 514992 MB (current use 81 MB)
Set gradient conv threshold to 3.16228e-05
E1 = -1767.8151278079904  E_coul = 643.296626558912
init E= -747.494790635979
cond(S) = 13833.583010321361
    CPU time for initialize scf     13.31 sec, wall time      0.55 sec
  HOMO = -0.249465332170056  LUMO = 0.0138337200706104
  mo_energy =
[-1.04817004e+02 -1.56260062e+01 -1.13276992e+01 -1.13239744e+01
 -1.13214266e+01 -1.13188800e+01 -1.13184640e+01 -1.13134489e+01
 -1.06117642e+01 -8.07004012e+00 -8.06966483e+00 -8.06966205e+00
 -1.76238590e+00 -1.40984842e+00 -1.32854356e+00 -1.24550774e+00
 -1.04447741e+00 -9.43592021e-01 -9.26085116e-01 -6.89272983e-01
 -5.97001915e-01 -5.55747727e-01 -5.35396814e-01 -5.19998393e-01
 -4.97986387e-01 -4.79231990e-01 -4.76430628e-01 -4.26795572e-01
 -4.10547654e-01 -4.09573204e-01 -3.63115472e-01 -3.04886093e-01
 -2.66412631e-01 -2.49465332e-01  1.38337201e-02  2.10319739e-02
  4.48119183e-02  1.16014507e-01  1.34260413e-01  1.61079754e-01
  1.82837186e-01  1.87564773e-01  2.09239012e-01  2.17674246e-01
  2.37060772e-01  2.51745942e-01  3.27851367e-01  3.71657066e-01
  3.74426362e-01  3.93033108e-01  4.04179607e-01  4.07184540e-01
  4.14605449e-01  4.25522271e-01  4.30700647e-01  4.34694570e-01
  5.05728727e-01  5.14064007e-01  5.34293137e-01  5.38865563e-01
  5.60207997e-01  5.80444171e-01  5.89297400e-01  5.91098428e-01
  6.19748398e-01  6.31365815e-01  6.74664273e-01  6.80596335e-01
  7.03112071e-01  7.16984608e-01  7.47378763e-01  7.57600876e-01
  7.61871410e-01  7.65175112e-01  8.01804934e-01  8.02965021e-01
  8.14665843e-01  8.64383570e-01  8.84225133e-01  8.90420834e-01
  9.01804279e-01  9.10965824e-01  9.35634840e-01  9.65555057e-01
  9.74089467e-01  1.02957584e+00  1.07474783e+00  1.10084555e+00
  1.10335060e+00  1.10937494e+00  1.11114339e+00  1.13262832e+00
  1.14659079e+00  1.17224289e+00  1.19283678e+00  1.23232731e+00
  1.23263480e+00  1.29085270e+00  1.32298909e+00  1.33173164e+00
  1.35961337e+00  1.38955056e+00  1.41907252e+00  1.47539804e+00
  1.53292949e+00  1.55461036e+00  1.62662319e+00  1.66988022e+00
  1.68234163e+00  1.68857235e+00  1.70063837e+00  1.72280690e+00
  1.76775582e+00  1.77676758e+00  1.80586746e+00  1.82962369e+00
  1.84461292e+00  1.87766055e+00  1.91527153e+00  1.94778503e+00
  1.95967406e+00  2.02255463e+00  2.02435730e+00  2.03239861e+00
  2.03765626e+00  2.05523840e+00  2.10252553e+00  2.14268655e+00
  2.15296174e+00  2.15956845e+00  2.18829428e+00  2.22045154e+00
  2.25215929e+00  2.28146076e+00  2.29822274e+00  2.32432152e+00
  2.35555836e+00  2.44043157e+00  2.45158857e+00  2.45715862e+00
  2.46017580e+00  2.47590390e+00  2.56757246e+00  2.60826957e+00
  2.64329581e+00  2.66505962e+00  2.68651142e+00  2.72139564e+00
  2.72555749e+00  2.73032947e+00  2.81165902e+00  2.85536276e+00
  2.86219707e+00  2.88919044e+00  2.89659846e+00  2.90288991e+00
  2.91006008e+00  2.93431597e+00  2.94252218e+00  2.94539736e+00
  2.95833139e+00  3.02278183e+00  3.07280083e+00  3.09998606e+00
  3.11363104e+00  3.21201520e+00  3.24785843e+00  3.28482846e+00
  3.28746551e+00  3.29754019e+00  3.32533590e+00  3.32872553e+00
  3.54517206e+00  3.70376410e+00  3.78307036e+00  3.82500364e+00
  3.96101310e+00  3.99228145e+00  4.08235215e+00  4.12371861e+00
  4.17774183e+00  4.29332890e+00  4.35064631e+00  4.39640197e+00
  4.43034688e+00  4.77762111e+00  4.90985411e+00  5.66420608e+00
  1.01224887e+01  2.47471608e+01  2.50386967e+01  2.50417323e+01
  2.51521119e+01  2.52328561e+01  2.52860345e+01  2.62215947e+01
  2.62285091e+01  2.66457980e+01  3.70337279e+01  2.19013995e+02]
E1 = -1768.7914238475914  E_coul = 646.0677370370694
cycle= 1 E= -745.699976197422  delta_E= 1.79  |g|= 0.601  |ddm|= 3.14
    CPU time for cycle= 1      1.51 sec, wall time      0.05 sec
  HOMO = -0.295237989878027  LUMO = 0.0155974887823627
  mo_energy =
[-1.04527025e+02 -1.57045560e+01 -1.14676604e+01 -1.14376630e+01
 -1.14373905e+01 -1.13709579e+01 -1.13404293e+01 -1.13401739e+01
 -1.02832032e+01 -7.74808103e+00 -7.74603885e+00 -7.74603036e+00
 -1.39835028e+00 -1.19517598e+00 -1.14970546e+00 -1.05049851e+00
 -9.65595553e-01 -9.57543094e-01 -8.75264036e-01 -8.13706686e-01
 -7.64321639e-01 -7.32120988e-01 -6.90751967e-01 -6.88106955e-01
 -6.74789238e-01 -6.59186159e-01 -6.50171105e-01 -5.99942662e-01
 -5.26291042e-01 -4.84143109e-01 -4.44204401e-01 -3.39070470e-01
 -2.95481170e-01 -2.95237990e-01  1.55974888e-02  3.81147391e-02
  9.25575618e-02  1.24282825e-01  1.34113196e-01  1.35361429e-01
  1.66160074e-01  1.67595168e-01  2.04303416e-01  2.07236112e-01
  2.44257147e-01  2.50833500e-01  3.14395126e-01  3.49958693e-01
  3.66364108e-01  3.78228667e-01  3.94587143e-01  4.06512579e-01
  4.09043050e-01  4.56489055e-01  4.89439984e-01  4.91399648e-01
  4.95000868e-01  5.02697728e-01  5.35533968e-01  5.36243457e-01
  5.42862651e-01  5.43927759e-01  5.68067025e-01  5.83947101e-01
  5.84355882e-01  6.42698115e-01  6.47040411e-01  6.57655007e-01
  6.67161521e-01  6.96187711e-01  7.21508477e-01  7.29580264e-01
  7.44564652e-01  7.46392999e-01  7.72460168e-01  7.79507506e-01
  7.85508904e-01  8.47938479e-01  8.58954106e-01  8.62707570e-01
  8.75397521e-01  9.17574565e-01  9.57089454e-01  9.64398977e-01
  9.95231333e-01  1.03237621e+00  1.08063171e+00  1.08908253e+00
  1.10915432e+00  1.14103477e+00  1.17307404e+00  1.17569743e+00
  1.19650422e+00  1.23690675e+00  1.23940908e+00  1.26988138e+00
  1.28392288e+00  1.34759760e+00  1.34861733e+00  1.35578214e+00
  1.37837117e+00  1.39723747e+00  1.40115883e+00  1.48245868e+00
  1.48959545e+00  1.52205483e+00  1.60042753e+00  1.62760481e+00
  1.64236096e+00  1.65575006e+00  1.66964374e+00  1.67366751e+00
  1.72666978e+00  1.73880410e+00  1.77412161e+00  1.78531761e+00
  1.80254954e+00  1.83752792e+00  1.89591689e+00  1.90452553e+00
  1.90958916e+00  1.97630280e+00  1.98348224e+00  1.99156349e+00
  1.99958197e+00  2.03332380e+00  2.07419133e+00  2.10006429e+00
  2.12727930e+00  2.14234345e+00  2.14458594e+00  2.18788683e+00
  2.22807517e+00  2.25483527e+00  2.26585474e+00  2.28592361e+00
  2.30782640e+00  2.38829715e+00  2.41552322e+00  2.44883969e+00
  2.53397057e+00  2.59805127e+00  2.62513781e+00  2.63536633e+00
  2.67519358e+00  2.68144890e+00  2.68477921e+00  2.68943089e+00
  2.69303274e+00  2.69930811e+00  2.80803828e+00  2.80912242e+00
  2.83670707e+00  2.84677568e+00  2.86095537e+00  2.87609146e+00
  2.87808676e+00  2.88256901e+00  2.89491817e+00  2.89665959e+00
  2.92059174e+00  2.97789091e+00  3.03555343e+00  3.04465448e+00
  3.05367569e+00  3.14630111e+00  3.20881740e+00  3.23788929e+00
  3.24490386e+00  3.24908576e+00  3.28304851e+00  3.28863107e+00
  3.51180337e+00  3.66040264e+00  3.74356008e+00  3.79673736e+00
  3.91877483e+00  3.93122304e+00  4.03191454e+00  4.06989520e+00
  4.10994640e+00  4.23533959e+00  4.31295764e+00  4.35930479e+00
  4.38344126e+00  4.73801088e+00  4.85688972e+00  5.60644968e+00
  1.04266026e+01  2.46757520e+01  2.48808487e+01  2.49477179e+01
  2.50522181e+01  2.51658738e+01  2.52363423e+01  2.65157873e+01
  2.65226303e+01  2.69289771e+01  3.69445469e+01  2.19296438e+02]
E1 = -1770.202376037771  E_coul = 647.361844663998
cycle= 2 E= -745.816820760674  delta_E= -0.117  |g|= 0.28  |ddm|= 0.897
    CPU time for cycle= 2      1.56 sec, wall time      0.06 sec
  HOMO = -0.373413162106866  LUMO = 0.0778959747308611
  mo_energy =
[-1.04801178e+02 -1.55668721e+01 -1.12961125e+01 -1.12892567e+01
 -1.12887846e+01 -1.12730215e+01 -1.12728255e+01 -1.12658040e+01
 -1.05092953e+01 -7.97815466e+00 -7.97629964e+00 -7.97628949e+00
 -1.29610369e+00 -1.13114297e+00 -1.07267420e+00 -1.01811340e+00
 -9.22002005e-01 -8.95486445e-01 -8.91496478e-01 -7.59451986e-01
 -6.94809893e-01 -6.90921663e-01 -6.34027702e-01 -6.14126013e-01
 -6.09950449e-01 -6.05121225e-01 -5.75198718e-01 -5.52315587e-01
 -4.71951478e-01 -4.21760223e-01 -3.84088547e-01 -3.83703388e-01
 -3.81276210e-01 -3.73413162e-01  7.78959747e-02  9.70421014e-02
  1.19642387e-01  1.47086425e-01  1.52727035e-01  1.74605304e-01
  1.83751134e-01  1.87611621e-01  2.29575424e-01  2.31903565e-01
  2.68832385e-01  3.06160153e-01  3.62658554e-01  3.88823974e-01
  4.06070510e-01  4.16481522e-01  4.38792763e-01  4.43582557e-01
  4.52752032e-01  4.62908899e-01  4.75353186e-01  4.98939556e-01
  5.27869063e-01  5.35069544e-01  5.38951148e-01  5.59205398e-01
  5.75931076e-01  5.84509759e-01  5.94822748e-01  6.13323083e-01
  6.23104386e-01  6.94918633e-01  7.00225925e-01  7.10093669e-01
  7.17016165e-01  7.34077001e-01  7.70714502e-01  7.84415350e-01
  7.85567597e-01  8.08649289e-01  8.12934020e-01  8.23325300e-01
  8.37521889e-01  8.86231670e-01  8.97889861e-01  9.01034074e-01
  9.41122063e-01  9.71321538e-01  9.86494369e-01  1.02458746e+00
  1.03028273e+00  1.05301245e+00  1.11390730e+00  1.13296221e+00
  1.13998591e+00  1.17346204e+00  1.21151734e+00  1.21866806e+00
  1.22317626e+00  1.22550372e+00  1.23552978e+00  1.23702253e+00
  1.24788436e+00  1.28935710e+00  1.32063144e+00  1.37576844e+00
  1.41573473e+00  1.42196319e+00  1.42479572e+00  1.50979136e+00
  1.54879454e+00  1.56358231e+00  1.65697103e+00  1.68024580e+00
  1.69756512e+00  1.71471678e+00  1.72660005e+00  1.73056344e+00
  1.77568998e+00  1.78540566e+00  1.81602568e+00  1.83945747e+00
  1.84938116e+00  1.89532449e+00  1.94252158e+00  1.94373218e+00
  1.96596623e+00  2.02218852e+00  2.02681308e+00  2.04045198e+00
  2.04551977e+00  2.08885521e+00  2.13153783e+00  2.14791866e+00
  2.17275268e+00  2.18340585e+00  2.20640172e+00  2.24357792e+00
  2.29120337e+00  2.31656129e+00  2.32731867e+00  2.34070574e+00
  2.36774053e+00  2.46453082e+00  2.46761989e+00  2.49999292e+00
  2.56431672e+00  2.56532622e+00  2.58394008e+00  2.64741784e+00
  2.67753443e+00  2.68895474e+00  2.71574730e+00  2.73521370e+00
  2.75163039e+00  2.75666111e+00  2.85555740e+00  2.86426199e+00
  2.89051700e+00  2.89334896e+00  2.89625448e+00  2.90414256e+00
  2.91324542e+00  2.96212236e+00  2.97096530e+00  2.97942959e+00
  2.98975263e+00  3.05505377e+00  3.09337473e+00  3.12369091e+00
  3.12614932e+00  3.22947101e+00  3.28401661e+00  3.31139480e+00
  3.33315470e+00  3.33413733e+00  3.34642451e+00  3.36057777e+00
  3.58285929e+00  3.73974182e+00  3.81480781e+00  3.85147154e+00
  3.99767805e+00  4.02348419e+00  4.13015829e+00  4.16786426e+00
  4.20313915e+00  4.34318330e+00  4.37047992e+00  4.41061316e+00
  4.45668372e+00  4.80876153e+00  4.96241264e+00  5.71266401e+00
  1.02309584e+01  2.47699796e+01  2.50653777e+01  2.50757525e+01
  2.51671119e+01  2.52594613e+01  2.53122003e+01  2.63304814e+01
  2.63372954e+01  2.67403289e+01  3.70809708e+01  2.19028607e+02]
E1 = -1769.950840793794  E_coul = 647.090432311121
cycle= 3 E= -745.836697869573  delta_E= -0.0199  |g|= 0.0943  |ddm|= 0.316
    CPU time for cycle= 3      1.55 sec, wall time      0.06 sec
  HOMO = -0.376906262317678  LUMO = 0.0794877820525844
  mo_energy =
[-1.04744600e+02 -1.56182356e+01 -1.13177823e+01 -1.13036856e+01
 -1.13036442e+01 -1.12736895e+01 -1.12595098e+01 -1.12594340e+01
 -1.04704916e+01 -7.93796873e+00 -7.93629772e+00 -7.93628988e+00
 -1.31431287e+00 -1.12463690e+00 -1.07249682e+00 -1.02056029e+00
 -9.28744424e-01 -8.97662914e-01 -8.88916407e-01 -7.58392256e-01
 -7.00563765e-01 -6.84216319e-01 -6.38220356e-01 -6.35805517e-01
 -6.24445632e-01 -6.10932859e-01 -5.83025276e-01 -5.52706819e-01
 -4.86936117e-01 -4.20921810e-01 -3.83894740e-01 -3.79855182e-01
 -3.77309136e-01 -3.76906262e-01  7.94877821e-02  9.76731110e-02
  1.21913647e-01  1.47971960e-01  1.55412830e-01  1.66594866e-01
  1.87325838e-01  1.88547805e-01  2.23499286e-01  2.29025016e-01
  2.63952854e-01  3.07617231e-01  3.61168425e-01  3.95350510e-01
  4.07256713e-01  4.23819910e-01  4.32415427e-01  4.38935944e-01
  4.49414436e-01  4.62180827e-01  4.73234989e-01  4.98997462e-01
  5.26817977e-01  5.37727180e-01  5.40236282e-01  5.58371700e-01
  5.81955250e-01  5.86469666e-01  5.99143527e-01  6.16751232e-01
  6.24245665e-01  6.89923763e-01  6.94870020e-01  6.99713857e-01
  7.15523870e-01  7.40978700e-01  7.75881822e-01  7.78224939e-01
  7.90700301e-01  7.91787483e-01  8.19146159e-01  8.20457580e-01
  8.28332829e-01  8.89506291e-01  8.97719538e-01  9.04259223e-01
  9.25059069e-01  9.72521993e-01  9.78985984e-01  1.02601400e+00
  1.03526283e+00  1.05025617e+00  1.10685315e+00  1.12961085e+00
  1.14616495e+00  1.17786579e+00  1.20971756e+00  1.21680912e+00
  1.23184064e+00  1.23803960e+00  1.23981454e+00  1.24116371e+00
  1.24478810e+00  1.29500982e+00  1.32665582e+00  1.36501259e+00
  1.41182585e+00  1.41593678e+00  1.41819488e+00  1.50039965e+00
  1.54056730e+00  1.55835511e+00  1.64383935e+00  1.68406933e+00
  1.69813102e+00  1.69932293e+00  1.71716536e+00  1.73002917e+00
  1.78635590e+00  1.78670754e+00  1.82131690e+00  1.84264893e+00
  1.85277992e+00  1.88891352e+00  1.93417284e+00  1.95166448e+00
  1.96769953e+00  2.02658204e+00  2.03343490e+00  2.04294143e+00
  2.04835493e+00  2.07538510e+00  2.12233492e+00  2.15099090e+00
  2.18044199e+00  2.18234927e+00  2.20717495e+00  2.24782193e+00
  2.27498264e+00  2.30337239e+00  2.32165179e+00  2.34593970e+00
  2.36928275e+00  2.45908320e+00  2.47181281e+00  2.50085242e+00
  2.57760599e+00  2.57868283e+00  2.58994494e+00  2.65169565e+00
  2.68077128e+00  2.68859106e+00  2.70183769e+00  2.73657743e+00
  2.74419205e+00  2.74678819e+00  2.85280838e+00  2.86475547e+00
  2.88282150e+00  2.89829991e+00  2.90528900e+00  2.91167602e+00
  2.91807166e+00  2.95536909e+00  2.96518268e+00  2.96875990e+00
  2.97664263e+00  3.04424282e+00  3.09813467e+00  3.12302265e+00
  3.12581290e+00  3.22370529e+00  3.26736578e+00  3.30864008e+00
  3.31161690e+00  3.32446084e+00  3.34871946e+00  3.35225480e+00
  3.58896716e+00  3.74224281e+00  3.82109269e+00  3.86504341e+00
  3.99346832e+00  4.00919770e+00  4.10595160e+00  4.14520611e+00
  4.19320957e+00  4.30753856e+00  4.37871685e+00  4.42269538e+00
  4.45704574e+00  4.81108777e+00  4.93251384e+00  5.68813016e+00
  1.02621109e+01  2.47772232e+01  2.50255198e+01  2.50622276e+01
  2.51672500e+01  2.52616911e+01  2.53256698e+01  2.63593353e+01
  2.63661533e+01  2.67689925e+01  3.70306485e+01  2.19083007e+02]
E1 = -1770.0701484500753  E_coul = 647.2068273419349
cycle= 4 E= -745.839610495041  delta_E= -0.00291  |g|= 0.0312  |ddm|= 0.138
    CPU time for cycle= 4      1.55 sec, wall time      0.06 sec
  HOMO = -0.374810988825554  LUMO = 0.0787860057936941
  mo_energy =
[-1.04738555e+02 -1.55965140e+01 -1.13179398e+01 -1.13066956e+01
 -1.13064317e+01 -1.12892202e+01 -1.12700693e+01 -1.12700100e+01
 -1.04647401e+01 -7.93217708e+00 -7.93054154e+00 -7.93053395e+00
 -1.30965037e+00 -1.12913254e+00 -1.07419661e+00 -1.01863325e+00
 -9.26781556e-01 -8.97941050e-01 -8.91690570e-01 -7.60157968e-01
 -7.02807759e-01 -6.86503567e-01 -6.39479531e-01 -6.34953997e-01
 -6.24991958e-01 -6.13845910e-01 -5.81734819e-01 -5.55902202e-01
 -4.84753271e-01 -4.21922116e-01 -3.82138870e-01 -3.81699719e-01
 -3.75161426e-01 -3.74810989e-01  7.87860058e-02  9.60005081e-02
  1.22336309e-01  1.47735898e-01  1.55293492e-01  1.68975046e-01
  1.87187338e-01  1.88215070e-01  2.24307670e-01  2.29370689e-01
  2.64502800e-01  3.06822546e-01  3.61355829e-01  3.93584251e-01
  4.06393417e-01  4.21301318e-01  4.33498895e-01  4.38274328e-01
  4.49485908e-01  4.63146793e-01  4.73823495e-01  4.99969405e-01
  5.26772119e-01  5.37296761e-01  5.37863376e-01  5.58253044e-01
  5.79175964e-01  5.85240763e-01  5.97288514e-01  6.14388935e-01
  6.22724876e-01  6.91108381e-01  6.93628714e-01  7.01033667e-01
  7.15428938e-01  7.37765474e-01  7.73123846e-01  7.78207144e-01
  7.88799076e-01  7.91408207e-01  8.17420739e-01  8.19674854e-01
  8.27878809e-01  8.88194844e-01  8.97259463e-01  9.01441995e-01
  9.30373815e-01  9.70138027e-01  9.80034114e-01  1.02391774e+00
  1.03540434e+00  1.05043272e+00  1.10711286e+00  1.12935052e+00
  1.14313150e+00  1.17642668e+00  1.21125404e+00  1.21948340e+00
  1.23478777e+00  1.23619687e+00  1.24122880e+00  1.24229834e+00
  1.24784296e+00  1.29241439e+00  1.32345695e+00  1.36674375e+00
  1.41329967e+00  1.41690784e+00  1.41852287e+00  1.50403402e+00
  1.54123291e+00  1.55854948e+00  1.64490891e+00  1.68155367e+00
  1.69636084e+00  1.70017661e+00  1.71688473e+00  1.72824781e+00
  1.78316063e+00  1.78454161e+00  1.81916627e+00  1.84059862e+00
  1.85148968e+00  1.88992727e+00  1.93502087e+00  1.95004612e+00
  1.96644457e+00  2.02543209e+00  2.03177850e+00  2.04206609e+00
  2.04732204e+00  2.07636773e+00  2.12292479e+00  2.14938869e+00
  2.17710290e+00  2.18085249e+00  2.20451798e+00  2.24394128e+00
  2.27593841e+00  2.30401557e+00  2.32124720e+00  2.34246085e+00
  2.36706043e+00  2.45847644e+00  2.46944142e+00  2.50149728e+00
  2.58069881e+00  2.58156120e+00  2.58824415e+00  2.65087259e+00
  2.67994065e+00  2.68886271e+00  2.70446837e+00  2.73824457e+00
  2.74213045e+00  2.74620800e+00  2.85392875e+00  2.86460589e+00
  2.88418410e+00  2.89757962e+00  2.90244687e+00  2.91128595e+00
  2.91616430e+00  2.95595427e+00  2.96293047e+00  2.96558491e+00
  2.97487415e+00  3.04645986e+00  3.09540318e+00  3.11965704e+00
  3.12253501e+00  3.22140412e+00  3.26899690e+00  3.30911569e+00
  3.31009943e+00  3.32600162e+00  3.34610944e+00  3.34990930e+00
  3.58292023e+00  3.73740440e+00  3.81553213e+00  3.85775496e+00
  3.99274860e+00  4.01173758e+00  4.10680394e+00  4.14646682e+00
  4.19435461e+00  4.32090838e+00  4.37447962e+00  4.41727982e+00
  4.45443997e+00  4.80743423e+00  4.94279846e+00  5.69603443e+00
  1.02671715e+01  2.47681014e+01  2.50254174e+01  2.50567231e+01
  2.51596802e+01  2.52542410e+01  2.53143570e+01  2.63641710e+01
  2.63709882e+01  2.67737607e+01  3.70518125e+01  2.19088980e+02]
E1 = -1770.0379472868312  E_coul = 647.1743380263933
cycle= 5 E= -745.839898647338  delta_E= -0.000288  |g|= 0.00855  |ddm|= 0.029
    CPU time for cycle= 5      1.56 sec, wall time      0.06 sec
  HOMO = -0.375258141070001  LUMO = 0.0788497345321195
  mo_energy =
[-1.04742180e+02 -1.56016357e+01 -1.13159214e+01 -1.13081439e+01
 -1.13079004e+01 -1.12884323e+01 -1.12697762e+01 -1.12696913e+01
 -1.04665845e+01 -7.93415380e+00 -7.93253157e+00 -7.93252400e+00
 -1.31102442e+00 -1.12884664e+00 -1.07439980e+00 -1.01873881e+00
 -9.26861762e-01 -8.98536897e-01 -8.91798764e-01 -7.60455646e-01
 -7.03300018e-01 -6.86673524e-01 -6.39679116e-01 -6.35074856e-01
 -6.25100825e-01 -6.14308187e-01 -5.81941612e-01 -5.56172056e-01
 -4.85901458e-01 -4.21685206e-01 -3.82810793e-01 -3.82160089e-01
 -3.75610266e-01 -3.75258141e-01  7.88497345e-02  9.56970885e-02
  1.22474060e-01  1.47785785e-01  1.55315086e-01  1.68970871e-01
  1.87176302e-01  1.88221388e-01  2.24015401e-01  2.29310983e-01
  2.64312423e-01  3.06687310e-01  3.61021071e-01  3.93576866e-01
  4.06244306e-01  4.21323630e-01  4.33176466e-01  4.38126884e-01
  4.49235088e-01  4.62806590e-01  4.73503076e-01  4.99616555e-01
  5.26554301e-01  5.37062526e-01  5.38350158e-01  5.57980335e-01
  5.79337621e-01  5.85508207e-01  5.97252983e-01  6.14495058e-01
  6.22846525e-01  6.90771783e-01  6.93656938e-01  7.00465273e-01
  7.15057230e-01  7.38061313e-01  7.73002688e-01  7.77879614e-01
  7.88755795e-01  7.91292655e-01  8.17442305e-01  8.19464181e-01
  8.27716480e-01  8.88201390e-01  8.97230649e-01  9.01606876e-01
  9.29651744e-01  9.70003250e-01  9.79979316e-01  1.02366822e+00
  1.03520542e+00  1.05013643e+00  1.10680402e+00  1.12904455e+00
  1.14312989e+00  1.17650519e+00  1.21078889e+00  1.21907616e+00
  1.23422759e+00  1.23619750e+00  1.24090771e+00  1.24186096e+00
  1.24736160e+00  1.29235169e+00  1.32340630e+00  1.36645565e+00
  1.41290171e+00  1.41657099e+00  1.41789543e+00  1.50318775e+00
  1.54062391e+00  1.55813658e+00  1.64453574e+00  1.68138940e+00
  1.69629389e+00  1.69998576e+00  1.71676968e+00  1.72801291e+00
  1.78315558e+00  1.78435484e+00  1.81901358e+00  1.84039238e+00
  1.85124898e+00  1.88949000e+00  1.93463173e+00  1.95000927e+00
  1.96608064e+00  2.02535333e+00  2.03154760e+00  2.04182194e+00
  2.04698059e+00  2.07603725e+00  2.12251753e+00  2.14917322e+00
  2.17713211e+00  2.18060580e+00  2.20428426e+00  2.24389761e+00
  2.27571062e+00  2.30378115e+00  2.32076149e+00  2.34241219e+00
  2.36684266e+00  2.45791609e+00  2.46932647e+00  2.50091466e+00
  2.58007110e+00  2.58095729e+00  2.58791195e+00  2.65063101e+00
  2.67959905e+00  2.68847821e+00  2.70349977e+00  2.73768879e+00
  2.74203100e+00  2.74585154e+00  2.85350950e+00  2.86442750e+00
  2.88311047e+00  2.89732391e+00  2.90231997e+00  2.91100561e+00
  2.91603195e+00  2.95615458e+00  2.96304324e+00  2.96573311e+00
  2.97457161e+00  3.04548247e+00  3.09504897e+00  3.11939681e+00
  3.12217439e+00  3.22091742e+00  3.26862457e+00  3.30882487e+00
  3.31012447e+00  3.32495384e+00  3.34635044e+00  3.34916242e+00
  3.58289267e+00  3.73723653e+00  3.81551796e+00  3.85811796e+00
  3.99213815e+00  4.01062895e+00  4.10697401e+00  4.14641904e+00
  4.19322865e+00  4.31779126e+00  4.37433775e+00  4.41728314e+00
  4.45396566e+00  4.80714151e+00  4.94031158e+00  5.69370378e+00
  1.02657871e+01  2.47679846e+01  2.50273099e+01  2.50559653e+01
  2.51591476e+01  2.52539004e+01  2.53146828e+01  2.63629116e+01
  2.63697286e+01  2.67724645e+01  3.70467925e+01  2.19085555e+02]
E1 = -1770.0542593916857  E_coul = 647.1906094947526
cycle= 6 E= -745.839939283834  delta_E= -4.06e-05  |g|= 0.00256  |ddm|= 0.0149
    CPU time for cycle= 6      1.57 sec, wall time      0.06 sec
  HOMO = -0.375731110434691  LUMO = 0.0795371989336319
  mo_energy =
[-1.04742431e+02 -1.56003335e+01 -1.13171369e+01 -1.13066307e+01
 -1.13064158e+01 -1.12872420e+01 -1.12691053e+01 -1.12690384e+01
 -1.04670994e+01 -7.93465551e+00 -7.93302355e+00 -7.93301596e+00
 -1.31026953e+00 -1.12824707e+00 -1.07375138e+00 -1.01928383e+00
 -9.27262147e-01 -8.97932603e-01 -8.91260874e-01 -7.59946691e-01
 -7.02574261e-01 -6.86243003e-01 -6.39412900e-01 -6.35542316e-01
 -6.25337983e-01 -6.13845166e-01 -5.81298946e-01 -5.55588450e-01
 -4.85764337e-01 -4.20953701e-01 -3.83374619e-01 -3.81640034e-01
 -3.76093410e-01 -3.75731110e-01  7.95371989e-02  9.61176535e-02
  1.22566040e-01  1.47822622e-01  1.55478043e-01  1.68623750e-01
  1.87266175e-01  1.88334254e-01  2.23861261e-01  2.29360490e-01
  2.64230825e-01  3.07215591e-01  3.61308690e-01  3.93910037e-01
  4.06436259e-01  4.21687519e-01  4.32869285e-01  4.38451024e-01
  4.49360074e-01  4.62545087e-01  4.73405809e-01  4.99340741e-01
  5.26750165e-01  5.37345442e-01  5.38763059e-01  5.58146328e-01
  5.79769432e-01  5.85919060e-01  5.97545419e-01  6.14864105e-01
  6.23279280e-01  6.90495221e-01  6.94048865e-01  7.00682807e-01
  7.15500090e-01  7.38482673e-01  7.73456671e-01  7.78036448e-01
  7.89141659e-01  7.90858911e-01  8.17781334e-01  8.19700958e-01
  8.27810696e-01  8.88566635e-01  8.97329392e-01  9.02025836e-01
  9.30003569e-01  9.70381196e-01  9.79628348e-01  1.02417221e+00
  1.03512944e+00  1.05065657e+00  1.10688670e+00  1.12940314e+00
  1.14360198e+00  1.17683198e+00  1.21088354e+00  1.21864606e+00
  1.23401871e+00  1.23675558e+00  1.24083300e+00  1.24141741e+00
  1.24691086e+00  1.29283139e+00  1.32396269e+00  1.36612438e+00
  1.41271259e+00  1.41648315e+00  1.41845306e+00  1.50322898e+00
  1.54100312e+00  1.55861472e+00  1.64411560e+00  1.68179726e+00
  1.69664583e+00  1.69956679e+00  1.71651830e+00  1.72852390e+00
  1.78358311e+00  1.78488210e+00  1.81932012e+00  1.84092824e+00
  1.85159749e+00  1.88967953e+00  1.93456352e+00  1.95038622e+00
  1.96659040e+00  2.02573588e+00  2.03190542e+00  2.04228797e+00
  2.04729423e+00  2.07560404e+00  2.12236405e+00  2.14954292e+00
  2.17755531e+00  2.18064811e+00  2.20489846e+00  2.24439810e+00
  2.27522366e+00  2.30340924e+00  2.32108789e+00  2.34298263e+00
  2.36741658e+00  2.45850308e+00  2.46982014e+00  2.50120388e+00
  2.57958229e+00  2.58052399e+00  2.58828696e+00  2.65089862e+00
  2.67980570e+00  2.68844936e+00  2.70385047e+00  2.73752921e+00
  2.74234888e+00  2.74571732e+00  2.85355593e+00  2.86446212e+00
  2.88379854e+00  2.89770341e+00  2.90271310e+00  2.91119224e+00
  2.91625569e+00  2.95554225e+00  2.96372734e+00  2.96523106e+00
  2.97493613e+00  3.04598604e+00  3.09559144e+00  3.12023860e+00
  3.12286384e+00  3.22171953e+00  3.26838125e+00  3.30946319e+00
  3.30973784e+00  3.32562751e+00  3.34705267e+00  3.34945309e+00
  3.58360325e+00  3.73797655e+00  3.81622956e+00  3.85873031e+00
  3.99278125e+00  4.01118703e+00  4.10629058e+00  4.14596366e+00
  4.19403300e+00  4.31857782e+00  4.37490602e+00  4.41786896e+00
  4.45467190e+00  4.80786457e+00  4.94105691e+00  5.69458644e+00
  1.02652637e+01  2.47690252e+01  2.50261339e+01  2.50571099e+01
  2.51604659e+01  2.52548580e+01  2.53155811e+01  2.63623973e+01
  2.63692148e+01  2.67719120e+01  3.70480666e+01  2.19085280e+02]
E1 = -1770.0469019794627  E_coul = 647.1832463198573
cycle= 7 E= -745.839945046506  delta_E= -5.76e-06  |g|= 0.00104  |ddm|= 0.00534
    CPU time for cycle= 7      1.57 sec, wall time      0.06 sec
  HOMO = -0.375920785603771  LUMO = 0.0795499665268422
  mo_energy =
[-1.04742612e+02 -1.56006223e+01 -1.13165818e+01 -1.13067685e+01
 -1.13065294e+01 -1.12873071e+01 -1.12691854e+01 -1.12691116e+01
 -1.04673340e+01 -7.93488649e+00 -7.93325325e+00 -7.93324569e+00
 -1.31042655e+00 -1.12830138e+00 -1.07380361e+00 -1.01930935e+00
 -9.27288299e-01 -8.97968804e-01 -8.91262430e-01 -7.59925227e-01
 -7.02616739e-01 -6.86190544e-01 -6.39359539e-01 -6.35407603e-01
 -6.25225037e-01 -6.13856947e-01 -5.81321596e-01 -5.55564388e-01
 -4.85859056e-01 -4.20942197e-01 -3.83528758e-01 -3.81689793e-01
 -3.76284674e-01 -3.75920786e-01  7.95499665e-02  9.60716394e-02
  1.22624427e-01  1.47883049e-01  1.55536714e-01  1.68664145e-01
  1.87321936e-01  1.88395636e-01  2.23877134e-01  2.29407853e-01
  2.64266260e-01  3.07234419e-01  3.61297904e-01  3.93951442e-01
  4.06472728e-01  4.21725573e-01  4.32894876e-01  4.38458193e-01
  4.49381489e-01  4.62433497e-01  4.73367388e-01  4.99214797e-01
  5.26724005e-01  5.37358398e-01  5.38757277e-01  5.58125847e-01
  5.79796629e-01  5.85927899e-01  5.97578674e-01  6.14888256e-01
  6.23271839e-01  6.90542206e-01  6.94056236e-01  7.00701524e-01
  7.15539130e-01  7.38496140e-01  7.73493858e-01  7.78098618e-01
  7.89168141e-01  7.90977490e-01  8.17818166e-01  8.19752353e-01
  8.27873091e-01  8.88605440e-01  8.97355302e-01  9.02051978e-01
  9.29985413e-01  9.70401357e-01  9.79658937e-01  1.02412256e+00
  1.03501854e+00  1.05064142e+00  1.10689188e+00  1.12941626e+00
  1.14361847e+00  1.17684701e+00  1.21086639e+00  1.21851681e+00
  1.23388572e+00  1.23671794e+00  1.24076629e+00  1.24121636e+00
  1.24673269e+00  1.29285937e+00  1.32400502e+00  1.36615065e+00
  1.41274128e+00  1.41641584e+00  1.41846418e+00  1.50313690e+00
  1.54099154e+00  1.55856841e+00  1.64418814e+00  1.68182962e+00
  1.69666206e+00  1.69966528e+00  1.71660499e+00  1.72853190e+00
  1.78364728e+00  1.78487067e+00  1.81937178e+00  1.84094868e+00
  1.85166770e+00  1.88974190e+00  1.93461597e+00  1.95045354e+00
  1.96662799e+00  2.02578356e+00  2.03195779e+00  2.04233093e+00
  2.04731277e+00  2.07567858e+00  2.12241998e+00  2.14960473e+00
  2.17758403e+00  2.18066361e+00  2.20489310e+00  2.24440847e+00
  2.27532149e+00  2.30349795e+00  2.32108451e+00  2.34298820e+00
  2.36741141e+00  2.45848893e+00  2.46981196e+00  2.50123124e+00
  2.57938548e+00  2.58033891e+00  2.58830076e+00  2.65092453e+00
  2.67981774e+00  2.68845614e+00  2.70380604e+00  2.73756737e+00
  2.74241958e+00  2.74578698e+00  2.85359690e+00  2.86452958e+00
  2.88373769e+00  2.89778104e+00  2.90280841e+00  2.91125718e+00
  2.91633504e+00  2.95574265e+00  2.96369472e+00  2.96541918e+00
  2.97497645e+00  3.04593640e+00  3.09559590e+00  3.12019805e+00
  3.12281506e+00  3.22166486e+00  3.26846260e+00  3.30942932e+00
  3.30988839e+00  3.32556480e+00  3.34701164e+00  3.34945020e+00
  3.58355744e+00  3.73792787e+00  3.81619381e+00  3.85872556e+00
  3.99272836e+00  4.01117317e+00  4.10649419e+00  4.14613333e+00
  4.19398355e+00  4.31835550e+00  4.37491627e+00  4.41790348e+00
  4.45464442e+00  4.80782128e+00  4.94088070e+00  5.69443086e+00
  1.02650296e+01  2.47689426e+01  2.50266637e+01  2.50570086e+01
  2.51603683e+01  2.52547651e+01  2.53155061e+01  2.63621718e+01
  2.63689896e+01  2.67716663e+01  3.70477810e+01  2.19085093e+02]
E1 = -1770.049570501663  E_coul = 647.1859139507799
cycle= 8 E= -745.839945937784  delta_E= -8.91e-07  |g|= 0.000452  |ddm|= 0.00183
    CPU time for cycle= 8      1.57 sec, wall time      0.06 sec
  HOMO = -0.375960713552933  LUMO = 0.0795972061094676
  mo_energy =
[-1.04742615e+02 -1.56006519e+01 -1.13166312e+01 -1.13066651e+01
 -1.13064388e+01 -1.12872043e+01 -1.12692092e+01 -1.12691363e+01
 -1.04673320e+01 -7.93488389e+00 -7.93325079e+00 -7.93324325e+00
 -1.31039077e+00 -1.12825668e+00 -1.07375846e+00 -1.01933762e+00
 -9.27307445e-01 -8.97938865e-01 -8.91220810e-01 -7.59870151e-01
 -7.02576492e-01 -6.86178272e-01 -6.39325141e-01 -6.35406601e-01
 -6.25211803e-01 -6.13810818e-01 -5.81276206e-01 -5.55526542e-01
 -4.85868267e-01 -4.20882097e-01 -3.83551988e-01 -3.81664053e-01
 -3.76325631e-01 -3.75960714e-01  7.95972061e-02  9.60879453e-02
  1.22639651e-01  1.47894066e-01  1.55556433e-01  1.68632549e-01
  1.87337816e-01  1.88413287e-01  2.23881408e-01  2.29423207e-01
  2.64277728e-01  3.07273078e-01  3.61322523e-01  3.93984604e-01
  4.06490373e-01  4.21751741e-01  4.32889038e-01  4.38487796e-01
  4.49399634e-01  4.62412485e-01  4.73364532e-01  4.99183330e-01
  5.26738056e-01  5.37382580e-01  5.38783502e-01  5.58136876e-01
  5.79844786e-01  5.85953954e-01  5.97602445e-01  6.14934186e-01
  6.23303214e-01  6.90539127e-01  6.94081413e-01  7.00734198e-01
  7.15585076e-01  7.38520748e-01  7.73544303e-01  7.78129560e-01
  7.89177847e-01  7.90976839e-01  8.17827954e-01  8.19781307e-01
  8.27897411e-01  8.88642543e-01  8.97381050e-01  9.02087508e-01
  9.30002286e-01  9.70425086e-01  9.79651361e-01  1.02416990e+00
  1.03502038e+00  1.05067741e+00  1.10690474e+00  1.12943630e+00
  1.14366243e+00  1.17687362e+00  1.21088046e+00  1.21849646e+00
  1.23387584e+00  1.23675567e+00  1.24077418e+00  1.24119469e+00
  1.24670955e+00  1.29289264e+00  1.32406702e+00  1.36614214e+00
  1.41274474e+00  1.41642129e+00  1.41851325e+00  1.50312373e+00
  1.54101645e+00  1.55860502e+00  1.64418824e+00  1.68186562e+00
  1.69670047e+00  1.69966332e+00  1.71660852e+00  1.72858479e+00
  1.78367840e+00  1.78490432e+00  1.81939298e+00  1.84099160e+00
  1.85170903e+00  1.88977927e+00  1.93462509e+00  1.95049730e+00
  1.96667382e+00  2.02582411e+00  2.03197921e+00  2.04238803e+00
  2.04733386e+00  2.07567738e+00  2.12243178e+00  2.14965058e+00
  2.17761008e+00  2.18068204e+00  2.20493488e+00  2.24445440e+00
  2.27531556e+00  2.30349813e+00  2.32111056e+00  2.34302887e+00
  2.36745043e+00  2.45854698e+00  2.46984761e+00  2.50126293e+00
  2.57935872e+00  2.58031533e+00  2.58833296e+00  2.65095969e+00
  2.67982748e+00  2.68847435e+00  2.70382776e+00  2.73757405e+00
  2.74244623e+00  2.74580537e+00  2.85362129e+00  2.86455455e+00
  2.88376509e+00  2.89783450e+00  2.90285574e+00  2.91127840e+00
  2.91633471e+00  2.95573241e+00  2.96372957e+00  2.96541400e+00
  2.97500291e+00  3.04596828e+00  3.09562989e+00  3.12026387e+00
  3.12284528e+00  3.22171470e+00  3.26846209e+00  3.30948325e+00
  3.30987715e+00  3.32560234e+00  3.34705377e+00  3.34947732e+00
  3.58359548e+00  3.73796981e+00  3.81624243e+00  3.85877485e+00
  3.99277092e+00  4.01122293e+00  4.10648042e+00  4.14613263e+00
  4.19404761e+00  4.31833074e+00  4.37494094e+00  4.41794484e+00
  4.45469166e+00  4.80786367e+00  4.94087498e+00  5.69445191e+00
  1.02650219e+01  2.47689912e+01  2.50266175e+01  2.50570594e+01
  2.51604629e+01  2.52547888e+01  2.53155386e+01  2.63621663e+01
  2.63689844e+01  2.67716459e+01  3.70477524e+01  2.19085089e+02]
E1 = -1770.048800604593  E_coul = 647.1851437780626
cycle= 9 E= -745.839946213431  delta_E= -2.76e-07  |g|= 0.000173  |ddm|= 0.00117
    CPU time for cycle= 9      1.57 sec, wall time      0.06 sec
  HOMO = -0.375982915399543  LUMO = 0.0795974455618785
  mo_energy =
[-1.04742694e+02 -1.56006951e+01 -1.13166357e+01 -1.13066349e+01
 -1.13063971e+01 -1.12871573e+01 -1.12692324e+01 -1.12691606e+01
 -1.04673922e+01 -7.93494520e+00 -7.93331173e+00 -7.93330419e+00
 -1.31040289e+00 -1.12825786e+00 -1.07375972e+00 -1.01934635e+00
 -9.27315099e-01 -8.97942290e-01 -8.91214079e-01 -7.59859802e-01
 -7.02580688e-01 -6.86184327e-01 -6.39323269e-01 -6.35396634e-01
 -6.25205301e-01 -6.13799380e-01 -5.81279274e-01 -5.55530083e-01
 -4.85878022e-01 -4.20878029e-01 -3.83557601e-01 -3.81666356e-01
 -3.76348134e-01 -3.75982915e-01  7.95974456e-02  9.60834359e-02
  1.22640322e-01  1.47896105e-01  1.55557091e-01  1.68621535e-01
  1.87341515e-01  1.88416719e-01  2.23888468e-01  2.29427979e-01
  2.64283566e-01  3.07277248e-01  3.61321307e-01  3.93989821e-01
  4.06490797e-01  4.21751380e-01  4.32893250e-01  4.38486040e-01
  4.49401869e-01  4.62403662e-01  4.73361643e-01  4.99172839e-01
  5.26734022e-01  5.37381556e-01  5.38780176e-01  5.58133814e-01
  5.79847238e-01  5.85950781e-01  5.97602165e-01  6.14939425e-01
  6.23305046e-01  6.90541953e-01  6.94080466e-01  7.00741691e-01
  7.15592488e-01  7.38520055e-01  7.73556280e-01  7.78136994e-01
  7.89164964e-01  7.90984025e-01  8.17818738e-01  8.19785546e-01
  8.27902137e-01  8.88647434e-01  8.97384868e-01  9.02088731e-01
  9.29998610e-01  9.70425078e-01  9.79649684e-01  1.02416672e+00
  1.03500917e+00  1.05067239e+00  1.10690469e+00  1.12943313e+00
  1.14366214e+00  1.17687350e+00  1.21087731e+00  1.21847756e+00
  1.23385948e+00  1.23675402e+00  1.24076594e+00  1.24117056e+00
  1.24668697e+00  1.29288703e+00  1.32408039e+00  1.36613895e+00
  1.41274403e+00  1.41641100e+00  1.41851782e+00  1.50311088e+00
  1.54101401e+00  1.55860040e+00  1.64419756e+00  1.68186814e+00
  1.69669732e+00  1.69966938e+00  1.71661181e+00  1.72858843e+00
  1.78367991e+00  1.78490372e+00  1.81939036e+00  1.84099493e+00
  1.85171636e+00  1.88978762e+00  1.93462532e+00  1.95049923e+00
  1.96667984e+00  2.02582088e+00  2.03197348e+00  2.04239744e+00
  2.04732881e+00  2.07568559e+00  2.12243893e+00  2.14965784e+00
  2.17760836e+00  2.18068344e+00  2.20493553e+00  2.24446112e+00
  2.27532369e+00  2.30350513e+00  2.32110903e+00  2.34302815e+00
  2.36744677e+00  2.45855431e+00  2.46984332e+00  2.50126344e+00
  2.57933121e+00  2.58028916e+00  2.58833168e+00  2.65095628e+00
  2.67982010e+00  2.68847491e+00  2.70382545e+00  2.73757971e+00
  2.74245202e+00  2.74581451e+00  2.85362490e+00  2.86455679e+00
  2.88376239e+00  2.89784564e+00  2.90287013e+00  2.91127668e+00
  2.91632082e+00  2.95573796e+00  2.96372935e+00  2.96541917e+00
  2.97500062e+00  3.04596528e+00  3.09563091e+00  3.12027682e+00
  3.12284330e+00  3.22171816e+00  3.26846519e+00  3.30947892e+00
  3.30987603e+00  3.32560056e+00  3.34705266e+00  3.34948134e+00
  3.58359539e+00  3.73796867e+00  3.81624398e+00  3.85877783e+00
  3.99276750e+00  4.01122947e+00  4.10648687e+00  4.14613928e+00
  4.19405716e+00  4.31829652e+00  4.37493395e+00  4.41795002e+00
  4.45469369e+00  4.80786258e+00  4.94085038e+00  5.69443576e+00
  1.02649712e+01  2.47690053e+01  2.50266140e+01  2.50570721e+01
  2.51604996e+01  2.52547876e+01  2.53155442e+01  2.63621212e+01
  2.63689394e+01  2.67715943e+01  3.70477103e+01  2.19085013e+02]
E1 = -1770.0490803149382  E_coul = 647.185423444418
cycle= 10 E= -745.839946257421  delta_E= -4.4e-08  |g|= 5.19e-05  |ddm|= 0.000523
    CPU time for cycle= 10      1.59 sec, wall time      0.06 sec
  HOMO = -0.375968375262959  LUMO = 0.0795921479502414
  mo_energy =
[-1.04742645e+02 -1.56007070e+01 -1.13166284e+01 -1.13066277e+01
 -1.13064031e+01 -1.12871652e+01 -1.12692442e+01 -1.12691697e+01
 -1.04673560e+01 -7.93490805e+00 -7.93327448e+00 -7.93326694e+00
 -1.31040383e+00 -1.12826199e+00 -1.07376298e+00 -1.01933639e+00
 -9.27306857e-01 -8.97947061e-01 -8.91216857e-01 -7.59862731e-01
 -7.02585730e-01 -6.86191962e-01 -6.39327105e-01 -6.35396647e-01
 -6.25206912e-01 -6.13801732e-01 -5.81281162e-01 -5.55536734e-01
 -4.85879101e-01 -4.20880794e-01 -3.83548499e-01 -3.81665784e-01
 -3.76333411e-01 -3.75968375e-01  7.95921480e-02  9.60813846e-02
  1.22639787e-01  1.47895417e-01  1.55553880e-01  1.68627163e-01
  1.87339400e-01  1.88414309e-01  2.23888965e-01  2.29426290e-01
  2.64283804e-01  3.07274462e-01  3.61319592e-01  3.93986532e-01
  4.06488141e-01  4.21747316e-01  4.32894800e-01  4.38484249e-01
  4.49399853e-01  4.62410466e-01  4.73364629e-01  4.99180107e-01
  5.26733882e-01  5.37379153e-01  5.38778937e-01  5.58132893e-01
  5.79843824e-01  5.85949248e-01  5.97599453e-01  6.14937479e-01
  6.23303820e-01  6.90542491e-01  6.94078664e-01  7.00742279e-01
  7.15590231e-01  7.38516757e-01  7.73554063e-01  7.78135861e-01
  7.89157021e-01  7.90984655e-01  8.17812415e-01  8.19783156e-01
  8.27900951e-01  8.88645319e-01  8.97386380e-01  9.02084835e-01
  9.29997845e-01  9.70420606e-01  9.79654493e-01  1.02416433e+00
  1.03501717e+00  1.05066893e+00  1.10690577e+00  1.12942896e+00
  1.14365848e+00  1.17687130e+00  1.21087801e+00  1.21849061e+00
  1.23387041e+00  1.23675249e+00  1.24077191e+00  1.24118750e+00
  1.24670277e+00  1.29288169e+00  1.32407818e+00  1.36614281e+00
  1.41274618e+00  1.41641638e+00  1.41851534e+00  1.50311260e+00
  1.54101181e+00  1.55859916e+00  1.64419712e+00  1.68186424e+00
  1.69669392e+00  1.69967024e+00  1.71661099e+00  1.72858579e+00
  1.78367445e+00  1.78490010e+00  1.81938577e+00  1.84099106e+00
  1.85171359e+00  1.88978682e+00  1.93462591e+00  1.95049470e+00
  1.96667663e+00  2.02581609e+00  2.03196707e+00  2.04239524e+00
  2.04732413e+00  2.07568603e+00  2.12243922e+00  2.14965442e+00
  2.17760215e+00  2.18068253e+00  2.20493140e+00  2.24445761e+00
  2.27532449e+00  2.30350528e+00  2.32110636e+00  2.34302305e+00
  2.36744196e+00  2.45855269e+00  2.46983856e+00  2.50126042e+00
  2.57935043e+00  2.58030724e+00  2.58832792e+00  2.65095417e+00
  2.67981802e+00  2.68847739e+00  2.70382349e+00  2.73757901e+00
  2.74244753e+00  2.74581348e+00  2.85362617e+00  2.86455647e+00
  2.88375892e+00  2.89784273e+00  2.90286651e+00  2.91127290e+00
  2.91631160e+00  2.95573929e+00  2.96372398e+00  2.96541977e+00
  2.97499571e+00  3.04596278e+00  3.09562558e+00  3.12027579e+00
  3.12283761e+00  3.22171565e+00  3.26846556e+00  3.30947510e+00
  3.30987861e+00  3.32559666e+00  3.34704721e+00  3.34947971e+00
  3.58358909e+00  3.73796378e+00  3.81623858e+00  3.85877180e+00
  3.99276311e+00  4.01122842e+00  4.10648817e+00  4.14614023e+00
  4.19405641e+00  4.31828996e+00  4.37492640e+00  4.41794389e+00
  4.45468946e+00  4.80785687e+00  4.94084437e+00  5.69443094e+00
  1.02650024e+01  2.47689990e+01  2.50266208e+01  2.50570683e+01
  2.51604968e+01  2.52547813e+01  2.53155357e+01  2.63621507e+01
  2.63689689e+01  2.67716243e+01  3.70476987e+01  2.19085061e+02]
E1 = -1770.0489095435553  E_coul = 647.1852526699341
cycle= 11 E= -745.839946260522  delta_E= -3.1e-09  |g|= 1.9e-05  |ddm|= 0.000139
    CPU time for cycle= 11      1.58 sec, wall time      0.06 sec
  HOMO = -0.375971596846299  LUMO = 0.0795918505395887
  mo_energy =
[-1.04742666e+02 -1.56007062e+01 -1.13166314e+01 -1.13066317e+01
 -1.13063960e+01 -1.12871589e+01 -1.12692471e+01 -1.12691757e+01
 -1.04673701e+01 -7.93492279e+00 -7.93328926e+00 -7.93328171e+00
 -1.31040312e+00 -1.12826189e+00 -1.07376378e+00 -1.01933949e+00
 -9.27309333e-01 -8.97947216e-01 -8.91217169e-01 -7.59862585e-01
 -7.02585557e-01 -6.86193580e-01 -6.39328281e-01 -6.35398036e-01
 -6.25208456e-01 -6.13800615e-01 -5.81280977e-01 -5.55536989e-01
 -4.85879861e-01 -4.20880432e-01 -3.83552050e-01 -3.81665336e-01
 -3.76336658e-01 -3.75971597e-01  7.95918505e-02  9.60813655e-02
  1.22639137e-01  1.47894900e-01  1.55553096e-01  1.68626426e-01
  1.87338889e-01  1.88413629e-01  2.23888778e-01  2.29426086e-01
  2.64282995e-01  3.07274433e-01  3.61319536e-01  3.93986430e-01
  4.06487512e-01  4.21746883e-01  4.32893815e-01  4.38483232e-01
  4.49399793e-01  4.62409719e-01  4.73363896e-01  4.99179430e-01
  5.26733478e-01  5.37378330e-01  5.38778967e-01  5.58132373e-01
  5.79843793e-01  5.85948917e-01  5.97598817e-01  6.14937661e-01
  6.23304388e-01  6.90541561e-01  6.94078388e-01  7.00742267e-01
  7.15590039e-01  7.38516679e-01  7.73554714e-01  7.78135471e-01
  7.89155194e-01  7.90983507e-01  8.17810921e-01  8.19783056e-01
  8.27900129e-01  8.88644970e-01  8.97385812e-01  9.02084429e-01
  9.29998069e-01  9.70420037e-01  9.79652476e-01  1.02416401e+00
  1.03501473e+00  1.05066848e+00  1.10690482e+00  1.12942876e+00
  1.14365800e+00  1.17687094e+00  1.21087729e+00  1.21848665e+00
  1.23386728e+00  1.23675189e+00  1.24077002e+00  1.24118260e+00
  1.24669821e+00  1.29288054e+00  1.32407899e+00  1.36614087e+00
  1.41274482e+00  1.41641450e+00  1.41851559e+00  1.50311182e+00
  1.54101126e+00  1.55859924e+00  1.64419627e+00  1.68186388e+00
  1.69669287e+00  1.69966902e+00  1.71660982e+00  1.72858611e+00
  1.78367388e+00  1.78489999e+00  1.81938473e+00  1.84099100e+00
  1.85171294e+00  1.88978686e+00  1.93462450e+00  1.95049413e+00
  1.96667654e+00  2.02581496e+00  2.03196589e+00  2.04239580e+00
  2.04732326e+00  2.07568489e+00  2.12243801e+00  2.14965410e+00
  2.17760162e+00  2.18068134e+00  2.20493096e+00  2.24445770e+00
  2.27532317e+00  2.30350405e+00  2.32110535e+00  2.34302274e+00
  2.36744134e+00  2.45855295e+00  2.46983843e+00  2.50125976e+00
  2.57934470e+00  2.58030177e+00  2.58832756e+00  2.65095245e+00
  2.67981613e+00  2.68847591e+00  2.70382359e+00  2.73757856e+00
  2.74244696e+00  2.74581298e+00  2.85362514e+00  2.86455482e+00
  2.88375916e+00  2.89784256e+00  2.90286694e+00  2.91127139e+00
  2.91630956e+00  2.95573770e+00  2.96372368e+00  2.96541831e+00
  2.97499463e+00  3.04596310e+00  3.09562546e+00  3.12027610e+00
  3.12283816e+00  3.22171544e+00  3.26846452e+00  3.30947447e+00
  3.30987701e+00  3.32559729e+00  3.34704701e+00  3.34947950e+00
  3.58358883e+00  3.73796268e+00  3.81623823e+00  3.85877173e+00
  3.99276339e+00  4.01122866e+00  4.10648659e+00  4.14613899e+00
  4.19405707e+00  4.31829079e+00  4.37492496e+00  4.41794366e+00
  4.45468919e+00  4.80785677e+00  4.94084488e+00  5.69443161e+00
  1.02649910e+01  2.47689994e+01  2.50266179e+01  2.50570677e+01
  2.51604997e+01  2.52547793e+01  2.53155355e+01  2.63621398e+01
  2.63689579e+01  2.67716140e+01  3.70476995e+01  2.19085041e+02]
E1 = -1770.048969004522  E_coul = 647.1853121306644
cycle= 12 E= -745.839946260758  delta_E= -2.36e-10  |g|= 6.68e-06  |ddm|= 3.56e-05
    CPU time for cycle= 12      1.56 sec, wall time      0.06 sec
  HOMO = -0.375969897812981  LUMO = 0.0795914979417683
  mo_energy =
[-1.04742660e+02 -1.56007062e+01 -1.13166336e+01 -1.13066268e+01
 -1.13063981e+01 -1.12871607e+01 -1.12692473e+01 -1.12691734e+01
 -1.04673658e+01 -7.93491832e+00 -7.93328481e+00 -7.93327726e+00
 -1.31040317e+00 -1.12826233e+00 -1.07376357e+00 -1.01933899e+00
 -9.27309066e-01 -8.97947166e-01 -8.91217095e-01 -7.59862598e-01
 -7.02585412e-01 -6.86193406e-01 -6.39328367e-01 -6.35399062e-01
 -6.25209025e-01 -6.13800914e-01 -5.81281154e-01 -5.55536863e-01
 -4.85879742e-01 -4.20880857e-01 -3.83551544e-01 -3.81665050e-01
 -3.76334931e-01 -3.75969898e-01  7.95914979e-02  9.60815177e-02
  1.22639035e-01  1.47894729e-01  1.55553011e-01  1.68626434e-01
  1.87338681e-01  1.88413545e-01  2.23888331e-01  2.29425752e-01
  2.64283044e-01  3.07274345e-01  3.61319397e-01  3.93986188e-01
  4.06487457e-01  4.21746746e-01  4.32893583e-01  4.38483610e-01
  4.49399287e-01  4.62410276e-01  4.73364246e-01  4.99180196e-01
  5.26733653e-01  5.37378406e-01  5.38778767e-01  5.58132445e-01
  5.79843539e-01  5.85948940e-01  5.97598948e-01  6.14937357e-01
  6.23304193e-01  6.90541113e-01  6.94078420e-01  7.00742146e-01
  7.15590202e-01  7.38516468e-01  7.73554408e-01  7.78135294e-01
  7.89155223e-01  7.90982628e-01  8.17810868e-01  8.19782715e-01
  8.27899975e-01  8.88645022e-01  8.97385814e-01  9.02084267e-01
  9.29997735e-01  9.70419885e-01  9.79652484e-01  1.02416396e+00
  1.03501564e+00  1.05066851e+00  1.10690488e+00  1.12942851e+00
  1.14365799e+00  1.17687077e+00  1.21087725e+00  1.21848792e+00
  1.23386840e+00  1.23675204e+00  1.24077052e+00  1.24118450e+00
  1.24669990e+00  1.29288067e+00  1.32407887e+00  1.36614079e+00
  1.41274471e+00  1.41641492e+00  1.41851565e+00  1.50311196e+00
  1.54101130e+00  1.55859922e+00  1.64419549e+00  1.68186375e+00
  1.69669287e+00  1.69966835e+00  1.71660922e+00  1.72858596e+00
  1.78367379e+00  1.78489988e+00  1.81938467e+00  1.84099098e+00
  1.85171319e+00  1.88978657e+00  1.93462443e+00  1.95049407e+00
  1.96667658e+00  2.02581503e+00  2.03196585e+00  2.04239566e+00
  2.04732310e+00  2.07568416e+00  2.12243782e+00  2.14965407e+00
  2.17760130e+00  2.18068129e+00  2.20493108e+00  2.24445754e+00
  2.27532234e+00  2.30350334e+00  2.32110545e+00  2.34302266e+00
  2.36744137e+00  2.45855305e+00  2.46983817e+00  2.50125982e+00
  2.57934680e+00  2.58030377e+00  2.58832746e+00  2.65095284e+00
  2.67981638e+00  2.68847605e+00  2.70382341e+00  2.73757784e+00
  2.74244677e+00  2.74581238e+00  2.85362517e+00  2.86455505e+00
  2.88375940e+00  2.89784262e+00  2.90286666e+00  2.91127157e+00
  2.91630936e+00  2.95573663e+00  2.96372366e+00  2.96541732e+00
  2.97499466e+00  3.04596313e+00  3.09562533e+00  3.12027671e+00
  3.12283778e+00  3.22171588e+00  3.26846390e+00  3.30947467e+00
  3.30987619e+00  3.32559726e+00  3.34704684e+00  3.34947939e+00
  3.58358873e+00  3.73796310e+00  3.81623829e+00  3.85877150e+00
  3.99276324e+00  4.01122887e+00  4.10648532e+00  4.14613803e+00
  4.19405751e+00  4.31829067e+00  4.37492513e+00  4.41794359e+00
  4.45468938e+00  4.80785674e+00  4.94084470e+00  5.69443171e+00
  1.02649947e+01  2.47689997e+01  2.50266158e+01  2.50570688e+01
  2.51604999e+01  2.52547804e+01  2.53155356e+01  2.63621432e+01
  2.63689613e+01  2.67716177e+01  3.70476995e+01  2.19085046e+02]
E1 = -1770.0489522076382  E_coul = 647.1852953337587
Extra cycle  E= -745.83994626078  delta_E= -2.18e-11  |g|= 3.74e-06  |ddm|= 9.78e-06
    CPU time for scf_cycle     33.58 sec, wall time      1.27 sec
    CPU time for SCF     33.58 sec, wall time      1.27 sec
converged SCF energy = -745.83994626078
Converting <class 'pyscf.scf.hf.RHF'> to RHF


******** <class 'pyscf.tdscf.rhf.TDA'> for <class 'pyscf.scf.hf.RHF'> ********
nstates = 5 singlet
wfnsym = None
conv_tol = 1e-09
eigh lindep = 1e-12
eigh level_shift = 0
eigh max_space = 8
eigh max_cycle = 2000
chkfile = /scratch/global/yangjunjie/tmpx3o46dzk
max_memory 514992 MB (current use 1742 MB)


davidson 0 5  |r|= 0.173  e= [0.28270693 0.32191833 0.36350956 0.36415649 0.37862719]  max|de|= 0.379  lindep=    1
Old state -> New state
    2     ->     4 
davidson 1 10  |r|= 0.134  e= [0.24027063 0.24256945 0.34884072 0.36269838 0.36484157]  max|de|= -0.0793  lindep= 0.922
Old state -> New state
    4     ->     3 
    3     ->     4 
davidson 2 15  |r|= 0.132  e= [0.23464529 0.23581592 0.26303029 0.34997403 0.36265383]  max|de|= -0.0858  lindep= 0.863
Old state -> New state
    2     ->     4 
davidson 3 20  |r|= 0.181  e= [0.23363578 0.23560982 0.2478091  0.32190371 0.3394047 ]  max|de|= 0.0764  lindep= 0.876
davidson 4 5  |r|= 0.181  e= [0.23363578 0.23560982 0.2478091  0.32190371 0.3394047 ]  max|de|= -6.11e-16  lindep= 0.913
Old state -> New state
    4     ->     3 
    3     ->     4 
davidson 5 10  |r|= 0.0691  e= [0.233557   0.23557966 0.24661737 0.31080629 0.32291903]  max|de|= -0.0286  lindep= 0.848
davidson 6 15  |r|= 0.045  e= [0.23355157 0.23556916 0.24640353 0.30314516 0.32229619]  max|de|= -0.00766  lindep= 0.901
Old state -> New state
    1     ->     4 
davidson 7 20  |r|= 0.164  e= [0.23355138 0.23556582 0.24636075 0.29821069 0.30606961]  max|de|= 0.0705  lindep= 0.882
davidson 8 5  |r|= 0.164  e= [0.23355138 0.23556582 0.24636075 0.29821069 0.30606961]  max|de|= -5e-16  lindep= 0.932
Old state -> New state
    4     ->     3 
    3     ->     4 
davidson 9 10  |r|= 0.0919  e= [0.23355137 0.23556279 0.2463575  0.26906693 0.2968678 ]  max|de|= -0.037  lindep=  0.9
davidson 10 15  |r|= 0.0315  e= [0.23355136 0.23556047 0.24635686 0.25702301 0.29627325]  max|de|= -0.012  lindep= 0.935
davidson 11 20  |r|= 0.148  e= [0.23355136 0.23556022 0.24635675 0.25598398 0.28350308]  max|de|= -0.0128  lindep= 0.909
davidson 12 5  |r|= 0.148  e= [0.23355136 0.23556022 0.24635675 0.25598398 0.28350308]  max|de|= 6.66e-16  lindep= 0.953
davidson 13 10  |r|= 0.0635  e= [0.23355136 0.23556021 0.24635672 0.25592828 0.2623063 ]  max|de|= -0.0212  lindep= 0.879
root 0 converged  |r|= 8.65e-06  e= 0.23355135946818023  max|de|= -6.26e-10
davidson 14 15  |r|= 0.0254  e= [0.23355136 0.2355602  0.24635671 0.25591299 0.25702062]  max|de|= -0.00529  lindep= 0.925
root 1 converged  |r|= 4.47e-06  e= 0.23556020414400433  max|de|= -1.5e-10
davidson 15 19  |r|= 0.0094  e= [0.23355136 0.2355602  0.2463567  0.25591178 0.25631399]  max|de|= -0.000707  lindep= 0.873
root 2 converged  |r|= 2.42e-05  e= 0.24635670404274496  max|de|= 8.33e-17
davidson 16 5  |r|= 0.0094  e= [0.23355136 0.2355602  0.2463567  0.25591178 0.25631399]  max|de|= -2.78e-16  lindep= 0.994
davidson 17 7  |r|= 0.00465  e= [0.23355136 0.2355602  0.2463567  0.25591155 0.25620665]  max|de|= -0.000107  lindep= 0.85
davidson 18 9  |r|= 0.00314  e= [0.23355136 0.2355602  0.2463567  0.25591137 0.25615786]  max|de|= -4.88e-05  lindep= 0.925
davidson 19 11  |r|= 0.00295  e= [0.23355136 0.2355602  0.2463567  0.25591127 0.25613476]  max|de|= -2.31e-05  lindep= 0.908
davidson 20 13  |r|= 0.000915  e= [0.23355136 0.2355602  0.2463567  0.25591122 0.25612525]  max|de|= -9.51e-06  lindep= 0.964
davidson 21 15  |r|= 0.000428  e= [0.23355136 0.2355602  0.2463567  0.25591122 0.25612426]  max|de|= -9.91e-07  lindep= 0.921
davidson 22 17  |r|= 0.000225  e= [0.23355136 0.2355602  0.2463567  0.25591121 0.25612398]  max|de|= -2.83e-07  lindep= 0.901
root 3 converged  |r|= 1.63e-05  e= 0.25591121341672124  max|de|= -2.22e-16
davidson 23 5  |r|= 0.000225  e= [0.23355136 0.2355602  0.2463567  0.25591121 0.25612398]  max|de|= -4.72e-16  lindep= 0.998
davidson 24 6  |r|= 0.000106  e= [0.23355136 0.2355602  0.2463567  0.25591121 0.25612393]  max|de|= -4.52e-08  lindep= 0.976
davidson 25 7  |r|= 4.6e-05  e= [0.23355136 0.2355602  0.2463567  0.25591121 0.25612392]  max|de|= -1.08e-08  lindep= 0.982
davidson 26 8  |r|= 3.15e-05  e= [0.23355136 0.2355602  0.2463567  0.25591121 0.25612392]  max|de|= -2.82e-09  lindep= 0.856
root 4 converged  |r|= 8.64e-06  e= 0.25612391749386004  max|de|= -4.51e-10
converged 27 9  |r|= 1.63e-05  e= [0.23355136 0.2355602  0.2463567  0.25591121 0.25612392]  max|de|= -4.51e-10
    CPU time for TDA    199.01 sec, wall time      7.14 sec
Excited State energies (eV)
[6.3552562  6.40991964 6.70370735 6.96369882 6.96948679]
