 
:: initializing oneAPI environment ...
   slurm_script: BASH_VERSION = 4.2.46(1)-release
   args: Using "$@" for setvars.sh arguments: --force
:: advisor -- latest
:: ccl -- latest
:: clck -- latest
:: compiler -- latest
:: dal -- latest
:: debugger -- latest
:: dev-utilities -- latest
:: dnnl -- latest
:: dpcpp-ct -- latest
:: dpl -- latest
:: inspector -- latest
:: intelpython -- latest
:: ipp -- latest
:: ippcp -- latest
:: ipp -- latest
:: itac -- latest
:: mkl -- latest
:: mpi -- latest
:: tbb -- latest
:: vpl -- latest
:: vtune -- latest
:: oneAPI environment initialized ::
 
SLURM_CPUS_PER_TASK = 28
SLURM_MEM_PER_NODE = 127949
#INFO: **** input file is /home/yangjunjie/work/py-ch3-cl/work/step_-26/main.py ****
import sys
import pyscf
from pyscf import tdscf

def main(xyz_file, basis="631g*", xc="b3lyp", output="ene.out"):
    xyz = None

    with open(xyz_file, "r") as xyz:
        xyz = xyz.readlines()[2:]
        xyz = "".join(xyz)

    mol = pyscf.gto.Mole()
    mol.atom = xyz
    mol.basis = basis
    mol.verbose = 5
    mol.build()

    if xc is not None and xc != "hf":
        mf = pyscf.scf.RKS(mol)
        mf.xc = xc
        mf.kernel()
    else:
        mf = pyscf.scf.RHF(mol)
        mf.kernel()

    ene_mf = mf.e_tot

    with open(output, "w") as f:
        tda = pyscf.tdscf.TDA(mf)
        tda.nstates = 5
        tda.max_space = 8
        tda.max_cycle = 2000
        tda.kernel()

        con_tda = tda.converged
        ene_tda = tda.e[:5]
        dip_tda = tda.transition_dipole()[:5]

        f.write(f"RKS energy: {ene_mf: 12.8f}\n")
        f.write("TDA results:\n")
        for i, (con, ene, dip) in enumerate(zip(con_tda, ene_tda, dip_tda)):
            f.write(f" {i:2d} {con} {ene: 12.8f} {dip[0]: 12.8f} {dip[1]: 12.8f} {dip[2]: 12.8f}\n")

        # rpa = pyscf.tdscf.RPA(mf)
        # rpa.nstates = 5
        # rpa.max_space = 8
        # rpa.max_cycle = 2000
        # rpa.kernel()

        # con_rpa = rpa.converged
        # ene_rpa = rpa.e[:5]
        # dip_rpa = rpa.transition_dipole()[:5]
        
        # f.write("\nRPA results:\n")
        # for i, (con, ene, dip) in enumerate(zip(con_rpa, ene_rpa, dip_rpa)):
        #     f.write(f" {i:2d} {con} {ene: 12.8f} {dip[0]: 12.8f} {dip[1]: 12.8f} {dip[2]: 12.8f}\n")

if __name__ == "__main__":
    xyz = sys.argv[1]
    main(xyz, basis="6311g**", xc="b3lyp", output="out.log")
#INFO: ******************** input file end ********************


System: uname_result(system='Linux', node='pauling039', release='3.10.0-327.36.3.el7.x86_64', version='#1 SMP Thu Oct 20 04:56:07 EDT 2016', machine='x86_64')  Threads 28
Python 3.9.7 (default, Oct 27 2021, 01:23:21) 
[GCC 9.3.0]
numpy 1.21.2  scipy 1.6.2
Date: Tue Sep 27 23:50:45 2022
PySCF version 2.0.1
PySCF path  /home/yangjunjie/packages/pyscf/pyscf-main
GIT ORIG_HEAD 14b880cdc4bf7bb64f3989a147c0b04622efc498
GIT HEAD (branch master) 9d5b5bd309d1cc55fbd1a0ec76e26b5b0c7f76af

[ENV] PYSCF_MAX_MEMORY 127949
[ENV] PYSCF_TMPDIR /scratch/global/yangjunjie/
[CONFIG] conf_file /home/yangjunjie/.pyscf_conf.py
[INPUT] verbose = 5
[INPUT] max_memory = 127949 
[INPUT] num. atoms = 16
[INPUT] num. electrons = 68
[INPUT] charge = 0
[INPUT] spin (= nelec alpha-beta = 2S) = 0
[INPUT] symmetry False subgroup None
[INPUT] Mole.unit = angstrom
[INPUT]  1 C      0.000000000000   1.166098200000   1.027355270000 AA    0.000000000000   2.203606232348   1.941420092929 Bohr
[INPUT]  2 C      0.000000000000   1.194633450000   2.415760430000 AA    0.000000000000   2.257530039744   4.565125595262 Bohr
[INPUT]  3 C      0.000000020000  -0.012163950000   3.109508940000 AA    0.000000037795  -0.022986534093   5.876120278487 Bohr
[INPUT]  4 C      0.000000000000  -1.206929750000   2.393202560000 AA    0.000000000000  -2.280766679090   4.522497399008 Bohr
[INPUT]  5 C     -0.000000010000  -1.152609810000   1.006705060000 AA   -0.000000018897  -2.178116869387   1.902396851614 Bohr
[INPUT]  6 N      0.000000000000   0.013438440000   0.351667340000 AA    0.000000000000   0.025394971141   0.664554959554 Bohr
[INPUT]  7 C      0.000000020000   0.004787040000  -1.497773540000 AA    0.000000037795   0.009046194547  -2.830381787220 Bohr
[INPUT]  8 H      0.000000030000   2.072335760000   0.432264650000 AA    0.000000056692   3.916147024542   0.816861801831 Bohr
[INPUT]  9 H     -0.000000010000   2.144278410000   2.935128250000 AA   -0.000000018897   4.052098929718   5.546588532974 Bohr
[INPUT] 10 H     -0.000000020000  -0.022195210000   4.192853210000 AA   -0.000000037795  -0.041942868177   7.923344247403 Bohr
[INPUT] 11 H     -0.000000030000  -2.165835030000   2.895252500000 AA   -0.000000056692  -4.092835037689   5.471234286462 Bohr
[INPUT] 12 H      0.000000010000  -2.046491130000   0.392678010000 AA    0.000000018897  -3.867307752052   0.742053894039 Bohr
[INPUT] 13 H     -0.000000050000   1.070399850000  -1.645920480000 AA   -0.000000094486   2.022762560276  -3.110338930013 Bohr
[INPUT] 14 H     -0.924698440000  -0.527333470000  -1.636997680000 AA   -1.747426799413  -0.996515834617  -3.093477281748 Bohr
[INPUT] 15 H      0.924698480000  -0.527333470000  -1.636997690000 AA    1.747426875002  -0.996515834617  -3.093477300646 Bohr
[INPUT] 16 Cl    -0.000000010000   0.003183250000  -3.960941320000 AA   -0.000000018897   0.006015470686  -7.485094290273 Bohr
[INPUT] ---------------- BASIS SET ---------------- 
[INPUT] l, kappa, [nprim/nctr], expnt,             c_1 c_2 ...
[INPUT] Cl
[INPUT] 0    0    [6    /1   ]  105819            0.000738
                                15872             0.005718
                                3619.65           0.029495
                                1030.8            0.117286
                                339.908           0.362949
                                124.538           0.584149
[INPUT] 0    0    [3    /1   ]  124.538           0.134177
                                49.5135           0.62425
                                20.8056           0.291756
[INPUT] 0    0    [1    /1   ]  6.58346              1
[INPUT] 0    0    [1    /1   ]  2.56468              1
[INPUT] 0    0    [1    /1   ]  0.559763             1
[INPUT] 0    0    [1    /1   ]  0.183273             1
[INPUT] 1    0    [5    /1   ]  589.776           0.002391
                                139.849           0.018504
                                45.1413           0.081377
                                16.8733           0.221552
                                6.7411            0.772569
[INPUT] 1    0    [2    /1   ]  6.7411            -1.572244
                                2.77152           0.992389
[INPUT] 1    0    [1    /1   ]  1.02387              1
[INPUT] 1    0    [1    /1   ]  0.381368             1
[INPUT] 1    0    [1    /1   ]  0.109437             1
[INPUT] 2    0    [1    /1   ]  0.75                 1
[INPUT] H
[INPUT] 0    0    [3    /1   ]  33.865            0.0254938
                                5.09479           0.190373
                                1.15879           0.852161
[INPUT] 0    0    [1    /1   ]  0.32584              1
[INPUT] 0    0    [1    /1   ]  0.102741             1
[INPUT] 1    0    [1    /1   ]  0.75                 1
[INPUT] N
[INPUT] 0    0    [6    /1   ]  6293.48           0.00196979
                                949.044           0.0149613
                                218.776           0.0735006
                                63.6916           0.248937
                                18.8282           0.60246
                                2.72023           0.256202
[INPUT] 0    0    [3    /1   ]  30.6331           0.111906
                                7.02614           0.921666
                                2.11205           -0.00256919
[INPUT] 0    0    [1    /1   ]  0.684009             1
[INPUT] 0    0    [1    /1   ]  0.200878             1
[INPUT] 1    0    [3    /1   ]  30.6331           0.0383119
                                7.02614           0.237403
                                2.11205           0.817592
[INPUT] 1    0    [1    /1   ]  0.684009             1
[INPUT] 1    0    [1    /1   ]  0.200878             1
[INPUT] 2    0    [1    /1   ]  0.913                1
[INPUT] C
[INPUT] 0    0    [6    /1   ]  4563.24           0.00196665
                                682.024           0.0152306
                                154.973           0.0761269
                                44.4553           0.260801
                                13.029            0.616462
                                1.82773           0.221006
[INPUT] 0    0    [3    /1   ]  20.9642           0.11466
                                4.80331           0.919999
                                1.45933           -0.00303068
[INPUT] 0    0    [1    /1   ]  0.483456             1
[INPUT] 0    0    [1    /1   ]  0.145585             1
[INPUT] 1    0    [3    /1   ]  20.9642           0.0402487
                                4.80331           0.237594
                                1.45933           0.815854
[INPUT] 1    0    [1    /1   ]  0.483456             1
[INPUT] 1    0    [1    /1   ]  0.145585             1
[INPUT] 2    0    [1    /1   ]  0.626                1

nuclear repulsion = 378.804302084646
number of shells = 100
number of NR pGTOs = 329
number of NR cGTOs = 200
basis = 6311g**
ecp = {}
CPU time:         0.36


******** <class 'pyscf.dft.rks.RKS'> ********
method = RKS
initial guess = minao
damping factor = 0
level_shift factor = 0
DIIS = <class 'pyscf.scf.diis.CDIIS'>
diis_start_cycle = 1
diis_space = 8
SCF conv_tol = 1e-09
SCF conv_tol_grad = None
SCF max_cycles = 50
direct_scf = True
direct_scf_tol = 1e-13
chkfile to save SCF result = /scratch/global/yangjunjie/tmpexy7yak4
max_memory 127949 MB (current use 82 MB)
XC library pyscf.dft.libxc version 5.2.0
    S. Lehtola, C. Steigemann, M. J. Oliveira, and M. A. Marques, SoftwareX 7, 1 (2018)
XC functionals = b3lyp
    P. A. M. Dirac, Math. Proc. Cambridge Philos. Soc. 26, 376 (1930)
    F. Bloch, Z. Phys. 57, 545 (1929)
    A. D. Becke, Phys. Rev. A 38, 3098 (1988)
    C. Lee, W. Yang, and R. G. Parr, Phys. Rev. B 37, 785 (1988)
    B. Miehlich, A. Savin, H. Stoll, and H. Preuss, Chem. Phys. Lett. 157, 200 (1989)
    S. H. Vosko, L. Wilk, and M. Nusair, Can. J. Phys. 58, 1200 (1980)
radial grids: 
    Treutler-Ahlrichs [JCP 102, 346 (1995); DOI:10.1063/1.469408] (M4) radial grids
    
becke partition: Becke, JCP 88, 2547 (1988); DOI:10.1063/1.454033
pruning grids: <function nwchem_prune at 0x7f45a62c6e50>
grids dens level: 3
symmetrized grids: False
atomic radii adjust function: <function treutler_atomic_radii_adjust at 0x7f45a62c6dc0>
small_rho_cutoff = 1e-07
Set gradient conv threshold to 3.16228e-05
atom C rad-grids = 75, ang-grids = [ 50  50  50  50  50  50  50  50  50  50  50  50  50  50  50  50  50  50
  50  50  50  50  50  86  86  86  86  86  86  86  86  86  86 266 266 266
 266 266 266 266 302 302 302 302 302 302 302 302 302 302 302 302 302 302
 302 302 302 302 302 302 266 266 266 266 266 266 266 266 266 266 266 266
 266 266 266]
atom N rad-grids = 75, ang-grids = [ 50  50  50  50  50  50  50  50  50  50  50  50  50  50  50  50  50  50
  50  50  50  50  50  86  86  86  86  86  86  86  86  86 266 266 266 266
 266 266 266 302 302 302 302 302 302 302 302 302 302 302 302 302 302 302
 302 302 302 302 266 266 266 266 266 266 266 266 266 266 266 266 266 266
 266 266 266]
atom H rad-grids = 50, ang-grids = [ 50  50  50  50  50  50  50  50  50  50  50  50  50  50  86  86  86  86
 266 266 266 266 302 302 302 302 302 302 302 302 302 302 302 302 302 266
 266 266 266 266 266 266 266 266 266 266 266 266 266 266]
atom Cl rad-grids = 80, ang-grids = [ 50  50  50  50  50  50  50  50  50  50  50  50  50  50  50  50  50  50
  50  50  50  50  50  50  86  86  86  86  86  86  86  86  86  86  86  86
  86 350 350 350 350 350 350 350 350 350 434 434 434 434 434 434 434 434
 434 434 434 434 434 434 434 434 434 434 350 350 350 350 350 350 350 350
 350 350 350 350 350 350 350 350]
tot grids = 196530
Drop grids 29902
    CPU time for setting up grids      4.52 sec, wall time      0.19 sec
nelec by numeric integration = 67.99254391412275
    CPU time for vxc      8.18 sec, wall time      0.29 sec
E1 = -1771.524420648429  Ecoul = 714.2106775390918  Exc = -70.48838605291404
init E= -748.997827077606
cond(S) = 13608.436235962621
    CPU time for initialize scf     26.47 sec, wall time      1.04 sec
  HOMO = -0.296871062755552  LUMO = -0.104189919330821
  mo_energy =
[-1.01494122e+02 -1.43946769e+01 -1.02819263e+01 -1.02812104e+01
 -1.02801780e+01 -1.02762271e+01 -1.02761254e+01 -1.02734143e+01
 -9.51152663e+00 -7.26527915e+00 -7.26516941e+00 -7.26516822e+00
 -1.10434812e+00 -9.42013856e-01 -8.87340049e-01 -8.54372788e-01
 -7.85878285e-01 -7.13087961e-01 -7.03342349e-01 -5.78387285e-01
 -5.34892360e-01 -5.12211607e-01 -4.77675528e-01 -4.73123721e-01
 -4.56353506e-01 -4.53018388e-01 -4.28311686e-01 -3.98161093e-01
 -3.85247755e-01 -3.51496780e-01 -3.50645303e-01 -3.24681611e-01
 -3.21388316e-01 -2.96871063e-01 -1.04189919e-01 -8.35349556e-02
 -5.31889173e-02  2.15689701e-02  3.26732050e-02  4.98271526e-02
  5.80401580e-02  7.44886597e-02  8.06291251e-02  9.92289513e-02
  1.04250073e-01  1.28587484e-01  1.84659359e-01  2.09843958e-01
  2.24709493e-01  2.34511893e-01  2.37771794e-01  2.53226035e-01
  2.63997269e-01  2.67187634e-01  2.82403413e-01  2.82606977e-01
  3.30328982e-01  3.39166449e-01  3.53641357e-01  3.60072393e-01
  3.71508621e-01  3.97736088e-01  4.04923483e-01  4.12437489e-01
  4.31577208e-01  4.37939896e-01  4.67885843e-01  4.82067794e-01
  4.87283935e-01  5.21833882e-01  5.28574829e-01  5.43749564e-01
  5.51076359e-01  5.52574039e-01  5.72455301e-01  5.86992372e-01
  6.05028104e-01  6.14915019e-01  6.61920520e-01  6.87251846e-01
  6.87421101e-01  7.00621746e-01  7.11617668e-01  7.38407181e-01
  7.69445099e-01  7.99601758e-01  8.13860133e-01  8.15127164e-01
  8.23878182e-01  8.29562515e-01  8.73122392e-01  8.97909109e-01
  8.98443708e-01  9.67446308e-01  9.68717235e-01  1.01363032e+00
  1.02699867e+00  1.04708024e+00  1.06194758e+00  1.06367420e+00
  1.11409838e+00  1.14483769e+00  1.19336860e+00  1.22822134e+00
  1.30775231e+00  1.32171270e+00  1.36185237e+00  1.38740072e+00
  1.39242036e+00  1.41121710e+00  1.41331437e+00  1.42471211e+00
  1.46472706e+00  1.49700033e+00  1.50344411e+00  1.53409205e+00
  1.58519328e+00  1.63202457e+00  1.64730121e+00  1.65955117e+00
  1.66737166e+00  1.71236252e+00  1.72689411e+00  1.72830444e+00
  1.75427217e+00  1.77565257e+00  1.79273877e+00  1.83511718e+00
  1.83930560e+00  1.84254231e+00  1.87403217e+00  1.88340861e+00
  1.93963750e+00  1.97696470e+00  1.98639599e+00  2.00929785e+00
  2.04175844e+00  2.08443924e+00  2.08698662e+00  2.10593016e+00
  2.12736212e+00  2.13792418e+00  2.19480851e+00  2.24740235e+00
  2.28193869e+00  2.31271144e+00  2.33894993e+00  2.38833490e+00
  2.40191755e+00  2.40694677e+00  2.42186042e+00  2.47065786e+00
  2.51697483e+00  2.51931212e+00  2.52804286e+00  2.54230977e+00
  2.55374604e+00  2.58012781e+00  2.59029744e+00  2.59963574e+00
  2.61382442e+00  2.63854086e+00  2.68887653e+00  2.69608587e+00
  2.70281273e+00  2.80040940e+00  2.85853622e+00  2.86354641e+00
  2.87998976e+00  2.90377720e+00  2.97995329e+00  3.06722781e+00
  3.10571118e+00  3.24954805e+00  3.33624054e+00  3.37988688e+00
  3.55165073e+00  3.57243528e+00  3.65155154e+00  3.71533583e+00
  3.74927805e+00  3.81416768e+00  3.91719853e+00  3.95570376e+00
  4.00185215e+00  4.32363925e+00  4.43038577e+00  5.15887441e+00
  9.39921883e+00  2.35405187e+01  2.38279621e+01  2.38316352e+01
  2.39357236e+01  2.40143986e+01  2.40626795e+01  2.53488780e+01
  2.53559924e+01  2.56709096e+01  3.55578675e+01  2.15444378e+02]
nelec by numeric integration = 68.00002656852553
    CPU time for vxc      7.36 sec, wall time      0.26 sec
E1 = -1777.788699452024  Ecoul = 721.6023845142639  Exc = -70.72353449695171
cycle= 1 E= -748.105547350066  delta_E= 0.892  |g|= 0.529  |ddm|= 3.24
    CPU time for cycle= 1      8.95 sec, wall time      0.32 sec
  HOMO = -0.0892087452079889  LUMO = -0.0580471693547155
  mo_energy =
[-1.01053511e+02 -1.45680056e+01 -1.03237110e+01 -1.03225705e+01
 -1.02139344e+01 -1.01918164e+01 -1.01736980e+01 -1.01735745e+01
 -9.01264409e+00 -6.76717947e+00 -6.76589664e+00 -6.76588227e+00
 -1.10874167e+00 -8.68679418e-01 -8.65293884e-01 -7.40932622e-01
 -7.28506682e-01 -6.96939922e-01 -6.11916624e-01 -5.73016977e-01
 -5.42208092e-01 -5.37302416e-01 -5.16611326e-01 -5.04543234e-01
 -4.72583691e-01 -4.45602382e-01 -4.41934077e-01 -4.27004421e-01
 -4.11264305e-01 -3.61244236e-01 -3.46188926e-01 -1.28757798e-01
 -1.05340848e-01 -8.92087452e-02 -5.80471694e-02 -5.71746024e-02
 -6.78409398e-03  2.11041113e-02  2.65959446e-02  4.26364335e-02
  5.50047960e-02  6.06145763e-02  6.07418993e-02  8.96715933e-02
  1.24049538e-01  1.31673377e-01  1.68627662e-01  1.91004526e-01
  2.09543632e-01  2.23971559e-01  2.35061811e-01  2.52556777e-01
  2.56571721e-01  2.98586053e-01  3.06940453e-01  3.32325503e-01
  3.58509697e-01  3.60180961e-01  3.71282271e-01  3.83448766e-01
  3.96749211e-01  4.08492745e-01  4.18972538e-01  4.30325289e-01
  4.59406931e-01  4.60002685e-01  4.74856367e-01  4.99294606e-01
  5.13667127e-01  5.16790885e-01  5.19979992e-01  5.29263118e-01
  5.54340980e-01  5.87325085e-01  5.88020744e-01  6.01054799e-01
  6.06630229e-01  6.28014691e-01  6.67757925e-01  6.82707193e-01
  6.94976603e-01  6.97927672e-01  7.25297907e-01  7.57685378e-01
  7.71482581e-01  8.41993343e-01  8.70510980e-01  8.82371459e-01
  9.28814528e-01  9.59394809e-01  9.61003465e-01  9.88089728e-01
  1.00283873e+00  1.03530384e+00  1.04829257e+00  1.05968337e+00
  1.10155946e+00  1.16784775e+00  1.18304356e+00  1.18609643e+00
  1.18777981e+00  1.18926624e+00  1.21152292e+00  1.25792920e+00
  1.30063646e+00  1.34906970e+00  1.37000754e+00  1.38498829e+00
  1.38901386e+00  1.42181125e+00  1.44525140e+00  1.44829102e+00
  1.47429717e+00  1.48420708e+00  1.49441676e+00  1.51202935e+00
  1.56461070e+00  1.60301326e+00  1.62210051e+00  1.62211567e+00
  1.63797263e+00  1.69461325e+00  1.69703163e+00  1.70527409e+00
  1.75961919e+00  1.79417910e+00  1.80466955e+00  1.83589105e+00
  1.85740943e+00  1.86105042e+00  1.87107294e+00  1.93430911e+00
  1.96311267e+00  1.97327527e+00  1.98487508e+00  2.01592392e+00
  2.03387156e+00  2.07411270e+00  2.12615594e+00  2.12676102e+00
  2.19562411e+00  2.24240269e+00  2.29617506e+00  2.30063982e+00
  2.39127758e+00  2.39727351e+00  2.41991177e+00  2.42365876e+00
  2.43101172e+00  2.43744364e+00  2.43830879e+00  2.47340094e+00
  2.52015857e+00  2.53123854e+00  2.53760477e+00  2.56286910e+00
  2.57510221e+00  2.57989996e+00  2.58126270e+00  2.59921865e+00
  2.60158441e+00  2.63331202e+00  2.67841730e+00  2.68984176e+00
  2.69340560e+00  2.78494374e+00  2.82477146e+00  2.84892594e+00
  2.85765076e+00  2.92593722e+00  3.02058338e+00  3.07759999e+00
  3.14076515e+00  3.26657383e+00  3.35801539e+00  3.41988714e+00
  3.51027317e+00  3.53782621e+00  3.63627021e+00  3.68244824e+00
  3.75366545e+00  3.76778314e+00  3.92718627e+00  3.97784800e+00
  3.99104862e+00  4.32773744e+00  4.34117980e+00  5.08285720e+00
  9.85743609e+00  2.35743114e+01  2.38194425e+01  2.38846620e+01
  2.39437702e+01  2.40647343e+01  2.41415419e+01  2.57925154e+01
  2.57995389e+01  2.61109935e+01  3.53837686e+01  2.15875847e+02]
nelec by numeric integration = 68.0000237692409
    CPU time for vxc      7.52 sec, wall time      0.27 sec
E1 = -1773.3301154277983  Ecoul = 722.7001387865141  Exc = -70.46704323852396
cycle= 2 E= -742.292717795162  delta_E= 5.81  |g|= 2.83  |ddm|= 3.86
    CPU time for cycle= 2      9.23 sec, wall time      0.33 sec
  HOMO = -0.183876417269428  LUMO = -0.0621430575733145
  mo_energy =
[-1.01311347e+02 -1.44366701e+01 -1.02265327e+01 -1.02259587e+01
 -1.02059735e+01 -1.01259107e+01 -1.01073436e+01 -1.01072291e+01
 -9.24288010e+00 -6.99917812e+00 -6.99913269e+00 -6.99911660e+00
 -1.01597254e+00 -7.99129503e-01 -7.90117980e-01 -7.24224673e-01
 -6.57221427e-01 -6.41257063e-01 -6.30656131e-01 -5.52021995e-01
 -5.02905616e-01 -4.81824694e-01 -4.75848115e-01 -4.60304756e-01
 -4.36531853e-01 -4.33127196e-01 -4.25622280e-01 -3.67985381e-01
 -3.54560106e-01 -2.97790655e-01 -2.78383411e-01 -1.94122387e-01
 -1.84250166e-01 -1.83876417e-01 -6.21430576e-02 -3.03126076e-02
  8.67189836e-04  4.23842254e-02  5.03717741e-02  5.24706251e-02
  8.16902911e-02  8.94857868e-02  1.07224465e-01  1.16312761e-01
  1.32983036e-01  1.43441747e-01  2.11484696e-01  2.40371037e-01
  2.63599492e-01  2.69426555e-01  2.72526303e-01  2.84627223e-01
  2.87232230e-01  3.34598998e-01  3.45076883e-01  3.59937729e-01
  3.68249873e-01  3.76007724e-01  3.93705424e-01  4.11218836e-01
  4.14682218e-01  4.24715760e-01  4.39719606e-01  4.51067942e-01
  4.63666887e-01  4.70102550e-01  4.96298693e-01  5.10580379e-01
  5.12729949e-01  5.60392604e-01  5.67320134e-01  5.80240837e-01
  5.86990927e-01  5.99633112e-01  6.05987882e-01  6.45793630e-01
  6.50527344e-01  6.82381810e-01  6.88613865e-01  7.23576911e-01
  7.30472895e-01  7.48855158e-01  7.53472447e-01  7.86541799e-01
  8.16562966e-01  8.46634115e-01  9.01462047e-01  9.19546252e-01
  9.37999829e-01  9.91482252e-01  1.00638514e+00  1.02334007e+00
  1.02496991e+00  1.02523943e+00  1.02897066e+00  1.04031777e+00
  1.06490508e+00  1.08208097e+00  1.10159446e+00  1.10695927e+00
  1.16558921e+00  1.20849850e+00  1.22520277e+00  1.25461086e+00
  1.32039155e+00  1.34378731e+00  1.38507227e+00  1.43168524e+00
  1.43795413e+00  1.44416256e+00  1.45569069e+00  1.47603047e+00
  1.51580930e+00  1.53579197e+00  1.54947054e+00  1.57213112e+00
  1.61192268e+00  1.65531134e+00  1.66347283e+00  1.67628239e+00
  1.69753416e+00  1.74426026e+00  1.75020457e+00  1.75842225e+00
  1.80209314e+00  1.80320839e+00  1.82212075e+00  1.87545779e+00
  1.89855147e+00  1.90743789e+00  1.92678398e+00  1.95467524e+00
  1.97549332e+00  2.01848265e+00  2.05093856e+00  2.05135390e+00
  2.08026444e+00  2.13189950e+00  2.15947949e+00  2.18133112e+00
  2.24840431e+00  2.27104065e+00  2.27256890e+00  2.29772699e+00
  2.36037884e+00  2.36090705e+00  2.37329066e+00  2.43152454e+00
  2.44389433e+00  2.45014441e+00  2.49640262e+00  2.50545666e+00
  2.53386933e+00  2.56246770e+00  2.58404636e+00  2.58475262e+00
  2.60304857e+00  2.60772695e+00  2.61877370e+00  2.62785987e+00
  2.65344839e+00  2.66844756e+00  2.75015113e+00  2.75129529e+00
  2.75913451e+00  2.85433755e+00  2.89478521e+00  2.91462677e+00
  2.92688170e+00  2.99224245e+00  3.01811476e+00  3.10976410e+00
  3.20474876e+00  3.33796787e+00  3.42558430e+00  3.48104185e+00
  3.58552054e+00  3.60831917e+00  3.68644447e+00  3.75243622e+00
  3.78184907e+00  3.80453962e+00  3.98968798e+00  4.03674616e+00
  4.06023553e+00  4.40013658e+00  4.43073523e+00  5.17562512e+00
  9.64787717e+00  2.36528009e+01  2.38925542e+01  2.39088316e+01
  2.40240633e+01  2.41366037e+01  2.42088021e+01  2.55908509e+01
  2.55978748e+01  2.59116963e+01  3.55125038e+01  2.15622877e+02]
nelec by numeric integration = 68.00002931520896
    CPU time for vxc      7.22 sec, wall time      0.26 sec
E1 = -1771.8760848949119  Ecoul = 715.1620802743901  Exc = -70.23082157185254
cycle= 3 E= -748.140524107729  delta_E= -5.85  |g|= 0.482  |ddm|= 3.55
    CPU time for cycle= 3      8.86 sec, wall time      0.32 sec
  HOMO = -0.179288179089199  LUMO = -0.0971116118324083
  mo_energy =
[-1.01358986e+02 -1.43779035e+01 -1.02668468e+01 -1.02623568e+01
 -1.02615885e+01 -1.02491378e+01 -1.02489021e+01 -1.02164367e+01
 -9.27510688e+00 -7.03396235e+00 -7.03249068e+00 -7.03246945e+00
 -1.01798145e+00 -8.75912560e-01 -8.29578084e-01 -7.23522520e-01
 -6.99548488e-01 -6.85479328e-01 -6.34155328e-01 -5.88005341e-01
 -5.51059506e-01 -5.28950399e-01 -4.95684416e-01 -4.77134054e-01
 -4.73801573e-01 -4.34656116e-01 -4.31769999e-01 -4.30185133e-01
 -3.77739897e-01 -3.53445140e-01 -3.27288252e-01 -1.88620917e-01
 -1.79554716e-01 -1.79288179e-01 -9.71116118e-02 -7.77782609e-02
 -5.11506579e-03  2.87428428e-02  3.67353276e-02  5.15731171e-02
  6.60924621e-02  7.18410399e-02  7.50360183e-02  1.05210056e-01
  1.30033849e-01  1.46082980e-01  1.92847587e-01  2.07584596e-01
  2.22526097e-01  2.33921228e-01  2.57027310e-01  2.76602414e-01
  2.78488389e-01  3.19749250e-01  3.31529450e-01  3.35932120e-01
  3.55397341e-01  3.57016203e-01  3.66735222e-01  3.76402477e-01
  3.82994008e-01  3.92783027e-01  4.03737394e-01  4.31838071e-01
  4.46054792e-01  4.69331911e-01  4.76577929e-01  4.92130576e-01
  5.04562950e-01  5.12867477e-01  5.30598486e-01  5.46594713e-01
  5.63692798e-01  5.94131445e-01  5.94274035e-01  5.97425689e-01
  6.12303984e-01  6.72134629e-01  6.79061319e-01  6.90704386e-01
  6.95916035e-01  7.14094810e-01  7.25730582e-01  7.50348823e-01
  7.89014709e-01  8.33033907e-01  8.88155507e-01  8.89910299e-01
  8.98487440e-01  9.52618102e-01  9.66679851e-01  9.93809587e-01
  1.01893085e+00  1.02348385e+00  1.02652824e+00  1.02701407e+00
  1.03765500e+00  1.04661459e+00  1.08581779e+00  1.09273858e+00
  1.13714169e+00  1.20291512e+00  1.22505237e+00  1.26356002e+00
  1.30311811e+00  1.33307223e+00  1.38671058e+00  1.39639521e+00
  1.39907923e+00  1.41952700e+00  1.45269455e+00  1.45635880e+00
  1.48077689e+00  1.48600044e+00  1.50423814e+00  1.52894368e+00
  1.58145422e+00  1.63692555e+00  1.64372206e+00  1.64705101e+00
  1.66536826e+00  1.71086343e+00  1.71599021e+00  1.72218623e+00
  1.76649017e+00  1.80698477e+00  1.81902804e+00  1.83819518e+00
  1.85385106e+00  1.86257812e+00  1.87651546e+00  1.92669545e+00
  1.98120747e+00  1.99090504e+00  1.99461989e+00  2.03719298e+00
  2.05275032e+00  2.10647200e+00  2.13489460e+00  2.15709706e+00
  2.19579116e+00  2.25755708e+00  2.26983972e+00  2.27242296e+00
  2.31754625e+00  2.35019155e+00  2.37671216e+00  2.39152274e+00
  2.44101791e+00  2.45039445e+00  2.47943945e+00  2.49835908e+00
  2.52115554e+00  2.52722629e+00  2.53682474e+00  2.55870156e+00
  2.57796925e+00  2.58754900e+00  2.59108580e+00  2.60597713e+00
  2.61080770e+00  2.64950409e+00  2.69659505e+00  2.69908952e+00
  2.71065261e+00  2.80433896e+00  2.87157322e+00  2.87277976e+00
  2.89416318e+00  2.90859481e+00  3.02278608e+00  3.09911678e+00
  3.12827169e+00  3.26916444e+00  3.35241384e+00  3.39260918e+00
  3.56709299e+00  3.58275652e+00  3.70015716e+00  3.74180488e+00
  3.78323104e+00  3.83065662e+00  3.92550731e+00  3.96080717e+00
  4.01147062e+00  4.33650696e+00  4.44425507e+00  5.17194517e+00
  9.62524384e+00  2.35545714e+01  2.38426209e+01  2.38837341e+01
  2.39434068e+01  2.40315832e+01  2.40803234e+01  2.55731853e+01
  2.55802033e+01  2.58911827e+01  3.55685754e+01  2.15577852e+02]
nelec by numeric integration = 68.00002562395503
    CPU time for vxc      7.44 sec, wall time      0.27 sec
E1 = -1773.481928093414  Ecoul = 716.8513286172836  Exc = -70.37161922411082
cycle= 4 E= -748.197916615595  delta_E= -0.0574  |g|= 0.134  |ddm|= 0.448
    CPU time for cycle= 4      9.15 sec, wall time      0.33 sec
  HOMO = -0.206665447380224  LUMO = -0.101927053679471
  mo_energy =
[-1.01438976e+02 -1.44256715e+01 -1.02820343e+01 -1.02820188e+01
 -1.02475626e+01 -1.02473288e+01 -1.02467012e+01 -1.02389503e+01
 -9.34325598e+00 -7.10402043e+00 -7.10152679e+00 -7.10151763e+00
 -1.03670475e+00 -8.74182842e-01 -8.37575913e-01 -7.34970704e-01
 -7.07613498e-01 -6.92224299e-01 -6.63759438e-01 -5.91774035e-01
 -5.57205063e-01 -5.32071115e-01 -5.01255111e-01 -4.89888065e-01
 -4.75872123e-01 -4.44629175e-01 -4.39996336e-01 -4.32962988e-01
 -3.91664326e-01 -3.56876176e-01 -3.32687410e-01 -2.16049565e-01
 -2.06956823e-01 -2.06665447e-01 -1.01927054e-01 -8.17897395e-02
 -1.19204882e-02  2.33924713e-02  3.49626183e-02  4.36802690e-02
  6.54311256e-02  6.77468296e-02  7.24620922e-02  1.01758180e-01
  1.24613197e-01  1.40700791e-01  1.86871675e-01  2.06908540e-01
  2.21486289e-01  2.30666074e-01  2.52789826e-01  2.70826942e-01
  2.71263910e-01  3.14520013e-01  3.25175755e-01  3.35403595e-01
  3.45127555e-01  3.52247821e-01  3.67192725e-01  3.72750380e-01
  3.74465569e-01  3.88138438e-01  4.00277494e-01  4.28924256e-01
  4.37347665e-01  4.57471973e-01  4.72100718e-01  4.84506377e-01
  4.95740512e-01  5.12701005e-01  5.30086214e-01  5.45746317e-01
  5.56089956e-01  5.85667279e-01  5.89368205e-01  5.96773033e-01
  6.08843729e-01  6.65844433e-01  6.75870248e-01  6.80841944e-01
  6.90497698e-01  7.09156624e-01  7.19543124e-01  7.43923201e-01
  7.82322961e-01  8.18133738e-01  8.80513189e-01  8.88270335e-01
  8.88652375e-01  9.51165768e-01  9.65030584e-01  9.80378352e-01
  9.90947383e-01  9.92432220e-01  9.93345749e-01  1.00983766e+00
  1.01605317e+00  1.04496714e+00  1.07520274e+00  1.08237038e+00
  1.12760531e+00  1.18643187e+00  1.21294686e+00  1.24433720e+00
  1.29329688e+00  1.32307609e+00  1.38312587e+00  1.39261480e+00
  1.39275836e+00  1.41976593e+00  1.44414256e+00  1.45063249e+00
  1.47436435e+00  1.48738734e+00  1.50216055e+00  1.52563610e+00
  1.57855206e+00  1.63235710e+00  1.63478823e+00  1.64468826e+00
  1.65945628e+00  1.70849444e+00  1.71255224e+00  1.71863478e+00
  1.76308461e+00  1.80024777e+00  1.81476539e+00  1.83841746e+00
  1.85179311e+00  1.86136562e+00  1.87145738e+00  1.91601744e+00
  1.97240206e+00  1.98655696e+00  1.98884061e+00  2.03227134e+00
  2.04312189e+00  2.09721092e+00  2.13351043e+00  2.14556905e+00
  2.19779754e+00  2.23682549e+00  2.23930276e+00  2.25405135e+00
  2.31293059e+00  2.33673604e+00  2.35944419e+00  2.39304696e+00
  2.43221106e+00  2.44147809e+00  2.46737925e+00  2.48107798e+00
  2.51210345e+00  2.52642325e+00  2.53456246e+00  2.55492821e+00
  2.57689018e+00  2.58104930e+00  2.58549518e+00  2.60108621e+00
  2.60753168e+00  2.63987876e+00  2.69263193e+00  2.69501596e+00
  2.70731483e+00  2.79284642e+00  2.85999751e+00  2.86713215e+00
  2.88270231e+00  2.90891001e+00  3.01462845e+00  3.08753147e+00
  3.12717207e+00  3.26456352e+00  3.35069068e+00  3.39745240e+00
  3.55878455e+00  3.56600958e+00  3.68379392e+00  3.72710231e+00
  3.77098799e+00  3.80436407e+00  3.92395437e+00  3.96541729e+00
  4.00437083e+00  4.33266046e+00  4.41973370e+00  5.14970551e+00
  9.56678937e+00  2.35539272e+01  2.38317138e+01  2.38623397e+01
  2.39400150e+01  2.40249531e+01  2.40856992e+01  2.55193669e+01
  2.55264083e+01  2.58353453e+01  3.55225475e+01  2.15500059e+02]
nelec by numeric integration = 68.00002482836443
    CPU time for vxc      7.68 sec, wall time      0.27 sec
E1 = -1774.9519086140485  Ecoul = 718.4253376675914  Exc = -70.47873400373271
cycle= 5 E= -748.201002865544  delta_E= -0.00309  |g|= 0.0717  |ddm|= 0.175
    CPU time for cycle= 5      9.39 sec, wall time      0.34 sec
  HOMO = -0.196136820436512  LUMO = -0.100103526697426
  mo_energy =
[-1.01403355e+02 -1.44128311e+01 -1.02764264e+01 -1.02759037e+01
 -1.02542165e+01 -1.02429561e+01 -1.02428906e+01 -1.02387165e+01
 -9.31716341e+00 -7.07740555e+00 -7.07437824e+00 -7.07436940e+00
 -1.03061529e+00 -8.73748910e-01 -8.34603867e-01 -7.33319975e-01
 -7.05510112e-01 -6.90549013e-01 -6.52900463e-01 -5.91540461e-01
 -5.55470959e-01 -5.32320924e-01 -4.99827011e-01 -4.86900378e-01
 -4.76249040e-01 -4.44509235e-01 -4.39573583e-01 -4.33040690e-01
 -3.88866486e-01 -3.56167493e-01 -3.30880561e-01 -2.06489954e-01
 -1.96436443e-01 -1.96136820e-01 -1.00103527e-01 -7.98923030e-02
 -1.03799003e-02  2.35448135e-02  3.44025869e-02  4.46734533e-02
  6.44429577e-02  6.87141977e-02  7.18956336e-02  1.01531936e-01
  1.25585539e-01  1.41429249e-01  1.88140914e-01  2.06476276e-01
  2.21214281e-01  2.30896965e-01  2.53119711e-01  2.71340095e-01
  2.72270185e-01  3.15693261e-01  3.26102991e-01  3.35514343e-01
  3.50118890e-01  3.53536378e-01  3.66389148e-01  3.73735435e-01
  3.78444060e-01  3.89591316e-01  4.01250152e-01  4.29352175e-01
  4.40513188e-01  4.60500115e-01  4.72570706e-01  4.85717647e-01
  4.97364782e-01  5.12192382e-01  5.29719393e-01  5.46140307e-01
  5.56755689e-01  5.86164724e-01  5.89408820e-01  5.97131645e-01
  6.08445882e-01  6.67232787e-01  6.78901286e-01  6.79713745e-01
  6.91158532e-01  7.09931920e-01  7.20606722e-01  7.45375975e-01
  7.83493573e-01  8.23840071e-01  8.82670829e-01  8.88743528e-01
  8.90436693e-01  9.50821658e-01  9.65567638e-01  9.84646604e-01
  1.00316392e+00  1.00636782e+00  1.00710047e+00  1.01647810e+00
  1.01892083e+00  1.04412051e+00  1.07680931e+00  1.08475029e+00
  1.12896223e+00  1.19151799e+00  1.21514917e+00  1.24969491e+00
  1.29551256e+00  1.32471463e+00  1.38419321e+00  1.39273090e+00
  1.39363901e+00  1.41949339e+00  1.44451713e+00  1.45119405e+00
  1.47494556e+00  1.48581264e+00  1.50198249e+00  1.52553648e+00
  1.57767750e+00  1.63238246e+00  1.63540480e+00  1.64413332e+00
  1.66020766e+00  1.70779950e+00  1.71255232e+00  1.71865752e+00
  1.76346001e+00  1.80065745e+00  1.81469567e+00  1.83753784e+00
  1.85151342e+00  1.86120773e+00  1.87239556e+00  1.91850262e+00
  1.97337741e+00  1.98842398e+00  1.98898682e+00  2.03328467e+00
  2.04422192e+00  2.09926105e+00  2.13353068e+00  2.14789604e+00
  2.19644241e+00  2.25037599e+00  2.25230674e+00  2.25549267e+00
  2.31355354e+00  2.33963689e+00  2.36419704e+00  2.39179461e+00
  2.43264364e+00  2.44203879e+00  2.47008020e+00  2.48549140e+00
  2.51324694e+00  2.52730738e+00  2.53403504e+00  2.55420929e+00
  2.57562923e+00  2.58133153e+00  2.58453128e+00  2.60069841e+00
  2.60690064e+00  2.64110888e+00  2.69419795e+00  2.69568180e+00
  2.70774321e+00  2.79596090e+00  2.86283643e+00  2.86924976e+00
  2.88548470e+00  2.90945697e+00  3.01535107e+00  3.08911643e+00
  3.12782250e+00  3.26698264e+00  3.35180822e+00  3.39655575e+00
  3.56150572e+00  3.56972896e+00  3.68600442e+00  3.73055871e+00
  3.77179999e+00  3.81014243e+00  3.92454098e+00  3.96370249e+00
  4.00620898e+00  4.33399119e+00  4.42671595e+00  5.15581309e+00
  9.58913193e+00  2.35556885e+01  2.38367397e+01  2.38626058e+01
  2.39407324e+01  2.40296495e+01  2.40861270e+01  2.55403937e+01
  2.55474340e+01  2.58554415e+01  3.55350210e+01  2.15534299e+02]
nelec by numeric integration = 68.00002518414284
    CPU time for vxc      7.20 sec, wall time      0.26 sec
E1 = -1774.4191352758658  Ecoul = 717.8520888499951  Exc = -70.43966741023854
cycle= 6 E= -748.202411751463  delta_E= -0.00141  |g|= 0.0171  |ddm|= 0.0817
    CPU time for cycle= 6      8.84 sec, wall time      0.32 sec
  HOMO = -0.195215959488847  LUMO = -0.099978987736555
  mo_energy =
[-1.01400606e+02 -1.44134881e+01 -1.02764332e+01 -1.02761569e+01
 -1.02523232e+01 -1.02447190e+01 -1.02445871e+01 -1.02312142e+01
 -9.31489425e+00 -7.07522245e+00 -7.07199206e+00 -7.07198460e+00
 -1.03116265e+00 -8.74006896e-01 -8.35146413e-01 -7.31085258e-01
 -7.05755661e-01 -6.90364771e-01 -6.51623132e-01 -5.91341292e-01
 -5.55730580e-01 -5.32538463e-01 -5.00207371e-01 -4.86596702e-01
 -4.75782079e-01 -4.41997730e-01 -4.37766246e-01 -4.33222940e-01
 -3.88245908e-01 -3.56206343e-01 -3.31448092e-01 -2.05307631e-01
 -1.95516241e-01 -1.95215959e-01 -9.99789877e-02 -8.01783047e-02
 -9.41552735e-03  2.44627971e-02  3.43092253e-02  4.56069227e-02
  6.47050309e-02  6.86120733e-02  7.20640854e-02  1.01844726e-01
  1.26593073e-01  1.42218050e-01  1.88192090e-01  2.06415781e-01
  2.21106731e-01  2.30801974e-01  2.52975964e-01  2.71772799e-01
  2.73175137e-01  3.15681976e-01  3.25910717e-01  3.35328783e-01
  3.50614017e-01  3.53820869e-01  3.66365135e-01  3.73950429e-01
  3.78672673e-01  3.89518097e-01  4.01211943e-01  4.29535898e-01
  4.40974520e-01  4.60981632e-01  4.72483889e-01  4.85771905e-01
  4.98657116e-01  5.12045484e-01  5.29777078e-01  5.45833356e-01
  5.56988458e-01  5.88252839e-01  5.90542773e-01  5.96719261e-01
  6.09124175e-01  6.67838205e-01  6.79127160e-01  6.79681302e-01
  6.91768257e-01  7.09962223e-01  7.20802618e-01  7.45604240e-01
  7.83214001e-01  8.24367107e-01  8.83065842e-01  8.88612316e-01
  8.91024358e-01  9.50789570e-01  9.65231575e-01  9.84910691e-01
  1.00436431e+00  1.00774161e+00  1.00845393e+00  1.01604783e+00
  1.01992219e+00  1.04431545e+00  1.07796337e+00  1.08507920e+00
  1.12878169e+00  1.19241784e+00  1.21643526e+00  1.25067580e+00
  1.29547684e+00  1.32517594e+00  1.38385282e+00  1.39381923e+00
  1.39430758e+00  1.41948080e+00  1.44645834e+00  1.45207520e+00
  1.47600618e+00  1.48579208e+00  1.50202241e+00  1.52541969e+00
  1.57793791e+00  1.63281635e+00  1.63567409e+00  1.64402860e+00
  1.66013585e+00  1.70801306e+00  1.71222504e+00  1.71851650e+00
  1.76360726e+00  1.80211895e+00  1.81536870e+00  1.83772585e+00
  1.85210421e+00  1.86157207e+00  1.87213692e+00  1.91927913e+00
  1.97486214e+00  1.98862194e+00  1.98886450e+00  2.03287273e+00
  2.04579203e+00  2.09936736e+00  2.13358824e+00  2.14857271e+00
  2.19648943e+00  2.25171371e+00  2.25316330e+00  2.25569710e+00
  2.31346542e+00  2.33986666e+00  2.36583919e+00  2.39180205e+00
  2.43461352e+00  2.44353942e+00  2.46990355e+00  2.48710222e+00
  2.51363695e+00  2.52692237e+00  2.53422457e+00  2.55472398e+00
  2.57585785e+00  2.58390610e+00  2.58460814e+00  2.60216174e+00
  2.60685982e+00  2.64180025e+00  2.69405317e+00  2.69538901e+00
  2.70786163e+00  2.79550920e+00  2.86293793e+00  2.86876335e+00
  2.88560191e+00  2.90903802e+00  3.01689931e+00  3.09140526e+00
  3.12792472e+00  3.26643660e+00  3.35143933e+00  3.39635896e+00
  3.56147678e+00  3.56972791e+00  3.68821693e+00  3.73072025e+00
  3.77439349e+00  3.81063434e+00  3.92409807e+00  3.96372267e+00
  4.00587295e+00  4.33371813e+00  4.42671648e+00  5.15535949e+00
  9.59109921e+00  2.35554739e+01  2.38360333e+01  2.38696718e+01
  2.39412779e+01  2.40285603e+01  2.40857775e+01  2.55423378e+01
  2.55493806e+01  2.58570716e+01  3.55343977e+01  2.15536970e+02]
nelec by numeric integration = 68.00002492300469
    CPU time for vxc      7.25 sec, wall time      0.26 sec
E1 = -1774.3877811832372  Ecoul = 717.8172645115483  Exc = -70.43627131088101
cycle= 7 E= -748.202485897924  delta_E= -7.41e-05  |g|= 0.0058  |ddm|= 0.0147
    CPU time for cycle= 7      8.87 sec, wall time      0.32 sec
  HOMO = -0.195103197242011  LUMO = -0.0997956158001278
  mo_energy =
[-1.01400803e+02 -1.44128053e+01 -1.02763727e+01 -1.02759974e+01
 -1.02525113e+01 -1.02440444e+01 -1.02439820e+01 -1.02328433e+01
 -9.31458383e+00 -7.07501265e+00 -7.07169171e+00 -7.07168605e+00
 -1.03115772e+00 -8.73935907e-01 -8.34958534e-01 -7.31450282e-01
 -7.05565818e-01 -6.90208575e-01 -6.51473010e-01 -5.91244447e-01
 -5.55527790e-01 -5.32237422e-01 -5.00021055e-01 -4.86635931e-01
 -4.75785281e-01 -4.42438736e-01 -4.38093039e-01 -4.32995503e-01
 -3.88238366e-01 -3.56136268e-01 -3.31270692e-01 -2.05183201e-01
 -1.95405071e-01 -1.95103197e-01 -9.97956158e-02 -7.99543524e-02
 -9.51290989e-03  2.43404074e-02  3.44298550e-02  4.54617709e-02
  6.47530490e-02  6.87971598e-02  7.21417809e-02  1.01878473e-01
  1.26442570e-01  1.42138620e-01  1.88226338e-01  2.06556313e-01
  2.21225701e-01  2.30915245e-01  2.53063404e-01  2.71759386e-01
  2.73037803e-01  3.15767591e-01  3.26040964e-01  3.35386880e-01
  3.50648782e-01  3.53894878e-01  3.66447525e-01  3.74046085e-01
  3.78741753e-01  3.89614537e-01  4.01237925e-01  4.29554744e-01
  4.40996695e-01  4.60919895e-01  4.72562622e-01  4.85899012e-01
  4.98474134e-01  5.12153634e-01  5.29863175e-01  5.45998773e-01
  5.57113437e-01  5.87866474e-01  5.90399712e-01  5.96884217e-01
  6.09074460e-01  6.67858403e-01  6.79135855e-01  6.79816868e-01
  6.91762101e-01  7.10075170e-01  7.20823521e-01  7.45659997e-01
  7.83338509e-01  8.24454947e-01  8.83076475e-01  8.88723464e-01
  8.90993522e-01  9.50854773e-01  9.65387387e-01  9.84973719e-01
  1.00458133e+00  1.00805880e+00  1.00876718e+00  1.01624842e+00
  1.02011096e+00  1.04439911e+00  1.07783158e+00  1.08499627e+00
  1.12893265e+00  1.19242044e+00  1.21631530e+00  1.25067897e+00
  1.29547851e+00  1.32513554e+00  1.38399946e+00  1.39384645e+00
  1.39408003e+00  1.41959156e+00  1.44614690e+00  1.45201614e+00
  1.47587651e+00  1.48594375e+00  1.50214501e+00  1.52557423e+00
  1.57807248e+00  1.63287064e+00  1.63578044e+00  1.64417648e+00
  1.66027723e+00  1.70807211e+00  1.71240051e+00  1.71872291e+00
  1.76366891e+00  1.80188451e+00  1.81535919e+00  1.83785167e+00
  1.85208948e+00  1.86163098e+00  1.87229616e+00  1.91925763e+00
  1.97463920e+00  1.98867894e+00  1.98901488e+00  2.03301159e+00
  2.04556022e+00  2.09941443e+00  2.13363555e+00  2.14856496e+00
  2.19659404e+00  2.25194443e+00  2.25338117e+00  2.25591022e+00
  2.31366879e+00  2.33987428e+00  2.36569232e+00  2.39197596e+00
  2.43427291e+00  2.44334919e+00  2.47005621e+00  2.48697672e+00
  2.51372498e+00  2.52711541e+00  2.53435395e+00  2.55478563e+00
  2.57598399e+00  2.58342759e+00  2.58476963e+00  2.60198238e+00
  2.60702202e+00  2.64176668e+00  2.69420424e+00  2.69552042e+00
  2.70797976e+00  2.79565224e+00  2.86301894e+00  2.86896036e+00
  2.88570212e+00  2.90919782e+00  3.01669140e+00  3.09095748e+00
  3.12803369e+00  3.26666098e+00  3.35161726e+00  3.39650011e+00
  3.56155471e+00  3.56984939e+00  3.68783566e+00  3.73076236e+00
  3.77390940e+00  3.81065246e+00  3.92435321e+00  3.96388077e+00
  4.00608070e+00  4.33391863e+00  4.42688452e+00  5.15557957e+00
  9.59140086e+00  2.35557033e+01  2.38363277e+01  2.38681423e+01
  2.39412904e+01  2.40289735e+01  2.40860611e+01  2.55426889e+01
  2.55497349e+01  2.58572720e+01  3.55350392e+01  2.15536829e+02]
nelec by numeric integration = 68.00002499025746
    CPU time for vxc      7.22 sec, wall time      0.26 sec
E1 = -1774.3859030018568  Ecoul = 717.814672752501  Exc = -70.43556801381365
cycle= 8 E= -748.202496178524  delta_E= -1.03e-05  |g|= 0.00258  |ddm|= 0.00632
    CPU time for cycle= 8      8.85 sec, wall time      0.32 sec
  HOMO = -0.194672710697024  LUMO = -0.0998853840082315
  mo_energy =
[-1.01400160e+02 -1.44129411e+01 -1.02763968e+01 -1.02760782e+01
 -1.02527311e+01 -1.02443490e+01 -1.02442016e+01 -1.02323164e+01
 -9.31387444e+00 -7.07433666e+00 -7.07097221e+00 -7.07096717e+00
 -1.03119798e+00 -8.74087344e-01 -8.35075857e-01 -7.31223901e-01
 -7.05703626e-01 -6.90281115e-01 -6.51020502e-01 -5.91335233e-01
 -5.55669212e-01 -5.32431621e-01 -5.00133727e-01 -4.86624635e-01
 -4.75883418e-01 -4.42164368e-01 -4.37906682e-01 -4.33162222e-01
 -3.88233642e-01 -3.56248914e-01 -3.31391031e-01 -2.04760460e-01
 -1.94974692e-01 -1.94672711e-01 -9.98853840e-02 -8.00616181e-02
 -9.46616150e-03  2.43454229e-02  3.43366183e-02  4.55387739e-02
  6.46892905e-02  6.86748474e-02  7.20899081e-02  1.01861240e-01
  1.26591610e-01  1.42231405e-01  1.88183404e-01  2.06423253e-01
  2.21092023e-01  2.30797533e-01  2.52976591e-01  2.71768558e-01
  2.73174159e-01  3.15727380e-01  3.25948973e-01  3.35292867e-01
  3.50835876e-01  3.53895278e-01  3.66331368e-01  3.74036320e-01
  3.78838587e-01  3.89614412e-01  4.01197484e-01  4.29533714e-01
  4.41115140e-01  4.60991430e-01  4.72490012e-01  4.85826149e-01
  4.98670835e-01  5.12033577e-01  5.29746421e-01  5.45861797e-01
  5.57045435e-01  5.88099338e-01  5.90465879e-01  5.96737942e-01
  6.09065997e-01  6.67890199e-01  6.79147166e-01  6.79669508e-01
  6.91799976e-01  7.09991474e-01  7.20813656e-01  7.45664228e-01
  7.83237128e-01  8.24646750e-01  8.83094076e-01  8.88599922e-01
  8.91080083e-01  9.50755940e-01  9.65234212e-01  9.85038467e-01
  1.00506744e+00  1.00863096e+00  1.00933028e+00  1.01609395e+00
  1.02050709e+00  1.04428719e+00  1.07794679e+00  1.08501207e+00
  1.12882382e+00  1.19261790e+00  1.21648974e+00  1.25086758e+00
  1.29544728e+00  1.32516514e+00  1.38387808e+00  1.39376967e+00
  1.39431345e+00  1.41946648e+00  1.44637071e+00  1.45205460e+00
  1.47595471e+00  1.48576700e+00  1.50202300e+00  1.52543215e+00
  1.57796818e+00  1.63280531e+00  1.63572401e+00  1.64404403e+00
  1.66017174e+00  1.70796713e+00  1.71226540e+00  1.71856871e+00
  1.76359358e+00  1.80206553e+00  1.81536318e+00  1.83773049e+00
  1.85207910e+00  1.86157145e+00  1.87216558e+00  1.91938705e+00
  1.97480860e+00  1.98863787e+00  1.98886084e+00  2.03288473e+00
  2.04574015e+00  2.09938314e+00  2.13352695e+00  2.14861218e+00
  2.19641665e+00  2.25245050e+00  2.25356258e+00  2.25611164e+00
  2.31353033e+00  2.33986169e+00  2.36598860e+00  2.39179059e+00
  2.43450795e+00  2.44351099e+00  2.46994786e+00  2.48725542e+00
  2.51369235e+00  2.52695212e+00  2.53423559e+00  2.55472066e+00
  2.57585115e+00  2.58368764e+00  2.58463279e+00  2.60204612e+00
  2.60687059e+00  2.64178101e+00  2.69405974e+00  2.69539114e+00
  2.70787254e+00  2.79556142e+00  2.86294389e+00  2.86883535e+00
  2.88563003e+00  2.90903388e+00  3.01689061e+00  3.09111034e+00
  3.12792509e+00  3.26652078e+00  3.35146352e+00  3.39631192e+00
  3.56146877e+00  3.56980148e+00  3.68805117e+00  3.73073463e+00
  3.77415910e+00  3.81067965e+00  3.92416659e+00  3.96367409e+00
  4.00595031e+00  4.33376127e+00  4.42683841e+00  5.15548793e+00
  9.59206143e+00  2.35555262e+01  2.38361965e+01  2.38686455e+01
  2.39411656e+01  2.40287939e+01  2.40858391e+01  2.55433545e+01
  2.55504016e+01  2.58578657e+01  3.55349119e+01  2.15537475e+02]
nelec by numeric integration = 68.00002495042145
    CPU time for vxc      7.22 sec, wall time      0.26 sec
E1 = -1774.3757436175247  Ecoul = 717.803876586284  Exc = -70.43493371031337
cycle= 9 E= -748.202498656908  delta_E= -2.48e-06  |g|= 0.00066  |ddm|= 0.00349
    CPU time for cycle= 9      8.85 sec, wall time      0.32 sec
  HOMO = -0.194539528324094  LUMO = -0.0999222706829273
  mo_energy =
[-1.01399921e+02 -1.44128544e+01 -1.02765709e+01 -1.02761875e+01
 -1.02527099e+01 -1.02443057e+01 -1.02442529e+01 -1.02322159e+01
 -9.31366688e+00 -7.07413240e+00 -7.07075829e+00 -7.07075354e+00
 -1.03124570e+00 -8.74122291e-01 -8.35150629e-01 -7.31191663e-01
 -7.05750845e-01 -6.90321190e-01 -6.50892222e-01 -5.91383115e-01
 -5.55718328e-01 -5.32489265e-01 -5.00204664e-01 -4.86654405e-01
 -4.75901802e-01 -4.42131364e-01 -4.37893027e-01 -4.33210646e-01
 -3.88238299e-01 -3.56276063e-01 -3.31465202e-01 -2.04637260e-01
 -1.94841631e-01 -1.94539528e-01 -9.99222707e-02 -8.01207411e-02
 -9.47398915e-03  2.43430294e-02  3.42929395e-02  4.55407649e-02
  6.46624620e-02  6.86298293e-02  7.20555016e-02  1.01838363e-01
  1.26610079e-01  1.42229382e-01  1.88149470e-01  2.06376026e-01
  2.21039912e-01  2.30754657e-01  2.52918522e-01  2.71746196e-01
  2.73171791e-01  3.15691295e-01  3.25892592e-01  3.35248763e-01
  3.50912845e-01  3.53892269e-01  3.66297774e-01  3.74029424e-01
  3.78856546e-01  3.89600842e-01  4.01159191e-01  4.29511733e-01
  4.41141383e-01  4.60979746e-01  4.72439840e-01  4.85776884e-01
  4.98697694e-01  5.11993140e-01  5.29703950e-01  5.45813416e-01
  5.56999638e-01  5.88131405e-01  5.90463297e-01  5.96698038e-01
  6.09043519e-01  6.67870008e-01  6.79134255e-01  6.79632475e-01
  6.91797959e-01  7.09948604e-01  7.20785758e-01  7.45644580e-01
  7.83181078e-01  8.24689351e-01  8.83084335e-01  8.88548975e-01
  8.91088065e-01  9.50718090e-01  9.65176794e-01  9.85029800e-01
  1.00520685e+00  1.00879847e+00  1.00949476e+00  1.01602679e+00
  1.02061491e+00  1.04423715e+00  1.07794631e+00  1.08499013e+00
  1.12875675e+00  1.19265416e+00  1.21650012e+00  1.25091953e+00
  1.29540709e+00  1.32513441e+00  1.38381358e+00  1.39373923e+00
  1.39433722e+00  1.41942856e+00  1.44639269e+00  1.45204279e+00
  1.47594915e+00  1.48572100e+00  1.50197263e+00  1.52537513e+00
  1.57791941e+00  1.63277105e+00  1.63566265e+00  1.64398427e+00
  1.66010538e+00  1.70792977e+00  1.71219592e+00  1.71851453e+00
  1.76356075e+00  1.80207829e+00  1.81533737e+00  1.83769387e+00
  1.85206650e+00  1.86154807e+00  1.87210235e+00  1.91939883e+00
  1.97482395e+00  1.98860132e+00  1.98881919e+00  2.03281686e+00
  2.04575440e+00  2.09932808e+00  2.13349567e+00  2.14859753e+00
  2.19637764e+00  2.25260016e+00  2.25358317e+00  2.25617856e+00
  2.31347686e+00  2.33982757e+00  2.36604751e+00  2.39174747e+00
  2.43453486e+00  2.44351712e+00  2.46989351e+00  2.48730481e+00
  2.51365234e+00  2.52690725e+00  2.53418651e+00  2.55468373e+00
  2.57580582e+00  2.58371870e+00  2.58458812e+00  2.60204317e+00
  2.60682342e+00  2.64174542e+00  2.69400983e+00  2.69533726e+00
  2.70783640e+00  2.79548396e+00  2.86290659e+00  2.86876556e+00
  2.88558676e+00  2.90899006e+00  3.01690747e+00  3.09113603e+00
  3.12790150e+00  3.26646237e+00  3.35141028e+00  3.39627558e+00
  3.56142651e+00  3.56974033e+00  3.68808690e+00  3.73068044e+00
  3.77418215e+00  3.81070394e+00  3.92411179e+00  3.96363899e+00
  4.00588457e+00  4.33372288e+00  4.42684865e+00  5.15546280e+00
  9.59225434e+00  2.35554825e+01  2.38361093e+01  2.38687398e+01
  2.39410925e+01  2.40287374e+01  2.40858274e+01  2.55435466e+01
  2.55505941e+01  2.58580410e+01  3.55349918e+01  2.15537709e+02]
nelec by numeric integration = 68.00002494542916
    CPU time for vxc      7.37 sec, wall time      0.26 sec
E1 = -1774.3731432344475  Ecoul = 717.8010070639835  Exc = -70.43466470916962
cycle= 10 E= -748.202498794988  delta_E= -1.38e-07  |g|= 0.000308  |ddm|= 0.00104
    CPU time for cycle= 10      9.03 sec, wall time      0.32 sec
  HOMO = -0.194501316685758  LUMO = -0.0999459822238457
  mo_energy =
[-1.01399853e+02 -1.44129240e+01 -1.02765036e+01 -1.02761712e+01
 -1.02527577e+01 -1.02443618e+01 -1.02442493e+01 -1.02321959e+01
 -9.31361736e+00 -7.07408286e+00 -7.07070632e+00 -7.07070170e+00
 -1.03127045e+00 -8.74156032e-01 -8.35163220e-01 -7.31189602e-01
 -7.05773571e-01 -6.90331524e-01 -6.50857965e-01 -5.91399401e-01
 -5.55738896e-01 -5.32507414e-01 -5.00216289e-01 -4.86671556e-01
 -4.75928741e-01 -4.42123648e-01 -4.37893709e-01 -4.33233369e-01
 -3.88251279e-01 -3.56308769e-01 -3.31479184e-01 -2.04606115e-01
 -1.94803432e-01 -1.94501317e-01 -9.99459822e-02 -8.01346621e-02
 -9.48105385e-03  2.43298589e-02  3.42805039e-02  4.55402701e-02
  6.46486099e-02  6.86093717e-02  7.20465437e-02  1.01828667e-01
  1.26614502e-01  1.42232345e-01  1.88131839e-01  2.06354539e-01
  2.21022086e-01  2.30734071e-01  2.52903868e-01  2.71735535e-01
  2.73175549e-01  3.15683410e-01  3.25877847e-01  3.35226634e-01
  3.50936913e-01  3.53881976e-01  3.66275680e-01  3.74025139e-01
  3.78862634e-01  3.89596074e-01  4.01145281e-01  4.29502029e-01
  4.41150285e-01  4.60978261e-01  4.72426186e-01  4.85768293e-01
  4.98703462e-01  5.11972314e-01  5.29684645e-01  5.45796140e-01
  5.56990527e-01  5.88138583e-01  5.90457590e-01  5.96676066e-01
  6.09035569e-01  6.67863996e-01  6.79113540e-01  6.79608654e-01
  6.91787676e-01  7.09934936e-01  7.20772326e-01  7.45638333e-01
  7.83162610e-01  8.24702118e-01  8.83073412e-01  8.88527730e-01
  8.91085996e-01  9.50696124e-01  9.65153028e-01  9.85024816e-01
  1.00524269e+00  1.00884359e+00  1.00953895e+00  1.01600760e+00
  1.02064309e+00  1.04421631e+00  1.07794371e+00  1.08497566e+00
  1.12873961e+00  1.19265912e+00  1.21650511e+00  1.25092122e+00
  1.29538973e+00  1.32512618e+00  1.38379733e+00  1.39371650e+00
  1.39434306e+00  1.41940643e+00  1.44639867e+00  1.45203258e+00
  1.47594362e+00  1.48569603e+00  1.50195337e+00  1.52535391e+00
  1.57790297e+00  1.63275822e+00  1.63565234e+00  1.64396399e+00
  1.66009348e+00  1.70790643e+00  1.71217856e+00  1.71849604e+00
  1.76354194e+00  1.80208100e+00  1.81532843e+00  1.83767521e+00
  1.85205313e+00  1.86153070e+00  1.87208474e+00  1.91939930e+00
  1.97482316e+00  1.98859021e+00  1.98879280e+00  2.03279827e+00
  2.04575752e+00  2.09931958e+00  2.13346917e+00  2.14859169e+00
  2.19634925e+00  2.25264089e+00  2.25359052e+00  2.25619865e+00
  2.31345988e+00  2.33981287e+00  2.36606193e+00  2.39172207e+00
  2.43453977e+00  2.44351839e+00  2.46987672e+00  2.48731815e+00
  2.51364292e+00  2.52688408e+00  2.53417264e+00  2.55466889e+00
  2.57578752e+00  2.58372575e+00  2.58456819e+00  2.60203444e+00
  2.60680266e+00  2.64173946e+00  2.69398674e+00  2.69532064e+00
  2.70781578e+00  2.79547809e+00  2.86288581e+00  2.86875114e+00
  2.88557249e+00  2.90896282e+00  3.01691184e+00  3.09112865e+00
  3.12788014e+00  3.26644957e+00  3.35139159e+00  3.39624513e+00
  3.56140658e+00  3.56973227e+00  3.68808077e+00  3.73067121e+00
  3.77418962e+00  3.81067224e+00  3.92409178e+00  3.96360816e+00
  4.00587150e+00  4.33369515e+00  4.42681535e+00  5.15543208e+00
  9.59230150e+00  2.35554724e+01  2.38361221e+01  2.38687588e+01
  2.39410953e+01  2.40287349e+01  2.40857999e+01  2.55435940e+01
  2.55506417e+01  2.58580840e+01  3.55349250e+01  2.15537774e+02]
nelec by numeric integration = 68.00002494245736
    CPU time for vxc      7.24 sec, wall time      0.26 sec
E1 = -1774.3730298522873  Ecoul = 717.8008801428466  Exc = -70.43465119310974
cycle= 11 E= -748.202498817905  delta_E= -2.29e-08  |g|= 6.34e-05  |ddm|= 0.000356
    CPU time for cycle= 11      8.91 sec, wall time      0.32 sec
  HOMO = -0.194504071981757  LUMO = -0.0999414612482479
  mo_energy =
[-1.01399863e+02 -1.44129112e+01 -1.02765088e+01 -1.02761525e+01
 -1.02527461e+01 -1.02443485e+01 -1.02442547e+01 -1.02321925e+01
 -9.31362486e+00 -7.07409061e+00 -7.07071405e+00 -7.07070948e+00
 -1.03126415e+00 -8.74150665e-01 -8.35158547e-01 -7.31185281e-01
 -7.05768947e-01 -6.90327269e-01 -6.50860381e-01 -5.91395304e-01
 -5.55733540e-01 -5.32504610e-01 -5.00212418e-01 -4.86666829e-01
 -4.75923991e-01 -4.42118928e-01 -4.37888699e-01 -4.33229159e-01
 -3.88246988e-01 -3.56303841e-01 -3.31475438e-01 -2.04607281e-01
 -1.94806226e-01 -1.94504072e-01 -9.99414612e-02 -8.01309998e-02
 -9.47914663e-03  2.43318950e-02  3.42815861e-02  4.55421572e-02
  6.46501273e-02  6.86129878e-02  7.20479538e-02  1.01831228e-01
  1.26617805e-01  1.42234044e-01  1.88136667e-01  2.06357604e-01
  2.21023485e-01  2.30737432e-01  2.52905851e-01  2.71739178e-01
  2.73177907e-01  3.15684725e-01  3.25880469e-01  3.35229828e-01
  3.50935205e-01  3.53886349e-01  3.66278161e-01  3.74025877e-01
  3.78863684e-01  3.89597446e-01  4.01148431e-01  4.29504447e-01
  4.41151789e-01  4.60981438e-01  4.72428858e-01  4.85771266e-01
  4.98707188e-01  5.11974486e-01  5.29687895e-01  5.45798996e-01
  5.56993636e-01  5.88142225e-01  5.90461512e-01  5.96678982e-01
  6.09038014e-01  6.67867505e-01  6.79117435e-01  6.79611298e-01
  6.91790548e-01  7.09938057e-01  7.20775814e-01  7.45639773e-01
  7.83165555e-01  8.24702636e-01  8.83075791e-01  8.88531283e-01
  8.91087619e-01  9.50698458e-01  9.65157519e-01  9.85026275e-01
  1.00523944e+00  1.00883953e+00  1.00953501e+00  1.01601087e+00
  1.02064089e+00  1.04422013e+00  1.07794745e+00  1.08497880e+00
  1.12874432e+00  1.19266117e+00  1.21650842e+00  1.25092299e+00
  1.29539368e+00  1.32513056e+00  1.38380079e+00  1.39372076e+00
  1.39434798e+00  1.41941011e+00  1.44640253e+00  1.45203716e+00
  1.47594735e+00  1.48569860e+00  1.50195710e+00  1.52535748e+00
  1.57790587e+00  1.63276100e+00  1.63565610e+00  1.64396663e+00
  1.66009634e+00  1.70790967e+00  1.71218111e+00  1.71849897e+00
  1.76354588e+00  1.80208524e+00  1.81533160e+00  1.83767820e+00
  1.85205728e+00  1.86153456e+00  1.87208883e+00  1.91940294e+00
  1.97482761e+00  1.98859405e+00  1.98879726e+00  2.03280176e+00
  2.04576122e+00  2.09932368e+00  2.13347293e+00  2.14859519e+00
  2.19635233e+00  2.25263737e+00  2.25359111e+00  2.25619762e+00
  2.31346325e+00  2.33981778e+00  2.36606404e+00  2.39172527e+00
  2.43454492e+00  2.44352342e+00  2.46988130e+00  2.48732041e+00
  2.51364578e+00  2.52688872e+00  2.53417434e+00  2.55467206e+00
  2.57578933e+00  2.58373015e+00  2.58457064e+00  2.60203862e+00
  2.60680556e+00  2.64174281e+00  2.69399331e+00  2.69532422e+00
  2.70782012e+00  2.79548264e+00  2.86289103e+00  2.86875574e+00
  2.88557710e+00  2.90896810e+00  3.01691673e+00  3.09113313e+00
  3.12788515e+00  3.26645428e+00  3.35139672e+00  3.39624969e+00
  3.56141238e+00  3.56973676e+00  3.68808661e+00  3.73067731e+00
  3.77419361e+00  3.81067933e+00  3.92409554e+00  3.96361234e+00
  4.00587591e+00  4.33370075e+00  4.42682191e+00  5.15543911e+00
  9.59229498e+00  2.35554791e+01  2.38361278e+01  2.38687623e+01
  2.39411032e+01  2.40287401e+01  2.40858066e+01  2.55435878e+01
  2.55506357e+01  2.58580779e+01  3.55349373e+01  2.15537765e+02]
nelec by numeric integration = 68.00002494286899
    CPU time for vxc      7.19 sec, wall time      0.26 sec
E1 = -1774.372896012574  Ecoul = 717.8007386674594  Exc = -70.4346435584007
cycle= 12 E= -748.20249881887  delta_E= -9.65e-10  |g|= 2.63e-05  |ddm|= 7.67e-05
    CPU time for cycle= 12      8.82 sec, wall time      0.32 sec
  HOMO = -0.19450751998903  LUMO = -0.0999412759978797
  mo_energy =
[-1.01399867e+02 -1.44129048e+01 -1.02765010e+01 -1.02761736e+01
 -1.02527489e+01 -1.02443596e+01 -1.02442448e+01 -1.02321905e+01
 -9.31362913e+00 -7.07409489e+00 -7.07071823e+00 -7.07071369e+00
 -1.03126315e+00 -8.74150388e-01 -8.35159455e-01 -7.31184857e-01
 -7.05768600e-01 -6.90328163e-01 -6.50863528e-01 -5.91395531e-01
 -5.55733820e-01 -5.32504370e-01 -5.00212968e-01 -4.86666167e-01
 -4.75923275e-01 -4.42117993e-01 -4.37888332e-01 -4.33229026e-01
 -3.88245976e-01 -3.56303022e-01 -3.31476265e-01 -2.04609844e-01
 -1.94809694e-01 -1.94507520e-01 -9.99412760e-02 -8.01313996e-02
 -9.47899739e-03  2.43324921e-02  3.42819370e-02  4.55425445e-02
  6.46506004e-02  6.86132304e-02  7.20482686e-02  1.01830683e-01
  1.26616968e-01  1.42235096e-01  1.88135727e-01  2.06357826e-01
  2.21025221e-01  2.30737138e-01  2.52906837e-01  2.71738531e-01
  2.73179137e-01  3.15685836e-01  3.25880849e-01  3.35229382e-01
  3.50933679e-01  3.53883702e-01  3.66278401e-01  3.74026700e-01
  3.78862232e-01  3.89596979e-01  4.01148103e-01  4.29503735e-01
  4.41150753e-01  4.60981184e-01  4.72428716e-01  4.85771277e-01
  4.98707024e-01  5.11975039e-01  5.29688135e-01  5.45798838e-01
  5.56993566e-01  5.88142504e-01  5.90460861e-01  5.96679212e-01
  6.09038869e-01  6.67866735e-01  6.79118807e-01  6.79611478e-01
  6.91790190e-01  7.09938031e-01  7.20775287e-01  7.45640048e-01
  7.83165821e-01  8.24700752e-01  8.83075869e-01  8.88531484e-01
  8.91087811e-01  9.50698824e-01  9.65157300e-01  9.85026017e-01
  1.00523571e+00  1.00883544e+00  1.00953099e+00  1.01601082e+00
  1.02063776e+00  1.04422004e+00  1.07794808e+00  1.08497971e+00
  1.12874353e+00  1.19266012e+00  1.21650870e+00  1.25092299e+00
  1.29539396e+00  1.32513085e+00  1.38380097e+00  1.39372124e+00
  1.39434815e+00  1.41941026e+00  1.44640322e+00  1.45203675e+00
  1.47594809e+00  1.48569903e+00  1.50195693e+00  1.52535760e+00
  1.57790642e+00  1.63276133e+00  1.63565598e+00  1.64396706e+00
  1.66009673e+00  1.70791044e+00  1.71218118e+00  1.71849878e+00
  1.76354569e+00  1.80208547e+00  1.81533213e+00  1.83767864e+00
  1.85205712e+00  1.86153479e+00  1.87208840e+00  1.91940225e+00
  1.97482794e+00  1.98859383e+00  1.98879749e+00  2.03280166e+00
  2.04576204e+00  2.09932359e+00  2.13347368e+00  2.14859550e+00
  2.19635307e+00  2.25263385e+00  2.25358981e+00  2.25619547e+00
  2.31346332e+00  2.33981820e+00  2.36606287e+00  2.39172559e+00
  2.43454475e+00  2.44352252e+00  2.46988169e+00  2.48731931e+00
  2.51364649e+00  2.52688840e+00  2.53417568e+00  2.55467229e+00
  2.57579016e+00  2.58373082e+00  2.58457087e+00  2.60203820e+00
  2.60680605e+00  2.64174381e+00  2.69399074e+00  2.69532523e+00
  2.70782002e+00  2.79548141e+00  2.86289151e+00  2.86875493e+00
  2.88557753e+00  2.90896742e+00  3.01691668e+00  3.09113407e+00
  3.12788512e+00  3.26645313e+00  3.35139545e+00  3.39624975e+00
  3.56141154e+00  3.56973761e+00  3.68808800e+00  3.73067599e+00
  3.77419532e+00  3.81068239e+00  3.92409507e+00  3.96361255e+00
  4.00587519e+00  4.33370087e+00  4.42682477e+00  5.15544073e+00
  9.59229075e+00  2.35554761e+01  2.38361237e+01  2.38687642e+01
  2.39410991e+01  2.40287371e+01  2.40858049e+01  2.55435836e+01
  2.55506316e+01  2.58580736e+01  3.55349435e+01  2.15537761e+02]
nelec by numeric integration = 68.00002494253664
    CPU time for vxc      7.19 sec, wall time      0.26 sec
E1 = -1774.3729640364077  Ecoul = 717.8008113846543  Exc = -70.43464825127145
Extra cycle  E= -748.202498818379  delta_E= 4.9e-10  |g|= 5.04e-05  |ddm|= 5.87e-05
    CPU time for scf_cycle    142.96 sec, wall time      5.21 sec
    CPU time for SCF    142.96 sec, wall time      5.21 sec
converged SCF energy = -748.202498818379
Converting <class 'pyscf.dft.rks.RKS'> to RHF


******** <class 'pyscf.tdscf.rks.TDA'> for <class 'pyscf.dft.rks.RKS'> ********
nstates = 5 singlet
wfnsym = None
conv_tol = 1e-09
eigh lindep = 1e-12
eigh level_shift = 0
eigh max_space = 8
eigh max_cycle = 2000
chkfile = /scratch/global/yangjunjie/tmpexy7yak4
max_memory 127949 MB (current use 2227 MB)


davidson 0 5  |r|= 0.0258  e= [0.07580895 0.07706337 0.081967   0.09603991 0.09619911]  max|de|= 0.0962  lindep=    1
davidson 1 10  |r|= 0.00662  e= [0.07573782 0.07634155 0.08134518 0.09594449 0.09618308]  max|de|= -0.000722  lindep= 0.831
davidson 2 15  |r|= 0.00248  e= [0.07573772 0.07629603 0.08130771 0.09593694 0.09618278]  max|de|= -4.55e-05  lindep= 0.765
davidson 3 20  |r|= 0.000647  e= [0.07573771 0.07628875 0.0813072  0.0959363  0.09618277]  max|de|= -7.28e-06  lindep= 0.573
root 0 converged  |r|= 1.09e-05  e= 0.07573771409269084  max|de|= 5.55e-17
root 4 converged  |r|= 1.52e-05  e= 0.09618276938228927  max|de|= -6.94e-17
davidson 4 5  |r|= 0.000647  e= [0.07573771 0.07628875 0.0813072  0.0959363  0.09618277]  max|de|= -1.25e-16  lindep=    1
davidson 5 8  |r|= 0.00018  e= [0.07573771 0.07628844 0.08130719 0.09593625 0.09618277]  max|de|= -3.12e-07  lindep= 0.809
root 2 converged  |r|= 2.49e-06  e= 0.0813071889879114  max|de|= -2.7e-10
davidson 6 11  |r|= 6.1e-05  e= [0.07573771 0.07628841 0.08130719 0.09593624 0.09618277]  max|de|= -3.55e-08  lindep= 0.859
root 3 converged  |r|= 6.64e-06  e= 0.09593623922367091  max|de|= -7.44e-10
davidson 7 13  |r|= 1.85e-05  e= [0.07573771 0.0762884  0.08130719 0.09593624 0.09618277]  max|de|= -3.88e-09  lindep= 0.834
root 1 converged  |r|= 6.45e-06  e= 0.07628840234151646  max|de|= -3.31e-10
converged 8 14  |r|= 1.48e-05  e= [0.07573771 0.0762884  0.08130719 0.09593624 0.09618277]  max|de|= -3.31e-10
    CPU time for TDA    208.44 sec, wall time      7.62 sec
Excited State energies (eV)
[2.06092817 2.07591316 2.21248131 2.61055804 2.61726646]
