 
:: initializing oneAPI environment ...
   slurm_script: BASH_VERSION = 4.2.46(1)-release
   args: Using "$@" for setvars.sh arguments: --force
:: advisor -- latest
:: ccl -- latest
:: clck -- latest
:: compiler -- latest
:: dal -- latest
:: debugger -- latest
:: dev-utilities -- latest
:: dnnl -- latest
:: dpcpp-ct -- latest
:: dpl -- latest
:: inspector -- latest
:: intelpython -- latest
:: ipp -- latest
:: ippcp -- latest
:: ipp -- latest
:: itac -- latest
:: mkl -- latest
:: mpi -- latest
:: tbb -- latest
:: vpl -- latest
:: vtune -- latest
:: oneAPI environment initialized ::
 
SLURM_CPUS_PER_TASK = 28
SLURM_MEM_PER_NODE = 127949
#INFO: **** input file is /home/yangjunjie/work/py-ch3-cl/work/step_-26/main.py ****
import sys
import pyscf
from pyscf import tdscf

def main(xyz_file, basis="631g*", xc="b3lyp", output="ene.out"):
    xyz = None

    with open(xyz_file, "r") as xyz:
        xyz = xyz.readlines()[2:]
        xyz = "".join(xyz)

    mol = pyscf.gto.Mole()
    mol.atom = xyz
    mol.basis = basis
    mol.verbose = 5
    mol.build()

    if xc is not None and xc != "hf":
        mf = pyscf.scf.RKS(mol)
        mf.xc = xc
        mf.kernel()
    else:
        mf = pyscf.scf.RHF(mol)
        mf.kernel()

    ene_mf = mf.e_tot

    with open(output, "w") as f:
        tda = pyscf.tdscf.TDA(mf)
        tda.nstates = 5
        tda.max_space = 8
        tda.max_cycle = 2000
        tda.kernel()

        con_tda = tda.converged
        ene_tda = tda.e[:5]
        dip_tda = tda.transition_dipole()[:5]

        f.write(f"RKS energy: {ene_mf: 12.8f}\n")
        f.write("TDA results:\n")
        for i, (con, ene, dip) in enumerate(zip(con_tda, ene_tda, dip_tda)):
            f.write(f" {i:2d} {con} {ene: 12.8f} {dip[0]: 12.8f} {dip[1]: 12.8f} {dip[2]: 12.8f}\n")

        # rpa = pyscf.tdscf.RPA(mf)
        # rpa.nstates = 5
        # rpa.max_space = 8
        # rpa.max_cycle = 2000
        # rpa.kernel()

        # con_rpa = rpa.converged
        # ene_rpa = rpa.e[:5]
        # dip_rpa = rpa.transition_dipole()[:5]
        
        # f.write("\nRPA results:\n")
        # for i, (con, ene, dip) in enumerate(zip(con_rpa, ene_rpa, dip_rpa)):
        #     f.write(f" {i:2d} {con} {ene: 12.8f} {dip[0]: 12.8f} {dip[1]: 12.8f} {dip[2]: 12.8f}\n")

if __name__ == "__main__":
    xyz = sys.argv[1]
    main(xyz, basis="631g*", xc="b3lyp", output="out.log")
#INFO: ******************** input file end ********************


System: uname_result(system='Linux', node='pauling040', release='3.10.0-327.36.3.el7.x86_64', version='#1 SMP Thu Oct 20 04:56:07 EDT 2016', machine='x86_64')  Threads 28
Python 3.9.7 (default, Oct 27 2021, 01:23:21) 
[GCC 9.3.0]
numpy 1.21.2  scipy 1.6.2
Date: Tue Sep 27 23:37:08 2022
PySCF version 2.0.1
PySCF path  /home/yangjunjie/packages/pyscf/pyscf-main
GIT ORIG_HEAD 14b880cdc4bf7bb64f3989a147c0b04622efc498
GIT HEAD (branch master) 9d5b5bd309d1cc55fbd1a0ec76e26b5b0c7f76af

[ENV] PYSCF_MAX_MEMORY 127949
[ENV] PYSCF_TMPDIR /scratch/global/yangjunjie/
[CONFIG] conf_file /home/yangjunjie/.pyscf_conf.py
[INPUT] verbose = 5
[INPUT] max_memory = 127949 
[INPUT] num. atoms = 16
[INPUT] num. electrons = 68
[INPUT] charge = 0
[INPUT] spin (= nelec alpha-beta = 2S) = 0
[INPUT] symmetry False subgroup None
[INPUT] Mole.unit = angstrom
[INPUT]  1 C      0.000000000000   1.166098200000   1.027355270000 AA    0.000000000000   2.203606232348   1.941420092929 Bohr
[INPUT]  2 C      0.000000000000   1.194633450000   2.415760430000 AA    0.000000000000   2.257530039744   4.565125595262 Bohr
[INPUT]  3 C      0.000000020000  -0.012163950000   3.109508940000 AA    0.000000037795  -0.022986534093   5.876120278487 Bohr
[INPUT]  4 C      0.000000000000  -1.206929750000   2.393202560000 AA    0.000000000000  -2.280766679090   4.522497399008 Bohr
[INPUT]  5 C     -0.000000010000  -1.152609810000   1.006705060000 AA   -0.000000018897  -2.178116869387   1.902396851614 Bohr
[INPUT]  6 N      0.000000000000   0.013438440000   0.351667340000 AA    0.000000000000   0.025394971141   0.664554959554 Bohr
[INPUT]  7 C      0.000000020000   0.004787040000  -1.497773540000 AA    0.000000037795   0.009046194547  -2.830381787220 Bohr
[INPUT]  8 H      0.000000030000   2.072335760000   0.432264650000 AA    0.000000056692   3.916147024542   0.816861801831 Bohr
[INPUT]  9 H     -0.000000010000   2.144278410000   2.935128250000 AA   -0.000000018897   4.052098929718   5.546588532974 Bohr
[INPUT] 10 H     -0.000000020000  -0.022195210000   4.192853210000 AA   -0.000000037795  -0.041942868177   7.923344247403 Bohr
[INPUT] 11 H     -0.000000030000  -2.165835030000   2.895252500000 AA   -0.000000056692  -4.092835037689   5.471234286462 Bohr
[INPUT] 12 H      0.000000010000  -2.046491130000   0.392678010000 AA    0.000000018897  -3.867307752052   0.742053894039 Bohr
[INPUT] 13 H     -0.000000050000   1.070399850000  -1.645920480000 AA   -0.000000094486   2.022762560276  -3.110338930013 Bohr
[INPUT] 14 H     -0.924698440000  -0.527333470000  -1.636997680000 AA   -1.747426799413  -0.996515834617  -3.093477281748 Bohr
[INPUT] 15 H      0.924698480000  -0.527333470000  -1.636997690000 AA    1.747426875002  -0.996515834617  -3.093477300646 Bohr
[INPUT] 16 Cl    -0.000000010000   0.003183250000  -3.960941320000 AA   -0.000000018897   0.006015470686  -7.485094290273 Bohr
[INPUT] ---------------- BASIS SET ---------------- 
[INPUT] l, kappa, [nprim/nctr], expnt,             c_1 c_2 ...
[INPUT] N
[INPUT] 0    0    [6    /1   ]  4173.511          0.0018348
                                627.4579          0.013995
                                142.9021          0.068587
                                40.23433          0.232241
                                12.82021          0.46907
                                4.390437          0.360455
[INPUT] 0    0    [3    /1   ]  11.626358         -0.114961
                                2.71628           -0.169118
                                0.772218          1.145852
[INPUT] 0    0    [1    /1   ]  0.2120313            1
[INPUT] 1    0    [3    /1   ]  11.626358         0.06758
                                2.71628           0.323907
                                0.772218          0.740895
[INPUT] 1    0    [1    /1   ]  0.2120313            1
[INPUT] 2    0    [1    /1   ]  0.8                  1
[INPUT] C
[INPUT] 0    0    [6    /1   ]  3047.5249         0.0018347
                                457.36951         0.0140373
                                103.94869         0.0688426
                                29.210155         0.2321844
                                9.286663          0.4679413
                                3.163927          0.362312
[INPUT] 0    0    [3    /1   ]  7.8682724         -0.1193324
                                1.8812885         -0.1608542
                                0.5442493         1.1434564
[INPUT] 0    0    [1    /1   ]  0.1687144            1
[INPUT] 1    0    [3    /1   ]  7.8682724         0.0689991
                                1.8812885         0.316424
                                0.5442493         0.7443083
[INPUT] 1    0    [1    /1   ]  0.1687144            1
[INPUT] 2    0    [1    /1   ]  0.8                  1
[INPUT] Cl
[INPUT] 0    0    [6    /1   ]  25180.1           0.001833
                                3780.35           0.014034
                                860.474           0.069097
                                242.145           0.237452
                                77.3349           0.483034
                                26.247            0.339856
[INPUT] 0    0    [6    /1   ]  491.765           -0.0022974
                                116.984           -0.030714
                                37.4153           -0.112528
                                13.7834           0.045016
                                5.45215           0.589353
                                2.22588           0.465206
[INPUT] 0    0    [3    /1   ]  3.18649           -0.25183
                                1.14427           0.061589
                                0.420377          1.06018
[INPUT] 0    0    [1    /1   ]  0.142657             1
[INPUT] 1    0    [6    /1   ]  491.765           0.0039894
                                116.984           0.030318
                                37.4153           0.12988
                                13.7834           0.327951
                                5.45215           0.453527
                                2.22588           0.252154
[INPUT] 1    0    [3    /1   ]  3.18649           -0.014299
                                1.14427           0.323572
                                0.420377          0.743507
[INPUT] 1    0    [1    /1   ]  0.142657             1
[INPUT] 2    0    [1    /1   ]  0.75                 1
[INPUT] H
[INPUT] 0    0    [3    /1   ]  18.731137         0.0334946
                                2.8253937         0.23472695
                                0.6401217         0.81375733
[INPUT] 0    0    [1    /1   ]  0.1612778            1

nuclear repulsion = 378.804302084646
number of shells = 66
number of NR pGTOs = 272
number of NR cGTOs = 132
basis = 631g*
ecp = {}
CPU time:         0.33


******** <class 'pyscf.dft.rks.RKS'> ********
method = RKS
initial guess = minao
damping factor = 0
level_shift factor = 0
DIIS = <class 'pyscf.scf.diis.CDIIS'>
diis_start_cycle = 1
diis_space = 8
SCF conv_tol = 1e-09
SCF conv_tol_grad = None
SCF max_cycles = 50
direct_scf = True
direct_scf_tol = 1e-13
chkfile to save SCF result = /scratch/global/yangjunjie/tmpz63dbr5x
max_memory 127949 MB (current use 81 MB)
XC library pyscf.dft.libxc version 5.2.0
    S. Lehtola, C. Steigemann, M. J. Oliveira, and M. A. Marques, SoftwareX 7, 1 (2018)
XC functionals = b3lyp
    P. A. M. Dirac, Math. Proc. Cambridge Philos. Soc. 26, 376 (1930)
    F. Bloch, Z. Phys. 57, 545 (1929)
    A. D. Becke, Phys. Rev. A 38, 3098 (1988)
    C. Lee, W. Yang, and R. G. Parr, Phys. Rev. B 37, 785 (1988)
    B. Miehlich, A. Savin, H. Stoll, and H. Preuss, Chem. Phys. Lett. 157, 200 (1989)
    S. H. Vosko, L. Wilk, and M. Nusair, Can. J. Phys. 58, 1200 (1980)
radial grids: 
    Treutler-Ahlrichs [JCP 102, 346 (1995); DOI:10.1063/1.469408] (M4) radial grids
    
becke partition: Becke, JCP 88, 2547 (1988); DOI:10.1063/1.454033
pruning grids: <function nwchem_prune at 0x7fa44953aee0>
grids dens level: 3
symmetrized grids: False
atomic radii adjust function: <function treutler_atomic_radii_adjust at 0x7fa44953ae50>
small_rho_cutoff = 1e-07
Set gradient conv threshold to 3.16228e-05
atom C rad-grids = 75, ang-grids = [ 50  50  50  50  50  50  50  50  50  50  50  50  50  50  50  50  50  50
  50  50  50  50  50  86  86  86  86  86  86  86  86  86  86 266 266 266
 266 266 266 266 302 302 302 302 302 302 302 302 302 302 302 302 302 302
 302 302 302 302 302 302 266 266 266 266 266 266 266 266 266 266 266 266
 266 266 266]
atom N rad-grids = 75, ang-grids = [ 50  50  50  50  50  50  50  50  50  50  50  50  50  50  50  50  50  50
  50  50  50  50  50  86  86  86  86  86  86  86  86  86 266 266 266 266
 266 266 266 302 302 302 302 302 302 302 302 302 302 302 302 302 302 302
 302 302 302 302 266 266 266 266 266 266 266 266 266 266 266 266 266 266
 266 266 266]
atom H rad-grids = 50, ang-grids = [ 50  50  50  50  50  50  50  50  50  50  50  50  50  50  86  86  86  86
 266 266 266 266 302 302 302 302 302 302 302 302 302 302 302 302 302 266
 266 266 266 266 266 266 266 266 266 266 266 266 266 266]
atom Cl rad-grids = 80, ang-grids = [ 50  50  50  50  50  50  50  50  50  50  50  50  50  50  50  50  50  50
  50  50  50  50  50  50  86  86  86  86  86  86  86  86  86  86  86  86
  86 350 350 350 350 350 350 350 350 350 434 434 434 434 434 434 434 434
 434 434 434 434 434 434 434 434 434 434 350 350 350 350 350 350 350 350
 350 350 350 350 350 350 350 350]
tot grids = 196530
Drop grids 33498
    CPU time for setting up grids      3.16 sec, wall time      0.13 sec
nelec by numeric integration = 67.97660248773485
    CPU time for vxc      6.18 sec, wall time      0.22 sec
E1 = -1770.884403991969  Ecoul = 713.5000039396625  Exc = -70.33118578334785
init E= -748.911283751009
cond(S) = 6559.346765447365
    CPU time for initialize scf     16.45 sec, wall time      0.67 sec
  HOMO = -0.295482232692603  LUMO = -0.100967966777802
  mo_energy =
[-1.01593531e+02 -1.44098511e+01 -1.02918040e+01 -1.02911409e+01
 -1.02901786e+01 -1.02854289e+01 -1.02852419e+01 -1.02814342e+01
 -9.53333382e+00 -7.28894227e+00 -7.28885776e+00 -7.28885625e+00
 -1.10474002e+00 -9.42662147e-01 -8.88015320e-01 -8.57667261e-01
 -7.86660644e-01 -7.13188440e-01 -7.03624821e-01 -5.77581892e-01
 -5.33871602e-01 -5.12342734e-01 -4.76902367e-01 -4.72436763e-01
 -4.56008519e-01 -4.52242030e-01 -4.27388675e-01 -3.97657852e-01
 -3.86042985e-01 -3.54478978e-01 -3.53748149e-01 -3.23615910e-01
 -3.22727390e-01 -2.95482233e-01 -1.00967967e-01 -7.93956941e-02
 -4.85852384e-02  5.86338396e-02  6.60948485e-02  7.12308630e-02
  9.61523607e-02  1.16932456e-01  1.29209101e-01  1.38490277e-01
  1.39981048e-01  1.61437059e-01  2.12176420e-01  2.37570338e-01
  2.56882785e-01  2.66057972e-01  3.39322236e-01  3.77862592e-01
  4.03409287e-01  4.15022023e-01  4.17743502e-01  4.55791583e-01
  4.77683029e-01  4.93425245e-01  4.93905307e-01  5.23744821e-01
  5.29040914e-01  5.38860247e-01  5.42586726e-01  5.51530320e-01
  5.63046222e-01  5.73988759e-01  5.77003034e-01  6.14683635e-01
  6.26908649e-01  6.53918004e-01  6.77656101e-01  7.55480015e-01
  7.69095944e-01  7.72849730e-01  7.94424751e-01  7.95430075e-01
  7.98719319e-01  8.02393796e-01  8.23864060e-01  8.30644052e-01
  8.60063735e-01  8.65832953e-01  8.81827121e-01  8.98094007e-01
  9.09916933e-01  9.51496147e-01  9.69839406e-01  1.03339209e+00
  1.04697622e+00  1.11024788e+00  1.12542781e+00  1.14678356e+00
  1.17842838e+00  1.20605996e+00  1.30318951e+00  1.34806124e+00
  1.39438383e+00  1.40261560e+00  1.41063373e+00  1.41545895e+00
  1.44308123e+00  1.44745465e+00  1.63935820e+00  1.67469177e+00
  1.69030244e+00  1.73599595e+00  1.77828320e+00  1.83024433e+00
  1.86572167e+00  1.88927124e+00  1.98156725e+00  2.06798871e+00
  2.08226264e+00  2.09842523e+00  2.09880216e+00  2.12460323e+00
  2.16089350e+00  2.19049187e+00  2.22654853e+00  2.24737929e+00
  2.29436370e+00  2.29703722e+00  2.49540330e+00  2.49880051e+00
  2.59892011e+00  2.61733647e+00  2.64532400e+00  2.65129869e+00
  2.69406112e+00  2.70262745e+00  2.95116576e+00  3.32752771e+00]
nelec by numeric integration = 68.00003578694732
    CPU time for vxc      5.92 sec, wall time      0.21 sec
E1 = -1778.2091141271856  Ecoul = 722.1827728252822  Exc = -70.762216954315
cycle= 1 E= -747.984256171573  delta_E= 0.927  |g|= 0.516  |ddm|= 3.83
    CPU time for cycle= 1      6.43 sec, wall time      0.23 sec
  HOMO = -0.0768351720875803  LUMO = -0.0395361426565494
  mo_energy =
[-1.00992282e+02 -1.45810258e+01 -1.03286792e+01 -1.03275405e+01
 -1.02190950e+01 -1.01961481e+01 -1.01781499e+01 -1.01780510e+01
 -8.98258949e+00 -6.73467084e+00 -6.73341733e+00 -6.73340323e+00
 -1.10069733e+00 -8.61378974e-01 -8.57037643e-01 -7.35566293e-01
 -7.20962923e-01 -6.90728268e-01 -6.05775572e-01 -5.65388213e-01
 -5.33954143e-01 -5.33001743e-01 -5.09645279e-01 -4.94551622e-01
 -4.60751662e-01 -4.40919115e-01 -4.36888632e-01 -4.19786366e-01
 -4.03819227e-01 -3.51910620e-01 -3.37310122e-01 -1.17644558e-01
 -9.24598738e-02 -7.68351721e-02 -3.95361427e-02 -3.88777354e-02
  2.85098323e-02  6.59891435e-02  7.39488101e-02  7.82342194e-02
  8.07986185e-02  9.82334616e-02  1.20662439e-01  1.39491829e-01
  1.64806255e-01  1.72727069e-01  2.08494793e-01  2.24053563e-01
  2.45401323e-01  2.66904878e-01  3.60135271e-01  3.91294839e-01
  4.26567634e-01  4.58982788e-01  4.86339924e-01  4.99940061e-01
  5.21065784e-01  5.30426869e-01  5.42024768e-01  5.45557289e-01
  5.70485229e-01  5.72956405e-01  5.75661739e-01  5.95951438e-01
  6.05727184e-01  6.46851127e-01  6.51353895e-01  6.87184117e-01
  7.24130555e-01  7.29895186e-01  7.36101699e-01  7.49032341e-01
  7.60477820e-01  7.97425589e-01  8.05758924e-01  8.27518458e-01
  8.55596996e-01  8.75666521e-01  8.99096080e-01  9.11019827e-01
  9.27106415e-01  9.34099212e-01  9.84472365e-01  1.01882506e+00
  1.04150189e+00  1.11106940e+00  1.12600153e+00  1.12830347e+00
  1.16185226e+00  1.20362801e+00  1.20546273e+00  1.20708211e+00
  1.21644374e+00  1.28153718e+00  1.31013589e+00  1.37716349e+00
  1.38548410e+00  1.39683835e+00  1.39857242e+00  1.43515810e+00
  1.43571155e+00  1.45896296e+00  1.59894560e+00  1.65212138e+00
  1.70981679e+00  1.76507827e+00  1.77783974e+00  1.86216820e+00
  1.87979368e+00  1.89187853e+00  1.99657958e+00  2.06265898e+00
  2.07361946e+00  2.09710364e+00  2.10164133e+00  2.10993338e+00
  2.21184074e+00  2.23188323e+00  2.24386894e+00  2.25092482e+00
  2.27522018e+00  2.31284058e+00  2.48055867e+00  2.50125021e+00
  2.60954521e+00  2.61383062e+00  2.64996423e+00  2.66413233e+00
  2.69363852e+00  2.70281561e+00  2.94847317e+00  3.33686435e+00]
nelec by numeric integration = 68.0000404219639
    CPU time for vxc      6.23 sec, wall time      0.24 sec
E1 = -1774.0287154512748  Ecoul = 723.6955109417072  Exc = -70.51990556014096
cycle= 2 E= -742.048807985063  delta_E= 5.94  |g|= 2.79  |ddm|= 4.48
    CPU time for cycle= 2      6.74 sec, wall time      0.25 sec
  HOMO = -0.165992496877589  LUMO = -0.0508955207660805
  mo_energy =
[-1.01245608e+02 -1.44524922e+01 -1.02329716e+01 -1.02323549e+01
 -1.02089267e+01 -1.01311346e+01 -1.01123465e+01 -1.01122457e+01
 -9.20885781e+00 -6.96263537e+00 -6.96254919e+00 -6.96253406e+00
 -1.00909855e+00 -7.91740411e-01 -7.83944833e-01 -7.17742027e-01
 -6.50855834e-01 -6.31348501e-01 -6.17677813e-01 -5.46226118e-01
 -4.95866409e-01 -4.78427396e-01 -4.69129562e-01 -4.54480171e-01
 -4.30627777e-01 -4.26428849e-01 -4.18939632e-01 -3.61351941e-01
 -3.47700496e-01 -2.88738110e-01 -2.69654599e-01 -1.77932240e-01
 -1.66314027e-01 -1.65992497e-01 -5.08955208e-02 -1.73891034e-02
  1.97352147e-02  8.77993164e-02  1.04722348e-01  1.13698762e-01
  1.32761219e-01  1.37290764e-01  1.58390155e-01  1.69236905e-01
  1.71155711e-01  1.85722828e-01  2.55402295e-01  2.79649626e-01
  3.03558306e-01  3.17979900e-01  4.02677813e-01  4.50433233e-01
  4.75392354e-01  4.86395938e-01  5.20417554e-01  5.32247999e-01
  5.48943534e-01  5.56022397e-01  5.71677733e-01  5.78709846e-01
  5.91035653e-01  6.00613723e-01  6.02791038e-01  6.25245804e-01
  6.26943872e-01  6.27911987e-01  6.47560848e-01  6.59219751e-01
  7.09797792e-01  7.23575024e-01  7.33638854e-01  8.00445716e-01
  8.09331469e-01  8.12635480e-01  8.48775918e-01  8.55516197e-01
  9.00764621e-01  9.08376579e-01  9.22946330e-01  9.29569706e-01
  9.34179220e-01  9.87615042e-01  1.00260914e+00  1.04477667e+00
  1.04614233e+00  1.05379045e+00  1.05726293e+00  1.07852671e+00
  1.08843750e+00  1.15020259e+00  1.17368142e+00  1.18321727e+00
  1.23808431e+00  1.33422845e+00  1.34868193e+00  1.37027490e+00
  1.43152577e+00  1.45168918e+00  1.46234427e+00  1.47241791e+00
  1.50040026e+00  1.50295887e+00  1.65858278e+00  1.71669081e+00
  1.75464257e+00  1.78430796e+00  1.83988000e+00  1.90616285e+00
  1.94262763e+00  1.95697948e+00  2.06543798e+00  2.13407043e+00
  2.14778884e+00  2.16696788e+00  2.16878959e+00  2.18079524e+00
  2.22062291e+00  2.24780668e+00  2.30183800e+00  2.31857109e+00
  2.34552691e+00  2.34923478e+00  2.54972675e+00  2.56874856e+00
  2.67914219e+00  2.68122451e+00  2.71706011e+00  2.73454810e+00
  2.76737765e+00  2.77213769e+00  3.01892813e+00  3.40740707e+00]
nelec by numeric integration = 68.0000400799563
    CPU time for vxc      6.10 sec, wall time      0.22 sec
E1 = -1772.300463434068  Ecoul = 715.7414698604508  Exc = -70.26725146860693
cycle= 3 E= -748.021942957578  delta_E= -5.97  |g|= 0.47  |ddm|= 4.03
    CPU time for cycle= 3      6.63 sec, wall time      0.24 sec
  HOMO = -0.158156568104227  LUMO = -0.0863812602531875
  mo_energy =
[-1.01296160e+02 -1.43958265e+01 -1.02704364e+01 -1.02695747e+01
 -1.02687089e+01 -1.02521598e+01 -1.02519360e+01 -1.02171098e+01
 -9.24008360e+00 -6.99677499e+00 -6.99511636e+00 -6.99510319e+00
 -1.01158422e+00 -8.68052699e-01 -8.23028002e-01 -7.16014971e-01
 -6.93373823e-01 -6.78262153e-01 -6.14340637e-01 -5.81235049e-01
 -5.41827092e-01 -5.25251000e-01 -4.89822161e-01 -4.69803779e-01
 -4.66941020e-01 -4.27873860e-01 -4.24411611e-01 -4.24229489e-01
 -3.69988589e-01 -3.45212253e-01 -3.18899942e-01 -1.69657325e-01
 -1.58362794e-01 -1.58156568e-01 -8.63812603e-02 -6.61537665e-02
  2.24287545e-02  6.76269270e-02  8.77281421e-02  9.37292171e-02
  1.01693395e-01  1.19280735e-01  1.34888945e-01  1.45803262e-01
  1.82300046e-01  1.84070820e-01  2.27852798e-01  2.41090867e-01
  2.68013905e-01  2.80680507e-01  3.81238880e-01  4.10512201e-01
  4.55882362e-01  4.83796184e-01  4.95364758e-01  5.02993153e-01
  5.29189733e-01  5.37424661e-01  5.37585717e-01  5.46828524e-01
  5.53801812e-01  5.63182214e-01  5.63811352e-01  5.90262745e-01
  5.96005568e-01  5.97955219e-01  6.14567844e-01  6.57121936e-01
  6.62811891e-01  7.24120025e-01  7.33441647e-01  7.77515563e-01
  7.79917137e-01  7.86881465e-01  8.07570091e-01  8.21952211e-01
  8.68477110e-01  8.72861669e-01  9.08029860e-01  9.19412280e-01
  9.29679061e-01  9.70267152e-01  9.83428162e-01  1.02534938e+00
  1.05086184e+00  1.05109469e+00  1.05906450e+00  1.06208903e+00
  1.07800243e+00  1.11565007e+00  1.14686065e+00  1.15689601e+00
  1.19056565e+00  1.31532410e+00  1.34206777e+00  1.34546192e+00
  1.40479337e+00  1.41397154e+00  1.41600020e+00  1.42771249e+00
  1.45167930e+00  1.46536593e+00  1.65114521e+00  1.68985976e+00
  1.72657446e+00  1.78773994e+00  1.78935368e+00  1.87257070e+00
  1.87876018e+00  1.90659865e+00  2.00298209e+00  2.08152965e+00
  2.10462709e+00  2.11355829e+00  2.11484509e+00  2.13991661e+00
  2.22523986e+00  2.24572136e+00  2.25764766e+00  2.26749376e+00
  2.30668599e+00  2.33982333e+00  2.51183285e+00  2.51533899e+00
  2.61920317e+00  2.63640657e+00  2.67474373e+00  2.68004552e+00
  2.71916741e+00  2.72592379e+00  2.97630754e+00  3.35629482e+00]
nelec by numeric integration = 68.00003627770309
    CPU time for vxc      5.92 sec, wall time      0.21 sec
E1 = -1773.6900100544633  Ecoul = 717.190240512732  Exc = -70.38502458246239
cycle= 4 E= -748.080492039548  delta_E= -0.0585  |g|= 0.118  |ddm|= 0.556
    CPU time for cycle= 4      6.45 sec, wall time      0.23 sec
  HOMO = -0.189722322701479  LUMO = -0.0913091856627416
  mo_energy =
[-1.01401832e+02 -1.44382670e+01 -1.02893536e+01 -1.02893300e+01
 -1.02552831e+01 -1.02551300e+01 -1.02544241e+01 -1.02392331e+01
 -9.32471670e+00 -7.08426086e+00 -7.08131885e+00 -7.08130626e+00
 -1.02907624e+00 -8.67805377e-01 -8.31556094e-01 -7.26172253e-01
 -7.01272813e-01 -6.85122521e-01 -6.48731058e-01 -5.85656554e-01
 -5.48830439e-01 -5.28385315e-01 -4.95671948e-01 -4.81703840e-01
 -4.69163575e-01 -4.36533962e-01 -4.31924676e-01 -4.27259142e-01
 -3.83196904e-01 -3.48954317e-01 -3.25171654e-01 -2.00331399e-01
 -1.89955210e-01 -1.89722323e-01 -9.13091857e-02 -7.08520867e-02
  1.00435568e-02  6.49151482e-02  8.32544048e-02  9.05156093e-02
  9.69326696e-02  1.16955155e-01  1.32357209e-01  1.44308972e-01
  1.76635111e-01  1.78318875e-01  2.23418275e-01  2.39426051e-01
  2.61941120e-01  2.75726109e-01  3.76784456e-01  4.04689275e-01
  4.50018224e-01  4.75400548e-01  4.79251912e-01  4.98819633e-01
  5.20833731e-01  5.32166440e-01  5.32773853e-01  5.43742993e-01
  5.50201380e-01  5.52300687e-01  5.53921384e-01  5.80680700e-01
  5.83142022e-01  5.89635974e-01  6.10089846e-01  6.37511294e-01
  6.59474975e-01  7.10661841e-01  7.19564039e-01  7.71379943e-01
  7.77027594e-01  7.85230050e-01  8.03824931e-01  8.06741419e-01
  8.67300679e-01  8.71742649e-01  9.01904882e-01  9.08329199e-01
  9.19413953e-01  9.60577205e-01  9.76483301e-01  1.01205449e+00
  1.01314865e+00  1.01473283e+00  1.02455739e+00  1.04714007e+00
  1.05550987e+00  1.11465122e+00  1.14214438e+00  1.14574029e+00
  1.18372393e+00  1.30875162e+00  1.31548377e+00  1.33944351e+00
  1.39994989e+00  1.40482985e+00  1.41259180e+00  1.42628446e+00
  1.44178443e+00  1.45347920e+00  1.64041672e+00  1.68053509e+00
  1.71922469e+00  1.77683861e+00  1.78586467e+00  1.86548965e+00
  1.87798130e+00  1.90110543e+00  1.99954722e+00  2.07523033e+00
  2.09954571e+00  2.10433256e+00  2.11115184e+00  2.13125704e+00
  2.21603489e+00  2.23846680e+00  2.24757966e+00  2.26261733e+00
  2.29667566e+00  2.32898401e+00  2.50649133e+00  2.51023597e+00
  2.61342246e+00  2.62729615e+00  2.66754423e+00  2.67272909e+00
  2.71415010e+00  2.71741420e+00  2.96674885e+00  3.34935833e+00]
nelec by numeric integration = 68.0000351973576
    CPU time for vxc      5.96 sec, wall time      0.21 sec
E1 = -1775.1590119623313  Ecoul = 718.7633144643835  Exc = -70.4917502328209
cycle= 5 E= -748.083145646123  delta_E= -0.00265  |g|= 0.0606  |ddm|= 0.219
    CPU time for cycle= 5      6.47 sec, wall time      0.23 sec
  HOMO = -0.178460370250401  LUMO = -0.0896669215766173
  mo_energy =
[-1.01370891e+02 -1.44281153e+01 -1.02835039e+01 -1.02828918e+01
 -1.02617853e+01 -1.02503179e+01 -1.02502607e+01 -1.02418929e+01
 -9.29936299e+00 -7.05865863e+00 -7.05529334e+00 -7.05528093e+00
 -1.02379569e+00 -8.67350170e-01 -8.28494559e-01 -7.25808813e-01
 -6.99292599e-01 -6.83686802e-01 -6.36905509e-01 -5.85287792e-01
 -5.46981827e-01 -5.28224217e-01 -4.93980451e-01 -4.79379662e-01
 -4.69720775e-01 -4.37616393e-01 -4.32401016e-01 -4.27074889e-01
 -3.80931320e-01 -3.48414608e-01 -3.23051269e-01 -1.90549346e-01
 -1.78688966e-01 -1.78460370e-01 -8.96669216e-02 -6.87289650e-02
  1.24414744e-02  6.44286554e-02  8.43934350e-02  9.05194096e-02
  9.69320989e-02  1.16465540e-01  1.31972973e-01  1.43428542e-01
  1.76478191e-01  1.78501073e-01  2.24139757e-01  2.39271021e-01
  2.63479171e-01  2.76482859e-01  3.76578790e-01  4.06667659e-01
  4.51208725e-01  4.79833920e-01  4.83061208e-01  4.99006981e-01
  5.23010006e-01  5.34061023e-01  5.34569941e-01  5.45507770e-01
  5.52014875e-01  5.55734168e-01  5.56680428e-01  5.83174566e-01
  5.86231046e-01  5.91629290e-01  6.10867520e-01  6.44177859e-01
  6.59732851e-01  7.13764800e-01  7.22876129e-01  7.72896609e-01
  7.79275782e-01  7.83242084e-01  8.04456613e-01  8.09523343e-01
  8.67073726e-01  8.71570283e-01  9.02323537e-01  9.09113377e-01
  9.20461395e-01  9.61988080e-01  9.77158885e-01  1.01814211e+00
  1.02668863e+00  1.02801665e+00  1.03740859e+00  1.05153128e+00
  1.05971734e+00  1.11421062e+00  1.14303089e+00  1.14738218e+00
  1.18563916e+00  1.31069010e+00  1.32353260e+00  1.33991739e+00
  1.40024881e+00  1.40725717e+00  1.41351324e+00  1.42603854e+00
  1.44464242e+00  1.45538497e+00  1.64254994e+00  1.68260018e+00
  1.72030325e+00  1.77647809e+00  1.78619057e+00  1.86534236e+00
  1.87818181e+00  1.90317332e+00  2.00094445e+00  2.07742521e+00
  2.10115686e+00  2.10727677e+00  2.11183429e+00  2.13321495e+00
  2.21495680e+00  2.24059332e+00  2.24630398e+00  2.26305689e+00
  2.29908089e+00  2.33002167e+00  2.50800943e+00  2.51184489e+00
  2.61516657e+00  2.62919698e+00  2.66918976e+00  2.67510298e+00
  2.71571804e+00  2.71990196e+00  2.96935308e+00  3.35137402e+00]
nelec by numeric integration = 68.00003567870755
    CPU time for vxc      6.29 sec, wall time      0.22 sec
E1 = -1774.7141801416642  Ecoul = 718.2848787266572  Exc = -70.45940456918552
cycle= 6 E= -748.084403899547  delta_E= -0.00126  |g|= 0.0154  |ddm|= 0.0975
    CPU time for cycle= 6      7.24 sec, wall time      0.26 sec
  HOMO = -0.17695456528405  LUMO = -0.0891393390284215
  mo_energy =
[-1.01366124e+02 -1.44272877e+01 -1.02834415e+01 -1.02830849e+01
 -1.02593219e+01 -1.02513711e+01 -1.02512311e+01 -1.02333745e+01
 -9.29558681e+00 -7.05493980e+00 -7.05134424e+00 -7.05132979e+00
 -1.02363327e+00 -8.67098428e-01 -8.28710110e-01 -7.23083461e-01
 -6.99156340e-01 -6.83214955e-01 -6.34981871e-01 -5.84835922e-01
 -5.46850482e-01 -5.28358084e-01 -4.94169977e-01 -4.78564408e-01
 -4.68878749e-01 -4.34708354e-01 -4.30207212e-01 -4.27012863e-01
 -3.79776710e-01 -3.47973048e-01 -3.23365832e-01 -1.88754192e-01
 -1.77183275e-01 -1.76954565e-01 -8.91393390e-02 -6.87739976e-02
  1.46753557e-02  6.52060909e-02  8.45493314e-02  9.06898828e-02
  9.76708164e-02  1.16887252e-01  1.32117597e-01  1.43843232e-01
  1.78188691e-01  1.79630366e-01  2.24581612e-01  2.39396984e-01
  2.63569803e-01  2.76727061e-01  3.77173989e-01  4.06483208e-01
  4.51411642e-01  4.80009651e-01  4.84305489e-01  5.00022455e-01
  5.22970652e-01  5.33869431e-01  5.34931317e-01  5.45829106e-01
  5.52128452e-01  5.56697473e-01  5.57336927e-01  5.83762628e-01
  5.86960392e-01  5.92589798e-01  6.10894904e-01  6.45637077e-01
  6.60180716e-01  7.15414986e-01  7.24425781e-01  7.73034116e-01
  7.79529833e-01  7.83799857e-01  8.04295236e-01  8.10405055e-01
  8.67370389e-01  8.71737137e-01  9.03283801e-01  9.11614507e-01
  9.22488829e-01  9.62522376e-01  9.78398075e-01  1.01854371e+00
  1.02881264e+00  1.03008582e+00  1.03937585e+00  1.05241582e+00
  1.06094582e+00  1.11439557e+00  1.14339684e+00  1.14881919e+00
  1.18566878e+00  1.31091621e+00  1.32568589e+00  1.34022168e+00
  1.40034208e+00  1.40764912e+00  1.41361354e+00  1.42651386e+00
  1.44440005e+00  1.45650000e+00  1.64324254e+00  1.68313967e+00
  1.72162442e+00  1.77974103e+00  1.78641601e+00  1.86737875e+00
  1.87831009e+00  1.90298975e+00  2.00101370e+00  2.07721996e+00
  2.10133526e+00  2.10732914e+00  2.11210215e+00  2.13344925e+00
  2.21808613e+00  2.24042059e+00  2.24982598e+00  2.26371560e+00
  2.29929341e+00  2.33209611e+00  2.50825455e+00  2.51195808e+00
  2.61524073e+00  2.62932498e+00  2.66996785e+00  2.67513435e+00
  2.71612597e+00  2.71999082e+00  2.96964277e+00  3.35162135e+00]
nelec by numeric integration = 68.00003549979652
    CPU time for vxc      6.52 sec, wall time      0.23 sec
E1 = -1774.6429413256728  Ecoul = 718.2076225035063  Exc = -70.45345491923993
cycle= 7 E= -748.084471656761  delta_E= -6.78e-05  |g|= 0.0029  |ddm|= 0.0194
    CPU time for cycle= 7      7.33 sec, wall time      0.26 sec
  HOMO = -0.177611524894569  LUMO = -0.0887764673246746
  mo_energy =
[-1.01366735e+02 -1.44268315e+01 -1.02828427e+01 -1.02823957e+01
 -1.02593312e+01 -1.02506420e+01 -1.02505827e+01 -1.02348944e+01
 -9.29623862e+00 -7.05564232e+00 -7.05196238e+00 -7.05194561e+00
 -1.02340740e+00 -8.66843902e-01 -8.28253260e-01 -7.23422590e-01
 -6.98767028e-01 -6.82910778e-01 -6.35562502e-01 -5.84553387e-01
 -5.46436254e-01 -5.27864174e-01 -4.93732747e-01 -4.78422627e-01
 -4.68722582e-01 -4.35108863e-01 -4.30449802e-01 -4.26598260e-01
 -3.79658230e-01 -3.47738341e-01 -3.22924500e-01 -1.89283144e-01
 -1.77842350e-01 -1.77611525e-01 -8.87764673e-02 -6.83307537e-02
  1.43660713e-02  6.52623849e-02  8.49427021e-02  9.09469121e-02
  9.77369309e-02  1.17091703e-01  1.32405469e-01  1.44004193e-01
  1.77948383e-01  1.79594288e-01  2.24760132e-01  2.39744351e-01
  2.63893442e-01  2.77036018e-01  3.77381364e-01  4.06757228e-01
  4.51669511e-01  4.80342693e-01  4.83865336e-01  5.00034184e-01
  5.23327250e-01  5.34226739e-01  5.35097021e-01  5.46009541e-01
  5.52465963e-01  5.56490805e-01  5.57320989e-01  5.83893738e-01
  5.87010232e-01  5.92509294e-01  6.11215896e-01  6.45147780e-01
  6.60349478e-01  7.15207314e-01  7.24198134e-01  7.73352062e-01
  7.79736430e-01  7.83993163e-01  8.04709277e-01  8.10511659e-01
  8.67645866e-01  8.72052210e-01  9.03380665e-01  9.11217087e-01
  9.22219204e-01  9.62790042e-01  9.78373854e-01  1.01865860e+00
  1.02816009e+00  1.02947859e+00  1.03873777e+00  1.05241920e+00
  1.06071342e+00  1.11466480e+00  1.14362372e+00  1.14874711e+00
  1.18604187e+00  1.31120574e+00  1.32514676e+00  1.34044226e+00
  1.40065568e+00  1.40793294e+00  1.41395500e+00  1.42675824e+00
  1.44484553e+00  1.45654875e+00  1.64340676e+00  1.68338291e+00
  1.72167779e+00  1.77929834e+00  1.78669040e+00  1.86725542e+00
  1.87861772e+00  1.90342038e+00  2.00135882e+00  2.07761220e+00
  2.10167514e+00  2.10773042e+00  2.11238095e+00  2.13378959e+00
  2.21767416e+00  2.24086780e+00  2.24930260e+00  2.26395242e+00
  2.29959752e+00  2.33195563e+00  2.50853980e+00  2.51227469e+00
  2.61559731e+00  2.62973708e+00  2.67022536e+00  2.67560205e+00
  2.71642198e+00  2.72034225e+00  2.97002242e+00  3.35204285e+00]
nelec by numeric integration = 68.00003557103635
    CPU time for vxc      6.05 sec, wall time      0.22 sec
E1 = -1774.650942371486  Ecoul = 718.2159245188552  Exc = -70.45375816362437
cycle= 8 E= -748.084473931609  delta_E= -2.27e-06  |g|= 0.00099  |ddm|= 0.0042
    CPU time for cycle= 8      6.57 sec, wall time      0.23 sec
  HOMO = -0.17756243755887  LUMO = -0.0887726545266196
  mo_energy =
[-1.01366383e+02 -1.44267671e+01 -1.02829973e+01 -1.02826123e+01
 -1.02593062e+01 -1.02508465e+01 -1.02506948e+01 -1.02347377e+01
 -9.29596441e+00 -7.05537369e+00 -7.05167413e+00 -7.05165744e+00
 -1.02339692e+00 -8.66851444e-01 -8.28311920e-01 -7.23361500e-01
 -6.98798103e-01 -6.82943292e-01 -6.35485587e-01 -5.84562759e-01
 -5.46478738e-01 -5.27916674e-01 -4.93777061e-01 -4.78402672e-01
 -4.68703068e-01 -4.35037170e-01 -4.30397753e-01 -4.26630419e-01
 -3.79655894e-01 -3.47722152e-01 -3.22974136e-01 -1.89215532e-01
 -1.77793430e-01 -1.77562438e-01 -8.87726545e-02 -6.83724812e-02
  1.44036405e-02  6.52782057e-02  8.49163524e-02  9.09381096e-02
  9.77462422e-02  1.17100664e-01  1.32392925e-01  1.44012028e-01
  1.77991830e-01  1.79621026e-01  2.24761487e-01  2.39733082e-01
  2.63878291e-01  2.77011567e-01  3.77386092e-01  4.06745923e-01
  4.51659406e-01  4.80325740e-01  4.83867355e-01  5.00056812e-01
  5.23303644e-01  5.34196580e-01  5.35084151e-01  5.46012188e-01
  5.52441853e-01  5.56511153e-01  5.57323952e-01  5.83873677e-01
  5.87016069e-01  5.92528277e-01  6.11190048e-01  6.45203244e-01
  6.60348449e-01  7.15235707e-01  7.24228555e-01  7.73329811e-01
  7.79704751e-01  7.84005882e-01  8.04666813e-01  8.10549907e-01
  8.67635183e-01  8.72036007e-01  9.03383305e-01  9.11282577e-01
  9.22269145e-01  9.62789037e-01  9.78403793e-01  1.01865961e+00
  1.02825385e+00  1.02956963e+00  1.03881932e+00  1.05244697e+00
  1.06075310e+00  1.11466192e+00  1.14362390e+00  1.14876741e+00
  1.18600834e+00  1.31118907e+00  1.32521814e+00  1.34045666e+00
  1.40065260e+00  1.40790520e+00  1.41393098e+00  1.42675978e+00
  1.44479605e+00  1.45657960e+00  1.64342051e+00  1.68337898e+00
  1.72168162e+00  1.77936707e+00  1.78668333e+00  1.86728679e+00
  1.87860536e+00  1.90337159e+00  2.00132644e+00  2.07757123e+00
  2.10163803e+00  2.10769134e+00  2.11237260e+00  2.13376712e+00
  2.21774118e+00  2.24080637e+00  2.24938397e+00  2.26394566e+00
  2.29958093e+00  2.33198554e+00  2.50852647e+00  2.51224400e+00
  2.61556295e+00  2.62969295e+00  2.67020937e+00  2.67553797e+00
  2.71640661e+00  2.72030226e+00  2.96998330e+00  3.35199461e+00]
nelec by numeric integration = 68.0000355575595
    CPU time for vxc      5.88 sec, wall time      0.21 sec
E1 = -1774.6487258379902  Ecoul = 718.2135749506207  Exc = -70.45362545315747
cycle= 9 E= -748.084474255881  delta_E= -3.24e-07  |g|= 0.000278  |ddm|= 0.00144
    CPU time for cycle= 9      6.41 sec, wall time      0.23 sec
  HOMO = -0.177553331083117  LUMO = -0.0887989388735864
  mo_energy =
[-1.01366424e+02 -1.44268485e+01 -1.02830046e+01 -1.02825652e+01
 -1.02593858e+01 -1.02508326e+01 -1.02507579e+01 -1.02346630e+01
 -9.29598493e+00 -7.05539819e+00 -7.05169553e+00 -7.05167892e+00
 -1.02342177e+00 -8.66887928e-01 -8.28325803e-01 -7.23347998e-01
 -6.98822660e-01 -6.82958298e-01 -6.35477630e-01 -5.84580595e-01
 -5.46503613e-01 -5.27936395e-01 -4.93788331e-01 -4.78413243e-01
 -4.68733293e-01 -4.35013115e-01 -4.30385017e-01 -4.26656117e-01
 -3.79666115e-01 -3.47755496e-01 -3.22987510e-01 -1.89206130e-01
 -1.77784291e-01 -1.77553331e-01 -8.87989389e-02 -6.83872410e-02
  1.44106243e-02  6.52614987e-02  8.48926365e-02  9.09312470e-02
  9.77481419e-02  1.17087676e-01  1.32383423e-01  1.44003365e-01
  1.78009100e-01  1.79624497e-01  2.24748190e-01  2.39709580e-01
  2.63855721e-01  2.76999583e-01  3.77377059e-01  4.06727902e-01
  4.51647549e-01  4.80303911e-01  4.83881988e-01  5.00049050e-01
  5.23290097e-01  5.34183352e-01  5.35073412e-01  5.45988122e-01
  5.52419733e-01  5.56511618e-01  5.57316802e-01  5.83868136e-01
  5.87008885e-01  5.92521427e-01  6.11179105e-01  6.45210596e-01
  6.60332316e-01  7.15246414e-01  7.24235956e-01  7.73313538e-01
  7.79705554e-01  7.83973895e-01  8.04651995e-01  8.10534625e-01
  8.67613171e-01  8.72011034e-01  9.03382492e-01  9.11302513e-01
  9.22283062e-01  9.62776630e-01  9.78401488e-01  1.01864984e+00
  1.02826381e+00  1.02957868e+00  1.03882770e+00  1.05243762e+00
  1.06075367e+00  1.11464106e+00  1.14360942e+00  1.14877089e+00
  1.18598442e+00  1.31116976e+00  1.32522820e+00  1.34043228e+00
  1.40063650e+00  1.40789207e+00  1.41389967e+00  1.42672666e+00
  1.44478376e+00  1.45657168e+00  1.64340545e+00  1.68336472e+00
  1.72167632e+00  1.77938928e+00  1.78665774e+00  1.86728566e+00
  1.87857344e+00  1.90335656e+00  2.00130265e+00  2.07755219e+00
  2.10161921e+00  2.10767594e+00  2.11234024e+00  2.13374375e+00
  2.21776362e+00  2.24079192e+00  2.24941331e+00  2.26391747e+00
  2.29956051e+00  2.33199298e+00  2.50849916e+00  2.51222758e+00
  2.61553914e+00  2.62967044e+00  2.67018612e+00  2.67552023e+00
  2.71637571e+00  2.72028586e+00  2.96996267e+00  3.35197177e+00]
nelec by numeric integration = 68.00003555369965
    CPU time for vxc      5.90 sec, wall time      0.21 sec
E1 = -1774.6493792227457  Ecoul = 718.2142896924211  Exc = -70.45368682902838
cycle= 10 E= -748.084474274707  delta_E= -1.88e-08  |g|= 0.000121  |ddm|= 0.000358
    CPU time for cycle= 10      6.41 sec, wall time      0.23 sec
  HOMO = -0.177530109198512  LUMO = -0.0888093580440154
  mo_energy =
[-1.01366417e+02 -1.44268399e+01 -1.02830110e+01 -1.02826062e+01
 -1.02593761e+01 -1.02508593e+01 -1.02507483e+01 -1.02346619e+01
 -9.29596880e+00 -7.05538439e+00 -7.05167958e+00 -7.05166302e+00
 -1.02343571e+00 -8.66899116e-01 -8.28344007e-01 -7.23348909e-01
 -6.98836377e-01 -6.82970618e-01 -6.35456710e-01 -5.84593342e-01
 -5.46517143e-01 -5.27952796e-01 -4.93806086e-01 -4.78424023e-01
 -4.68741412e-01 -4.35012960e-01 -4.30388965e-01 -4.26669895e-01
 -3.79672527e-01 -3.47765472e-01 -3.23006031e-01 -1.89186490e-01
 -1.77761022e-01 -1.77530109e-01 -8.88093580e-02 -6.84029990e-02
  1.44091663e-02  6.52529256e-02  8.48794202e-02  9.09201727e-02
  9.77414472e-02  1.17077358e-01  1.32371483e-01  1.43993554e-01
  1.78010191e-01  1.79621302e-01  2.24736616e-01  2.39696368e-01
  2.63844151e-01  2.76985977e-01  3.77366474e-01  4.06712809e-01
  4.51633980e-01  4.80291244e-01  4.83902462e-01  5.00043096e-01
  5.23273721e-01  5.34166876e-01  5.35063998e-01  5.45982253e-01
  5.52404979e-01  5.56519291e-01  5.57316459e-01  5.83863198e-01
  5.87005297e-01  5.92522041e-01  6.11163935e-01  6.45223242e-01
  6.60324335e-01  7.15246950e-01  7.24238204e-01  7.73305354e-01
  7.79691493e-01  7.83966049e-01  8.04637562e-01  8.10528311e-01
  8.67602339e-01  8.71999324e-01  9.03373061e-01  9.11304885e-01
  9.22283260e-01  9.62765175e-01  9.78397398e-01  1.01864381e+00
  1.02829147e+00  1.02960481e+00  1.03885121e+00  1.05243366e+00
  1.06075994e+00  1.11462843e+00  1.14359729e+00  1.14876487e+00
  1.18596924e+00  1.31115498e+00  1.32524332e+00  1.34042015e+00
  1.40062113e+00  1.40787847e+00  1.41388579e+00  1.42671489e+00
  1.44476385e+00  1.45656586e+00  1.64339454e+00  1.68335225e+00
  1.72166638e+00  1.77938616e+00  1.78664473e+00  1.86727959e+00
  1.87856058e+00  1.90333864e+00  2.00128776e+00  2.07753462e+00
  2.10160455e+00  2.10765936e+00  2.11232767e+00  2.13372917e+00
  2.21776130e+00  2.24077396e+00  2.24941345e+00  2.26390689e+00
  2.29954559e+00  2.33198581e+00  2.50848761e+00  2.51221067e+00
  2.61552483e+00  2.62965535e+00  2.67017620e+00  2.67550448e+00
  2.71636525e+00  2.72027082e+00  2.96994984e+00  3.35195827e+00]
nelec by numeric integration = 68.00003555317159
    CPU time for vxc      5.95 sec, wall time      0.21 sec
E1 = -1774.6492932133535  Ecoul = 718.214185515772  Exc = -70.45366866645742
cycle= 11 E= -748.084474279393  delta_E= -4.69e-09  |g|= 3.66e-05  |ddm|= 0.000249
    CPU time for cycle= 11      6.46 sec, wall time      0.23 sec
  HOMO = -0.177532280886697  LUMO = -0.0888073215602572
  mo_energy =
[-1.01366426e+02 -1.44268322e+01 -1.02830161e+01 -1.02825950e+01
 -1.02593699e+01 -1.02508514e+01 -1.02507528e+01 -1.02346626e+01
 -9.29597610e+00 -7.05539192e+00 -7.05168703e+00 -7.05167046e+00
 -1.02343281e+00 -8.66896865e-01 -8.28342462e-01 -7.23347805e-01
 -6.98834455e-01 -6.82969182e-01 -6.35459055e-01 -5.84591974e-01
 -5.46514949e-01 -5.27951938e-01 -4.93805009e-01 -4.78422143e-01
 -4.68739091e-01 -4.35012106e-01 -4.30387703e-01 -4.26668336e-01
 -3.79670646e-01 -3.47763238e-01 -3.23004917e-01 -1.89188107e-01
 -1.77763199e-01 -1.77532281e-01 -8.88073216e-02 -6.84018671e-02
  1.44094922e-02  6.52537096e-02  8.48809320e-02  9.09202379e-02
  9.77422342e-02  1.17078303e-01  1.32371888e-01  1.43994633e-01
  1.78011326e-01  1.79621979e-01  2.24738315e-01  2.39697585e-01
  2.63844657e-01  2.76987522e-01  3.77367514e-01  4.06713800e-01
  4.51634630e-01  4.80292828e-01  4.83900716e-01  5.00044013e-01
  5.23274927e-01  5.34168067e-01  5.35065427e-01  5.45981981e-01
  5.52406920e-01  5.56519037e-01  5.57317157e-01  5.83864091e-01
  5.87005673e-01  5.92522627e-01  6.11165195e-01  6.45223167e-01
  6.60324547e-01  7.15247325e-01  7.24238530e-01  7.73304029e-01
  7.79694211e-01  7.83967679e-01  8.04638199e-01  8.10530427e-01
  8.67603434e-01  8.72000621e-01  9.03374433e-01  9.11305605e-01
  9.22283843e-01  9.62766796e-01  9.78397988e-01  1.01864353e+00
  1.02828838e+00  1.02960195e+00  1.03884834e+00  1.05243385e+00
  1.06075890e+00  1.11462902e+00  1.14359801e+00  1.14876595e+00
  1.18597115e+00  1.31115671e+00  1.32524214e+00  1.34042158e+00
  1.40062197e+00  1.40787981e+00  1.41388807e+00  1.42671720e+00
  1.44476540e+00  1.45656752e+00  1.64339624e+00  1.68335391e+00
  1.72166799e+00  1.77938726e+00  1.78664634e+00  1.86728112e+00
  1.87856250e+00  1.90333999e+00  2.00128971e+00  2.07753612e+00
  2.10160617e+00  2.10766123e+00  2.11232979e+00  2.13373133e+00
  2.21776242e+00  2.24077526e+00  2.24941417e+00  2.26390910e+00
  2.29954756e+00  2.33198712e+00  2.50848866e+00  2.51221317e+00
  2.61552673e+00  2.62965728e+00  2.67017849e+00  2.67550633e+00
  2.71636782e+00  2.72027252e+00  2.96995210e+00  3.35196037e+00]
nelec by numeric integration = 68.00003555361135
    CPU time for vxc      5.96 sec, wall time      0.21 sec
E1 = -1774.6492649111487  Ecoul = 718.2141562929575  Exc = -70.45366774619214
cycle= 12 E= -748.084474279738  delta_E= -3.44e-10  |g|= 1.49e-05  |ddm|= 5.2e-05
    CPU time for cycle= 12      6.49 sec, wall time      0.23 sec
  HOMO = -0.177532191320326  LUMO = -0.0888062489647993
  mo_energy =
[-1.01366419e+02 -1.44268361e+01 -1.02830047e+01 -1.02825985e+01
 -1.02593699e+01 -1.02508547e+01 -1.02507443e+01 -1.02346577e+01
 -9.29597212e+00 -7.05538782e+00 -7.05168277e+00 -7.05166619e+00
 -1.02343233e+00 -8.66895415e-01 -8.28340336e-01 -7.23346233e-01
 -6.98833112e-01 -6.82967190e-01 -6.35458468e-01 -5.84590201e-01
 -5.46513311e-01 -5.27949906e-01 -4.93802785e-01 -4.78421240e-01
 -4.68737974e-01 -4.35010343e-01 -4.30386130e-01 -4.26666601e-01
 -3.79669687e-01 -3.47762295e-01 -3.23002710e-01 -1.89187840e-01
 -1.77763105e-01 -1.77532191e-01 -8.88062490e-02 -6.83998591e-02
  1.44107012e-02  6.52549661e-02  8.48825434e-02  9.09219042e-02
  9.77430466e-02  1.17079363e-01  1.32373284e-01  1.43995337e-01
  1.78011853e-01  1.79623151e-01  2.24739326e-01  2.39699066e-01
  2.63846906e-01  2.76988769e-01  3.77368720e-01  4.06715487e-01
  4.51636646e-01  4.80293996e-01  4.83900305e-01  5.00045344e-01
  5.23276710e-01  5.34169503e-01  5.35066492e-01  5.45984635e-01
  5.52408167e-01  5.56519543e-01  5.57317788e-01  5.83865120e-01
  5.87006961e-01  5.92523392e-01  6.11166548e-01  6.45223688e-01
  6.60326633e-01  7.15248482e-01  7.24239504e-01  7.73307738e-01
  7.79693795e-01  7.83968950e-01  8.04640063e-01  8.10530246e-01
  8.67605087e-01  8.72002149e-01  9.03375636e-01  9.11306712e-01
  9.22285177e-01  9.62767607e-01  9.78399616e-01  1.01864506e+00
  1.02828889e+00  1.02960251e+00  1.03884874e+00  1.05243496e+00
  1.06075975e+00  1.11463081e+00  1.14359980e+00  1.14876683e+00
  1.18597278e+00  1.31115847e+00  1.32524270e+00  1.34042256e+00
  1.40062341e+00  1.40788180e+00  1.41388933e+00  1.42671866e+00
  1.44476757e+00  1.45656813e+00  1.64339716e+00  1.68335523e+00
  1.72166993e+00  1.77938920e+00  1.78664787e+00  1.86728295e+00
  1.87856396e+00  1.90334223e+00  2.00129170e+00  2.07753816e+00
  2.10160812e+00  2.10766305e+00  2.11233123e+00  2.13373275e+00
  2.21776418e+00  2.24077755e+00  2.24941616e+00  2.26391035e+00
  2.29954897e+00  2.33198895e+00  2.50849099e+00  2.51221416e+00
  2.61552845e+00  2.62965879e+00  2.67017984e+00  2.67550836e+00
  2.71636889e+00  2.72027434e+00  2.96995347e+00  3.35196205e+00]
nelec by numeric integration = 68.00003555341894
    CPU time for vxc      5.98 sec, wall time      0.21 sec
E1 = -1774.6492061815497  Ecoul = 718.2140931408461  Exc = -70.4536633235455
Extra cycle  E= -748.084474279603  delta_E= 1.34e-10  |g|= 2.67e-05  |ddm|= 3.86e-05
    CPU time for scf_cycle    102.53 sec, wall time      3.76 sec
    CPU time for SCF    102.54 sec, wall time      3.76 sec
converged SCF energy = -748.084474279603
Converting <class 'pyscf.dft.rks.RKS'> to RHF


******** <class 'pyscf.tdscf.rks.TDA'> for <class 'pyscf.dft.rks.RKS'> ********
nstates = 5 singlet
wfnsym = None
conv_tol = 1e-09
eigh lindep = 1e-12
eigh level_shift = 0
eigh max_space = 8
eigh max_cycle = 2000
chkfile = /scratch/global/yangjunjie/tmpz63dbr5x
max_memory 127949 MB (current use 612 MB)


davidson 0 5  |r|= 0.0244  e= [0.06982287 0.07135291 0.07750989 0.09076889 0.09088842]  max|de|= 0.0909  lindep=    1
davidson 1 10  |r|= 0.00658  e= [0.06975553 0.07055848 0.07689882 0.09068367 0.09087524]  max|de|= -0.000794  lindep= 0.83
davidson 2 15  |r|= 0.00248  e= [0.06975546 0.0705087  0.07686472 0.09067792 0.09087497]  max|de|= -4.98e-05  lindep= 0.749
davidson 3 20  |r|= 0.000571  e= [0.06975545 0.07050111 0.07686435 0.09067742 0.09087497]  max|de|= -7.59e-06  lindep= 0.574
root 0 converged  |r|= 9.43e-06  e= 0.0697554541994297  max|de|= -9.71e-17
root 4 converged  |r|= 1.48e-05  e= 0.09087496536894209  max|de|= -9.71e-17
davidson 4 5  |r|= 0.000571  e= [0.06975545 0.07050111 0.07686435 0.09067742 0.09087497]  max|de|= -1.39e-16  lindep=    1
davidson 5 8  |r|= 0.000141  e= [0.06975545 0.07050082 0.07686434 0.09067738 0.09087497]  max|de|= -2.88e-07  lindep= 0.747
root 2 converged  |r|= 3.02e-06  e= 0.076864340594919  max|de|= -2.46e-10
davidson 6 11  |r|= 4.97e-05  e= [0.06975545 0.07050079 0.07686434 0.09067738 0.09087497]  max|de|= -2.43e-08  lindep= 0.844
root 3 converged  |r|= 4.67e-06  e= 0.09067737767446585  max|de|= -4.43e-10
davidson 7 13  |r|= 1.45e-05  e= [0.06975545 0.07050079 0.07686434 0.09067738 0.09087497]  max|de|= -2.68e-09  lindep= 0.848
root 1 converged  |r|= 3.66e-06  e= 0.07050079010582463  max|de|= -1.93e-10
converged 8 14  |r|= 1.45e-05  e= [0.06975545 0.07050079 0.07686434 0.09067738 0.09087497]  max|de|= -1.93e-10
    CPU time for TDA    106.09 sec, wall time      3.97 sec
Excited State energies (eV)
[1.89814259 1.91842421 2.09158524 2.46745713 2.47283375]
