 
:: initializing oneAPI environment ...
   slurm_script: BASH_VERSION = 4.2.46(1)-release
   args: Using "$@" for setvars.sh arguments: --force
:: advisor -- latest
:: ccl -- latest
:: clck -- latest
:: compiler -- latest
:: dal -- latest
:: debugger -- latest
:: dev-utilities -- latest
:: dnnl -- latest
:: dpcpp-ct -- latest
:: dpl -- latest
:: inspector -- latest
:: intelpython -- latest
:: ipp -- latest
:: ippcp -- latest
:: ipp -- latest
:: itac -- latest
:: mkl -- latest
:: mpi -- latest
:: tbb -- latest
:: vpl -- latest
:: vtune -- latest
:: oneAPI environment initialized ::
 
SLURM_CPUS_PER_TASK = 28
SLURM_MEM_PER_NODE = 127949
#INFO: **** input file is /home/yangjunjie/work/py-ch3-cl/work/step_-5/main.py ****
import sys
import pyscf
from pyscf import tdscf

def main(xyz_file, basis="631g*", xc="b3lyp", output="ene.out"):
    xyz = None

    with open(xyz_file, "r") as xyz:
        xyz = xyz.readlines()[2:]
        xyz = "".join(xyz)

    mol = pyscf.gto.Mole()
    mol.atom = xyz
    mol.basis = basis
    mol.verbose = 5
    mol.build()

    if xc is not None and xc != "hf":
        mf = pyscf.scf.RKS(mol)
        mf.xc = xc
        mf.grids.level = 9
        mf.kernel()
    else:
        mf = pyscf.scf.RHF(mol)
        mf.kernel()

    ene_mf = mf.e_tot

    with open(output, "w") as f:
        tda = pyscf.tdscf.TDA(mf)
        tda.nstates = 5
        tda.max_space = 8
        tda.max_cycle = 2000
        tda.kernel()

        con_tda = tda.converged
        ene_tda = tda.e[:5]
        dip_tda = tda.transition_dipole()[:5]

        f.write(f"RKS energy: {ene_mf: 12.8f}\n")
        f.write("TDA results:\n")
        for i, (con, ene, dip) in enumerate(zip(con_tda, ene_tda, dip_tda)):
            f.write(f" {i:2d} {con} {ene: 12.8f} {dip[0]: 12.8f} {dip[1]: 12.8f} {dip[2]: 12.8f}\n")

        # rpa = pyscf.tdscf.RPA(mf)
        # rpa.nstates = 5
        # rpa.max_space = 8
        # rpa.max_cycle = 2000
        # rpa.kernel()

        # con_rpa = rpa.converged
        # ene_rpa = rpa.e[:5]
        # dip_rpa = rpa.transition_dipole()[:5]
        
        # f.write("\nRPA results:\n")
        # for i, (con, ene, dip) in enumerate(zip(con_rpa, ene_rpa, dip_rpa)):
        #     f.write(f" {i:2d} {con} {ene: 12.8f} {dip[0]: 12.8f} {dip[1]: 12.8f} {dip[2]: 12.8f}\n")

if __name__ == "__main__":
    xyz = sys.argv[1]
    main(xyz, basis="6311g**", xc="b3lyp", output="out.log")
#INFO: ******************** input file end ********************


System: uname_result(system='Linux', node='pauling039', release='3.10.0-327.36.3.el7.x86_64', version='#1 SMP Thu Oct 20 04:56:07 EDT 2016', machine='x86_64')  Threads 28
Python 3.9.7 (default, Oct 27 2021, 01:23:21) 
[GCC 9.3.0]
numpy 1.21.2  scipy 1.6.2
Date: Wed Sep 28 09:51:38 2022
PySCF version 2.0.1
PySCF path  /home/yangjunjie/packages/pyscf/pyscf-main
GIT ORIG_HEAD 14b880cdc4bf7bb64f3989a147c0b04622efc498
GIT HEAD (branch master) 9d5b5bd309d1cc55fbd1a0ec76e26b5b0c7f76af

[ENV] PYSCF_MAX_MEMORY 127949
[ENV] PYSCF_TMPDIR /scratch/global/yangjunjie/
[CONFIG] conf_file /home/yangjunjie/.pyscf_conf.py
[INPUT] verbose = 5
[INPUT] max_memory = 127949 
[INPUT] num. atoms = 16
[INPUT] num. electrons = 68
[INPUT] charge = 0
[INPUT] spin (= nelec alpha-beta = 2S) = 0
[INPUT] symmetry False subgroup None
[INPUT] Mole.unit = angstrom
[INPUT]  1 C      0.000000010000   1.163217110000   1.058186040000 AA    0.000000018897   2.198161761308   1.999681804438 Bohr
[INPUT]  2 C      0.000000000000   1.199787430000   2.440515440000 AA    0.000000000000   2.267269650396   4.611905784372 Bohr
[INPUT]  3 C     -0.000000010000  -0.012511260000   3.127666500000 AA   -0.000000018897  -0.023642854873   5.910433093977 Bohr
[INPUT]  4 C     -0.000000010000  -1.211966680000   2.417234570000 AA   -0.000000018897  -2.290285097298   4.567911316131 Bohr
[INPUT]  5 C      0.000000000000  -1.148800140000   1.036214530000 AA    0.000000000000  -2.170917636462   1.958161667995 Bohr
[INPUT]  6 N      0.000000010000   0.013843830000   0.397031960000 AA    0.000000018897   0.026161047215   0.750281667099 Bohr
[INPUT]  7 C     -0.000000010000   0.003009070000  -1.864657700000 AA   -0.000000018897   0.005686318190  -3.523692369061 Bohr
[INPUT]  8 H      0.000000020000   2.066733680000   0.448787220000 AA    0.000000037795   3.905560627614   0.848084934005 Bohr
[INPUT]  9 H      0.000000000000   2.150318690000   2.956381610000 AA    0.000000000000   4.063513404634   5.586751562601 Bohr
[INPUT] 10 H     -0.000000010000  -0.022589360000   4.208203700000 AA   -0.000000018897  -0.042687703729   7.952352469381 Bohr
[INPUT] 11 H     -0.000000020000  -2.171937690000   2.915624610000 AA   -0.000000037795  -4.104367393720   5.509731994942 Bohr
[INPUT] 12 H      0.000000000000  -2.039964450000   0.408231320000 AA    0.000000000000  -3.854974114349   0.771445390270 Bohr
[INPUT] 13 H     -0.000000030000   1.067094350000  -1.650050610000 AA   -0.000000056692   2.016516070571  -3.118143744572 Bohr
[INPUT] 14 H     -0.921635320000  -0.525434190000  -1.639231230000 AA   -1.741638341526  -0.992926715583  -3.097698079534 Bohr
[INPUT] 15 H      0.921635360000  -0.525434150000  -1.639231230000 AA    1.741638417115  -0.992926639994  -3.097698079534 Bohr
[INPUT] 16 Cl    -0.000000010000   0.002896350000  -3.847161230000 AA   -0.000000018897   0.005473308261  -7.270081081745 Bohr
[INPUT] ---------------- BASIS SET ---------------- 
[INPUT] l, kappa, [nprim/nctr], expnt,             c_1 c_2 ...
[INPUT] N
[INPUT] 0    0    [6    /1   ]  6293.48           0.00196979
                                949.044           0.0149613
                                218.776           0.0735006
                                63.6916           0.248937
                                18.8282           0.60246
                                2.72023           0.256202
[INPUT] 0    0    [3    /1   ]  30.6331           0.111906
                                7.02614           0.921666
                                2.11205           -0.00256919
[INPUT] 0    0    [1    /1   ]  0.684009             1
[INPUT] 0    0    [1    /1   ]  0.200878             1
[INPUT] 1    0    [3    /1   ]  30.6331           0.0383119
                                7.02614           0.237403
                                2.11205           0.817592
[INPUT] 1    0    [1    /1   ]  0.684009             1
[INPUT] 1    0    [1    /1   ]  0.200878             1
[INPUT] 2    0    [1    /1   ]  0.913                1
[INPUT] C
[INPUT] 0    0    [6    /1   ]  4563.24           0.00196665
                                682.024           0.0152306
                                154.973           0.0761269
                                44.4553           0.260801
                                13.029            0.616462
                                1.82773           0.221006
[INPUT] 0    0    [3    /1   ]  20.9642           0.11466
                                4.80331           0.919999
                                1.45933           -0.00303068
[INPUT] 0    0    [1    /1   ]  0.483456             1
[INPUT] 0    0    [1    /1   ]  0.145585             1
[INPUT] 1    0    [3    /1   ]  20.9642           0.0402487
                                4.80331           0.237594
                                1.45933           0.815854
[INPUT] 1    0    [1    /1   ]  0.483456             1
[INPUT] 1    0    [1    /1   ]  0.145585             1
[INPUT] 2    0    [1    /1   ]  0.626                1
[INPUT] Cl
[INPUT] 0    0    [6    /1   ]  105819            0.000738
                                15872             0.005718
                                3619.65           0.029495
                                1030.8            0.117286
                                339.908           0.362949
                                124.538           0.584149
[INPUT] 0    0    [3    /1   ]  124.538           0.134177
                                49.5135           0.62425
                                20.8056           0.291756
[INPUT] 0    0    [1    /1   ]  6.58346              1
[INPUT] 0    0    [1    /1   ]  2.56468              1
[INPUT] 0    0    [1    /1   ]  0.559763             1
[INPUT] 0    0    [1    /1   ]  0.183273             1
[INPUT] 1    0    [5    /1   ]  589.776           0.002391
                                139.849           0.018504
                                45.1413           0.081377
                                16.8733           0.221552
                                6.7411            0.772569
[INPUT] 1    0    [2    /1   ]  6.7411            -1.572244
                                2.77152           0.992389
[INPUT] 1    0    [1    /1   ]  1.02387              1
[INPUT] 1    0    [1    /1   ]  0.381368             1
[INPUT] 1    0    [1    /1   ]  0.109437             1
[INPUT] 2    0    [1    /1   ]  0.75                 1
[INPUT] H
[INPUT] 0    0    [3    /1   ]  33.865            0.0254938
                                5.09479           0.190373
                                1.15879           0.852161
[INPUT] 0    0    [1    /1   ]  0.32584              1
[INPUT] 0    0    [1    /1   ]  0.102741             1
[INPUT] 1    0    [1    /1   ]  0.75                 1

nuclear repulsion = 380.76985925852
number of shells = 100
number of NR pGTOs = 329
number of NR cGTOs = 200
basis = 6311g**
ecp = {}
CPU time:         0.36


******** <class 'pyscf.dft.rks.RKS'> ********
method = RKS
initial guess = minao
damping factor = 0
level_shift factor = 0
DIIS = <class 'pyscf.scf.diis.CDIIS'>
diis_start_cycle = 1
diis_space = 8
SCF conv_tol = 1e-09
SCF conv_tol_grad = None
SCF max_cycles = 50
direct_scf = True
direct_scf_tol = 1e-13
chkfile to save SCF result = /scratch/global/yangjunjie/tmps3l5womo
max_memory 127949 MB (current use 82 MB)
XC library pyscf.dft.libxc version 5.2.0
    S. Lehtola, C. Steigemann, M. J. Oliveira, and M. A. Marques, SoftwareX 7, 1 (2018)
XC functionals = b3lyp
    P. A. M. Dirac, Math. Proc. Cambridge Philos. Soc. 26, 376 (1930)
    F. Bloch, Z. Phys. 57, 545 (1929)
    A. D. Becke, Phys. Rev. A 38, 3098 (1988)
    C. Lee, W. Yang, and R. G. Parr, Phys. Rev. B 37, 785 (1988)
    B. Miehlich, A. Savin, H. Stoll, and H. Preuss, Chem. Phys. Lett. 157, 200 (1989)
    S. H. Vosko, L. Wilk, and M. Nusair, Can. J. Phys. 58, 1200 (1980)
radial grids: 
    Treutler-Ahlrichs [JCP 102, 346 (1995); DOI:10.1063/1.469408] (M4) radial grids
    
becke partition: Becke, JCP 88, 2547 (1988); DOI:10.1063/1.454033
pruning grids: <function nwchem_prune at 0x7f29a0f5be50>
grids dens level: 9
symmetrized grids: False
atomic radii adjust function: <function treutler_atomic_radii_adjust at 0x7f29a0f5bdc0>
small_rho_cutoff = 1e-07
Set gradient conv threshold to 3.16228e-05
atom C rad-grids = 200, ang-grids = [  50   50   50   50   50   50   50   50   50   50   50   50   50   50
   50   50   50   50   50   50   50   50   50   50   50   50   50   50
   50   50   50   50   50   50   50   50   50   50   50   50   50   50
   50   50   50   50   50   50   50   50   50   50   50   50   50   50
   50   50   50   50   50   50   86   86   86   86   86   86   86   86
   86   86   86   86   86   86   86   86   86   86   86   86   86   86
   86   86   86   86 1202 1202 1202 1202 1202 1202 1202 1202 1202 1202
 1202 1202 1202 1202 1202 1202 1202 1202 1454 1454 1454 1454 1454 1454
 1454 1454 1454 1454 1454 1454 1454 1454 1454 1454 1454 1454 1454 1454
 1454 1454 1454 1454 1454 1454 1454 1454 1454 1454 1454 1454 1454 1454
 1454 1454 1454 1454 1454 1454 1454 1454 1454 1454 1454 1454 1454 1454
 1454 1454 1454 1454 1202 1202 1202 1202 1202 1202 1202 1202 1202 1202
 1202 1202 1202 1202 1202 1202 1202 1202 1202 1202 1202 1202 1202 1202
 1202 1202 1202 1202 1202 1202 1202 1202 1202 1202 1202 1202 1202 1202
 1202 1202 1202 1202]
atom N rad-grids = 200, ang-grids = [  50   50   50   50   50   50   50   50   50   50   50   50   50   50
   50   50   50   50   50   50   50   50   50   50   50   50   50   50
   50   50   50   50   50   50   50   50   50   50   50   50   50   50
   50   50   50   50   50   50   50   50   50   50   50   50   50   50
   50   50   50   50   50   86   86   86   86   86   86   86   86   86
   86   86   86   86   86   86   86   86   86   86   86   86   86   86
   86   86 1202 1202 1202 1202 1202 1202 1202 1202 1202 1202 1202 1202
 1202 1202 1202 1202 1202 1454 1454 1454 1454 1454 1454 1454 1454 1454
 1454 1454 1454 1454 1454 1454 1454 1454 1454 1454 1454 1454 1454 1454
 1454 1454 1454 1454 1454 1454 1454 1454 1454 1454 1454 1454 1454 1454
 1454 1454 1454 1454 1454 1454 1454 1454 1454 1454 1454 1454 1454 1454
 1454 1202 1202 1202 1202 1202 1202 1202 1202 1202 1202 1202 1202 1202
 1202 1202 1202 1202 1202 1202 1202 1202 1202 1202 1202 1202 1202 1202
 1202 1202 1202 1202 1202 1202 1202 1202 1202 1202 1202 1202 1202 1202
 1202 1202 1202 1202]
atom H rad-grids = 200, ang-grids = [  50   50   50   50   50   50   50   50   50   50   50   50   50   50
   50   50   50   50   50   50   50   50   50   50   50   50   50   50
   50   50   50   50   50   50   50   50   50   50   50   50   50   50
   50   50   50   50   50   50   50   50   50   50   50   50   50   50
   50   86   86   86   86   86   86   86   86   86   86   86   86   86
   86 1202 1202 1202 1202 1202 1202 1202 1202 1202 1202 1202 1202 1202
 1202 1202 1202 1202 1454 1454 1454 1454 1454 1454 1454 1454 1454 1454
 1454 1454 1454 1454 1454 1454 1454 1454 1454 1454 1454 1454 1454 1454
 1454 1454 1454 1454 1454 1454 1454 1454 1454 1454 1454 1454 1454 1454
 1454 1454 1454 1454 1454 1454 1454 1454 1454 1454 1454 1454 1454 1454
 1202 1202 1202 1202 1202 1202 1202 1202 1202 1202 1202 1202 1202 1202
 1202 1202 1202 1202 1202 1202 1202 1202 1202 1202 1202 1202 1202 1202
 1202 1202 1202 1202 1202 1202 1202 1202 1202 1202 1202 1202 1202 1202
 1202 1202 1202 1202 1202 1202 1202 1202 1202 1202 1202 1202 1202 1202
 1202 1202 1202 1202]
atom Cl rad-grids = 200, ang-grids = [  50   50   50   50   50   50   50   50   50   50   50   50   50   50
   50   50   50   50   50   50   50   50   50   50   50   50   50   50
   50   50   50   50   50   50   50   50   50   50   50   50   50   50
   50   50   50   50   50   50   50   50   50   50   50   50   50   50
   50   50   50   86   86   86   86   86   86   86   86   86   86   86
   86   86   86   86   86   86   86   86   86   86   86   86   86   86
   86   86   86   86   86   86   86   86 1202 1202 1202 1202 1202 1202
 1202 1202 1202 1202 1202 1202 1202 1202 1202 1202 1202 1202 1202 1202
 1202 1202 1454 1454 1454 1454 1454 1454 1454 1454 1454 1454 1454 1454
 1454 1454 1454 1454 1454 1454 1454 1454 1454 1454 1454 1454 1454 1454
 1454 1454 1454 1454 1454 1454 1454 1454 1454 1454 1454 1454 1454 1454
 1454 1454 1454 1454 1454 1202 1202 1202 1202 1202 1202 1202 1202 1202
 1202 1202 1202 1202 1202 1202 1202 1202 1202 1202 1202 1202 1202 1202
 1202 1202 1202 1202 1202 1202 1202 1202 1202 1202 1202 1202 1202 1202
 1202 1202 1202 1202]
tot grids = 2598388
Drop grids 445716
    CPU time for setting up grids     44.69 sec, wall time      1.92 sec
nelec by numeric integration = 67.9924579732354
    CPU time for vxc     93.95 sec, wall time      3.39 sec
E1 = -1775.4188012928792  Ecoul = 716.0932300521157  Exc = -70.51698623997218
init E= -749.072698222215
cond(S) = 13497.106615909714
    CPU time for initialize scf    153.31 sec, wall time      5.91 sec
  HOMO = -0.293718857251926  LUMO = -0.102246026478199
  mo_energy =
[-1.01495641e+02 -1.43946818e+01 -1.02823716e+01 -1.02818013e+01
 -1.02802974e+01 -1.02774668e+01 -1.02773498e+01 -1.02740405e+01
 -9.51391972e+00 -7.26775171e+00 -7.26712991e+00 -7.26712824e+00
 -1.10564344e+00 -9.36760213e-01 -8.96204922e-01 -8.90358079e-01
 -7.61847078e-01 -7.13550267e-01 -7.04869581e-01 -5.79172549e-01
 -5.34248651e-01 -5.10724872e-01 -4.75055554e-01 -4.73434835e-01
 -4.60879286e-01 -4.51872582e-01 -4.37074344e-01 -4.10593976e-01
 -3.98644985e-01 -3.46503727e-01 -3.45024584e-01 -3.25368593e-01
 -2.98635329e-01 -2.93718857e-01 -1.02246026e-01 -8.28448592e-02
 -6.28470514e-02  1.49525958e-02  3.24371968e-02  4.85704480e-02
  6.27240510e-02  7.25650839e-02  7.72993741e-02  9.14378515e-02
  1.05726393e-01  1.34241923e-01  1.79984313e-01  2.11379640e-01
  2.25810053e-01  2.30665766e-01  2.34779871e-01  2.53097292e-01
  2.63694725e-01  2.69359786e-01  2.79780793e-01  2.81105073e-01
  3.34323704e-01  3.38167997e-01  3.50240060e-01  3.51553478e-01
  3.68487532e-01  3.92014478e-01  4.03442605e-01  4.05442038e-01
  4.30839713e-01  4.40192578e-01  4.63511280e-01  4.80865134e-01
  4.94271619e-01  5.15344547e-01  5.23297193e-01  5.36446070e-01
  5.50295679e-01  5.51036618e-01  5.86376557e-01  5.90344175e-01
  6.00883528e-01  6.41815543e-01  6.72181514e-01  6.88593236e-01
  6.90131121e-01  7.00311324e-01  7.32104442e-01  7.42961256e-01
  7.66673132e-01  8.02441045e-01  8.06450264e-01  8.12242155e-01
  8.16216037e-01  8.22303928e-01  8.52137390e-01  9.02895938e-01
  9.03455056e-01  9.26191321e-01  9.68749007e-01  9.70218623e-01
  1.01953988e+00  1.02563150e+00  1.05972849e+00  1.08231122e+00
  1.08644222e+00  1.13032513e+00  1.14605060e+00  1.23603048e+00
  1.27417433e+00  1.31366959e+00  1.36649882e+00  1.38952791e+00
  1.39472618e+00  1.42708733e+00  1.43417608e+00  1.44065209e+00
  1.48171728e+00  1.49595764e+00  1.53553980e+00  1.53727475e+00
  1.55547262e+00  1.60562722e+00  1.64740308e+00  1.66015996e+00
  1.66276757e+00  1.70064472e+00  1.72515864e+00  1.72779366e+00
  1.73724202e+00  1.73742040e+00  1.78097970e+00  1.83434161e+00
  1.84246176e+00  1.84749238e+00  1.87362913e+00  1.89138395e+00
  1.97129005e+00  1.98907070e+00  1.99979583e+00  2.03341010e+00
  2.04228197e+00  2.08873456e+00  2.11400877e+00  2.11965291e+00
  2.12714220e+00  2.13027786e+00  2.20528644e+00  2.24505834e+00
  2.29649852e+00  2.31161793e+00  2.33084666e+00  2.36198557e+00
  2.39316036e+00  2.40274722e+00  2.42830497e+00  2.47772492e+00
  2.50184500e+00  2.50856745e+00  2.51927741e+00  2.52914307e+00
  2.54923088e+00  2.56996507e+00  2.59478300e+00  2.60212356e+00
  2.61784051e+00  2.65818195e+00  2.69294417e+00  2.69498253e+00
  2.70447077e+00  2.80200649e+00  2.86196527e+00  2.87608238e+00
  2.89156286e+00  2.90663898e+00  2.95760527e+00  2.96826413e+00
  3.09944687e+00  3.25275317e+00  3.33419006e+00  3.38011026e+00
  3.54500369e+00  3.56132490e+00  3.64041588e+00  3.66646499e+00
  3.73466856e+00  3.79284663e+00  3.91743225e+00  3.95624596e+00
  3.99059409e+00  4.32175037e+00  4.39584279e+00  5.17111841e+00
  9.45465224e+00  2.35428718e+01  2.38040616e+01  2.38289271e+01
  2.39453342e+01  2.40284146e+01  2.40680986e+01  2.53747223e+01
  2.53843759e+01  2.59311387e+01  3.55650242e+01  2.15508604e+02]
nelec by numeric integration = 68.00000005855976
    CPU time for vxc     81.68 sec, wall time      2.92 sec
E1 = -1782.6156683266595  Ecoul = 724.4440102629692  Exc = -70.77781900759267
cycle= 1 E= -748.179617812763  delta_E= 0.893  |g|= 0.395  |ddm|= 3.31
    CPU time for cycle= 1     83.41 sec, wall time      2.98 sec
  HOMO = -0.195379169111899  LUMO = -0.0224844960922772
  mo_energy =
[-1.01321635e+02 -1.42294160e+01 -1.02054341e+01 -1.02052831e+01
 -1.01903153e+01 -1.01404535e+01 -1.01052745e+01 -1.01050827e+01
 -9.25496394e+00 -7.01616439e+00 -7.00833144e+00 -7.00831862e+00
 -9.37962236e-01 -7.84365186e-01 -7.63087942e-01 -7.34658611e-01
 -6.29369902e-01 -6.28909027e-01 -6.18595620e-01 -5.35128215e-01
 -4.75193895e-01 -4.72100643e-01 -4.41811856e-01 -4.28672195e-01
 -4.20619975e-01 -3.99563937e-01 -3.94856584e-01 -3.64544214e-01
 -3.09574807e-01 -2.77343950e-01 -2.66869263e-01 -2.14709529e-01
 -1.95821523e-01 -1.95379169e-01 -2.24844961e-02 -1.56989670e-02
  2.78586218e-02  5.26998009e-02  5.82748057e-02  7.46410629e-02
  8.77617471e-02  8.96310544e-02  1.20849382e-01  1.21225416e-01
  1.44949659e-01  1.58165598e-01  2.31352703e-01  2.58552244e-01
  2.69943758e-01  2.78585357e-01  2.98428757e-01  3.04008028e-01
  3.12388988e-01  3.37560832e-01  3.43430657e-01  3.70087496e-01
  3.80724119e-01  3.84322577e-01  3.91251402e-01  4.04902554e-01
  4.14074722e-01  4.31695354e-01  4.39409580e-01  4.52988068e-01
  4.61563602e-01  5.04628797e-01  5.17017530e-01  5.20107463e-01
  5.38347595e-01  5.57940803e-01  5.81525344e-01  5.90608694e-01
  6.03265048e-01  6.07711076e-01  6.36159345e-01  6.43023278e-01
  6.57157507e-01  6.97274975e-01  7.28873091e-01  7.31134862e-01
  7.33556037e-01  7.64185169e-01  7.90987183e-01  8.25039399e-01
  8.44889082e-01  8.55044535e-01  9.01838487e-01  9.28554627e-01
  9.38859920e-01  9.77129427e-01  9.87124432e-01  9.99490234e-01
  1.00531763e+00  1.01631806e+00  1.02265001e+00  1.04041060e+00
  1.04915399e+00  1.07223298e+00  1.10547279e+00  1.16876770e+00
  1.18550741e+00  1.19053562e+00  1.20818894e+00  1.30716422e+00
  1.33204813e+00  1.36459890e+00  1.40949237e+00  1.44631235e+00
  1.45748240e+00  1.48507029e+00  1.49453422e+00  1.49801949e+00
  1.53388279e+00  1.55000971e+00  1.58612011e+00  1.58670116e+00
  1.59608610e+00  1.64212887e+00  1.68844800e+00  1.70639406e+00
  1.72412679e+00  1.75071186e+00  1.76392684e+00  1.76958232e+00
  1.77777648e+00  1.79169144e+00  1.84069009e+00  1.87762404e+00
  1.90445997e+00  1.91332736e+00  1.93976268e+00  1.96348418e+00
  2.04060604e+00  2.06565090e+00  2.06964286e+00  2.09706849e+00
  2.10466949e+00  2.15281825e+00  2.17917870e+00  2.18839940e+00
  2.26557938e+00  2.28953457e+00  2.28987170e+00  2.30327109e+00
  2.37009516e+00  2.39201682e+00  2.40110745e+00  2.43225184e+00
  2.44474834e+00  2.45845414e+00  2.51922787e+00  2.54994575e+00
  2.55204815e+00  2.57137339e+00  2.57748230e+00  2.59302458e+00
  2.60324427e+00  2.61272065e+00  2.62069138e+00  2.63203013e+00
  2.66307686e+00  2.72518228e+00  2.76622707e+00  2.77612810e+00
  2.78879921e+00  2.87353016e+00  2.93382762e+00  2.95844880e+00
  2.98045513e+00  2.99918042e+00  3.02727546e+00  3.06064923e+00
  3.21157474e+00  3.35502136e+00  3.43127440e+00  3.47746247e+00
  3.62216144e+00  3.64508834e+00  3.71335000e+00  3.73775331e+00
  3.80106572e+00  3.90403777e+00  3.99501153e+00  4.03206807e+00
  4.07277130e+00  4.42319299e+00  4.51165176e+00  5.27762847e+00
  9.69330870e+00  2.36624630e+01  2.38827315e+01  2.39306379e+01
  2.40418343e+01  2.41550634e+01  2.42101904e+01  2.56107301e+01
  2.56202759e+01  2.61528268e+01  3.57204993e+01  2.15678116e+02]
nelec by numeric integration = 68.0000000691551
    CPU time for vxc     82.04 sec, wall time      2.93 sec
E1 = -1774.8526040900247  Ecoul = 716.0839959183986  Exc = -70.17854669581133
cycle= 2 E= -748.177295608917  delta_E= 0.00232  |g|= 0.433  |ddm|= 0.867
    CPU time for cycle= 2     83.68 sec, wall time      2.99 sec
  HOMO = -0.255583079807406  LUMO = -0.0539256334737954
  mo_energy =
[-1.01496601e+02 -1.43353020e+01 -1.02164151e+01 -1.02161764e+01
 -1.02143731e+01 -1.02062633e+01 -1.02061699e+01 -1.01907488e+01
 -9.40077654e+00 -7.16518331e+00 -7.15698556e+00 -7.15696999e+00
 -9.76745728e-01 -8.31884103e-01 -7.92408628e-01 -7.75392827e-01
 -6.60787798e-01 -6.60392285e-01 -6.46506465e-01 -5.55044377e-01
 -5.09993889e-01 -4.94937828e-01 -4.61189632e-01 -4.37664897e-01
 -4.31570054e-01 -4.21336423e-01 -4.15463832e-01 -3.94242734e-01
 -3.49609877e-01 -3.16367489e-01 -2.92692351e-01 -2.59366083e-01
 -2.55992586e-01 -2.55583080e-01 -5.39256335e-02 -4.03572466e-02
  1.88807013e-02  4.12964621e-02  5.65039022e-02  5.98643269e-02
  8.50724326e-02  8.86944955e-02  1.10607940e-01  1.20460793e-01
  1.28276084e-01  1.58918361e-01  2.13948833e-01  2.40781366e-01
  2.54430325e-01  2.63196786e-01  2.85565364e-01  3.00199575e-01
  3.02311515e-01  3.10986627e-01  3.22137411e-01  3.41578341e-01
  3.63040928e-01  3.67546910e-01  3.68431695e-01  3.83681038e-01
  3.93918857e-01  4.16199029e-01  4.22689909e-01  4.34731301e-01
  4.47159983e-01  4.90346783e-01  5.02448711e-01  5.16096038e-01
  5.28558851e-01  5.35508678e-01  5.60419072e-01  5.76487643e-01
  5.84206168e-01  6.01326454e-01  6.23726476e-01  6.29392504e-01
  6.33738670e-01  6.82313386e-01  7.09902624e-01  7.11429661e-01
  7.13897715e-01  7.38505237e-01  7.66276593e-01  8.01620298e-01
  8.18746031e-01  8.28574325e-01  8.76296576e-01  8.99835889e-01
  9.06743033e-01  9.34225113e-01  9.36438101e-01  9.39393838e-01
  9.50857078e-01  9.75097057e-01  9.85780611e-01  1.00558557e+00
  1.03679381e+00  1.05173811e+00  1.08657384e+00  1.14637812e+00
  1.14783268e+00  1.17485584e+00  1.19112022e+00  1.27789893e+00
  1.31256675e+00  1.34057855e+00  1.41474285e+00  1.42441149e+00
  1.43287949e+00  1.47171940e+00  1.48580254e+00  1.49392308e+00
  1.51622622e+00  1.52255362e+00  1.56526781e+00  1.56903020e+00
  1.58581031e+00  1.63729872e+00  1.67782730e+00  1.69278817e+00
  1.70788895e+00  1.74208290e+00  1.75485064e+00  1.75631789e+00
  1.76486748e+00  1.77054537e+00  1.83037357e+00  1.86366441e+00
  1.87684769e+00  1.89220065e+00  1.91252560e+00  1.94013980e+00
  2.01907707e+00  2.03200546e+00  2.06228754e+00  2.07474833e+00
  2.09788019e+00  2.13497675e+00  2.15664972e+00  2.16638804e+00
  2.22065994e+00  2.22095022e+00  2.24309551e+00  2.28623817e+00
  2.34689553e+00  2.37073623e+00  2.37433550e+00  2.41083105e+00
  2.44809327e+00  2.45448152e+00  2.49409847e+00  2.52884332e+00
  2.54781382e+00  2.56445842e+00  2.56850912e+00  2.57432452e+00
  2.57906184e+00  2.59546025e+00  2.61176786e+00  2.62887650e+00
  2.64558948e+00  2.70096685e+00  2.73642650e+00  2.74163958e+00
  2.74725774e+00  2.84540750e+00  2.90989783e+00  2.93068849e+00
  2.94823454e+00  2.95136929e+00  3.01591085e+00  3.04323328e+00
  3.16105717e+00  3.31272248e+00  3.39047956e+00  3.43210648e+00
  3.60018110e+00  3.61461490e+00  3.71508539e+00  3.73768746e+00
  3.78087590e+00  3.84342921e+00  3.96199289e+00  3.99866791e+00
  4.03828631e+00  4.37559390e+00  4.45700192e+00  5.22728520e+00
  9.56729002e+00  2.36030459e+01  2.38815484e+01  2.38890729e+01
  2.40014697e+01  2.40897020e+01  2.41315611e+01  2.54930446e+01
  2.55026077e+01  2.60344527e+01  3.56190070e+01  2.15508194e+02]
nelec by numeric integration = 68.00000006500768
    CPU time for vxc     81.99 sec, wall time      2.93 sec
E1 = -1778.6486874916116  Ecoul = 720.1258753238881  Exc = -70.47000080939509
cycle= 3 E= -748.222953718598  delta_E= -0.0457  |g|= 0.0671  |ddm|= 0.414
    CPU time for cycle= 3     83.58 sec, wall time      2.99 sec
  HOMO = -0.261871284816433  LUMO = -0.0549907673615882
  mo_energy =
[-1.01495159e+02 -1.43321710e+01 -1.02358223e+01 -1.02357706e+01
 -1.02238585e+01 -1.02133695e+01 -1.02056340e+01 -1.02055417e+01
 -9.40523474e+00 -7.16908594e+00 -7.16098283e+00 -7.16096739e+00
 -9.79761042e-01 -8.30750083e-01 -7.96443279e-01 -7.84070690e-01
 -6.69456423e-01 -6.62845635e-01 -6.51994347e-01 -5.57124078e-01
 -5.12891013e-01 -4.96213536e-01 -4.64487611e-01 -4.44873492e-01
 -4.33407568e-01 -4.31790225e-01 -4.22856920e-01 -3.95794839e-01
 -3.58045181e-01 -3.15831927e-01 -2.95816632e-01 -2.65210063e-01
 -2.62288137e-01 -2.61871285e-01 -5.49907674e-02 -4.30618150e-02
  1.37783502e-02  3.83260136e-02  5.40234923e-02  5.61123859e-02
  8.47924498e-02  8.72014287e-02  1.08210281e-01  1.18876962e-01
  1.23358366e-01  1.54904083e-01  2.12256040e-01  2.40962211e-01
  2.54610430e-01  2.62330725e-01  2.83551803e-01  2.93823498e-01
  2.97651820e-01  3.06445826e-01  3.18580692e-01  3.37674459e-01
  3.60873658e-01  3.65877245e-01  3.67720587e-01  3.82314582e-01
  3.95063981e-01  4.15013386e-01  4.20987947e-01  4.33182605e-01
  4.45652711e-01  4.84169758e-01  4.99907047e-01  5.09139441e-01
  5.24789019e-01  5.36033552e-01  5.59274551e-01  5.72458844e-01
  5.82576044e-01  5.91656347e-01  6.22057697e-01  6.25827371e-01
  6.30773215e-01  6.77457929e-01  7.07428152e-01  7.10592675e-01
  7.14771584e-01  7.35545532e-01  7.65067653e-01  7.97680498e-01
  8.11223214e-01  8.25385402e-01  8.69446184e-01  8.93912347e-01
  9.02837949e-01  9.27906650e-01  9.31078750e-01  9.36671870e-01
  9.46970280e-01  9.69702054e-01  9.85512612e-01  1.00456505e+00
  1.03357254e+00  1.05053509e+00  1.08547698e+00  1.13920278e+00
  1.14207459e+00  1.17063689e+00  1.18241724e+00  1.27432980e+00
  1.30774110e+00  1.33903626e+00  1.40682950e+00  1.42225699e+00
  1.43221854e+00  1.47109826e+00  1.47560000e+00  1.48493615e+00
  1.51746323e+00  1.52044647e+00  1.56382762e+00  1.56809657e+00
  1.58319040e+00  1.63222338e+00  1.67765497e+00  1.69035442e+00
  1.69963869e+00  1.73920638e+00  1.75245539e+00  1.75310000e+00
  1.76178659e+00  1.77020878e+00  1.82382580e+00  1.86259869e+00
  1.87693309e+00  1.89022727e+00  1.90975723e+00  1.93629582e+00
  2.01471175e+00  2.03182722e+00  2.05418406e+00  2.07194347e+00
  2.08950916e+00  2.12947606e+00  2.15741984e+00  2.16326328e+00
  2.21401392e+00  2.21435508e+00  2.24368373e+00  2.28400615e+00
  2.34470657e+00  2.36358967e+00  2.37020912e+00  2.40831473e+00
  2.43798185e+00  2.44647635e+00  2.48453969e+00  2.52312444e+00
  2.54353682e+00  2.55428673e+00  2.56559330e+00  2.56835307e+00
  2.57610845e+00  2.59398223e+00  2.61284134e+00  2.62590918e+00
  2.64541950e+00  2.69721284e+00  2.73236738e+00  2.74041110e+00
  2.74634668e+00  2.83840059e+00  2.90597961e+00  2.92663402e+00
  2.94403852e+00  2.95049007e+00  3.00836200e+00  3.02745677e+00
  3.15988776e+00  3.30896299e+00  3.38793661e+00  3.43307395e+00
  3.59477451e+00  3.60977247e+00  3.70004974e+00  3.72337529e+00
  3.77419475e+00  3.84252723e+00  3.96077259e+00  3.99951047e+00
  4.03520054e+00  4.37464034e+00  4.45462343e+00  5.22461507e+00
  9.56216810e+00  2.35976691e+01  2.38506782e+01  2.38786087e+01
  2.39922966e+01  2.40820954e+01  2.41296501e+01  2.54875658e+01
  2.54971321e+01  2.60290622e+01  3.56217774e+01  2.15508947e+02]
nelec by numeric integration = 68.00000006369297
    CPU time for vxc     82.75 sec, wall time      2.97 sec
E1 = -1778.9764733493075  Ecoul = 720.475291226083  Exc = -70.4925683652821
cycle= 4 E= -748.223891229986  delta_E= -0.000938  |g|= 0.0248  |ddm|= 0.0666
    CPU time for cycle= 4     84.34 sec, wall time      3.02 sec
  HOMO = -0.262029082173489  LUMO = -0.0531721088643669
  mo_energy =
[-1.01488862e+02 -1.43272748e+01 -1.02291555e+01 -1.02289776e+01
 -1.02159517e+01 -1.02148457e+01 -1.02049933e+01 -1.02049717e+01
 -9.40250592e+00 -7.16608616e+00 -7.15792156e+00 -7.15790600e+00
 -9.75213956e-01 -8.29658532e-01 -7.93452289e-01 -7.82725819e-01
 -6.67413084e-01 -6.60620119e-01 -6.50141515e-01 -5.55574896e-01
 -5.10775239e-01 -4.95129115e-01 -4.62262892e-01 -4.41885124e-01
 -4.31653128e-01 -4.30066722e-01 -4.20043145e-01 -3.94537740e-01
 -3.56470705e-01 -3.14394176e-01 -2.93334026e-01 -2.62964454e-01
 -2.62305159e-01 -2.62029082e-01 -5.31721089e-02 -4.08735358e-02
  1.55720568e-02  3.92996597e-02  5.52876948e-02  5.70862411e-02
  8.54005444e-02  8.80129977e-02  1.09886120e-01  1.19751541e-01
  1.25010368e-01  1.56166781e-01  2.14119611e-01  2.41809431e-01
  2.55477837e-01  2.63689533e-01  2.85081978e-01  2.95245645e-01
  2.98142217e-01  3.07503779e-01  3.19069069e-01  3.37622200e-01
  3.62479168e-01  3.67576771e-01  3.68802475e-01  3.82988685e-01
  3.95660915e-01  4.16773378e-01  4.21687893e-01  4.34992098e-01
  4.47021558e-01  4.86883417e-01  5.01758454e-01  5.10986570e-01
  5.26945587e-01  5.36754549e-01  5.60674695e-01  5.74382369e-01
  5.83481353e-01  5.94163286e-01  6.23341684e-01  6.28101637e-01
  6.31779151e-01  6.79182470e-01  7.10024894e-01  7.11167497e-01
  7.15249151e-01  7.36964150e-01  7.66776652e-01  7.98671286e-01
  8.13019592e-01  8.27540343e-01  8.71428946e-01  8.94899184e-01
  9.04113646e-01  9.27793581e-01  9.30892825e-01  9.37640872e-01
  9.47805743e-01  9.71421185e-01  9.86636227e-01  1.00603702e+00
  1.03582820e+00  1.05217121e+00  1.08658447e+00  1.14131144e+00
  1.14346865e+00  1.17329332e+00  1.18472962e+00  1.27621241e+00
  1.31051924e+00  1.34135271e+00  1.40855964e+00  1.42435906e+00
  1.43322927e+00  1.47248260e+00  1.47801978e+00  1.48719591e+00
  1.51782583e+00  1.52214035e+00  1.56528569e+00  1.56931940e+00
  1.58454487e+00  1.63459225e+00  1.67878373e+00  1.69216979e+00
  1.70180671e+00  1.74096088e+00  1.75414957e+00  1.75444610e+00
  1.76319760e+00  1.77140701e+00  1.82600659e+00  1.86381707e+00
  1.87739747e+00  1.89117635e+00  1.91181280e+00  1.93776757e+00
  2.01703244e+00  2.03292244e+00  2.05625224e+00  2.07406445e+00
  2.09161695e+00  2.13234291e+00  2.15855903e+00  2.16511089e+00
  2.21463852e+00  2.21496560e+00  2.24444883e+00  2.28585424e+00
  2.34622887e+00  2.36544871e+00  2.37342071e+00  2.40947563e+00
  2.44043426e+00  2.44857580e+00  2.48683885e+00  2.52614647e+00
  2.54547770e+00  2.55737370e+00  2.56690469e+00  2.57077951e+00
  2.57725407e+00  2.59503330e+00  2.61320266e+00  2.62718135e+00
  2.64635371e+00  2.69986183e+00  2.73424464e+00  2.74224644e+00
  2.74760379e+00  2.84208624e+00  2.90860845e+00  2.92935156e+00
  2.94690392e+00  2.95180055e+00  3.01079212e+00  3.03123258e+00
  3.16095252e+00  3.31116507e+00  3.38967813e+00  3.43344515e+00
  3.59814586e+00  3.61281394e+00  3.70378824e+00  3.72715892e+00
  3.77812422e+00  3.84661050e+00  3.96210766e+00  3.99975052e+00
  4.03739392e+00  4.37615938e+00  4.45848876e+00  5.22862175e+00
  9.56403334e+00  2.35994422e+01  2.38591263e+01  2.38826585e+01
  2.39946912e+01  2.40852207e+01  2.41302755e+01  2.54890458e+01
  2.54986128e+01  2.60305809e+01  3.56266642e+01  2.15514791e+02]
nelec by numeric integration = 68.00000006408072
    CPU time for vxc     82.03 sec, wall time      2.93 sec
E1 = -1778.8041193737604  Ecoul = 720.2923703506195  Exc = -70.4821338227046
cycle= 5 E= -748.224023587325  delta_E= -0.000132  |g|= 0.0103  |ddm|= 0.0249
    CPU time for cycle= 5     83.62 sec, wall time      2.99 sec
  HOMO = -0.26193956108079  LUMO = -0.0533121906738796
  mo_energy =
[-1.01487747e+02 -1.43312370e+01 -1.02298727e+01 -1.02297874e+01
 -1.02150976e+01 -1.02134311e+01 -1.02043915e+01 -1.02043425e+01
 -9.40170616e+00 -7.16524998e+00 -7.15709643e+00 -7.15708097e+00
 -9.76698142e-01 -8.29309395e-01 -7.93725577e-01 -7.82805965e-01
 -6.67538086e-01 -6.60945843e-01 -6.50061176e-01 -5.55479617e-01
 -5.10942451e-01 -4.94966376e-01 -4.62393413e-01 -4.42532331e-01
 -4.31553220e-01 -4.30320796e-01 -4.20532083e-01 -3.94442041e-01
 -3.56649901e-01 -3.14444675e-01 -2.93436886e-01 -2.64006501e-01
 -2.62345923e-01 -2.61939561e-01 -5.33121907e-02 -4.09339484e-02
  1.54769725e-02  3.94293516e-02  5.50991561e-02  5.70812978e-02
  8.55189415e-02  8.80430308e-02  1.09648029e-01  1.19728429e-01
  1.24763892e-01  1.55942590e-01  2.13867194e-01  2.42101243e-01
  2.55694585e-01  2.63676295e-01  2.84987059e-01  2.94845767e-01
  2.98067827e-01  3.07274906e-01  3.18959974e-01  3.37523088e-01
  3.62329583e-01  3.67462571e-01  3.69040447e-01  3.83085751e-01
  3.96083804e-01  4.16775190e-01  4.21724612e-01  4.34953639e-01
  4.47158099e-01  4.86264116e-01  5.01677132e-01  5.10545087e-01
  5.26667538e-01  5.37081739e-01  5.60784155e-01  5.74284205e-01
  5.83697971e-01  5.93753871e-01  6.23415815e-01  6.27788045e-01
  6.31902698e-01  6.79067591e-01  7.09025808e-01  7.11562419e-01
  7.15632401e-01  7.37015994e-01  7.66678661e-01  7.98735134e-01
  8.12762508e-01  8.27211635e-01  8.71109508e-01  8.94889249e-01
  9.04082883e-01  9.27976567e-01  9.31112480e-01  9.37846292e-01
  9.47818398e-01  9.71050689e-01  9.86724245e-01  1.00629812e+00
  1.03534569e+00  1.05224464e+00  1.08692738e+00  1.14091020e+00
  1.14325675e+00  1.17284384e+00  1.18427037e+00  1.27556645e+00
  1.30993952e+00  1.34098097e+00  1.40804751e+00  1.42427681e+00
  1.43350966e+00  1.47260356e+00  1.47756929e+00  1.48682651e+00
  1.51828104e+00  1.52215984e+00  1.56537275e+00  1.56938987e+00
  1.58461868e+00  1.63426390e+00  1.67892201e+00  1.69214177e+00
  1.70147636e+00  1.74081363e+00  1.75397204e+00  1.75448562e+00
  1.76312057e+00  1.77140357e+00  1.82562851e+00  1.86397133e+00
  1.87787422e+00  1.89135129e+00  1.91180963e+00  1.93776521e+00
  2.01667795e+00  2.03318906e+00  2.05587085e+00  2.07392393e+00
  2.09121701e+00  2.13191295e+00  2.15861693e+00  2.16483201e+00
  2.21477573e+00  2.21510518e+00  2.24470045e+00  2.28583468e+00
  2.34626279e+00  2.36524739e+00  2.37251697e+00  2.40973656e+00
  2.43994506e+00  2.44835658e+00  2.48662731e+00  2.52558818e+00
  2.54533200e+00  2.55693878e+00  2.56724220e+00  2.57053791e+00
  2.57735094e+00  2.59518931e+00  2.61352641e+00  2.62717721e+00
  2.64652569e+00  2.69925681e+00  2.73457618e+00  2.74207972e+00
  2.74768589e+00  2.84147059e+00  2.90832132e+00  2.92874232e+00
  2.94630011e+00  2.95216004e+00  3.01038012e+00  3.03092740e+00
  3.16132668e+00  3.31126618e+00  3.38992706e+00  3.43418350e+00
  3.59738851e+00  3.61218376e+00  3.70331149e+00  3.72662816e+00
  3.77726913e+00  3.84405924e+00  3.96235495e+00  4.00044094e+00
  4.03730336e+00  4.37623602e+00  4.45643016e+00  5.22689681e+00
  9.56467413e+00  2.36000717e+01  2.38588524e+01  2.38824779e+01
  2.39953843e+01  2.40852371e+01  2.41311768e+01  2.54896092e+01
  2.54991767e+01  2.60311743e+01  3.56228350e+01  2.15515861e+02]
nelec by numeric integration = 68.00000006403157
    CPU time for vxc     82.60 sec, wall time      2.95 sec
E1 = -1778.8301785673088  Ecoul = 720.3193752982922  Exc = -70.48310028746533
cycle= 6 E= -748.224044297962  delta_E= -2.07e-05  |g|= 0.00517  |ddm|= 0.0115
    CPU time for cycle= 6     84.24 sec, wall time      3.01 sec
  HOMO = -0.262089641992985  LUMO = -0.0532358061468956
  mo_energy =
[-1.01488513e+02 -1.43297302e+01 -1.02298789e+01 -1.02297751e+01
 -1.02152775e+01 -1.02139469e+01 -1.02046964e+01 -1.02046593e+01
 -9.40217888e+00 -7.16575090e+00 -7.15759600e+00 -7.15758055e+00
 -9.76389431e-01 -8.29465298e-01 -7.93742407e-01 -7.82991530e-01
 -6.67538404e-01 -6.60838252e-01 -6.50106471e-01 -5.55513350e-01
 -5.10931962e-01 -4.94979888e-01 -4.62443574e-01 -4.42431387e-01
 -4.31598949e-01 -4.30343901e-01 -4.20490499e-01 -3.94471143e-01
 -3.56679607e-01 -3.14425401e-01 -2.93509577e-01 -2.63641990e-01
 -2.62470752e-01 -2.62089642e-01 -5.32358061e-02 -4.09688621e-02
  1.54551991e-02  3.93769016e-02  5.51516529e-02  5.70980380e-02
  8.55207737e-02  8.80575825e-02  1.09720664e-01  1.19754334e-01
  1.24788419e-01  1.55983696e-01  2.13905372e-01  2.42030697e-01
  2.55642485e-01  2.63678795e-01  2.84998484e-01  2.94883222e-01
  2.98074950e-01  3.07305486e-01  3.18950363e-01  3.37468573e-01
  3.62359905e-01  3.67470795e-01  3.68923918e-01  3.83042896e-01
  3.95970567e-01  4.16728579e-01  4.21720359e-01  4.34894275e-01
  4.47099286e-01  4.86393313e-01  5.01666119e-01  5.10628330e-01
  5.26757707e-01  5.36982413e-01  5.60728522e-01  5.74270537e-01
  5.83616241e-01  5.93774459e-01  6.23397597e-01  6.27843909e-01
  6.31817884e-01  6.79053306e-01  7.09360693e-01  7.11456020e-01
  7.15531329e-01  7.36985500e-01  7.66656901e-01  7.98654161e-01
  8.12733109e-01  8.27277578e-01  8.71209594e-01  8.94805441e-01
  9.04053402e-01  9.27815396e-01  9.30930568e-01  9.37730353e-01
  9.47769570e-01  9.71088829e-01  9.86676312e-01  1.00617009e+00
  1.03549457e+00  1.05216822e+00  1.08683275e+00  1.14094021e+00
  1.14323445e+00  1.17295999e+00  1.18433454e+00  1.27579965e+00
  1.31006179e+00  1.34102038e+00  1.40812080e+00  1.42421412e+00
  1.43341117e+00  1.47254128e+00  1.47759833e+00  1.48684438e+00
  1.51817312e+00  1.52214655e+00  1.56535905e+00  1.56937259e+00
  1.58463290e+00  1.63439196e+00  1.67889876e+00  1.69214159e+00
  1.70147530e+00  1.74080711e+00  1.75397693e+00  1.75447169e+00
  1.76314244e+00  1.77139166e+00  1.82567479e+00  1.86393613e+00
  1.87773943e+00  1.89129096e+00  1.91177769e+00  1.93773988e+00
  2.01675303e+00  2.03310499e+00  2.05586626e+00  2.07390272e+00
  2.09122134e+00  2.13198727e+00  2.15858293e+00  2.16494005e+00
  2.21461266e+00  2.21494016e+00  2.24464862e+00  2.28579656e+00
  2.34625050e+00  2.36520637e+00  2.37278229e+00  2.40966948e+00
  2.43999812e+00  2.44837414e+00  2.48662130e+00  2.52572697e+00
  2.54541202e+00  2.55695356e+00  2.56708832e+00  2.57057923e+00
  2.57732767e+00  2.59518741e+00  2.61347665e+00  2.62722567e+00
  2.64649699e+00  2.69943412e+00  2.73445442e+00  2.74207763e+00
  2.74767704e+00  2.84155753e+00  2.90834704e+00  2.92890314e+00
  2.94649347e+00  2.95197720e+00  3.01042236e+00  3.03087497e+00
  3.16119094e+00  3.31112942e+00  3.38977634e+00  3.43393084e+00
  3.59759861e+00  3.61234633e+00  3.70332176e+00  3.72667376e+00
  3.77746809e+00  3.84495044e+00  3.96224452e+00  4.00025592e+00
  4.03728210e+00  4.37620096e+00  4.45716159e+00  5.22744495e+00
  9.56429052e+00  2.35998218e+01  2.38586859e+01  2.38823553e+01
  2.39951564e+01  2.40850631e+01  2.41308577e+01  2.54892629e+01
  2.54988303e+01  2.60308232e+01  3.56242797e+01  2.15515137e+02]
nelec by numeric integration = 68.00000006402216
    CPU time for vxc     83.66 sec, wall time      3.01 sec
E1 = -1778.8308274755186  Ecoul = 720.3199886252401  Exc = -70.48307072735268
cycle= 7 E= -748.224050319111  delta_E= -6.02e-06  |g|= 0.000601  |ddm|= 0.00417
    CPU time for cycle= 7     85.31 sec, wall time      3.07 sec
  HOMO = -0.262108926276855  LUMO = -0.0532421506479368
  mo_energy =
[-1.01488891e+02 -1.43298233e+01 -1.02298310e+01 -1.02297138e+01
 -1.02153879e+01 -1.02140661e+01 -1.02045634e+01 -1.02045296e+01
 -9.40236488e+00 -7.16595641e+00 -7.15779932e+00 -7.15778389e+00
 -9.76395280e-01 -8.29463527e-01 -7.93703456e-01 -7.83003578e-01
 -6.67559717e-01 -6.60832235e-01 -6.50094705e-01 -5.55509042e-01
 -5.10917890e-01 -4.94960165e-01 -4.62413036e-01 -4.42437329e-01
 -4.31613223e-01 -4.30356660e-01 -4.20489402e-01 -3.94462724e-01
 -3.56697817e-01 -3.14436274e-01 -2.93471915e-01 -2.63667600e-01
 -2.62490477e-01 -2.62108926e-01 -5.32421506e-02 -4.09417730e-02
  1.54489691e-02  3.93652408e-02  5.51475680e-02  5.71059858e-02
  8.55173203e-02  8.80610025e-02  1.09725973e-01  1.19757421e-01
  1.24794953e-01  1.55986098e-01  2.13908643e-01  2.42036149e-01
  2.55645735e-01  2.63683884e-01  2.85005537e-01  2.94885359e-01
  2.98066472e-01  3.07302935e-01  3.18947856e-01  3.37466928e-01
  3.62370944e-01  3.67486657e-01  3.68932777e-01  3.83049726e-01
  3.95967661e-01  4.16752006e-01  4.21720631e-01  4.34902265e-01
  4.47095872e-01  4.86389931e-01  5.01682877e-01  5.10623249e-01
  5.26769249e-01  5.36987627e-01  5.60728810e-01  5.74280838e-01
  5.83630189e-01  5.93766081e-01  6.23396026e-01  6.27845356e-01
  6.31838667e-01  6.79057902e-01  7.09344192e-01  7.11462586e-01
  7.15529981e-01  7.36995789e-01  7.66660565e-01  7.98654661e-01
  8.12724904e-01  8.27285281e-01  8.71200307e-01  8.94790699e-01
  9.04049881e-01  9.27795158e-01  9.30910564e-01  9.37733068e-01
  9.47756456e-01  9.71079209e-01  9.86678017e-01  1.00618599e+00
  1.03549300e+00  1.05219343e+00  1.08683267e+00  1.14093189e+00
  1.14322201e+00  1.17296750e+00  1.18432722e+00  1.27578583e+00
  1.31007137e+00  1.34102616e+00  1.40811942e+00  1.42423981e+00
  1.43341745e+00  1.47254053e+00  1.47759186e+00  1.48683878e+00
  1.51817420e+00  1.52215182e+00  1.56536501e+00  1.56938377e+00
  1.58463587e+00  1.63439510e+00  1.67890473e+00  1.69215338e+00
  1.70146711e+00  1.74081894e+00  1.75398111e+00  1.75448096e+00
  1.76313579e+00  1.77139539e+00  1.82567392e+00  1.86394867e+00
  1.87774456e+00  1.89128875e+00  1.91179862e+00  1.93774573e+00
  2.01676558e+00  2.03311111e+00  2.05586127e+00  2.07392103e+00
  2.09121647e+00  2.13199679e+00  2.15857763e+00  2.16494022e+00
  2.21457276e+00  2.21490049e+00  2.24463731e+00  2.28582200e+00
  2.34626202e+00  2.36519359e+00  2.37277828e+00  2.40966402e+00
  2.43998879e+00  2.44836496e+00  2.48659832e+00  2.52573465e+00
  2.54540684e+00  2.55694555e+00  2.56711238e+00  2.57058110e+00
  2.57733436e+00  2.59518616e+00  2.61347995e+00  2.62722214e+00
  2.64650693e+00  2.69943405e+00  2.73444276e+00  2.74212003e+00
  2.74767818e+00  2.84158725e+00  2.90837087e+00  2.92890485e+00
  2.94649339e+00  2.95200021e+00  3.01041731e+00  3.03084074e+00
  3.16120916e+00  3.31117762e+00  3.38980534e+00  3.43394124e+00
  3.59760304e+00  3.61235047e+00  3.70329857e+00  3.72665227e+00
  3.77747934e+00  3.84489950e+00  3.96227510e+00  4.00025863e+00
  4.03730545e+00  4.37620977e+00  4.45712800e+00  5.22742537e+00
  9.56415250e+00  2.35998571e+01  2.38585847e+01  2.38824337e+01
  2.39951345e+01  2.40851555e+01  2.41309047e+01  2.54891482e+01
  2.54987157e+01  2.60307019e+01  3.56241897e+01  2.15514785e+02]
nelec by numeric integration = 68.00000006401896
    CPU time for vxc     82.72 sec, wall time      2.97 sec
E1 = -1778.832054529572  Ecoul = 720.3213630713103  Exc = -70.48321817362414
cycle= 8 E= -748.224050373366  delta_E= -5.43e-08  |g|= 0.00024  |ddm|= 0.00055
    CPU time for cycle= 8     84.38 sec, wall time      3.02 sec
  HOMO = -0.262090887781953  LUMO = -0.0532387941860763
  mo_energy =
[-1.01488896e+02 -1.43298096e+01 -1.02298359e+01 -1.02297266e+01
 -1.02153595e+01 -1.02140004e+01 -1.02046184e+01 -1.02045813e+01
 -9.40234950e+00 -7.16594331e+00 -7.15778546e+00 -7.15777004e+00
 -9.76393846e-01 -8.29460624e-01 -7.93716549e-01 -7.82982044e-01
 -6.67547571e-01 -6.60837827e-01 -6.50096936e-01 -5.55509367e-01
 -5.10922954e-01 -4.94974663e-01 -4.62425282e-01 -4.42429978e-01
 -4.31602402e-01 -4.30344973e-01 -4.20485229e-01 -3.94468946e-01
 -3.56685276e-01 -3.14430669e-01 -2.93485459e-01 -2.63663216e-01
 -2.62473367e-01 -2.62090888e-01 -5.32387942e-02 -4.09534524e-02
  1.54579445e-02  3.93710946e-02  5.51513556e-02  5.71008632e-02
  8.55181618e-02  8.80583973e-02  1.09725111e-01  1.19755955e-01
  1.24796708e-01  1.55988556e-01  2.13907426e-01  2.42033868e-01
  2.55642726e-01  2.63679985e-01  2.85002348e-01  2.94893094e-01
  2.98071072e-01  3.07306755e-01  3.18953343e-01  3.37475679e-01
  3.62365973e-01  3.67479864e-01  3.68930879e-01  3.83048020e-01
  3.95969092e-01  4.16742337e-01  4.21720874e-01  4.34902610e-01
  4.47099651e-01  4.86393746e-01  5.01676075e-01  5.10630355e-01
  5.26763599e-01  5.36985143e-01  5.60730483e-01  5.74278574e-01
  5.83622520e-01  5.93776160e-01  6.23397617e-01  6.27847481e-01
  6.31827362e-01  6.79061862e-01  7.09348656e-01  7.11458940e-01
  7.15529971e-01  7.36992972e-01  7.66660200e-01  7.98659081e-01
  8.12737619e-01  8.27281966e-01  8.71203919e-01  8.94804244e-01
  9.04053335e-01  9.27815467e-01  9.30931656e-01  9.37733089e-01
  9.47765824e-01  9.71087245e-01  9.86676644e-01  1.00618081e+00
  1.03549174e+00  1.05218005e+00  1.08683546e+00  1.14094228e+00
  1.14323039e+00  1.17296250e+00  1.18433618e+00  1.27578830e+00
  1.31006654e+00  1.34102342e+00  1.40812734e+00  1.42422995e+00
  1.43341521e+00  1.47254267e+00  1.47760296e+00  1.48684857e+00
  1.51817052e+00  1.52215040e+00  1.56536114e+00  1.56937440e+00
  1.58463412e+00  1.63439312e+00  1.67889958e+00  1.69214835e+00
  1.70147649e+00  1.74081488e+00  1.75398251e+00  1.75447311e+00
  1.76313979e+00  1.77139153e+00  1.82567976e+00  1.86394246e+00
  1.87774167e+00  1.89129194e+00  1.91179027e+00  1.93774636e+00
  2.01676016e+00  2.03310771e+00  2.05587148e+00  2.07391342e+00
  2.09122673e+00  2.13199602e+00  2.15857808e+00  2.16493737e+00
  2.21458980e+00  2.21491742e+00  2.24464150e+00  2.28581021e+00
  2.34625550e+00  2.36520306e+00  2.37277738e+00  2.40966576e+00
  2.43999892e+00  2.44837177e+00  2.48660875e+00  2.52573111e+00
  2.54540874e+00  2.55695565e+00  2.56710553e+00  2.57058197e+00
  2.57732829e+00  2.59518547e+00  2.61347226e+00  2.62722274e+00
  2.64649841e+00  2.69943246e+00  2.73445519e+00  2.74209993e+00
  2.74767767e+00  2.84157811e+00  2.90836112e+00  2.92890437e+00
  2.94649326e+00  2.95199428e+00  3.01042563e+00  3.03085830e+00
  3.16120515e+00  3.31116255e+00  3.38979763e+00  3.43394112e+00
  3.59760123e+00  3.61234936e+00  3.70331436e+00  3.72666625e+00
  3.77747608e+00  3.84490675e+00  3.96226046e+00  4.00025857e+00
  4.03729764e+00  4.37620729e+00  4.45713281e+00  5.22742693e+00
  9.56416975e+00  2.35998500e+01  2.38586113e+01  2.38824078e+01
  2.39951566e+01  2.40851225e+01  2.41308912e+01  2.54891669e+01
  2.54987344e+01  2.60307192e+01  3.56242025e+01  2.15514782e+02]
nelec by numeric integration = 68.0000000640202
    CPU time for vxc     82.61 sec, wall time      2.96 sec
E1 = -1778.831605433001  Ecoul = 720.3208897090318  Exc = -70.48319392121817
cycle= 9 E= -748.224050386667  delta_E= -1.33e-08  |g|= 4.53e-05  |ddm|= 0.00017
    CPU time for cycle= 9     84.23 sec, wall time      3.01 sec
  HOMO = -0.262085809615892  LUMO = -0.0532439019557392
  mo_energy =
[-1.01488874e+02 -1.43298221e+01 -1.02298441e+01 -1.02297310e+01
 -1.02153566e+01 -1.02140189e+01 -1.02046210e+01 -1.02045865e+01
 -9.40233518e+00 -7.16592832e+00 -7.15777025e+00 -7.15775484e+00
 -9.76399166e-01 -8.29466586e-01 -7.93720219e-01 -7.82979538e-01
 -6.67546670e-01 -6.60842283e-01 -6.50099921e-01 -5.55513021e-01
 -5.10928160e-01 -4.94976767e-01 -4.62427658e-01 -4.42432197e-01
 -4.31605828e-01 -4.30347435e-01 -4.20488044e-01 -3.94472763e-01
 -3.56683915e-01 -3.14435975e-01 -2.93488532e-01 -2.63666564e-01
 -2.62468824e-01 -2.62085810e-01 -5.32439020e-02 -4.09568189e-02
  1.54580164e-02  3.93703982e-02  5.51506163e-02  5.70999593e-02
  8.55167277e-02  8.80572106e-02  1.09722071e-01  1.19754935e-01
  1.24794728e-01  1.55987251e-01  2.13904424e-01  2.42030841e-01
  2.55640121e-01  2.63677444e-01  2.85000606e-01  2.94891877e-01
  2.98072823e-01  3.07306832e-01  3.18953751e-01  3.37477606e-01
  3.62363859e-01  3.67477403e-01  3.68928180e-01  3.83046549e-01
  3.95965764e-01  4.16740203e-01  4.21719163e-01  4.34899505e-01
  4.47096374e-01  4.86391238e-01  5.01673763e-01  5.10629023e-01
  5.26761084e-01  5.36982165e-01  5.60726761e-01  5.74276502e-01
  5.83620155e-01  5.93775488e-01  6.23394824e-01  6.27845304e-01
  6.31825121e-01  6.79059903e-01  7.09345534e-01  7.11456216e-01
  7.15527335e-01  7.36990111e-01  7.66657250e-01  7.98659622e-01
  8.12737956e-01  8.27279400e-01  8.71202845e-01  8.94806397e-01
  9.04052874e-01  9.27821183e-01  9.30937657e-01  9.37731451e-01
  9.47766720e-01  9.71086367e-01  9.86674395e-01  1.00617614e+00
  1.03548887e+00  1.05217771e+00  1.08683155e+00  1.14094179e+00
  1.14323066e+00  1.17295951e+00  1.18433498e+00  1.27578547e+00
  1.31006334e+00  1.34101993e+00  1.40812582e+00  1.42422715e+00
  1.43341170e+00  1.47253876e+00  1.47760208e+00  1.48684732e+00
  1.51816780e+00  1.52214626e+00  1.56535766e+00  1.56937237e+00
  1.58463128e+00  1.63439067e+00  1.67889743e+00  1.69214581e+00
  1.70147553e+00  1.74081320e+00  1.75398050e+00  1.75447149e+00
  1.76313677e+00  1.77138892e+00  1.82567732e+00  1.86393998e+00
  1.87773816e+00  1.89128869e+00  1.91178646e+00  1.93774331e+00
  2.01675746e+00  2.03310285e+00  2.05587065e+00  2.07391063e+00
  2.09122574e+00  2.13199261e+00  2.15857403e+00  2.16493519e+00
  2.21459533e+00  2.21492294e+00  2.24463754e+00  2.28580825e+00
  2.34625287e+00  2.36520339e+00  2.37277265e+00  2.40966337e+00
  2.43999787e+00  2.44837022e+00  2.48660910e+00  2.52572672e+00
  2.54540637e+00  2.55695417e+00  2.56710037e+00  2.57058017e+00
  2.57732630e+00  2.59518316e+00  2.61347084e+00  2.62722078e+00
  2.64649608e+00  2.69942825e+00  2.73444830e+00  2.74209595e+00
  2.74767356e+00  2.84157387e+00  2.90835769e+00  2.92889986e+00
  2.94648778e+00  2.95198891e+00  3.01042315e+00  3.03085893e+00
  3.16119938e+00  3.31115826e+00  3.38979283e+00  3.43393554e+00
  3.59759703e+00  3.61234467e+00  3.70331387e+00  3.72666530e+00
  3.77747175e+00  3.84489864e+00  3.96225721e+00  4.00025387e+00
  4.03729337e+00  4.37620127e+00  4.45712589e+00  5.22742013e+00
  9.56418173e+00  2.35998417e+01  2.38586137e+01  2.38824025e+01
  2.39951453e+01  2.40851176e+01  2.41308831e+01  2.54891779e+01
  2.54987454e+01  2.60307300e+01  3.56241904e+01  2.15514803e+02]
nelec by numeric integration = 68.0000000640202
    CPU time for vxc     81.65 sec, wall time      2.92 sec
E1 = -1778.83167407671  Ecoul = 720.3209610637078  Exc = -70.48319663259666
cycle= 10 E= -748.224050387078  delta_E= -4.11e-10  |g|= 1.93e-05  |ddm|= 6.14e-05
    CPU time for cycle= 10     83.30 sec, wall time      2.98 sec
  HOMO = -0.26209336353057  LUMO = -0.0532397843004637
  mo_energy =
[-1.01488890e+02 -1.43298168e+01 -1.02298353e+01 -1.02297279e+01
 -1.02153526e+01 -1.02140075e+01 -1.02046190e+01 -1.02045802e+01
 -9.40235082e+00 -7.16594413e+00 -7.15778589e+00 -7.15777048e+00
 -9.76395113e-01 -8.29461868e-01 -7.93716506e-01 -7.82985165e-01
 -6.67546905e-01 -6.60838411e-01 -6.50096966e-01 -5.55509425e-01
 -5.10923744e-01 -4.94974059e-01 -4.62424596e-01 -4.42429697e-01
 -4.31602795e-01 -4.30344764e-01 -4.20485214e-01 -3.94469089e-01
 -3.56686555e-01 -3.14431769e-01 -2.93485213e-01 -2.63665970e-01
 -2.62475852e-01 -2.62093364e-01 -5.32397843e-02 -4.09535717e-02
  1.54575698e-02  3.93707898e-02  5.51517495e-02  5.71012303e-02
  8.55182030e-02  8.80587163e-02  1.09724815e-01  1.19755983e-01
  1.24796536e-01  1.55988716e-01  2.13906816e-01  2.42033642e-01
  2.55642735e-01  2.63679853e-01  2.85002383e-01  2.94892483e-01
  2.98070850e-01  3.07306484e-01  3.18952457e-01  3.37474276e-01
  3.62365782e-01  3.67479858e-01  3.68930607e-01  3.83047612e-01
  3.95968829e-01  4.16742601e-01  4.21720413e-01  4.34902365e-01
  4.47099206e-01  4.86393443e-01  5.01676281e-01  5.10630385e-01
  5.26763744e-01  5.36984871e-01  5.60730202e-01  5.74278845e-01
  5.83622650e-01  5.93776858e-01  6.23397230e-01  6.27847788e-01
  6.31827470e-01  6.79061143e-01  7.09347659e-01  7.11458722e-01
  7.15529711e-01  7.36992748e-01  7.66659714e-01  7.98658097e-01
  8.12736550e-01  8.27281730e-01  8.71203779e-01  8.94802113e-01
  9.04052625e-01  9.27812247e-01  9.30928386e-01  9.37732419e-01
  9.47764088e-01  9.71086200e-01  9.86676245e-01  1.00618029e+00
  1.03549153e+00  1.05218057e+00  1.08683539e+00  1.14094184e+00
  1.14322905e+00  1.17296250e+00  1.18433572e+00  1.27578688e+00
  1.31006630e+00  1.34102295e+00  1.40812764e+00  1.42423029e+00
  1.43341495e+00  1.47254241e+00  1.47760373e+00  1.48684921e+00
  1.51817054e+00  1.52214993e+00  1.56536105e+00  1.56937464e+00
  1.58463423e+00  1.63439333e+00  1.67889998e+00  1.69214855e+00
  1.70147586e+00  1.74081519e+00  1.75398249e+00  1.75447332e+00
  1.76313947e+00  1.77139138e+00  1.82567942e+00  1.86394271e+00
  1.87774122e+00  1.89129150e+00  1.91179017e+00  1.93774616e+00
  2.01676014e+00  2.03310682e+00  2.05587113e+00  2.07391359e+00
  2.09122632e+00  2.13199602e+00  2.15857723e+00  2.16493730e+00
  2.21458790e+00  2.21491549e+00  2.24464085e+00  2.28581085e+00
  2.34625532e+00  2.36520182e+00  2.37277632e+00  2.40966590e+00
  2.43999973e+00  2.44837243e+00  2.48660924e+00  2.52573051e+00
  2.54540913e+00  2.55695647e+00  2.56710485e+00  2.57058263e+00
  2.57732877e+00  2.59518584e+00  2.61347281e+00  2.62722297e+00
  2.64649862e+00  2.69943174e+00  2.73445398e+00  2.74209937e+00
  2.74767714e+00  2.84157788e+00  2.90836123e+00  2.92890342e+00
  2.94649232e+00  2.95199345e+00  3.01042539e+00  3.03085949e+00
  3.16120406e+00  3.31116241e+00  3.38979717e+00  3.43394027e+00
  3.59760066e+00  3.61234892e+00  3.70331604e+00  3.72666778e+00
  3.77747578e+00  3.84490263e+00  3.96226053e+00  4.00025798e+00
  4.03729740e+00  4.37620604e+00  4.45713009e+00  5.22742446e+00
  9.56416776e+00  2.35998482e+01  2.38586176e+01  2.38824077e+01
  2.39951534e+01  2.40851224e+01  2.41308894e+01  2.54891647e+01
  2.54987322e+01  2.60307165e+01  3.56241956e+01  2.15514787e+02]
nelec by numeric integration = 68.00000006402033
    CPU time for vxc     81.85 sec, wall time      2.92 sec
E1 = -1778.831704843657  Ecoul = 720.3209942804306  Exc = -70.48319908226146
Extra cycle  E= -748.224050386968  delta_E= 1.11e-10  |g|= 2.87e-05  |ddm|= 4.88e-05
    CPU time for scf_cycle   1076.82 sec, wall time     38.95 sec
    CPU time for SCF   1076.83 sec, wall time     38.95 sec
converged SCF energy = -748.224050386968
Converting <class 'pyscf.dft.rks.RKS'> to RHF


******** <class 'pyscf.tdscf.rks.TDA'> for <class 'pyscf.dft.rks.RKS'> ********
nstates = 5 singlet
wfnsym = None
conv_tol = 1e-09
eigh lindep = 1e-12
eigh level_shift = 0
eigh max_space = 8
eigh max_cycle = 2000
chkfile = /scratch/global/yangjunjie/tmps3l5womo
max_memory 127949 MB (current use 2269 MB)


davidson 0 5  |r|= 0.058  e= [0.17082378 0.18977008 0.19032911 0.20057936 0.20232216]  max|de|= 0.202  lindep=    1
Old state -> New state
    3     ->     1 
    1     ->     2 
    2     ->     3 
davidson 1 10  |r|= 0.0399  e= [0.16760794 0.18033332 0.18964871 0.18971252 0.20182258]  max|de|= -0.0202  lindep= 0.811
Old state -> New state
    3     ->     2 
    2     ->     3 
davidson 2 15  |r|= 0.0099  e= [0.16741224 0.17738503 0.18962187 0.18964816 0.2015919 ]  max|de|= -0.00295  lindep= 0.858
davidson 3 20  |r|= 0.00718  e= [0.16740834 0.17728603 0.18960283 0.18964814 0.20140361]  max|de|= -0.000188  lindep= 0.908
root 3 converged  |r|= 2.73e-05  e= 0.18964813843497164  max|de|=    0
davidson 4 5  |r|= 0.00718  e= [0.16740834 0.17728603 0.18960283 0.18964814 0.20140361]  max|de|= 3.33e-16  lindep= 0.999
davidson 5 9  |r|= 0.00362  e= [0.16740823 0.17728453 0.18960193 0.18964814 0.20132376]  max|de|= -7.99e-05  lindep= 0.84
davidson 6 13  |r|= 0.00196  e= [0.16740822 0.17728445 0.18960173 0.18964814 0.20129038]  max|de|= -3.34e-05  lindep= 0.849
root 0 converged  |r|= 5.9e-06  e= 0.16740822069871716  max|de|= -6.24e-10
davidson 7 17  |r|= 0.00261  e= [0.16740822 0.17728444 0.18960171 0.18964814 0.20127319]  max|de|= -1.72e-05  lindep= 0.84
root 1 converged  |r|= 1.68e-05  e= 0.1772844391832141  max|de|= -2.5e-16
davidson 8 5  |r|= 0.00261  e= [0.16740822 0.17728444 0.18960171 0.18964814 0.20127319]  max|de|= -2.78e-16  lindep= 0.997
davidson 9 7  |r|= 0.0011  e= [0.16740822 0.17728444 0.1896017  0.18964814 0.20126434]  max|de|= -8.85e-06  lindep= 0.969
davidson 10 9  |r|= 0.00142  e= [0.16740822 0.17728444 0.1896017  0.18964814 0.20125869]  max|de|= -5.65e-06  lindep= 0.759
root 2 converged  |r|= 9.46e-06  e= 0.18960169976139493  max|de|= -5.38e-10
davidson 11 11  |r|= 0.000948  e= [0.16740822 0.17728444 0.1896017  0.18964814 0.20125343]  max|de|= -5.27e-06  lindep= 0.906
davidson 12 12  |r|= 0.000858  e= [0.16740822 0.17728444 0.1896017  0.18964814 0.20124898]  max|de|= -4.44e-06  lindep= 0.917
davidson 13 13  |r|= 0.000241  e= [0.16740822 0.17728444 0.1896017  0.18964814 0.20124837]  max|de|= -6.14e-07  lindep= 0.853
davidson 14 14  |r|= 6.85e-05  e= [0.16740822 0.17728444 0.1896017  0.18964814 0.2012483 ]  max|de|= -6.65e-08  lindep= 0.909
davidson 15 15  |r|= 3.71e-05  e= [0.16740822 0.17728444 0.1896017  0.18964814 0.2012483 ]  max|de|= -7.91e-09  lindep= 0.896
davidson 16 16  |r|= 2.49e-05  e= [0.16740822 0.17728444 0.1896017  0.18964814 0.20124829]  max|de|= -1.25e-09  lindep= 0.813
root 4 converged  |r|= 9.44e-06  e= 0.2012482948446011  max|de|= 2.78e-17
converged 17 5  |r|= 2.49e-05  e= [0.16740822 0.17728444 0.1896017  0.18964814 0.20124829]  max|de|= 4.16e-16
    CPU time for TDA   3070.77 sec, wall time    114.19 sec
Excited State energies (eV)
[4.55540972 4.82415531 5.15932504 5.16058869 5.47624504]
