 
:: initializing oneAPI environment ...
   slurm_script: BASH_VERSION = 4.2.46(1)-release
   args: Using "$@" for setvars.sh arguments: --force
:: advisor -- latest
:: ccl -- latest
:: clck -- latest
:: compiler -- latest
:: dal -- latest
:: debugger -- latest
:: dev-utilities -- latest
:: dnnl -- latest
:: dpcpp-ct -- latest
:: dpl -- latest
:: inspector -- latest
:: intelpython -- latest
:: ipp -- latest
:: ippcp -- latest
:: ipp -- latest
:: itac -- latest
:: mkl -- latest
:: mpi -- latest
:: tbb -- latest
:: vpl -- latest
:: vtune -- latest
:: oneAPI environment initialized ::
 
SLURM_CPUS_PER_TASK = 28
SLURM_MEM_PER_NODE = 127949
#INFO: **** input file is /home/yangjunjie/work/py-ch3-cl/work/step_-14/main.py ****
import sys
import pyscf
from pyscf import tdscf

def main(xyz_file, basis="631g*", xc="b3lyp", output="ene.out"):
    xyz = None

    with open(xyz_file, "r") as xyz:
        xyz = xyz.readlines()[2:]
        xyz = "".join(xyz)

    mol = pyscf.gto.Mole()
    mol.atom = xyz
    mol.basis = basis
    mol.verbose = 5
    mol.build()

    if xc is not None and xc != "hf":
        mf = pyscf.scf.RKS(mol)
        mf.xc = xc
        mf.kernel()
    else:
        mf = pyscf.scf.RHF(mol)
        mf.kernel()

    ene_mf = mf.e_tot

    with open(output, "w") as f:
        tda = pyscf.tdscf.TDA(mf)
        tda.nstates = 5
        tda.max_space = 8
        tda.max_cycle = 2000
        tda.kernel()

        con_tda = tda.converged
        ene_tda = tda.e[:5]
        dip_tda = tda.transition_dipole()[:5]

        f.write(f"RKS energy: {ene_mf: 12.8f}\n")
        f.write("TDA results:\n")
        for i, (con, ene, dip) in enumerate(zip(con_tda, ene_tda, dip_tda)):
            f.write(f" {i:2d} {con} {ene: 12.8f} {dip[0]: 12.8f} {dip[1]: 12.8f} {dip[2]: 12.8f}\n")

        # rpa = pyscf.tdscf.RPA(mf)
        # rpa.nstates = 5
        # rpa.max_space = 8
        # rpa.max_cycle = 2000
        # rpa.kernel()

        # con_rpa = rpa.converged
        # ene_rpa = rpa.e[:5]
        # dip_rpa = rpa.transition_dipole()[:5]
        
        # f.write("\nRPA results:\n")
        # for i, (con, ene, dip) in enumerate(zip(con_rpa, ene_rpa, dip_rpa)):
        #     f.write(f" {i:2d} {con} {ene: 12.8f} {dip[0]: 12.8f} {dip[1]: 12.8f} {dip[2]: 12.8f}\n")

if __name__ == "__main__":
    xyz = sys.argv[1]
    main(xyz, basis="631g*", xc="b3lyp", output="out.log")
#INFO: ******************** input file end ********************


System: uname_result(system='Linux', node='pauling047', release='3.10.0-327.36.3.el7.x86_64', version='#1 SMP Thu Oct 20 04:56:07 EDT 2016', machine='x86_64')  Threads 28
Python 3.9.7 (default, Oct 27 2021, 01:23:21) 
[GCC 9.3.0]
numpy 1.21.2  scipy 1.6.2
Date: Tue Sep 27 23:36:53 2022
PySCF version 2.0.1
PySCF path  /home/yangjunjie/packages/pyscf/pyscf-main
GIT ORIG_HEAD 14b880cdc4bf7bb64f3989a147c0b04622efc498
GIT HEAD (branch master) 9d5b5bd309d1cc55fbd1a0ec76e26b5b0c7f76af

[ENV] PYSCF_MAX_MEMORY 127949
[ENV] PYSCF_TMPDIR /scratch/global/yangjunjie/
[CONFIG] conf_file /home/yangjunjie/.pyscf_conf.py
[INPUT] verbose = 5
[INPUT] max_memory = 127949 
[INPUT] num. atoms = 16
[INPUT] num. electrons = 68
[INPUT] charge = 0
[INPUT] spin (= nelec alpha-beta = 2S) = 0
[INPUT] symmetry False subgroup None
[INPUT] Mole.unit = angstrom
[INPUT]  1 C      0.000000010000   1.152768110000   1.119736600000 AA    0.000000018897   2.178416013032   2.115995505652 Bohr
[INPUT]  2 C      0.000000000000   1.199357870000   2.519587380000 AA    0.000000000000   2.266457899642   4.761330095110 Bohr
[INPUT]  3 C     -0.000000010000  -0.013295520000   3.201646550000 AA   -0.000000018897  -0.025124891484   6.050235127159 Bohr
[INPUT]  4 C     -0.000000010000  -1.212201590000   2.495722670000 AA   -0.000000018897  -2.290729012862   4.716232329168 Bohr
[INPUT]  5 C      0.000000000000  -1.137849060000   1.096094440000 AA    0.000000000000  -2.150223094494   2.071318298259 Bohr
[INPUT]  6 N      0.000000010000   0.015252390000   0.446453220000 AA    0.000000018897   0.028822839845   0.843674313230 Bohr
[INPUT]  7 C      0.000000000000   0.003225210000  -2.128063190000 AA    0.000000000000   0.006094763594  -4.021456604868 Bohr
[INPUT]  8 H      0.000000020000   2.066586140000   0.529654980000 AA    0.000000037795   3.905281817422   1.000902852712 Bohr
[INPUT]  9 H      0.000000000000   2.146699140000   3.027928630000 AA    0.000000000000   4.056673446439   5.721955835429 Bohr
[INPUT] 10 H     -0.000000020000  -0.024149820000   4.286225620000 AA   -0.000000037795  -0.045636545758   8.099792529894 Bohr
[INPUT] 11 H     -0.000000020000  -2.169093580000   2.984581310000 AA   -0.000000037795  -4.098992804752   5.640041272396 Bohr
[INPUT] 12 H      0.000000000000  -2.037996830000   0.487145870000 AA    0.000000000000  -3.851255851432   0.920572277013 Bohr
[INPUT] 13 H     -0.000000030000   1.033137730000  -1.790490010000 AA   -0.000000056692   1.952347358655  -3.383535747670 Bohr
[INPUT] 14 H     -0.890934540000  -0.504406640000  -1.776626760000 AA   -1.683622275515  -0.953190405012  -3.357338001973 Bohr
[INPUT] 15 H      0.890934560000  -0.504406600000  -1.776626770000 AA    1.683622313310  -0.953190329423  -3.357338020871 Bohr
[INPUT] 16 Cl    -0.000000010000  -0.005364350000  -3.949225030000 AA   -0.000000018897  -0.010137152336  -7.462953710977 Bohr
[INPUT] ---------------- BASIS SET ---------------- 
[INPUT] l, kappa, [nprim/nctr], expnt,             c_1 c_2 ...
[INPUT] Cl
[INPUT] 0    0    [6    /1   ]  25180.1           0.001833
                                3780.35           0.014034
                                860.474           0.069097
                                242.145           0.237452
                                77.3349           0.483034
                                26.247            0.339856
[INPUT] 0    0    [6    /1   ]  491.765           -0.0022974
                                116.984           -0.030714
                                37.4153           -0.112528
                                13.7834           0.045016
                                5.45215           0.589353
                                2.22588           0.465206
[INPUT] 0    0    [3    /1   ]  3.18649           -0.25183
                                1.14427           0.061589
                                0.420377          1.06018
[INPUT] 0    0    [1    /1   ]  0.142657             1
[INPUT] 1    0    [6    /1   ]  491.765           0.0039894
                                116.984           0.030318
                                37.4153           0.12988
                                13.7834           0.327951
                                5.45215           0.453527
                                2.22588           0.252154
[INPUT] 1    0    [3    /1   ]  3.18649           -0.014299
                                1.14427           0.323572
                                0.420377          0.743507
[INPUT] 1    0    [1    /1   ]  0.142657             1
[INPUT] 2    0    [1    /1   ]  0.75                 1
[INPUT] C
[INPUT] 0    0    [6    /1   ]  3047.5249         0.0018347
                                457.36951         0.0140373
                                103.94869         0.0688426
                                29.210155         0.2321844
                                9.286663          0.4679413
                                3.163927          0.362312
[INPUT] 0    0    [3    /1   ]  7.8682724         -0.1193324
                                1.8812885         -0.1608542
                                0.5442493         1.1434564
[INPUT] 0    0    [1    /1   ]  0.1687144            1
[INPUT] 1    0    [3    /1   ]  7.8682724         0.0689991
                                1.8812885         0.316424
                                0.5442493         0.7443083
[INPUT] 1    0    [1    /1   ]  0.1687144            1
[INPUT] 2    0    [1    /1   ]  0.8                  1
[INPUT] H
[INPUT] 0    0    [3    /1   ]  18.731137         0.0334946
                                2.8253937         0.23472695
                                0.6401217         0.81375733
[INPUT] 0    0    [1    /1   ]  0.1612778            1
[INPUT] N
[INPUT] 0    0    [6    /1   ]  4173.511          0.0018348
                                627.4579          0.013995
                                142.9021          0.068587
                                40.23433          0.232241
                                12.82021          0.46907
                                4.390437          0.360455
[INPUT] 0    0    [3    /1   ]  11.626358         -0.114961
                                2.71628           -0.169118
                                0.772218          1.145852
[INPUT] 0    0    [1    /1   ]  0.2120313            1
[INPUT] 1    0    [3    /1   ]  11.626358         0.06758
                                2.71628           0.323907
                                0.772218          0.740895
[INPUT] 1    0    [1    /1   ]  0.2120313            1
[INPUT] 2    0    [1    /1   ]  0.8                  1

nuclear repulsion = 376.69410474928
number of shells = 66
number of NR pGTOs = 272
number of NR cGTOs = 132
basis = 631g*
ecp = {}
CPU time:         0.36


******** <class 'pyscf.dft.rks.RKS'> ********
method = RKS
initial guess = minao
damping factor = 0
level_shift factor = 0
DIIS = <class 'pyscf.scf.diis.CDIIS'>
diis_start_cycle = 1
diis_space = 8
SCF conv_tol = 1e-09
SCF conv_tol_grad = None
SCF max_cycles = 50
direct_scf = True
direct_scf_tol = 1e-13
chkfile to save SCF result = /scratch/global/yangjunjie/tmpesgg8mcq
max_memory 127949 MB (current use 81 MB)
XC library pyscf.dft.libxc version 5.2.0
    S. Lehtola, C. Steigemann, M. J. Oliveira, and M. A. Marques, SoftwareX 7, 1 (2018)
XC functionals = b3lyp
    P. A. M. Dirac, Math. Proc. Cambridge Philos. Soc. 26, 376 (1930)
    F. Bloch, Z. Phys. 57, 545 (1929)
    A. D. Becke, Phys. Rev. A 38, 3098 (1988)
    C. Lee, W. Yang, and R. G. Parr, Phys. Rev. B 37, 785 (1988)
    B. Miehlich, A. Savin, H. Stoll, and H. Preuss, Chem. Phys. Lett. 157, 200 (1989)
    S. H. Vosko, L. Wilk, and M. Nusair, Can. J. Phys. 58, 1200 (1980)
radial grids: 
    Treutler-Ahlrichs [JCP 102, 346 (1995); DOI:10.1063/1.469408] (M4) radial grids
    
becke partition: Becke, JCP 88, 2547 (1988); DOI:10.1063/1.454033
pruning grids: <function nwchem_prune at 0x7f3ac79e1ee0>
grids dens level: 3
symmetrized grids: False
atomic radii adjust function: <function treutler_atomic_radii_adjust at 0x7f3ac79e1e50>
small_rho_cutoff = 1e-07
Set gradient conv threshold to 3.16228e-05
atom C rad-grids = 75, ang-grids = [ 50  50  50  50  50  50  50  50  50  50  50  50  50  50  50  50  50  50
  50  50  50  50  50  86  86  86  86  86  86  86  86  86  86 266 266 266
 266 266 266 266 302 302 302 302 302 302 302 302 302 302 302 302 302 302
 302 302 302 302 302 302 266 266 266 266 266 266 266 266 266 266 266 266
 266 266 266]
atom N rad-grids = 75, ang-grids = [ 50  50  50  50  50  50  50  50  50  50  50  50  50  50  50  50  50  50
  50  50  50  50  50  86  86  86  86  86  86  86  86  86 266 266 266 266
 266 266 266 302 302 302 302 302 302 302 302 302 302 302 302 302 302 302
 302 302 302 302 266 266 266 266 266 266 266 266 266 266 266 266 266 266
 266 266 266]
atom H rad-grids = 50, ang-grids = [ 50  50  50  50  50  50  50  50  50  50  50  50  50  50  86  86  86  86
 266 266 266 266 302 302 302 302 302 302 302 302 302 302 302 302 302 266
 266 266 266 266 266 266 266 266 266 266 266 266 266 266]
atom Cl rad-grids = 80, ang-grids = [ 50  50  50  50  50  50  50  50  50  50  50  50  50  50  50  50  50  50
  50  50  50  50  50  50  86  86  86  86  86  86  86  86  86  86  86  86
  86 350 350 350 350 350 350 350 350 350 434 434 434 434 434 434 434 434
 434 434 434 434 434 434 434 434 434 434 350 350 350 350 350 350 350 350
 350 350 350 350 350 350 350 350]
tot grids = 196530
Drop grids 33189
    CPU time for setting up grids      3.96 sec, wall time      0.19 sec
nelec by numeric integration = 67.97633171810875
    CPU time for vxc      5.91 sec, wall time      0.24 sec
E1 = -1766.5725545274943  Ecoul = 711.2175781528449  Exc = -70.38115640742731
init E= -749.042028032797
cond(S) = 6234.188730475969
    CPU time for initialize scf     17.22 sec, wall time      0.83 sec
  HOMO = -0.292516932310636  LUMO = -0.0964877804385641
  mo_energy =
[-1.01597214e+02 -1.44098950e+01 -1.02914638e+01 -1.02904303e+01
 -1.02899760e+01 -1.02889693e+01 -1.02853600e+01 -1.02848421e+01
 -9.53817501e+00 -7.29407259e+00 -7.29286504e+00 -7.29286442e+00
 -1.10347377e+00 -9.39336763e-01 -9.30394117e-01 -8.84676073e-01
 -7.58497399e-01 -7.14684538e-01 -7.02434959e-01 -5.77408468e-01
 -5.30888087e-01 -5.13721982e-01 -4.74081579e-01 -4.73461046e-01
 -4.62856378e-01 -4.61139343e-01 -4.37338815e-01 -4.28938808e-01
 -3.99921653e-01 -3.44165382e-01 -3.42933456e-01 -3.26873210e-01
 -2.97367071e-01 -2.92516932e-01 -9.64877804e-02 -8.13362470e-02
 -3.40478905e-02  5.25394194e-02  6.83337425e-02  7.76041844e-02
  9.06020623e-02  1.13757071e-01  1.21593378e-01  1.22878125e-01
  1.44562709e-01  1.65252716e-01  2.01497177e-01  2.40549104e-01
  2.55797199e-01  2.59415798e-01  3.59695176e-01  3.83717229e-01
  4.02954739e-01  4.14938764e-01  4.14943767e-01  4.23546037e-01
  4.64651664e-01  4.75812720e-01  4.87643609e-01  5.07920958e-01
  5.29482323e-01  5.37534502e-01  5.42446196e-01  5.51796482e-01
  5.55187284e-01  5.57018253e-01  5.63361831e-01  6.07769205e-01
  6.26511244e-01  6.39809423e-01  6.88697371e-01  7.64916855e-01
  7.70899386e-01  7.88622815e-01  7.89030086e-01  7.92025114e-01
  8.00048812e-01  8.03843747e-01  8.27257184e-01  8.41312260e-01
  8.49560910e-01  8.69756800e-01  8.79768376e-01  8.98854072e-01
  9.07612472e-01  9.24302375e-01  9.79162928e-01  1.00753342e+00
  1.03559884e+00  1.07871984e+00  1.12226952e+00  1.15248544e+00
  1.16277954e+00  1.17892607e+00  1.30831617e+00  1.34877821e+00
  1.39559128e+00  1.41376531e+00  1.41537066e+00  1.45138322e+00
  1.45213721e+00  1.47250755e+00  1.62431579e+00  1.62508438e+00
  1.64391480e+00  1.69859904e+00  1.75101999e+00  1.77341198e+00
  1.86719351e+00  1.89442686e+00  1.98608263e+00  2.05122292e+00
  2.06152146e+00  2.09947753e+00  2.10327942e+00  2.12939708e+00
  2.14773592e+00  2.16871553e+00  2.18451890e+00  2.21664826e+00
  2.25641486e+00  2.30254849e+00  2.47692383e+00  2.48526585e+00
  2.58154799e+00  2.61056789e+00  2.62338773e+00  2.63663180e+00
  2.70113125e+00  2.70822162e+00  2.95940451e+00  3.31823436e+00]
nelec by numeric integration = 68.00003219153385
    CPU time for vxc      5.92 sec, wall time      0.21 sec
E1 = -1774.6838867026286  Ecoul = 720.7344057861021  Exc = -70.8279280031536
cycle= 1 E= -748.0833041704  delta_E= 0.959  |g|= 0.381  |ddm|= 3.94
    CPU time for cycle= 1      6.42 sec, wall time      0.23 sec
  HOMO = -0.194252910792839  LUMO = 0.0115371538193613
  mo_energy =
[-1.01353846e+02 -1.41899905e+01 -1.01909743e+01 -1.01897622e+01
 -1.01486561e+01 -1.01288124e+01 -1.00967111e+01 -1.00963357e+01
 -9.31000469e+00 -7.07085282e+00 -7.06095688e+00 -7.06094802e+00
 -9.00019262e-01 -7.73709093e-01 -7.58728294e-01 -7.33516055e-01
 -6.18479751e-01 -6.03472062e-01 -5.99596096e-01 -5.11255109e-01
 -4.59904443e-01 -4.39503845e-01 -4.13347694e-01 -4.01746641e-01
 -3.98922365e-01 -3.75187994e-01 -3.65126202e-01 -3.43422039e-01
 -3.36903432e-01 -2.50195471e-01 -2.37053346e-01 -2.25471570e-01
 -2.24753909e-01 -1.94252911e-01  1.15371538e-02  1.33312290e-02
  8.29518388e-02  1.11644500e-01  1.31810836e-01  1.39090660e-01
  1.60494212e-01  1.66613776e-01  1.76914350e-01  1.84459085e-01
  1.85799256e-01  2.15373108e-01  2.80661974e-01  3.12747492e-01
  3.39267006e-01  3.45858440e-01  4.63544940e-01  4.69686513e-01
  4.79019254e-01  5.15418308e-01  5.15688256e-01  5.19252616e-01
  5.33204898e-01  5.62844829e-01  5.71804818e-01  5.97094983e-01
  6.00327721e-01  6.04099902e-01  6.19472943e-01  6.24560332e-01
  6.33170291e-01  6.34403566e-01  6.68074911e-01  6.74614029e-01
  7.13831856e-01  7.20213641e-01  7.78906165e-01  8.31060162e-01
  8.49009289e-01  8.70433322e-01  8.75194495e-01  8.94340674e-01
  9.12668939e-01  9.23951236e-01  9.32925555e-01  9.52071101e-01
  9.55062748e-01  9.75401297e-01  9.81685584e-01  1.00188080e+00
  1.02334287e+00  1.02479417e+00  1.06037277e+00  1.09361211e+00
  1.10407035e+00  1.14600299e+00  1.18052057e+00  1.23564735e+00
  1.26084123e+00  1.28827948e+00  1.40993088e+00  1.42173773e+00
  1.47162211e+00  1.50964162e+00  1.51933821e+00  1.54437459e+00
  1.56569644e+00  1.56781289e+00  1.73960449e+00  1.74000181e+00
  1.74132186e+00  1.79443587e+00  1.87107963e+00  1.88335735e+00
  1.97271089e+00  1.99457552e+00  2.10078966e+00  2.16546727e+00
  2.16867524e+00  2.20917646e+00  2.21539102e+00  2.24652448e+00
  2.25752910e+00  2.27652401e+00  2.29130838e+00  2.32211984e+00
  2.37741125e+00  2.41093080e+00  2.58094779e+00  2.59663632e+00
  2.70491331e+00  2.72649758e+00  2.73928345e+00  2.76117076e+00
  2.83213355e+00  2.83562762e+00  3.09003977e+00  3.44800136e+00]
nelec by numeric integration = 68.0000306941228
    CPU time for vxc      6.24 sec, wall time      0.22 sec
E1 = -1767.190885041703  Ecoul = 712.6547884660407  Exc = -70.24260033235775
cycle= 2 E= -748.08459215874  delta_E= -0.00129  |g|= 0.403  |ddm|= 0.977
    CPU time for cycle= 2      6.74 sec, wall time      0.24 sec
  HOMO = -0.259123514597198  LUMO = -0.0302427483568966
  mo_energy =
[-1.01467232e+02 -1.43549003e+01 -1.02133406e+01 -1.02128636e+01
 -1.02057656e+01 -1.01988880e+01 -1.01985900e+01 -1.01947211e+01
 -9.40202458e+00 -7.16479016e+00 -7.15516250e+00 -7.15515274e+00
 -9.61184842e-01 -8.13857212e-01 -8.08854108e-01 -7.70430065e-01
 -6.48039639e-01 -6.44837755e-01 -6.31114209e-01 -5.37708271e-01
 -4.88647124e-01 -4.82620713e-01 -4.40216654e-01 -4.21906773e-01
 -4.17153190e-01 -4.13672613e-01 -4.06815504e-01 -3.78900179e-01
 -3.72530728e-01 -2.99959988e-01 -2.69259168e-01 -2.62655414e-01
 -2.62171566e-01 -2.59123515e-01 -3.02427484e-02 -2.03450078e-02
  6.10034063e-02  9.20472302e-02  1.22035222e-01  1.28953765e-01
  1.38616975e-01  1.49379429e-01  1.56596145e-01  1.74024029e-01
  1.76661114e-01  2.06981010e-01  2.52245690e-01  2.87696306e-01
  3.13295249e-01  3.13831681e-01  4.37913112e-01  4.40570830e-01
  4.49474516e-01  4.88206319e-01  4.88748490e-01  4.88981921e-01
  5.05710949e-01  5.28521724e-01  5.48766936e-01  5.75522129e-01
  5.78046118e-01  5.79516822e-01  5.88641907e-01  5.95390457e-01
  6.00911584e-01  6.05774563e-01  6.27176719e-01  6.47847749e-01
  6.80826229e-01  6.92502950e-01  7.48461696e-01  8.16091248e-01
  8.23784549e-01  8.42478200e-01  8.49608250e-01  8.51259738e-01
  8.85217165e-01  8.88876642e-01  9.08244877e-01  9.18561878e-01
  9.28549812e-01  9.38285034e-01  9.40437836e-01  9.77946319e-01
  9.84416106e-01  9.89988686e-01  1.02696817e+00  1.06741893e+00
  1.08109806e+00  1.12083473e+00  1.15947594e+00  1.20416765e+00
  1.22737682e+00  1.24217497e+00  1.36894787e+00  1.38999732e+00
  1.45154664e+00  1.46011162e+00  1.47846510e+00  1.51009363e+00
  1.51328537e+00  1.53217010e+00  1.69799414e+00  1.71486635e+00
  1.71531488e+00  1.75851028e+00  1.82480689e+00  1.83547556e+00
  1.92971231e+00  1.96036263e+00  2.05820279e+00  2.12340311e+00
  2.12494838e+00  2.16589853e+00  2.16943450e+00  2.20795264e+00
  2.22275586e+00  2.25643551e+00  2.27091553e+00  2.28473911e+00
  2.32670642e+00  2.36549696e+00  2.54237639e+00  2.55012632e+00
  2.65813000e+00  2.68045162e+00  2.69395248e+00  2.71695699e+00
  2.78126517e+00  2.78427146e+00  3.03946588e+00  3.40090509e+00]
nelec by numeric integration = 68.00003022789755
    CPU time for vxc      6.10 sec, wall time      0.25 sec
E1 = -1770.701323378211  Ecoul = 716.3898826555142  Exc = -70.50721591550194
cycle= 3 E= -748.124551888919  delta_E= -0.04  |g|= 0.0801  |ddm|= 0.485
    CPU time for cycle= 3      6.65 sec, wall time      0.27 sec
  HOMO = -0.255133876662681  LUMO = -0.030917512937062
  mo_energy =
[-1.01492004e+02 -1.43266027e+01 -1.02313239e+01 -1.02309985e+01
 -1.02165561e+01 -1.02078580e+01 -1.02076197e+01 -1.02073332e+01
 -9.42269510e+00 -7.18577686e+00 -7.17628834e+00 -7.17627793e+00
 -9.56854670e-01 -8.18624426e-01 -8.14838444e-01 -7.75280514e-01
 -6.54271860e-01 -6.46035034e-01 -6.36316054e-01 -5.40959192e-01
 -4.91863438e-01 -4.85873330e-01 -4.44786915e-01 -4.24584589e-01
 -4.20853356e-01 -4.16126107e-01 -4.07760215e-01 -3.82058287e-01
 -3.80388092e-01 -2.99827799e-01 -2.74309589e-01 -2.71560957e-01
 -2.70970862e-01 -2.55133877e-01 -3.09175129e-02 -2.45810681e-02
  5.58714544e-02  9.00574691e-02  1.20059726e-01  1.26863431e-01
  1.36516532e-01  1.48181980e-01  1.55536736e-01  1.72626316e-01
  1.75388902e-01  2.05368753e-01  2.50964114e-01  2.85136350e-01
  3.11238269e-01  3.12361951e-01  4.30206548e-01  4.37845884e-01
  4.46849261e-01  4.82298006e-01  4.82635883e-01  4.84352205e-01
  5.02196017e-01  5.26830228e-01  5.45239660e-01  5.71703747e-01
  5.74777654e-01  5.75670627e-01  5.85796591e-01  5.91582568e-01
  5.98260399e-01  6.01722954e-01  6.28107988e-01  6.44148311e-01
  6.78415811e-01  6.88369283e-01  7.46477328e-01  8.11947432e-01
  8.20750996e-01  8.39301197e-01  8.46454642e-01  8.55808331e-01
  8.78692912e-01  8.82339813e-01  9.03839033e-01  9.14314444e-01
  9.22145571e-01  9.32081303e-01  9.32525248e-01  9.72642900e-01
  9.77642993e-01  9.83891616e-01  1.02738596e+00  1.06449443e+00
  1.07792927e+00  1.11951805e+00  1.15718100e+00  1.20294535e+00
  1.22348075e+00  1.23881914e+00  1.36534446e+00  1.39096482e+00
  1.45059879e+00  1.45708817e+00  1.47299411e+00  1.50623643e+00
  1.51470575e+00  1.53372247e+00  1.69794185e+00  1.70962539e+00
  1.70991512e+00  1.75804755e+00  1.82061671e+00  1.83476869e+00
  1.92780513e+00  1.95593907e+00  2.05319826e+00  2.11905601e+00
  2.12096042e+00  2.16323775e+00  2.16597348e+00  2.20553252e+00
  2.21781365e+00  2.25221458e+00  2.26681596e+00  2.27924652e+00
  2.32459954e+00  2.36498370e+00  2.53786722e+00  2.54879689e+00
  2.65473253e+00  2.67784305e+00  2.69167624e+00  2.71244885e+00
  2.77913954e+00  2.78140713e+00  3.03833090e+00  3.39752758e+00]
nelec by numeric integration = 68.00003057734449
    CPU time for vxc      5.99 sec, wall time      0.21 sec
E1 = -1770.9582069575208  Ecoul = 716.6642895411456  Exc = -70.52588706607472
cycle= 4 E= -748.12569973317  delta_E= -0.00115  |g|= 0.0344  |ddm|= 0.0922
    CPU time for cycle= 4      6.52 sec, wall time      0.23 sec
  HOMO = -0.25810244493183  LUMO = -0.0298903934063788
  mo_energy =
[-1.01486717e+02 -1.43357726e+01 -1.02291082e+01 -1.02290981e+01
 -1.02105547e+01 -1.02080815e+01 -1.02014895e+01 -1.02014423e+01
 -9.41884224e+00 -7.18173062e+00 -7.17232665e+00 -7.17231615e+00
 -9.57643523e-01 -8.17420871e-01 -8.11994262e-01 -7.73177736e-01
 -6.54955809e-01 -6.45146703e-01 -6.34258274e-01 -5.39377112e-01
 -4.90283656e-01 -4.84420234e-01 -4.42848693e-01 -4.25609110e-01
 -4.21826615e-01 -4.14643668e-01 -4.07357679e-01 -3.80523123e-01
 -3.79704616e-01 -2.98372651e-01 -2.72059710e-01 -2.70884019e-01
 -2.70221649e-01 -2.58102445e-01 -2.98903934e-02 -2.26043460e-02
  5.59945216e-02  9.11711369e-02  1.19780206e-01  1.26949298e-01
  1.37831342e-01  1.48435098e-01  1.56235850e-01  1.71550008e-01
  1.76035804e-01  2.05013550e-01  2.52065784e-01  2.87139630e-01
  3.12386685e-01  3.13052298e-01  4.30724047e-01  4.38882901e-01
  4.47777005e-01  4.82660712e-01  4.82982409e-01  4.84933146e-01
  5.04126562e-01  5.28026535e-01  5.45178152e-01  5.71679664e-01
  5.76162089e-01  5.77598022e-01  5.88527411e-01  5.93182780e-01
  6.00207071e-01  6.03939369e-01  6.26967827e-01  6.45797992e-01
  6.80749890e-01  6.88570605e-01  7.45821020e-01  8.12885287e-01
  8.23417431e-01  8.40135540e-01  8.48246469e-01  8.53416053e-01
  8.79030006e-01  8.82478501e-01  9.04164310e-01  9.16125693e-01
  9.23191975e-01  9.32557756e-01  9.33873639e-01  9.73892981e-01
  9.77749477e-01  9.84013648e-01  1.02678615e+00  1.06508728e+00
  1.07857094e+00  1.12024654e+00  1.15913320e+00  1.20386327e+00
  1.22295332e+00  1.24078464e+00  1.36763505e+00  1.39126953e+00
  1.45103988e+00  1.45987186e+00  1.47614803e+00  1.50727685e+00
  1.51424905e+00  1.53135616e+00  1.69839048e+00  1.70879462e+00
  1.70895106e+00  1.75825598e+00  1.82330272e+00  1.83592495e+00
  1.93024188e+00  1.95811279e+00  2.05608230e+00  2.12169011e+00
  2.12310803e+00  2.16602029e+00  2.16717272e+00  2.20609697e+00
  2.21766747e+00  2.25115047e+00  2.26573165e+00  2.28144297e+00
  2.32651627e+00  2.36512271e+00  2.54020278e+00  2.55019778e+00
  2.65664322e+00  2.67963711e+00  2.69227945e+00  2.71431600e+00
  2.78119274e+00  2.78264412e+00  3.03837247e+00  3.39891969e+00]
nelec by numeric integration = 68.00003041676437
    CPU time for vxc      5.97 sec, wall time      0.21 sec
E1 = -1770.8943148600488  Ecoul = 716.5960305064336  Exc = -70.52177145622969
cycle= 5 E= -748.125951060565  delta_E= -0.000251  |g|= 0.0107  |ddm|= 0.0414
    CPU time for cycle= 5      6.47 sec, wall time      0.23 sec
  HOMO = -0.256587258324865  LUMO = -0.0294472053479528
  mo_energy =
[-1.01484081e+02 -1.43329220e+01 -1.02260115e+01 -1.02259388e+01
 -1.02122761e+01 -1.02056764e+01 -1.02027355e+01 -1.02026947e+01
 -9.41682074e+00 -7.17963775e+00 -7.17024889e+00 -7.17023830e+00
 -9.55942993e-01 -8.16656165e-01 -8.12212178e-01 -7.72409266e-01
 -6.53887263e-01 -6.44524623e-01 -6.33932671e-01 -5.39120381e-01
 -4.89712735e-01 -4.84325249e-01 -4.42459293e-01 -4.24655143e-01
 -4.20940780e-01 -4.14628105e-01 -4.06457627e-01 -3.80322082e-01
 -3.78866234e-01 -2.98294659e-01 -2.71527761e-01 -2.70100400e-01
 -2.69462561e-01 -2.56587258e-01 -2.94472053e-02 -2.21129891e-02
  5.69150070e-02  9.11730630e-02  1.20253878e-01  1.27434768e-01
  1.38284390e-01  1.48632642e-01  1.56307007e-01  1.72234179e-01
  1.76086283e-01  2.05612626e-01  2.52451436e-01  2.87046518e-01
  3.12718857e-01  3.13682072e-01  4.31378821e-01  4.39321668e-01
  4.48188457e-01  4.83227750e-01  4.83552781e-01  4.85506710e-01
  5.04509145e-01  5.28293583e-01  5.45744467e-01  5.72440339e-01
  5.76631779e-01  5.77996142e-01  5.88326791e-01  5.93471016e-01
  6.00233805e-01  6.03921688e-01  6.28159261e-01  6.46204714e-01
  6.80402164e-01  6.89676627e-01  7.46975040e-01  8.13629367e-01
  8.22723301e-01  8.40655578e-01  8.48228660e-01  8.54755486e-01
  8.79924806e-01  8.83431331e-01  9.04685685e-01  9.16257184e-01
  9.23721714e-01  9.33479147e-01  9.34200045e-01  9.74420290e-01
  9.78746128e-01  9.84846947e-01  1.02776961e+00  1.06562085e+00
  1.07905606e+00  1.12074063e+00  1.15893734e+00  1.20418784e+00
  1.22383702e+00  1.24125083e+00  1.36796700e+00  1.39161666e+00
  1.45159043e+00  1.45969875e+00  1.47608687e+00  1.50852052e+00
  1.51538387e+00  1.53251368e+00  1.69911810e+00  1.70997451e+00
  1.71014940e+00  1.75925136e+00  1.82342944e+00  1.83628021e+00
  1.92999466e+00  1.95858912e+00  2.05632243e+00  2.12190867e+00
  2.12364292e+00  2.16575722e+00  2.16824524e+00  2.20699999e+00
  2.21882245e+00  2.25223901e+00  2.26683891e+00  2.28207508e+00
  2.32655484e+00  2.36627638e+00  2.54066241e+00  2.55065038e+00
  2.65715038e+00  2.68001250e+00  2.69320528e+00  2.71499693e+00
  2.78128930e+00  2.78337067e+00  3.03953370e+00  3.39957635e+00]
nelec by numeric integration = 68.00003044607243
    CPU time for vxc      6.01 sec, wall time      0.21 sec
E1 = -1770.8311429359496  Ecoul = 716.5288825953704  Exc = -70.51782234856633
cycle= 6 E= -748.125977939866  delta_E= -2.69e-05  |g|= 0.00462  |ddm|= 0.0158
    CPU time for cycle= 6      6.58 sec, wall time      0.24 sec
  HOMO = -0.256906262198907  LUMO = -0.029497881243336
  mo_energy =
[-1.01484113e+02 -1.43335746e+01 -1.02270983e+01 -1.02270169e+01
 -1.02114299e+01 -1.02057887e+01 -1.02024143e+01 -1.02023821e+01
 -9.41689165e+00 -7.17970161e+00 -7.17031608e+00 -7.17030546e+00
 -9.56540815e-01 -8.16777733e-01 -8.12120383e-01 -7.72666568e-01
 -6.53951577e-01 -6.44657968e-01 -6.33974737e-01 -5.39158822e-01
 -4.89866642e-01 -4.84304585e-01 -4.42617955e-01 -4.24805773e-01
 -4.21057876e-01 -4.14551858e-01 -4.06723624e-01 -3.80349174e-01
 -3.78958861e-01 -2.98266806e-01 -2.71721686e-01 -2.70212885e-01
 -2.69579395e-01 -2.56906262e-01 -2.94978812e-02 -2.22668472e-02
  5.68005892e-02  9.12437010e-02  1.20204833e-01  1.27351757e-01
  1.38205805e-01  1.48634284e-01  1.56363887e-01  1.72116362e-01
  1.76128000e-01  2.05504745e-01  2.52346364e-01  2.87111141e-01
  3.12677277e-01  3.13527781e-01  4.31346989e-01  4.39213714e-01
  4.48102099e-01  4.83123745e-01  4.83447974e-01  4.85323755e-01
  5.04394024e-01  5.28258678e-01  5.45672977e-01  5.72314290e-01
  5.76511929e-01  5.77865177e-01  5.88371242e-01  5.93437312e-01
  6.00241422e-01  6.03958889e-01  6.27875000e-01  6.46082575e-01
  6.80557050e-01  6.89426243e-01  7.46744769e-01  8.13437957e-01
  8.23016678e-01  8.40554912e-01  8.48256209e-01  8.54480976e-01
  8.79798923e-01  8.83292889e-01  9.04691723e-01  9.16305465e-01
  9.23668449e-01  9.33353661e-01  9.34198117e-01  9.74348033e-01
  9.78616162e-01  9.84752190e-01  1.02754702e+00  1.06553647e+00
  1.07898671e+00  1.12062407e+00  1.15902425e+00  1.20412176e+00
  1.22369491e+00  1.24111805e+00  1.36784040e+00  1.39156216e+00
  1.45146511e+00  1.45976073e+00  1.47612239e+00  1.50810140e+00
  1.51505701e+00  1.53233663e+00  1.69892031e+00  1.70983473e+00
  1.71001547e+00  1.75897126e+00  1.82339890e+00  1.83621824e+00
  1.93008865e+00  1.95840634e+00  2.05623511e+00  2.12184779e+00
  2.12343960e+00  2.16586167e+00  2.16790638e+00  2.20682043e+00
  2.21862172e+00  2.25211529e+00  2.26670546e+00  2.28187382e+00
  2.32662463e+00  2.36592454e+00  2.54049989e+00  2.55052968e+00
  2.65699835e+00  2.67992571e+00  2.69298872e+00  2.71481213e+00
  2.78132151e+00  2.78318799e+00  3.03924811e+00  3.39944484e+00]
nelec by numeric integration = 68.00003043366428
    CPU time for vxc      6.07 sec, wall time      0.22 sec
E1 = -1770.8453811745735  Ecoul = 716.543621252096  Exc = -70.51832872549625
cycle= 7 E= -748.125983898694  delta_E= -5.96e-06  |g|= 0.000492  |ddm|= 0.00476
    CPU time for cycle= 7      6.61 sec, wall time      0.24 sec
  HOMO = -0.256880796221552  LUMO = -0.0294873801007433
  mo_energy =
[-1.01484361e+02 -1.43335369e+01 -1.02270267e+01 -1.02269641e+01
 -1.02115568e+01 -1.02059968e+01 -1.02023032e+01 -1.02022852e+01
 -9.41708215e+00 -7.17990028e+00 -7.17051098e+00 -7.17050037e+00
 -9.56508886e-01 -8.16852753e-01 -8.12130583e-01 -7.72622389e-01
 -6.54015276e-01 -6.44634809e-01 -6.33954935e-01 -5.39146828e-01
 -4.89840630e-01 -4.84279301e-01 -4.42584277e-01 -4.24845529e-01
 -4.21106191e-01 -4.14567473e-01 -4.06707583e-01 -3.80334177e-01
 -3.79032447e-01 -2.98264336e-01 -2.71688117e-01 -2.70287455e-01
 -2.69646383e-01 -2.56880796e-01 -2.94873801e-02 -2.22337324e-02
  5.67380536e-02  9.12311851e-02  1.20198581e-01  1.27359147e-01
  1.38228765e-01  1.48635317e-01  1.56364317e-01  1.72093710e-01
  1.76133742e-01  2.05501742e-01  2.52356316e-01  2.87120675e-01
  3.12694762e-01  3.13553146e-01  4.31280820e-01  4.39226800e-01
  4.48114180e-01  4.83070986e-01  4.83394694e-01  4.85288733e-01
  5.04412295e-01  5.28269151e-01  5.45636868e-01  5.72294032e-01
  5.76537179e-01  5.77897725e-01  5.88380998e-01  5.93428258e-01
  6.00244260e-01  6.03967429e-01  6.27880295e-01  6.46111579e-01
  6.80561892e-01  6.89443862e-01  7.46743236e-01  8.13464405e-01
  8.23000309e-01  8.40574819e-01  8.48282719e-01  8.54489717e-01
  8.79740253e-01  8.83225857e-01  9.04658361e-01  9.16289256e-01
  9.23635802e-01  9.33279187e-01  9.34171986e-01  9.74335090e-01
  9.78549100e-01  9.84698163e-01  1.02756877e+00  1.06552390e+00
  1.07897484e+00  1.12062728e+00  1.15903169e+00  1.20414040e+00
  1.22364838e+00  1.24114306e+00  1.36786564e+00  1.39157149e+00
  1.45148279e+00  1.45977807e+00  1.47613611e+00  1.50814052e+00
  1.51508367e+00  1.53233834e+00  1.69894499e+00  1.70975844e+00
  1.70993302e+00  1.75899220e+00  1.82341602e+00  1.83623487e+00
  1.93009455e+00  1.95844322e+00  2.05625406e+00  2.12187395e+00
  2.12347565e+00  2.16586883e+00  2.16794072e+00  2.20681103e+00
  2.21857619e+00  2.25204943e+00  2.26664091e+00  2.28191273e+00
  2.32662935e+00  2.36595438e+00  2.54053391e+00  2.55054494e+00
  2.65702851e+00  2.67994509e+00  2.69301818e+00  2.71484950e+00
  2.78133175e+00  2.78321569e+00  3.03927981e+00  3.39947344e+00]
nelec by numeric integration = 68.00003043884163
    CPU time for vxc      6.11 sec, wall time      0.23 sec
E1 = -1770.846929668595  Ecoul = 716.5453095761314  Exc = -70.51846861581285
cycle= 8 E= -748.125983958997  delta_E= -6.03e-08  |g|= 0.000178  |ddm|= 0.000644
    CPU time for cycle= 8      6.67 sec, wall time      0.25 sec
  HOMO = -0.256881748399862  LUMO = -0.0294814971389363
  mo_energy =
[-1.01484364e+02 -1.43335377e+01 -1.02270189e+01 -1.02269445e+01
 -1.02115048e+01 -1.02059676e+01 -1.02023383e+01 -1.02023097e+01
 -9.41707883e+00 -7.17989895e+00 -7.17050779e+00 -7.17049719e+00
 -9.56506597e-01 -8.16841893e-01 -8.12124355e-01 -7.72624593e-01
 -6.54006641e-01 -6.44635632e-01 -6.33951772e-01 -5.39142162e-01
 -4.89839141e-01 -4.84285261e-01 -4.42587753e-01 -4.24836035e-01
 -4.21096023e-01 -4.14557445e-01 -4.06704447e-01 -3.80334000e-01
 -3.79025767e-01 -2.98258545e-01 -2.71690634e-01 -2.70281462e-01
 -2.69640925e-01 -2.56881748e-01 -2.94814971e-02 -2.22366055e-02
  5.67456613e-02  9.12340165e-02  1.20202420e-01  1.27359940e-01
  1.38229516e-01  1.48635018e-01  1.56367383e-01  1.72100007e-01
  1.76133262e-01  2.05505598e-01  2.52358629e-01  2.87123334e-01
  3.12694749e-01  3.13552190e-01  4.31278500e-01  4.39227511e-01
  4.48115661e-01  4.83075474e-01  4.83399236e-01  4.85294866e-01
  5.04414558e-01  5.28270808e-01  5.45644037e-01  5.72299466e-01
  5.76534763e-01  5.77894681e-01  5.88382987e-01  5.93437230e-01
  6.00249773e-01  6.03969654e-01  6.27883143e-01  6.46109242e-01
  6.80563276e-01  6.89446232e-01  7.46748456e-01  8.13464231e-01
  8.23010152e-01  8.40574175e-01  8.48276248e-01  8.54492181e-01
  8.79747535e-01  8.83233757e-01  9.04663327e-01  9.16292520e-01
  9.23641633e-01  9.33287005e-01  9.34176268e-01  9.74339332e-01
  9.78553944e-01  9.84703308e-01  1.02756881e+00  1.06552660e+00
  1.07897802e+00  1.12063061e+00  1.15903199e+00  1.20413895e+00
  1.22365344e+00  1.24114419e+00  1.36786689e+00  1.39157342e+00
  1.45148294e+00  1.45977711e+00  1.47614111e+00  1.50814180e+00
  1.51508537e+00  1.53234170e+00  1.69894451e+00  1.70977318e+00
  1.70994860e+00  1.75899502e+00  1.82341862e+00  1.83623779e+00
  1.93009723e+00  1.95844040e+00  2.05625861e+00  2.12187398e+00
  2.12347402e+00  2.16587215e+00  2.16794244e+00  2.20681851e+00
  2.21858714e+00  2.25206295e+00  2.26665445e+00  2.28191031e+00
  2.32663455e+00  2.36595618e+00  2.54053296e+00  2.55054869e+00
  2.65702791e+00  2.67994807e+00  2.69301867e+00  2.71484781e+00
  2.78133659e+00  2.78321758e+00  3.03928160e+00  3.39947455e+00]
nelec by numeric integration = 68.00003043837523
    CPU time for vxc      5.91 sec, wall time      0.21 sec
E1 = -1770.8465456688914  Ecoul = 716.5449047418506  Exc = -70.51844778825594
cycle= 9 E= -748.125983966017  delta_E= -7.02e-09  |g|= 4.76e-05  |ddm|= 0.000162
    CPU time for cycle= 9      6.45 sec, wall time      0.23 sec
  HOMO = -0.256887069252548  LUMO = -0.0294867943372323
  mo_energy =
[-1.01484335e+02 -1.43335451e+01 -1.02270220e+01 -1.02269557e+01
 -1.02115219e+01 -1.02059575e+01 -1.02023369e+01 -1.02023160e+01
 -9.41705444e+00 -7.17987421e+00 -7.17048293e+00 -7.17047233e+00
 -9.56512063e-01 -8.16834563e-01 -8.12128126e-01 -7.72628553e-01
 -6.54002447e-01 -6.44640193e-01 -6.33955877e-01 -5.39146281e-01
 -4.89844432e-01 -4.84287659e-01 -4.42590547e-01 -4.24835501e-01
 -4.21094795e-01 -4.14561384e-01 -4.06708142e-01 -3.80337901e-01
 -3.79019114e-01 -2.98263779e-01 -2.71693327e-01 -2.70271051e-01
 -2.69631562e-01 -2.56887069e-01 -2.94867943e-02 -2.22403386e-02
  5.67509227e-02  9.12330630e-02  1.20201074e-01  1.27358710e-01
  1.38225151e-01  1.48633783e-01  1.56364942e-01  1.72099845e-01
  1.76132204e-01  2.05503939e-01  2.52355245e-01  2.87119728e-01
  3.12691284e-01  3.13548467e-01  4.31288237e-01  4.39225393e-01
  4.48112963e-01  4.83082821e-01  4.83406638e-01  4.85298798e-01
  5.04410881e-01  5.28267139e-01  5.45645407e-01  5.72299877e-01
  5.76531873e-01  5.77891954e-01  5.88378930e-01  5.93433524e-01
  6.00245820e-01  6.03966118e-01  6.27880091e-01  6.46106333e-01
  6.80559533e-01  6.89443483e-01  7.46745948e-01  8.13461586e-01
  8.23005246e-01  8.40571500e-01  8.48274135e-01  8.54488916e-01
  8.79753833e-01  8.83241184e-01  9.04664349e-01  9.16292963e-01
  9.23644134e-01  9.33296315e-01  9.34177592e-01  9.74339684e-01
  9.78561625e-01  9.84708441e-01  1.02756537e+00  1.06552658e+00
  1.07897765e+00  1.12062793e+00  1.15902908e+00  1.20413577e+00
  1.22365764e+00  1.24113902e+00  1.36786228e+00  1.39156957e+00
  1.45147973e+00  1.45977206e+00  1.47613575e+00  1.50813762e+00
  1.51507987e+00  1.53233819e+00  1.69893994e+00  1.70977606e+00
  1.70995192e+00  1.75899107e+00  1.82341377e+00  1.83623264e+00
  1.93009260e+00  1.95843687e+00  2.05625344e+00  2.12186927e+00
  2.12346988e+00  2.16586647e+00  2.16793810e+00  2.20681563e+00
  2.21858820e+00  2.25206462e+00  2.26665597e+00  2.28190651e+00
  2.32662834e+00  2.36595117e+00  2.54052888e+00  2.55054331e+00
  2.65702301e+00  2.67994299e+00  2.69301346e+00  2.71484322e+00
  2.78133061e+00  2.78321222e+00  3.03927617e+00  3.39946931e+00]
nelec by numeric integration = 68.00003043799687
    CPU time for vxc      5.92 sec, wall time      0.21 sec
E1 = -1770.8464325705168  Ecoul = 716.5447814974075  Exc = -70.5184376428076
cycle= 10 E= -748.125983966637  delta_E= -6.2e-10  |g|= 1.63e-05  |ddm|= 8.09e-05
    CPU time for cycle= 10      6.43 sec, wall time      0.23 sec
  HOMO = -0.256887040210185  LUMO = -0.0294853095680534
  mo_energy =
[-1.01484348e+02 -1.43335472e+01 -1.02270218e+01 -1.02269449e+01
 -1.02115158e+01 -1.02059588e+01 -1.02023425e+01 -1.02023114e+01
 -9.41706545e+00 -7.17988541e+00 -7.17049415e+00 -7.17048355e+00
 -9.56510521e-01 -8.16838199e-01 -8.12127455e-01 -7.72626920e-01
 -6.54003708e-01 -6.44638823e-01 -6.33954338e-01 -5.39144696e-01
 -4.89842746e-01 -4.84286870e-01 -4.42589316e-01 -4.24835784e-01
 -4.21095184e-01 -4.14560421e-01 -4.06706969e-01 -3.80336575e-01
 -3.79021539e-01 -2.98262509e-01 -2.71692174e-01 -2.70275275e-01
 -2.69635386e-01 -2.56887040e-01 -2.94853096e-02 -2.22389142e-02
  5.67490375e-02  9.12332066e-02  1.20201793e-01  1.27359146e-01
  1.38226471e-01  1.48633982e-01  1.56365799e-01  1.72099672e-01
  1.76131856e-01  2.05505131e-01  2.52356266e-01  2.87120812e-01
  3.12692500e-01  3.13549388e-01  4.31285551e-01  4.39225734e-01
  4.48114011e-01  4.83079828e-01  4.83403631e-01  4.85296403e-01
  5.04412450e-01  5.28268042e-01  5.45644730e-01  5.72299625e-01
  5.76533036e-01  5.77893014e-01  5.88380222e-01  5.93435110e-01
  6.00247040e-01  6.03967326e-01  6.27880562e-01  6.46107487e-01
  6.80560483e-01  6.89444829e-01  7.46746898e-01  8.13463103e-01
  8.23006728e-01  8.40572453e-01  8.48274637e-01  8.54489063e-01
  8.79751141e-01  8.83238002e-01  9.04663931e-01  9.16292229e-01
  9.23643196e-01  9.33292429e-01  9.34177077e-01  9.74339499e-01
  9.78558393e-01  9.84706453e-01  1.02756625e+00  1.06552636e+00
  1.07897775e+00  1.12062889e+00  1.15902995e+00  1.20413654e+00
  1.22365539e+00  1.24114069e+00  1.36786393e+00  1.39157023e+00
  1.45148094e+00  1.45977329e+00  1.47613772e+00  1.50813973e+00
  1.51508117e+00  1.53233860e+00  1.69894098e+00  1.70977519e+00
  1.70995092e+00  1.75899243e+00  1.82341536e+00  1.83623385e+00
  1.93009378e+00  1.95843832e+00  2.05625548e+00  2.12187083e+00
  2.12347146e+00  2.16586789e+00  2.16793993e+00  2.20681649e+00
  2.21858780e+00  2.25206427e+00  2.26665574e+00  2.28190814e+00
  2.32662992e+00  2.36595276e+00  2.54053048e+00  2.55054479e+00
  2.65702453e+00  2.67994457e+00  2.69301504e+00  2.71484489e+00
  2.78133208e+00  2.78321400e+00  3.03927777e+00  3.39947096e+00]
nelec by numeric integration = 68.00003043821573
    CPU time for vxc      5.97 sec, wall time      0.21 sec
E1 = -1770.846512666928  Ecoul = 716.5448682866249  Exc = -70.51844433552958
Extra cycle  E= -748.125983966553  delta_E= 8.41e-11  |g|= 2.36e-05  |ddm|= 4.08e-05
    CPU time for scf_cycle     89.22 sec, wall time      3.44 sec
    CPU time for SCF     89.23 sec, wall time      3.44 sec
converged SCF energy = -748.125983966553
Converting <class 'pyscf.dft.rks.RKS'> to RHF


******** <class 'pyscf.tdscf.rks.TDA'> for <class 'pyscf.dft.rks.RKS'> ********
nstates = 5 singlet
wfnsym = None
conv_tol = 1e-09
eigh lindep = 1e-12
eigh level_shift = 0
eigh max_space = 8
eigh max_cycle = 2000
chkfile = /scratch/global/yangjunjie/tmpesgg8mcq
max_memory 127949 MB (current use 600 MB)


davidson 0 5  |r|= 0.192  e= [0.18338818 0.18482339 0.22120827 0.22241929 0.27821531]  max|de|= 0.278  lindep=    1
Old state -> New state
    4     ->     2 
    2     ->     3 
    3     ->     4 
davidson 1 10  |r|= 0.0556  e= [0.18057259 0.1838432  0.21861852 0.22105363 0.22122362]  max|de|= -0.0596  lindep= 0.727
Old state -> New state
    4     ->     3 
    3     ->     4 
davidson 2 15  |r|= 0.0203  e= [0.18044388 0.183814   0.21215747 0.22105042 0.2210527 ]  max|de|= -0.00646  lindep= 0.752
davidson 3 20  |r|= 0.00687  e= [0.18044058 0.18381333 0.21162379 0.22101749 0.22105253]  max|de|= -0.000534  lindep= 0.731
davidson 4 5  |r|= 0.00687  e= [0.18044058 0.18381333 0.21162379 0.22101749 0.22105253]  max|de|= -1.67e-16  lindep=    1
davidson 5 10  |r|= 0.00227  e= [0.18044047 0.18381332 0.21156777 0.22101486 0.22105246]  max|de|= -5.6e-05  lindep= 0.638
root 1 converged  |r|= 2.95e-06  e= 0.18381331593012873  max|de|= -4.24e-10
davidson 6 15  |r|= 0.0021  e= [0.18044046 0.18381332 0.21153916 0.22101369 0.22105239]  max|de|= -2.86e-05  lindep= 0.71
root 0 converged  |r|= 3.06e-06  e= 0.18044045787716465  max|de|= -2.37e-10
davidson 7 19  |r|= 0.000971  e= [0.18044046 0.18381332 0.21152966 0.22101289 0.22105235]  max|de|= -9.51e-06  lindep= 0.884
davidson 8 5  |r|= 0.000971  e= [0.18044046 0.18381332 0.21152966 0.22101289 0.22105235]  max|de|= 1.39e-16  lindep= 0.975
davidson 9 8  |r|= 0.000343  e= [0.18044046 0.18381332 0.2115288  0.22101277 0.22105235]  max|de|= -8.57e-07  lindep= 0.801
root 4 converged  |r|= 2.67e-06  e= 0.22105234692264844  max|de|= -1.18e-10
davidson 10 11  |r|= 0.000166  e= [0.18044046 0.18381332 0.21152847 0.22101271 0.22105235]  max|de|= -3.27e-07  lindep= 0.77
davidson 11 13  |r|= 7.28e-05  e= [0.18044046 0.18381332 0.21152843 0.2210127  0.22105235]  max|de|= -4.51e-08  lindep= 0.701
davidson 12 15  |r|= 6.39e-05  e= [0.18044046 0.18381332 0.21152841 0.22101269 0.22105235]  max|de|= -1.51e-08  lindep= 0.637
davidson 13 17  |r|= 3.44e-05  e= [0.18044046 0.18381332 0.2115284  0.22101268 0.22105235]  max|de|= -7.16e-09  lindep= 0.696
root 2 converged  |r|= 2.48e-05  e= 0.211528404694175  max|de|= 5.55e-17
davidson 14 5  |r|= 3.44e-05  e= [0.18044046 0.18381332 0.2115284  0.22101268 0.22105235]  max|de|= -2.22e-16  lindep= 0.998
davidson 15 6  |r|= 1.53e-05  e= [0.18044046 0.18381332 0.2115284  0.22101268 0.22105235]  max|de|= -1.43e-09  lindep= 0.961
root 3 converged  |r|= 7.46e-06  e= 0.22101267687918047  max|de|= -4.76e-10
converged 16 7  |r|= 7.46e-06  e= [0.18044046 0.18381332 0.2115284  0.22101268 0.22105235]  max|de|= -4.76e-10
    CPU time for TDA    188.87 sec, wall time      6.96 sec
Excited State energies (eV)
[4.91003495 5.0018151  5.75598105 6.01406127 6.01514074]
