 
:: initializing oneAPI environment ...
   slurm_script: BASH_VERSION = 4.2.46(1)-release
   args: Using "$@" for setvars.sh arguments: --force
:: advisor -- latest
:: ccl -- latest
:: clck -- latest
:: compiler -- latest
:: dal -- latest
:: debugger -- latest
:: dev-utilities -- latest
:: dnnl -- latest
:: dpcpp-ct -- latest
:: dpl -- latest
:: inspector -- latest
:: intelpython -- latest
:: ipp -- latest
:: ippcp -- latest
:: ipp -- latest
:: itac -- latest
:: mkl -- latest
:: mpi -- latest
:: tbb -- latest
:: vpl -- latest
:: vtune -- latest
:: oneAPI environment initialized ::
 
SLURM_CPUS_PER_TASK = 28
SLURM_MEM_PER_NODE = 256000
#INFO: **** input file is /home/yangjunjie/work/py-ch3-cl/work/step_-14/main.py ****
import sys
import pyscf
from pyscf import tdscf

def main(xyz_file, basis="631g*", xc="b3lyp", output="ene.out"):
    xyz = None

    with open(xyz_file, "r") as xyz:
        xyz = xyz.readlines()[2:]
        xyz = "".join(xyz)

    mol = pyscf.gto.Mole()
    mol.atom = xyz
    mol.basis = basis
    mol.verbose = 5
    mol.build()

    if xc is not None and xc != "hf":
        mf = pyscf.scf.RKS(mol)
        mf.xc = xc
        mf.kernel()
    else:
        mf = pyscf.scf.RHF(mol)
        mf.kernel()

    ene_mf = mf.e_tot

    tda = pyscf.tdscf.TDA(mf)
    tda.nstates = 50
    tda.max_space = 600
    tda.max_cycle = 2000
    tda.kernel()

    con_tda = tda.converged
    ene_tda = tda.e[:5]
    dip_tda = tda.transition_dipole()[:5]

    rpa = pyscf.tdscf.RPA(mf)
    rpa.nstates = 50
    rpa.max_space = 600
    rpa.max_cycle = 2000
    rpa.kernel()

    con_rpa = rpa.converged
    ene_rpa = rpa.e[:5]
    dip_rpa = rpa.transition_dipole()[:5]

    with open(output, "w") as f:
        f.write(f"RKS energy: {ene_mf: 12.8f}\n")
        f.write("TDA results:\n")
        for i, (con, ene, dip) in enumerate(zip(con_tda, ene_tda, dip_tda)):
            f.write(f" {i:2d} {con} {ene: 12.8f} {dip[0]: 12.8f} {dip[1]: 12.8f} {dip[2]: 12.8f}\n")
        
        f.write("\nRPA results:\n")
        for i, (con, ene, dip) in enumerate(zip(con_rpa, ene_rpa, dip_rpa)):
            f.write(f" {i:2d} {con} {ene: 12.8f} {dip[0]: 12.8f} {dip[1]: 12.8f} {dip[2]: 12.8f}\n")

if __name__ == "__main__":
    xyz = sys.argv[1]
    main(xyz, basis="631g*", xc="b3lyp", output="out.log")
#INFO: ******************** input file end ********************


System: uname_result(system='Linux', node='pauling005', release='3.10.0-327.36.3.el7.x86_64', version='#1 SMP Thu Oct 20 04:56:07 EDT 2016', machine='x86_64')  Threads 28
Python 3.9.7 (default, Oct 27 2021, 01:23:21) 
[GCC 9.3.0]
numpy 1.21.2  scipy 1.6.2
Date: Tue Sep 27 23:24:45 2022
PySCF version 2.0.1
PySCF path  /home/yangjunjie/packages/pyscf/pyscf-main
GIT ORIG_HEAD 14b880cdc4bf7bb64f3989a147c0b04622efc498
GIT HEAD (branch master) 9d5b5bd309d1cc55fbd1a0ec76e26b5b0c7f76af

[ENV] PYSCF_MAX_MEMORY 256000
[ENV] PYSCF_TMPDIR /scratch/global/yangjunjie/
[CONFIG] conf_file /home/yangjunjie/.pyscf_conf.py
[INPUT] verbose = 5
[INPUT] max_memory = 256000 
[INPUT] num. atoms = 16
[INPUT] num. electrons = 68
[INPUT] charge = 0
[INPUT] spin (= nelec alpha-beta = 2S) = 0
[INPUT] symmetry False subgroup None
[INPUT] Mole.unit = angstrom
[INPUT]  1 C      0.000000010000   1.152768110000   1.119736600000 AA    0.000000018897   2.178416013032   2.115995505652 Bohr
[INPUT]  2 C      0.000000000000   1.199357870000   2.519587380000 AA    0.000000000000   2.266457899642   4.761330095110 Bohr
[INPUT]  3 C     -0.000000010000  -0.013295520000   3.201646550000 AA   -0.000000018897  -0.025124891484   6.050235127159 Bohr
[INPUT]  4 C     -0.000000010000  -1.212201590000   2.495722670000 AA   -0.000000018897  -2.290729012862   4.716232329168 Bohr
[INPUT]  5 C      0.000000000000  -1.137849060000   1.096094440000 AA    0.000000000000  -2.150223094494   2.071318298259 Bohr
[INPUT]  6 N      0.000000010000   0.015252390000   0.446453220000 AA    0.000000018897   0.028822839845   0.843674313230 Bohr
[INPUT]  7 C      0.000000000000   0.003225210000  -2.128063190000 AA    0.000000000000   0.006094763594  -4.021456604868 Bohr
[INPUT]  8 H      0.000000020000   2.066586140000   0.529654980000 AA    0.000000037795   3.905281817422   1.000902852712 Bohr
[INPUT]  9 H      0.000000000000   2.146699140000   3.027928630000 AA    0.000000000000   4.056673446439   5.721955835429 Bohr
[INPUT] 10 H     -0.000000020000  -0.024149820000   4.286225620000 AA   -0.000000037795  -0.045636545758   8.099792529894 Bohr
[INPUT] 11 H     -0.000000020000  -2.169093580000   2.984581310000 AA   -0.000000037795  -4.098992804752   5.640041272396 Bohr
[INPUT] 12 H      0.000000000000  -2.037996830000   0.487145870000 AA    0.000000000000  -3.851255851432   0.920572277013 Bohr
[INPUT] 13 H     -0.000000030000   1.033137730000  -1.790490010000 AA   -0.000000056692   1.952347358655  -3.383535747670 Bohr
[INPUT] 14 H     -0.890934540000  -0.504406640000  -1.776626760000 AA   -1.683622275515  -0.953190405012  -3.357338001973 Bohr
[INPUT] 15 H      0.890934560000  -0.504406600000  -1.776626770000 AA    1.683622313310  -0.953190329423  -3.357338020871 Bohr
[INPUT] 16 Cl    -0.000000010000  -0.005364350000  -3.949225030000 AA   -0.000000018897  -0.010137152336  -7.462953710977 Bohr
[INPUT] ---------------- BASIS SET ---------------- 
[INPUT] l, kappa, [nprim/nctr], expnt,             c_1 c_2 ...
[INPUT] H
[INPUT] 0    0    [3    /1   ]  18.731137         0.0334946
                                2.8253937         0.23472695
                                0.6401217         0.81375733
[INPUT] 0    0    [1    /1   ]  0.1612778            1
[INPUT] Cl
[INPUT] 0    0    [6    /1   ]  25180.1           0.001833
                                3780.35           0.014034
                                860.474           0.069097
                                242.145           0.237452
                                77.3349           0.483034
                                26.247            0.339856
[INPUT] 0    0    [6    /1   ]  491.765           -0.0022974
                                116.984           -0.030714
                                37.4153           -0.112528
                                13.7834           0.045016
                                5.45215           0.589353
                                2.22588           0.465206
[INPUT] 0    0    [3    /1   ]  3.18649           -0.25183
                                1.14427           0.061589
                                0.420377          1.06018
[INPUT] 0    0    [1    /1   ]  0.142657             1
[INPUT] 1    0    [6    /1   ]  491.765           0.0039894
                                116.984           0.030318
                                37.4153           0.12988
                                13.7834           0.327951
                                5.45215           0.453527
                                2.22588           0.252154
[INPUT] 1    0    [3    /1   ]  3.18649           -0.014299
                                1.14427           0.323572
                                0.420377          0.743507
[INPUT] 1    0    [1    /1   ]  0.142657             1
[INPUT] 2    0    [1    /1   ]  0.75                 1
[INPUT] C
[INPUT] 0    0    [6    /1   ]  3047.5249         0.0018347
                                457.36951         0.0140373
                                103.94869         0.0688426
                                29.210155         0.2321844
                                9.286663          0.4679413
                                3.163927          0.362312
[INPUT] 0    0    [3    /1   ]  7.8682724         -0.1193324
                                1.8812885         -0.1608542
                                0.5442493         1.1434564
[INPUT] 0    0    [1    /1   ]  0.1687144            1
[INPUT] 1    0    [3    /1   ]  7.8682724         0.0689991
                                1.8812885         0.316424
                                0.5442493         0.7443083
[INPUT] 1    0    [1    /1   ]  0.1687144            1
[INPUT] 2    0    [1    /1   ]  0.8                  1
[INPUT] N
[INPUT] 0    0    [6    /1   ]  4173.511          0.0018348
                                627.4579          0.013995
                                142.9021          0.068587
                                40.23433          0.232241
                                12.82021          0.46907
                                4.390437          0.360455
[INPUT] 0    0    [3    /1   ]  11.626358         -0.114961
                                2.71628           -0.169118
                                0.772218          1.145852
[INPUT] 0    0    [1    /1   ]  0.2120313            1
[INPUT] 1    0    [3    /1   ]  11.626358         0.06758
                                2.71628           0.323907
                                0.772218          0.740895
[INPUT] 1    0    [1    /1   ]  0.2120313            1
[INPUT] 2    0    [1    /1   ]  0.8                  1

nuclear repulsion = 376.69410474928
number of shells = 66
number of NR pGTOs = 272
number of NR cGTOs = 132
basis = 631g*
ecp = {}
CPU time:         0.38


******** <class 'pyscf.dft.rks.RKS'> ********
method = RKS
initial guess = minao
damping factor = 0
level_shift factor = 0
DIIS = <class 'pyscf.scf.diis.CDIIS'>
diis_start_cycle = 1
diis_space = 8
SCF conv_tol = 1e-09
SCF conv_tol_grad = None
SCF max_cycles = 50
direct_scf = True
direct_scf_tol = 1e-13
chkfile to save SCF result = /scratch/global/yangjunjie/tmpsgvpezdm
max_memory 256000 MB (current use 81 MB)
XC library pyscf.dft.libxc version 5.2.0
    S. Lehtola, C. Steigemann, M. J. Oliveira, and M. A. Marques, SoftwareX 7, 1 (2018)
XC functionals = b3lyp
    P. A. M. Dirac, Math. Proc. Cambridge Philos. Soc. 26, 376 (1930)
    F. Bloch, Z. Phys. 57, 545 (1929)
    A. D. Becke, Phys. Rev. A 38, 3098 (1988)
    C. Lee, W. Yang, and R. G. Parr, Phys. Rev. B 37, 785 (1988)
    B. Miehlich, A. Savin, H. Stoll, and H. Preuss, Chem. Phys. Lett. 157, 200 (1989)
    S. H. Vosko, L. Wilk, and M. Nusair, Can. J. Phys. 58, 1200 (1980)
radial grids: 
    Treutler-Ahlrichs [JCP 102, 346 (1995); DOI:10.1063/1.469408] (M4) radial grids
    
becke partition: Becke, JCP 88, 2547 (1988); DOI:10.1063/1.454033
pruning grids: <function nwchem_prune at 0x7f21bef5fee0>
grids dens level: 3
symmetrized grids: False
atomic radii adjust function: <function treutler_atomic_radii_adjust at 0x7f21bef5fe50>
small_rho_cutoff = 1e-07
Set gradient conv threshold to 3.16228e-05
atom C rad-grids = 75, ang-grids = [ 50  50  50  50  50  50  50  50  50  50  50  50  50  50  50  50  50  50
  50  50  50  50  50  86  86  86  86  86  86  86  86  86  86 266 266 266
 266 266 266 266 302 302 302 302 302 302 302 302 302 302 302 302 302 302
 302 302 302 302 302 302 266 266 266 266 266 266 266 266 266 266 266 266
 266 266 266]
atom N rad-grids = 75, ang-grids = [ 50  50  50  50  50  50  50  50  50  50  50  50  50  50  50  50  50  50
  50  50  50  50  50  86  86  86  86  86  86  86  86  86 266 266 266 266
 266 266 266 302 302 302 302 302 302 302 302 302 302 302 302 302 302 302
 302 302 302 302 266 266 266 266 266 266 266 266 266 266 266 266 266 266
 266 266 266]
atom H rad-grids = 50, ang-grids = [ 50  50  50  50  50  50  50  50  50  50  50  50  50  50  86  86  86  86
 266 266 266 266 302 302 302 302 302 302 302 302 302 302 302 302 302 266
 266 266 266 266 266 266 266 266 266 266 266 266 266 266]
atom Cl rad-grids = 80, ang-grids = [ 50  50  50  50  50  50  50  50  50  50  50  50  50  50  50  50  50  50
  50  50  50  50  50  50  86  86  86  86  86  86  86  86  86  86  86  86
  86 350 350 350 350 350 350 350 350 350 434 434 434 434 434 434 434 434
 434 434 434 434 434 434 434 434 434 434 350 350 350 350 350 350 350 350
 350 350 350 350 350 350 350 350]
tot grids = 196530
Drop grids 33189
    CPU time for setting up grids      3.07 sec, wall time      0.12 sec
nelec by numeric integration = 67.97633171810875
    CPU time for vxc      5.86 sec, wall time      0.21 sec
E1 = -1766.5725545274943  Ecoul = 711.217578152845  Exc = -70.38115640742731
init E= -749.042028032797
cond(S) = 6234.188730475969
    CPU time for initialize scf     16.05 sec, wall time      0.65 sec
  HOMO = -0.292516932310637  LUMO = -0.096487780438563
  mo_energy =
[-1.01597214e+02 -1.44098950e+01 -1.02914638e+01 -1.02904303e+01
 -1.02899760e+01 -1.02889693e+01 -1.02853600e+01 -1.02848421e+01
 -9.53817501e+00 -7.29407259e+00 -7.29286504e+00 -7.29286442e+00
 -1.10347377e+00 -9.39336763e-01 -9.30394117e-01 -8.84676073e-01
 -7.58497399e-01 -7.14684538e-01 -7.02434959e-01 -5.77408468e-01
 -5.30888087e-01 -5.13721982e-01 -4.74081579e-01 -4.73461046e-01
 -4.62856378e-01 -4.61139343e-01 -4.37338815e-01 -4.28938808e-01
 -3.99921653e-01 -3.44165382e-01 -3.42933456e-01 -3.26873210e-01
 -2.97367071e-01 -2.92516932e-01 -9.64877804e-02 -8.13362470e-02
 -3.40478905e-02  5.25394194e-02  6.83337425e-02  7.76041844e-02
  9.06020623e-02  1.13757071e-01  1.21593378e-01  1.22878125e-01
  1.44562709e-01  1.65252716e-01  2.01497177e-01  2.40549104e-01
  2.55797199e-01  2.59415798e-01  3.59695176e-01  3.83717229e-01
  4.02954739e-01  4.14938764e-01  4.14943767e-01  4.23546037e-01
  4.64651664e-01  4.75812720e-01  4.87643609e-01  5.07920958e-01
  5.29482323e-01  5.37534502e-01  5.42446196e-01  5.51796482e-01
  5.55187284e-01  5.57018253e-01  5.63361831e-01  6.07769205e-01
  6.26511244e-01  6.39809423e-01  6.88697371e-01  7.64916855e-01
  7.70899386e-01  7.88622815e-01  7.89030086e-01  7.92025114e-01
  8.00048812e-01  8.03843747e-01  8.27257184e-01  8.41312260e-01
  8.49560910e-01  8.69756800e-01  8.79768376e-01  8.98854072e-01
  9.07612472e-01  9.24302375e-01  9.79162928e-01  1.00753342e+00
  1.03559884e+00  1.07871984e+00  1.12226952e+00  1.15248544e+00
  1.16277954e+00  1.17892607e+00  1.30831617e+00  1.34877821e+00
  1.39559128e+00  1.41376531e+00  1.41537066e+00  1.45138322e+00
  1.45213721e+00  1.47250755e+00  1.62431579e+00  1.62508438e+00
  1.64391480e+00  1.69859904e+00  1.75101999e+00  1.77341198e+00
  1.86719351e+00  1.89442686e+00  1.98608263e+00  2.05122292e+00
  2.06152146e+00  2.09947753e+00  2.10327942e+00  2.12939708e+00
  2.14773592e+00  2.16871553e+00  2.18451890e+00  2.21664826e+00
  2.25641486e+00  2.30254849e+00  2.47692383e+00  2.48526585e+00
  2.58154799e+00  2.61056789e+00  2.62338773e+00  2.63663180e+00
  2.70113125e+00  2.70822162e+00  2.95940451e+00  3.31823436e+00]
nelec by numeric integration = 68.00003219153382
    CPU time for vxc      5.84 sec, wall time      0.21 sec
E1 = -1774.6838867026283  Ecoul = 720.734405786102  Exc = -70.8279280031536
cycle= 1 E= -748.0833041704  delta_E= 0.959  |g|= 0.381  |ddm|= 3.94
    CPU time for cycle= 1      6.32 sec, wall time      0.23 sec
  HOMO = -0.194252910792839  LUMO = 0.0115371538193719
  mo_energy =
[-1.01353846e+02 -1.41899905e+01 -1.01909743e+01 -1.01897622e+01
 -1.01486561e+01 -1.01288124e+01 -1.00967111e+01 -1.00963357e+01
 -9.31000469e+00 -7.07085282e+00 -7.06095688e+00 -7.06094802e+00
 -9.00019262e-01 -7.73709093e-01 -7.58728294e-01 -7.33516055e-01
 -6.18479751e-01 -6.03472062e-01 -5.99596096e-01 -5.11255109e-01
 -4.59904443e-01 -4.39503845e-01 -4.13347694e-01 -4.01746641e-01
 -3.98922365e-01 -3.75187994e-01 -3.65126202e-01 -3.43422039e-01
 -3.36903432e-01 -2.50195471e-01 -2.37053346e-01 -2.25471570e-01
 -2.24753909e-01 -1.94252911e-01  1.15371538e-02  1.33312290e-02
  8.29518388e-02  1.11644500e-01  1.31810836e-01  1.39090660e-01
  1.60494212e-01  1.66613776e-01  1.76914350e-01  1.84459085e-01
  1.85799256e-01  2.15373108e-01  2.80661974e-01  3.12747492e-01
  3.39267006e-01  3.45858440e-01  4.63544940e-01  4.69686513e-01
  4.79019254e-01  5.15418308e-01  5.15688256e-01  5.19252616e-01
  5.33204898e-01  5.62844829e-01  5.71804818e-01  5.97094983e-01
  6.00327721e-01  6.04099902e-01  6.19472943e-01  6.24560332e-01
  6.33170291e-01  6.34403566e-01  6.68074911e-01  6.74614029e-01
  7.13831856e-01  7.20213641e-01  7.78906165e-01  8.31060162e-01
  8.49009289e-01  8.70433322e-01  8.75194495e-01  8.94340674e-01
  9.12668939e-01  9.23951236e-01  9.32925555e-01  9.52071101e-01
  9.55062748e-01  9.75401297e-01  9.81685584e-01  1.00188080e+00
  1.02334287e+00  1.02479417e+00  1.06037277e+00  1.09361211e+00
  1.10407035e+00  1.14600299e+00  1.18052057e+00  1.23564735e+00
  1.26084123e+00  1.28827948e+00  1.40993088e+00  1.42173773e+00
  1.47162211e+00  1.50964162e+00  1.51933821e+00  1.54437459e+00
  1.56569644e+00  1.56781289e+00  1.73960449e+00  1.74000181e+00
  1.74132186e+00  1.79443587e+00  1.87107963e+00  1.88335735e+00
  1.97271089e+00  1.99457552e+00  2.10078966e+00  2.16546727e+00
  2.16867524e+00  2.20917646e+00  2.21539102e+00  2.24652448e+00
  2.25752910e+00  2.27652401e+00  2.29130838e+00  2.32211984e+00
  2.37741125e+00  2.41093080e+00  2.58094779e+00  2.59663632e+00
  2.70491331e+00  2.72649758e+00  2.73928345e+00  2.76117076e+00
  2.83213355e+00  2.83562762e+00  3.09003977e+00  3.44800136e+00]
nelec by numeric integration = 68.0000306941228
    CPU time for vxc      6.06 sec, wall time      0.22 sec
E1 = -1767.190885041704  Ecoul = 712.6547884660416  Exc = -70.24260033235781
cycle= 2 E= -748.08459215874  delta_E= -0.00129  |g|= 0.403  |ddm|= 0.977
    CPU time for cycle= 2      6.56 sec, wall time      0.23 sec
  HOMO = -0.259123514597195  LUMO = -0.0302427483569043
  mo_energy =
[-1.01467232e+02 -1.43549003e+01 -1.02133406e+01 -1.02128636e+01
 -1.02057656e+01 -1.01988880e+01 -1.01985900e+01 -1.01947211e+01
 -9.40202458e+00 -7.16479016e+00 -7.15516250e+00 -7.15515274e+00
 -9.61184842e-01 -8.13857212e-01 -8.08854108e-01 -7.70430065e-01
 -6.48039639e-01 -6.44837755e-01 -6.31114209e-01 -5.37708271e-01
 -4.88647124e-01 -4.82620713e-01 -4.40216654e-01 -4.21906773e-01
 -4.17153190e-01 -4.13672613e-01 -4.06815504e-01 -3.78900179e-01
 -3.72530728e-01 -2.99959988e-01 -2.69259168e-01 -2.62655414e-01
 -2.62171566e-01 -2.59123515e-01 -3.02427484e-02 -2.03450078e-02
  6.10034063e-02  9.20472302e-02  1.22035222e-01  1.28953765e-01
  1.38616975e-01  1.49379429e-01  1.56596145e-01  1.74024029e-01
  1.76661114e-01  2.06981010e-01  2.52245690e-01  2.87696306e-01
  3.13295249e-01  3.13831681e-01  4.37913112e-01  4.40570830e-01
  4.49474516e-01  4.88206319e-01  4.88748490e-01  4.88981921e-01
  5.05710949e-01  5.28521724e-01  5.48766936e-01  5.75522129e-01
  5.78046118e-01  5.79516822e-01  5.88641907e-01  5.95390457e-01
  6.00911584e-01  6.05774563e-01  6.27176719e-01  6.47847749e-01
  6.80826229e-01  6.92502950e-01  7.48461696e-01  8.16091248e-01
  8.23784549e-01  8.42478200e-01  8.49608250e-01  8.51259738e-01
  8.85217165e-01  8.88876642e-01  9.08244877e-01  9.18561878e-01
  9.28549812e-01  9.38285034e-01  9.40437836e-01  9.77946319e-01
  9.84416106e-01  9.89988686e-01  1.02696817e+00  1.06741893e+00
  1.08109806e+00  1.12083473e+00  1.15947594e+00  1.20416765e+00
  1.22737682e+00  1.24217497e+00  1.36894787e+00  1.38999732e+00
  1.45154664e+00  1.46011162e+00  1.47846510e+00  1.51009363e+00
  1.51328537e+00  1.53217010e+00  1.69799414e+00  1.71486635e+00
  1.71531488e+00  1.75851028e+00  1.82480689e+00  1.83547556e+00
  1.92971231e+00  1.96036263e+00  2.05820279e+00  2.12340311e+00
  2.12494838e+00  2.16589853e+00  2.16943450e+00  2.20795264e+00
  2.22275586e+00  2.25643551e+00  2.27091553e+00  2.28473911e+00
  2.32670642e+00  2.36549696e+00  2.54237639e+00  2.55012632e+00
  2.65813000e+00  2.68045162e+00  2.69395248e+00  2.71695699e+00
  2.78126517e+00  2.78427146e+00  3.03946588e+00  3.40090509e+00]
nelec by numeric integration = 68.00003022789751
    CPU time for vxc      5.82 sec, wall time      0.21 sec
E1 = -1770.7013233782093  Ecoul = 716.3898826555129  Exc = -70.50721591550183
cycle= 3 E= -748.124551888918  delta_E= -0.04  |g|= 0.0801  |ddm|= 0.485
    CPU time for cycle= 3      6.61 sec, wall time      0.24 sec
  HOMO = -0.255133876662686  LUMO = -0.0309175129370698
  mo_energy =
[-1.01492004e+02 -1.43266027e+01 -1.02313239e+01 -1.02309985e+01
 -1.02165561e+01 -1.02078580e+01 -1.02076197e+01 -1.02073332e+01
 -9.42269510e+00 -7.18577686e+00 -7.17628834e+00 -7.17627793e+00
 -9.56854670e-01 -8.18624426e-01 -8.14838444e-01 -7.75280514e-01
 -6.54271860e-01 -6.46035034e-01 -6.36316054e-01 -5.40959192e-01
 -4.91863438e-01 -4.85873330e-01 -4.44786915e-01 -4.24584589e-01
 -4.20853356e-01 -4.16126107e-01 -4.07760215e-01 -3.82058287e-01
 -3.80388092e-01 -2.99827799e-01 -2.74309589e-01 -2.71560957e-01
 -2.70970862e-01 -2.55133877e-01 -3.09175129e-02 -2.45810681e-02
  5.58714544e-02  9.00574691e-02  1.20059726e-01  1.26863431e-01
  1.36516532e-01  1.48181980e-01  1.55536736e-01  1.72626316e-01
  1.75388902e-01  2.05368753e-01  2.50964114e-01  2.85136350e-01
  3.11238269e-01  3.12361951e-01  4.30206548e-01  4.37845884e-01
  4.46849261e-01  4.82298006e-01  4.82635883e-01  4.84352205e-01
  5.02196017e-01  5.26830228e-01  5.45239660e-01  5.71703747e-01
  5.74777654e-01  5.75670627e-01  5.85796591e-01  5.91582568e-01
  5.98260399e-01  6.01722954e-01  6.28107988e-01  6.44148311e-01
  6.78415811e-01  6.88369283e-01  7.46477328e-01  8.11947432e-01
  8.20750996e-01  8.39301197e-01  8.46454642e-01  8.55808331e-01
  8.78692912e-01  8.82339813e-01  9.03839033e-01  9.14314444e-01
  9.22145571e-01  9.32081303e-01  9.32525248e-01  9.72642900e-01
  9.77642993e-01  9.83891616e-01  1.02738596e+00  1.06449443e+00
  1.07792927e+00  1.11951805e+00  1.15718100e+00  1.20294535e+00
  1.22348075e+00  1.23881914e+00  1.36534446e+00  1.39096482e+00
  1.45059879e+00  1.45708817e+00  1.47299411e+00  1.50623643e+00
  1.51470575e+00  1.53372247e+00  1.69794185e+00  1.70962539e+00
  1.70991512e+00  1.75804755e+00  1.82061671e+00  1.83476869e+00
  1.92780513e+00  1.95593907e+00  2.05319826e+00  2.11905601e+00
  2.12096042e+00  2.16323775e+00  2.16597348e+00  2.20553252e+00
  2.21781365e+00  2.25221458e+00  2.26681596e+00  2.27924652e+00
  2.32459954e+00  2.36498370e+00  2.53786722e+00  2.54879689e+00
  2.65473253e+00  2.67784305e+00  2.69167624e+00  2.71244885e+00
  2.77913954e+00  2.78140713e+00  3.03833090e+00  3.39752758e+00]
nelec by numeric integration = 68.0000305773445
    CPU time for vxc      5.81 sec, wall time      0.21 sec
E1 = -1770.958206957522  Ecoul = 716.6642895411468  Exc = -70.52588706607482
cycle= 4 E= -748.12569973317  delta_E= -0.00115  |g|= 0.0344  |ddm|= 0.0922
    CPU time for cycle= 4      6.34 sec, wall time      0.23 sec
  HOMO = -0.258102444931825  LUMO = -0.0298903934063784
  mo_energy =
[-1.01486717e+02 -1.43357726e+01 -1.02291082e+01 -1.02290981e+01
 -1.02105547e+01 -1.02080815e+01 -1.02014895e+01 -1.02014423e+01
 -9.41884224e+00 -7.18173062e+00 -7.17232665e+00 -7.17231615e+00
 -9.57643523e-01 -8.17420871e-01 -8.11994262e-01 -7.73177736e-01
 -6.54955809e-01 -6.45146703e-01 -6.34258274e-01 -5.39377112e-01
 -4.90283656e-01 -4.84420234e-01 -4.42848693e-01 -4.25609110e-01
 -4.21826615e-01 -4.14643668e-01 -4.07357679e-01 -3.80523123e-01
 -3.79704616e-01 -2.98372651e-01 -2.72059710e-01 -2.70884019e-01
 -2.70221649e-01 -2.58102445e-01 -2.98903934e-02 -2.26043460e-02
  5.59945216e-02  9.11711369e-02  1.19780206e-01  1.26949298e-01
  1.37831342e-01  1.48435098e-01  1.56235850e-01  1.71550008e-01
  1.76035804e-01  2.05013550e-01  2.52065784e-01  2.87139630e-01
  3.12386685e-01  3.13052298e-01  4.30724047e-01  4.38882901e-01
  4.47777005e-01  4.82660712e-01  4.82982409e-01  4.84933146e-01
  5.04126562e-01  5.28026535e-01  5.45178152e-01  5.71679664e-01
  5.76162089e-01  5.77598022e-01  5.88527411e-01  5.93182780e-01
  6.00207071e-01  6.03939369e-01  6.26967827e-01  6.45797992e-01
  6.80749890e-01  6.88570605e-01  7.45821020e-01  8.12885287e-01
  8.23417431e-01  8.40135540e-01  8.48246469e-01  8.53416053e-01
  8.79030006e-01  8.82478501e-01  9.04164310e-01  9.16125693e-01
  9.23191975e-01  9.32557756e-01  9.33873639e-01  9.73892981e-01
  9.77749477e-01  9.84013648e-01  1.02678615e+00  1.06508728e+00
  1.07857094e+00  1.12024654e+00  1.15913320e+00  1.20386327e+00
  1.22295332e+00  1.24078464e+00  1.36763505e+00  1.39126953e+00
  1.45103988e+00  1.45987186e+00  1.47614803e+00  1.50727685e+00
  1.51424905e+00  1.53135616e+00  1.69839048e+00  1.70879462e+00
  1.70895106e+00  1.75825598e+00  1.82330272e+00  1.83592495e+00
  1.93024188e+00  1.95811279e+00  2.05608230e+00  2.12169011e+00
  2.12310803e+00  2.16602029e+00  2.16717272e+00  2.20609697e+00
  2.21766747e+00  2.25115047e+00  2.26573165e+00  2.28144297e+00
  2.32651627e+00  2.36512271e+00  2.54020278e+00  2.55019778e+00
  2.65664322e+00  2.67963711e+00  2.69227945e+00  2.71431600e+00
  2.78119274e+00  2.78264412e+00  3.03837247e+00  3.39891969e+00]
nelec by numeric integration = 68.00003041676437
    CPU time for vxc      8.40 sec, wall time      0.31 sec
E1 = -1770.8943148600483  Ecoul = 716.5960305064332  Exc = -70.52177145622967
cycle= 5 E= -748.125951060565  delta_E= -0.000251  |g|= 0.0107  |ddm|= 0.0414
    CPU time for cycle= 5      8.95 sec, wall time      0.33 sec
  HOMO = -0.256587258324861  LUMO = -0.0294472053479522
  mo_energy =
[-1.01484081e+02 -1.43329220e+01 -1.02260115e+01 -1.02259388e+01
 -1.02122761e+01 -1.02056764e+01 -1.02027355e+01 -1.02026947e+01
 -9.41682074e+00 -7.17963775e+00 -7.17024889e+00 -7.17023830e+00
 -9.55942993e-01 -8.16656165e-01 -8.12212178e-01 -7.72409266e-01
 -6.53887263e-01 -6.44524623e-01 -6.33932671e-01 -5.39120381e-01
 -4.89712735e-01 -4.84325249e-01 -4.42459293e-01 -4.24655143e-01
 -4.20940780e-01 -4.14628105e-01 -4.06457627e-01 -3.80322082e-01
 -3.78866234e-01 -2.98294659e-01 -2.71527761e-01 -2.70100400e-01
 -2.69462561e-01 -2.56587258e-01 -2.94472053e-02 -2.21129891e-02
  5.69150070e-02  9.11730630e-02  1.20253878e-01  1.27434768e-01
  1.38284390e-01  1.48632642e-01  1.56307007e-01  1.72234179e-01
  1.76086283e-01  2.05612626e-01  2.52451436e-01  2.87046518e-01
  3.12718857e-01  3.13682072e-01  4.31378821e-01  4.39321668e-01
  4.48188457e-01  4.83227750e-01  4.83552781e-01  4.85506710e-01
  5.04509145e-01  5.28293583e-01  5.45744467e-01  5.72440339e-01
  5.76631779e-01  5.77996142e-01  5.88326791e-01  5.93471016e-01
  6.00233805e-01  6.03921688e-01  6.28159261e-01  6.46204714e-01
  6.80402164e-01  6.89676627e-01  7.46975040e-01  8.13629367e-01
  8.22723301e-01  8.40655578e-01  8.48228660e-01  8.54755486e-01
  8.79924806e-01  8.83431331e-01  9.04685685e-01  9.16257184e-01
  9.23721714e-01  9.33479147e-01  9.34200045e-01  9.74420290e-01
  9.78746128e-01  9.84846947e-01  1.02776961e+00  1.06562085e+00
  1.07905606e+00  1.12074063e+00  1.15893734e+00  1.20418784e+00
  1.22383702e+00  1.24125083e+00  1.36796700e+00  1.39161666e+00
  1.45159043e+00  1.45969875e+00  1.47608687e+00  1.50852052e+00
  1.51538387e+00  1.53251368e+00  1.69911810e+00  1.70997451e+00
  1.71014940e+00  1.75925136e+00  1.82342944e+00  1.83628021e+00
  1.92999466e+00  1.95858912e+00  2.05632243e+00  2.12190867e+00
  2.12364292e+00  2.16575722e+00  2.16824524e+00  2.20699999e+00
  2.21882245e+00  2.25223901e+00  2.26683891e+00  2.28207508e+00
  2.32655484e+00  2.36627638e+00  2.54066241e+00  2.55065038e+00
  2.65715038e+00  2.68001250e+00  2.69320528e+00  2.71499693e+00
  2.78128930e+00  2.78337067e+00  3.03953370e+00  3.39957635e+00]
nelec by numeric integration = 68.00003044607243
    CPU time for vxc      6.18 sec, wall time      0.22 sec
E1 = -1770.83114293595  Ecoul = 716.5288825953702  Exc = -70.51782234856633
cycle= 6 E= -748.125977939866  delta_E= -2.69e-05  |g|= 0.00462  |ddm|= 0.0158
    CPU time for cycle= 6      7.03 sec, wall time      0.25 sec
  HOMO = -0.256906262198905  LUMO = -0.0294978812433342
  mo_energy =
[-1.01484113e+02 -1.43335746e+01 -1.02270983e+01 -1.02270169e+01
 -1.02114299e+01 -1.02057887e+01 -1.02024143e+01 -1.02023821e+01
 -9.41689165e+00 -7.17970161e+00 -7.17031608e+00 -7.17030546e+00
 -9.56540815e-01 -8.16777733e-01 -8.12120383e-01 -7.72666568e-01
 -6.53951577e-01 -6.44657968e-01 -6.33974737e-01 -5.39158822e-01
 -4.89866642e-01 -4.84304585e-01 -4.42617955e-01 -4.24805773e-01
 -4.21057876e-01 -4.14551858e-01 -4.06723624e-01 -3.80349174e-01
 -3.78958861e-01 -2.98266806e-01 -2.71721686e-01 -2.70212885e-01
 -2.69579395e-01 -2.56906262e-01 -2.94978812e-02 -2.22668472e-02
  5.68005892e-02  9.12437010e-02  1.20204833e-01  1.27351757e-01
  1.38205805e-01  1.48634284e-01  1.56363887e-01  1.72116362e-01
  1.76128000e-01  2.05504745e-01  2.52346364e-01  2.87111141e-01
  3.12677277e-01  3.13527781e-01  4.31346989e-01  4.39213714e-01
  4.48102099e-01  4.83123745e-01  4.83447974e-01  4.85323755e-01
  5.04394024e-01  5.28258678e-01  5.45672977e-01  5.72314290e-01
  5.76511929e-01  5.77865177e-01  5.88371242e-01  5.93437312e-01
  6.00241422e-01  6.03958889e-01  6.27875000e-01  6.46082575e-01
  6.80557050e-01  6.89426243e-01  7.46744769e-01  8.13437957e-01
  8.23016678e-01  8.40554912e-01  8.48256209e-01  8.54480976e-01
  8.79798923e-01  8.83292889e-01  9.04691723e-01  9.16305465e-01
  9.23668449e-01  9.33353661e-01  9.34198117e-01  9.74348033e-01
  9.78616162e-01  9.84752190e-01  1.02754702e+00  1.06553647e+00
  1.07898671e+00  1.12062407e+00  1.15902425e+00  1.20412176e+00
  1.22369491e+00  1.24111805e+00  1.36784040e+00  1.39156216e+00
  1.45146511e+00  1.45976073e+00  1.47612239e+00  1.50810140e+00
  1.51505701e+00  1.53233663e+00  1.69892031e+00  1.70983473e+00
  1.71001547e+00  1.75897126e+00  1.82339890e+00  1.83621824e+00
  1.93008865e+00  1.95840634e+00  2.05623511e+00  2.12184779e+00
  2.12343960e+00  2.16586167e+00  2.16790638e+00  2.20682043e+00
  2.21862172e+00  2.25211529e+00  2.26670546e+00  2.28187382e+00
  2.32662463e+00  2.36592454e+00  2.54049989e+00  2.55052968e+00
  2.65699835e+00  2.67992571e+00  2.69298872e+00  2.71481213e+00
  2.78132151e+00  2.78318799e+00  3.03924811e+00  3.39944484e+00]
nelec by numeric integration = 68.00003043366426
    CPU time for vxc      6.21 sec, wall time      0.22 sec
E1 = -1770.8453811745733  Ecoul = 716.5436212520958  Exc = -70.51832872549625
cycle= 7 E= -748.125983898694  delta_E= -5.96e-06  |g|= 0.000492  |ddm|= 0.00476
    CPU time for cycle= 7      6.99 sec, wall time      0.25 sec
  HOMO = -0.256880796221551  LUMO = -0.0294873801007404
  mo_energy =
[-1.01484361e+02 -1.43335369e+01 -1.02270267e+01 -1.02269641e+01
 -1.02115568e+01 -1.02059968e+01 -1.02023032e+01 -1.02022852e+01
 -9.41708215e+00 -7.17990028e+00 -7.17051098e+00 -7.17050037e+00
 -9.56508886e-01 -8.16852753e-01 -8.12130583e-01 -7.72622389e-01
 -6.54015276e-01 -6.44634809e-01 -6.33954935e-01 -5.39146828e-01
 -4.89840630e-01 -4.84279301e-01 -4.42584277e-01 -4.24845529e-01
 -4.21106191e-01 -4.14567473e-01 -4.06707583e-01 -3.80334177e-01
 -3.79032447e-01 -2.98264336e-01 -2.71688117e-01 -2.70287455e-01
 -2.69646383e-01 -2.56880796e-01 -2.94873801e-02 -2.22337324e-02
  5.67380536e-02  9.12311851e-02  1.20198581e-01  1.27359147e-01
  1.38228765e-01  1.48635317e-01  1.56364317e-01  1.72093710e-01
  1.76133742e-01  2.05501742e-01  2.52356316e-01  2.87120675e-01
  3.12694762e-01  3.13553146e-01  4.31280820e-01  4.39226800e-01
  4.48114180e-01  4.83070986e-01  4.83394694e-01  4.85288733e-01
  5.04412295e-01  5.28269151e-01  5.45636868e-01  5.72294032e-01
  5.76537179e-01  5.77897725e-01  5.88380998e-01  5.93428258e-01
  6.00244260e-01  6.03967429e-01  6.27880295e-01  6.46111579e-01
  6.80561892e-01  6.89443862e-01  7.46743236e-01  8.13464405e-01
  8.23000309e-01  8.40574819e-01  8.48282719e-01  8.54489717e-01
  8.79740253e-01  8.83225857e-01  9.04658361e-01  9.16289256e-01
  9.23635802e-01  9.33279187e-01  9.34171986e-01  9.74335090e-01
  9.78549100e-01  9.84698163e-01  1.02756877e+00  1.06552390e+00
  1.07897484e+00  1.12062728e+00  1.15903169e+00  1.20414040e+00
  1.22364838e+00  1.24114306e+00  1.36786564e+00  1.39157149e+00
  1.45148279e+00  1.45977807e+00  1.47613611e+00  1.50814052e+00
  1.51508367e+00  1.53233834e+00  1.69894499e+00  1.70975844e+00
  1.70993302e+00  1.75899220e+00  1.82341602e+00  1.83623487e+00
  1.93009455e+00  1.95844322e+00  2.05625406e+00  2.12187395e+00
  2.12347565e+00  2.16586883e+00  2.16794072e+00  2.20681103e+00
  2.21857619e+00  2.25204943e+00  2.26664091e+00  2.28191273e+00
  2.32662935e+00  2.36595438e+00  2.54053391e+00  2.55054494e+00
  2.65702851e+00  2.67994509e+00  2.69301818e+00  2.71484950e+00
  2.78133175e+00  2.78321569e+00  3.03927981e+00  3.39947344e+00]
nelec by numeric integration = 68.0000304388416
    CPU time for vxc      5.94 sec, wall time      0.21 sec
E1 = -1770.8469296685944  Ecoul = 716.5453095761314  Exc = -70.51846861581284
cycle= 8 E= -748.125983958996  delta_E= -6.03e-08  |g|= 0.000178  |ddm|= 0.000644
    CPU time for cycle= 8      6.44 sec, wall time      0.23 sec
  HOMO = -0.256881748399863  LUMO = -0.0294814971389412
  mo_energy =
[-1.01484364e+02 -1.43335377e+01 -1.02270189e+01 -1.02269445e+01
 -1.02115048e+01 -1.02059676e+01 -1.02023383e+01 -1.02023097e+01
 -9.41707883e+00 -7.17989895e+00 -7.17050779e+00 -7.17049719e+00
 -9.56506597e-01 -8.16841893e-01 -8.12124355e-01 -7.72624593e-01
 -6.54006641e-01 -6.44635632e-01 -6.33951772e-01 -5.39142162e-01
 -4.89839141e-01 -4.84285261e-01 -4.42587753e-01 -4.24836035e-01
 -4.21096023e-01 -4.14557445e-01 -4.06704447e-01 -3.80334000e-01
 -3.79025767e-01 -2.98258545e-01 -2.71690634e-01 -2.70281462e-01
 -2.69640925e-01 -2.56881748e-01 -2.94814971e-02 -2.22366055e-02
  5.67456613e-02  9.12340165e-02  1.20202420e-01  1.27359940e-01
  1.38229516e-01  1.48635018e-01  1.56367383e-01  1.72100007e-01
  1.76133262e-01  2.05505598e-01  2.52358629e-01  2.87123334e-01
  3.12694749e-01  3.13552190e-01  4.31278500e-01  4.39227511e-01
  4.48115661e-01  4.83075474e-01  4.83399236e-01  4.85294866e-01
  5.04414558e-01  5.28270808e-01  5.45644037e-01  5.72299466e-01
  5.76534763e-01  5.77894681e-01  5.88382987e-01  5.93437230e-01
  6.00249773e-01  6.03969654e-01  6.27883143e-01  6.46109242e-01
  6.80563276e-01  6.89446232e-01  7.46748456e-01  8.13464231e-01
  8.23010152e-01  8.40574175e-01  8.48276248e-01  8.54492181e-01
  8.79747535e-01  8.83233757e-01  9.04663327e-01  9.16292520e-01
  9.23641633e-01  9.33287005e-01  9.34176268e-01  9.74339332e-01
  9.78553944e-01  9.84703308e-01  1.02756881e+00  1.06552660e+00
  1.07897802e+00  1.12063061e+00  1.15903199e+00  1.20413895e+00
  1.22365344e+00  1.24114419e+00  1.36786689e+00  1.39157342e+00
  1.45148294e+00  1.45977711e+00  1.47614111e+00  1.50814180e+00
  1.51508537e+00  1.53234170e+00  1.69894451e+00  1.70977318e+00
  1.70994860e+00  1.75899502e+00  1.82341862e+00  1.83623779e+00
  1.93009723e+00  1.95844040e+00  2.05625861e+00  2.12187398e+00
  2.12347402e+00  2.16587215e+00  2.16794244e+00  2.20681851e+00
  2.21858714e+00  2.25206295e+00  2.26665445e+00  2.28191031e+00
  2.32663455e+00  2.36595618e+00  2.54053296e+00  2.55054869e+00
  2.65702791e+00  2.67994807e+00  2.69301867e+00  2.71484781e+00
  2.78133659e+00  2.78321758e+00  3.03928160e+00  3.39947455e+00]
nelec by numeric integration = 68.00003043837525
    CPU time for vxc      5.78 sec, wall time      0.21 sec
E1 = -1770.8465456688903  Ecoul = 716.5449047418513  Exc = -70.51844778825598
cycle= 9 E= -748.125983966015  delta_E= -7.02e-09  |g|= 4.76e-05  |ddm|= 0.000162
    CPU time for cycle= 9      6.30 sec, wall time      0.22 sec
  HOMO = -0.25688706925255  LUMO = -0.029486794337237
  mo_energy =
[-1.01484335e+02 -1.43335451e+01 -1.02270220e+01 -1.02269557e+01
 -1.02115219e+01 -1.02059575e+01 -1.02023369e+01 -1.02023160e+01
 -9.41705444e+00 -7.17987421e+00 -7.17048293e+00 -7.17047233e+00
 -9.56512063e-01 -8.16834563e-01 -8.12128126e-01 -7.72628553e-01
 -6.54002447e-01 -6.44640193e-01 -6.33955877e-01 -5.39146281e-01
 -4.89844432e-01 -4.84287659e-01 -4.42590547e-01 -4.24835501e-01
 -4.21094795e-01 -4.14561384e-01 -4.06708142e-01 -3.80337901e-01
 -3.79019114e-01 -2.98263779e-01 -2.71693327e-01 -2.70271051e-01
 -2.69631562e-01 -2.56887069e-01 -2.94867943e-02 -2.22403386e-02
  5.67509227e-02  9.12330630e-02  1.20201074e-01  1.27358710e-01
  1.38225151e-01  1.48633783e-01  1.56364942e-01  1.72099845e-01
  1.76132204e-01  2.05503939e-01  2.52355245e-01  2.87119728e-01
  3.12691284e-01  3.13548467e-01  4.31288237e-01  4.39225393e-01
  4.48112963e-01  4.83082821e-01  4.83406638e-01  4.85298798e-01
  5.04410881e-01  5.28267139e-01  5.45645407e-01  5.72299877e-01
  5.76531873e-01  5.77891954e-01  5.88378930e-01  5.93433524e-01
  6.00245820e-01  6.03966118e-01  6.27880091e-01  6.46106333e-01
  6.80559533e-01  6.89443483e-01  7.46745948e-01  8.13461586e-01
  8.23005246e-01  8.40571500e-01  8.48274135e-01  8.54488916e-01
  8.79753833e-01  8.83241184e-01  9.04664349e-01  9.16292963e-01
  9.23644134e-01  9.33296315e-01  9.34177592e-01  9.74339684e-01
  9.78561625e-01  9.84708441e-01  1.02756537e+00  1.06552658e+00
  1.07897765e+00  1.12062793e+00  1.15902908e+00  1.20413577e+00
  1.22365764e+00  1.24113902e+00  1.36786228e+00  1.39156957e+00
  1.45147973e+00  1.45977206e+00  1.47613575e+00  1.50813762e+00
  1.51507987e+00  1.53233819e+00  1.69893994e+00  1.70977606e+00
  1.70995192e+00  1.75899107e+00  1.82341377e+00  1.83623264e+00
  1.93009260e+00  1.95843687e+00  2.05625344e+00  2.12186927e+00
  2.12346988e+00  2.16586647e+00  2.16793810e+00  2.20681563e+00
  2.21858820e+00  2.25206462e+00  2.26665597e+00  2.28190651e+00
  2.32662834e+00  2.36595117e+00  2.54052888e+00  2.55054331e+00
  2.65702301e+00  2.67994299e+00  2.69301346e+00  2.71484322e+00
  2.78133061e+00  2.78321222e+00  3.03927617e+00  3.39946931e+00]
nelec by numeric integration = 68.00003043799688
    CPU time for vxc      5.78 sec, wall time      0.21 sec
E1 = -1770.8464325705163  Ecoul = 716.5447814974078  Exc = -70.5184376428076
cycle= 10 E= -748.125983966636  delta_E= -6.21e-10  |g|= 1.63e-05  |ddm|= 8.09e-05
    CPU time for cycle= 10      6.27 sec, wall time      0.22 sec
  HOMO = -0.256887040210181  LUMO = -0.029485309568053
  mo_energy =
[-1.01484348e+02 -1.43335472e+01 -1.02270218e+01 -1.02269449e+01
 -1.02115158e+01 -1.02059588e+01 -1.02023425e+01 -1.02023114e+01
 -9.41706545e+00 -7.17988541e+00 -7.17049415e+00 -7.17048355e+00
 -9.56510521e-01 -8.16838199e-01 -8.12127455e-01 -7.72626920e-01
 -6.54003708e-01 -6.44638823e-01 -6.33954338e-01 -5.39144696e-01
 -4.89842746e-01 -4.84286870e-01 -4.42589316e-01 -4.24835784e-01
 -4.21095184e-01 -4.14560421e-01 -4.06706969e-01 -3.80336575e-01
 -3.79021539e-01 -2.98262509e-01 -2.71692174e-01 -2.70275275e-01
 -2.69635386e-01 -2.56887040e-01 -2.94853096e-02 -2.22389142e-02
  5.67490375e-02  9.12332066e-02  1.20201793e-01  1.27359146e-01
  1.38226471e-01  1.48633982e-01  1.56365799e-01  1.72099672e-01
  1.76131856e-01  2.05505131e-01  2.52356266e-01  2.87120812e-01
  3.12692500e-01  3.13549388e-01  4.31285551e-01  4.39225734e-01
  4.48114011e-01  4.83079828e-01  4.83403631e-01  4.85296403e-01
  5.04412450e-01  5.28268042e-01  5.45644730e-01  5.72299625e-01
  5.76533036e-01  5.77893014e-01  5.88380222e-01  5.93435110e-01
  6.00247040e-01  6.03967326e-01  6.27880562e-01  6.46107487e-01
  6.80560483e-01  6.89444829e-01  7.46746898e-01  8.13463103e-01
  8.23006728e-01  8.40572453e-01  8.48274637e-01  8.54489063e-01
  8.79751141e-01  8.83238002e-01  9.04663931e-01  9.16292229e-01
  9.23643196e-01  9.33292429e-01  9.34177077e-01  9.74339499e-01
  9.78558393e-01  9.84706453e-01  1.02756625e+00  1.06552636e+00
  1.07897775e+00  1.12062889e+00  1.15902995e+00  1.20413654e+00
  1.22365539e+00  1.24114069e+00  1.36786393e+00  1.39157023e+00
  1.45148094e+00  1.45977329e+00  1.47613772e+00  1.50813973e+00
  1.51508117e+00  1.53233860e+00  1.69894098e+00  1.70977519e+00
  1.70995092e+00  1.75899243e+00  1.82341536e+00  1.83623385e+00
  1.93009378e+00  1.95843832e+00  2.05625548e+00  2.12187083e+00
  2.12347146e+00  2.16586789e+00  2.16793993e+00  2.20681649e+00
  2.21858780e+00  2.25206427e+00  2.26665574e+00  2.28190814e+00
  2.32662992e+00  2.36595276e+00  2.54053048e+00  2.55054479e+00
  2.65702453e+00  2.67994457e+00  2.69301504e+00  2.71484489e+00
  2.78133208e+00  2.78321400e+00  3.03927777e+00  3.39947096e+00]
nelec by numeric integration = 68.00003043821575
    CPU time for vxc      5.75 sec, wall time      0.21 sec
E1 = -1770.846512666929  Ecoul = 716.5448682866246  Exc = -70.51844433552958
Extra cycle  E= -748.125983966554  delta_E= 8.21e-11  |g|= 2.36e-05  |ddm|= 4.08e-05
    CPU time for scf_cycle     90.06 sec, wall time      3.31 sec
    CPU time for SCF     90.07 sec, wall time      3.31 sec
converged SCF energy = -748.125983966554
Converting <class 'pyscf.dft.rks.RKS'> to RHF


******** <class 'pyscf.tdscf.rks.TDA'> for <class 'pyscf.dft.rks.RKS'> ********
nstates = 50 singlet
wfnsym = None
conv_tol = 1e-09
eigh lindep = 1e-12
eigh level_shift = 0
eigh max_space = 600
eigh max_cycle = 2000
chkfile = /scratch/global/yangjunjie/tmpsgvpezdm
max_memory 256000 MB (current use 606 MB)


davidson 0 50  |r|= 0.243  e= [0.18292002 0.18452566 0.21458212 0.22106874 0.22121933 0.22875605
 0.22930291 0.27731157 0.28384217 0.28425916 0.28847007 0.29961169
 0.30174437 0.30900578 0.31852356 0.31904003 0.32615774 0.32784106
 0.32799779 0.33840701 0.33842783 0.34111688 0.34198891 0.34338099
 0.34811416 0.35048163 0.35098226 0.35262541 0.35755266 0.35954223
 0.35988318 0.36142626 0.36240382 0.36475267 0.36504191 0.36814584
 0.36843558 0.3696136  0.37167084 0.3731198  0.37507044 0.38123084
 0.38645295 0.38923052 0.38959327 0.39115258 0.39489636 0.3977958
 0.42370387 0.45758579]  max|de|= 0.458  lindep=    1
Old state -> New state
    4     ->     3 
    3     ->     4 
   23     ->    12 
   12     ->    13 
   15     ->    14 
   13     ->    15 
   14     ->    16 
   15     ->    17 
   16     ->    18 
   17     ->    19 
   18     ->    20 
   19     ->    21 
   20     ->    22 
   22     ->    23 
   21     ->    24 
   24     ->    25 
   25     ->    26 
   26     ->    27 
   27     ->    28 
   30     ->    29 
   28     ->    30 
   29     ->    31 
   33     ->    32 
   31     ->    33 
   32     ->    34 
   34     ->    35 
   35     ->    36 
   41     ->    40 
   40     ->    41 
   45     ->    42 
   45     ->    43 
   42     ->    44 
   43     ->    45 
   44     ->    46 
   46     ->    47 
   47     ->    48 
   38     ->    49 
davidson 1 90  |r|= 0.136  e= [0.18047019 0.18381955 0.21155549 0.22101778 0.22105254 0.22874194
 0.22905113 0.24890594 0.27975191 0.28012568 0.28432604 0.29800004
 0.30072067 0.3011497  0.30293516 0.30769295 0.31737302 0.32481575
 0.32548101 0.32687782 0.32717457 0.33778391 0.33819694 0.3399418
 0.34030447 0.34662156 0.3480924  0.35024466 0.35083778 0.35344662
 0.35628813 0.35902786 0.35945332 0.36037492 0.36078969 0.36417855
 0.36764781 0.36870657 0.37021161 0.37133445 0.37240539 0.37495145
 0.37642789 0.38347551 0.38623133 0.38916905 0.38941494 0.39427365
 0.3967639  0.39952854]  max|de|= -0.0427  lindep= 0.827
Old state -> New state
   32     ->    31 
   31     ->    32 
   38     ->    36 
   36     ->    37 
   37     ->    38 
   40     ->    39 
   39     ->    40 
   49     ->    43 
   43     ->    44 
   44     ->    45 
   45     ->    47 
   47     ->    48 
   48     ->    49 
davidson 2 130  |r|= 0.0249  e= [0.18044056 0.18381333 0.21152854 0.22101278 0.22105235 0.22874156
 0.22904754 0.24874251 0.27968715 0.28005557 0.28414586 0.29794759
 0.2996388  0.30109376 0.30151228 0.30762823 0.31728766 0.32386166
 0.32543028 0.32672295 0.32707865 0.33773615 0.33811187 0.33977269
 0.34018114 0.34647832 0.34732739 0.35010984 0.35039804 0.3532716
 0.35603873 0.35668195 0.35892217 0.36015103 0.36050451 0.36377795
 0.36601247 0.36754119 0.36843878 0.36973798 0.37105024 0.37384059
 0.37587302 0.37678966 0.38228384 0.38609753 0.38910899 0.38914483
 0.39375773 0.39610565]  max|de|= -0.0227  lindep= 0.821
Old state -> New state
   31     ->    30 
   30     ->    31 
   43     ->    42 
   42     ->    43 
   48     ->    49 
davidson 3 170  |r|= 0.0461  e= [0.18044046 0.18381332 0.2115284  0.22101268 0.22105235 0.22874156
 0.22904749 0.24873891 0.27968517 0.28005314 0.28413986 0.29794581
 0.29960696 0.30109115 0.30145381 0.30762615 0.31728034 0.32380938
 0.32542577 0.32670904 0.32707156 0.33773143 0.3381043  0.33974063
 0.34016637 0.34646148 0.34724318 0.35008984 0.35034003 0.35325718
 0.35565948 0.35598703 0.35891154 0.36011152 0.36045633 0.36362536
 0.36494125 0.36750277 0.3683931  0.3690266  0.37098097 0.37343808
 0.37557228 0.37571341 0.38196981 0.38579536 0.38906259 0.38912656
 0.39137327 0.39413601]  max|de|= -0.00238  lindep= 0.811
Old state -> New state
   48     ->    46 
   46     ->    47 
   47     ->    48 
root 0 converged  |r|= 6.16e-07  e= 0.18044045786713614  max|de|= -2.43e-10
root 1 converged  |r|= 2.96e-07  e= 0.18381331591683736  max|de|= -3.16e-11
root 4 converged  |r|= 1.71e-07  e= 0.2210523468838999  max|de|= -5.27e-12
root 5 converged  |r|= 5.1e-07  e= 0.2287415612095446  max|de|= -3.03e-11
root 6 converged  |r|= 3.56e-06  e= 0.22904749403614497  max|de|= -6.87e-10
davidson 4 210  |r|= 0.0327  e= [0.18044046 0.18381332 0.2115284  0.22101268 0.22105235 0.22874156
 0.22904749 0.24873884 0.27968511 0.28005308 0.28413958 0.29794577
 0.29960556 0.30109103 0.30145079 0.30762604 0.31727991 0.32380651
 0.32542543 0.32670808 0.32707081 0.33773095 0.33810378 0.3397378
 0.34016466 0.34645902 0.34723852 0.35008878 0.35032731 0.35325567
 0.35555931 0.35597183 0.35891022 0.36010867 0.3604525  0.36359439
 0.36484262 0.36749941 0.36838128 0.36894745 0.3709572  0.37331537
 0.37544402 0.37565414 0.38159679 0.38511082 0.38756817 0.38904879
 0.38911525 0.3902837 ]  max|de|= -0.00385  lindep= 0.817
Old state -> New state
   48     ->    47 
   47     ->    48 
root 2 converged  |r|= 3.19e-07  e= 0.211528403687412  max|de|= -8.44e-12
root 3 converged  |r|= 3.59e-07  e= 0.22101267653564977  max|de|= -1.25e-11
root 7 converged  |r|= 4.62e-06  e= 0.24873884226662035  max|de|= -8.39e-10
root 11 converged  |r|= 5.59e-06  e= 0.29794577060758987  max|de|= -7.97e-10
davidson 5 250  |r|= 0.0174  e= [0.18044046 0.18381332 0.2115284  0.22101268 0.22105235 0.22874156
 0.22904749 0.24873884 0.27968511 0.28005308 0.28413957 0.29794577
 0.29960549 0.30109102 0.30145067 0.30762604 0.3172799  0.32380633
 0.32542542 0.32670803 0.32707077 0.33773091 0.33810373 0.33973766
 0.34016452 0.34645876 0.34723825 0.3500887  0.35032599 0.35325549
 0.35555378 0.35596999 0.35891013 0.36010841 0.36045203 0.36359034
 0.36483541 0.36749923 0.36837905 0.36893929 0.3709178  0.37311728
 0.37542913 0.37556027 0.3805997  0.3845793  0.3864708  0.38903048
 0.38904312 0.38934152]  max|de|= -0.0011  lindep= 0.766
root 8 converged  |r|= 6.62e-07  e= 0.2796851082353673  max|de|= -1.9e-11
root 9 converged  |r|= 1.48e-06  e= 0.28005307884309993  max|de|= -5.6e-11
root 10 converged  |r|= 2.76e-06  e= 0.2841395684951806  max|de|= -2.18e-10
root 13 converged  |r|= 1.5e-06  e= 0.3010910248910716  max|de|= -6.6e-11
root 15 converged  |r|= 1.82e-06  e= 0.30762603518240095  max|de|= -8.03e-11
root 16 converged  |r|= 4.33e-06  e= 0.31727990034174175  max|de|= -4.24e-10
root 18 converged  |r|= 4.16e-06  e= 0.325425415728825  max|de|= -3.93e-10
davidson 6 290  |r|= 0.00861  e= [0.18044046 0.18381332 0.2115284  0.22101268 0.22105235 0.22874156
 0.22904749 0.24873884 0.27968511 0.28005308 0.28413957 0.29794577
 0.29960549 0.30109102 0.30145067 0.30762604 0.3172799  0.32380632
 0.32542542 0.32670802 0.32707077 0.33773091 0.33810373 0.33973765
 0.34016451 0.34645875 0.34723824 0.3500887  0.35032592 0.35325547
 0.35555339 0.35596984 0.35891013 0.3601084  0.36045197 0.36359006
 0.36483503 0.36749922 0.36837878 0.36893829 0.37091356 0.37309665
 0.37542813 0.37555161 0.38043354 0.38404256 0.38627245 0.38898512
 0.38902736 0.38927201]  max|de|= -0.000537  lindep= 0.731
root 12 converged  |r|= 1.9e-06  e= 0.2996054919552881  max|de|= -9.11e-11
root 14 converged  |r|= 2e-06  e= 0.30145066525663433  max|de|= -9.43e-11
root 17 converged  |r|= 4.78e-06  e= 0.32380632025662726  max|de|= -3.89e-10
root 19 converged  |r|= 1.91e-06  e= 0.3267080241440332  max|de|= -7.85e-11
root 20 converged  |r|= 8.29e-07  e= 0.3270707727386477  max|de|= -2.54e-11
root 21 converged  |r|= 1.33e-06  e= 0.33773091191676397  max|de|= -3.43e-11
root 22 converged  |r|= 3e-06  e= 0.3381037295311726  max|de|= -1.81e-10
root 23 converged  |r|= 3.88e-06  e= 0.33973765149700375  max|de|= -2.65e-10
root 24 converged  |r|= 8.78e-06  e= 0.34016451234541206  max|de|= -5.44e-10
root 26 converged  |r|= 4.85e-06  e= 0.3472382440895019  max|de|= -3.77e-10
root 27 converged  |r|= 2.1e-06  e= 0.35008870025082545  max|de|= -9.58e-11
root 32 converged  |r|= 4.8e-06  e= 0.35891012485262846  max|de|= -3.64e-10
root 33 converged  |r|= 3.95e-06  e= 0.3601084001115637  max|de|= -3.66e-10
root 37 converged  |r|= 5.64e-06  e= 0.3674992197503749  max|de|= -4.98e-10
davidson 7 324  |r|= 0.0022  e= [0.18044046 0.18381332 0.2115284  0.22101268 0.22105235 0.22874156
 0.22904749 0.24873884 0.27968511 0.28005308 0.28413957 0.29794577
 0.29960549 0.30109102 0.30145067 0.30762604 0.3172799  0.32380632
 0.32542542 0.32670802 0.32707077 0.33773091 0.33810373 0.33973765
 0.34016451 0.34645874 0.34723824 0.3500887  0.35032592 0.35325547
 0.35555337 0.35596983 0.35891012 0.3601084  0.36045196 0.36359005
 0.36483502 0.36749922 0.36837876 0.36893817 0.37091325 0.37309496
 0.37542809 0.37555093 0.38041301 0.38397892 0.38625775 0.38897978
 0.38902636 0.3892553 ]  max|de|= -6.36e-05  lindep= 0.721
root 25 converged  |r|= 2.26e-06  e= 0.3464587449355876  max|de|= -6.16e-11
root 28 converged  |r|= 1.84e-06  e= 0.35032592205604757  max|de|= -5.81e-11
root 29 converged  |r|= 1.99e-06  e= 0.3532554704886537  max|de|= -6.2e-11
root 31 converged  |r|= 4.47e-06  e= 0.35596983396233317  max|de|= -2.78e-10
root 34 converged  |r|= 5.95e-06  e= 0.36045195934757046  max|de|= -3.28e-10
root 35 converged  |r|= 5.71e-06  e= 0.3635900471075897  max|de|= -4.74e-10
root 36 converged  |r|= 6.79e-06  e= 0.36483501718766065  max|de|= -4.81e-10
root 38 converged  |r|= 7.73e-06  e= 0.3683787619550354  max|de|= -7.02e-10
davidson 8 344  |r|= 0.000595  e= [0.18044046 0.18381332 0.2115284  0.22101268 0.22105235 0.22874156
 0.22904749 0.24873884 0.27968511 0.28005308 0.28413957 0.29794577
 0.29960549 0.30109102 0.30145067 0.30762604 0.3172799  0.32380632
 0.32542542 0.32670802 0.32707077 0.33773091 0.33810373 0.33973765
 0.34016451 0.34645874 0.34723824 0.3500887  0.35032592 0.35325547
 0.35555337 0.35596983 0.35891012 0.3601084  0.36045196 0.36359005
 0.36483502 0.36749922 0.36837876 0.36893816 0.37091323 0.37309486
 0.37542808 0.37555088 0.38041073 0.3839755  0.38625721 0.3889795
 0.38902622 0.38925441]  max|de|= -3.42e-06  lindep= 0.744
root 30 converged  |r|= 2.75e-06  e= 0.3555533651039911  max|de|= -7.45e-11
root 42 converged  |r|= 2.09e-06  e= 0.37542808457167987  max|de|= -5.48e-11
davidson 9 356  |r|= 0.00015  e= [0.18044046 0.18381332 0.2115284  0.22101268 0.22105235 0.22874156
 0.22904749 0.24873884 0.27968511 0.28005308 0.28413957 0.29794577
 0.29960549 0.30109102 0.30145067 0.30762604 0.3172799  0.32380632
 0.32542542 0.32670802 0.32707077 0.33773091 0.33810373 0.33973765
 0.34016451 0.34645874 0.34723824 0.3500887  0.35032592 0.35325547
 0.35555337 0.35596983 0.35891012 0.3601084  0.36045196 0.36359005
 0.36483502 0.36749922 0.36837876 0.36893816 0.37091323 0.37309485
 0.37542808 0.37555088 0.38041051 0.38397535 0.38625718 0.38897949
 0.3890262  0.38925437]  max|de|= -2.17e-07  lindep= 0.742
root 39 converged  |r|= 2.65e-06  e= 0.36893816010634717  max|de|= -7.37e-11
root 40 converged  |r|= 3.32e-06  e= 0.3709132249078145  max|de|= -1.4e-10
root 41 converged  |r|= 6.83e-06  e= 0.37309484788406844  max|de|= -4.78e-10
root 43 converged  |r|= 5.29e-06  e= 0.3755508767919513  max|de|= -2.4e-10
root 47 converged  |r|= 6.88e-06  e= 0.3889794896330806  max|de|= -4.6e-10
davidson 10 366  |r|= 3.97e-05  e= [0.18044046 0.18381332 0.2115284  0.22101268 0.22105235 0.22874156
 0.22904749 0.24873884 0.27968511 0.28005308 0.28413957 0.29794577
 0.29960549 0.30109102 0.30145067 0.30762604 0.3172799  0.32380632
 0.32542542 0.32670802 0.32707077 0.33773091 0.33810373 0.33973765
 0.34016451 0.34645874 0.34723824 0.3500887  0.35032592 0.35325547
 0.35555337 0.35596983 0.35891012 0.3601084  0.36045196 0.36359005
 0.36483502 0.36749922 0.36837876 0.36893816 0.37091322 0.37309485
 0.37542808 0.37555088 0.38041049 0.38397535 0.38625718 0.38897949
 0.3890262  0.38925437]  max|de|= -1.6e-08  lindep= 0.745
root 45 converged  |r|= 5.76e-06  e= 0.38397534479416495  max|de|= -2.43e-10
root 46 converged  |r|= 2.11e-06  e= 0.38625718335187775  max|de|= -4.66e-11
root 48 converged  |r|= 3.41e-06  e= 0.38902620178216635  max|de|= -1.29e-10
root 49 converged  |r|= 2.98e-06  e= 0.3892543651292872  max|de|= -1.01e-10
davidson 11 371  |r|= 1.16e-05  e= [0.18044046 0.18381332 0.2115284  0.22101268 0.22105235 0.22874156
 0.22904749 0.24873884 0.27968511 0.28005308 0.28413957 0.29794577
 0.29960549 0.30109102 0.30145067 0.30762604 0.3172799  0.32380632
 0.32542542 0.32670802 0.32707077 0.33773091 0.33810373 0.33973765
 0.34016451 0.34645874 0.34723824 0.3500887  0.35032592 0.35325547
 0.35555337 0.35596983 0.35891012 0.3601084  0.36045196 0.36359005
 0.36483502 0.36749922 0.36837876 0.36893816 0.37091322 0.37309485
 0.37542808 0.37555088 0.38041049 0.38397534 0.38625718 0.38897949
 0.3890262  0.38925437]  max|de|= -1.19e-09  lindep= 0.807
root 44 converged  |r|= 2.83e-06  e= 0.38041049057050347  max|de|= -8.07e-11
converged 12 372  |r|= 5.76e-06  e= [0.18044046 0.18381332 0.2115284  0.22101268 0.22105235 0.22874156
 0.22904749 0.24873884 0.27968511 0.28005308 0.28413957 0.29794577
 0.29960549 0.30109102 0.30145067 0.30762604 0.3172799  0.32380632
 0.32542542 0.32670802 0.32707077 0.33773091 0.33810373 0.33973765
 0.34016451 0.34645874 0.34723824 0.3500887  0.35032592 0.35325547
 0.35555337 0.35596983 0.35891012 0.3601084  0.36045196 0.36359005
 0.36483502 0.36749922 0.36837876 0.36893816 0.37091322 0.37309485
 0.37542808 0.37555088 0.38041049 0.38397534 0.38625718 0.38897949
 0.3890262  0.38925437]  max|de|= -8.07e-11
    CPU time for TDA   1096.41 sec, wall time     41.05 sec
Excited State energies (eV)
[ 4.91003495  5.0018151   5.75598105  6.01406126  6.01514074  6.22437492
  6.23269978  6.76852865  7.61061944  7.62063243  7.73183148  8.10751738
  8.1526807   8.19310411  8.20289042  8.37093079  8.63362584  8.81121878
  8.85527661  8.89017816  8.90004905  9.19012622  9.2002711   9.24473238
  9.25634785  9.42762265  9.4488339   9.52639876  9.5328539   9.61257097
  9.67509987  9.68643256  9.76644195  9.79904868  9.80839741  9.89378912
  9.92766649 10.00016313 10.02409669 10.03931869 10.09306294 10.15242793
 10.21591853 10.21925988 10.3514967  10.44850133 10.51059332 10.58467105
 10.58594215 10.59215079]
Converting <class 'pyscf.dft.rks.RKS'> to RHF


******** <class 'pyscf.tdscf.rks.TDDFT'> for <class 'pyscf.dft.rks.RKS'> ********
nstates = 50 singlet
wfnsym = None
conv_tol = 1e-09
eigh lindep = 1e-12
eigh level_shift = 0
eigh max_space = 600
eigh max_cycle = 2000
chkfile = /scratch/global/yangjunjie/tmpsgvpezdm
max_memory 256000 MB (current use 902 MB)


davidson 0 50  |r|= 0.37  e= [0.18292002 0.18452566 0.21458212 0.22106874 0.22121933 0.22875605
 0.22930291 0.27731157 0.28384217 0.28425916 0.28847007 0.29961169
 0.30174437 0.30900578 0.31852356 0.31904003 0.32615774 0.32784106
 0.32799779 0.33840701 0.33842783 0.34111688 0.34198891 0.34338099
 0.34811416 0.35048163 0.35098226 0.35262541 0.35755266 0.35954223
 0.35988318 0.36142626 0.36240382 0.36475267 0.36504191 0.36814584
 0.36843558 0.3696136  0.37167084 0.3731198  0.37507044 0.38123084
 0.38645295 0.38923052 0.38959327 0.39115258 0.39489636 0.3977958
 0.42370387 0.45758579]  max|de|= 0.458  lindep=    1
Old state -> New state
   23     ->     0 
   36     ->     1 
   49     ->     2 
    0     ->     3 
    1     ->     4 
    0     ->     5 
    7     ->     6 
    2     ->     7 
    3     ->     8 
    4     ->     9 
    9     ->    10 
    5     ->    11 
    6     ->    12 
    8     ->    13 
    7     ->    14 
   23     ->    15 
   10     ->    16 
    8     ->    17 
    8     ->    18 
   11     ->    19 
    9     ->    20 
   12     ->    21 
   15     ->    22 
   13     ->    23 
   11     ->    24 
   14     ->    25 
   14     ->    26 
   18     ->    27 
   23     ->    28 
   16     ->    29 
   17     ->    30 
   22     ->    31 
   20     ->    32 
   19     ->    33 
   26     ->    34 
   21     ->    35 
   22     ->    36 
   24     ->    37 
   27     ->    38 
   30     ->    39 
   28     ->    40 
   26     ->    41 
   26     ->    42 
   31     ->    43 
   30     ->    44 
   31     ->    45 
   34     ->    46 
   33     ->    47 
   35     ->    48 
   38     ->    49 
davidson 1 90  |r|= 0.854  e= [0.03077497 0.05340373 0.17160461 0.18079255 0.18346745 0.18717282
 0.19384016 0.20995832 0.22104845 0.22108099 0.22716411 0.22873671
 0.22912145 0.23393843 0.25906313 0.27148346 0.27605394 0.28322008
 0.28736187 0.29085381 0.29750093 0.29969722 0.30441594 0.30456896
 0.3093877  0.3153578  0.31970387 0.32021905 0.3235273  0.32597806
 0.32687566 0.32968721 0.3378039  0.33916063 0.34046988 0.34213224
 0.34518645 0.34693524 0.34879862 0.35394218 0.35397627 0.35629556
 0.35839204 0.36039984 0.36079382 0.3631654  0.36572529 0.36623493
 0.36665758 0.36932453]  max|de|= -0.315  lindep= 0.101
Old state -> New state
   13     ->     0 
    0     ->     2 
   13     ->     3 
   40     ->     4 
    0     ->     5 
    3     ->     6 
    4     ->     7 
    7     ->     8 
    8     ->    10 
    6     ->    13 
    1     ->    14 
   17     ->    15 
   10     ->    16 
   15     ->    17 
   16     ->    18 
   24     ->    19 
   21     ->    20 
   26     ->    21 
   29     ->    23 
   27     ->    24 
   30     ->    25 
   33     ->    26 
   32     ->    27 
   31     ->    28 
   35     ->    29 
   37     ->    30 
   36     ->    31 
   41     ->    32 
   38     ->    33 
   39     ->    34 
   14     ->    35 
   40     ->    36 
   41     ->    37 
   43     ->    38 
   44     ->    39 
   46     ->    40 
   48     ->    41 
   49     ->    42 
   49     ->    43 
   47     ->    44 
   47     ->    45 
   47     ->    46 
   44     ->    47 
   14     ->    48 
   42     ->    49 
davidson 2 130  |r|= 1.21  e= [0.03825934 0.04472142 0.07173643 0.07747393 0.13912    0.15321861
 0.17872831 0.18359103 0.20932953 0.2208716  0.2210493  0.22873888
 0.22886092 0.23865514 0.27635584 0.27767051 0.27783715 0.27937332
 0.28716631 0.29757649 0.30100293 0.31716088 0.32024003 0.32532069
 0.32652978 0.326986   0.33757786 0.33792669 0.33926497 0.33987922
 0.34610693 0.34727227 0.34997798 0.35035067 0.35180917 0.35446928
 0.35597822 0.35865935 0.36017764 0.36040838 0.36382869 0.36741864
 0.36841572 0.36936611 0.37019621 0.37057917 0.37387509 0.37553503
 0.38248251 0.38545728]  max|de|= 0.223  lindep= 0.0613
Old state -> New state
    6     ->     2 
    7     ->     3 
   13     ->     4 
    8     ->     5 
    9     ->     6 
   10     ->     7 
    6     ->     8 
   11     ->     9 
   12     ->    10 
   13     ->    11 
    0     ->    12 
   15     ->    13 
   16     ->    14 
   14     ->    15 
   17     ->    16 
   18     ->    17 
   21     ->    22 
   22     ->    23 
   23     ->    25 
   24     ->    26 
   25     ->    27 
   26     ->    28 
   27     ->    29 
   29     ->    30 
   30     ->    31 
   31     ->    32 
   32     ->    34 
   34     ->    35 
   37     ->    40 
   40     ->    41 
   41     ->    42 
   42     ->    44 
   44     ->    45 
   45     ->    46 
   46     ->    47 
   49     ->    48 
   48     ->    49 
davidson 3 170  |r|= 1.15  e= [0.11120078 0.14202833 0.17869279 0.18359071 0.20115735 0.20933949
 0.22087656 0.22105228 0.22645189 0.22873962 0.22886408 0.23993991
 0.27558253 0.27766661 0.27767354 0.27816692 0.27899787 0.28825536
 0.29244394 0.29767434 0.30111859 0.30723173 0.31696335 0.31990601
 0.3212453  0.32531932 0.32603302 0.32699537 0.33757399 0.33786094
 0.34010766 0.3463328  0.34664306 0.35006825 0.35006825 0.35213571
 0.35599697 0.35906437 0.36020081 0.36042202 0.36057004 0.36397764
 0.36753837 0.36817023 0.36855267 0.36949474 0.37092324 0.37269667
 0.3769379  0.38189032]  max|de|= 0.237  lindep= 0.0395
Old state -> New state
   21     ->     4 
    9     ->     8 
   10     ->     9 
   11     ->    10 
   14     ->    11 
   13     ->    12 
   15     ->    13 
   16     ->    14 
   17     ->    15 
   19     ->    16 
   20     ->    17 
   21     ->    18 
   23     ->    19 
   22     ->    20 
   23     ->    21 
   25     ->    22 
   26     ->    23 
   27     ->    24 
   23     ->    25 
   28     ->    26 
   28     ->    27 
   29     ->    28 
   28     ->    29 
   33     ->    34 
   35     ->    36 
   36     ->    37 
   37     ->    38 
   38     ->    39 
   39     ->    40 
   43     ->    41 
   41     ->    42 
   42     ->    43 
   43     ->    44 
   44     ->    45 
   45     ->    46 
   46     ->    47 
   47     ->    48 
   47     ->    49 
davidson 4 210  |r|= 1.35  e= [0.1097904  0.13754718 0.17872425 0.18359034 0.19607275 0.20935246
 0.2208726  0.2210502  0.22873913 0.22885906 0.2386487  0.27719352
 0.27769954 0.2780021  0.27892939 0.28741974 0.29761595 0.30102676
 0.30722772 0.31025646 0.31695731 0.32136905 0.32533233 0.32655769
 0.32698748 0.33001638 0.33401949 0.33757573 0.33789138 0.33923638
 0.33986171 0.34612102 0.34679925 0.34999353 0.35021628 0.35177937
 0.35312393 0.35585146 0.35882843 0.36010872 0.36047229 0.36236734
 0.36376213 0.36753338 0.36771328 0.36838668 0.36967853 0.3707763
 0.3724475  0.37535487]  max|de|= -0.111  lindep= 0.00547
Old state -> New state
    1     ->     0 
    0     ->     2 
    0     ->     3 
    1     ->     4 
    2     ->     5 
    2     ->     6 
    3     ->     7 
    5     ->     8 
    6     ->     9 
    6     ->    10 
    7     ->    11 
    8     ->    12 
    9     ->    13 
    0     ->    14 
   10     ->    15 
   13     ->    16 
   11     ->    17 
   12     ->    18 
   13     ->    19 
   14     ->    20 
   15     ->    21 
    0     ->    22 
   16     ->    23 
   17     ->    24 
   18     ->    25 
   20     ->    26 
   21     ->    27 
   22     ->    28 
   23     ->    29 
   24     ->    30 
   27     ->    31 
   28     ->    32 
   29     ->    33 
   30     ->    34 
   31     ->    35 
   33     ->    36 
   34     ->    37 
   35     ->    38 
   36     ->    39 
   37     ->    40 
   38     ->    41 
   39     ->    42 
   40     ->    43 
   42     ->    44 
   44     ->    45 
   43     ->    46 
   45     ->    47 
   46     ->    48 
   47     ->    49 
davidson 5 250  |r|=  1.4  e= [0.02947849 0.07280825 0.08199094 0.09069773 0.12364328 0.17871464
 0.18057058 0.18359096 0.20935278 0.219731   0.22087512 0.22105029
 0.22873916 0.22885944 0.23377514 0.23865137 0.27537054 0.2771205
 0.27770422 0.27789738 0.27913924 0.28728092 0.29348399 0.29761438
 0.3010304  0.30723579 0.31696189 0.31996817 0.32532755 0.32653991
 0.32697207 0.33757432 0.33790513 0.33910616 0.3398891  0.34608251
 0.34997897 0.35015246 0.35184702 0.35220792 0.35585693 0.35882665
 0.36008751 0.36031574 0.3636244  0.36471459 0.3674579  0.36835139
 0.36836703 0.37066136]  max|de|= 0.184  lindep= 0.0634
Old state -> New state
    3     ->     2 
   22     ->     3 
    5     ->     4 
    7     ->     5 
    7     ->     6 
    8     ->     7 
   10     ->     8 
   10     ->     9 
   11     ->    10 
   12     ->    11 
   13     ->    12 
   15     ->    13 
   18     ->    14 
   17     ->    15 
   18     ->    16 
   19     ->    17 
   20     ->    18 
   21     ->    19 
   21     ->    20 
   23     ->    21 
   24     ->    22 
   25     ->    23 
   26     ->    24 
   27     ->    25 
   28     ->    26 
   29     ->    27 
   30     ->    28 
   31     ->    29 
   32     ->    30 
   33     ->    31 
   34     ->    32 
   35     ->    33 
   22     ->    34 
   36     ->    35 
   37     ->    36 
   38     ->    37 
   39     ->    38 
   40     ->    39 
   41     ->    40 
   42     ->    41 
   43     ->    42 
   44     ->    43 
   46     ->    45 
davidson 6 290  |r|= 1.37  e= [0.00228842 0.03916641 0.05955951 0.15327327 0.17872269 0.18359054
 0.19010506 0.20935216 0.2200682  0.22087302 0.22105027 0.22873913
 0.22885938 0.2386567  0.27313528 0.2770244  0.27769917 0.27798545
 0.27896595 0.28452427 0.28743959 0.29761508 0.30102295 0.30723066
 0.316958   0.31997868 0.32532566 0.32654028 0.32697126 0.33757785
 0.33790482 0.33909351 0.33987828 0.34608335 0.34676175 0.34997994
 0.35015555 0.3518063  0.35239322 0.35582897 0.35881864 0.36004485
 0.36032262 0.3629438  0.36398964 0.36726184 0.36814566 0.36830254
 0.36844552 0.37049919]  max|de|= -0.14  lindep= 0.0565
Old state -> New state
    6     ->     0 
    3     ->     2 
    0     ->     3 
    7     ->     6 
    9     ->     8 
   10     ->     9 
   14     ->    10 
   15     ->    14 
   16     ->    15 
   17     ->    16 
   18     ->    17 
   20     ->    18 
   21     ->    19 
   22     ->    20 
    0     ->    21 
   23     ->    22 
   24     ->    23 
   31     ->    32 
   32     ->    33 
   33     ->    34 
   34     ->    35 
   35     ->    36 
   36     ->    37 
   37     ->    38 
   38     ->    39 
   39     ->    40 
   40     ->    41 
   41     ->    42 
   42     ->    43 
   44     ->    45 
   45     ->    46 
   48     ->    47 
   47     ->    48 
davidson 7 330  |r|= 1.63  e= [0.04771408 0.10045616 0.11403194 0.15551579 0.17872275 0.18359056
 0.20589476 0.20935197 0.22087279 0.22105027 0.22521081 0.22873914
 0.22885948 0.2386585  0.27707924 0.27770893 0.27792992 0.27906954
 0.28731018 0.29761526 0.30102289 0.30547651 0.30723062 0.31695404
 0.31790093 0.31998001 0.32532773 0.32653894 0.32697395 0.337562
 0.33790599 0.33870133 0.33938846 0.33987829 0.34609035 0.34675182
 0.34997781 0.35015183 0.3517981  0.35217989 0.35581841 0.35882145
 0.36003792 0.36032113 0.36350582 0.36490115 0.36746126 0.36823716
 0.36831897 0.37071404]  max|de|= 0.303  lindep= 0.0307
Old state -> New state
    0     ->     2 
    0     ->     3 
    7     ->     6 
   11     ->    10 
   12     ->    11 
   13     ->    12 
    0     ->    13 
   22     ->    21 
    1     ->    22 
   25     ->    24 
   26     ->    25 
   27     ->    26 
   28     ->    27 
   29     ->    28 
   30     ->    29 
   32     ->    30 
   33     ->    31 
   34     ->    32 
   35     ->    33 
   36     ->    34 
   37     ->    35 
   38     ->    36 
   39     ->    37 
   40     ->    38 
   41     ->    39 
   42     ->    40 
   43     ->    41 
   44     ->    42 
   45     ->    43 
   46     ->    44 
   47     ->    45 
   48     ->    46 
   49     ->    47 
   49     ->    48 
   21     ->    49 
root 9 converged  |r|= 1.25e-05  e= 0.22105026946150827  max|de|= 7.36e-10
davidson 8 370  |r|= 1.37  e= [0.00763937 0.01636258 0.10383351 0.15773331 0.17872278 0.18359056
 0.19097495 0.20935248 0.2208728  0.22105027 0.22873913 0.2288595
 0.23865728 0.24844228 0.27708256 0.27771026 0.27792961 0.27907093
 0.28731844 0.29761509 0.30102289 0.30723023 0.31172985 0.3169579
 0.31997564 0.32532637 0.32654157 0.32697395 0.33757826 0.33790621
 0.33909957 0.339878   0.34609191 0.34675541 0.34998058 0.35015453
 0.35179924 0.3522106  0.35581272 0.35881452 0.3600406  0.36032678
 0.36351435 0.36470743 0.36744698 0.3682815  0.36831318 0.37066784
 0.37221981 0.37524712]  max|de|= 0.211  lindep= 0.0196
Old state -> New state
    1     ->     0 
    0     ->     1 
   12     ->     2 
    4     ->     3 
    5     ->     4 
    7     ->     5 
    7     ->     6 
    8     ->     7 
    9     ->     8 
    0     ->     9 
   14     ->    13 
   15     ->    14 
   16     ->    15 
   17     ->    16 
   15     ->    17 
   24     ->    22 
   40     ->    42 
   42     ->    43 
   43     ->    44 
   44     ->    45 
   45     ->    46 
   46     ->    47 
   47     ->    48 
   48     ->    49 
root 10 converged  |r|= 1.23e-06  e= 0.22873913350088496  max|de|= 1.1e-11
davidson 9 410  |r|= 1.47  e= [0.01615858 0.0679912  0.09751213 0.17872276 0.18359056 0.20935242
 0.21329912 0.2208728  0.22105027 0.22235573 0.22873913 0.22885949
 0.23865686 0.27708478 0.27770945 0.27792967 0.27907079 0.28002739
 0.28731926 0.29761514 0.30102284 0.30723035 0.31559207 0.31695793
 0.31997423 0.32532628 0.32654125 0.32697374 0.33757826 0.33790599
 0.33909879 0.33987778 0.34609201 0.34675448 0.34998016 0.35015359
 0.35179992 0.35219093 0.35581771 0.35881248 0.3600256  0.36032426
 0.3609084  0.3634757  0.36468568 0.3674243  0.36827037 0.3683097
 0.37068243 0.37212928]  max|de|= 0.215  lindep= 0.011
Old state -> New state
    1     ->     0 
    2     ->     1 
    3     ->     2 
    4     ->     3 
    5     ->     4 
    7     ->     5 
    8     ->     6 
   12     ->     7 
   10     ->     8 
   11     ->     9 
   12     ->    10 
   13     ->    11 
   14     ->    12 
   15     ->    13 
   16     ->    14 
   18     ->    15 
   19     ->    16 
   20     ->    17 
   21     ->    18 
   23     ->    19 
   23     ->    20 
   24     ->    21 
   25     ->    22 
   26     ->    23 
   27     ->    24 
   29     ->    25 
   28     ->    26 
   29     ->    27 
   30     ->    28 
   31     ->    29 
   32     ->    30 
   33     ->    31 
   34     ->    32 
   35     ->    33 
   36     ->    34 
   37     ->    35 
   38     ->    36 
   39     ->    37 
   40     ->    38 
   41     ->    39 
   43     ->    40 
   44     ->    41 
   45     ->    42 
   46     ->    43 
   47     ->    44 
   48     ->    45 
   49     ->    46 
   22     ->    47 
    9     ->    48 
    2     ->    49 
root 3 converged  |r|= 8.36e-08  e= 0.18359055729154872  max|de|= -6.08e-11
root 6 converged  |r|= 2.67e-07  e= 0.22105027004994282  max|de|= 3.25e-13
davidson 10 450  |r|= 1.54  e= [0.02518602 0.09957788 0.17872277 0.18359056 0.20935242 0.2208728
 0.22105027 0.22479466 0.22873913 0.22885948 0.23865655 0.27708053
 0.27771015 0.27792869 0.27907158 0.28731452 0.29761512 0.30102287
 0.30723065 0.31524892 0.31695759 0.31997025 0.32532633 0.32654143
 0.32697396 0.33659315 0.33757826 0.33790456 0.33909906 0.33987585
 0.34609303 0.34675544 0.34998045 0.35015506 0.35180421 0.35217696
 0.35581256 0.35881296 0.36003976 0.36031891 0.36347757 0.36468803
 0.36744765 0.36826223 0.36830656 0.37064956 0.37219399 0.37522496
 0.3753951  0.37995731]  max|de|= 0.282  lindep= 0.0228
Old state -> New state
    0     ->     1 
    3     ->     4 
    4     ->     5 
   10     ->     6 
    5     ->     7 
    6     ->     8 
    0     ->     9 
    8     ->    10 
    9     ->    11 
   10     ->    12 
   11     ->    13 
   12     ->    14 
   13     ->    15 
   14     ->    16 
   15     ->    17 
   15     ->    18 
   16     ->    19 
   17     ->    20 
   18     ->    21 
   20     ->    22 
   21     ->    23 
    0     ->    24 
   22     ->    25 
   23     ->    26 
   24     ->    27 
   26     ->    28 
   27     ->    29 
   28     ->    30 
   29     ->    31 
   30     ->    32 
   31     ->    33 
   32     ->    34 
   33     ->    35 
   34     ->    36 
   35     ->    37 
   36     ->    38 
   37     ->    39 
   38     ->    40 
   39     ->    41 
   40     ->    42 
   41     ->    43 
   42     ->    44 
   43     ->    45 
   44     ->    46 
   45     ->    47 
   46     ->    48 
   47     ->    49 
root 2 converged  |r|= 7.28e-07  e= 0.17872276703098858  max|de|= 5.78e-10
root 14 converged  |r|= 1.13e-05  e= 0.2777101459419935  max|de|= 5.69e-10
root 20 converged  |r|= 1.26e-05  e= 0.3010228658048164  max|de|= -2.24e-10
davidson 11 490  |r|= 2.03  e= [0.07136546 0.15769332 0.17872277 0.18359056 0.18563992 0.20935241
 0.2189261  0.22087279 0.22105027 0.22427357 0.22873913 0.22885949
 0.23865638 0.27708095 0.27771015 0.27792878 0.27907102 0.28731639
 0.29128183 0.29761512 0.30102287 0.30723044 0.31695798 0.31997037
 0.3234476  0.32532632 0.32654138 0.3269739  0.33757828 0.33790604
 0.33909907 0.33987811 0.34609161 0.34675432 0.34998048 0.35015494
 0.35180148 0.35217396 0.3558137  0.35881305 0.36003983 0.36032606
 0.36347696 0.36466754 0.36743471 0.36802342 0.36831089 0.37064223
 0.37191283 0.37515008]  max|de|= 0.298  lindep= 0.0204
Old state -> New state
    5     ->     1 
    0     ->     4 
    7     ->     6 
    8     ->     7 
   10     ->     8 
   11     ->     9 
   12     ->    10 
   16     ->    11 
   13     ->    12 
   14     ->    13 
   15     ->    14 
   16     ->    15 
   17     ->    16 
   19     ->    17 
   20     ->    18 
   21     ->    19 
   22     ->    20 
   23     ->    21 
   25     ->    22 
   26     ->    23 
   27     ->    24 
    0     ->    25 
   28     ->    26 
   29     ->    27 
   30     ->    28 
   31     ->    29 
   32     ->    30 
   33     ->    31 
   34     ->    32 
   35     ->    33 
   36     ->    34 
   37     ->    35 
   38     ->    36 
   39     ->    37 
   40     ->    38 
   41     ->    39 
   42     ->    40 
   43     ->    41 
   44     ->    42 
   45     ->    43 
   46     ->    44 
   47     ->    45 
   48     ->    46 
   49     ->    47 
    9     ->    48 
root 5 converged  |r|= 7.7e-08  e= 0.20935241385399805  max|de|= 2.27e-10
root 6 converged  |r|= 3.25e-08  e= 0.22087279411955865  max|de|= -3.32e-11
root 9 converged  |r|= 8.04e-08  e= 0.22885948863866232  max|de|= -4.39e-10
davidson 12 530  |r|= 1.79  e= [0.04510669 0.14790093 0.17872277 0.18359056 0.20013954 0.20935241
 0.22087279 0.22105027 0.22873913 0.22885949 0.23865644 0.27620235
 0.27708082 0.27771015 0.27792908 0.27907125 0.28731498 0.29761512
 0.30102286 0.30723043 0.31695799 0.31997047 0.32532637 0.32654139
 0.32697389 0.32842636 0.33757828 0.33790603 0.33909916 0.33987815
 0.34609167 0.34675511 0.34998049 0.35015478 0.35180189 0.35217835
 0.35581359 0.35881269 0.3600398  0.36032526 0.36346927 0.36467541
 0.36745113 0.36823782 0.36829544 0.37063723 0.37214138 0.3752211
 0.37538873 0.37961794]  max|de|= 0.257  lindep= 0.00949
Old state -> New state
    0     ->     1 
    5     ->     4 
   14     ->    11 
   15     ->    16 
   16     ->    17 
   17     ->    18 
   18     ->    19 
   19     ->    20 
   20     ->    21 
   21     ->    22 
   22     ->    23 
   23     ->    24 
   24     ->    25 
root 13 converged  |r|= 1.06e-05  e= 0.2777101482808295  max|de|= -4.23e-10
davidson 13 570  |r|= 1.72  e= [0.04622054 0.08017293 0.17872277 0.18359056 0.20935241 0.20967501
 0.22087279 0.22105027 0.22873913 0.22885949 0.23865644 0.27444941
 0.27708077 0.27771015 0.27792862 0.27907008 0.27961683 0.28731518
 0.29761512 0.30102286 0.30723043 0.31695799 0.3199705  0.32532633
 0.3265414  0.32697389 0.33757829 0.33790603 0.33909918 0.33987815
 0.34609169 0.34675514 0.34998049 0.35015477 0.35180178 0.35217886
 0.35581387 0.35881272 0.36003982 0.36032532 0.36346644 0.36467564
 0.36745074 0.36824423 0.36829381 0.37056269 0.37140185 0.37518178
 0.37538834 0.37921167]  max|de|= 0.0351  lindep= 0.0274
Old state -> New state
    0     ->     1 
    6     ->     5 
    7     ->     6 
    8     ->     7 
    9     ->     8 
   10     ->     9 
   12     ->    10 
   13     ->    11 
   14     ->    12 
   15     ->    13 
   17     ->    14 
   18     ->    15 
   10     ->    16 
   19     ->    17 
   20     ->    18 
   21     ->    19 
   22     ->    20 
   23     ->    21 
   24     ->    22 
   25     ->    23 
   26     ->    24 
   27     ->    25 
   28     ->    26 
   29     ->    27 
   30     ->    28 
   31     ->    29 
   32     ->    30 
   33     ->    31 
   34     ->    32 
   35     ->    33 
   36     ->    34 
   37     ->    35 
   38     ->    36 
   39     ->    37 
   40     ->    38 
   41     ->    39 
   42     ->    40 
   43     ->    41 
   44     ->    42 
   45     ->    43 
   46     ->    44 
   47     ->    45 
   48     ->    46 
   49     ->    47 
    1     ->    48 
    5     ->    49 
root 24 converged  |r|= 2.4e-06  e= 0.33757828843460475  max|de|= -3.38e-10
root 25 converged  |r|= 2.02e-06  e= 0.3379060290239669  max|de|= -7.5e-10
root 30 converged  |r|= 2.87e-06  e= 0.3499804945502496  max|de|= 7.78e-10
davidson 14 610  |r|= 3.11  e= [0.01410464 0.12503379 0.17872277 0.18359056 0.20935241 0.22087279
 0.22105027 0.22873913 0.22885949 0.23865643 0.27708097 0.27771015
 0.27792906 0.27907131 0.287315   0.29761512 0.2987554  0.30102286
 0.30723044 0.31695799 0.31997045 0.32532633 0.32654139 0.32697389
 0.33757829 0.33790603 0.33909918 0.33987815 0.34609169 0.34675513
 0.34998049 0.35015475 0.35180186 0.35217848 0.35581387 0.3588127
 0.36003982 0.3603254  0.36346734 0.36467363 0.36745063 0.36823738
 0.3682923  0.37061395 0.37206893 0.37519789 0.37538785 0.37954559
 0.38394113 0.38612239]  max|de|= 0.304  lindep= 0.0233
Old state -> New state
    0     ->     1 
   14     ->    15 
   15     ->    16 
root 9 converged  |r|= 3.33e-07  e= 0.23865643306249945  max|de|= -7.42e-11
root 12 converged  |r|= 9.65e-07  e= 0.27792905995932027  max|de|= -9.16e-10
root 16 converged  |r|= 2.69e-07  e= 0.2976151204460625  max|de|= -1.71e-11
root 17 converged  |r|= 4.17e-07  e= 0.30102286131342304  max|de|= 1.35e-11
root 18 converged  |r|= 4.51e-07  e= 0.3072304358246701  max|de|= -1.55e-10
root 19 converged  |r|= 3.18e-07  e= 0.31695798905996847  max|de|= 1.18e-10
root 20 converged  |r|= 2.85e-06  e= 0.31997045246389305  max|de|= -3.31e-10
root 21 converged  |r|= 1.24e-06  e= 0.3253263310053335  max|de|= -3.16e-11
root 22 converged  |r|= 1.6e-06  e= 0.32654139047002906  max|de|= 3.77e-10
root 23 converged  |r|= 1.07e-06  e= 0.32697388839663916  max|de|= 2.67e-10
root 26 converged  |r|= 1.6e-06  e= 0.3390991821466803  max|de|= -1.67e-10
root 27 converged  |r|= 3.79e-06  e= 0.3398781520615483  max|de|= -2.16e-11
root 28 converged  |r|= 6.32e-06  e= 0.3460916889005536  max|de|= -8.63e-10
davidson 15 645  |r|= 2.61  e= [0.13564373 0.15695174 0.17872277 0.18359056 0.20935241 0.22087279
 0.22105027 0.22873913 0.22885949 0.23865643 0.27708097 0.27771015
 0.27792906 0.27907131 0.28731499 0.288428   0.29761512 0.30102286
 0.30723044 0.31695799 0.31997045 0.32532633 0.32654139 0.32697389
 0.33757829 0.33790603 0.33909918 0.33987815 0.34609169 0.34675514
 0.34998049 0.35015477 0.35180186 0.35217846 0.35581386 0.35881271
 0.36003982 0.36032536 0.36346762 0.36467373 0.36745093 0.36823708
 0.36829288 0.37060283 0.37207258 0.37519922 0.37539125 0.3789981
 0.38390632 0.38609206]  max|de|= 0.143  lindep= 0.0264
Old state -> New state
    0     ->     1 
    9     ->    10 
   10     ->    11 
   11     ->    12 
   12     ->    13 
   13     ->    14 
   14     ->    15 
    0     ->    48 
   48     ->    49 
root 35 converged  |r|= 7.44e-06  e= 0.3588127111299429  max|de|= 2.54e-10
root 36 converged  |r|= 3.09e-05  e= 0.3600398174123073  max|de|= -6.36e-10
davidson 16 670  |r|= 2.25  e= [0.03953971 0.12206821 0.17872277 0.18359056 0.20935241 0.22087279
 0.22105027 0.22873913 0.22885949 0.23454117 0.23865643 0.27708097
 0.27771015 0.27792906 0.27907131 0.28731499 0.29761512 0.30102286
 0.30723044 0.31695799 0.31997046 0.32532633 0.32654139 0.32697389
 0.33757829 0.33790603 0.33909918 0.33987815 0.34609169 0.34675513
 0.34998049 0.35015476 0.35180188 0.35217855 0.35581386 0.35881271
 0.36003982 0.3603254  0.36346736 0.36467385 0.36745092 0.36823817
 0.36829287 0.3706057  0.37205324 0.37519806 0.37538759 0.37898258
 0.38342372 0.38392137]  max|de|= 0.248  lindep= 0.0226
Old state -> New state
    0     ->     1 
   10     ->     9 
    0     ->    10 
   49     ->    48 
   48     ->    49 
root 14 converged  |r|= 3.44e-07  e= 0.27907131335712687  max|de|= 1.41e-10
root 29 converged  |r|= 2.22e-06  e= 0.3467551326257207  max|de|= -7.5e-10
root 31 converged  |r|= 1.77e-06  e= 0.350154760383187  max|de|= -7.77e-10
root 34 converged  |r|= 5.33e-06  e= 0.3558138567002731  max|de|= 4.53e-10
root 40 converged  |r|= 1.35e-05  e= 0.3674509220094304  max|de|= -4.68e-10
davidson 17 696  |r|= 2.89  e= [0.04884599 0.16860783 0.17872277 0.18359056 0.20935241 0.22087279
 0.22105027 0.22873913 0.22885949 0.23865643 0.24685623 0.27708097
 0.27771015 0.27792906 0.27907131 0.28731499 0.29761512 0.30102286
 0.30723044 0.31695799 0.31997045 0.32532633 0.32654139 0.32697389
 0.33757829 0.33790603 0.33909918 0.33987815 0.34609169 0.34675513
 0.34998049 0.35015476 0.35180187 0.35217851 0.35581386 0.35881271
 0.36003982 0.36032539 0.36346735 0.36467385 0.36745092 0.3682374
 0.36829286 0.37060819 0.37206613 0.37519982 0.37538757 0.37940462
 0.38391741 0.38607673]  max|de|= 0.207  lindep= 0.0205
Old state -> New state
    0     ->     1 
    0     ->     4 
    4     ->     5 
    5     ->     6 
    6     ->     7 
    7     ->     8 
    8     ->     9 
    8     ->    10 
    9     ->    11 
   11     ->    12 
   12     ->    13 
   13     ->    14 
   14     ->    15 
   15     ->    16 
   16     ->    17 
   17     ->    18 
   18     ->    19 
   19     ->    20 
   20     ->    21 
   21     ->    22 
   22     ->    23 
   23     ->    24 
   24     ->    25 
   25     ->    26 
   26     ->    27 
   27     ->    28 
   28     ->    29 
   29     ->    30 
   30     ->    31 
   31     ->    32 
   32     ->    33 
   33     ->    34 
   34     ->    35 
   35     ->    36 
   36     ->    37 
   37     ->    38 
   38     ->    39 
   39     ->    40 
   40     ->    41 
   41     ->    42 
   42     ->    43 
   43     ->    44 
   44     ->    45 
   45     ->    46 
   46     ->    47 
   47     ->    48 
   48     ->    49 
root 11 converged  |r|= 1.11e-07  e= 0.23865643292413183  max|de|= -5.99e-12
root 12 converged  |r|= 5.85e-07  e= 0.2770809693540894  max|de|= 7.55e-10
root 21 converged  |r|= 7.38e-07  e= 0.319970454688175  max|de|= 7.9e-10
root 29 converged  |r|= 2.02e-06  e= 0.34609168767978504  max|de|= -1.08e-10
root 37 converged  |r|= 3.68e-06  e= 0.3600398190270823  max|de|= -1.27e-10
root 43 converged  |r|= 2.22e-05  e= 0.3682928565161664  max|de|= -7.08e-10
davidson 18 718  |r|= 2.24  e= [0.01273681 0.04480727 0.17872277 0.18359056 0.18597006 0.20935241
 0.22087279 0.22105027 0.22873913 0.22885949 0.22899864 0.23865643
 0.27708097 0.27771015 0.27792906 0.27907131 0.28731499 0.29761512
 0.30102286 0.30723044 0.31695799 0.31997045 0.32532633 0.32654139
 0.32697389 0.33757829 0.33790603 0.33909918 0.33987815 0.34609169
 0.34675513 0.34998049 0.35015476 0.35180186 0.35217853 0.35581386
 0.35881271 0.36003982 0.36032539 0.36346735 0.36467383 0.36745092
 0.36823744 0.36829286 0.37060795 0.37206656 0.3751995  0.37538755
 0.37940092 0.3839172 ]  max|de|= 0.137  lindep= 0.0218
Old state -> New state
    2     ->     0 
    3     ->     1 
    0     ->     2 
    5     ->     3 
    6     ->     4 
    7     ->     5 
    8     ->     6 
    9     ->     7 
   11     ->     8 
   12     ->     9 
   13     ->    10 
   14     ->    11 
   15     ->    12 
   16     ->    13 
   17     ->    14 
   18     ->    15 
   19     ->    16 
   20     ->    17 
   21     ->    18 
   22     ->    19 
   23     ->    20 
   24     ->    21 
   24     ->    22 
   25     ->    23 
   26     ->    24 
   27     ->    25 
   28     ->    26 
   29     ->    27 
   30     ->    28 
   31     ->    29 
   32     ->    30 
   33     ->    31 
   34     ->    32 
   35     ->    33 
   36     ->    34 
   37     ->    35 
   38     ->    36 
   39     ->    37 
   40     ->    38 
   41     ->    39 
   42     ->    40 
   43     ->    41 
   44     ->    42 
   45     ->    43 
   46     ->    44 
   47     ->    45 
   48     ->    46 
   49     ->    47 
    4     ->    48 
    4     ->    49 
root 13 converged  |r|= 3.94e-07  e= 0.28731499444545316  max|de|= -4.2e-10
root 31 converged  |r|= 6.17e-06  e= 0.35180186241375305  max|de|= 1.41e-10
davidson 19 734  |r|= 3.24  e= [0.17872277 0.18359056 0.19418721 0.20935241 0.22087279 0.22105027
 0.22873913 0.22885949 0.23865643 0.27708097 0.27771015 0.27792906
 0.27907131 0.28731499 0.29761512 0.30102286 0.30723044 0.31695799
 0.31997045 0.32532633 0.32654139 0.32697389 0.32701959 0.33757829
 0.33790603 0.33909918 0.33987815 0.34609169 0.34675513 0.34998049
 0.35015476 0.35180186 0.35217854 0.35581386 0.35881271 0.36003982
 0.36032538 0.36346735 0.36467383 0.36745092 0.36823745 0.36829286
 0.37060794 0.37206675 0.37519951 0.37538754 0.37940067 0.38391705
 0.3860761  0.38878932]  max|de|= 0.203  lindep= 0.0361
Old state -> New state
    2     ->     0 
    2     ->     1 
    0     ->     3 
    1     ->     4 
    3     ->     5 
    4     ->     6 
    5     ->     7 
    6     ->     8 
    7     ->     9 
    8     ->    10 
    9     ->    11 
   10     ->    12 
   11     ->    13 
   12     ->    14 
   13     ->    15 
   14     ->    16 
   15     ->    17 
   16     ->    18 
   17     ->    19 
   18     ->    20 
   19     ->    21 
   20     ->    22 
   21     ->    23 
   23     ->    24 
   24     ->    25 
   25     ->    26 
   26     ->    27 
   27     ->    28 
   28     ->    29 
   29     ->    30 
   30     ->    31 
   31     ->    32 
   32     ->    33 
   33     ->    34 
   34     ->    35 
   35     ->    36 
   36     ->    37 
   37     ->    38 
   38     ->    39 
   39     ->    40 
   40     ->    41 
   41     ->    42 
   42     ->    43 
   43     ->    44 
   44     ->    45 
   45     ->    46 
   46     ->    47 
   47     ->    48 
   48     ->    49 
root 37 converged  |r|= 3.53e-06  e= 0.3603253848667294  max|de|= -2.15e-12
root 38 converged  |r|= 5.5e-06  e= 0.36346734866101127  max|de|= 5.33e-10
davidson 20 751  |r|= 2.29  e= [0.00219091 0.09628603 0.12248034 0.17872277 0.18359056 0.20935241
 0.22087279 0.22105027 0.22873913 0.22885949 0.23865643 0.27708097
 0.27771015 0.27792906 0.27907131 0.28731499 0.29761512 0.30102286
 0.30723044 0.31695799 0.31997045 0.32532633 0.32654139 0.32697389
 0.33757829 0.33790603 0.33909918 0.33987815 0.34609169 0.34675513
 0.34998049 0.35015476 0.35180186 0.35217853 0.35581386 0.35881271
 0.36003982 0.36032538 0.36346735 0.36467383 0.36745092 0.36823742
 0.36829286 0.37060795 0.37206678 0.37519944 0.37538756 0.37940131
 0.38391712 0.38607587]  max|de|= -0.192  lindep= 0.0181
root 20 converged  |r|= 1.27e-07  e= 0.3199704542820119  max|de|= 2.09e-14
root 23 converged  |r|= 1.95e-08  e= 0.3269738884902449  max|de|= 1.48e-14
root 33 converged  |r|= 4.93e-06  e= 0.3521785262173174  max|de|= 9.75e-13
root 39 converged  |r|= 1.53e-05  e= 0.36467382987631086  max|de|= 6.18e-14
root 41 converged  |r|= 2.35e-05  e= 0.36823742192991304  max|de|= -8.8e-14
davidson 21 50  |r|= 2.29  e= [0.00219091 0.09628603 0.12248034 0.17872277 0.18359056 0.20935241
 0.22087279 0.22105027 0.22873913 0.22885949 0.23865643 0.27708097
 0.27771015 0.27792906 0.27907131 0.28731499 0.29761512 0.30102286
 0.30723044 0.31695799 0.31997045 0.32532633 0.32654139 0.32697389
 0.33757829 0.33790603 0.33909918 0.33987815 0.34609169 0.34675513
 0.34998049 0.35015476 0.35180186 0.35217853 0.35581386 0.35881271
 0.36003982 0.36032538 0.36346735 0.36467383 0.36745092 0.36823742
 0.36829286 0.37060795 0.37206678 0.37519944 0.37538756 0.37940131
 0.38391712 0.38607587]  max|de|= -2.01e-10  lindep= 0.042
Old state -> New state
    0     ->     1 
    3     ->     2 
    4     ->     3 
   10     ->     4 
davidson 22 60  |r|= 2.57  e= [0.03406499 0.08132548 0.17872277 0.18359056 0.20626948 0.20935241
 0.22087279 0.22105027 0.22873913 0.22885949 0.23865643 0.27708097
 0.27771015 0.27792906 0.27907131 0.28731499 0.29761512 0.30102286
 0.30723044 0.31695799 0.31997045 0.32532633 0.32654139 0.32697389
 0.33757829 0.33790603 0.33909918 0.33987815 0.34609169 0.34675513
 0.34998049 0.35015476 0.35180186 0.35217853 0.35581386 0.35881271
 0.36003982 0.36032538 0.36346735 0.36467383 0.36745092 0.36823743
 0.36829286 0.37060799 0.37206683 0.37519943 0.37538755 0.37939911
 0.38391711 0.38607678]  max|de|= 0.0791  lindep= 0.0559
Old state -> New state
    0     ->     1 
   10     ->     2 
    2     ->     3 
    3     ->     4 
   14     ->    11 
   11     ->    12 
   12     ->    13 
   13     ->    14 
   14     ->    15 
   15     ->    16 
   16     ->    17 
   17     ->    18 
   18     ->    19 
   19     ->    20 
   20     ->    21 
   21     ->    22 
   22     ->    23 
   23     ->    24 
   24     ->    25 
   25     ->    26 
   26     ->    27 
   27     ->    28 
   28     ->    29 
   29     ->    30 
   30     ->    31 
   31     ->    32 
   32     ->    33 
   33     ->    34 
   34     ->    35 
   35     ->    36 
   36     ->    37 
   37     ->    38 
   38     ->    39 
   39     ->    40 
   40     ->    41 
   41     ->    42 
   42     ->    43 
   43     ->    44 
   44     ->    45 
   45     ->    46 
   45     ->    47 
   46     ->    48 
   47     ->    49 
root 40 converged  |r|= 1.68e-05  e= 0.3646738308534759  max|de|= -5.07e-10
davidson 23 73  |r|= 2.44  e= [0.01198167 0.0664892  0.1771941  0.17872277 0.18359056 0.20935241
 0.22087279 0.22105027 0.22873913 0.22885949 0.23865643 0.25652404
 0.27708097 0.27771015 0.27792906 0.27907131 0.28731499 0.29761512
 0.30102286 0.30723044 0.31695799 0.31997045 0.32532633 0.32654139
 0.32697389 0.33757829 0.33790603 0.33909918 0.33987815 0.34609169
 0.34675513 0.34998049 0.35015476 0.35180186 0.35217853 0.35581386
 0.35881271 0.36003982 0.36032539 0.36346735 0.36467383 0.36745092
 0.36823753 0.36829286 0.37060807 0.37206805 0.37474356 0.3752028
 0.37538753 0.37940597]  max|de|= -0.0615  lindep= 0.265
Old state -> New state
    0     ->     1 
   15     ->     2 
    3     ->     4 
    4     ->     5 
    5     ->     6 
    6     ->     7 
    7     ->     8 
    8     ->     9 
    9     ->    10 
   10     ->    11 
   16     ->    17 
   17     ->    18 
   18     ->    19 
   19     ->    20 
   20     ->    21 
   21     ->    22 
   22     ->    23 
   23     ->    24 
   24     ->    25 
   25     ->    26 
   26     ->    27 
   27     ->    28 
   28     ->    29 
   29     ->    30 
   30     ->    31 
   31     ->    32 
   32     ->    33 
   33     ->    34 
   34     ->    35 
   35     ->    36 
   36     ->    37 
   37     ->    38 
   38     ->    39 
   39     ->    40 
   40     ->    41 
   41     ->    42 
   42     ->    43 
   43     ->    44 
   44     ->    45 
   45     ->    46 
root 44 converged  |r|= 3.81e-06  e= 0.36829285572977066  max|de|= -6.87e-10
davidson 24 88  |r|= 2.57  e= [0.01416995 0.02168303 0.13784847 0.17230959 0.17872277 0.18359056
 0.20935241 0.22087279 0.22105027 0.22873913 0.22885949 0.23865643
 0.27708097 0.27771015 0.27792906 0.27907131 0.28731499 0.29354116
 0.29761512 0.30102286 0.30723044 0.31695799 0.31997045 0.32532633
 0.32654139 0.32697389 0.33757829 0.33790603 0.33909918 0.33987815
 0.34609169 0.34675513 0.34998049 0.35015476 0.35180186 0.35217853
 0.35581386 0.35881271 0.36003982 0.36032538 0.36346735 0.36467383
 0.36745092 0.36823743 0.36829286 0.37060793 0.37206673 0.37519952
 0.37538755 0.37940101]  max|de|= -0.141  lindep= 0.0895
Old state -> New state
   17     ->     0 
    0     ->     1 
   17     ->     2 
    4     ->     3 
    5     ->     4 
    6     ->     5 
    7     ->     6 
    8     ->     7 
    9     ->     8 
   10     ->     9 
   11     ->    10 
   12     ->    11 
   13     ->    12 
   14     ->    13 
   15     ->    14 
   16     ->    15 
   18     ->    16 
   19     ->    17 
   20     ->    18 
   21     ->    19 
   22     ->    20 
   23     ->    21 
   24     ->    22 
   25     ->    23 
   26     ->    24 
   27     ->    25 
   28     ->    26 
   29     ->    27 
   29     ->    28 
   30     ->    29 
   31     ->    30 
root 10 converged  |r|= 8.94e-08  e= 0.23865643287945174  max|de|= -7.49e-10
root 13 converged  |r|= 2.84e-08  e= 0.27792905999478895  max|de|= 4.61e-10
root 14 converged  |r|= 3.65e-08  e= 0.2790713135688511  max|de|= 1.77e-10
root 34 converged  |r|= 2.92e-07  e= 0.35180186183035633  max|de|= 1.7e-10
root 39 converged  |r|= 1.48e-06  e= 0.36032538387582874  max|de|= 1.89e-11
davidson 25 102  |r|= 2.66  e= [0.00445326 0.01488717 0.14579163 0.17872277 0.18359056 0.20935241
 0.22087279 0.22105027 0.22873913 0.22885949 0.23865643 0.27708097
 0.27771015 0.27792906 0.27907131 0.28731499 0.29761512 0.30102286
 0.30723044 0.31695799 0.31997045 0.32532633 0.32654139 0.32697389
 0.33757829 0.33790602 0.33909918 0.33987815 0.34036291 0.34609169
 0.34672015 0.34675508 0.3499805  0.35015476 0.35180186 0.35217853
 0.35581386 0.35881271 0.36003982 0.36032538 0.36346735 0.36467383
 0.36745092 0.36823739 0.36829286 0.37060799 0.37206668 0.3751995
 0.37538755 0.37940163]  max|de|= -0.289  lindep= 0.0519
Old state -> New state
   11     ->     1 
    3     ->     2 
    4     ->     3 
    5     ->     4 
   10     ->    11 
   10     ->    12 
   11     ->    13 
   12     ->    14 
   13     ->    15 
   14     ->    16 
   15     ->    17 
   16     ->    18 
   17     ->    19 
   18     ->    20 
   19     ->    21 
   20     ->    22 
   21     ->    23 
   22     ->    24 
   23     ->    25 
   23     ->    26 
   24     ->    27 
   25     ->    28 
   26     ->    29 
   27     ->    30 
   29     ->    31 
   31     ->    32 
   32     ->    33 
   33     ->    34 
   34     ->    35 
   35     ->    36 
   36     ->    37 
   37     ->    38 
   38     ->    39 
   39     ->    40 
   40     ->    41 
   40     ->    42 
   41     ->    43 
   42     ->    44 
   43     ->    45 
   44     ->    46 
   45     ->    47 
   46     ->    48 
   47     ->    49 
root 44 converged  |r|= 8.64e-06  e= 0.3674509216959171  max|de|= -7.72e-10
davidson 26 120  |r|= 2.25  e= [0.00571665 0.15551978 0.17872277 0.18359056 0.20500486 0.20935241
 0.22087279 0.22105027 0.22873913 0.22885949 0.23003359 0.23865643
 0.25481983 0.27708097 0.27771015 0.27792906 0.27907131 0.28731499
 0.29761512 0.30102286 0.30723044 0.31695799 0.31997045 0.32532633
 0.32654139 0.32697389 0.32818738 0.33757829 0.33790603 0.33909918
 0.33987815 0.34609169 0.34675513 0.34998049 0.35015476 0.35180186
 0.35217853 0.35581386 0.35881271 0.36003982 0.36032538 0.36143647
 0.36346734 0.36467384 0.36745092 0.3682374  0.36829286 0.37060798
 0.37206681 0.37519952]  max|de|= -0.122  lindep= 0.0337
Old state -> New state
    5     ->     1 
    5     ->     4 
    6     ->     5 
    7     ->     6 
    8     ->     7 
    9     ->     8 
   11     ->     9 
   13     ->    10 
   14     ->    11 
   15     ->    12 
   16     ->    13 
   17     ->    14 
   18     ->    15 
   19     ->    16 
   20     ->    17 
   20     ->    18 
   21     ->    19 
   22     ->    20 
   22     ->    21 
   23     ->    22 
   24     ->    23 
   25     ->    24 
   27     ->    25 
   28     ->    26 
   29     ->    27 
   30     ->    28 
   31     ->    29 
   32     ->    30 
   33     ->    31 
   34     ->    32 
   35     ->    33 
   36     ->    34 
   37     ->    35 
   38     ->    36 
   39     ->    37 
   40     ->    38 
   42     ->    39 
   43     ->    40 
   44     ->    41 
   45     ->    42 
   46     ->    43 
   47     ->    44 
   48     ->    45 
   49     ->    46 
   41     ->    47 
   41     ->    48 
   41     ->    49 
root 28 converged  |r|= 1.4e-07  e= 0.33987815115929776  max|de|= -1.99e-10
root 29 converged  |r|= 1.96e-07  e= 0.3460916875031858  max|de|= 5.22e-10
root 30 converged  |r|= 4.06e-08  e= 0.3467551330626137  max|de|= 3.64e-10
root 33 converged  |r|= 1.76e-07  e= 0.3518018623355005  max|de|= -6.16e-10
davidson 27 136  |r|=  2.3  e= [0.10547689 0.14258331 0.17872277 0.18359056 0.20935241 0.22087279
 0.22105027 0.22873913 0.22885949 0.23865643 0.27708097 0.27771015
 0.27792906 0.27907131 0.28731499 0.29761512 0.30102286 0.30723043
 0.30885583 0.31695799 0.31997046 0.32003446 0.32532633 0.32654139
 0.32697389 0.33757829 0.33790603 0.33909918 0.33987815 0.34609169
 0.34675513 0.34998049 0.35015476 0.35180186 0.35217852 0.35581386
 0.35881271 0.36003982 0.36032538 0.36346735 0.36467383 0.36745092
 0.36823741 0.36829286 0.37060794 0.37206678 0.37519948 0.37538755
 0.37940104 0.38391712]  max|de|= 0.0998  lindep= 0.114
Old state -> New state
    1     ->     0 
    0     ->     1 
   10     ->     2 
    0     ->     3 
    2     ->     4 
    3     ->     5 
    4     ->     6 
    5     ->     7 
    6     ->     8 
    7     ->     9 
    8     ->    10 
    9     ->    11 
   10     ->    12 
   11     ->    13 
   12     ->    14 
   13     ->    15 
   14     ->    16 
   15     ->    17 
   16     ->    18 
   17     ->    19 
   19     ->    20 
   20     ->    21 
   34     ->    35 
   35     ->    36 
   36     ->    37 
   37     ->    38 
   38     ->    39 
   39     ->    40 
   40     ->    41 
   41     ->    42 
   42     ->    43 
   43     ->    44 
   44     ->    45 
   45     ->    46 
   46     ->    47 
   47     ->    48 
   48     ->    49 
root 11 converged  |r|= 2.25e-08  e= 0.23865643297300893  max|de|= 8.79e-11
root 19 converged  |r|= 3.48e-08  e= 0.3072304357482198  max|de|= 9.71e-10
root 26 converged  |r|= 1.74e-07  e= 0.33790602941201187  max|de|= -4.56e-11
root 39 converged  |r|= 7.82e-07  e= 0.3603253846096174  max|de|= 7.22e-10
root 40 converged  |r|= 1.97e-06  e= 0.3634673482838202  max|de|= -1.31e-13
davidson 28 149  |r|= 2.33  e= [0.00725713 0.06392958 0.11253484 0.12017611 0.17872277 0.18359056
 0.20935241 0.22087279 0.22105027 0.22873913 0.22885949 0.23865643
 0.27708097 0.27771015 0.27792906 0.27907131 0.28731499 0.29761512
 0.30102286 0.30723044 0.31695799 0.31997045 0.32532633 0.32654139
 0.32697389 0.33757829 0.33790603 0.33909918 0.33987815 0.34609169
 0.34675513 0.3499805  0.35015476 0.35180186 0.35217855 0.35353621
 0.35581386 0.35881271 0.36003982 0.36032538 0.36346735 0.36467383
 0.36745092 0.36823742 0.36829285 0.37060793 0.37206678 0.37519947
 0.37538755 0.37940103]  max|de|= -0.165  lindep= 0.11
Old state -> New state
    0     ->     1 
    4     ->     2 
    4     ->     3 
    5     ->     4 
    6     ->     5 
    7     ->     6 
    8     ->     7 
    9     ->     8 
   10     ->     9 
   11     ->    10 
   12     ->    11 
   13     ->    12 
   14     ->    13 
   15     ->    14 
   16     ->    15 
   17     ->    16 
   18     ->    17 
   19     ->    18 
   20     ->    19 
   21     ->    20 
   22     ->    21 
   23     ->    22 
   24     ->    23 
   25     ->    24 
   26     ->    25 
   27     ->    26 
   28     ->    27 
   29     ->    28 
   30     ->    29 
   36     ->    35 
   37     ->    36 
   38     ->    37 
   39     ->    38 
   40     ->    39 
   41     ->    40 
   42     ->    41 
   43     ->    42 
   44     ->    43 
   45     ->    44 
   46     ->    45 
   47     ->    46 
   48     ->    47 
   49     ->    48 
   35     ->    49 
root 20 converged  |r|= 4.35e-09  e= 0.31997045422916387  max|de|= -3.88e-11
root 42 converged  |r|= 3.31e-06  e= 0.36823742066901227  max|de|= -1.4e-11
root 43 converged  |r|= 7.79e-07  e= 0.3682928554376252  max|de|= 5.79e-10
root 47 converged  |r|= 3.6e-06  e= 0.37538755211959035  max|de|= -2.45e-10
davidson 29 164  |r|= 1.81  e= [0.02016394 0.03814842 0.13652761 0.17872277 0.18359056 0.20935241
 0.22087279 0.22105027 0.22873913 0.22885949 0.23865643 0.27708097
 0.27771015 0.27792906 0.27907131 0.28731499 0.29761512 0.30102286
 0.30723044 0.31695799 0.31997045 0.32532633 0.32654139 0.32697389
 0.33757829 0.33790603 0.33909918 0.33987815 0.34609169 0.34647856
 0.34675514 0.34998049 0.35015476 0.35180186 0.35217852 0.35581386
 0.35881271 0.36003982 0.36032539 0.36346735 0.36467383 0.36745092
 0.36823742 0.36829286 0.37060792 0.37206679 0.37519949 0.37538755
 0.37940114 0.3839171 ]  max|de|= -0.0422  lindep= 0.101
