 
:: initializing oneAPI environment ...
   slurm_script: BASH_VERSION = 4.2.46(1)-release
   args: Using "$@" for setvars.sh arguments: --force
:: advisor -- latest
:: ccl -- latest
:: clck -- latest
:: compiler -- latest
:: dal -- latest
:: debugger -- latest
:: dev-utilities -- latest
:: dnnl -- latest
:: dpcpp-ct -- latest
:: dpl -- latest
:: inspector -- latest
:: intelpython -- latest
:: ipp -- latest
:: ippcp -- latest
:: ipp -- latest
:: itac -- latest
:: mkl -- latest
:: mpi -- latest
:: tbb -- latest
:: vpl -- latest
:: vtune -- latest
:: oneAPI environment initialized ::
 
SLURM_CPUS_PER_TASK = 28
SLURM_MEM_PER_NODE = 127949
#INFO: **** input file is /home/yangjunjie/work/py-ch3-cl/work/step_-14/main.py ****
import sys
import pyscf
from pyscf import tdscf

def main(xyz_file, basis="631g*", xc="b3lyp", output="ene.out"):
    xyz = None

    with open(xyz_file, "r") as xyz:
        xyz = xyz.readlines()[2:]
        xyz = "".join(xyz)

    mol = pyscf.gto.Mole()
    mol.atom = xyz
    mol.basis = basis
    mol.verbose = 5
    mol.build()

    if xc is not None and xc != "hf":
        mf = pyscf.scf.RKS(mol)
        mf.xc = xc
        mf.kernel()
    else:
        mf = pyscf.scf.RHF(mol)
        mf.kernel()

    ene_mf = mf.e_tot

    with open(output, "w") as f:
        tda = pyscf.tdscf.TDA(mf)
        tda.nstates = 5
        tda.max_space = 8
        tda.max_cycle = 2000
        tda.kernel()

        con_tda = tda.converged
        ene_tda = tda.e[:5]
        dip_tda = tda.transition_dipole()[:5]

        f.write(f"RKS energy: {ene_mf: 12.8f}\n")
        f.write("TDA results:\n")
        for i, (con, ene, dip) in enumerate(zip(con_tda, ene_tda, dip_tda)):
            f.write(f" {i:2d} {con} {ene: 12.8f} {dip[0]: 12.8f} {dip[1]: 12.8f} {dip[2]: 12.8f}\n")

        # rpa = pyscf.tdscf.RPA(mf)
        # rpa.nstates = 5
        # rpa.max_space = 8
        # rpa.max_cycle = 2000
        # rpa.kernel()

        # con_rpa = rpa.converged
        # ene_rpa = rpa.e[:5]
        # dip_rpa = rpa.transition_dipole()[:5]
        
        # f.write("\nRPA results:\n")
        # for i, (con, ene, dip) in enumerate(zip(con_rpa, ene_rpa, dip_rpa)):
        #     f.write(f" {i:2d} {con} {ene: 12.8f} {dip[0]: 12.8f} {dip[1]: 12.8f} {dip[2]: 12.8f}\n")

if __name__ == "__main__":
    xyz = sys.argv[1]
    main(xyz, basis="6311g**", xc="b3lyp", output="out.log")
#INFO: ******************** input file end ********************


System: uname_result(system='Linux', node='pauling047', release='3.10.0-327.36.3.el7.x86_64', version='#1 SMP Thu Oct 20 04:56:07 EDT 2016', machine='x86_64')  Threads 28
Python 3.9.7 (default, Oct 27 2021, 01:23:21) 
[GCC 9.3.0]
numpy 1.21.2  scipy 1.6.2
Date: Tue Sep 27 23:50:23 2022
PySCF version 2.0.1
PySCF path  /home/yangjunjie/packages/pyscf/pyscf-main
GIT ORIG_HEAD 14b880cdc4bf7bb64f3989a147c0b04622efc498
GIT HEAD (branch master) 9d5b5bd309d1cc55fbd1a0ec76e26b5b0c7f76af

[ENV] PYSCF_MAX_MEMORY 127949
[ENV] PYSCF_TMPDIR /scratch/global/yangjunjie/
[CONFIG] conf_file /home/yangjunjie/.pyscf_conf.py
[INPUT] verbose = 5
[INPUT] max_memory = 127949 
[INPUT] num. atoms = 16
[INPUT] num. electrons = 68
[INPUT] charge = 0
[INPUT] spin (= nelec alpha-beta = 2S) = 0
[INPUT] symmetry False subgroup None
[INPUT] Mole.unit = angstrom
[INPUT]  1 C      0.000000010000   1.152768110000   1.119736600000 AA    0.000000018897   2.178416013032   2.115995505652 Bohr
[INPUT]  2 C      0.000000000000   1.199357870000   2.519587380000 AA    0.000000000000   2.266457899642   4.761330095110 Bohr
[INPUT]  3 C     -0.000000010000  -0.013295520000   3.201646550000 AA   -0.000000018897  -0.025124891484   6.050235127159 Bohr
[INPUT]  4 C     -0.000000010000  -1.212201590000   2.495722670000 AA   -0.000000018897  -2.290729012862   4.716232329168 Bohr
[INPUT]  5 C      0.000000000000  -1.137849060000   1.096094440000 AA    0.000000000000  -2.150223094494   2.071318298259 Bohr
[INPUT]  6 N      0.000000010000   0.015252390000   0.446453220000 AA    0.000000018897   0.028822839845   0.843674313230 Bohr
[INPUT]  7 C      0.000000000000   0.003225210000  -2.128063190000 AA    0.000000000000   0.006094763594  -4.021456604868 Bohr
[INPUT]  8 H      0.000000020000   2.066586140000   0.529654980000 AA    0.000000037795   3.905281817422   1.000902852712 Bohr
[INPUT]  9 H      0.000000000000   2.146699140000   3.027928630000 AA    0.000000000000   4.056673446439   5.721955835429 Bohr
[INPUT] 10 H     -0.000000020000  -0.024149820000   4.286225620000 AA   -0.000000037795  -0.045636545758   8.099792529894 Bohr
[INPUT] 11 H     -0.000000020000  -2.169093580000   2.984581310000 AA   -0.000000037795  -4.098992804752   5.640041272396 Bohr
[INPUT] 12 H      0.000000000000  -2.037996830000   0.487145870000 AA    0.000000000000  -3.851255851432   0.920572277013 Bohr
[INPUT] 13 H     -0.000000030000   1.033137730000  -1.790490010000 AA   -0.000000056692   1.952347358655  -3.383535747670 Bohr
[INPUT] 14 H     -0.890934540000  -0.504406640000  -1.776626760000 AA   -1.683622275515  -0.953190405012  -3.357338001973 Bohr
[INPUT] 15 H      0.890934560000  -0.504406600000  -1.776626770000 AA    1.683622313310  -0.953190329423  -3.357338020871 Bohr
[INPUT] 16 Cl    -0.000000010000  -0.005364350000  -3.949225030000 AA   -0.000000018897  -0.010137152336  -7.462953710977 Bohr
[INPUT] ---------------- BASIS SET ---------------- 
[INPUT] l, kappa, [nprim/nctr], expnt,             c_1 c_2 ...
[INPUT] N
[INPUT] 0    0    [6    /1   ]  6293.48           0.00196979
                                949.044           0.0149613
                                218.776           0.0735006
                                63.6916           0.248937
                                18.8282           0.60246
                                2.72023           0.256202
[INPUT] 0    0    [3    /1   ]  30.6331           0.111906
                                7.02614           0.921666
                                2.11205           -0.00256919
[INPUT] 0    0    [1    /1   ]  0.684009             1
[INPUT] 0    0    [1    /1   ]  0.200878             1
[INPUT] 1    0    [3    /1   ]  30.6331           0.0383119
                                7.02614           0.237403
                                2.11205           0.817592
[INPUT] 1    0    [1    /1   ]  0.684009             1
[INPUT] 1    0    [1    /1   ]  0.200878             1
[INPUT] 2    0    [1    /1   ]  0.913                1
[INPUT] C
[INPUT] 0    0    [6    /1   ]  4563.24           0.00196665
                                682.024           0.0152306
                                154.973           0.0761269
                                44.4553           0.260801
                                13.029            0.616462
                                1.82773           0.221006
[INPUT] 0    0    [3    /1   ]  20.9642           0.11466
                                4.80331           0.919999
                                1.45933           -0.00303068
[INPUT] 0    0    [1    /1   ]  0.483456             1
[INPUT] 0    0    [1    /1   ]  0.145585             1
[INPUT] 1    0    [3    /1   ]  20.9642           0.0402487
                                4.80331           0.237594
                                1.45933           0.815854
[INPUT] 1    0    [1    /1   ]  0.483456             1
[INPUT] 1    0    [1    /1   ]  0.145585             1
[INPUT] 2    0    [1    /1   ]  0.626                1
[INPUT] Cl
[INPUT] 0    0    [6    /1   ]  105819            0.000738
                                15872             0.005718
                                3619.65           0.029495
                                1030.8            0.117286
                                339.908           0.362949
                                124.538           0.584149
[INPUT] 0    0    [3    /1   ]  124.538           0.134177
                                49.5135           0.62425
                                20.8056           0.291756
[INPUT] 0    0    [1    /1   ]  6.58346              1
[INPUT] 0    0    [1    /1   ]  2.56468              1
[INPUT] 0    0    [1    /1   ]  0.559763             1
[INPUT] 0    0    [1    /1   ]  0.183273             1
[INPUT] 1    0    [5    /1   ]  589.776           0.002391
                                139.849           0.018504
                                45.1413           0.081377
                                16.8733           0.221552
                                6.7411            0.772569
[INPUT] 1    0    [2    /1   ]  6.7411            -1.572244
                                2.77152           0.992389
[INPUT] 1    0    [1    /1   ]  1.02387              1
[INPUT] 1    0    [1    /1   ]  0.381368             1
[INPUT] 1    0    [1    /1   ]  0.109437             1
[INPUT] 2    0    [1    /1   ]  0.75                 1
[INPUT] H
[INPUT] 0    0    [3    /1   ]  33.865            0.0254938
                                5.09479           0.190373
                                1.15879           0.852161
[INPUT] 0    0    [1    /1   ]  0.32584              1
[INPUT] 0    0    [1    /1   ]  0.102741             1
[INPUT] 1    0    [1    /1   ]  0.75                 1

nuclear repulsion = 376.69410474928
number of shells = 100
number of NR pGTOs = 329
number of NR cGTOs = 200
basis = 6311g**
ecp = {}
CPU time:         0.37


******** <class 'pyscf.dft.rks.RKS'> ********
method = RKS
initial guess = minao
damping factor = 0
level_shift factor = 0
DIIS = <class 'pyscf.scf.diis.CDIIS'>
diis_start_cycle = 1
diis_space = 8
SCF conv_tol = 1e-09
SCF conv_tol_grad = None
SCF max_cycles = 50
direct_scf = True
direct_scf_tol = 1e-13
chkfile to save SCF result = /scratch/global/yangjunjie/tmp1mgbvoz9
max_memory 127949 MB (current use 82 MB)
XC library pyscf.dft.libxc version 5.2.0
    S. Lehtola, C. Steigemann, M. J. Oliveira, and M. A. Marques, SoftwareX 7, 1 (2018)
XC functionals = b3lyp
    P. A. M. Dirac, Math. Proc. Cambridge Philos. Soc. 26, 376 (1930)
    F. Bloch, Z. Phys. 57, 545 (1929)
    A. D. Becke, Phys. Rev. A 38, 3098 (1988)
    C. Lee, W. Yang, and R. G. Parr, Phys. Rev. B 37, 785 (1988)
    B. Miehlich, A. Savin, H. Stoll, and H. Preuss, Chem. Phys. Lett. 157, 200 (1989)
    S. H. Vosko, L. Wilk, and M. Nusair, Can. J. Phys. 58, 1200 (1980)
radial grids: 
    Treutler-Ahlrichs [JCP 102, 346 (1995); DOI:10.1063/1.469408] (M4) radial grids
    
becke partition: Becke, JCP 88, 2547 (1988); DOI:10.1063/1.454033
pruning grids: <function nwchem_prune at 0x7fd87b899e50>
grids dens level: 3
symmetrized grids: False
atomic radii adjust function: <function treutler_atomic_radii_adjust at 0x7fd87b899dc0>
small_rho_cutoff = 1e-07
Set gradient conv threshold to 3.16228e-05
atom C rad-grids = 75, ang-grids = [ 50  50  50  50  50  50  50  50  50  50  50  50  50  50  50  50  50  50
  50  50  50  50  50  86  86  86  86  86  86  86  86  86  86 266 266 266
 266 266 266 266 302 302 302 302 302 302 302 302 302 302 302 302 302 302
 302 302 302 302 302 302 266 266 266 266 266 266 266 266 266 266 266 266
 266 266 266]
atom N rad-grids = 75, ang-grids = [ 50  50  50  50  50  50  50  50  50  50  50  50  50  50  50  50  50  50
  50  50  50  50  50  86  86  86  86  86  86  86  86  86 266 266 266 266
 266 266 266 302 302 302 302 302 302 302 302 302 302 302 302 302 302 302
 302 302 302 302 266 266 266 266 266 266 266 266 266 266 266 266 266 266
 266 266 266]
atom H rad-grids = 50, ang-grids = [ 50  50  50  50  50  50  50  50  50  50  50  50  50  50  86  86  86  86
 266 266 266 266 302 302 302 302 302 302 302 302 302 302 302 302 302 266
 266 266 266 266 266 266 266 266 266 266 266 266 266 266]
atom Cl rad-grids = 80, ang-grids = [ 50  50  50  50  50  50  50  50  50  50  50  50  50  50  50  50  50  50
  50  50  50  50  50  50  86  86  86  86  86  86  86  86  86  86  86  86
  86 350 350 350 350 350 350 350 350 350 434 434 434 434 434 434 434 434
 434 434 434 434 434 434 434 434 434 434 350 350 350 350 350 350 350 350
 350 350 350 350 350 350 350 350]
tot grids = 196530
Drop grids 29512
    CPU time for setting up grids      4.65 sec, wall time      0.20 sec
nelec by numeric integration = 67.99244806956092
    CPU time for vxc      7.97 sec, wall time      0.29 sec
E1 = -1767.2228116393394  Ecoul = 711.9377757516166  Exc = -70.53851725748747
init E= -749.12944839593
cond(S) = 12600.37175572516
    CPU time for initialize scf     26.74 sec, wall time      1.19 sec
  HOMO = -0.293869885317648  LUMO = -0.0997102308198903
  mo_energy =
[-1.01497594e+02 -1.43949127e+01 -1.02815630e+01 -1.02804532e+01
 -1.02799405e+01 -1.02798216e+01 -1.02759393e+01 -1.02757090e+01
 -9.51652756e+00 -7.27050820e+00 -7.26927903e+00 -7.26927777e+00
 -1.10298858e+00 -9.38127503e-01 -9.27808975e-01 -8.83937790e-01
 -7.56931224e-01 -7.14439518e-01 -7.02050553e-01 -5.78100290e-01
 -5.31814988e-01 -5.13516561e-01 -4.73765263e-01 -4.73337303e-01
 -4.63087663e-01 -4.59649939e-01 -4.38162998e-01 -4.28569334e-01
 -4.00348364e-01 -3.41834690e-01 -3.40339723e-01 -3.27675459e-01
 -2.97946401e-01 -2.93869885e-01 -9.97102308e-02 -8.52973453e-02
 -3.61280892e-02  1.64183135e-02  3.54807839e-02  4.88400068e-02
  6.19400716e-02  7.04242511e-02  7.65417403e-02  8.60322743e-02
  1.07308836e-01  1.30365240e-01  1.75097209e-01  2.13406856e-01
  2.25309539e-01  2.28169005e-01  2.39308374e-01  2.56458973e-01
  2.62521353e-01  2.74137485e-01  2.76786750e-01  2.78625836e-01
  3.27290295e-01  3.40241554e-01  3.50342687e-01  3.51270926e-01
  3.64886855e-01  3.92774090e-01  3.96461864e-01  4.04417729e-01
  4.25762550e-01  4.27290701e-01  4.77536803e-01  4.79986001e-01
  4.94245952e-01  5.11565502e-01  5.21889873e-01  5.31482778e-01
  5.51143150e-01  5.54066157e-01  5.65784706e-01  5.82781345e-01
  5.91894410e-01  6.33153611e-01  6.82761561e-01  6.84795102e-01
  6.91557266e-01  6.96567683e-01  7.07601796e-01  7.50473424e-01
  7.67216393e-01  7.83825348e-01  7.92012855e-01  8.01160045e-01
  8.04970497e-01  8.12490105e-01  8.25063502e-01  9.00982759e-01
  9.16802929e-01  9.64251523e-01  9.68309034e-01  9.77957968e-01
  1.02277866e+00  1.02624186e+00  1.06007273e+00  1.08470802e+00
  1.08800085e+00  1.10491673e+00  1.14623583e+00  1.22257709e+00
  1.25348992e+00  1.29907321e+00  1.38119875e+00  1.39240582e+00
  1.39902702e+00  1.43234765e+00  1.43594474e+00  1.44670188e+00
  1.48133362e+00  1.49620772e+00  1.52779534e+00  1.53519054e+00
  1.53809334e+00  1.58972322e+00  1.65185183e+00  1.65833257e+00
  1.66388705e+00  1.66439605e+00  1.71421410e+00  1.73212943e+00
  1.73585331e+00  1.73642052e+00  1.76823231e+00  1.83285591e+00
  1.83778548e+00  1.86084859e+00  1.87088243e+00  1.90666847e+00
  1.96008279e+00  1.99130083e+00  2.03285443e+00  2.03758606e+00
  2.05665952e+00  2.07586997e+00  2.11014951e+00  2.12715657e+00
  2.17385220e+00  2.17553114e+00  2.20416598e+00  2.24962584e+00
  2.29324497e+00  2.30790172e+00  2.33162941e+00  2.36083744e+00
  2.38698438e+00  2.39362170e+00  2.42022830e+00  2.43605225e+00
  2.45179508e+00  2.48363393e+00  2.51939177e+00  2.52140213e+00
  2.54516907e+00  2.57201590e+00  2.58722079e+00  2.60026836e+00
  2.61488541e+00  2.65196075e+00  2.69161963e+00  2.69454028e+00
  2.70999243e+00  2.79256183e+00  2.86080451e+00  2.88237136e+00
  2.89153320e+00  2.90087505e+00  2.94486883e+00  3.07311214e+00
  3.08614519e+00  3.22655337e+00  3.31660692e+00  3.37596440e+00
  3.51126192e+00  3.56565535e+00  3.67125930e+00  3.67293621e+00
  3.71691026e+00  3.78736466e+00  3.92713512e+00  3.95103056e+00
  3.99112393e+00  4.31707588e+00  4.35489076e+00  5.15545640e+00
  9.49495041e+00  2.35584645e+01  2.38016881e+01  2.38484867e+01
  2.39209648e+01  2.39921357e+01  2.40536246e+01  2.53916280e+01
  2.54012598e+01  2.59798134e+01  3.55681586e+01  2.15548196e+02]
nelec by numeric integration = 68.00002968497608
    CPU time for vxc      7.09 sec, wall time      0.25 sec
E1 = -1774.3282893571143  Ecoul = 720.2289111718295  Exc = -70.79404372705075
cycle= 1 E= -748.199317163056  delta_E= 0.93  |g|= 0.393  |ddm|= 3.32
    CPU time for cycle= 1      8.76 sec, wall time      0.31 sec
  HOMO = -0.201328394538702  LUMO = -0.00178001623608747
  mo_energy =
[-1.01414997e+02 -1.41715096e+01 -1.01853047e+01 -1.01842278e+01
 -1.01433613e+01 -1.01240675e+01 -1.00918030e+01 -1.00914157e+01
 -9.33907589e+00 -7.10244398e+00 -7.09259873e+00 -7.09258972e+00
 -9.07168259e-01 -7.84113726e-01 -7.65985408e-01 -7.39782614e-01
 -6.24711272e-01 -6.09027129e-01 -6.05405447e-01 -5.16742032e-01
 -4.63541919e-01 -4.48504130e-01 -4.19070471e-01 -4.05797682e-01
 -4.03082910e-01 -3.82008092e-01 -3.73424190e-01 -3.49836317e-01
 -3.46389339e-01 -2.59330190e-01 -2.46348074e-01 -2.37884800e-01
 -2.37011136e-01 -2.01328395e-01 -1.78001624e-03  8.62598688e-04
  3.92970883e-02  6.32885262e-02  6.89657455e-02  9.25516476e-02
  9.70612652e-02  9.86901625e-02  1.30633543e-01  1.31817073e-01
  1.60767892e-01  1.63986909e-01  2.40983451e-01  2.74149775e-01
  2.83205724e-01  2.90304298e-01  3.15769906e-01  3.16634046e-01
  3.21516715e-01  3.30706007e-01  3.34630150e-01  3.46384838e-01
  3.88771986e-01  3.91943121e-01  4.00212396e-01  4.10722659e-01
  4.24899516e-01  4.46111236e-01  4.49837863e-01  4.61433720e-01
  4.69717195e-01  5.01500344e-01  5.27611328e-01  5.55578297e-01
  5.57557958e-01  5.67168612e-01  5.96535925e-01  6.02909445e-01
  6.19821002e-01  6.21291945e-01  6.32145684e-01  6.49270282e-01
  6.64160361e-01  6.86719549e-01  7.36844518e-01  7.40502979e-01
  7.67718490e-01  7.77987706e-01  7.92584043e-01  8.08333106e-01
  8.43714790e-01  8.64622917e-01  8.89141095e-01  8.95723365e-01
  9.02996555e-01  9.56446244e-01  9.57580204e-01  9.69400170e-01
  9.78689324e-01  1.01208160e+00  1.05600886e+00  1.05809139e+00
  1.07874931e+00  1.08923831e+00  1.12097800e+00  1.17900511e+00
  1.18138490e+00  1.19752139e+00  1.20853413e+00  1.30478435e+00
  1.33200006e+00  1.37129338e+00  1.45646819e+00  1.46109452e+00
  1.46655488e+00  1.51035546e+00  1.51350523e+00  1.52342915e+00
  1.54725376e+00  1.56771095e+00  1.58889068e+00  1.59930590e+00
  1.60344060e+00  1.64612119e+00  1.70594466e+00  1.71233225e+00
  1.73279760e+00  1.74337267e+00  1.77661170e+00  1.77703169e+00
  1.79354326e+00  1.79749938e+00  1.84680324e+00  1.89043741e+00
  1.91435582e+00  1.94441001e+00  1.96154158e+00  1.99289007e+00
  2.04489304e+00  2.08698829e+00  2.10230759e+00  2.13285247e+00
  2.15358358e+00  2.16197931e+00  2.17926786e+00  2.21010623e+00
  2.28021756e+00  2.28298712e+00  2.28312807e+00  2.32024342e+00
  2.38378347e+00  2.38685747e+00  2.42977241e+00  2.44946841e+00
  2.45382624e+00  2.47919203e+00  2.49504616e+00  2.53243243e+00
  2.54297670e+00  2.57132087e+00  2.58330719e+00  2.60613913e+00
  2.61841467e+00  2.62512786e+00  2.63198706e+00  2.64126493e+00
  2.67721933e+00  2.74263473e+00  2.78066904e+00  2.79845888e+00
  2.81050893e+00  2.88480275e+00  2.95336329e+00  2.99054681e+00
  3.00762297e+00  3.00976870e+00  3.02915446e+00  3.19506419e+00
  3.20371128e+00  3.34309669e+00  3.43087758e+00  3.48907468e+00
  3.62864755e+00  3.65889318e+00  3.76988542e+00  3.77032011e+00
  3.80952425e+00  3.94254507e+00  4.01996546e+00  4.04420441e+00
  4.09003909e+00  4.43749843e+00  4.50912043e+00  5.29757038e+00
  9.65977769e+00  2.36964783e+01  2.39298744e+01  2.39629389e+01
  2.40292007e+01  2.41378480e+01  2.42136907e+01  2.55575855e+01
  2.55671312e+01  2.61294444e+01  3.57804981e+01  2.15627970e+02]
nelec by numeric integration = 68.00002682994295
    CPU time for vxc      7.35 sec, wall time      0.26 sec
E1 = -1766.8598271143053  Ecoul = 712.1794489772618  Exc = -70.20978800907707
cycle= 2 E= -748.196061396841  delta_E= 0.00326  |g|= 0.43  |ddm|=  0.8
    CPU time for cycle= 2      9.05 sec, wall time      0.32 sec
  HOMO = -0.267841011575067  LUMO = -0.0421787121902729
  mo_energy =
[-1.01508360e+02 -1.43403866e+01 -1.02082437e+01 -1.02078430e+01
 -1.01986611e+01 -1.01930262e+01 -1.01919940e+01 -1.01917504e+01
 -9.41781536e+00 -7.18252411e+00 -7.17304343e+00 -7.17303322e+00
 -9.69941595e-01 -8.21077153e-01 -8.16750976e-01 -7.77589497e-01
 -6.54391664e-01 -6.51754985e-01 -6.37706505e-01 -5.44282349e-01
 -4.98168854e-01 -4.86817075e-01 -4.46705097e-01 -4.28673259e-01
 -4.23020227e-01 -4.20485574e-01 -4.14946714e-01 -3.85393242e-01
 -3.80000896e-01 -3.08735146e-01 -2.78374565e-01 -2.71155513e-01
 -2.70637468e-01 -2.67841012e-01 -4.21787122e-02 -3.28439645e-02
  2.98722615e-02  5.15002540e-02  6.39220223e-02  7.02792144e-02
  9.07040562e-02  9.26843644e-02  1.17457595e-01  1.26357043e-01
  1.26650147e-01  1.57330111e-01  2.15191062e-01  2.52334716e-01
  2.63683507e-01  2.68649983e-01  2.95168714e-01  3.03750527e-01
  3.04251186e-01  3.12245502e-01  3.17179683e-01  3.28628129e-01
  3.68192476e-01  3.70024457e-01  3.75460778e-01  3.87135807e-01
  4.02511985e-01  4.25782872e-01  4.30502369e-01  4.34455055e-01
  4.50342541e-01  4.73839712e-01  5.06218511e-01  5.36597707e-01
  5.40977011e-01  5.41587790e-01  5.67545704e-01  5.80813793e-01
  5.92680199e-01  6.03864640e-01  6.05858587e-01  6.28640557e-01
  6.35597432e-01  6.68719959e-01  7.17396680e-01  7.20980641e-01
  7.24961299e-01  7.45078334e-01  7.63674001e-01  7.79067047e-01
  8.15248217e-01  8.34749430e-01  8.59634225e-01  8.61866210e-01
  8.74027690e-01  9.14907304e-01  9.15204434e-01  9.40285492e-01
  9.50111883e-01  9.89448525e-01  1.01629437e+00  1.02864174e+00
  1.05112409e+00  1.06327913e+00  1.09773471e+00  1.14497608e+00
  1.15353563e+00  1.17119148e+00  1.18316323e+00  1.26667182e+00
  1.29766049e+00  1.33341709e+00  1.42793149e+00  1.43734093e+00
  1.45009060e+00  1.47773179e+00  1.49713400e+00  1.50707686e+00
  1.52726071e+00  1.53114985e+00  1.56958329e+00  1.57534745e+00
  1.57797199e+00  1.62918539e+00  1.69064500e+00  1.69303874e+00
  1.71605786e+00  1.72052446e+00  1.75650620e+00  1.76158683e+00
  1.76985737e+00  1.77801205e+00  1.81771676e+00  1.87151211e+00
  1.88215812e+00  1.90985273e+00  1.92598191e+00  1.96373345e+00
  2.01934538e+00  2.04601284e+00  2.07277995e+00  2.10795624e+00
  2.12317731e+00  2.13471407e+00  2.15842665e+00  2.17166564e+00
  2.24986274e+00  2.25068963e+00  2.25268863e+00  2.29882147e+00
  2.35891878e+00  2.36304035e+00  2.38357710e+00  2.42172013e+00
  2.44163727e+00  2.45334732e+00  2.47398695e+00  2.50897591e+00
  2.52186223e+00  2.54007079e+00  2.55747296e+00  2.58013544e+00
  2.58334355e+00  2.60651951e+00  2.61524607e+00  2.62967647e+00
  2.65329674e+00  2.70156793e+00  2.74376668e+00  2.75320301e+00
  2.76218707e+00  2.84420432e+00  2.91823072e+00  2.94763138e+00
  2.95636183e+00  2.95717633e+00  3.00413049e+00  3.14616920e+00
  3.16284074e+00  3.29650276e+00  3.38389031e+00  3.44060275e+00
  3.57885826e+00  3.62016193e+00  3.74731897e+00  3.74779657e+00
  3.77156281e+00  3.83974902e+00  3.98284903e+00  4.00618082e+00
  4.04847142e+00  4.38131949e+00  4.42008434e+00  5.21641136e+00
  9.59172189e+00  2.36308792e+01  2.38825835e+01  2.39172477e+01
  2.39864131e+01  2.40641491e+01  2.41309422e+01  2.54937333e+01
  2.55032968e+01  2.60659886e+01  3.56179983e+01  2.15537230e+02]
nelec by numeric integration = 68.00002743972976
    CPU time for vxc      7.28 sec, wall time      0.26 sec
E1 = -1770.5575747581247  Ecoul = 716.119300184541  Exc = -70.4940746010314
cycle= 3 E= -748.238244425335  delta_E= -0.0422  |g|= 0.0839  |ddm|= 0.402
    CPU time for cycle= 3      8.89 sec, wall time      0.32 sec
  HOMO = -0.26291879639534  LUMO = -0.042377765562494
  mo_energy =
[-1.01523566e+02 -1.43094933e+01 -1.02233919e+01 -1.02231233e+01
 -1.02097125e+01 -1.02031481e+01 -1.02010210e+01 -1.02008090e+01
 -9.43390273e+00 -7.19853709e+00 -7.18918094e+00 -7.18916987e+00
 -9.64140407e-01 -8.25479649e-01 -8.21866865e-01 -7.81642461e-01
 -6.59768334e-01 -6.52425597e-01 -6.42604232e-01 -5.47302663e-01
 -5.00880370e-01 -4.90191605e-01 -4.50901799e-01 -4.30234514e-01
 -4.26017425e-01 -4.22785528e-01 -4.15355413e-01 -3.88406329e-01
 -3.86951532e-01 -3.08315502e-01 -2.82724509e-01 -2.79117162e-01
 -2.78504255e-01 -2.62918796e-01 -4.23777656e-02 -3.64404080e-02
  2.83421198e-02  4.93387416e-02  6.28344965e-02  6.73429997e-02
  8.99287131e-02  9.19647446e-02  1.17378064e-01  1.24592624e-01
  1.25861030e-01  1.56485003e-01  2.15000869e-01  2.49939373e-01
  2.61859103e-01  2.67675590e-01  2.91502073e-01  3.01734017e-01
  3.02227944e-01  3.10325195e-01  3.14166657e-01  3.24619692e-01
  3.66171360e-01  3.68253777e-01  3.73237012e-01  3.85095898e-01
  4.00434856e-01  4.23452694e-01  4.28916630e-01  4.32422713e-01
  4.48098429e-01  4.72996472e-01  5.03998742e-01  5.34687821e-01
  5.39422527e-01  5.39738908e-01  5.65733868e-01  5.77908187e-01
  5.90016858e-01  6.01939499e-01  6.04787030e-01  6.26671461e-01
  6.33328528e-01  6.65612296e-01  7.14641022e-01  7.18626033e-01
  7.29180601e-01  7.41518568e-01  7.61615958e-01  7.77762137e-01
  8.12183277e-01  8.34725315e-01  8.53783118e-01  8.55854909e-01
  8.68377140e-01  9.04813517e-01  9.05091413e-01  9.37154493e-01
  9.49249678e-01  9.88297391e-01  1.01220485e+00  1.02672151e+00
  1.05130891e+00  1.05992014e+00  1.09409587e+00  1.14195166e+00
  1.14987883e+00  1.16777074e+00  1.18167514e+00  1.26807089e+00
  1.29682969e+00  1.33464535e+00  1.42467952e+00  1.43437405e+00
  1.44943522e+00  1.47597237e+00  1.49506982e+00  1.50500925e+00
  1.52486712e+00  1.52880504e+00  1.56713427e+00  1.57293227e+00
  1.57557208e+00  1.62716494e+00  1.68891981e+00  1.69016295e+00
  1.71453651e+00  1.71793105e+00  1.75442881e+00  1.75920382e+00
  1.76907128e+00  1.77647983e+00  1.81577483e+00  1.86870293e+00
  1.87869663e+00  1.90615010e+00  1.92232835e+00  1.96133458e+00
  2.01725224e+00  2.04315627e+00  2.07021497e+00  2.10315922e+00
  2.12004877e+00  2.13052135e+00  2.15711146e+00  2.17101478e+00
  2.24424453e+00  2.24438926e+00  2.25128904e+00  2.29554044e+00
  2.35634771e+00  2.36003306e+00  2.38548549e+00  2.41796239e+00
  2.44116058e+00  2.44825648e+00  2.47208097e+00  2.50547462e+00
  2.51846238e+00  2.53856084e+00  2.55591145e+00  2.57516871e+00
  2.58097243e+00  2.60437080e+00  2.61363643e+00  2.62808621e+00
  2.65136794e+00  2.70225735e+00  2.73788379e+00  2.75083997e+00
  2.76033222e+00  2.84018406e+00  2.91435225e+00  2.94758450e+00
  2.95221081e+00  2.95711691e+00  3.00300864e+00  3.14180501e+00
  3.15703079e+00  3.29010898e+00  3.37808588e+00  3.43559063e+00
  3.57800023e+00  3.62061045e+00  3.74405837e+00  3.74456925e+00
  3.77065046e+00  3.85648781e+00  3.97827908e+00  4.00214559e+00
  4.04484279e+00  4.37866429e+00  4.43109153e+00  5.22513319e+00
  9.57733052e+00  2.36202001e+01  2.38730268e+01  2.39054196e+01
  2.39736086e+01  2.40533399e+01  2.41213107e+01  2.54798764e+01
  2.54894399e+01  2.60524160e+01  3.56475573e+01  2.15522108e+02]
nelec by numeric integration = 68.0000275954761
    CPU time for vxc      7.89 sec, wall time      0.28 sec
E1 = -1770.755729215674  Ecoul = 716.3324313367849  Exc = -70.5102280311585
cycle= 4 E= -748.239421160768  delta_E= -0.00118  |g|= 0.0365  |ddm|= 0.0719
    CPU time for cycle= 4      9.90 sec, wall time      0.35 sec
  HOMO = -0.26655323728943  LUMO = -0.0416175177175575
  mo_energy =
[-1.01516341e+02 -1.43196759e+01 -1.02225174e+01 -1.02224972e+01
 -1.02043899e+01 -1.02033750e+01 -1.01945996e+01 -1.01945637e+01
 -9.43015920e+00 -7.19443614e+00 -7.18516150e+00 -7.18515031e+00
 -9.65569539e-01 -8.24764223e-01 -8.19164251e-01 -7.79975375e-01
 -6.60938650e-01 -6.51916497e-01 -6.40854381e-01 -5.45954426e-01
 -4.99676744e-01 -4.88942575e-01 -4.49271266e-01 -4.31554403e-01
 -4.27328489e-01 -4.21514102e-01 -4.15401936e-01 -3.87198714e-01
 -3.86773470e-01 -3.07054590e-01 -2.80804996e-01 -2.79090329e-01
 -2.78417564e-01 -2.66553237e-01 -4.16175177e-02 -3.48283412e-02
  2.86016466e-02  4.97562325e-02  6.31575381e-02  6.66213129e-02
  8.99231076e-02  9.24502643e-02  1.16778445e-01  1.24985292e-01
  1.25930673e-01  1.55889286e-01  2.15330525e-01  2.51825092e-01
  2.63388594e-01  2.68195310e-01  2.91635456e-01  3.01102317e-01
  3.01949219e-01  3.09746908e-01  3.13955341e-01  3.24311231e-01
  3.67007304e-01  3.68817833e-01  3.75306810e-01  3.85905519e-01
  4.02257949e-01  4.24898999e-01  4.29542265e-01  4.33411613e-01
  4.49313112e-01  4.72593709e-01  5.04983804e-01  5.34660485e-01
  5.38346511e-01  5.41380413e-01  5.67001602e-01  5.78184288e-01
  5.91606316e-01  6.00928050e-01  6.04845097e-01  6.26134058e-01
  6.35164809e-01  6.66468814e-01  7.16317682e-01  7.20355511e-01
  7.26673234e-01  7.43017920e-01  7.60684588e-01  7.78683638e-01
  8.12844536e-01  8.34965543e-01  8.53381728e-01  8.55820403e-01
  8.68534600e-01  9.05224229e-01  9.05524874e-01  9.39331161e-01
  9.49603346e-01  9.89587835e-01  1.01473007e+00  1.02632787e+00
  1.05042767e+00  1.06187944e+00  1.09594530e+00  1.14169977e+00
  1.14878757e+00  1.16670417e+00  1.18146317e+00  1.26694071e+00
  1.29664166e+00  1.33455832e+00  1.42651249e+00  1.43601605e+00
  1.44761090e+00  1.47756381e+00  1.49358230e+00  1.50352751e+00
  1.52684751e+00  1.53031877e+00  1.56777693e+00  1.57415151e+00
  1.57666890e+00  1.62687663e+00  1.69002587e+00  1.69118156e+00
  1.71317893e+00  1.71740218e+00  1.75512336e+00  1.76027533e+00
  1.76984717e+00  1.77643648e+00  1.81618333e+00  1.87006514e+00
  1.88122437e+00  1.90774327e+00  1.92469201e+00  1.96123453e+00
  2.01651288e+00  2.04541674e+00  2.07157378e+00  2.10269524e+00
  2.11999917e+00  2.13036810e+00  2.15705490e+00  2.17265248e+00
  2.24395719e+00  2.24415113e+00  2.25263920e+00  2.29697815e+00
  2.35720177e+00  2.35918347e+00  2.38407508e+00  2.41867716e+00
  2.43947945e+00  2.44914432e+00  2.47091456e+00  2.50408563e+00
  2.51719390e+00  2.53838213e+00  2.55589960e+00  2.57825045e+00
  2.58220047e+00  2.60487629e+00  2.61457845e+00  2.62882165e+00
  2.65287560e+00  2.70138496e+00  2.73996577e+00  2.75265723e+00
  2.76177294e+00  2.84055433e+00  2.91604444e+00  2.94666144e+00
  2.95555588e+00  2.95654545e+00  3.00172960e+00  3.14433275e+00
  3.15628110e+00  3.29259599e+00  3.38123374e+00  3.43961538e+00
  3.57854535e+00  3.61884160e+00  3.74238959e+00  3.74294434e+00
  3.76969978e+00  3.85025458e+00  3.98077854e+00  4.00537886e+00
  4.04612260e+00  4.38075391e+00  4.42658630e+00  5.22187223e+00
  9.58012128e+00  2.36246997e+01  2.38717810e+01  2.39081447e+01
  2.39761684e+01  2.40574164e+01  2.41272285e+01  2.54822008e+01
  2.54917649e+01  2.60549390e+01  3.56378078e+01  2.15528877e+02]
nelec by numeric integration = 68.00002751139
    CPU time for vxc      7.25 sec, wall time      0.26 sec
E1 = -1770.7111515270137  Ecoul = 716.2844597664078  Exc = -70.50708508894644
cycle= 5 E= -748.239672100272  delta_E= -0.000251  |g|= 0.0125  |ddm|= 0.0374
    CPU time for cycle= 5      9.22 sec, wall time      0.33 sec
  HOMO = -0.26518959907898  LUMO = -0.0413476553100511
  mo_energy =
[-1.01513944e+02 -1.43170338e+01 -1.02194314e+01 -1.02193697e+01
 -1.02055754e+01 -1.02022322e+01 -1.01962294e+01 -1.01961814e+01
 -9.42861245e+00 -7.19280189e+00 -7.18354325e+00 -7.18353192e+00
 -9.64037783e-01 -8.24280179e-01 -8.19675620e-01 -7.79352646e-01
 -6.60035976e-01 -6.51429306e-01 -6.40676042e-01 -5.45827047e-01
 -4.99328157e-01 -4.88905612e-01 -4.48999845e-01 -4.30723982e-01
 -4.26572172e-01 -4.21696094e-01 -4.14658760e-01 -3.87099215e-01
 -3.86205534e-01 -3.07176764e-01 -2.80425364e-01 -2.78577083e-01
 -2.77916516e-01 -2.65189599e-01 -4.13476553e-02 -3.44687410e-02
  2.88585163e-02  4.98619115e-02  6.33715175e-02  6.71842706e-02
  9.01143268e-02  9.24091650e-02  1.17268112e-01  1.25342075e-01
  1.26121328e-01  1.56316727e-01  2.15758811e-01  2.51552216e-01
  2.63167711e-01  2.68492394e-01  2.91991126e-01  3.01630226e-01
  3.02378723e-01  3.10257912e-01  3.14272113e-01  3.24589334e-01
  3.67309840e-01  3.69072054e-01  3.75174279e-01  3.86126909e-01
  4.01924176e-01  4.25123776e-01  4.29566201e-01  4.33682155e-01
  4.49494549e-01  4.73347291e-01  5.05297215e-01  5.35430571e-01
  5.39043853e-01  5.40991804e-01  5.67104063e-01  5.78649905e-01
  5.91332149e-01  6.01628290e-01  6.05297421e-01  6.27008487e-01
  6.34853635e-01  6.66740059e-01  7.16158214e-01  7.20081552e-01
  7.27815217e-01  7.42892233e-01  7.61453806e-01  7.78894960e-01
  8.13195658e-01  8.35547101e-01  8.54133392e-01  8.56416511e-01
  8.69059182e-01  9.05771670e-01  9.06042748e-01  9.39094457e-01
  9.49834508e-01  9.89470540e-01  1.01456249e+00  1.02699503e+00
  1.05128594e+00  1.06182976e+00  1.09585130e+00  1.14232250e+00
  1.14952675e+00  1.16747176e+00  1.18243005e+00  1.26760627e+00
  1.29751735e+00  1.33521573e+00  1.42646882e+00  1.43614328e+00
  1.44822759e+00  1.47752938e+00  1.49431598e+00  1.50426557e+00
  1.52636150e+00  1.53040901e+00  1.56803455e+00  1.57429299e+00
  1.57675479e+00  1.62762467e+00  1.69003297e+00  1.69146111e+00
  1.71383455e+00  1.71796676e+00  1.75525764e+00  1.76053271e+00
  1.76993762e+00  1.77683237e+00  1.81654329e+00  1.87008483e+00
  1.88063528e+00  1.90805183e+00  1.92430596e+00  1.96189955e+00
  2.01718532e+00  2.04507050e+00  2.07190958e+00  2.10336097e+00
  2.12083921e+00  2.13113524e+00  2.15763988e+00  2.17237418e+00
  2.24463529e+00  2.24483082e+00  2.25243154e+00  2.29719719e+00
  2.35752279e+00  2.35984320e+00  2.38531671e+00  2.41889804e+00
  2.44011906e+00  2.44941657e+00  2.47161949e+00  2.50509759e+00
  2.51816353e+00  2.53938877e+00  2.55639322e+00  2.57781670e+00
  2.58223012e+00  2.60514104e+00  2.61440680e+00  2.62882258e+00
  2.65266456e+00  2.70233432e+00  2.74029384e+00  2.75261689e+00
  2.76162775e+00  2.84181050e+00  2.91652511e+00  2.94771952e+00
  2.95505315e+00  2.95744675e+00  3.00245433e+00  3.14406875e+00
  3.15737395e+00  3.29285229e+00  3.38093622e+00  3.43853133e+00
  3.57908582e+00  3.62059616e+00  3.74341159e+00  3.74398130e+00
  3.77129714e+00  3.85223916e+00  3.98056114e+00  4.00441762e+00
  4.04666277e+00  4.38060170e+00  4.42828792e+00  5.22352494e+00
  9.58138981e+00  2.36243102e+01  2.38738182e+01  2.39093935e+01
  2.39774357e+01  2.40575733e+01  2.41256362e+01  2.54833269e+01
  2.54928911e+01  2.60561321e+01  3.56404011e+01  2.15531161e+02]
nelec by numeric integration = 68.00002753416433
    CPU time for vxc      7.10 sec, wall time      0.25 sec
E1 = -1770.6603059714596  Ecoul = 716.2303765394423  Exc = -70.50388528748246
cycle= 6 E= -748.23970997022  delta_E= -3.79e-05  |g|= 0.00446  |ddm|= 0.0134
    CPU time for cycle= 6      8.71 sec, wall time      0.31 sec
  HOMO = -0.265513985598834  LUMO = -0.041453608611695
  mo_energy =
[-1.01514497e+02 -1.43176105e+01 -1.02205617e+01 -1.02204838e+01
 -1.02048985e+01 -1.02024024e+01 -1.01961454e+01 -1.01960969e+01
 -9.42900457e+00 -7.19320670e+00 -7.18395198e+00 -7.18394062e+00
 -9.64675650e-01 -8.24500248e-01 -8.19701271e-01 -7.79694567e-01
 -6.60136203e-01 -6.51623347e-01 -6.40794425e-01 -5.45926236e-01
 -4.99558230e-01 -4.88935015e-01 -4.49230295e-01 -4.30907695e-01
 -4.26710775e-01 -4.21686613e-01 -4.14964576e-01 -3.87195539e-01
 -3.86362653e-01 -3.07230605e-01 -2.80699226e-01 -2.78763573e-01
 -2.78106271e-01 -2.65513986e-01 -4.14536086e-02 -3.46865250e-02
  2.88155866e-02  4.98530973e-02  6.33310115e-02  6.70979590e-02
  9.00985547e-02  9.24615359e-02  1.17148665e-01  1.25213951e-01
  1.26101899e-01  1.56231217e-01  2.15583834e-01  2.51576852e-01
  2.63204020e-01  2.68379673e-01  2.91898476e-01  3.01503720e-01
  3.02245480e-01  3.10108119e-01  3.14162110e-01  3.24453323e-01
  3.67169017e-01  3.68958746e-01  3.75112062e-01  3.86029088e-01
  4.01989757e-01  4.24973475e-01  4.29558555e-01  4.33508981e-01
  4.49397420e-01  4.73120061e-01  5.05151217e-01  5.35201355e-01
  5.38931115e-01  5.41051068e-01  5.67002950e-01  5.78507893e-01
  5.91349155e-01  6.01488346e-01  6.05161911e-01  6.26799858e-01
  6.34830813e-01  6.66637333e-01  7.16164781e-01  7.20128036e-01
  7.27557537e-01  7.42891030e-01  7.61273226e-01  7.78780722e-01
  8.13069800e-01  8.35318847e-01  8.53926475e-01  8.56243273e-01
  8.68894123e-01  9.05551128e-01  9.05832278e-01  9.39043716e-01
  9.49758233e-01  9.89465353e-01  1.01446627e+00  1.02677926e+00
  1.05104954e+00  1.06172294e+00  1.09582345e+00  1.14210774e+00
  1.14937178e+00  1.16730656e+00  1.18211558e+00  1.26745637e+00
  1.29719518e+00  1.33493811e+00  1.42638330e+00  1.43599163e+00
  1.44813911e+00  1.47744175e+00  1.49419795e+00  1.50414724e+00
  1.52646413e+00  1.53031148e+00  1.56796371e+00  1.57420873e+00
  1.57670371e+00  1.62745124e+00  1.69001089e+00  1.69134652e+00
  1.71370821e+00  1.71784862e+00  1.75521271e+00  1.76039786e+00
  1.76989253e+00  1.77673315e+00  1.81639941e+00  1.87004406e+00
  1.88073489e+00  1.90786600e+00  1.92434431e+00  1.96170478e+00
  2.01703659e+00  2.04507491e+00  2.07169372e+00  2.10318633e+00
  2.12055926e+00  2.13090320e+00  2.15749128e+00  2.17235722e+00
  2.24446761e+00  2.24465767e+00  2.25245344e+00  2.29704626e+00
  2.35741806e+00  2.35978032e+00  2.38492214e+00  2.41884389e+00
  2.44002611e+00  2.44934980e+00  2.47150058e+00  2.50494358e+00
  2.51801641e+00  2.53904128e+00  2.55631302e+00  2.57777473e+00
  2.58218281e+00  2.60510050e+00  2.61450772e+00  2.62884233e+00
  2.65268237e+00  2.70204087e+00  2.74010240e+00  2.75246758e+00
  2.76162385e+00  2.84130249e+00  2.91621535e+00  2.94741135e+00
  2.95499954e+00  2.95715136e+00  3.00232621e+00  3.14399880e+00
  3.15718751e+00  3.29257855e+00  3.38084859e+00  3.43869118e+00
  3.57883590e+00  3.62008192e+00  3.74329273e+00  3.74385416e+00
  3.77076565e+00  3.85172627e+00  3.98049590e+00  4.00461829e+00
  4.04638308e+00  4.38051988e+00  4.42783972e+00  5.22301268e+00
  9.58105212e+00  2.36242184e+01  2.38736458e+01  2.39087663e+01
  2.39769065e+01  2.40572040e+01  2.41258945e+01  2.54830097e+01
  2.54925739e+01  2.60558203e+01  3.56398226e+01  2.15530632e+02]
nelec by numeric integration = 68.00002752741356
    CPU time for vxc      7.12 sec, wall time      0.25 sec
E1 = -1770.6820117995258  Ecoul = 716.2531198282182  Exc = -70.50492789625831
cycle= 7 E= -748.239715118286  delta_E= -5.15e-06  |g|= 0.000574  |ddm|= 0.00354
    CPU time for cycle= 7      8.73 sec, wall time      0.31 sec
  HOMO = -0.265485654765436  LUMO = -0.0414400536636504
  mo_energy =
[-1.01514898e+02 -1.43175759e+01 -1.02204693e+01 -1.02204108e+01
 -1.02050314e+01 -1.02026027e+01 -1.01960365e+01 -1.01959999e+01
 -9.42922371e+00 -7.19344515e+00 -7.18418699e+00 -7.18417563e+00
 -9.64636319e-01 -8.24549570e-01 -8.19702585e-01 -7.79642202e-01
 -6.60187201e-01 -6.51596476e-01 -6.40768728e-01 -5.45910021e-01
 -4.99527279e-01 -4.88907581e-01 -4.49190918e-01 -4.30933044e-01
 -4.26747761e-01 -4.21698757e-01 -4.14946097e-01 -3.87178592e-01
 -3.86413970e-01 -3.07225531e-01 -2.80656997e-01 -2.78812584e-01
 -2.78150868e-01 -2.65485655e-01 -4.14400537e-02 -3.46497118e-02
  2.88090935e-02  4.98276424e-02  6.33433991e-02  6.70765004e-02
  9.01026817e-02  9.24603553e-02  1.17152288e-01  1.25229186e-01
  1.26107985e-01  1.56230059e-01  2.15598926e-01  2.51586589e-01
  2.63211418e-01  2.68397446e-01  2.91878573e-01  3.01491973e-01
  3.02251977e-01  3.10100980e-01  3.14155329e-01  3.24436530e-01
  3.67193423e-01  3.68971673e-01  3.75125377e-01  3.86049279e-01
  4.01987968e-01  4.25002661e-01  4.29563224e-01  4.33517322e-01
  4.49400930e-01  4.73126371e-01  5.05174309e-01  5.35230282e-01
  5.38918198e-01  5.41053909e-01  5.67010225e-01  5.78513436e-01
  5.91359164e-01  6.01462704e-01  6.05165502e-01  6.26812611e-01
  6.34851173e-01  6.66640099e-01  7.16174584e-01  7.20134353e-01
  7.27568644e-01  7.42895247e-01  7.61261719e-01  7.78792873e-01
  8.13079154e-01  8.35345322e-01  8.53882437e-01  8.56199940e-01
  8.68862033e-01  9.05496223e-01  9.05781425e-01  9.39059135e-01
  9.49763661e-01  9.89471355e-01  1.01448860e+00  1.02676865e+00
  1.05106256e+00  1.06175308e+00  1.09583051e+00  1.14208930e+00
  1.14934084e+00  1.16727959e+00  1.18214513e+00  1.26747036e+00
  1.29722945e+00  1.33496293e+00  1.42640436e+00  1.43601837e+00
  1.44812782e+00  1.47745132e+00  1.49416795e+00  1.50411764e+00
  1.52646820e+00  1.53033016e+00  1.56797613e+00  1.57422548e+00
  1.57672374e+00  1.62746681e+00  1.69002397e+00  1.69136542e+00
  1.71368866e+00  1.71782884e+00  1.75521953e+00  1.76042600e+00
  1.76989995e+00  1.77674119e+00  1.81639612e+00  1.87006361e+00
  1.88074185e+00  1.90789751e+00  1.92435029e+00  1.96172206e+00
  2.01703730e+00  2.04508723e+00  2.07172655e+00  2.10314046e+00
  2.12055807e+00  2.13088918e+00  2.15750965e+00  2.17236447e+00
  2.24441745e+00  2.24460296e+00  2.25245259e+00  2.29707980e+00
  2.35743837e+00  2.35974961e+00  2.38495398e+00  2.41881616e+00
  2.44001725e+00  2.44931372e+00  2.47149097e+00  2.50488543e+00
  2.51796585e+00  2.53907646e+00  2.55632532e+00  2.57780079e+00
  2.58220477e+00  2.60511492e+00  2.61450631e+00  2.62885680e+00
  2.65269875e+00  2.70206703e+00  2.74010356e+00  2.75251890e+00
  2.76163445e+00  2.84135528e+00  2.91625931e+00  2.94743842e+00
  2.95502207e+00  2.95717895e+00  3.00232021e+00  3.14402742e+00
  3.15710671e+00  3.29262982e+00  3.38087267e+00  3.43869181e+00
  3.57886607e+00  3.62012448e+00  3.74323642e+00  3.74379990e+00
  3.77080750e+00  3.85175813e+00  3.98052906e+00  4.00461185e+00
  4.04642708e+00  4.38054095e+00  4.42787831e+00  5.22305168e+00
  9.58088015e+00  2.36242440e+01  2.38734589e+01  2.39088498e+01
  2.39769296e+01  2.40572936e+01  2.41258956e+01  2.54828615e+01
  2.54924256e+01  2.60556614e+01  3.56398560e+01  2.15530255e+02]
nelec by numeric integration = 68.00002753155971
    CPU time for vxc      7.11 sec, wall time      0.25 sec
E1 = -1770.6832489592991  Ecoul = 716.2545052184319  Exc = -70.50507618247543
cycle= 8 E= -748.239715174063  delta_E= -5.58e-08  |g|= 0.000214  |ddm|= 0.000518
    CPU time for cycle= 8      8.73 sec, wall time      0.31 sec
  HOMO = -0.265489682011686  LUMO = -0.0414367517791109
  mo_energy =
[-1.01514901e+02 -1.43175826e+01 -1.02204716e+01 -1.02204005e+01
 -1.02049769e+01 -1.02025658e+01 -1.01960854e+01 -1.01960395e+01
 -9.42920398e+00 -7.19342832e+00 -7.18416887e+00 -7.18415751e+00
 -9.64636227e-01 -8.24526722e-01 -8.19696148e-01 -7.79649250e-01
 -6.60172161e-01 -6.51600436e-01 -6.40769124e-01 -5.45908055e-01
 -4.99529775e-01 -4.88916860e-01 -4.49198264e-01 -4.30920858e-01
 -4.26733087e-01 -4.21688303e-01 -4.14943876e-01 -3.87180886e-01
 -3.86398028e-01 -3.07221048e-01 -2.80663467e-01 -2.78793637e-01
 -2.78133198e-01 -2.65489682e-01 -4.14367518e-02 -3.46565081e-02
  2.88133728e-02  4.98363353e-02  6.33406964e-02  6.70849511e-02
  9.01023979e-02  9.24621150e-02  1.17155355e-01  1.25229163e-01
  1.26107799e-01  1.56234039e-01  2.15598933e-01  2.51587041e-01
  2.63210721e-01  2.68395191e-01  2.91883998e-01  3.01500220e-01
  3.02252723e-01  3.10106786e-01  3.14161075e-01  3.24446244e-01
  3.67188945e-01  3.68970934e-01  3.75125298e-01  3.86046652e-01
  4.01991670e-01  4.24997195e-01  4.29563274e-01  4.33521567e-01
  4.49405992e-01  4.73130077e-01  5.05170560e-01  5.35228092e-01
  5.38925688e-01  5.41054255e-01  5.67014200e-01  5.78515332e-01
  5.91355368e-01  6.01473362e-01  6.05169556e-01  6.26813669e-01
  6.34844382e-01  6.66645716e-01  7.16173693e-01  7.20133608e-01
  7.27570192e-01  7.42896523e-01  7.61270124e-01  7.78793495e-01
  8.13080454e-01  8.35342517e-01  8.53899548e-01  8.56216110e-01
  8.68875297e-01  9.05520856e-01  9.05804545e-01  9.39057885e-01
  9.49763898e-01  9.89471890e-01  1.01448659e+00  1.02677589e+00
  1.05106363e+00  1.06174491e+00  1.09583597e+00  1.14209839e+00
  1.14935381e+00  1.16729163e+00  1.18214313e+00  1.26746980e+00
  1.29722520e+00  1.33496132e+00  1.42640098e+00  1.43601615e+00
  1.44813392e+00  1.47745516e+00  1.49418059e+00  1.50413011e+00
  1.52646703e+00  1.53032999e+00  1.56797612e+00  1.57422404e+00
  1.57671864e+00  1.62746644e+00  1.69002271e+00  1.69136474e+00
  1.71369813e+00  1.71783751e+00  1.75521860e+00  1.76042001e+00
  1.76990327e+00  1.77674163e+00  1.81640031e+00  1.87006134e+00
  1.88074015e+00  1.90789323e+00  1.92435280e+00  1.96172234e+00
  2.01703981e+00  2.04508603e+00  2.07172141e+00  2.10315600e+00
  2.12056470e+00  2.13089799e+00  2.15750796e+00  2.17236531e+00
  2.24443316e+00  2.24461947e+00  2.25245758e+00  2.29707259e+00
  2.35743622e+00  2.35975900e+00  2.38495361e+00  2.41882479e+00
  2.44002324e+00  2.44932294e+00  2.47149662e+00  2.50490365e+00
  2.51798227e+00  2.53907343e+00  2.55632734e+00  2.57779622e+00
  2.58219754e+00  2.60511352e+00  2.61451011e+00  2.62885061e+00
  2.65269356e+00  2.70206664e+00  2.74011724e+00  2.75250282e+00
  2.76163503e+00  2.84135109e+00  2.91625317e+00  2.94743912e+00
  2.95501972e+00  2.95717975e+00  3.00232614e+00  3.14402317e+00
  3.15712964e+00  3.29262125e+00  3.38087184e+00  3.43869507e+00
  3.57886533e+00  3.62012405e+00  3.74325331e+00  3.74381641e+00
  3.77080756e+00  3.85175484e+00  3.98051964e+00  4.00461628e+00
  4.04642058e+00  4.38053960e+00  4.42787559e+00  5.22304883e+00
  9.58090109e+00  2.36242424e+01  2.38734936e+01  2.39088360e+01
  2.39769433e+01  2.40572691e+01  2.41258954e+01  2.54828840e+01
  2.54924481e+01  2.60556815e+01  3.56398493e+01  2.15530255e+02]
nelec by numeric integration = 68.00002753085788
    CPU time for vxc      7.22 sec, wall time      0.26 sec
E1 = -1770.6826789742668  Ecoul = 716.2539042253906  Exc = -70.50504518492207
cycle= 9 E= -748.239715184518  delta_E= -1.05e-08  |g|= 4.6e-05  |ddm|= 0.000157
    CPU time for cycle= 9      8.86 sec, wall time      0.32 sec
  HOMO = -0.265494696427716  LUMO = -0.0414418308828714
  mo_energy =
[-1.01514878e+02 -1.43175922e+01 -1.02204755e+01 -1.02204125e+01
 -1.02049964e+01 -1.02025587e+01 -1.01960840e+01 -1.01960447e+01
 -9.42918512e+00 -7.19340905e+00 -7.18414936e+00 -7.18413801e+00
 -9.64641207e-01 -8.24521548e-01 -8.19700334e-01 -7.79652799e-01
 -6.60168478e-01 -6.51604699e-01 -6.40773113e-01 -5.45911945e-01
 -4.99534853e-01 -4.88918855e-01 -4.49200565e-01 -4.30920465e-01
 -4.26731775e-01 -4.21692449e-01 -4.14946893e-01 -3.87184256e-01
 -3.86393622e-01 -3.07225998e-01 -2.80666034e-01 -2.78785690e-01
 -2.78125873e-01 -2.65494696e-01 -4.14418309e-02 -3.46597777e-02
  2.88133218e-02  4.98374205e-02  6.33397707e-02  6.70863034e-02
  9.01015501e-02  9.24606624e-02  1.17153892e-01  1.25226553e-01
  1.26107229e-01  1.56233174e-01  2.15596276e-01  2.51584069e-01
  2.63207973e-01  2.68392801e-01  2.91886612e-01  3.01500601e-01
  3.02252383e-01  3.10107544e-01  3.14162820e-01  3.24450099e-01
  3.67186910e-01  3.68969478e-01  3.75122357e-01  3.86044175e-01
  4.01988480e-01  4.24995094e-01  4.29561247e-01  4.33519305e-01
  4.49402530e-01  4.73127928e-01  5.05168337e-01  5.35225389e-01
  5.38925418e-01  5.41051366e-01  5.67010318e-01  5.78514277e-01
  5.91353651e-01  6.01474116e-01  6.05167005e-01  6.26811770e-01
  6.34842466e-01  6.66643373e-01  7.16171376e-01  7.20131076e-01
  7.27567655e-01  7.42893773e-01  7.61270296e-01  7.78790543e-01
  8.13079000e-01  8.35339745e-01  8.53905126e-01  8.56221157e-01
  8.68879393e-01  9.05531234e-01  9.05814145e-01  9.39054661e-01
  9.49762218e-01  9.89469264e-01  1.01448204e+00  1.02677661e+00
  1.05106139e+00  1.06174262e+00  1.09583173e+00  1.14210042e+00
  1.14935599e+00  1.16729334e+00  1.18214006e+00  1.26746638e+00
  1.29722195e+00  1.33495755e+00  1.42639807e+00  1.43601286e+00
  1.44813294e+00  1.47745110e+00  1.49418113e+00  1.50413062e+00
  1.52646428e+00  1.53032564e+00  1.56797304e+00  1.57422054e+00
  1.57671672e+00  1.62746453e+00  1.69002040e+00  1.69136233e+00
  1.71369812e+00  1.71783784e+00  1.75521712e+00  1.76041835e+00
  1.76989965e+00  1.77673978e+00  1.81639927e+00  1.87005885e+00
  1.88073651e+00  1.90788944e+00  1.92434832e+00  1.96171983e+00
  2.01703895e+00  2.04508107e+00  2.07171882e+00  2.10316025e+00
  2.12056461e+00  2.13089895e+00  2.15750580e+00  2.17236134e+00
  2.24443825e+00  2.24462534e+00  2.25245355e+00  2.29707078e+00
  2.35743317e+00  2.35975929e+00  2.38494886e+00  2.41882552e+00
  2.44002227e+00  2.44932475e+00  2.47149610e+00  2.50490531e+00
  2.51798356e+00  2.53906884e+00  2.55632407e+00  2.57779126e+00
  2.58219550e+00  2.60511132e+00  2.61450758e+00  2.62884943e+00
  2.65269118e+00  2.70206237e+00  2.74010973e+00  2.75249959e+00
  2.76163102e+00  2.84134670e+00  2.91624996e+00  2.94743450e+00
  2.95501453e+00  2.95717407e+00  3.00232440e+00  3.14401815e+00
  3.15713368e+00  3.29261753e+00  3.38086655e+00  3.43868934e+00
  3.57886049e+00  3.62011939e+00  3.74325476e+00  3.74381764e+00
  3.77080316e+00  3.85174815e+00  3.98051658e+00  4.00461111e+00
  4.04641688e+00  4.38053393e+00  4.42786959e+00  5.22304282e+00
  9.58091743e+00  2.36242338e+01  2.38735002e+01  2.39088305e+01
  2.39769330e+01  2.40572649e+01  2.41258860e+01  2.54828994e+01
  2.54924635e+01  2.60556965e+01  3.56398399e+01  2.15530277e+02]
nelec by numeric integration = 68.00002753063913
    CPU time for vxc      7.12 sec, wall time      0.25 sec
E1 = -1770.6826353520842  Ecoul = 716.2538556594945  Exc = -70.50504024164576
cycle= 10 E= -748.239715184955  delta_E= -4.37e-10  |g|= 2.03e-05  |ddm|= 6.03e-05
    CPU time for cycle= 10      8.77 sec, wall time      0.31 sec
  HOMO = -0.265493337739535  LUMO = -0.0414391313100129
  mo_energy =
[-1.01514890e+02 -1.43175915e+01 -1.02204738e+01 -1.02203990e+01
 -1.02049865e+01 -1.02025615e+01 -1.01960892e+01 -1.01960401e+01
 -9.42919802e+00 -7.19342193e+00 -7.18416222e+00 -7.18415087e+00
 -9.64638190e-01 -8.24526638e-01 -8.19698716e-01 -7.79650255e-01
 -6.60170424e-01 -6.51602251e-01 -6.40770634e-01 -5.45909452e-01
 -4.99531959e-01 -4.88917554e-01 -4.49198764e-01 -4.30920730e-01
 -4.26732534e-01 -4.21690579e-01 -4.14945007e-01 -3.87182307e-01
 -3.86396984e-01 -3.07223539e-01 -2.80664141e-01 -2.78791669e-01
 -2.78131420e-01 -2.65493338e-01 -4.14391313e-02 -3.46576168e-02
  2.88132901e-02  4.98362215e-02  6.33405616e-02  6.70853914e-02
  9.01021202e-02  9.24615088e-02  1.17154737e-01  1.25227937e-01
  1.26107335e-01  1.56234166e-01  2.15597674e-01  2.51585610e-01
  2.63209438e-01  2.68394109e-01  2.91885093e-01  3.01500185e-01
  3.02252595e-01  3.10106998e-01  3.14161410e-01  3.24447201e-01
  3.67188015e-01  3.68970359e-01  3.75124134e-01  3.86045738e-01
  4.01990166e-01  4.24996597e-01  4.29562172e-01  4.33520499e-01
  4.49404796e-01  4.73129371e-01  5.05169908e-01  5.35227418e-01
  5.38925582e-01  5.41052826e-01  5.67012793e-01  5.78514836e-01
  5.91354430e-01  6.01473657e-01  6.05168444e-01  6.26813269e-01
  6.34843293e-01  6.66644896e-01  7.16172489e-01  7.20132395e-01
  7.27568597e-01  7.42895139e-01  7.61269728e-01  7.78792377e-01
  8.13079918e-01  8.35341403e-01  8.53900492e-01  8.56217315e-01
  8.68875947e-01  9.05523087e-01  9.05806569e-01  9.39056550e-01
  9.49762776e-01  9.89470499e-01  1.01448465e+00  1.02677582e+00
  1.05106274e+00  1.06174409e+00  1.09583451e+00  1.14209844e+00
  1.14935424e+00  1.16729188e+00  1.18214243e+00  1.26746780e+00
  1.29722406e+00  1.33495967e+00  1.42639982e+00  1.43601496e+00
  1.44813370e+00  1.47745354e+00  1.49418095e+00  1.50413049e+00
  1.52646553e+00  1.53032815e+00  1.56797547e+00  1.57422272e+00
  1.57671740e+00  1.62746590e+00  1.69002190e+00  1.69136382e+00
  1.71369770e+00  1.71783713e+00  1.75521783e+00  1.76041971e+00
  1.76990178e+00  1.77674083e+00  1.81639972e+00  1.87006036e+00
  1.88073814e+00  1.90789196e+00  1.92435076e+00  1.96172153e+00
  2.01703956e+00  2.04508340e+00  2.07172075e+00  2.10315690e+00
  2.12056462e+00  2.13089820e+00  2.15750717e+00  2.17236305e+00
  2.24443455e+00  2.24462103e+00  2.25245550e+00  2.29707225e+00
  2.35743511e+00  2.35975914e+00  2.38495153e+00  2.41882437e+00
  2.44002285e+00  2.44932297e+00  2.47149654e+00  2.50490468e+00
  2.51798323e+00  2.53907160e+00  2.55632655e+00  2.57779380e+00
  2.58219663e+00  2.60511295e+00  2.61450899e+00  2.62884992e+00
  2.65269228e+00  2.70206491e+00  2.74011489e+00  2.75250074e+00
  2.76163300e+00  2.84135008e+00  2.91625241e+00  2.94743698e+00
  2.95501720e+00  2.95717737e+00  3.00232567e+00  3.14402057e+00
  3.15713087e+00  3.29261996e+00  3.38086961e+00  3.43869208e+00
  3.57886311e+00  3.62012292e+00  3.74325420e+00  3.74381731e+00
  3.77080654e+00  3.85174959e+00  3.98051826e+00  4.00461346e+00
  4.04641942e+00  4.38053682e+00  4.42787144e+00  5.22304526e+00
  9.58090592e+00  2.36242386e+01  2.38734975e+01  2.39088348e+01
  2.39769403e+01  2.40572676e+01  2.41258904e+01  2.54828884e+01
  2.54924525e+01  2.60556855e+01  3.56398407e+01  2.15530265e+02]
nelec by numeric integration = 68.00002753094415
    CPU time for vxc      7.07 sec, wall time      0.25 sec
E1 = -1770.682718089685  Ecoul = 716.2539453245706  Exc = -70.5050471690008
Extra cycle  E= -748.239715184835  delta_E= 1.2e-10  |g|= 2.96e-05  |ddm|= 4.14e-05
    CPU time for scf_cycle    124.95 sec, wall time      4.71 sec
    CPU time for SCF    125.01 sec, wall time      4.71 sec
converged SCF energy = -748.239715184835
Converting <class 'pyscf.dft.rks.RKS'> to RHF


******** <class 'pyscf.tdscf.rks.TDA'> for <class 'pyscf.dft.rks.RKS'> ********
nstates = 5 singlet
wfnsym = None
conv_tol = 1e-09
eigh lindep = 1e-12
eigh level_shift = 0
eigh max_space = 8
eigh max_cycle = 2000
chkfile = /scratch/global/yangjunjie/tmp1mgbvoz9
max_memory 127949 MB (current use 2206 MB)


davidson 0 5  |r|= 0.192  e= [0.18029329 0.18169004 0.21781833 0.21906054 0.27401295]  max|de|= 0.274  lindep=    1
Old state -> New state
    4     ->     2 
    2     ->     3 
    3     ->     4 
davidson 1 10  |r|= 0.0556  e= [0.1774763  0.18068207 0.21590285 0.21765806 0.21783471]  max|de|= -0.0581  lindep= 0.733
Old state -> New state
    4     ->     3 
    3     ->     4 
davidson 2 15  |r|= 0.0232  e= [0.17733764 0.18064978 0.20941856 0.21762684 0.21765697]  max|de|= -0.00648  lindep= 0.768
davidson 3 20  |r|= 0.00725  e= [0.17733347 0.18064902 0.20881775 0.21759117 0.21765677]  max|de|= -0.000601  lindep= 0.746
davidson 4 5  |r|= 0.00725  e= [0.17733347 0.18064902 0.20881775 0.21759117 0.21765677]  max|de|= 2.22e-16  lindep=    1
davidson 5 10  |r|= 0.00252  e= [0.17733332 0.180649   0.20875753 0.21758815 0.21765669]  max|de|= -6.02e-05  lindep= 0.629
root 1 converged  |r|= 3.81e-06  e= 0.18064899907559331  max|de|= -6.54e-10
davidson 6 15  |r|= 0.00265  e= [0.17733331 0.180649   0.20872046 0.21758645 0.21765661]  max|de|= -3.71e-05  lindep= 0.721
root 0 converged  |r|= 4.35e-06  e= 0.1773333067858759  max|de|= -4.03e-10
davidson 7 19  |r|= 0.00111  e= [0.17733331 0.180649   0.20870854 0.21758535 0.21765656]  max|de|= -1.19e-05  lindep= 0.849
davidson 8 5  |r|= 0.00111  e= [0.17733331 0.180649   0.20870854 0.21758535 0.21765656]  max|de|= 3.05e-16  lindep= 0.975
davidson 9 8  |r|= 0.00039  e= [0.17733331 0.180649   0.2087075  0.21758518 0.21765655]  max|de|= -1.04e-06  lindep=  0.8
root 4 converged  |r|= 4.01e-06  e= 0.21765655478823678  max|de|= -1.96e-10
davidson 10 11  |r|= 0.000205  e= [0.17733331 0.180649   0.2087071  0.21758509 0.21765655]  max|de|= -4.03e-07  lindep= 0.752
davidson 11 13  |r|= 8.06e-05  e= [0.17733331 0.180649   0.20870704 0.21758507 0.21765655]  max|de|= -5.51e-08  lindep= 0.735
davidson 12 15  |r|= 7.27e-05  e= [0.17733331 0.180649   0.20870702 0.21758506 0.21765655]  max|de|= -1.77e-08  lindep= 0.664
davidson 13 17  |r|= 4.26e-05  e= [0.17733331 0.180649   0.20870702 0.21758505 0.21765655]  max|de|= -9.13e-09  lindep= 0.749
root 2 converged  |r|= 2.98e-05  e= 0.20870701621804366  max|de|= 2.22e-16
davidson 14 5  |r|= 4.26e-05  e= [0.17733331 0.180649   0.20870702 0.21758505 0.21765655]  max|de|= 2.22e-16  lindep= 0.996
davidson 15 6  |r|= 1.75e-05  e= [0.17733331 0.180649   0.20870702 0.21758505 0.21765655]  max|de|= -2.04e-09  lindep= 0.941
root 3 converged  |r|= 9.72e-06  e= 0.21758504565971762  max|de|= -7.29e-10
converged 16 7  |r|= 9.72e-06  e= [0.17733331 0.180649   0.20870701 0.21758505 0.21765655]  max|de|= -7.29e-10
    CPU time for TDA    384.76 sec, wall time     14.07 sec
Excited State energies (eV)
[4.82548507 4.91570965 5.67920715 5.92079067 5.92273653]
