 
:: initializing oneAPI environment ...
   slurm_script: BASH_VERSION = 4.2.46(1)-release
   args: Using "$@" for setvars.sh arguments: --force
:: advisor -- latest
:: ccl -- latest
:: clck -- latest
:: compiler -- latest
:: dal -- latest
:: debugger -- latest
:: dev-utilities -- latest
:: dnnl -- latest
:: dpcpp-ct -- latest
:: dpl -- latest
:: inspector -- latest
:: intelpython -- latest
:: ipp -- latest
:: ippcp -- latest
:: ipp -- latest
:: itac -- latest
:: mkl -- latest
:: mpi -- latest
:: tbb -- latest
:: vpl -- latest
:: vtune -- latest
:: oneAPI environment initialized ::
 
SLURM_CPUS_PER_TASK = 28
SLURM_MEM_PER_NODE = 127949
#INFO: **** input file is /home/yangjunjie/work/py-ch3-cl/work/step_-16/main.py ****
import sys
import pyscf
from pyscf import tdscf

def main(xyz_file, basis="631g*", xc="b3lyp", output="ene.out"):
    xyz = None

    with open(xyz_file, "r") as xyz:
        xyz = xyz.readlines()[2:]
        xyz = "".join(xyz)

    mol = pyscf.gto.Mole()
    mol.atom = xyz
    mol.basis = basis
    mol.verbose = 5
    mol.build()

    if xc is not None and xc != "hf":
        mf = pyscf.scf.RKS(mol)
        mf.xc = xc
        mf.kernel()
    else:
        mf = pyscf.scf.RHF(mol)
        mf.kernel()

    ene_mf = mf.e_tot

    with open(output, "w") as f:
        tda = pyscf.tdscf.TDA(mf)
        tda.nstates = 5
        tda.max_space = 8
        tda.max_cycle = 2000
        tda.kernel()

        con_tda = tda.converged
        ene_tda = tda.e[:5]
        dip_tda = tda.transition_dipole()[:5]

        f.write(f"RKS energy: {ene_mf: 12.8f}\n")
        f.write("TDA results:\n")
        for i, (con, ene, dip) in enumerate(zip(con_tda, ene_tda, dip_tda)):
            f.write(f" {i:2d} {con} {ene: 12.8f} {dip[0]: 12.8f} {dip[1]: 12.8f} {dip[2]: 12.8f}\n")

        # rpa = pyscf.tdscf.RPA(mf)
        # rpa.nstates = 5
        # rpa.max_space = 8
        # rpa.max_cycle = 2000
        # rpa.kernel()

        # con_rpa = rpa.converged
        # ene_rpa = rpa.e[:5]
        # dip_rpa = rpa.transition_dipole()[:5]
        
        # f.write("\nRPA results:\n")
        # for i, (con, ene, dip) in enumerate(zip(con_rpa, ene_rpa, dip_rpa)):
        #     f.write(f" {i:2d} {con} {ene: 12.8f} {dip[0]: 12.8f} {dip[1]: 12.8f} {dip[2]: 12.8f}\n")

if __name__ == "__main__":
    xyz = sys.argv[1]
    main(xyz, basis="631g*", xc="b3lyp", output="out.log")
#INFO: ******************** input file end ********************


System: uname_result(system='Linux', node='pauling037', release='3.10.0-327.36.3.el7.x86_64', version='#1 SMP Thu Oct 20 04:56:07 EDT 2016', machine='x86_64')  Threads 28
Python 3.9.7 (default, Oct 27 2021, 01:23:21) 
[GCC 9.3.0]
numpy 1.21.2  scipy 1.6.2
Date: Tue Sep 27 23:36:53 2022
PySCF version 2.0.1
PySCF path  /home/yangjunjie/packages/pyscf/pyscf-main
GIT ORIG_HEAD 14b880cdc4bf7bb64f3989a147c0b04622efc498
GIT HEAD (branch master) 9d5b5bd309d1cc55fbd1a0ec76e26b5b0c7f76af

[ENV] PYSCF_MAX_MEMORY 127949
[ENV] PYSCF_TMPDIR /scratch/global/yangjunjie/
[CONFIG] conf_file /home/yangjunjie/.pyscf_conf.py
[INPUT] verbose = 5
[INPUT] max_memory = 127949 
[INPUT] num. atoms = 16
[INPUT] num. electrons = 68
[INPUT] charge = 0
[INPUT] spin (= nelec alpha-beta = 2S) = 0
[INPUT] symmetry False subgroup None
[INPUT] Mole.unit = angstrom
[INPUT]  1 C      0.000000010000   1.151088550000   1.133487480000 AA    0.000000018897   2.175242104623   2.141980902823 Bohr
[INPUT]  2 C      0.000000000000   1.199281140000   2.532476670000 AA    0.000000000000   2.266312900956   4.785687323151 Bohr
[INPUT]  3 C     -0.000000010000  -0.013346320000   3.217789400000 AA   -0.000000018897  -0.025220889571   6.080740692529 Bohr
[INPUT]  4 C     -0.000000010000  -1.212436220000   2.508473170000 AA   -0.000000018897  -2.291172399303   4.740327282120 Bohr
[INPUT]  5 C      0.000000000000  -1.135983920000   1.109552430000 AA    0.000000000000  -2.146698490710   2.096750213546 Bohr
[INPUT]  6 N      0.000000010000   0.015379280000   0.455899730000 AA    0.000000018897   0.029062627193   0.861525629963 Bohr
[INPUT]  7 C      0.000000000000   0.003573870000  -2.159017460000 AA    0.000000000000   0.006753635505  -4.079951697554 Bohr
[INPUT]  8 H      0.000000020000   2.067969030000   0.545895080000 AA    0.000000037795   3.907895100782   1.031592193948 Bohr
[INPUT]  9 H      0.000000000000   2.145259260000   3.041952220000 AA    0.000000000000   4.053952467587   5.748456579813 Bohr
[INPUT] 10 H     -0.000000020000  -0.024428830000   4.300720710000 AA   -0.000000037795  -0.046163798244   8.127184280145 Bohr
[INPUT] 11 H     -0.000000020000  -2.167824090000   2.998090650000 AA   -0.000000037795  -4.096593816334   5.665570225119 Bohr
[INPUT] 12 H      0.000000000000  -2.039180740000   0.503090800000 AA    0.000000000000  -3.853493117088   0.950703827788 Bohr
[INPUT] 13 H     -0.000000030000   1.033632200000  -1.822087510000 AA   -0.000000056692   1.953281771532  -3.443246368891 Bohr
[INPUT] 14 H     -0.890789330000  -0.503802250000  -1.807146010000 AA   -1.683347868385  -0.952048273440  -3.415011026001 Bohr
[INPUT] 15 H      0.890789350000  -0.503802210000  -1.807146010000 AA    1.683347906179  -0.952048197851  -3.415011026001 Bohr
[INPUT] 16 Cl    -0.000000010000  -0.007116160000  -3.978285840000 AA   -0.000000018897  -0.013447593459  -7.517870682835 Bohr
[INPUT] ---------------- BASIS SET ---------------- 
[INPUT] l, kappa, [nprim/nctr], expnt,             c_1 c_2 ...
[INPUT] Cl
[INPUT] 0    0    [6    /1   ]  25180.1           0.001833
                                3780.35           0.014034
                                860.474           0.069097
                                242.145           0.237452
                                77.3349           0.483034
                                26.247            0.339856
[INPUT] 0    0    [6    /1   ]  491.765           -0.0022974
                                116.984           -0.030714
                                37.4153           -0.112528
                                13.7834           0.045016
                                5.45215           0.589353
                                2.22588           0.465206
[INPUT] 0    0    [3    /1   ]  3.18649           -0.25183
                                1.14427           0.061589
                                0.420377          1.06018
[INPUT] 0    0    [1    /1   ]  0.142657             1
[INPUT] 1    0    [6    /1   ]  491.765           0.0039894
                                116.984           0.030318
                                37.4153           0.12988
                                13.7834           0.327951
                                5.45215           0.453527
                                2.22588           0.252154
[INPUT] 1    0    [3    /1   ]  3.18649           -0.014299
                                1.14427           0.323572
                                0.420377          0.743507
[INPUT] 1    0    [1    /1   ]  0.142657             1
[INPUT] 2    0    [1    /1   ]  0.75                 1
[INPUT] C
[INPUT] 0    0    [6    /1   ]  3047.5249         0.0018347
                                457.36951         0.0140373
                                103.94869         0.0688426
                                29.210155         0.2321844
                                9.286663          0.4679413
                                3.163927          0.362312
[INPUT] 0    0    [3    /1   ]  7.8682724         -0.1193324
                                1.8812885         -0.1608542
                                0.5442493         1.1434564
[INPUT] 0    0    [1    /1   ]  0.1687144            1
[INPUT] 1    0    [3    /1   ]  7.8682724         0.0689991
                                1.8812885         0.316424
                                0.5442493         0.7443083
[INPUT] 1    0    [1    /1   ]  0.1687144            1
[INPUT] 2    0    [1    /1   ]  0.8                  1
[INPUT] N
[INPUT] 0    0    [6    /1   ]  4173.511          0.0018348
                                627.4579          0.013995
                                142.9021          0.068587
                                40.23433          0.232241
                                12.82021          0.46907
                                4.390437          0.360455
[INPUT] 0    0    [3    /1   ]  11.626358         -0.114961
                                2.71628           -0.169118
                                0.772218          1.145852
[INPUT] 0    0    [1    /1   ]  0.2120313            1
[INPUT] 1    0    [3    /1   ]  11.626358         0.06758
                                2.71628           0.323907
                                0.772218          0.740895
[INPUT] 1    0    [1    /1   ]  0.2120313            1
[INPUT] 2    0    [1    /1   ]  0.8                  1
[INPUT] H
[INPUT] 0    0    [3    /1   ]  18.731137         0.0334946
                                2.8253937         0.23472695
                                0.6401217         0.81375733
[INPUT] 0    0    [1    /1   ]  0.1612778            1

nuclear repulsion = 375.572002687455
number of shells = 66
number of NR pGTOs = 272
number of NR cGTOs = 132
basis = 631g*
ecp = {}
CPU time:         0.37


******** <class 'pyscf.dft.rks.RKS'> ********
method = RKS
initial guess = minao
damping factor = 0
level_shift factor = 0
DIIS = <class 'pyscf.scf.diis.CDIIS'>
diis_start_cycle = 1
diis_space = 8
SCF conv_tol = 1e-09
SCF conv_tol_grad = None
SCF max_cycles = 50
direct_scf = True
direct_scf_tol = 1e-13
chkfile to save SCF result = /scratch/global/yangjunjie/tmpoa3nnh7z
max_memory 127949 MB (current use 81 MB)
XC library pyscf.dft.libxc version 5.2.0
    S. Lehtola, C. Steigemann, M. J. Oliveira, and M. A. Marques, SoftwareX 7, 1 (2018)
XC functionals = b3lyp
    P. A. M. Dirac, Math. Proc. Cambridge Philos. Soc. 26, 376 (1930)
    F. Bloch, Z. Phys. 57, 545 (1929)
    A. D. Becke, Phys. Rev. A 38, 3098 (1988)
    C. Lee, W. Yang, and R. G. Parr, Phys. Rev. B 37, 785 (1988)
    B. Miehlich, A. Savin, H. Stoll, and H. Preuss, Chem. Phys. Lett. 157, 200 (1989)
    S. H. Vosko, L. Wilk, and M. Nusair, Can. J. Phys. 58, 1200 (1980)
radial grids: 
    Treutler-Ahlrichs [JCP 102, 346 (1995); DOI:10.1063/1.469408] (M4) radial grids
    
becke partition: Becke, JCP 88, 2547 (1988); DOI:10.1063/1.454033
pruning grids: <function nwchem_prune at 0x7f1fff610ee0>
grids dens level: 3
symmetrized grids: False
atomic radii adjust function: <function treutler_atomic_radii_adjust at 0x7f1fff610e50>
small_rho_cutoff = 1e-07
Set gradient conv threshold to 3.16228e-05
atom C rad-grids = 75, ang-grids = [ 50  50  50  50  50  50  50  50  50  50  50  50  50  50  50  50  50  50
  50  50  50  50  50  86  86  86  86  86  86  86  86  86  86 266 266 266
 266 266 266 266 302 302 302 302 302 302 302 302 302 302 302 302 302 302
 302 302 302 302 302 302 266 266 266 266 266 266 266 266 266 266 266 266
 266 266 266]
atom N rad-grids = 75, ang-grids = [ 50  50  50  50  50  50  50  50  50  50  50  50  50  50  50  50  50  50
  50  50  50  50  50  86  86  86  86  86  86  86  86  86 266 266 266 266
 266 266 266 302 302 302 302 302 302 302 302 302 302 302 302 302 302 302
 302 302 302 302 266 266 266 266 266 266 266 266 266 266 266 266 266 266
 266 266 266]
atom H rad-grids = 50, ang-grids = [ 50  50  50  50  50  50  50  50  50  50  50  50  50  50  86  86  86  86
 266 266 266 266 302 302 302 302 302 302 302 302 302 302 302 302 302 266
 266 266 266 266 266 266 266 266 266 266 266 266 266 266]
atom Cl rad-grids = 80, ang-grids = [ 50  50  50  50  50  50  50  50  50  50  50  50  50  50  50  50  50  50
  50  50  50  50  50  50  86  86  86  86  86  86  86  86  86  86  86  86
  86 350 350 350 350 350 350 350 350 350 434 434 434 434 434 434 434 434
 434 434 434 434 434 434 434 434 434 434 350 350 350 350 350 350 350 350
 350 350 350 350 350 350 350 350]
tot grids = 196530
Drop grids 33112
    CPU time for setting up grids      3.25 sec, wall time      0.20 sec
nelec by numeric integration = 67.97628987693037
    CPU time for vxc      5.70 sec, wall time      0.26 sec
E1 = -1764.3315579043372  Ecoul = 710.101151293783  Exc = -70.37819789012444
init E= -749.036601813224
cond(S) = 6176.071748609806
    CPU time for initialize scf     16.06 sec, wall time      0.86 sec
  HOMO = -0.292458080010238  LUMO = -0.0968515185318239
  mo_energy =
[-1.01597239e+02 -1.44095962e+01 -1.02912883e+01 -1.02903726e+01
 -1.02898235e+01 -1.02890727e+01 -1.02852725e+01 -1.02847741e+01
 -9.53821298e+00 -7.29411261e+00 -7.29289545e+00 -7.29289487e+00
 -1.10290047e+00 -9.38879085e-01 -9.30947545e-01 -8.84312938e-01
 -7.58041076e-01 -7.13978961e-01 -7.02849808e-01 -5.77207088e-01
 -5.30575725e-01 -5.13625777e-01 -4.73969265e-01 -4.73285390e-01
 -4.62879180e-01 -4.60581167e-01 -4.37191645e-01 -4.30079273e-01
 -3.98847350e-01 -3.43931498e-01 -3.42854354e-01 -3.26685539e-01
 -2.98521865e-01 -2.92458080e-01 -9.68515185e-02 -8.09487474e-02
 -3.44182871e-02  5.26622030e-02  6.81435565e-02  7.79251511e-02
  9.06505743e-02  1.13690971e-01  1.21490833e-01  1.22780513e-01
  1.44625167e-01  1.64259744e-01  2.00011245e-01  2.40532746e-01
  2.55352406e-01  2.59559482e-01  3.59756875e-01  3.83131478e-01
  4.03035791e-01  4.15045566e-01  4.15047384e-01  4.22916762e-01
  4.65007499e-01  4.75522645e-01  4.87666662e-01  5.06725612e-01
  5.29190807e-01  5.37078590e-01  5.42355564e-01  5.51419228e-01
  5.54940187e-01  5.56517630e-01  5.58781215e-01  6.07712823e-01
  6.24573569e-01  6.39527483e-01  6.82477942e-01  7.65319855e-01
  7.71347960e-01  7.88148873e-01  7.88324637e-01  7.91675009e-01
  7.99365122e-01  8.03662206e-01  8.28396081e-01  8.42150088e-01
  8.49355719e-01  8.68098427e-01  8.79997789e-01  8.98713000e-01
  9.05891761e-01  9.23074585e-01  9.79907054e-01  1.00593900e+00
  1.03548252e+00  1.07712041e+00  1.12227693e+00  1.14820070e+00
  1.16104785e+00  1.17887895e+00  1.30846630e+00  1.34769351e+00
  1.39571528e+00  1.41307390e+00  1.41548462e+00  1.44993457e+00
  1.45355978e+00  1.45486964e+00  1.62419653e+00  1.62502213e+00
  1.64278134e+00  1.69959672e+00  1.74970961e+00  1.77245371e+00
  1.86841950e+00  1.89486833e+00  1.98436796e+00  2.05125944e+00
  2.06061155e+00  2.09932181e+00  2.10350199e+00  2.13065670e+00
  2.14556070e+00  2.16810672e+00  2.18330258e+00  2.21729143e+00
  2.25348046e+00  2.30377112e+00  2.47672650e+00  2.48512684e+00
  2.57832068e+00  2.61103246e+00  2.62247530e+00  2.63593624e+00
  2.69999087e+00  2.70840572e+00  2.95881282e+00  3.31568876e+00]
nelec by numeric integration = 68.00002944571355
    CPU time for vxc      5.88 sec, wall time      0.21 sec
E1 = -1772.41890395511  Ecoul = 719.5861794132653  Exc = -70.824224017662
cycle= 1 E= -748.084945872052  delta_E= 0.952  |g|= 0.38  |ddm|= 3.94
    CPU time for cycle= 1      6.39 sec, wall time      0.23 sec
  HOMO = -0.19518759022262  LUMO = 0.0124204024040937
  mo_energy =
[-1.01356584e+02 -1.41899736e+01 -1.01901614e+01 -1.01890030e+01
 -1.01497363e+01 -1.01295982e+01 -1.00961750e+01 -1.00957352e+01
 -9.31248151e+00 -7.07339192e+00 -7.06343576e+00 -7.06342719e+00
 -8.99291606e-01 -7.75512115e-01 -7.58477732e-01 -7.32654157e-01
 -6.19156748e-01 -6.02516002e-01 -5.99535417e-01 -5.10714490e-01
 -4.59396957e-01 -4.38725719e-01 -4.12387640e-01 -4.02434530e-01
 -3.99919320e-01 -3.75210485e-01 -3.64626813e-01 -3.42112871e-01
 -3.38416832e-01 -2.49699160e-01 -2.36443565e-01 -2.26881670e-01
 -2.26194884e-01 -1.95187590e-01  1.24204024e-02  1.32696878e-02
  8.25042377e-02  1.11105148e-01  1.32008281e-01  1.39115300e-01
  1.60582661e-01  1.66782476e-01  1.77078616e-01  1.84617521e-01
  1.85417394e-01  2.14426602e-01  2.79535338e-01  3.13045174e-01
  3.39730542e-01  3.46310072e-01  4.63934971e-01  4.68535981e-01
  4.78672408e-01  5.14435074e-01  5.14700298e-01  5.17821143e-01
  5.33858437e-01  5.62833351e-01  5.71404801e-01  5.96958110e-01
  5.99391331e-01  6.04409964e-01  6.19161801e-01  6.25359322e-01
  6.31994681e-01  6.33267635e-01  6.64920318e-01  6.75000491e-01
  7.13741603e-01  7.18807388e-01  7.71942822e-01  8.31448809e-01
  8.48810208e-01  8.69639957e-01  8.75807917e-01  8.91426593e-01
  9.12815237e-01  9.24764438e-01  9.33751302e-01  9.50784809e-01
  9.54765833e-01  9.74467021e-01  9.80283288e-01  1.00058186e+00
  1.02059193e+00  1.02293261e+00  1.06192475e+00  1.09277983e+00
  1.10285839e+00  1.14466365e+00  1.18053027e+00  1.23508182e+00
  1.25533814e+00  1.28861067e+00  1.41051414e+00  1.42155926e+00
  1.47226596e+00  1.50997485e+00  1.51887322e+00  1.54652647e+00
  1.55024450e+00  1.56449310e+00  1.73867588e+00  1.73883392e+00
  1.74034741e+00  1.79651056e+00  1.86997884e+00  1.88171793e+00
  1.97381413e+00  1.99566008e+00  2.09915575e+00  2.16504975e+00
  2.16906392e+00  2.20961519e+00  2.21550576e+00  2.24716061e+00
  2.25557665e+00  2.27504979e+00  2.28928151e+00  2.32336139e+00
  2.37465653e+00  2.41269037e+00  2.58114323e+00  2.59695217e+00
  2.70358154e+00  2.72581558e+00  2.73887003e+00  2.76137191e+00
  2.83260924e+00  2.83438393e+00  3.08992784e+00  3.44588942e+00]
nelec by numeric integration = 68.00002742705058
    CPU time for vxc      6.23 sec, wall time      0.24 sec
E1 = -1764.966935981074  Ecoul = 711.5495742361023  Exc = -70.24088744026643
cycle= 2 E= -748.086246497783  delta_E= -0.0013  |g|= 0.402  |ddm|= 0.974
    CPU time for cycle= 2      6.74 sec, wall time      0.25 sec
  HOMO = -0.260285203529229  LUMO = -0.030268347193624
  mo_energy =
[-1.01468664e+02 -1.43553691e+01 -1.02131226e+01 -1.02126458e+01
 -1.02051036e+01 -1.01983534e+01 -1.01980528e+01 -1.01950674e+01
 -9.40342846e+00 -7.16623428e+00 -7.15654776e+00 -7.15653809e+00
 -9.60688723e-01 -8.13417314e-01 -8.10011157e-01 -7.69723116e-01
 -6.48115346e-01 -6.43918642e-01 -6.31149675e-01 -5.37198602e-01
 -4.88035923e-01 -4.82078294e-01 -4.39392809e-01 -4.21765053e-01
 -4.17835679e-01 -4.13446114e-01 -4.06893223e-01 -3.77493029e-01
 -3.73602828e-01 -2.99274654e-01 -2.68811221e-01 -2.63600425e-01
 -2.63142526e-01 -2.60285204e-01 -3.02683472e-02 -1.95536790e-02
  6.02897248e-02  9.21565070e-02  1.22320449e-01  1.29144903e-01
  1.38830711e-01  1.49525066e-01  1.56883761e-01  1.73721252e-01
  1.76845954e-01  2.06120879e-01  2.50984092e-01  2.88061503e-01
  3.13461833e-01  3.14173241e-01  4.37248892e-01  4.40853895e-01
  4.49125486e-01  4.86998600e-01  4.88014614e-01  4.88293695e-01
  5.06279371e-01  5.28502466e-01  5.48897151e-01  5.74059804e-01
  5.78807253e-01  5.79747679e-01  5.89389572e-01  5.95088485e-01
  5.98872047e-01  6.05823653e-01  6.23628198e-01  6.48104449e-01
  6.80853697e-01  6.90824096e-01  7.41863002e-01  8.16591119e-01
  8.24780082e-01  8.41212712e-01  8.49724560e-01  8.49922973e-01
  8.85498046e-01  8.88444985e-01  9.09446241e-01  9.17578097e-01
  9.28304123e-01  9.37905399e-01  9.39530506e-01  9.76775755e-01
  9.83223539e-01  9.87739550e-01  1.02780097e+00  1.06707430e+00
  1.08001709e+00  1.11923643e+00  1.15970574e+00  1.20351490e+00
  1.22170529e+00  1.24248132e+00  1.36947187e+00  1.38975579e+00
  1.45210945e+00  1.46063616e+00  1.47824192e+00  1.51168898e+00
  1.51225076e+00  1.51499710e+00  1.69706535e+00  1.71447410e+00
  1.71465498e+00  1.76006582e+00  1.82368913e+00  1.83440305e+00
  1.93106786e+00  1.96121357e+00  2.05671774e+00  2.12388050e+00
  2.12438555e+00  2.16619747e+00  2.16983084e+00  2.20859035e+00
  2.22119682e+00  2.25544045e+00  2.26925429e+00  2.28569309e+00
  2.32415677e+00  2.36709238e+00  2.54250743e+00  2.55033109e+00
  2.65606347e+00  2.68035979e+00  2.69341195e+00  2.71675742e+00
  2.78040707e+00  2.78481318e+00  3.03913984e+00  3.39874227e+00]
nelec by numeric integration = 68.00002715694221
    CPU time for vxc      5.90 sec, wall time      0.21 sec
E1 = -1768.4595659117595  Ecoul = 715.2663441662992  Exc = -70.50469970394394
cycle= 3 E= -748.125918761949  delta_E= -0.0397  |g|= 0.0804  |ddm|= 0.484
    CPU time for cycle= 3      6.46 sec, wall time      0.23 sec
  HOMO = -0.25611004852203  LUMO = -0.0310403929342672
  mo_energy =
[-1.01492843e+02 -1.43266774e+01 -1.02308543e+01 -1.02305409e+01
 -1.02166370e+01 -1.02075976e+01 -1.02075580e+01 -1.02073167e+01
 -9.42358206e+00 -7.18669237e+00 -7.17715218e+00 -7.17714179e+00
 -9.56220533e-01 -8.19379659e-01 -8.14786314e-01 -7.74621582e-01
 -6.54256529e-01 -6.45143415e-01 -6.36443481e-01 -5.40555087e-01
 -4.91302769e-01 -4.85414134e-01 -4.44008949e-01 -4.24549367e-01
 -4.21461842e-01 -4.16039505e-01 -4.07647821e-01 -3.81366194e-01
 -3.80720239e-01 -2.99276217e-01 -2.73928096e-01 -2.72234217e-01
 -2.71667487e-01 -2.56110049e-01 -3.10403929e-02 -2.38438735e-02
  5.52304137e-02  9.01177349e-02  1.20377096e-01  1.27057005e-01
  1.36662235e-01  1.48304419e-01  1.55723641e-01  1.72396232e-01
  1.75520394e-01  2.04504380e-01  2.49683829e-01  2.85368485e-01
  3.11592057e-01  3.12463595e-01  4.29644073e-01  4.38147565e-01
  4.46530279e-01  4.81825126e-01  4.82147904e-01  4.83273676e-01
  5.02686401e-01  5.26771972e-01  5.45409020e-01  5.70246993e-01
  5.75444395e-01  5.75845313e-01  5.86362702e-01  5.91217255e-01
  5.96420348e-01  6.01642189e-01  6.24426750e-01  6.44365895e-01
  6.78292278e-01  6.86727492e-01  7.39979719e-01  8.12397311e-01
  8.21479311e-01  8.37907699e-01  8.46723254e-01  8.54097092e-01
  8.78942889e-01  8.82231148e-01  9.05018720e-01  9.13630316e-01
  9.21694305e-01  9.31460578e-01  9.32303466e-01  9.71307678e-01
  9.76786295e-01  9.81912730e-01  1.02842735e+00  1.06404548e+00
  1.07688064e+00  1.11793574e+00  1.15728643e+00  1.20223997e+00
  1.21808911e+00  1.23904801e+00  1.36578759e+00  1.39066634e+00
  1.45112916e+00  1.45741348e+00  1.47257664e+00  1.50815497e+00
  1.51341821e+00  1.51647678e+00  1.69703701e+00  1.70929054e+00
  1.70934322e+00  1.75971520e+00  1.81937496e+00  1.83340131e+00
  1.92902271e+00  1.95673881e+00  2.05157467e+00  2.11941824e+00
  2.12037254e+00  2.16332438e+00  2.16635323e+00  2.20650002e+00
  2.21601887e+00  2.25129942e+00  2.26523285e+00  2.28017164e+00
  2.32186184e+00  2.36663338e+00  2.53794466e+00  2.54892277e+00
  2.65262168e+00  2.67773445e+00  2.69112391e+00  2.71226054e+00
  2.77805686e+00  2.78185364e+00  3.03806851e+00  3.39530354e+00]
nelec by numeric integration = 68.00002759405423
    CPU time for vxc      5.99 sec, wall time      0.21 sec
E1 = -1768.7105474594218  Ecoul = 715.5344097838146  Exc = -70.52293116958619
cycle= 4 E= -748.127066157738  delta_E= -0.00115  |g|= 0.0349  |ddm|= 0.0924
    CPU time for cycle= 4      6.53 sec, wall time      0.23 sec
  HOMO = -0.25916441678753  LUMO = -0.0300127100029174
  mo_energy =
[-1.01487812e+02 -1.43359510e+01 -1.02288081e+01 -1.02288020e+01
 -1.02104531e+01 -1.02083818e+01 -1.02011119e+01 -1.02010766e+01
 -9.41992529e+00 -7.18284668e+00 -7.17339294e+00 -7.17338245e+00
 -9.57089950e-01 -8.18411992e-01 -8.11715682e-01 -7.72543035e-01
 -6.54980956e-01 -6.44288707e-01 -6.34365437e-01 -5.38961045e-01
 -4.89745463e-01 -4.83972119e-01 -4.42073200e-01 -4.25607170e-01
 -4.22451440e-01 -4.14518194e-01 -4.07258572e-01 -3.80739737e-01
 -3.79201973e-01 -2.97808721e-01 -2.71828870e-01 -2.71618727e-01
 -2.70850215e-01 -2.59164417e-01 -3.00127100e-02 -2.18914345e-02
  5.53045577e-02  9.12331360e-02  1.20094056e-01  1.27117376e-01
  1.37955169e-01  1.48553796e-01  1.56400336e-01  1.71305087e-01
  1.76201973e-01  2.04139738e-01  2.50763635e-01  2.87387593e-01
  3.12727009e-01  3.13126097e-01  4.30114509e-01  4.39201461e-01
  4.47380199e-01  4.82150067e-01  4.82456873e-01  4.83820371e-01
  5.04618512e-01  5.27940982e-01  5.45278864e-01  5.70181803e-01
  5.76886330e-01  5.77750695e-01  5.89079545e-01  5.92855751e-01
  5.98099377e-01  6.03870111e-01  6.23441804e-01  6.46001809e-01
  6.80653425e-01  6.86917555e-01  7.39187438e-01  8.13259804e-01
  8.24193912e-01  8.38870242e-01  8.48548848e-01  8.51710630e-01
  8.79267960e-01  8.82290385e-01  9.05295568e-01  9.15508609e-01
  9.22639136e-01  9.31870520e-01  9.33646560e-01  9.72565789e-01
  9.76801439e-01  9.82003789e-01  1.02772737e+00  1.06452583e+00
  1.07759865e+00  1.11867113e+00  1.15925486e+00  1.20312525e+00
  1.21749675e+00  1.24099851e+00  1.36806804e+00  1.39092537e+00
  1.45154674e+00  1.46023880e+00  1.47572324e+00  1.50911047e+00
  1.51294956e+00  1.51408481e+00  1.69743382e+00  1.70837219e+00
  1.70842732e+00  1.75984811e+00  1.82208837e+00  1.83467933e+00
  1.93146712e+00  1.95890038e+00  2.05446841e+00  2.12203966e+00
  2.12248132e+00  2.16615152e+00  2.16751653e+00  2.20717163e+00
  2.21568503e+00  2.25021108e+00  2.26414479e+00  2.28237077e+00
  2.32381325e+00  2.36668210e+00  2.54026345e+00  2.55032806e+00
  2.65450101e+00  2.67948457e+00  2.69168185e+00  2.71408000e+00
  2.78015802e+00  2.78308103e+00  3.03803892e+00  3.39666935e+00]
nelec by numeric integration = 68.00002739103388
    CPU time for vxc      5.94 sec, wall time      0.21 sec
E1 = -1768.6491272557864  Ecoul = 715.4687975365608  Exc = -70.5189986856879
cycle= 5 E= -748.127325717459  delta_E= -0.00026  |g|= 0.0106  |ddm|= 0.0419
    CPU time for cycle= 5      6.46 sec, wall time      0.23 sec
  HOMO = -0.25766774529283  LUMO = -0.0295722401281952
  mo_energy =
[-1.01485166e+02 -1.43331710e+01 -1.02256510e+01 -1.02255886e+01
 -1.02121476e+01 -1.02059937e+01 -1.02023529e+01 -1.02023074e+01
 -9.41789516e+00 -7.18074440e+00 -7.17130681e+00 -7.17129623e+00
 -9.55389324e-01 -8.17556152e-01 -8.12014840e-01 -7.71764875e-01
 -6.53916339e-01 -6.43659772e-01 -6.34039690e-01 -5.38705358e-01
 -4.89163786e-01 -4.83872900e-01 -4.41682994e-01 -4.24670314e-01
 -4.21574500e-01 -4.14504864e-01 -4.06348320e-01 -3.79884144e-01
 -3.78993660e-01 -2.97732675e-01 -2.71238316e-01 -2.70830222e-01
 -2.70131078e-01 -2.57667745e-01 -2.95722401e-02 -2.13871340e-02
  5.62311304e-02  9.12378762e-02  1.20554129e-01  1.27603677e-01
  1.38416024e-01  1.48747756e-01  1.56486053e-01  1.71978778e-01
  1.76233359e-01  2.04731040e-01  2.51158688e-01  2.87294336e-01
  3.13058618e-01  3.13764826e-01  4.30776297e-01  4.39651003e-01
  4.47798876e-01  4.82720316e-01  4.83030001e-01  4.84397047e-01
  5.05007463e-01  5.28217083e-01  5.45858144e-01  5.70934970e-01
  5.77323044e-01  5.78164687e-01  5.88914303e-01  5.93138722e-01
  5.98163769e-01  6.03864604e-01  6.24597018e-01  6.46415408e-01
  6.80310495e-01  6.88015915e-01  7.40374540e-01  8.14043086e-01
  8.23510263e-01  8.39359425e-01  8.48512772e-01  8.53013434e-01
  8.80156410e-01  8.83256199e-01  9.05833720e-01  9.15563489e-01
  9.23243151e-01  9.32796107e-01  9.33967690e-01  9.73105702e-01
  9.77796751e-01  9.82816767e-01  1.02871970e+00  1.06508961e+00
  1.07806393e+00  1.11915625e+00  1.15906303e+00  1.20346088e+00
  1.21838195e+00  1.24147569e+00  1.36840967e+00  1.39127493e+00
  1.45209433e+00  1.46006595e+00  1.47569774e+00  1.51037177e+00
  1.51406393e+00  1.51521700e+00  1.69816119e+00  1.70955784e+00
  1.70959900e+00  1.76087937e+00  1.82222358e+00  1.83498610e+00
  1.93123271e+00  1.95938237e+00  2.05471901e+00  2.12227748e+00
  2.12303311e+00  2.16588856e+00  2.16859839e+00  2.20806755e+00
  2.21685274e+00  2.25129002e+00  2.26523961e+00  2.28300477e+00
  2.32384769e+00  2.36785514e+00  2.54073418e+00  2.55077055e+00
  2.65501865e+00  2.67988035e+00  2.69261541e+00  2.71477400e+00
  2.78024911e+00  2.78381536e+00  3.03920808e+00  3.39733577e+00]
nelec by numeric integration = 68.0000274206766
    CPU time for vxc      6.54 sec, wall time      0.23 sec
E1 = -1768.585784123007  Ecoul = 715.401463709848  Exc = -70.5150348767842
cycle= 6 E= -748.127352602488  delta_E= -2.69e-05  |g|= 0.00461  |ddm|= 0.0157
    CPU time for cycle= 6      7.41 sec, wall time      0.26 sec
  HOMO = -0.257980936072931  LUMO = -0.0296234175346034
  mo_energy =
[-1.01485194e+02 -1.43338002e+01 -1.02267491e+01 -1.02266767e+01
 -1.02113146e+01 -1.02061028e+01 -1.02020418e+01 -1.02020039e+01
 -9.41796276e+00 -7.18080469e+00 -7.17137063e+00 -7.17136003e+00
 -9.55986566e-01 -8.17701338e-01 -8.11902446e-01 -7.72025363e-01
 -6.53977468e-01 -6.43796382e-01 -6.34083643e-01 -5.38746129e-01
 -4.89322795e-01 -4.83854954e-01 -4.41843450e-01 -4.24811026e-01
 -4.21687758e-01 -4.14432606e-01 -4.06622109e-01 -3.79975751e-01
 -3.79026426e-01 -2.97707046e-01 -2.71424601e-01 -2.70940110e-01
 -2.70257909e-01 -2.57980936e-01 -2.96234175e-02 -2.15461423e-02
  5.61185493e-02  9.13046128e-02  1.20508175e-01  1.27520351e-01
  1.38333676e-01  1.48749085e-01  1.56536906e-01  1.71865375e-01
  1.76278868e-01  2.04626069e-01  2.51050353e-01  2.87357624e-01
  3.13017139e-01  3.13604598e-01  4.30745905e-01  4.39537605e-01
  4.47713805e-01  4.82618365e-01  4.82927589e-01  4.84215571e-01
  5.04889182e-01  5.28178604e-01  5.45785499e-01  5.70813222e-01
  5.77211902e-01  5.78027677e-01  5.88949282e-01  5.93104307e-01
  5.98169694e-01  6.03895924e-01  6.24313452e-01  6.46289911e-01
  6.80460798e-01  6.87767538e-01  7.40136754e-01  8.13840880e-01
  8.23797320e-01  8.39256729e-01  8.48542540e-01  8.52752301e-01
  8.80035911e-01  8.83115801e-01  9.05837225e-01  9.15626066e-01
  9.23175433e-01  9.32672594e-01  9.33964655e-01  9.73031314e-01
  9.77670300e-01  9.82728145e-01  1.02849548e+00  1.06500406e+00
  1.07799200e+00  1.11903960e+00  1.15914591e+00  1.20339034e+00
  1.21824305e+00  1.24133812e+00  1.36827890e+00  1.39122069e+00
  1.45196905e+00  1.46012432e+00  1.47571912e+00  1.50994893e+00
  1.51374232e+00  1.51505121e+00  1.69796327e+00  1.70942847e+00
  1.70946456e+00  1.76058451e+00  1.82218700e+00  1.83493451e+00
  1.93131960e+00  1.95919657e+00  2.05462731e+00  2.12220950e+00
  2.12282344e+00  2.16599004e+00  2.16825622e+00  2.20786756e+00
  2.21667250e+00  2.25117059e+00  2.26510984e+00  2.28280010e+00
  2.32391623e+00  2.36749852e+00  2.54056653e+00  2.55065312e+00
  2.65486466e+00  2.67978317e+00  2.69239585e+00  2.71458561e+00
  2.78027972e+00  2.78362861e+00  3.03892006e+00  3.39720009e+00]
nelec by numeric integration = 68.00002740915718
    CPU time for vxc      6.00 sec, wall time      0.21 sec
E1 = -1768.6000254848022  Ecoul = 715.4162067642225  Exc = -70.51554247667559
cycle= 7 E= -748.1273585098  delta_E= -5.91e-06  |g|= 0.000493  |ddm|= 0.00472
    CPU time for cycle= 7      6.78 sec, wall time      0.24 sec
  HOMO = -0.257955319052906  LUMO = -0.0296137707295964
  mo_energy =
[-1.01485439e+02 -1.43337667e+01 -1.02266787e+01 -1.02266246e+01
 -1.02114451e+01 -1.02063075e+01 -1.02019306e+01 -1.02019065e+01
 -9.41815241e+00 -7.18100248e+00 -7.17156462e+00 -7.17155402e+00
 -9.55955641e-01 -8.17782813e-01 -8.11906169e-01 -7.71981341e-01
 -6.54041131e-01 -6.43773702e-01 -6.34064022e-01 -5.38734279e-01
 -4.89297289e-01 -4.83829744e-01 -4.41809744e-01 -4.24852296e-01
 -4.21735399e-01 -4.14447828e-01 -4.06604145e-01 -3.80049772e-01
 -3.79012289e-01 -2.97705239e-01 -2.71406168e-01 -2.71014556e-01
 -2.70309710e-01 -2.57955319e-01 -2.96137707e-02 -2.15130796e-02
  5.60556116e-02  9.12932128e-02  1.20502177e-01  1.27527872e-01
  1.38356265e-01  1.48750425e-01  1.56537379e-01  1.71843213e-01
  1.76284498e-01  2.04623273e-01  2.51060189e-01  2.87366658e-01
  3.13034573e-01  3.13629772e-01  4.30679222e-01  4.39551256e-01
  4.47725475e-01  4.82565668e-01  4.82874350e-01  4.84181245e-01
  5.04907445e-01  5.28188635e-01  5.45748744e-01  5.70791758e-01
  5.77236343e-01  5.78060493e-01  5.88959188e-01  5.93095614e-01
  5.98170452e-01  6.03904376e-01  6.24319333e-01  6.46319151e-01
  6.80465579e-01  6.87786128e-01  7.40136209e-01  8.13867483e-01
  8.23780210e-01  8.39278429e-01  8.48569470e-01  8.52758684e-01
  8.79975135e-01  8.83049988e-01  9.05803616e-01  9.15615703e-01
  9.23137121e-01  9.32598474e-01  9.33940107e-01  9.73016362e-01
  9.77604147e-01  9.82676175e-01  1.02851738e+00  1.06498658e+00
  1.07798498e+00  1.11904309e+00  1.15915357e+00  1.20340865e+00
  1.21819799e+00  1.24136266e+00  1.36830362e+00  1.39122941e+00
  1.45198652e+00  1.46014136e+00  1.47573331e+00  1.50998753e+00
  1.51376783e+00  1.51505156e+00  1.69798761e+00  1.70934739e+00
  1.70938848e+00  1.76060680e+00  1.82220444e+00  1.83495029e+00
  1.93132524e+00  1.95923345e+00  2.05464552e+00  2.12223527e+00
  2.12285938e+00  2.16599662e+00  2.16829023e+00  2.20786867e+00
  2.21661651e+00  2.25110554e+00  2.26504670e+00  2.28283929e+00
  2.32392002e+00  2.36752793e+00  2.54060040e+00  2.55066737e+00
  2.65489491e+00  2.67980177e+00  2.69242486e+00  2.71462251e+00
  2.78028907e+00  2.78365619e+00  3.03895112e+00  3.39722823e+00]
nelec by numeric integration = 68.0000274136197
    CPU time for vxc      5.85 sec, wall time      0.21 sec
E1 = -1768.6015932179187  Ecoul = 715.4179162547367  Exc = -70.51568429452256
cycle= 8 E= -748.127358570249  delta_E= -6.04e-08  |g|= 0.000179  |ddm|= 0.000642
    CPU time for cycle= 8      6.36 sec, wall time      0.23 sec
  HOMO = -0.25795581594272  LUMO = -0.0296073265513918
  mo_energy =
[-1.01485443e+02 -1.43337667e+01 -1.02266700e+01 -1.02266046e+01
 -1.02113918e+01 -1.02062804e+01 -1.02019655e+01 -1.02019310e+01
 -9.41814967e+00 -7.18100171e+00 -7.17156198e+00 -7.17155140e+00
 -9.55952726e-01 -8.17772233e-01 -8.11899915e-01 -7.71983193e-01
 -6.54033159e-01 -6.43774067e-01 -6.34060396e-01 -5.38729265e-01
 -4.89295370e-01 -4.83835381e-01 -4.41812971e-01 -4.24843168e-01
 -4.21725907e-01 -4.14437374e-01 -4.06600901e-01 -3.80043802e-01
 -3.79011509e-01 -2.97698894e-01 -2.71407186e-01 -2.71009140e-01
 -2.70305953e-01 -2.57955816e-01 -2.96073266e-02 -2.15155709e-02
  5.60626245e-02  9.12960751e-02  1.20505904e-01  1.27528704e-01
  1.38357450e-01  1.48750104e-01  1.56540670e-01  1.71849084e-01
  1.76284194e-01  2.04626971e-01  2.51062822e-01  2.87369768e-01
  3.13034684e-01  3.13629373e-01  4.30676540e-01  4.39552134e-01
  4.47727183e-01  4.82569687e-01  4.82878412e-01  4.84186943e-01
  5.04910047e-01  5.28190713e-01  5.45755595e-01  5.70797050e-01
  5.77234303e-01  5.78057746e-01  5.88961571e-01  5.93104899e-01
  5.98176134e-01  6.03907054e-01  6.24322566e-01  6.46317070e-01
  6.80467307e-01  6.87788496e-01  7.40141484e-01  8.13867752e-01
  8.23790630e-01  8.39277650e-01  8.48563004e-01  8.52761610e-01
  8.79982055e-01  8.83057072e-01  9.05808474e-01  9.15618810e-01
  9.23143066e-01  9.32605635e-01  9.33944173e-01  9.73020613e-01
  9.77608526e-01  9.82680983e-01  1.02851764e+00  1.06498994e+00
  1.07798738e+00  1.11904668e+00  1.15915414e+00  1.20340756e+00
  1.21820249e+00  1.24136429e+00  1.36830544e+00  1.39123184e+00
  1.45198699e+00  1.46014088e+00  1.47573861e+00  1.50998928e+00
  1.51377028e+00  1.51505512e+00  1.69798759e+00  1.70936188e+00
  1.70940234e+00  1.76060980e+00  1.82220744e+00  1.83495376e+00
  1.93132840e+00  1.95923092e+00  2.05465069e+00  2.12223581e+00
  2.12285820e+00  2.16600049e+00  2.16829236e+00  2.20787523e+00
  2.21662798e+00  2.25111816e+00  2.26505930e+00  2.28283717e+00
  2.32392584e+00  2.36753023e+00  2.54059986e+00  2.55067174e+00
  2.65489462e+00  2.67980538e+00  2.69242581e+00  2.71462127e+00
  2.78029455e+00  2.78365845e+00  3.03895341e+00  3.39722983e+00]
nelec by numeric integration = 68.00002741319138
    CPU time for vxc      5.86 sec, wall time      0.21 sec
E1 = -1768.6012130427034  Ecoul = 715.4175154736713  Exc = -70.5156636957394
cycle= 9 E= -748.127358577317  delta_E= -7.07e-09  |g|= 4.72e-05  |ddm|= 0.000162
    CPU time for cycle= 9      6.40 sec, wall time      0.23 sec
  HOMO = -0.257961206438047  LUMO = -0.0296125363994777
  mo_energy =
[-1.01485415e+02 -1.43337742e+01 -1.02266731e+01 -1.02266155e+01
 -1.02114087e+01 -1.02062696e+01 -1.02019641e+01 -1.02019371e+01
 -9.41812529e+00 -7.18097699e+00 -7.17153712e+00 -7.17152654e+00
 -9.55958140e-01 -8.17763627e-01 -8.11904753e-01 -7.71987033e-01
 -6.54028774e-01 -6.43778548e-01 -6.34064450e-01 -5.38733287e-01
 -4.89300559e-01 -4.83837689e-01 -4.41815675e-01 -4.24842324e-01
 -4.21724515e-01 -4.14441324e-01 -4.06604680e-01 -3.80036807e-01
 -3.79015436e-01 -2.97704061e-01 -2.71407838e-01 -2.70998739e-01
 -2.70298516e-01 -2.57961206e-01 -2.96125364e-02 -2.15192118e-02
  5.60680738e-02  9.12951369e-02  1.20504625e-01  1.27527523e-01
  1.38353179e-01  1.48748930e-01  1.56538331e-01  1.71848975e-01
  1.76283147e-01  2.04625421e-01  2.51059486e-01  2.87366233e-01
  3.13031444e-01  3.13625573e-01  4.30686232e-01  4.39550061e-01
  4.47724564e-01  4.82577033e-01  4.82885818e-01  4.84190850e-01
  5.04906460e-01  5.28187096e-01  5.45757193e-01  5.70797704e-01
  5.77231463e-01  5.78055087e-01  5.88957630e-01  5.93101183e-01
  5.98172571e-01  6.03903534e-01  6.24319436e-01  6.46314229e-01
  6.80463641e-01  6.87785745e-01  7.40139013e-01  8.13865133e-01
  8.23785848e-01  8.39275050e-01  8.48560966e-01  8.52758506e-01
  8.79988751e-01  8.83064589e-01  9.05809612e-01  9.15618167e-01
  9.23146689e-01  9.32614978e-01  9.33945437e-01  9.73021346e-01
  9.77616064e-01  9.82685802e-01  1.02851419e+00  1.06499038e+00
  1.07798682e+00  1.11904400e+00  1.15915131e+00  1.20340451e+00
  1.21820658e+00  1.24135921e+00  1.36830092e+00  1.39122806e+00
  1.45198386e+00  1.46013593e+00  1.47573340e+00  1.50998521e+00
  1.51376480e+00  1.51505174e+00  1.69798310e+00  1.70936544e+00
  1.70940554e+00  1.76060589e+00  1.82220264e+00  1.83494872e+00
  1.93132386e+00  1.95922750e+00  2.05464562e+00  2.12223120e+00
  2.12285416e+00  2.16599491e+00  2.16828813e+00  2.20787158e+00
  2.21663018e+00  2.25112006e+00  2.26506099e+00  2.28283345e+00
  2.32391973e+00  2.36752530e+00  2.54059589e+00  2.55066641e+00
  2.65488981e+00  2.67980040e+00  2.69242068e+00  2.71461677e+00
  2.78028863e+00  2.78365325e+00  3.03894805e+00  3.39722469e+00]
nelec by numeric integration = 68.00002741281348
    CPU time for vxc      5.82 sec, wall time      0.21 sec
E1 = -1768.6010935735972  Ecoul = 715.4173854537676  Exc = -70.51565314555518
cycle= 10 E= -748.12735857793  delta_E= -6.13e-10  |g|= 1.6e-05  |ddm|= 8.01e-05
    CPU time for cycle= 10      6.34 sec, wall time      0.23 sec
  HOMO = -0.257961199903498  LUMO = -0.0296110771402497
  mo_energy =
[-1.01485428e+02 -1.43337764e+01 -1.02266728e+01 -1.02266050e+01
 -1.02114026e+01 -1.02062712e+01 -1.02019697e+01 -1.02019327e+01
 -9.41813628e+00 -7.18098818e+00 -7.17154833e+00 -7.17153775e+00
 -9.55956646e-01 -8.17767757e-01 -8.11903644e-01 -7.71985448e-01
 -6.54030133e-01 -6.43777215e-01 -6.34062919e-01 -5.38731736e-01
 -4.89298914e-01 -4.83836932e-01 -4.41814490e-01 -4.24842747e-01
 -4.21725004e-01 -4.14440338e-01 -4.06603497e-01 -3.80039475e-01
 -3.79013977e-01 -2.97702809e-01 -2.71407521e-01 -2.71002952e-01
 -2.70301543e-01 -2.57961200e-01 -2.96110771e-02 -2.15178269e-02
  5.60660978e-02  9.12952892e-02  1.20505277e-01  1.27527941e-01
  1.38354462e-01  1.48749097e-01  1.56539151e-01  1.71848760e-01
  1.76282827e-01  2.04626539e-01  2.51060491e-01  2.87367308e-01
  3.13032421e-01  3.13626651e-01  4.30683558e-01  4.39550382e-01
  4.47725562e-01  4.82574042e-01  4.82882811e-01  4.84188472e-01
  5.04907987e-01  5.28187988e-01  5.45756411e-01  5.70797331e-01
  5.77232620e-01  5.78056134e-01  5.88958873e-01  5.93102785e-01
  5.98173528e-01  6.03904799e-01  6.24319960e-01  6.46315350e-01
  6.80464573e-01  6.87787083e-01  7.40139918e-01  8.13866701e-01
  8.23787312e-01  8.39275971e-01  8.48561414e-01  8.52758604e-01
  8.79985914e-01  8.83061329e-01  9.05809149e-01  9.15617877e-01
  9.23145305e-01  9.32611078e-01  9.33944910e-01  9.73021040e-01
  9.77612879e-01  9.82683944e-01  1.02851502e+00  1.06498999e+00
  1.07798699e+00  1.11904495e+00  1.15915216e+00  1.20340522e+00
  1.21820434e+00  1.24136084e+00  1.36830254e+00  1.39122869e+00
  1.45198503e+00  1.46013713e+00  1.47573534e+00  1.50998723e+00
  1.51376611e+00  1.51505205e+00  1.69798409e+00  1.70936431e+00
  1.70940451e+00  1.76060723e+00  1.82220421e+00  1.83494991e+00
  1.93132502e+00  1.95922890e+00  2.05464764e+00  2.12223273e+00
  2.12285568e+00  2.16599631e+00  2.16828992e+00  2.20787276e+00
  2.21662928e+00  2.25111959e+00  2.26506066e+00  2.28283504e+00
  2.32392129e+00  2.36752685e+00  2.54059744e+00  2.55066787e+00
  2.65489126e+00  2.67980196e+00  2.69242223e+00  2.71461838e+00
  2.78029014e+00  2.78365494e+00  3.03894960e+00  3.39722630e+00]
nelec by numeric integration = 68.00002741301827
    CPU time for vxc      5.98 sec, wall time      0.21 sec
E1 = -1768.601175786125  Ecoul = 715.4174745073681  Exc = -70.51565998655309
Extra cycle  E= -748.127358577855  delta_E= 7.48e-11  |g|= 2.29e-05  |ddm|= 3.97e-05
    CPU time for scf_cycle     88.42 sec, wall time      3.46 sec
    CPU time for SCF     88.43 sec, wall time      3.46 sec
converged SCF energy = -748.127358577855
Converting <class 'pyscf.dft.rks.RKS'> to RHF


******** <class 'pyscf.tdscf.rks.TDA'> for <class 'pyscf.dft.rks.RKS'> ********
nstates = 5 singlet
wfnsym = None
conv_tol = 1e-09
eigh lindep = 1e-12
eigh level_shift = 0
eigh max_space = 8
eigh max_cycle = 2000
chkfile = /scratch/global/yangjunjie/tmpoa3nnh7z
max_memory 127949 MB (current use 596 MB)


davidson 0 5  |r|= 0.191  e= [0.1843081  0.18647206 0.22197021 0.22312087 0.27753849]  max|de|= 0.278  lindep=    1
Old state -> New state
    4     ->     2 
    2     ->     3 
    3     ->     4 
davidson 1 10  |r|= 0.0555  e= [0.18150194 0.18550572 0.21820315 0.22182063 0.22195571]  max|de|= -0.0593  lindep= 0.727
Old state -> New state
    4     ->     3 
    3     ->     4 
davidson 2 15  |r|= 0.0199  e= [0.18137477 0.18547615 0.21192334 0.22181185 0.22181977]  max|de|= -0.00628  lindep= 0.758
davidson 3 20  |r|= 0.00674  e= [0.18137149 0.18547546 0.21141873 0.22178065 0.22181964]  max|de|= -0.000505  lindep= 0.742
davidson 4 5  |r|= 0.00674  e= [0.18137149 0.18547546 0.21141873 0.22178065 0.22181964]  max|de|= 2.78e-16  lindep=    1
davidson 5 10  |r|= 0.00204  e= [0.18137137 0.18547544 0.21136892 0.22177834 0.22181959]  max|de|= -4.98e-05  lindep= 0.635
root 1 converged  |r|= 3.22e-06  e= 0.18547544307322303  max|de|= -4.84e-10
davidson 6 15  |r|= 0.00163  e= [0.18137136 0.18547544 0.21134994 0.22177751 0.22181954]  max|de|= -1.9e-05  lindep= 0.689
root 0 converged  |r|= 3.08e-06  e= 0.18137136445783728  max|de|= -2.42e-10
davidson 7 19  |r|= 0.000834  e= [0.18137136 0.18547544 0.21134374 0.221777   0.22181952]  max|de|= -6.2e-06  lindep= 0.858
root 4 converged  |r|= 2.93e-05  e= 0.22181951730266047  max|de|= 1.67e-16
davidson 8 5  |r|= 0.000834  e= [0.18137136 0.18547544 0.21134374 0.221777   0.22181952]  max|de|= 2.5e-16  lindep= 0.973
davidson 9 7  |r|= 0.0003  e= [0.18137136 0.18547544 0.21134311 0.2217769  0.22181952]  max|de|= -6.26e-07  lindep= 0.925
davidson 10 9  |r|= 0.000162  e= [0.18137136 0.18547544 0.21134284 0.22177685 0.22181952]  max|de|= -2.69e-07  lindep= 0.74
davidson 11 11  |r|= 7.02e-05  e= [0.18137136 0.18547544 0.2113428  0.22177684 0.22181952]  max|de|= -4.41e-08  lindep= 0.698
davidson 12 13  |r|= 5.96e-05  e= [0.18137136 0.18547544 0.21134279 0.22177683 0.22181952]  max|de|= -1.35e-08  lindep= 0.647
davidson 13 15  |r|= 2.96e-05  e= [0.18137136 0.18547544 0.21134278 0.22177682 0.22181952]  max|de|= -6.48e-09  lindep= 0.704
root 2 converged  |r|= 7.44e-06  e= 0.21134278174372043  max|de|= -5e-10
davidson 14 17  |r|= 2.93e-05  e= [0.18137136 0.18547544 0.21134278 0.22177682 0.22181952]  max|de|= -1.26e-09  lindep= 0.815
root 3 converged  |r|= 1.24e-05  e= 0.22177681755248  max|de|= -4.72e-16
converged 15 5  |r|= 2.93e-05  e= [0.18137136 0.18547544 0.21134278 0.22177682 0.22181952]  max|de|= -4.72e-16
    CPU time for TDA    178.80 sec, wall time      6.55 sec
Excited State energies (eV)
[4.93536621 5.04704388 5.75093002 6.03485459 6.03601651]
