 
:: initializing oneAPI environment ...
   slurm_script: BASH_VERSION = 4.2.46(1)-release
   args: Using "$@" for setvars.sh arguments: --force
:: advisor -- latest
:: ccl -- latest
:: clck -- latest
:: compiler -- latest
:: dal -- latest
:: debugger -- latest
:: dev-utilities -- latest
:: dnnl -- latest
:: dpcpp-ct -- latest
:: dpl -- latest
:: inspector -- latest
:: intelpython -- latest
:: ipp -- latest
:: ippcp -- latest
:: ipp -- latest
:: itac -- latest
:: mkl -- latest
:: mpi -- latest
:: tbb -- latest
:: vpl -- latest
:: vtune -- latest
:: oneAPI environment initialized ::
 
SLURM_CPUS_PER_TASK = 28
SLURM_MEM_PER_NODE = 127949
#INFO: **** input file is /home/yangjunjie/work/py-ch3-cl/work/step_-9/main.py ****
import sys
import pyscf
from pyscf import tdscf

def main(xyz_file, basis="631g*", xc="b3lyp", output="ene.out"):
    xyz = None

    with open(xyz_file, "r") as xyz:
        xyz = xyz.readlines()[2:]
        xyz = "".join(xyz)

    mol = pyscf.gto.Mole()
    mol.atom = xyz
    mol.basis = basis
    mol.verbose = 5
    mol.build()

    if xc is not None and xc != "hf":
        mf = pyscf.scf.RKS(mol)
        mf.xc = xc
        mf.kernel()
    else:
        mf = pyscf.scf.RHF(mol)
        mf.kernel()

    ene_mf = mf.e_tot

    with open(output, "w") as f:
        tda = pyscf.tdscf.TDA(mf)
        tda.nstates = 5
        tda.max_space = 8
        tda.max_cycle = 2000
        tda.kernel()

        con_tda = tda.converged
        ene_tda = tda.e[:5]
        dip_tda = tda.transition_dipole()[:5]

        f.write(f"RKS energy: {ene_mf: 12.8f}\n")
        f.write("TDA results:\n")
        for i, (con, ene, dip) in enumerate(zip(con_tda, ene_tda, dip_tda)):
            f.write(f" {i:2d} {con} {ene: 12.8f} {dip[0]: 12.8f} {dip[1]: 12.8f} {dip[2]: 12.8f}\n")

        # rpa = pyscf.tdscf.RPA(mf)
        # rpa.nstates = 5
        # rpa.max_space = 8
        # rpa.max_cycle = 2000
        # rpa.kernel()

        # con_rpa = rpa.converged
        # ene_rpa = rpa.e[:5]
        # dip_rpa = rpa.transition_dipole()[:5]
        
        # f.write("\nRPA results:\n")
        # for i, (con, ene, dip) in enumerate(zip(con_rpa, ene_rpa, dip_rpa)):
        #     f.write(f" {i:2d} {con} {ene: 12.8f} {dip[0]: 12.8f} {dip[1]: 12.8f} {dip[2]: 12.8f}\n")

if __name__ == "__main__":
    xyz = sys.argv[1]
    main(xyz, basis="631g*", xc="b3lyp", output="out.log")
#INFO: ******************** input file end ********************


System: uname_result(system='Linux', node='pauling040', release='3.10.0-327.36.3.el7.x86_64', version='#1 SMP Thu Oct 20 04:56:07 EDT 2016', machine='x86_64')  Threads 28
Python 3.9.7 (default, Oct 27 2021, 01:23:21) 
[GCC 9.3.0]
numpy 1.21.2  scipy 1.6.2
Date: Tue Sep 27 23:37:31 2022
PySCF version 2.0.1
PySCF path  /home/yangjunjie/packages/pyscf/pyscf-main
GIT ORIG_HEAD 14b880cdc4bf7bb64f3989a147c0b04622efc498
GIT HEAD (branch master) 9d5b5bd309d1cc55fbd1a0ec76e26b5b0c7f76af

[ENV] PYSCF_MAX_MEMORY 127949
[ENV] PYSCF_TMPDIR /scratch/global/yangjunjie/
[CONFIG] conf_file /home/yangjunjie/.pyscf_conf.py
[INPUT] verbose = 5
[INPUT] max_memory = 127949 
[INPUT] num. atoms = 16
[INPUT] num. electrons = 68
[INPUT] charge = 0
[INPUT] spin (= nelec alpha-beta = 2S) = 0
[INPUT] symmetry False subgroup None
[INPUT] Mole.unit = angstrom
[INPUT]  1 C      0.000000010000   1.161814110000   1.108082870000 AA    0.000000018897   2.195510475555   2.093973147622 Bohr
[INPUT]  2 C      0.000000000000   1.197047260000   2.467045750000 AA    0.000000000000   2.262091479561   4.662040804272 Bohr
[INPUT]  3 C     -0.000000010000  -0.012351220000   3.176808600000 AA   -0.000000018897  -0.023340423104   6.003298204163 Bohr
[INPUT]  4 C     -0.000000010000  -1.210092440000   2.442367220000 AA   -0.000000018897  -2.286743297007   4.615405141415 Bohr
[INPUT]  5 C      0.000000000000  -1.145142930000   1.085427300000 AA    0.000000000000  -2.164006511182   2.051160325126 Bohr
[INPUT]  6 N      0.000000010000   0.013081130000   0.418038370000 AA    0.000000018897   0.024719753100   0.789978028860 Bohr
[INPUT]  7 C      0.000000000000   0.002393020000  -2.059279250000 AA    0.000000000000   0.004522152411  -3.891473796500 Bohr
[INPUT]  8 H      0.000000020000   2.064637670000   0.487292630000 AA    0.000000037795   3.901599742760   0.920849613219 Bohr
[INPUT]  9 H      0.000000000000   2.154540720000   2.997125450000 AA    0.000000000000   4.071491885023   5.663746261464 Bohr
[INPUT] 10 H     -0.000000010000  -0.023415980000   4.246178930000 AA   -0.000000018897  -0.044249789138   8.024115253599 Bohr
[INPUT] 11 H     -0.000000020000  -2.176507750000   2.955035990000 AA   -0.000000037795  -4.113003555493   5.584208709333 Bohr
[INPUT] 12 H      0.000000000000  -2.037146990000   0.445094050000 AA    0.000000000000  -3.849649886582   0.841105854173 Bohr
[INPUT] 13 H     -0.000000030000   1.036450280000  -1.713716900000 AA   -0.000000056692   1.958607170929  -3.238455596039 Bohr
[INPUT] 14 H     -0.894975600000  -0.507927590000  -1.701682810000 AA   -1.691258772168  -0.959844036210  -3.215714461780 Bohr
[INPUT] 15 H      0.894975630000  -0.507927550000  -1.701682820000 AA    1.691258828860  -0.959843960621  -3.215714480678 Bohr
[INPUT] 16 Cl    -0.000000010000  -0.001189140000  -3.878389890000 AA   -0.000000018897  -0.002247148924  -7.329094696382 Bohr
[INPUT] ---------------- BASIS SET ---------------- 
[INPUT] l, kappa, [nprim/nctr], expnt,             c_1 c_2 ...
[INPUT] N
[INPUT] 0    0    [6    /1   ]  4173.511          0.0018348
                                627.4579          0.013995
                                142.9021          0.068587
                                40.23433          0.232241
                                12.82021          0.46907
                                4.390437          0.360455
[INPUT] 0    0    [3    /1   ]  11.626358         -0.114961
                                2.71628           -0.169118
                                0.772218          1.145852
[INPUT] 0    0    [1    /1   ]  0.2120313            1
[INPUT] 1    0    [3    /1   ]  11.626358         0.06758
                                2.71628           0.323907
                                0.772218          0.740895
[INPUT] 1    0    [1    /1   ]  0.2120313            1
[INPUT] 2    0    [1    /1   ]  0.8                  1
[INPUT] H
[INPUT] 0    0    [3    /1   ]  18.731137         0.0334946
                                2.8253937         0.23472695
                                0.6401217         0.81375733
[INPUT] 0    0    [1    /1   ]  0.1612778            1
[INPUT] Cl
[INPUT] 0    0    [6    /1   ]  25180.1           0.001833
                                3780.35           0.014034
                                860.474           0.069097
                                242.145           0.237452
                                77.3349           0.483034
                                26.247            0.339856
[INPUT] 0    0    [6    /1   ]  491.765           -0.0022974
                                116.984           -0.030714
                                37.4153           -0.112528
                                13.7834           0.045016
                                5.45215           0.589353
                                2.22588           0.465206
[INPUT] 0    0    [3    /1   ]  3.18649           -0.25183
                                1.14427           0.061589
                                0.420377          1.06018
[INPUT] 0    0    [1    /1   ]  0.142657             1
[INPUT] 1    0    [6    /1   ]  491.765           0.0039894
                                116.984           0.030318
                                37.4153           0.12988
                                13.7834           0.327951
                                5.45215           0.453527
                                2.22588           0.252154
[INPUT] 1    0    [3    /1   ]  3.18649           -0.014299
                                1.14427           0.323572
                                0.420377          0.743507
[INPUT] 1    0    [1    /1   ]  0.142657             1
[INPUT] 2    0    [1    /1   ]  0.75                 1
[INPUT] C
[INPUT] 0    0    [6    /1   ]  3047.5249         0.0018347
                                457.36951         0.0140373
                                103.94869         0.0688426
                                29.210155         0.2321844
                                9.286663          0.4679413
                                3.163927          0.362312
[INPUT] 0    0    [3    /1   ]  7.8682724         -0.1193324
                                1.8812885         -0.1608542
                                0.5442493         1.1434564
[INPUT] 0    0    [1    /1   ]  0.1687144            1
[INPUT] 1    0    [3    /1   ]  7.8682724         0.0689991
                                1.8812885         0.316424
                                0.5442493         0.7443083
[INPUT] 1    0    [1    /1   ]  0.1687144            1
[INPUT] 2    0    [1    /1   ]  0.8                  1

nuclear repulsion = 379.623048849582
number of shells = 66
number of NR pGTOs = 272
number of NR cGTOs = 132
basis = 631g*
ecp = {}
CPU time:         0.33


******** <class 'pyscf.dft.rks.RKS'> ********
method = RKS
initial guess = minao
damping factor = 0
level_shift factor = 0
DIIS = <class 'pyscf.scf.diis.CDIIS'>
diis_start_cycle = 1
diis_space = 8
SCF conv_tol = 1e-09
SCF conv_tol_grad = None
SCF max_cycles = 50
direct_scf = True
direct_scf_tol = 1e-13
chkfile to save SCF result = /scratch/global/yangjunjie/tmpszgmadnh
max_memory 127949 MB (current use 81 MB)
XC library pyscf.dft.libxc version 5.2.0
    S. Lehtola, C. Steigemann, M. J. Oliveira, and M. A. Marques, SoftwareX 7, 1 (2018)
XC functionals = b3lyp
    P. A. M. Dirac, Math. Proc. Cambridge Philos. Soc. 26, 376 (1930)
    F. Bloch, Z. Phys. 57, 545 (1929)
    A. D. Becke, Phys. Rev. A 38, 3098 (1988)
    C. Lee, W. Yang, and R. G. Parr, Phys. Rev. B 37, 785 (1988)
    B. Miehlich, A. Savin, H. Stoll, and H. Preuss, Chem. Phys. Lett. 157, 200 (1989)
    S. H. Vosko, L. Wilk, and M. Nusair, Can. J. Phys. 58, 1200 (1980)
radial grids: 
    Treutler-Ahlrichs [JCP 102, 346 (1995); DOI:10.1063/1.469408] (M4) radial grids
    
becke partition: Becke, JCP 88, 2547 (1988); DOI:10.1063/1.454033
pruning grids: <function nwchem_prune at 0x7f1c8db34ee0>
grids dens level: 3
symmetrized grids: False
atomic radii adjust function: <function treutler_atomic_radii_adjust at 0x7f1c8db34e50>
small_rho_cutoff = 1e-07
Set gradient conv threshold to 3.16228e-05
atom C rad-grids = 75, ang-grids = [ 50  50  50  50  50  50  50  50  50  50  50  50  50  50  50  50  50  50
  50  50  50  50  50  86  86  86  86  86  86  86  86  86  86 266 266 266
 266 266 266 266 302 302 302 302 302 302 302 302 302 302 302 302 302 302
 302 302 302 302 302 302 266 266 266 266 266 266 266 266 266 266 266 266
 266 266 266]
atom N rad-grids = 75, ang-grids = [ 50  50  50  50  50  50  50  50  50  50  50  50  50  50  50  50  50  50
  50  50  50  50  50  86  86  86  86  86  86  86  86  86 266 266 266 266
 266 266 266 302 302 302 302 302 302 302 302 302 302 302 302 302 302 302
 302 302 302 302 266 266 266 266 266 266 266 266 266 266 266 266 266 266
 266 266 266]
atom H rad-grids = 50, ang-grids = [ 50  50  50  50  50  50  50  50  50  50  50  50  50  50  86  86  86  86
 266 266 266 266 302 302 302 302 302 302 302 302 302 302 302 302 302 266
 266 266 266 266 266 266 266 266 266 266 266 266 266 266]
atom Cl rad-grids = 80, ang-grids = [ 50  50  50  50  50  50  50  50  50  50  50  50  50  50  50  50  50  50
  50  50  50  50  50  50  86  86  86  86  86  86  86  86  86  86  86  86
  86 350 350 350 350 350 350 350 350 350 434 434 434 434 434 434 434 434
 434 434 434 434 434 434 434 434 434 434 350 350 350 350 350 350 350 350
 350 350 350 350 350 350 350 350]
tot grids = 196530
Drop grids 33343
    CPU time for setting up grids      3.21 sec, wall time      0.12 sec
nelec by numeric integration = 67.97641799766888
    CPU time for vxc      6.09 sec, wall time      0.22 sec
E1 = -1772.4460280430974  Ecoul = 714.1517749545231  Exc = -70.38603301535743
init E= -749.057237254349
cond(S) = 6654.805796885242
    CPU time for initialize scf     16.38 sec, wall time      0.65 sec
  HOMO = -0.299844399475898  LUMO = -0.104239251786018
  mo_energy =
[-1.01597265e+02 -1.44054696e+01 -1.02929823e+01 -1.02926047e+01
 -1.02892634e+01 -1.02878996e+01 -1.02877654e+01 -1.02873962e+01
 -9.53822387e+00 -7.29412591e+00 -7.29290827e+00 -7.29290758e+00
 -1.10177578e+00 -9.37266652e-01 -9.26958558e-01 -8.94277858e-01
 -7.57541853e-01 -7.11440171e-01 -7.06059800e-01 -5.78403679e-01
 -5.32342595e-01 -5.04839717e-01 -4.72906400e-01 -4.72572742e-01
 -4.64213967e-01 -4.63963048e-01 -4.37123207e-01 -4.31883219e-01
 -3.87862545e-01 -3.43892362e-01 -3.42359144e-01 -3.20817840e-01
 -3.01745426e-01 -2.99844399e-01 -1.04239252e-01 -7.29069920e-02
 -3.05461849e-02  5.01168907e-02  7.10970384e-02  7.63365934e-02
  8.50713085e-02  1.09467591e-01  1.20195293e-01  1.23737535e-01
  1.42561136e-01  1.65932270e-01  1.97613471e-01  2.36598051e-01
  2.63375098e-01  2.73719170e-01  3.59710234e-01  3.91392375e-01
  4.01724781e-01  4.14868270e-01  4.15068556e-01  4.26320864e-01
  4.63006746e-01  4.76272103e-01  4.89263664e-01  5.13422752e-01
  5.20068332e-01  5.37550111e-01  5.37751249e-01  5.53712283e-01
  5.54617394e-01  5.58036615e-01  5.79883886e-01  6.09334094e-01
  6.38458765e-01  6.40984861e-01  7.01906888e-01  7.60504231e-01
  7.70250463e-01  7.84582534e-01  7.89073585e-01  7.93000031e-01
  7.96886362e-01  8.02848660e-01  8.23765940e-01  8.38948687e-01
  8.48551043e-01  8.67284902e-01  8.79087688e-01  8.99369351e-01
  9.13166567e-01  9.31792678e-01  9.77319776e-01  1.01156107e+00
  1.04532628e+00  1.08354162e+00  1.12590171e+00  1.16041785e+00
  1.17176992e+00  1.17809236e+00  1.30852749e+00  1.34587661e+00
  1.40445462e+00  1.40636629e+00  1.42032684e+00  1.44874118e+00
  1.45534874e+00  1.51118478e+00  1.62818180e+00  1.63007810e+00
  1.65192617e+00  1.70248499e+00  1.75724522e+00  1.78497111e+00
  1.85714864e+00  1.87788347e+00  1.99129057e+00  2.06397630e+00
  2.08213979e+00  2.09128956e+00  2.11076041e+00  2.12603402e+00
  2.14390633e+00  2.16355547e+00  2.17952023e+00  2.22840509e+00
  2.25293767e+00  2.30502326e+00  2.47796881e+00  2.48926317e+00
  2.60331403e+00  2.60948377e+00  2.63061785e+00  2.66004523e+00
  2.68857672e+00  2.70389978e+00  2.96395088e+00  3.32620995e+00]
nelec by numeric integration = 68.0000381047113
    CPU time for vxc      5.97 sec, wall time      0.21 sec
E1 = -1780.6576544190516  Ecoul = 723.7860252018928  Exc = -70.82827571125661
cycle= 1 E= -748.076856078833  delta_E= 0.98  |g|= 0.381  |ddm|= 3.96
    CPU time for cycle= 1      6.51 sec, wall time      0.23 sec
  HOMO = -0.19382279166661  LUMO = 0.00435742728531788
  mo_energy =
[-1.01346388e+02 -1.41945560e+01 -1.01803862e+01 -1.01788910e+01
 -1.01465483e+01 -1.01457154e+01 -1.00954513e+01 -1.00954057e+01
 -9.30327787e+00 -7.06395987e+00 -7.05421998e+00 -7.05421098e+00
 -8.95864879e-01 -7.69496508e-01 -7.60020282e-01 -7.36851370e-01
 -6.15588730e-01 -6.03954371e-01 -5.98342605e-01 -5.14553198e-01
 -4.53227957e-01 -4.39472701e-01 -4.15345537e-01 -3.97295009e-01
 -3.94207802e-01 -3.84344606e-01 -3.64947954e-01 -3.34986838e-01
 -3.34833952e-01 -2.48238920e-01 -2.42545784e-01 -2.21039351e-01
 -2.20097293e-01 -1.93822792e-01  4.35742729e-03  2.07474552e-02
  8.30374433e-02  1.12858359e-01  1.29078877e-01  1.39204907e-01
  1.59329890e-01  1.65075724e-01  1.78821916e-01  1.82920818e-01
  1.86926953e-01  2.17955417e-01  2.76753229e-01  3.08422690e-01
  3.48934231e-01  3.52971228e-01  4.62368651e-01  4.73249923e-01
  4.86470382e-01  5.18756959e-01  5.19238603e-01  5.23639302e-01
  5.32022613e-01  5.63023715e-01  5.74916925e-01  5.99705652e-01
  6.01934556e-01  6.06942860e-01  6.20788969e-01  6.21326607e-01
  6.27186840e-01  6.30300926e-01  6.78099694e-01  6.79195911e-01
  7.12180521e-01  7.31020181e-01  7.94642491e-01  8.31825203e-01
  8.48801256e-01  8.58959555e-01  8.75356148e-01  9.00606860e-01
  9.10257009e-01  9.20699550e-01  9.27779291e-01  9.47477920e-01
  9.55017703e-01  9.81983847e-01  9.85177921e-01  1.00962511e+00
  1.03049459e+00  1.03059200e+00  1.06142866e+00  1.09935530e+00
  1.11372574e+00  1.14762025e+00  1.18580731e+00  1.24056904e+00
  1.27343214e+00  1.28766783e+00  1.41089075e+00  1.41586379e+00
  1.47599328e+00  1.50931286e+00  1.51751463e+00  1.54468299e+00
  1.56910591e+00  1.60619871e+00  1.74702459e+00  1.74794533e+00
  1.75029803e+00  1.79374866e+00  1.87714192e+00  1.89661180e+00
  1.96179483e+00  1.97935252e+00  2.10753759e+00  2.18218061e+00
  2.18748331e+00  2.20350997e+00  2.21799478e+00  2.24086358e+00
  2.25883930e+00  2.27400533e+00  2.28925955e+00  2.34631516e+00
  2.36175340e+00  2.41446269e+00  2.58798376e+00  2.59583932e+00
  2.71255977e+00  2.73942994e+00  2.74673522e+00  2.78527049e+00
  2.82281104e+00  2.82639235e+00  3.09390338e+00  3.45595313e+00]
nelec by numeric integration = 68.0000395682178
    CPU time for vxc      6.26 sec, wall time      0.24 sec
E1 = -1772.911688405382  Ecoul = 715.4470316451724  Exc = -70.23771726423169
cycle= 2 E= -748.079325174859  delta_E= -0.00247  |g|= 0.396  |ddm|= 0.985
    CPU time for cycle= 2      6.79 sec, wall time      0.25 sec
  HOMO = -0.260191278581868  LUMO = -0.0393511462665735
  mo_energy =
[-1.01465679e+02 -1.43608344e+01 -1.02164466e+01 -1.02161056e+01
 -1.02032698e+01 -1.02005512e+01 -1.02004097e+01 -1.01963693e+01
 -9.40030180e+00 -7.16298383e+00 -7.15351363e+00 -7.15350444e+00
 -9.61421190e-01 -8.13316496e-01 -8.06886726e-01 -7.78880782e-01
 -6.48789521e-01 -6.40661252e-01 -6.37536404e-01 -5.40254442e-01
 -4.91264965e-01 -4.76484452e-01 -4.45201617e-01 -4.22552492e-01
 -4.19976209e-01 -4.14661352e-01 -4.06861695e-01 -3.73685156e-01
 -3.69901972e-01 -2.96544143e-01 -2.79000379e-01 -2.63250888e-01
 -2.60729380e-01 -2.60191279e-01 -3.93511463e-02 -1.37520644e-02
  6.20753747e-02  9.17962380e-02  1.17946482e-01  1.24399690e-01
  1.39391293e-01  1.47198686e-01  1.56314068e-01  1.72726525e-01
  1.74477851e-01  2.06862919e-01  2.47313638e-01  2.84120740e-01
  3.18004825e-01  3.23996731e-01  4.39666149e-01  4.40176154e-01
  4.53770396e-01  4.89550314e-01  4.89912927e-01  4.90279669e-01
  5.02429648e-01  5.27558277e-01  5.50333215e-01  5.72234280e-01
  5.73891329e-01  5.81175780e-01  5.92897067e-01  5.94506495e-01
  5.97756344e-01  6.00899802e-01  6.37644009e-01  6.49059019e-01
  6.81265491e-01  7.01142619e-01  7.61725643e-01  8.10897245e-01
  8.23726382e-01  8.34097095e-01  8.47130637e-01  8.51463702e-01
  8.80479671e-01  8.86967137e-01  9.03247715e-01  9.15159560e-01
  9.25978073e-01  9.40376162e-01  9.42114770e-01  9.84255856e-01
  9.86632035e-01  9.94756454e-01  1.02340343e+00  1.07273999e+00
  1.08922537e+00  1.12268397e+00  1.16387702e+00  1.20861107e+00
  1.23831599e+00  1.23971388e+00  1.36774252e+00  1.38429790e+00
  1.45388868e+00  1.46863807e+00  1.46952606e+00  1.50462861e+00
  1.51395826e+00  1.56700515e+00  1.70466672e+00  1.71903711e+00
  1.71918195e+00  1.75774338e+00  1.83007071e+00  1.84617856e+00
  1.91983567e+00  1.94222105e+00  2.06337125e+00  2.13422027e+00
  2.14402993e+00  2.15592537e+00  2.17501801e+00  2.19561169e+00
  2.22525606e+00  2.25110671e+00  2.26577239e+00  2.29676901e+00
  2.31967944e+00  2.36572116e+00  2.54050358e+00  2.55440250e+00
  2.66837823e+00  2.68737882e+00  2.69910355e+00  2.73890490e+00
  2.76746643e+00  2.77810691e+00  3.04111527e+00  3.40708153e+00]
nelec by numeric integration = 68.00003796343461
    CPU time for vxc      6.10 sec, wall time      0.22 sec
E1 = -1776.670743951721  Ecoul = 719.441306239964  Exc = -70.5116949332262
cycle= 3 E= -748.118083795401  delta_E= -0.0388  |g|= 0.0914  |ddm|= 0.499
    CPU time for cycle= 3      6.64 sec, wall time      0.24 sec
  HOMO = -0.255055985001072  LUMO = -0.0393474059637088
  mo_energy =
[-1.01488665e+02 -1.43248424e+01 -1.02281675e+01 -1.02274861e+01
 -1.02223130e+01 -1.02095983e+01 -1.02093286e+01 -1.02059110e+01
 -9.41949256e+00 -7.18248467e+00 -7.17311608e+00 -7.17310647e+00
 -9.53404260e-01 -8.17416337e-01 -8.13035748e-01 -7.82005275e-01
 -6.53482668e-01 -6.42201138e-01 -6.40048410e-01 -5.43300173e-01
 -4.93500784e-01 -4.78956326e-01 -4.48020344e-01 -4.23485675e-01
 -4.22628469e-01 -4.16779715e-01 -4.06895715e-01 -3.80331832e-01
 -3.72151037e-01 -2.96086266e-01 -2.82493848e-01 -2.68871358e-01
 -2.68024003e-01 -2.55055985e-01 -3.93474060e-02 -1.65295140e-02
  5.85924946e-02  8.92486679e-02  1.16886060e-01  1.23323743e-01
  1.38324925e-01  1.46554565e-01  1.55004972e-01  1.72714115e-01
  1.73526611e-01  2.06518480e-01  2.46783261e-01  2.81507165e-01
  3.18579970e-01  3.22183362e-01  4.32391685e-01  4.39177827e-01
  4.51846318e-01  4.84316531e-01  4.84641580e-01  4.86843542e-01
  4.99640782e-01  5.27198061e-01  5.47701657e-01  5.68828646e-01
  5.71203198e-01  5.78623385e-01  5.90579675e-01  5.91785152e-01
  5.93801218e-01  5.96303896e-01  6.41019106e-01  6.46574960e-01
  6.78051814e-01  6.99393561e-01  7.61751350e-01  8.08356625e-01
  8.18665321e-01  8.31593890e-01  8.45584689e-01  8.59868719e-01
  8.76116242e-01  8.81934304e-01  8.99441179e-01  9.10505559e-01
  9.20076139e-01  9.32937790e-01  9.36336774e-01  9.80361046e-01
  9.80836754e-01  9.89490167e-01  1.02638628e+00  1.07027582e+00
  1.08677616e+00  1.12230309e+00  1.16111174e+00  1.20829796e+00
  1.23577711e+00  1.23754887e+00  1.36497215e+00  1.38604726e+00
  1.45437367e+00  1.46343218e+00  1.46581724e+00  1.50388076e+00
  1.51790081e+00  1.57150312e+00  1.70636413e+00  1.71552992e+00
  1.71591662e+00  1.75862276e+00  1.82625061e+00  1.84769642e+00
  1.91716445e+00  1.93921547e+00  2.05900420e+00  2.13192157e+00
  2.14149562e+00  2.15298867e+00  2.17281191e+00  2.19512006e+00
  2.22191210e+00  2.24871837e+00  2.26344731e+00  2.29498691e+00
  2.31595903e+00  2.36754735e+00  2.54028969e+00  2.55105243e+00
  2.66645877e+00  2.68582896e+00  2.69861963e+00  2.73557530e+00
  2.76643913e+00  2.77634603e+00  3.04212792e+00  3.40501748e+00]
nelec by numeric integration = 68.00003800294343
    CPU time for vxc      5.98 sec, wall time      0.21 sec
E1 = -1776.8036358475129  Ecoul = 719.5846083889509  Exc = -70.52352803547453
cycle= 4 E= -748.119506644454  delta_E= -0.00142  |g|= 0.0434  |ddm|= 0.113
    CPU time for cycle= 4      6.55 sec, wall time      0.24 sec
  HOMO = -0.259256447788501  LUMO = -0.0383256972471471
  mo_energy =
[-1.01484854e+02 -1.43354630e+01 -1.02284921e+01 -1.02281270e+01
 -1.02140620e+01 -1.02082233e+01 -1.02023328e+01 -1.02023016e+01
 -9.41690037e+00 -7.17971968e+00 -7.17043645e+00 -7.17042685e+00
 -9.54927346e-01 -8.16074698e-01 -8.10778404e-01 -7.80228094e-01
 -6.54232964e-01 -6.40971491e-01 -6.39490257e-01 -5.41731160e-01
 -4.91867130e-01 -4.77457830e-01 -4.46579580e-01 -4.24231456e-01
 -4.21505503e-01 -4.18537103e-01 -4.06930816e-01 -3.80469034e-01
 -3.70657990e-01 -2.94656646e-01 -2.80472918e-01 -2.68918882e-01
 -2.68045724e-01 -2.59256448e-01 -3.83256972e-02 -1.48437406e-02
  5.81964193e-02  9.03693636e-02  1.16714397e-01  1.22828823e-01
  1.39462946e-01  1.46511090e-01  1.55962668e-01  1.71041875e-01
  1.74026450e-01  2.05776566e-01  2.47725571e-01  2.83588325e-01
  3.19104987e-01  3.23411441e-01  4.32297926e-01  4.39292352e-01
  4.52848881e-01  4.84120104e-01  4.84434827e-01  4.86996295e-01
  5.01519458e-01  5.27830332e-01  5.47236916e-01  5.71057010e-01
  5.72931556e-01  5.78255674e-01  5.92552059e-01  5.94079522e-01
  5.95453558e-01  5.99163467e-01  6.39090148e-01  6.47936376e-01
  6.80739393e-01  6.98822024e-01  7.60497511e-01  8.09203911e-01
  8.22196847e-01  8.33021130e-01  8.45507025e-01  8.56496622e-01
  8.75713491e-01  8.81260834e-01  8.99838623e-01  9.12579873e-01
  9.20572065e-01  9.32686633e-01  9.37125373e-01  9.80264059e-01
  9.81585548e-01  9.88951918e-01  1.02506734e+00  1.07041407e+00
  1.08738479e+00  1.12282349e+00  1.16329081e+00  1.20905776e+00
  1.23458545e+00  1.23937281e+00  1.36734769e+00  1.38636921e+00
  1.45450053e+00  1.46658127e+00  1.46902915e+00  1.50401453e+00
  1.51692622e+00  1.56845455e+00  1.70648698e+00  1.71360202e+00
  1.71423029e+00  1.75861826e+00  1.82904921e+00  1.84803903e+00
  1.92016166e+00  1.94109090e+00  2.06176288e+00  2.13393734e+00
  2.14347735e+00  2.15599199e+00  2.17393361e+00  2.19563300e+00
  2.22061916e+00  2.24669403e+00  2.26148476e+00  2.29686528e+00
  2.31791232e+00  2.36718566e+00  2.54156550e+00  2.55327945e+00
  2.66817683e+00  2.68730464e+00  2.69887824e+00  2.73722661e+00
  2.76826290e+00  2.77741986e+00  3.04173101e+00  3.40620270e+00]
nelec by numeric integration = 68.00003809298204
    CPU time for vxc      5.97 sec, wall time      0.21 sec
E1 = -1776.7811521389292  Ecoul = 719.5598492631894  Exc = -70.52169802333697
cycle= 5 E= -748.119952049494  delta_E= -0.000445  |g|= 0.0102  |ddm|= 0.0516
    CPU time for cycle= 5      6.50 sec, wall time      0.23 sec
  HOMO = -0.258026941995851  LUMO = -0.0378471313811141
  mo_energy =
[-1.01481263e+02 -1.43338654e+01 -1.02248591e+01 -1.02245444e+01
 -1.02151646e+01 -1.02054522e+01 -1.02034345e+01 -1.02033870e+01
 -9.41414146e+00 -7.17686635e+00 -7.16760126e+00 -7.16759154e+00
 -9.53465310e-01 -8.15253289e-01 -8.10555307e-01 -7.79325715e-01
 -6.53189332e-01 -6.40354935e-01 -6.38814390e-01 -5.41310136e-01
 -4.91306883e-01 -4.77317629e-01 -4.45977136e-01 -4.23258212e-01
 -4.21390719e-01 -4.17599312e-01 -4.06083124e-01 -3.79365581e-01
 -3.70399722e-01 -2.94484780e-01 -2.79786105e-01 -2.67909192e-01
 -2.67054443e-01 -2.58026942e-01 -3.78471314e-02 -1.42256716e-02
  5.91728760e-02  9.05653003e-02  1.17222696e-01  1.23332679e-01
  1.39994147e-01  1.46788648e-01  1.56077134e-01  1.71717585e-01
  1.74174722e-01  2.06398944e-01  2.48191781e-01  2.83628863e-01
  3.19702984e-01  3.23726166e-01  4.33136320e-01  4.39822104e-01
  4.53436619e-01  4.84835191e-01  4.85152647e-01  4.87683546e-01
  5.02031653e-01  5.28331520e-01  5.47895705e-01  5.71327134e-01
  5.73430970e-01  5.79054928e-01  5.93144951e-01  5.94006581e-01
  5.95878220e-01  5.99150917e-01  6.40090926e-01  6.48483399e-01
  6.80583372e-01  7.00010552e-01  7.61584262e-01  8.09899195e-01
  8.21725901e-01  8.33280467e-01  8.46259949e-01  8.57599690e-01
  8.76716813e-01  8.82343420e-01  9.00334067e-01  9.12801266e-01
  9.21335039e-01  9.33820963e-01  9.37786073e-01  9.81427082e-01
  9.82097516e-01  9.89971098e-01  1.02596744e+00  1.07109336e+00
  1.08795158e+00  1.12337191e+00  1.16329627e+00  1.20941147e+00
  1.23550212e+00  1.23994570e+00  1.36774736e+00  1.38667686e+00
  1.45508038e+00  1.46687745e+00  1.46899802e+00  1.50535256e+00
  1.51789519e+00  1.56941584e+00  1.70719545e+00  1.71491407e+00
  1.71550607e+00  1.75944371e+00  1.82931550e+00  1.84860782e+00
  1.92001553e+00  1.94174349e+00  2.06227717e+00  2.13447320e+00
  2.14409657e+00  2.15596764e+00  2.17494521e+00  2.19648862e+00
  2.22193756e+00  2.24786679e+00  2.26266032e+00  2.29708925e+00
  2.31865843e+00  2.36825695e+00  2.54208066e+00  2.55386297e+00
  2.66871109e+00  2.68784411e+00  2.69979075e+00  2.73803610e+00
  2.76853579e+00  2.77827005e+00  3.04281594e+00  3.40691631e+00]
nelec by numeric integration = 68.00003806975954
    CPU time for vxc      5.97 sec, wall time      0.21 sec
E1 = -1776.710231868373  Ecoul = 719.484450343162  Exc = -70.51724489936467
cycle= 6 E= -748.119977574993  delta_E= -2.55e-05  |g|= 0.0042  |ddm|= 0.0147
    CPU time for cycle= 6      7.19 sec, wall time      0.26 sec
  HOMO = -0.258187407857801  LUMO = -0.0378553632677557
  mo_energy =
[-1.01481380e+02 -1.43340084e+01 -1.02259942e+01 -1.02256325e+01
 -1.02144543e+01 -1.02056349e+01 -1.02031535e+01 -1.02031017e+01
 -9.41427754e+00 -7.17699804e+00 -7.16773508e+00 -7.16772533e+00
 -9.53913073e-01 -8.15352201e-01 -8.10548033e-01 -7.79579681e-01
 -6.53240053e-01 -6.40416987e-01 -6.38918837e-01 -5.41361306e-01
 -4.91413445e-01 -4.77293541e-01 -4.46160052e-01 -4.23406955e-01
 -4.21316321e-01 -4.17715973e-01 -4.06274471e-01 -3.79487073e-01
 -3.70417806e-01 -2.94442504e-01 -2.79993242e-01 -2.68041255e-01
 -2.67183840e-01 -2.58187408e-01 -3.78553633e-02 -1.43814372e-02
  5.90597202e-02  9.06034290e-02  1.17152964e-01  1.23281186e-01
  1.39932919e-01  1.46781595e-01  1.56136507e-01  1.71614752e-01
  1.74204469e-01  2.06297470e-01  2.48100482e-01  2.83701804e-01
  3.19587397e-01  3.23710813e-01  4.33089327e-01  4.39749683e-01
  4.53295269e-01  4.84720170e-01  4.85035640e-01  4.87497142e-01
  5.01912509e-01  5.28267315e-01  5.47815417e-01  5.71297907e-01
  5.73303750e-01  5.78937535e-01  5.93083583e-01  5.93961009e-01
  5.95842412e-01  5.99212849e-01  6.39922818e-01  6.48350903e-01
  6.80698037e-01  6.99771799e-01  7.61415909e-01  8.09746721e-01
  8.21947107e-01  8.33247236e-01  8.46151530e-01  8.57447002e-01
  8.76597226e-01  8.82206886e-01  9.00358034e-01  9.12850870e-01
  9.21262014e-01  9.33681386e-01  9.37736584e-01  9.81299395e-01
  9.82055207e-01  9.89863004e-01  1.02581897e+00  1.07100538e+00
  1.08786628e+00  1.12327468e+00  1.16333643e+00  1.20936868e+00
  1.23538366e+00  1.23982946e+00  1.36764746e+00  1.38666381e+00
  1.45497641e+00  1.46683845e+00  1.46904505e+00  1.50497065e+00
  1.51768270e+00  1.56931495e+00  1.70705054e+00  1.71476696e+00
  1.71535593e+00  1.75927468e+00  1.82928978e+00  1.84854398e+00
  1.92010639e+00  1.94154613e+00  2.06214685e+00  2.13435695e+00
  2.14391538e+00  2.15604041e+00  2.17468251e+00  2.19634717e+00
  2.22175649e+00  2.24773843e+00  2.26252609e+00  2.29714610e+00
  2.31846028e+00  2.36799290e+00  2.54199220e+00  2.55370660e+00
  2.66860136e+00  2.68777628e+00  2.69962837e+00  2.73785833e+00
  2.76856590e+00  2.77807477e+00  3.04260818e+00  3.40681713e+00]
nelec by numeric integration = 68.00003807196363
    CPU time for vxc      6.58 sec, wall time      0.24 sec
E1 = -1776.7227510087766  Ecoul = 719.4973515457367  Exc = -70.5176316083398
cycle= 7 E= -748.119982221797  delta_E= -4.65e-06  |g|= 0.000579  |ddm|= 0.0041
    CPU time for cycle= 7      7.44 sec, wall time      0.27 sec
  HOMO = -0.258179680339281  LUMO = -0.0378557843633189
  mo_energy =
[-1.01481658e+02 -1.43340229e+01 -1.02259165e+01 -1.02255804e+01
 -1.02146270e+01 -1.02058195e+01 -1.02030256e+01 -1.02029964e+01
 -9.41449308e+00 -7.17722223e+00 -7.16795570e+00 -7.16794596e+00
 -9.53893677e-01 -8.15418188e-01 -8.10581627e-01 -7.79532135e-01
 -6.53288708e-01 -6.40413873e-01 -6.38902609e-01 -5.41354402e-01
 -4.91393541e-01 -4.77267799e-01 -4.46125140e-01 -4.23435328e-01
 -4.21341094e-01 -4.17758734e-01 -4.06270782e-01 -3.79564013e-01
 -3.70407119e-01 -2.94453810e-01 -2.79950557e-01 -2.68123490e-01
 -2.67264128e-01 -2.58179680e-01 -3.78557844e-02 -1.43484300e-02
  5.90062591e-02  9.05830613e-02  1.17159926e-01  1.23281475e-01
  1.39951257e-01  1.46783172e-01  1.56132754e-01  1.71594738e-01
  1.74206301e-01  2.06298362e-01  2.48104788e-01  2.83703897e-01
  3.19606935e-01  3.23723796e-01  4.33015397e-01  4.39757484e-01
  4.53308812e-01  4.84662253e-01  4.84976969e-01  4.87462371e-01
  5.01929806e-01  5.28275499e-01  5.47781704e-01  5.71316819e-01
  5.73336555e-01  5.78919138e-01  5.93083703e-01  5.93968535e-01
  5.95824166e-01  5.99214369e-01  6.39921727e-01  6.48380863e-01
  6.80700980e-01  6.99788966e-01  7.61411008e-01  8.09775400e-01
  8.21933415e-01  8.33275399e-01  8.46163314e-01  8.57447180e-01
  8.76541328e-01  8.82138172e-01  9.00327670e-01  9.12828252e-01
  9.21219139e-01  9.33599948e-01  9.37695235e-01  9.81222695e-01
  9.82047032e-01  9.89801648e-01  1.02583185e+00  1.07098432e+00
  1.08786642e+00  1.12327553e+00  1.16334429e+00  1.20938402e+00
  1.23533245e+00  1.23984844e+00  1.36766581e+00  1.38666549e+00
  1.45499121e+00  1.46685379e+00  1.46905918e+00  1.50500521e+00
  1.51769623e+00  1.56931583e+00  1.70706768e+00  1.71469358e+00
  1.71529016e+00  1.75928514e+00  1.82929874e+00  1.84855214e+00
  1.92010437e+00  1.94158418e+00  2.06216545e+00  2.13437752e+00
  2.14394767e+00  2.15603868e+00  2.17471908e+00  2.19634420e+00
  2.22169877e+00  2.24767935e+00  2.26246925e+00  2.29714147e+00
  2.31850298e+00  2.36801478e+00  2.54199716e+00  2.55373737e+00
  2.66861598e+00  2.68779473e+00  2.69965254e+00  2.73789477e+00
  2.76856678e+00  2.77810453e+00  3.04263234e+00  3.40684000e+00]
nelec by numeric integration = 68.0000380780634
    CPU time for vxc      6.03 sec, wall time      0.22 sec
E1 = -1776.7247312216098  Ecoul = 719.4995101965447  Exc = -70.51781012842136
cycle= 8 E= -748.119982303904  delta_E= -8.21e-08  |g|= 0.000197  |ddm|= 0.000737
    CPU time for cycle= 8      6.57 sec, wall time      0.23 sec
  HOMO = -0.258179154138199  LUMO = -0.0378477257609227
  mo_energy =
[-1.01481669e+02 -1.43340172e+01 -1.02259109e+01 -1.02255587e+01
 -1.02145633e+01 -1.02058069e+01 -1.02030655e+01 -1.02030212e+01
 -9.41449479e+00 -7.17722623e+00 -7.16795775e+00 -7.16794802e+00
 -9.53890033e-01 -8.15409904e-01 -8.10573949e-01 -7.79535244e-01
 -6.53283437e-01 -6.40410105e-01 -6.38902957e-01 -5.41349189e-01
 -4.91391658e-01 -4.77275621e-01 -4.46129161e-01 -4.23429451e-01
 -4.21329054e-01 -4.17752315e-01 -4.06267340e-01 -3.79560445e-01
 -3.70407412e-01 -2.94446016e-01 -2.79954452e-01 -2.68119106e-01
 -2.67259588e-01 -2.58179154e-01 -3.78477258e-02 -1.43521129e-02
  5.90104289e-02  9.05848421e-02  1.17159899e-01  1.23282308e-01
  1.39952369e-01  1.46781826e-01  1.56136356e-01  1.71599542e-01
  1.74207620e-01  2.06299384e-01  2.48107684e-01  2.83707615e-01
  3.19607088e-01  3.23723041e-01  4.33012003e-01  4.39758722e-01
  4.53309060e-01  4.84665754e-01  4.84980513e-01  4.87467124e-01
  5.01931713e-01  5.28277385e-01  5.47786893e-01  5.71314979e-01
  5.73332848e-01  5.78922268e-01  5.93089746e-01  5.93970645e-01
  5.95834569e-01  5.99218015e-01  6.39923843e-01  6.48377920e-01
  6.80702246e-01  6.99790090e-01  7.61414496e-01  8.09772570e-01
  8.21940490e-01  8.33269321e-01  8.46164194e-01  8.57449904e-01
  8.76546717e-01  8.82144057e-01  9.00331730e-01  9.12831526e-01
  9.21224186e-01  9.33605732e-01  9.37698888e-01  9.81225560e-01
  9.82051352e-01  9.89804283e-01  1.02583235e+00  1.07098645e+00
  1.08786617e+00  1.12327781e+00  1.16334418e+00  1.20938215e+00
  1.23533629e+00  1.23985039e+00  1.36766786e+00  1.38666847e+00
  1.45499094e+00  1.46685831e+00  1.46905832e+00  1.50500684e+00
  1.51769961e+00  1.56931820e+00  1.70706788e+00  1.71470314e+00
  1.71529911e+00  1.75928844e+00  1.82930244e+00  1.84855647e+00
  1.92010820e+00  1.94158065e+00  2.06216985e+00  2.13437887e+00
  2.14394635e+00  2.15604415e+00  2.17471868e+00  2.19635117e+00
  2.22170687e+00  2.24768794e+00  2.26247760e+00  2.29714843e+00
  2.31849902e+00  2.36801697e+00  2.54200271e+00  2.55373707e+00
  2.66861905e+00  2.68779659e+00  2.69965316e+00  2.73789292e+00
  2.76857325e+00  2.77810525e+00  3.04263467e+00  3.40684162e+00]
nelec by numeric integration = 68.00003807774036
    CPU time for vxc      5.98 sec, wall time      0.21 sec
E1 = -1776.7244037153066  Ecoul = 719.4991659763642  Exc = -70.51779342316014
cycle= 9 E= -748.11998231252  delta_E= -8.62e-09  |g|= 5.32e-05  |ddm|= 0.000181
    CPU time for cycle= 9      6.52 sec, wall time      0.23 sec
  HOMO = -0.258185395752875  LUMO = -0.0378537420853918
  mo_energy =
[-1.01481636e+02 -1.43340273e+01 -1.02259136e+01 -1.02255719e+01
 -1.02145797e+01 -1.02057940e+01 -1.02030642e+01 -1.02030301e+01
 -9.41446683e+00 -7.17719788e+00 -7.16792926e+00 -7.16791953e+00
 -9.53896762e-01 -8.15403825e-01 -8.10574960e-01 -7.79540131e-01
 -6.53280170e-01 -6.40413277e-01 -6.38908189e-01 -5.41353696e-01
 -4.91397770e-01 -4.77278584e-01 -4.46132775e-01 -4.23429345e-01
 -4.21333429e-01 -4.17750167e-01 -4.06270812e-01 -3.79552165e-01
 -3.70412094e-01 -2.94451619e-01 -2.79958790e-01 -2.68107004e-01
 -2.67248063e-01 -2.58185396e-01 -3.78537421e-02 -1.43566313e-02
  5.90158501e-02  9.05849395e-02  1.17158498e-01  1.23281081e-01
  1.39947258e-01  1.46780670e-01  1.56133701e-01  1.71599470e-01
  1.74204858e-01  2.06298643e-01  2.48103893e-01  2.83703380e-01
  3.19602277e-01  3.23719468e-01  4.33023130e-01  4.39755738e-01
  4.53307154e-01  4.84674304e-01  4.84989217e-01  4.87471282e-01
  5.01927659e-01  5.28273054e-01  5.47788677e-01  5.71311030e-01
  5.73329449e-01  5.78922941e-01  5.93085672e-01  5.93966261e-01
  5.95830767e-01  5.99213591e-01  6.39920477e-01  6.48374381e-01
  6.80698344e-01  6.99787177e-01  7.61412204e-01  8.09769379e-01
  8.21936091e-01  8.33266425e-01  8.46160959e-01  8.57445615e-01
  8.76552386e-01  8.82152008e-01  9.00332180e-01  9.12831727e-01
  9.21228219e-01  9.33616830e-01  9.37703047e-01  9.81235087e-01
  9.82049526e-01  9.89811464e-01  1.02582826e+00  1.07098741e+00
  1.08786533e+00  1.12327470e+00  1.16334121e+00  1.20937870e+00
  1.23534129e+00  1.23984435e+00  1.36766241e+00  1.38666385e+00
  1.45498713e+00  1.46685252e+00  1.46905273e+00  1.50500151e+00
  1.51769307e+00  1.56931404e+00  1.70706239e+00  1.71470780e+00
  1.71530290e+00  1.75928391e+00  1.82929705e+00  1.84855034e+00
  1.92010310e+00  1.94157628e+00  2.06216415e+00  2.13437340e+00
  2.14394127e+00  2.15603783e+00  2.17471358e+00  2.19634596e+00
  2.22171049e+00  2.24769072e+00  2.26248025e+00  2.29714154e+00
  2.31849427e+00  2.36801094e+00  2.54199643e+00  2.55373206e+00
  2.66861337e+00  2.68779041e+00  2.69964705e+00  2.73788750e+00
  2.76856635e+00  2.77809958e+00  3.04262835e+00  3.40683554e+00]
nelec by numeric integration = 68.00003807750213
    CPU time for vxc      5.96 sec, wall time      0.21 sec
E1 = -1776.7242701863966  Ecoul = 719.4990207296888  Exc = -70.51778170616126
cycle= 10 E= -748.119982313287  delta_E= -7.67e-10  |g|= 1.86e-05  |ddm|= 9.23e-05
    CPU time for cycle= 10      6.49 sec, wall time      0.23 sec
  HOMO = -0.258185720181988  LUMO = -0.0378520203831063
  mo_energy =
[-1.01481651e+02 -1.43340300e+01 -1.02259147e+01 -1.02255592e+01
 -1.02145731e+01 -1.02057957e+01 -1.02030705e+01 -1.02030228e+01
 -9.41447895e+00 -7.17721021e+00 -7.16794160e+00 -7.16793187e+00
 -9.53895158e-01 -8.15406808e-01 -8.10575180e-01 -7.79538101e-01
 -6.53281078e-01 -6.40411865e-01 -6.38906608e-01 -5.41351770e-01
 -4.91395757e-01 -4.77277500e-01 -4.46131082e-01 -4.23429433e-01
 -4.21332011e-01 -4.17750987e-01 -4.06269749e-01 -3.79555134e-01
 -3.70410322e-01 -2.94450221e-01 -2.79956881e-01 -2.68111773e-01
 -2.67252603e-01 -2.58185720e-01 -3.78520204e-02 -1.43548461e-02
  5.90139382e-02  9.05846968e-02  1.17158982e-01  1.23281654e-01
  1.39948899e-01  1.46780786e-01  1.56134606e-01  1.71599464e-01
  1.74206620e-01  2.06298424e-01  2.48105077e-01  2.83704809e-01
  3.19603825e-01  3.23720452e-01  4.33020049e-01  4.39756918e-01
  4.53307323e-01  4.84670935e-01  4.84985779e-01  4.87468794e-01
  5.01929251e-01  5.28274247e-01  5.47787883e-01  5.71312581e-01
  5.73330925e-01  5.78922713e-01  5.93087544e-01  5.93967772e-01
  5.95832571e-01  5.99215395e-01  6.39920717e-01  6.48375859e-01
  6.80699529e-01  6.99788531e-01  7.61412861e-01  8.09771101e-01
  8.21937362e-01  8.33267580e-01  8.46162304e-01  8.57445559e-01
  8.76550238e-01  8.82148919e-01  9.00332023e-01  9.12831508e-01
  9.21226723e-01  9.33612430e-01  9.37701140e-01  9.81231172e-01
  9.82050640e-01  9.89808654e-01  1.02582908e+00  1.07098705e+00
  1.08786563e+00  1.12327591e+00  1.16334204e+00  1.20937943e+00
  1.23533875e+00  1.23984641e+00  1.36766443e+00  1.38666478e+00
  1.45498842e+00  1.46685500e+00  1.46905438e+00  1.50500400e+00
  1.51769435e+00  1.56931432e+00  1.70706363e+00  1.71470644e+00
  1.71530184e+00  1.75928540e+00  1.82929897e+00  1.84855176e+00
  1.92010457e+00  1.94157823e+00  2.06216656e+00  2.13437530e+00
  2.14394327e+00  2.15603969e+00  2.17471563e+00  2.19634787e+00
  2.22170903e+00  2.24769017e+00  2.26247969e+00  2.29714347e+00
  2.31849626e+00  2.36801271e+00  2.54199826e+00  2.55373412e+00
  2.66861535e+00  2.68779220e+00  2.69964891e+00  2.73788967e+00
  2.76856819e+00  2.77810155e+00  3.04263018e+00  3.40683753e+00]
nelec by numeric integration = 68.00003807752665
    CPU time for vxc      5.98 sec, wall time      0.21 sec
E1 = -1776.7243603299166  Ecoul = 719.4991179948457  Exc = -70.5177888276731
Extra cycle  E= -748.119982313162  delta_E= 1.25e-10  |g|= 2.81e-05  |ddm|= 4.78e-05
    CPU time for scf_cycle     90.04 sec, wall time      3.29 sec
    CPU time for SCF     90.05 sec, wall time      3.30 sec
converged SCF energy = -748.119982313162
Converting <class 'pyscf.dft.rks.RKS'> to RHF


******** <class 'pyscf.tdscf.rks.TDA'> for <class 'pyscf.dft.rks.RKS'> ********
nstates = 5 singlet
wfnsym = None
conv_tol = 1e-09
eigh lindep = 1e-12
eigh level_shift = 0
eigh max_space = 8
eigh max_cycle = 2000
chkfile = /scratch/global/yangjunjie/tmpszgmadnh
max_memory 127949 MB (current use 612 MB)


davidson 0 5  |r|= 0.192  e= [0.17717452 0.19494953 0.2102519  0.21267915 0.2777421 ]  max|de|= 0.278  lindep=    1
davidson 1 10  |r|= 0.0545  e= [0.17420853 0.19389484 0.21008585 0.21023695 0.22015371]  max|de|= -0.0576  lindep= 0.739
Old state -> New state
    3     ->     2 
    2     ->     3 
davidson 2 15  |r|= 0.0211  e= [0.17407038 0.19385162 0.21002881 0.21008478 0.2134385 ]  max|de|= -0.00672  lindep= 0.777
davidson 3 20  |r|= 0.006  e= [0.17406698 0.19384946 0.2099853  0.21008469 0.21283204]  max|de|= -0.000606  lindep= 0.751
davidson 4 5  |r|= 0.006  e= [0.17406698 0.19384946 0.2099853  0.21008469 0.21283204]  max|de|= 2.5e-16  lindep=    1
davidson 5 10  |r|= 0.00251  e= [0.17406688 0.19384935 0.2099824  0.21008468 0.21278321]  max|de|= -4.88e-05  lindep= 0.692
davidson 6 15  |r|= 0.00213  e= [0.17406688 0.19384934 0.20998154 0.21008467 0.21275402]  max|de|= -2.92e-05  lindep= 0.759
root 0 converged  |r|= 2.44e-06  e= 0.17406687788505346  max|de|= -1.51e-10
root 1 converged  |r|= 4.24e-06  e= 0.19384933560186066  max|de|= -6.98e-10
root 3 converged  |r|= 4.38e-06  e= 0.210084673210951  max|de|= -3.9e-10
davidson 7 20  |r|= 0.000689  e= [0.17406688 0.19384934 0.20998133 0.21008467 0.2127463 ]  max|de|= -7.72e-06  lindep= 0.863
davidson 8 5  |r|= 0.000689  e= [0.17406688 0.19384934 0.20998133 0.21008467 0.2127463 ]  max|de|= -6.11e-16  lindep= 0.968
davidson 9 7  |r|= 0.000292  e= [0.17406688 0.19384934 0.20998131 0.21008467 0.2127458 ]  max|de|= -5e-07  lindep= 0.944
davidson 10 9  |r|= 0.000131  e= [0.17406688 0.19384934 0.2099813  0.21008467 0.21274564]  max|de|= -1.61e-07  lindep= 0.774
davidson 11 11  |r|= 5.79e-05  e= [0.17406688 0.19384934 0.20998129 0.21008467 0.21274561]  max|de|= -2.11e-08  lindep= 0.847
root 2 converged  |r|= 6.02e-06  e= 0.20998129317453285  max|de|= -4.19e-10
davidson 12 13  |r|= 3.87e-05  e= [0.17406688 0.19384934 0.20998129 0.21008467 0.21274561]  max|de|= -7.03e-09  lindep= 0.67
davidson 13 14  |r|= 1.92e-05  e= [0.17406688 0.19384934 0.20998129 0.21008467 0.2127456 ]  max|de|= -3e-09  lindep= 0.813
root 4 converged  |r|= 6.79e-06  e= 0.2127456042041971  max|de|= -4.53e-10
converged 14 15  |r|= 6.79e-06  e= [0.17406688 0.19384934 0.20998129 0.21008467 0.2127456 ]  max|de|= -4.53e-10
    CPU time for TDA    164.49 sec, wall time      6.04 sec
Excited State energies (eV)
[4.73660101 5.2749091  5.71388202 5.71669514 5.78910276]
