 
:: initializing oneAPI environment ...
   slurm_script: BASH_VERSION = 4.2.46(1)-release
   args: Using "$@" for setvars.sh arguments: --force
:: advisor -- latest
:: ccl -- latest
:: clck -- latest
:: compiler -- latest
:: dal -- latest
:: debugger -- latest
:: dev-utilities -- latest
:: dnnl -- latest
:: dpcpp-ct -- latest
:: dpl -- latest
:: inspector -- latest
:: intelpython -- latest
:: ipp -- latest
:: ippcp -- latest
:: ipp -- latest
:: itac -- latest
:: mkl -- latest
:: mpi -- latest
:: tbb -- latest
:: vpl -- latest
:: vtune -- latest
:: oneAPI environment initialized ::
 
SLURM_CPUS_PER_TASK = 28
SLURM_MEM_PER_NODE = 127949
#INFO: **** input file is /home/yangjunjie/work/py-ch3-cl/work/step_-9/main.py ****
import sys
import pyscf
from pyscf import tdscf

def main(xyz_file, basis="631g*", xc="b3lyp", output="ene.out"):
    xyz = None

    with open(xyz_file, "r") as xyz:
        xyz = xyz.readlines()[2:]
        xyz = "".join(xyz)

    mol = pyscf.gto.Mole()
    mol.atom = xyz
    mol.basis = basis
    mol.verbose = 5
    mol.build()

    if xc is not None and xc != "hf":
        mf = pyscf.scf.RKS(mol)
        mf.xc = xc
        mf.grids.level = 9
        mf.kernel()
    else:
        mf = pyscf.scf.RHF(mol)
        mf.kernel()

    ene_mf = mf.e_tot

    with open(output, "w") as f:
        tda = pyscf.tdscf.TDA(mf)
        tda.nstates = 5
        tda.max_space = 8
        tda.max_cycle = 2000
        tda.kernel()

        con_tda = tda.converged
        ene_tda = tda.e[:5]
        dip_tda = tda.transition_dipole()[:5]

        f.write(f"RKS energy: {ene_mf: 12.8f}\n")
        f.write("TDA results:\n")
        for i, (con, ene, dip) in enumerate(zip(con_tda, ene_tda, dip_tda)):
            f.write(f" {i:2d} {con} {ene: 12.8f} {dip[0]: 12.8f} {dip[1]: 12.8f} {dip[2]: 12.8f}\n")

        # rpa = pyscf.tdscf.RPA(mf)
        # rpa.nstates = 5
        # rpa.max_space = 8
        # rpa.max_cycle = 2000
        # rpa.kernel()

        # con_rpa = rpa.converged
        # ene_rpa = rpa.e[:5]
        # dip_rpa = rpa.transition_dipole()[:5]
        
        # f.write("\nRPA results:\n")
        # for i, (con, ene, dip) in enumerate(zip(con_rpa, ene_rpa, dip_rpa)):
        #     f.write(f" {i:2d} {con} {ene: 12.8f} {dip[0]: 12.8f} {dip[1]: 12.8f} {dip[2]: 12.8f}\n")

if __name__ == "__main__":
    xyz = sys.argv[1]
    main(xyz, basis="6311g**", xc="b3lyp", output="out.log")
#INFO: ******************** input file end ********************


System: uname_result(system='Linux', node='pauling048', release='3.10.0-327.36.3.el7.x86_64', version='#1 SMP Thu Oct 20 04:56:07 EDT 2016', machine='x86_64')  Threads 28
Python 3.9.7 (default, Oct 27 2021, 01:23:21) 
[GCC 9.3.0]
numpy 1.21.2  scipy 1.6.2
Date: Wed Sep 28 09:53:30 2022
PySCF version 2.0.1
PySCF path  /home/yangjunjie/packages/pyscf/pyscf-main
GIT ORIG_HEAD 14b880cdc4bf7bb64f3989a147c0b04622efc498
GIT HEAD (branch master) 9d5b5bd309d1cc55fbd1a0ec76e26b5b0c7f76af

[ENV] PYSCF_MAX_MEMORY 127949
[ENV] PYSCF_TMPDIR /scratch/global/yangjunjie/
[CONFIG] conf_file /home/yangjunjie/.pyscf_conf.py
[INPUT] verbose = 5
[INPUT] max_memory = 127949 
[INPUT] num. atoms = 16
[INPUT] num. electrons = 68
[INPUT] charge = 0
[INPUT] spin (= nelec alpha-beta = 2S) = 0
[INPUT] symmetry False subgroup None
[INPUT] Mole.unit = angstrom
[INPUT]  1 C      0.000000010000   1.161814110000   1.108082870000 AA    0.000000018897   2.195510475555   2.093973147622 Bohr
[INPUT]  2 C      0.000000000000   1.197047260000   2.467045750000 AA    0.000000000000   2.262091479561   4.662040804272 Bohr
[INPUT]  3 C     -0.000000010000  -0.012351220000   3.176808600000 AA   -0.000000018897  -0.023340423104   6.003298204163 Bohr
[INPUT]  4 C     -0.000000010000  -1.210092440000   2.442367220000 AA   -0.000000018897  -2.286743297007   4.615405141415 Bohr
[INPUT]  5 C      0.000000000000  -1.145142930000   1.085427300000 AA    0.000000000000  -2.164006511182   2.051160325126 Bohr
[INPUT]  6 N      0.000000010000   0.013081130000   0.418038370000 AA    0.000000018897   0.024719753100   0.789978028860 Bohr
[INPUT]  7 C      0.000000000000   0.002393020000  -2.059279250000 AA    0.000000000000   0.004522152411  -3.891473796500 Bohr
[INPUT]  8 H      0.000000020000   2.064637670000   0.487292630000 AA    0.000000037795   3.901599742760   0.920849613219 Bohr
[INPUT]  9 H      0.000000000000   2.154540720000   2.997125450000 AA    0.000000000000   4.071491885023   5.663746261464 Bohr
[INPUT] 10 H     -0.000000010000  -0.023415980000   4.246178930000 AA   -0.000000018897  -0.044249789138   8.024115253599 Bohr
[INPUT] 11 H     -0.000000020000  -2.176507750000   2.955035990000 AA   -0.000000037795  -4.113003555493   5.584208709333 Bohr
[INPUT] 12 H      0.000000000000  -2.037146990000   0.445094050000 AA    0.000000000000  -3.849649886582   0.841105854173 Bohr
[INPUT] 13 H     -0.000000030000   1.036450280000  -1.713716900000 AA   -0.000000056692   1.958607170929  -3.238455596039 Bohr
[INPUT] 14 H     -0.894975600000  -0.507927590000  -1.701682810000 AA   -1.691258772168  -0.959844036210  -3.215714461780 Bohr
[INPUT] 15 H      0.894975630000  -0.507927550000  -1.701682820000 AA    1.691258828860  -0.959843960621  -3.215714480678 Bohr
[INPUT] 16 Cl    -0.000000010000  -0.001189140000  -3.878389890000 AA   -0.000000018897  -0.002247148924  -7.329094696382 Bohr
[INPUT] ---------------- BASIS SET ---------------- 
[INPUT] l, kappa, [nprim/nctr], expnt,             c_1 c_2 ...
[INPUT] H
[INPUT] 0    0    [3    /1   ]  33.865            0.0254938
                                5.09479           0.190373
                                1.15879           0.852161
[INPUT] 0    0    [1    /1   ]  0.32584              1
[INPUT] 0    0    [1    /1   ]  0.102741             1
[INPUT] 1    0    [1    /1   ]  0.75                 1
[INPUT] C
[INPUT] 0    0    [6    /1   ]  4563.24           0.00196665
                                682.024           0.0152306
                                154.973           0.0761269
                                44.4553           0.260801
                                13.029            0.616462
                                1.82773           0.221006
[INPUT] 0    0    [3    /1   ]  20.9642           0.11466
                                4.80331           0.919999
                                1.45933           -0.00303068
[INPUT] 0    0    [1    /1   ]  0.483456             1
[INPUT] 0    0    [1    /1   ]  0.145585             1
[INPUT] 1    0    [3    /1   ]  20.9642           0.0402487
                                4.80331           0.237594
                                1.45933           0.815854
[INPUT] 1    0    [1    /1   ]  0.483456             1
[INPUT] 1    0    [1    /1   ]  0.145585             1
[INPUT] 2    0    [1    /1   ]  0.626                1
[INPUT] N
[INPUT] 0    0    [6    /1   ]  6293.48           0.00196979
                                949.044           0.0149613
                                218.776           0.0735006
                                63.6916           0.248937
                                18.8282           0.60246
                                2.72023           0.256202
[INPUT] 0    0    [3    /1   ]  30.6331           0.111906
                                7.02614           0.921666
                                2.11205           -0.00256919
[INPUT] 0    0    [1    /1   ]  0.684009             1
[INPUT] 0    0    [1    /1   ]  0.200878             1
[INPUT] 1    0    [3    /1   ]  30.6331           0.0383119
                                7.02614           0.237403
                                2.11205           0.817592
[INPUT] 1    0    [1    /1   ]  0.684009             1
[INPUT] 1    0    [1    /1   ]  0.200878             1
[INPUT] 2    0    [1    /1   ]  0.913                1
[INPUT] Cl
[INPUT] 0    0    [6    /1   ]  105819            0.000738
                                15872             0.005718
                                3619.65           0.029495
                                1030.8            0.117286
                                339.908           0.362949
                                124.538           0.584149
[INPUT] 0    0    [3    /1   ]  124.538           0.134177
                                49.5135           0.62425
                                20.8056           0.291756
[INPUT] 0    0    [1    /1   ]  6.58346              1
[INPUT] 0    0    [1    /1   ]  2.56468              1
[INPUT] 0    0    [1    /1   ]  0.559763             1
[INPUT] 0    0    [1    /1   ]  0.183273             1
[INPUT] 1    0    [5    /1   ]  589.776           0.002391
                                139.849           0.018504
                                45.1413           0.081377
                                16.8733           0.221552
                                6.7411            0.772569
[INPUT] 1    0    [2    /1   ]  6.7411            -1.572244
                                2.77152           0.992389
[INPUT] 1    0    [1    /1   ]  1.02387              1
[INPUT] 1    0    [1    /1   ]  0.381368             1
[INPUT] 1    0    [1    /1   ]  0.109437             1
[INPUT] 2    0    [1    /1   ]  0.75                 1

nuclear repulsion = 379.623048849582
number of shells = 100
number of NR pGTOs = 329
number of NR cGTOs = 200
basis = 6311g**
ecp = {}
CPU time:         0.35


******** <class 'pyscf.dft.rks.RKS'> ********
method = RKS
initial guess = minao
damping factor = 0
level_shift factor = 0
DIIS = <class 'pyscf.scf.diis.CDIIS'>
diis_start_cycle = 1
diis_space = 8
SCF conv_tol = 1e-09
SCF conv_tol_grad = None
SCF max_cycles = 50
direct_scf = True
direct_scf_tol = 1e-13
chkfile to save SCF result = /scratch/global/yangjunjie/tmp64rkquxk
max_memory 127949 MB (current use 82 MB)
XC library pyscf.dft.libxc version 5.2.0
    S. Lehtola, C. Steigemann, M. J. Oliveira, and M. A. Marques, SoftwareX 7, 1 (2018)
XC functionals = b3lyp
    P. A. M. Dirac, Math. Proc. Cambridge Philos. Soc. 26, 376 (1930)
    F. Bloch, Z. Phys. 57, 545 (1929)
    A. D. Becke, Phys. Rev. A 38, 3098 (1988)
    C. Lee, W. Yang, and R. G. Parr, Phys. Rev. B 37, 785 (1988)
    B. Miehlich, A. Savin, H. Stoll, and H. Preuss, Chem. Phys. Lett. 157, 200 (1989)
    S. H. Vosko, L. Wilk, and M. Nusair, Can. J. Phys. 58, 1200 (1980)
radial grids: 
    Treutler-Ahlrichs [JCP 102, 346 (1995); DOI:10.1063/1.469408] (M4) radial grids
    
becke partition: Becke, JCP 88, 2547 (1988); DOI:10.1063/1.454033
pruning grids: <function nwchem_prune at 0x7f0220bb1e50>
grids dens level: 9
symmetrized grids: False
atomic radii adjust function: <function treutler_atomic_radii_adjust at 0x7f0220bb1dc0>
small_rho_cutoff = 1e-07
Set gradient conv threshold to 3.16228e-05
atom C rad-grids = 200, ang-grids = [  50   50   50   50   50   50   50   50   50   50   50   50   50   50
   50   50   50   50   50   50   50   50   50   50   50   50   50   50
   50   50   50   50   50   50   50   50   50   50   50   50   50   50
   50   50   50   50   50   50   50   50   50   50   50   50   50   50
   50   50   50   50   50   50   86   86   86   86   86   86   86   86
   86   86   86   86   86   86   86   86   86   86   86   86   86   86
   86   86   86   86 1202 1202 1202 1202 1202 1202 1202 1202 1202 1202
 1202 1202 1202 1202 1202 1202 1202 1202 1454 1454 1454 1454 1454 1454
 1454 1454 1454 1454 1454 1454 1454 1454 1454 1454 1454 1454 1454 1454
 1454 1454 1454 1454 1454 1454 1454 1454 1454 1454 1454 1454 1454 1454
 1454 1454 1454 1454 1454 1454 1454 1454 1454 1454 1454 1454 1454 1454
 1454 1454 1454 1454 1202 1202 1202 1202 1202 1202 1202 1202 1202 1202
 1202 1202 1202 1202 1202 1202 1202 1202 1202 1202 1202 1202 1202 1202
 1202 1202 1202 1202 1202 1202 1202 1202 1202 1202 1202 1202 1202 1202
 1202 1202 1202 1202]
atom N rad-grids = 200, ang-grids = [  50   50   50   50   50   50   50   50   50   50   50   50   50   50
   50   50   50   50   50   50   50   50   50   50   50   50   50   50
   50   50   50   50   50   50   50   50   50   50   50   50   50   50
   50   50   50   50   50   50   50   50   50   50   50   50   50   50
   50   50   50   50   50   86   86   86   86   86   86   86   86   86
   86   86   86   86   86   86   86   86   86   86   86   86   86   86
   86   86 1202 1202 1202 1202 1202 1202 1202 1202 1202 1202 1202 1202
 1202 1202 1202 1202 1202 1454 1454 1454 1454 1454 1454 1454 1454 1454
 1454 1454 1454 1454 1454 1454 1454 1454 1454 1454 1454 1454 1454 1454
 1454 1454 1454 1454 1454 1454 1454 1454 1454 1454 1454 1454 1454 1454
 1454 1454 1454 1454 1454 1454 1454 1454 1454 1454 1454 1454 1454 1454
 1454 1202 1202 1202 1202 1202 1202 1202 1202 1202 1202 1202 1202 1202
 1202 1202 1202 1202 1202 1202 1202 1202 1202 1202 1202 1202 1202 1202
 1202 1202 1202 1202 1202 1202 1202 1202 1202 1202 1202 1202 1202 1202
 1202 1202 1202 1202]
atom H rad-grids = 200, ang-grids = [  50   50   50   50   50   50   50   50   50   50   50   50   50   50
   50   50   50   50   50   50   50   50   50   50   50   50   50   50
   50   50   50   50   50   50   50   50   50   50   50   50   50   50
   50   50   50   50   50   50   50   50   50   50   50   50   50   50
   50   86   86   86   86   86   86   86   86   86   86   86   86   86
   86 1202 1202 1202 1202 1202 1202 1202 1202 1202 1202 1202 1202 1202
 1202 1202 1202 1202 1454 1454 1454 1454 1454 1454 1454 1454 1454 1454
 1454 1454 1454 1454 1454 1454 1454 1454 1454 1454 1454 1454 1454 1454
 1454 1454 1454 1454 1454 1454 1454 1454 1454 1454 1454 1454 1454 1454
 1454 1454 1454 1454 1454 1454 1454 1454 1454 1454 1454 1454 1454 1454
 1202 1202 1202 1202 1202 1202 1202 1202 1202 1202 1202 1202 1202 1202
 1202 1202 1202 1202 1202 1202 1202 1202 1202 1202 1202 1202 1202 1202
 1202 1202 1202 1202 1202 1202 1202 1202 1202 1202 1202 1202 1202 1202
 1202 1202 1202 1202 1202 1202 1202 1202 1202 1202 1202 1202 1202 1202
 1202 1202 1202 1202]
atom Cl rad-grids = 200, ang-grids = [  50   50   50   50   50   50   50   50   50   50   50   50   50   50
   50   50   50   50   50   50   50   50   50   50   50   50   50   50
   50   50   50   50   50   50   50   50   50   50   50   50   50   50
   50   50   50   50   50   50   50   50   50   50   50   50   50   50
   50   50   50   86   86   86   86   86   86   86   86   86   86   86
   86   86   86   86   86   86   86   86   86   86   86   86   86   86
   86   86   86   86   86   86   86   86 1202 1202 1202 1202 1202 1202
 1202 1202 1202 1202 1202 1202 1202 1202 1202 1202 1202 1202 1202 1202
 1202 1202 1454 1454 1454 1454 1454 1454 1454 1454 1454 1454 1454 1454
 1454 1454 1454 1454 1454 1454 1454 1454 1454 1454 1454 1454 1454 1454
 1454 1454 1454 1454 1454 1454 1454 1454 1454 1454 1454 1454 1454 1454
 1454 1454 1454 1454 1454 1202 1202 1202 1202 1202 1202 1202 1202 1202
 1202 1202 1202 1202 1202 1202 1202 1202 1202 1202 1202 1202 1202 1202
 1202 1202 1202 1202 1202 1202 1202 1202 1202 1202 1202 1202 1202 1202
 1202 1202 1202 1202]
tot grids = 2598388
Drop grids 443575
    CPU time for setting up grids     44.78 sec, wall time      1.91 sec
nelec by numeric integration = 67.99243521482062
    CPU time for vxc     94.71 sec, wall time      3.42 sec
E1 = -1773.097122105116  Ecoul = 714.8724325867028  Exc = -70.54326708304968
init E= -749.144907751881
cond(S) = 13505.497174851913
    CPU time for initialize scf    153.05 sec, wall time      5.88 sec
  HOMO = -0.300407915843547  LUMO = -0.107259033079489
  mo_energy =
[-1.01497575e+02 -1.43904361e+01 -1.02830445e+01 -1.02826513e+01
 -1.02792560e+01 -1.02787299e+01 -1.02784310e+01 -1.02782628e+01
 -9.51655511e+00 -7.27053553e+00 -7.26929542e+00 -7.26929393e+00
 -1.10126419e+00 -9.35552033e-01 -9.24853263e-01 -8.93478164e-01
 -7.56036527e-01 -7.11040944e-01 -7.05813049e-01 -5.79065925e-01
 -5.33292922e-01 -5.04611121e-01 -4.73006064e-01 -4.72279527e-01
 -4.64046820e-01 -4.62847543e-01 -4.37890520e-01 -4.31396869e-01
 -3.88239266e-01 -3.41547625e-01 -3.39794555e-01 -3.21659415e-01
 -3.02973586e-01 -3.00407916e-01 -1.07259033e-01 -7.69985810e-02
 -3.28292482e-02  1.53426619e-02  3.48385327e-02  4.52745344e-02
  6.44711151e-02  6.96149029e-02  7.73621184e-02  8.57490359e-02
  1.06008668e-01  1.31545411e-01  1.71964796e-01  2.07797806e-01
  2.29401928e-01  2.36725575e-01  2.39614364e-01  2.55381700e-01
  2.62453184e-01  2.69697449e-01  2.78509709e-01  2.78820180e-01
  3.35514141e-01  3.39467539e-01  3.49843800e-01  3.50194978e-01
  3.64191359e-01  3.94600814e-01  3.95970127e-01  3.99949286e-01
  4.27366802e-01  4.28632464e-01  4.79022199e-01  4.79156408e-01
  4.88886624e-01  5.12743901e-01  5.20575557e-01  5.36653966e-01
  5.49168542e-01  5.54101632e-01  5.71874235e-01  5.84916009e-01
  5.94461590e-01  6.32652389e-01  6.78438813e-01  6.83728144e-01
  6.87872042e-01  7.04593300e-01  7.20854389e-01  7.49663990e-01
  7.79519383e-01  7.88094848e-01  7.97677048e-01  8.03835560e-01
  8.04449547e-01  8.13168018e-01  8.33026336e-01  9.01251558e-01
  9.12553203e-01  9.52117798e-01  9.70116116e-01  9.70660544e-01
  1.02331647e+00  1.02848432e+00  1.05821361e+00  1.08885348e+00
  1.09206664e+00  1.11775509e+00  1.15192439e+00  1.23524470e+00
  1.25792480e+00  1.30528592e+00  1.38904749e+00  1.38974998e+00
  1.39693271e+00  1.43639061e+00  1.43755811e+00  1.44879893e+00
  1.48416410e+00  1.49627007e+00  1.53523772e+00  1.53585567e+00
  1.54481199e+00  1.59860195e+00  1.65866811e+00  1.65970883e+00
  1.66245543e+00  1.66637891e+00  1.71863076e+00  1.71968381e+00
  1.73468667e+00  1.73940713e+00  1.76718161e+00  1.83632346e+00
  1.83829927e+00  1.85354323e+00  1.88859035e+00  1.91023696e+00
  1.96420806e+00  1.98006766e+00  2.03398757e+00  2.04776045e+00
  2.05962129e+00  2.08873184e+00  2.12018496e+00  2.12326762e+00
  2.17335589e+00  2.17520440e+00  2.19818058e+00  2.25100759e+00
  2.29246313e+00  2.29504953e+00  2.32512808e+00  2.36632221e+00
  2.39031418e+00  2.40150346e+00  2.42481251e+00  2.42592621e+00
  2.45403160e+00  2.48433382e+00  2.52172753e+00  2.52476167e+00
  2.54195248e+00  2.56247572e+00  2.59293338e+00  2.60084804e+00
  2.62226758e+00  2.64495462e+00  2.68959818e+00  2.69607611e+00
  2.69644285e+00  2.79209975e+00  2.85967916e+00  2.87284986e+00
  2.88456850e+00  2.90775827e+00  2.95328196e+00  3.09234244e+00
  3.09349505e+00  3.27412509e+00  3.34492595e+00  3.37849914e+00
  3.53128096e+00  3.56595313e+00  3.66029438e+00  3.66307375e+00
  3.69092983e+00  3.78813173e+00  3.89740939e+00  3.94418167e+00
  3.97870756e+00  4.30787922e+00  4.38469239e+00  5.15338702e+00
  9.50043568e+00  2.35264028e+01  2.37814245e+01  2.37897916e+01
  2.39497258e+01  2.40818429e+01  2.41033706e+01  2.53921593e+01
  2.54027273e+01  2.59926569e+01  3.55492507e+01  2.15554387e+02]
nelec by numeric integration = 68.00000003978664
    CPU time for vxc     84.49 sec, wall time      3.03 sec
E1 = -1780.3058536276747  Ecoul = 723.2846801983263  Exc = -70.79486031323947
cycle= 1 E= -748.192984893006  delta_E= 0.952  |g|= 0.393  |ddm|= 3.33
    CPU time for cycle= 1     86.44 sec, wall time      3.10 sec
  HOMO = -0.201073680324013  LUMO = -0.00778242232801246
  mo_energy =
[-1.01407536e+02 -1.41764192e+01 -1.01745428e+01 -1.01727763e+01
 -1.01414609e+01 -1.01408009e+01 -1.00900815e+01 -1.00900499e+01
 -9.33235338e+00 -7.09555127e+00 -7.08586449e+00 -7.08585542e+00
 -9.03101203e-01 -7.79679324e-01 -7.67232792e-01 -7.43275480e-01
 -6.21797648e-01 -6.09947852e-01 -6.03728380e-01 -5.19897849e-01
 -4.56687640e-01 -4.48730200e-01 -4.21074745e-01 -4.01475439e-01
 -3.98249945e-01 -3.91035487e-01 -3.73187302e-01 -3.44438592e-01
 -3.40939096e-01 -2.57221471e-01 -2.51788353e-01 -2.33448542e-01
 -2.32306777e-01 -2.01073680e-01 -7.78242233e-03  7.15980128e-03
  3.75956561e-02  6.30805455e-02  6.70704711e-02  9.62360646e-02
  9.72693656e-02  9.97857408e-02  1.31701942e-01  1.32100994e-01
  1.62639040e-01  1.66580870e-01  2.39749223e-01  2.68177527e-01
  2.84716717e-01  2.90986934e-01  3.12016847e-01  3.18279457e-01
  3.24743015e-01  3.34816727e-01  3.36390049e-01  3.49237624e-01
  3.88333480e-01  3.98229453e-01  4.00131097e-01  4.10091758e-01
  4.21394250e-01  4.42828785e-01  4.46052831e-01  4.62371120e-01
  4.71056993e-01  5.06921567e-01  5.31211280e-01  5.50738652e-01
  5.58692011e-01  5.66426451e-01  5.92168656e-01  6.06842363e-01
  6.17412376e-01  6.22602906e-01  6.34266272e-01  6.50671840e-01
  6.70957390e-01  6.85152800e-01  7.35994408e-01  7.41419948e-01
  7.64377931e-01  7.82828714e-01  7.99032592e-01  8.11598140e-01
  8.62110308e-01  8.69105805e-01  8.96219046e-01  9.03510529e-01
  9.12826957e-01  9.59870100e-01  9.62491456e-01  9.68983425e-01
  9.77204206e-01  1.00898668e+00  1.04366482e+00  1.05773745e+00
  1.07537954e+00  1.08948106e+00  1.11724665e+00  1.18546887e+00
  1.18999192e+00  1.21220886e+00  1.21574417e+00  1.31838607e+00
  1.33863147e+00  1.37737960e+00  1.46138659e+00  1.46259932e+00
  1.46488521e+00  1.51207316e+00  1.51771855e+00  1.52798039e+00
  1.54346550e+00  1.56593727e+00  1.59385068e+00  1.60147422e+00
  1.60561139e+00  1.65402389e+00  1.70183292e+00  1.72012182e+00
  1.73703350e+00  1.74698640e+00  1.76513011e+00  1.77836465e+00
  1.79021534e+00  1.80059475e+00  1.84996626e+00  1.89007823e+00
  1.91651710e+00  1.93832439e+00  1.97206238e+00  1.99692159e+00
  2.05292676e+00  2.07135192e+00  2.11836643e+00  2.13426748e+00
  2.16142594e+00  2.17486842e+00  2.19312178e+00  2.20240372e+00
  2.27275535e+00  2.28514442e+00  2.28658280e+00  2.32527803e+00
  2.37526764e+00  2.38323373e+00  2.42357716e+00  2.45871347e+00
  2.46017010e+00  2.48712746e+00  2.50199633e+00  2.52430097e+00
  2.54263897e+00  2.57486233e+00  2.58682640e+00  2.60439036e+00
  2.61308475e+00  2.62564804e+00  2.63063020e+00  2.64216457e+00
  2.67800743e+00  2.73850357e+00  2.78103197e+00  2.78320924e+00
  2.80587051e+00  2.88838485e+00  2.96834677e+00  2.97697293e+00
  2.98689371e+00  3.01496007e+00  3.03836849e+00  3.20441738e+00
  3.22145906e+00  3.39717483e+00  3.45834190e+00  3.48532957e+00
  3.64680642e+00  3.66510863e+00  3.76146656e+00  3.76312651e+00
  3.78771659e+00  3.93977522e+00  3.98859347e+00  4.02890288e+00
  4.07985247e+00  4.42734427e+00  4.53775751e+00  5.29343791e+00
  9.67147374e+00  2.36622959e+01  2.39138698e+01  2.39195275e+01
  2.40703018e+01  2.42250847e+01  2.42522410e+01  2.55640168e+01
  2.55744902e+01  2.61484405e+01  3.57530039e+01  2.15641478e+02]
nelec by numeric integration = 68.00000004820858
    CPU time for vxc     82.16 sec, wall time      2.94 sec
E1 = -1772.5659431890608  Ecoul = 714.9563252715099  Exc = -70.20405655504827
cycle= 2 E= -748.190625623017  delta_E= 0.00236  |g|= 0.424  |ddm|= 0.814
    CPU time for cycle= 2     83.89 sec, wall time      3.00 sec
  HOMO = -0.268433212256066  LUMO = -0.050907091371745
  mo_energy =
[-1.01506167e+02 -1.43458156e+01 -1.02106433e+01 -1.02103606e+01
 -1.01965068e+01 -1.01944920e+01 -1.01929388e+01 -1.01927402e+01
 -9.41557161e+00 -7.18018314e+00 -7.17086348e+00 -7.17085390e+00
 -9.69814577e-01 -8.20409227e-01 -8.14586731e-01 -7.85855119e-01
 -6.55164057e-01 -6.47324476e-01 -6.44023079e-01 -5.46643670e-01
 -5.00611221e-01 -4.80518354e-01 -4.51529376e-01 -4.29737038e-01
 -4.26646111e-01 -4.20449842e-01 -4.14238073e-01 -3.81010465e-01
 -3.76135209e-01 -3.05198319e-01 -2.87823505e-01 -2.71800639e-01
 -2.69020077e-01 -2.68433212e-01 -5.09070914e-02 -2.62068403e-02
  2.83910417e-02  5.28820880e-02  6.05235350e-02  7.18590333e-02
  9.00924104e-02  9.24158504e-02  1.16540084e-01  1.25331663e-01
  1.27681053e-01  1.58194414e-01  2.11948593e-01  2.47227662e-01
  2.67220500e-01  2.71029475e-01  2.89685545e-01  3.03050290e-01
  3.04042523e-01  3.14045112e-01  3.17470579e-01  3.29693225e-01
  3.64836059e-01  3.73606499e-01  3.76880596e-01  3.86695134e-01
  4.01297179e-01  4.20293660e-01  4.27331116e-01  4.34921498e-01
  4.52103917e-01  4.74884651e-01  5.07712385e-01  5.28709172e-01
  5.39184433e-01  5.42408442e-01  5.64237867e-01  5.85775254e-01
  5.87894987e-01  6.02395011e-01  6.10032315e-01  6.28681405e-01
  6.39717600e-01  6.66859755e-01  7.15011604e-01  7.19537271e-01
  7.21600117e-01  7.50967079e-01  7.67419921e-01  7.83611140e-01
  8.30781573e-01  8.35797800e-01  8.64583535e-01  8.67058624e-01
  8.82040229e-01  9.16340030e-01  9.17310663e-01  9.39794390e-01
  9.47183156e-01  9.86275089e-01  1.01070987e+00  1.01726121e+00
  1.04677561e+00  1.06343641e+00  1.09508904e+00  1.15121996e+00
  1.15666421e+00  1.18314823e+00  1.18642417e+00  1.27823598e+00
  1.30071000e+00  1.33732951e+00  1.43256154e+00  1.43567509e+00
  1.44781218e+00  1.48045008e+00  1.49873280e+00  1.50867655e+00
  1.52604010e+00  1.53179807e+00  1.57392051e+00  1.57478169e+00
  1.58262208e+00  1.63475412e+00  1.68680583e+00  1.69910518e+00
  1.71764167e+00  1.72200925e+00  1.74752925e+00  1.75748882e+00
  1.76682088e+00  1.77919625e+00  1.81920448e+00  1.87206358e+00
  1.88463274e+00  1.90592343e+00  1.93596579e+00  1.96717758e+00
  2.02240858e+00  2.03193856e+00  2.08588092e+00  2.10663074e+00
  2.13338156e+00  2.14009019e+00  2.16447196e+00  2.17023922e+00
  2.24423379e+00  2.25119173e+00  2.25131483e+00  2.30010733e+00
  2.34523611e+00  2.36059823e+00  2.37420270e+00  2.43049449e+00
  2.44491085e+00  2.45778622e+00  2.48013383e+00  2.49823756e+00
  2.51964723e+00  2.53871845e+00  2.56143998e+00  2.57856665e+00
  2.57980104e+00  2.59741597e+00  2.61849892e+00  2.62943334e+00
  2.65674444e+00  2.69515755e+00  2.74606325e+00  2.74635013e+00
  2.74804797e+00  2.84261773e+00  2.92162207e+00  2.93365065e+00
  2.94008147e+00  2.96322649e+00  3.01198327e+00  3.16544847e+00
  3.16949897e+00  3.34544596e+00  3.41126313e+00  3.44210899e+00
  3.59628656e+00  3.61829569e+00  3.73576810e+00  3.73709007e+00
  3.74329368e+00  3.83431855e+00  3.95137713e+00  3.99645402e+00
  4.03584754e+00  4.37088555e+00  4.44491361e+00  5.20958462e+00
  9.59942949e+00  2.35981777e+01  2.38519924e+01  2.38677958e+01
  2.40209202e+01  2.41534609e+01  2.41773504e+01  2.54963833e+01
  2.55068786e+01  2.60811851e+01  3.55896839e+01  2.15545601e+02]
nelec by numeric integration = 68.00000004354716
    CPU time for vxc     82.22 sec, wall time      2.94 sec
E1 = -1776.5130582111142  Ecoul = 719.15604720617  Exc = -70.49775480263669
cycle= 3 E= -748.231716957999  delta_E= -0.0411  |g|= 0.0962  |ddm|= 0.418
    CPU time for cycle= 3     83.83 sec, wall time      3.00 sec
  HOMO = -0.263217969914104  LUMO = -0.0506311971627069
  mo_energy =
[-1.01520672e+02 -1.43085284e+01 -1.02204320e+01 -1.02197063e+01
 -1.02151671e+01 -1.02023682e+01 -1.02021223e+01 -1.02018788e+01
 -9.43087663e+00 -7.19543821e+00 -7.18620801e+00 -7.18619777e+00
 -9.61001340e-01 -8.24285233e-01 -8.19993340e-01 -7.88519609e-01
 -6.59363560e-01 -6.48360908e-01 -6.46419124e-01 -5.49530763e-01
 -5.02679532e-01 -4.83218441e-01 -4.54171197e-01 -4.30065915e-01
 -4.28848145e-01 -4.22032437e-01 -4.14166702e-01 -3.86980260e-01
 -3.78374133e-01 -3.04562209e-01 -2.90919163e-01 -2.76455787e-01
 -2.75562636e-01 -2.63217970e-01 -5.06311972e-02 -2.86303348e-02
  2.72343318e-02  5.11891734e-02  5.98815214e-02  6.94274968e-02
  8.97523050e-02  9.14111310e-02  1.17570987e-01  1.25092377e-01
  1.26715343e-01  1.58187403e-01  2.12745787e-01  2.44620542e-01
  2.65821479e-01  2.69434702e-01  2.88182632e-01  3.01146158e-01
  3.02585002e-01  3.12441947e-01  3.15983127e-01  3.26227831e-01
  3.64377155e-01  3.71166232e-01  3.75869804e-01  3.84943213e-01
  3.98197166e-01  4.18695019e-01  4.26198587e-01  4.33447849e-01
  4.49776322e-01  4.76060200e-01  5.06375633e-01  5.28350872e-01
  5.39490577e-01  5.39643469e-01  5.62202913e-01  5.83932829e-01
  5.84887292e-01  6.01945068e-01  6.09013586e-01  6.28699706e-01
  6.37684428e-01  6.64151975e-01  7.11373946e-01  7.18347086e-01
  7.25973584e-01  7.48448777e-01  7.67063739e-01  7.82334519e-01
  8.31474832e-01  8.33770036e-01  8.59877718e-01  8.62202500e-01
  8.77490838e-01  9.07495452e-01  9.07538930e-01  9.36398251e-01
  9.46200931e-01  9.84803943e-01  1.01000125e+00  1.01296323e+00
  1.04929332e+00  1.06080867e+00  1.09108921e+00  1.14849522e+00
  1.15460231e+00  1.18148349e+00  1.18705338e+00  1.28107349e+00
  1.30206024e+00  1.34008715e+00  1.43036161e+00  1.43244327e+00
  1.44854584e+00  1.47827895e+00  1.49805094e+00  1.50797395e+00
  1.52273244e+00  1.52957430e+00  1.57184991e+00  1.57291172e+00
  1.58117729e+00  1.63455075e+00  1.68509969e+00  1.69713463e+00
  1.71745663e+00  1.72070462e+00  1.74607832e+00  1.75599696e+00
  1.76605464e+00  1.77847387e+00  1.81837919e+00  1.86953642e+00
  1.88022543e+00  1.90140666e+00  1.93308399e+00  1.96626044e+00
  2.02186119e+00  2.02877439e+00  2.08459801e+00  2.10316187e+00
  2.12914972e+00  2.13981782e+00  2.16373607e+00  2.17008054e+00
  2.24212022e+00  2.24574364e+00  2.24695855e+00  2.29783676e+00
  2.34328824e+00  2.35917754e+00  2.37854406e+00  2.42617813e+00
  2.44603795e+00  2.45308545e+00  2.47949588e+00  2.49641231e+00
  2.51829370e+00  2.53951109e+00  2.56035500e+00  2.57428260e+00
  2.57790178e+00  2.59614668e+00  2.61604317e+00  2.62832771e+00
  2.65478835e+00  2.69699048e+00  2.74106539e+00  2.74476317e+00
  2.74603449e+00  2.84073606e+00  2.92395670e+00  2.93448841e+00
  2.93949814e+00  2.95791535e+00  3.01228764e+00  3.15940745e+00
  3.16516803e+00  3.33893427e+00  3.40633535e+00  3.43612060e+00
  3.59692241e+00  3.62276847e+00  3.73421197e+00  3.73579113e+00
  3.74562015e+00  3.85590668e+00  3.94706723e+00  3.99169390e+00
  4.03200484e+00  4.36838859e+00  4.46042809e+00  5.22186917e+00
  9.58576238e+00  2.35873504e+01  2.38432555e+01  2.38608266e+01
  2.40059143e+01  2.41445787e+01  2.41678585e+01  2.54832405e+01
  2.54937361e+01  2.60682888e+01  3.56255151e+01  2.15531181e+02]
nelec by numeric integration = 68.00000004315537
    CPU time for vxc     81.96 sec, wall time      2.93 sec
E1 = -1776.6076120943667  Ecoul = 719.2595622382402  Exc = -70.50825248247386
cycle= 4 E= -748.233253489018  delta_E= -0.00154  |g|= 0.0442  |ddm|= 0.0896
    CPU time for cycle= 4     83.63 sec, wall time      2.99 sec
  HOMO = -0.267740994449301  LUMO = -0.0497684158375282
  mo_energy =
[-1.01514383e+02 -1.43193210e+01 -1.02215590e+01 -1.02211262e+01
 -1.02069934e+01 -1.02044258e+01 -1.01952140e+01 -1.01951553e+01
 -9.42810577e+00 -7.19231053e+00 -7.18316138e+00 -7.18315113e+00
 -9.62721334e-01 -8.23311636e-01 -8.17920759e-01 -7.87010679e-01
 -6.60342924e-01 -6.47533511e-01 -6.46103621e-01 -5.48151792e-01
 -5.01280587e-01 -4.81899946e-01 -4.52947139e-01 -4.30501838e-01
 -4.28269807e-01 -4.24031847e-01 -4.14541451e-01 -3.87568966e-01
 -3.77114133e-01 -3.03276479e-01 -2.89125369e-01 -2.77072964e-01
 -2.76139981e-01 -2.67740994e-01 -4.97684158e-02 -2.71939006e-02
  2.75950270e-02  5.13973996e-02  6.02446776e-02  6.81384867e-02
  8.96227090e-02  9.20993656e-02  1.16626822e-01  1.24968556e-01
  1.26984968e-01  1.57330157e-01  2.12978459e-01  2.46528733e-01
  2.67206716e-01  2.70903180e-01  2.88346067e-01  3.00600697e-01
  3.01002163e-01  3.11588201e-01  3.15175673e-01  3.25536171e-01
  3.64745789e-01  3.73437322e-01  3.76370640e-01  3.85553723e-01
  4.00641186e-01  4.20089954e-01  4.26680017e-01  4.34524707e-01
  4.51176947e-01  4.74910676e-01  5.07190783e-01  5.28001722e-01
  5.37641318e-01  5.41807178e-01  5.63614685e-01  5.83694734e-01
  5.87131243e-01  6.00396193e-01  6.09090961e-01  6.27310771e-01
  6.39942707e-01  6.64787055e-01  7.14047314e-01  7.20611935e-01
  7.22970720e-01  7.49087083e-01  7.67305624e-01  7.81668886e-01
  8.31672774e-01  8.33623659e-01  8.58883044e-01  8.61667149e-01
  8.77272811e-01  9.07238297e-01  9.07298356e-01  9.38831482e-01
  9.46485515e-01  9.86023170e-01  1.00945992e+00  1.01588663e+00
  1.04802300e+00  1.06255272e+00  1.09306537e+00  1.14813549e+00
  1.15292882e+00  1.17972597e+00  1.18645917e+00  1.27960764e+00
  1.30134700e+00  1.33986866e+00  1.43184084e+00  1.43453256e+00
  1.44617542e+00  1.48025485e+00  1.49596103e+00  1.50600823e+00
  1.52505187e+00  1.53116662e+00  1.57311419e+00  1.57346659e+00
  1.58209874e+00  1.63379241e+00  1.68640025e+00  1.69789565e+00
  1.71558210e+00  1.71974880e+00  1.74707948e+00  1.75682976e+00
  1.76701320e+00  1.77850459e+00  1.81782305e+00  1.87073074e+00
  1.88326374e+00  1.90420405e+00  1.93468796e+00  1.96563491e+00
  2.02077869e+00  2.03123457e+00  2.08566396e+00  2.10212669e+00
  2.12821638e+00  2.13960237e+00  2.16547201e+00  2.16994580e+00
  2.24287091e+00  2.24490516e+00  2.24689333e+00  2.29911118e+00
  2.34427630e+00  2.35756975e+00  2.37669430e+00  2.42659701e+00
  2.44377497e+00  2.45415419e+00  2.47762292e+00  2.49425729e+00
  2.51640401e+00  2.53901678e+00  2.56053421e+00  2.57770728e+00
  2.57844616e+00  2.59655159e+00  2.61750192e+00  2.62906736e+00
  2.65624168e+00  2.69636681e+00  2.74327307e+00  2.74595600e+00
  2.74755453e+00  2.84078695e+00  2.92262250e+00  2.93483183e+00
  2.93958388e+00  2.96148073e+00  3.01068923e+00  3.16219392e+00
  3.16456194e+00  3.34251348e+00  3.40884822e+00  3.43975311e+00
  3.59721810e+00  3.62011450e+00  3.73177095e+00  3.73339915e+00
  3.74385330e+00  3.84899337e+00  3.94955161e+00  3.99407099e+00
  4.03474579e+00  4.37077436e+00  4.45514153e+00  5.21812397e+00
  9.58765692e+00  2.35914531e+01  2.38457013e+01  2.38584459e+01
  2.40112750e+01  2.41476358e+01  2.41719341e+01  2.54847008e+01
  2.54951974e+01  2.60699416e+01  3.56151445e+01  2.15537020e+02]
nelec by numeric integration = 68.00000004332252
    CPU time for vxc     82.49 sec, wall time      2.95 sec
E1 = -1776.5938033243033  Ecoul = 719.2439354684324  Exc = -70.50685939065488
cycle= 5 E= -748.233678396943  delta_E= -0.000425  |g|= 0.0114  |ddm|= 0.0443
    CPU time for cycle= 5     84.15 sec, wall time      3.01 sec
  HOMO = -0.266719649123136  LUMO = -0.0495263985983647
  mo_energy =
[-1.01511131e+02 -1.43179986e+01 -1.02181843e+01 -1.02178131e+01
 -1.02086496e+01 -1.02019946e+01 -1.01967431e+01 -1.01967167e+01
 -9.42596784e+00 -7.19005939e+00 -7.18092810e+00 -7.18091770e+00
 -9.61551113e-01 -8.22826524e-01 -8.18089140e-01 -7.86364458e-01
 -6.59535917e-01 -6.47123543e-01 -6.45626139e-01 -5.47915954e-01
 -5.01033296e-01 -4.81846576e-01 -4.52525979e-01 -4.29713224e-01
 -4.28415303e-01 -4.23252577e-01 -4.13914926e-01 -3.86784243e-01
 -3.77033491e-01 -3.03361939e-01 -2.88671423e-01 -2.76409425e-01
 -2.75493445e-01 -2.66719649e-01 -4.95263986e-02 -2.67849488e-02
  2.78273213e-02  5.15767089e-02  6.04592040e-02  6.88258977e-02
  8.98423662e-02  9.20820843e-02  1.17069475e-01  1.25204625e-01
  1.27355015e-01  1.57751536e-01  2.13390271e-01  2.46416266e-01
  2.67211284e-01  2.70806962e-01  2.88747462e-01  3.01135602e-01
  3.01507767e-01  3.12018233e-01  3.15622053e-01  3.25857281e-01
  3.65115547e-01  3.73391779e-01  3.76697484e-01  3.85778081e-01
  4.00334225e-01  4.20362573e-01  4.26785666e-01  4.34804777e-01
  4.51380467e-01  4.75769020e-01  5.07555401e-01  5.28721486e-01
  5.38307926e-01  5.41568963e-01  5.63747166e-01  5.84213121e-01
  5.86829999e-01  6.01096864e-01  6.09423742e-01  6.28293306e-01
  6.39660776e-01  6.65178845e-01  7.13620757e-01  7.20380390e-01
  7.23854997e-01  7.49431861e-01  7.67723454e-01  7.82238794e-01
  8.32187633e-01  8.34148050e-01  8.59713774e-01  8.62353747e-01
  8.77870773e-01  9.07995677e-01  9.08001779e-01  9.38678980e-01
  9.46745532e-01  9.86030548e-01  1.01003410e+00  1.01574642e+00
  1.04878743e+00  1.06271416e+00  1.09313693e+00  1.14873690e+00
  1.15368510e+00  1.18052645e+00  1.18733541e+00  1.28014592e+00
  1.30215777e+00  1.34040451e+00  1.43216568e+00  1.43443154e+00
  1.44672312e+00  1.48023776e+00  1.49668341e+00  1.50671755e+00
  1.52471170e+00  1.53128321e+00  1.57330408e+00  1.57377514e+00
  1.58228586e+00  1.63457000e+00  1.68646729e+00  1.69832633e+00
  1.71620797e+00  1.72030480e+00  1.74735354e+00  1.75693008e+00
  1.76711382e+00  1.77881478e+00  1.81842484e+00  1.87086311e+00
  1.88283217e+00  1.90389712e+00  1.93501070e+00  1.96625768e+00
  2.02146334e+00  2.03103675e+00  2.08607069e+00  2.10285734e+00
  2.12897975e+00  2.14049517e+00  2.16530928e+00  2.17047083e+00
  2.24313741e+00  2.24570317e+00  2.24729769e+00  2.29939171e+00
  2.34454606e+00  2.35833722e+00  2.37771607e+00  2.42707598e+00
  2.44435016e+00  2.45439584e+00  2.47839611e+00  2.49530178e+00
  2.51735282e+00  2.53986477e+00  2.56094636e+00  2.57741146e+00
  2.57871504e+00  2.59684938e+00  2.61732477e+00  2.62911266e+00
  2.65619551e+00  2.69701588e+00  2.74369728e+00  2.74605859e+00
  2.74762084e+00  2.84193381e+00  2.92352574e+00  2.93543967e+00
  2.94029017e+00  2.96117054e+00  3.01130679e+00  3.16231094e+00
  3.16511702e+00  3.34231999e+00  3.40905248e+00  3.43943421e+00
  3.59772658e+00  3.62162976e+00  3.73282299e+00  3.73447042e+00
  3.74534120e+00  3.85020216e+00  3.94951446e+00  3.99411253e+00
  4.03446990e+00  4.37060970e+00  4.45629609e+00  5.21928836e+00
  9.58940857e+00  2.35916619e+01  2.38467335e+01  2.38606901e+01
  2.40110216e+01  2.41483467e+01  2.41720851e+01  2.54862626e+01
  2.54967593e+01  2.60715797e+01  3.56164724e+01  2.15540119e+02]
nelec by numeric integration = 68.00000004337525
    CPU time for vxc     83.35 sec, wall time      2.99 sec
E1 = -1776.54076542738  Ecoul = 719.1874506677931  Exc = -70.50344325536432
cycle= 6 E= -748.233709165369  delta_E= -3.08e-05  |g|= 0.00419  |ddm|= 0.0119
    CPU time for cycle= 6     84.98 sec, wall time      3.05 sec
  HOMO = -0.266915916189588  LUMO = -0.0495845986996262
  mo_energy =
[-1.01511789e+02 -1.43181674e+01 -1.02193303e+01 -1.02189047e+01
 -1.02080381e+01 -1.02022307e+01 -1.01966501e+01 -1.01966138e+01
 -9.42642557e+00 -7.19053419e+00 -7.18140569e+00 -7.18139525e+00
 -9.62051934e-01 -8.23019813e-01 -8.18163560e-01 -7.86686664e-01
 -6.59628205e-01 -6.47240945e-01 -6.45783563e-01 -5.48010012e-01
 -5.01207030e-01 -4.81861645e-01 -4.52758286e-01 -4.29900487e-01
 -4.28391564e-01 -4.23393679e-01 -4.14142786e-01 -3.86963998e-01
 -3.77104886e-01 -3.03387104e-01 -2.88937987e-01 -2.76609921e-01
 -2.75690993e-01 -2.66915916e-01 -4.95845987e-02 -2.69873105e-02
  2.77973099e-02  5.15590962e-02  6.04206474e-02  6.87183952e-02
  8.98242078e-02  9.21360477e-02  1.16973082e-01  1.25182291e-01
  1.27243763e-01  1.57667280e-01  2.13239425e-01  2.46442971e-01
  2.67201705e-01  2.70816082e-01  2.88635670e-01  3.01008793e-01
  3.01387829e-01  3.11888731e-01  3.15505322e-01  3.25718960e-01
  3.64991174e-01  3.73333018e-01  3.76588042e-01  3.85700478e-01
  4.00409985e-01  4.20222228e-01  4.26775966e-01  4.34646631e-01
  4.51305048e-01  4.75523596e-01  5.07415593e-01  5.28532498e-01
  5.38204887e-01  5.41607579e-01  5.63672645e-01  5.84124254e-01
  5.86818477e-01  6.00960193e-01  6.09349834e-01  6.28079732e-01
  6.39628934e-01  6.65070055e-01  7.13722610e-01  7.20428012e-01
  7.23687046e-01  7.49316940e-01  7.67575756e-01  7.82128826e-01
  8.32002032e-01  8.34015915e-01  8.59508223e-01  8.62168874e-01
  8.77709459e-01  9.07761527e-01  9.07775298e-01  9.38635813e-01
  9.46680243e-01  9.86024728e-01  1.00984428e+00  1.01568063e+00
  1.04859899e+00  1.06257627e+00  1.09309646e+00  1.14854414e+00
  1.15353148e+00  1.18036705e+00  1.18707039e+00  1.28005271e+00
  1.30188476e+00  1.34018214e+00  1.43196169e+00  1.43441885e+00
  1.44664960e+00  1.48017674e+00  1.49656807e+00  1.50660305e+00
  1.52480221e+00  1.53121814e+00  1.57323842e+00  1.57370955e+00
  1.58222897e+00  1.63441167e+00  1.68644119e+00  1.69819108e+00
  1.71609108e+00  1.72019946e+00  1.74723212e+00  1.75690888e+00
  1.76709010e+00  1.77874712e+00  1.81825620e+00  1.87083202e+00
  1.88290304e+00  1.90395244e+00  1.93485461e+00  1.96610955e+00
  2.02131351e+00  2.03103473e+00  2.08586847e+00  2.10267846e+00
  2.12879006e+00  2.14020305e+00  2.16529591e+00  2.17035180e+00
  2.24308657e+00  2.24551874e+00  2.24719258e+00  2.29924841e+00
  2.34446434e+00  2.35826112e+00  2.37741576e+00  2.42697348e+00
  2.44427440e+00  2.45435904e+00  2.47827882e+00  2.49514335e+00
  2.51720350e+00  2.53959190e+00  2.56089403e+00  2.57737225e+00
  2.57862853e+00  2.59681109e+00  2.61743873e+00  2.62914164e+00
  2.65620875e+00  2.69681207e+00  2.74352754e+00  2.74601659e+00
  2.74748547e+00  2.84148189e+00  2.92329270e+00  2.93520310e+00
  2.94002846e+00  2.96110197e+00  3.01121106e+00  3.16230805e+00
  3.16497766e+00  3.34222094e+00  3.40885003e+00  3.43939347e+00
  3.59752915e+00  3.62121571e+00  3.73269757e+00  3.73433386e+00
  3.74487600e+00  3.84993837e+00  3.94943321e+00  3.99403634e+00
  4.03448922e+00  4.37057273e+00  4.45604188e+00  5.21895062e+00
  9.58901855e+00  2.35914424e+01  2.38462232e+01  2.38604525e+01
  2.40111244e+01  2.41478851e+01  2.41717950e+01  2.54858993e+01
  2.54963959e+01  2.60712184e+01  3.56162868e+01  2.15539491e+02]
nelec by numeric integration = 68.00000004334264
    CPU time for vxc     82.32 sec, wall time      2.94 sec
E1 = -1776.5603829772538  Ecoul = 719.2079707163178  Exc = -70.50435002328163
cycle= 7 E= -748.233713434635  delta_E= -4.27e-06  |g|= 0.000664  |ddm|= 0.0032
    CPU time for cycle= 7     83.94 sec, wall time      3.00 sec
  HOMO = -0.266905613608992  LUMO = -0.0495823931704714
  mo_energy =
[-1.01512208e+02 -1.43181868e+01 -1.02192266e+01 -1.02188292e+01
 -1.02082176e+01 -1.02024116e+01 -1.01965250e+01 -1.01965067e+01
 -9.42666184e+00 -7.19078974e+00 -7.18165804e+00 -7.18164760e+00
 -9.62025531e-01 -8.23065046e-01 -8.18183460e-01 -7.86630870e-01
 -6.59664120e-01 -6.47232728e-01 -6.45764210e-01 -5.47999284e-01
 -5.01183144e-01 -4.81835146e-01 -4.52718187e-01 -4.29915450e-01
 -4.28413564e-01 -4.23426434e-01 -4.14137542e-01 -3.87019086e-01
 -3.77091841e-01 -3.03396265e-01 -2.88889523e-01 -2.76664405e-01
 -2.75744317e-01 -2.66905614e-01 -4.95823932e-02 -2.69509986e-02
  2.77938143e-02  5.15364614e-02  6.04356890e-02  6.86903245e-02
  8.98290799e-02  9.21327557e-02  1.16974870e-01  1.25186331e-01
  1.27256502e-01  1.57669812e-01  2.13249869e-01  2.46448688e-01
  2.67208558e-01  2.70820113e-01  2.88635426e-01  3.00992696e-01
  3.01378155e-01  3.11873266e-01  3.15503346e-01  3.25699610e-01
  3.65008471e-01  3.73343268e-01  3.76607516e-01  3.85714738e-01
  4.00403107e-01  4.20252742e-01  4.26776572e-01  4.34654267e-01
  4.51301240e-01  4.75527795e-01  5.07439212e-01  5.28558132e-01
  5.38195467e-01  5.41609063e-01  5.63675009e-01  5.84115801e-01
  5.86840873e-01  6.00938164e-01  6.09344733e-01  6.28091616e-01
  6.39652587e-01  6.65069149e-01  7.13720001e-01  7.20426578e-01
  7.23687685e-01  7.49326642e-01  7.67577015e-01  7.82123940e-01
  8.32023997e-01  8.34019587e-01  8.59460300e-01  8.62130533e-01
  8.77681175e-01  9.07697713e-01  9.07718819e-01  9.38645504e-01
  9.46675760e-01  9.86021615e-01  1.00983293e+00  1.01569495e+00
  1.04861284e+00  1.06261014e+00  1.09309849e+00  1.14851620e+00
  1.15350430e+00  1.18034285e+00  1.18709401e+00  1.28005738e+00
  1.30191386e+00  1.34019983e+00  1.43199651e+00  1.43442586e+00
  1.44664172e+00  1.48017754e+00  1.49654274e+00  1.50657944e+00
  1.52480156e+00  1.53122647e+00  1.57324902e+00  1.57372321e+00
  1.58224647e+00  1.63442653e+00  1.68645426e+00  1.69821073e+00
  1.71607489e+00  1.72018121e+00  1.74726042e+00  1.75691582e+00
  1.76708999e+00  1.77875350e+00  1.81824847e+00  1.87084673e+00
  1.88290671e+00  1.90394859e+00  1.93488092e+00  1.96612142e+00
  2.02131925e+00  2.03104155e+00  2.08589755e+00  2.10263504e+00
  2.12874087e+00  2.14022990e+00  2.16529442e+00  2.17036814e+00
  2.24305972e+00  2.24546112e+00  2.24716044e+00  2.29928266e+00
  2.34448535e+00  2.35823409e+00  2.37743699e+00  2.42693234e+00
  2.44426872e+00  2.45432675e+00  2.47826311e+00  2.49509146e+00
  2.51716986e+00  2.53962256e+00  2.56090641e+00  2.57739229e+00
  2.57865078e+00  2.59682350e+00  2.61743160e+00  2.62914991e+00
  2.65622059e+00  2.69683051e+00  2.74351818e+00  2.74602455e+00
  2.74753195e+00  2.84153561e+00  2.92330989e+00  2.93523051e+00
  2.94005815e+00  2.96112217e+00  3.01120468e+00  3.16228991e+00
  3.16492125e+00  3.34225566e+00  3.40888887e+00  3.43941277e+00
  3.59755045e+00  3.62124928e+00  3.73264754e+00  3.73428721e+00
  3.74491113e+00  3.84993936e+00  3.94946729e+00  3.99406371e+00
  4.03448604e+00  4.37058202e+00  4.45605567e+00  5.21896861e+00
  9.58883202e+00  2.35914777e+01  2.38463102e+01  2.38602901e+01
  2.40110324e+01  2.41479832e+01  2.41718758e+01  2.54857372e+01
  2.54962338e+01  2.60710465e+01  3.56162684e+01  2.15539097e+02]
nelec by numeric integration = 68.00000004334943
    CPU time for vxc     82.21 sec, wall time      2.94 sec
E1 = -1776.5620493518195  Ecoul = 719.2098244309105  Exc = -70.50453743919078
cycle= 8 E= -748.233713510517  delta_E= -7.59e-08  |g|= 0.000247  |ddm|= 0.000592
    CPU time for cycle= 8     83.86 sec, wall time      3.00 sec
  HOMO = -0.266905653951418  LUMO = -0.0495757273112345
  mo_energy =
[-1.01512220e+02 -1.43181816e+01 -1.02192290e+01 -1.02188134e+01
 -1.02081486e+01 -1.02023885e+01 -1.01965779e+01 -1.01965486e+01
 -9.42664395e+00 -7.19077544e+00 -7.18164233e+00 -7.18163190e+00
 -9.62021792e-01 -8.23044309e-01 -8.18171433e-01 -7.86638068e-01
 -6.59652880e-01 -6.47229487e-01 -6.45766413e-01 -5.47995875e-01
 -5.01184007e-01 -4.81846006e-01 -4.52725409e-01 -4.29906310e-01
 -4.28400117e-01 -4.23413920e-01 -4.14132588e-01 -3.87003189e-01
 -3.77094345e-01 -3.03388132e-01 -2.88897230e-01 -2.76644340e-01
 -2.75724567e-01 -2.66905654e-01 -4.95757273e-02 -2.69578242e-02
  2.77965078e-02  5.15440437e-02  6.04315440e-02  6.87000537e-02
  8.98282523e-02  9.21343610e-02  1.16978326e-01  1.25187284e-01
  1.27257515e-01  1.57671634e-01  2.13251371e-01  2.46449658e-01
  2.67207551e-01  2.70820170e-01  2.88636743e-01  3.00997791e-01
  3.01385777e-01  3.11881391e-01  3.15507914e-01  3.25710471e-01
  3.65006776e-01  3.73343902e-01  3.76604253e-01  3.85712646e-01
  4.00407381e-01  4.20246789e-01  4.26777720e-01  4.34658943e-01
  4.51308349e-01  4.75532698e-01  5.07435176e-01  5.28556309e-01
  5.38201435e-01  5.41609330e-01  5.63679327e-01  5.84120973e-01
  5.86833560e-01  6.00947584e-01  6.09350345e-01  6.28093488e-01
  6.39644410e-01  6.65075896e-01  7.13720443e-01  7.20428796e-01
  7.23691403e-01  7.49326992e-01  7.67581273e-01  7.82128797e-01
  8.32022029e-01  8.34022135e-01  8.59477966e-01  8.62144541e-01
  8.77693408e-01  9.07724475e-01  9.07742897e-01  9.38645099e-01
  9.46678662e-01  9.86024939e-01  1.00983960e+00  1.01569480e+00
  1.04861324e+00  1.06260097e+00  1.09310549e+00  1.14852742e+00
  1.15351540e+00  1.18035348e+00  1.18709292e+00  1.28005875e+00
  1.30191059e+00  1.34019976e+00  1.43199134e+00  1.43442649e+00
  1.44664666e+00  1.48018370e+00  1.49655335e+00  1.50658945e+00
  1.52480160e+00  1.53122882e+00  1.57324906e+00  1.57372094e+00
  1.58224224e+00  1.63442592e+00  1.68645158e+00  1.69820994e+00
  1.71608310e+00  1.72018834e+00  1.74725324e+00  1.75691337e+00
  1.76709471e+00  1.77875341e+00  1.81825310e+00  1.87084585e+00
  1.88290541e+00  1.90395340e+00  1.93487808e+00  1.96612265e+00
  2.02132073e+00  2.03104195e+00  2.08589328e+00  2.10264926e+00
  2.12875625e+00  2.14023180e+00  2.16529747e+00  2.17036589e+00
  2.24306964e+00  2.24547742e+00  2.24717146e+00  2.29927443e+00
  2.34448180e+00  2.35824231e+00  2.37743909e+00  2.42694290e+00
  2.44427379e+00  2.45433400e+00  2.47826954e+00  2.49510593e+00
  2.51718080e+00  2.53962020e+00  2.56090548e+00  2.57739021e+00
  2.57864318e+00  2.59682145e+00  2.61743502e+00  2.62914597e+00
  2.65621671e+00  2.69683104e+00  2.74353460e+00  2.74602661e+00
  2.74751895e+00  2.84153171e+00  2.92331369e+00  2.93522955e+00
  2.94005730e+00  2.96112104e+00  3.01121024e+00  3.16229725e+00
  3.16493648e+00  3.34225082e+00  3.40888544e+00  3.43941158e+00
  3.59755266e+00  3.62125064e+00  3.73266073e+00  3.73429970e+00
  3.74491337e+00  3.84994285e+00  3.94945768e+00  3.99405824e+00
  4.03449327e+00  4.37058378e+00  4.45605911e+00  5.21897093e+00
  9.58885221e+00  2.35914764e+01  2.38462937e+01  2.38603110e+01
  2.40110780e+01  2.41479620e+01  2.41718568e+01  2.54857596e+01
  2.54962562e+01  2.60710660e+01  3.56162732e+01  2.15539088e+02]
nelec by numeric integration = 68.00000004334974
    CPU time for vxc     82.75 sec, wall time      2.96 sec
E1 = -1776.5614012365854  Ecoul = 719.2091407546884  Exc = -70.50450189215915
cycle= 9 E= -748.233713524474  delta_E= -1.4e-08  |g|= 5.08e-05  |ddm|= 0.000176
    CPU time for cycle= 9     84.39 sec, wall time      3.02 sec
  HOMO = -0.26691176771305  LUMO = -0.0495815600558706
  mo_energy =
[-1.01512192e+02 -1.43181941e+01 -1.02192324e+01 -1.02188284e+01
 -1.02081670e+01 -1.02023786e+01 -1.01965774e+01 -1.01965562e+01
 -9.42662174e+00 -7.19075278e+00 -7.18161940e+00 -7.18160897e+00
 -9.62028176e-01 -8.23039676e-01 -8.18173637e-01 -7.86642662e-01
 -6.59650266e-01 -6.47232477e-01 -6.45771405e-01 -5.48000194e-01
 -5.01189952e-01 -4.81848564e-01 -4.52728604e-01 -4.29906581e-01
 -4.28404694e-01 -4.23411611e-01 -4.14135192e-01 -3.86997012e-01
 -3.77098724e-01 -3.03393467e-01 -2.88901167e-01 -2.76634796e-01
 -2.75715529e-01 -2.66911768e-01 -4.95815601e-02 -2.69619302e-02
  2.77961886e-02  5.15451774e-02  6.04303650e-02  6.87028586e-02
  8.98273227e-02  9.21329350e-02  1.16976858e-01  1.25185634e-01
  1.27253949e-01  1.57671792e-01  2.13247837e-01  2.46446128e-01
  2.67205196e-01  2.70817069e-01  2.88637026e-01  3.01000088e-01
  3.01386751e-01  3.11883743e-01  3.15508490e-01  3.25715010e-01
  3.65003964e-01  3.73340680e-01  3.76601350e-01  3.85711358e-01
  4.00403995e-01  4.20244067e-01  4.26775168e-01  4.34656193e-01
  4.51304538e-01  4.75530538e-01  5.07432468e-01  5.28552934e-01
  5.38200928e-01  5.41606424e-01  5.63675884e-01  5.84119786e-01
  5.86830794e-01  6.00948244e-01  6.09348158e-01  6.28091226e-01
  6.39641672e-01  6.65073531e-01  7.13717148e-01  7.20425310e-01
  7.23688375e-01  7.49325319e-01  7.67578852e-01  7.82128431e-01
  8.32019172e-01  8.34021307e-01  8.59484628e-01  8.62150473e-01
  8.77696953e-01  9.07736881e-01  9.07753743e-01  9.38641609e-01
  9.46677598e-01  9.86022302e-01  1.00984041e+00  1.01568954e+00
  1.04860967e+00  1.06259805e+00  1.09310085e+00  1.14853055e+00
  1.15351817e+00  1.18035547e+00  1.18708876e+00  1.28005498e+00
  1.30190664e+00  1.34019511e+00  1.43198797e+00  1.43442259e+00
  1.44664582e+00  1.48017905e+00  1.49655453e+00  1.50659049e+00
  1.52479845e+00  1.53122416e+00  1.57324494e+00  1.57371906e+00
  1.58223843e+00  1.63442299e+00  1.68644900e+00  1.69820654e+00
  1.71608337e+00  1.72018893e+00  1.74725106e+00  1.75691144e+00
  1.76709062e+00  1.77875116e+00  1.81825345e+00  1.87084262e+00
  1.88290115e+00  1.90394876e+00  1.93487343e+00  1.96612004e+00
  2.02131915e+00  2.03103658e+00  2.08588991e+00  2.10265413e+00
  2.12876218e+00  2.14022719e+00  2.16529311e+00  2.17036310e+00
  2.24306984e+00  2.24548466e+00  2.24717331e+00  2.29927220e+00
  2.34447811e+00  2.35824255e+00  2.37743330e+00  2.42694598e+00
  2.44427266e+00  2.45433523e+00  2.47826950e+00  2.49510875e+00
  2.51718216e+00  2.53961452e+00  2.56090305e+00  2.57738444e+00
  2.57864036e+00  2.59681875e+00  2.61743257e+00  2.62914348e+00
  2.65621381e+00  2.69682621e+00  2.74352736e+00  2.74602204e+00
  2.74751384e+00  2.84152628e+00  2.92330762e+00  2.93522479e+00
  2.94005179e+00  2.96111508e+00  3.01120847e+00  3.16229407e+00
  3.16493860e+00  3.34224547e+00  3.40887969e+00  3.43940699e+00
  3.59754666e+00  3.62124518e+00  3.73266308e+00  3.73430181e+00
  3.74490784e+00  3.84993410e+00  3.94945375e+00  3.99405430e+00
  4.03448722e+00  4.37057732e+00  4.45605117e+00  5.21896323e+00
  9.58887152e+00  2.35914676e+01  2.38462875e+01  2.38603197e+01
  2.40110633e+01  2.41479560e+01  2.41718501e+01  2.54857779e+01
  2.54962745e+01  2.60710838e+01  3.56162609e+01  2.15539115e+02]
nelec by numeric integration = 68.00000004334947
    CPU time for vxc     83.83 sec, wall time      3.01 sec
E1 = -1776.5613413013161  Ecoul = 719.209074536641  Exc = -70.50449560989325
cycle= 10 E= -748.233713524986  delta_E= -5.12e-10  |g|= 2.36e-05  |ddm|= 7.01e-05
    CPU time for cycle= 10     85.45 sec, wall time      3.07 sec
  HOMO = -0.266910836555227  LUMO = -0.0495786019489763
  mo_energy =
[-1.01512206e+02 -1.43181941e+01 -1.02192331e+01 -1.02188120e+01
 -1.02081568e+01 -1.02023823e+01 -1.01965827e+01 -1.01965489e+01
 -9.42663626e+00 -7.19076728e+00 -7.18163388e+00 -7.18162345e+00
 -9.62025114e-01 -8.23044106e-01 -8.18173320e-01 -7.86639649e-01
 -6.59651571e-01 -6.47230499e-01 -6.45768761e-01 -5.47997354e-01
 -5.01186716e-01 -4.81846889e-01 -4.52726220e-01 -4.29906479e-01
 -4.28402370e-01 -4.23413050e-01 -4.14133787e-01 -3.87001458e-01
 -3.77096057e-01 -3.03390932e-01 -2.88898449e-01 -2.76641638e-01
 -2.75722028e-01 -2.66910837e-01 -4.95786019e-02 -2.69593613e-02
  2.77963238e-02  5.15441372e-02  6.04312166e-02  6.87009971e-02
  8.98279164e-02  9.21336908e-02  1.16977534e-01  1.25187179e-01
  1.27256178e-01  1.57671242e-01  2.13249807e-01  2.46448111e-01
  2.67206103e-01  2.70818990e-01  2.88636646e-01  3.00998914e-01
  3.01385687e-01  3.11882027e-01  3.15508017e-01  3.25711738e-01
  3.65005664e-01  3.73342645e-01  3.76603295e-01  3.85711365e-01
  4.00405920e-01  4.20245880e-01  4.26776725e-01  4.34657691e-01
  4.51307003e-01  4.75531516e-01  5.07434213e-01  5.28555189e-01
  5.38201289e-01  5.41607953e-01  5.63677598e-01  5.84120880e-01
  5.86832391e-01  6.00948239e-01  6.09349157e-01  6.28092888e-01
  6.39643001e-01  6.65075085e-01  7.13718986e-01  7.20427653e-01
  7.23688968e-01  7.49326020e-01  7.67580237e-01  7.82128053e-01
  8.32020559e-01  8.34021359e-01  8.59479305e-01  8.62145947e-01
  8.77694464e-01  9.07727664e-01  9.07745635e-01  9.38643694e-01
  9.46677600e-01  9.86023607e-01  1.00983932e+00  1.01569260e+00
  1.04861151e+00  1.06260009e+00  1.09310409e+00  1.14852774e+00
  1.15351584e+00  1.18035370e+00  1.18709173e+00  1.28005623e+00
  1.30190870e+00  1.34019735e+00  1.43199023e+00  1.43442480e+00
  1.44664637e+00  1.48018191e+00  1.49655397e+00  1.50658996e+00
  1.52480024e+00  1.53122684e+00  1.57324757e+00  1.57371939e+00
  1.58224145e+00  1.63442516e+00  1.68645075e+00  1.69820911e+00
  1.71608274e+00  1.72018788e+00  1.74725269e+00  1.75691234e+00
  1.76709297e+00  1.77875240e+00  1.81825224e+00  1.87084495e+00
  1.88290356e+00  1.90395138e+00  1.93487640e+00  1.96612160e+00
  2.02132007e+00  2.03103935e+00  2.08589212e+00  2.10265047e+00
  2.12875785e+00  2.14023020e+00  2.16529503e+00  2.17036479e+00
  2.24306930e+00  2.24547963e+00  2.24717159e+00  2.29927375e+00
  2.34448025e+00  2.35824278e+00  2.37743599e+00  2.42694334e+00
  2.44427327e+00  2.45433396e+00  2.47826991e+00  2.49510757e+00
  2.51718183e+00  2.53961742e+00  2.56090406e+00  2.57738763e+00
  2.57864187e+00  2.59682061e+00  2.61743388e+00  2.62914530e+00
  2.65621549e+00  2.69682845e+00  2.74353182e+00  2.74602468e+00
  2.74751637e+00  2.84153001e+00  2.92331095e+00  2.93522684e+00
  2.94005536e+00  2.96111861e+00  3.01120945e+00  3.16229553e+00
  3.16493734e+00  3.34224856e+00  3.40888371e+00  3.43940916e+00
  3.59755002e+00  3.62124804e+00  3.73266219e+00  3.73430099e+00
  3.74491135e+00  3.84993511e+00  3.94945629e+00  3.99405680e+00
  4.03449054e+00  4.37058049e+00  4.45605295e+00  5.21896564e+00
  9.58885855e+00  2.35914730e+01  2.38462920e+01  2.38603164e+01
  2.40110721e+01  2.41479599e+01  2.41718544e+01  2.54857654e+01
  2.54962621e+01  2.60710715e+01  3.56162611e+01  2.15539101e+02]
nelec by numeric integration = 68.00000004335008
    CPU time for vxc     83.39 sec, wall time      2.98 sec
E1 = -1776.561445112622  Ecoul = 719.2091864702022  Exc = -70.50450373194289
Extra cycle  E= -748.233713524781  delta_E= 2.06e-10  |g|= 3.65e-05  |ddm|= 4.97e-05
    CPU time for scf_cycle   1082.56 sec, wall time     39.16 sec
    CPU time for SCF   1082.56 sec, wall time     39.16 sec
converged SCF energy = -748.233713524781
Converting <class 'pyscf.dft.rks.RKS'> to RHF


******** <class 'pyscf.tdscf.rks.TDA'> for <class 'pyscf.dft.rks.RKS'> ********
nstates = 5 singlet
wfnsym = None
conv_tol = 1e-09
eigh lindep = 1e-12
eigh level_shift = 0
eigh max_space = 8
eigh max_cycle = 2000
chkfile = /scratch/global/yangjunjie/tmp64rkquxk
max_memory 127949 MB (current use 2268 MB)


davidson 0 5  |r|= 0.193  e= [0.17438924 0.19177204 0.207094   0.20956627 0.2738698 ]  max|de|= 0.274  lindep=    1
davidson 1 10  |r|= 0.0555  e= [0.17141787 0.19069401 0.20692166 0.20703932 0.21751406]  max|de|= -0.0564  lindep= 0.744
Old state -> New state
    3     ->     2 
    2     ->     3 
davidson 2 15  |r|= 0.0245  e= [0.17126778 0.19064715 0.20683402 0.20692039 0.21075107]  max|de|= -0.00676  lindep= 0.794
davidson 3 20  |r|= 0.00635  e= [0.17126334 0.19064466 0.20679057 0.20692028 0.21006419]  max|de|= -0.000687  lindep= 0.752
davidson 4 5  |r|= 0.00635  e= [0.17126334 0.19064466 0.20679057 0.20692028 0.21006419]  max|de|= 4.72e-16  lindep=    1
davidson 5 10  |r|= 0.00289  e= [0.17126322 0.19064452 0.20678783 0.20692026 0.2100093 ]  max|de|= -5.49e-05  lindep= 0.692
davidson 6 15  |r|= 0.0026  e= [0.17126321 0.19064451 0.20678703 0.20692026 0.20997179]  max|de|= -3.75e-05  lindep= 0.769
root 0 converged  |r|= 3.54e-06  e= 0.17126320674122164  max|de|= -2.66e-10
root 1 converged  |r|= 5.56e-06  e= 0.1906445061036291  max|de|= -9.63e-10
root 3 converged  |r|= 5.22e-06  e= 0.2069202596474782  max|de|= -5.3e-10
davidson 7 20  |r|= 0.000878  e= [0.17126321 0.19064451 0.20678684 0.20692026 0.20996177]  max|de|= -1e-05  lindep= 0.853
davidson 8 5  |r|= 0.000878  e= [0.17126321 0.19064451 0.20678684 0.20692026 0.20996177]  max|de|= -4.72e-16  lindep= 0.973
davidson 9 7  |r|= 0.000386  e= [0.17126321 0.19064451 0.20678683 0.20692026 0.20996104]  max|de|= -7.26e-07  lindep= 0.961
davidson 10 9  |r|= 0.0002  e= [0.17126321 0.19064451 0.20678681 0.20692026 0.20996078]  max|de|= -2.63e-07  lindep= 0.734
davidson 11 11  |r|= 9.77e-05  e= [0.17126321 0.19064451 0.20678681 0.20692026 0.20996074]  max|de|= -4.64e-08  lindep= 0.856
root 2 converged  |r|= 6.97e-06  e= 0.2067868101089587  max|de|= -5e-10
davidson 12 13  |r|= 5.48e-05  e= [0.17126321 0.19064451 0.20678681 0.20692026 0.20996072]  max|de|= -1.49e-08  lindep= 0.687
davidson 13 14  |r|= 3.05e-05  e= [0.17126321 0.19064451 0.20678681 0.20692026 0.20996071]  max|de|= -6e-09  lindep= 0.794
davidson 14 15  |r|= 1.27e-05  e= [0.17126321 0.19064451 0.20678681 0.20692026 0.20996071]  max|de|= -1.11e-09  lindep= 0.772
root 4 converged  |r|= 6.34e-06  e= 0.20996071336678135  max|de|= -2.59e-10
converged 15 16  |r|= 6.34e-06  e= [0.17126321 0.19064451 0.20678681 0.20692026 0.20996071]  max|de|= -2.59e-10
    CPU time for TDA   2834.68 sec, wall time    105.57 sec
Excited State energies (eV)
[4.66030923 5.18770125 5.62695571 5.63058706 5.71332202]
