 
:: initializing oneAPI environment ...
   slurm_script: BASH_VERSION = 4.2.46(1)-release
   args: Using "$@" for setvars.sh arguments: --force
:: advisor -- latest
:: ccl -- latest
:: clck -- latest
:: compiler -- latest
:: dal -- latest
:: debugger -- latest
:: dev-utilities -- latest
:: dnnl -- latest
:: dpcpp-ct -- latest
:: dpl -- latest
:: inspector -- latest
:: intelpython -- latest
:: ipp -- latest
:: ippcp -- latest
:: ipp -- latest
:: itac -- latest
:: mkl -- latest
:: mpi -- latest
:: tbb -- latest
:: vpl -- latest
:: vtune -- latest
:: oneAPI environment initialized ::
 
SLURM_CPUS_PER_TASK = 28
SLURM_MEM_PER_NODE = 256000
#INFO: **** input file is /home/yangjunjie/work/py-ch3-cl/work/step_-9/main.py ****
import sys
import pyscf
from pyscf import tdscf

def main(xyz_file, basis="631g*", xc="b3lyp", output="ene.out"):
    xyz = None

    with open(xyz_file, "r") as xyz:
        xyz = xyz.readlines()[2:]
        xyz = "".join(xyz)

    mol = pyscf.gto.Mole()
    mol.atom = xyz
    mol.basis = basis
    mol.verbose = 5
    mol.build()

    if xc is not None and xc != "hf":
        mf = pyscf.scf.RKS(mol)
        mf.xc = xc
        mf.kernel()
    else:
        mf = pyscf.scf.RHF(mol)
        mf.kernel()

    ene_mf = mf.e_tot

    with open(output, "w") as f:
        tda = pyscf.tdscf.TDA(mf)
        tda.nstates = 5
        tda.max_space = 8
        tda.max_cycle = 2000
        tda.kernel()

        con_tda = tda.converged
        ene_tda = tda.e[:5]
        dip_tda = tda.transition_dipole()[:5]

        f.write(f"RKS energy: {ene_mf: 12.8f}\n")
        f.write("TDA results:\n")
        for i, (con, ene, dip) in enumerate(zip(con_tda, ene_tda, dip_tda)):
            f.write(f" {i:2d} {con} {ene: 12.8f} {dip[0]: 12.8f} {dip[1]: 12.8f} {dip[2]: 12.8f}\n")

        # rpa = pyscf.tdscf.RPA(mf)
        # rpa.nstates = 5
        # rpa.max_space = 8
        # rpa.max_cycle = 2000
        # rpa.kernel()

        # con_rpa = rpa.converged
        # ene_rpa = rpa.e[:5]
        # dip_rpa = rpa.transition_dipole()[:5]
        
        # f.write("\nRPA results:\n")
        # for i, (con, ene, dip) in enumerate(zip(con_rpa, ene_rpa, dip_rpa)):
        #     f.write(f" {i:2d} {con} {ene: 12.8f} {dip[0]: 12.8f} {dip[1]: 12.8f} {dip[2]: 12.8f}\n")

if __name__ == "__main__":
    xyz = sys.argv[1]
    main(xyz, basis="6311g**", xc="b3lyp", output="out.log")
#INFO: ******************** input file end ********************


System: uname_result(system='Linux', node='pauling005', release='3.10.0-327.36.3.el7.x86_64', version='#1 SMP Thu Oct 20 04:56:07 EDT 2016', machine='x86_64')  Threads 28
Python 3.9.7 (default, Oct 27 2021, 01:23:21) 
[GCC 9.3.0]
numpy 1.21.2  scipy 1.6.2
Date: Tue Sep 27 23:51:24 2022
PySCF version 2.0.1
PySCF path  /home/yangjunjie/packages/pyscf/pyscf-main
GIT ORIG_HEAD 14b880cdc4bf7bb64f3989a147c0b04622efc498
GIT HEAD (branch master) 9d5b5bd309d1cc55fbd1a0ec76e26b5b0c7f76af

[ENV] PYSCF_MAX_MEMORY 256000
[ENV] PYSCF_TMPDIR /scratch/global/yangjunjie/
[CONFIG] conf_file /home/yangjunjie/.pyscf_conf.py
[INPUT] verbose = 5
[INPUT] max_memory = 256000 
[INPUT] num. atoms = 16
[INPUT] num. electrons = 68
[INPUT] charge = 0
[INPUT] spin (= nelec alpha-beta = 2S) = 0
[INPUT] symmetry False subgroup None
[INPUT] Mole.unit = angstrom
[INPUT]  1 C      0.000000010000   1.161814110000   1.108082870000 AA    0.000000018897   2.195510475555   2.093973147622 Bohr
[INPUT]  2 C      0.000000000000   1.197047260000   2.467045750000 AA    0.000000000000   2.262091479561   4.662040804272 Bohr
[INPUT]  3 C     -0.000000010000  -0.012351220000   3.176808600000 AA   -0.000000018897  -0.023340423104   6.003298204163 Bohr
[INPUT]  4 C     -0.000000010000  -1.210092440000   2.442367220000 AA   -0.000000018897  -2.286743297007   4.615405141415 Bohr
[INPUT]  5 C      0.000000000000  -1.145142930000   1.085427300000 AA    0.000000000000  -2.164006511182   2.051160325126 Bohr
[INPUT]  6 N      0.000000010000   0.013081130000   0.418038370000 AA    0.000000018897   0.024719753100   0.789978028860 Bohr
[INPUT]  7 C      0.000000000000   0.002393020000  -2.059279250000 AA    0.000000000000   0.004522152411  -3.891473796500 Bohr
[INPUT]  8 H      0.000000020000   2.064637670000   0.487292630000 AA    0.000000037795   3.901599742760   0.920849613219 Bohr
[INPUT]  9 H      0.000000000000   2.154540720000   2.997125450000 AA    0.000000000000   4.071491885023   5.663746261464 Bohr
[INPUT] 10 H     -0.000000010000  -0.023415980000   4.246178930000 AA   -0.000000018897  -0.044249789138   8.024115253599 Bohr
[INPUT] 11 H     -0.000000020000  -2.176507750000   2.955035990000 AA   -0.000000037795  -4.113003555493   5.584208709333 Bohr
[INPUT] 12 H      0.000000000000  -2.037146990000   0.445094050000 AA    0.000000000000  -3.849649886582   0.841105854173 Bohr
[INPUT] 13 H     -0.000000030000   1.036450280000  -1.713716900000 AA   -0.000000056692   1.958607170929  -3.238455596039 Bohr
[INPUT] 14 H     -0.894975600000  -0.507927590000  -1.701682810000 AA   -1.691258772168  -0.959844036210  -3.215714461780 Bohr
[INPUT] 15 H      0.894975630000  -0.507927550000  -1.701682820000 AA    1.691258828860  -0.959843960621  -3.215714480678 Bohr
[INPUT] 16 Cl    -0.000000010000  -0.001189140000  -3.878389890000 AA   -0.000000018897  -0.002247148924  -7.329094696382 Bohr
[INPUT] ---------------- BASIS SET ---------------- 
[INPUT] l, kappa, [nprim/nctr], expnt,             c_1 c_2 ...
[INPUT] C
[INPUT] 0    0    [6    /1   ]  4563.24           0.00196665
                                682.024           0.0152306
                                154.973           0.0761269
                                44.4553           0.260801
                                13.029            0.616462
                                1.82773           0.221006
[INPUT] 0    0    [3    /1   ]  20.9642           0.11466
                                4.80331           0.919999
                                1.45933           -0.00303068
[INPUT] 0    0    [1    /1   ]  0.483456             1
[INPUT] 0    0    [1    /1   ]  0.145585             1
[INPUT] 1    0    [3    /1   ]  20.9642           0.0402487
                                4.80331           0.237594
                                1.45933           0.815854
[INPUT] 1    0    [1    /1   ]  0.483456             1
[INPUT] 1    0    [1    /1   ]  0.145585             1
[INPUT] 2    0    [1    /1   ]  0.626                1
[INPUT] N
[INPUT] 0    0    [6    /1   ]  6293.48           0.00196979
                                949.044           0.0149613
                                218.776           0.0735006
                                63.6916           0.248937
                                18.8282           0.60246
                                2.72023           0.256202
[INPUT] 0    0    [3    /1   ]  30.6331           0.111906
                                7.02614           0.921666
                                2.11205           -0.00256919
[INPUT] 0    0    [1    /1   ]  0.684009             1
[INPUT] 0    0    [1    /1   ]  0.200878             1
[INPUT] 1    0    [3    /1   ]  30.6331           0.0383119
                                7.02614           0.237403
                                2.11205           0.817592
[INPUT] 1    0    [1    /1   ]  0.684009             1
[INPUT] 1    0    [1    /1   ]  0.200878             1
[INPUT] 2    0    [1    /1   ]  0.913                1
[INPUT] H
[INPUT] 0    0    [3    /1   ]  33.865            0.0254938
                                5.09479           0.190373
                                1.15879           0.852161
[INPUT] 0    0    [1    /1   ]  0.32584              1
[INPUT] 0    0    [1    /1   ]  0.102741             1
[INPUT] 1    0    [1    /1   ]  0.75                 1
[INPUT] Cl
[INPUT] 0    0    [6    /1   ]  105819            0.000738
                                15872             0.005718
                                3619.65           0.029495
                                1030.8            0.117286
                                339.908           0.362949
                                124.538           0.584149
[INPUT] 0    0    [3    /1   ]  124.538           0.134177
                                49.5135           0.62425
                                20.8056           0.291756
[INPUT] 0    0    [1    /1   ]  6.58346              1
[INPUT] 0    0    [1    /1   ]  2.56468              1
[INPUT] 0    0    [1    /1   ]  0.559763             1
[INPUT] 0    0    [1    /1   ]  0.183273             1
[INPUT] 1    0    [5    /1   ]  589.776           0.002391
                                139.849           0.018504
                                45.1413           0.081377
                                16.8733           0.221552
                                6.7411            0.772569
[INPUT] 1    0    [2    /1   ]  6.7411            -1.572244
                                2.77152           0.992389
[INPUT] 1    0    [1    /1   ]  1.02387              1
[INPUT] 1    0    [1    /1   ]  0.381368             1
[INPUT] 1    0    [1    /1   ]  0.109437             1
[INPUT] 2    0    [1    /1   ]  0.75                 1

nuclear repulsion = 379.623048849582
number of shells = 100
number of NR pGTOs = 329
number of NR cGTOs = 200
basis = 6311g**
ecp = {}
CPU time:         0.40


******** <class 'pyscf.dft.rks.RKS'> ********
method = RKS
initial guess = minao
damping factor = 0
level_shift factor = 0
DIIS = <class 'pyscf.scf.diis.CDIIS'>
diis_start_cycle = 1
diis_space = 8
SCF conv_tol = 1e-09
SCF conv_tol_grad = None
SCF max_cycles = 50
direct_scf = True
direct_scf_tol = 1e-13
chkfile to save SCF result = /scratch/global/yangjunjie/tmp1z6a2aw3
max_memory 256000 MB (current use 81 MB)
XC library pyscf.dft.libxc version 5.2.0
    S. Lehtola, C. Steigemann, M. J. Oliveira, and M. A. Marques, SoftwareX 7, 1 (2018)
XC functionals = b3lyp
    P. A. M. Dirac, Math. Proc. Cambridge Philos. Soc. 26, 376 (1930)
    F. Bloch, Z. Phys. 57, 545 (1929)
    A. D. Becke, Phys. Rev. A 38, 3098 (1988)
    C. Lee, W. Yang, and R. G. Parr, Phys. Rev. B 37, 785 (1988)
    B. Miehlich, A. Savin, H. Stoll, and H. Preuss, Chem. Phys. Lett. 157, 200 (1989)
    S. H. Vosko, L. Wilk, and M. Nusair, Can. J. Phys. 58, 1200 (1980)
radial grids: 
    Treutler-Ahlrichs [JCP 102, 346 (1995); DOI:10.1063/1.469408] (M4) radial grids
    
becke partition: Becke, JCP 88, 2547 (1988); DOI:10.1063/1.454033
pruning grids: <function nwchem_prune at 0x7ff1cd5bde50>
grids dens level: 3
symmetrized grids: False
atomic radii adjust function: <function treutler_atomic_radii_adjust at 0x7ff1cd5bddc0>
small_rho_cutoff = 1e-07
Set gradient conv threshold to 3.16228e-05
atom C rad-grids = 75, ang-grids = [ 50  50  50  50  50  50  50  50  50  50  50  50  50  50  50  50  50  50
  50  50  50  50  50  86  86  86  86  86  86  86  86  86  86 266 266 266
 266 266 266 266 302 302 302 302 302 302 302 302 302 302 302 302 302 302
 302 302 302 302 302 302 266 266 266 266 266 266 266 266 266 266 266 266
 266 266 266]
atom N rad-grids = 75, ang-grids = [ 50  50  50  50  50  50  50  50  50  50  50  50  50  50  50  50  50  50
  50  50  50  50  50  86  86  86  86  86  86  86  86  86 266 266 266 266
 266 266 266 302 302 302 302 302 302 302 302 302 302 302 302 302 302 302
 302 302 302 302 266 266 266 266 266 266 266 266 266 266 266 266 266 266
 266 266 266]
atom H rad-grids = 50, ang-grids = [ 50  50  50  50  50  50  50  50  50  50  50  50  50  50  86  86  86  86
 266 266 266 266 302 302 302 302 302 302 302 302 302 302 302 302 302 266
 266 266 266 266 266 266 266 266 266 266 266 266 266 266]
atom Cl rad-grids = 80, ang-grids = [ 50  50  50  50  50  50  50  50  50  50  50  50  50  50  50  50  50  50
  50  50  50  50  50  50  86  86  86  86  86  86  86  86  86  86  86  86
  86 350 350 350 350 350 350 350 350 350 434 434 434 434 434 434 434 434
 434 434 434 434 434 434 434 434 434 434 350 350 350 350 350 350 350 350
 350 350 350 350 350 350 350 350]
tot grids = 196530
Drop grids 29688
    CPU time for setting up grids      4.15 sec, wall time      0.17 sec
nelec by numeric integration = 67.99250266585355
    CPU time for vxc      7.79 sec, wall time      0.28 sec
E1 = -1773.097122105116  Ecoul = 714.8724325867026  Exc = -70.54327987130486
init E= -749.144920540136
cond(S) = 13505.497174851913
    CPU time for initialize scf     25.89 sec, wall time      1.02 sec
  HOMO = -0.300408002046753  LUMO = -0.107258787906198
  mo_energy =
[-1.01497575e+02 -1.43904362e+01 -1.02830445e+01 -1.02826513e+01
 -1.02792561e+01 -1.02787299e+01 -1.02784310e+01 -1.02782628e+01
 -9.51655518e+00 -7.27053519e+00 -7.26929565e+00 -7.26929416e+00
 -1.10126364e+00 -9.35552615e-01 -9.24853721e-01 -8.93478253e-01
 -7.56036917e-01 -7.11040825e-01 -7.05813296e-01 -5.79065853e-01
 -5.33292779e-01 -5.04611886e-01 -4.73005570e-01 -4.72280595e-01
 -4.64046875e-01 -4.62847831e-01 -4.37894068e-01 -4.31397235e-01
 -3.88239674e-01 -3.41547747e-01 -3.39794054e-01 -3.21658350e-01
 -3.02972868e-01 -3.00408002e-01 -1.07258788e-01 -7.69998443e-02
 -3.28287317e-02  1.53437404e-02  3.48409476e-02  4.52767129e-02
  6.44694910e-02  6.96187275e-02  7.73624267e-02  8.57541700e-02
  1.06008484e-01  1.31547162e-01  1.71961332e-01  2.07798918e-01
  2.29402284e-01  2.36723380e-01  2.39614918e-01  2.55375987e-01
  2.62453570e-01  2.69685042e-01  2.78516466e-01  2.78817537e-01
  3.35515027e-01  3.39462412e-01  3.49840035e-01  3.50173243e-01
  3.64193629e-01  3.94593024e-01  3.95958196e-01  3.99954529e-01
  4.27364191e-01  4.28630104e-01  4.79016099e-01  4.79156506e-01
  4.88886352e-01  5.12745394e-01  5.20572543e-01  5.36656711e-01
  5.49168003e-01  5.54101061e-01  5.71862681e-01  5.84908459e-01
  5.94461380e-01  6.32634598e-01  6.78439555e-01  6.83732701e-01
  6.87873507e-01  7.04594861e-01  7.20853397e-01  7.49656457e-01
  7.79516996e-01  7.88095465e-01  7.97681271e-01  8.03838217e-01
  8.04450443e-01  8.13167928e-01  8.33021104e-01  9.01251922e-01
  9.12550741e-01  9.52125425e-01  9.70116218e-01  9.70662488e-01
  1.02329829e+00  1.02848480e+00  1.05821364e+00  1.08885314e+00
  1.09207323e+00  1.11775492e+00  1.15192419e+00  1.23522293e+00
  1.25792411e+00  1.30528258e+00  1.38904988e+00  1.38975085e+00
  1.39693386e+00  1.43639351e+00  1.43755371e+00  1.44880133e+00
  1.48415471e+00  1.49627001e+00  1.53524063e+00  1.53585447e+00
  1.54481505e+00  1.59860802e+00  1.65867021e+00  1.65970780e+00
  1.66245518e+00  1.66637579e+00  1.71862938e+00  1.71968376e+00
  1.73468565e+00  1.73940488e+00  1.76717756e+00  1.83632306e+00
  1.83830283e+00  1.85354436e+00  1.88859102e+00  1.91023628e+00
  1.96420683e+00  1.98006792e+00  2.03398595e+00  2.04776036e+00
  2.05962345e+00  2.08873183e+00  2.12018481e+00  2.12326711e+00
  2.17335410e+00  2.17520372e+00  2.19817732e+00  2.25100823e+00
  2.29246253e+00  2.29504905e+00  2.32512801e+00  2.36631821e+00
  2.39031572e+00  2.40150250e+00  2.42481670e+00  2.42592649e+00
  2.45403080e+00  2.48433390e+00  2.52172270e+00  2.52476055e+00
  2.54194904e+00  2.56247672e+00  2.59293300e+00  2.60084756e+00
  2.62226967e+00  2.64495598e+00  2.68959820e+00  2.69607471e+00
  2.69644222e+00  2.79209816e+00  2.85968101e+00  2.87285192e+00
  2.88457306e+00  2.90775640e+00  2.95328096e+00  3.09234207e+00
  3.09349680e+00  3.27412447e+00  3.34492783e+00  3.37849332e+00
  3.53128188e+00  3.56595410e+00  3.66029207e+00  3.66307271e+00
  3.69093236e+00  3.78814027e+00  3.89740776e+00  3.94418040e+00
  3.97870830e+00  4.30788058e+00  4.38469696e+00  5.15338918e+00
  9.50043890e+00  2.35264052e+01  2.37814263e+01  2.37897920e+01
  2.39497294e+01  2.40818450e+01  2.41033730e+01  2.53921660e+01
  2.54027336e+01  2.59926674e+01  3.55492535e+01  2.15554388e+02]
nelec by numeric integration = 68.00003618000534
    CPU time for vxc      7.26 sec, wall time      0.27 sec
E1 = -1780.305845328391  Ecoul = 723.284667375523  Exc = -70.79486463237032
cycle= 1 E= -748.192993735656  delta_E= 0.952  |g|= 0.393  |ddm|= 3.33
    CPU time for cycle= 1      8.78 sec, wall time      0.32 sec
  HOMO = -0.201070854789629  LUMO = -0.00778242665926383
  mo_energy =
[-1.01407535e+02 -1.41764159e+01 -1.01745469e+01 -1.01727756e+01
 -1.01414560e+01 -1.01408040e+01 -1.00900867e+01 -1.00900530e+01
 -9.33235233e+00 -7.09554983e+00 -7.08586360e+00 -7.08585453e+00
 -9.03099654e-01 -7.79677646e-01 -7.67236153e-01 -7.43277354e-01
 -6.21796404e-01 -6.09948852e-01 -6.03730194e-01 -5.19900088e-01
 -4.56690867e-01 -4.48731524e-01 -4.21076870e-01 -4.01474307e-01
 -3.98246700e-01 -3.91036913e-01 -3.73191426e-01 -3.44437303e-01
 -3.40941048e-01 -2.57220661e-01 -2.51788848e-01 -2.33446775e-01
 -2.32305568e-01 -2.01070855e-01 -7.78242666e-03  7.15679436e-03
  3.75956869e-02  6.30830492e-02  6.70715700e-02  9.62379635e-02
  9.72700672e-02  9.97873385e-02  1.31700844e-01  1.32105277e-01
  1.62636982e-01  1.66583350e-01  2.39744844e-01  2.68175626e-01
  2.84711883e-01  2.90986200e-01  3.12008103e-01  3.18274151e-01
  3.24746652e-01  3.34817060e-01  3.36389712e-01  3.49237562e-01
  3.88331252e-01  3.98212657e-01  4.00127654e-01  4.10088903e-01
  4.21393040e-01  4.42833003e-01  4.46045337e-01  4.62353394e-01
  4.71054528e-01  5.06925592e-01  5.31205056e-01  5.50737081e-01
  5.58690612e-01  5.66425227e-01  5.92165962e-01  6.06847646e-01
  6.17410093e-01  6.22603174e-01  6.34251581e-01  6.50665271e-01
  6.70957048e-01  6.85133934e-01  7.35996610e-01  7.41416235e-01
  7.64381057e-01  7.82838525e-01  7.99033788e-01  8.11593093e-01
  8.62119786e-01  8.69097854e-01  8.96217978e-01  9.03512148e-01
  9.12820365e-01  9.59870774e-01  9.62492464e-01  9.68982095e-01
  9.77206039e-01  1.00899066e+00  1.04367870e+00  1.05773572e+00
  1.07536581e+00  1.08947982e+00  1.11724488e+00  1.18547013e+00
  1.19000001e+00  1.21221019e+00  1.21574324e+00  1.31837016e+00
  1.33863054e+00  1.37737782e+00  1.46138939e+00  1.46259763e+00
  1.46488654e+00  1.51207788e+00  1.51771683e+00  1.52798523e+00
  1.54346362e+00  1.56592833e+00  1.59385282e+00  1.60147189e+00
  1.60561117e+00  1.65402794e+00  1.70183062e+00  1.72012398e+00
  1.73703457e+00  1.74698628e+00  1.76512855e+00  1.77836255e+00
  1.79021311e+00  1.80059142e+00  1.84996234e+00  1.89007578e+00
  1.91651944e+00  1.93832482e+00  1.97206133e+00  1.99692177e+00
  2.05292660e+00  2.07135069e+00  2.11836530e+00  2.13426648e+00
  2.16142946e+00  2.17486821e+00  2.19311910e+00  2.20240193e+00
  2.27274929e+00  2.28514535e+00  2.28658389e+00  2.32527728e+00
  2.37526588e+00  2.38323531e+00  2.42357686e+00  2.45871442e+00
  2.46017280e+00  2.48712867e+00  2.50199578e+00  2.52430388e+00
  2.54263812e+00  2.57485811e+00  2.58682544e+00  2.60438890e+00
  2.61308645e+00  2.62564829e+00  2.63062412e+00  2.64216162e+00
  2.67800756e+00  2.73850242e+00  2.78103033e+00  2.78320610e+00
  2.80586917e+00  2.88838204e+00  2.96834638e+00  2.97698009e+00
  2.98689676e+00  3.01495639e+00  3.03837044e+00  3.20441888e+00
  3.22145955e+00  3.39717165e+00  3.45834182e+00  3.48532211e+00
  3.64680940e+00  3.66511083e+00  3.76146737e+00  3.76312919e+00
  3.78771989e+00  3.93978539e+00  3.98858982e+00  4.02889959e+00
  4.07985218e+00  4.42734361e+00  4.53776600e+00  5.29344101e+00
  9.67147817e+00  2.36622955e+01  2.39138706e+01  2.39195311e+01
  2.40703027e+01  2.42250839e+01  2.42522405e+01  2.55640247e+01
  2.55744978e+01  2.61484522e+01  3.57530102e+01  2.15641479e+02]
nelec by numeric integration = 68.00003655082199
    CPU time for vxc     10.47 sec, wall time      0.38 sec
E1 = -1772.5659761884763  Ecoul = 714.9563570425614  Exc = -70.2040639975043
cycle= 2 E= -748.190634293837  delta_E= 0.00236  |g|= 0.424  |ddm|= 0.813
    CPU time for cycle= 2     12.83 sec, wall time      0.47 sec
  HOMO = -0.268431816000796  LUMO = -0.0509070608982727
  mo_energy =
[-1.01506165e+02 -1.43458135e+01 -1.02106441e+01 -1.02103617e+01
 -1.01965074e+01 -1.01944894e+01 -1.01929411e+01 -1.01927420e+01
 -9.41556988e+00 -7.18018099e+00 -7.17086189e+00 -7.17085232e+00
 -9.69812900e-01 -8.20411333e-01 -8.14585829e-01 -7.85856326e-01
 -6.55163294e-01 -6.47325588e-01 -6.44023465e-01 -5.46645286e-01
 -5.00612017e-01 -4.80520891e-01 -4.51531200e-01 -4.29738503e-01
 -4.26646738e-01 -4.20447129e-01 -4.14239610e-01 -3.81009513e-01
 -3.76136649e-01 -3.05196988e-01 -2.87823501e-01 -2.71799156e-01
 -2.69018075e-01 -2.68431816e-01 -5.09070609e-02 -2.62092656e-02
  2.83917776e-02  5.28841227e-02  6.05247129e-02  7.18603475e-02
  9.00956779e-02  9.24155843e-02  1.16541288e-01  1.25330292e-01
  1.27682492e-01  1.58196734e-01  2.11942746e-01  2.47226703e-01
  2.67218652e-01  2.71026032e-01  2.89677594e-01  3.03044791e-01
  3.04041884e-01  3.14045858e-01  3.17473947e-01  3.29692831e-01
  3.64836707e-01  3.73590079e-01  3.76874960e-01  3.86691163e-01
  4.01297294e-01  4.20298714e-01  4.27323132e-01  4.34907157e-01
  4.52101603e-01  4.74888224e-01  5.07705921e-01  5.28707902e-01
  5.39183323e-01  5.42407980e-01  5.64233922e-01  5.85780608e-01
  5.87894390e-01  6.02394790e-01  6.10018307e-01  6.28673262e-01
  6.39717066e-01  6.66841999e-01  7.15014428e-01  7.19540044e-01
  7.21596458e-01  7.50977190e-01  7.67423409e-01  7.83604857e-01
  8.30791408e-01  8.35789804e-01  8.64585046e-01  8.67058395e-01
  8.82033865e-01  9.16340433e-01  9.17312009e-01  9.39793614e-01
  9.47184304e-01  9.86280848e-01  1.01072368e+00  1.01726044e+00
  1.04675954e+00  1.06343568e+00  1.09508790e+00  1.15122800e+00
  1.15666516e+00  1.18314926e+00  1.18642322e+00  1.27821631e+00
  1.30070925e+00  1.33732926e+00  1.43255993e+00  1.43567709e+00
  1.44781439e+00  1.48045565e+00  1.49873039e+00  1.50868003e+00
  1.52603875e+00  1.53178754e+00  1.57391846e+00  1.57478341e+00
  1.58262355e+00  1.63475857e+00  1.68680383e+00  1.69910786e+00
  1.71764225e+00  1.72200797e+00  1.74752803e+00  1.75748768e+00
  1.76681893e+00  1.77919273e+00  1.81920130e+00  1.87206143e+00
  1.88463585e+00  1.90592454e+00  1.93596546e+00  1.96717745e+00
  2.02240820e+00  2.03193807e+00  2.08588031e+00  2.10662972e+00
  2.13338527e+00  2.14009000e+00  2.16447074e+00  2.17023720e+00
  2.24422841e+00  2.25119220e+00  2.25131559e+00  2.30010648e+00
  2.34523509e+00  2.36059916e+00  2.37420237e+00  2.43049497e+00
  2.44491325e+00  2.45778278e+00  2.48013841e+00  2.49823929e+00
  2.51964582e+00  2.53871792e+00  2.56143761e+00  2.57856370e+00
  2.57979589e+00  2.59741806e+00  2.61849923e+00  2.62943010e+00
  2.65674515e+00  2.69515647e+00  2.74606190e+00  2.74634897e+00
  2.74804626e+00  2.84261534e+00  2.92162463e+00  2.93365325e+00
  2.94008695e+00  2.96322376e+00  3.01198410e+00  3.16545058e+00
  3.16949916e+00  3.34544411e+00  3.41126403e+00  3.44210303e+00
  3.59628985e+00  3.61829758e+00  3.73576775e+00  3.73709110e+00
  3.74329752e+00  3.83432772e+00  3.95137407e+00  3.99645132e+00
  4.03584808e+00  4.37088577e+00  4.44492101e+00  5.20958731e+00
  9.59943447e+00  2.35981789e+01  2.38519930e+01  2.38677985e+01
  2.40209230e+01  2.41534616e+01  2.41773514e+01  2.54963917e+01
  2.55068866e+01  2.60811972e+01  3.55896891e+01  2.15545603e+02]
nelec by numeric integration = 68.00003572528354
    CPU time for vxc     11.31 sec, wall time      0.42 sec
E1 = -1776.5130707913895  Ecoul = 719.1560574205273  Exc = -70.49776070409499
cycle= 3 E= -748.231725225375  delta_E= -0.0411  |g|= 0.0962  |ddm|= 0.418
    CPU time for cycle= 3     13.66 sec, wall time      0.51 sec
  HOMO = -0.2632160757424  LUMO = -0.0506311903928034
  mo_energy =
[-1.01520671e+02 -1.43085259e+01 -1.02204334e+01 -1.02197058e+01
 -1.02151689e+01 -1.02023713e+01 -1.02021244e+01 -1.02018757e+01
 -9.43087512e+00 -7.19543630e+00 -7.18620666e+00 -7.18619643e+00
 -9.60999643e-01 -8.24286190e-01 -8.19993721e-01 -7.88520864e-01
 -6.59362804e-01 -6.48361241e-01 -6.46420292e-01 -5.49532723e-01
 -5.02680476e-01 -4.83221017e-01 -4.54173029e-01 -4.30066725e-01
 -4.28848847e-01 -4.22029474e-01 -4.14168814e-01 -3.86979165e-01
 -3.78375594e-01 -3.04561055e-01 -2.90919234e-01 -2.76453759e-01
 -2.75561208e-01 -2.63216076e-01 -5.06311904e-02 -2.86328303e-02
  2.72349801e-02  5.11910275e-02  5.98826859e-02  6.94292103e-02
  8.97556132e-02  9.14108098e-02  1.17572055e-01  1.25091152e-01
  1.26717287e-01  1.58189860e-01  2.12740290e-01  2.44619237e-01
  2.65817890e-01  2.69432926e-01  2.88176131e-01  3.01143145e-01
  3.02579760e-01  3.12440327e-01  3.15989601e-01  3.26227489e-01
  3.64377418e-01  3.71149780e-01  3.75864933e-01  3.84939482e-01
  3.98197092e-01  4.18700101e-01  4.26189981e-01  4.33432862e-01
  4.49773783e-01  4.76063934e-01  5.06369004e-01  5.28349606e-01
  5.39489606e-01  5.39642534e-01  5.62198868e-01  5.83934704e-01
  5.84890438e-01  6.01945305e-01  6.08999319e-01  6.28692013e-01
  6.37684011e-01  6.64134103e-01  7.11376614e-01  7.18343136e-01
  7.25976452e-01  7.48458217e-01  7.67067162e-01  7.82328779e-01
  8.31484784e-01  8.33761845e-01  8.59879417e-01  8.62202499e-01
  8.77484424e-01  9.07495582e-01  9.07540267e-01  9.36397293e-01
  9.46201671e-01  9.84809638e-01  1.01001449e+00  1.01296222e+00
  1.04927709e+00  1.06080785e+00  1.09108792e+00  1.14850404e+00
  1.15460346e+00  1.18148475e+00  1.18705254e+00  1.28105483e+00
  1.30205955e+00  1.34008602e+00  1.43036006e+00  1.43244491e+00
  1.44854835e+00  1.47828514e+00  1.49804883e+00  1.50797766e+00
  1.52273089e+00  1.52956391e+00  1.57184775e+00  1.57291395e+00
  1.58117813e+00  1.63455545e+00  1.68509758e+00  1.69713742e+00
  1.71745745e+00  1.72070339e+00  1.74607709e+00  1.75599567e+00
  1.76605258e+00  1.77847036e+00  1.81837614e+00  1.86953425e+00
  1.88022822e+00  1.90140769e+00  1.93308360e+00  1.96626038e+00
  2.02186101e+00  2.02877364e+00  2.08459737e+00  2.10316112e+00
  2.12915353e+00  2.13981780e+00  2.16373464e+00  2.17007832e+00
  2.24211551e+00  2.24574404e+00  2.24695859e+00  2.29783582e+00
  2.34328714e+00  2.35917883e+00  2.37854374e+00  2.42617828e+00
  2.44604073e+00  2.45308149e+00  2.47950109e+00  2.49641438e+00
  2.51829254e+00  2.53951057e+00  2.56035244e+00  2.57427716e+00
  2.57789910e+00  2.59614899e+00  2.61604326e+00  2.62832444e+00
  2.65478877e+00  2.69698954e+00  2.74106291e+00  2.74476188e+00
  2.74603351e+00  2.84073385e+00  2.92395955e+00  2.93449153e+00
  2.93950306e+00  2.95791239e+00  3.01228861e+00  3.15940935e+00
  3.16516848e+00  3.33893218e+00  3.40633620e+00  3.43611411e+00
  3.59692581e+00  3.62277066e+00  3.73421202e+00  3.73579258e+00
  3.74562414e+00  3.85591608e+00  3.94706402e+00  3.99169108e+00
  4.03200509e+00  4.36838855e+00  4.46043589e+00  5.22187206e+00
  9.58576720e+00  2.35873513e+01  2.38432561e+01  2.38608298e+01
  2.40059165e+01  2.41445793e+01  2.41678593e+01  2.54832488e+01
  2.54937439e+01  2.60683007e+01  3.56255206e+01  2.15531183e+02]
nelec by numeric integration = 68.00003554199839
    CPU time for vxc      8.95 sec, wall time      0.36 sec
E1 = -1776.6076264357014  Ecoul = 719.2595743893384  Exc = -70.50825863759155
cycle= 4 E= -748.233261834372  delta_E= -0.00154  |g|= 0.0442  |ddm|= 0.0896
    CPU time for cycle= 4     10.87 sec, wall time      0.43 sec
  HOMO = -0.267739182098785  LUMO = -0.0497683909344836
  mo_energy =
[-1.01514381e+02 -1.43193182e+01 -1.02215605e+01 -1.02211263e+01
 -1.02069950e+01 -1.02044227e+01 -1.01952164e+01 -1.01951581e+01
 -9.42810426e+00 -7.19230862e+00 -7.18316003e+00 -7.18314979e+00
 -9.62719571e-01 -8.23310807e-01 -8.17922869e-01 -7.87011983e-01
 -6.60341758e-01 -6.47534250e-01 -6.46104746e-01 -5.48153591e-01
 -5.01281500e-01 -4.81902593e-01 -4.52949002e-01 -4.30502224e-01
 -4.28270534e-01 -4.24028894e-01 -4.14543815e-01 -3.87567929e-01
 -3.77115596e-01 -3.03275261e-01 -2.89125493e-01 -2.77070936e-01
 -2.76138540e-01 -2.67739182e-01 -4.97683909e-02 -2.71964424e-02
  2.75960887e-02  5.13989615e-02  6.02459065e-02  6.81402746e-02
  8.96260686e-02  9.20990600e-02  1.16628857e-01  1.24967288e-01
  1.26986042e-01  1.57332592e-01  2.12972904e-01  2.46527516e-01
  2.67204292e-01  2.70900123e-01  2.88340495e-01  3.00597657e-01
  3.00996915e-01  3.11586688e-01  3.15181701e-01  3.25535904e-01
  3.64745890e-01  3.73420493e-01  3.76365516e-01  3.85549519e-01
  4.00641092e-01  4.20094902e-01  4.26671704e-01  4.34510031e-01
  4.51174540e-01  4.74914140e-01  5.07184199e-01  5.28000441e-01
  5.37640341e-01  5.41806540e-01  5.63610781e-01  5.83700881e-01
  5.87129890e-01  6.00396431e-01  6.09076704e-01  6.27302898e-01
  6.39942374e-01  6.64768759e-01  7.14049958e-01  7.20608251e-01
  7.22973613e-01  7.49096663e-01  7.67309832e-01  7.81661903e-01
  8.31682906e-01  8.33616108e-01  8.58884754e-01  8.61667049e-01
  8.77266641e-01  9.07239638e-01  9.07298451e-01  9.38830512e-01
  9.46486209e-01  9.86029307e-01  1.00947292e+00  1.01588565e+00
  1.04800658e+00  1.06255188e+00  1.09306410e+00  1.14814482e+00
  1.15292998e+00  1.17972723e+00  1.18645826e+00  1.27958819e+00
  1.30134626e+00  1.33986801e+00  1.43183914e+00  1.43453443e+00
  1.44617795e+00  1.48026080e+00  1.49595893e+00  1.50601224e+00
  1.52505035e+00  1.53115587e+00  1.57311204e+00  1.57346867e+00
  1.58209977e+00  1.63379707e+00  1.68639816e+00  1.69789841e+00
  1.71558294e+00  1.71974745e+00  1.74707820e+00  1.75682851e+00
  1.76701115e+00  1.77850107e+00  1.81782011e+00  1.87072856e+00
  1.88326664e+00  1.90420507e+00  1.93468754e+00  1.96563488e+00
  2.02077856e+00  2.03123388e+00  2.08566331e+00  2.10212593e+00
  2.12822019e+00  2.13960234e+00  2.16547065e+00  2.16994375e+00
  2.24286777e+00  2.24490559e+00  2.24689175e+00  2.29911023e+00
  2.34427514e+00  2.35757102e+00  2.37669396e+00  2.42659694e+00
  2.44377781e+00  2.45415082e+00  2.47762791e+00  2.49425939e+00
  2.51640290e+00  2.53901622e+00  2.56053163e+00  2.57770186e+00
  2.57844325e+00  2.59655365e+00  2.61750201e+00  2.62906433e+00
  2.65624233e+00  2.69636576e+00  2.74327062e+00  2.74595475e+00
  2.74755357e+00  2.84078457e+00  2.92262491e+00  2.93483462e+00
  2.93958952e+00  2.96147778e+00  3.01069038e+00  3.16219543e+00
  3.16456286e+00  3.34251135e+00  3.40884901e+00  3.43974678e+00
  3.59722151e+00  3.62011667e+00  3.73177103e+00  3.73340062e+00
  3.74385719e+00  3.84900287e+00  3.94954840e+00  3.99406813e+00
  4.03474615e+00  4.37077437e+00  4.45514940e+00  5.21812691e+00
  9.58766174e+00  2.35914539e+01  2.38457018e+01  2.38584490e+01
  2.40112772e+01  2.41476363e+01  2.41719348e+01  2.54847090e+01
  2.54952053e+01  2.60699536e+01  3.56151503e+01  2.15537021e+02]
nelec by numeric integration = 68.00003570045844
    CPU time for vxc      6.97 sec, wall time      0.25 sec
E1 = -1776.5938173232935  Ecoul = 719.243947159871  Exc = -70.50686543516613
cycle= 5 E= -748.233686749006  delta_E= -0.000425  |g|= 0.0114  |ddm|= 0.0443
    CPU time for cycle= 5      8.54 sec, wall time      0.30 sec
  HOMO = -0.26671788499645  LUMO = -0.0495263827038917
  mo_energy =
[-1.01511129e+02 -1.43179960e+01 -1.02181857e+01 -1.02178131e+01
 -1.02086512e+01 -1.02019916e+01 -1.01967459e+01 -1.01967190e+01
 -9.42596625e+00 -7.19005738e+00 -7.18092667e+00 -7.18091628e+00
 -9.61549378e-01 -8.22826126e-01 -8.18090791e-01 -7.86365757e-01
 -6.59534819e-01 -6.47124221e-01 -6.45627276e-01 -5.47917823e-01
 -5.01034214e-01 -4.81849200e-01 -4.52527835e-01 -4.29713646e-01
 -4.28416029e-01 -4.23249623e-01 -4.13917295e-01 -3.86783168e-01
 -3.77034952e-01 -3.03360727e-01 -2.88671540e-01 -2.76407364e-01
 -2.75491976e-01 -2.66717885e-01 -4.95263827e-02 -2.67874960e-02
  2.78282460e-02  5.15784149e-02  6.04604127e-02  6.88276649e-02
  8.98457260e-02  9.20817708e-02  1.17071434e-01  1.25203345e-01
  1.27356131e-01  1.57753972e-01  2.13384709e-01  2.46415006e-01
  2.67208482e-01  2.70804278e-01  2.88741834e-01  3.01132593e-01
  3.01502521e-01  3.12016507e-01  3.15628268e-01  3.25857048e-01
  3.65115597e-01  3.73375100e-01  3.76692468e-01  3.85773986e-01
  4.00334149e-01  4.20367576e-01  4.26777190e-01  4.34790116e-01
  4.51377998e-01  4.75772465e-01  5.07548773e-01  5.28720205e-01
  5.38306935e-01  5.41568240e-01  5.63743255e-01  5.84219049e-01
  5.86828950e-01  6.01097089e-01  6.09409456e-01  6.28285442e-01
  6.39660433e-01  6.65160640e-01  7.13623461e-01  7.20376591e-01
  7.23857871e-01  7.49441421e-01  7.67727526e-01  7.82232027e-01
  8.32197745e-01  8.34140382e-01  8.59715495e-01  8.62353667e-01
  8.77864509e-01  9.07995821e-01  9.08003160e-01  9.38678018e-01
  9.46746279e-01  9.86036589e-01  1.01004723e+00  1.01574544e+00
  1.04877103e+00  1.06271332e+00  1.09313566e+00  1.14874614e+00
  1.15368626e+00  1.18052770e+00  1.18733449e+00  1.28012656e+00
  1.30215702e+00  1.34040383e+00  1.43216401e+00  1.43443334e+00
  1.44672564e+00  1.48024386e+00  1.49668131e+00  1.50672152e+00
  1.52471019e+00  1.53127248e+00  1.57330193e+00  1.57377731e+00
  1.58228677e+00  1.63457467e+00  1.68646519e+00  1.69832909e+00
  1.71620880e+00  1.72030347e+00  1.74735226e+00  1.75692882e+00
  1.76711177e+00  1.77881125e+00  1.81842185e+00  1.87086092e+00
  1.88283505e+00  1.90389818e+00  1.93501029e+00  1.96625763e+00
  2.02146322e+00  2.03103604e+00  2.08607004e+00  2.10285659e+00
  2.12898358e+00  2.14049514e+00  2.16530791e+00  2.17046870e+00
  2.24313356e+00  2.24570363e+00  2.24729688e+00  2.29939074e+00
  2.34454492e+00  2.35833852e+00  2.37771570e+00  2.42707605e+00
  2.44435299e+00  2.45439231e+00  2.47840112e+00  2.49530386e+00
  2.51735170e+00  2.53986420e+00  2.56094378e+00  2.57740603e+00
  2.57871222e+00  2.59685152e+00  2.61732487e+00  2.62910950e+00
  2.65619608e+00  2.69701482e+00  2.74369482e+00  2.74605733e+00
  2.74761986e+00  2.84193145e+00  2.92352823e+00  2.93544251e+00
  2.94029568e+00  2.96116759e+00  3.01130794e+00  3.16231280e+00
  3.16511758e+00  3.34231789e+00  3.40905328e+00  3.43942785e+00
  3.59773001e+00  3.62163192e+00  3.73282304e+00  3.73447188e+00
  3.74534509e+00  3.85021157e+00  3.94951124e+00  3.99410969e+00
  4.03447025e+00  4.37060970e+00  4.45630392e+00  5.21929126e+00
  9.58941346e+00  2.35916628e+01  2.38467341e+01  2.38606932e+01
  2.40110238e+01  2.41483472e+01  2.41720859e+01  2.54862709e+01
  2.54967672e+01  2.60715917e+01  3.56164781e+01  2.15540121e+02]
nelec by numeric integration = 68.00003566871685
    CPU time for vxc      6.96 sec, wall time      0.25 sec
E1 = -1776.540779319397  Ecoul = 719.1874622556196  Exc = -70.50344930377936
cycle= 6 E= -748.233717517974  delta_E= -3.08e-05  |g|= 0.00419  |ddm|= 0.0119
    CPU time for cycle= 6      8.55 sec, wall time      0.31 sec
  HOMO = -0.266914144193067  LUMO = -0.049584584088948
  mo_energy =
[-1.01511787e+02 -1.43181647e+01 -1.02193318e+01 -1.02189046e+01
 -1.02080398e+01 -1.02022277e+01 -1.01966529e+01 -1.01966162e+01
 -9.42642400e+00 -7.19053220e+00 -7.18140428e+00 -7.18139385e+00
 -9.62050188e-01 -8.23019300e-01 -8.18165345e-01 -7.86687971e-01
 -6.59627095e-01 -6.47241632e-01 -6.45784699e-01 -5.48011874e-01
 -5.01207957e-01 -4.81864284e-01 -4.52760154e-01 -4.29900917e-01
 -4.28392300e-01 -4.23390712e-01 -4.14145133e-01 -3.86962924e-01
 -3.77106355e-01 -3.03385897e-01 -2.88938112e-01 -2.76607862e-01
 -2.75689527e-01 -2.66914144e-01 -4.95845841e-02 -2.69898638e-02
  2.77982624e-02  5.15607664e-02  6.04218560e-02  6.87201756e-02
  8.98275655e-02  9.21357322e-02  1.16975049e-01  1.25181017e-01
  1.27244882e-01  1.57669716e-01  2.13233848e-01  2.46441710e-01
  2.67199009e-01  2.70813278e-01  2.88630006e-01  3.01005785e-01
  3.01382589e-01  3.11887057e-01  3.15511517e-01  3.25718723e-01
  3.64991241e-01  3.73316300e-01  3.76582993e-01  3.85696348e-01
  4.00409904e-01  4.20227218e-01  4.26767523e-01  4.34631972e-01
  4.51302591e-01  4.75527068e-01  5.07408969e-01  5.28531212e-01
  5.38203910e-01  5.41606867e-01  5.63668716e-01  5.84130287e-01
  5.86817315e-01  6.00960432e-01  6.09335561e-01  6.28071871e-01
  6.39628588e-01  6.65051839e-01  7.13725287e-01  7.20424242e-01
  7.23689927e-01  7.49326507e-01  7.67579846e-01  7.82122055e-01
  8.32012162e-01  8.34008227e-01  8.59509944e-01  8.62168792e-01
  8.77703217e-01  9.07762900e-01  9.07775429e-01  9.38634839e-01
  9.46680977e-01  9.86030786e-01  1.00985742e+00  1.01567965e+00
  1.04858256e+00  1.06257542e+00  1.09309518e+00  1.14855340e+00
  1.15353264e+00  1.18036831e+00  1.18706948e+00  1.28003334e+00
  1.30188400e+00  1.34018144e+00  1.43196000e+00  1.43442066e+00
  1.44665214e+00  1.48018281e+00  1.49656598e+00  1.50660703e+00
  1.52480068e+00  1.53120739e+00  1.57323627e+00  1.57371168e+00
  1.58222993e+00  1.63441635e+00  1.68643909e+00  1.69819385e+00
  1.71609192e+00  1.72019813e+00  1.74723084e+00  1.75690761e+00
  1.76708804e+00  1.77874359e+00  1.81825322e+00  1.87082983e+00
  1.88290591e+00  1.90395348e+00  1.93485420e+00  1.96610951e+00
  2.02131340e+00  2.03103402e+00  2.08586782e+00  2.10267771e+00
  2.12879390e+00  2.14020302e+00  2.16529452e+00  2.17034968e+00
  2.24308286e+00  2.24551920e+00  2.24719160e+00  2.29924742e+00
  2.34446319e+00  2.35826243e+00  2.37741539e+00  2.42697351e+00
  2.44427723e+00  2.45435554e+00  2.47828384e+00  2.49514545e+00
  2.51720239e+00  2.53959133e+00  2.56089145e+00  2.57736681e+00
  2.57862567e+00  2.59681320e+00  2.61743882e+00  2.62913850e+00
  2.65620933e+00  2.69681101e+00  2.74352507e+00  2.74601533e+00
  2.74748449e+00  2.84147953e+00  2.92329520e+00  2.93520594e+00
  2.94003395e+00  2.96109900e+00  3.01121222e+00  3.16230988e+00
  3.16497825e+00  3.34221881e+00  3.40885083e+00  3.43938710e+00
  3.59753258e+00  3.62121787e+00  3.73269764e+00  3.73433533e+00
  3.74487990e+00  3.84994780e+00  3.94942998e+00  3.99403347e+00
  4.03448956e+00  4.37057273e+00  4.45604973e+00  5.21895354e+00
  9.58902342e+00  2.35914432e+01  2.38462237e+01  2.38604556e+01
  2.40111267e+01  2.41478856e+01  2.41717957e+01  2.54859076e+01
  2.54964038e+01  2.60712305e+01  3.56162925e+01  2.15539492e+02]
nelec by numeric integration = 68.00003566902413
    CPU time for vxc      6.91 sec, wall time      0.25 sec
E1 = -1776.5603971831088  Ecoul = 719.2079826464252  Exc = -70.50435610009124
cycle= 7 E= -748.233721787193  delta_E= -4.27e-06  |g|= 0.000664  |ddm|= 0.0032
    CPU time for cycle= 7      8.48 sec, wall time      0.30 sec
  HOMO = -0.26690384363379  LUMO = -0.0495823774464168
  mo_energy =
[-1.01512207e+02 -1.43181841e+01 -1.02192280e+01 -1.02188293e+01
 -1.02082193e+01 -1.02024086e+01 -1.01965276e+01 -1.01965092e+01
 -9.42666027e+00 -7.19078776e+00 -7.18165663e+00 -7.18164621e+00
 -9.62023785e-01 -8.23064509e-01 -8.18185266e-01 -7.86632175e-01
 -6.59663006e-01 -6.47233420e-01 -6.45765346e-01 -5.48001148e-01
 -5.01184069e-01 -4.81837786e-01 -4.52720054e-01 -4.29915873e-01
 -4.28414296e-01 -4.23423470e-01 -4.14139897e-01 -3.87018014e-01
 -3.77093310e-01 -3.03395056e-01 -2.88889647e-01 -2.76662347e-01
 -2.75742852e-01 -2.66903844e-01 -4.95823774e-02 -2.69535514e-02
  2.77947680e-02  5.15381260e-02  6.04368979e-02  6.86921071e-02
  8.98324388e-02  9.21324404e-02  1.16976846e-01  1.25185053e-01
  1.27257611e-01  1.57672249e-01  2.13244291e-01  2.46447426e-01
  2.67205856e-01  2.70817316e-01  2.88629797e-01  3.00989658e-01
  3.01372916e-01  3.11871577e-01  3.15509558e-01  3.25699373e-01
  3.65008531e-01  3.73326554e-01  3.76602476e-01  3.85710611e-01
  4.00403027e-01  4.20257733e-01  4.26768126e-01  4.34639616e-01
  4.51298782e-01  4.75531260e-01  5.07432588e-01  5.28556847e-01
  5.38194487e-01  5.41608352e-01  5.63671087e-01  5.84121830e-01
  5.86839710e-01  6.00938400e-01  6.09330459e-01  6.28083755e-01
  6.39652245e-01  6.65050932e-01  7.13722681e-01  7.20422804e-01
  7.23690566e-01  7.49336212e-01  7.67581110e-01  7.82117157e-01
  8.32034120e-01  8.34011922e-01  8.59462021e-01  8.62130448e-01
  8.77674931e-01  9.07699085e-01  9.07718947e-01  9.38644530e-01
  9.46676492e-01  9.86027677e-01  1.00984606e+00  1.01569397e+00
  1.04859641e+00  1.06260929e+00  1.09309722e+00  1.14852547e+00
  1.15350547e+00  1.18034410e+00  1.18709309e+00  1.28003801e+00
  1.30191311e+00  1.34019913e+00  1.43199482e+00  1.43442767e+00
  1.44664425e+00  1.48018361e+00  1.49654065e+00  1.50658343e+00
  1.52480003e+00  1.53121573e+00  1.57324686e+00  1.57372535e+00
  1.58224742e+00  1.63443121e+00  1.68645216e+00  1.69821349e+00
  1.71607573e+00  1.72017987e+00  1.74725913e+00  1.75691456e+00
  1.76708794e+00  1.77874997e+00  1.81824550e+00  1.87084454e+00
  1.88290959e+00  1.90394963e+00  1.93488050e+00  1.96612138e+00
  2.02131914e+00  2.03104084e+00  2.08589690e+00  2.10263429e+00
  2.12874470e+00  2.14022987e+00  2.16529303e+00  2.17036602e+00
  2.24305605e+00  2.24546157e+00  2.24715943e+00  2.29928167e+00
  2.34448420e+00  2.35823540e+00  2.37743662e+00  2.42693237e+00
  2.44427156e+00  2.45432325e+00  2.47826813e+00  2.49509356e+00
  2.51716875e+00  2.53962199e+00  2.56090382e+00  2.57738685e+00
  2.57864792e+00  2.59682561e+00  2.61743169e+00  2.62914676e+00
  2.65622117e+00  2.69682945e+00  2.74351571e+00  2.74602328e+00
  2.74753097e+00  2.84153326e+00  2.92331239e+00  2.93523335e+00
  2.94006365e+00  2.96111921e+00  3.01120584e+00  3.16229172e+00
  3.16492185e+00  3.34225354e+00  3.40888967e+00  3.43940641e+00
  3.59755388e+00  3.62125145e+00  3.73264760e+00  3.73428868e+00
  3.74491504e+00  3.84994879e+00  3.94946406e+00  3.99406085e+00
  4.03448638e+00  4.37058202e+00  4.45606352e+00  5.21897153e+00
  9.58883689e+00  2.35914785e+01  2.38463108e+01  2.38602933e+01
  2.40110347e+01  2.41479838e+01  2.41718765e+01  2.54857455e+01
  2.54962417e+01  2.60710585e+01  3.56162742e+01  2.15539098e+02]
nelec by numeric integration = 68.00003567524695
    CPU time for vxc      6.98 sec, wall time      0.25 sec
E1 = -1776.5620635468326  Ecoul = 719.209836353984  Exc = -70.50454351980707
cycle= 8 E= -748.233721863073  delta_E= -7.59e-08  |g|= 0.000247  |ddm|= 0.000592
    CPU time for cycle= 8      8.56 sec, wall time      0.31 sec
  HOMO = -0.266903885051615  LUMO = -0.0495757115511007
  mo_energy =
[-1.01512218e+02 -1.43181789e+01 -1.02192304e+01 -1.02188134e+01
 -1.02081503e+01 -1.02023854e+01 -1.01965807e+01 -1.01965509e+01
 -9.42664239e+00 -7.19077346e+00 -7.18164092e+00 -7.18163050e+00
 -9.62020047e-01 -8.23043780e-01 -8.18173231e-01 -7.86639374e-01
 -6.59651767e-01 -6.47230178e-01 -6.45767550e-01 -5.47997738e-01
 -5.01184933e-01 -4.81848646e-01 -4.52727276e-01 -4.29906735e-01
 -4.28400850e-01 -4.23410956e-01 -4.14134941e-01 -3.87002116e-01
 -3.77095814e-01 -3.03386923e-01 -2.88897355e-01 -2.76642280e-01
 -2.75723101e-01 -2.66903885e-01 -4.95757116e-02 -2.69603775e-02
  2.77974601e-02  5.15457101e-02  6.04327521e-02  6.87018354e-02
  8.98316101e-02  9.21340453e-02  1.16980298e-01  1.25186008e-01
  1.27258626e-01  1.57674070e-01  2.13245794e-01  2.46448396e-01
  2.67204848e-01  2.70817373e-01  2.88631108e-01  3.00994757e-01
  3.01380537e-01  3.11879707e-01  3.15514123e-01  3.25710236e-01
  3.65006838e-01  3.73327188e-01  3.76599210e-01  3.85708519e-01
  4.00407301e-01  4.20251781e-01  4.26769275e-01  4.34644291e-01
  4.51305891e-01  4.75536165e-01  5.07428552e-01  5.28555023e-01
  5.38200456e-01  5.41608618e-01  5.63675403e-01  5.84127000e-01
  5.86832400e-01  6.00947820e-01  6.09336070e-01  6.28085626e-01
  6.39644066e-01  6.65057681e-01  7.13723123e-01  7.20425023e-01
  7.23694284e-01  7.49336562e-01  7.67585368e-01  7.82122016e-01
  8.32032153e-01  8.34014464e-01  8.59479688e-01  8.62144457e-01
  8.77687165e-01  9.07725849e-01  9.07743027e-01  9.38644125e-01
  9.46679396e-01  9.86031000e-01  1.00985274e+00  1.01569381e+00
  1.04859681e+00  1.06260012e+00  1.09310422e+00  1.14853669e+00
  1.15351656e+00  1.18035474e+00  1.18709200e+00  1.28003938e+00
  1.30190984e+00  1.34019906e+00  1.43198965e+00  1.43442829e+00
  1.44664919e+00  1.48018977e+00  1.49655126e+00  1.50659344e+00
  1.52480007e+00  1.53121808e+00  1.57324690e+00  1.57372308e+00
  1.58224319e+00  1.63443060e+00  1.68644948e+00  1.69821271e+00
  1.71608394e+00  1.72018701e+00  1.74725195e+00  1.75691210e+00
  1.76709266e+00  1.77874988e+00  1.81825013e+00  1.87084366e+00
  1.88290828e+00  1.90395444e+00  1.93487766e+00  1.96612261e+00
  2.02132062e+00  2.03104124e+00  2.08589262e+00  2.10264851e+00
  2.12876008e+00  2.14023176e+00  2.16529608e+00  2.17036377e+00
  2.24306596e+00  2.24547787e+00  2.24717045e+00  2.29927344e+00
  2.34448065e+00  2.35824362e+00  2.37743872e+00  2.42694293e+00
  2.44427663e+00  2.45433050e+00  2.47827457e+00  2.49510802e+00
  2.51717969e+00  2.53961963e+00  2.56090289e+00  2.57738478e+00
  2.57864033e+00  2.59682357e+00  2.61743511e+00  2.62914282e+00
  2.65621729e+00  2.69682998e+00  2.74353213e+00  2.74602535e+00
  2.74751796e+00  2.84152935e+00  2.92331619e+00  2.93523239e+00
  2.94006280e+00  2.96111808e+00  3.01121140e+00  3.16229907e+00
  3.16493708e+00  3.34224870e+00  3.40888624e+00  3.43940522e+00
  3.59755610e+00  3.62125281e+00  3.73266080e+00  3.73430116e+00
  3.74491728e+00  3.84995228e+00  3.94945444e+00  3.99405538e+00
  4.03449362e+00  4.37058377e+00  4.45606696e+00  5.21897385e+00
  9.58885708e+00  2.35914772e+01  2.38462942e+01  2.38603141e+01
  2.40110803e+01  2.41479626e+01  2.41718575e+01  2.54857679e+01
  2.54962641e+01  2.60710781e+01  3.56162789e+01  2.15539090e+02]
nelec by numeric integration = 68.00003567454667
    CPU time for vxc      7.07 sec, wall time      0.25 sec
E1 = -1776.5614154114055  Ecoul = 719.2091526567258  Exc = -70.50450797193783
cycle= 9 E= -748.233721877035  delta_E= -1.4e-08  |g|= 5.08e-05  |ddm|= 0.000176
    CPU time for cycle= 9      8.66 sec, wall time      0.31 sec
  HOMO = -0.266909998983512  LUMO = -0.0495815437538088
  mo_energy =
[-1.01512191e+02 -1.43181914e+01 -1.02192338e+01 -1.02188284e+01
 -1.02081686e+01 -1.02023756e+01 -1.01965801e+01 -1.01965586e+01
 -9.42662017e+00 -7.19075080e+00 -7.18161799e+00 -7.18160757e+00
 -9.62026430e-01 -8.23039152e-01 -8.18175429e-01 -7.86643968e-01
 -6.59649154e-01 -6.47233167e-01 -6.45772540e-01 -5.48002056e-01
 -5.01190877e-01 -4.81851204e-01 -4.52730471e-01 -4.29907006e-01
 -4.28405426e-01 -4.23408646e-01 -4.14137544e-01 -3.86995940e-01
 -3.77100194e-01 -3.03392257e-01 -2.88901292e-01 -2.76632736e-01
 -2.75714063e-01 -2.66909999e-01 -4.95815438e-02 -2.69644835e-02
  2.77971405e-02  5.15468447e-02  6.04315730e-02  6.87046398e-02
  8.98306803e-02  9.21326197e-02  1.16978828e-01  1.25184357e-01
  1.27255062e-01  1.57674229e-01  2.13242260e-01  2.46444867e-01
  2.67202494e-01  2.70814273e-01  2.88631387e-01  3.00997060e-01
  3.01381511e-01  3.11882061e-01  3.15514696e-01  3.25714774e-01
  3.65004027e-01  3.73323967e-01  3.76596306e-01  3.85707232e-01
  4.00403915e-01  4.20249058e-01  4.26766724e-01  4.34641540e-01
  4.51302080e-01  4.75534006e-01  5.07425844e-01  5.28551649e-01
  5.38199949e-01  5.41605713e-01  5.63671961e-01  5.84125811e-01
  5.86829634e-01  6.00948479e-01  6.09333884e-01  6.28083365e-01
  6.39641328e-01  6.65055316e-01  7.13719828e-01  7.20421537e-01
  7.23691256e-01  7.49334889e-01  7.67582945e-01  7.82121653e-01
  8.32029300e-01  8.34013632e-01  8.59486350e-01  8.62150389e-01
  8.77690710e-01  9.07738254e-01  9.07753873e-01  9.38640636e-01
  9.46678333e-01  9.86028363e-01  1.00985355e+00  1.01568855e+00
  1.04859324e+00  1.06259721e+00  1.09309958e+00  1.14853981e+00
  1.15351933e+00  1.18035673e+00  1.18708784e+00  1.28003561e+00
  1.30190588e+00  1.34019442e+00  1.43198628e+00  1.43442439e+00
  1.44664835e+00  1.48018512e+00  1.49655244e+00  1.50659448e+00
  1.52479692e+00  1.53121342e+00  1.57324279e+00  1.57372120e+00
  1.58223938e+00  1.63442768e+00  1.68644690e+00  1.69820930e+00
  1.71608421e+00  1.72018760e+00  1.74724978e+00  1.75691017e+00
  1.76708856e+00  1.77874763e+00  1.81825048e+00  1.87084043e+00
  1.88290403e+00  1.90394980e+00  1.93487301e+00  1.96612000e+00
  2.02131904e+00  2.03103587e+00  2.08588926e+00  2.10265338e+00
  2.12876601e+00  2.14022716e+00  2.16529172e+00  2.17036098e+00
  2.24306615e+00  2.24548511e+00  2.24717232e+00  2.29927121e+00
  2.34447696e+00  2.35824386e+00  2.37743293e+00  2.42694601e+00
  2.44427549e+00  2.45433173e+00  2.47827452e+00  2.49511085e+00
  2.51718105e+00  2.53961395e+00  2.56090046e+00  2.57737901e+00
  2.57863751e+00  2.59682087e+00  2.61743266e+00  2.62914034e+00
  2.65621439e+00  2.69682514e+00  2.74352490e+00  2.74602078e+00
  2.74751285e+00  2.84152392e+00  2.92331011e+00  2.93522763e+00
  2.94005729e+00  2.96111212e+00  3.01120963e+00  3.16229589e+00
  3.16493920e+00  3.34224335e+00  3.40888049e+00  3.43940063e+00
  3.59755009e+00  3.62124735e+00  3.73266314e+00  3.73430328e+00
  3.74491175e+00  3.84994352e+00  3.94945052e+00  3.99405144e+00
  4.03448756e+00  4.37057732e+00  4.45605902e+00  5.21896615e+00
  9.58887639e+00  2.35914685e+01  2.38462880e+01  2.38603229e+01
  2.40110656e+01  2.41479566e+01  2.41718508e+01  2.54857862e+01
  2.54962824e+01  2.60710959e+01  3.56162667e+01  2.15539117e+02]
nelec by numeric integration = 68.00003567444274
    CPU time for vxc      6.98 sec, wall time      0.25 sec
E1 = -1776.5613554619881  Ecoul = 719.2090864233978  Exc = -70.50450168853841
cycle= 10 E= -748.233721877546  delta_E= -5.11e-10  |g|= 2.36e-05  |ddm|= 7.01e-05
    CPU time for cycle= 10      8.58 sec, wall time      0.31 sec
  HOMO = -0.266909069510073  LUMO = -0.0495785867741505
  mo_energy =
[-1.01512205e+02 -1.43181914e+01 -1.02192345e+01 -1.02188120e+01
 -1.02081585e+01 -1.02023793e+01 -1.01965856e+01 -1.01965512e+01
 -9.42663469e+00 -7.19076529e+00 -7.18163246e+00 -7.18162205e+00
 -9.62023369e-01 -8.23043579e-01 -8.18175117e-01 -7.86640955e-01
 -6.59650459e-01 -6.47231189e-01 -6.45769897e-01 -5.47999217e-01
 -5.01187641e-01 -4.81849529e-01 -4.52728088e-01 -4.29906904e-01
 -4.28403103e-01 -4.23410087e-01 -4.14136140e-01 -3.87000386e-01
 -3.77097526e-01 -3.03389724e-01 -2.88898574e-01 -2.76639578e-01
 -2.75720562e-01 -2.66909070e-01 -4.95785868e-02 -2.69619146e-02
  2.77972757e-02  5.15458036e-02  6.04324248e-02  6.87027782e-02
  8.98312740e-02  9.21333750e-02  1.16979505e-01  1.25185903e-01
  1.27257290e-01  1.57673677e-01  2.13244230e-01  2.46446850e-01
  2.67203400e-01  2.70816194e-01  2.88631008e-01  3.00995882e-01
  3.01380446e-01  3.11880344e-01  3.15514225e-01  3.25711502e-01
  3.65005726e-01  3.73325931e-01  3.76598253e-01  3.85707238e-01
  4.00405840e-01  4.20250871e-01  4.26768280e-01  4.34643039e-01
  4.51304544e-01  4.75534982e-01  5.07427588e-01  5.28553903e-01
  5.38200309e-01  5.41607241e-01  5.63673673e-01  5.84126905e-01
  5.86831232e-01  6.00948474e-01  6.09334883e-01  6.28085026e-01
  6.39642657e-01  6.65056870e-01  7.13721666e-01  7.20423880e-01
  7.23691847e-01  7.49335589e-01  7.67584331e-01  7.82121272e-01
  8.32030682e-01  8.34013688e-01  8.59481026e-01  8.62145862e-01
  8.77688222e-01  9.07729038e-01  9.07745765e-01  9.38642720e-01
  9.46678334e-01  9.86029668e-01  1.00985246e+00  1.01569161e+00
  1.04859508e+00  1.06259924e+00  1.09310282e+00  1.14853700e+00
  1.15351700e+00  1.18035496e+00  1.18709081e+00  1.28003686e+00
  1.30190794e+00  1.34019666e+00  1.43198854e+00  1.43442660e+00
  1.44664890e+00  1.48018798e+00  1.49655188e+00  1.50659394e+00
  1.52479871e+00  1.53121610e+00  1.57324542e+00  1.57372153e+00
  1.58224241e+00  1.63442985e+00  1.68644865e+00  1.69821188e+00
  1.71608357e+00  1.72018655e+00  1.74725141e+00  1.75691107e+00
  1.76709092e+00  1.77874887e+00  1.81824927e+00  1.87084276e+00
  1.88290643e+00  1.90395242e+00  1.93487598e+00  1.96612156e+00
  2.02131996e+00  2.03103864e+00  2.08589147e+00  2.10264971e+00
  2.12876168e+00  2.14023017e+00  2.16529365e+00  2.17036267e+00
  2.24306562e+00  2.24548009e+00  2.24717059e+00  2.29927276e+00
  2.34447910e+00  2.35824409e+00  2.37743562e+00  2.42694337e+00
  2.44427610e+00  2.45433046e+00  2.47827493e+00  2.49510966e+00
  2.51718072e+00  2.53961685e+00  2.56090148e+00  2.57738220e+00
  2.57863902e+00  2.59682273e+00  2.61743397e+00  2.62914215e+00
  2.65621607e+00  2.69682739e+00  2.74352935e+00  2.74602342e+00
  2.74751539e+00  2.84152765e+00  2.92331345e+00  2.93522967e+00
  2.94006086e+00  2.96111566e+00  3.01121061e+00  3.16229735e+00
  3.16493794e+00  3.34224644e+00  3.40888452e+00  3.43940280e+00
  3.59755345e+00  3.62125020e+00  3.73266225e+00  3.73430246e+00
  3.74491526e+00  3.84994454e+00  3.94945306e+00  3.99405394e+00
  4.03449088e+00  4.37058048e+00  4.45606080e+00  5.21896856e+00
  9.58886342e+00  2.35914738e+01  2.38462925e+01  2.38603196e+01
  2.40110743e+01  2.41479604e+01  2.41718551e+01  2.54857737e+01
  2.54962700e+01  2.60710835e+01  3.56162669e+01  2.15539103e+02]
nelec by numeric integration = 68.00003567463574
    CPU time for vxc      6.89 sec, wall time      0.25 sec
E1 = -1776.5614593025775  Ecoul = 719.2091983879085  Exc = -70.50450981225434
Extra cycle  E= -748.233721877341  delta_E= 2.05e-10  |g|= 3.65e-05  |ddm|= 4.98e-05
    CPU time for scf_cycle    131.83 sec, wall time      4.88 sec
    CPU time for SCF    131.89 sec, wall time      4.88 sec
converged SCF energy = -748.233721877341
Converting <class 'pyscf.dft.rks.RKS'> to RHF


******** <class 'pyscf.tdscf.rks.TDA'> for <class 'pyscf.dft.rks.RKS'> ********
nstates = 5 singlet
wfnsym = None
conv_tol = 1e-09
eigh lindep = 1e-12
eigh level_shift = 0
eigh max_space = 8
eigh max_cycle = 2000
chkfile = /scratch/global/yangjunjie/tmp1z6a2aw3
max_memory 256000 MB (current use 2212 MB)


davidson 0 5  |r|= 0.193  e= [0.17438737 0.19176773 0.20709189 0.20956477 0.27386871]  max|de|= 0.274  lindep=    1
davidson 1 10  |r|= 0.0555  e= [0.17141591 0.19068971 0.20691955 0.20703784 0.21751263]  max|de|= -0.0564  lindep= 0.744
Old state -> New state
    3     ->     2 
    2     ->     3 
davidson 2 15  |r|= 0.0245  e= [0.17126581 0.19064284 0.20683256 0.20691829 0.21074938]  max|de|= -0.00676  lindep= 0.794
davidson 3 20  |r|= 0.00635  e= [0.17126138 0.19064035 0.20678911 0.20691817 0.21006244]  max|de|= -0.000687  lindep= 0.752
davidson 4 5  |r|= 0.00635  e= [0.17126138 0.19064035 0.20678911 0.20691817 0.21006244]  max|de|= 2.22e-16  lindep=    1
davidson 5 10  |r|= 0.00289  e= [0.17126125 0.19064021 0.20678637 0.20691816 0.21000754]  max|de|= -5.49e-05  lindep= 0.692
davidson 6 15  |r|= 0.0026  e= [0.17126124 0.1906402  0.20678557 0.20691816 0.20997001]  max|de|= -3.75e-05  lindep= 0.769
root 0 converged  |r|= 3.54e-06  e= 0.17126124442041282  max|de|= -2.66e-10
root 1 converged  |r|= 5.56e-06  e= 0.1906401951342255  max|de|= -9.63e-10
root 3 converged  |r|= 5.22e-06  e= 0.206918154544178  max|de|= -5.3e-10
davidson 7 20  |r|= 0.000878  e= [0.17126124 0.1906402  0.20678538 0.20691815 0.20995999]  max|de|= -1e-05  lindep= 0.853
davidson 8 5  |r|= 0.000878  e= [0.17126124 0.1906402  0.20678538 0.20691815 0.20995999]  max|de|= -1.94e-16  lindep= 0.973
davidson 9 7  |r|= 0.000386  e= [0.17126124 0.1906402  0.20678536 0.20691815 0.20995927]  max|de|= -7.26e-07  lindep= 0.961
davidson 10 9  |r|= 0.0002  e= [0.17126124 0.1906402  0.20678535 0.20691815 0.209959  ]  max|de|= -2.63e-07  lindep= 0.734
davidson 11 11  |r|= 9.77e-05  e= [0.17126124 0.1906402  0.20678535 0.20691815 0.20995896]  max|de|= -4.63e-08  lindep= 0.856
root 2 converged  |r|= 6.96e-06  e= 0.20678534857974312  max|de|= -5e-10
davidson 12 13  |r|= 5.48e-05  e= [0.17126124 0.1906402  0.20678535 0.20691815 0.20995894]  max|de|= -1.49e-08  lindep= 0.687
davidson 13 14  |r|= 3.05e-05  e= [0.17126124 0.1906402  0.20678535 0.20691815 0.20995894]  max|de|= -6e-09  lindep= 0.794
davidson 14 15  |r|= 1.27e-05  e= [0.17126124 0.1906402  0.20678535 0.20691815 0.20995894]  max|de|= -1.11e-09  lindep= 0.772
root 4 converged  |r|= 6.34e-06  e= 0.209958936372127  max|de|= -2.59e-10
converged 15 16  |r|= 6.34e-06  e= [0.17126124 0.1906402  0.20678535 0.20691815 0.20995894]  max|de|= -2.59e-10
    CPU time for TDA    328.72 sec, wall time     11.92 sec
Excited State energies (eV)
[4.66025583 5.18758394 5.62691594 5.63052978 5.71327367]
