 
:: initializing oneAPI environment ...
   slurm_script: BASH_VERSION = 4.2.46(1)-release
   args: Using "$@" for setvars.sh arguments: --force
:: advisor -- latest
:: ccl -- latest
:: clck -- latest
:: compiler -- latest
:: dal -- latest
:: debugger -- latest
:: dev-utilities -- latest
:: dnnl -- latest
:: dpcpp-ct -- latest
:: dpl -- latest
:: inspector -- latest
:: intelpython -- latest
:: ipp -- latest
:: ippcp -- latest
:: ipp -- latest
:: itac -- latest
:: mkl -- latest
:: mpi -- latest
:: tbb -- latest
:: vpl -- latest
:: vtune -- latest
:: oneAPI environment initialized ::
 
SLURM_CPUS_PER_TASK = 28
SLURM_MEM_PER_NODE = 514992
#INFO: **** input file is /home/yangjunjie/work/py-ch3-cl/work/scan-17/main.py ****
import sys
import pyscf
from pyscf import tdscf

def main(xyz_file, basis="631g*", xc="b3lyp", output="ene.out"):
    xyz = None

    with open(xyz_file, "r") as xyz:
        xyz = xyz.readlines()[2:]
        xyz = "".join(xyz)

    mol = pyscf.gto.Mole()
    mol.atom = xyz
    mol.basis = basis
    mol.verbose = 5
    mol.build()

    if xc is not None and xc != "hf":
        mf = pyscf.scf.RKS(mol)
        mf.xc = xc
        mf.grids.level = 9
        mf.kernel()
    else:
        mf = pyscf.scf.RHF(mol)
        mf.kernel()

    ene_mf = mf.e_tot

    with open(output, "w") as f:
        tda = pyscf.tdscf.TDA(mf)
        tda.nstates = 5
        tda.max_space = 8
        tda.max_cycle = 2000
        tda.kernel()

        con_tda = tda.converged
        ene_tda = tda.e[:5]
        dip_tda = tda.transition_dipole()[:5]

        f.write(f"RKS energy: {ene_mf: 12.8f}\n")
        f.write("TDA results:\n")
        for i, (con, ene, dip) in enumerate(zip(con_tda, ene_tda, dip_tda)):
            f.write(f" {i:2d} {con} {ene: 12.8f} {dip[0]: 12.8f} {dip[1]: 12.8f} {dip[2]: 12.8f}\n")

        # rpa = pyscf.tdscf.RPA(mf)
        # rpa.nstates = 5
        # rpa.max_space = 8
        # rpa.max_cycle = 2000
        # rpa.kernel()

        # con_rpa = rpa.converged
        # ene_rpa = rpa.e[:5]
        # dip_rpa = rpa.transition_dipole()[:5]
        
        # f.write("\nRPA results:\n")
        # for i, (con, ene, dip) in enumerate(zip(con_rpa, ene_rpa, dip_rpa)):
        #     f.write(f" {i:2d} {con} {ene: 12.8f} {dip[0]: 12.8f} {dip[1]: 12.8f} {dip[2]: 12.8f}\n")

if __name__ == "__main__":
    xyz = sys.argv[1]
    main(xyz, basis="6-311g**", xc=None, output="out.log")
#INFO: ******************** input file end ********************


System: uname_result(system='Linux', node='pauling035', release='3.10.0-327.36.3.el7.x86_64', version='#1 SMP Thu Oct 20 04:56:07 EDT 2016', machine='x86_64')  Threads 28
Python 3.9.7 (default, Oct 27 2021, 01:23:21) 
[GCC 9.3.0]
numpy 1.21.2  scipy 1.6.2
Date: Tue Oct  4 15:30:37 2022
PySCF version 2.0.1
PySCF path  /home/yangjunjie/packages/pyscf/pyscf-main
GIT ORIG_HEAD 14b880cdc4bf7bb64f3989a147c0b04622efc498
GIT HEAD (branch master) 9d5b5bd309d1cc55fbd1a0ec76e26b5b0c7f76af

[ENV] PYSCF_MAX_MEMORY 514992
[ENV] PYSCF_TMPDIR /scratch/global/yangjunjie/
[CONFIG] conf_file /home/yangjunjie/.pyscf_conf.py
[INPUT] verbose = 5
[INPUT] max_memory = 514992 
[INPUT] num. atoms = 16
[INPUT] num. electrons = 68
[INPUT] charge = 0
[INPUT] spin (= nelec alpha-beta = 2S) = 0
[INPUT] symmetry False subgroup None
[INPUT] Mole.unit = angstrom
[INPUT]  1 C      0.000000100000   1.171360400000   1.132901160000 AA    0.000000188973   2.213550349161   2.140872918602 Bohr
[INPUT]  2 C      0.000000220000   1.183213400000   2.516185380000 AA    0.000000415740   2.235949272915   4.754901246835 Bohr
[INPUT]  3 C      0.000000080000  -0.029818060000   3.180208380000 AA    0.000000151178  -0.056347966966   6.009722857247 Bohr
[INPUT]  4 C     -0.000000210000  -1.194866770000   2.434940920000 AA   -0.000000396842  -2.257970950644   4.601371468296 Bohr
[INPUT]  5 C     -0.000000220000  -1.088225260000   1.055964890000 AA   -0.000000415740  -2.056447703234   1.995484439256 Bohr
[INPUT]  6 N     -0.000000050000   0.065000670000   0.410839660000 AA   -0.000000094486   0.122833464213   0.776374438509 Bohr
[INPUT]  7 C      0.000000050000  -0.010800130000  -1.982459520000 AA    0.000000094486  -0.020409287810  -3.746305545837 Bohr
[INPUT]  8 H      0.000000130000   2.099124980000   0.585538440000 AA    0.000000245664   3.966771313433   1.106507287005 Bohr
[INPUT]  9 H      0.000000490000   2.115082310000   3.050011970000 AA    0.000000925966   3.996926296812   5.763687299945 Bohr
[INPUT] 10 H      0.000000100000  -0.066495690000   4.254918840000 AA    0.000000188973  -0.125658642564   8.040631289852 Bohr
[INPUT] 11 H     -0.000000480000  -2.161061720000   2.903760040000 AA   -0.000000907069  -4.083814789082   5.487311207056 Bohr
[INPUT] 12 H     -0.000000460000  -1.976069330000   0.445522260000 AA   -0.000000869274  -3.734229836853   0.841915053797 Bohr
[INPUT] 13 H     -0.000001340000   1.042276010000  -1.804374970000 AA   -0.000002532233   1.969616205104  -3.409774519320 Bohr
[INPUT] 14 H     -0.904933820000  -0.515896710000  -1.725753490000 AA   -1.710077080656  -0.974903490464  -3.261201454612 Bohr
[INPUT] 15 H      0.904935160000  -0.515894470000  -1.725753490000 AA    1.710079612889  -0.974899257478  -3.261201454612 Bohr
[INPUT] 16 Cl     0.000000150000  -0.108667010000  -3.958704950000 AA    0.000000283459  -0.205350887675  -7.480868163460 Bohr
[INPUT] ---------------- BASIS SET ---------------- 
[INPUT] l, kappa, [nprim/nctr], expnt,             c_1 c_2 ...
[INPUT] C
[INPUT] 0    0    [6    /1   ]  4563.24           0.00196665
                                682.024           0.0152306
                                154.973           0.0761269
                                44.4553           0.260801
                                13.029            0.616462
                                1.82773           0.221006
[INPUT] 0    0    [3    /1   ]  20.9642           0.11466
                                4.80331           0.919999
                                1.45933           -0.00303068
[INPUT] 0    0    [1    /1   ]  0.483456             1
[INPUT] 0    0    [1    /1   ]  0.145585             1
[INPUT] 1    0    [3    /1   ]  20.9642           0.0402487
                                4.80331           0.237594
                                1.45933           0.815854
[INPUT] 1    0    [1    /1   ]  0.483456             1
[INPUT] 1    0    [1    /1   ]  0.145585             1
[INPUT] 2    0    [1    /1   ]  0.626                1
[INPUT] H
[INPUT] 0    0    [3    /1   ]  33.865            0.0254938
                                5.09479           0.190373
                                1.15879           0.852161
[INPUT] 0    0    [1    /1   ]  0.32584              1
[INPUT] 0    0    [1    /1   ]  0.102741             1
[INPUT] 1    0    [1    /1   ]  0.75                 1
[INPUT] Cl
[INPUT] 0    0    [6    /1   ]  105819            0.000738
                                15872             0.005718
                                3619.65           0.029495
                                1030.8            0.117286
                                339.908           0.362949
                                124.538           0.584149
[INPUT] 0    0    [3    /1   ]  124.538           0.134177
                                49.5135           0.62425
                                20.8056           0.291756
[INPUT] 0    0    [1    /1   ]  6.58346              1
[INPUT] 0    0    [1    /1   ]  2.56468              1
[INPUT] 0    0    [1    /1   ]  0.559763             1
[INPUT] 0    0    [1    /1   ]  0.183273             1
[INPUT] 1    0    [5    /1   ]  589.776           0.002391
                                139.849           0.018504
                                45.1413           0.081377
                                16.8733           0.221552
                                6.7411            0.772569
[INPUT] 1    0    [2    /1   ]  6.7411            -1.572244
                                2.77152           0.992389
[INPUT] 1    0    [1    /1   ]  1.02387              1
[INPUT] 1    0    [1    /1   ]  0.381368             1
[INPUT] 1    0    [1    /1   ]  0.109437             1
[INPUT] 2    0    [1    /1   ]  0.75                 1
[INPUT] N
[INPUT] 0    0    [6    /1   ]  6293.48           0.00196979
                                949.044           0.0149613
                                218.776           0.0735006
                                63.6916           0.248937
                                18.8282           0.60246
                                2.72023           0.256202
[INPUT] 0    0    [3    /1   ]  30.6331           0.111906
                                7.02614           0.921666
                                2.11205           -0.00256919
[INPUT] 0    0    [1    /1   ]  0.684009             1
[INPUT] 0    0    [1    /1   ]  0.200878             1
[INPUT] 1    0    [3    /1   ]  30.6331           0.0383119
                                7.02614           0.237403
                                2.11205           0.817592
[INPUT] 1    0    [1    /1   ]  0.684009             1
[INPUT] 1    0    [1    /1   ]  0.200878             1
[INPUT] 2    0    [1    /1   ]  0.913                1

nuclear repulsion = 377.763271637535
number of shells = 100
number of NR pGTOs = 329
number of NR cGTOs = 200
basis = 6-311g**
ecp = {}
CPU time:         0.42


******** <class 'pyscf.scf.hf.RHF'> ********
method = RHF
initial guess = minao
damping factor = 0
level_shift factor = 0
DIIS = <class 'pyscf.scf.diis.CDIIS'>
diis_start_cycle = 1
diis_space = 8
SCF conv_tol = 1e-09
SCF conv_tol_grad = None
SCF max_cycles = 50
direct_scf = True
direct_scf_tol = 1e-13
chkfile to save SCF result = /scratch/global/yangjunjie/tmpzuxvp8on
max_memory 514992 MB (current use 81 MB)
Set gradient conv threshold to 3.16228e-05
E1 = -1769.27134679178  E_coul = 643.9143211237067
init E= -747.593754030538
cond(S) = 13539.764518091662
    CPU time for initialize scf     13.57 sec, wall time      0.56 sec
  HOMO = -0.248749781189347  LUMO = 0.0140226451409074
  mo_energy =
[-1.04818189e+02 -1.56254152e+01 -1.13276086e+01 -1.13237982e+01
 -1.13213812e+01 -1.13187248e+01 -1.13182880e+01 -1.13162266e+01
 -1.06140112e+01 -8.07197520e+00 -8.07111328e+00 -8.07111071e+00
 -1.76025880e+00 -1.40725245e+00 -1.32697871e+00 -1.29839402e+00
 -1.02808738e+00 -9.42403571e-01 -9.26380694e-01 -6.89413668e-01
 -5.96212763e-01 -5.54456345e-01 -5.42057960e-01 -5.31415051e-01
 -5.15335424e-01 -4.82890564e-01 -4.76684766e-01 -4.34933093e-01
 -3.96983469e-01 -3.95678035e-01 -3.62018181e-01 -3.05619765e-01
 -2.58193188e-01 -2.48749781e-01  1.40226451e-02  4.32125252e-02
  4.50682429e-02  1.17955483e-01  1.35360923e-01  1.60729549e-01
  1.81940015e-01  1.85690680e-01  2.07769742e-01  2.18524973e-01
  2.35409098e-01  2.49357020e-01  3.23085566e-01  3.72432139e-01
  3.75870159e-01  3.93493746e-01  4.04323437e-01  4.09907831e-01
  4.15867193e-01  4.22713499e-01  4.30981091e-01  4.33950753e-01
  5.07993878e-01  5.09077453e-01  5.33692798e-01  5.38511323e-01
  5.57834775e-01  5.79796685e-01  5.88502412e-01  5.88725094e-01
  6.17791565e-01  6.52904991e-01  6.60558843e-01  6.78768267e-01
  7.04258067e-01  7.15563719e-01  7.45963836e-01  7.52383839e-01
  7.61534620e-01  7.64941664e-01  7.81360095e-01  8.01152283e-01
  8.14548730e-01  8.47646767e-01  8.83956404e-01  8.89004345e-01
  9.02805972e-01  9.35485406e-01  9.49989056e-01  9.64832759e-01
  9.77500533e-01  1.02847885e+00  1.03336758e+00  1.08033853e+00
  1.09251621e+00  1.10327067e+00  1.10506416e+00  1.13466281e+00
  1.14500287e+00  1.16793282e+00  1.19107360e+00  1.23275610e+00
  1.23348704e+00  1.29162104e+00  1.32411927e+00  1.34482569e+00
  1.34628034e+00  1.37307177e+00  1.42015616e+00  1.48236480e+00
  1.52048466e+00  1.54854523e+00  1.64357646e+00  1.66585855e+00
  1.68984600e+00  1.69335133e+00  1.70917978e+00  1.72619225e+00
  1.77366890e+00  1.77697707e+00  1.82109810e+00  1.82949328e+00
  1.82949349e+00  1.87726392e+00  1.94049423e+00  1.94788237e+00
  1.95477875e+00  1.98463893e+00  2.02211323e+00  2.02541365e+00
  2.03763223e+00  2.03915411e+00  2.05758480e+00  2.14217696e+00
  2.15813945e+00  2.17151262e+00  2.18749066e+00  2.21939505e+00
  2.28721811e+00  2.32120141e+00  2.32727772e+00  2.34993857e+00
  2.35496391e+00  2.43362336e+00  2.45623873e+00  2.47413799e+00
  2.48211061e+00  2.48261937e+00  2.56852809e+00  2.63143681e+00
  2.65754884e+00  2.66574600e+00  2.69372413e+00  2.70762294e+00
  2.71759765e+00  2.73612756e+00  2.77248156e+00  2.85467717e+00
  2.86174431e+00  2.88129514e+00  2.89007964e+00  2.89017005e+00
  2.90116251e+00  2.90706046e+00  2.92674641e+00  2.94308510e+00
  2.95807196e+00  3.01702546e+00  3.07393242e+00  3.09983442e+00
  3.11330556e+00  3.20950213e+00  3.25293146e+00  3.28471764e+00
  3.29502327e+00  3.32008034e+00  3.32849803e+00  3.38103679e+00
  3.54209493e+00  3.70135411e+00  3.78080245e+00  3.82348735e+00
  3.95174290e+00  3.99962709e+00  4.08212582e+00  4.09688274e+00
  4.16220093e+00  4.29056076e+00  4.34967499e+00  4.39305305e+00
  4.42814810e+00  4.77425959e+00  4.89565894e+00  5.65994702e+00
  1.01549398e+01  2.47479955e+01  2.50300114e+01  2.50416393e+01
  2.51506782e+01  2.52308473e+01  2.52848689e+01  2.62414134e+01
  2.62480977e+01  2.67987805e+01  3.70328436e+01  2.19049018e+02]
E1 = -1770.3530653520254  E_coul = 646.8464382901856
cycle= 1 E= -745.743355424305  delta_E= 1.85  |g|= 0.566  |ddm|= 3.17
    CPU time for cycle= 1      1.61 sec, wall time      0.06 sec
  HOMO = -0.355035527907225  LUMO = 0.0476372134945252
  mo_energy =
[-1.04638171e+02 -1.56041655e+01 -1.14397801e+01 -1.13984577e+01
 -1.13979629e+01 -1.13525384e+01 -1.13161508e+01 -1.13160953e+01
 -1.03850600e+01 -7.85114005e+00 -7.84820880e+00 -7.84820110e+00
 -1.34617781e+00 -1.16700933e+00 -1.11683157e+00 -1.06907109e+00
 -9.33714231e-01 -9.29814006e-01 -9.15738183e-01 -7.87690672e-01
 -7.29806922e-01 -7.09878165e-01 -6.63873954e-01 -6.63023133e-01
 -6.53675795e-01 -6.32943580e-01 -6.14022007e-01 -5.73709011e-01
 -4.96426732e-01 -4.52217793e-01 -4.16725271e-01 -4.08629680e-01
 -3.55300528e-01 -3.55035528e-01  4.76372135e-02  6.48197502e-02
  1.12768713e-01  1.39805284e-01  1.47407255e-01  1.68154395e-01
  1.77105112e-01  1.78812995e-01  2.11930156e-01  2.19320755e-01
  2.50714935e-01  2.77435761e-01  3.34472017e-01  3.70456268e-01
  3.89358038e-01  3.97097469e-01  4.18644708e-01  4.22093559e-01
  4.31838727e-01  4.64419512e-01  4.73760234e-01  5.00195306e-01
  5.11080441e-01  5.13532505e-01  5.17938402e-01  5.41136590e-01
  5.55624107e-01  5.63025359e-01  5.80160357e-01  5.85337561e-01
  5.97536121e-01  6.59080256e-01  6.67559135e-01  6.88585637e-01
  6.92815626e-01  7.13142575e-01  7.44875382e-01  7.45836404e-01
  7.58759017e-01  7.65496362e-01  7.83717232e-01  7.94576920e-01
  8.03021382e-01  8.43259420e-01  8.72085596e-01  8.76534942e-01
  9.18065258e-01  9.43037211e-01  9.66751241e-01  9.87844132e-01
  1.02201263e+00  1.02562719e+00  1.08367290e+00  1.10614745e+00
  1.11149738e+00  1.15366154e+00  1.16898432e+00  1.19710349e+00
  1.20296443e+00  1.21300918e+00  1.22706760e+00  1.26353668e+00
  1.27391900e+00  1.27579950e+00  1.29251087e+00  1.38360361e+00
  1.39611049e+00  1.40186486e+00  1.40534053e+00  1.49547598e+00
  1.50027674e+00  1.52854285e+00  1.63406872e+00  1.64734596e+00
  1.66399430e+00  1.67693227e+00  1.69316510e+00  1.70124550e+00
  1.75728800e+00  1.75762726e+00  1.80302848e+00  1.81140962e+00
  1.81232094e+00  1.86032306e+00  1.92600427e+00  1.93045665e+00
  1.95669391e+00  1.98032048e+00  2.00246326e+00  2.00555516e+00
  2.01717718e+00  2.02673508e+00  2.05081913e+00  2.12025164e+00
  2.14544174e+00  2.16995000e+00  2.17007512e+00  2.20871162e+00
  2.28240438e+00  2.31154201e+00  2.32367858e+00  2.33683935e+00
  2.34903940e+00  2.41562676e+00  2.44436337e+00  2.47059139e+00
  2.55948958e+00  2.62179229e+00  2.63019114e+00  2.63045448e+00
  2.64914301e+00  2.68623470e+00  2.68913950e+00  2.70652093e+00
  2.71038176e+00  2.72127237e+00  2.80211167e+00  2.83514192e+00
  2.84524506e+00  2.85242320e+00  2.86212051e+00  2.87477850e+00
  2.87985609e+00  2.88890564e+00  2.90562892e+00  2.92405514e+00
  2.94263109e+00  3.01112206e+00  3.06439920e+00  3.07260732e+00
  3.08954418e+00  3.17540707e+00  3.24747156e+00  3.26794631e+00
  3.29113435e+00  3.30803219e+00  3.30909174e+00  3.36936601e+00
  3.53688775e+00  3.68640156e+00  3.76723914e+00  3.81556922e+00
  3.94736320e+00  3.97765888e+00  4.05177090e+00  4.06752410e+00
  4.13471183e+00  4.30797664e+00  4.33561090e+00  4.37735758e+00
  4.41183485e+00  4.76605947e+00  4.91245672e+00  5.66400424e+00
  1.03667662e+01  2.47048550e+01  2.49018606e+01  2.49827709e+01
  2.50808863e+01  2.51920247e+01  2.52583519e+01  2.64475390e+01
  2.64541512e+01  2.69893474e+01  3.70419257e+01  2.19222838e+02]
E1 = -1771.9177527101594  E_coul = 648.3090472024023
cycle= 2 E= -745.845433870222  delta_E= -0.102  |g|= 0.233  |ddm|= 0.754
    CPU time for cycle= 2      1.59 sec, wall time      0.06 sec
  HOMO = -0.36576522130736  LUMO = 0.0932756381331534
  mo_energy =
[-1.04822016e+02 -1.55814740e+01 -1.12746163e+01 -1.12739231e+01
 -1.12704637e+01 -1.12518265e+01 -1.12517362e+01 -1.12360939e+01
 -1.05346746e+01 -8.00343856e+00 -8.00114126e+00 -8.00113382e+00
 -1.28698284e+00 -1.11377857e+00 -1.05971201e+00 -1.05621321e+00
 -9.06932006e-01 -8.80937646e-01 -8.76898763e-01 -7.44524921e-01
 -6.79821382e-01 -6.74819007e-01 -6.17080982e-01 -5.98238391e-01
 -5.96114389e-01 -5.91975800e-01 -5.63514271e-01 -5.36557454e-01
 -4.84499055e-01 -4.12172059e-01 -4.08577301e-01 -4.05064472e-01
 -4.03462365e-01 -3.65765221e-01  9.32756381e-02  1.11053115e-01
  1.32492190e-01  1.57569123e-01  1.62632664e-01  1.93269455e-01
  1.94584675e-01  1.97838681e-01  2.34567174e-01  2.37149052e-01
  2.71043160e-01  3.19676642e-01  3.68398768e-01  4.03904965e-01
  4.20922265e-01  4.28127397e-01  4.46542949e-01  4.51455191e-01
  4.57166040e-01  4.67132125e-01  4.68940632e-01  4.79359133e-01
  5.28952635e-01  5.47316129e-01  5.48985190e-01  5.64501428e-01
  5.90649361e-01  5.97465477e-01  6.06107569e-01  6.23957290e-01
  6.33937238e-01  7.02187725e-01  7.06366425e-01  7.30098969e-01
  7.34800174e-01  7.48375270e-01  7.83849415e-01  7.95139123e-01
  7.99276345e-01  8.18081835e-01  8.23540892e-01  8.30081836e-01
  8.42971146e-01  8.73056044e-01  9.00930429e-01  9.12013503e-01
  9.50445339e-01  9.87107308e-01  1.00277427e+00  1.02820667e+00
  1.04988713e+00  1.06603166e+00  1.08709712e+00  1.14060840e+00
  1.14537326e+00  1.16901954e+00  1.17561981e+00  1.18906013e+00
  1.19638759e+00  1.20980510e+00  1.23057473e+00  1.25387887e+00
  1.25753646e+00  1.30619547e+00  1.33717158e+00  1.39963966e+00
  1.40283986e+00  1.42479415e+00  1.43646132e+00  1.51726859e+00
  1.54734840e+00  1.56900884e+00  1.68497527e+00  1.69066272e+00
  1.71100296e+00  1.73810060e+00  1.74657043e+00  1.75313493e+00
  1.79210920e+00  1.80322134e+00  1.84148426e+00  1.85047474e+00
  1.85477360e+00  1.90275880e+00  1.95955435e+00  1.97491636e+00
  1.99314009e+00  2.02785912e+00  2.04150212e+00  2.04184847e+00
  2.05472688e+00  2.06630524e+00  2.09770307e+00  2.16042483e+00
  2.18772884e+00  2.21240340e+00  2.22128463e+00  2.25892164e+00
  2.32768971e+00  2.35729784e+00  2.37305663e+00  2.38516987e+00
  2.40019032e+00  2.47229160e+00  2.48448671e+00  2.50823853e+00
  2.56294185e+00  2.56352981e+00  2.60005501e+00  2.66483397e+00
  2.69218284e+00  2.72270746e+00  2.73429239e+00  2.74154844e+00
  2.75990853e+00  2.77591936e+00  2.82851185e+00  2.87117558e+00
  2.90534463e+00  2.90535775e+00  2.91174354e+00  2.91587775e+00
  2.92063433e+00  2.95228436e+00  2.97465019e+00  2.98093883e+00
  2.98672974e+00  3.06018648e+00  3.11039011e+00  3.13902132e+00
  3.14199092e+00  3.24111792e+00  3.30039492e+00  3.32679480e+00
  3.34385673e+00  3.36417578e+00  3.36661091e+00  3.44759814e+00
  3.59799506e+00  3.75476030e+00  3.83034417e+00  3.86953581e+00
  4.00272410e+00  4.04045714e+00  4.14707132e+00  4.15912444e+00
  4.20001867e+00  4.33784086e+00  4.38675107e+00  4.42575437e+00
  4.46967595e+00  4.82128973e+00  4.95071835e+00  5.71178013e+00
  1.02384765e+01  2.47911055e+01  2.50828302e+01  2.50978826e+01
  2.51844633e+01  2.52756279e+01  2.53326381e+01  2.63260040e+01
  2.63326080e+01  2.68659925e+01  3.70657362e+01  2.19043456e+02]
E1 = -1771.605094780421  E_coul = 647.9826447812433
cycle= 3 E= -745.859178361643  delta_E= -0.0137  |g|= 0.0732  |ddm|= 0.249
    CPU time for cycle= 3      1.57 sec, wall time      0.06 sec
  HOMO = -0.367523174585019  LUMO = 0.0944954891607207
  mo_energy =
[-1.04775674e+02 -1.55778691e+01 -1.12943350e+01 -1.12895494e+01
 -1.12890504e+01 -1.12684574e+01 -1.12529219e+01 -1.12527369e+01
 -1.05028342e+01 -7.97050810e+00 -7.96834448e+00 -7.96833860e+00
 -1.29199383e+00 -1.11278558e+00 -1.06045604e+00 -1.05802453e+00
 -9.15876205e-01 -8.81386994e-01 -8.77716764e-01 -7.45588575e-01
 -6.85540729e-01 -6.72364966e-01 -6.22324543e-01 -6.15911905e-01
 -6.09356023e-01 -5.98636639e-01 -5.66734543e-01 -5.39927900e-01
 -4.89315480e-01 -4.14839339e-01 -4.08989576e-01 -4.03577438e-01
 -4.00709511e-01 -3.67523175e-01  9.44954892e-02  1.09788018e-01
  1.34110977e-01  1.57138046e-01  1.63763319e-01  1.92465114e-01
  1.94079437e-01  1.96065632e-01  2.29058569e-01  2.37077483e-01
  2.67703281e-01  3.20632322e-01  3.67800084e-01  4.06985539e-01
  4.19829959e-01  4.31836864e-01  4.43681760e-01  4.46803263e-01
  4.55910334e-01  4.63889989e-01  4.69011212e-01  4.80309218e-01
  5.27716223e-01  5.45961891e-01  5.49201278e-01  5.62923532e-01
  5.92164124e-01  5.96609734e-01  6.07754339e-01  6.23211157e-01
  6.32741908e-01  6.97231202e-01  7.04653006e-01  7.24935488e-01
  7.29435431e-01  7.49660147e-01  7.85364004e-01  7.87991553e-01
  8.01283310e-01  8.02905742e-01  8.21041767e-01  8.31109746e-01
  8.34423283e-01  8.70636183e-01  9.02019154e-01  9.13085240e-01
  9.46503831e-01  9.85509739e-01  9.96185504e-01  1.02774680e+00
  1.04738332e+00  1.06453302e+00  1.08303472e+00  1.13870256e+00
  1.14639367e+00  1.17072109e+00  1.17771166e+00  1.19626665e+00
  1.20716901e+00  1.21428236e+00  1.22772432e+00  1.25215921e+00
  1.25346111e+00  1.30717749e+00  1.33825311e+00  1.39637299e+00
  1.39975838e+00  1.41772298e+00  1.43458811e+00  1.51416056e+00
  1.54342092e+00  1.56582484e+00  1.67557442e+00  1.69119702e+00
  1.70961574e+00  1.72386838e+00  1.73942725e+00  1.74672706e+00
  1.79670052e+00  1.80286594e+00  1.84368538e+00  1.85205960e+00
  1.85521020e+00  1.90059050e+00  1.96339492e+00  1.97506315e+00
  1.98464250e+00  2.01903780e+00  2.04177551e+00  2.04418143e+00
  2.05642126e+00  2.06632559e+00  2.09081136e+00  2.16243981e+00
  2.19015080e+00  2.20829722e+00  2.21915478e+00  2.25777057e+00
  2.32489751e+00  2.35750517e+00  2.36445233e+00  2.38240286e+00
  2.39008487e+00  2.46808461e+00  2.48584543e+00  2.51059497e+00
  2.57175964e+00  2.57223687e+00  2.60345701e+00  2.66652569e+00
  2.69359319e+00  2.72145700e+00  2.72979787e+00  2.74244595e+00
  2.74962925e+00  2.76744606e+00  2.82132408e+00  2.87324121e+00
  2.90026554e+00  2.90625952e+00  2.91457638e+00  2.91733064e+00
  2.92700501e+00  2.92960584e+00  2.95785429e+00  2.97954505e+00
  2.98824715e+00  3.05676890e+00  3.11193496e+00  3.13533468e+00
  3.13867324e+00  3.23466720e+00  3.29248426e+00  3.32432141e+00
  3.34117253e+00  3.36083379e+00  3.36208500e+00  3.42337295e+00
  3.59653999e+00  3.75077783e+00  3.82927043e+00  3.87216486e+00
  4.00045384e+00  4.03459619e+00  4.12413861e+00  4.13786707e+00
  4.19513710e+00  4.33582474e+00  4.38829823e+00  4.42944751e+00
  4.46812387e+00  4.82059423e+00  4.94755057e+00  5.70909196e+00
  1.02640235e+01  2.47870323e+01  2.50419891e+01  2.50739480e+01
  2.51763814e+01  2.52692137e+01  2.53314750e+01  2.63497179e+01
  2.63563230e+01  2.68893354e+01  3.70690422e+01  2.19088012e+02]
E1 = -1771.6668927370156  E_coul = 648.0425646302854
cycle= 4 E= -745.861056469195  delta_E= -0.00188  |g|= 0.011  |ddm|= 0.108
    CPU time for cycle= 4      1.55 sec, wall time      0.06 sec
  HOMO = -0.369070548348555  LUMO = 0.0931991179597235
  mo_energy =
[-1.04777778e+02 -1.55773856e+01 -1.12926190e+01 -1.12922658e+01
 -1.12877647e+01 -1.12780715e+01 -1.12581254e+01 -1.12580713e+01
 -1.05029793e+01 -7.97079043e+00 -7.96864078e+00 -7.96863498e+00
 -1.29253621e+00 -1.11570400e+00 -1.05980942e+00 -1.05885292e+00
 -9.13876676e-01 -8.83044510e-01 -8.79757195e-01 -7.47386331e-01
 -6.88047422e-01 -6.74051296e-01 -6.23511739e-01 -6.13808409e-01
 -6.07799858e-01 -6.01421844e-01 -5.67218821e-01 -5.42357921e-01
 -4.88966057e-01 -4.15004030e-01 -4.09771368e-01 -4.03044140e-01
 -4.00683173e-01 -3.69070548e-01  9.31991180e-02  1.08288537e-01
  1.34003177e-01  1.57143041e-01  1.63624368e-01  1.93896612e-01
  1.94489421e-01  1.95695383e-01  2.29857411e-01  2.37261023e-01
  2.68203864e-01  3.19522719e-01  3.67239450e-01  4.05386894e-01
  4.19466226e-01  4.30079916e-01  4.44815662e-01  4.46441580e-01
  4.55764643e-01  4.64050810e-01  4.68950636e-01  4.80547043e-01
  5.27440806e-01  5.45352475e-01  5.48010833e-01  5.62316947e-01
  5.90309519e-01  5.96001790e-01  6.06295244e-01  6.21861364e-01
  6.31649079e-01  6.97068990e-01  7.03856053e-01  7.26256643e-01
  7.28983654e-01  7.47839813e-01  7.83056892e-01  7.88193420e-01
  7.99307735e-01  8.04718839e-01  8.20461723e-01  8.29827809e-01
  8.34872456e-01  8.70316019e-01  9.00691863e-01  9.11402155e-01
  9.47755951e-01  9.83747205e-01  9.97174472e-01  1.02666145e+00
  1.04669008e+00  1.06371373e+00  1.08289685e+00  1.13816076e+00
  1.14611913e+00  1.16995735e+00  1.17687269e+00  1.19668183e+00
  1.20788046e+00  1.21479609e+00  1.22781507e+00  1.24953190e+00
  1.25355339e+00  1.30542923e+00  1.33591699e+00  1.39777856e+00
  1.39990373e+00  1.41895481e+00  1.43368512e+00  1.51430059e+00
  1.54268107e+00  1.56502310e+00  1.67711092e+00  1.68912374e+00
  1.70812141e+00  1.72572630e+00  1.74116858e+00  1.74471512e+00
  1.79447498e+00  1.80065016e+00  1.84211838e+00  1.85063564e+00
  1.85335834e+00  1.90042733e+00  1.96201678e+00  1.97367809e+00
  1.98593184e+00  2.02044622e+00  2.04103324e+00  2.04286641e+00
  2.05504709e+00  2.06545670e+00  2.09128041e+00  2.16076532e+00
  2.18734378e+00  2.20814467e+00  2.21705709e+00  2.25531947e+00
  2.32397549e+00  2.35503692e+00  2.36569653e+00  2.38090472e+00
  2.39163594e+00  2.46684240e+00  2.48361058e+00  2.50976208e+00
  2.57244179e+00  2.57292296e+00  2.60144334e+00  2.66549894e+00
  2.69183411e+00  2.72258209e+00  2.72925878e+00  2.74089567e+00
  2.75124018e+00  2.76837372e+00  2.82229854e+00  2.87245984e+00
  2.89916590e+00  2.90608741e+00  2.91289258e+00  2.91603833e+00
  2.92548061e+00  2.93222222e+00  2.95967005e+00  2.97592378e+00
  2.98630368e+00  3.05613751e+00  3.10935012e+00  3.13217323e+00
  3.13630831e+00  3.23268821e+00  3.29334280e+00  3.32229617e+00
  3.33975209e+00  3.35851339e+00  3.36028812e+00  3.42646757e+00
  3.59273390e+00  3.74786450e+00  3.82577679e+00  3.86795140e+00
  3.99855914e+00  4.03422044e+00  4.12712231e+00  4.14052460e+00
  4.19385864e+00  4.33642540e+00  4.38553514e+00  4.42589564e+00
  4.46562330e+00  4.81739353e+00  4.94785146e+00  5.70849949e+00
  1.02642016e+01  2.47813833e+01  2.50483190e+01  2.50701273e+01
  2.51710123e+01  2.52649058e+01  2.53250520e+01  2.63499868e+01
  2.63565913e+01  2.68895072e+01  3.70694753e+01  2.19086115e+02]
E1 = -1771.6821476517807  E_coul = 648.0577577157605
cycle= 5 E= -745.861118298485  delta_E= -6.18e-05  |g|= 0.00546  |ddm|= 0.0182
    CPU time for cycle= 5      1.56 sec, wall time      0.06 sec
  HOMO = -0.368623566430758  LUMO = 0.0937621419529256
  mo_energy =
[-1.04778506e+02 -1.55799730e+01 -1.12922993e+01 -1.12922505e+01
 -1.12890638e+01 -1.12747313e+01 -1.12567840e+01 -1.12566405e+01
 -1.05034634e+01 -7.97129802e+00 -7.96913766e+00 -7.96913183e+00
 -1.29297154e+00 -1.11463913e+00 -1.05969864e+00 -1.05899475e+00
 -9.14351112e-01 -8.82882075e-01 -8.79209494e-01 -7.47047876e-01
 -6.87628737e-01 -6.73763891e-01 -6.23332224e-01 -6.14456963e-01
 -6.08334453e-01 -6.00906620e-01 -5.66993956e-01 -5.41934773e-01
 -4.89422775e-01 -4.15984939e-01 -4.09307925e-01 -4.03359665e-01
 -4.00722494e-01 -3.68623566e-01  9.37621420e-02  1.08524349e-01
  1.34101028e-01  1.57134697e-01  1.63650371e-01  1.93626928e-01
  1.94208362e-01  1.95802322e-01  2.29543840e-01  2.37174895e-01
  2.67987320e-01  3.19836197e-01  3.67216226e-01  4.05864017e-01
  4.19440965e-01  4.30573531e-01  4.44350234e-01  4.46424842e-01
  4.55703241e-01  4.63853533e-01  4.68827017e-01  4.80311244e-01
  5.27422823e-01  5.45389829e-01  5.48723703e-01  5.62358800e-01
  5.90930313e-01  5.96388965e-01  6.06671132e-01  6.22314378e-01
  6.32114193e-01  6.96793929e-01  7.04136593e-01  7.25799349e-01
  7.28893292e-01  7.48549434e-01  7.83714112e-01  7.87937674e-01
  7.99747286e-01  8.04141839e-01  8.20453777e-01  8.30165823e-01
  8.34577259e-01  8.70316805e-01  9.01135571e-01  9.11970914e-01
  9.47177266e-01  9.84164999e-01  9.96810686e-01  1.02693336e+00
  1.04681554e+00  1.06383133e+00  1.08278940e+00  1.13816844e+00
  1.14616091e+00  1.17008351e+00  1.17716562e+00  1.19649056e+00
  1.20760645e+00  1.21458132e+00  1.22762522e+00  1.25031332e+00
  1.25328901e+00  1.30584199e+00  1.33655968e+00  1.39726402e+00
  1.39967065e+00  1.41844382e+00  1.43360171e+00  1.51395319e+00
  1.54257365e+00  1.56500755e+00  1.67651932e+00  1.68959273e+00
  1.70848966e+00  1.72510425e+00  1.74058216e+00  1.74518200e+00
  1.79505054e+00  1.80123807e+00  1.84235231e+00  1.85086582e+00
  1.85376572e+00  1.90019161e+00  1.96235475e+00  1.97385920e+00
  1.98541899e+00  2.01991464e+00  2.04115555e+00  2.04306121e+00
  2.05531399e+00  2.06549795e+00  2.09090630e+00  2.16108125e+00
  2.18810317e+00  2.20812506e+00  2.21751711e+00  2.25596725e+00
  2.32397518e+00  2.35569650e+00  2.36525432e+00  2.38117989e+00
  2.39108238e+00  2.46691893e+00  2.48419584e+00  2.50966812e+00
  2.57210887e+00  2.57258898e+00  2.60179731e+00  2.66562337e+00
  2.69208275e+00  2.72211430e+00  2.72881703e+00  2.74124691e+00
  2.75065331e+00  2.76797205e+00  2.82191995e+00  2.87252247e+00
  2.89894980e+00  2.90605662e+00  2.91315921e+00  2.91622074e+00
  2.92569634e+00  2.93145418e+00  2.95907242e+00  2.97699660e+00
  2.98658909e+00  3.05580227e+00  3.10986714e+00  3.13302344e+00
  3.13673986e+00  3.23299884e+00  3.29279837e+00  3.32268884e+00
  3.33967019e+00  3.35965894e+00  3.35996088e+00  3.42571404e+00
  3.59376549e+00  3.74855432e+00  3.82674971e+00  3.86932621e+00
  3.99880881e+00  4.03372529e+00  4.12629065e+00  4.13972929e+00
  4.19363376e+00  4.33472514e+00  4.38616141e+00  4.42685798e+00
  4.46606432e+00  4.81816048e+00  4.94659141e+00  5.70751909e+00
  1.02637886e+01  2.47828901e+01  2.50470580e+01  2.50707440e+01
  2.51723341e+01  2.52658031e+01  2.53269751e+01  2.63496062e+01
  2.63562106e+01  2.68890754e+01  3.70669414e+01  2.19085415e+02]
E1 = -1771.6811185683741  E_coul = 648.0567160992473
cycle= 6 E= -745.861130831592  delta_E= -1.25e-05  |g|= 0.00199  |ddm|= 0.00794
    CPU time for cycle= 6      1.56 sec, wall time      0.06 sec
  HOMO = -0.368408861522974  LUMO = 0.094147046363984
  mo_energy =
[-1.04778989e+02 -1.55785066e+01 -1.12913298e+01 -1.12912966e+01
 -1.12891968e+01 -1.12745544e+01 -1.12567392e+01 -1.12566565e+01
 -1.05040140e+01 -7.97184760e+00 -7.96967804e+00 -7.96967222e+00
 -1.29238138e+00 -1.11446477e+00 -1.05981453e+00 -1.05881966e+00
 -9.14434831e-01 -8.82548286e-01 -8.78950830e-01 -7.46796379e-01
 -6.87254108e-01 -6.73593997e-01 -6.23108185e-01 -6.14424806e-01
 -6.08296904e-01 -6.00714638e-01 -5.66548630e-01 -5.41681613e-01
 -4.89478240e-01 -4.15980722e-01 -4.09137260e-01 -4.03702464e-01
 -4.00814738e-01 -3.68408862e-01  9.41470464e-02  1.08708810e-01
  1.34183152e-01  1.57184430e-01  1.63741259e-01  1.93543248e-01
  1.94230597e-01  1.95866029e-01  2.29602764e-01  2.37247187e-01
  2.68033872e-01  3.20142900e-01  3.67386596e-01  4.05992280e-01
  4.19551794e-01  4.30651910e-01  4.44328777e-01  4.46414660e-01
  4.55761649e-01  4.63894512e-01  4.68810699e-01  4.80118708e-01
  5.27504480e-01  5.45557134e-01  5.48888807e-01  5.62571117e-01
  5.91082683e-01  5.96592775e-01  6.06791558e-01  6.22453737e-01
  6.32332352e-01  6.97012276e-01  7.04348562e-01  7.25847796e-01
  7.29149873e-01  7.48676264e-01  7.83877336e-01  7.88106065e-01
  7.99856180e-01  8.04176205e-01  8.20683077e-01  8.30274026e-01
  8.34752331e-01  8.70475365e-01  9.01282026e-01  9.12119437e-01
  9.47574858e-01  9.84314842e-01  9.96845669e-01  1.02704619e+00
  1.04683152e+00  1.06413213e+00  1.08284596e+00  1.13831673e+00
  1.14614665e+00  1.17007907e+00  1.17722848e+00  1.19627798e+00
  1.20719969e+00  1.21436936e+00  1.22769565e+00  1.25055648e+00
  1.25352963e+00  1.30602777e+00  1.33679581e+00  1.39719804e+00
  1.39959667e+00  1.41842387e+00  1.43395991e+00  1.51414374e+00
  1.54290933e+00  1.56532384e+00  1.67654018e+00  1.68977558e+00
  1.70870458e+00  1.72510717e+00  1.74058263e+00  1.74543332e+00
  1.79518562e+00  1.80147192e+00  1.84252786e+00  1.85104029e+00
  1.85401508e+00  1.90046631e+00  1.96250166e+00  1.97412005e+00
  1.98538903e+00  2.01992547e+00  2.04132003e+00  2.04318962e+00
  2.05556164e+00  2.06564289e+00  2.09102377e+00  2.16128547e+00
  2.18823877e+00  2.20820296e+00  2.21781138e+00  2.25616998e+00
  2.32420939e+00  2.35590200e+00  2.36526967e+00  2.38140407e+00
  2.39107776e+00  2.46727296e+00  2.48437581e+00  2.50987350e+00
  2.57175630e+00  2.57223771e+00  2.60198371e+00  2.66578290e+00
  2.69230199e+00  2.72199632e+00  2.72928745e+00  2.74136680e+00
  2.75069193e+00  2.76806221e+00  2.82188079e+00  2.87271133e+00
  2.89939798e+00  2.90624680e+00  2.91330352e+00  2.91634808e+00
  2.92572675e+00  2.93145463e+00  2.95913195e+00  2.97721561e+00
  2.98680721e+00  3.05619542e+00  3.11008554e+00  3.13342392e+00
  3.13705965e+00  3.23344645e+00  3.29298824e+00  3.32298348e+00
  3.34010238e+00  3.35986580e+00  3.36036974e+00  3.42562073e+00
  3.59398737e+00  3.74885065e+00  3.82698513e+00  3.86941874e+00
  3.99916018e+00  4.03426339e+00  4.12626816e+00  4.13976690e+00
  4.19420615e+00  4.33558290e+00  4.38635203e+00  4.42700994e+00
  4.46641347e+00  4.81845760e+00  4.94734132e+00  5.70829668e+00
  1.02632751e+01  2.47832354e+01  2.50469311e+01  2.50713229e+01
  2.51729609e+01  2.52661742e+01  2.53271249e+01  2.63491219e+01
  2.63557265e+01  2.68885399e+01  3.70683737e+01  2.19084929e+02]
E1 = -1771.6764310938888  E_coul = 648.0520251773743
cycle= 7 E= -745.86113427898  delta_E= -3.45e-06  |g|= 0.000988  |ddm|= 0.00371
    CPU time for cycle= 7      1.57 sec, wall time      0.06 sec
  HOMO = -0.368457986284805  LUMO = 0.0941203607646718
  mo_energy =
[-1.04778957e+02 -1.55791760e+01 -1.12914625e+01 -1.12914213e+01
 -1.12889681e+01 -1.12745773e+01 -1.12567481e+01 -1.12566470e+01
 -1.05040417e+01 -7.97187003e+00 -7.96970004e+00 -7.96969424e+00
 -1.29263385e+00 -1.11451654e+00 -1.05984509e+00 -1.05887355e+00
 -9.14438368e-01 -8.82634679e-01 -8.78962701e-01 -7.46807182e-01
 -6.87335419e-01 -6.73566374e-01 -6.23104471e-01 -6.14381371e-01
 -6.08248207e-01 -6.00760571e-01 -5.66628799e-01 -5.41691130e-01
 -4.89557666e-01 -4.16184707e-01 -4.09182497e-01 -4.03781400e-01
 -4.00877155e-01 -3.68457986e-01  9.41203608e-02  1.08649989e-01
  1.34211955e-01  1.57210051e-01  1.63774515e-01  1.93530158e-01
  1.94246510e-01  1.95905930e-01  2.29593928e-01  2.37268341e-01
  2.68045349e-01  3.20125794e-01  3.67338798e-01  4.06018415e-01
  4.19552268e-01  4.30676647e-01  4.44319447e-01  4.46384808e-01
  4.55723703e-01  4.63878483e-01  4.68772478e-01  4.80046123e-01
  5.27479421e-01  5.45541050e-01  5.48888616e-01  5.62541992e-01
  5.91100294e-01  5.96592830e-01  6.06812673e-01  6.22460853e-01
  6.32312777e-01  6.96962745e-01  7.04338278e-01  7.25856092e-01
  7.29151041e-01  7.48690495e-01  7.83898336e-01  7.88123108e-01
  7.99871481e-01  8.04212386e-01  8.20643137e-01  8.30293280e-01
  8.34766375e-01  8.70481573e-01  9.01303717e-01  9.12139947e-01
  9.47446813e-01  9.84313166e-01  9.96833201e-01  1.02701373e+00
  1.04678370e+00  1.06407748e+00  1.08280548e+00  1.13828802e+00
  1.14612429e+00  1.17005687e+00  1.17721574e+00  1.19621990e+00
  1.20712221e+00  1.21431651e+00  1.22763697e+00  1.25053544e+00
  1.25345519e+00  1.30604544e+00  1.33682088e+00  1.39718332e+00
  1.39951673e+00  1.41840448e+00  1.43391940e+00  1.51402674e+00
  1.54283649e+00  1.56521872e+00  1.67655582e+00  1.68978404e+00
  1.70869553e+00  1.72514237e+00  1.74062068e+00  1.74541191e+00
  1.79523358e+00  1.80144477e+00  1.84254802e+00  1.85106761e+00
  1.85400761e+00  1.90046321e+00  1.96254439e+00  1.97413122e+00
  1.98539066e+00  2.01994031e+00  2.04134441e+00  2.04321407e+00
  2.05556153e+00  2.06563966e+00  2.09100993e+00  2.16131910e+00
  2.18825799e+00  2.20820433e+00  2.21778731e+00  2.25616835e+00
  2.32416237e+00  2.35589404e+00  2.36528590e+00  2.38138281e+00
  2.39109693e+00  2.46721987e+00  2.48434527e+00  2.50986088e+00
  2.57169823e+00  2.57217939e+00  2.60196651e+00  2.66579995e+00
  2.69229808e+00  2.72198537e+00  2.72910557e+00  2.74141442e+00
  2.75070508e+00  2.76808516e+00  2.82189216e+00  2.87274677e+00
  2.89927257e+00  2.90629512e+00  2.91334899e+00  2.91639689e+00
  2.92577942e+00  2.93152272e+00  2.95918738e+00  2.97719206e+00
  2.98680603e+00  3.05605918e+00  3.11006278e+00  3.13336998e+00
  3.13698992e+00  3.23337728e+00  3.29293958e+00  3.32293613e+00
  3.33995904e+00  3.35984252e+00  3.36026404e+00  3.42569587e+00
  3.59394972e+00  3.74881646e+00  3.82696348e+00  3.86943788e+00
  3.99905892e+00  4.03414710e+00  4.12634353e+00  4.13982456e+00
  4.19408974e+00  4.33511655e+00  4.38636156e+00  4.42704623e+00
  4.46636327e+00  4.81839600e+00  4.94696693e+00  5.70797210e+00
  1.02632303e+01  2.47831913e+01  2.50471487e+01  2.50712463e+01
  2.51728773e+01  2.52661250e+01  2.53271064e+01  2.63490799e+01
  2.63556848e+01  2.68884777e+01  3.70677167e+01  2.19084954e+02]
E1 = -1771.6787931801025  E_coul = 648.0543865960876
cycle= 8 E= -745.86113494648  delta_E= -6.68e-07  |g|= 0.000374  |ddm|= 0.00164
    CPU time for cycle= 8      1.57 sec, wall time      0.06 sec
  HOMO = -0.368450553351944  LUMO = 0.0941567350602764
  mo_energy =
[-1.04778967e+02 -1.55791206e+01 -1.12914027e+01 -1.12913793e+01
 -1.12889709e+01 -1.12744522e+01 -1.12567998e+01 -1.12566961e+01
 -1.05040416e+01 -7.97186951e+00 -7.96970026e+00 -7.96969447e+00
 -1.29259347e+00 -1.11448018e+00 -1.05985218e+00 -1.05885611e+00
 -9.14437149e-01 -8.82612489e-01 -8.78935813e-01 -7.46767767e-01
 -6.87305929e-01 -6.73572911e-01 -6.23082975e-01 -6.14365605e-01
 -6.08232634e-01 -6.00713507e-01 -5.66592643e-01 -5.41667736e-01
 -4.89554106e-01 -4.16178374e-01 -4.09155752e-01 -4.03801548e-01
 -4.00872356e-01 -3.68450553e-01  9.41567351e-02  1.08654112e-01
  1.34223233e-01  1.57221229e-01  1.63781592e-01  1.93518138e-01
  1.94250293e-01  1.95915982e-01  2.29604654e-01  2.37277850e-01
  2.68057640e-01  3.20152657e-01  3.67355266e-01  4.06039700e-01
  4.19561095e-01  4.30687485e-01  4.44324789e-01  4.46388413e-01
  4.55735279e-01  4.63885863e-01  4.68774645e-01  4.80028933e-01
  5.27489445e-01  5.45553940e-01  5.48902705e-01  5.62557455e-01
  5.91133401e-01  5.96601427e-01  6.06826885e-01  6.22493310e-01
  6.32333910e-01  6.96986742e-01  7.04348868e-01  7.25869326e-01
  7.29176443e-01  7.48703542e-01  7.83940188e-01  7.88146911e-01
  7.99865287e-01  8.04226093e-01  8.20663769e-01  8.30287959e-01
  8.34788455e-01  8.70511174e-01  9.01325210e-01  9.12159497e-01
  9.47474486e-01  9.84329310e-01  9.96841604e-01  1.02703780e+00
  1.04680201e+00  1.06409906e+00  1.08281692e+00  1.13830115e+00
  1.14613823e+00  1.17006727e+00  1.17723219e+00  1.19621712e+00
  1.20710923e+00  1.21431481e+00  1.22764970e+00  1.25056337e+00
  1.25347888e+00  1.30605491e+00  1.33686597e+00  1.39718783e+00
  1.39952401e+00  1.41841339e+00  1.43395186e+00  1.51403778e+00
  1.54285658e+00  1.56524438e+00  1.67657018e+00  1.68980702e+00
  1.70871937e+00  1.72515351e+00  1.74063193e+00  1.74545396e+00
  1.79524811e+00  1.80147253e+00  1.84256097e+00  1.85108547e+00
  1.85403476e+00  1.90049688e+00  1.96256805e+00  1.97415484e+00
  1.98539896e+00  2.01995113e+00  2.04136170e+00  2.04321960e+00
  2.05560602e+00  2.06565167e+00  2.09102478e+00  2.16134818e+00
  2.18827104e+00  2.20822619e+00  2.21781067e+00  2.25620159e+00
  2.32418115e+00  2.35591869e+00  2.36529685e+00  2.38140255e+00
  2.39110810e+00  2.46726138e+00  2.48437203e+00  2.50988228e+00
  2.57168777e+00  2.57216885e+00  2.60199335e+00  2.66581917e+00
  2.69231084e+00  2.72198999e+00  2.72913641e+00  2.74143370e+00
  2.75071935e+00  2.76810386e+00  2.82190059e+00  2.87278197e+00
  2.89929494e+00  2.90633341e+00  2.91336458e+00  2.91642053e+00
  2.92575472e+00  2.93153301e+00  2.95920472e+00  2.97721232e+00
  2.98681758e+00  3.05609096e+00  3.11008788e+00  3.13342468e+00
  3.13700253e+00  3.23340306e+00  3.29295857e+00  3.32296660e+00
  3.33999739e+00  3.35986883e+00  3.36029540e+00  3.42569864e+00
  3.59397468e+00  3.74883223e+00  3.82699267e+00  3.86947346e+00
  3.99909321e+00  4.03419345e+00  4.12635341e+00  4.13983922e+00
  4.19413748e+00  4.33514183e+00  4.38636472e+00  4.42707023e+00
  4.46639378e+00  4.81842926e+00  4.94699812e+00  5.70801428e+00
  1.02632261e+01  2.47832213e+01  2.50471471e+01  2.50712594e+01
  2.51729511e+01  2.52661159e+01  2.53271282e+01  2.63490785e+01
  2.63556836e+01  2.68884646e+01  3.70677708e+01  2.19084945e+02]
E1 = -1771.6780133165116  E_coul = 648.0536065476286
cycle= 9 E= -745.861135131348  delta_E= -1.85e-07  |g|= 0.000147  |ddm|= 0.000946
    CPU time for cycle= 9      1.57 sec, wall time      0.06 sec
  HOMO = -0.368449107632442  LUMO = 0.0941490570774208
  mo_energy =
[-1.04779005e+02 -1.55791768e+01 -1.12913601e+01 -1.12913215e+01
 -1.12889972e+01 -1.12744575e+01 -1.12568121e+01 -1.12567159e+01
 -1.05040658e+01 -7.97189447e+00 -7.96972513e+00 -7.96971934e+00
 -1.29260129e+00 -1.11448996e+00 -1.05985636e+00 -1.05885407e+00
 -9.14444520e-01 -8.82617191e-01 -8.78932002e-01 -7.46762382e-01
 -6.87311273e-01 -6.73578347e-01 -6.23082162e-01 -6.14370699e-01
 -6.08237692e-01 -6.00713467e-01 -5.66598712e-01 -5.41672944e-01
 -4.89558122e-01 -4.16183982e-01 -4.09161608e-01 -4.03805674e-01
 -4.00877774e-01 -3.68449108e-01  9.41490571e-02  1.08652441e-01
  1.34222222e-01  1.57220739e-01  1.63780675e-01  1.93509024e-01
  1.94248341e-01  1.95915690e-01  2.29605872e-01  2.37279578e-01
  2.68059073e-01  3.20152031e-01  3.67353889e-01  4.06038193e-01
  4.19558712e-01  4.30682040e-01  4.44322766e-01  4.46386144e-01
  4.55735123e-01  4.63885057e-01  4.68774448e-01  4.80028977e-01
  5.27489757e-01  5.45552257e-01  5.48896092e-01  5.62554645e-01
  5.91129498e-01  5.96598867e-01  6.06822449e-01  6.22494185e-01
  6.32331945e-01  6.96987480e-01  7.04347683e-01  7.25867506e-01
  7.29181778e-01  7.48697175e-01  7.83941786e-01  7.88148221e-01
  7.99853391e-01  8.04221509e-01  8.20661988e-01  8.30276898e-01
  8.34789632e-01  8.70519093e-01  9.01323320e-01  9.12157241e-01
  9.47464866e-01  9.84324223e-01  9.96838282e-01  1.02703452e+00
  1.04679706e+00  1.06409489e+00  1.08281379e+00  1.13829538e+00
  1.14613430e+00  1.17006107e+00  1.17722749e+00  1.19621166e+00
  1.20710380e+00  1.21431044e+00  1.22764438e+00  1.25056107e+00
  1.25347722e+00  1.30605071e+00  1.33687131e+00  1.39718169e+00
  1.39951748e+00  1.41840797e+00  1.43395718e+00  1.51402756e+00
  1.54285473e+00  1.56523952e+00  1.67656727e+00  1.68980371e+00
  1.70871752e+00  1.72514853e+00  1.74062685e+00  1.74545325e+00
  1.79524352e+00  1.80146838e+00  1.84255680e+00  1.85108444e+00
  1.85403424e+00  1.90050369e+00  1.96256633e+00  1.97415907e+00
  1.98539272e+00  2.01994755e+00  2.04136035e+00  2.04321358e+00
  2.05560891e+00  2.06564600e+00  2.09102010e+00  2.16135240e+00
  2.18826252e+00  2.20822264e+00  2.21781095e+00  2.25620112e+00
  2.32417912e+00  2.35591360e+00  2.36529305e+00  2.38139851e+00
  2.39110436e+00  2.46726757e+00  2.48436219e+00  2.50988193e+00
  2.57168081e+00  2.57216190e+00  2.60198720e+00  2.66581901e+00
  2.69230785e+00  2.72198496e+00  2.72913090e+00  2.74143105e+00
  2.75071652e+00  2.76810273e+00  2.82189294e+00  2.87278698e+00
  2.89929343e+00  2.90634029e+00  2.91336330e+00  2.91642004e+00
  2.92573911e+00  2.93152402e+00  2.95920054e+00  2.97720683e+00
  2.98681478e+00  3.05608726e+00  3.11008239e+00  3.13343153e+00
  3.13699971e+00  3.23341251e+00  3.29295429e+00  3.32296621e+00
  3.33999146e+00  3.35986260e+00  3.36029585e+00  3.42568598e+00
  3.59396893e+00  3.74883542e+00  3.82699120e+00  3.86946510e+00
  3.99908743e+00  4.03420082e+00  4.12634365e+00  4.13983080e+00
  4.19415011e+00  4.33510511e+00  4.38635844e+00  4.42706646e+00
  4.46639447e+00  4.81842188e+00  4.94697131e+00  5.70799716e+00
  1.02632075e+01  2.47832281e+01  2.50471221e+01  2.50712826e+01
  2.51729780e+01  2.52661250e+01  2.53271217e+01  2.63490624e+01
  2.63556676e+01  2.68884465e+01  3.70677163e+01  2.19084909e+02]
E1 = -1771.678128158449  E_coul = 648.0537213608225
cycle= 10 E= -745.861135160091  delta_E= -2.87e-08  |g|= 5.55e-05  |ddm|= 0.000397
    CPU time for cycle= 10      1.59 sec, wall time      0.06 sec
  HOMO = -0.36845238271749  LUMO = 0.0941469609907754
  mo_energy =
[-1.04778991e+02 -1.55791694e+01 -1.12913684e+01 -1.12913431e+01
 -1.12889796e+01 -1.12744347e+01 -1.12568283e+01 -1.12567239e+01
 -1.05040567e+01 -7.97188514e+00 -7.96971571e+00 -7.96970992e+00
 -1.29260384e+00 -1.11448909e+00 -1.05985247e+00 -1.05885931e+00
 -9.14439712e-01 -8.82620016e-01 -8.78934651e-01 -7.46763582e-01
 -6.87315242e-01 -6.73584600e-01 -6.23088089e-01 -6.14367548e-01
 -6.08235763e-01 -6.00709101e-01 -5.66601425e-01 -5.41676783e-01
 -4.89555809e-01 -4.16183062e-01 -4.09159289e-01 -4.03800822e-01
 -4.00874453e-01 -3.68452383e-01  9.41469610e-02  1.08648772e-01
  1.34221835e-01  1.57221860e-01  1.63778030e-01  1.93513875e-01
  1.94248185e-01  1.95915647e-01  2.29606339e-01  2.37278475e-01
  2.68059683e-01  3.20150339e-01  3.67352234e-01  4.06037919e-01
  4.19557204e-01  4.30681476e-01  4.44324773e-01  4.46386594e-01
  4.55734447e-01  4.63884410e-01  4.68775395e-01  4.80031765e-01
  5.27488686e-01  5.45549094e-01  5.48894728e-01  5.62551028e-01
  5.91129236e-01  5.96594919e-01  6.06821398e-01  6.22493638e-01
  6.32330994e-01  6.96986971e-01  7.04344249e-01  7.25869201e-01
  7.29178555e-01  7.48696563e-01  7.83945446e-01  7.88148339e-01
  7.99847217e-01  8.04224280e-01  8.20659934e-01  8.30271908e-01
  8.34789172e-01  8.70519467e-01  9.01322409e-01  9.12154794e-01
  9.47466149e-01  9.84322676e-01  9.96840632e-01  1.02703445e+00
  1.04679743e+00  1.06409035e+00  1.08281446e+00  1.13829446e+00
  1.14613559e+00  1.17006141e+00  1.17722852e+00  1.19621486e+00
  1.20710896e+00  1.21431363e+00  1.22764469e+00  1.25055853e+00
  1.25347634e+00  1.30604449e+00  1.33687210e+00  1.39718504e+00
  1.39951971e+00  1.41841072e+00  1.43395338e+00  1.51402736e+00
  1.54285071e+00  1.56523732e+00  1.67656883e+00  1.68980218e+00
  1.70871172e+00  1.72515165e+00  1.74062994e+00  1.74545293e+00
  1.79524204e+00  1.80146721e+00  1.84255378e+00  1.85108204e+00
  1.85403208e+00  1.90050188e+00  1.96256384e+00  1.97415566e+00
  1.98539609e+00  2.01994917e+00  2.04135506e+00  2.04320932e+00
  2.05560972e+00  2.06564369e+00  2.09102102e+00  2.16135003e+00
  2.18826000e+00  2.20822336e+00  2.21780620e+00  2.25620071e+00
  2.32417537e+00  2.35591157e+00  2.36529460e+00  2.38139509e+00
  2.39110698e+00  2.46726468e+00  2.48436159e+00  2.50987898e+00
  2.57168613e+00  2.57216718e+00  2.60198707e+00  2.66581386e+00
  2.69230390e+00  2.72198806e+00  2.72912872e+00  2.74143164e+00
  2.75071823e+00  2.76810344e+00  2.82189660e+00  2.87278654e+00
  2.89929003e+00  2.90634124e+00  2.91336147e+00  2.91642033e+00
  2.92573210e+00  2.93152945e+00  2.95920354e+00  2.97720421e+00
  2.98680963e+00  3.05608551e+00  3.11008178e+00  3.13343278e+00
  3.13699341e+00  3.23340454e+00  3.29295484e+00  3.32295977e+00
  3.33999022e+00  3.35985992e+00  3.36029402e+00  3.42569406e+00
  3.59396628e+00  3.74882728e+00  3.82698733e+00  3.86946618e+00
  3.99908449e+00  4.03419782e+00  4.12634954e+00  4.13983587e+00
  4.19414545e+00  4.33510776e+00  4.38635165e+00  4.42706576e+00
  4.46639049e+00  4.81842049e+00  4.94697212e+00  5.70799673e+00
  1.02632153e+01  2.47832250e+01  2.50471388e+01  2.50712693e+01
  2.51729768e+01  2.52661120e+01  2.53271214e+01  2.63490697e+01
  2.63556748e+01  2.68884548e+01  3.70677234e+01  2.19084922e+02]
E1 = -1771.6780725325586  E_coul = 648.0536657319251
cycle= 11 E= -745.861135163098  delta_E= -3.01e-09  |g|= 2.39e-05  |ddm|= 0.000119
    CPU time for cycle= 11      1.56 sec, wall time      0.06 sec
  HOMO = -0.368450538954566  LUMO = 0.094145075314838
  mo_energy =
[-1.04778986e+02 -1.55791760e+01 -1.12913637e+01 -1.12913322e+01
 -1.12889848e+01 -1.12744420e+01 -1.12568303e+01 -1.12567311e+01
 -1.05040526e+01 -7.97188103e+00 -7.96971159e+00 -7.96970581e+00
 -1.29260235e+00 -1.11449134e+00 -1.05985167e+00 -1.05885869e+00
 -9.14440299e-01 -8.82620970e-01 -8.78935242e-01 -7.46764089e-01
 -6.87315926e-01 -6.73586921e-01 -6.23088801e-01 -6.14370092e-01
 -6.08238308e-01 -6.00710876e-01 -5.66601107e-01 -5.41678319e-01
 -4.89555806e-01 -4.16184277e-01 -4.09159220e-01 -4.03798030e-01
 -4.00873197e-01 -3.68450539e-01  9.41450753e-02  1.08649271e-01
  1.34220924e-01  1.57220890e-01  1.63777105e-01  1.93514380e-01
  1.94247455e-01  1.95914307e-01  2.29605994e-01  2.37278080e-01
  2.68058941e-01  3.20149770e-01  3.67352323e-01  4.06036282e-01
  4.19556340e-01  4.30679574e-01  4.44323835e-01  4.46386545e-01
  4.55735297e-01  4.63884366e-01  4.68776065e-01  4.80033841e-01
  5.27489243e-01  5.45548628e-01  5.48894372e-01  5.62550517e-01
  5.91127684e-01  5.96595354e-01  6.06819788e-01  6.22493352e-01
  6.32331151e-01  6.96986926e-01  7.04344471e-01  7.25868218e-01
  7.29178829e-01  7.48695020e-01  7.83943696e-01  7.88147506e-01
  7.99844303e-01  8.04222321e-01  8.20659588e-01  8.30269458e-01
  8.34788610e-01  8.70520349e-01  9.01321289e-01  9.12153577e-01
  9.47465843e-01  9.84320814e-01  9.96839782e-01  1.02703418e+00
  1.04679747e+00  1.06409026e+00  1.08281418e+00  1.13829359e+00
  1.14613578e+00  1.17006104e+00  1.17722788e+00  1.19621649e+00
  1.20711198e+00  1.21431533e+00  1.22764487e+00  1.25055761e+00
  1.25347690e+00  1.30604337e+00  1.33687156e+00  1.39718447e+00
  1.39952070e+00  1.41841015e+00  1.43395437e+00  1.51402676e+00
  1.54285080e+00  1.56523786e+00  1.67656693e+00  1.68980042e+00
  1.70871143e+00  1.72514956e+00  1.74062778e+00  1.74545234e+00
  1.79523953e+00  1.80146593e+00  1.84255175e+00  1.85108068e+00
  1.85403122e+00  1.90050265e+00  1.96256239e+00  1.97415545e+00
  1.98539480e+00  2.01994742e+00  2.04135438e+00  2.04320734e+00
  2.05560925e+00  2.06564200e+00  2.09101947e+00  2.16134926e+00
  2.18825713e+00  2.20822179e+00  2.21780579e+00  2.25619933e+00
  2.32417490e+00  2.35590977e+00  2.36529308e+00  2.38139400e+00
  2.39110526e+00  2.46726555e+00  2.48435943e+00  2.50987829e+00
  2.57168862e+00  2.57216965e+00  2.60198499e+00  2.66581327e+00
  2.69230236e+00  2.72198806e+00  2.72912926e+00  2.74142928e+00
  2.75071642e+00  2.76810197e+00  2.82189533e+00  2.87278572e+00
  2.89929025e+00  2.90634075e+00  2.91335952e+00  2.91641838e+00
  2.92572801e+00  2.93152660e+00  2.95920159e+00  2.97720221e+00
  2.98680824e+00  3.05608569e+00  3.11007947e+00  3.13343257e+00
  3.13699323e+00  3.23340642e+00  3.29295350e+00  3.32296008e+00
  3.33998974e+00  3.35985803e+00  3.36029405e+00  3.42569174e+00
  3.59396401e+00  3.74882717e+00  3.82698592e+00  3.86946269e+00
  3.99908386e+00  4.03419940e+00  4.12634650e+00  4.13983323e+00
  4.19414798e+00  4.33510515e+00  4.38634945e+00  4.42706282e+00
  4.46638989e+00  4.81841826e+00  4.94697008e+00  5.70799587e+00
  1.02632193e+01  2.47832234e+01  2.50471338e+01  2.50712721e+01
  2.51729786e+01  2.52661122e+01  2.53271171e+01  2.63490731e+01
  2.63556783e+01  2.68884592e+01  3.70677170e+01  2.19084927e+02]
E1 = -1771.6780470018055  E_coul = 648.0536402007351
cycle= 12 E= -745.861135163535  delta_E= -4.37e-10  |g|= 5.52e-06  |ddm|= 4.98e-05
    CPU time for cycle= 12      1.57 sec, wall time      0.06 sec
  HOMO = -0.368450146603922  LUMO = 0.0941454382022691
  mo_energy =
[-1.04778991e+02 -1.55791733e+01 -1.12913615e+01 -1.12913324e+01
 -1.12889855e+01 -1.12744403e+01 -1.12568311e+01 -1.12567294e+01
 -1.05040559e+01 -7.97188448e+00 -7.96971506e+00 -7.96970928e+00
 -1.29260169e+00 -1.11449096e+00 -1.05985236e+00 -1.05885861e+00
 -9.14440817e-01 -8.82620430e-01 -8.78934886e-01 -7.46763711e-01
 -6.87315210e-01 -6.73586704e-01 -6.23088634e-01 -6.14370349e-01
 -6.08238461e-01 -6.00710274e-01 -5.66600658e-01 -5.41677745e-01
 -4.89556138e-01 -4.16184445e-01 -4.09159194e-01 -4.03798824e-01
 -4.00873558e-01 -3.68450147e-01  9.41454382e-02  1.08649595e-01
  1.34220923e-01  1.57220887e-01  1.63777077e-01  1.93514169e-01
  1.94247370e-01  1.95914360e-01  2.29605889e-01  2.37277969e-01
  2.68059015e-01  3.20150122e-01  3.67352468e-01  4.06036483e-01
  4.19556437e-01  4.30679734e-01  4.44323731e-01  4.46386587e-01
  4.55735215e-01  4.63884148e-01  4.68776032e-01  4.80033593e-01
  5.27489265e-01  5.45548713e-01  5.48894559e-01  5.62550756e-01
  5.91127927e-01  5.96595505e-01  6.06820087e-01  6.22493443e-01
  6.32331439e-01  6.96987128e-01  7.04344698e-01  7.25868093e-01
  7.29179043e-01  7.48695263e-01  7.83944099e-01  7.88147623e-01
  7.99844434e-01  8.04222090e-01  8.20659763e-01  8.30269537e-01
  8.34788684e-01  8.70520436e-01  9.01321503e-01  9.12153722e-01
  9.47466212e-01  9.84321030e-01  9.96839670e-01  1.02703423e+00
  1.04679725e+00  1.06409051e+00  1.08281422e+00  1.13829366e+00
  1.14613549e+00  1.17006085e+00  1.17722785e+00  1.19621564e+00
  1.20711063e+00  1.21431448e+00  1.22764476e+00  1.25055800e+00
  1.25347707e+00  1.30604354e+00  1.33687202e+00  1.39718408e+00
  1.39952026e+00  1.41840988e+00  1.43395469e+00  1.51402697e+00
  1.54285116e+00  1.56523823e+00  1.67656679e+00  1.68980077e+00
  1.70871158e+00  1.72514938e+00  1.74062762e+00  1.74545275e+00
  1.79523983e+00  1.80146635e+00  1.84255214e+00  1.85108088e+00
  1.85403159e+00  1.90050281e+00  1.96256257e+00  1.97415569e+00
  1.98539450e+00  2.01994721e+00  2.04135441e+00  2.04320746e+00
  2.05560966e+00  2.06564208e+00  2.09101962e+00  2.16134954e+00
  2.18825746e+00  2.20822183e+00  2.21780616e+00  2.25619975e+00
  2.32417510e+00  2.35591016e+00  2.36529284e+00  2.38139424e+00
  2.39110503e+00  2.46726594e+00  2.48435981e+00  2.50987851e+00
  2.57168728e+00  2.57216831e+00  2.60198539e+00  2.66581337e+00
  2.69230269e+00  2.72198740e+00  2.72912992e+00  2.74142951e+00
  2.75071623e+00  2.76810187e+00  2.82189497e+00  2.87278610e+00
  2.89929092e+00  2.90634095e+00  2.91335967e+00  2.91641859e+00
  2.92572808e+00  2.93152636e+00  2.95920143e+00  2.97720274e+00
  2.98680853e+00  3.05608629e+00  3.11007995e+00  3.13343357e+00
  3.13699351e+00  3.23340688e+00  3.29295364e+00  3.32296039e+00
  3.33999043e+00  3.35985844e+00  3.36029458e+00  3.42569122e+00
  3.59396452e+00  3.74882755e+00  3.82698640e+00  3.86946322e+00
  3.99908437e+00  4.03420005e+00  4.12634617e+00  4.13983304e+00
  4.19414865e+00  4.33510667e+00  4.38634975e+00  4.42706331e+00
  4.46639042e+00  4.81841892e+00  4.94697129e+00  5.70799709e+00
  1.02632166e+01  2.47832244e+01  2.50471331e+01  2.50712728e+01
  2.51729798e+01  2.52661128e+01  2.53271180e+01  2.63490705e+01
  2.63556756e+01  2.68884568e+01  3.70677196e+01  2.19084922e+02]
E1 = -1771.6780543910604  E_coul = 648.0536475899755
Extra cycle  E= -745.86113516355  delta_E= -1.46e-11  |g|= 2.71e-06  |ddm|= 7.72e-06
    CPU time for scf_cycle     33.98 sec, wall time      1.29 sec
    CPU time for SCF     33.98 sec, wall time      1.29 sec
converged SCF energy = -745.86113516355
Converting <class 'pyscf.scf.hf.RHF'> to RHF


******** <class 'pyscf.tdscf.rhf.TDA'> for <class 'pyscf.scf.hf.RHF'> ********
nstates = 5 singlet
wfnsym = None
conv_tol = 1e-09
eigh lindep = 1e-12
eigh level_shift = 0
eigh max_space = 8
eigh max_cycle = 2000
chkfile = /scratch/global/yangjunjie/tmpzuxvp8on
max_memory 514992 MB (current use 1742 MB)


davidson 0 5  |r|= 0.173  e= [0.28390001 0.30094288 0.33511668 0.38722404 0.40432825]  max|de|= 0.404  lindep=    1
davidson 1 10  |r|= 0.129  e= [0.24296618 0.25044449 0.31833802 0.3398723  0.40184099]  max|de|= -0.0505  lindep= 0.789
Old state -> New state
    4     ->     2 
    2     ->     3 
    3     ->     4 
davidson 2 15  |r|= 0.221  e= [0.23579608 0.24633759 0.31486773 0.31671769 0.3181074 ]  max|de|= -0.087  lindep= 0.877
Old state -> New state
    2     ->     1 
    1     ->     2 
    4     ->     3 
    3     ->     4 
davidson 3 20  |r|= 0.0686  e= [0.23418726 0.24054668 0.24620427 0.31604635 0.31630944]  max|de|= -0.0743  lindep= 0.919
davidson 4 5  |r|= 0.0686  e= [0.23418726 0.24054668 0.24620427 0.31604635 0.31630944]  max|de|= -2.78e-16  lindep= 0.998
Old state -> New state
    1     ->     0 
    0     ->     1 
davidson 5 10  |r|= 0.0251  e= [0.23384723 0.23410858 0.24619563 0.3157158  0.31624541]  max|de|= -0.0067  lindep= 0.799
davidson 6 15  |r|= 0.00859  e= [0.23301307 0.23410233 0.24619336 0.3153968  0.31621587]  max|de|= -0.000834  lindep= 0.834
davidson 7 20  |r|= 0.00742  e= [0.23292146 0.23410152 0.24619318 0.31531738 0.31616405]  max|de|= -9.16e-05  lindep= 0.85
davidson 8 5  |r|= 0.00742  e= [0.23292146 0.23410152 0.24619318 0.31531738 0.31616405]  max|de|= 7.77e-16  lindep= 0.978
davidson 9 10  |r|= 0.0115  e= [0.23289882 0.23410137 0.24619316 0.31530342 0.31608004]  max|de|= -8.4e-05  lindep= 0.817
Old state -> New state
    4     ->     3 
davidson 10 15  |r|= 0.104  e= [0.23288352 0.23410132 0.24619316 0.29722615 0.3151685 ]  max|de|= -0.0189  lindep= 0.826
davidson 11 20  |r|= 0.0966  e= [0.23287986 0.23410131 0.24619316 0.28015231 0.29733384]  max|de|= -0.0178  lindep= 0.781
root 2 converged  |r|= 2.63e-05  e= 0.24619315726454133  max|de|= -3.33e-16
davidson 12 5  |r|= 0.0966  e= [0.23287986 0.23410131 0.24619316 0.28015231 0.29733384]  max|de|= -7.22e-16  lindep= 0.996
davidson 13 9  |r|= 0.0831  e= [0.23287932 0.23410131 0.24619316 0.27755065 0.29130556]  max|de|= -0.00603  lindep= 0.731
root 1 converged  |r|= 6.95e-06  e= 0.23410131073665347  max|de|= -2.65e-10
davidson 14 13  |r|= 0.0363  e= [0.23287921 0.23410131 0.24619316 0.27671981 0.2887831 ]  max|de|= -0.00252  lindep= 0.717
davidson 15 16  |r|= 0.00584  e= [0.2328792  0.23410131 0.24619316 0.27655695 0.28848538]  max|de|= -0.000298  lindep= 0.81
davidson 16 5  |r|= 0.00584  e= [0.2328792  0.23410131 0.24619316 0.27655695 0.28848538]  max|de|= 7.77e-16  lindep=    1
davidson 17 8  |r|= 0.00444  e= [0.2328792  0.23410131 0.24619316 0.27652366 0.2884658 ]  max|de|= -3.33e-05  lindep= 0.832
root 0 converged  |r|= 5.69e-06  e= 0.23287919648836578  max|de|= -3.26e-10
davidson 18 11  |r|= 0.00303  e= [0.2328792  0.23410131 0.24619316 0.27651328 0.28845804]  max|de|= -1.04e-05  lindep= 0.733
davidson 19 13  |r|= 0.00208  e= [0.2328792  0.23410131 0.24619316 0.27651097 0.28845432]  max|de|= -3.72e-06  lindep= 0.614
davidson 20 15  |r|= 0.00049  e= [0.2328792  0.23410131 0.24619316 0.27651018 0.28845272]  max|de|= -1.6e-06  lindep= 0.689
davidson 21 17  |r|= 0.00016  e= [0.2328792  0.23410131 0.24619316 0.27651015 0.28845252]  max|de|= -2.07e-07  lindep= 0.836
davidson 22 5  |r|= 0.00016  e= [0.2328792  0.23410131 0.24619316 0.27651015 0.28845252]  max|de|= 1.67e-15  lindep= 0.997
davidson 23 7  |r|= 0.00014  e= [0.2328792  0.23410131 0.24619316 0.27651014 0.28845249]  max|de|= -2.84e-08  lindep= 0.85
root 3 converged  |r|= 1.01e-05  e= 0.27651014105644567  max|de|= -7.34e-10
davidson 24 9  |r|= 7.18e-05  e= [0.2328792  0.23410131 0.24619316 0.27651014 0.28845248]  max|de|= -9.44e-09  lindep= 0.847
davidson 25 10  |r|= 3.15e-05  e= [0.2328792  0.23410131 0.24619316 0.27651014 0.28845248]  max|de|= -1.64e-09  lindep= 0.788
root 4 converged  |r|= 1.4e-05  e= 0.2884524767405618  max|de|= -3.29e-10
converged 26 11  |r|= 2.24e-05  e= [0.2328792  0.23410131 0.24619316 0.27651014 0.28845248]  max|de|= -3.29e-10
    CPU time for TDA    197.44 sec, wall time      7.09 sec
Excited State energies (eV)
[6.33696571 6.37022113 6.69925703 7.52422419 7.84919169]
