 
:: initializing oneAPI environment ...
   slurm_script: BASH_VERSION = 4.2.46(1)-release
   args: Using "$@" for setvars.sh arguments: --force
:: advisor -- latest
:: ccl -- latest
:: clck -- latest
:: compiler -- latest
:: dal -- latest
:: debugger -- latest
:: dev-utilities -- latest
:: dnnl -- latest
:: dpcpp-ct -- latest
:: dpl -- latest
:: inspector -- latest
:: intelpython -- latest
:: ipp -- latest
:: ippcp -- latest
:: ipp -- latest
:: itac -- latest
:: mkl -- latest
:: mpi -- latest
:: tbb -- latest
:: vpl -- latest
:: vtune -- latest
:: oneAPI environment initialized ::
 
SLURM_CPUS_PER_TASK = 28
SLURM_MEM_PER_NODE = 127949
#INFO: **** input file is /home/yangjunjie/work/py-ch3-cl/work/scan-23/main.py ****
import sys
import pyscf
from pyscf import tdscf

def main(xyz_file, basis="631g*", xc="b3lyp", output="ene.out"):
    xyz = None

    with open(xyz_file, "r") as xyz:
        xyz = xyz.readlines()[2:]
        xyz = "".join(xyz)

    mol = pyscf.gto.Mole()
    mol.atom = xyz
    mol.basis = basis
    mol.verbose = 5
    mol.build()

    if xc is not None and xc != "hf":
        mf = pyscf.scf.RKS(mol)
        mf.xc = xc
        mf.grids.level = 9
        mf.kernel()
    else:
        mf = pyscf.scf.RHF(mol)
        mf.kernel()

    ene_mf = mf.e_tot

    with open(output, "w") as f:
        tda = pyscf.tdscf.TDA(mf)
        tda.nstates = 5
        tda.max_space = 8
        tda.max_cycle = 2000
        tda.kernel()

        con_tda = tda.converged
        ene_tda = tda.e[:5]
        dip_tda = tda.transition_dipole()[:5]

        f.write(f"RKS energy: {ene_mf: 12.8f}\n")
        f.write("TDA results:\n")
        for i, (con, ene, dip) in enumerate(zip(con_tda, ene_tda, dip_tda)):
            f.write(f" {i:2d} {con} {ene: 12.8f} {dip[0]: 12.8f} {dip[1]: 12.8f} {dip[2]: 12.8f}\n")

        # rpa = pyscf.tdscf.RPA(mf)
        # rpa.nstates = 5
        # rpa.max_space = 8
        # rpa.max_cycle = 2000
        # rpa.kernel()

        # con_rpa = rpa.converged
        # ene_rpa = rpa.e[:5]
        # dip_rpa = rpa.transition_dipole()[:5]
        
        # f.write("\nRPA results:\n")
        # for i, (con, ene, dip) in enumerate(zip(con_rpa, ene_rpa, dip_rpa)):
        #     f.write(f" {i:2d} {con} {ene: 12.8f} {dip[0]: 12.8f} {dip[1]: 12.8f} {dip[2]: 12.8f}\n")

if __name__ == "__main__":
    xyz = sys.argv[1]
    main(xyz, basis="6-311g**", xc=None, output="out.log")
#INFO: ******************** input file end ********************


System: uname_result(system='Linux', node='pauling047', release='3.10.0-327.36.3.el7.x86_64', version='#1 SMP Thu Oct 20 04:56:07 EDT 2016', machine='x86_64')  Threads 28
Python 3.9.7 (default, Oct 27 2021, 01:23:21) 
[GCC 9.3.0]
numpy 1.21.2  scipy 1.6.2
Date: Tue Oct  4 15:30:49 2022
PySCF version 2.0.1
PySCF path  /home/yangjunjie/packages/pyscf/pyscf-main
GIT ORIG_HEAD 14b880cdc4bf7bb64f3989a147c0b04622efc498
GIT HEAD (branch master) 9d5b5bd309d1cc55fbd1a0ec76e26b5b0c7f76af

[ENV] PYSCF_MAX_MEMORY 127949
[ENV] PYSCF_TMPDIR /scratch/global/yangjunjie/
[CONFIG] conf_file /home/yangjunjie/.pyscf_conf.py
[INPUT] verbose = 5
[INPUT] max_memory = 127949 
[INPUT] num. atoms = 16
[INPUT] num. electrons = 68
[INPUT] charge = 0
[INPUT] spin (= nelec alpha-beta = 2S) = 0
[INPUT] symmetry False subgroup None
[INPUT] Mole.unit = angstrom
[INPUT]  1 C      0.000000410000   1.153164240000   1.081727940000 AA    0.000000774788   2.179164590242   2.044169547890 Bohr
[INPUT]  2 C      0.000000570000   1.183029470000   2.463119090000 AA    0.000001077144   2.235601695589   4.654620492288 Bohr
[INPUT]  3 C     -0.000000040000  -0.020936640000   3.143771380000 AA   -0.000000075589  -0.039564515569   5.940866906446 Bohr
[INPUT]  4 C     -0.000000650000  -1.200006600000   2.419557800000 AA   -0.000001228322  -2.267683821670   4.572301584555 Bohr
[INPUT]  5 C     -0.000000640000  -1.119584030000   1.040976720000 AA   -0.000001209425  -2.115707190137   1.967160902848 Bohr
[INPUT]  6 N     -0.000000080000   0.029463180000   0.386577730000 AA   -0.000000151178   0.055677340959   0.730526035556 Bohr
[INPUT]  7 C      0.000000000000   0.006729850000  -1.725093550000 AA    0.000000000000   0.012717573359  -3.259954348754 Bohr
[INPUT]  8 H      0.000000690000   2.068323300000   0.515359770000 AA    0.000001303911   3.908564574057   0.973888820919 Bohr
[INPUT]  9 H      0.000001110000   2.122253930000   2.982907070000 AA    0.000002097596   4.010478694482   5.636877417329 Bohr
[INPUT] 10 H      0.000000170000  -0.040483860000   4.218624530000 AA    0.000000321253  -0.076503407865   7.972044984072 Bohr
[INPUT] 11 H     -0.000001010000  -2.157458660000   2.904944750000 AA   -0.000001908623  -4.077005992471   5.489549984493 Bohr
[INPUT] 12 H     -0.000000840000  -2.012488250000   0.439595680000 AA   -0.000001587370  -3.803051621405   0.830715440742 Bohr
[INPUT] 13 H     -0.000003310000   1.071063170000  -1.711289070000 AA   -0.000006254993   2.024016053408  -3.233867662262 Bohr
[INPUT] 14 H     -0.923064150000  -0.520834920000  -1.680556270000 AA   -1.744338438904  -0.984235354910  -3.175791087221 Bohr
[INPUT] 15 H      0.923067410000  -0.520829210000  -1.680556150000 AA    1.744344599412  -0.984224564574  -3.175790860453 Bohr
[INPUT] 16 Cl     0.000000270000  -0.033142360000  -4.025921910000 AA    0.000000510226  -0.062629983522  -7.607889808786 Bohr
[INPUT] ---------------- BASIS SET ---------------- 
[INPUT] l, kappa, [nprim/nctr], expnt,             c_1 c_2 ...
[INPUT] N
[INPUT] 0    0    [6    /1   ]  6293.48           0.00196979
                                949.044           0.0149613
                                218.776           0.0735006
                                63.6916           0.248937
                                18.8282           0.60246
                                2.72023           0.256202
[INPUT] 0    0    [3    /1   ]  30.6331           0.111906
                                7.02614           0.921666
                                2.11205           -0.00256919
[INPUT] 0    0    [1    /1   ]  0.684009             1
[INPUT] 0    0    [1    /1   ]  0.200878             1
[INPUT] 1    0    [3    /1   ]  30.6331           0.0383119
                                7.02614           0.237403
                                2.11205           0.817592
[INPUT] 1    0    [1    /1   ]  0.684009             1
[INPUT] 1    0    [1    /1   ]  0.200878             1
[INPUT] 2    0    [1    /1   ]  0.913                1
[INPUT] H
[INPUT] 0    0    [3    /1   ]  33.865            0.0254938
                                5.09479           0.190373
                                1.15879           0.852161
[INPUT] 0    0    [1    /1   ]  0.32584              1
[INPUT] 0    0    [1    /1   ]  0.102741             1
[INPUT] 1    0    [1    /1   ]  0.75                 1
[INPUT] Cl
[INPUT] 0    0    [6    /1   ]  105819            0.000738
                                15872             0.005718
                                3619.65           0.029495
                                1030.8            0.117286
                                339.908           0.362949
                                124.538           0.584149
[INPUT] 0    0    [3    /1   ]  124.538           0.134177
                                49.5135           0.62425
                                20.8056           0.291756
[INPUT] 0    0    [1    /1   ]  6.58346              1
[INPUT] 0    0    [1    /1   ]  2.56468              1
[INPUT] 0    0    [1    /1   ]  0.559763             1
[INPUT] 0    0    [1    /1   ]  0.183273             1
[INPUT] 1    0    [5    /1   ]  589.776           0.002391
                                139.849           0.018504
                                45.1413           0.081377
                                16.8733           0.221552
                                6.7411            0.772569
[INPUT] 1    0    [2    /1   ]  6.7411            -1.572244
                                2.77152           0.992389
[INPUT] 1    0    [1    /1   ]  1.02387              1
[INPUT] 1    0    [1    /1   ]  0.381368             1
[INPUT] 1    0    [1    /1   ]  0.109437             1
[INPUT] 2    0    [1    /1   ]  0.75                 1
[INPUT] C
[INPUT] 0    0    [6    /1   ]  4563.24           0.00196665
                                682.024           0.0152306
                                154.973           0.0761269
                                44.4553           0.260801
                                13.029            0.616462
                                1.82773           0.221006
[INPUT] 0    0    [3    /1   ]  20.9642           0.11466
                                4.80331           0.919999
                                1.45933           -0.00303068
[INPUT] 0    0    [1    /1   ]  0.483456             1
[INPUT] 0    0    [1    /1   ]  0.145585             1
[INPUT] 1    0    [3    /1   ]  20.9642           0.0402487
                                4.80331           0.237594
                                1.45933           0.815854
[INPUT] 1    0    [1    /1   ]  0.483456             1
[INPUT] 1    0    [1    /1   ]  0.145585             1
[INPUT] 2    0    [1    /1   ]  0.626                1

nuclear repulsion = 376.740572456985
number of shells = 100
number of NR pGTOs = 329
number of NR cGTOs = 200
basis = 6-311g**
ecp = {}
CPU time:         0.38


******** <class 'pyscf.scf.hf.RHF'> ********
method = RHF
initial guess = minao
damping factor = 0
level_shift factor = 0
DIIS = <class 'pyscf.scf.diis.CDIIS'>
diis_start_cycle = 1
diis_space = 8
SCF conv_tol = 1e-09
SCF conv_tol_grad = None
SCF max_cycles = 50
direct_scf = True
direct_scf_tol = 1e-13
chkfile to save SCF result = /scratch/global/yangjunjie/tmpchib0mk2
max_memory 127949 MB (current use 82 MB)
Set gradient conv threshold to 3.16228e-05
E1 = -1767.2517110150307  E_coul = 643.0374062636189
init E= -747.473732294427
cond(S) = 13976.00832120687
    CPU time for initialize scf     13.99 sec, wall time      0.57 sec
  HOMO = -0.250050178504026  LUMO = 0.0136629646980997
  mo_energy =
[-1.04816732e+02 -1.56264631e+01 -1.13277627e+01 -1.13241060e+01
 -1.13214530e+01 -1.13190094e+01 -1.13186135e+01 -1.13127558e+01
 -1.06111569e+01 -8.06952570e+00 -8.06927560e+00 -8.06927285e+00
 -1.76393231e+00 -1.41186206e+00 -1.32991902e+00 -1.22638196e+00
 -1.05184264e+00 -9.44478824e-01 -9.25908894e-01 -6.89408070e-01
 -5.97665871e-01 -5.56889454e-01 -5.34328563e-01 -5.15706226e-01
 -4.92873672e-01 -4.76709060e-01 -4.76170042e-01 -4.23420177e-01
 -4.15103376e-01 -4.14275371e-01 -3.64081165e-01 -3.04297419e-01
 -2.74280192e-01 -2.50050179e-01  1.36629647e-02  2.19719735e-02
  4.46266081e-02  1.16193699e-01  1.34394683e-01  1.61098491e-01
  1.83004192e-01  1.88768507e-01  2.09028498e-01  2.17297554e-01
  2.38128836e-01  2.51012076e-01  3.30490305e-01  3.73015123e-01
  3.74686765e-01  3.92902682e-01  4.04058966e-01  4.06906552e-01
  4.14455775e-01  4.25893236e-01  4.30253573e-01  4.35411285e-01
  5.04139103e-01  5.16635844e-01  5.35912474e-01  5.39032302e-01
  5.61028780e-01  5.81671306e-01  5.89494840e-01  5.90780985e-01
  6.20879551e-01  6.23882509e-01  6.76391418e-01  6.81228147e-01
  7.02606174e-01  7.17665653e-01  7.47522779e-01  7.60943602e-01
  7.62692021e-01  7.65360146e-01  7.99608876e-01  8.05725576e-01
  8.15613353e-01  8.60680231e-01  8.82294112e-01  8.90177525e-01
  8.93516321e-01  9.03595523e-01  9.36629388e-01  9.66994212e-01
  9.74242820e-01  1.02938908e+00  1.09108927e+00  1.10300773e+00
  1.10376076e+00  1.11166738e+00  1.11262494e+00  1.13003865e+00
  1.14655727e+00  1.17249645e+00  1.21696251e+00  1.23251475e+00
  1.24442936e+00  1.29017198e+00  1.32110493e+00  1.33123645e+00
  1.36750830e+00  1.40539449e+00  1.41831019e+00  1.46433025e+00
  1.54377291e+00  1.55677623e+00  1.62246043e+00  1.67258511e+00
  1.67713378e+00  1.68592279e+00  1.69787680e+00  1.71571522e+00
  1.76135082e+00  1.77650965e+00  1.79751962e+00  1.82972011e+00
  1.85335555e+00  1.88777347e+00  1.91757169e+00  1.94757160e+00
  1.96215276e+00  2.02304642e+00  2.02483559e+00  2.03012687e+00
  2.03710093e+00  2.09546847e+00  2.12980075e+00  2.14052816e+00
  2.14632558e+00  2.16258071e+00  2.18753586e+00  2.21314531e+00
  2.21605520e+00  2.25441784e+00  2.30276194e+00  2.32426499e+00
  2.35676437e+00  2.44121864e+00  2.44663898e+00  2.45218302e+00
  2.45782037e+00  2.47521585e+00  2.56655736e+00  2.60659486e+00
  2.64234674e+00  2.66597668e+00  2.67821770e+00  2.72525217e+00
  2.72737494e+00  2.73095091e+00  2.81511645e+00  2.85562354e+00
  2.86171562e+00  2.88769686e+00  2.89759407e+00  2.90323343e+00
  2.91061778e+00  2.94096782e+00  2.94613170e+00  2.94970036e+00
  2.95944569e+00  3.02270439e+00  3.07386719e+00  3.09991693e+00
  3.11387419e+00  3.21340813e+00  3.25471422e+00  3.28636260e+00
  3.28753471e+00  3.30342305e+00  3.32384817e+00  3.32883041e+00
  3.54832971e+00  3.70376816e+00  3.78503094e+00  3.82542562e+00
  3.96364801e+00  3.99394750e+00  4.08824486e+00  4.13921961e+00
  4.18464587e+00  4.29461677e+00  4.35127963e+00  4.39798673e+00
  4.42977001e+00  4.77971865e+00  4.90566329e+00  5.66833667e+00
  1.01106409e+01  2.47461289e+01  2.50399991e+01  2.50419137e+01
  2.51530809e+01  2.52344341e+01  2.52868301e+01  2.62159008e+01
  2.62226669e+01  2.65755549e+01  3.70347053e+01  2.18999828e+02]
E1 = -1768.079299873519  E_coul = 645.6590567090167
cycle= 1 E= -745.679670707518  delta_E= 1.79  |g|= 0.623  |ddm|= 3.13
    CPU time for cycle= 1      1.56 sec, wall time      0.06 sec
  HOMO = -0.264307160486455  LUMO = -0.00400063223943884
  mo_energy =
[-1.04472834e+02 -1.57682789e+01 -1.14680955e+01 -1.14615416e+01
 -1.14609069e+01 -1.13821745e+01 -1.13551967e+01 -1.13548609e+01
 -1.02333718e+01 -7.69768505e+00 -7.69609970e+00 -7.69609109e+00
 -1.43114493e+00 -1.21180497e+00 -1.17059628e+00 -1.04940384e+00
 -9.87707377e-01 -9.72319792e-01 -8.48527833e-01 -8.25525036e-01
 -7.84672006e-01 -7.45300289e-01 -7.06498381e-01 -7.01840820e-01
 -6.79377414e-01 -6.75041541e-01 -6.66139845e-01 -6.15029738e-01
 -5.50331804e-01 -5.02350311e-01 -4.60838556e-01 -2.98955166e-01
 -2.64562937e-01 -2.64307160e-01 -4.00063224e-03  2.23361552e-02
  8.07251086e-02  1.15608373e-01  1.26698569e-01  1.27916472e-01
  1.60145894e-01  1.62039788e-01  2.01370090e-01  2.01806072e-01
  2.36971880e-01  2.41095861e-01  3.02468784e-01  3.37345358e-01
  3.52504418e-01  3.66712117e-01  3.80796424e-01  3.96518635e-01
  3.98210768e-01  4.48832019e-01  4.74049878e-01  4.80253423e-01
  4.90962479e-01  5.17767545e-01  5.25631933e-01  5.29074261e-01
  5.37357095e-01  5.45729678e-01  5.58048703e-01  5.83166935e-01
  5.96937801e-01  6.27345479e-01  6.35396076e-01  6.51476908e-01
  6.53278106e-01  6.86172422e-01  7.07583107e-01  7.20357734e-01
  7.35122198e-01  7.42490395e-01  7.61839001e-01  7.72363658e-01
  7.75909712e-01  8.38553609e-01  8.48921081e-01  8.52831993e-01
  8.60611193e-01  9.03331746e-01  9.44911477e-01  9.47566057e-01
  9.77074001e-01  1.03343037e+00  1.06564194e+00  1.07515139e+00
  1.12052187e+00  1.13876652e+00  1.15905320e+00  1.16134134e+00
  1.20522702e+00  1.22347435e+00  1.25244047e+00  1.26273085e+00
  1.32012959e+00  1.33737600e+00  1.38307710e+00  1.38378545e+00
  1.38576789e+00  1.38600692e+00  1.40576682e+00  1.47576915e+00
  1.47790469e+00  1.54900125e+00  1.59393226e+00  1.61355081e+00
  1.63348785e+00  1.64763963e+00  1.64828830e+00  1.66580063e+00
  1.70606083e+00  1.72756940e+00  1.75087789e+00  1.76990779e+00
  1.79810046e+00  1.83046608e+00  1.87256445e+00  1.89119019e+00
  1.89622239e+00  1.96290068e+00  1.97084515e+00  1.97641293e+00
  1.99017010e+00  2.07171327e+00  2.08107652e+00  2.09640443e+00
  2.12226517e+00  2.12628048e+00  2.13791338e+00  2.17250854e+00
  2.17976422e+00  2.22026621e+00  2.25496758e+00  2.26995419e+00
  2.29257964e+00  2.37008749e+00  2.39726002e+00  2.43401697e+00
  2.51959918e+00  2.58326051e+00  2.60743501e+00  2.60987144e+00
  2.67252098e+00  2.68262496e+00  2.68467368e+00  2.70321045e+00
  2.71632310e+00  2.71707186e+00  2.78389796e+00  2.79558083e+00
  2.83252448e+00  2.83498434e+00  2.85309556e+00  2.86701391e+00
  2.87880794e+00  2.88777638e+00  2.89097054e+00  2.89554385e+00
  2.90976343e+00  2.96209464e+00  3.01960637e+00  3.02816148e+00
  3.03215366e+00  3.12952616e+00  3.19235218e+00  3.22001626e+00
  3.22030986e+00  3.23288214e+00  3.26815096e+00  3.28022705e+00
  3.49856971e+00  3.64320496e+00  3.72982523e+00  3.78503879e+00
  3.89909969e+00  3.90918198e+00  4.03506604e+00  4.07882940e+00
  4.09410958e+00  4.19011122e+00  4.29941373e+00  4.34847131e+00
  4.36405519e+00  4.72086261e+00  4.81019757e+00  5.57280561e+00
  1.04603904e+01  2.46574069e+01  2.48811865e+01  2.49266019e+01
  2.50353633e+01  2.51505067e+01  2.52229917e+01  2.65537387e+01
  2.65604357e+01  2.69048370e+01  3.68832842e+01  2.19335561e+02]
E1 = -1769.5246050816625  E_coul = 646.9808380860625
cycle= 2 E= -745.803194538615  delta_E= -0.124  |g|= 0.312  |ddm|= 0.965
    CPU time for cycle= 2      1.62 sec, wall time      0.06 sec
  HOMO = -0.35332754603291  LUMO = 0.0664288506868135
  mo_energy =
[-1.04776937e+02 -1.55680133e+01 -1.13120413e+01 -1.13012955e+01
 -1.13008591e+01 -1.12868528e+01 -1.12865948e+01 -1.12835910e+01
 -1.04848869e+01 -7.95364849e+00 -7.95206959e+00 -7.95205824e+00
 -1.30607649e+00 -1.14320335e+00 -1.08482570e+00 -9.99151569e-01
 -9.26947473e-01 -9.06820971e-01 -9.00746759e-01 -7.70099276e-01
 -7.06354373e-01 -7.01860913e-01 -6.45846099e-01 -6.23588513e-01
 -6.20355924e-01 -6.12195879e-01 -5.84420478e-01 -5.63736696e-01
 -4.75932263e-01 -4.32318883e-01 -3.92493422e-01 -3.64546416e-01
 -3.64239227e-01 -3.53327546e-01  6.64288507e-02  8.69328414e-02
  1.11891508e-01  1.41809734e-01  1.46207039e-01  1.69318438e-01
  1.77831998e-01  1.82941714e-01  2.25176543e-01  2.30288114e-01
  2.66234025e-01  2.96394921e-01  3.56825675e-01  3.78790923e-01
  3.95935320e-01  4.07700369e-01  4.29919818e-01  4.38341790e-01
  4.45709376e-01  4.72508097e-01  4.80245086e-01  5.09615804e-01
  5.24953111e-01  5.27269391e-01  5.31032683e-01  5.58467438e-01
  5.66115279e-01  5.75412334e-01  5.90408532e-01  6.04914796e-01
  6.15945524e-01  6.86428814e-01  6.91454429e-01  7.01822561e-01
  7.07700012e-01  7.24819872e-01  7.60520299e-01  7.74682191e-01
  7.79252266e-01  8.02305822e-01  8.03474139e-01  8.14785619e-01
  8.30702585e-01  8.76848089e-01  8.88469630e-01  9.03251625e-01
  9.34423128e-01  9.61080269e-01  9.65584920e-01  1.01715879e+00
  1.03555100e+00  1.04312640e+00  1.12055907e+00  1.12416473e+00
  1.12961650e+00  1.16675270e+00  1.21870118e+00  1.22494650e+00
  1.23824114e+00  1.24649759e+00  1.24716750e+00  1.25416038e+00
  1.26868911e+00  1.27778190e+00  1.30930697e+00  1.36264124e+00
  1.41103794e+00  1.42388756e+00  1.43119625e+00  1.50345954e+00
  1.55133183e+00  1.55784581e+00  1.64722084e+00  1.67207186e+00
  1.68882032e+00  1.70213174e+00  1.71083901e+00  1.71713986e+00
  1.76484776e+00  1.77072216e+00  1.79638753e+00  1.82861986e+00
  1.84654816e+00  1.89461899e+00  1.92784150e+00  1.93313346e+00
  1.95864035e+00  2.01169628e+00  2.01741161e+00  2.02972816e+00
  2.03782005e+00  2.12373373e+00  2.13123167e+00  2.14988143e+00
  2.16682980e+00  2.17772735e+00  2.19532111e+00  2.23016409e+00
  2.24467271e+00  2.28189203e+00  2.32077476e+00  2.32897569e+00
  2.35801099e+00  2.45506806e+00  2.45571907e+00  2.49313757e+00
  2.57095903e+00  2.57846856e+00  2.58086886e+00  2.63771226e+00
  2.66845546e+00  2.69011580e+00  2.69818403e+00  2.72614128e+00
  2.74949511e+00  2.75048348e+00  2.84786034e+00  2.86397448e+00
  2.88062756e+00  2.88244132e+00  2.88560484e+00  2.89344703e+00
  2.90490189e+00  2.94907237e+00  2.95869209e+00  2.98075666e+00
  2.98756209e+00  3.04569077e+00  3.08328537e+00  3.11215449e+00
  3.11453874e+00  3.21998984e+00  3.28254910e+00  3.29974540e+00
  3.31789300e+00  3.33295247e+00  3.33429295e+00  3.34947578e+00
  3.57335778e+00  3.72756023e+00  3.80462463e+00  3.83930803e+00
  3.98904563e+00  4.01547416e+00  4.12652715e+00  4.17336863e+00
  4.20015285e+00  4.33894334e+00  4.35944274e+00  4.40030321e+00
  4.44473826e+00  4.79925450e+00  4.95042649e+00  5.70912924e+00
  1.02423606e+01  2.47552263e+01  2.50527526e+01  2.50594615e+01
  2.51545605e+01  2.52481758e+01  2.52990105e+01  2.63470363e+01
  2.63536936e+01  2.66946280e+01  3.70809140e+01  2.19038385e+02]
E1 = -1769.2218607146197  E_coul = 646.6540629015724
cycle= 3 E= -745.827225356063  delta_E= -0.024  |g|= 0.108  |ddm|= 0.349
    CPU time for cycle= 3      1.61 sec, wall time      0.06 sec
  HOMO = -0.359885690648203  LUMO = 0.0690525398549667
  mo_energy =
[-1.04728485e+02 -1.56395403e+01 -1.13239787e+01 -1.13129610e+01
 -1.13128062e+01 -1.12804205e+01 -1.12663927e+01 -1.12663233e+01
 -1.04528438e+01 -7.92033039e+00 -7.91895094e+00 -7.91894189e+00
 -1.32793831e+00 -1.13364018e+00 -1.08285191e+00 -1.00595962e+00
 -9.28920832e-01 -9.08668377e-01 -8.96655258e-01 -7.67282599e-01
 -7.10847436e-01 -6.93006183e-01 -6.47533226e-01 -6.43755494e-01
 -6.30564946e-01 -6.19783611e-01 -5.93194225e-01 -5.62013297e-01
 -4.95933831e-01 -4.30746587e-01 -3.88702794e-01 -3.61961877e-01
 -3.60138911e-01 -3.59885691e-01  6.90525399e-02  8.93235453e-02
  1.15122517e-01  1.43394423e-01  1.49844846e-01  1.60885276e-01
  1.82942385e-01  1.83853489e-01  2.21904648e-01  2.24600959e-01
  2.61297790e-01  2.98929291e-01  3.55921016e-01  3.86624345e-01
  3.99610220e-01  4.16509862e-01  4.26997549e-01  4.31039913e-01
  4.42707811e-01  4.70672377e-01  4.77790087e-01  5.08926031e-01
  5.23799023e-01  5.30785281e-01  5.34488027e-01  5.60573186e-01
  5.74282146e-01  5.79131210e-01  5.94693633e-01  6.10207112e-01
  6.18641991e-01  6.80732811e-01  6.87838171e-01  6.92306199e-01
  7.06859137e-01  7.34262347e-01  7.68347918e-01  7.72846301e-01
  7.84548698e-01  7.87063121e-01  8.10558340e-01  8.12219818e-01
  8.23778138e-01  8.83077591e-01  8.97481263e-01  8.99153063e-01
  9.14793512e-01  9.58146233e-01  9.66248590e-01  1.01972605e+00
  1.04029188e+00  1.04123943e+00  1.11559452e+00  1.12085238e+00
  1.13853332e+00  1.17322614e+00  1.21027315e+00  1.23155136e+00
  1.24290108e+00  1.24892449e+00  1.25687650e+00  1.25781844e+00
  1.26226793e+00  1.28580864e+00  1.31777171e+00  1.35158229e+00
  1.40758467e+00  1.41542638e+00  1.42571959e+00  1.49357224e+00
  1.54254353e+00  1.55255287e+00  1.63489727e+00  1.67827532e+00
  1.68858342e+00  1.69089484e+00  1.70689423e+00  1.71450279e+00
  1.77204352e+00  1.77820304e+00  1.80370557e+00  1.83371522e+00
  1.85225062e+00  1.88891721e+00  1.92230355e+00  1.94292389e+00
  1.96135577e+00  2.01809121e+00  2.02565868e+00  2.03317632e+00
  2.04112876e+00  2.11172073e+00  2.13812928e+00  2.14694621e+00
  2.17025033e+00  2.17870685e+00  2.19745906e+00  2.22893329e+00
  2.23524375e+00  2.26940197e+00  2.31782424e+00  2.33691193e+00
  2.36149450e+00  2.45048261e+00  2.46140723e+00  2.49293906e+00
  2.57911359e+00  2.58884716e+00  2.59123962e+00  2.64419824e+00
  2.67357108e+00  2.68355699e+00  2.68835083e+00  2.73490543e+00
  2.73774110e+00  2.74248998e+00  2.85053717e+00  2.86310135e+00
  2.87094171e+00  2.88977601e+00  2.89812881e+00  2.90257249e+00
  2.91039499e+00  2.95758845e+00  2.96188830e+00  2.96255391e+00
  2.97085626e+00  3.03359597e+00  3.08991034e+00  3.11385892e+00
  3.11696811e+00  3.21590496e+00  3.26566943e+00  3.29814900e+00
  3.30294010e+00  3.31758293e+00  3.33793897e+00  3.34422974e+00
  3.58393056e+00  3.73398452e+00  3.81477717e+00  3.85788936e+00
  3.98548518e+00  3.99972484e+00  4.10581772e+00  4.15362106e+00
  4.18979993e+00  4.29171990e+00  4.37110759e+00  4.41642654e+00
  4.44671917e+00  4.80374189e+00  4.91177204e+00  5.67769556e+00
  1.02677086e+01  2.47684610e+01  2.50203004e+01  2.50538980e+01
  2.51602506e+01  2.52555507e+01  2.53193055e+01  2.63703468e+01
  2.63770064e+01  2.67178535e+01  3.70109666e+01  2.19084845e+02]
E1 = -1769.3900437788166  E_coul = 646.8185897077509
cycle= 4 E= -745.830881614081  delta_E= -0.00366  |g|= 0.0385  |ddm|= 0.146
    CPU time for cycle= 4      1.59 sec, wall time      0.06 sec
  HOMO = -0.355641926799865  LUMO = 0.067979272537603
  mo_energy =
[-1.04713424e+02 -1.56152013e+01 -1.13294697e+01 -1.13178441e+01
 -1.13174745e+01 -1.12981621e+01 -1.12789825e+01 -1.12789218e+01
 -1.04402594e+01 -7.90753095e+00 -7.90620199e+00 -7.90619335e+00
 -1.32334471e+00 -1.13914727e+00 -1.08520447e+00 -1.00462144e+00
 -9.26144882e-01 -9.09332181e-01 -8.99777014e-01 -7.69586989e-01
 -7.14020716e-01 -6.95611788e-01 -6.50001147e-01 -6.44732463e-01
 -6.32789217e-01 -6.23415013e-01 -5.92421220e-01 -5.66099036e-01
 -4.94375784e-01 -4.32401026e-01 -3.91755809e-01 -3.58966972e-01
 -3.55879656e-01 -3.55641927e-01  6.79792725e-02  8.70565326e-02
  1.15536102e-01  1.43067619e-01  1.49659003e-01  1.62997697e-01
  1.82543762e-01  1.83629117e-01  2.22020050e-01  2.24835785e-01
  2.61447508e-01  2.97681831e-01  3.55775543e-01  3.84809548e-01
  3.98030333e-01  4.13790112e-01  4.27267610e-01  4.29948661e-01
  4.42221714e-01  4.71751688e-01  4.78925945e-01  5.10250979e-01
  5.23511780e-01  5.30045950e-01  5.31961349e-01  5.59984743e-01
  5.71008181e-01  5.77428740e-01  5.92981973e-01  6.07377681e-01
  6.16664850e-01  6.81146388e-01  6.86017914e-01  6.93085673e-01
  7.06435160e-01  7.30549094e-01  7.64800137e-01  7.72326458e-01
  7.81215025e-01  7.86003244e-01  8.08798781e-01  8.10437218e-01
  8.22199412e-01  8.80854610e-01  8.94202592e-01  8.98521016e-01
  9.20103278e-01  9.58435197e-01  9.63425623e-01  1.01609665e+00
  1.04042542e+00  1.04275248e+00  1.11529121e+00  1.12010957e+00
  1.13483252e+00  1.17119442e+00  1.21159489e+00  1.22673437e+00
  1.24777234e+00  1.25147752e+00  1.26313362e+00  1.26322215e+00
  1.26764761e+00  1.28275589e+00  1.31412346e+00  1.35250533e+00
  1.40752346e+00  1.41589085e+00  1.42634940e+00  1.49832617e+00
  1.54256391e+00  1.55263871e+00  1.63462443e+00  1.67515906e+00
  1.68801720e+00  1.68854427e+00  1.70498019e+00  1.71250969e+00
  1.76963582e+00  1.77475720e+00  1.80063727e+00  1.83117992e+00
  1.85055325e+00  1.88910788e+00  1.92226115e+00  1.94123940e+00
  1.95980017e+00  2.01665641e+00  2.02390384e+00  2.03205103e+00
  2.03991855e+00  2.11139831e+00  2.13566528e+00  2.14609193e+00
  2.16825916e+00  2.17546604e+00  2.19418896e+00  2.22805045e+00
  2.23105048e+00  2.26796476e+00  2.31669110e+00  2.33275587e+00
  2.35865131e+00  2.44914094e+00  2.45868342e+00  2.49376750e+00
  2.57689978e+00  2.59509235e+00  2.59741561e+00  2.64283119e+00
  2.67184272e+00  2.68527599e+00  2.68942057e+00  2.73525487e+00
  2.73564409e+00  2.74110051e+00  2.85089045e+00  2.86383114e+00
  2.87191638e+00  2.88867918e+00  2.89518082e+00  2.90211889e+00
  2.90866341e+00  2.95202205e+00  2.95922592e+00  2.95965170e+00
  2.96885859e+00  3.03526282e+00  3.08673297e+00  3.11004500e+00
  3.11202369e+00  3.21243376e+00  3.26598577e+00  3.29729264e+00
  3.30044267e+00  3.31781352e+00  3.33677125e+00  3.33845373e+00
  3.57648629e+00  3.72782405e+00  3.80808398e+00  3.84951066e+00
  3.98403457e+00  4.00188176e+00  4.10423552e+00  4.15266671e+00
  4.19036061e+00  4.30629722e+00  4.36615228e+00  4.41025274e+00
  4.44346524e+00  4.79925157e+00  4.92263814e+00  5.68596914e+00
  1.02785039e+01  2.47574433e+01  2.50150558e+01  2.50465669e+01
  2.51506375e+01  2.52461540e+01  2.53060179e+01  2.63805567e+01
  2.63872153e+01  2.67280719e+01  3.70346632e+01  2.19099561e+02]
E1 = -1769.3411085537045  E_coul = 646.7692212596749
cycle= 5 E= -745.831314837045  delta_E= -0.000433  |g|= 0.0088  |ddm|= 0.0363
    CPU time for cycle= 5      1.59 sec, wall time      0.06 sec
  HOMO = -0.356234692150857  LUMO = 0.0681398615385167
  mo_energy =
[-1.04718358e+02 -1.56192350e+01 -1.13272439e+01 -1.13193957e+01
 -1.13190376e+01 -1.12977609e+01 -1.12788960e+01 -1.12788107e+01
 -1.04428756e+01 -7.91032040e+00 -7.90901250e+00 -7.90900384e+00
 -1.32437447e+00 -1.13886421e+00 -1.08537891e+00 -1.00477067e+00
 -9.26469246e-01 -9.09833184e-01 -8.99960255e-01 -7.69907669e-01
 -7.14452091e-01 -6.95832105e-01 -6.50243707e-01 -6.45022999e-01
 -6.33072697e-01 -6.23938131e-01 -5.92483184e-01 -5.66359597e-01
 -4.95523605e-01 -4.32056125e-01 -3.91757396e-01 -3.60056899e-01
 -3.56468638e-01 -3.56234692e-01  6.81398615e-02  8.67603418e-02
  1.15722908e-01  1.43104728e-01  1.49682309e-01  1.63001621e-01
  1.82536874e-01  1.83575663e-01  2.21630744e-01  2.24751519e-01
  2.61181883e-01  2.97583339e-01  3.55497081e-01  3.84724927e-01
  3.97883448e-01  4.13756885e-01  4.26848064e-01  4.29834697e-01
  4.41938626e-01  4.71407571e-01  4.78512921e-01  5.09931095e-01
  5.23302521e-01  5.29793832e-01  5.32366263e-01  5.59733732e-01
  5.71148290e-01  5.77725845e-01  5.92867193e-01  6.07434340e-01
  6.16792766e-01  6.80739834e-01  6.86054708e-01  6.92501527e-01
  7.06068686e-01  7.30801652e-01  7.64597651e-01  7.71976526e-01
  7.81117229e-01  7.85725772e-01  8.08747970e-01  8.10246259e-01
  8.22004652e-01  8.80919962e-01  8.94325246e-01  8.98464404e-01
  9.19678285e-01  9.58213495e-01  9.63226621e-01  1.01595078e+00
  1.04021161e+00  1.04238563e+00  1.11498415e+00  1.11985972e+00
  1.13478167e+00  1.17131179e+00  1.21124050e+00  1.22671954e+00
  1.24718445e+00  1.25086958e+00  1.26250104e+00  1.26252525e+00
  1.26699476e+00  1.28265066e+00  1.31399968e+00  1.35213956e+00
  1.40696408e+00  1.41543226e+00  1.42604959e+00  1.49752875e+00
  1.54200789e+00  1.55232004e+00  1.63406463e+00  1.67494685e+00
  1.68766516e+00  1.68841715e+00  1.70475537e+00  1.71226683e+00
  1.76941147e+00  1.77466051e+00  1.80048852e+00  1.83096384e+00
  1.85026548e+00  1.88870328e+00  1.92179131e+00  1.94116640e+00
  1.95941680e+00  2.01658323e+00  2.02360735e+00  2.03183490e+00
  2.03953780e+00  2.11085715e+00  2.13537726e+00  2.14566040e+00
  2.16799496e+00  2.17519363e+00  2.19393373e+00  2.22765525e+00
  2.23086534e+00  2.26764801e+00  2.31619115e+00  2.33266830e+00
  2.35844555e+00  2.44861995e+00  2.45857061e+00  2.49316143e+00
  2.57659169e+00  2.59417080e+00  2.59649785e+00  2.64256955e+00
  2.67143541e+00  2.68448871e+00  2.68888365e+00  2.73496736e+00
  2.73497740e+00  2.74062569e+00  2.85052234e+00  2.86339547e+00
  2.87098613e+00  2.88837868e+00  2.89495677e+00  2.90177114e+00
  2.90845519e+00  2.95200832e+00  2.95934649e+00  2.95949155e+00
  2.96875088e+00  3.03452286e+00  3.08633830e+00  3.10973286e+00
  3.11169788e+00  3.21197207e+00  3.26561350e+00  3.29702473e+00
  3.30018548e+00  3.31721394e+00  3.33693454e+00  3.33767482e+00
  3.57636965e+00  3.72757274e+00  3.80796370e+00  3.84971581e+00
  3.98351398e+00  4.00086785e+00  4.10425633e+00  4.15254227e+00
  4.18936142e+00  4.30393286e+00  4.36591154e+00  4.41010775e+00
  4.44297298e+00  4.79894614e+00  4.92075029e+00  5.68413068e+00
  1.02765187e+01  2.47571087e+01  2.50171242e+01  2.50456736e+01
  2.51499230e+01  2.52456645e+01  2.53060901e+01  2.63787285e+01
  2.63853861e+01  2.67262529e+01  3.70307100e+01  2.19094886e+02]
E1 = -1769.3597341561917  E_coul = 646.7877942436188
cycle= 6 E= -745.831367455588  delta_E= -5.26e-05  |g|= 0.00278  |ddm|= 0.0167
    CPU time for cycle= 6      1.60 sec, wall time      0.06 sec
  HOMO = -0.356688938217436  LUMO = 0.0688768515098158
  mo_energy =
[-1.04718279e+02 -1.56179535e+01 -1.13287190e+01 -1.13177283e+01
 -1.13173854e+01 -1.12965447e+01 -1.12780900e+01 -1.12780254e+01
 -1.04432017e+01 -7.91062245e+00 -7.90930614e+00 -7.90929747e+00
 -1.32359314e+00 -1.13822934e+00 -1.08465269e+00 -1.00544178e+00
 -9.26826165e-01 -9.09165482e-01 -8.99452516e-01 -7.69355175e-01
 -7.13658143e-01 -6.95315520e-01 -6.49924979e-01 -6.45670912e-01
 -6.33509553e-01 -6.23471348e-01 -5.91854582e-01 -5.65694495e-01
 -4.95348723e-01 -4.31287863e-01 -3.91162303e-01 -3.60723634e-01
 -3.56924484e-01 -3.56688938e-01  6.88768515e-02  8.72342825e-02
  1.15819110e-01  1.43142135e-01  1.49875587e-01  1.62609686e-01
  1.82651116e-01  1.83677771e-01  2.21376116e-01  2.24780539e-01
  2.61031891e-01  2.98147471e-01  3.55805650e-01  3.85066592e-01
  3.98136223e-01  4.14179704e-01  4.26438999e-01  4.30220430e-01
  4.42106155e-01  4.71260318e-01  4.78251242e-01  5.09747967e-01
  5.23611118e-01  5.30053965e-01  5.32722723e-01  5.59866676e-01
  5.71617486e-01  5.78179686e-01  5.93124358e-01  6.07819990e-01
  6.17243232e-01  6.80234621e-01  6.86479620e-01  6.92820148e-01
  7.06549832e-01  7.31270451e-01  7.65137218e-01  7.72107852e-01
  7.81571071e-01  7.85087947e-01  8.09130524e-01  8.10386775e-01
  8.22107473e-01  8.81345462e-01  8.94785439e-01  8.98453367e-01
  9.20024657e-01  9.58041717e-01  9.63468984e-01  1.01656530e+00
  1.04075768e+00  1.04231965e+00  1.11502198e+00  1.12024124e+00
  1.13532259e+00  1.17172689e+00  1.21153796e+00  1.22742606e+00
  1.24672811e+00  1.25076380e+00  1.26204416e+00  1.26206921e+00
  1.26653190e+00  1.28321023e+00  1.31459479e+00  1.35175880e+00
  1.40758650e+00  1.41520110e+00  1.42604487e+00  1.49738422e+00
  1.54231695e+00  1.55279154e+00  1.63343273e+00  1.67545400e+00
  1.68709687e+00  1.68858762e+00  1.70453031e+00  1.71275503e+00
  1.76992216e+00  1.77515135e+00  1.80085217e+00  1.83156266e+00
  1.85066248e+00  1.88885984e+00  1.92187709e+00  1.94160289e+00
  1.95999051e+00  2.01704485e+00  2.02404478e+00  2.03233891e+00
  2.03982238e+00  2.11024114e+00  2.13581815e+00  2.14550599e+00
  2.16812593e+00  2.17532137e+00  2.19452361e+00  2.22702811e+00
  2.23128015e+00  2.26713293e+00  2.31659777e+00  2.33330806e+00
  2.35909068e+00  2.44925671e+00  2.45910361e+00  2.49344372e+00
  2.57705812e+00  2.59373794e+00  2.59607057e+00  2.64295993e+00
  2.67186211e+00  2.68471770e+00  2.68855239e+00  2.73474926e+00
  2.73516629e+00  2.74055520e+00  2.85089475e+00  2.86310822e+00
  2.87174224e+00  2.88881030e+00  2.89539238e+00  2.90197750e+00
  2.90875345e+00  2.95259296e+00  2.95868986e+00  2.95941329e+00
  2.96851415e+00  3.03500846e+00  3.08693150e+00  3.11061637e+00
  3.11249410e+00  3.21286146e+00  3.26532251e+00  3.29705575e+00
  3.30054463e+00  3.31765567e+00  3.33770738e+00  3.33790293e+00
  3.57715235e+00  3.72841505e+00  3.80875381e+00  3.85038934e+00
  3.98421532e+00  4.00146860e+00  4.10332653e+00  4.15187974e+00
  4.19021967e+00  4.30472481e+00  4.36656888e+00  4.41077070e+00
  4.44375237e+00  4.79973511e+00  4.92150931e+00  5.68505130e+00
  1.02761401e+01  2.47582587e+01  2.50156913e+01  2.50469668e+01
  2.51513445e+01  2.52467590e+01  2.53070842e+01  2.63783381e+01
  2.63849960e+01  2.67258471e+01  3.70319643e+01  2.19094926e+02]
E1 = -1769.3516862060192  E_coul = 646.7797397038967
cycle= 7 E= -745.831374045138  delta_E= -6.59e-06  |g|= 0.00101  |ddm|= 0.00593
    CPU time for cycle= 7      1.61 sec, wall time      0.06 sec
  HOMO = -0.356913117368854  LUMO = 0.0688998953266602
  mo_energy =
[-1.04718584e+02 -1.56181272e+01 -1.13280759e+01 -1.13179018e+01
 -1.13175433e+01 -1.12965601e+01 -1.12781677e+01 -1.12780937e+01
 -1.04435322e+01 -7.91095183e+00 -7.90963441e+00 -7.90962576e+00
 -1.32371730e+00 -1.13826244e+00 -1.08470361e+00 -1.00541503e+00
 -9.26928757e-01 -9.09182945e-01 -8.99456354e-01 -7.69323632e-01
 -7.13682447e-01 -6.95258186e-01 -6.49870217e-01 -6.45528306e-01
 -6.33383971e-01 -6.23457299e-01 -5.91859018e-01 -5.65656114e-01
 -4.95413910e-01 -4.31260929e-01 -3.91208930e-01 -3.60895104e-01
 -3.57148736e-01 -3.56913117e-01  6.88998953e-02  8.71961052e-02
  1.15886224e-01  1.43212146e-01  1.49935303e-01  1.62671011e-01
  1.82713299e-01  1.83737765e-01  2.21389533e-01  2.24828200e-01
  2.61065651e-01  2.98172753e-01  3.55808029e-01  3.85114073e-01
  3.98182526e-01  4.14226816e-01  4.26470194e-01  4.30238521e-01
  4.42141756e-01  4.71191554e-01  4.78159357e-01  5.09626810e-01
  5.23596999e-01  5.30065246e-01  5.32707516e-01  5.59840780e-01
  5.71652254e-01  5.78187335e-01  5.93150469e-01  6.07853285e-01
  6.17238718e-01  6.80292175e-01  6.86488881e-01  6.92839536e-01
  7.06588917e-01  7.31290242e-01  7.65177761e-01  7.72180849e-01
  7.81607333e-01  7.85218348e-01  8.09176721e-01  8.10455590e-01
  8.22173023e-01  8.81390692e-01  8.94816677e-01  8.98487822e-01
  9.20034425e-01  9.58061401e-01  9.63497019e-01  1.01653224e+00
  1.04074239e+00  1.04219439e+00  1.11503065e+00  1.12026969e+00
  1.13534896e+00  1.17175643e+00  1.21154290e+00  1.22741576e+00
  1.24654937e+00  1.25072801e+00  1.26177508e+00  1.26184317e+00
  1.26631725e+00  1.28324094e+00  1.31464342e+00  1.35179703e+00
  1.40760464e+00  1.41525044e+00  1.42600616e+00  1.49727221e+00
  1.54232283e+00  1.55275538e+00  1.63350674e+00  1.67548841e+00
  1.68719848e+00  1.68862794e+00  1.70461086e+00  1.71277879e+00
  1.76992993e+00  1.77522340e+00  1.80091259e+00  1.83159293e+00
  1.85074152e+00  1.88893250e+00  1.92194102e+00  1.94167627e+00
  1.96002880e+00  2.01709529e+00  2.02410320e+00  2.03239531e+00
  2.03984767e+00  2.11031302e+00  2.13588051e+00  2.14556661e+00
  2.16814856e+00  2.17535643e+00  2.19453240e+00  2.22713655e+00
  2.23130648e+00  2.26724058e+00  2.31659731e+00  2.33332561e+00
  2.35909531e+00  2.44924966e+00  2.45911532e+00  2.49347701e+00
  2.57710446e+00  2.59348899e+00  2.59582341e+00  2.64299242e+00
  2.67189061e+00  2.68470452e+00  2.68854513e+00  2.73478819e+00
  2.73523934e+00  2.74061131e+00  2.85096798e+00  2.86312438e+00
  2.87170097e+00  2.88888444e+00  2.89549991e+00  2.90204382e+00
  2.90883926e+00  2.95260141e+00  2.95888400e+00  2.95954548e+00
  2.96864927e+00  3.03499413e+00  3.08695406e+00  3.11058294e+00
  3.11245859e+00  3.21280386e+00  3.26543429e+00  3.29715619e+00
  3.30055936e+00  3.31767228e+00  3.33767811e+00  3.33790856e+00
  3.57712214e+00  3.72836393e+00  3.80872523e+00  3.85040083e+00
  3.98418259e+00  4.00146457e+00  4.10355135e+00  4.15207254e+00
  4.19017721e+00  4.30458457e+00  4.36658464e+00  4.41081566e+00
  4.44373382e+00  4.79971116e+00  4.92140052e+00  5.68494733e+00
  1.02758243e+01  2.47581796e+01  2.50163039e+01  2.50468436e+01
  2.51512437e+01  2.52466543e+01  2.53070240e+01  2.63780324e+01
  2.63846907e+01  2.67255279e+01  3.70317913e+01  2.19094619e+02]
E1 = -1769.354569802515  E_coul = 646.7826225025508
cycle= 8 E= -745.83137484298  delta_E= -7.98e-07  |g|= 0.000449  |ddm|= 0.00171
    CPU time for cycle= 8      1.60 sec, wall time      0.06 sec
  HOMO = -0.356959578299545  LUMO = 0.0689497067905899
  mo_energy =
[-1.04718589e+02 -1.56181504e+01 -1.13281473e+01 -1.13177861e+01
 -1.13174342e+01 -1.12964899e+01 -1.12781774e+01 -1.12781065e+01
 -1.04435352e+01 -7.91095431e+00 -7.90963681e+00 -7.90962817e+00
 -1.32367360e+00 -1.13821822e+00 -1.08464906e+00 -1.00545025e+00
 -9.26954629e-01 -9.09146496e-01 -8.99416618e-01 -7.69265628e-01
 -7.13636522e-01 -6.95236606e-01 -6.49829559e-01 -6.45537748e-01
 -6.33379881e-01 -6.23416252e-01 -5.91811102e-01 -5.65613161e-01
 -4.95420190e-01 -4.31201569e-01 -3.91175128e-01 -3.60926082e-01
 -3.57195561e-01 -3.56959578e-01  6.89497068e-02  8.72195690e-02
  1.15901192e-01  1.43223200e-01  1.49959268e-01  1.62635034e-01
  1.82730980e-01  1.83756551e-01  2.21388412e-01  2.24844030e-01
  2.61073711e-01  2.98214400e-01  3.55837411e-01  3.85148281e-01
  3.98205064e-01  4.14257189e-01  4.26459366e-01  4.30275765e-01
  4.42166283e-01  4.71179726e-01  4.78138729e-01  5.09600640e-01
  5.23620309e-01  5.30090133e-01  5.32728350e-01  5.59848334e-01
  5.71702021e-01  5.78219179e-01  5.93171714e-01  6.07897956e-01
  6.17271095e-01  6.80276549e-01  6.86519030e-01  6.92880630e-01
  7.06639480e-01  7.31316702e-01  7.65229903e-01  7.72211121e-01
  7.81624552e-01  7.85206335e-01  8.09199046e-01  8.10477450e-01
  8.22198274e-01  8.81429840e-01  8.94854525e-01  8.98506493e-01
  9.20053984e-01  9.58060835e-01  9.63516466e-01  1.01658920e+00
  1.04078223e+00  1.04219147e+00  1.11504168e+00  1.12029279e+00
  1.13539745e+00  1.17178805e+00  1.21157291e+00  1.22746428e+00
  1.24652001e+00  1.25072530e+00  1.26173905e+00  1.26181426e+00
  1.26628602e+00  1.28328357e+00  1.31470476e+00  1.35178481e+00
  1.40766064e+00  1.41525343e+00  1.42601713e+00  1.49724910e+00
  1.54234875e+00  1.55279464e+00  1.63349633e+00  1.67553262e+00
  1.68718878e+00  1.68865781e+00  1.70461511e+00  1.71282699e+00
  1.76996127e+00  1.77525842e+00  1.80094514e+00  1.83164061e+00
  1.85078563e+00  1.88896864e+00  1.92196121e+00  1.94172567e+00
  1.96008169e+00  2.01714537e+00  2.02413281e+00  2.03245327e+00
  2.03987063e+00  2.11030298e+00  2.13592787e+00  2.14557946e+00
  2.16816890e+00  2.17537220e+00  2.19457638e+00  2.22712175e+00
  2.23134607e+00  2.26723379e+00  2.31662980e+00  2.33337024e+00
  2.35914162e+00  2.44931297e+00  2.45915322e+00  2.49351105e+00
  2.57714153e+00  2.59345577e+00  2.59579071e+00  2.64303938e+00
  2.67191584e+00  2.68472598e+00  2.68854406e+00  2.73479115e+00
  2.73525971e+00  2.74063077e+00  2.85102420e+00  2.86311911e+00
  2.87173666e+00  2.88893369e+00  2.89554963e+00  2.90207272e+00
  2.90885078e+00  2.95263137e+00  2.95886864e+00  2.95955336e+00
  2.96865554e+00  3.03503034e+00  3.08699070e+00  3.11064296e+00
  3.11250289e+00  3.21286313e+00  3.26542918e+00  3.29716748e+00
  3.30060003e+00  3.31770222e+00  3.33772238e+00  3.33793505e+00
  3.57716236e+00  3.72841514e+00  3.80877785e+00  3.85044835e+00
  3.98423046e+00  4.00152081e+00  4.10352304e+00  4.15206064e+00
  4.19024827e+00  4.30456909e+00  4.36661777e+00  4.41085937e+00
  4.44378710e+00  4.79975601e+00  4.92140261e+00  5.68497728e+00
  1.02758108e+01  2.47582296e+01  2.50162363e+01  2.50469089e+01
  2.51513357e+01  2.52466913e+01  2.53070541e+01  2.63780200e+01
  2.63846786e+01  2.67255029e+01  3.70317694e+01  2.19094613e+02]
E1 = -1769.3538262814695  E_coul = 646.7818787215698
cycle= 9 E= -745.831375102915  delta_E= -2.6e-07  |g|= 0.000188  |ddm|= 0.0011
    CPU time for cycle= 9      1.61 sec, wall time      0.06 sec
  HOMO = -0.356990624462159  LUMO = 0.0689591392032776
  mo_energy =
[-1.04718671e+02 -1.56181812e+01 -1.13281502e+01 -1.13177533e+01
 -1.13173955e+01 -1.12964103e+01 -1.12781989e+01 -1.12781268e+01
 -1.04436008e+01 -7.91102076e+00 -7.90970280e+00 -7.90969417e+00
 -1.32368195e+00 -1.13820913e+00 -1.08464656e+00 -1.00545626e+00
 -9.26969743e-01 -9.09144118e-01 -8.99406043e-01 -7.69248191e-01
 -7.13633773e-01 -6.95238386e-01 -6.49823964e-01 -6.45526285e-01
 -6.33370761e-01 -6.23395489e-01 -5.91807564e-01 -5.65609920e-01
 -4.95428200e-01 -4.31186403e-01 -3.91174654e-01 -3.60936762e-01
 -3.57226761e-01 -3.56990624e-01  6.89591392e-02  8.72175008e-02
  1.15903970e-01  1.43228558e-01  1.49962816e-01  1.62622657e-01
  1.82738285e-01  1.83762442e-01  2.21395345e-01  2.24850796e-01
  2.61080354e-01  2.98224784e-01  3.55839543e-01  3.85159179e-01
  3.98209970e-01  4.14263260e-01  4.26463455e-01  4.30278561e-01
  4.42172363e-01  4.71171833e-01  4.78127920e-01  5.09585678e-01
  5.23617918e-01  5.30091470e-01  5.32728746e-01  5.59845310e-01
  5.71712115e-01  5.78219417e-01  5.93175530e-01  6.07909032e-01
  6.17278066e-01  6.80279369e-01  6.86521433e-01  6.92891556e-01
  7.06650511e-01  7.31322552e-01  7.65250966e-01  7.72221336e-01
  7.81616462e-01  7.85214190e-01  8.09198063e-01  8.10482516e-01
  8.22207080e-01  8.81439379e-01  8.94861578e-01  8.98511643e-01
  9.20055381e-01  9.58060339e-01  9.63521494e-01  1.01659326e+00
  1.04078079e+00  1.04217875e+00  1.11504340e+00  1.12029469e+00
  1.13540394e+00  1.17179390e+00  1.21157659e+00  1.22747272e+00
  1.24649381e+00  1.25071801e+00  1.26170406e+00  1.26178439e+00
  1.26625675e+00  1.28328276e+00  1.31472645e+00  1.35178228e+00
  1.40766940e+00  1.41525559e+00  1.42601073e+00  1.49723169e+00
  1.54234944e+00  1.55279338e+00  1.63350578e+00  1.67554151e+00
  1.68719508e+00  1.68865947e+00  1.70461896e+00  1.71283597e+00
  1.76996617e+00  1.77526732e+00  1.80095222e+00  1.83165076e+00
  1.85079944e+00  1.88897915e+00  1.92196530e+00  1.94173397e+00
  1.96009244e+00  2.01714631e+00  2.02413152e+00  2.03247022e+00
  2.03987025e+00  2.11031186e+00  2.13594173e+00  2.14558791e+00
  2.16817440e+00  2.17537651e+00  2.19458289e+00  2.22713005e+00
  2.23135990e+00  2.26724291e+00  2.31663084e+00  2.33337729e+00
  2.35914376e+00  2.44932530e+00  2.45915703e+00  2.49351502e+00
  2.57714948e+00  2.59342056e+00  2.59575569e+00  2.64304046e+00
  2.67191592e+00  2.68472809e+00  2.68854208e+00  2.73479700e+00
  2.73527124e+00  2.74064048e+00  2.85104105e+00  2.86311368e+00
  2.87173809e+00  2.88894527e+00  2.89557571e+00  2.90207621e+00
  2.90884117e+00  2.95263883e+00  2.95887567e+00  2.95955716e+00
  2.96865987e+00  3.03503204e+00  3.08699990e+00  3.11066029e+00
  3.11251162e+00  3.21286941e+00  3.26543282e+00  3.29717024e+00
  3.30060090e+00  3.31770596e+00  3.33773025e+00  3.33794365e+00
  3.57717157e+00  3.72841832e+00  3.80878716e+00  3.85046314e+00
  3.98423366e+00  4.00153128e+00  4.10353002e+00  4.15206880e+00
  4.19026110e+00  4.30454116e+00  4.36661627e+00  4.41087477e+00
  4.44379513e+00  4.79976426e+00  4.92138433e+00  5.68496761e+00
  1.02757539e+01  2.47582538e+01  2.50162344e+01  2.50469230e+01
  2.51513848e+01  2.52466918e+01  2.53070719e+01  2.63779692e+01
  2.63846279e+01  2.67254437e+01  3.70317392e+01  2.19094533e+02]
E1 = -1769.3540812599683  E_coul = 646.7821336469315
cycle= 10 E= -745.831375156052  delta_E= -5.31e-08  |g|= 5.63e-05  |ddm|= 0.00058
    CPU time for cycle= 10      1.65 sec, wall time      0.06 sec
  HOMO = -0.356978784052801  LUMO = 0.068952661657008
  mo_energy =
[-1.04718630e+02 -1.56182034e+01 -1.13281416e+01 -1.13177417e+01
 -1.13173897e+01 -1.12964369e+01 -1.12782084e+01 -1.12781366e+01
 -1.04435707e+01 -7.91098985e+00 -7.90967180e+00 -7.90966316e+00
 -1.32368402e+00 -1.13821715e+00 -1.08464822e+00 -1.00544917e+00
 -9.26960966e-01 -9.09149802e-01 -8.99407902e-01 -7.69251335e-01
 -7.13639807e-01 -6.95244998e-01 -6.49826112e-01 -6.45524460e-01
 -6.33370101e-01 -6.23401830e-01 -5.91809310e-01 -5.65617599e-01
 -4.95431871e-01 -4.31191513e-01 -3.91173372e-01 -3.60926868e-01
 -3.57214894e-01 -3.56978784e-01  6.89526617e-02  8.72157297e-02
  1.15903709e-01  1.43227441e-01  1.49960643e-01  1.62627020e-01
  1.82736451e-01  1.83760569e-01  2.21397030e-01  2.24850208e-01
  2.61081466e-01  2.98221952e-01  3.55837938e-01  3.85155692e-01
  3.98206747e-01  4.14258188e-01  4.26465725e-01  4.30276723e-01
  4.42170923e-01  4.71175485e-01  4.78132278e-01  5.09590851e-01
  5.23617091e-01  5.30090358e-01  5.32727259e-01  5.59844957e-01
  5.71707234e-01  5.78219074e-01  5.93173202e-01  6.07906351e-01
  6.17276276e-01  6.80281695e-01  6.86520661e-01  6.92892571e-01
  7.06650193e-01  7.31317809e-01  7.65245983e-01  7.72221524e-01
  7.81608560e-01  7.85216534e-01  8.09193291e-01  8.10480844e-01
  8.22206198e-01  8.81436158e-01  8.94857332e-01  8.98514133e-01
  9.20053869e-01  9.58063623e-01  9.63518022e-01  1.01658756e+00
  1.04077889e+00  1.04218571e+00  1.11504514e+00  1.12028992e+00
  1.13539937e+00  1.17178994e+00  1.21157637e+00  1.22746786e+00
  1.24650598e+00  1.25071984e+00  1.26172026e+00  1.26179843e+00
  1.26627042e+00  1.28327868e+00  1.31472296e+00  1.35178559e+00
  1.40766813e+00  1.41525737e+00  1.42601306e+00  1.49723528e+00
  1.54234851e+00  1.55279238e+00  1.63350727e+00  1.67553716e+00
  1.68719752e+00  1.68865770e+00  1.70461810e+00  1.71283184e+00
  1.76996173e+00  1.77526089e+00  1.80094776e+00  1.83164644e+00
  1.85079637e+00  1.88897960e+00  1.92196501e+00  1.94172965e+00
  1.96009059e+00  2.01714307e+00  2.02412593e+00  2.03246676e+00
  2.03986594e+00  2.11031376e+00  2.13593886e+00  2.14558732e+00
  2.16817151e+00  2.17537242e+00  2.19457967e+00  2.22713220e+00
  2.23135574e+00  2.26724405e+00  2.31662860e+00  2.33337076e+00
  2.35913900e+00  2.44932446e+00  2.45914986e+00  2.49351297e+00
  2.57714242e+00  2.59343684e+00  2.59577183e+00  2.64303865e+00
  2.67191196e+00  2.68472658e+00  2.68854714e+00  2.73479727e+00
  2.73526715e+00  2.74064010e+00  2.85103986e+00  2.86311711e+00
  2.87173477e+00  2.88894196e+00  2.89557070e+00  2.90207402e+00
  2.90883330e+00  2.95263330e+00  2.95887698e+00  2.95955588e+00
  2.96865924e+00  3.03502962e+00  3.08699254e+00  3.11065686e+00
  3.11250642e+00  3.21286941e+00  3.26543344e+00  3.29717088e+00
  3.30059895e+00  3.31770179e+00  3.33772248e+00  3.33794240e+00
  3.57716267e+00  3.72841487e+00  3.80878064e+00  3.85045279e+00
  3.98422808e+00  4.00153166e+00  4.10353316e+00  4.15207161e+00
  4.19026215e+00  4.30452883e+00  4.36660913e+00  4.41086634e+00
  4.44379083e+00  4.79975577e+00  4.92137407e+00  5.68495980e+00
  1.02757798e+01  2.47582453e+01  2.50162426e+01  2.50469244e+01
  2.51513796e+01  2.52466889e+01  2.53070585e+01  2.63779941e+01
  2.63846528e+01  2.67254682e+01  3.70317177e+01  2.19094573e+02]
E1 = -1769.3539654146682  E_coul = 646.7820177981833
cycle= 11 E= -745.8313751595  delta_E= -3.45e-09  |g|= 2.33e-05  |ddm|= 0.000144
    CPU time for cycle= 11      1.60 sec, wall time      0.06 sec
  HOMO = -0.356980095038448  LUMO = 0.0689531846434612
  mo_energy =
[-1.04718642e+02 -1.56181986e+01 -1.13281442e+01 -1.13177467e+01
 -1.13173912e+01 -1.12964221e+01 -1.12782128e+01 -1.12781412e+01
 -1.04435783e+01 -7.91099791e+00 -7.90967987e+00 -7.90967124e+00
 -1.32368303e+00 -1.13821496e+00 -1.08464979e+00 -1.00545063e+00
 -9.26962173e-01 -9.09149806e-01 -8.99408274e-01 -7.69251122e-01
 -7.13639378e-01 -6.95247335e-01 -6.49828031e-01 -6.45525841e-01
 -6.33371952e-01 -6.23398811e-01 -5.91808906e-01 -5.65617776e-01
 -4.95432174e-01 -4.31189482e-01 -3.91173257e-01 -3.60928879e-01
 -3.57216196e-01 -3.56980095e-01  6.89531846e-02  8.72153544e-02
  1.15903157e-01  1.43227349e-01  1.49959359e-01  1.62626892e-01
  1.82736031e-01  1.83759656e-01  2.21396675e-01  2.24849538e-01
  2.61080660e-01  2.98222066e-01  3.55837721e-01  3.85155845e-01
  3.98206361e-01  4.14258350e-01  4.26464909e-01  4.30275810e-01
  4.42170204e-01  4.71175273e-01  4.78132196e-01  5.09590812e-01
  5.23616342e-01  5.30089301e-01  5.32728106e-01  5.59844507e-01
  5.71708155e-01  5.78218403e-01  5.93173106e-01  6.07906937e-01
  6.17277265e-01  6.80280800e-01  6.86520013e-01  6.92892329e-01
  7.06649005e-01  7.31318631e-01  7.65248123e-01  7.72220535e-01
  7.81606726e-01  7.85215297e-01  8.09191910e-01  8.10479821e-01
  8.22205584e-01  8.81436197e-01  8.94857193e-01  8.98513575e-01
  9.20054580e-01  9.58062400e-01  9.63517782e-01  1.01658841e+00
  1.04077811e+00  1.04218453e+00  1.11504455e+00  1.12028991e+00
  1.13539932e+00  1.17179025e+00  1.21157618e+00  1.22746838e+00
  1.24650402e+00  1.25071954e+00  1.26171781e+00  1.26179622e+00
  1.26626825e+00  1.28327699e+00  1.31472446e+00  1.35178432e+00
  1.40766747e+00  1.41525641e+00  1.42601256e+00  1.49723479e+00
  1.54234753e+00  1.55279250e+00  1.63350624e+00  1.67553715e+00
  1.68719628e+00  1.68865640e+00  1.70461706e+00  1.71283271e+00
  1.76996199e+00  1.77526089e+00  1.80094747e+00  1.83164653e+00
  1.85079595e+00  1.88897863e+00  1.92196377e+00  1.94172900e+00
  1.96008978e+00  2.01714110e+00  2.02412421e+00  2.03246784e+00
  2.03986525e+00  2.11031268e+00  2.13593842e+00  2.14558649e+00
  2.16817137e+00  2.17537197e+00  2.19457893e+00  2.22713090e+00
  2.23135643e+00  2.26724300e+00  2.31662732e+00  2.33337113e+00
  2.35913831e+00  2.44932425e+00  2.45915100e+00  2.49351194e+00
  2.57714327e+00  2.59343408e+00  2.59576910e+00  2.64303656e+00
  2.67191056e+00  2.68472647e+00  2.68854570e+00  2.73479674e+00
  2.73526709e+00  2.74063936e+00  2.85103933e+00  2.86311537e+00
  2.87173450e+00  2.88894093e+00  2.89557232e+00  2.90207225e+00
  2.90883051e+00  2.95263353e+00  2.95887585e+00  2.95955433e+00
  2.96865768e+00  3.03502971e+00  3.08699338e+00  3.11065782e+00
  3.11250702e+00  3.21286775e+00  3.26543266e+00  3.29716954e+00
  3.30059806e+00  3.31770247e+00  3.33772349e+00  3.33794212e+00
  3.57716363e+00  3.72841301e+00  3.80878079e+00  3.85045499e+00
  3.98422867e+00  4.00153102e+00  4.10353156e+00  4.15207019e+00
  4.19026153e+00  4.30453158e+00  4.36660740e+00  4.41086734e+00
  4.44379046e+00  4.79975698e+00  4.92137596e+00  5.68496131e+00
  1.02757738e+01  2.47582465e+01  2.50162400e+01  2.50469208e+01
  2.51513831e+01  2.52466850e+01  2.53070606e+01  2.63779884e+01
  2.63846470e+01  2.67254628e+01  3.70317223e+01  2.19094561e+02]
E1 = -1769.3539804651198  E_coul = 646.7820328482982
cycle= 12 E= -745.831375159837  delta_E= -3.37e-10  |g|= 7.51e-06  |ddm|= 4.1e-05
    CPU time for cycle= 12      1.63 sec, wall time      0.06 sec
  HOMO = -0.3569792465667  LUMO = 0.068952415365738
  mo_energy =
[-1.04718641e+02 -1.56182007e+01 -1.13281472e+01 -1.13177435e+01
 -1.13173893e+01 -1.12964251e+01 -1.12782130e+01 -1.12781410e+01
 -1.04435772e+01 -7.91099681e+00 -7.90967880e+00 -7.90967016e+00
 -1.32368348e+00 -1.13821610e+00 -1.08464971e+00 -1.00545122e+00
 -9.26962170e-01 -9.09150083e-01 -8.99408385e-01 -7.69251289e-01
 -7.13639555e-01 -6.95247350e-01 -6.49828197e-01 -6.45527025e-01
 -6.33372752e-01 -6.23399600e-01 -5.91809401e-01 -5.65617940e-01
 -4.95432522e-01 -4.31190477e-01 -3.91172989e-01 -3.60929105e-01
 -3.57215336e-01 -3.56979247e-01  6.89524154e-02  8.72154381e-02
  1.15902869e-01  1.43226965e-01  1.49959241e-01  1.62626534e-01
  1.82735748e-01  1.83759450e-01  2.21396307e-01  2.24849324e-01
  2.61080505e-01  2.98221792e-01  3.55837486e-01  3.85155479e-01
  3.98206057e-01  4.14257921e-01  4.26464464e-01  4.30275752e-01
  4.42169866e-01  4.71175500e-01  4.78132399e-01  5.09591254e-01
  5.23616380e-01  5.30089209e-01  5.32727700e-01  5.59844506e-01
  5.71707550e-01  5.78218360e-01  5.93172940e-01  6.07906492e-01
  6.17276983e-01  6.80280161e-01  6.86519977e-01  6.92892218e-01
  7.06649256e-01  7.31318112e-01  7.65247494e-01  7.72220355e-01
  7.81606356e-01  7.85214299e-01  8.09191623e-01  8.10479499e-01
  8.22205185e-01  8.81435909e-01  8.94856828e-01  8.98513302e-01
  9.20053900e-01  9.58062095e-01  9.63517320e-01  1.01658773e+00
  1.04077800e+00  1.04218486e+00  1.11504430e+00  1.12028945e+00
  1.13539900e+00  1.17178976e+00  1.21157600e+00  1.22746800e+00
  1.24650439e+00  1.25071904e+00  1.26171857e+00  1.26179682e+00
  1.26626879e+00  1.28327696e+00  1.31472418e+00  1.35178375e+00
  1.40766763e+00  1.41525592e+00  1.42601226e+00  1.49723469e+00
  1.54234734e+00  1.55279227e+00  1.63350544e+00  1.67553682e+00
  1.68719548e+00  1.68865599e+00  1.70461635e+00  1.71283219e+00
  1.76996154e+00  1.77526049e+00  1.80094706e+00  1.83164632e+00
  1.85079587e+00  1.88897849e+00  1.92196352e+00  1.94172878e+00
  1.96008989e+00  2.01714109e+00  2.02412407e+00  2.03246748e+00
  2.03986480e+00  2.11031188e+00  2.13593830e+00  2.14558596e+00
  2.16817081e+00  2.17537140e+00  2.19457880e+00  2.22712992e+00
  2.23135590e+00  2.26724210e+00  2.31662720e+00  2.33337067e+00
  2.35913808e+00  2.44932429e+00  2.45915022e+00  2.49351184e+00
  2.57714266e+00  2.59343481e+00  2.59576982e+00  2.64303667e+00
  2.67191044e+00  2.68472604e+00  2.68854546e+00  2.73479602e+00
  2.73526654e+00  2.74063895e+00  2.85103940e+00  2.86311502e+00
  2.87173460e+00  2.88894093e+00  2.89557185e+00  2.90207218e+00
  2.90883023e+00  2.95263299e+00  2.95887455e+00  2.95955363e+00
  2.96865695e+00  3.03502951e+00  3.08699282e+00  3.11065782e+00
  3.11250678e+00  3.21286828e+00  3.26543175e+00  3.29716890e+00
  3.30059770e+00  3.31770183e+00  3.33772282e+00  3.33794182e+00
  3.57716300e+00  3.72841324e+00  3.80878049e+00  3.85045402e+00
  3.98422826e+00  4.00153123e+00  4.10353008e+00  4.15206902e+00
  4.19026206e+00  4.30453032e+00  4.36660727e+00  4.41086683e+00
  4.44379040e+00  4.79975634e+00  4.92137486e+00  5.68496069e+00
  1.02757749e+01  2.47582465e+01  2.50162371e+01  2.50469224e+01
  2.51513834e+01  2.52466859e+01  2.53070598e+01  2.63779892e+01
  2.63846479e+01  2.67254640e+01  3.70317203e+01  2.19094562e+02]
E1 = -1769.3539876510472  E_coul = 646.7820400341895
Extra cycle  E= -745.831375159873  delta_E= -3.62e-11  |g|= 3.93e-06  |ddm|= 1.13e-05
    CPU time for scf_cycle     34.80 sec, wall time      1.31 sec
    CPU time for SCF     34.80 sec, wall time      1.31 sec
converged SCF energy = -745.831375159873
Converting <class 'pyscf.scf.hf.RHF'> to RHF


******** <class 'pyscf.tdscf.rhf.TDA'> for <class 'pyscf.scf.hf.RHF'> ********
nstates = 5 singlet
wfnsym = None
conv_tol = 1e-09
eigh lindep = 1e-12
eigh level_shift = 0
eigh max_space = 8
eigh max_cycle = 2000
chkfile = /scratch/global/yangjunjie/tmpchib0mk2
max_memory 127949 MB (current use 1742 MB)


davidson 0 5  |r|= 0.0757  e= [0.30605314 0.33467813 0.3349297  0.35199652 0.35225714]  max|de|= 0.352  lindep=    1
davidson 1 10  |r|= 0.0642  e= [0.24684126 0.33290487 0.33365381 0.34948627 0.35107997]  max|de|= -0.0592  lindep= 0.929
Old state -> New state
    3     ->     1 
    3     ->     2 
    2     ->     3 
    1     ->     4 
davidson 2 15  |r|= 0.163  e= [0.23756324 0.27660621 0.29967983 0.33362203 0.33445749]  max|de|= -0.0729  lindep= 0.923
davidson 3 20  |r|= 0.0606  e= [0.23728603 0.23912452 0.25436454 0.33361546 0.33362543]  max|de|= -0.0453  lindep= 0.87
davidson 4 5  |r|= 0.0606  e= [0.23728603 0.23912452 0.25436454 0.33361546 0.33362543]  max|de|= -2.78e-16  lindep= 0.994
Old state -> New state
    1     ->     0 
    0     ->     1 
    4     ->     3 
    3     ->     4 
davidson 5 10  |r|= 0.0387  e= [0.23455819 0.23723863 0.24879503 0.33345523 0.3336127 ]  max|de|= -0.00557  lindep= 0.787
Old state -> New state
    4     ->     3 
    3     ->     4 
davidson 6 15  |r|= 0.121  e= [0.23345615 0.23721795 0.24697658 0.29431775 0.33260999]  max|de|= -0.0393  lindep= 0.865
davidson 7 20  |r|= 0.144  e= [0.23317793 0.23720543 0.24657454 0.25835509 0.31457076]  max|de|= -0.036  lindep= 0.852
davidson 8 5  |r|= 0.144  e= [0.23317793 0.23720543 0.24657454 0.25835509 0.31457076]  max|de|= 2.78e-16  lindep= 0.99
davidson 9 10  |r|= 0.0917  e= [0.23314833 0.23719675 0.24650384 0.25105445 0.30026824]  max|de|= -0.0143  lindep= 0.794
davidson 10 15  |r|= 0.0861  e= [0.23314189 0.23719024 0.24646831 0.24809056 0.28532678]  max|de|= -0.0149  lindep= 0.883
davidson 11 20  |r|= 0.04  e= [0.23314082 0.23718898 0.2464606  0.24752039 0.27949383]  max|de|= -0.00583  lindep= 0.893
davidson 12 5  |r|= 0.04  e= [0.23314082 0.23718898 0.2464606  0.24752039 0.27949383]  max|de|= 4.16e-16  lindep= 0.997
davidson 13 10  |r|= 0.02  e= [0.23314055 0.23718874 0.2464596  0.24740125 0.27869029]  max|de|= -0.000804  lindep= 0.881
davidson 14 15  |r|= 0.099  e= [0.23314018 0.23718867 0.24645907 0.24735945 0.26377187]  max|de|= -0.0149  lindep= 0.91
davidson 15 20  |r|= 0.0346  e= [0.2331399  0.23718866 0.24645804 0.24734894 0.24929959]  max|de|= -0.0145  lindep= 0.896
davidson 16 5  |r|= 0.0346  e= [0.2331399  0.23718866 0.24645804 0.24734894 0.24929959]  max|de|= 2.22e-16  lindep= 0.997
davidson 17 10  |r|= 0.0146  e= [0.23313985 0.23718865 0.24645681 0.24734493 0.24782066]  max|de|= -0.00148  lindep= 0.898
davidson 18 15  |r|= 0.0042  e= [0.23313985 0.23718865 0.24645626 0.24734233 0.24756047]  max|de|= -0.00026  lindep= 0.829
root 0 converged  |r|= 1.24e-05  e= 0.23313984469287838  max|de|= -9.53e-10
root 1 converged  |r|= 8.4e-06  e= 0.23718864833689898  max|de|= -5.61e-10
davidson 19 20  |r|= 0.00266  e= [0.23313984 0.23718865 0.24645616 0.24734147 0.24752535]  max|de|= -3.51e-05  lindep= 0.907
davidson 20 5  |r|= 0.00266  e= [0.23313984 0.23718865 0.24645616 0.24734147 0.24752535]  max|de|= -3.89e-16  lindep= 0.996
davidson 21 8  |r|= 0.000996  e= [0.23313984 0.23718865 0.24645614 0.24734122 0.24751848]  max|de|= -6.87e-06  lindep= 0.929
davidson 22 11  |r|= 0.00055  e= [0.23313984 0.23718865 0.24645614 0.24734111 0.24751624]  max|de|= -2.24e-06  lindep= 0.877
davidson 23 14  |r|= 0.000282  e= [0.23313984 0.23718865 0.24645614 0.24734109 0.24751572]  max|de|= -5.22e-07  lindep= 0.872
root 2 converged  |r|= 6.27e-06  e= 0.24645613606802497  max|de|= -3.69e-10
davidson 24 17  |r|= 0.000122  e= [0.23313984 0.23718865 0.24645614 0.24734107 0.24751558]  max|de|= -1.38e-07  lindep= 0.941
davidson 25 5  |r|= 0.000122  e= [0.23313984 0.23718865 0.24645614 0.24734107 0.24751558]  max|de|= 3.05e-16  lindep= 0.999
davidson 26 7  |r|= 0.00011  e= [0.23313984 0.23718865 0.24645614 0.24734107 0.24751555]  max|de|= -3.14e-08  lindep= 0.918
root 3 converged  |r|= 7.52e-06  e= 0.2473410673832185  max|de|= -4.71e-10
davidson 27 9  |r|= 7.9e-05  e= [0.23313984 0.23718865 0.24645614 0.24734107 0.24751552]  max|de|= -2.93e-08  lindep= 0.945
davidson 28 10  |r|= 4.58e-05  e= [0.23313984 0.23718865 0.24645614 0.24734107 0.24751551]  max|de|= -1.19e-08  lindep= 0.937
davidson 29 11  |r|= 2.29e-05  e= [0.23313984 0.23718865 0.24645614 0.24734107 0.2475155 ]  max|de|= -2.83e-09  lindep= 0.951
root 4 converged  |r|= 1.09e-05  e= 0.24751550416688045  max|de|= -7.46e-10
converged 30 12  |r|= 1.09e-05  e= [0.23313984 0.23718865 0.24645614 0.24734107 0.2475155 ]  max|de|= -7.46e-10
    CPU time for TDA    245.60 sec, wall time      8.82 sec
Excited State energies (eV)
[6.3440583  6.45423186 6.70641305 6.73049326 6.73523993]
