 
:: initializing oneAPI environment ...
   slurm_script: BASH_VERSION = 4.2.46(1)-release
   args: Using "$@" for setvars.sh arguments: --force
:: advisor -- latest
:: ccl -- latest
:: clck -- latest
:: compiler -- latest
:: dal -- latest
:: debugger -- latest
:: dev-utilities -- latest
:: dnnl -- latest
:: dpcpp-ct -- latest
:: dpl -- latest
:: inspector -- latest
:: intelpython -- latest
:: ipp -- latest
:: ippcp -- latest
:: ipp -- latest
:: itac -- latest
:: mkl -- latest
:: mpi -- latest
:: tbb -- latest
:: vpl -- latest
:: vtune -- latest
:: oneAPI environment initialized ::
 
SLURM_CPUS_PER_TASK = 28
SLURM_MEM_PER_NODE = 127949
#INFO: **** input file is /home/yangjunjie/work/py-ch3-cl/work/scan-20/main.py ****
import sys
import pyscf
from pyscf import tdscf

def main(xyz_file, basis="631g*", xc="b3lyp", output="ene.out"):
    xyz = None

    with open(xyz_file, "r") as xyz:
        xyz = xyz.readlines()[2:]
        xyz = "".join(xyz)

    mol = pyscf.gto.Mole()
    mol.atom = xyz
    mol.basis = basis
    mol.verbose = 5
    mol.build()

    if xc is not None and xc != "hf":
        mf = pyscf.scf.RKS(mol)
        mf.xc = xc
        mf.grids.level = 9
        mf.kernel()
    else:
        mf = pyscf.scf.RHF(mol)
        mf.kernel()

    ene_mf = mf.e_tot

    with open(output, "w") as f:
        tda = pyscf.tdscf.TDA(mf)
        tda.nstates = 5
        tda.max_space = 8
        tda.max_cycle = 2000
        tda.kernel()

        con_tda = tda.converged
        ene_tda = tda.e[:5]
        dip_tda = tda.transition_dipole()[:5]

        f.write(f"RKS energy: {ene_mf: 12.8f}\n")
        f.write("TDA results:\n")
        for i, (con, ene, dip) in enumerate(zip(con_tda, ene_tda, dip_tda)):
            f.write(f" {i:2d} {con} {ene: 12.8f} {dip[0]: 12.8f} {dip[1]: 12.8f} {dip[2]: 12.8f}\n")

        # rpa = pyscf.tdscf.RPA(mf)
        # rpa.nstates = 5
        # rpa.max_space = 8
        # rpa.max_cycle = 2000
        # rpa.kernel()

        # con_rpa = rpa.converged
        # ene_rpa = rpa.e[:5]
        # dip_rpa = rpa.transition_dipole()[:5]
        
        # f.write("\nRPA results:\n")
        # for i, (con, ene, dip) in enumerate(zip(con_rpa, ene_rpa, dip_rpa)):
        #     f.write(f" {i:2d} {con} {ene: 12.8f} {dip[0]: 12.8f} {dip[1]: 12.8f} {dip[2]: 12.8f}\n")

if __name__ == "__main__":
    xyz = sys.argv[1]
    main(xyz, basis="6-311g**", xc=None, output="out.log")
#INFO: ******************** input file end ********************


System: uname_result(system='Linux', node='pauling049', release='3.10.0-327.36.3.el7.x86_64', version='#1 SMP Thu Oct 20 04:56:07 EDT 2016', machine='x86_64')  Threads 28
Python 3.9.7 (default, Oct 27 2021, 01:23:21) 
[GCC 9.3.0]
numpy 1.21.2  scipy 1.6.2
Date: Tue Oct  4 15:30:37 2022
PySCF version 2.0.1
PySCF path  /home/yangjunjie/packages/pyscf/pyscf-main
GIT ORIG_HEAD 14b880cdc4bf7bb64f3989a147c0b04622efc498
GIT HEAD (branch master) 9d5b5bd309d1cc55fbd1a0ec76e26b5b0c7f76af

[ENV] PYSCF_MAX_MEMORY 127949
[ENV] PYSCF_TMPDIR /scratch/global/yangjunjie/
[CONFIG] conf_file /home/yangjunjie/.pyscf_conf.py
[INPUT] verbose = 5
[INPUT] max_memory = 127949 
[INPUT] num. atoms = 16
[INPUT] num. electrons = 68
[INPUT] charge = 0
[INPUT] spin (= nelec alpha-beta = 2S) = 0
[INPUT] symmetry False subgroup None
[INPUT] Mole.unit = angstrom
[INPUT]  1 C      0.000000590000   1.154612230000   1.098930040000 AA    0.000001114938   2.181900894773   2.076676805657 Bohr
[INPUT]  2 C      0.000000500000   1.182313880000   2.481379290000 AA    0.000000944863   2.234249426472   4.689127269268 Bohr
[INPUT]  3 C      0.000000000000  -0.023009710000   3.159338920000 AA    0.000000000000  -0.043482050106   5.970285293479 Bohr
[INPUT]  4 C     -0.000000490000  -1.198042490000   2.429392840000 AA   -0.000000925966  -2.263972191692   4.590887116579 Bohr
[INPUT]  5 C     -0.000000560000  -1.109857010000   1.049970800000 AA   -0.000001058247  -2.097325786329   1.984157250790 Bohr
[INPUT]  6 N     -0.000000020000   0.037463840000   0.393553860000 AA   -0.000000037795   0.070796397175   0.743709010665 Bohr
[INPUT]  7 C     -0.000000010000   0.002223370000  -1.854166910000 AA   -0.000000018897   0.004201560374  -3.503867649131 Bohr
[INPUT]  8 H      0.000001150000   2.074516480000   0.538914420000 AA    0.000002173185   3.920267988097   1.018400658379 Bohr
[INPUT]  9 H      0.000000790000   2.120330180000   3.003930440000 AA    0.000001492884   4.006843333850   5.676605828844 Bohr
[INPUT] 10 H     -0.000000120000  -0.046424100000   4.234293190000 AA   -0.000000226767  -0.087728834579   8.001654460211 Bohr
[INPUT] 11 H     -0.000000790000  -2.157917230000   2.910601420000 AA   -0.000001492884  -4.077872564180   5.500239541570 Bohr
[INPUT] 12 H     -0.000001070000  -2.003700090000   0.448773930000 AA   -0.000002022007  -3.786444405866   0.848059819545 Bohr
[INPUT] 13 H     -0.000003400000   1.061385020000  -1.739592320000 AA   -0.000006425069   2.005727000516  -3.287353053197 Bohr
[INPUT] 14 H     -0.916162500000  -0.518085650000  -1.698300040000 AA   -1.731296210597  -0.979039987567  -3.209321952938 Bohr
[INPUT] 15 H      0.916165690000  -0.518079950000  -1.698299960000 AA    1.731302238823  -0.979029216128  -3.209321801760 Bohr
[INPUT] 16 Cl     0.000000150000  -0.049466180000  -3.984974430000 AA    0.000000283459  -0.093477532628  -7.530510286095 Bohr
[INPUT] ---------------- BASIS SET ---------------- 
[INPUT] l, kappa, [nprim/nctr], expnt,             c_1 c_2 ...
[INPUT] Cl
[INPUT] 0    0    [6    /1   ]  105819            0.000738
                                15872             0.005718
                                3619.65           0.029495
                                1030.8            0.117286
                                339.908           0.362949
                                124.538           0.584149
[INPUT] 0    0    [3    /1   ]  124.538           0.134177
                                49.5135           0.62425
                                20.8056           0.291756
[INPUT] 0    0    [1    /1   ]  6.58346              1
[INPUT] 0    0    [1    /1   ]  2.56468              1
[INPUT] 0    0    [1    /1   ]  0.559763             1
[INPUT] 0    0    [1    /1   ]  0.183273             1
[INPUT] 1    0    [5    /1   ]  589.776           0.002391
                                139.849           0.018504
                                45.1413           0.081377
                                16.8733           0.221552
                                6.7411            0.772569
[INPUT] 1    0    [2    /1   ]  6.7411            -1.572244
                                2.77152           0.992389
[INPUT] 1    0    [1    /1   ]  1.02387              1
[INPUT] 1    0    [1    /1   ]  0.381368             1
[INPUT] 1    0    [1    /1   ]  0.109437             1
[INPUT] 2    0    [1    /1   ]  0.75                 1
[INPUT] C
[INPUT] 0    0    [6    /1   ]  4563.24           0.00196665
                                682.024           0.0152306
                                154.973           0.0761269
                                44.4553           0.260801
                                13.029            0.616462
                                1.82773           0.221006
[INPUT] 0    0    [3    /1   ]  20.9642           0.11466
                                4.80331           0.919999
                                1.45933           -0.00303068
[INPUT] 0    0    [1    /1   ]  0.483456             1
[INPUT] 0    0    [1    /1   ]  0.145585             1
[INPUT] 1    0    [3    /1   ]  20.9642           0.0402487
                                4.80331           0.237594
                                1.45933           0.815854
[INPUT] 1    0    [1    /1   ]  0.483456             1
[INPUT] 1    0    [1    /1   ]  0.145585             1
[INPUT] 2    0    [1    /1   ]  0.626                1
[INPUT] N
[INPUT] 0    0    [6    /1   ]  6293.48           0.00196979
                                949.044           0.0149613
                                218.776           0.0735006
                                63.6916           0.248937
                                18.8282           0.60246
                                2.72023           0.256202
[INPUT] 0    0    [3    /1   ]  30.6331           0.111906
                                7.02614           0.921666
                                2.11205           -0.00256919
[INPUT] 0    0    [1    /1   ]  0.684009             1
[INPUT] 0    0    [1    /1   ]  0.200878             1
[INPUT] 1    0    [3    /1   ]  30.6331           0.0383119
                                7.02614           0.237403
                                2.11205           0.817592
[INPUT] 1    0    [1    /1   ]  0.684009             1
[INPUT] 1    0    [1    /1   ]  0.200878             1
[INPUT] 2    0    [1    /1   ]  0.913                1
[INPUT] H
[INPUT] 0    0    [3    /1   ]  33.865            0.0254938
                                5.09479           0.190373
                                1.15879           0.852161
[INPUT] 0    0    [1    /1   ]  0.32584              1
[INPUT] 0    0    [1    /1   ]  0.102741             1
[INPUT] 1    0    [1    /1   ]  0.75                 1

nuclear repulsion = 377.359570153796
number of shells = 100
number of NR pGTOs = 329
number of NR cGTOs = 200
basis = 6-311g**
ecp = {}
CPU time:         0.41


******** <class 'pyscf.scf.hf.RHF'> ********
method = RHF
initial guess = minao
damping factor = 0
level_shift factor = 0
DIIS = <class 'pyscf.scf.diis.CDIIS'>
diis_start_cycle = 1
diis_space = 8
SCF conv_tol = 1e-09
SCF conv_tol_grad = None
SCF max_cycles = 50
direct_scf = True
direct_scf_tol = 1e-13
chkfile to save SCF result = /scratch/global/yangjunjie/tmpzsmhxf6r
max_memory 127949 MB (current use 82 MB)
Set gradient conv threshold to 3.16228e-05
E1 = -1768.4829533766629  E_coul = 643.608006241805
init E= -747.515376981062
cond(S) = 13767.190020070146
    CPU time for initialize scf     14.43 sec, wall time      0.59 sec
  HOMO = -0.249234186160371  LUMO = 0.013891658482558
  mo_energy =
[-1.04817217e+02 -1.56258425e+01 -1.13276717e+01 -1.13239196e+01
 -1.13214135e+01 -1.13188291e+01 -1.13184059e+01 -1.13139938e+01
 -1.06122005e+01 -8.07041255e+00 -8.06994488e+00 -8.06994205e+00
 -1.76181435e+00 -1.40920286e+00 -1.32800805e+00 -1.25766792e+00
 -1.04038092e+00 -9.43266540e-01 -9.26133983e-01 -6.89286686e-01
 -5.96768822e-01 -5.55383374e-01 -5.36661827e-01 -5.22601394e-01
 -5.01888192e-01 -4.80336982e-01 -4.76507687e-01 -4.28624981e-01
 -4.07525668e-01 -4.06463885e-01 -3.62742588e-01 -3.05100316e-01
 -2.63392891e-01 -2.49234186e-01  1.38916585e-02  2.45946493e-02
  4.48830985e-02  1.16293760e-01  1.34388704e-01  1.61035495e-01
  1.82727931e-01  1.87002517e-01  2.09113118e-01  2.17838360e-01
  2.36553162e-01  2.51957720e-01  3.26663666e-01  3.71448761e-01
  3.74402547e-01  3.93121984e-01  4.04224221e-01  4.07598546e-01
  4.14813649e-01  4.24995340e-01  4.30878265e-01  4.34414727e-01
  5.06423914e-01  5.12661221e-01  5.33827061e-01  5.38798013e-01
  5.59774448e-01  5.80048700e-01  5.89169582e-01  5.90843136e-01
  6.19295739e-01  6.36614230e-01  6.72518511e-01  6.80162425e-01
  7.03347193e-01  7.16680961e-01  7.47190079e-01  7.56119880e-01
  7.61597096e-01  7.65099022e-01  7.98931659e-01  8.03030181e-01
  8.14588680e-01  8.61345785e-01  8.84267535e-01  8.89848471e-01
  9.01360487e-01  9.25864708e-01  9.35485765e-01  9.64189353e-01
  9.74302331e-01  1.02963878e+00  1.06431475e+00  1.09838997e+00
  1.10291615e+00  1.10656693e+00  1.10940031e+00  1.13395337e+00
  1.14631810e+00  1.17021010e+00  1.18560340e+00  1.23136885e+00
  1.23267396e+00  1.29111283e+00  1.32357139e+00  1.33367819e+00
  1.35504374e+00  1.38419608e+00  1.41939671e+00  1.47926931e+00
  1.52912467e+00  1.55319632e+00  1.63011864e+00  1.66901148e+00
  1.68555353e+00  1.68948124e+00  1.70256244e+00  1.72463381e+00
  1.77040839e+00  1.77686270e+00  1.81220253e+00  1.82955327e+00
  1.84021066e+00  1.87623737e+00  1.91839950e+00  1.94784571e+00
  1.95840839e+00  2.02048853e+00  2.02392435e+00  2.03429161e+00
  2.03613874e+00  2.03785873e+00  2.08793134e+00  2.14264057e+00
  2.15737123e+00  2.15904620e+00  2.18818103e+00  2.22066094e+00
  2.27325689e+00  2.29236930e+00  2.30430448e+00  2.32436099e+00
  2.35517653e+00  2.43926412e+00  2.45386483e+00  2.46187351e+00
  2.46355068e+00  2.47610855e+00  2.56793437e+00  2.61291712e+00
  2.64432370e+00  2.66437475e+00  2.68994282e+00  2.72006831e+00
  2.72402213e+00  2.73166901e+00  2.80421425e+00  2.85520075e+00
  2.86226040e+00  2.88975487e+00  2.89507850e+00  2.90243031e+00
  2.90939937e+00  2.92521670e+00  2.94094771e+00  2.94270875e+00
  2.95825207e+00  3.02140934e+00  3.07280369e+00  3.09999237e+00
  3.11356263e+00  3.21137845e+00  3.24815632e+00  3.28493320e+00
  3.29523127e+00  3.30032876e+00  3.32793840e+00  3.32869296e+00
  3.54422385e+00  3.70359885e+00  3.78241977e+00  3.82473107e+00
  3.95965032e+00  3.99279756e+00  4.07988260e+00  4.11566468e+00
  4.17411667e+00  4.29301137e+00  4.35039250e+00  4.39555668e+00
  4.43049310e+00  4.77682891e+00  4.90948905e+00  5.66266906e+00
  1.01297738e+01  2.47475308e+01  2.50376740e+01  2.50417287e+01
  2.51516974e+01  2.52322281e+01  2.52856998e+01  2.62258496e+01
  2.62329044e+01  2.66892785e+01  3.70334363e+01  2.19022336e+02]
E1 = -1769.5082539267905  E_coul = 646.437297269686
cycle= 1 E= -745.711386503308  delta_E=  1.8  |g|= 0.59  |ddm|= 3.15
    CPU time for cycle= 1      1.65 sec, wall time      0.06 sec
  HOMO = -0.311495494105452  LUMO = 0.0248597293356894
  mo_energy =
[-1.04556371e+02 -1.56749891e+01 -1.14627045e+01 -1.14262710e+01
 -1.14261754e+01 -1.13656326e+01 -1.13333997e+01 -1.13332097e+01
 -1.03101196e+01 -7.77530834e+00 -7.77302641e+00 -7.77301799e+00
 -1.38310053e+00 -1.18718291e+00 -1.14005115e+00 -1.05229593e+00
 -9.55219564e-01 -9.50380685e-01 -8.89437211e-01 -8.06391211e-01
 -7.54516387e-01 -7.25783468e-01 -6.83407694e-01 -6.81767515e-01
 -6.69865726e-01 -6.51646595e-01 -6.40136459e-01 -5.92565852e-01
 -5.15594919e-01 -4.75177023e-01 -4.36291278e-01 -3.59417995e-01
 -3.11739666e-01 -3.11495494e-01  2.48597293e-02  4.57174101e-02
  9.87580506e-02  1.29128603e-01  1.37822331e-01  1.41814914e-01
  1.69225096e-01  1.70605165e-01  2.06094311e-01  2.10408426e-01
  2.46418190e-01  2.58130969e-01  3.20378770e-01  3.55943429e-01
  3.72964828e-01  3.83772704e-01  4.01408508e-01  4.10700837e-01
  4.15404067e-01  4.59256748e-01  4.91570922e-01  4.96579734e-01
  4.98466865e-01  4.99551874e-01  5.30283245e-01  5.41325061e-01
  5.45324764e-01  5.48215654e-01  5.72787751e-01  5.80275081e-01
  5.86930148e-01  6.49099449e-01  6.52804915e-01  6.64228206e-01
  6.74147905e-01  7.01106615e-01  7.28397276e-01  7.34041972e-01
  7.47481902e-01  7.51836690e-01  7.77782599e-01  7.83288055e-01
  7.90488081e-01  8.50913703e-01  8.63234244e-01  8.64076505e-01
  8.86844105e-01  9.24674411e-01  9.63089823e-01  9.72217179e-01
  1.00394333e+00  1.03012039e+00  1.08801870e+00  1.09571724e+00
  1.10132132e+00  1.14467840e+00  1.17718039e+00  1.18355878e+00
  1.19992579e+00  1.22187159e+00  1.24600679e+00  1.26474195e+00
  1.27619599e+00  1.32810831e+00  1.32926209e+00  1.36407937e+00
  1.38057249e+00  1.39994029e+00  1.40193972e+00  1.48689169e+00
  1.49492868e+00  1.51600785e+00  1.60727633e+00  1.63379980e+00
  1.64807039e+00  1.66102585e+00  1.67719984e+00  1.68043833e+00
  1.73599197e+00  1.74420973e+00  1.78459670e+00  1.79272740e+00
  1.80492365e+00  1.84315443e+00  1.91077447e+00  1.91235508e+00
  1.91611926e+00  1.98239878e+00  1.98965184e+00  1.99880511e+00
  2.00571504e+00  2.01645769e+00  2.06546271e+00  2.10542368e+00
  2.13204683e+00  2.15025320e+00  2.15026964e+00  2.19403325e+00
  2.25483854e+00  2.26761243e+00  2.28312323e+00  2.29348489e+00
  2.31541279e+00  2.39666717e+00  2.42410041e+00  2.45566076e+00
  2.54116323e+00  2.60505886e+00  2.63232485e+00  2.64895099e+00
  2.66929454e+00  2.66960643e+00  2.67911927e+00  2.69112532e+00
  2.69580050e+00  2.70289281e+00  2.81301893e+00  2.82084978e+00
  2.83331323e+00  2.85152736e+00  2.86454575e+00  2.87469986e+00
  2.87784632e+00  2.87989596e+00  2.89651043e+00  2.90459846e+00
  2.92673905e+00  2.98659247e+00  3.04361087e+00  3.05263488e+00
  3.06404028e+00  3.15454358e+00  3.21941828e+00  3.24648527e+00
  3.26112026e+00  3.26536138e+00  3.29022505e+00  3.29900133e+00
  3.51885576e+00  3.66841977e+00  3.75037582e+00  3.80227944e+00
  3.92818951e+00  3.94274248e+00  4.03347375e+00  4.06740748e+00
  4.11762835e+00  4.25694957e+00  4.31949262e+00  4.36455116e+00
  4.39239256e+00  4.74630818e+00  4.87676707e+00  5.62281110e+00
  1.04093709e+01  2.46843115e+01  2.48850916e+01  2.49578196e+01
  2.50604049e+01  2.51733383e+01  2.52427119e+01  2.64966257e+01
  2.65036081e+01  2.69478489e+01  3.69731893e+01  2.19275998e+02]
E1 = -1770.937802841182  E_coul = 647.7538457126076
cycle= 2 E= -745.824386974778  delta_E= -0.113  |g|= 0.265  |ddm|= 0.859
    CPU time for cycle= 2      1.64 sec, wall time      0.06 sec
  HOMO = -0.376500389997488  LUMO = 0.08277004771826
  mo_energy =
[-1.04809715e+02 -1.55690186e+01 -1.12886008e+01 -1.12842957e+01
 -1.12837916e+01 -1.12666954e+01 -1.12665420e+01 -1.12568209e+01
 -1.05185383e+01 -7.98740244e+00 -7.98542210e+00 -7.98541261e+00
 -1.29257735e+00 -1.12584990e+00 -1.06747362e+00 -1.02885822e+00
 -9.18253765e-01 -8.90798812e-01 -8.87043350e-01 -7.54792245e-01
 -6.90004251e-01 -6.86056817e-01 -6.28843987e-01 -6.09406268e-01
 -6.05562189e-01 -6.01187945e-01 -5.71243373e-01 -5.47412255e-01
 -4.73032947e-01 -4.17449732e-01 -3.92227298e-01 -3.91547555e-01
 -3.82590741e-01 -3.76500390e-01  8.27700477e-02  1.01410407e-01
  1.23478984e-01  1.50138235e-01  1.55693743e-01  1.79611896e-01
  1.86576126e-01  1.89773443e-01  2.31727102e-01  2.32813295e-01
  2.70206689e-01  3.10379886e-01  3.64975019e-01  3.93362953e-01
  4.10609724e-01  4.20254679e-01  4.42085445e-01  4.45903422e-01
  4.54397640e-01  4.61241190e-01  4.73504507e-01  4.93407898e-01
  5.28693495e-01  5.39187185e-01  5.42150270e-01  5.59847547e-01
  5.80406093e-01  5.88523321e-01  5.97773282e-01  6.16976944e-01
  6.26464623e-01  6.98559311e-01  7.04284160e-01  7.14843519e-01
  7.21087525e-01  7.38369579e-01  7.75062104e-01  7.88174230e-01
  7.89048849e-01  8.11473671e-01  8.17570032e-01  8.26359352e-01
  8.40402831e-01  8.90155372e-01  8.96011428e-01  9.02157889e-01
  9.43822812e-01  9.75925757e-01  9.98756452e-01  1.02288447e+00
  1.03325945e+00  1.05718049e+00  1.10828612e+00  1.13638760e+00
  1.14426670e+00  1.17503199e+00  1.19848995e+00  1.21253631e+00
  1.21646527e+00  1.21656444e+00  1.22760954e+00  1.24215350e+00
  1.24761626e+00  1.29448446e+00  1.32565676e+00  1.38295636e+00
  1.41007661e+00  1.42461719e+00  1.42655362e+00  1.51325371e+00
  1.54859645e+00  1.56560602e+00  1.66365740e+00  1.68381796e+00
  1.70182411e+00  1.72163514e+00  1.73346971e+00  1.73680522e+00
  1.78061752e+00  1.79130112e+00  1.82542830e+00  1.84416341e+00
  1.85013904e+00  1.89721027e+00  1.94849829e+00  1.95491278e+00
  1.96900642e+00  2.02664096e+00  2.03114251e+00  2.04493022e+00
  2.05044557e+00  2.07130537e+00  2.12218495e+00  2.15069626e+00
  2.17690344e+00  2.19040590e+00  2.21114472e+00  2.24860164e+00
  2.31582550e+00  2.32456972e+00  2.34428852e+00  2.34589170e+00
  2.37216452e+00  2.46796349e+00  2.47290298e+00  2.50304698e+00
  2.56090524e+00  2.56149577e+00  2.58906765e+00  2.65230064e+00
  2.68241113e+00  2.69218653e+00  2.72326216e+00  2.73886970e+00
  2.75370978e+00  2.76217875e+00  2.85537197e+00  2.86383458e+00
  2.89503247e+00  2.89754681e+00  2.90093815e+00  2.90888489e+00
  2.91496998e+00  2.96791700e+00  2.97534926e+00  2.97607247e+00
  2.98851305e+00  3.05727116e+00  3.09830298e+00  3.12867446e+00
  3.13111585e+00  3.23339379e+00  3.28776577e+00  3.31626985e+00
  3.33794148e+00  3.34786190e+00  3.35185527e+00  3.37038708e+00
  3.58750236e+00  3.74496718e+00  3.81958487e+00  3.85699580e+00
  4.00098040e+00  4.02777571e+00  4.13277523e+00  4.16492330e+00
  4.20363702e+00  4.34357752e+00  4.37545624e+00  4.41523596e+00
  4.46166880e+00  4.81296555e+00  4.96407005e+00  5.71326472e+00
  1.02293009e+01  2.47765321e+01  2.50708863e+01  2.50838473e+01
  2.51726178e+01  2.52644865e+01  2.53182967e+01  2.63261261e+01
  2.63330853e+01  2.67742131e+01  3.70785732e+01  2.19028555e+02]
E1 = -1770.6847820254573  E_coul = 647.4829170294832
cycle= 3 E= -745.842294842178  delta_E= -0.0179  |g|= 0.0873  |ddm|= 0.297
    CPU time for cycle= 3      1.62 sec, wall time      0.06 sec
  HOMO = -0.376022815134348  LUMO = 0.0840089903770661
  mo_energy =
[-1.04752482e+02 -1.56074318e+01 -1.13128948e+01 -1.12997096e+01
 -1.12995850e+01 -1.12714794e+01 -1.12570693e+01 -1.12569821e+01
 -1.04790025e+01 -7.94649681e+00 -7.94468815e+00 -7.94468086e+00
 -1.30806109e+00 -1.12094126e+00 -1.06811108e+00 -1.02991476e+00
 -9.26550382e-01 -8.92860129e-01 -8.85485339e-01 -7.54526976e-01
 -6.96125961e-01 -6.80525531e-01 -6.33746718e-01 -6.30931608e-01
 -6.20667218e-01 -6.07208098e-01 -5.78260397e-01 -5.48794673e-01
 -4.84705370e-01 -4.16710915e-01 -3.94137529e-01 -3.85125174e-01
 -3.84681132e-01 -3.76022815e-01  8.40089904e-02  1.01283785e-01
  1.25577835e-01  1.50520761e-01  1.57915733e-01  1.72068754e-01
  1.89350955e-01  1.90765739e-01  2.24804077e-01  2.31222523e-01
  2.65553238e-01  3.11450343e-01  3.63427951e-01  3.99115506e-01
  4.10747990e-01  4.26699495e-01  4.35257184e-01  4.42056205e-01
  4.51849306e-01  4.59632724e-01  4.71939559e-01  4.93902217e-01
  5.27551694e-01  5.40676869e-01  5.42977879e-01  5.58273568e-01
  5.85195563e-01  5.89597586e-01  6.01575735e-01  6.19238025e-01
  6.26835242e-01  6.95540515e-01  6.97864537e-01  7.03573725e-01
  7.19422824e-01  7.43795479e-01  7.78750743e-01  7.81172605e-01
  7.93469858e-01  7.94788759e-01  8.22198530e-01  8.23983998e-01
  8.30307891e-01  8.89088383e-01  8.96308717e-01  9.07043564e-01
  9.30388915e-01  9.76428498e-01  9.89792069e-01  1.02631950e+00
  1.03501032e+00  1.05447955e+00  1.10111020e+00  1.13317793e+00
  1.14891562e+00  1.17838142e+00  1.20322257e+00  1.20859392e+00
  1.22344319e+00  1.23001421e+00  1.23567033e+00  1.24057743e+00
  1.24420395e+00  1.29883068e+00  1.33030105e+00  1.37303352e+00
  1.40982725e+00  1.41300924e+00  1.42293296e+00  1.50510390e+00
  1.54108255e+00  1.56044645e+00  1.65080273e+00  1.68663095e+00
  1.70189973e+00  1.70583849e+00  1.72264568e+00  1.73572916e+00
  1.78971299e+00  1.79238298e+00  1.83028500e+00  1.84644191e+00
  1.85257310e+00  1.89138305e+00  1.94537654e+00  1.95534637e+00
  1.97026297e+00  2.02973304e+00  2.03672243e+00  2.04700064e+00
  2.05290260e+00  2.05832318e+00  2.11118043e+00  2.15449598e+00
  2.18422854e+00  2.18750539e+00  2.21094310e+00  2.25137822e+00
  2.30044627e+00  2.31985687e+00  2.33044114e+00  2.34968283e+00
  2.37276615e+00  2.46239596e+00  2.47627753e+00  2.50429037e+00
  2.57423070e+00  2.57498609e+00  2.59410922e+00  2.65580674e+00
  2.68523879e+00  2.69148197e+00  2.71079049e+00  2.73939503e+00
  2.74759538e+00  2.75017398e+00  2.84845845e+00  2.86615766e+00
  2.88802298e+00  2.90180375e+00  2.90825244e+00  2.91398754e+00
  2.92105641e+00  2.95057837e+00  2.96444731e+00  2.97221179e+00
  2.98021155e+00  3.04782943e+00  3.10207034e+00  3.12685970e+00
  3.12964750e+00  3.22702307e+00  3.27334154e+00  3.31531987e+00
  3.32525900e+00  3.32985316e+00  3.35546309e+00  3.35624576e+00
  3.59137409e+00  3.74546553e+00  3.82377363e+00  3.86769895e+00
  3.99684602e+00  4.01480980e+00  4.10773256e+00  4.14175094e+00
  4.19438239e+00  4.31565251e+00  4.38183210e+00  4.42509508e+00
  4.46125671e+00  4.81426074e+00  4.94020001e+00  5.69355444e+00
  1.02611272e+01  2.47805540e+01  2.50297129e+01  2.50657232e+01
  2.51700547e+01  2.52640839e+01  2.53278860e+01  2.63556460e+01
  2.63626090e+01  2.68035155e+01  3.70408713e+01  2.19083613e+02]
E1 = -1770.7855491142368  E_coul = 647.5811211614825
cycle= 4 E= -745.844857798958  delta_E= -0.00256  |g|= 0.026  |ddm|= 0.131
    CPU time for cycle= 4      1.61 sec, wall time      0.06 sec
  HOMO = -0.378006005233521  LUMO = 0.0833469190160411
  mo_energy =
[-1.04750100e+02 -1.55889580e+01 -1.13104275e+01 -1.13020267e+01
 -1.13017887e+01 -1.12856068e+01 -1.12663840e+01 -1.12663258e+01
 -1.04759968e+01 -7.94352382e+00 -7.94174409e+00 -7.94173697e+00
 -1.30396265e+00 -1.12493852e+00 -1.06958972e+00 -1.02810394e+00
 -9.24578857e-01 -8.93170932e-01 -8.87974315e-01 -7.56127272e-01
 -6.98086870e-01 -6.82642266e-01 -6.34633246e-01 -6.29281375e-01
 -6.20376592e-01 -6.09869498e-01 -5.77054924e-01 -5.51600011e-01
 -4.82747789e-01 -4.17543013e-01 -3.92117777e-01 -3.83774237e-01
 -3.83361951e-01 -3.78006005e-01  8.33469190e-02  9.98262350e-02
  1.25868641e-01  1.50366726e-01  1.57809434e-01  1.74495373e-01
  1.89315243e-01  1.90396134e-01  2.25843378e-01  2.31585469e-01
  2.66229453e-01  3.10763448e-01  3.63630011e-01  3.97329568e-01
  4.10215192e-01  4.24319712e-01  4.36612366e-01  4.41534132e-01
  4.52138697e-01  4.60280539e-01  4.72428495e-01  4.94599044e-01
  5.27527838e-01  5.40357108e-01  5.40881655e-01  5.58242427e-01
  5.82676360e-01  5.88585332e-01  5.99786249e-01  6.17169470e-01
  6.25519690e-01  6.96800602e-01  6.96862263e-01  7.05166345e-01
  7.19367540e-01  7.40898824e-01  7.76505243e-01  7.81127376e-01
  7.92039988e-01  7.94892718e-01  8.20681141e-01  8.23264879e-01
  8.30499229e-01  8.89269469e-01  8.94730253e-01  9.04519100e-01
  9.35230720e-01  9.74161471e-01  9.91214899e-01  1.02546352e+00
  1.03389464e+00  1.05464441e+00  1.10159938e+00  1.13302411e+00
  1.14629291e+00  1.17722414e+00  1.20508835e+00  1.20983209e+00
  1.22555761e+00  1.23194296e+00  1.23677777e+00  1.24078750e+00
  1.24255508e+00  1.29647778e+00  1.32736640e+00  1.37493995e+00
  1.41063262e+00  1.41485908e+00  1.42325254e+00  1.50810268e+00
  1.54179391e+00  1.56068502e+00  1.65238032e+00  1.68432849e+00
  1.70027343e+00  1.70730314e+00  1.72327141e+00  1.73400795e+00
  1.78670528e+00  1.79022489e+00  1.82834071e+00  1.84457235e+00
  1.85142324e+00  1.89253554e+00  1.94665659e+00  1.95377020e+00
  1.96907991e+00  2.02878459e+00  2.03514830e+00  2.04616528e+00
  2.05187628e+00  2.05972935e+00  2.11245077e+00  2.15282303e+00
  2.18029045e+00  2.18717267e+00  2.20859904e+00  2.24791055e+00
  2.30202034e+00  2.31977165e+00  2.33159988e+00  2.34653821e+00
  2.37078602e+00  2.46196574e+00  2.47402434e+00  2.50470272e+00
  2.57611949e+00  2.57685090e+00  2.59232944e+00  2.65502658e+00
  2.68429008e+00  2.69195125e+00  2.71346726e+00  2.74128391e+00
  2.74428521e+00  2.75161373e+00  2.84979699e+00  2.86591005e+00
  2.88922592e+00  2.90115816e+00  2.90562887e+00  2.91355992e+00
  2.91902064e+00  2.95228187e+00  2.96603844e+00  2.96698580e+00
  2.97840061e+00  3.04986438e+00  3.09949986e+00  3.12372116e+00
  3.12696105e+00  3.22515968e+00  3.27543085e+00  3.31324754e+00
  3.32717864e+00  3.33137888e+00  3.35003519e+00  3.35757649e+00
  3.58602250e+00  3.74128290e+00  3.81882184e+00  3.86110971e+00
  3.99620598e+00  4.01725156e+00  4.10967770e+00  4.14388890e+00
  4.19547231e+00  4.32717996e+00  4.37799448e+00  4.42011669e+00
  4.45890121e+00  4.81093172e+00  4.94915209e+00  5.70038573e+00
  1.02638949e+01  2.47724524e+01  2.50321334e+01  2.50610255e+01
  2.51634312e+01  2.52576356e+01  2.53177723e+01  2.63583333e+01
  2.63652955e+01  2.68061169e+01  3.70588732e+01  2.19086039e+02]
E1 = -1770.7628550845343  E_coul = 647.5582201081561
cycle= 5 E= -745.845064822582  delta_E= -0.000207  |g|= 0.00845  |ddm|= 0.0251
    CPU time for cycle= 5      1.61 sec, wall time      0.06 sec
  HOMO = -0.377991718545566  LUMO = 0.0834009847361986
  mo_energy =
[-1.04752941e+02 -1.55945062e+01 -1.13088810e+01 -1.13033269e+01
 -1.13031293e+01 -1.12844222e+01 -1.12658656e+01 -1.12657804e+01
 -1.04773962e+01 -7.94503062e+00 -7.94325906e+00 -7.94325195e+00
 -1.30545005e+00 -1.12457784e+00 -1.06975651e+00 -1.02822257e+00
 -9.24633586e-01 -8.93760348e-01 -8.88008681e-01 -7.56373915e-01
 -6.98543103e-01 -6.82752454e-01 -6.34813638e-01 -6.29441699e-01
 -6.20495266e-01 -6.10240182e-01 -5.77315287e-01 -5.51821190e-01
 -4.83812065e-01 -4.17323608e-01 -3.93318627e-01 -3.84135014e-01
 -3.83717653e-01 -3.77991719e-01  8.34009847e-02  9.95613420e-02
  1.25971272e-01  1.50401293e-01  1.57825752e-01  1.74422554e-01
  1.89297700e-01  1.90422361e-01  2.25559064e-01  2.31519119e-01
  2.66043531e-01  3.10635964e-01  3.63285133e-01  3.97394164e-01
  4.10066054e-01  4.24410345e-01  4.36285727e-01  4.41385882e-01
  4.51896938e-01  4.59979516e-01  4.72133194e-01  4.94282425e-01
  5.27326340e-01  5.40134892e-01  5.41397787e-01  5.57970685e-01
  5.82888184e-01  5.88851250e-01  5.99806987e-01  6.17320106e-01
  6.25661226e-01  6.96333487e-01  6.96901488e-01  7.04695965e-01
  7.19006476e-01  7.41256390e-01  7.76474141e-01  7.80798230e-01
  7.92065430e-01  7.94742245e-01  8.20706742e-01  8.23096806e-01
  8.30300021e-01  8.89075441e-01  8.94896673e-01  9.04741817e-01
  9.34351022e-01  9.74098030e-01  9.91146330e-01  1.02519904e+00
  1.03383062e+00  1.05433043e+00  1.10126350e+00  1.13271106e+00
  1.14635648e+00  1.17730325e+00  1.20474863e+00  1.20940141e+00
  1.22516340e+00  1.23161414e+00  1.23654341e+00  1.24089027e+00
  1.24199857e+00  1.29647695e+00  1.32740011e+00  1.37463240e+00
  1.41028277e+00  1.41444285e+00  1.42262170e+00  1.50722685e+00
  1.54116455e+00  1.56023540e+00  1.65200901e+00  1.68423587e+00
  1.70024230e+00  1.70709377e+00  1.72313646e+00  1.73382283e+00
  1.78679134e+00  1.79011853e+00  1.82820741e+00  1.84441565e+00
  1.85122581e+00  1.89204759e+00  1.94629240e+00  1.95377939e+00
  1.96876285e+00  2.02871570e+00  2.03497913e+00  2.04593742e+00
  2.05158152e+00  2.05941475e+00  2.11201870e+00  2.15267115e+00
  2.18044381e+00  2.18696632e+00  2.20842485e+00  2.24796277e+00
  2.30177218e+00  2.31933187e+00  2.33131259e+00  2.34656861e+00
  2.37061233e+00  2.46142251e+00  2.47396674e+00  2.50414787e+00
  2.57565096e+00  2.57638353e+00  2.59206548e+00  2.65482655e+00
  2.68400187e+00  2.69161074e+00  2.71234982e+00  2.74078236e+00
  2.74430916e+00  2.75125282e+00  2.84944593e+00  2.86572278e+00
  2.88813530e+00  2.90095587e+00  2.90556858e+00  2.91331124e+00
  2.91896617e+00  2.95237878e+00  2.96609735e+00  2.96722019e+00
  2.97811251e+00  3.04881636e+00  3.09923073e+00  3.12356384e+00
  3.12664869e+00  3.22471687e+00  3.27485777e+00  3.31299551e+00
  3.32702273e+00  3.33032574e+00  3.35039851e+00  3.35697410e+00
  3.58613173e+00  3.74122802e+00  3.81894281e+00  3.86164321e+00
  3.99561210e+00  4.01608996e+00  4.10974611e+00  4.14374484e+00
  4.19433318e+00  4.32376081e+00  4.37796635e+00  4.42027267e+00
  4.45850177e+00  4.81072892e+00  4.94642705e+00  5.69788263e+00
  1.02628534e+01  2.47725749e+01  2.50335819e+01  2.50604345e+01
  2.51631177e+01  2.52574756e+01  2.53183678e+01  2.63573931e+01
  2.63643553e+01  2.68051281e+01  3.70534362e+01  2.19083358e+02]
E1 = -1770.77729660173  E_coul = 647.5726270726195
cycle= 6 E= -745.845099375314  delta_E= -3.46e-05  |g|= 0.00242  |ddm|= 0.0138
    CPU time for cycle= 6      1.62 sec, wall time      0.06 sec
  HOMO = -0.377525286764729  LUMO = 0.0840458755567995
  mo_energy =
[-1.04753313e+02 -1.55932073e+01 -1.13099178e+01 -1.13019255e+01
 -1.13017590e+01 -1.12832914e+01 -1.12652889e+01 -1.12652202e+01
 -1.04779694e+01 -7.94559504e+00 -7.94381329e+00 -7.94380617e+00
 -1.30473061e+00 -1.12402181e+00 -1.06916731e+00 -1.02871268e+00
 -9.24990388e-01 -8.93203844e-01 -8.87501714e-01 -7.55903978e-01
 -6.97871830e-01 -6.82373603e-01 -6.34533007e-01 -6.29801440e-01
 -6.20685681e-01 -6.09800730e-01 -5.76698839e-01 -5.51293162e-01
 -4.83723128e-01 -4.16635924e-01 -3.93785224e-01 -3.84610333e-01
 -3.84175176e-01 -3.77525287e-01  8.40458756e-02  9.99413220e-02
  1.26070616e-01  1.50440665e-01  1.57970797e-01  1.74098585e-01
  1.89378832e-01  1.90531885e-01  2.25454120e-01  2.31573501e-01
  2.65991934e-01  3.11130232e-01  3.63549594e-01  3.97709018e-01
  4.10230472e-01  4.24729974e-01  4.36036440e-01  4.41644544e-01
  4.51959062e-01  4.59805997e-01  4.72056486e-01  4.94006530e-01
  5.27476770e-01  5.40391446e-01  5.41789666e-01  5.58176588e-01
  5.83285079e-01  5.89227594e-01  6.00086861e-01  6.17659867e-01
  6.26068341e-01  6.96301819e-01  6.97264729e-01  7.04725472e-01
  7.19418470e-01  7.41639649e-01  7.76876334e-01  7.80971093e-01
  7.92405012e-01  7.94412032e-01  8.21011144e-01  8.23367634e-01
  8.30376125e-01  8.89296904e-01  8.95123164e-01  9.05122206e-01
  9.34698925e-01  9.74454777e-01  9.90856625e-01  1.02547142e+00
  1.03392097e+00  1.05480838e+00  1.10135306e+00  1.13303666e+00
  1.14676616e+00  1.17756939e+00  1.20437000e+00  1.20946268e+00
  1.22472404e+00  1.23111304e+00  1.23633821e+00  1.24145245e+00
  1.24203304e+00  1.29690356e+00  1.32791537e+00  1.37434365e+00
  1.41022339e+00  1.41423366e+00  1.42313359e+00  1.50732581e+00
  1.54155153e+00  1.56069069e+00  1.65169223e+00  1.68461892e+00
  1.70061634e+00  1.70675629e+00  1.72289188e+00  1.73430935e+00
  1.78717558e+00  1.79062058e+00  1.82851036e+00  1.84490529e+00
  1.85154452e+00  1.89227000e+00  1.94614476e+00  1.95411622e+00
  1.96922708e+00  2.02903327e+00  2.03528838e+00  2.04636725e+00
  2.05188461e+00  2.05910142e+00  2.11189421e+00  2.15304597e+00
  2.18087353e+00  2.18699781e+00  2.20899155e+00  2.24843441e+00
  2.30139473e+00  2.31959713e+00  2.33107415e+00  2.34708605e+00
  2.37113281e+00  2.46196631e+00  2.47442019e+00  2.50442479e+00
  2.57516067e+00  2.57589976e+00  2.59245476e+00  2.65506296e+00
  2.68423322e+00  2.69154641e+00  2.71277304e+00  2.74062340e+00
  2.74469455e+00  2.75107438e+00  2.84930870e+00  2.86592526e+00
  2.88877148e+00  2.90129858e+00  2.90591998e+00  2.91349361e+00
  2.91915390e+00  2.95186937e+00  2.96565754e+00  2.96786539e+00
  2.97852307e+00  3.04930014e+00  3.09972860e+00  3.12435158e+00
  3.12727294e+00  3.22545336e+00  3.27476942e+00  3.31357486e+00
  3.32682350e+00  3.33089875e+00  3.35103991e+00  3.35715370e+00
  3.58678102e+00  3.74189468e+00  3.81959086e+00  3.86220050e+00
  3.99620800e+00  4.01662715e+00  4.10919893e+00  4.14339283e+00
  4.19508530e+00  4.32453192e+00  4.37847390e+00  4.42080187e+00
  4.45915104e+00  4.81139602e+00  4.94715268e+00  5.69872922e+00
  1.02622895e+01  2.47735279e+01  2.50325816e+01  2.50614747e+01
  2.51643466e+01  2.52583361e+01  2.53191850e+01  2.63568465e+01
  2.63638092e+01  2.68045358e+01  3.70547066e+01  2.19082970e+02]
E1 = -1770.7704267252166  E_coul = 647.5657519512145
cycle= 7 E= -745.845104620206  delta_E= -5.24e-06  |g|= 0.00102  |ddm|= 0.00501
    CPU time for cycle= 7      1.62 sec, wall time      0.06 sec
  HOMO = -0.377577828209006  LUMO = 0.0840486385356619
  mo_energy =
[-1.04753435e+02 -1.55935596e+01 -1.13094185e+01 -1.13020534e+01
 -1.13018599e+01 -1.12833869e+01 -1.12653687e+01 -1.12652943e+01
 -1.04781515e+01 -7.94577282e+00 -7.94398988e+00 -7.94398279e+00
 -1.30490468e+00 -1.12408767e+00 -1.06922238e+00 -1.02874594e+00
 -9.24990495e-01 -8.93252864e-01 -8.87508235e-01 -7.55891873e-01
 -6.97926755e-01 -6.82328539e-01 -6.34490238e-01 -6.29675291e-01
 -6.20576919e-01 -6.09828055e-01 -5.76732690e-01 -5.51280774e-01
 -4.83823248e-01 -4.16637046e-01 -3.93933851e-01 -3.84776194e-01
 -3.84338877e-01 -3.77577828e-01  8.40486385e-02  9.98898110e-02
  1.26122182e-01  1.50493392e-01  1.58025466e-01  1.74127740e-01
  1.89429493e-01  1.90589556e-01  2.25470596e-01  2.31617857e-01
  2.66026570e-01  3.11141309e-01  3.63530172e-01  3.97743447e-01
  4.10259372e-01  4.24759177e-01  4.36059674e-01  4.41640626e-01
  4.51955920e-01  4.59729843e-01  4.72018297e-01  4.93889947e-01
  5.27448546e-01  5.40399468e-01  5.41781589e-01  5.58159969e-01
  5.83304935e-01  5.89234222e-01  6.00116181e-01  6.17676313e-01
  6.26056340e-01  6.96325505e-01  6.97268205e-01  7.04756303e-01
  7.19452804e-01  7.41647203e-01  7.76907480e-01  7.81023814e-01
  7.92423902e-01  7.94522235e-01  8.21038708e-01  8.23402076e-01
  8.30437569e-01  8.89324577e-01  8.95147797e-01  9.05142678e-01
  9.34663911e-01  9.74465571e-01  9.90897035e-01  1.02540778e+00
  1.03383326e+00  1.05478540e+00  1.10134690e+00  1.13303858e+00
  1.14677409e+00  1.17757332e+00  1.20426897e+00  1.20943877e+00
  1.22456761e+00  1.23092928e+00  1.23624269e+00  1.24142361e+00
  1.24196743e+00  1.29692650e+00  1.32794926e+00  1.37436440e+00
  1.41013951e+00  1.41426440e+00  1.42313660e+00  1.50723428e+00
  1.54152868e+00  1.56063489e+00  1.65176215e+00  1.68464242e+00
  1.70062176e+00  1.70685179e+00  1.72298020e+00  1.73430671e+00
  1.78723089e+00  1.79059969e+00  1.82855156e+00  1.84491663e+00
  1.85160526e+00  1.89232287e+00  1.94619096e+00  1.95417583e+00
  1.96925926e+00  2.02907636e+00  2.03533314e+00  2.04639908e+00
  2.05189642e+00  2.05917219e+00  2.11194504e+00  2.15309986e+00
  2.18089160e+00  2.18701340e+00  2.20897885e+00  2.24843624e+00
  2.30148339e+00  2.31959348e+00  2.33114616e+00  2.34708238e+00
  2.37111965e+00  2.46194509e+00  2.47439986e+00  2.50444571e+00
  2.57499832e+00  2.57573828e+00  2.59246463e+00  2.65508672e+00
  2.68424181e+00  2.69155234e+00  2.71270015e+00  2.74066887e+00
  2.74475573e+00  2.75114691e+00  2.84934608e+00  2.86599567e+00
  2.88869777e+00  2.90137428e+00  2.90600057e+00  2.91355695e+00
  2.91922411e+00  2.95205651e+00  2.96583496e+00  2.96782079e+00
  2.97854288e+00  3.04923341e+00  3.09972059e+00  3.12430258e+00
  3.12721523e+00  3.22539668e+00  3.27481116e+00  3.31353339e+00
  3.32692987e+00  3.33083557e+00  3.35099115e+00  3.35716691e+00
  3.58672551e+00  3.74184462e+00  3.81954884e+00  3.86218523e+00
  3.99614196e+00  4.01660184e+00  4.10938713e+00  4.14354768e+00
  4.19502791e+00  4.32426674e+00  4.37847797e+00  4.42082692e+00
  4.45911546e+00  4.81134030e+00  4.94694061e+00  5.69854427e+00
  1.02621023e+01  2.47734397e+01  2.50330584e+01  2.50613798e+01
  2.51642442e+01  2.52582469e+01  2.53191005e+01  2.63566670e+01
  2.63636300e+01  2.68043339e+01  3.70543590e+01  2.19082841e+02]
E1 = -1770.7729642255326  E_coul = 647.5682885732762
cycle= 8 E= -745.84510549846  delta_E= -8.78e-07  |g|= 0.000439  |ddm|= 0.00184
    CPU time for cycle= 8      1.63 sec, wall time      0.06 sec
  HOMO = -0.377556616846107  LUMO = 0.0840931711175657
  mo_energy =
[-1.04753437e+02 -1.55935863e+01 -1.13094609e+01 -1.13019607e+01
 -1.13017825e+01 -1.12832686e+01 -1.12653978e+01 -1.12653233e+01
 -1.04781472e+01 -7.94576788e+00 -7.94398522e+00 -7.94397815e+00
 -1.30487265e+00 -1.12404332e+00 -1.06918323e+00 -1.02877057e+00
 -9.25004903e-01 -8.93226485e-01 -8.87469039e-01 -7.55840269e-01
 -6.97889969e-01 -6.82321354e-01 -6.34458407e-01 -6.29671154e-01
 -6.20564344e-01 -6.09780559e-01 -5.76690820e-01 -5.51246483e-01
 -4.83831742e-01 -4.16578978e-01 -3.93952247e-01 -3.84811758e-01
 -3.84373040e-01 -3.77556617e-01  8.40931711e-02  9.99023820e-02
  1.26137179e-01  1.50504619e-01  1.58041839e-01  1.74097151e-01
  1.89443307e-01  1.90605598e-01  2.25476399e-01  2.31631659e-01
  2.66038244e-01  3.11176907e-01  3.63551552e-01  3.97774818e-01
  4.10274003e-01  4.24782201e-01  4.36055791e-01  4.41663216e-01
  4.51966610e-01  4.59720491e-01  4.72016430e-01  4.93861016e-01
  5.27459753e-01  5.40420008e-01  5.41806530e-01  5.58173604e-01
  5.83350701e-01  5.89256085e-01  6.00138677e-01  6.17720370e-01
  6.26085840e-01  6.96334984e-01  6.97289689e-01  7.04775509e-01
  7.19494147e-01  7.41670187e-01  7.76955702e-01  7.81053862e-01
  7.92429662e-01  7.94524728e-01  8.21047536e-01  8.23425794e-01
  8.30459770e-01  8.89357205e-01  8.95176034e-01  9.05175306e-01
  9.34679285e-01  9.74488225e-01  9.90891644e-01  1.02543621e+00
  1.03385302e+00  1.05481655e+00  1.10135853e+00  1.13305619e+00
  1.14681379e+00  1.17759746e+00  1.20425440e+00  1.20945034e+00
  1.22454900e+00  1.23090691e+00  1.23623977e+00  1.24146425e+00
  1.24197784e+00  1.29695397e+00  1.32800893e+00  1.37435783e+00
  1.41014572e+00  1.41426548e+00  1.42318033e+00  1.50722542e+00
  1.54155119e+00  1.56066786e+00  1.65176545e+00  1.68467574e+00
  1.70065858e+00  1.70685200e+00  1.72298318e+00  1.73435847e+00
  1.78725898e+00  1.79063353e+00  1.82856787e+00  1.84495583e+00
  1.85164326e+00  1.89236051e+00  1.94619365e+00  1.95421509e+00
  1.96929971e+00  2.02910959e+00  2.03534988e+00  2.04645330e+00
  2.05191509e+00  2.05917493e+00  2.11195621e+00  2.15314347e+00
  2.18091625e+00  2.18703263e+00  2.20901634e+00  2.24848097e+00
  2.30148115e+00  2.31961470e+00  2.33115085e+00  2.34712007e+00
  2.37115399e+00  2.46199841e+00  2.47443374e+00  2.50447437e+00
  2.57497644e+00  2.57571686e+00  2.59249753e+00  2.65511698e+00
  2.68425174e+00  2.69156797e+00  2.71272149e+00  2.74067556e+00
  2.74478657e+00  2.75116028e+00  2.84935266e+00  2.86603480e+00
  2.88872082e+00  2.90142718e+00  2.90604175e+00  2.91357788e+00
  2.91921511e+00  2.95204944e+00  2.96583245e+00  2.96785430e+00
  2.97856749e+00  3.04926231e+00  3.09975267e+00  3.12436771e+00
  3.12723973e+00  3.22544003e+00  3.27481635e+00  3.31358116e+00
  3.32692717e+00  3.33086665e+00  3.35103147e+00  3.35718776e+00
  3.58676200e+00  3.74188074e+00  3.81959441e+00  3.86223450e+00
  3.99618115e+00  4.01664729e+00  4.10937784e+00  4.14354943e+00
  4.19508581e+00  4.32424189e+00  4.37849786e+00  4.42086593e+00
  4.45915861e+00  4.81138096e+00  4.94693421e+00  5.69856250e+00
  1.02620979e+01  2.47734868e+01  2.50330190e+01  2.50614214e+01
  2.51643371e+01  2.52582634e+01  2.53191346e+01  2.63566650e+01
  2.63636283e+01  2.68043169e+01  3.70543331e+01  2.19082838e+02]
E1 = -1770.7722020403992  E_coul = 647.5675261279009
cycle= 9 E= -745.845105758702  delta_E= -2.6e-07  |g|= 0.000163  |ddm|= 0.00115
    CPU time for cycle= 9      1.66 sec, wall time      0.06 sec
  HOMO = -0.377559056969507  LUMO = 0.0840895173221957
  mo_energy =
[-1.04753508e+02 -1.55936333e+01 -1.13094681e+01 -1.13019295e+01
 -1.13017378e+01 -1.12832406e+01 -1.12654200e+01 -1.12653477e+01
 -1.04781996e+01 -7.94582135e+00 -7.94403839e+00 -7.94403132e+00
 -1.30488477e+00 -1.12404900e+00 -1.06918485e+00 -1.02877886e+00
 -9.25010290e-01 -8.93231615e-01 -8.87464435e-01 -7.55832793e-01
 -6.97896284e-01 -6.82328366e-01 -6.34458226e-01 -6.29663940e-01
 -6.20559840e-01 -6.09773809e-01 -5.76696171e-01 -5.51252194e-01
 -4.83840816e-01 -4.16580019e-01 -3.93955776e-01 -3.84828632e-01
 -3.84389669e-01 -3.77559057e-01  8.40895173e-02  9.98976842e-02
  1.26137250e-01  1.50505780e-01  1.58041485e-01  1.74086298e-01
  1.89445414e-01  1.90607664e-01  2.25482520e-01  2.31635370e-01
  2.66043142e-01  3.11178528e-01  3.63549472e-01  3.97777128e-01
  4.10272973e-01  4.24779181e-01  4.36059166e-01  4.41660093e-01
  4.51966656e-01  4.59715916e-01  4.72014298e-01  4.93854073e-01
  5.27456469e-01  5.40418204e-01  5.41801022e-01  5.58170419e-01
  5.83349813e-01  5.89252027e-01  6.00136268e-01  6.17723003e-01
  6.26085467e-01  6.96336731e-01  6.97287754e-01  7.04781383e-01
  7.19500498e-01  7.41666621e-01  7.76963362e-01  7.81059725e-01
  7.92415714e-01  7.94529915e-01  8.21038874e-01  8.23425128e-01
  8.30463321e-01  8.89364066e-01  8.95175421e-01  9.05174108e-01
  9.34673658e-01  9.74485747e-01  9.90890412e-01  1.02543110e+00
  1.03384382e+00  1.05481051e+00  1.10135701e+00  1.13305115e+00
  1.14681107e+00  1.17759517e+00  1.20423977e+00  1.20944582e+00
  1.22453073e+00  1.23088626e+00  1.23622778e+00  1.24146227e+00
  1.24197176e+00  1.29694730e+00  1.32801836e+00  1.37435420e+00
  1.41013464e+00  1.41426450e+00  1.42318393e+00  1.50721382e+00
  1.54154795e+00  1.56066228e+00  1.65177274e+00  1.68467537e+00
  1.70065384e+00  1.70685650e+00  1.72298568e+00  1.73435953e+00
  1.78725737e+00  1.79063072e+00  1.82856205e+00  1.84495661e+00
  1.85164787e+00  1.89236830e+00  1.94619218e+00  1.95421466e+00
  1.96930422e+00  2.02910583e+00  2.03534305e+00  2.04645948e+00
  2.05190838e+00  2.05918079e+00  2.11196103e+00  2.15314869e+00
  2.18091032e+00  2.18703337e+00  2.20901529e+00  2.24848401e+00
  2.30148710e+00  2.31961286e+00  2.33115533e+00  2.34711643e+00
  2.37114872e+00  2.46200420e+00  2.47442624e+00  2.50447379e+00
  2.57495480e+00  2.57569527e+00  2.59249428e+00  2.65511299e+00
  2.68424421e+00  2.69156761e+00  2.71271679e+00  2.74068071e+00
  2.74478863e+00  2.75116816e+00  2.84935086e+00  2.86603985e+00
  2.88871749e+00  2.90143796e+00  2.90604969e+00  2.91357659e+00
  2.91919878e+00  2.95205285e+00  2.96583624e+00  2.96785053e+00
  2.97856333e+00  3.04925824e+00  3.09975029e+00  3.12437738e+00
  3.12723542e+00  3.22544360e+00  3.27481833e+00  3.31357603e+00
  3.32692290e+00  3.33086414e+00  3.35102675e+00  3.35718920e+00
  3.58675821e+00  3.74187897e+00  3.81959303e+00  3.86223199e+00
  3.99617556e+00  4.01665295e+00  4.10938177e+00  4.14355369e+00
  4.19509499e+00  4.32420676e+00  4.37848945e+00  4.42086678e+00
  4.45915858e+00  4.81137615e+00  4.94690841e+00  5.69854510e+00
  1.02620545e+01  2.47734964e+01  2.50330128e+01  2.50614351e+01
  2.51643681e+01  2.52582632e+01  2.53191342e+01  2.63566267e+01
  2.63635900e+01  2.68042733e+01  3.70542874e+01  2.19082770e+02]
E1 = -1770.7724596599332  E_coul = 647.567783708993
cycle= 10 E= -745.845105797144  delta_E= -3.84e-08  |g|= 5.09e-05  |ddm|= 0.000482
    CPU time for cycle= 10      1.63 sec, wall time      0.06 sec
  HOMO = -0.377559341798382  LUMO = 0.0840855191913721
  mo_energy =
[-1.04753463e+02 -1.55936382e+01 -1.13094599e+01 -1.13019271e+01
 -1.13017507e+01 -1.12832351e+01 -1.12654328e+01 -1.12653565e+01
 -1.04781671e+01 -7.94578800e+00 -7.94400494e+00 -7.94399787e+00
 -1.30488557e+00 -1.12405042e+00 -1.06918920e+00 -1.02876895e+00
 -9.25003495e-01 -8.93235577e-01 -8.87467109e-01 -7.55835117e-01
 -6.97900560e-01 -6.82336015e-01 -6.34462895e-01 -6.29664117e-01
 -6.20561670e-01 -6.09773231e-01 -5.76698003e-01 -5.51257795e-01
 -4.83840425e-01 -4.16580850e-01 -3.93948857e-01 -3.84815234e-01
 -3.84376529e-01 -3.77559342e-01  8.40855192e-02  9.98953175e-02
  1.26136544e-01  1.50505601e-01  1.58038060e-01  1.74092395e-01
  1.89443367e-01  1.90605625e-01  2.25482566e-01  2.31633478e-01
  2.66043088e-01  3.11176144e-01  3.63547833e-01  3.97774753e-01
  4.10270713e-01  4.24776331e-01  4.36060437e-01  4.41658695e-01
  4.51965811e-01  4.59720423e-01  4.72017089e-01  4.93860832e-01
  5.27456348e-01  5.40415431e-01  5.41800240e-01  5.58168503e-01
  5.83347781e-01  5.89249778e-01  6.00134018e-01  6.17721854e-01
  6.26084690e-01  6.96336396e-01  6.97285406e-01  7.04782131e-01
  7.19497298e-01  7.41664575e-01  7.76963209e-01  7.81058463e-01
  7.92408242e-01  7.94530269e-01  8.21033318e-01  8.23421859e-01
  8.30462210e-01  8.89364344e-01  8.95174896e-01  9.05170847e-01
  9.34673574e-01  9.74482154e-01  9.90894241e-01  1.02543291e+00
  1.03384782e+00  1.05480674e+00  1.10135793e+00  1.13304793e+00
  1.14680842e+00  1.17759460e+00  1.20425067e+00  1.20944684e+00
  1.22454509e+00  1.23090305e+00  1.23623701e+00  1.24145974e+00
  1.24197554e+00  1.29694153e+00  1.32801744e+00  1.37435802e+00
  1.41014026e+00  1.41426675e+00  1.42318084e+00  1.50721485e+00
  1.54154510e+00  1.56066092e+00  1.65177194e+00  1.68467228e+00
  1.70064967e+00  1.70685704e+00  1.72298530e+00  1.73435806e+00
  1.78725321e+00  1.79062818e+00  1.82855727e+00  1.84495340e+00
  1.85164566e+00  1.89236691e+00  1.94619372e+00  1.95421063e+00
  1.96930055e+00  2.02910056e+00  2.03533684e+00  2.04645845e+00
  2.05190403e+00  2.05918079e+00  2.11196143e+00  2.15314528e+00
  2.18090522e+00  2.18703307e+00  2.20901104e+00  2.24848194e+00
  2.30148771e+00  2.31960965e+00  2.33115549e+00  2.34711259e+00
  2.37114416e+00  2.46200215e+00  2.47442338e+00  2.50447053e+00
  2.57497186e+00  2.57571227e+00  2.59249134e+00  2.65511005e+00
  2.68424164e+00  2.69157019e+00  2.71271484e+00  2.74067993e+00
  2.74478503e+00  2.75116721e+00  2.84935333e+00  2.86603849e+00
  2.88871394e+00  2.90143583e+00  2.90604732e+00  2.91357272e+00
  2.91918932e+00  2.95205423e+00  2.96583714e+00  2.96784664e+00
  2.97855788e+00  3.04925600e+00  3.09974681e+00  3.12437780e+00
  3.12722973e+00  3.22543928e+00  3.27481792e+00  3.31357159e+00
  3.32692572e+00  3.33086130e+00  3.35102302e+00  3.35718868e+00
  3.58675382e+00  3.74187315e+00  3.81958864e+00  3.86222923e+00
  3.99617204e+00  4.01665111e+00  4.10938309e+00  4.14355452e+00
  4.19509286e+00  4.32420381e+00  4.37848210e+00  4.42086266e+00
  4.45915472e+00  4.81137251e+00  4.94690513e+00  5.69854213e+00
  1.02620825e+01  2.47734919e+01  2.50330205e+01  2.50614278e+01
  2.51643667e+01  2.52582546e+01  2.53191296e+01  2.63566530e+01
  2.63636163e+01  2.68043005e+01  3.70542826e+01  2.19082813e+02]
E1 = -1770.7722942929622  E_coul = 647.5676183390328
cycle= 11 E= -745.845105800133  delta_E= -2.99e-09  |g|= 1.9e-05  |ddm|= 0.000133
    CPU time for cycle= 11      1.64 sec, wall time      0.06 sec
  HOMO = -0.377558286191607  LUMO = 0.0840843191793719
  mo_energy =
[-1.04753480e+02 -1.55936417e+01 -1.13094634e+01 -1.13019271e+01
 -1.13017386e+01 -1.12832383e+01 -1.12654349e+01 -1.12653625e+01
 -1.04781778e+01 -7.94579924e+00 -7.94401622e+00 -7.94400914e+00
 -1.30488475e+00 -1.12405221e+00 -1.06918907e+00 -1.02877154e+00
 -9.25005467e-01 -8.93236078e-01 -8.87467492e-01 -7.55835265e-01
 -6.97900802e-01 -6.82337403e-01 -6.34463519e-01 -6.29665665e-01
 -6.20563108e-01 -6.09774143e-01 -5.76697888e-01 -5.51258542e-01
 -4.83841422e-01 -4.16581917e-01 -3.93951621e-01 -3.84817285e-01
 -3.84378572e-01 -3.77558286e-01  8.40843192e-02  9.98956358e-02
  1.26135881e-01  1.50504756e-01  1.58037518e-01  1.74091706e-01
  1.89442762e-01  1.90604798e-01  2.25482497e-01  2.31633431e-01
  2.66042426e-01  3.11175864e-01  3.63547872e-01  3.97773949e-01
  4.10269972e-01  4.24775111e-01  4.36059536e-01  4.41657813e-01
  4.51966022e-01  4.59720130e-01  4.72016613e-01  4.93860731e-01
  5.27456332e-01  5.40414974e-01  5.41799757e-01  5.58168228e-01
  5.83346763e-01  5.89249909e-01  6.00132911e-01  6.17721550e-01
  6.26084876e-01  6.96335762e-01  6.97285517e-01  7.04782101e-01
  7.19497885e-01  7.41663561e-01  7.76962386e-01  7.81058233e-01
  7.92406212e-01  7.94529072e-01  8.21031937e-01  8.23421601e-01
  8.30461488e-01  8.89364386e-01  8.95174011e-01  9.05170023e-01
  9.34673385e-01  9.74480974e-01  9.90892498e-01  1.02543186e+00
  1.03384626e+00  1.05480662e+00  1.10135704e+00  1.13304725e+00
  1.14680751e+00  1.17759356e+00  1.20424783e+00  1.20944599e+00
  1.22454185e+00  1.23089934e+00  1.23623488e+00  1.24145900e+00
  1.24197473e+00  1.29694076e+00  1.32801737e+00  1.37435627e+00
  1.41013870e+00  1.41426544e+00  1.42318174e+00  1.50721411e+00
  1.54154504e+00  1.56066113e+00  1.65177102e+00  1.68467130e+00
  1.70064909e+00  1.70685581e+00  1.72298395e+00  1.73435770e+00
  1.78725176e+00  1.79062738e+00  1.82855589e+00  1.84495298e+00
  1.85164476e+00  1.89236766e+00  1.94619217e+00  1.95420982e+00
  1.96930087e+00  2.02910005e+00  2.03533573e+00  2.04645834e+00
  2.05190286e+00  2.05917961e+00  2.11196013e+00  2.15314502e+00
  2.18090348e+00  2.18703172e+00  2.20901078e+00  2.24848104e+00
  2.30148632e+00  2.31960925e+00  2.33115401e+00  2.34711148e+00
  2.37114350e+00  2.46200286e+00  2.47442195e+00  2.50447013e+00
  2.57496780e+00  2.57570822e+00  2.59249007e+00  2.65510902e+00
  2.68423999e+00  2.69156908e+00  2.71271507e+00  2.74067932e+00
  2.74478352e+00  2.75116678e+00  2.84935184e+00  2.86603747e+00
  2.88871448e+00  2.90143581e+00  2.90604643e+00  2.91357171e+00
  2.91918704e+00  2.95205245e+00  2.96583557e+00  2.96784527e+00
  2.97855703e+00  3.04925632e+00  3.09974548e+00  3.12437737e+00
  3.12723019e+00  3.22544053e+00  3.27481702e+00  3.31357159e+00
  3.32692391e+00  3.33086164e+00  3.35102163e+00  3.35718804e+00
  3.58675230e+00  3.74187286e+00  3.81958767e+00  3.86222686e+00
  3.99617185e+00  4.01665214e+00  4.10938126e+00  4.14355320e+00
  4.19509478e+00  4.32420254e+00  4.37848066e+00  4.42086103e+00
  4.45915433e+00  4.81137106e+00  4.94690409e+00  5.69854187e+00
  1.02620740e+01  2.47734912e+01  2.50330170e+01  2.50614299e+01
  2.51643688e+01  2.52582544e+01  2.53191268e+01  2.63566448e+01
  2.63636081e+01  2.68042930e+01  3.70542792e+01  2.19082798e+02]
E1 = -1770.7723442821682  E_coul = 647.5676683280007
cycle= 12 E= -745.845105800371  delta_E= -2.38e-10  |g|= 6.52e-06  |ddm|= 3.51e-05
    CPU time for cycle= 12      1.65 sec, wall time      0.06 sec
  HOMO = -0.377558236247855  LUMO = 0.0840845157371951
  mo_energy =
[-1.04753477e+02 -1.55936392e+01 -1.13094652e+01 -1.13019243e+01
 -1.13017428e+01 -1.12832354e+01 -1.12654355e+01 -1.12653602e+01
 -1.04781761e+01 -7.94579746e+00 -7.94401446e+00 -7.94400739e+00
 -1.30488467e+00 -1.12405164e+00 -1.06918923e+00 -1.02877141e+00
 -9.25005632e-01 -8.93235751e-01 -8.87467311e-01 -7.55835054e-01
 -6.97900346e-01 -6.82337290e-01 -6.34463756e-01 -6.29666510e-01
 -6.20563687e-01 -6.09773373e-01 -5.76697887e-01 -5.51258087e-01
 -4.83841205e-01 -4.16581527e-01 -3.93951597e-01 -3.84816479e-01
 -3.84377784e-01 -3.77558236e-01  8.40845157e-02  9.98956847e-02
  1.26135816e-01  1.50504773e-01  1.58037354e-01  1.74091666e-01
  1.89442621e-01  1.90604830e-01  2.25482045e-01  2.31633072e-01
  2.66042426e-01  3.11175986e-01  3.63547769e-01  3.97774101e-01
  4.10270009e-01  4.24775394e-01  4.36059285e-01  4.41658161e-01
  4.51965568e-01  4.59720174e-01  4.72016828e-01  4.93861090e-01
  5.27456352e-01  5.40414906e-01  5.41799853e-01  5.58168194e-01
  5.83347046e-01  5.89249763e-01  6.00133281e-01  6.17721554e-01
  6.26084931e-01  6.96335509e-01  6.97285426e-01  7.04781749e-01
  7.19497744e-01  7.41663847e-01  7.76962824e-01  7.81058068e-01
  7.92406382e-01  7.94528308e-01  8.21031945e-01  8.23421380e-01
  8.30461315e-01  8.89364401e-01  8.95174149e-01  9.05170115e-01
  9.34673386e-01  9.74481181e-01  9.90892318e-01  1.02543219e+00
  1.03384659e+00  1.05480658e+00  1.10135710e+00  1.13304732e+00
  1.14680775e+00  1.17759376e+00  1.20424829e+00  1.20944596e+00
  1.22454254e+00  1.23090018e+00  1.23623517e+00  1.24145933e+00
  1.24197490e+00  1.29694075e+00  1.32801775e+00  1.37435608e+00
  1.41013894e+00  1.41426523e+00  1.42318159e+00  1.50721426e+00
  1.54154497e+00  1.56066116e+00  1.65177036e+00  1.68467155e+00
  1.70064898e+00  1.70685518e+00  1.72298345e+00  1.73435800e+00
  1.78725214e+00  1.79062771e+00  1.82855604e+00  1.84495321e+00
  1.85164515e+00  1.89236721e+00  1.94619202e+00  1.95420993e+00
  1.96930078e+00  2.02909985e+00  2.03533570e+00  2.04645861e+00
  2.05190291e+00  2.05917899e+00  2.11195999e+00  2.15314507e+00
  2.18090385e+00  2.18703173e+00  2.20901090e+00  2.24848145e+00
  2.30148562e+00  2.31960901e+00  2.33115362e+00  2.34711186e+00
  2.37114362e+00  2.46200284e+00  2.47442240e+00  2.50447013e+00
  2.57496863e+00  2.57570905e+00  2.59249051e+00  2.65510908e+00
  2.68424019e+00  2.69156894e+00  2.71271510e+00  2.74067867e+00
  2.74478399e+00  2.75116604e+00  2.84935165e+00  2.86603779e+00
  2.88871469e+00  2.90143592e+00  2.90604676e+00  2.91357172e+00
  2.91918695e+00  2.95205154e+00  2.96583470e+00  2.96784587e+00
  2.97855713e+00  3.04925650e+00  3.09974601e+00  3.12437842e+00
  3.12722995e+00  3.22544036e+00  3.27481662e+00  3.31357158e+00
  3.32692347e+00  3.33086180e+00  3.35102211e+00  3.35718800e+00
  3.58675289e+00  3.74187296e+00  3.81958810e+00  3.86222779e+00
  3.99617205e+00  4.01665211e+00  4.10938023e+00  4.14355239e+00
  4.19509474e+00  4.32420374e+00  4.37848088e+00  4.42086168e+00
  4.45915467e+00  4.81137178e+00  4.94690492e+00  5.69854266e+00
  1.02620754e+01  2.47734921e+01  2.50330153e+01  2.50614298e+01
  2.51643695e+01  2.52582546e+01  2.53191282e+01  2.63566461e+01
  2.63636094e+01  2.68042946e+01  3.70542817e+01  2.19082800e+02]
E1 = -1770.7723337865773  E_coul = 647.5676578323893
Extra cycle  E= -745.845105800392  delta_E= -2.05e-11  |g|= 3.7e-06  |ddm|= 9.36e-06
    CPU time for scf_cycle     35.54 sec, wall time      1.35 sec
    CPU time for SCF     35.54 sec, wall time      1.35 sec
converged SCF energy = -745.845105800392
Converting <class 'pyscf.scf.hf.RHF'> to RHF


******** <class 'pyscf.tdscf.rhf.TDA'> for <class 'pyscf.scf.hf.RHF'> ********
nstates = 5 singlet
wfnsym = None
conv_tol = 1e-09
eigh lindep = 1e-12
eigh level_shift = 0
eigh max_space = 8
eigh max_cycle = 2000
chkfile = /scratch/global/yangjunjie/tmpzsmhxf6r
max_memory 127949 MB (current use 1740 MB)


davidson 0 5  |r|= 0.189  e= [0.28322151 0.31231549 0.32348986 0.37584535 0.37667105]  max|de|= 0.377  lindep=    1
Old state -> New state
    2     ->     0 
    0     ->     1 
    1     ->     2 
davidson 1 10  |r|= 0.0681  e= [0.24006867 0.24234805 0.26170063 0.37066798 0.37505418]  max|de|= -0.0834  lindep= 0.878
davidson 2 15  |r|= 0.0979  e= [0.234816   0.23536323 0.247608   0.32461447 0.37499034]  max|de|= -0.0461  lindep= 0.875
Old state -> New state
    1     ->     0 
    0     ->     1 
    1     ->     4 
davidson 3 20  |r|= 0.0954  e= [0.23380253 0.23463174 0.246444   0.31312762 0.32699552]  max|de|= 0.0916  lindep= 0.919
davidson 4 5  |r|= 0.0954  e= [0.23380253 0.23463174 0.246444   0.31312762 0.32699552]  max|de|= 2.78e-16  lindep= 0.958
davidson 5 10  |r|= 0.053  e= [0.23372475 0.23460872 0.24633813 0.31038307 0.32239517]  max|de|= -0.0046  lindep= 0.844
davidson 6 15  |r|= 0.04  e= [0.2337198  0.23460151 0.24630608 0.30660056 0.32195061]  max|de|= -0.00378  lindep= 0.896
Old state -> New state
    1     ->     4 
davidson 7 20  |r|= 0.164  e= [0.2337197  0.23459966 0.24630187 0.30476606 0.32048383]  max|de|= 0.0859  lindep= 0.881
davidson 8 5  |r|= 0.164  e= [0.2337197  0.23459966 0.24630187 0.30476606 0.32048383]  max|de|= -3.61e-16  lindep= 0.934
Old state -> New state
    4     ->     3 
    3     ->     4 
davidson 9 10  |r|= 0.105  e= [0.23371969 0.23459837 0.2463015  0.27945332 0.3043692 ]  max|de|= -0.041  lindep= 0.809
davidson 10 15  |r|= 0.034  e= [0.23371969 0.2345975  0.24630142 0.26456095 0.30414015]  max|de|= -0.0149  lindep= 0.935
davidson 11 20  |r|= 0.115  e= [0.23371968 0.23459742 0.24630138 0.26342712 0.27627302]  max|de|= -0.0279  lindep= 0.874
davidson 12 5  |r|= 0.115  e= [0.23371968 0.23459742 0.24630138 0.26342712 0.27627302]  max|de|= -3.33e-16  lindep= 0.977
davidson 13 10  |r|= 0.0411  e= [0.23371968 0.23459742 0.24630137 0.2633249  0.26671346]  max|de|= -0.00956  lindep= 0.907
root 0 converged  |r|= 8.11e-06  e= 0.23371968272362717  max|de|= -3.56e-10
davidson 14 15  |r|= 0.0253  e= [0.23371968 0.23459742 0.24630136 0.2632668  0.26367264]  max|de|= -0.00304  lindep= 0.899
root 1 converged  |r|= 1.34e-05  e= 0.2345974158210941  max|de|= -4.82e-10
root 2 converged  |r|= 6.06e-06  e= 0.2463013595725145  max|de|= -5.2e-10
davidson 15 19  |r|= 0.00512  e= [0.23371968 0.23459742 0.24630136 0.26322977 0.26343853]  max|de|= -0.000234  lindep= 0.866
davidson 16 5  |r|= 0.00512  e= [0.23371968 0.23459742 0.24630136 0.26322977 0.26343853]  max|de|= 5e-16  lindep= 0.997
davidson 17 7  |r|= 0.00285  e= [0.23371968 0.23459742 0.24630136 0.26321115 0.26341879]  max|de|= -1.97e-05  lindep= 0.871
davidson 18 9  |r|= 0.00188  e= [0.23371968 0.23459742 0.24630136 0.26319842 0.26341425]  max|de|= -1.27e-05  lindep= 0.917
davidson 19 11  |r|= 0.00131  e= [0.23371968 0.23459742 0.24630136 0.26318995 0.26341305]  max|de|= -8.47e-06  lindep= 0.876
davidson 20 13  |r|= 0.00141  e= [0.23371968 0.23459742 0.24630136 0.2631816  0.26341255]  max|de|= -8.36e-06  lindep= 0.893
davidson 21 15  |r|= 0.000478  e= [0.23371968 0.23459742 0.24630136 0.26317857 0.26341242]  max|de|= -3.03e-06  lindep= 0.894
davidson 22 17  |r|= 0.000249  e= [0.23371968 0.23459742 0.24630136 0.26317835 0.26341238]  max|de|= -2.15e-07  lindep= 0.881
davidson 23 5  |r|= 0.000249  e= [0.23371968 0.23459742 0.24630136 0.26317835 0.26341238]  max|de|= -4.16e-16  lindep= 0.997
davidson 24 7  |r|= 0.000147  e= [0.23371968 0.23459742 0.24630136 0.26317832 0.26341237]  max|de|= -3.29e-08  lindep= 0.819
davidson 25 9  |r|= 4.18e-05  e= [0.23371968 0.23459742 0.24630136 0.26317831 0.26341237]  max|de|= -1.08e-08  lindep= 0.89
davidson 26 11  |r|= 2.89e-05  e= [0.23371968 0.23459742 0.24630136 0.26317831 0.26341237]  max|de|= -1.51e-09  lindep= 0.88
root 3 converged  |r|= 8.85e-06  e= 0.2631783065428289  max|de|= -2.49e-10
root 4 converged  |r|= 8.19e-06  e= 0.26341236789764905  max|de|= -3.32e-10
converged 27 13  |r|= 8.85e-06  e= [0.23371968 0.23459742 0.24630136 0.26317831 0.26341237]  max|de|= -3.32e-10
    CPU time for TDA    206.92 sec, wall time      7.40 sec
Excited State energies (eV)
[6.35983651 6.38372084 6.70220137 7.16144649 7.16781563]
