 
:: initializing oneAPI environment ...
   slurm_script: BASH_VERSION = 4.2.46(1)-release
   args: Using "$@" for setvars.sh arguments: --force
:: advisor -- latest
:: ccl -- latest
:: clck -- latest
:: compiler -- latest
:: dal -- latest
:: debugger -- latest
:: dev-utilities -- latest
:: dnnl -- latest
:: dpcpp-ct -- latest
:: dpl -- latest
:: inspector -- latest
:: intelpython -- latest
:: ipp -- latest
:: ippcp -- latest
:: ipp -- latest
:: itac -- latest
:: mkl -- latest
:: mpi -- latest
:: tbb -- latest
:: vpl -- latest
:: vtune -- latest
:: oneAPI environment initialized ::
 
SLURM_CPUS_PER_TASK = 28
SLURM_MEM_PER_NODE = 127949
#INFO: **** input file is /home/yangjunjie/work/py-ch3-cl/work/step_-19/main.py ****
import sys
import pyscf
from pyscf import tdscf

def main(xyz_file, basis="631g*", xc="b3lyp", output="ene.out"):
    xyz = None

    with open(xyz_file, "r") as xyz:
        xyz = xyz.readlines()[2:]
        xyz = "".join(xyz)

    mol = pyscf.gto.Mole()
    mol.atom = xyz
    mol.basis = basis
    mol.verbose = 5
    mol.build()

    if xc is not None and xc != "hf":
        mf = pyscf.scf.RKS(mol)
        mf.xc = xc
        mf.kernel()
    else:
        mf = pyscf.scf.RHF(mol)
        mf.kernel()

    ene_mf = mf.e_tot

    tda = pyscf.tdscf.TDA(mf)
    tda.nstates = 50
    tda.max_space = 600
    tda.max_cycle = 2000
    tda.kernel()

    con_tda = tda.converged
    ene_tda = tda.e[:5]
    dip_tda = tda.transition_dipole()[:5]

    rpa = pyscf.tdscf.RPA(mf)
    rpa.nstates = 50
    rpa.max_space = 600
    rpa.max_cycle = 2000
    rpa.kernel()

    con_rpa = rpa.converged
    ene_rpa = rpa.e[:5]
    dip_rpa = rpa.transition_dipole()[:5]

    with open(output, "w") as f:
        f.write(f"RKS energy: {ene_mf: 12.8f}\n")
        f.write("TDA results:\n")
        for i, (con, ene, dip) in enumerate(zip(con_tda, ene_tda, dip_tda)):
            f.write(f" {i:2d} {con} {ene: 12.8f} {dip[0]: 12.8f} {dip[1]: 12.8f} {dip[2]: 12.8f}\n")
        
        f.write("\nRPA results:\n")
        for i, (con, ene, dip) in enumerate(zip(con_rpa, ene_rpa, dip_rpa)):
            f.write(f" {i:2d} {con} {ene: 12.8f} {dip[0]: 12.8f} {dip[1]: 12.8f} {dip[2]: 12.8f}\n")

if __name__ == "__main__":
    xyz = sys.argv[1]
    main(xyz, basis="631g*", xc="b3lyp", output="out.log")
#INFO: ******************** input file end ********************


System: uname_result(system='Linux', node='pauling039', release='3.10.0-327.36.3.el7.x86_64', version='#1 SMP Thu Oct 20 04:56:07 EDT 2016', machine='x86_64')  Threads 28
Python 3.9.7 (default, Oct 27 2021, 01:23:21) 
[GCC 9.3.0]
numpy 1.21.2  scipy 1.6.2
Date: Tue Sep 27 23:24:44 2022
PySCF version 2.0.1
PySCF path  /home/yangjunjie/packages/pyscf/pyscf-main
GIT ORIG_HEAD 14b880cdc4bf7bb64f3989a147c0b04622efc498
GIT HEAD (branch master) 9d5b5bd309d1cc55fbd1a0ec76e26b5b0c7f76af

[ENV] PYSCF_MAX_MEMORY 127949
[ENV] PYSCF_TMPDIR /scratch/global/yangjunjie/
[CONFIG] conf_file /home/yangjunjie/.pyscf_conf.py
[INPUT] verbose = 5
[INPUT] max_memory = 127949 
[INPUT] num. atoms = 16
[INPUT] num. electrons = 68
[INPUT] charge = 0
[INPUT] spin (= nelec alpha-beta = 2S) = 0
[INPUT] symmetry False subgroup None
[INPUT] Mole.unit = angstrom
[INPUT]  1 C      0.000000010000   1.171546290000   1.168535210000 AA    0.000000018897   2.213901630350   2.208211513811 Bohr
[INPUT]  2 C      0.000000000000   1.178421310000   2.543982520000 AA    0.000000000000   2.226893535251   4.807430228481 Bohr
[INPUT]  3 C     -0.000000010000  -0.014551410000   3.236279390000 AA   -0.000000018897  -0.027498179626   6.115681709674 Bohr
[INPUT]  4 C     -0.000000010000  -1.189397690000   2.517173460000 AA   -0.000000018897  -2.247635887290   4.756768447424 Bohr
[INPUT]  5 C      0.000000000000  -1.154009150000   1.146578350000 AA    0.000000000000  -2.180761238742   2.166719061856 Bohr
[INPUT]  6 N      0.000000010000   0.014252990000   0.461988660000 AA    0.000000018897   0.026934247556   0.873032040055 Bohr
[INPUT]  7 C      0.000000000000   0.003996340000  -2.210711080000 AA    0.000000000000   0.007551988101  -4.177638481741 Bohr
[INPUT]  8 H      0.000000020000   2.064163680000   0.574494710000 AA    0.000000037795   3.900704031474   1.085637661911 Bohr
[INPUT]  9 H      0.000000000000   2.152408190000   3.069672810000 AA    0.000000000000   4.067461987371   5.800840902924 Bohr
[INPUT] 10 H     -0.000000020000  -0.024786560000   4.329864710000 AA   -0.000000037795  -0.046839809970   8.182258458319 Bohr
[INPUT] 11 H     -0.000000020000  -2.176753640000   3.025732610000 AA   -0.000000037795  -4.113468220250   5.717805959065 Bohr
[INPUT] 12 H      0.000000000000  -2.036286460000   0.530340990000 AA    0.000000000000  -3.848023720560   1.002199223731 Bohr
[INPUT] 13 H     -0.000000030000   1.035089600000  -1.875519150000 AA   -0.000000056692   1.956035858386  -3.544217534877 Bohr
[INPUT] 14 H     -0.890738600000  -0.502830380000  -1.858413330000 AA   -1.683252002579  -0.950211705311  -3.511892219941 Bohr
[INPUT] 15 H      0.890738620000  -0.502830340000  -1.858413340000 AA    1.683252040373  -0.950211629722  -3.511892238838 Bohr
[INPUT] 16 Cl    -0.000000010000  -0.010170180000  -4.027841000000 AA   -0.000000018897  -0.019218854838  -7.611516363294 Bohr
[INPUT] ---------------- BASIS SET ---------------- 
[INPUT] l, kappa, [nprim/nctr], expnt,             c_1 c_2 ...
[INPUT] Cl
[INPUT] 0    0    [6    /1   ]  25180.1           0.001833
                                3780.35           0.014034
                                860.474           0.069097
                                242.145           0.237452
                                77.3349           0.483034
                                26.247            0.339856
[INPUT] 0    0    [6    /1   ]  491.765           -0.0022974
                                116.984           -0.030714
                                37.4153           -0.112528
                                13.7834           0.045016
                                5.45215           0.589353
                                2.22588           0.465206
[INPUT] 0    0    [3    /1   ]  3.18649           -0.25183
                                1.14427           0.061589
                                0.420377          1.06018
[INPUT] 0    0    [1    /1   ]  0.142657             1
[INPUT] 1    0    [6    /1   ]  491.765           0.0039894
                                116.984           0.030318
                                37.4153           0.12988
                                13.7834           0.327951
                                5.45215           0.453527
                                2.22588           0.252154
[INPUT] 1    0    [3    /1   ]  3.18649           -0.014299
                                1.14427           0.323572
                                0.420377          0.743507
[INPUT] 1    0    [1    /1   ]  0.142657             1
[INPUT] 2    0    [1    /1   ]  0.75                 1
[INPUT] N
[INPUT] 0    0    [6    /1   ]  4173.511          0.0018348
                                627.4579          0.013995
                                142.9021          0.068587
                                40.23433          0.232241
                                12.82021          0.46907
                                4.390437          0.360455
[INPUT] 0    0    [3    /1   ]  11.626358         -0.114961
                                2.71628           -0.169118
                                0.772218          1.145852
[INPUT] 0    0    [1    /1   ]  0.2120313            1
[INPUT] 1    0    [3    /1   ]  11.626358         0.06758
                                2.71628           0.323907
                                0.772218          0.740895
[INPUT] 1    0    [1    /1   ]  0.2120313            1
[INPUT] 2    0    [1    /1   ]  0.8                  1
[INPUT] C
[INPUT] 0    0    [6    /1   ]  3047.5249         0.0018347
                                457.36951         0.0140373
                                103.94869         0.0688426
                                29.210155         0.2321844
                                9.286663          0.4679413
                                3.163927          0.362312
[INPUT] 0    0    [3    /1   ]  7.8682724         -0.1193324
                                1.8812885         -0.1608542
                                0.5442493         1.1434564
[INPUT] 0    0    [1    /1   ]  0.1687144            1
[INPUT] 1    0    [3    /1   ]  7.8682724         0.0689991
                                1.8812885         0.316424
                                0.5442493         0.7443083
[INPUT] 1    0    [1    /1   ]  0.1687144            1
[INPUT] 2    0    [1    /1   ]  0.8                  1
[INPUT] H
[INPUT] 0    0    [3    /1   ]  18.731137         0.0334946
                                2.8253937         0.23472695
                                0.6401217         0.81375733
[INPUT] 0    0    [1    /1   ]  0.1612778            1

nuclear repulsion = 373.878200377117
number of shells = 66
number of NR pGTOs = 272
number of NR cGTOs = 132
basis = 631g*
ecp = {}
CPU time:         0.37


******** <class 'pyscf.dft.rks.RKS'> ********
method = RKS
initial guess = minao
damping factor = 0
level_shift factor = 0
DIIS = <class 'pyscf.scf.diis.CDIIS'>
diis_start_cycle = 1
diis_space = 8
SCF conv_tol = 1e-09
SCF conv_tol_grad = None
SCF max_cycles = 50
direct_scf = True
direct_scf_tol = 1e-13
chkfile to save SCF result = /scratch/global/yangjunjie/tmpqzap0l_w
max_memory 127949 MB (current use 81 MB)
XC library pyscf.dft.libxc version 5.2.0
    S. Lehtola, C. Steigemann, M. J. Oliveira, and M. A. Marques, SoftwareX 7, 1 (2018)
XC functionals = b3lyp
    P. A. M. Dirac, Math. Proc. Cambridge Philos. Soc. 26, 376 (1930)
    F. Bloch, Z. Phys. 57, 545 (1929)
    A. D. Becke, Phys. Rev. A 38, 3098 (1988)
    C. Lee, W. Yang, and R. G. Parr, Phys. Rev. B 37, 785 (1988)
    B. Miehlich, A. Savin, H. Stoll, and H. Preuss, Chem. Phys. Lett. 157, 200 (1989)
    S. H. Vosko, L. Wilk, and M. Nusair, Can. J. Phys. 58, 1200 (1980)
radial grids: 
    Treutler-Ahlrichs [JCP 102, 346 (1995); DOI:10.1063/1.469408] (M4) radial grids
    
becke partition: Becke, JCP 88, 2547 (1988); DOI:10.1063/1.454033
pruning grids: <function nwchem_prune at 0x7ff85786eee0>
grids dens level: 3
symmetrized grids: False
atomic radii adjust function: <function treutler_atomic_radii_adjust at 0x7ff85786ee50>
small_rho_cutoff = 1e-07
Set gradient conv threshold to 3.16228e-05
atom C rad-grids = 75, ang-grids = [ 50  50  50  50  50  50  50  50  50  50  50  50  50  50  50  50  50  50
  50  50  50  50  50  86  86  86  86  86  86  86  86  86  86 266 266 266
 266 266 266 266 302 302 302 302 302 302 302 302 302 302 302 302 302 302
 302 302 302 302 302 302 266 266 266 266 266 266 266 266 266 266 266 266
 266 266 266]
atom N rad-grids = 75, ang-grids = [ 50  50  50  50  50  50  50  50  50  50  50  50  50  50  50  50  50  50
  50  50  50  50  50  86  86  86  86  86  86  86  86  86 266 266 266 266
 266 266 266 302 302 302 302 302 302 302 302 302 302 302 302 302 302 302
 302 302 302 302 266 266 266 266 266 266 266 266 266 266 266 266 266 266
 266 266 266]
atom H rad-grids = 50, ang-grids = [ 50  50  50  50  50  50  50  50  50  50  50  50  50  50  86  86  86  86
 266 266 266 266 302 302 302 302 302 302 302 302 302 302 302 302 302 266
 266 266 266 266 266 266 266 266 266 266 266 266 266 266]
atom Cl rad-grids = 80, ang-grids = [ 50  50  50  50  50  50  50  50  50  50  50  50  50  50  50  50  50  50
  50  50  50  50  50  50  86  86  86  86  86  86  86  86  86  86  86  86
  86 350 350 350 350 350 350 350 350 350 434 434 434 434 434 434 434 434
 434 434 434 434 434 434 434 434 434 434 350 350 350 350 350 350 350 350
 350 350 350 350 350 350 350 350]
tot grids = 196530
Drop grids 32978
    CPU time for setting up grids      3.35 sec, wall time      0.15 sec
nelec by numeric integration = 67.97621998380303
    CPU time for vxc      5.86 sec, wall time      0.23 sec
E1 = -1760.9715568520844  Ecoul = 708.4390105706615  Exc = -70.3695024754907
init E= -749.023848379797
cond(S) = 6728.331328041072
    CPU time for initialize scf     16.36 sec, wall time      0.71 sec
  HOMO = -0.298150039579728  LUMO = -0.102424909821937
  mo_energy =
[-1.01597265e+02 -1.44000686e+01 -1.02938152e+01 -1.02925846e+01
 -1.02920652e+01 -1.02891583e+01 -1.02863768e+01 -1.02862020e+01
 -9.53825497e+00 -7.29415676e+00 -7.29292875e+00 -7.29292820e+00
 -1.09282089e+00 -9.38339907e-01 -9.31101308e-01 -8.89189464e-01
 -7.57441204e-01 -7.09109170e-01 -7.05169491e-01 -5.78219308e-01
 -5.30636481e-01 -5.04260939e-01 -4.73706839e-01 -4.72839618e-01
 -4.64243247e-01 -4.59360077e-01 -4.34142261e-01 -4.33245853e-01
 -3.91385186e-01 -3.43734896e-01 -3.42751152e-01 -3.24574401e-01
 -3.01125651e-01 -2.98150040e-01 -1.02424910e-01 -7.54605009e-02
 -3.47755003e-02  4.66590205e-02  7.11618952e-02  7.47031194e-02
  8.85392613e-02  1.08597690e-01  1.21581818e-01  1.23298387e-01
  1.43023222e-01  1.64094327e-01  1.91798408e-01  2.40485688e-01
  2.57046907e-01  2.71040157e-01  3.59842874e-01  3.90658969e-01
  4.01497230e-01  4.15194350e-01  4.15208924e-01  4.27462624e-01
  4.63935312e-01  4.74632804e-01  4.87092815e-01  5.06252156e-01
  5.23730750e-01  5.24104828e-01  5.39147068e-01  5.50633686e-01
  5.54991372e-01  5.55979617e-01  5.60318579e-01  6.08433357e-01
  6.22909061e-01  6.41651504e-01  6.69578178e-01  7.59060966e-01
  7.62903291e-01  7.85497922e-01  7.86248352e-01  7.90346983e-01
  7.98135149e-01  7.99036504e-01  8.28216273e-01  8.43080971e-01
  8.49144630e-01  8.67438283e-01  8.76559194e-01  8.97627432e-01
  9.06634214e-01  9.29737916e-01  9.73780968e-01  1.00633748e+00
  1.04289627e+00  1.07960630e+00  1.12767694e+00  1.14256041e+00
  1.16641437e+00  1.17639292e+00  1.30799038e+00  1.33758553e+00
  1.40520980e+00  1.41311234e+00  1.41698950e+00  1.43007076e+00
  1.44233289e+00  1.45225439e+00  1.62414208e+00  1.62568305e+00
  1.66125472e+00  1.70540451e+00  1.75574555e+00  1.75660359e+00
  1.85962878e+00  1.88340339e+00  1.98578769e+00  2.06478438e+00
  2.07252240e+00  2.10041695e+00  2.10631443e+00  2.12190322e+00
  2.13379578e+00  2.16747262e+00  2.17965644e+00  2.23859529e+00
  2.24023407e+00  2.30107528e+00  2.47635851e+00  2.48383373e+00
  2.60023504e+00  2.61870822e+00  2.62020610e+00  2.64900457e+00
  2.67686368e+00  2.69540326e+00  2.95501445e+00  3.31877442e+00]
nelec by numeric integration = 68.00002402402254
    CPU time for vxc      5.90 sec, wall time      0.21 sec
E1 = -1769.1163578345263  Ecoul = 717.9648293260186  Exc = -70.81042263538824
cycle= 1 E= -748.083750766779  delta_E= 0.94  |g|= 0.379  |ddm|= 3.95
    CPU time for cycle= 1      6.40 sec, wall time      0.23 sec
  HOMO = -0.198502211159606  LUMO = 0.0096527272931595
  mo_energy =
[-1.01358863e+02 -1.42036915e+01 -1.01820072e+01 -1.01802237e+01
 -1.01499927e+01 -1.01254253e+01 -1.00920462e+01 -1.00903858e+01
 -9.31451155e+00 -7.07548251e+00 -7.06546740e+00 -7.06545919e+00
 -8.88898248e-01 -7.76833661e-01 -7.57524581e-01 -7.32419273e-01
 -6.19066508e-01 -6.00724531e-01 -5.95293419e-01 -5.12069236e-01
 -4.49534535e-01 -4.34315765e-01 -4.11713432e-01 -4.02208980e-01
 -4.00697081e-01 -3.77790432e-01 -3.61223022e-01 -3.40067642e-01
 -3.33988744e-01 -2.46181692e-01 -2.37709059e-01 -2.27824698e-01
 -2.27079297e-01 -1.98502211e-01  9.65272729e-03  2.08891531e-02
  8.08218250e-02  1.05405079e-01  1.31179235e-01  1.38273197e-01
  1.59104692e-01  1.66356122e-01  1.80584640e-01  1.83783571e-01
  1.86002154e-01  2.15658573e-01  2.72904412e-01  3.14507133e-01
  3.49468491e-01  3.50950415e-01  4.64055433e-01  4.67819022e-01
  4.84074275e-01  5.13890385e-01  5.14222249e-01  5.20292424e-01
  5.35526762e-01  5.62009415e-01  5.71535057e-01  5.95267566e-01
  6.03679032e-01  6.04001401e-01  6.19635058e-01  6.20520811e-01
  6.29263427e-01  6.34745197e-01  6.56805078e-01  6.78928005e-01
  7.15718388e-01  7.18028540e-01  7.57283973e-01  8.36141217e-01
  8.44766429e-01  8.59887055e-01  8.69213176e-01  8.85730158e-01
  9.13456573e-01  9.24454194e-01  9.29741403e-01  9.53697983e-01
  9.59891536e-01  9.77075224e-01  9.79174431e-01  1.00985225e+00
  1.01854642e+00  1.02047256e+00  1.05501022e+00  1.09519130e+00
  1.10945634e+00  1.14590957e+00  1.18757092e+00  1.24019786e+00
  1.24925923e+00  1.28925195e+00  1.41153889e+00  1.41411940e+00
  1.47570307e+00  1.51482185e+00  1.52384524e+00  1.52934355e+00
  1.53906666e+00  1.56646341e+00  1.73850662e+00  1.73979613e+00
  1.76045879e+00  1.79541095e+00  1.87239252e+00  1.87941476e+00
  1.96487488e+00  1.98707942e+00  2.10617971e+00  2.18028820e+00
  2.18768722e+00  2.20804460e+00  2.22381205e+00  2.23364201e+00
  2.25034707e+00  2.27436468e+00  2.28593280e+00  2.34929168e+00
  2.36263095e+00  2.41212188e+00  2.58922400e+00  2.59237723e+00
  2.71516252e+00  2.73832697e+00  2.75265646e+00  2.77688670e+00
  2.79870146e+00  2.83340158e+00  3.08566924e+00  3.45105794e+00]
nelec by numeric integration = 68.00002258727474
    CPU time for vxc      6.17 sec, wall time      0.22 sec
E1 = -1761.5253380234428  Ecoul = 709.7884357711009  Exc = -70.22711664443955
cycle= 2 E= -748.085818519665  delta_E= -0.00207  |g|= 0.395  |ddm|= 0.969
    CPU time for cycle= 2      6.67 sec, wall time      0.24 sec
  HOMO = -0.26338852791892  LUMO = -0.0360550687341479
  mo_energy =
[-1.01471172e+02 -1.43586076e+01 -1.02114664e+01 -1.02108248e+01
 -1.02064348e+01 -1.02013414e+01 -1.02009767e+01 -1.01953355e+01
 -9.40566000e+00 -7.16852697e+00 -7.15878699e+00 -7.15877698e+00
 -9.49998246e-01 -8.16388409e-01 -8.11900352e-01 -7.73075969e-01
 -6.48166341e-01 -6.37155108e-01 -6.36454260e-01 -5.39108541e-01
 -4.88179663e-01 -4.74522521e-01 -4.40823765e-01 -4.20689157e-01
 -4.18193035e-01 -4.16121382e-01 -4.05620841e-01 -3.75719639e-01
 -3.71907941e-01 -2.98039889e-01 -2.73938544e-01 -2.64728928e-01
 -2.64218105e-01 -2.63388528e-01 -3.60550687e-02 -1.41415265e-02
  5.88759723e-02  8.46842409e-02  1.20685180e-01  1.26245870e-01
  1.40904268e-01  1.47607663e-01  1.56059491e-01  1.74146414e-01
  1.75399329e-01  2.06485070e-01  2.43037193e-01  2.87861574e-01
  3.14983191e-01  3.23304290e-01  4.36725571e-01  4.42607657e-01
  4.51866650e-01  4.87301256e-01  4.87619623e-01  4.87870576e-01
  5.04215381e-01  5.27314952e-01  5.49486410e-01  5.71670196e-01
  5.76366700e-01  5.76506577e-01  5.82601076e-01  5.94303234e-01
  5.95842443e-01  6.04616642e-01  6.17176776e-01  6.49346293e-01
  6.82628285e-01  6.86948149e-01  7.28252620e-01  8.08269564e-01
  8.16471930e-01  8.37581309e-01  8.43518754e-01  8.45086138e-01
  8.86291007e-01  8.88050567e-01  9.05481177e-01  9.21966059e-01
  9.27143680e-01  9.38430922e-01  9.38701801e-01  9.81212485e-01
  9.82608644e-01  9.87052149e-01  1.01923590e+00  1.07067346e+00
  1.08549394e+00  1.11896004e+00  1.16442249e+00  1.20753976e+00
  1.21526154e+00  1.23985236e+00  1.36883407e+00  1.37887230e+00
  1.45389582e+00  1.47083515e+00  1.47658493e+00  1.48990747e+00
  1.50124810e+00  1.51312307e+00  1.71442858e+00  1.71478420e+00
  1.71669041e+00  1.76045180e+00  1.82034706e+00  1.82893480e+00
  1.91978084e+00  1.94969880e+00  2.05917748e+00  2.13618242e+00
  2.13690622e+00  2.16626820e+00  2.17170832e+00  2.18657565e+00
  2.22157097e+00  2.25501639e+00  2.26598392e+00  2.30714590e+00
  2.30952668e+00  2.36469785e+00  2.54064854e+00  2.55019128e+00
  2.66849485e+00  2.69112405e+00  2.69881812e+00  2.72997111e+00
  2.75100452e+00  2.77511351e+00  3.03439117e+00  3.40143771e+00]
nelec by numeric integration = 68.00002244865861
    CPU time for vxc      6.08 sec, wall time      0.22 sec
E1 = -1765.1671806213178  Ecoul = 713.6611269047216  Exc = -70.49704001269458
cycle= 3 E= -748.124893352174  delta_E= -0.0391  |g|= 0.0824  |ddm|= 0.486
    CPU time for cycle= 3      6.60 sec, wall time      0.24 sec
  HOMO = -0.258228992899457  LUMO = -0.035681753535412
  mo_energy =
[-1.01493159e+02 -1.43279958e+01 -1.02296123e+01 -1.02287030e+01
 -1.02158992e+01 -1.02075263e+01 -1.02072177e+01 -1.02066076e+01
 -9.42401169e+00 -7.18713993e+00 -7.17755504e+00 -7.17754411e+00
 -9.45416638e-01 -8.20244166e-01 -8.15976850e-01 -7.77470842e-01
 -6.54019535e-01 -6.40923544e-01 -6.37912643e-01 -5.42079361e-01
 -4.90437699e-01 -4.77075227e-01 -4.44670910e-01 -4.23797771e-01
 -4.21812442e-01 -4.17943899e-01 -4.05959239e-01 -3.82915595e-01
 -3.73717025e-01 -2.96325753e-01 -2.78242545e-01 -2.72592511e-01
 -2.72063264e-01 -2.58228993e-01 -3.56817535e-02 -1.76897223e-02
  5.43599563e-02  8.31413550e-02  1.18666437e-01  1.24430267e-01
  1.39337251e-01  1.46418107e-01  1.55286428e-01  1.72769505e-01
  1.74333577e-01  2.04753116e-01  2.42551299e-01  2.86168212e-01
  3.15078161e-01  3.21204826e-01  4.29493225e-01  4.40970624e-01
  4.49239220e-01  4.81649091e-01  4.81954536e-01  4.85124643e-01
  5.01409069e-01  5.26495109e-01  5.46201018e-01  5.68195686e-01
  5.73139150e-01  5.74728543e-01  5.79518414e-01  5.90970685e-01
  5.94602947e-01  6.01234398e-01  6.17931485e-01  6.46137898e-01
  6.81086008e-01  6.83058782e-01  7.26438529e-01  8.06229679e-01
  8.14171938e-01  8.35012789e-01  8.39125283e-01  8.49663604e-01
  8.80008968e-01  8.82466700e-01  9.01316765e-01  9.18592382e-01
  9.21767980e-01  9.31077990e-01  9.33059056e-01  9.75356750e-01
  9.76793557e-01  9.82813371e-01  1.02044529e+00  1.06750299e+00
  1.08274627e+00  1.11831167e+00  1.16281247e+00  1.20650948e+00
  1.21273435e+00  1.23745441e+00  1.36626149e+00  1.38059857e+00
  1.45327451e+00  1.46612853e+00  1.47532058e+00  1.49125709e+00
  1.49748830e+00  1.51528588e+00  1.70919993e+00  1.70995425e+00
  1.71688163e+00  1.75988980e+00  1.82153717e+00  1.82620131e+00
  1.91918200e+00  1.94583532e+00  2.05531149e+00  2.13300153e+00
  2.13497938e+00  2.16222889e+00  2.17078323e+00  2.18543028e+00
  2.21638051e+00  2.25090505e+00  2.26193567e+00  2.30250209e+00
  2.30910506e+00  2.36430778e+00  2.54041945e+00  2.54648540e+00
  2.66617807e+00  2.68900027e+00  2.69738881e+00  2.72573385e+00
  2.74816038e+00  2.77516879e+00  3.03316978e+00  3.39859063e+00]
nelec by numeric integration = 68.00002264122146
    CPU time for vxc      5.91 sec, wall time      0.21 sec
E1 = -1765.349870272243  Ecoul = 713.8553383076784  Exc = -70.50971805209483
cycle= 4 E= -748.126049639543  delta_E= -0.00116  |g|= 0.0387  |ddm|= 0.0928
    CPU time for cycle= 4      6.44 sec, wall time      0.23 sec
  HOMO = -0.261869635309402  LUMO = -0.0350074163020449
  mo_energy =
[-1.01489036e+02 -1.43385799e+01 -1.02265648e+01 -1.02263089e+01
 -1.02099923e+01 -1.02084048e+01 -1.02010740e+01 -1.02009057e+01
 -9.42106889e+00 -7.18402818e+00 -7.17452821e+00 -7.17451709e+00
 -9.46034494e-01 -8.19514968e-01 -8.13420187e-01 -7.75140639e-01
 -6.54756348e-01 -6.38953239e-01 -6.37001674e-01 -5.40472413e-01
 -4.88768698e-01 -4.75565430e-01 -4.42914494e-01 -4.24914967e-01
 -4.22877067e-01 -4.16320765e-01 -4.05163432e-01 -3.82598322e-01
 -3.72311134e-01 -2.95479878e-01 -2.75845978e-01 -2.72220954e-01
 -2.71680321e-01 -2.61869635e-01 -3.50074163e-02 -1.56617301e-02
  5.43543069e-02  8.43590476e-02  1.18512942e-01  1.24568208e-01
  1.40735696e-01  1.46468651e-01  1.56099941e-01  1.71639912e-01
  1.74740306e-01  2.04512131e-01  2.43196275e-01  2.87969914e-01
  3.15503939e-01  3.22688060e-01  4.29739835e-01  4.41367175e-01
  4.50346735e-01  4.81801367e-01  4.82099103e-01  4.85673907e-01
  5.03533962e-01  5.27199103e-01  5.45806732e-01  5.68303130e-01
  5.75101216e-01  5.75714980e-01  5.81580181e-01  5.92718857e-01
  5.96872507e-01  6.03652688e-01  6.17230222e-01  6.47849666e-01
  6.83289090e-01  6.83505488e-01  7.25480046e-01  8.08264790e-01
  8.16957224e-01  8.36398330e-01  8.39888639e-01  8.47042612e-01
  8.80218728e-01  8.82267413e-01  9.01722557e-01  9.19606279e-01
  9.22900006e-01  9.31235858e-01  9.33989831e-01  9.75129459e-01
  9.77741151e-01  9.83366461e-01  1.01962806e+00  1.06763662e+00
  1.08380352e+00  1.11913830e+00  1.16480549e+00  1.20684987e+00
  1.21229398e+00  1.23938410e+00  1.36863637e+00  1.38056192e+00
  1.45368833e+00  1.46915161e+00  1.47754521e+00  1.48875477e+00
  1.49901828e+00  1.51471303e+00  1.70818227e+00  1.70900838e+00
  1.71728994e+00  1.76078666e+00  1.82177772e+00  1.82866061e+00
  1.92129289e+00  1.94812384e+00  2.05801398e+00  2.13524921e+00
  2.13694044e+00  2.16414277e+00  2.17286242e+00  2.18657935e+00
  2.21568670e+00  2.24972713e+00  2.26084181e+00  2.30490764e+00
  2.31021509e+00  2.36485443e+00  2.54145261e+00  2.54888221e+00
  2.66829157e+00  2.69007077e+00  2.69869046e+00  2.72784162e+00
  2.74966728e+00  2.77636738e+00  3.03375968e+00  3.40023008e+00]
nelec by numeric integration = 68.00002263423424
    CPU time for vxc      5.97 sec, wall time      0.21 sec
E1 = -1765.298930967223  Ecoul = 713.8014807671115  Exc = -70.50712030476258
cycle= 5 E= -748.126370127758  delta_E= -0.00032  |g|= 0.0107  |ddm|= 0.0438
    CPU time for cycle= 5      6.53 sec, wall time      0.23 sec
  HOMO = -0.260245874315278  LUMO = -0.0344574958771271
  mo_energy =
[-1.01486034e+02 -1.43354956e+01 -1.02234496e+01 -1.02231385e+01
 -1.02116980e+01 -1.02059168e+01 -1.02023880e+01 -1.02021224e+01
 -9.41875892e+00 -7.18163726e+00 -7.17215548e+00 -7.17214427e+00
 -9.44417735e-01 -8.18564982e-01 -8.13601967e-01 -7.74402650e-01
 -6.53654270e-01 -6.38555689e-01 -6.36393273e-01 -5.40181986e-01
 -4.88262742e-01 -4.75515979e-01 -4.42359850e-01 -4.23965283e-01
 -4.21950716e-01 -4.16416729e-01 -4.04390885e-01 -3.81606794e-01
 -3.72150496e-01 -2.95226988e-01 -2.75326618e-01 -2.71330221e-01
 -2.70799673e-01 -2.60245874e-01 -3.44574959e-02 -1.51782734e-02
  5.53011270e-02  8.42858114e-02  1.19028898e-01  1.24961933e-01
  1.41128843e-01  1.46742459e-01  1.56101980e-01  1.72330636e-01
  1.74930499e-01  2.05127330e-01  2.43798243e-01  2.87897615e-01
  3.16222821e-01  3.22814849e-01  4.30490255e-01  4.41813804e-01
  4.50890380e-01  4.82444149e-01  4.82743364e-01  4.86301823e-01
  5.03821856e-01  5.27638637e-01  5.46490410e-01  5.69029334e-01
  5.75506550e-01  5.76592536e-01  5.81878475e-01  5.92981499e-01
  5.96344565e-01  6.03522627e-01  6.18045312e-01  6.48258897e-01
  6.82970913e-01  6.84565514e-01  7.26715330e-01  8.08095598e-01
  8.16199240e-01  8.36670381e-01  8.40809498e-01  8.48398691e-01
  8.81185712e-01  8.83338051e-01  9.02301002e-01  9.20197037e-01
  9.23205277e-01  9.32264889e-01  9.34581375e-01  9.76216907e-01
  9.78399422e-01  9.83997622e-01  1.02061000e+00  1.06832650e+00
  1.08421759e+00  1.11959095e+00  1.16456662e+00  1.20739141e+00
  1.21305965e+00  1.23984696e+00  1.36887801e+00  1.38096314e+00
  1.45424677e+00  1.46924465e+00  1.47754659e+00  1.48990565e+00
  1.50010659e+00  1.51581709e+00  1.70941712e+00  1.71023268e+00
  1.71802649e+00  1.76140793e+00  1.82247068e+00  1.82888616e+00
  1.92118023e+00  1.94861462e+00  2.05842014e+00  2.13573880e+00
  2.13738630e+00  2.16497493e+00  2.17287287e+00  2.18727220e+00
  2.21691168e+00  2.25085079e+00  2.26195424e+00  2.30548229e+00
  2.31055465e+00  2.36579713e+00  2.54204232e+00  2.54934034e+00
  2.66859035e+00  2.69077614e+00  2.69922511e+00  2.72848172e+00
  2.75045634e+00  2.77671991e+00  3.03468616e+00  3.40075402e+00]
nelec by numeric integration = 68.0000225626198
    CPU time for vxc      6.05 sec, wall time      0.22 sec
E1 = -1765.2331440536545  Ecoul = 713.7313181939558  Exc = -70.50277084173837
cycle= 6 E= -748.12639632432  delta_E= -2.62e-05  |g|= 0.0049  |ddm|= 0.0163
    CPU time for cycle= 6      6.66 sec, wall time      0.24 sec
  HOMO = -0.260593700611982  LUMO = -0.0345184326220347
  mo_energy =
[-1.01486003e+02 -1.43361895e+01 -1.02245891e+01 -1.02242388e+01
 -1.02107163e+01 -1.02060400e+01 -1.02020313e+01 -1.02017695e+01
 -9.41878248e+00 -7.18165151e+00 -7.17217399e+00 -7.17216276e+00
 -9.44986561e-01 -8.18696702e-01 -8.13479397e-01 -7.74649635e-01
 -6.53714430e-01 -6.38604954e-01 -6.36506810e-01 -5.40213169e-01
 -4.88382078e-01 -4.75482836e-01 -4.42565877e-01 -4.24098222e-01
 -4.22072039e-01 -4.16289958e-01 -4.04621005e-01 -3.81696820e-01
 -3.72161079e-01 -2.95221515e-01 -2.75521287e-01 -2.71429449e-01
 -2.70899018e-01 -2.60593701e-01 -3.45184326e-02 -1.53233144e-02
  5.52006449e-02  8.43864407e-02  1.18958676e-01  1.24909133e-01
  1.41081668e-01  1.46727696e-01  1.56189065e-01  1.72212579e-01
  1.74937955e-01  2.05009855e-01  2.43643407e-01  2.87989760e-01
  3.16039906e-01  3.22842203e-01  4.30468782e-01  4.41751919e-01
  4.50747989e-01  4.82349780e-01  4.82647856e-01  4.86114739e-01
  5.03748919e-01  5.27571757e-01  5.46402486e-01  5.68915155e-01
  5.75377678e-01  5.76323443e-01  5.81797501e-01  5.92971671e-01
  5.96570185e-01  6.03614536e-01  6.17892768e-01  6.48139148e-01
  6.83138864e-01  6.84316366e-01  7.26474375e-01  8.08159782e-01
  8.16541595e-01  8.36628874e-01  8.40574050e-01  8.48123475e-01
  8.81071375e-01  8.83198391e-01  9.02283039e-01  9.20181221e-01
  9.23221715e-01  9.32148730e-01  9.34537926e-01  9.76097365e-01
  9.78363572e-01  9.83923008e-01  1.02039358e+00  1.06824353e+00
  1.08414177e+00  1.11949074e+00  1.16467777e+00  1.20730773e+00
  1.21294372e+00  1.23973307e+00  1.36880145e+00  1.38090757e+00
  1.45412224e+00  1.46924936e+00  1.47759598e+00  1.48973445e+00
  1.49972017e+00  1.51550837e+00  1.70928111e+00  1.71009331e+00
  1.71783019e+00  1.76124571e+00  1.82232870e+00  1.82884337e+00
  1.92125078e+00  1.94843250e+00  2.05828863e+00  2.13556227e+00
  2.13727211e+00  2.16471786e+00  2.17292522e+00  2.18712420e+00
  2.21677572e+00  2.25072455e+00  2.26182414e+00  2.30529749e+00
  2.31055840e+00  2.36552118e+00  2.54189890e+00  2.54918937e+00
  2.66853038e+00  2.69063468e+00  2.69913851e+00  2.72831779e+00
  2.75022467e+00  2.77671054e+00  3.03447281e+00  3.40067741e+00]
nelec by numeric integration = 68.00002258405969
    CPU time for vxc      6.40 sec, wall time      0.23 sec
E1 = -1765.2461380732336  Ecoul = 713.7447674147414  Exc = -70.50323269681873
cycle= 7 E= -748.126402978194  delta_E= -6.65e-06  |g|= 0.000592  |ddm|= 0.00511
    CPU time for cycle= 7      6.96 sec, wall time      0.25 sec
  HOMO = -0.26056938470495  LUMO = -0.0345136849617888
  mo_energy =
[-1.01486296e+02 -1.43361725e+01 -1.02245158e+01 -1.02242067e+01
 -1.02108943e+01 -1.02062441e+01 -1.02018999e+01 -1.02016617e+01
 -9.41901107e+00 -7.18188901e+00 -7.17240772e+00 -7.17239649e+00
 -9.44960921e-01 -8.18790662e-01 -8.13492162e-01 -7.74603976e-01
 -6.53780115e-01 -6.38589619e-01 -6.36488776e-01 -5.40207396e-01
 -4.88361825e-01 -4.75456335e-01 -4.42530594e-01 -4.24143987e-01
 -4.22120682e-01 -4.16311303e-01 -4.04603095e-01 -3.81786457e-01
 -3.72148164e-01 -2.95225886e-01 -2.75480554e-01 -2.71518739e-01
 -2.70986247e-01 -2.60569385e-01 -3.45136850e-02 -1.52901819e-02
  5.51341408e-02  8.43706130e-02  1.18958647e-01  1.24914701e-01
  1.41100086e-01  1.46729322e-01  1.56184258e-01  1.72190805e-01
  1.74941051e-01  2.05010751e-01  2.43651223e-01  2.87993721e-01
  3.16063848e-01  3.22856212e-01  4.30388445e-01  4.41759905e-01
  4.50756505e-01  4.82286114e-01  4.82583982e-01  4.86084157e-01
  5.03765100e-01  5.27578355e-01  5.46360627e-01  5.68891429e-01
  5.75411570e-01  5.76346380e-01  5.81801788e-01  5.92957702e-01
  5.96566049e-01  6.03615932e-01  6.17893756e-01  6.48169843e-01
  6.83142233e-01  6.84336173e-01  7.26473349e-01  8.08190653e-01
  8.16516275e-01  8.36650041e-01  8.40597554e-01  8.48126687e-01
  8.80998084e-01  8.83121838e-01  9.02255543e-01  9.20139348e-01
  9.23199126e-01  9.32061426e-01  9.34495524e-01  9.76019862e-01
  9.78310718e-01  9.83902736e-01  1.02041228e+00  1.06820599e+00
  1.08415072e+00  1.11949399e+00  1.16468402e+00  1.20730377e+00
  1.21291537e+00  1.23975351e+00  1.36882123e+00  1.38091259e+00
  1.45413822e+00  1.46926446e+00  1.47760672e+00  1.48973409e+00
  1.49975997e+00  1.51552751e+00  1.70919957e+00  1.71001553e+00
  1.71785289e+00  1.76125863e+00  1.82234507e+00  1.82885982e+00
  1.92125323e+00  1.94846983e+00  2.05830901e+00  2.13559567e+00
  2.13728919e+00  2.16475770e+00  2.17292807e+00  2.18713132e+00
  2.21669709e+00  2.25065898e+00  2.26176131e+00  2.30533920e+00
  2.31055938e+00  2.36554397e+00  2.54190872e+00  2.54922066e+00
  2.66854479e+00  2.69065787e+00  2.69915806e+00  2.72835361e+00
  2.75025788e+00  2.77671513e+00  3.03449740e+00  3.40070000e+00]
nelec by numeric integration = 68.00002258896673
    CPU time for vxc      6.06 sec, wall time      0.22 sec
E1 = -1765.2482549602735  Ecoul = 713.7470703775656  Exc = -70.50341886071428
cycle= 8 E= -748.126403066306  delta_E= -8.81e-08  |g|= 0.000191  |ddm|= 0.000752
    CPU time for cycle= 8      6.57 sec, wall time      0.23 sec
  HOMO = -0.260569411266137  LUMO = -0.0345059763799165
  mo_energy =
[-1.01486306e+02 -1.43361740e+01 -1.02245099e+01 -1.02241759e+01
 -1.02108358e+01 -1.02062310e+01 -1.02019404e+01 -1.02016829e+01
 -9.41901310e+00 -7.18189324e+00 -7.17240995e+00 -7.17239873e+00
 -9.44956954e-01 -8.18783161e-01 -8.13484559e-01 -7.74605104e-01
 -6.53776116e-01 -6.38585563e-01 -6.36487835e-01 -5.40200553e-01
 -4.88358741e-01 -4.75462737e-01 -4.42532593e-01 -4.24137845e-01
 -4.22114881e-01 -4.16299703e-01 -4.04599577e-01 -3.81783892e-01
 -3.72148447e-01 -2.95218268e-01 -2.75482385e-01 -2.71515828e-01
 -2.70983186e-01 -2.60569411e-01 -3.45059764e-02 -1.52918736e-02
  5.51377517e-02  8.43727652e-02  1.18959556e-01  1.24914984e-01
  1.41102359e-01  1.46728429e-01  1.56188552e-01  1.72195089e-01
  1.74943366e-01  2.05011582e-01  2.43654436e-01  2.87997815e-01
  3.16064746e-01  3.22856539e-01  4.30383571e-01  4.41761956e-01
  4.50757717e-01  4.82288323e-01  4.82586222e-01  4.86087645e-01
  5.03768407e-01  5.27580952e-01  5.46365221e-01  5.68895370e-01
  5.75409729e-01  5.76347359e-01  5.81806955e-01  5.92968156e-01
  5.96569776e-01  6.03620135e-01  6.17895388e-01  6.48168439e-01
  6.83144277e-01  6.84338071e-01  7.26477814e-01  8.08183519e-01
  8.16527460e-01  8.36648623e-01  8.40599398e-01  8.48129363e-01
  8.81002899e-01  8.83126114e-01  9.02258446e-01  9.20143503e-01
  9.23203084e-01  9.32065817e-01  9.34498168e-01  9.76021658e-01
  9.78313566e-01  9.83906245e-01  1.02041269e+00  1.06820983e+00
  1.08414987e+00  1.11949736e+00  1.16468504e+00  1.20730380e+00
  1.21291703e+00  1.23975649e+00  1.36882430e+00  1.38091593e+00
  1.45413900e+00  1.46927004e+00  1.47760844e+00  1.48973668e+00
  1.49976158e+00  1.51553160e+00  1.70920830e+00  1.71002403e+00
  1.71785373e+00  1.76126257e+00  1.82234931e+00  1.82886345e+00
  1.92125728e+00  1.94846807e+00  2.05831402e+00  2.13559601e+00
  2.13729300e+00  2.16475798e+00  2.17293368e+00  2.18713833e+00
  2.21670575e+00  2.25066677e+00  2.26176877e+00  2.30533761e+00
  2.31056610e+00  2.36554721e+00  2.54191461e+00  2.54922210e+00
  2.66854884e+00  2.69065998e+00  2.69916124e+00  2.72835330e+00
  2.75025951e+00  2.77672214e+00  3.03450081e+00  3.40070287e+00]
nelec by numeric integration = 68.00002258818206
    CPU time for vxc      5.90 sec, wall time      0.21 sec
E1 = -1765.247948368915  Ecoul = 713.7467497547456  Exc = -70.50340483719074
cycle= 9 E= -748.126403074244  delta_E= -7.94e-09  |g|= 5.35e-05  |ddm|= 0.000176
    CPU time for cycle= 9      6.42 sec, wall time      0.23 sec
  HOMO = -0.260575359997333  LUMO = -0.0345108585006918
  mo_energy =
[-1.01486274e+02 -1.43361821e+01 -1.02245086e+01 -1.02241912e+01
 -1.02108492e+01 -1.02062184e+01 -1.02019356e+01 -1.02016934e+01
 -9.41898630e+00 -7.18186612e+00 -7.17238262e+00 -7.17237140e+00
 -9.44962525e-01 -8.18773468e-01 -8.13488705e-01 -7.74608959e-01
 -6.53771404e-01 -6.38589120e-01 -6.36492283e-01 -5.40204247e-01
 -4.88363863e-01 -4.75465101e-01 -4.42535503e-01 -4.24136438e-01
 -4.22112927e-01 -4.16303217e-01 -4.04603643e-01 -3.81775369e-01
 -3.72152236e-01 -2.95223017e-01 -2.75485758e-01 -2.71504407e-01
 -2.70972183e-01 -2.60575360e-01 -3.45108585e-02 -1.52955657e-02
  5.51436086e-02  8.43724546e-02  1.18958929e-01  1.24913482e-01
  1.41098189e-01  1.46727478e-01  1.56186522e-01  1.72194754e-01
  1.74940540e-01  2.05011230e-01  2.43651369e-01  2.87994536e-01
  3.16060780e-01  3.22853487e-01  4.30393986e-01  4.41759177e-01
  4.50756997e-01  4.82296417e-01  4.82594351e-01  4.86090985e-01
  5.03765036e-01  5.27577646e-01  5.46367674e-01  5.68896031e-01
  5.75406859e-01  5.76343800e-01  5.81804248e-01  5.92964717e-01
  5.96566610e-01  6.03616943e-01  6.17892519e-01  6.48165491e-01
  6.83141091e-01  6.84335380e-01  7.26475305e-01  8.08181178e-01
  8.16523735e-01  8.36646353e-01  8.40596415e-01  8.48125955e-01
  8.81010447e-01  8.83134471e-01  9.02259309e-01  9.20146788e-01
  9.23203193e-01  9.32076064e-01  9.34502532e-01  9.76029854e-01
  9.78318135e-01  9.83906775e-01  1.02040914e+00  1.06821171e+00
  1.08414885e+00  1.11949442e+00  1.16468263e+00  1.20730347e+00
  1.21291873e+00  1.23975152e+00  1.36881991e+00  1.38091221e+00
  1.45413586e+00  1.46926554e+00  1.47760350e+00  1.48973331e+00
  1.49975751e+00  1.51552603e+00  1.70921263e+00  1.71002800e+00
  1.71784919e+00  1.76125871e+00  1.82234419e+00  1.82885897e+00
  1.92125326e+00  1.94846465e+00  2.05830945e+00  2.13559199e+00
  2.13728838e+00  2.16475390e+00  2.17292848e+00  2.18713322e+00
  2.21671017e+00  2.25066918e+00  2.26177109e+00  2.30533375e+00
  2.31056037e+00  2.36554223e+00  2.54190950e+00  2.54921799e+00
  2.66854420e+00  2.69065491e+00  2.69915601e+00  2.72834890e+00
  2.75025491e+00  2.77671640e+00  3.03449557e+00  3.40069789e+00]
nelec by numeric integration = 68.00002258808561
    CPU time for vxc      5.88 sec, wall time      0.21 sec
E1 = -1765.247787046935  Ecoul = 713.746574784396  Exc = -70.50339118955661
cycle= 10 E= -748.126403074979  delta_E= -7.35e-10  |g|= 2.23e-05  |ddm|= 9.11e-05
    CPU time for cycle= 10      6.39 sec, wall time      0.23 sec
  HOMO = -0.260576327565642  LUMO = -0.0345099772605186
  mo_energy =
[-1.01486287e+02 -1.43361862e+01 -1.02245148e+01 -1.02241755e+01
 -1.02108453e+01 -1.02062194e+01 -1.02019451e+01 -1.02016824e+01
 -9.41899671e+00 -7.18187669e+00 -7.17239323e+00 -7.17238201e+00
 -9.44961736e-01 -8.18777467e-01 -8.13488023e-01 -7.74607374e-01
 -6.53772638e-01 -6.38587772e-01 -6.36491175e-01 -5.40202831e-01
 -4.88362536e-01 -4.75464197e-01 -4.42534054e-01 -4.24136891e-01
 -4.22113622e-01 -4.16302602e-01 -4.04602693e-01 -3.81778059e-01
 -3.72151058e-01 -2.95222376e-01 -2.75484301e-01 -2.71508424e-01
 -2.70976037e-01 -2.60576328e-01 -3.45099773e-02 -1.52942046e-02
  5.51417389e-02  8.43723722e-02  1.18958725e-01  1.24914258e-01
  1.41099317e-01  1.46727461e-01  1.56187006e-01  1.72194772e-01
  1.74942713e-01  2.05010583e-01  2.43652005e-01  2.87995488e-01
  3.16061512e-01  3.22854326e-01  4.30391621e-01  4.41760249e-01
  4.50756513e-01  4.82293565e-01  4.82591476e-01  4.86088988e-01
  5.03766212e-01  5.27578345e-01  5.46366615e-01  5.68895957e-01
  5.75408162e-01  5.76345265e-01  5.81804783e-01  5.92966019e-01
  5.96567396e-01  6.03618081e-01  6.17892521e-01  6.48166658e-01
  6.83141825e-01  6.84336396e-01  7.26475908e-01  8.08182226e-01
  8.16524516e-01  8.36646811e-01  8.40598316e-01  8.48125661e-01
  8.81007980e-01  8.83131249e-01  9.02259085e-01  9.20145740e-01
  9.23203094e-01  9.32072389e-01  9.34500566e-01  9.76026779e-01
  9.78316999e-01  9.83906618e-01  1.02040951e+00  1.06821121e+00
  1.08414900e+00  1.11949532e+00  1.16468318e+00  1.20730280e+00
  1.21291753e+00  1.23975293e+00  1.36882130e+00  1.38091244e+00
  1.45413672e+00  1.46926716e+00  1.47760457e+00  1.48973298e+00
  1.49975946e+00  1.51552657e+00  1.70921149e+00  1.71002698e+00
  1.71784987e+00  1.76125984e+00  1.82234484e+00  1.82886021e+00
  1.92125412e+00  1.94846612e+00  2.05831120e+00  2.13559338e+00
  2.13728960e+00  2.16475550e+00  2.17292951e+00  2.18713468e+00
  2.21670854e+00  2.25066877e+00  2.26177063e+00  2.30533538e+00
  2.31056133e+00  2.36554333e+00  2.54191041e+00  2.54921966e+00
  2.66854556e+00  2.69065620e+00  2.69915705e+00  2.72835049e+00
  2.75025631e+00  2.77671734e+00  3.03449676e+00  3.40069926e+00]
nelec by numeric integration = 68.00002258785527
    CPU time for vxc      5.90 sec, wall time      0.21 sec
E1 = -1765.2478832798142  Ecoul = 713.7466784738971  Exc = -70.50339864589114
Extra cycle  E= -748.126403074692  delta_E= 2.87e-10  |g|= 3.88e-05  |ddm|= 6.15e-05
    CPU time for scf_cycle     88.38 sec, wall time      3.29 sec
    CPU time for SCF     88.38 sec, wall time      3.29 sec
converged SCF energy = -748.126403074692
Converting <class 'pyscf.dft.rks.RKS'> to RHF


******** <class 'pyscf.tdscf.rks.TDA'> for <class 'pyscf.dft.rks.RKS'> ********
nstates = 50 singlet
wfnsym = None
conv_tol = 1e-09
eigh lindep = 1e-12
eigh level_shift = 0
eigh max_space = 600
eigh max_cycle = 2000
chkfile = /scratch/global/yangjunjie/tmpqzap0l_w
max_memory 127949 MB (current use 606 MB)


davidson 0 50  |r|= 0.246  e= [0.18093613 0.19526489 0.21553356 0.21740036 0.21754745 0.23734535
 0.2375891  0.27803827 0.28371237 0.28412479 0.28659384 0.29035124
 0.3033802  0.30790599 0.31631742 0.3186487  0.32243303 0.32489476
 0.33475307 0.33531587 0.33761952 0.33890474 0.34256591 0.34359498
 0.34600298 0.35162565 0.35612506 0.35699978 0.35821939 0.35881246
 0.35971378 0.35991009 0.361318   0.36261498 0.36307474 0.3681313
 0.36977635 0.37071235 0.37412523 0.38093169 0.38136366 0.38157616
 0.38464014 0.39023059 0.3932047  0.39389743 0.39396115 0.39661995
 0.41842818 0.46293102]  max|de|= 0.463  lindep=    1
Old state -> New state
    4     ->     3 
    3     ->     4 
   24     ->    12 
   12     ->    13 
   13     ->    15 
   15     ->    16 
   16     ->    17 
   17     ->    18 
   14     ->    19 
   18     ->    20 
   19     ->    21 
   20     ->    22 
   21     ->    23 
   22     ->    24 
   23     ->    25 
   25     ->    26 
   32     ->    28 
   26     ->    29 
   29     ->    30 
   28     ->    31 
   31     ->    32 
   30     ->    33 
   31     ->    34 
   33     ->    35 
   32     ->    36 
   35     ->    37 
   36     ->    38 
   38     ->    39 
   43     ->    40 
   39     ->    41 
   40     ->    42 
   41     ->    43 
   42     ->    44 
   44     ->    45 
   45     ->    47 
   47     ->    48 
   39     ->    49 
davidson 1 90  |r|= 0.159  e= [0.17825573 0.19457572 0.21210479 0.21736017 0.21738633 0.23733384
 0.23743448 0.25112892 0.27959974 0.27997742 0.28507914 0.28658174
 0.30133875 0.30266308 0.30296979 0.30664535 0.31768551 0.32161552
 0.32417796 0.32470865 0.33427381 0.33498923 0.33591735 0.33804691
 0.34200981 0.34251089 0.34873171 0.35458871 0.35536351 0.35551184
 0.35678801 0.35743856 0.35793582 0.35838544 0.35927091 0.36218343
 0.3668195  0.36731093 0.3690538  0.37178    0.37585601 0.38013227
 0.38117079 0.38315926 0.38682611 0.39249894 0.39381304 0.39383607
 0.39480803 0.41378504]  max|de|= -0.0447  lindep= 0.827
Old state -> New state
   14     ->    13 
   13     ->    14 
   19     ->    18 
   18     ->    19 
   28     ->    27 
   27     ->    28 
   49     ->    44 
   44     ->    45 
   45     ->    46 
   46     ->    47 
   47     ->    48 
   48     ->    49 
davidson 2 130  |r|= 0.0399  e= [0.17822471 0.19456938 0.21207003 0.21735564 0.21738617 0.23733347
 0.23743146 0.25098506 0.27953426 0.27990808 0.28503876 0.28643303
 0.30021945 0.30163017 0.3025938  0.30658707 0.31760299 0.32151321
 0.3233248  0.32407581 0.33423594 0.33494059 0.33575822 0.33795295
 0.34184487 0.34229228 0.34841114 0.35167463 0.35386054 0.3553228
 0.35638383 0.35729777 0.35775973 0.35814656 0.35897359 0.36209238
 0.36407548 0.36694869 0.36881614 0.37132992 0.37496173 0.37678192
 0.38100885 0.38309239 0.38528273 0.38563821 0.3920349  0.39355455
 0.39378488 0.39410495]  max|de|= -0.0285  lindep= 0.783
Old state -> New state
   41     ->    40 
   40     ->    41 
davidson 3 170  |r|= 0.0225  e= [0.17822459 0.19456935 0.21206984 0.21735557 0.21738617 0.23733347
 0.23743142 0.25098138 0.27953229 0.27990575 0.28503811 0.28642823
 0.30018605 0.3015731  0.30259038 0.30658529 0.31759572 0.32150359
 0.32324515 0.32406493 0.33423115 0.33493681 0.33572462 0.33794526
 0.34181657 0.34226115 0.348265   0.35069597 0.35374875 0.35530229
 0.3563178  0.35726974 0.35773973 0.3581088  0.35893164 0.36204902
 0.36362076 0.36680921 0.36876475 0.37126014 0.37398725 0.37471183
 0.38055356 0.38307723 0.38312262 0.38531519 0.39162892 0.39335317
 0.39375767 0.3938026 ]  max|de|= -0.00279  lindep= 0.829
Old state -> New state
   44     ->    43 
   43     ->    44 
   46     ->    47 
   46     ->    48 
   47     ->    49 
root 0 converged  |r|= 8.17e-07  e= 0.17822458960070384  max|de|= -3.66e-10
root 1 converged  |r|= 5.56e-07  e= 0.1945693526929614  max|de|= -6.77e-11
root 3 converged  |r|= 3.52e-06  e= 0.21735556670851913  max|de|= -8.2e-10
root 4 converged  |r|= 1.31e-07  e= 0.21738616616104833  max|de|= -3.58e-12
root 5 converged  |r|= 6.79e-07  e= 0.23733347118382697  max|de|= -4.21e-11
root 6 converged  |r|= 3.32e-06  e= 0.23743141725739694  max|de|= -5.55e-10
davidson 4 210  |r|= 0.0355  e= [0.17822459 0.19456935 0.21206983 0.21735557 0.21738617 0.23733347
 0.23743142 0.25098131 0.27953223 0.27990569 0.2850381  0.28642801
 0.30018443 0.30157012 0.30259022 0.3065852  0.31759525 0.32150267
 0.32324089 0.32406412 0.33423045 0.33493656 0.33572195 0.33794476
 0.34181398 0.34225571 0.34824974 0.35063294 0.35373964 0.35530063
 0.3563001  0.35726788 0.35773758 0.35810612 0.35892832 0.36204664
 0.36358812 0.36677048 0.36874518 0.37125085 0.37331112 0.37460567
 0.37958845 0.38279765 0.38303836 0.38461082 0.38759553 0.3909721
 0.39233446 0.39325017]  max|de|= -0.00403  lindep= 0.812
Old state -> New state
   47     ->    49 
root 2 converged  |r|= 3.97e-07  e= 0.21206983444070462  max|de|= -1.22e-11
root 7 converged  |r|= 3.8e-06  e= 0.2509813064002637  max|de|= -8.09e-10
root 10 converged  |r|= 3.29e-06  e= 0.28503809517687273  max|de|= -2.74e-10
davidson 5 250  |r|= 0.0211  e= [0.17822459 0.19456935 0.21206983 0.21735557 0.21738617 0.23733347
 0.23743142 0.25098131 0.27953222 0.27990569 0.2850381  0.286428
 0.30018434 0.30156999 0.30259021 0.30658519 0.31759523 0.32150261
 0.32324061 0.32406409 0.3342304  0.33493654 0.33572184 0.33794473
 0.3418138  0.34225511 0.34824876 0.35062916 0.35373908 0.35530049
 0.35629725 0.35726764 0.35773742 0.35810585 0.35892789 0.36204653
 0.36358559 0.36676137 0.36873951 0.37124967 0.3728933  0.37434841
 0.37869267 0.38268278 0.38286471 0.38360585 0.38594435 0.38913305
 0.39207254 0.39253129]  max|de|= -0.00184  lindep= 0.741
root 8 converged  |r|= 5.88e-07  e= 0.279532224200045  max|de|= -1.53e-11
root 9 converged  |r|= 1.43e-06  e= 0.2799056912595066  max|de|= -5.42e-11
root 11 converged  |r|= 2.38e-06  e= 0.28642800262601564  max|de|= -1.79e-10
root 14 converged  |r|= 1.94e-06  e= 0.3025902108986319  max|de|= -1.07e-10
root 15 converged  |r|= 1.99e-06  e= 0.30658519124630423  max|de|= -8.76e-11
root 16 converged  |r|= 4.38e-06  e= 0.31759523169459597  max|de|= -4.47e-10
davidson 6 290  |r|= 0.007  e= [0.17822459 0.19456935 0.21206983 0.21735557 0.21738617 0.23733347
 0.23743142 0.25098131 0.27953222 0.27990569 0.2850381  0.286428
 0.30018434 0.30156998 0.30259021 0.30658519 0.31759523 0.32150261
 0.3232406  0.32406409 0.3342304  0.33493654 0.33572183 0.33794473
 0.34181379 0.34225508 0.34824868 0.35062889 0.35373906 0.35530048
 0.35629707 0.35726763 0.3577374  0.35810584 0.35892782 0.36204653
 0.36358535 0.36676046 0.36873862 0.37124954 0.37287126 0.37432525
 0.37851543 0.38267585 0.38278484 0.38346613 0.38559569 0.38878307
 0.39199875 0.39228224]  max|de|= -0.00035  lindep= 0.745
root 12 converged  |r|= 2.5e-06  e= 0.3001843370181812  max|de|= -1.6e-10
root 13 converged  |r|= 2.28e-06  e= 0.3015699813884531  max|de|= -1.16e-10
root 17 converged  |r|= 1.1e-06  e= 0.32150260867193736  max|de|= -3.68e-11
root 18 converged  |r|= 5.65e-06  e= 0.3232405977008401  max|de|= -5.54e-10
root 19 converged  |r|= 1.36e-06  e= 0.3240640853781518  max|de|= -3.26e-11
root 20 converged  |r|= 1.7e-06  e= 0.33423040126863146  max|de|= -6.18e-11
root 21 converged  |r|= 2.28e-06  e= 0.3349365363324258  max|de|= -1.16e-10
root 22 converged  |r|= 2.5e-06  e= 0.3357218318648518  max|de|= -1.11e-10
root 23 converged  |r|= 1.28e-06  e= 0.3379447250516715  max|de|= -3.44e-11
root 24 converged  |r|= 9.18e-06  e= 0.3418137916609234  max|de|= -8.03e-10
root 25 converged  |r|= 7.16e-06  e= 0.3422550813374057  max|de|= -9.23e-10
root 29 converged  |r|= 5.12e-06  e= 0.355300479526763  max|de|= -3.42e-10
root 31 converged  |r|= 5.52e-06  e= 0.35726762774460574  max|de|= -4.17e-10
root 33 converged  |r|= 5.93e-06  e= 0.35810583582339617  max|de|= -5.88e-10
root 35 converged  |r|= 4.5e-06  e= 0.3620465259527029  max|de|= -2.74e-10
davidson 7 325  |r|= 0.00177  e= [0.17822459 0.19456935 0.21206983 0.21735557 0.21738617 0.23733347
 0.23743142 0.25098131 0.27953222 0.27990569 0.2850381  0.286428
 0.30018434 0.30156998 0.30259021 0.30658519 0.31759523 0.32150261
 0.3232406  0.32406409 0.3342304  0.33493654 0.33572183 0.33794473
 0.34181379 0.34225508 0.34824868 0.35062887 0.35373905 0.35530048
 0.35629706 0.35726763 0.3577374  0.35810584 0.35892781 0.36204653
 0.36358532 0.36676041 0.36873857 0.37124953 0.37287029 0.37432284
 0.37850439 0.38267552 0.38277453 0.38345268 0.38557049 0.38875383
 0.39199275 0.39224585]  max|de|= -3.64e-05  lindep= 0.749
root 26 converged  |r|= 4.27e-06  e= 0.3482486747701279  max|de|= -2.47e-10
root 28 converged  |r|= 1.67e-06  e= 0.3537390545066793  max|de|= -4.61e-11
root 30 converged  |r|= 4.37e-06  e= 0.35629706465841304  max|de|= -2.33e-10
root 32 converged  |r|= 2.81e-06  e= 0.3577374011903038  max|de|= -8.29e-11
root 34 converged  |r|= 5.65e-06  e= 0.35892781436741605  max|de|= -3.19e-10
root 39 converged  |r|= 1.17e-05  e= 0.3712495298831304  max|de|= -9.36e-10
davidson 8 345  |r|= 0.000435  e= [0.17822459 0.19456935 0.21206983 0.21735557 0.21738617 0.23733347
 0.23743142 0.25098131 0.27953222 0.27990569 0.2850381  0.286428
 0.30018434 0.30156998 0.30259021 0.30658519 0.31759523 0.32150261
 0.3232406  0.32406409 0.3342304  0.33493654 0.33572183 0.33794473
 0.34181379 0.34225508 0.34824867 0.35062887 0.35373905 0.35530048
 0.35629706 0.35726763 0.3577374  0.35810584 0.35892781 0.36204653
 0.36358532 0.36676041 0.36873857 0.37124953 0.37287025 0.37432264
 0.37850388 0.3826755  0.38277358 0.38345141 0.38556912 0.38875243
 0.39199245 0.39224382]  max|de|= -2.02e-06  lindep= 0.731
root 27 converged  |r|= 2.53e-06  e= 0.3506288688952736  max|de|= -5.93e-11
root 36 converged  |r|= 3.7e-06  e= 0.36358531898111524  max|de|= -1.19e-10
root 37 converged  |r|= 1.76e-06  e= 0.36676041080560706  max|de|= -6.44e-11
root 38 converged  |r|= 2.37e-06  e= 0.36873856878795874  max|de|= -6.74e-11
root 43 converged  |r|= 8.03e-06  e= 0.38267550425588026  max|de|= -5.9e-10
davidson 9 359  |r|= 0.000101  e= [0.17822459 0.19456935 0.21206983 0.21735557 0.21738617 0.23733347
 0.23743142 0.25098131 0.27953222 0.27990569 0.2850381  0.286428
 0.30018434 0.30156998 0.30259021 0.30658519 0.31759523 0.32150261
 0.3232406  0.32406409 0.3342304  0.33493654 0.33572183 0.33794473
 0.34181379 0.34225508 0.34824867 0.35062887 0.35373905 0.35530048
 0.35629706 0.35726763 0.3577374  0.35810584 0.35892781 0.36204653
 0.36358532 0.36676041 0.36873857 0.37124953 0.37287025 0.37432262
 0.37850386 0.3826755  0.38277351 0.38345131 0.38556906 0.38875237
 0.39199243 0.39224374]  max|de|= -1.01e-07  lindep= 0.745
root 40 converged  |r|= 2.02e-06  e= 0.3728702533501618  max|de|= -4.9e-11
root 42 converged  |r|= 9.02e-06  e= 0.3785038615341568  max|de|= -6.84e-10
root 48 converged  |r|= 7.59e-06  e= 0.3919924315677546  max|de|= -6.52e-10
davidson 10 368  |r|= 2.73e-05  e= [0.17822459 0.19456935 0.21206983 0.21735557 0.21738617 0.23733347
 0.23743142 0.25098131 0.27953222 0.27990569 0.2850381  0.286428
 0.30018434 0.30156998 0.30259021 0.30658519 0.31759523 0.32150261
 0.3232406  0.32406409 0.3342304  0.33493654 0.33572183 0.33794473
 0.34181379 0.34225508 0.34824867 0.35062887 0.35373905 0.35530048
 0.35629706 0.35726763 0.3577374  0.35810584 0.35892781 0.36204653
 0.36358532 0.36676041 0.36873857 0.37124953 0.37287025 0.37432262
 0.37850386 0.3826755  0.3827735  0.3834513  0.38556906 0.38875237
 0.39199243 0.39224374]  max|de|= -6.47e-09  lindep= 0.766
root 41 converged  |r|= 3.55e-06  e= 0.3743226191954301  max|de|= -9.66e-11
root 44 converged  |r|= 6.06e-06  e= 0.3827735022828093  max|de|= -2.95e-10
root 45 converged  |r|= 7.57e-06  e= 0.3834513011366224  max|de|= -4.29e-10
root 46 converged  |r|= 2.79e-06  e= 0.3855690586213819  max|de|= -4.68e-11
root 47 converged  |r|= 5.8e-06  e= 0.38875236689031606  max|de|= -9.05e-11
root 49 converged  |r|= 6.41e-06  e= 0.392243741581935  max|de|= -1.49e-10
converged 11 374  |r|= 9.4e-06  e= [0.17822459 0.19456935 0.21206983 0.21735557 0.21738617 0.23733347
 0.23743142 0.25098131 0.27953222 0.27990569 0.2850381  0.286428
 0.30018434 0.30156998 0.30259021 0.30658519 0.31759523 0.32150261
 0.3232406  0.32406409 0.3342304  0.33493654 0.33572183 0.33794473
 0.34181379 0.34225508 0.34824867 0.35062887 0.35373905 0.35530048
 0.35629706 0.35726763 0.3577374  0.35810584 0.35892781 0.36204653
 0.36358532 0.36676041 0.36873857 0.37124953 0.37287025 0.37432262
 0.37850386 0.3826755  0.3827735  0.3834513  0.38556906 0.38875237
 0.39199243 0.39224374]  max|de|= -4.29e-10
    CPU time for TDA   1099.43 sec, wall time     41.03 sec
Excited State energies (eV)
[ 4.84973811  5.29450176  5.77071413  5.91454623  5.91537888  6.4581727
  6.46083795  6.82954921  7.60645926  7.61662181  7.75628164  7.79410295
  8.16843187  8.20613718  8.23389903  8.34260799  8.64220645  8.74853159
  8.79582468  8.81823292  9.09487247  9.11408738  9.13545636  9.19594437
  9.30122703  9.31323513  9.47632912  9.5410975   9.62572996  9.6682185
  9.69533696  9.72174733  9.73453052  9.74455613  9.76692331  9.85178777
  9.89366047  9.98005912 10.03388754 10.10221427 10.1463164  10.18583729
 10.29961469 10.41313087 10.41579753 10.43424138 10.49186849 10.57849072
 10.66665737 10.67349587]
Converting <class 'pyscf.dft.rks.RKS'> to RHF


******** <class 'pyscf.tdscf.rks.TDDFT'> for <class 'pyscf.dft.rks.RKS'> ********
nstates = 50 singlet
wfnsym = None
conv_tol = 1e-09
eigh lindep = 1e-12
eigh level_shift = 0
eigh max_space = 600
eigh max_cycle = 2000
chkfile = /scratch/global/yangjunjie/tmpqzap0l_w
max_memory 127949 MB (current use 900 MB)


davidson 0 50  |r|= 0.376  e= [0.18093613 0.19526489 0.21553356 0.21740036 0.21754745 0.23734535
 0.2375891  0.27803827 0.28371237 0.28412479 0.28659384 0.29035124
 0.3033802  0.30790599 0.31631742 0.3186487  0.32243303 0.32489476
 0.33475307 0.33531587 0.33761952 0.33890474 0.34256591 0.34359498
 0.34600298 0.35162565 0.35612506 0.35699978 0.35821939 0.35881246
 0.35971378 0.35991009 0.361318   0.36261498 0.36307474 0.3681313
 0.36977635 0.37071235 0.37412523 0.38093169 0.38136366 0.38157616
 0.38464014 0.39023059 0.3932047  0.39389743 0.39396115 0.39661995
 0.41842818 0.46293102]  max|de|= 0.463  lindep=    1
Old state -> New state
   43     ->     0 
   37     ->     1 
   49     ->     2 
    7     ->     3 
    1     ->     4 
    2     ->     5 
    3     ->     6 
    4     ->     7 
    9     ->     8 
    8     ->     9 
    5     ->    10 
    6     ->    11 
    7     ->    12 
   24     ->    13 
    7     ->    14 
   10     ->    15 
    8     ->    16 
    9     ->    17 
    8     ->    18 
   12     ->    19 
   12     ->    20 
   14     ->    21 
   10     ->    22 
   15     ->    23 
   15     ->    24 
   17     ->    25 
   16     ->    26 
   14     ->    27 
   16     ->    28 
   17     ->    29 
   18     ->    30 
   19     ->    31 
   23     ->    32 
   22     ->    33 
   21     ->    34 
   20     ->    35 
   25     ->    36 
   26     ->    37 
   27     ->    38 
   34     ->    39 
   29     ->    40 
   31     ->    41 
   33     ->    42 
   29     ->    43 
   32     ->    44 
   33     ->    45 
   35     ->    46 
   36     ->    47 
   38     ->    48 
   41     ->    49 
davidson 1 90  |r|= 0.856  e= [0.03196704 0.04195838 0.16776518 0.18969618 0.19417337 0.21032277
 0.21738324 0.21739721 0.22236032 0.22823652 0.2373279  0.23738029
 0.25772779 0.27417073 0.27756894 0.27918383 0.28243458 0.28582918
 0.28890113 0.30000642 0.30093666 0.30152203 0.30480679 0.31362167
 0.3175778  0.31847567 0.32086053 0.32290948 0.32462175 0.3307047
 0.33507482 0.33620421 0.34049965 0.34208321 0.34282086 0.34336174
 0.34736965 0.35382933 0.35603098 0.35790525 0.35904933 0.36105813
 0.36130079 0.36143093 0.3619355  0.36197314 0.36823358 0.36984717
 0.37259402 0.37725393]  max|de|= -0.358  lindep= 0.101
Old state -> New state
   38     ->     1 
   38     ->     2 
    1     ->     3 
   23     ->     4 
    9     ->     5 
    4     ->     6 
    4     ->     7 
    5     ->     8 
    7     ->     9 
    6     ->    10 
   10     ->    12 
    3     ->    13 
   13     ->    14 
   16     ->    15 
   17     ->    16 
    1     ->    17 
   15     ->    18 
   13     ->    19 
   14     ->    20 
   19     ->    21 
   20     ->    22 
   24     ->    23 
   27     ->    24 
   26     ->    25 
   25     ->    26 
   30     ->    27 
   31     ->    28 
   32     ->    29 
   34     ->    30 
   33     ->    31 
   36     ->    33 
   36     ->    34 
   38     ->    35 
   37     ->    36 
   38     ->    37 
   41     ->    38 
   42     ->    39 
   39     ->    41 
   45     ->    42 
   44     ->    43 
   46     ->    44 
   47     ->    45 
   48     ->    46 
   49     ->    47 
   24     ->    48 
   22     ->    49 
davidson 2 130  |r|= 1.36  e= [0.00873305 0.01146297 0.02651325 0.06274636 0.15248634 0.17639319
 0.18508637 0.19434155 0.2095403  0.21723529 0.21738296 0.23727751
 0.23733138 0.24144459 0.25564237 0.27749796 0.27778265 0.27885273
 0.28464874 0.28648724 0.28861406 0.30248684 0.30613906 0.31730474
 0.31825072 0.32135029 0.32396267 0.33410956 0.33476449 0.33522905
 0.33778398 0.34154085 0.34209261 0.34774242 0.34951892 0.35351298
 0.3552066  0.35596046 0.35646762 0.35717356 0.35811185 0.35873911
 0.36208591 0.3645234  0.36692459 0.36880375 0.37119526 0.37465809
 0.37983305 0.38102152]  max|de|= -0.345  lindep= 0.0485
Old state -> New state
    5     ->     1 
    1     ->     2 
    5     ->     3 
   13     ->     4 
    7     ->     6 
    0     ->     7 
    2     ->    13 
   18     ->    14 
   19     ->    18 
   18     ->    19 
    1     ->    21 
   21     ->    22 
   22     ->    23 
   23     ->    24 
   24     ->    25 
   25     ->    26 
   25     ->    27 
   26     ->    28 
   27     ->    29 
   28     ->    30 
   29     ->    31 
   30     ->    32 
   31     ->    33 
   32     ->    34 
   34     ->    35 
   35     ->    36 
   40     ->    37 
   36     ->    38 
   37     ->    39 
   38     ->    40 
   39     ->    41 
   40     ->    42 
   41     ->    43 
   42     ->    44 
   43     ->    45 
   44     ->    46 
   45     ->    47 
   47     ->    48 
   46     ->    49 
davidson 3 170  |r|= 1.29  e= [0.01636308 0.02272931 0.11844281 0.1714331  0.17401842 0.1763673
 0.19435739 0.20124163 0.20953736 0.21724108 0.21738493 0.23728248
 0.23733624 0.23785737 0.25198893 0.27748576 0.27789464 0.2786798
 0.28019154 0.28461967 0.28840199 0.29754735 0.3025106  0.30614385
 0.31717407 0.31780149 0.32025205 0.32137992 0.32377875 0.33412614
 0.33481406 0.33526507 0.33775343 0.34147084 0.34204701 0.34812324
 0.35332554 0.35436609 0.35529041 0.3561684  0.35646592 0.35714641
 0.35808259 0.35881084 0.36211621 0.36373085 0.36688618 0.36880641
 0.36890539 0.37134377]  max|de|= 0.286  lindep= 0.0388
Old state -> New state
    4     ->     1 
    1     ->     2 
    7     ->     3 
    5     ->     4 
    1     ->     5 
    8     ->     7 
    9     ->     8 
   10     ->     9 
   11     ->    10 
   12     ->    11 
    4     ->    12 
   15     ->    13 
   15     ->    14 
   16     ->    15 
   17     ->    16 
   18     ->    17 
   19     ->    18 
   20     ->    19 
   22     ->    20 
   23     ->    21 
   24     ->    22 
   25     ->    23 
   25     ->    24 
   27     ->    25 
   28     ->    26 
   29     ->    27 
   30     ->    28 
   31     ->    29 
   32     ->    30 
   33     ->    31 
   34     ->    32 
   34     ->    33 
   35     ->    34 
   38     ->    37 
   39     ->    38 
   40     ->    39 
   41     ->    40 
   42     ->    41 
   43     ->    42 
   44     ->    43 
   45     ->    44 
   46     ->    45 
   47     ->    46 
   49     ->    47 
   37     ->    49 
davidson 4 210  |r|= 1.31  e= [0.01759547 0.03703778 0.04380599 0.10067352 0.17628458 0.17811027
 0.19435756 0.20953419 0.21723782 0.21738444 0.23729122 0.2373317
 0.24155705 0.27048948 0.27752311 0.27776986 0.2791293  0.2803386
 0.28470396 0.28838365 0.30251448 0.30618845 0.31735015 0.31840625
 0.32019826 0.32137223 0.32398249 0.33411804 0.33477129 0.33519535
 0.33781025 0.34143244 0.34214955 0.34310552 0.34647237 0.3489043
 0.35316436 0.35519527 0.35622279 0.35651906 0.35718597 0.35815222
 0.35870514 0.36205646 0.36351213 0.36684586 0.36875698 0.37117136
 0.37382155 0.37583556]  max|de|= 0.155  lindep= 0.029
Old state -> New state
    0     ->     1 
    4     ->     2 
    4     ->     3 
    6     ->     4 
    7     ->     5 
    8     ->     6 
    9     ->     7 
   12     ->     8 
   10     ->     9 
   11     ->    10 
   12     ->    11 
   18     ->    12 
   14     ->    13 
   15     ->    14 
   16     ->    15 
   17     ->    16 
   14     ->    17 
   21     ->    22 
   22     ->    24 
   23     ->    25 
   25     ->    26 
   26     ->    27 
   27     ->    28 
   28     ->    29 
   29     ->    30 
   30     ->    31 
   31     ->    32 
   32     ->    33 
   38     ->    36 
   36     ->    37 
   37     ->    38 
   38     ->    39 
   39     ->    40 
   40     ->    41 
   41     ->    42 
   42     ->    43 
   43     ->    44 
   44     ->    45 
   45     ->    46 
   46     ->    47 
   47     ->    48 
   48     ->    49 
davidson 5 250  |r|= 1.11  e= [0.07294607 0.12189877 0.15479009 0.17631488 0.19435708 0.20953956
 0.21723778 0.21738444 0.23634708 0.23727541 0.23733172 0.24157578
 0.24178988 0.27741277 0.27778676 0.27911125 0.28016906 0.28245072
 0.28469535 0.28840121 0.30250463 0.30611283 0.30748491 0.31240351
 0.31732736 0.31754426 0.32134524 0.32396415 0.33411152 0.33477331
 0.33518059 0.33780669 0.34144382 0.34207664 0.34634278 0.34882381
 0.35224056 0.35313436 0.35517666 0.35634661 0.35649626 0.35726593
 0.3580329  0.35873466 0.36201246 0.36324569 0.36680074 0.36869719
 0.37111189 0.37344739]  max|de|= 0.104  lindep= 0.0521
Old state -> New state
    0     ->     1 
   11     ->     2 
    9     ->     8 
   10     ->     9 
   11     ->    10 
   13     ->    11 
   14     ->    12 
   15     ->    13 
   16     ->    14 
   18     ->    15 
   20     ->    16 
   21     ->    17 
   12     ->    18 
   24     ->    19 
   25     ->    20 
   26     ->    21 
   27     ->    22 
   28     ->    23 
   29     ->    24 
   30     ->    25 
   31     ->    26 
   32     ->    27 
   33     ->    28 
   34     ->    29 
   35     ->    30 
   37     ->    31 
   38     ->    32 
   39     ->    33 
   40     ->    34 
   41     ->    35 
   42     ->    36 
   43     ->    37 
   44     ->    38 
   45     ->    39 
   46     ->    40 
   47     ->    41 
   48     ->    42 
   36     ->    43 
   49     ->    44 
    2     ->    45 
   36     ->    46 
   36     ->    47 
   23     ->    48 
    0     ->    49 
davidson 6 290  |r|= 1.18  e= [0.03486192 0.07144295 0.09403445 0.17631057 0.19435714 0.20953012
 0.21723781 0.21738442 0.2372904  0.2373317  0.24161358 0.27754129
 0.27781088 0.2789331  0.28015854 0.28470124 0.30250929 0.30619181
 0.30785155 0.31735587 0.31779948 0.32136372 0.32396592 0.33411152
 0.3347683  0.33530334 0.33779896 0.34139961 0.34208439 0.34589121
 0.34866864 0.35310792 0.3551774  0.35609899 0.35647648 0.35716116
 0.35803217 0.35867951 0.36201886 0.36309832 0.36665797 0.36867601
 0.37110202 0.37328587 0.37353713 0.37675628 0.38077876 0.38294203
 0.3829715  0.38448391]  max|de|= 0.312  lindep= 0.0515
Old state -> New state
    0     ->     1 
    4     ->     2 
    3     ->     4 
    4     ->     5 
    0     ->     6 
    5     ->     7 
    6     ->     8 
    7     ->     9 
    8     ->    10 
    9     ->    11 
   10     ->    12 
   10     ->    13 
   11     ->    14 
   12     ->    15 
   13     ->    16 
   14     ->    17 
   15     ->    18 
   15     ->    19 
   13     ->    20 
   16     ->    21 
   17     ->    22 
    0     ->    23 
   19     ->    24 
   20     ->    25 
   21     ->    26 
   22     ->    27 
   23     ->    28 
   24     ->    29 
   25     ->    30 
   26     ->    31 
   27     ->    32 
   28     ->    33 
   29     ->    34 
   46     ->    35 
   30     ->    36 
   31     ->    37 
   32     ->    38 
   33     ->    39 
   34     ->    40 
   35     ->    41 
   36     ->    42 
   37     ->    43 
   38     ->    44 
   39     ->    45 
   40     ->    46 
   41     ->    47 
   42     ->    48 
   43     ->    49 
root 9 converged  |r|= 6.01e-06  e= 0.2173844203443256  max|de|= -9.71e-10
root 11 converged  |r|= 9.41e-06  e= 0.23733169874030502  max|de|= 8.41e-10
davidson 7 330  |r|= 1.24  e= [0.0566296  0.10958905 0.13090407 0.15857457 0.17631062 0.19435715
 0.19728618 0.2095319  0.21723779 0.21738442 0.23729005 0.2373317
 0.24070932 0.24163195 0.27754154 0.27778842 0.27894194 0.28016248
 0.2847011  0.28743724 0.28832484 0.30250976 0.30619156 0.31297297
 0.3173512  0.31778957 0.32136797 0.32396764 0.33411247 0.33476867
 0.33529424 0.33780369 0.34139564 0.34209394 0.34572053 0.34832603
 0.34861816 0.35308489 0.35517825 0.35610345 0.356461   0.35715726
 0.35800604 0.35864928 0.36201257 0.36303222 0.36667307 0.36868909
 0.37107159 0.3717573 ]  max|de|= 0.278  lindep= 0.0468
Old state -> New state
    0     ->     1 
    4     ->     2 
    5     ->     3 
    7     ->     4 
    8     ->     5 
    9     ->     6 
   10     ->     7 
   11     ->     8 
   13     ->     9 
   14     ->    10 
   15     ->    11 
   16     ->    12 
   17     ->    13 
   18     ->    14 
   20     ->    15 
   21     ->    16 
   22     ->    17 
   24     ->    18 
   25     ->    19 
   26     ->    20 
   27     ->    21 
    0     ->    22 
   28     ->    23 
   29     ->    24 
   30     ->    25 
   31     ->    26 
   32     ->    27 
   33     ->    28 
   34     ->    29 
   36     ->    30 
   37     ->    31 
   38     ->    32 
   39     ->    33 
   40     ->    34 
   41     ->    35 
   42     ->    36 
   43     ->    37 
   44     ->    38 
   45     ->    39 
   46     ->    40 
   47     ->    41 
   48     ->    42 
   49     ->    43 
   23     ->    44 
   35     ->    45 
   49     ->    46 
    1     ->    47 
    6     ->    48 
   35     ->    49 
root 3 converged  |r|= 2.42e-07  e= 0.1943571495950911  max|de|= 7.32e-10
davidson 8 370  |r|= 1.55  e= [0.02867397 0.10143433 0.17631021 0.19435715 0.20953115 0.21723778
 0.21738442 0.23729036 0.2373317  0.24161588 0.27754111 0.2777859
 0.27896556 0.28015716 0.28470135 0.28832913 0.30250986 0.30619208
 0.31735114 0.31777778 0.32136749 0.32396821 0.33023328 0.33411227
 0.33476714 0.33529395 0.33780106 0.34139365 0.34209129 0.34582661
 0.34865224 0.35309687 0.3551785  0.35611293 0.35647962 0.35716294
 0.35801478 0.35863235 0.36200958 0.36304362 0.36664564 0.36868147
 0.37105819 0.37284962 0.37336525 0.37894199 0.38267881 0.38291044
 0.38362294 0.38591917]  max|de|= 0.274  lindep= 0.0392
Old state -> New state
    0     ->     1 
    3     ->     4 
    4     ->     5 
    5     ->     6 
    6     ->     7 
    7     ->     8 
    8     ->     9 
    9     ->    10 
   10     ->    11 
   11     ->    12 
   12     ->    13 
   13     ->    14 
   14     ->    15 
   15     ->    16 
   15     ->    17 
   16     ->    18 
   17     ->    19 
   18     ->    20 
   19     ->    21 
   20     ->    22 
   21     ->    23 
   20     ->    24 
   23     ->    25 
   24     ->    26 
   25     ->    27 
   26     ->    28 
   27     ->    29 
   28     ->    30 
   29     ->    31 
   30     ->    32 
   31     ->    33 
   32     ->    34 
   33     ->    35 
   34     ->    36 
   35     ->    37 
   36     ->    38 
   37     ->    39 
   38     ->    40 
   39     ->    41 
   40     ->    42 
   41     ->    43 
   42     ->    44 
   43     ->    45 
   42     ->    46 
   44     ->    47 
   45     ->    48 
   45     ->    49 
davidson 9 410  |r|= 1.52  e= [0.00707642 0.12332187 0.17631021 0.19435715 0.20000188 0.20953101
 0.21723778 0.21738442 0.23729032 0.2373317  0.24161584 0.27754112
 0.27778567 0.2789718  0.28015931 0.28470134 0.28833926 0.29195643
 0.30250981 0.30619203 0.31735091 0.31777372 0.32136643 0.32396807
 0.32665688 0.3341119  0.33476886 0.33529586 0.33780062 0.3413975
 0.34209041 0.34578333 0.34862288 0.35309572 0.35517775 0.35611172
 0.35647407 0.35716313 0.35801461 0.35860415 0.36200425 0.36304617
 0.36663243 0.36870011 0.37073625 0.37263372 0.37269919 0.37332796
 0.37548317 0.37962879]  max|de|= 0.0946  lindep= 0.0444
Old state -> New state
    2     ->     0 
    0     ->     1 
    0     ->     2 
    2     ->     3 
    3     ->     4 
   12     ->    17 
   25     ->    24 
   26     ->    25 
   27     ->    26 
   28     ->    27 
   29     ->    28 
   30     ->    29 
   31     ->    30 
   32     ->    31 
   33     ->    32 
   34     ->    33 
   35     ->    34 
   36     ->    35 
   37     ->    36 
   38     ->    37 
   39     ->    38 
   40     ->    39 
   41     ->    40 
   42     ->    41 
   43     ->    42 
   44     ->    43 
   45     ->    44 
   47     ->    45 
   49     ->    46 
   48     ->    47 
   46     ->    48 
   46     ->    49 
davidson 10 450  |r|= 1.64  e= [0.09006214 0.09589734 0.15080466 0.17631021 0.19435715 0.20953105
 0.21723778 0.21738442 0.23729034 0.2373317  0.24161605 0.27754112
 0.2777856  0.27896666 0.28015951 0.28470135 0.28832867 0.29330337
 0.30250981 0.30619205 0.31735108 0.31777604 0.32136729 0.32396803
 0.3341122  0.33476896 0.33529396 0.33780086 0.34139806 0.34209082
 0.34577907 0.34862107 0.3530958  0.35517789 0.35611169 0.35647437
 0.3571627  0.35801271 0.35862565 0.362007   0.36303755 0.36663444
 0.36866079 0.37101535 0.37274035 0.37332429 0.37857248 0.382662
 0.38284349 0.38344952]  max|de|= 0.144  lindep= 0.0263
Old state -> New state
    0     ->     2 
    1     ->     3 
    3     ->     4 
    4     ->     5 
    5     ->     6 
    6     ->     7 
    7     ->     8 
    0     ->     9 
    8     ->    10 
    9     ->    11 
   10     ->    12 
    1     ->    13 
   11     ->    14 
   12     ->    15 
   13     ->    16 
   14     ->    17 
   15     ->    18 
   16     ->    19 
   18     ->    20 
   19     ->    21 
   20     ->    22 
   21     ->    23 
   22     ->    24 
   23     ->    25 
   24     ->    26 
   25     ->    27 
   26     ->    28 
   27     ->    29 
   28     ->    30 
   29     ->    31 
   30     ->    32 
   31     ->    33 
   32     ->    34 
   33     ->    35 
   34     ->    36 
   34     ->    37 
   35     ->    38 
   36     ->    39 
   37     ->    40 
   38     ->    41 
   39     ->    42 
   40     ->    43 
   41     ->    44 
   42     ->    45 
   43     ->    46 
   44     ->    47 
   45     ->    48 
   46     ->    49 
root 4 converged  |r|= 1.05e-07  e= 0.17631020757644086  max|de|= -4.55e-11
root 5 converged  |r|= 6.23e-08  e= 0.19435714955256972  max|de|= 1.18e-13
root 18 converged  |r|= 1.35e-06  e= 0.2847013460052299  max|de|= 8.2e-10
davidson 11 490  |r|= 2.04  e= [0.00589244 0.05025303 0.08393904 0.10360253 0.17631021 0.19435715
 0.20953092 0.21723778 0.21738442 0.22731732 0.23729034 0.2373317
 0.24161616 0.2681605  0.27754111 0.27778561 0.27896489 0.2801547
 0.28470135 0.2883273  0.30250981 0.30619206 0.31735107 0.3177747
 0.3213673  0.32396804 0.33411219 0.33476885 0.33529393 0.3378009
 0.34139917 0.34209079 0.3457906  0.34862295 0.35309551 0.35517784
 0.35548976 0.35611423 0.35647383 0.3571619  0.35801178 0.35862271
 0.36200721 0.36303791 0.36662741 0.36865342 0.37099409 0.37269414
 0.37331305 0.37854404]  max|de|= 0.172  lindep= 0.0196
Old state -> New state
    3     ->     0 
    4     ->     1 
    5     ->     2 
    6     ->     3 
    7     ->     4 
    8     ->     5 
   10     ->     6 
   11     ->     7 
   12     ->     8 
   14     ->     9 
   15     ->    10 
   16     ->    11 
   17     ->    12 
   18     ->    13 
   19     ->    14 
   16     ->    15 
   20     ->    16 
   21     ->    17 
    0     ->    18 
   22     ->    19 
   23     ->    20 
   24     ->    21 
   25     ->    22 
   26     ->    23 
   27     ->    24 
   28     ->    25 
   29     ->    26 
   30     ->    27 
   31     ->    28 
   32     ->    29 
   33     ->    30 
   34     ->    31 
   35     ->    32 
   37     ->    33 
   38     ->    34 
   39     ->    35 
   40     ->    36 
   41     ->    37 
   42     ->    38 
   43     ->    39 
   44     ->    40 
   45     ->    41 
   46     ->    42 
   47     ->    43 
   48     ->    44 
   49     ->    45 
    3     ->    46 
   49     ->    47 
    3     ->    48 
   36     ->    49 
root 23 converged  |r|= 2.74e-05  e= 0.3341121934791888  max|de|= -6.68e-10
davidson 12 530  |r|= 1.71  e= [0.06136963 0.17631021 0.19435715 0.20953098 0.21723778 0.21738442
 0.23729033 0.2373317  0.24161577 0.27754112 0.27778564 0.2789656
 0.28015858 0.28470135 0.28832929 0.29727764 0.30250981 0.30619206
 0.31644265 0.31735108 0.31777537 0.32136728 0.32396803 0.33411219
 0.33476884 0.33529392 0.33780087 0.341399   0.34209078 0.34578828
 0.34862168 0.35309596 0.35517793 0.35611163 0.35647419 0.35716273
 0.35801233 0.35862134 0.36200713 0.36303725 0.36662872 0.36865928
 0.37100369 0.37271592 0.37330035 0.37849188 0.38243631 0.38265623
 0.38311    0.38553786]  max|de|= 0.311  lindep= 0.0309
Old state -> New state
    0     ->     1 
    1     ->     2 
    1     ->     3 
    2     ->     4 
    3     ->     5 
    4     ->     6 
    5     ->     7 
    0     ->     8 
    6     ->     9 
    7     ->    10 
    8     ->    11 
   25     ->    12 
    9     ->    13 
   10     ->    14 
   11     ->    15 
   12     ->    16 
   13     ->    17 
   14     ->    18 
   16     ->    19 
   17     ->    20 
   19     ->    21 
   20     ->    22 
   21     ->    23 
   22     ->    24 
   20     ->    25 
   23     ->    26 
   24     ->    27 
   25     ->    28 
   26     ->    29 
   27     ->    30 
   28     ->    31 
   29     ->    32 
   30     ->    33 
   31     ->    34 
   32     ->    35 
   33     ->    36 
   34     ->    37 
   35     ->    38 
   36     ->    39 
   37     ->    40 
   38     ->    41 
   39     ->    42 
   40     ->    43 
   41     ->    44 
   42     ->    45 
   43     ->    46 
   44     ->    47 
   45     ->    48 
   46     ->    49 
root 5 converged  |r|= 4.04e-06  e= 0.20953097555813158  max|de|= -9.31e-10
root 6 converged  |r|= 8.06e-07  e= 0.21723778080095338  max|de|= -5.97e-11
root 9 converged  |r|= 4.14e-06  e= 0.2372903275080167  max|de|= -2.7e-10
root 13 converged  |r|= 2.28e-07  e= 0.2775411150495271  max|de|= -7.83e-10
root 19 converged  |r|= 9.78e-07  e= 0.30250980895805213  max|de|= -2.14e-10
davidson 13 570  |r|= 2.41  e= [0.03313348 0.06013042 0.17631021 0.18167778 0.19435715 0.20953098
 0.21723778 0.21738442 0.22546617 0.23729033 0.2373317  0.24161576
 0.26304262 0.27754112 0.27778567 0.27896583 0.28015868 0.28470135
 0.28832941 0.30250981 0.30619205 0.31735107 0.31777521 0.3213673
 0.32396804 0.32989402 0.3341122  0.33476882 0.33529394 0.33780087
 0.34139891 0.34209079 0.34578701 0.34862195 0.35309597 0.35517794
 0.35611173 0.35647438 0.35716274 0.35801235 0.35862117 0.36200713
 0.36303693 0.36662862 0.36865932 0.37100328 0.37267896 0.37305216
 0.37844295 0.38218344]  max|de|= 0.164  lindep= 0.0313
Old state -> New state
    2     ->     1 
    4     ->     2 
    0     ->     3 
    5     ->     4 
    6     ->     5 
    7     ->     6 
    9     ->     7 
   10     ->     8 
   11     ->     9 
   13     ->    10 
   14     ->    11 
   15     ->    12 
   16     ->    13 
   17     ->    14 
   18     ->    15 
   19     ->    16 
   20     ->    17 
   21     ->    18 
   22     ->    19 
   23     ->    20 
   24     ->    21 
   26     ->    22 
   26     ->    23 
   27     ->    24 
   28     ->    25 
   29     ->    26 
   30     ->    27 
   31     ->    28 
   32     ->    29 
   33     ->    30 
   34     ->    31 
   35     ->    32 
   36     ->    33 
   37     ->    34 
   38     ->    35 
   39     ->    36 
   40     ->    37 
   41     ->    38 
   42     ->    39 
   43     ->    40 
   44     ->    41 
   45     ->    42 
   46     ->    43 
   47     ->    44 
   48     ->    45 
   49     ->    46 
   46     ->    47 
   25     ->    48 
    3     ->    49 
root 11 converged  |r|= 1.56e-06  e= 0.2777856664267528  max|de|= 2.12e-10
root 17 converged  |r|= 1.17e-06  e= 0.306192053833739  max|de|= -3.82e-10
root 21 converged  |r|= 3.43e-06  e= 0.32396803773687205  max|de|= 2.03e-10
davidson 14 610  |r|= 2.37  e= [0.10550252 0.17631021 0.19435715 0.19889231 0.20953098 0.21723778
 0.21738442 0.23729033 0.2373317  0.24161576 0.27754111 0.27778567
 0.27896583 0.2801587  0.28470135 0.28832939 0.30250981 0.30619205
 0.31735107 0.31777513 0.32136731 0.32396804 0.33189923 0.3341122
 0.33476882 0.33529392 0.33780087 0.34139892 0.3420908  0.34578677
 0.34862188 0.35309594 0.35517793 0.35611174 0.35647417 0.35716273
 0.35801233 0.35862144 0.36200714 0.36303689 0.36662866 0.36865929
 0.37100523 0.37269661 0.3732018  0.37845632 0.38222848 0.38265349
 0.38307629 0.38553656]  max|de|= 0.204  lindep= 0.0288
Old state -> New state
    0     ->     1 
    0     ->     2 
    1     ->     3 
    2     ->     4 
    4     ->     5 
    5     ->     6 
    6     ->     7 
    7     ->     8 
    8     ->     9 
    9     ->    10 
    0     ->    11 
   10     ->    12 
   10     ->    13 
   11     ->    14 
   12     ->    15 
   13     ->    16 
   14     ->    17 
   15     ->    18 
   16     ->    19 
   17     ->    20 
   18     ->    21 
   19     ->    22 
   20     ->    23 
   21     ->    24 
   23     ->    25 
   24     ->    26 
   25     ->    27 
   26     ->    28 
   27     ->    29 
   28     ->    30 
   29     ->    31 
   30     ->    32 
   31     ->    33 
   32     ->    34 
   33     ->    35 
   34     ->    36 
   35     ->    37 
   36     ->    38 
   37     ->    39 
   38     ->    40 
   39     ->    41 
   40     ->    42 
   41     ->    43 
   42     ->    44 
   43     ->    45 
   44     ->    46 
   45     ->    47 
   46     ->    48 
   47     ->    49 
root 21 converged  |r|= 1.5e-07  e= 0.31735106703791244  max|de|= 1.16e-10
root 23 converged  |r|= 1.57e-07  e= 0.32136730549347686  max|de|= -1.24e-10
root 28 converged  |r|= 2.97e-07  e= 0.33780087116537155  max|de|= 9.38e-10
root 33 converged  |r|= 3.86e-06  e= 0.3530959398109743  max|de|= -7.55e-10
root 34 converged  |r|= 2.13e-06  e= 0.35517793269138836  max|de|= 8.29e-10
davidson 15 648  |r|= 2.61  e= [0.00715102 0.05681128 0.10783665 0.17631021 0.19435715 0.20953098
 0.21723778 0.21738442 0.23729033 0.2373317  0.24161577 0.24498328
 0.27746974 0.27754111 0.27778567 0.27896584 0.28015863 0.28470135
 0.2883294  0.30250981 0.30619205 0.31735107 0.31777513 0.32136731
 0.32396804 0.3341122  0.33476882 0.33529393 0.33780087 0.34139887
 0.3420908  0.34578664 0.34862181 0.35309594 0.35517793 0.35611173
 0.35647417 0.35716273 0.35801235 0.35862151 0.36200714 0.36303676
 0.36662865 0.36865929 0.37100507 0.37269132 0.37320845 0.37845779
 0.38223936 0.38265228]  max|de|= 0.139  lindep= 0.0239
Old state -> New state
    4     ->     1 
    0     ->     2 
    0     ->     5 
    5     ->     6 
    6     ->     7 
    7     ->     8 
    8     ->     9 
    9     ->    10 
   10     ->    11 
   13     ->    12 
   14     ->    13 
   15     ->    14 
   16     ->    15 
   17     ->    16 
   18     ->    17 
   19     ->    18 
   20     ->    19 
   21     ->    20 
   22     ->    21 
   23     ->    22 
   24     ->    23 
   25     ->    24 
root 14 converged  |r|= 2.83e-06  e= 0.27896584081732245  max|de|= -6.52e-10
root 25 converged  |r|= 2.89e-07  e= 0.3341121979046455  max|de|= -4.79e-11
root 26 converged  |r|= 1.28e-05  e= 0.33476882361961474  max|de|= 6.37e-10
root 27 converged  |r|= 2.08e-06  e= 0.33529392898284116  max|de|= -1.11e-10
root 35 converged  |r|= 1.3e-05  e= 0.35611173336562074  max|de|= -7.9e-10
root 37 converged  |r|= 2.78e-06  e= 0.35716273071008353  max|de|= -6.12e-10
davidson 16 680  |r|= 2.71  e= [0.06851283 0.08356666 0.13604436 0.17631021 0.19435715 0.19937322
 0.20953098 0.21723778 0.21738442 0.23729033 0.2373317  0.24161576
 0.27754112 0.27778567 0.27896584 0.28015866 0.28470135 0.2883294
 0.30250981 0.30619205 0.31735107 0.31777514 0.32136731 0.32396804
 0.32829095 0.3341122  0.33476882 0.33529393 0.33780087 0.34139887
 0.3420908  0.34578681 0.34862182 0.35309594 0.35517793 0.35611173
 0.35647416 0.35716273 0.35801235 0.35862145 0.36200714 0.36303684
 0.36662865 0.36865929 0.37100503 0.37269453 0.37320627 0.37845586
 0.38223046 0.38265341]  max|de|= 0.192  lindep= 0.023
Old state -> New state
    3     ->     1 
    0     ->     2 
    4     ->     3 
    6     ->     4 
    7     ->     5 
    8     ->     6 
    9     ->     7 
   10     ->     8 
   11     ->     9 
   13     ->    10 
   12     ->    11 
   13     ->    12 
   14     ->    13 
   15     ->    14 
   16     ->    15 
   17     ->    16 
   25     ->    24 
   26     ->    25 
   27     ->    26 
   28     ->    27 
   29     ->    28 
   30     ->    29 
   31     ->    30 
   32     ->    31 
   33     ->    32 
   34     ->    33 
   35     ->    34 
   36     ->    35 
   37     ->    36 
   38     ->    37 
   39     ->    38 
   40     ->    39 
   41     ->    40 
   42     ->    41 
   43     ->    42 
   44     ->    43 
   45     ->    44 
   46     ->    45 
root 4 converged  |r|= 8.11e-08  e= 0.20953097711376062  max|de|= 4.27e-10
root 9 converged  |r|= 2.74e-07  e= 0.24161576319668351  max|de|= 4.97e-10
root 14 converged  |r|= 1.9e-05  e= 0.2801586556067606  max|de|= 5.29e-10
root 39 converged  |r|= 3.67e-06  e= 0.3620071377449617  max|de|= -4.72e-10
davidson 17 706  |r|= 1.95  e= [0.06251463 0.17631021 0.18024702 0.19435715 0.20953098 0.21723778
 0.21738442 0.23729033 0.2373317  0.24161576 0.27336422 0.27754112
 0.27778567 0.27896584 0.28015866 0.28470135 0.28832943 0.28886757
 0.30250981 0.30619205 0.31735107 0.31777514 0.32136731 0.32396804
 0.3341122  0.33476882 0.33529393 0.33780087 0.34139887 0.3420908
 0.34578683 0.34862185 0.35309594 0.35517793 0.35611173 0.3564742
 0.35716273 0.35801235 0.35862143 0.36200714 0.36303686 0.36662865
 0.36865929 0.37100468 0.37269425 0.37315621 0.37328396 0.37845572
 0.38223513 0.38265335]  max|de|= 0.112  lindep= 0.00957
Old state -> New state
    0     ->     1 
    0     ->     2 
    1     ->     3 
    3     ->     4 
    4     ->     5 
    5     ->     6 
    6     ->     7 
    7     ->     8 
    8     ->     9 
    9     ->    10 
    9     ->    11 
   11     ->    12 
   12     ->    13 
   13     ->    14 
   14     ->    15 
   15     ->    16 
   16     ->    17 
   47     ->    46 
   48     ->    47 
   49     ->    48 
   46     ->    49 
root 14 converged  |r|= 4.44e-07  e= 0.2789658384729037  max|de|= -8.82e-10
root 29 converged  |r|= 1.06e-07  e= 0.3420907998903101  max|de|= 1.64e-12
root 37 converged  |r|= 1.2e-06  e= 0.3580123519909866  max|de|= 4.78e-10
davidson 18 730  |r|= 2.92  e= [0.05087797 0.06307155 0.15238182 0.17631021 0.19435715 0.20953098
 0.21723778 0.21738442 0.23729033 0.2373317  0.24142595 0.24161581
 0.27754112 0.27778567 0.27896584 0.28015865 0.28470135 0.2883294
 0.30250981 0.30619205 0.31735107 0.31777513 0.32136731 0.32396804
 0.3341122  0.33476882 0.33529393 0.33780087 0.34139887 0.3420908
 0.34578678 0.34862183 0.35309594 0.35517793 0.35611173 0.35647417
 0.35716273 0.35801235 0.35862144 0.36200714 0.36303682 0.36662865
 0.36865929 0.37100506 0.37269448 0.37320555 0.3784557  0.38222804
 0.38265345 0.38306358]  max|de|= 0.0899  lindep= 0.00604
Old state -> New state
   11     ->     0 
    3     ->     2 
    4     ->     3 
    5     ->     4 
    6     ->     5 
    7     ->     6 
    8     ->     7 
    9     ->     8 
   11     ->     9 
    0     ->    10 
   12     ->    11 
   13     ->    12 
   14     ->    13 
   15     ->    14 
   16     ->    15 
   17     ->    16 
   18     ->    17 
   19     ->    18 
    0     ->    19 
root 16 converged  |r|= 3.62e-06  e= 0.28832940239917626  max|de|= -3.53e-10
root 21 converged  |r|= 2.84e-05  e= 0.31777513396587975  max|de|= -5.81e-10
root 41 converged  |r|= 4.46e-06  e= 0.3666286463551275  max|de|= 6.24e-10
root 42 converged  |r|= 6.68e-06  e= 0.36865929484391463  max|de|= 2.13e-11
davidson 19 752  |r|= 2.45  e= [0.02126375 0.13558144 0.17631021 0.19435715 0.20953098 0.21723778
 0.21738442 0.23729033 0.2373317  0.24161578 0.24434618 0.27754112
 0.27778566 0.27896584 0.28015864 0.28470135 0.2883294  0.30250981
 0.30619205 0.31222611 0.31735107 0.31777513 0.32136731 0.32396804
 0.3341122  0.33476882 0.33529393 0.33780087 0.34139887 0.3420908
 0.34578683 0.34862183 0.35309594 0.35517793 0.35611173 0.35647415
 0.35716273 0.35801235 0.35862143 0.36200714 0.36303681 0.36662865
 0.36865929 0.37100506 0.37269445 0.37320559 0.37845569 0.38222742
 0.38265345 0.38306343]  max|de|= 0.261  lindep= 0.0213
root 13 converged  |r|= 4.38e-06  e= 0.2789658377488407  max|de|= 3.49e-10
root 28 converged  |r|= 1.35e-05  e= 0.3413988723524067  max|de|= 8.24e-11
root 35 converged  |r|= 2.16e-05  e= 0.3564741544713356  max|de|= 6.19e-11
davidson 20 50  |r|= 2.45  e= [0.02126376 0.13558141 0.17631021 0.19435715 0.20953097 0.21723778
 0.21738442 0.23729033 0.2373317  0.24161576 0.24434617 0.27754112
 0.27778567 0.27896584 0.28015865 0.28470135 0.2883294  0.30250981
 0.30619205 0.31222626 0.31735107 0.31777513 0.32136731 0.32396804
 0.3341122  0.33476882 0.33529393 0.33780087 0.34139887 0.3420908
 0.34578681 0.34862183 0.35309594 0.35517793 0.35611173 0.35647415
 0.35716273 0.35801235 0.35862143 0.36200714 0.36303681 0.36662865
 0.36865929 0.37100506 0.37269445 0.37320558 0.37845569 0.38222742
 0.38265345 0.38306343]  max|de|= 1.53e-07  lindep= 0.0567
Old state -> New state
    0     ->     1 
   14     ->     2 
    2     ->     3 
    3     ->     4 
    4     ->     5 
    5     ->     6 
    6     ->     7 
    7     ->     8 
    8     ->     9 
    9     ->    10 
    9     ->    11 
   11     ->    12 
   12     ->    13 
   13     ->    14 
   14     ->    15 
   14     ->    16 
   15     ->    17 
   16     ->    18 
   17     ->    19 
   18     ->    20 
   20     ->    21 
   21     ->    22 
   22     ->    23 
   23     ->    24 
   24     ->    25 
   25     ->    26 
   26     ->    27 
   27     ->    28 
   28     ->    29 
   29     ->    30 
   30     ->    31 
   31     ->    32 
   32     ->    33 
   33     ->    34 
   34     ->    35 
   35     ->    36 
   36     ->    37 
   37     ->    38 
   38     ->    39 
   39     ->    40 
   40     ->    41 
   41     ->    42 
   42     ->    43 
   43     ->    44 
   44     ->    45 
   45     ->    46 
   46     ->    47 
   47     ->    48 
   48     ->    49 
root 32 converged  |r|= 1.16e-05  e= 0.34862182557918037  max|de|= -9.46e-10
davidson 21 69  |r|= 2.67  e= [0.03995745 0.07288425 0.1356665  0.17631021 0.19435715 0.20953098
 0.21723778 0.21738442 0.23729033 0.2373317  0.24161572 0.25242286
 0.27754112 0.27778563 0.27896606 0.27944611 0.28016091 0.28470135
 0.2883294  0.30250981 0.30619205 0.31735107 0.31777514 0.32136731
 0.32396804 0.3341122  0.33476882 0.33529393 0.33780087 0.34139887
 0.3420908  0.34578675 0.34862183 0.35309594 0.35517793 0.35611173
 0.35647415 0.35716273 0.35801235 0.35862141 0.36200714 0.36303683
 0.36662865 0.36865929 0.37100504 0.37269445 0.37320526 0.3784557
 0.38222732 0.38265345]  max|de|= -0.144  lindep= 0.0962
Old state -> New state
    0     ->     1 
    1     ->     2 
    1     ->     3 
    3     ->     4 
    4     ->     5 
    5     ->     6 
    5     ->     7 
    6     ->     8 
    7     ->     9 
    8     ->    10 
    9     ->    11 
   10     ->    12 
   16     ->    13 
   12     ->    14 
   13     ->    15 
   14     ->    16 
   16     ->    17 
   17     ->    18 
   18     ->    19 
   19     ->    20 
   20     ->    21 
   21     ->    22 
   22     ->    23 
   23     ->    24 
   24     ->    25 
   31     ->    26 
   25     ->    27 
   26     ->    28 
   27     ->    29 
   28     ->    30 
   29     ->    31 
   30     ->    32 
   31     ->    33 
   32     ->    34 
   33     ->    35 
   34     ->    36 
   35     ->    37 
   35     ->    38 
   36     ->    39 
   37     ->    40 
   38     ->    41 
   39     ->    42 
   40     ->    43 
   41     ->    44 
   42     ->    45 
   43     ->    46 
   44     ->    47 
   45     ->    48 
   46     ->    49 
davidson 22 92  |r|= 3.03  e= [0.00758916 0.04009956 0.10921863 0.13314026 0.17631021 0.19435715
 0.20951855 0.20952992 0.21723778 0.21738442 0.23729033 0.2373317
 0.24161576 0.26793711 0.27754112 0.27778567 0.27896586 0.28015865
 0.28470135 0.28832941 0.30250981 0.30619205 0.31735107 0.31777513
 0.32136731 0.32396804 0.33108473 0.3341122  0.33476882 0.33529393
 0.33780087 0.34139886 0.3420908  0.34578677 0.34862182 0.35309593
 0.35517794 0.35587611 0.35611175 0.35647404 0.35716273 0.35801235
 0.35862137 0.36200714 0.36303683 0.36662865 0.3686593  0.37100509
 0.37269446 0.37320524]  max|de|= 0.0603  lindep= 0.194
Old state -> New state
    0     ->     1 
    1     ->     2 
    1     ->     3 
    7     ->     6 
    6     ->     7 
   17     ->    13 
   23     ->    22 
   22     ->    23 
   23     ->    24 
   24     ->    25 
   25     ->    26 
   38     ->    37 
   39     ->    38 
   40     ->    39 
   41     ->    40 
   42     ->    41 
   43     ->    42 
   44     ->    43 
davidson 23 122  |r|= 2.27  e= [0.00674293 0.06304583 0.07357087 0.11845911 0.17631021 0.19435715
 0.20953128 0.21226309 0.21723778 0.21738442 0.23729034 0.2373317
 0.24161606 0.25243711 0.27754111 0.27778558 0.27896585 0.28015748
 0.28470135 0.2883294  0.30250981 0.30619205 0.31691445 0.31735107
 0.31777492 0.32136731 0.32396804 0.3341122  0.33476882 0.33529393
 0.33780087 0.34139884 0.3420908  0.34578651 0.34862177 0.35309594
 0.35517793 0.35611173 0.35647416 0.35716273 0.35801235 0.35862139
 0.36200714 0.36303689 0.36509965 0.36662865 0.36865929 0.37100511
 0.37269445 0.37320596]  max|de|= 0.0784  lindep= 0.0348
Old state -> New state
    0     ->     1 
   12     ->     2 
   16     ->     3 
    5     ->     6 
    6     ->     7 
   16     ->    13 
   18     ->    19 
   19     ->    20 
   20     ->    21 
   21     ->    22 
   29     ->    30 
   30     ->    31 
   31     ->    32 
   32     ->    33 
   33     ->    34 
   34     ->    35 
   35     ->    36 
   36     ->    37 
   37     ->    38 
   38     ->    39 
   39     ->    40 
   40     ->    41 
   41     ->    42 
   42     ->    43 
   43     ->    44 
root 37 converged  |r|= 2.28e-07  e= 0.3551779332854549  max|de|= -2.24e-11
root 38 converged  |r|= 1.87e-07  e= 0.3561117342121184  max|de|= -3.07e-10
davidson 24 152  |r|= 2.31  e= [0.00648497 0.01156098 0.05323566 0.15653581 0.17631021 0.19387282
 0.19435715 0.20953099 0.21723778 0.21738442 0.23729033 0.2373317
 0.24161571 0.25019415 0.27754111 0.2777857  0.27896577 0.28015957
 0.28468269 0.28470141 0.28832935 0.30250981 0.30619205 0.31735107
 0.31777515 0.32136731 0.32396804 0.3341122  0.33476882 0.33529393
 0.3376748  0.33780087 0.34139871 0.3420908  0.34578672 0.34862185
 0.35309594 0.35517793 0.35611173 0.35647418 0.35716273 0.35801235
 0.35862152 0.36200714 0.36303682 0.36662864 0.3686593  0.37100494
 0.37269445 0.37320566]  max|de|= -0.188  lindep= 0.0318
Old state -> New state
    0     ->     1 
   14     ->     2 
    4     ->     3 
    6     ->     4 
    6     ->     5 
    7     ->     6 
    8     ->     7 
    9     ->     8 
   10     ->     9 
   11     ->    10 
   12     ->    11 
   14     ->    13 
   15     ->    14 
   16     ->    15 
   17     ->    16 
   19     ->    17 
   20     ->    18 
   20     ->    19 
   21     ->    20 
   24     ->    26 
   26     ->    27 
   27     ->    28 
   28     ->    29 
   29     ->    30 
   44     ->    45 
   45     ->    46 
   46     ->    47 
   47     ->    48 
   48     ->    49 
root 7 converged  |r|= 1.03e-07  e= 0.2172377808619194  max|de|= 9.9e-12
root 9 converged  |r|= 9.27e-07  e= 0.23729032818197857  max|de|= -5.51e-11
root 23 converged  |r|= 3.07e-08  e= 0.3173510670315718  max|de|= 5.82e-11
davidson 25 183  |r|= 2.24  e= [0.03520784 0.03798014 0.134511   0.17631021 0.19435715 0.19527569
 0.20953098 0.21723778 0.21738442 0.23729033 0.2373317  0.24161577
 0.25328375 0.27754111 0.27778567 0.27896584 0.28015869 0.28470135
 0.28832941 0.29051834 0.30215153 0.30250981 0.30619205 0.31735107
 0.31777514 0.32136731 0.32348966 0.32396804 0.3341122  0.33476882
 0.33529393 0.33780087 0.34139886 0.3420908  0.34578678 0.34862182
 0.35309594 0.35517793 0.35611173 0.35647416 0.35716273 0.35801235
 0.35862141 0.36200714 0.36303683 0.36484295 0.36662865 0.36865929
 0.37100504 0.37269445]  max|de|= -0.143  lindep= 0.0741
