 
:: initializing oneAPI environment ...
   slurm_script: BASH_VERSION = 4.2.46(1)-release
   args: Using "$@" for setvars.sh arguments: --force
:: advisor -- latest
:: ccl -- latest
:: clck -- latest
:: compiler -- latest
:: dal -- latest
:: debugger -- latest
:: dev-utilities -- latest
:: dnnl -- latest
:: dpcpp-ct -- latest
:: dpl -- latest
:: inspector -- latest
:: intelpython -- latest
:: ipp -- latest
:: ippcp -- latest
:: ipp -- latest
:: itac -- latest
:: mkl -- latest
:: mpi -- latest
:: tbb -- latest
:: vpl -- latest
:: vtune -- latest
:: oneAPI environment initialized ::
 
SLURM_CPUS_PER_TASK = 28
SLURM_MEM_PER_NODE = 127949
#INFO: **** input file is /home/yangjunjie/work/py-ch3-cl/work/step_-19/main.py ****
import sys
import pyscf
from pyscf import tdscf

def main(xyz_file, basis="631g*", xc="b3lyp", output="ene.out"):
    xyz = None

    with open(xyz_file, "r") as xyz:
        xyz = xyz.readlines()[2:]
        xyz = "".join(xyz)

    mol = pyscf.gto.Mole()
    mol.atom = xyz
    mol.basis = basis
    mol.verbose = 5
    mol.build()

    if xc is not None and xc != "hf":
        mf = pyscf.scf.RKS(mol)
        mf.xc = xc
        mf.kernel()
    else:
        mf = pyscf.scf.RHF(mol)
        mf.kernel()

    ene_mf = mf.e_tot

    with open(output, "w") as f:
        tda = pyscf.tdscf.TDA(mf)
        tda.nstates = 5
        tda.max_space = 8
        tda.max_cycle = 2000
        tda.kernel()

        con_tda = tda.converged
        ene_tda = tda.e[:5]
        dip_tda = tda.transition_dipole()[:5]

        f.write(f"RKS energy: {ene_mf: 12.8f}\n")
        f.write("TDA results:\n")
        for i, (con, ene, dip) in enumerate(zip(con_tda, ene_tda, dip_tda)):
            f.write(f" {i:2d} {con} {ene: 12.8f} {dip[0]: 12.8f} {dip[1]: 12.8f} {dip[2]: 12.8f}\n")

        # rpa = pyscf.tdscf.RPA(mf)
        # rpa.nstates = 5
        # rpa.max_space = 8
        # rpa.max_cycle = 2000
        # rpa.kernel()

        # con_rpa = rpa.converged
        # ene_rpa = rpa.e[:5]
        # dip_rpa = rpa.transition_dipole()[:5]
        
        # f.write("\nRPA results:\n")
        # for i, (con, ene, dip) in enumerate(zip(con_rpa, ene_rpa, dip_rpa)):
        #     f.write(f" {i:2d} {con} {ene: 12.8f} {dip[0]: 12.8f} {dip[1]: 12.8f} {dip[2]: 12.8f}\n")

if __name__ == "__main__":
    xyz = sys.argv[1]
    main(xyz, basis="631g*", xc="b3lyp", output="out.log")
#INFO: ******************** input file end ********************


System: uname_result(system='Linux', node='pauling040', release='3.10.0-327.36.3.el7.x86_64', version='#1 SMP Thu Oct 20 04:56:07 EDT 2016', machine='x86_64')  Threads 28
Python 3.9.7 (default, Oct 27 2021, 01:23:21) 
[GCC 9.3.0]
numpy 1.21.2  scipy 1.6.2
Date: Tue Sep 27 23:36:53 2022
PySCF version 2.0.1
PySCF path  /home/yangjunjie/packages/pyscf/pyscf-main
GIT ORIG_HEAD 14b880cdc4bf7bb64f3989a147c0b04622efc498
GIT HEAD (branch master) 9d5b5bd309d1cc55fbd1a0ec76e26b5b0c7f76af

[ENV] PYSCF_MAX_MEMORY 127949
[ENV] PYSCF_TMPDIR /scratch/global/yangjunjie/
[CONFIG] conf_file /home/yangjunjie/.pyscf_conf.py
[INPUT] verbose = 5
[INPUT] max_memory = 127949 
[INPUT] num. atoms = 16
[INPUT] num. electrons = 68
[INPUT] charge = 0
[INPUT] spin (= nelec alpha-beta = 2S) = 0
[INPUT] symmetry False subgroup None
[INPUT] Mole.unit = angstrom
[INPUT]  1 C      0.000000010000   1.171546290000   1.168535210000 AA    0.000000018897   2.213901630350   2.208211513811 Bohr
[INPUT]  2 C      0.000000000000   1.178421310000   2.543982520000 AA    0.000000000000   2.226893535251   4.807430228481 Bohr
[INPUT]  3 C     -0.000000010000  -0.014551410000   3.236279390000 AA   -0.000000018897  -0.027498179626   6.115681709674 Bohr
[INPUT]  4 C     -0.000000010000  -1.189397690000   2.517173460000 AA   -0.000000018897  -2.247635887290   4.756768447424 Bohr
[INPUT]  5 C      0.000000000000  -1.154009150000   1.146578350000 AA    0.000000000000  -2.180761238742   2.166719061856 Bohr
[INPUT]  6 N      0.000000010000   0.014252990000   0.461988660000 AA    0.000000018897   0.026934247556   0.873032040055 Bohr
[INPUT]  7 C      0.000000000000   0.003996340000  -2.210711080000 AA    0.000000000000   0.007551988101  -4.177638481741 Bohr
[INPUT]  8 H      0.000000020000   2.064163680000   0.574494710000 AA    0.000000037795   3.900704031474   1.085637661911 Bohr
[INPUT]  9 H      0.000000000000   2.152408190000   3.069672810000 AA    0.000000000000   4.067461987371   5.800840902924 Bohr
[INPUT] 10 H     -0.000000020000  -0.024786560000   4.329864710000 AA   -0.000000037795  -0.046839809970   8.182258458319 Bohr
[INPUT] 11 H     -0.000000020000  -2.176753640000   3.025732610000 AA   -0.000000037795  -4.113468220250   5.717805959065 Bohr
[INPUT] 12 H      0.000000000000  -2.036286460000   0.530340990000 AA    0.000000000000  -3.848023720560   1.002199223731 Bohr
[INPUT] 13 H     -0.000000030000   1.035089600000  -1.875519150000 AA   -0.000000056692   1.956035858386  -3.544217534877 Bohr
[INPUT] 14 H     -0.890738600000  -0.502830380000  -1.858413330000 AA   -1.683252002579  -0.950211705311  -3.511892219941 Bohr
[INPUT] 15 H      0.890738620000  -0.502830340000  -1.858413340000 AA    1.683252040373  -0.950211629722  -3.511892238838 Bohr
[INPUT] 16 Cl    -0.000000010000  -0.010170180000  -4.027841000000 AA   -0.000000018897  -0.019218854838  -7.611516363294 Bohr
[INPUT] ---------------- BASIS SET ---------------- 
[INPUT] l, kappa, [nprim/nctr], expnt,             c_1 c_2 ...
[INPUT] Cl
[INPUT] 0    0    [6    /1   ]  25180.1           0.001833
                                3780.35           0.014034
                                860.474           0.069097
                                242.145           0.237452
                                77.3349           0.483034
                                26.247            0.339856
[INPUT] 0    0    [6    /1   ]  491.765           -0.0022974
                                116.984           -0.030714
                                37.4153           -0.112528
                                13.7834           0.045016
                                5.45215           0.589353
                                2.22588           0.465206
[INPUT] 0    0    [3    /1   ]  3.18649           -0.25183
                                1.14427           0.061589
                                0.420377          1.06018
[INPUT] 0    0    [1    /1   ]  0.142657             1
[INPUT] 1    0    [6    /1   ]  491.765           0.0039894
                                116.984           0.030318
                                37.4153           0.12988
                                13.7834           0.327951
                                5.45215           0.453527
                                2.22588           0.252154
[INPUT] 1    0    [3    /1   ]  3.18649           -0.014299
                                1.14427           0.323572
                                0.420377          0.743507
[INPUT] 1    0    [1    /1   ]  0.142657             1
[INPUT] 2    0    [1    /1   ]  0.75                 1
[INPUT] H
[INPUT] 0    0    [3    /1   ]  18.731137         0.0334946
                                2.8253937         0.23472695
                                0.6401217         0.81375733
[INPUT] 0    0    [1    /1   ]  0.1612778            1
[INPUT] C
[INPUT] 0    0    [6    /1   ]  3047.5249         0.0018347
                                457.36951         0.0140373
                                103.94869         0.0688426
                                29.210155         0.2321844
                                9.286663          0.4679413
                                3.163927          0.362312
[INPUT] 0    0    [3    /1   ]  7.8682724         -0.1193324
                                1.8812885         -0.1608542
                                0.5442493         1.1434564
[INPUT] 0    0    [1    /1   ]  0.1687144            1
[INPUT] 1    0    [3    /1   ]  7.8682724         0.0689991
                                1.8812885         0.316424
                                0.5442493         0.7443083
[INPUT] 1    0    [1    /1   ]  0.1687144            1
[INPUT] 2    0    [1    /1   ]  0.8                  1
[INPUT] N
[INPUT] 0    0    [6    /1   ]  4173.511          0.0018348
                                627.4579          0.013995
                                142.9021          0.068587
                                40.23433          0.232241
                                12.82021          0.46907
                                4.390437          0.360455
[INPUT] 0    0    [3    /1   ]  11.626358         -0.114961
                                2.71628           -0.169118
                                0.772218          1.145852
[INPUT] 0    0    [1    /1   ]  0.2120313            1
[INPUT] 1    0    [3    /1   ]  11.626358         0.06758
                                2.71628           0.323907
                                0.772218          0.740895
[INPUT] 1    0    [1    /1   ]  0.2120313            1
[INPUT] 2    0    [1    /1   ]  0.8                  1

nuclear repulsion = 373.878200377117
number of shells = 66
number of NR pGTOs = 272
number of NR cGTOs = 132
basis = 631g*
ecp = {}
CPU time:         0.35


******** <class 'pyscf.dft.rks.RKS'> ********
method = RKS
initial guess = minao
damping factor = 0
level_shift factor = 0
DIIS = <class 'pyscf.scf.diis.CDIIS'>
diis_start_cycle = 1
diis_space = 8
SCF conv_tol = 1e-09
SCF conv_tol_grad = None
SCF max_cycles = 50
direct_scf = True
direct_scf_tol = 1e-13
chkfile to save SCF result = /scratch/global/yangjunjie/tmpngyo7mor
max_memory 127949 MB (current use 81 MB)
XC library pyscf.dft.libxc version 5.2.0
    S. Lehtola, C. Steigemann, M. J. Oliveira, and M. A. Marques, SoftwareX 7, 1 (2018)
XC functionals = b3lyp
    P. A. M. Dirac, Math. Proc. Cambridge Philos. Soc. 26, 376 (1930)
    F. Bloch, Z. Phys. 57, 545 (1929)
    A. D. Becke, Phys. Rev. A 38, 3098 (1988)
    C. Lee, W. Yang, and R. G. Parr, Phys. Rev. B 37, 785 (1988)
    B. Miehlich, A. Savin, H. Stoll, and H. Preuss, Chem. Phys. Lett. 157, 200 (1989)
    S. H. Vosko, L. Wilk, and M. Nusair, Can. J. Phys. 58, 1200 (1980)
radial grids: 
    Treutler-Ahlrichs [JCP 102, 346 (1995); DOI:10.1063/1.469408] (M4) radial grids
    
becke partition: Becke, JCP 88, 2547 (1988); DOI:10.1063/1.454033
pruning grids: <function nwchem_prune at 0x7f3e4f65aee0>
grids dens level: 3
symmetrized grids: False
atomic radii adjust function: <function treutler_atomic_radii_adjust at 0x7f3e4f65ae50>
small_rho_cutoff = 1e-07
Set gradient conv threshold to 3.16228e-05
atom C rad-grids = 75, ang-grids = [ 50  50  50  50  50  50  50  50  50  50  50  50  50  50  50  50  50  50
  50  50  50  50  50  86  86  86  86  86  86  86  86  86  86 266 266 266
 266 266 266 266 302 302 302 302 302 302 302 302 302 302 302 302 302 302
 302 302 302 302 302 302 266 266 266 266 266 266 266 266 266 266 266 266
 266 266 266]
atom N rad-grids = 75, ang-grids = [ 50  50  50  50  50  50  50  50  50  50  50  50  50  50  50  50  50  50
  50  50  50  50  50  86  86  86  86  86  86  86  86  86 266 266 266 266
 266 266 266 302 302 302 302 302 302 302 302 302 302 302 302 302 302 302
 302 302 302 302 266 266 266 266 266 266 266 266 266 266 266 266 266 266
 266 266 266]
atom H rad-grids = 50, ang-grids = [ 50  50  50  50  50  50  50  50  50  50  50  50  50  50  86  86  86  86
 266 266 266 266 302 302 302 302 302 302 302 302 302 302 302 302 302 266
 266 266 266 266 266 266 266 266 266 266 266 266 266 266]
atom Cl rad-grids = 80, ang-grids = [ 50  50  50  50  50  50  50  50  50  50  50  50  50  50  50  50  50  50
  50  50  50  50  50  50  86  86  86  86  86  86  86  86  86  86  86  86
  86 350 350 350 350 350 350 350 350 350 434 434 434 434 434 434 434 434
 434 434 434 434 434 434 434 434 434 434 350 350 350 350 350 350 350 350
 350 350 350 350 350 350 350 350]
tot grids = 196530
Drop grids 32978
    CPU time for setting up grids      3.80 sec, wall time      0.17 sec
nelec by numeric integration = 67.97621998380303
    CPU time for vxc      8.02 sec, wall time      0.31 sec
E1 = -1760.9715568520844  Ecoul = 708.4390105706616  Exc = -70.3695024754907
init E= -749.023848379797
cond(S) = 6728.331328041072
    CPU time for initialize scf     19.14 sec, wall time      0.86 sec
  HOMO = -0.298150039579728  LUMO = -0.102424909821929
  mo_energy =
[-1.01597265e+02 -1.44000686e+01 -1.02938152e+01 -1.02925846e+01
 -1.02920652e+01 -1.02891583e+01 -1.02863768e+01 -1.02862020e+01
 -9.53825497e+00 -7.29415676e+00 -7.29292875e+00 -7.29292820e+00
 -1.09282089e+00 -9.38339907e-01 -9.31101308e-01 -8.89189464e-01
 -7.57441204e-01 -7.09109170e-01 -7.05169491e-01 -5.78219308e-01
 -5.30636481e-01 -5.04260939e-01 -4.73706839e-01 -4.72839618e-01
 -4.64243247e-01 -4.59360077e-01 -4.34142261e-01 -4.33245853e-01
 -3.91385186e-01 -3.43734896e-01 -3.42751152e-01 -3.24574401e-01
 -3.01125651e-01 -2.98150040e-01 -1.02424910e-01 -7.54605009e-02
 -3.47755003e-02  4.66590205e-02  7.11618952e-02  7.47031194e-02
  8.85392613e-02  1.08597690e-01  1.21581818e-01  1.23298387e-01
  1.43023222e-01  1.64094327e-01  1.91798408e-01  2.40485688e-01
  2.57046907e-01  2.71040157e-01  3.59842874e-01  3.90658969e-01
  4.01497230e-01  4.15194350e-01  4.15208924e-01  4.27462624e-01
  4.63935312e-01  4.74632804e-01  4.87092815e-01  5.06252156e-01
  5.23730750e-01  5.24104828e-01  5.39147068e-01  5.50633686e-01
  5.54991372e-01  5.55979617e-01  5.60318579e-01  6.08433357e-01
  6.22909061e-01  6.41651504e-01  6.69578178e-01  7.59060966e-01
  7.62903291e-01  7.85497922e-01  7.86248352e-01  7.90346983e-01
  7.98135149e-01  7.99036504e-01  8.28216273e-01  8.43080971e-01
  8.49144630e-01  8.67438283e-01  8.76559194e-01  8.97627432e-01
  9.06634214e-01  9.29737916e-01  9.73780968e-01  1.00633748e+00
  1.04289627e+00  1.07960630e+00  1.12767694e+00  1.14256041e+00
  1.16641437e+00  1.17639292e+00  1.30799038e+00  1.33758553e+00
  1.40520980e+00  1.41311234e+00  1.41698950e+00  1.43007076e+00
  1.44233289e+00  1.45225439e+00  1.62414208e+00  1.62568305e+00
  1.66125472e+00  1.70540451e+00  1.75574555e+00  1.75660359e+00
  1.85962878e+00  1.88340339e+00  1.98578769e+00  2.06478438e+00
  2.07252240e+00  2.10041695e+00  2.10631443e+00  2.12190322e+00
  2.13379578e+00  2.16747262e+00  2.17965644e+00  2.23859529e+00
  2.24023407e+00  2.30107528e+00  2.47635851e+00  2.48383373e+00
  2.60023504e+00  2.61870822e+00  2.62020610e+00  2.64900457e+00
  2.67686368e+00  2.69540326e+00  2.95501445e+00  3.31877442e+00]
nelec by numeric integration = 68.00002402402258
    CPU time for vxc      5.92 sec, wall time      0.21 sec
E1 = -1769.1163578345254  Ecoul = 717.9648293260192  Exc = -70.81042263538825
cycle= 1 E= -748.083750766778  delta_E= 0.94  |g|= 0.379  |ddm|= 3.95
    CPU time for cycle= 1      6.40 sec, wall time      0.23 sec
  HOMO = -0.198502211159605  LUMO = 0.00965272729317092
  mo_energy =
[-1.01358863e+02 -1.42036915e+01 -1.01820072e+01 -1.01802237e+01
 -1.01499927e+01 -1.01254253e+01 -1.00920462e+01 -1.00903858e+01
 -9.31451155e+00 -7.07548251e+00 -7.06546740e+00 -7.06545919e+00
 -8.88898248e-01 -7.76833661e-01 -7.57524581e-01 -7.32419273e-01
 -6.19066508e-01 -6.00724531e-01 -5.95293419e-01 -5.12069236e-01
 -4.49534535e-01 -4.34315765e-01 -4.11713432e-01 -4.02208980e-01
 -4.00697081e-01 -3.77790432e-01 -3.61223022e-01 -3.40067642e-01
 -3.33988744e-01 -2.46181692e-01 -2.37709059e-01 -2.27824698e-01
 -2.27079297e-01 -1.98502211e-01  9.65272729e-03  2.08891531e-02
  8.08218250e-02  1.05405079e-01  1.31179235e-01  1.38273197e-01
  1.59104692e-01  1.66356122e-01  1.80584640e-01  1.83783571e-01
  1.86002154e-01  2.15658573e-01  2.72904412e-01  3.14507133e-01
  3.49468491e-01  3.50950415e-01  4.64055433e-01  4.67819022e-01
  4.84074275e-01  5.13890385e-01  5.14222249e-01  5.20292424e-01
  5.35526762e-01  5.62009415e-01  5.71535057e-01  5.95267566e-01
  6.03679032e-01  6.04001401e-01  6.19635058e-01  6.20520811e-01
  6.29263427e-01  6.34745197e-01  6.56805078e-01  6.78928005e-01
  7.15718388e-01  7.18028540e-01  7.57283973e-01  8.36141217e-01
  8.44766429e-01  8.59887055e-01  8.69213176e-01  8.85730158e-01
  9.13456573e-01  9.24454194e-01  9.29741403e-01  9.53697983e-01
  9.59891536e-01  9.77075224e-01  9.79174431e-01  1.00985225e+00
  1.01854642e+00  1.02047256e+00  1.05501022e+00  1.09519130e+00
  1.10945634e+00  1.14590957e+00  1.18757092e+00  1.24019786e+00
  1.24925923e+00  1.28925195e+00  1.41153889e+00  1.41411940e+00
  1.47570307e+00  1.51482185e+00  1.52384524e+00  1.52934355e+00
  1.53906666e+00  1.56646341e+00  1.73850662e+00  1.73979613e+00
  1.76045879e+00  1.79541095e+00  1.87239252e+00  1.87941476e+00
  1.96487488e+00  1.98707942e+00  2.10617971e+00  2.18028820e+00
  2.18768722e+00  2.20804460e+00  2.22381205e+00  2.23364201e+00
  2.25034707e+00  2.27436468e+00  2.28593280e+00  2.34929168e+00
  2.36263095e+00  2.41212188e+00  2.58922400e+00  2.59237723e+00
  2.71516252e+00  2.73832697e+00  2.75265646e+00  2.77688670e+00
  2.79870146e+00  2.83340158e+00  3.08566924e+00  3.45105794e+00]
nelec by numeric integration = 68.00002258727471
    CPU time for vxc      6.15 sec, wall time      0.22 sec
E1 = -1761.5253380234426  Ecoul = 709.7884357711006  Exc = -70.22711664443955
cycle= 2 E= -748.085818519665  delta_E= -0.00207  |g|= 0.395  |ddm|= 0.969
    CPU time for cycle= 2      6.65 sec, wall time      0.24 sec
  HOMO = -0.263388527918927  LUMO = -0.0360550687341422
  mo_energy =
[-1.01471172e+02 -1.43586076e+01 -1.02114664e+01 -1.02108248e+01
 -1.02064348e+01 -1.02013414e+01 -1.02009767e+01 -1.01953355e+01
 -9.40566000e+00 -7.16852697e+00 -7.15878699e+00 -7.15877698e+00
 -9.49998246e-01 -8.16388409e-01 -8.11900352e-01 -7.73075969e-01
 -6.48166341e-01 -6.37155108e-01 -6.36454260e-01 -5.39108541e-01
 -4.88179663e-01 -4.74522521e-01 -4.40823765e-01 -4.20689157e-01
 -4.18193035e-01 -4.16121382e-01 -4.05620841e-01 -3.75719639e-01
 -3.71907941e-01 -2.98039889e-01 -2.73938544e-01 -2.64728928e-01
 -2.64218105e-01 -2.63388528e-01 -3.60550687e-02 -1.41415265e-02
  5.88759723e-02  8.46842409e-02  1.20685180e-01  1.26245870e-01
  1.40904268e-01  1.47607663e-01  1.56059491e-01  1.74146414e-01
  1.75399329e-01  2.06485070e-01  2.43037193e-01  2.87861574e-01
  3.14983191e-01  3.23304290e-01  4.36725571e-01  4.42607657e-01
  4.51866650e-01  4.87301256e-01  4.87619623e-01  4.87870576e-01
  5.04215381e-01  5.27314952e-01  5.49486410e-01  5.71670196e-01
  5.76366700e-01  5.76506577e-01  5.82601076e-01  5.94303234e-01
  5.95842443e-01  6.04616642e-01  6.17176776e-01  6.49346293e-01
  6.82628285e-01  6.86948149e-01  7.28252620e-01  8.08269564e-01
  8.16471930e-01  8.37581309e-01  8.43518754e-01  8.45086138e-01
  8.86291007e-01  8.88050567e-01  9.05481177e-01  9.21966059e-01
  9.27143680e-01  9.38430922e-01  9.38701801e-01  9.81212485e-01
  9.82608644e-01  9.87052149e-01  1.01923590e+00  1.07067346e+00
  1.08549394e+00  1.11896004e+00  1.16442249e+00  1.20753976e+00
  1.21526154e+00  1.23985236e+00  1.36883407e+00  1.37887230e+00
  1.45389582e+00  1.47083515e+00  1.47658493e+00  1.48990747e+00
  1.50124810e+00  1.51312307e+00  1.71442858e+00  1.71478420e+00
  1.71669041e+00  1.76045180e+00  1.82034706e+00  1.82893480e+00
  1.91978084e+00  1.94969880e+00  2.05917748e+00  2.13618242e+00
  2.13690622e+00  2.16626820e+00  2.17170832e+00  2.18657565e+00
  2.22157097e+00  2.25501639e+00  2.26598392e+00  2.30714590e+00
  2.30952668e+00  2.36469785e+00  2.54064854e+00  2.55019128e+00
  2.66849485e+00  2.69112405e+00  2.69881812e+00  2.72997111e+00
  2.75100452e+00  2.77511351e+00  3.03439117e+00  3.40143771e+00]
nelec by numeric integration = 68.00002244865863
    CPU time for vxc      5.91 sec, wall time      0.21 sec
E1 = -1765.1671806213176  Ecoul = 713.6611269047222  Exc = -70.49704001269461
cycle= 3 E= -748.124893352173  delta_E= -0.0391  |g|= 0.0824  |ddm|= 0.486
    CPU time for cycle= 3      6.45 sec, wall time      0.23 sec
  HOMO = -0.258228992899454  LUMO = -0.0356817535354031
  mo_energy =
[-1.01493159e+02 -1.43279958e+01 -1.02296123e+01 -1.02287030e+01
 -1.02158992e+01 -1.02075263e+01 -1.02072177e+01 -1.02066076e+01
 -9.42401169e+00 -7.18713993e+00 -7.17755504e+00 -7.17754411e+00
 -9.45416638e-01 -8.20244166e-01 -8.15976850e-01 -7.77470842e-01
 -6.54019535e-01 -6.40923544e-01 -6.37912643e-01 -5.42079361e-01
 -4.90437699e-01 -4.77075227e-01 -4.44670910e-01 -4.23797771e-01
 -4.21812442e-01 -4.17943899e-01 -4.05959239e-01 -3.82915595e-01
 -3.73717025e-01 -2.96325753e-01 -2.78242545e-01 -2.72592511e-01
 -2.72063264e-01 -2.58228993e-01 -3.56817535e-02 -1.76897223e-02
  5.43599563e-02  8.31413550e-02  1.18666437e-01  1.24430267e-01
  1.39337251e-01  1.46418107e-01  1.55286428e-01  1.72769505e-01
  1.74333577e-01  2.04753116e-01  2.42551299e-01  2.86168212e-01
  3.15078161e-01  3.21204826e-01  4.29493225e-01  4.40970624e-01
  4.49239220e-01  4.81649091e-01  4.81954536e-01  4.85124643e-01
  5.01409069e-01  5.26495109e-01  5.46201018e-01  5.68195686e-01
  5.73139150e-01  5.74728543e-01  5.79518414e-01  5.90970685e-01
  5.94602947e-01  6.01234398e-01  6.17931485e-01  6.46137898e-01
  6.81086008e-01  6.83058782e-01  7.26438529e-01  8.06229679e-01
  8.14171938e-01  8.35012789e-01  8.39125283e-01  8.49663604e-01
  8.80008968e-01  8.82466700e-01  9.01316765e-01  9.18592382e-01
  9.21767980e-01  9.31077990e-01  9.33059056e-01  9.75356750e-01
  9.76793557e-01  9.82813371e-01  1.02044529e+00  1.06750299e+00
  1.08274627e+00  1.11831167e+00  1.16281247e+00  1.20650948e+00
  1.21273435e+00  1.23745441e+00  1.36626149e+00  1.38059857e+00
  1.45327451e+00  1.46612853e+00  1.47532058e+00  1.49125709e+00
  1.49748830e+00  1.51528588e+00  1.70919993e+00  1.70995425e+00
  1.71688163e+00  1.75988980e+00  1.82153717e+00  1.82620131e+00
  1.91918200e+00  1.94583532e+00  2.05531149e+00  2.13300153e+00
  2.13497938e+00  2.16222889e+00  2.17078323e+00  2.18543028e+00
  2.21638051e+00  2.25090505e+00  2.26193567e+00  2.30250209e+00
  2.30910506e+00  2.36430778e+00  2.54041945e+00  2.54648540e+00
  2.66617807e+00  2.68900027e+00  2.69738881e+00  2.72573385e+00
  2.74816038e+00  2.77516879e+00  3.03316978e+00  3.39859063e+00]
nelec by numeric integration = 68.00002264122148
    CPU time for vxc      5.94 sec, wall time      0.21 sec
E1 = -1765.3498702722427  Ecoul = 713.8553383076783  Exc = -70.50971805209483
cycle= 4 E= -748.126049639543  delta_E= -0.00116  |g|= 0.0387  |ddm|= 0.0928
    CPU time for cycle= 4      6.48 sec, wall time      0.23 sec
  HOMO = -0.261869635309402  LUMO = -0.0350074163020413
  mo_energy =
[-1.01489036e+02 -1.43385799e+01 -1.02265648e+01 -1.02263089e+01
 -1.02099923e+01 -1.02084048e+01 -1.02010740e+01 -1.02009057e+01
 -9.42106889e+00 -7.18402818e+00 -7.17452821e+00 -7.17451709e+00
 -9.46034494e-01 -8.19514968e-01 -8.13420187e-01 -7.75140639e-01
 -6.54756348e-01 -6.38953239e-01 -6.37001674e-01 -5.40472413e-01
 -4.88768698e-01 -4.75565430e-01 -4.42914494e-01 -4.24914967e-01
 -4.22877067e-01 -4.16320765e-01 -4.05163432e-01 -3.82598322e-01
 -3.72311134e-01 -2.95479878e-01 -2.75845978e-01 -2.72220954e-01
 -2.71680321e-01 -2.61869635e-01 -3.50074163e-02 -1.56617301e-02
  5.43543069e-02  8.43590476e-02  1.18512942e-01  1.24568208e-01
  1.40735696e-01  1.46468651e-01  1.56099941e-01  1.71639912e-01
  1.74740306e-01  2.04512131e-01  2.43196275e-01  2.87969914e-01
  3.15503939e-01  3.22688060e-01  4.29739835e-01  4.41367175e-01
  4.50346735e-01  4.81801367e-01  4.82099103e-01  4.85673907e-01
  5.03533962e-01  5.27199103e-01  5.45806732e-01  5.68303130e-01
  5.75101216e-01  5.75714980e-01  5.81580181e-01  5.92718857e-01
  5.96872507e-01  6.03652688e-01  6.17230222e-01  6.47849666e-01
  6.83289090e-01  6.83505488e-01  7.25480046e-01  8.08264790e-01
  8.16957224e-01  8.36398330e-01  8.39888639e-01  8.47042612e-01
  8.80218728e-01  8.82267413e-01  9.01722557e-01  9.19606279e-01
  9.22900006e-01  9.31235858e-01  9.33989831e-01  9.75129459e-01
  9.77741151e-01  9.83366461e-01  1.01962806e+00  1.06763662e+00
  1.08380352e+00  1.11913830e+00  1.16480549e+00  1.20684987e+00
  1.21229398e+00  1.23938410e+00  1.36863637e+00  1.38056192e+00
  1.45368833e+00  1.46915161e+00  1.47754521e+00  1.48875477e+00
  1.49901828e+00  1.51471303e+00  1.70818227e+00  1.70900838e+00
  1.71728994e+00  1.76078666e+00  1.82177772e+00  1.82866061e+00
  1.92129289e+00  1.94812384e+00  2.05801398e+00  2.13524921e+00
  2.13694044e+00  2.16414277e+00  2.17286242e+00  2.18657935e+00
  2.21568670e+00  2.24972713e+00  2.26084181e+00  2.30490764e+00
  2.31021509e+00  2.36485443e+00  2.54145261e+00  2.54888221e+00
  2.66829157e+00  2.69007077e+00  2.69869046e+00  2.72784162e+00
  2.74966728e+00  2.77636738e+00  3.03375968e+00  3.40023008e+00]
nelec by numeric integration = 68.00002263423423
    CPU time for vxc      5.92 sec, wall time      0.21 sec
E1 = -1765.2989309672237  Ecoul = 713.8014807671117  Exc = -70.50712030476257
cycle= 5 E= -748.126370127758  delta_E= -0.00032  |g|= 0.0107  |ddm|= 0.0438
    CPU time for cycle= 5      6.47 sec, wall time      0.23 sec
  HOMO = -0.260245874315281  LUMO = -0.034457495877125
  mo_energy =
[-1.01486034e+02 -1.43354956e+01 -1.02234496e+01 -1.02231385e+01
 -1.02116980e+01 -1.02059168e+01 -1.02023880e+01 -1.02021224e+01
 -9.41875892e+00 -7.18163726e+00 -7.17215548e+00 -7.17214427e+00
 -9.44417735e-01 -8.18564982e-01 -8.13601967e-01 -7.74402650e-01
 -6.53654270e-01 -6.38555689e-01 -6.36393273e-01 -5.40181986e-01
 -4.88262742e-01 -4.75515979e-01 -4.42359850e-01 -4.23965283e-01
 -4.21950716e-01 -4.16416729e-01 -4.04390885e-01 -3.81606794e-01
 -3.72150496e-01 -2.95226988e-01 -2.75326618e-01 -2.71330221e-01
 -2.70799673e-01 -2.60245874e-01 -3.44574959e-02 -1.51782734e-02
  5.53011270e-02  8.42858114e-02  1.19028898e-01  1.24961933e-01
  1.41128843e-01  1.46742459e-01  1.56101980e-01  1.72330636e-01
  1.74930499e-01  2.05127330e-01  2.43798243e-01  2.87897615e-01
  3.16222821e-01  3.22814849e-01  4.30490255e-01  4.41813804e-01
  4.50890380e-01  4.82444149e-01  4.82743364e-01  4.86301823e-01
  5.03821856e-01  5.27638637e-01  5.46490410e-01  5.69029334e-01
  5.75506550e-01  5.76592536e-01  5.81878475e-01  5.92981499e-01
  5.96344565e-01  6.03522627e-01  6.18045312e-01  6.48258897e-01
  6.82970913e-01  6.84565514e-01  7.26715330e-01  8.08095598e-01
  8.16199240e-01  8.36670381e-01  8.40809498e-01  8.48398691e-01
  8.81185712e-01  8.83338051e-01  9.02301002e-01  9.20197037e-01
  9.23205277e-01  9.32264889e-01  9.34581375e-01  9.76216907e-01
  9.78399422e-01  9.83997622e-01  1.02061000e+00  1.06832650e+00
  1.08421759e+00  1.11959095e+00  1.16456662e+00  1.20739141e+00
  1.21305965e+00  1.23984696e+00  1.36887801e+00  1.38096314e+00
  1.45424677e+00  1.46924465e+00  1.47754659e+00  1.48990565e+00
  1.50010659e+00  1.51581709e+00  1.70941712e+00  1.71023268e+00
  1.71802649e+00  1.76140793e+00  1.82247068e+00  1.82888616e+00
  1.92118023e+00  1.94861462e+00  2.05842014e+00  2.13573880e+00
  2.13738630e+00  2.16497493e+00  2.17287287e+00  2.18727220e+00
  2.21691168e+00  2.25085079e+00  2.26195424e+00  2.30548229e+00
  2.31055465e+00  2.36579713e+00  2.54204232e+00  2.54934034e+00
  2.66859035e+00  2.69077614e+00  2.69922511e+00  2.72848172e+00
  2.75045634e+00  2.77671991e+00  3.03468616e+00  3.40075402e+00]
nelec by numeric integration = 68.00002256261979
    CPU time for vxc      6.11 sec, wall time      0.22 sec
E1 = -1765.2331440536543  Ecoul = 713.7313181939553  Exc = -70.50277084173833
cycle= 6 E= -748.126396324321  delta_E= -2.62e-05  |g|= 0.0049  |ddm|= 0.0163
    CPU time for cycle= 6      6.67 sec, wall time      0.24 sec
  HOMO = -0.260593700611985  LUMO = -0.0345184326220392
  mo_energy =
[-1.01486003e+02 -1.43361895e+01 -1.02245891e+01 -1.02242388e+01
 -1.02107163e+01 -1.02060400e+01 -1.02020313e+01 -1.02017695e+01
 -9.41878248e+00 -7.18165151e+00 -7.17217399e+00 -7.17216276e+00
 -9.44986561e-01 -8.18696702e-01 -8.13479397e-01 -7.74649635e-01
 -6.53714430e-01 -6.38604954e-01 -6.36506810e-01 -5.40213169e-01
 -4.88382078e-01 -4.75482836e-01 -4.42565877e-01 -4.24098222e-01
 -4.22072039e-01 -4.16289958e-01 -4.04621005e-01 -3.81696820e-01
 -3.72161079e-01 -2.95221515e-01 -2.75521287e-01 -2.71429449e-01
 -2.70899018e-01 -2.60593701e-01 -3.45184326e-02 -1.53233144e-02
  5.52006449e-02  8.43864407e-02  1.18958676e-01  1.24909133e-01
  1.41081668e-01  1.46727696e-01  1.56189065e-01  1.72212579e-01
  1.74937955e-01  2.05009855e-01  2.43643407e-01  2.87989760e-01
  3.16039906e-01  3.22842203e-01  4.30468782e-01  4.41751919e-01
  4.50747989e-01  4.82349780e-01  4.82647856e-01  4.86114739e-01
  5.03748919e-01  5.27571757e-01  5.46402486e-01  5.68915155e-01
  5.75377678e-01  5.76323443e-01  5.81797501e-01  5.92971671e-01
  5.96570185e-01  6.03614536e-01  6.17892768e-01  6.48139148e-01
  6.83138864e-01  6.84316366e-01  7.26474375e-01  8.08159782e-01
  8.16541595e-01  8.36628874e-01  8.40574050e-01  8.48123475e-01
  8.81071375e-01  8.83198391e-01  9.02283039e-01  9.20181221e-01
  9.23221715e-01  9.32148730e-01  9.34537926e-01  9.76097365e-01
  9.78363572e-01  9.83923008e-01  1.02039358e+00  1.06824353e+00
  1.08414177e+00  1.11949074e+00  1.16467777e+00  1.20730773e+00
  1.21294372e+00  1.23973307e+00  1.36880145e+00  1.38090757e+00
  1.45412224e+00  1.46924936e+00  1.47759598e+00  1.48973445e+00
  1.49972017e+00  1.51550837e+00  1.70928111e+00  1.71009331e+00
  1.71783019e+00  1.76124571e+00  1.82232870e+00  1.82884337e+00
  1.92125078e+00  1.94843250e+00  2.05828863e+00  2.13556227e+00
  2.13727211e+00  2.16471786e+00  2.17292522e+00  2.18712420e+00
  2.21677572e+00  2.25072455e+00  2.26182414e+00  2.30529749e+00
  2.31055840e+00  2.36552118e+00  2.54189890e+00  2.54918937e+00
  2.66853038e+00  2.69063468e+00  2.69913851e+00  2.72831779e+00
  2.75022467e+00  2.77671054e+00  3.03447281e+00  3.40067741e+00]
nelec by numeric integration = 68.0000225840597
    CPU time for vxc      6.19 sec, wall time      0.23 sec
E1 = -1765.2461380732348  Ecoul = 713.7447674147419  Exc = -70.50323269681877
cycle= 7 E= -748.126402978195  delta_E= -6.65e-06  |g|= 0.000592  |ddm|= 0.00511
    CPU time for cycle= 7      6.73 sec, wall time      0.25 sec
  HOMO = -0.260569384704953  LUMO = -0.0345136849617929
  mo_energy =
[-1.01486296e+02 -1.43361725e+01 -1.02245158e+01 -1.02242067e+01
 -1.02108943e+01 -1.02062441e+01 -1.02018999e+01 -1.02016617e+01
 -9.41901107e+00 -7.18188901e+00 -7.17240772e+00 -7.17239649e+00
 -9.44960921e-01 -8.18790662e-01 -8.13492162e-01 -7.74603976e-01
 -6.53780115e-01 -6.38589619e-01 -6.36488776e-01 -5.40207396e-01
 -4.88361825e-01 -4.75456335e-01 -4.42530594e-01 -4.24143987e-01
 -4.22120682e-01 -4.16311303e-01 -4.04603095e-01 -3.81786457e-01
 -3.72148164e-01 -2.95225886e-01 -2.75480554e-01 -2.71518739e-01
 -2.70986247e-01 -2.60569385e-01 -3.45136850e-02 -1.52901819e-02
  5.51341408e-02  8.43706130e-02  1.18958647e-01  1.24914701e-01
  1.41100086e-01  1.46729322e-01  1.56184258e-01  1.72190805e-01
  1.74941051e-01  2.05010751e-01  2.43651223e-01  2.87993721e-01
  3.16063848e-01  3.22856212e-01  4.30388445e-01  4.41759905e-01
  4.50756505e-01  4.82286114e-01  4.82583982e-01  4.86084157e-01
  5.03765100e-01  5.27578355e-01  5.46360627e-01  5.68891429e-01
  5.75411570e-01  5.76346380e-01  5.81801788e-01  5.92957702e-01
  5.96566049e-01  6.03615932e-01  6.17893756e-01  6.48169843e-01
  6.83142233e-01  6.84336173e-01  7.26473349e-01  8.08190653e-01
  8.16516275e-01  8.36650041e-01  8.40597554e-01  8.48126687e-01
  8.80998084e-01  8.83121838e-01  9.02255543e-01  9.20139348e-01
  9.23199126e-01  9.32061426e-01  9.34495524e-01  9.76019862e-01
  9.78310718e-01  9.83902736e-01  1.02041228e+00  1.06820599e+00
  1.08415072e+00  1.11949399e+00  1.16468402e+00  1.20730377e+00
  1.21291537e+00  1.23975351e+00  1.36882123e+00  1.38091259e+00
  1.45413822e+00  1.46926446e+00  1.47760672e+00  1.48973409e+00
  1.49975997e+00  1.51552751e+00  1.70919957e+00  1.71001553e+00
  1.71785289e+00  1.76125863e+00  1.82234507e+00  1.82885982e+00
  1.92125323e+00  1.94846983e+00  2.05830901e+00  2.13559567e+00
  2.13728919e+00  2.16475770e+00  2.17292807e+00  2.18713132e+00
  2.21669709e+00  2.25065898e+00  2.26176131e+00  2.30533920e+00
  2.31055938e+00  2.36554397e+00  2.54190872e+00  2.54922066e+00
  2.66854479e+00  2.69065787e+00  2.69915806e+00  2.72835361e+00
  2.75025788e+00  2.77671513e+00  3.03449740e+00  3.40070000e+00]
nelec by numeric integration = 68.00002258896669
    CPU time for vxc      5.94 sec, wall time      0.22 sec
E1 = -1765.2482549602732  Ecoul = 713.747070377565  Exc = -70.50341886071423
cycle= 8 E= -748.126403066306  delta_E= -8.81e-08  |g|= 0.000191  |ddm|= 0.000752
    CPU time for cycle= 8      6.45 sec, wall time      0.24 sec
  HOMO = -0.260569411266142  LUMO = -0.0345059763799141
  mo_energy =
[-1.01486306e+02 -1.43361740e+01 -1.02245099e+01 -1.02241759e+01
 -1.02108358e+01 -1.02062310e+01 -1.02019404e+01 -1.02016829e+01
 -9.41901310e+00 -7.18189324e+00 -7.17240995e+00 -7.17239873e+00
 -9.44956954e-01 -8.18783161e-01 -8.13484559e-01 -7.74605104e-01
 -6.53776116e-01 -6.38585563e-01 -6.36487835e-01 -5.40200553e-01
 -4.88358741e-01 -4.75462737e-01 -4.42532593e-01 -4.24137845e-01
 -4.22114881e-01 -4.16299703e-01 -4.04599577e-01 -3.81783892e-01
 -3.72148447e-01 -2.95218268e-01 -2.75482385e-01 -2.71515828e-01
 -2.70983186e-01 -2.60569411e-01 -3.45059764e-02 -1.52918736e-02
  5.51377517e-02  8.43727652e-02  1.18959556e-01  1.24914984e-01
  1.41102359e-01  1.46728429e-01  1.56188552e-01  1.72195089e-01
  1.74943366e-01  2.05011582e-01  2.43654436e-01  2.87997815e-01
  3.16064746e-01  3.22856539e-01  4.30383571e-01  4.41761956e-01
  4.50757717e-01  4.82288323e-01  4.82586222e-01  4.86087645e-01
  5.03768407e-01  5.27580952e-01  5.46365221e-01  5.68895370e-01
  5.75409729e-01  5.76347359e-01  5.81806955e-01  5.92968156e-01
  5.96569776e-01  6.03620135e-01  6.17895388e-01  6.48168439e-01
  6.83144277e-01  6.84338071e-01  7.26477814e-01  8.08183519e-01
  8.16527460e-01  8.36648623e-01  8.40599398e-01  8.48129363e-01
  8.81002899e-01  8.83126114e-01  9.02258446e-01  9.20143503e-01
  9.23203084e-01  9.32065817e-01  9.34498168e-01  9.76021658e-01
  9.78313566e-01  9.83906245e-01  1.02041269e+00  1.06820983e+00
  1.08414987e+00  1.11949736e+00  1.16468504e+00  1.20730380e+00
  1.21291703e+00  1.23975649e+00  1.36882430e+00  1.38091593e+00
  1.45413900e+00  1.46927004e+00  1.47760844e+00  1.48973668e+00
  1.49976158e+00  1.51553160e+00  1.70920830e+00  1.71002403e+00
  1.71785373e+00  1.76126257e+00  1.82234931e+00  1.82886345e+00
  1.92125728e+00  1.94846807e+00  2.05831402e+00  2.13559601e+00
  2.13729300e+00  2.16475798e+00  2.17293368e+00  2.18713833e+00
  2.21670575e+00  2.25066677e+00  2.26176877e+00  2.30533761e+00
  2.31056610e+00  2.36554721e+00  2.54191461e+00  2.54922210e+00
  2.66854884e+00  2.69065998e+00  2.69916124e+00  2.72835330e+00
  2.75025951e+00  2.77672214e+00  3.03450081e+00  3.40070287e+00]
nelec by numeric integration = 68.00002258818206
    CPU time for vxc      6.09 sec, wall time      0.22 sec
E1 = -1765.2479483689153  Ecoul = 713.7467497547452  Exc = -70.50340483719073
cycle= 9 E= -748.126403074244  delta_E= -7.94e-09  |g|= 5.35e-05  |ddm|= 0.000176
    CPU time for cycle= 9      6.60 sec, wall time      0.24 sec
  HOMO = -0.260575359997335  LUMO = -0.0345108585006944
  mo_energy =
[-1.01486274e+02 -1.43361821e+01 -1.02245086e+01 -1.02241912e+01
 -1.02108492e+01 -1.02062184e+01 -1.02019356e+01 -1.02016934e+01
 -9.41898630e+00 -7.18186612e+00 -7.17238262e+00 -7.17237140e+00
 -9.44962525e-01 -8.18773468e-01 -8.13488705e-01 -7.74608959e-01
 -6.53771404e-01 -6.38589120e-01 -6.36492283e-01 -5.40204247e-01
 -4.88363863e-01 -4.75465101e-01 -4.42535503e-01 -4.24136438e-01
 -4.22112927e-01 -4.16303217e-01 -4.04603643e-01 -3.81775369e-01
 -3.72152236e-01 -2.95223017e-01 -2.75485758e-01 -2.71504407e-01
 -2.70972183e-01 -2.60575360e-01 -3.45108585e-02 -1.52955657e-02
  5.51436086e-02  8.43724546e-02  1.18958929e-01  1.24913482e-01
  1.41098189e-01  1.46727478e-01  1.56186522e-01  1.72194754e-01
  1.74940540e-01  2.05011230e-01  2.43651369e-01  2.87994536e-01
  3.16060780e-01  3.22853487e-01  4.30393986e-01  4.41759177e-01
  4.50756997e-01  4.82296417e-01  4.82594351e-01  4.86090985e-01
  5.03765036e-01  5.27577646e-01  5.46367674e-01  5.68896031e-01
  5.75406859e-01  5.76343800e-01  5.81804248e-01  5.92964717e-01
  5.96566610e-01  6.03616943e-01  6.17892519e-01  6.48165491e-01
  6.83141091e-01  6.84335380e-01  7.26475305e-01  8.08181178e-01
  8.16523735e-01  8.36646353e-01  8.40596415e-01  8.48125955e-01
  8.81010447e-01  8.83134471e-01  9.02259309e-01  9.20146788e-01
  9.23203193e-01  9.32076064e-01  9.34502532e-01  9.76029854e-01
  9.78318135e-01  9.83906775e-01  1.02040914e+00  1.06821171e+00
  1.08414885e+00  1.11949442e+00  1.16468263e+00  1.20730347e+00
  1.21291873e+00  1.23975152e+00  1.36881991e+00  1.38091221e+00
  1.45413586e+00  1.46926554e+00  1.47760350e+00  1.48973331e+00
  1.49975751e+00  1.51552603e+00  1.70921263e+00  1.71002800e+00
  1.71784919e+00  1.76125871e+00  1.82234419e+00  1.82885897e+00
  1.92125326e+00  1.94846465e+00  2.05830945e+00  2.13559199e+00
  2.13728838e+00  2.16475390e+00  2.17292848e+00  2.18713322e+00
  2.21671017e+00  2.25066918e+00  2.26177109e+00  2.30533375e+00
  2.31056037e+00  2.36554223e+00  2.54190950e+00  2.54921799e+00
  2.66854420e+00  2.69065491e+00  2.69915601e+00  2.72834890e+00
  2.75025491e+00  2.77671640e+00  3.03449557e+00  3.40069789e+00]
nelec by numeric integration = 68.00002258808561
    CPU time for vxc      6.29 sec, wall time      0.23 sec
E1 = -1765.247787046935  Ecoul = 713.7465747843955  Exc = -70.50339118955658
cycle= 10 E= -748.126403074979  delta_E= -7.35e-10  |g|= 2.23e-05  |ddm|= 9.11e-05
    CPU time for cycle= 10      6.79 sec, wall time      0.25 sec
  HOMO = -0.260576327565653  LUMO = -0.0345099772605205
  mo_energy =
[-1.01486287e+02 -1.43361862e+01 -1.02245148e+01 -1.02241755e+01
 -1.02108453e+01 -1.02062194e+01 -1.02019451e+01 -1.02016824e+01
 -9.41899671e+00 -7.18187669e+00 -7.17239323e+00 -7.17238201e+00
 -9.44961736e-01 -8.18777467e-01 -8.13488023e-01 -7.74607374e-01
 -6.53772638e-01 -6.38587772e-01 -6.36491175e-01 -5.40202831e-01
 -4.88362536e-01 -4.75464197e-01 -4.42534054e-01 -4.24136891e-01
 -4.22113622e-01 -4.16302602e-01 -4.04602693e-01 -3.81778059e-01
 -3.72151058e-01 -2.95222376e-01 -2.75484301e-01 -2.71508424e-01
 -2.70976037e-01 -2.60576328e-01 -3.45099773e-02 -1.52942046e-02
  5.51417389e-02  8.43723722e-02  1.18958725e-01  1.24914258e-01
  1.41099317e-01  1.46727461e-01  1.56187006e-01  1.72194772e-01
  1.74942713e-01  2.05010583e-01  2.43652005e-01  2.87995488e-01
  3.16061512e-01  3.22854326e-01  4.30391621e-01  4.41760249e-01
  4.50756513e-01  4.82293565e-01  4.82591476e-01  4.86088988e-01
  5.03766212e-01  5.27578345e-01  5.46366615e-01  5.68895957e-01
  5.75408162e-01  5.76345265e-01  5.81804783e-01  5.92966019e-01
  5.96567396e-01  6.03618081e-01  6.17892521e-01  6.48166658e-01
  6.83141825e-01  6.84336396e-01  7.26475908e-01  8.08182226e-01
  8.16524516e-01  8.36646811e-01  8.40598316e-01  8.48125661e-01
  8.81007980e-01  8.83131249e-01  9.02259085e-01  9.20145740e-01
  9.23203094e-01  9.32072389e-01  9.34500566e-01  9.76026779e-01
  9.78316999e-01  9.83906618e-01  1.02040951e+00  1.06821121e+00
  1.08414900e+00  1.11949532e+00  1.16468318e+00  1.20730280e+00
  1.21291753e+00  1.23975293e+00  1.36882130e+00  1.38091244e+00
  1.45413672e+00  1.46926716e+00  1.47760457e+00  1.48973298e+00
  1.49975946e+00  1.51552657e+00  1.70921149e+00  1.71002698e+00
  1.71784987e+00  1.76125984e+00  1.82234484e+00  1.82886021e+00
  1.92125412e+00  1.94846612e+00  2.05831120e+00  2.13559338e+00
  2.13728960e+00  2.16475550e+00  2.17292951e+00  2.18713468e+00
  2.21670854e+00  2.25066877e+00  2.26177063e+00  2.30533538e+00
  2.31056133e+00  2.36554333e+00  2.54191041e+00  2.54921966e+00
  2.66854556e+00  2.69065620e+00  2.69915705e+00  2.72835049e+00
  2.75025631e+00  2.77671734e+00  3.03449676e+00  3.40069926e+00]
nelec by numeric integration = 68.00002258785528
    CPU time for vxc      6.62 sec, wall time      0.25 sec
E1 = -1765.2478832798147  Ecoul = 713.7466784738976  Exc = -70.5033986458912
Extra cycle  E= -748.126403074692  delta_E= 2.88e-10  |g|= 3.88e-05  |ddm|= 6.15e-05
    CPU time for scf_cycle     91.95 sec, wall time      3.50 sec
    CPU time for SCF     91.95 sec, wall time      3.50 sec
converged SCF energy = -748.126403074692
Converting <class 'pyscf.dft.rks.RKS'> to RHF


******** <class 'pyscf.tdscf.rks.TDA'> for <class 'pyscf.dft.rks.RKS'> ********
nstates = 5 singlet
wfnsym = None
conv_tol = 1e-09
eigh lindep = 1e-12
eigh level_shift = 0
eigh max_space = 8
eigh max_cycle = 2000
chkfile = /scratch/global/yangjunjie/tmpngyo7mor
max_memory 127949 MB (current use 599 MB)


davidson 0 5  |r|= 0.192  e= [0.18137782 0.19553021 0.21752804 0.21897758 0.27664221]  max|de|= 0.277  lindep=    1
davidson 1 10  |r|= 0.0525  e= [0.17836067 0.19460543 0.21738699 0.21739662 0.21889001]  max|de|= -0.0578  lindep= 0.735
Old state -> New state
    4     ->     2 
    2     ->     3 
    3     ->     4 
davidson 2 15  |r|= 0.0197  e= [0.17822822 0.19457075 0.21261514 0.21738625 0.21738728]  max|de|= -0.00627  lindep= 0.774
Old state -> New state
    4     ->     3 
    3     ->     4 
davidson 3 20  |r|= 0.0058  e= [0.1782247  0.19456941 0.21211562 0.21735857 0.21738618]  max|de|= -0.0005  lindep= 0.766
davidson 4 5  |r|= 0.0058  e= [0.1782247  0.19456941 0.21211562 0.21735857 0.21738618]  max|de|= -3.05e-16  lindep=    1
davidson 5 10  |r|= 0.00165  e= [0.1782246  0.19456936 0.21208158 0.21735647 0.21738617]  max|de|= -3.4e-05  lindep= 0.652
davidson 6 15  |r|= 0.000949  e= [0.17822459 0.19456935 0.21207246 0.21735583 0.21738617]  max|de|= -9.12e-06  lindep= 0.692
root 0 converged  |r|= 2.72e-06  e= 0.17822458960835824  max|de|= -1.87e-10
root 1 converged  |r|= 2.33e-06  e= 0.19456935269933062  max|de|= -2.39e-10
davidson 7 20  |r|= 0.000469  e= [0.17822459 0.19456935 0.21207015 0.21735562 0.21738617]  max|de|= -2.31e-06  lindep= 0.788
root 4 converged  |r|= 7.41e-06  e= 0.21738616623594503  max|de|= -4.16e-16
davidson 8 5  |r|= 0.000469  e= [0.17822459 0.19456935 0.21207015 0.21735562 0.21738617]  max|de|= -4.16e-16  lindep= 0.961
davidson 9 7  |r|= 0.000154  e= [0.17822459 0.19456935 0.21206995 0.21735559 0.21738617]  max|de|= -2.04e-07  lindep= 0.947
davidson 10 9  |r|= 8.36e-05  e= [0.17822459 0.19456935 0.21206985 0.21735557 0.21738617]  max|de|= -9.5e-08  lindep= 0.757
davidson 11 11  |r|= 3.39e-05  e= [0.17822459 0.19456935 0.21206984 0.21735557 0.21738617]  max|de|= -1.35e-08  lindep= 0.751
davidson 12 13  |r|= 2.22e-05  e= [0.17822459 0.19456935 0.21206984 0.21735557 0.21738617]  max|de|= -2.8e-09  lindep= 0.79
root 2 converged  |r|= 7.24e-06  e= 0.21206983451299333  max|de|= -5.92e-10
root 3 converged  |r|= 4.58e-06  e= 0.2173555667394626  max|de|= -1.84e-10
converged 13 15  |r|= 7.41e-06  e= [0.17822459 0.19456935 0.21206983 0.21735557 0.21738617]  max|de|= -5.92e-10
    CPU time for TDA    173.33 sec, wall time      6.48 sec
Excited State energies (eV)
[4.84973811 5.29450176 5.77071413 5.91454623 5.91537888]
