 
:: initializing oneAPI environment ...
   slurm_script: BASH_VERSION = 4.2.46(1)-release
   args: Using "$@" for setvars.sh arguments: --force
:: advisor -- latest
:: ccl -- latest
:: clck -- latest
:: compiler -- latest
:: dal -- latest
:: debugger -- latest
:: dev-utilities -- latest
:: dnnl -- latest
:: dpcpp-ct -- latest
:: dpl -- latest
:: inspector -- latest
:: intelpython -- latest
:: ipp -- latest
:: ippcp -- latest
:: ipp -- latest
:: itac -- latest
:: mkl -- latest
:: mpi -- latest
:: tbb -- latest
:: vpl -- latest
:: vtune -- latest
:: oneAPI environment initialized ::
 
SLURM_CPUS_PER_TASK = 28
SLURM_MEM_PER_NODE = 127949
#INFO: **** input file is /home/yangjunjie/work/py-ch3-cl/work/step_-22/main.py ****
import sys
import pyscf
from pyscf import tdscf

def main(xyz_file, basis="631g*", xc="b3lyp", output="ene.out"):
    xyz = None

    with open(xyz_file, "r") as xyz:
        xyz = xyz.readlines()[2:]
        xyz = "".join(xyz)

    mol = pyscf.gto.Mole()
    mol.atom = xyz
    mol.basis = basis
    mol.verbose = 5
    mol.build()

    if xc is not None and xc != "hf":
        mf = pyscf.scf.RKS(mol)
        mf.xc = xc
        mf.grids.level = 9
        mf.kernel()
    else:
        mf = pyscf.scf.RHF(mol)
        mf.kernel()

    ene_mf = mf.e_tot

    with open(output, "w") as f:
        tda = pyscf.tdscf.TDA(mf)
        tda.nstates = 5
        tda.max_space = 8
        tda.max_cycle = 2000
        tda.kernel()

        con_tda = tda.converged
        ene_tda = tda.e[:5]
        dip_tda = tda.transition_dipole()[:5]

        f.write(f"RKS energy: {ene_mf: 12.8f}\n")
        f.write("TDA results:\n")
        for i, (con, ene, dip) in enumerate(zip(con_tda, ene_tda, dip_tda)):
            f.write(f" {i:2d} {con} {ene: 12.8f} {dip[0]: 12.8f} {dip[1]: 12.8f} {dip[2]: 12.8f}\n")

        # rpa = pyscf.tdscf.RPA(mf)
        # rpa.nstates = 5
        # rpa.max_space = 8
        # rpa.max_cycle = 2000
        # rpa.kernel()

        # con_rpa = rpa.converged
        # ene_rpa = rpa.e[:5]
        # dip_rpa = rpa.transition_dipole()[:5]
        
        # f.write("\nRPA results:\n")
        # for i, (con, ene, dip) in enumerate(zip(con_rpa, ene_rpa, dip_rpa)):
        #     f.write(f" {i:2d} {con} {ene: 12.8f} {dip[0]: 12.8f} {dip[1]: 12.8f} {dip[2]: 12.8f}\n")

if __name__ == "__main__":
    xyz = sys.argv[1]
    main(xyz, basis="6311g**", xc="b3lyp", output="out.log")
#INFO: ******************** input file end ********************


System: uname_result(system='Linux', node='pauling040', release='3.10.0-327.36.3.el7.x86_64', version='#1 SMP Thu Oct 20 04:56:07 EDT 2016', machine='x86_64')  Threads 28
Python 3.9.7 (default, Oct 27 2021, 01:23:21) 
[GCC 9.3.0]
numpy 1.21.2  scipy 1.6.2
Date: Wed Sep 28 09:49:06 2022
PySCF version 2.0.1
PySCF path  /home/yangjunjie/packages/pyscf/pyscf-main
GIT ORIG_HEAD 14b880cdc4bf7bb64f3989a147c0b04622efc498
GIT HEAD (branch master) 9d5b5bd309d1cc55fbd1a0ec76e26b5b0c7f76af

[ENV] PYSCF_MAX_MEMORY 127949
[ENV] PYSCF_TMPDIR /scratch/global/yangjunjie/
[CONFIG] conf_file /home/yangjunjie/.pyscf_conf.py
[INPUT] verbose = 5
[INPUT] max_memory = 127949 
[INPUT] num. atoms = 16
[INPUT] num. electrons = 68
[INPUT] charge = 0
[INPUT] spin (= nelec alpha-beta = 2S) = 0
[INPUT] symmetry False subgroup None
[INPUT] Mole.unit = angstrom
[INPUT]  1 C      0.000000010000   1.143711030000   1.175997560000 AA    0.000000018897   2.161300612344   2.222313311557 Bohr
[INPUT]  2 C      0.000000000000   1.198994450000   2.567495560000 AA    0.000000000000   2.265771135374   4.851863434437 Bohr
[INPUT]  3 C     -0.000000010000  -0.013698360000   3.263342050000 AA   -0.000000018897  -0.025886148756   6.166822725277 Bohr
[INPUT]  4 C     -0.000000010000  -1.212660490000   2.543094110000 AA   -0.000000018897  -2.291596208181   4.805751376895 Bohr
[INPUT]  5 C      0.000000000000  -1.128335160000   1.151348090000 AA    0.000000000000  -2.132244429117   2.175732564141 Bohr
[INPUT]  6 N      0.000000010000   0.015510780000   0.486006990000 AA    0.000000018897   0.029311126178   0.918420105724 Bohr
[INPUT]  7 C      0.000000000000   0.004934540000  -2.245870310000 AA    0.000000000000   0.009324929151  -4.244079797192 Bohr
[INPUT]  8 H      0.000000020000   2.072661040000   0.589691720000 AA    0.000000037795   3.916761714656   1.114355848724 Bohr
[INPUT]  9 H      0.000000000000   2.142601060000   3.082889760000 AA    0.000000000000   4.048929197603   5.825817318626 Bohr
[INPUT] 10 H     -0.000000020000  -0.025179720000   4.342196040000 AA   -0.000000037795  -0.047582774693   8.205561294771 Bohr
[INPUT] 11 H     -0.000000020000  -2.165924380000   3.037825180000 AA   -0.000000037795  -4.093003884718   5.740657604508 Bohr
[INPUT] 12 H      0.000000000000  -2.043466910000   0.546135940000 AA    0.000000000000  -3.861592804511   1.032047353382 Bohr
[INPUT] 13 H     -0.000000030000   1.036525240000  -1.913172540000 AA   -0.000000056692   1.958748824799  -3.615372129638 Bohr
[INPUT] 14 H     -0.891473680000  -0.502453830000  -1.894029270000 AA   -1.684641102458  -0.949500128939  -3.579196592210 Bohr
[INPUT] 15 H      0.891473710000  -0.502453790000  -1.894029270000 AA    1.684641159150  -0.949500053350  -3.579196592210 Bohr
[INPUT] 16 Cl    -0.000000010000  -0.012502890000  -4.065176080000 AA   -0.000000018897  -0.023627037866  -7.682069439333 Bohr
[INPUT] ---------------- BASIS SET ---------------- 
[INPUT] l, kappa, [nprim/nctr], expnt,             c_1 c_2 ...
[INPUT] H
[INPUT] 0    0    [3    /1   ]  33.865            0.0254938
                                5.09479           0.190373
                                1.15879           0.852161
[INPUT] 0    0    [1    /1   ]  0.32584              1
[INPUT] 0    0    [1    /1   ]  0.102741             1
[INPUT] 1    0    [1    /1   ]  0.75                 1
[INPUT] Cl
[INPUT] 0    0    [6    /1   ]  105819            0.000738
                                15872             0.005718
                                3619.65           0.029495
                                1030.8            0.117286
                                339.908           0.362949
                                124.538           0.584149
[INPUT] 0    0    [3    /1   ]  124.538           0.134177
                                49.5135           0.62425
                                20.8056           0.291756
[INPUT] 0    0    [1    /1   ]  6.58346              1
[INPUT] 0    0    [1    /1   ]  2.56468              1
[INPUT] 0    0    [1    /1   ]  0.559763             1
[INPUT] 0    0    [1    /1   ]  0.183273             1
[INPUT] 1    0    [5    /1   ]  589.776           0.002391
                                139.849           0.018504
                                45.1413           0.081377
                                16.8733           0.221552
                                6.7411            0.772569
[INPUT] 1    0    [2    /1   ]  6.7411            -1.572244
                                2.77152           0.992389
[INPUT] 1    0    [1    /1   ]  1.02387              1
[INPUT] 1    0    [1    /1   ]  0.381368             1
[INPUT] 1    0    [1    /1   ]  0.109437             1
[INPUT] 2    0    [1    /1   ]  0.75                 1
[INPUT] N
[INPUT] 0    0    [6    /1   ]  6293.48           0.00196979
                                949.044           0.0149613
                                218.776           0.0735006
                                63.6916           0.248937
                                18.8282           0.60246
                                2.72023           0.256202
[INPUT] 0    0    [3    /1   ]  30.6331           0.111906
                                7.02614           0.921666
                                2.11205           -0.00256919
[INPUT] 0    0    [1    /1   ]  0.684009             1
[INPUT] 0    0    [1    /1   ]  0.200878             1
[INPUT] 1    0    [3    /1   ]  30.6331           0.0383119
                                7.02614           0.237403
                                2.11205           0.817592
[INPUT] 1    0    [1    /1   ]  0.684009             1
[INPUT] 1    0    [1    /1   ]  0.200878             1
[INPUT] 2    0    [1    /1   ]  0.913                1
[INPUT] C
[INPUT] 0    0    [6    /1   ]  4563.24           0.00196665
                                682.024           0.0152306
                                154.973           0.0761269
                                44.4553           0.260801
                                13.029            0.616462
                                1.82773           0.221006
[INPUT] 0    0    [3    /1   ]  20.9642           0.11466
                                4.80331           0.919999
                                1.45933           -0.00303068
[INPUT] 0    0    [1    /1   ]  0.483456             1
[INPUT] 0    0    [1    /1   ]  0.145585             1
[INPUT] 1    0    [3    /1   ]  20.9642           0.0402487
                                4.80331           0.237594
                                1.45933           0.815854
[INPUT] 1    0    [1    /1   ]  0.483456             1
[INPUT] 1    0    [1    /1   ]  0.145585             1
[INPUT] 2    0    [1    /1   ]  0.626                1

nuclear repulsion = 372.504146661134
number of shells = 100
number of NR pGTOs = 329
number of NR cGTOs = 200
basis = 6311g**
ecp = {}
CPU time:         0.39


******** <class 'pyscf.dft.rks.RKS'> ********
method = RKS
initial guess = minao
damping factor = 0
level_shift factor = 0
DIIS = <class 'pyscf.scf.diis.CDIIS'>
diis_start_cycle = 1
diis_space = 8
SCF conv_tol = 1e-09
SCF conv_tol_grad = None
SCF max_cycles = 50
direct_scf = True
direct_scf_tol = 1e-13
chkfile to save SCF result = /scratch/global/yangjunjie/tmpr1elig5c
max_memory 127949 MB (current use 82 MB)
XC library pyscf.dft.libxc version 5.2.0
    S. Lehtola, C. Steigemann, M. J. Oliveira, and M. A. Marques, SoftwareX 7, 1 (2018)
XC functionals = b3lyp
    P. A. M. Dirac, Math. Proc. Cambridge Philos. Soc. 26, 376 (1930)
    F. Bloch, Z. Phys. 57, 545 (1929)
    A. D. Becke, Phys. Rev. A 38, 3098 (1988)
    C. Lee, W. Yang, and R. G. Parr, Phys. Rev. B 37, 785 (1988)
    B. Miehlich, A. Savin, H. Stoll, and H. Preuss, Chem. Phys. Lett. 157, 200 (1989)
    S. H. Vosko, L. Wilk, and M. Nusair, Can. J. Phys. 58, 1200 (1980)
radial grids: 
    Treutler-Ahlrichs [JCP 102, 346 (1995); DOI:10.1063/1.469408] (M4) radial grids
    
becke partition: Becke, JCP 88, 2547 (1988); DOI:10.1063/1.454033
pruning grids: <function nwchem_prune at 0x7f00570fde50>
grids dens level: 9
symmetrized grids: False
atomic radii adjust function: <function treutler_atomic_radii_adjust at 0x7f00570fddc0>
small_rho_cutoff = 1e-07
Set gradient conv threshold to 3.16228e-05
atom C rad-grids = 200, ang-grids = [  50   50   50   50   50   50   50   50   50   50   50   50   50   50
   50   50   50   50   50   50   50   50   50   50   50   50   50   50
   50   50   50   50   50   50   50   50   50   50   50   50   50   50
   50   50   50   50   50   50   50   50   50   50   50   50   50   50
   50   50   50   50   50   50   86   86   86   86   86   86   86   86
   86   86   86   86   86   86   86   86   86   86   86   86   86   86
   86   86   86   86 1202 1202 1202 1202 1202 1202 1202 1202 1202 1202
 1202 1202 1202 1202 1202 1202 1202 1202 1454 1454 1454 1454 1454 1454
 1454 1454 1454 1454 1454 1454 1454 1454 1454 1454 1454 1454 1454 1454
 1454 1454 1454 1454 1454 1454 1454 1454 1454 1454 1454 1454 1454 1454
 1454 1454 1454 1454 1454 1454 1454 1454 1454 1454 1454 1454 1454 1454
 1454 1454 1454 1454 1202 1202 1202 1202 1202 1202 1202 1202 1202 1202
 1202 1202 1202 1202 1202 1202 1202 1202 1202 1202 1202 1202 1202 1202
 1202 1202 1202 1202 1202 1202 1202 1202 1202 1202 1202 1202 1202 1202
 1202 1202 1202 1202]
atom N rad-grids = 200, ang-grids = [  50   50   50   50   50   50   50   50   50   50   50   50   50   50
   50   50   50   50   50   50   50   50   50   50   50   50   50   50
   50   50   50   50   50   50   50   50   50   50   50   50   50   50
   50   50   50   50   50   50   50   50   50   50   50   50   50   50
   50   50   50   50   50   86   86   86   86   86   86   86   86   86
   86   86   86   86   86   86   86   86   86   86   86   86   86   86
   86   86 1202 1202 1202 1202 1202 1202 1202 1202 1202 1202 1202 1202
 1202 1202 1202 1202 1202 1454 1454 1454 1454 1454 1454 1454 1454 1454
 1454 1454 1454 1454 1454 1454 1454 1454 1454 1454 1454 1454 1454 1454
 1454 1454 1454 1454 1454 1454 1454 1454 1454 1454 1454 1454 1454 1454
 1454 1454 1454 1454 1454 1454 1454 1454 1454 1454 1454 1454 1454 1454
 1454 1202 1202 1202 1202 1202 1202 1202 1202 1202 1202 1202 1202 1202
 1202 1202 1202 1202 1202 1202 1202 1202 1202 1202 1202 1202 1202 1202
 1202 1202 1202 1202 1202 1202 1202 1202 1202 1202 1202 1202 1202 1202
 1202 1202 1202 1202]
atom H rad-grids = 200, ang-grids = [  50   50   50   50   50   50   50   50   50   50   50   50   50   50
   50   50   50   50   50   50   50   50   50   50   50   50   50   50
   50   50   50   50   50   50   50   50   50   50   50   50   50   50
   50   50   50   50   50   50   50   50   50   50   50   50   50   50
   50   86   86   86   86   86   86   86   86   86   86   86   86   86
   86 1202 1202 1202 1202 1202 1202 1202 1202 1202 1202 1202 1202 1202
 1202 1202 1202 1202 1454 1454 1454 1454 1454 1454 1454 1454 1454 1454
 1454 1454 1454 1454 1454 1454 1454 1454 1454 1454 1454 1454 1454 1454
 1454 1454 1454 1454 1454 1454 1454 1454 1454 1454 1454 1454 1454 1454
 1454 1454 1454 1454 1454 1454 1454 1454 1454 1454 1454 1454 1454 1454
 1202 1202 1202 1202 1202 1202 1202 1202 1202 1202 1202 1202 1202 1202
 1202 1202 1202 1202 1202 1202 1202 1202 1202 1202 1202 1202 1202 1202
 1202 1202 1202 1202 1202 1202 1202 1202 1202 1202 1202 1202 1202 1202
 1202 1202 1202 1202 1202 1202 1202 1202 1202 1202 1202 1202 1202 1202
 1202 1202 1202 1202]
atom Cl rad-grids = 200, ang-grids = [  50   50   50   50   50   50   50   50   50   50   50   50   50   50
   50   50   50   50   50   50   50   50   50   50   50   50   50   50
   50   50   50   50   50   50   50   50   50   50   50   50   50   50
   50   50   50   50   50   50   50   50   50   50   50   50   50   50
   50   50   50   86   86   86   86   86   86   86   86   86   86   86
   86   86   86   86   86   86   86   86   86   86   86   86   86   86
   86   86   86   86   86   86   86   86 1202 1202 1202 1202 1202 1202
 1202 1202 1202 1202 1202 1202 1202 1202 1202 1202 1202 1202 1202 1202
 1202 1202 1454 1454 1454 1454 1454 1454 1454 1454 1454 1454 1454 1454
 1454 1454 1454 1454 1454 1454 1454 1454 1454 1454 1454 1454 1454 1454
 1454 1454 1454 1454 1454 1454 1454 1454 1454 1454 1454 1454 1454 1454
 1454 1454 1454 1454 1454 1202 1202 1202 1202 1202 1202 1202 1202 1202
 1202 1202 1202 1202 1202 1202 1202 1202 1202 1202 1202 1202 1202 1202
 1202 1202 1202 1202 1202 1202 1202 1202 1202 1202 1202 1202 1202 1202
 1202 1202 1202 1202]
tot grids = 2598388
Drop grids 436652
    CPU time for setting up grids     46.19 sec, wall time      1.96 sec
nelec by numeric integration = 67.9923120954242
    CPU time for vxc     93.17 sec, wall time      3.36 sec
E1 = -1758.8577811430293  Ecoul = 707.7675988152419  Exc = -70.52849684226217
init E= -749.114532508916
cond(S) = 12265.912541672878
    CPU time for initialize scf    153.19 sec, wall time      5.87 sec
  HOMO = -0.294638979039021  LUMO = -0.101348615946347
  mo_energy =
[-1.01497689e+02 -1.43945368e+01 -1.02811482e+01 -1.02805191e+01
 -1.02797011e+01 -1.02792766e+01 -1.02759045e+01 -1.02756945e+01
 -9.51658212e+00 -7.27056992e+00 -7.26933170e+00 -7.26933072e+00
 -1.10297577e+00 -9.36367409e-01 -9.28804311e-01 -8.83599351e-01
 -7.55292768e-01 -7.11343020e-01 -7.04125171e-01 -5.77229400e-01
 -5.31523387e-01 -5.11213525e-01 -4.72809560e-01 -4.72296305e-01
 -4.62776518e-01 -4.56921115e-01 -4.38694921e-01 -4.32531250e-01
 -3.94375998e-01 -3.41054848e-01 -3.40222054e-01 -3.27012839e-01
 -3.02639281e-01 -2.94638979e-01 -1.01348616e-01 -8.28425559e-02
 -3.88946639e-02  1.59207344e-02  3.60274946e-02  4.77298390e-02
  6.25144476e-02  6.98019462e-02  7.60777302e-02  8.52767358e-02
  1.06707662e-01  1.26558402e-01  1.70114685e-01  2.14951244e-01
  2.26193067e-01  2.29976840e-01  2.39941746e-01  2.57734486e-01
  2.61412563e-01  2.72692724e-01  2.75072408e-01  2.78730654e-01
  3.29314162e-01  3.40728618e-01  3.49791050e-01  3.50808512e-01
  3.61553934e-01  3.87303156e-01  3.97584530e-01  4.03379296e-01
  4.23646107e-01  4.24100272e-01  4.75216075e-01  4.77694774e-01
  4.90122146e-01  5.09613894e-01  5.21889203e-01  5.33394769e-01
  5.50323096e-01  5.53271556e-01  5.57952192e-01  5.78941905e-01
  5.90483533e-01  6.32555530e-01  6.80330575e-01  6.85762107e-01
  6.89232358e-01  6.90755117e-01  7.01014042e-01  7.50451442e-01
  7.64597334e-01  7.76632441e-01  7.84243872e-01  8.01201202e-01
  8.06279927e-01  8.11662559e-01  8.19341038e-01  8.98882596e-01
  9.20676706e-01  9.65278413e-01  9.69170595e-01  9.98687378e-01
  1.02191191e+00  1.02799137e+00  1.05932617e+00  1.07932740e+00
  1.08043364e+00  1.09809957e+00  1.14919738e+00  1.19588967e+00
  1.24178005e+00  1.29166158e+00  1.37990079e+00  1.39302415e+00
  1.39852595e+00  1.42819869e+00  1.43422599e+00  1.44375368e+00
  1.48247639e+00  1.49717996e+00  1.52194805e+00  1.53280823e+00
  1.53611559e+00  1.58882265e+00  1.64923360e+00  1.65125091e+00
  1.66623291e+00  1.66733386e+00  1.70153192e+00  1.72993160e+00
  1.73097098e+00  1.73481860e+00  1.75709730e+00  1.83280244e+00
  1.83670807e+00  1.86254937e+00  1.87116876e+00  1.90610395e+00
  1.95119045e+00  1.98327102e+00  2.03292095e+00  2.03664685e+00
  2.05185973e+00  2.07815825e+00  2.10673807e+00  2.13014004e+00
  2.17300682e+00  2.17416577e+00  2.19962315e+00  2.25265930e+00
  2.28598349e+00  2.31005982e+00  2.32854842e+00  2.34856318e+00
  2.38699009e+00  2.38954294e+00  2.40814429e+00  2.43467346e+00
  2.44342455e+00  2.48418253e+00  2.51955002e+00  2.52431463e+00
  2.54445959e+00  2.56662200e+00  2.58506737e+00  2.60160943e+00
  2.61280110e+00  2.64362849e+00  2.69043391e+00  2.69497654e+00
  2.70302510e+00  2.78672417e+00  2.86566886e+00  2.88083527e+00
  2.89027550e+00  2.89852689e+00  2.92954953e+00  3.05657469e+00
  3.08240510e+00  3.22699529e+00  3.31354034e+00  3.36807236e+00
  3.49656468e+00  3.55381822e+00  3.66865183e+00  3.67173859e+00
  3.69437074e+00  3.78368967e+00  3.92522675e+00  3.95598236e+00
  3.97475479e+00  4.31073140e+00  4.36147561e+00  5.14384708e+00
  9.48907267e+00  2.35635519e+01  2.37988839e+01  2.38299592e+01
  2.39283046e+01  2.40047690e+01  2.40437947e+01  2.53910495e+01
  2.53992220e+01  2.59626382e+01  3.55684065e+01  2.15541561e+02]
nelec by numeric integration = 67.99999996323187
    CPU time for vxc     84.97 sec, wall time      3.04 sec
E1 = -1765.8847096291859  Ecoul = 715.9562134396081  Exc = -70.7796143613755
cycle= 1 E= -748.20396388982  delta_E= 0.911  |g|= 0.391  |ddm|=  3.3
    CPU time for cycle= 1     86.70 sec, wall time      3.10 sec
  HOMO = -0.204652689214101  LUMO = 0.000193624609584271
  mo_energy =
[-1.01423182e+02 -1.41706892e+01 -1.01814554e+01 -1.01805177e+01
 -1.01498489e+01 -1.01288024e+01 -1.00895029e+01 -1.00889215e+01
 -9.34648173e+00 -7.11003948e+00 -7.10000990e+00 -7.10000204e+00
 -9.05586604e-01 -7.89613165e-01 -7.65476833e-01 -7.36930977e-01
 -6.27943758e-01 -6.05482232e-01 -6.04971858e-01 -5.14676213e-01
 -4.60507035e-01 -4.46299680e-01 -4.15455732e-01 -4.09026273e-01
 -4.07275285e-01 -3.82506001e-01 -3.72381688e-01 -3.51301837e-01
 -3.43779971e-01 -2.57632594e-01 -2.44788996e-01 -2.42390266e-01
 -2.41626338e-01 -2.04652689e-01  1.93624610e-04  2.53496656e-03
  3.87995742e-02  6.22777727e-02  6.94214978e-02  8.72168452e-02
  9.66508542e-02  9.86667835e-02  1.29145262e-01  1.30965397e-01
  1.60291021e-01  1.62810879e-01  2.37321175e-01  2.75994681e-01
  2.87837611e-01  2.91844851e-01  3.13818059e-01  3.15432758e-01
  3.17839267e-01  3.27589756e-01  3.33763833e-01  3.43935982e-01
  3.89215210e-01  3.96118185e-01  4.00365178e-01  4.12072438e-01
  4.23251351e-01  4.46595103e-01  4.50998027e-01  4.58194035e-01
  4.68244784e-01  4.95237409e-01  5.29021453e-01  5.50421696e-01
  5.53393132e-01  5.65429252e-01  5.97359778e-01  6.05131433e-01
  6.18409628e-01  6.20195678e-01  6.20583280e-01  6.46932454e-01
  6.65683192e-01  6.87152162e-01  7.37133563e-01  7.39970684e-01
  7.69386850e-01  7.75705904e-01  7.77573163e-01  8.07047218e-01
  8.38783436e-01  8.66857663e-01  8.83188832e-01  8.84385328e-01
  8.91089823e-01  9.51782869e-01  9.52157763e-01  9.67712697e-01
  9.80265573e-01  1.01129464e+00  1.05845517e+00  1.07012488e+00
  1.09252614e+00  1.09842385e+00  1.12095939e+00  1.16710434e+00
  1.17134198e+00  1.18692376e+00  1.21244933e+00  1.27575875e+00
  1.32233735e+00  1.36733274e+00  1.45615661e+00  1.45741751e+00
  1.46777492e+00  1.50785696e+00  1.50803826e+00  1.51644291e+00
  1.54909517e+00  1.57131297e+00  1.58552867e+00  1.59591013e+00
  1.60575008e+00  1.64535040e+00  1.70710820e+00  1.71044406e+00
  1.72441720e+00  1.74186053e+00  1.76819278e+00  1.77644147e+00
  1.78791113e+00  1.79286861e+00  1.83336562e+00  1.88956529e+00
  1.91615455e+00  1.94829185e+00  1.96186765e+00  1.99252067e+00
  2.03412537e+00  2.08135795e+00  2.10233039e+00  2.12828940e+00
  2.14543629e+00  2.16536319e+00  2.17587935e+00  2.21249487e+00
  2.27631387e+00  2.27803638e+00  2.27827409e+00  2.32481706e+00
  2.37344682e+00  2.38955290e+00  2.42476556e+00  2.43833213e+00
  2.45542165e+00  2.46471090e+00  2.48497581e+00  2.52691945e+00
  2.53183638e+00  2.57141450e+00  2.58674417e+00  2.60906791e+00
  2.61467118e+00  2.62181721e+00  2.63606418e+00  2.64365859e+00
  2.67903807e+00  2.73645876e+00  2.77977194e+00  2.79108582e+00
  2.81278047e+00  2.88148696e+00  2.96435031e+00  2.98507308e+00
  3.00624748e+00  3.00815971e+00  3.01280350e+00  3.18667403e+00
  3.19021120e+00  3.34711316e+00  3.42800739e+00  3.48053467e+00
  3.61551147e+00  3.64911326e+00  3.76297288e+00  3.76455520e+00
  3.78952140e+00  3.94029195e+00  4.01936458e+00  4.04644617e+00
  4.07941151e+00  4.43230490e+00  4.51498911e+00  5.28805452e+00
  9.64714299e+00  2.37005589e+01  2.39206198e+01  2.39513186e+01
  2.40398861e+01  2.41495825e+01  2.42020845e+01  2.55506084e+01
  2.55587080e+01  2.61055546e+01  3.57813591e+01  2.15613378e+02]
nelec by numeric integration = 67.99999995418565
    CPU time for vxc     85.16 sec, wall time      3.04 sec
E1 = -1758.525449836292  Ecoul = 708.0216608037546  Exc = -70.20107925031091
cycle= 2 E= -748.200721621715  delta_E= 0.00324  |g|= 0.427  |ddm|= 0.794
    CPU time for cycle= 2     87.02 sec, wall time      3.11 sec
  HOMO = -0.272411490091972  LUMO = -0.0426711687286496
  mo_energy =
[-1.01513238e+02 -1.43423219e+01 -1.02080077e+01 -1.02076010e+01
 -1.01962517e+01 -1.01948618e+01 -1.01899596e+01 -1.01897241e+01
 -9.42253562e+00 -7.18739092e+00 -7.17770572e+00 -7.17769628e+00
 -9.69998172e-01 -8.21632121e-01 -8.17961144e-01 -7.75900786e-01
 -6.55119583e-01 -6.48264904e-01 -6.38338131e-01 -5.42425942e-01
 -4.96784135e-01 -4.83412191e-01 -4.43743376e-01 -4.28271703e-01
 -4.25517692e-01 -4.19863147e-01 -4.16339054e-01 -3.83230020e-01
 -3.78694122e-01 -3.06287990e-01 -2.77816708e-01 -2.74460656e-01
 -2.74007674e-01 -2.72411490e-01 -4.26711687e-02 -2.91606031e-02
  2.88926681e-02  4.95205033e-02  6.39986999e-02  6.88170815e-02
  9.03128514e-02  9.32440308e-02  1.18257915e-01  1.26029560e-01
  1.26117980e-01  1.53935294e-01  2.11048044e-01  2.54878258e-01
  2.68296677e-01  2.69800599e-01  2.93289505e-01  3.02370507e-01
  3.03498937e-01  3.08761825e-01  3.16692022e-01  3.26728242e-01
  3.70427728e-01  3.71386199e-01  3.76078219e-01  3.87850376e-01
  4.01882687e-01  4.25805306e-01  4.29781170e-01  4.32368920e-01
  4.48977882e-01  4.68783238e-01  5.07180493e-01  5.33151749e-01
  5.35477300e-01  5.40726374e-01  5.67309483e-01  5.85849237e-01
  5.92671741e-01  5.95607507e-01  6.02561186e-01  6.25217844e-01
  6.36473891e-01  6.68758362e-01  7.17440534e-01  7.19431300e-01
  7.31167695e-01  7.41064543e-01  7.47480223e-01  7.77471994e-01
  8.11548242e-01  8.36636454e-01  8.50108266e-01  8.54918335e-01
  8.65133190e-01  9.11185031e-01  9.11193412e-01  9.39209758e-01
  9.52473185e-01  9.89261569e-01  1.01858806e+00  1.04263428e+00
  1.06635220e+00  1.06797671e+00  1.09832864e+00  1.13185145e+00
  1.14801765e+00  1.16074425e+00  1.18650324e+00  1.23970668e+00
  1.28646749e+00  1.32712872e+00  1.42785981e+00  1.43857583e+00
  1.44787091e+00  1.47470262e+00  1.49347225e+00  1.50212182e+00
  1.52970575e+00  1.53413240e+00  1.56530463e+00  1.57461710e+00
  1.57738687e+00  1.62784754e+00  1.69141881e+00  1.69219154e+00
  1.70934345e+00  1.72154595e+00  1.74956921e+00  1.76050772e+00
  1.76917171e+00  1.76956078e+00  1.80478862e+00  1.87110803e+00
  1.88404536e+00  1.91288601e+00  1.92703355e+00  1.96345487e+00
  2.01010310e+00  2.03946710e+00  2.07352971e+00  2.10504519e+00
  2.11904942e+00  2.13452650e+00  2.15491993e+00  2.17535347e+00
  2.24681910e+00  2.24741011e+00  2.24883765e+00  2.30255483e+00
  2.35485094e+00  2.36253957e+00  2.38168777e+00  2.40992640e+00
  2.43992053e+00  2.44563433e+00  2.46132630e+00  2.50598181e+00
  2.51256239e+00  2.54156160e+00  2.55824864e+00  2.58437367e+00
  2.58459509e+00  2.60251305e+00  2.61391662e+00  2.63125477e+00
  2.65451277e+00  2.69234417e+00  2.74357048e+00  2.75494714e+00
  2.75583962e+00  2.83936858e+00  2.92589980e+00  2.94581740e+00
  2.95569114e+00  2.95627775e+00  2.98686596e+00  3.13177600e+00
  3.15711268e+00  3.29870032e+00  3.38187812e+00  3.43415382e+00
  3.56504155e+00  3.60885833e+00  3.74242224e+00  3.74255404e+00
  3.75153376e+00  3.83587843e+00  3.98216753e+00  4.01194591e+00
  4.03377438e+00  4.37632717e+00  4.42605702e+00  5.20487576e+00
  9.58141306e+00  2.36368554e+01  2.38777480e+01  2.39002796e+01
  2.39953922e+01  2.40775755e+01  2.41222079e+01  2.54889247e+01
  2.54970382e+01  2.60442895e+01  3.56161611e+01  2.15525844e+02]
nelec by numeric integration = 67.99999995886543
    CPU time for vxc     84.57 sec, wall time      3.02 sec
E1 = -1762.1864376269964  Ecoul = 711.9237773095518  Exc = -70.48373089887738
cycle= 3 E= -748.242244555188  delta_E= -0.0415  |g|= 0.0854  |ddm|=  0.4
    CPU time for cycle= 3     86.20 sec, wall time      3.08 sec
  HOMO = -0.266684493014234  LUMO = -0.0432292131905804
  mo_energy =
[-1.01526389e+02 -1.43097127e+01 -1.02214378e+01 -1.02211971e+01
 -1.02106107e+01 -1.02049962e+01 -1.02000087e+01 -1.01997781e+01
 -9.43678512e+00 -7.20153120e+00 -7.19199007e+00 -7.19197970e+00
 -9.63382051e-01 -8.27707297e-01 -8.21501382e-01 -7.79969921e-01
 -6.60153542e-01 -6.48811324e-01 -6.43590812e-01 -5.45790374e-01
 -4.99635806e-01 -4.87005064e-01 -4.47994396e-01 -4.30219677e-01
 -4.28258802e-01 -4.22748447e-01 -4.15892261e-01 -3.89664038e-01
 -3.81976598e-01 -3.06392599e-01 -2.82241184e-01 -2.81446264e-01
 -2.80935682e-01 -2.66684493e-01 -4.32292132e-02 -3.27995465e-02
  2.71480032e-02  4.70883128e-02  6.28520312e-02  6.65842208e-02
  8.95194297e-02  9.22547477e-02  1.18378533e-01  1.24300321e-01
  1.25139976e-01  1.53183624e-01  2.10972117e-01  2.51925872e-01
  2.66246815e-01  2.68530985e-01  2.89624482e-01  3.00631728e-01
  3.02315934e-01  3.07308091e-01  3.13692438e-01  3.23305112e-01
  3.68752867e-01  3.69554228e-01  3.73428963e-01  3.85721322e-01
  3.99196618e-01  4.23367935e-01  4.27794921e-01  4.30408997e-01
  4.46479603e-01  4.67853441e-01  5.04892985e-01  5.31434284e-01
  5.34364097e-01  5.37970432e-01  5.65569839e-01  5.83317096e-01
  5.89588461e-01  5.94432738e-01  6.00677340e-01  6.23565196e-01
  6.33681778e-01  6.65582145e-01  7.14302048e-01  7.16446028e-01
  7.36390621e-01  7.38298646e-01  7.44481338e-01  7.76477049e-01
  8.07995306e-01  8.36609363e-01  8.44949915e-01  8.48992392e-01
  8.60457493e-01  9.01941012e-01  9.02216519e-01  9.35551170e-01
  9.52112701e-01  9.87739932e-01  1.01398024e+00  1.04334753e+00
  1.06270149e+00  1.06478373e+00  1.09413197e+00  1.13145319e+00
  1.14456232e+00  1.15782654e+00  1.18536538e+00  1.24016869e+00
  1.28594730e+00  1.32919905e+00  1.42430977e+00  1.43536317e+00
  1.44740065e+00  1.47265196e+00  1.49162728e+00  1.50021459e+00
  1.52661202e+00  1.53137297e+00  1.56266950e+00  1.57180529e+00
  1.57475449e+00  1.62609556e+00  1.68837658e+00  1.69026215e+00
  1.70794839e+00  1.71905766e+00  1.74753771e+00  1.75805559e+00
  1.76715657e+00  1.76836513e+00  1.80275887e+00  1.86797225e+00
  1.87975785e+00  1.90904859e+00  1.92251396e+00  1.96116456e+00
  2.00830739e+00  2.03595840e+00  2.07093254e+00  2.10076948e+00
  2.11540587e+00  2.13172545e+00  2.15362983e+00  2.17401122e+00
  2.24162788e+00  2.24181748e+00  2.24700418e+00  2.29918776e+00
  2.35217775e+00  2.35978257e+00  2.38399416e+00  2.40559339e+00
  2.43968583e+00  2.44179698e+00  2.45929872e+00  2.50268985e+00
  2.50923163e+00  2.54037553e+00  2.55641864e+00  2.57892161e+00
  2.58230015e+00  2.60027910e+00  2.61167361e+00  2.62941171e+00
  2.65214708e+00  2.69380028e+00  2.73725593e+00  2.75270449e+00
  2.75338547e+00  2.83556265e+00  2.92231910e+00  2.94570678e+00
  2.95052730e+00  2.95699832e+00  2.98605319e+00  3.12656916e+00
  3.15158049e+00  3.29210198e+00  3.37555608e+00  3.42790934e+00
  3.56420293e+00  3.60992162e+00  3.73949862e+00  3.74021630e+00
  3.75077955e+00  3.85357126e+00  3.97724433e+00  4.00649298e+00
  4.03086250e+00  4.37301944e+00  4.43736696e+00  5.21448700e+00
  9.56866822e+00  2.36252806e+01  2.38682181e+01  2.38891071e+01
  2.39825173e+01  2.40667012e+01  2.41110142e+01  2.54766275e+01
  2.54847404e+01  2.60323004e+01  3.56473864e+01  2.15512737e+02]
nelec by numeric integration = 67.99999995953301
    CPU time for vxc     85.57 sec, wall time      3.07 sec
E1 = -1762.3582003220304  Ecoul = 712.108623277629  Exc = -70.49800199375434
cycle= 4 E= -748.243432377022  delta_E= -0.00119  |g|= 0.0385  |ddm|= 0.0743
    CPU time for cycle= 4     87.18 sec, wall time      3.13 sec
  HOMO = -0.270650091059014  LUMO = -0.0424346045281411
  mo_energy =
[-1.01520144e+02 -1.43201479e+01 -1.02213833e+01 -1.02213694e+01
 -1.02064763e+01 -1.02035172e+01 -1.01933104e+01 -1.01932821e+01
 -9.43377582e+00 -7.19818362e+00 -7.18873199e+00 -7.18872141e+00
 -9.65121917e-01 -8.27579370e-01 -8.18249487e-01 -7.78413534e-01
 -6.61487281e-01 -6.48485224e-01 -6.41750806e-01 -5.44388515e-01
 -4.98494310e-01 -4.85829224e-01 -4.46380606e-01 -4.31672429e-01
 -4.29648721e-01 -4.21302634e-01 -4.16023010e-01 -3.89818124e-01
 -3.80835917e-01 -3.05069598e-01 -2.81641189e-01 -2.81330942e-01
 -2.80173349e-01 -2.70650091e-01 -4.24346045e-02 -3.13179399e-02
  2.71663505e-02  4.75935346e-02  6.30643274e-02  6.58711600e-02
  8.94797754e-02  9.27052124e-02  1.17336799e-01  1.24930960e-01
  1.25261439e-01  1.52516972e-01  2.11157406e-01  2.53880859e-01
  2.67721540e-01  2.69255785e-01  2.89602255e-01  3.00550121e-01
  3.01132695e-01  3.06807973e-01  3.13329945e-01  3.22880634e-01
  3.69206798e-01  3.70284278e-01  3.75470557e-01  3.86412605e-01
  4.00916298e-01  4.24723813e-01  4.28590990e-01  4.31129894e-01
  4.47707723e-01  4.67550075e-01  5.05812809e-01  5.31146271e-01
  5.33005821e-01  5.40006324e-01  5.66833896e-01  5.82991692e-01
  5.91304762e-01  5.94375414e-01  5.99661029e-01  6.22695103e-01
  6.35853986e-01  6.66554032e-01  7.16095702e-01  7.18307810e-01
  7.33570620e-01  7.38050954e-01  7.44751979e-01  7.77438677e-01
  8.09094288e-01  8.36792581e-01  8.44308923e-01  8.48844919e-01
  8.60409605e-01  9.02050845e-01  9.02347275e-01  9.37790567e-01
  9.52328338e-01  9.89127617e-01  1.01656384e+00  1.04224675e+00
  1.06420650e+00  1.06465021e+00  1.09600032e+00  1.13011275e+00
  1.14335655e+00  1.15664936e+00  1.18490909e+00  1.23970147e+00
  1.28563856e+00  1.32852419e+00  1.42611881e+00  1.43689344e+00
  1.44559014e+00  1.47426978e+00  1.49010499e+00  1.49872013e+00
  1.52870700e+00  1.53299634e+00  1.56334381e+00  1.57276868e+00
  1.57593652e+00  1.62574002e+00  1.68929846e+00  1.69103156e+00
  1.70680550e+00  1.71845945e+00  1.74734032e+00  1.75900726e+00
  1.76777534e+00  1.76916183e+00  1.80347367e+00  1.86926117e+00
  1.88250293e+00  1.91060210e+00  1.92513327e+00  1.96098296e+00
  2.00727832e+00  2.03828661e+00  2.07221123e+00  2.10016064e+00
  2.11497607e+00  2.13159416e+00  2.15347233e+00  2.17581677e+00
  2.24115817e+00  2.24137619e+00  2.24848663e+00  2.30063993e+00
  2.35101789e+00  2.36043172e+00  2.38229525e+00  2.40627684e+00
  2.43802352e+00  2.44226982e+00  2.45859296e+00  2.50120076e+00
  2.50783529e+00  2.54006255e+00  2.55631291e+00  2.58201300e+00
  2.58336313e+00  2.60027403e+00  2.61285097e+00  2.63049069e+00
  2.65365267e+00  2.69267705e+00  2.73928063e+00  2.75422783e+00
  2.75493663e+00  2.83579304e+00  2.92408750e+00  2.94439495e+00
  2.95398830e+00  2.95631080e+00  2.98437781e+00  3.12938348e+00
  3.15065828e+00  3.29466013e+00  3.37861662e+00  3.43212709e+00
  3.56463351e+00  3.60783285e+00  3.73775079e+00  3.73860273e+00
  3.74931691e+00  3.84705288e+00  3.97971246e+00  4.00986320e+00
  4.03202346e+00  4.37526614e+00  4.43281646e+00  5.21090607e+00
  9.57085145e+00  2.36297228e+01  2.38667469e+01  2.38916960e+01
  2.39853233e+01  2.40704129e+01  2.41169382e+01  2.54783921e+01
  2.54865053e+01  2.60342743e+01  3.56373759e+01  2.15518565e+02]
nelec by numeric integration = 67.99999995929467
    CPU time for vxc     84.36 sec, wall time      3.01 sec
E1 = -1762.3244120001436  Ecoul = 712.072235722813  Exc = -70.49570087496696
cycle= 5 E= -748.243730491164  delta_E= -0.000298  |g|= 0.0121  |ddm|= 0.0393
    CPU time for cycle= 5     85.97 sec, wall time      3.07 sec
  HOMO = -0.269409196475854  LUMO = -0.0421938704733884
  mo_energy =
[-1.01517621e+02 -1.43179441e+01 -1.02181209e+01 -1.02180855e+01
 -1.02055453e+01 -1.02042672e+01 -1.01948627e+01 -1.01947962e+01
 -9.43215198e+00 -7.19646557e+00 -7.18703358e+00 -7.18702286e+00
 -9.63655489e-01 -8.26947232e-01 -8.18834635e-01 -7.77767831e-01
 -6.60579131e-01 -6.47974760e-01 -6.41577058e-01 -5.44271376e-01
 -4.98135652e-01 -4.85765436e-01 -4.46121614e-01 -4.30887138e-01
 -4.28904897e-01 -4.21488637e-01 -4.15264946e-01 -3.89146915e-01
 -3.80711299e-01 -3.05205195e-01 -2.81106205e-01 -2.80813349e-01
 -2.79742392e-01 -2.69409196e-01 -4.21938705e-02 -3.09146896e-02
  2.75240211e-02  4.76906649e-02  6.33033470e-02  6.63441351e-02
  8.96557155e-02  9.26894130e-02  1.17830163e-01  1.25279124e-01
  1.25414468e-01  1.52934908e-01  2.11600065e-01  2.53618370e-01
  2.67614326e-01  2.69405848e-01  2.89957284e-01  3.00984578e-01
  3.01630921e-01  3.07326914e-01  3.13629289e-01  3.23162246e-01
  3.69491727e-01  3.70637025e-01  3.75418901e-01  3.86659249e-01
  4.00679630e-01  4.24985860e-01  4.28838401e-01  4.31191659e-01
  4.47895094e-01  4.68188346e-01  5.06138643e-01  5.31922024e-01
  5.33663646e-01  5.39650316e-01  5.66984867e-01  5.83617355e-01
  5.91044585e-01  5.94811227e-01  6.00332358e-01  6.23650257e-01
  6.35482379e-01  6.66777242e-01  7.15898913e-01  7.17997380e-01
  7.34639712e-01  7.38512273e-01  7.45132116e-01  7.77643434e-01
  8.09348567e-01  8.37342982e-01  8.45060171e-01  8.49471457e-01
  8.60953861e-01  9.02626162e-01  9.02905942e-01  9.37594630e-01
  9.52555247e-01  9.88998572e-01  1.01643114e+00  1.04307501e+00
  1.06462560e+00  1.06489189e+00  1.09595129e+00  1.13085845e+00
  1.14406583e+00  1.15737183e+00  1.18588476e+00  1.24019397e+00
  1.28648090e+00  1.32924561e+00  1.42605321e+00  1.43715293e+00
  1.44615987e+00  1.47426233e+00  1.49081205e+00  1.49942908e+00
  1.52825269e+00  1.53304788e+00  1.56361673e+00  1.57290938e+00
  1.57609452e+00  1.62641792e+00  1.68957200e+00  1.69117664e+00
  1.70734151e+00  1.71904997e+00  1.74776140e+00  1.75930360e+00
  1.76796540e+00  1.76923759e+00  1.80368708e+00  1.86931108e+00
  1.88194816e+00  1.91091603e+00  1.92474576e+00  1.96165882e+00
  2.00793974e+00  2.03797873e+00  2.07255671e+00  2.10082609e+00
  2.11571606e+00  2.13245984e+00  2.15409287e+00  2.17552184e+00
  2.24184918e+00  2.24207142e+00  2.24826184e+00  2.30085855e+00
  2.35179520e+00  2.36078124e+00  2.38345150e+00  2.40657369e+00
  2.43865685e+00  2.44256128e+00  2.45909404e+00  2.50219870e+00
  2.50881434e+00  2.54102390e+00  2.55682231e+00  2.58164598e+00
  2.58346284e+00  2.60080935e+00  2.61256753e+00  2.63032659e+00
  2.65349733e+00  2.69354689e+00  2.73968560e+00  2.75429871e+00
  2.75479155e+00  2.83702386e+00  2.92447109e+00  2.94554898e+00
  2.95354689e+00  2.95709215e+00  2.98516820e+00  3.12908405e+00
  3.15178074e+00  3.29490565e+00  3.37847350e+00  3.43117518e+00
  3.56515186e+00  3.60954906e+00  3.73875868e+00  3.73973304e+00
  3.75082345e+00  3.84877694e+00  3.97956404e+00  4.00907442e+00
  4.03245428e+00  4.37509600e+00  4.43429838e+00  5.21241978e+00
  9.57218378e+00  2.36295712e+01  2.38688303e+01  2.38929084e+01
  2.39863480e+01  2.40708432e+01  2.41157603e+01  2.54795744e+01
  2.54876875e+01  2.60355311e+01  3.56395490e+01  2.15520967e+02]
nelec by numeric integration = 67.99999995926957
    CPU time for vxc     84.83 sec, wall time      3.04 sec
E1 = -1762.2731411399434  Ecoul = 712.0176567489514  Exc = -70.49242813013441
cycle= 6 E= -748.243765859993  delta_E= -3.54e-05  |g|= 0.0044  |ddm|= 0.0128
    CPU time for cycle= 6     86.47 sec, wall time      3.09 sec
  HOMO = -0.26969639842921  LUMO = -0.0422976406472015
  mo_energy =
[-1.01518115e+02 -1.43183921e+01 -1.02192868e+01 -1.02192324e+01
 -1.02049289e+01 -1.02044493e+01 -1.01948193e+01 -1.01947491e+01
 -9.43250549e+00 -7.19682969e+00 -7.18740186e+00 -7.18739111e+00
 -9.64275733e-01 -8.27184425e-01 -8.18852167e-01 -7.78121153e-01
 -6.60670306e-01 -6.48179824e-01 -6.41704407e-01 -5.44379992e-01
 -4.98377952e-01 -4.85805439e-01 -4.46355091e-01 -4.31037044e-01
 -4.29033106e-01 -4.21495380e-01 -4.15594723e-01 -3.89303589e-01
 -3.80826074e-01 -3.05264037e-01 -2.81276709e-01 -2.81000480e-01
 -2.80020250e-01 -2.69696398e-01 -4.22976406e-02 -3.11502325e-02
  2.74597243e-02  4.76848314e-02  6.32546223e-02  6.62810359e-02
  8.96411604e-02  9.27297750e-02  1.17726384e-01  1.25137725e-01
  1.25401579e-01  1.52853845e-01  2.11424344e-01  2.53638540e-01
  2.67617244e-01  2.69308627e-01  2.89878192e-01  3.00859863e-01
  3.01520594e-01  3.07180131e-01  3.13521230e-01  3.23040066e-01
  3.69372484e-01  3.70474027e-01  3.75327676e-01  3.86551496e-01
  4.00720705e-01  4.24820326e-01  4.28693168e-01  4.31156885e-01
  4.47791589e-01  4.68000077e-01  5.05983019e-01  5.31696915e-01
  5.33552031e-01  5.39693640e-01  5.66851035e-01  5.83464495e-01
  5.91034613e-01  5.94692080e-01  6.00202990e-01  6.23421176e-01
  6.35454652e-01  6.66679586e-01  7.15912959e-01  7.18050092e-01
  7.34403597e-01  7.38415289e-01  7.45003969e-01  7.77510596e-01
  8.09212761e-01  8.37115748e-01  8.44875252e-01  8.49309154e-01
  8.60791515e-01  9.02423106e-01  9.02707394e-01  9.37522234e-01
  9.52480568e-01  9.88987213e-01  1.01631651e+00  1.04285467e+00
  1.06450268e+00  1.06469718e+00  1.09590267e+00  1.13066760e+00
  1.14393309e+00  1.15722460e+00  1.18556750e+00  1.24004098e+00
  1.28615779e+00  1.32896979e+00  1.42599019e+00  1.43693727e+00
  1.44608634e+00  1.47415035e+00  1.49070517e+00  1.49932192e+00
  1.52833432e+00  1.53295307e+00  1.56352323e+00  1.57284771e+00
  1.57599765e+00  1.62625608e+00  1.68945897e+00  1.69111882e+00
  1.70724587e+00  1.71892698e+00  1.74766965e+00  1.75915157e+00
  1.76789012e+00  1.76918778e+00  1.80357345e+00  1.86925991e+00
  1.88202112e+00  1.91072132e+00  1.92477141e+00  1.96145250e+00
  2.00781163e+00  2.03796461e+00  2.07232930e+00  2.10066738e+00
  2.11550516e+00  2.13217601e+00  2.15392333e+00  2.17549794e+00
  2.24169422e+00  2.24191273e+00  2.24827632e+00  2.30069297e+00
  2.35171335e+00  2.36066595e+00  2.38308723e+00  2.40650444e+00
  2.43856012e+00  2.44250932e+00  2.45900974e+00  2.50205548e+00
  2.50867486e+00  2.54068094e+00  2.55673351e+00  2.58158035e+00
  2.58338449e+00  2.60069265e+00  2.61269981e+00  2.63036398e+00
  2.65348909e+00  2.69327228e+00  2.73946880e+00  2.75412018e+00
  2.75477698e+00  2.83651474e+00  2.92416677e+00  2.94523106e+00
  2.95346712e+00  2.95682511e+00  2.98504582e+00  3.12900779e+00
  3.15160173e+00  3.29462468e+00  3.37833382e+00  3.43128121e+00
  3.56490446e+00  3.60904304e+00  3.73864563e+00  3.73953797e+00
  3.75036303e+00  3.84834057e+00  3.97947064e+00  4.00921037e+00
  4.03220801e+00  4.37500995e+00  4.43389760e+00  5.21195005e+00
  9.57187800e+00  2.36294055e+01  2.38686488e+01  2.38922869e+01
  2.39859240e+01  2.40703990e+01  2.41158582e+01  2.54792865e+01
  2.54873997e+01  2.60352490e+01  3.56390934e+01  2.15520495e+02]
nelec by numeric integration = 67.99999995930126
    CPU time for vxc     85.32 sec, wall time      3.06 sec
E1 = -1762.2944628216624  Ecoul = 712.0399950408787  Exc = -70.49344966220127
cycle= 7 E= -748.243770781851  delta_E= -4.92e-06  |g|= 0.000579  |ddm|= 0.00337
    CPU time for cycle= 7     86.96 sec, wall time      3.12 sec
  HOMO = -0.269669190413131  LUMO = -0.0422880188667118
  mo_energy =
[-1.01518505e+02 -1.43183791e+01 -1.02191998e+01 -1.02191622e+01
 -1.02050744e+01 -1.02046421e+01 -1.01947109e+01 -1.01946528e+01
 -9.43272171e+00 -7.19706452e+00 -7.18763322e+00 -7.18762247e+00
 -9.64241677e-01 -8.27241987e-01 -8.18848774e-01 -7.78070085e-01
 -6.60722877e-01 -6.48155542e-01 -6.41680624e-01 -5.44364647e-01
 -4.98349693e-01 -4.85779292e-01 -4.46317216e-01 -4.31069131e-01
 -4.29069766e-01 -4.21506663e-01 -4.15571168e-01 -3.89362203e-01
 -3.80808751e-01 -3.05262319e-01 -2.81327485e-01 -2.81037704e-01
 -2.79988071e-01 -2.69669190e-01 -4.22880189e-02 -3.11142722e-02
  2.74493145e-02  4.76581043e-02  6.32667819e-02  6.62649606e-02
  8.96456418e-02  9.27284691e-02  1.17723249e-01  1.25157785e-01
  1.25407366e-01  1.52852764e-01  2.11438134e-01  2.53646344e-01
  2.67624968e-01  2.69324117e-01  2.89853277e-01  3.00867177e-01
  3.01508497e-01  3.07180538e-01  3.13506197e-01  3.23021429e-01
  3.69385502e-01  3.70500540e-01  3.75341322e-01  3.86570665e-01
  4.00717023e-01  4.24849632e-01  4.28696410e-01  4.31162557e-01
  4.47793510e-01  4.68006021e-01  5.06006457e-01  5.31720495e-01
  5.33542297e-01  5.39695201e-01  5.66858680e-01  5.83460829e-01
  5.91047769e-01  5.94693885e-01  6.00177591e-01  6.23437805e-01
  6.35476387e-01  6.66680484e-01  7.15918926e-01  7.18052092e-01
  7.34414605e-01  7.38403797e-01  7.45012809e-01  7.77523335e-01
  8.09222584e-01  8.37140697e-01  8.44827986e-01  8.49264508e-01
  8.60758640e-01  9.02365588e-01  9.02652173e-01  9.37537481e-01
  9.52489144e-01  9.88993487e-01  1.01633644e+00  1.04286642e+00
  1.06453261e+00  1.06467037e+00  1.09590803e+00  1.13065750e+00
  1.14389880e+00  1.15719677e+00  1.18559593e+00  1.24005456e+00
  1.28619247e+00  1.32899267e+00  1.42600538e+00  1.43696941e+00
  1.44607608e+00  1.47415820e+00  1.49067628e+00  1.49929366e+00
  1.52833791e+00  1.53296959e+00  1.56353745e+00  1.57286344e+00
  1.57601280e+00  1.62627144e+00  1.68947488e+00  1.69113040e+00
  1.70722808e+00  1.71890921e+00  1.74766475e+00  1.75918012e+00
  1.76790653e+00  1.76919336e+00  1.80357123e+00  1.86927812e+00
  1.88202744e+00  1.91075048e+00  1.92477573e+00  1.96147039e+00
  2.00780737e+00  2.03797424e+00  2.07236181e+00  2.10062098e+00
  2.11547719e+00  2.13218779e+00  2.15394512e+00  2.17550444e+00
  2.24164171e+00  2.24185726e+00  2.24827479e+00  2.30072793e+00
  2.35168363e+00  2.36068237e+00  2.38311374e+00  2.40646696e+00
  2.43855368e+00  2.44248389e+00  2.45900111e+00  2.50199787e+00
  2.50862147e+00  2.54071509e+00  2.55674586e+00  2.58160331e+00
  2.58340765e+00  2.60071455e+00  2.61268977e+00  2.63037979e+00
  2.65350374e+00  2.69329567e+00  2.73946595e+00  2.75416958e+00
  2.75478584e+00  2.83656613e+00  2.92420857e+00  2.94525529e+00
  2.95348740e+00  2.95684653e+00  2.98503918e+00  3.12903278e+00
  3.15151968e+00  3.29467429e+00  3.37835756e+00  3.43128220e+00
  3.56493178e+00  3.60908259e+00  3.73859205e+00  3.73950280e+00
  3.75038472e+00  3.84836152e+00  3.97950361e+00  4.00920877e+00
  4.03224167e+00  4.37502631e+00  4.43392888e+00  5.21198085e+00
  9.57170731e+00  2.36294283e+01  2.38684686e+01  2.38923688e+01
  2.39859180e+01  2.40704863e+01  2.41158749e+01  2.54791387e+01
  2.54872519e+01  2.60350907e+01  3.56391062e+01  2.15520129e+02]
nelec by numeric integration = 67.9999999592964
    CPU time for vxc     84.98 sec, wall time      3.04 sec
E1 = -1762.2958581093967  Ecoul = 712.041552479859  Exc = -70.49361187063158
cycle= 8 E= -748.243770839036  delta_E= -5.72e-08  |g|= 0.000216  |ddm|= 0.000514
    CPU time for cycle= 8     86.65 sec, wall time      3.10 sec
  HOMO = -0.269671099352924  LUMO = -0.0422822972441079
  mo_energy =
[-1.01518514e+02 -1.43183808e+01 -1.02191989e+01 -1.02191507e+01
 -1.02050151e+01 -1.02046111e+01 -1.01947585e+01 -1.01946909e+01
 -9.43270644e+00 -7.19705234e+00 -7.18761970e+00 -7.18760895e+00
 -9.64238710e-01 -8.27219501e-01 -8.18842479e-01 -7.78075654e-01
 -6.60709702e-01 -6.48157475e-01 -6.41679053e-01 -5.44361566e-01
 -4.98350313e-01 -4.85787217e-01 -4.46323447e-01 -4.31056991e-01
 -4.29056934e-01 -4.21494800e-01 -4.15568938e-01 -3.89347055e-01
 -3.80809835e-01 -3.05255517e-01 -2.81310826e-01 -2.81024041e-01
 -2.79991295e-01 -2.69671099e-01 -4.22822972e-02 -3.11195791e-02
  2.74544637e-02  4.76661777e-02  6.32646130e-02  6.62710331e-02
  8.96452616e-02  9.27308854e-02  1.17727518e-01  1.25157547e-01
  1.25407390e-01  1.52856286e-01  2.11439146e-01  2.53648384e-01
  2.67625458e-01  2.69322982e-01  2.89858456e-01  3.00868434e-01
  3.01515657e-01  3.07183783e-01  3.13513415e-01  3.23030043e-01
  3.69385086e-01  3.70496445e-01  3.75342509e-01  3.86569102e-01
  4.00722227e-01  4.24845128e-01  4.28701451e-01  4.31163417e-01
  4.47799904e-01  4.68009556e-01  5.06003436e-01  5.31720373e-01
  5.33548690e-01  5.39696885e-01  5.66863887e-01  5.83465067e-01
  5.91043986e-01  5.94698657e-01  6.00186882e-01  6.23438565e-01
  6.35469767e-01  6.66687266e-01  7.15920155e-01  7.18053020e-01
  7.34416778e-01  7.38410843e-01  7.45014388e-01  7.77524574e-01
  8.09224321e-01  8.37139270e-01  8.44843464e-01  8.49278616e-01
  8.60770488e-01  9.02387662e-01  9.02673563e-01  9.37537740e-01
  9.52489034e-01  9.88994985e-01  1.01633646e+00  1.04286818e+00
  1.06452552e+00  1.06468072e+00  1.09591534e+00  1.13066362e+00
  1.14391074e+00  1.15720741e+00  1.18559523e+00  1.24005614e+00
  1.28618911e+00  1.32899269e+00  1.42600491e+00  1.43696683e+00
  1.44608107e+00  1.47416397e+00  1.49068703e+00  1.49930420e+00
  1.52833834e+00  1.53297090e+00  1.56353725e+00  1.57286184e+00
  1.57601287e+00  1.62627103e+00  1.68947538e+00  1.69113059e+00
  1.70723584e+00  1.71891679e+00  1.74766908e+00  1.75917504e+00
  1.76790334e+00  1.76919820e+00  1.80357470e+00  1.86927759e+00
  1.88202701e+00  1.91074813e+00  1.92477986e+00  1.96147115e+00
  2.00781065e+00  2.03797533e+00  2.07235774e+00  2.10063451e+00
  2.11548781e+00  2.13219184e+00  2.15394369e+00  2.17550700e+00
  2.24165567e+00  2.24187162e+00  2.24828110e+00  2.30072104e+00
  2.35169242e+00  2.36068186e+00  2.38311583e+00  2.40647661e+00
  2.43855863e+00  2.44249059e+00  2.45900570e+00  2.50201370e+00
  2.50863637e+00  2.54071334e+00  2.55674816e+00  2.58160098e+00
  2.58340114e+00  2.60071169e+00  2.61269892e+00  2.63037215e+00
  2.65350107e+00  2.69329667e+00  2.73948206e+00  2.75415596e+00
  2.75478815e+00  2.83656334e+00  2.92420423e+00  2.94525845e+00
  2.95348710e+00  2.95684991e+00  2.98504443e+00  3.12903099e+00
  3.15154003e+00  3.29466731e+00  3.37835845e+00  3.43128694e+00
  3.56493339e+00  3.60908391e+00  3.73860631e+00  3.73951470e+00
  3.75038885e+00  3.84836204e+00  3.97949540e+00  4.00921267e+00
  4.03223964e+00  4.37502740e+00  4.43392950e+00  5.21198118e+00
  9.57172432e+00  2.36294293e+01  2.38684977e+01  2.38923552e+01
  2.39859413e+01  2.40704649e+01  2.41158709e+01  2.54791576e+01
  2.54872707e+01  2.60351069e+01  3.56391045e+01  2.15520122e+02]
nelec by numeric integration = 67.99999995929619
    CPU time for vxc     86.20 sec, wall time      3.09 sec
E1 = -1762.2952826900937  Ecoul = 712.0409454355382  Exc = -70.4935802561889
cycle= 9 E= -748.243770849611  delta_E= -1.06e-08  |g|= 4.62e-05  |ddm|= 0.000153
    CPU time for cycle= 9     87.85 sec, wall time      3.15 sec
  HOMO = -0.269676523088869  LUMO = -0.042287302466745
  mo_energy =
[-1.01518491e+02 -1.43183911e+01 -1.02192033e+01 -1.02191619e+01
 -1.02050339e+01 -1.02046021e+01 -1.01947572e+01 -1.01946962e+01
 -9.43268705e+00 -7.19703261e+00 -7.18759971e+00 -7.18758897e+00
 -9.64243782e-01 -8.27212269e-01 -8.18847849e-01 -7.78079035e-01
 -6.60705391e-01 -6.48161682e-01 -6.41683095e-01 -5.44365262e-01
 -4.98355248e-01 -4.85789033e-01 -4.46325628e-01 -4.31055677e-01
 -4.29055175e-01 -4.21499178e-01 -4.15572463e-01 -3.89341204e-01
 -3.80813512e-01 -3.05260422e-01 -2.81302507e-01 -2.81017331e-01
 -2.79992687e-01 -2.69676523e-01 -4.22873025e-02 -3.11227384e-02
  2.74550825e-02  4.76676736e-02  6.32637851e-02  6.62719534e-02
  8.96445041e-02  9.27296105e-02  1.17726837e-01  1.25154268e-01
  1.25406834e-01  1.52855629e-01  2.11436497e-01  2.53645477e-01
  2.67622819e-01  2.69320779e-01  2.89861727e-01  3.00867866e-01
  3.01516205e-01  3.07183538e-01  3.13516387e-01  3.23034067e-01
  3.69383779e-01  3.70494181e-01  3.75339702e-01  3.86566791e-01
  4.00719449e-01  4.24843142e-01  4.28699148e-01  4.31161604e-01
  4.47796537e-01  4.68007458e-01  5.06001314e-01  5.31718095e-01
  5.33548383e-01  5.39694177e-01  5.66860069e-01  5.83464658e-01
  5.91042448e-01  5.94696042e-01  6.00187949e-01  6.23436375e-01
  6.35467979e-01  6.66684812e-01  7.15917568e-01  7.18050803e-01
  7.34413873e-01  7.38410548e-01  7.45012885e-01  7.77521527e-01
  8.09223311e-01  8.37136622e-01  8.44849536e-01  8.49284482e-01
  8.60774535e-01  9.02398593e-01  9.02684054e-01  9.37534634e-01
  9.52486894e-01  9.88992339e-01  1.01633205e+00  1.04286592e+00
  1.06452344e+00  1.06468388e+00  1.09591129e+00  1.13066379e+00
  1.14391360e+00  1.15720951e+00  1.18559208e+00  1.24005272e+00
  1.28618583e+00  1.32898883e+00  1.42600181e+00  1.43696403e+00
  1.44608007e+00  1.47416011e+00  1.49068784e+00  1.49930500e+00
  1.52833577e+00  1.53296661e+00  1.56353451e+00  1.57285981e+00
  1.57600948e+00  1.62626923e+00  1.68947331e+00  1.69112869e+00
  1.70723589e+00  1.71891738e+00  1.74766826e+00  1.75917354e+00
  1.76790161e+00  1.76919477e+00  1.80357381e+00  1.86927519e+00
  1.88202349e+00  1.91074440e+00  1.92477547e+00  1.96146871e+00
  2.00781019e+00  2.03797048e+00  2.07235533e+00  2.10063919e+00
  2.11549066e+00  2.13219006e+00  2.15394141e+00  2.17550311e+00
  2.24166143e+00  2.24187791e+00  2.24827722e+00  2.30071940e+00
  2.35169274e+00  2.36067940e+00  2.38311119e+00  2.40647878e+00
  2.43855746e+00  2.44249149e+00  2.45900505e+00  2.50201607e+00
  2.50863849e+00  2.54070871e+00  2.55674542e+00  2.58159615e+00
  2.58339918e+00  2.60070998e+00  2.61269603e+00  2.63037126e+00
  2.65349859e+00  2.69329238e+00  2.73947482e+00  2.75415263e+00
  2.75478429e+00  2.83655906e+00  2.92420110e+00  2.94525355e+00
  2.95348207e+00  2.95684452e+00  2.98504306e+00  3.12902575e+00
  3.15154512e+00  3.29466355e+00  3.37835344e+00  3.43128160e+00
  3.56492850e+00  3.60907931e+00  3.73860820e+00  3.73951530e+00
  3.75038563e+00  3.84835503e+00  3.97949252e+00  4.00920826e+00
  4.03223550e+00  4.37502185e+00  4.43392326e+00  5.21197495e+00
  9.57174118e+00  2.36294210e+01  2.38685060e+01  2.38923499e+01
  2.39859299e+01  2.40704606e+01  2.41158628e+01  2.54791735e+01
  2.54872867e+01  2.60351225e+01  3.56390944e+01  2.15520145e+02]
nelec by numeric integration = 67.99999995929619
    CPU time for vxc     84.47 sec, wall time      3.02 sec
E1 = -1762.2952190350566  Ecoul = 712.0408755198425  Exc = -70.49357399598344
cycle= 10 E= -748.243770850064  delta_E= -4.53e-10  |g|= 1.92e-05  |ddm|= 6e-05
    CPU time for cycle= 10     86.09 sec, wall time      3.08 sec
  HOMO = -0.269675369646468  LUMO = -0.0422848413212114
  mo_energy =
[-1.01518503e+02 -1.43183909e+01 -1.02192010e+01 -1.02191500e+01
 -1.02050242e+01 -1.02046057e+01 -1.01947625e+01 -1.01946919e+01
 -9.43269978e+00 -7.19704530e+00 -7.18761239e+00 -7.18760165e+00
 -9.64241122e-01 -8.27218445e-01 -8.18845433e-01 -7.78076786e-01
 -6.60707629e-01 -6.48159483e-01 -6.41680713e-01 -5.44363038e-01
 -4.98352666e-01 -4.85787879e-01 -4.46324061e-01 -4.31056536e-01
 -4.29056207e-01 -4.21497220e-01 -4.15570491e-01 -3.89345366e-01
 -3.80811331e-01 -3.05258154e-01 -2.81308394e-01 -2.81022110e-01
 -2.79991740e-01 -2.69675370e-01 -4.22848413e-02 -3.11207948e-02
  2.74546190e-02  4.76663046e-02  6.32644940e-02  6.62713408e-02
  8.96449654e-02  9.27303252e-02  1.17727085e-01  1.25155930e-01
  1.25406968e-01  1.52856374e-01  2.11437798e-01  2.53646934e-01
  2.67624247e-01  2.69321749e-01  2.89859833e-01  3.00867979e-01
  3.01515604e-01  3.07183821e-01  3.13514218e-01  3.23031199e-01
  3.69384382e-01  3.70495473e-01  3.75341369e-01  3.86568098e-01
  4.00720830e-01  4.24844482e-01  4.28700445e-01  4.31162181e-01
  4.47798650e-01  4.68008726e-01  5.06002697e-01  5.31719728e-01
  5.33548443e-01  5.39695531e-01  5.66862234e-01  5.83464995e-01
  5.91043024e-01  5.94697476e-01  6.00187312e-01  6.23437994e-01
  6.35468596e-01  6.66686347e-01  7.15918943e-01  7.18051692e-01
  7.34414681e-01  7.38410108e-01  7.45013615e-01  7.77523306e-01
  8.09223863e-01  8.37138068e-01  8.44844826e-01  8.49280192e-01
  8.60771516e-01  9.02390566e-01  9.02676330e-01  9.37536401e-01
  9.52487663e-01  9.88993556e-01  1.01633444e+00  1.04286714e+00
  1.06452470e+00  1.06468131e+00  1.09591389e+00  1.13066294e+00
  1.14391140e+00  1.15720775e+00  1.18559440e+00  1.24005417e+00
  1.28618772e+00  1.32899062e+00  1.42600350e+00  1.43696583e+00
  1.44608068e+00  1.47416230e+00  1.49068744e+00  1.49930465e+00
  1.52833692e+00  1.53296890e+00  1.56353653e+00  1.57286060e+00
  1.57601147e+00  1.62627043e+00  1.68947448e+00  1.69112992e+00
  1.70723535e+00  1.71891660e+00  1.74766856e+00  1.75917476e+00
  1.76790258e+00  1.76919667e+00  1.80357398e+00  1.86927662e+00
  1.88202505e+00  1.91074669e+00  1.92477780e+00  1.96147015e+00
  2.00781042e+00  2.03797265e+00  2.07235702e+00  2.10063572e+00
  2.11548848e+00  2.13219127e+00  2.15394283e+00  2.17550469e+00
  2.24165745e+00  2.24187355e+00  2.24827899e+00  2.30072065e+00
  2.35169283e+00  2.36068067e+00  2.38311346e+00  2.40647675e+00
  2.43855801e+00  2.44249048e+00  2.45900537e+00  2.50201504e+00
  2.50863773e+00  2.54071119e+00  2.55674737e+00  2.58159846e+00
  2.58340018e+00  2.60071130e+00  2.61269764e+00  2.63037158e+00
  2.65349972e+00  2.69329449e+00  2.73947964e+00  2.75415363e+00
  2.75478611e+00  2.83656209e+00  2.92420320e+00  2.94525625e+00
  2.95348455e+00  2.95684700e+00  2.98504394e+00  3.12902813e+00
  3.15154193e+00  3.29466576e+00  3.37835626e+00  3.43128412e+00
  3.56493092e+00  3.60908243e+00  3.73860736e+00  3.73951538e+00
  3.75038794e+00  3.84835605e+00  3.97949405e+00  4.00921028e+00
  4.03223785e+00  4.37502444e+00  4.43392481e+00  5.21197701e+00
  9.57172984e+00  2.36294256e+01  2.38685027e+01  2.38923537e+01
  2.39859373e+01  2.40704630e+01  2.41158666e+01  2.54791627e+01
  2.54872758e+01  2.60351117e+01  3.56390948e+01  2.15520133e+02]
nelec by numeric integration = 67.99999995929592
    CPU time for vxc     84.33 sec, wall time      3.01 sec
E1 = -1762.295314828728  Ecoul = 712.0409790583138  Exc = -70.49358174069543
Extra cycle  E= -748.243770849976  delta_E= 8.82e-11  |g|= 2.67e-05  |ddm|= 3.77e-05
    CPU time for scf_cycle   1106.14 sec, wall time     39.97 sec
    CPU time for SCF   1106.14 sec, wall time     39.97 sec
converged SCF energy = -748.243770849976
Converting <class 'pyscf.dft.rks.RKS'> to RHF


******** <class 'pyscf.tdscf.rks.TDA'> for <class 'pyscf.dft.rks.RKS'> ********
nstates = 5 singlet
wfnsym = None
conv_tol = 1e-09
eigh lindep = 1e-12
eigh level_shift = 0
eigh max_space = 8
eigh max_cycle = 2000
chkfile = /scratch/global/yangjunjie/tmpr1elig5c
max_memory 127949 MB (current use 2261 MB)


davidson 0 5  |r|= 0.191  e= [0.18368879 0.18896002 0.22014785 0.22112392 0.27206075]  max|de|= 0.272  lindep=    1
Old state -> New state
    4     ->     2 
    2     ->     3 
    3     ->     4 
davidson 1 10  |r|= 0.055  e= [0.18091102 0.18798429 0.21504988 0.22000929 0.22006637]  max|de|= -0.057  lindep= 0.733
Old state -> New state
    4     ->     3 
    3     ->     4 
davidson 2 15  |r|= 0.0215  e= [0.18077867 0.18794931 0.20920926 0.21995197 0.22000844]  max|de|= -0.00584  lindep= 0.785
davidson 3 20  |r|= 0.00679  e= [0.18077461 0.18794833 0.20870942 0.21992443 0.22000832]  max|de|= -0.0005  lindep= 0.772
davidson 4 5  |r|= 0.00679  e= [0.18077461 0.18794833 0.20870942 0.21992443 0.22000832]  max|de|= -2.78e-16  lindep=    1
davidson 5 10  |r|= 0.00182  e= [0.18077446 0.1879483  0.20866873 0.2199227  0.22000829]  max|de|= -4.07e-05  lindep= 0.67
davidson 6 15  |r|= 0.00107  e= [0.18077445 0.1879483  0.20865927 0.21992224 0.22000828]  max|de|= -9.46e-06  lindep= 0.679
root 0 converged  |r|= 4.46e-06  e= 0.1807744509213917  max|de|= -4.28e-10
root 1 converged  |r|= 1.02e-06  e= 0.18794829626664536  max|de|= -5.58e-11
davidson 7 20  |r|= 0.000574  e= [0.18077445 0.1879483  0.20865695 0.21992206 0.22000828]  max|de|= -2.32e-06  lindep= 0.776
root 4 converged  |r|= 2.01e-05  e= 0.22000827526916006  max|de|= -3.05e-16
davidson 8 5  |r|= 0.000574  e= [0.18077445 0.1879483  0.20865695 0.21992206 0.22000828]  max|de|= 3.33e-16  lindep= 0.967
davidson 9 7  |r|= 0.00021  e= [0.18077445 0.1879483  0.20865666 0.21992202 0.22000828]  max|de|= -2.88e-07  lindep= 0.968
davidson 10 9  |r|= 0.000153  e= [0.18077445 0.1879483  0.20865651 0.21992199 0.22000828]  max|de|= -1.52e-07  lindep= 0.674
davidson 11 11  |r|= 6.04e-05  e= [0.18077445 0.1879483  0.20865647 0.21992198 0.22000828]  max|de|= -3.19e-08  lindep= 0.784
davidson 12 13  |r|= 3.74e-05  e= [0.18077445 0.1879483  0.20865647 0.21992197 0.22000828]  max|de|= -7.15e-09  lindep= 0.733
davidson 13 15  |r|= 2.01e-05  e= [0.18077445 0.1879483  0.20865646 0.21992197 0.22000828]  max|de|= -2.05e-09  lindep= 0.815
root 2 converged  |r|= 4.28e-06  e= 0.20865646468406912  max|de|= -1.35e-10
root 3 converged  |r|= 6.31e-06  e= 0.2199219712908699  max|de|= -2.59e-10
converged 14 17  |r|= 2.01e-05  e= [0.18077445 0.1879483  0.20865646 0.21992197 0.22000828]  max|de|= -2.59e-10
    CPU time for TDA   2918.31 sec, wall time    108.76 sec
Excited State energies (eV)
[4.91912337 5.11433364 5.67783161 5.98438166 5.98673011]
