 
:: initializing oneAPI environment ...
   slurm_script: BASH_VERSION = 4.2.46(1)-release
   args: Using "$@" for setvars.sh arguments: --force
:: advisor -- latest
:: ccl -- latest
:: clck -- latest
:: compiler -- latest
:: dal -- latest
:: debugger -- latest
:: dev-utilities -- latest
:: dnnl -- latest
:: dpcpp-ct -- latest
:: dpl -- latest
:: inspector -- latest
:: intelpython -- latest
:: ipp -- latest
:: ippcp -- latest
:: ipp -- latest
:: itac -- latest
:: mkl -- latest
:: mpi -- latest
:: tbb -- latest
:: vpl -- latest
:: vtune -- latest
:: oneAPI environment initialized ::
 
SLURM_CPUS_PER_TASK = 28
SLURM_MEM_PER_NODE = 514992
#INFO: **** input file is /home/yangjunjie/work/py-ch3-cl/work/scan-33/main.py ****
import sys
import pyscf
from pyscf import tdscf

def main(xyz_file, basis="631g*", xc="b3lyp", output="ene.out"):
    xyz = None

    with open(xyz_file, "r") as xyz:
        xyz = xyz.readlines()[2:]
        xyz = "".join(xyz)

    mol = pyscf.gto.Mole()
    mol.atom = xyz
    mol.basis = basis
    mol.verbose = 5
    mol.build()

    if xc is not None and xc != "hf":
        mf = pyscf.scf.RKS(mol)
        mf.xc = xc
        mf.grids.level = 9
        mf.kernel()
    else:
        mf = pyscf.scf.RHF(mol)
        mf.kernel()

    ene_mf = mf.e_tot

    with open(output, "w") as f:
        tda = pyscf.tdscf.TDA(mf)
        tda.nstates = 5
        tda.max_space = 8
        tda.max_cycle = 2000
        tda.kernel()

        con_tda = tda.converged
        ene_tda = tda.e[:5]
        dip_tda = tda.transition_dipole()[:5]

        f.write(f"RKS energy: {ene_mf: 12.8f}\n")
        f.write("TDA results:\n")
        for i, (con, ene, dip) in enumerate(zip(con_tda, ene_tda, dip_tda)):
            f.write(f" {i:2d} {con} {ene: 12.8f} {dip[0]: 12.8f} {dip[1]: 12.8f} {dip[2]: 12.8f}\n")

        # rpa = pyscf.tdscf.RPA(mf)
        # rpa.nstates = 5
        # rpa.max_space = 8
        # rpa.max_cycle = 2000
        # rpa.kernel()

        # con_rpa = rpa.converged
        # ene_rpa = rpa.e[:5]
        # dip_rpa = rpa.transition_dipole()[:5]
        
        # f.write("\nRPA results:\n")
        # for i, (con, ene, dip) in enumerate(zip(con_rpa, ene_rpa, dip_rpa)):
        #     f.write(f" {i:2d} {con} {ene: 12.8f} {dip[0]: 12.8f} {dip[1]: 12.8f} {dip[2]: 12.8f}\n")

if __name__ == "__main__":
    xyz = sys.argv[1]
    main(xyz, basis="6-311g**", xc=None, output="out.log")
#INFO: ******************** input file end ********************


System: uname_result(system='Linux', node='pauling028', release='3.10.0-327.36.3.el7.x86_64', version='#1 SMP Thu Oct 20 04:56:07 EDT 2016', machine='x86_64')  Threads 28
Python 3.9.7 (default, Oct 27 2021, 01:23:21) 
[GCC 9.3.0]
numpy 1.21.2  scipy 1.6.2
Date: Tue Oct  4 15:31:03 2022
PySCF version 2.0.1
PySCF path  /home/yangjunjie/packages/pyscf/pyscf-main
GIT ORIG_HEAD 14b880cdc4bf7bb64f3989a147c0b04622efc498
GIT HEAD (branch master) 9d5b5bd309d1cc55fbd1a0ec76e26b5b0c7f76af

[ENV] PYSCF_MAX_MEMORY 514992
[ENV] PYSCF_TMPDIR /scratch/global/yangjunjie/
[CONFIG] conf_file /home/yangjunjie/.pyscf_conf.py
[INPUT] verbose = 5
[INPUT] max_memory = 514992 
[INPUT] num. atoms = 16
[INPUT] num. electrons = 68
[INPUT] charge = 0
[INPUT] spin (= nelec alpha-beta = 2S) = 0
[INPUT] symmetry False subgroup None
[INPUT] Mole.unit = angstrom
[INPUT]  1 C      0.000000480000   1.162101940000   0.992644330000 AA    0.000000907069   2.196054395426   1.875825922802 Bohr
[INPUT]  2 C      0.000000640000   1.185742920000   2.369195650000 AA    0.000001209425   2.240729372942   4.477130914011 Bohr
[INPUT]  3 C     -0.000000010000  -0.016184300000   3.052618380000 AA   -0.000000018897  -0.030583894518   5.768612701013 Bohr
[INPUT]  4 C     -0.000000520000  -1.205030280000   2.339158600000 AA   -0.000000982658  -2.277177201008   4.420369115921 Bohr
[INPUT]  5 C     -0.000000500000  -1.147987700000   0.967689260000 AA   -0.000000944863  -2.169382347369   1.828667675083 Bohr
[INPUT]  6 N     -0.000000130000   0.016564900000   0.323331350000 AA   -0.000000245664   0.031303124281   0.611007698986 Bohr
[INPUT]  7 C      0.000000010000   0.010217760000  -1.230579920000 AA    0.000000018897   0.019308768007  -2.325459023189 Bohr
[INPUT]  8 H      0.000000770000   2.057999980000   0.403520140000 AA    0.000001455089   3.889056326560   0.762542550346 Bohr
[INPUT]  9 H      0.000001260000   2.126902330000   2.883145120000 AA    0.000002381055   4.019262897399   5.448354654176 Bohr
[INPUT] 10 H     -0.000000160000  -0.029299340000   4.126979660000 AA   -0.000000302356  -0.055367728231   7.798861279051 Bohr
[INPUT] 11 H     -0.000001080000  -2.157674140000   2.831516780000 AA   -0.000002040904  -4.077413190656   5.350791231310 Bohr
[INPUT] 12 H     -0.000000910000  -2.026838000000   0.351853570000 AA   -0.000001719651  -3.830168718861   0.664906883250 Bohr
[INPUT] 13 H     -0.000003330000   1.031971220000  -1.553169150000 AA   -0.000006292788   1.950142974233  -2.935064318624 Bohr
[INPUT] 14 H     -0.889841450000  -0.499082460000  -1.546743590000 AA   -1.681556634786  -0.943129162974  -2.922921770027 Bohr
[INPUT] 15 H      0.889844810000  -0.499076750000  -1.546743440000 AA    1.681562984266  -0.943118372638  -2.922921486568 Bohr
[INPUT] 16 Cl     0.000000070000  -0.002065480000  -3.990671240000 AA    0.000000132281  -0.003903191516  -7.541275696778 Bohr
[INPUT] ---------------- BASIS SET ---------------- 
[INPUT] l, kappa, [nprim/nctr], expnt,             c_1 c_2 ...
[INPUT] N
[INPUT] 0    0    [6    /1   ]  6293.48           0.00196979
                                949.044           0.0149613
                                218.776           0.0735006
                                63.6916           0.248937
                                18.8282           0.60246
                                2.72023           0.256202
[INPUT] 0    0    [3    /1   ]  30.6331           0.111906
                                7.02614           0.921666
                                2.11205           -0.00256919
[INPUT] 0    0    [1    /1   ]  0.684009             1
[INPUT] 0    0    [1    /1   ]  0.200878             1
[INPUT] 1    0    [3    /1   ]  30.6331           0.0383119
                                7.02614           0.237403
                                2.11205           0.817592
[INPUT] 1    0    [1    /1   ]  0.684009             1
[INPUT] 1    0    [1    /1   ]  0.200878             1
[INPUT] 2    0    [1    /1   ]  0.913                1
[INPUT] H
[INPUT] 0    0    [3    /1   ]  33.865            0.0254938
                                5.09479           0.190373
                                1.15879           0.852161
[INPUT] 0    0    [1    /1   ]  0.32584              1
[INPUT] 0    0    [1    /1   ]  0.102741             1
[INPUT] 1    0    [1    /1   ]  0.75                 1
[INPUT] C
[INPUT] 0    0    [6    /1   ]  4563.24           0.00196665
                                682.024           0.0152306
                                154.973           0.0761269
                                44.4553           0.260801
                                13.029            0.616462
                                1.82773           0.221006
[INPUT] 0    0    [3    /1   ]  20.9642           0.11466
                                4.80331           0.919999
                                1.45933           -0.00303068
[INPUT] 0    0    [1    /1   ]  0.483456             1
[INPUT] 0    0    [1    /1   ]  0.145585             1
[INPUT] 1    0    [3    /1   ]  20.9642           0.0402487
                                4.80331           0.237594
                                1.45933           0.815854
[INPUT] 1    0    [1    /1   ]  0.483456             1
[INPUT] 1    0    [1    /1   ]  0.145585             1
[INPUT] 2    0    [1    /1   ]  0.626                1
[INPUT] Cl
[INPUT] 0    0    [6    /1   ]  105819            0.000738
                                15872             0.005718
                                3619.65           0.029495
                                1030.8            0.117286
                                339.908           0.362949
                                124.538           0.584149
[INPUT] 0    0    [3    /1   ]  124.538           0.134177
                                49.5135           0.62425
                                20.8056           0.291756
[INPUT] 0    0    [1    /1   ]  6.58346              1
[INPUT] 0    0    [1    /1   ]  2.56468              1
[INPUT] 0    0    [1    /1   ]  0.559763             1
[INPUT] 0    0    [1    /1   ]  0.183273             1
[INPUT] 1    0    [5    /1   ]  589.776           0.002391
                                139.849           0.018504
                                45.1413           0.081377
                                16.8733           0.221552
                                6.7411            0.772569
[INPUT] 1    0    [2    /1   ]  6.7411            -1.572244
                                2.77152           0.992389
[INPUT] 1    0    [1    /1   ]  1.02387              1
[INPUT] 1    0    [1    /1   ]  0.381368             1
[INPUT] 1    0    [1    /1   ]  0.109437             1
[INPUT] 2    0    [1    /1   ]  0.75                 1

nuclear repulsion = 383.821837146961
number of shells = 100
number of NR pGTOs = 329
number of NR cGTOs = 200
basis = 6-311g**
ecp = {}
CPU time:         0.38


******** <class 'pyscf.scf.hf.RHF'> ********
method = RHF
initial guess = minao
damping factor = 0
level_shift factor = 0
DIIS = <class 'pyscf.scf.diis.CDIIS'>
diis_start_cycle = 1
diis_space = 8
SCF conv_tol = 1e-09
SCF conv_tol_grad = None
SCF max_cycles = 50
direct_scf = True
direct_scf_tol = 1e-13
chkfile to save SCF result = /scratch/global/yangjunjie/tmp57cxwyhk
max_memory 514992 MB (current use 81 MB)
Set gradient conv threshold to 3.16228e-05
E1 = -1781.3276982815412  E_coul = 649.6914622183758
init E= -747.814398916204
cond(S) = 15014.024700776668
    CPU time for initialize scf     13.90 sec, wall time      0.57 sec
  HOMO = -0.253961636976699  LUMO = 0.00708025101355174
  mo_energy =
[-1.04816220e+02 -1.56384460e+01 -1.13283174e+01 -1.13250828e+01
 -1.13215804e+01 -1.13197385e+01 -1.13193580e+01 -1.13181348e+01
 -1.06101326e+01 -8.06864722e+00 -8.06857853e+00 -8.06857543e+00
 -1.79860290e+00 -1.46794403e+00 -1.34000811e+00 -1.19507578e+00
 -1.07593503e+00 -9.56058704e-01 -9.25001956e-01 -6.95256183e-01
 -6.13006055e-01 -5.75493695e-01 -5.59272559e-01 -5.17376919e-01
 -5.01417889e-01 -4.57573696e-01 -4.51663076e-01 -4.17905656e-01
 -4.17728814e-01 -4.15304926e-01 -3.69781001e-01 -3.42335239e-01
 -2.94768426e-01 -2.53961637e-01  7.08025101e-03  4.34692127e-02
  1.08327497e-01  1.37694560e-01  1.59146226e-01  1.80997804e-01
  1.94736803e-01  1.99614983e-01  2.09742804e-01  2.23046688e-01
  2.43756216e-01  2.47639362e-01  3.53547474e-01  3.74250395e-01
  3.86266396e-01  3.99285205e-01  4.02674107e-01  4.09014293e-01
  4.12711776e-01  4.25735693e-01  4.34511167e-01  4.49224036e-01
  4.96145844e-01  5.16526624e-01  5.40832953e-01  5.49511488e-01
  5.64646277e-01  5.79761225e-01  5.89284480e-01  6.09734704e-01
  6.30398708e-01  6.37126222e-01  6.80186206e-01  6.82733229e-01
  6.93105647e-01  7.22423004e-01  7.39311645e-01  7.52966952e-01
  7.60014963e-01  7.72138738e-01  7.77248600e-01  7.90613968e-01
  8.07316577e-01  8.41907055e-01  8.80343057e-01  8.89978143e-01
  9.01325459e-01  9.37546283e-01  9.65842381e-01  9.70164352e-01
  9.89244961e-01  1.02376591e+00  1.06431238e+00  1.10409650e+00
  1.10593810e+00  1.10933248e+00  1.11566030e+00  1.13696639e+00
  1.13779150e+00  1.17591944e+00  1.23083467e+00  1.23787064e+00
  1.26891978e+00  1.27749915e+00  1.28747583e+00  1.32997219e+00
  1.33426569e+00  1.41484368e+00  1.49635613e+00  1.52671267e+00
  1.62308447e+00  1.62320074e+00  1.66844899e+00  1.67209289e+00
  1.67855331e+00  1.70869642e+00  1.73452732e+00  1.73890760e+00
  1.77325019e+00  1.77377912e+00  1.82739392e+00  1.82821618e+00
  1.88897529e+00  1.90400485e+00  1.93480023e+00  1.96247012e+00
  1.96779528e+00  1.97709953e+00  2.01613283e+00  2.02198648e+00
  2.04342638e+00  2.07710382e+00  2.12041839e+00  2.14517805e+00
  2.15949901e+00  2.16194996e+00  2.19728324e+00  2.22298115e+00
  2.30035156e+00  2.32653707e+00  2.34684136e+00  2.36365266e+00
  2.36430053e+00  2.43767468e+00  2.44221381e+00  2.49133528e+00
  2.50425679e+00  2.53662442e+00  2.56892682e+00  2.62408626e+00
  2.64362385e+00  2.67410157e+00  2.68854219e+00  2.70617763e+00
  2.72586706e+00  2.76690026e+00  2.78100827e+00  2.84026385e+00
  2.85410213e+00  2.87077199e+00  2.88955503e+00  2.90684671e+00
  2.91237382e+00  2.92186262e+00  2.94404979e+00  2.95455199e+00
  2.97581246e+00  3.04569193e+00  3.08033186e+00  3.09996302e+00
  3.12383198e+00  3.22400542e+00  3.27683553e+00  3.28136967e+00
  3.31869546e+00  3.34282885e+00  3.37768639e+00  3.57677473e+00
  3.67455002e+00  3.77316854e+00  3.80965655e+00  3.84726091e+00
  4.02309886e+00  4.10231757e+00  4.10714329e+00  4.15774384e+00
  4.21929570e+00  4.35072321e+00  4.35427308e+00  4.40065056e+00
  4.47983137e+00  4.79480367e+00  5.27451288e+00  5.69046152e+00
  1.00813046e+01  2.47380784e+01  2.50395264e+01  2.50468194e+01
  2.51593010e+01  2.52488038e+01  2.52952023e+01  2.62117235e+01
  2.62183577e+01  2.64709743e+01  3.70209375e+01  2.18963023e+02]
E1 = -1780.9905204362758  E_coul = 651.503533610624
cycle= 1 E= -745.665149678691  delta_E= 2.15  |g|= 0.722  |ddm|= 3.11
    CPU time for cycle= 1      1.52 sec, wall time      0.05 sec
  HOMO = -0.187824085660374  LUMO = -0.0788101707453634
  mo_energy =
[-1.04351866e+02 -1.60059111e+01 -1.15456301e+01 -1.15433111e+01
 -1.14246777e+01 -1.14053970e+01 -1.14049274e+01 -1.13947187e+01
 -1.01203052e+01 -7.58339987e+00 -7.58301167e+00 -7.58300220e+00
 -1.56781309e+00 -1.28020914e+00 -1.25450817e+00 -1.10860704e+00
 -1.07153522e+00 -1.01421221e+00 -8.76176379e-01 -8.55082107e-01
 -8.09556848e-01 -7.98272380e-01 -7.68719149e-01 -7.68150898e-01
 -7.38965951e-01 -6.64714411e-01 -6.56158980e-01 -6.37788835e-01
 -6.37124475e-01 -5.51900747e-01 -5.20577881e-01 -1.91187933e-01
 -1.88045250e-01 -1.87824086e-01 -7.88101707e-02 -3.13600046e-02
  6.79837120e-02  1.03538106e-01  1.12283347e-01  1.43368975e-01
  1.49838998e-01  1.67934820e-01  1.83301439e-01  1.97131956e-01
  2.32746093e-01  2.38018694e-01  2.84714794e-01  2.93661286e-01
  3.07822421e-01  3.27349302e-01  3.52436849e-01  3.63110799e-01
  3.71427244e-01  4.08474741e-01  4.19282263e-01  4.46564798e-01
  4.75506692e-01  4.86677692e-01  4.95515830e-01  5.18429545e-01
  5.38353640e-01  5.43008847e-01  5.46035279e-01  5.94832821e-01
  5.95115772e-01  5.99693804e-01  6.22516820e-01  6.45322105e-01
  6.60748275e-01  6.68307271e-01  6.75018224e-01  6.96200878e-01
  7.20012034e-01  7.29445994e-01  7.36892384e-01  7.49672460e-01
  7.60636527e-01  7.97356413e-01  8.04886740e-01  8.19286405e-01
  8.48494960e-01  8.77942987e-01  8.90451303e-01  9.06992501e-01
  9.18479107e-01  9.86347927e-01  1.02839061e+00  1.04378241e+00
  1.08020358e+00  1.09766575e+00  1.11667966e+00  1.16563480e+00
  1.17583195e+00  1.18850293e+00  1.20254284e+00  1.22500705e+00
  1.27375080e+00  1.35548972e+00  1.44457062e+00  1.46849277e+00
  1.46927571e+00  1.47426485e+00  1.47769980e+00  1.49763539e+00
  1.53146861e+00  1.55310730e+00  1.57856693e+00  1.60874372e+00
  1.62426081e+00  1.64926475e+00  1.66639909e+00  1.67756142e+00
  1.69210925e+00  1.69417193e+00  1.71945811e+00  1.73360931e+00
  1.81286155e+00  1.81400043e+00  1.83252263e+00  1.84968572e+00
  1.88963594e+00  1.90208364e+00  1.91720886e+00  1.92495583e+00
  2.00036093e+00  2.00262249e+00  2.03151715e+00  2.05816673e+00
  2.07079342e+00  2.07602584e+00  2.10165039e+00  2.20390227e+00
  2.20648879e+00  2.23874073e+00  2.24979572e+00  2.25390120e+00
  2.27190368e+00  2.40568257e+00  2.41820316e+00  2.48178897e+00
  2.48670524e+00  2.53663253e+00  2.57977376e+00  2.63577301e+00
  2.64417408e+00  2.67325320e+00  2.68806637e+00  2.70632605e+00
  2.71154931e+00  2.75574384e+00  2.77692189e+00  2.80076190e+00
  2.80194680e+00  2.81397394e+00  2.82612290e+00  2.83128962e+00
  2.84066440e+00  2.85171598e+00  2.85764370e+00  2.87121234e+00
  2.90749943e+00  2.93229884e+00  2.96499876e+00  2.98523162e+00
  2.98592133e+00  3.07940438e+00  3.12730743e+00  3.15437590e+00
  3.22298918e+00  3.22866395e+00  3.33326036e+00  3.48237238e+00
  3.55491356e+00  3.66214083e+00  3.69761563e+00  3.75300070e+00
  3.84173633e+00  3.96129529e+00  3.98434102e+00  4.00263999e+00
  4.16331164e+00  4.17666435e+00  4.25396232e+00  4.31147755e+00
  4.36095989e+00  4.66585604e+00  5.05000345e+00  5.46536629e+00
  1.05362540e+01  2.45865280e+01  2.48513763e+01  2.49609844e+01
  2.49820879e+01  2.51070705e+01  2.51798293e+01  2.66506980e+01
  2.66572691e+01  2.69080599e+01  3.66461850e+01  2.19418061e+02]
E1 = -1783.1975411777094  E_coul = 653.5672062517277
cycle= 2 E= -745.80849777902  delta_E= -0.143  |g|= 0.384  |ddm|= 1.13
    CPU time for cycle= 2      1.55 sec, wall time      0.06 sec
  HOMO = -0.275588175654047  LUMO = 0.00330123864523616
  mo_energy =
[-1.04647281e+02 -1.56538827e+01 -1.13746977e+01 -1.13654731e+01
 -1.13636258e+01 -1.13469235e+01 -1.13463290e+01 -1.12804370e+01
 -1.03619708e+01 -7.82975122e+00 -7.82939524e+00 -7.82939284e+00
 -1.38922613e+00 -1.21057916e+00 -1.14761056e+00 -1.01930815e+00
 -9.71968726e-01 -9.43472193e-01 -8.63938827e-01 -8.15746978e-01
 -7.72388589e-01 -7.54456114e-01 -7.03155599e-01 -6.83862918e-01
 -6.82596020e-01 -6.21123635e-01 -5.89833339e-01 -5.88528939e-01
 -5.86010566e-01 -4.79806151e-01 -4.47738687e-01 -2.76289622e-01
 -2.75697677e-01 -2.75588176e-01  3.30123865e-03  3.72707095e-02
  8.49714808e-02  1.17980264e-01  1.29715582e-01  1.57927072e-01
  1.66249289e-01  2.15174634e-01  2.16851036e-01  2.59034189e-01
  2.68924532e-01  2.79822380e-01  3.35521941e-01  3.43096966e-01
  3.54073949e-01  3.69524298e-01  4.00001023e-01  4.13525400e-01
  4.23714188e-01  4.57471426e-01  4.81613604e-01  4.82125753e-01
  5.16388968e-01  5.27247142e-01  5.30127892e-01  5.46628969e-01
  5.59850141e-01  5.63996644e-01  5.67762458e-01  5.98578141e-01
  6.25219076e-01  6.48320450e-01  6.49226548e-01  6.59562437e-01
  6.91463467e-01  7.06097315e-01  7.25174711e-01  7.40683303e-01
  7.50798430e-01  7.59847682e-01  7.71180513e-01  7.94950605e-01
  8.06475715e-01  8.35540424e-01  8.48234796e-01  8.74383667e-01
  9.09473093e-01  9.31946527e-01  9.43386362e-01  9.71581672e-01
  9.89832764e-01  1.04076516e+00  1.08450128e+00  1.09089118e+00
  1.09821002e+00  1.15361850e+00  1.16814242e+00  1.19024253e+00
  1.22372937e+00  1.24394294e+00  1.25565803e+00  1.29004911e+00
  1.34402241e+00  1.34487260e+00  1.34838656e+00  1.35382499e+00
  1.35486494e+00  1.43574734e+00  1.49822980e+00  1.51006698e+00
  1.58419198e+00  1.60148177e+00  1.61703782e+00  1.65050102e+00
  1.68467296e+00  1.69622414e+00  1.71007910e+00  1.71524298e+00
  1.72775152e+00  1.73693748e+00  1.77643756e+00  1.78880260e+00
  1.85482227e+00  1.87230147e+00  1.89686391e+00  1.91926539e+00
  1.92330276e+00  1.95351846e+00  1.96270862e+00  1.97281035e+00
  2.04773806e+00  2.05110422e+00  2.08870402e+00  2.09810293e+00
  2.11347914e+00  2.14660274e+00  2.15007279e+00  2.24358568e+00
  2.26913508e+00  2.30395062e+00  2.31813659e+00  2.32471354e+00
  2.34559946e+00  2.45878553e+00  2.46896986e+00  2.50850692e+00
  2.58293134e+00  2.59310807e+00  2.63076015e+00  2.66441731e+00
  2.66616976e+00  2.67537971e+00  2.70842726e+00  2.71359142e+00
  2.76649824e+00  2.77162165e+00  2.79693425e+00  2.82120742e+00
  2.82278899e+00  2.82556653e+00  2.84273405e+00  2.84846049e+00
  2.87393634e+00  2.89498721e+00  2.91343904e+00  2.93191618e+00
  2.96506615e+00  3.01501241e+00  3.04280329e+00  3.05812624e+00
  3.06588089e+00  3.17377342e+00  3.23659642e+00  3.24598680e+00
  3.29346354e+00  3.34397462e+00  3.36043100e+00  3.54396560e+00
  3.65163917e+00  3.75101924e+00  3.77436332e+00  3.81235964e+00
  3.98296738e+00  4.07785730e+00  4.12731167e+00  4.13441208e+00
  4.23348163e+00  4.30953536e+00  4.33498735e+00  4.35105941e+00
  4.43902571e+00  4.75592893e+00  5.25987204e+00  5.66077860e+00
  1.03283391e+01  2.46866344e+01  2.49902389e+01  2.50707273e+01
  2.50985075e+01  2.52020080e+01  2.52478795e+01  2.64529317e+01
  2.64595302e+01  2.67099036e+01  3.69918209e+01  2.19129683e+02]
E1 = -1782.3440162232146  E_coul = 652.6819380326856
cycle= 3 E= -745.840241043568  delta_E= -0.0317  |g|= 0.117  |ddm|= 0.359
    CPU time for cycle= 3      1.55 sec, wall time      0.06 sec
  HOMO = -0.286741839846763  LUMO = 0.0103926686976437
  mo_energy =
[-1.04654712e+02 -1.57373398e+01 -1.13673268e+01 -1.13662296e+01
 -1.13264345e+01 -1.13118180e+01 -1.13116542e+01 -1.12848196e+01
 -1.03755925e+01 -7.84300416e+00 -7.84276764e+00 -7.84276113e+00
 -1.41181083e+00 -1.19298659e+00 -1.14165596e+00 -1.02178440e+00
 -9.69988845e-01 -9.36823426e-01 -8.75595565e-01 -8.07887701e-01
 -7.68980527e-01 -7.42269381e-01 -6.98933934e-01 -6.95190043e-01
 -6.84426978e-01 -6.12305037e-01 -5.98652321e-01 -5.91001933e-01
 -5.90077259e-01 -4.75493382e-01 -4.38440388e-01 -2.88734577e-01
 -2.87290598e-01 -2.86741840e-01  1.03926687e-02  4.55977903e-02
  9.44398000e-02  1.23840522e-01  1.32510174e-01  1.63886332e-01
  1.68487833e-01  2.13738378e-01  2.20052152e-01  2.57133409e-01
  2.69445827e-01  2.76234400e-01  3.46820790e-01  3.49364961e-01
  3.60744815e-01  3.76265392e-01  4.04080088e-01  4.07536011e-01
  4.23919952e-01  4.59346304e-01  4.83271584e-01  4.93218586e-01
  5.24881764e-01  5.36300904e-01  5.37737557e-01  5.52978477e-01
  5.56118548e-01  5.64179612e-01  5.72761406e-01  6.02088579e-01
  6.22634649e-01  6.41025306e-01  6.53598976e-01  6.58572056e-01
  7.04185482e-01  7.18672375e-01  7.34351735e-01  7.44802841e-01
  7.54419922e-01  7.66730396e-01  7.73519155e-01  7.88621728e-01
  8.04188097e-01  8.46738362e-01  8.62735609e-01  8.69682624e-01
  8.91956385e-01  9.35630526e-01  9.53743302e-01  9.80013222e-01
  9.90191461e-01  1.04064832e+00  1.08979430e+00  1.09592486e+00
  1.10066203e+00  1.15678228e+00  1.18131203e+00  1.18300846e+00
  1.23525592e+00  1.25146672e+00  1.25158887e+00  1.29430252e+00
  1.33087179e+00  1.33165694e+00  1.33520362e+00  1.34203154e+00
  1.35450109e+00  1.42365224e+00  1.48906772e+00  1.50728105e+00
  1.58571100e+00  1.59727948e+00  1.62725518e+00  1.65863025e+00
  1.69231863e+00  1.69467442e+00  1.71763539e+00  1.72177773e+00
  1.73400130e+00  1.74541474e+00  1.78603991e+00  1.79544774e+00
  1.86025052e+00  1.87475644e+00  1.89966848e+00  1.92647864e+00
  1.93101587e+00  1.95484091e+00  1.97289981e+00  1.98159162e+00
  2.04663599e+00  2.05177084e+00  2.09528848e+00  2.10965376e+00
  2.12934254e+00  2.15907187e+00  2.16202239e+00  2.24349681e+00
  2.28089838e+00  2.30400020e+00  2.32266502e+00  2.32618054e+00
  2.34210966e+00  2.46765882e+00  2.47223310e+00  2.52884376e+00
  2.57408610e+00  2.60317481e+00  2.63981794e+00  2.65240136e+00
  2.65774231e+00  2.69504206e+00  2.70327989e+00  2.70761494e+00
  2.75743575e+00  2.76983327e+00  2.78957951e+00  2.81146498e+00
  2.83052199e+00  2.83604447e+00  2.85366634e+00  2.86741814e+00
  2.88305229e+00  2.91262965e+00  2.92150062e+00  2.92693167e+00
  2.96624641e+00  3.00761069e+00  3.05426801e+00  3.06581350e+00
  3.07942492e+00  3.17623778e+00  3.24156432e+00  3.24578688e+00
  3.31053215e+00  3.33503490e+00  3.35526909e+00  3.56839556e+00
  3.65870273e+00  3.76053011e+00  3.79133636e+00  3.83057793e+00
  3.96943167e+00  4.07442993e+00  4.10861442e+00  4.12677453e+00
  4.22787748e+00  4.29708221e+00  4.32822034e+00  4.37517862e+00
  4.45015906e+00  4.76653302e+00  5.21990139e+00  5.63078762e+00
  1.03146619e+01  2.47119306e+01  2.50021828e+01  2.50673611e+01
  2.51182537e+01  2.52219747e+01  2.52804930e+01  2.64390703e+01
  2.64456325e+01  2.66963899e+01  3.69103795e+01  2.19121620e+02]
E1 = -1782.6586385729674  E_coul = 652.9929861449159
cycle= 4 E= -745.84381528109  delta_E= -0.00357  |g|= 0.0355  |ddm|= 0.122
    CPU time for cycle= 4      1.55 sec, wall time      0.06 sec
  HOMO = -0.278421766032716  LUMO = 0.00691352543400094
  mo_energy =
[-1.04621973e+02 -1.57257602e+01 -1.13766670e+01 -1.13749304e+01
 -1.13478855e+01 -1.13271172e+01 -1.13267390e+01 -1.12917183e+01
 -1.03499693e+01 -7.81679639e+00 -7.81659919e+00 -7.81659012e+00
 -1.41182482e+00 -1.20109560e+00 -1.14610788e+00 -1.02387493e+00
 -9.73640485e-01 -9.41012884e-01 -8.65868897e-01 -8.11714298e-01
 -7.75490164e-01 -7.45481481e-01 -7.03545408e-01 -6.95727493e-01
 -6.88834734e-01 -6.18770141e-01 -6.00404557e-01 -5.95741015e-01
 -5.92791598e-01 -4.80084789e-01 -4.43303858e-01 -2.80922371e-01
 -2.78843268e-01 -2.78421766e-01  6.91352543e-03  4.15398749e-02
  9.33281197e-02  1.23392954e-01  1.32175151e-01  1.63420390e-01
  1.68358584e-01  2.14121221e-01  2.18396312e-01  2.57338041e-01
  2.67835882e-01  2.76884707e-01  3.44520954e-01  3.47184633e-01
  3.58065032e-01  3.73024505e-01  4.02225942e-01  4.07359518e-01
  4.22609484e-01  4.57734233e-01  4.81012386e-01  4.89204366e-01
  5.21307704e-01  5.34035597e-01  5.34705511e-01  5.52366159e-01
  5.57616559e-01  5.64911617e-01  5.70293064e-01  6.00653913e-01
  6.23803434e-01  6.40471124e-01  6.50723738e-01  6.57018991e-01
  6.99687029e-01  7.14772552e-01  7.32176790e-01  7.41461341e-01
  7.53673058e-01  7.63617321e-01  7.71468794e-01  7.87737118e-01
  8.02839828e-01  8.43146581e-01  8.58276111e-01  8.70101718e-01
  8.93537671e-01  9.33069805e-01  9.49033804e-01  9.73868178e-01
  9.87247770e-01  1.03908710e+00  1.09151118e+00  1.09206994e+00
  1.09939214e+00  1.15682876e+00  1.17432384e+00  1.18222215e+00
  1.23132355e+00  1.24802798e+00  1.24955754e+00  1.29067464e+00
  1.34302443e+00  1.34382698e+00  1.34740060e+00  1.35202190e+00
  1.35381542e+00  1.42624304e+00  1.49396720e+00  1.50606302e+00
  1.58321434e+00  1.59607644e+00  1.62253463e+00  1.65532966e+00
  1.68972924e+00  1.69280821e+00  1.71340067e+00  1.72073198e+00
  1.73057629e+00  1.74194839e+00  1.78189714e+00  1.79318308e+00
  1.85865344e+00  1.87382377e+00  1.89830052e+00  1.92398677e+00
  1.92810404e+00  1.95357973e+00  1.97062938e+00  1.97943039e+00
  2.04572691e+00  2.05006778e+00  2.09179706e+00  2.10657434e+00
  2.12352808e+00  2.15344268e+00  2.15596577e+00  2.24320232e+00
  2.27538941e+00  2.30209789e+00  2.31858668e+00  2.32383451e+00
  2.33990362e+00  2.46573184e+00  2.46720950e+00  2.52518930e+00
  2.57442233e+00  2.60038002e+00  2.63832187e+00  2.66431085e+00
  2.66642668e+00  2.69039965e+00  2.70624128e+00  2.70769964e+00
  2.75687041e+00  2.76987270e+00  2.79529551e+00  2.80947174e+00
  2.82895119e+00  2.83449556e+00  2.85077627e+00  2.86548925e+00
  2.88156535e+00  2.90396787e+00  2.91872128e+00  2.92429022e+00
  2.96456549e+00  3.00603586e+00  3.04937512e+00  3.05987991e+00
  3.07029639e+00  3.16989222e+00  3.23775452e+00  3.24071383e+00
  3.30098354e+00  3.33342145e+00  3.35547186e+00  3.55742885e+00
  3.65212973e+00  3.75404656e+00  3.78297294e+00  3.82190564e+00
  3.96848081e+00  4.07023206e+00  4.10976692e+00  4.12411687e+00
  4.22634143e+00  4.30074842e+00  4.32187375e+00  4.36720034e+00
  4.44412008e+00  4.75920615e+00  5.22340413e+00  5.63184265e+00
  1.03363358e+01  2.46978627e+01  2.49913482e+01  2.50606556e+01
  2.51041458e+01  2.52093425e+01  2.52646376e+01  2.64594831e+01
  2.64660186e+01  2.67169834e+01  3.69215953e+01  2.19153442e+02]
E1 = -1782.6019478844273  E_coul = 652.9359673238756
cycle= 5 E= -745.844143413591  delta_E= -0.000328  |g|= 0.00567  |ddm|= 0.0349
    CPU time for cycle= 5      1.55 sec, wall time      0.06 sec
  HOMO = -0.278310742329055  LUMO = 0.00710485734164655
  mo_energy =
[-1.04625072e+02 -1.57263565e+01 -1.13780501e+01 -1.13764647e+01
 -1.13469761e+01 -1.13268235e+01 -1.13264562e+01 -1.12935418e+01
 -1.03511559e+01 -7.81812552e+00 -7.81793863e+00 -7.81792860e+00
 -1.41211733e+00 -1.20065472e+00 -1.14621420e+00 -1.02437315e+00
 -9.73858797e-01 -9.41317451e-01 -8.65841859e-01 -8.12089365e-01
 -7.75685563e-01 -7.45860338e-01 -7.03937549e-01 -6.95991116e-01
 -6.89276076e-01 -6.18988292e-01 -6.01290027e-01 -5.96327773e-01
 -5.93316818e-01 -4.79852005e-01 -4.43233685e-01 -2.81051940e-01
 -2.78680942e-01 -2.78310742e-01  7.10485734e-03  4.13857397e-02
  9.32960280e-02  1.23252798e-01  1.31928766e-01  1.63304036e-01
  1.68110777e-01  2.13854576e-01  2.18207547e-01  2.56981296e-01
  2.67580181e-01  2.76542212e-01  3.44298133e-01  3.47052486e-01
  3.57864160e-01  3.72925534e-01  4.01940412e-01  4.06951319e-01
  4.22213527e-01  4.57503270e-01  4.80693872e-01  4.89596629e-01
  5.21426348e-01  5.34144398e-01  5.34555241e-01  5.52263626e-01
  5.57551965e-01  5.64959936e-01  5.70203770e-01  6.00731393e-01
  6.23600548e-01  6.39883671e-01  6.50647557e-01  6.56496891e-01
  6.99833053e-01  7.14604591e-01  7.31842002e-01  7.41115808e-01
  7.53213959e-01  7.63403692e-01  7.71154746e-01  7.86909355e-01
  8.02238967e-01  8.43133403e-01  8.58302559e-01  8.69784110e-01
  8.93337016e-01  9.32796764e-01  9.48840991e-01  9.73995638e-01
  9.86958683e-01  1.03873313e+00  1.09134391e+00  1.09202780e+00
  1.09933678e+00  1.15685298e+00  1.17432981e+00  1.18182470e+00
  1.23108306e+00  1.24772839e+00  1.24935995e+00  1.29028647e+00
  1.34309977e+00  1.34390123e+00  1.34748805e+00  1.35154331e+00
  1.35388404e+00  1.42600079e+00  1.49381249e+00  1.50549569e+00
  1.58311432e+00  1.59553578e+00  1.62236398e+00  1.65502961e+00
  1.68958908e+00  1.69225872e+00  1.71319632e+00  1.72011178e+00
  1.73032172e+00  1.74162268e+00  1.78163684e+00  1.79269225e+00
  1.85809390e+00  1.87335109e+00  1.89773109e+00  1.92351081e+00
  1.92792793e+00  1.95307547e+00  1.97039494e+00  1.97900550e+00
  2.04511171e+00  2.04962861e+00  2.09151757e+00  2.10615736e+00
  2.12345637e+00  2.15314251e+00  2.15588098e+00  2.24285074e+00
  2.27526188e+00  2.30172180e+00  2.31835128e+00  2.32337441e+00
  2.33941408e+00  2.46511041e+00  2.46718148e+00  2.52501760e+00
  2.57378951e+00  2.60002074e+00  2.63796683e+00  2.66415509e+00
  2.66619287e+00  2.69012727e+00  2.70571714e+00  2.70712639e+00
  2.75620209e+00  2.76923964e+00  2.79486850e+00  2.80886555e+00
  2.82844170e+00  2.83396746e+00  2.85037937e+00  2.86525896e+00
  2.88113570e+00  2.90395881e+00  2.91832544e+00  2.92347635e+00
  2.96381992e+00  3.00542856e+00  3.04913691e+00  3.05970114e+00
  3.07016293e+00  3.16951347e+00  3.23740474e+00  3.24042881e+00
  3.30119567e+00  3.33282249e+00  3.35489460e+00  3.55759966e+00
  3.65171755e+00  3.75374437e+00  3.78286776e+00  3.82196550e+00
  3.96764285e+00  4.06985699e+00  4.10899781e+00  4.12344492e+00
  4.22538777e+00  4.30009007e+00  4.32166125e+00  4.36714654e+00
  4.44370299e+00  4.75918877e+00  5.22263887e+00  5.63135151e+00
  1.03355683e+01  2.46976994e+01  2.49905621e+01  2.50589286e+01
  2.51037829e+01  2.52090307e+01  2.52649024e+01  2.64588092e+01
  2.64653276e+01  2.67163842e+01  3.69210065e+01  2.19150551e+02]
E1 = -1782.6088898327166  E_coul = 652.9428919634242
cycle= 6 E= -745.844160722331  delta_E= -1.73e-05  |g|= 0.00192  |ddm|= 0.00975
    CPU time for cycle= 6      1.55 sec, wall time      0.06 sec
  HOMO = -0.278407663286911  LUMO = 0.00719530848211528
  mo_energy =
[-1.04625344e+02 -1.57264277e+01 -1.13776189e+01 -1.13758956e+01
 -1.13475980e+01 -1.13267308e+01 -1.13263668e+01 -1.12927101e+01
 -1.03514277e+01 -7.81839605e+00 -7.81820914e+00 -7.81819873e+00
 -1.41203561e+00 -1.20078067e+00 -1.14610505e+00 -1.02429693e+00
 -9.73804517e-01 -9.41252734e-01 -8.65943879e-01 -8.12101452e-01
 -7.75648314e-01 -7.45746353e-01 -7.03820718e-01 -6.95844056e-01
 -6.89394254e-01 -6.18967695e-01 -6.01209547e-01 -5.96276058e-01
 -5.93268532e-01 -4.79865536e-01 -4.43146011e-01 -2.81212820e-01
 -2.78755348e-01 -2.78407663e-01  7.19530848e-03  4.14320424e-02
  9.33002314e-02  1.23311425e-01  1.31925819e-01  1.63306582e-01
  1.68142997e-01  2.13880039e-01  2.18208516e-01  2.57016262e-01
  2.67595537e-01  2.76628495e-01  3.44310748e-01  3.47074025e-01
  3.57868303e-01  3.72920707e-01  4.01961504e-01  4.07015913e-01
  4.22263595e-01  4.57542839e-01  4.80776397e-01  4.89604239e-01
  5.21355063e-01  5.34239039e-01  5.34560248e-01  5.52224093e-01
  5.57474736e-01  5.64937457e-01  5.70171124e-01  6.00715774e-01
  6.23592634e-01  6.39989032e-01  6.50731985e-01  6.56581012e-01
  6.99829198e-01  7.14500948e-01  7.31918106e-01  7.41174045e-01
  7.53243709e-01  7.63432324e-01  7.71193808e-01  7.86992561e-01
  8.02296278e-01  8.43106158e-01  8.58279493e-01  8.69849625e-01
  8.93444280e-01  9.32817622e-01  9.48866542e-01  9.73916319e-01
  9.87058666e-01  1.03879483e+00  1.09134000e+00  1.09199680e+00
  1.09934281e+00  1.15678693e+00  1.17432102e+00  1.18190875e+00
  1.23115986e+00  1.24770250e+00  1.24940893e+00  1.29035320e+00
  1.34296925e+00  1.34376851e+00  1.34735368e+00  1.35162356e+00
  1.35375479e+00  1.42603211e+00  1.49377431e+00  1.50555695e+00
  1.58309887e+00  1.59561562e+00  1.62237448e+00  1.65506425e+00
  1.68954017e+00  1.69224412e+00  1.71318431e+00  1.72016904e+00
  1.73029721e+00  1.74162618e+00  1.78165012e+00  1.79276596e+00
  1.85811893e+00  1.87340553e+00  1.89782839e+00  1.92357932e+00
  1.92785712e+00  1.95312355e+00  1.97046767e+00  1.97909170e+00
  2.04515579e+00  2.04960859e+00  2.09153343e+00  2.10615324e+00
  2.12343561e+00  2.15322464e+00  2.15579497e+00  2.24281651e+00
  2.27522804e+00  2.30174839e+00  2.31837969e+00  2.32344031e+00
  2.33944959e+00  2.46518281e+00  2.46711340e+00  2.52490594e+00
  2.57384994e+00  2.60007880e+00  2.63799920e+00  2.66403269e+00
  2.66610159e+00  2.69007083e+00  2.70572564e+00  2.70714584e+00
  2.75629921e+00  2.76931306e+00  2.79484552e+00  2.80897466e+00
  2.82845642e+00  2.83401313e+00  2.85028916e+00  2.86533560e+00
  2.88111490e+00  2.90396962e+00  2.91838269e+00  2.92367228e+00
  2.96395521e+00  3.00553732e+00  3.04907912e+00  3.05982816e+00
  3.07007948e+00  3.16968537e+00  3.23743544e+00  3.24048565e+00
  3.30115492e+00  3.33290727e+00  3.35492284e+00  3.55749047e+00
  3.65184490e+00  3.75379845e+00  3.78289775e+00  3.82188001e+00
  3.96778628e+00  4.06992711e+00  4.10914702e+00  4.12358607e+00
  4.22558255e+00  4.30019272e+00  4.32171789e+00  4.36700765e+00
  4.44379729e+00  4.75912971e+00  5.22274875e+00  5.63140192e+00
  1.03353384e+01  2.46977463e+01  2.49908958e+01  2.50596976e+01
  2.51037782e+01  2.52092572e+01  2.52648368e+01  2.64585885e+01
  2.64650985e+01  2.67161870e+01  3.69209377e+01  2.19150284e+02]
E1 = -1782.6103811576234  E_coul = 652.9443806755296
cycle= 7 E= -745.844163335133  delta_E= -2.61e-06  |g|= 0.000768  |ddm|= 0.00359
    CPU time for cycle= 7      1.56 sec, wall time      0.06 sec
  HOMO = -0.278450628953634  LUMO = 0.00731395290315121
  mo_energy =
[-1.04625097e+02 -1.57260578e+01 -1.13777188e+01 -1.13760536e+01
 -1.13471911e+01 -1.13265068e+01 -1.13261309e+01 -1.12930623e+01
 -1.03513318e+01 -7.81828919e+00 -7.81810141e+00 -7.81809089e+00
 -1.41197126e+00 -1.20063708e+00 -1.14605709e+00 -1.02433715e+00
 -9.73703684e-01 -9.41224916e-01 -8.65976620e-01 -8.12070569e-01
 -7.75533349e-01 -7.45658868e-01 -7.03776028e-01 -6.95825635e-01
 -6.89334158e-01 -6.18837841e-01 -6.01328416e-01 -5.96239072e-01
 -5.93343217e-01 -4.79753430e-01 -4.43100179e-01 -2.81272987e-01
 -2.78792496e-01 -2.78450629e-01  7.31395290e-03  4.14864889e-02
  9.33534104e-02  1.23346328e-01  1.31926840e-01  1.63334005e-01
  1.68147680e-01  2.13852730e-01  2.18219365e-01  2.56979948e-01
  2.67597356e-01  2.76601431e-01  3.44359011e-01  3.47112231e-01
  3.57933929e-01  3.72999643e-01  4.01989750e-01  4.06957738e-01
  4.22259683e-01  4.57568894e-01  4.80810952e-01  4.89684843e-01
  5.21426785e-01  5.34275955e-01  5.34617669e-01  5.52251154e-01
  5.57459971e-01  5.64941295e-01  5.70216200e-01  6.00744939e-01
  6.23569994e-01  6.39964628e-01  6.50766042e-01  6.56583407e-01
  6.99921529e-01  7.14580098e-01  7.31965721e-01  7.41223319e-01
  7.53203482e-01  7.63489424e-01  7.71213558e-01  7.86861396e-01
  8.02242299e-01  8.43190422e-01  8.58370908e-01  8.69792628e-01
  8.93486092e-01  9.32821985e-01  9.48952891e-01  9.74020783e-01
  9.87108583e-01  1.03879193e+00  1.09141132e+00  1.09203124e+00
  1.09939377e+00  1.15682219e+00  1.17443433e+00  1.18191651e+00
  1.23122767e+00  1.24774991e+00  1.24943375e+00  1.29037976e+00
  1.34294141e+00  1.34373975e+00  1.34732281e+00  1.35166843e+00
  1.35372259e+00  1.42605365e+00  1.49375827e+00  1.50551760e+00
  1.58315878e+00  1.59558163e+00  1.62245489e+00  1.65509441e+00
  1.68962791e+00  1.69212969e+00  1.71322932e+00  1.72008259e+00
  1.73038064e+00  1.74166109e+00  1.78172651e+00  1.79280664e+00
  1.85811400e+00  1.87340687e+00  1.89785773e+00  1.92360471e+00
  1.92793488e+00  1.95311524e+00  1.97052241e+00  1.97915500e+00
  2.04508834e+00  2.04958051e+00  2.09157998e+00  2.10620189e+00
  2.12356429e+00  2.15330269e+00  2.15589705e+00  2.24278493e+00
  2.27534260e+00  2.30174954e+00  2.31844683e+00  2.32345232e+00
  2.33945230e+00  2.46513826e+00  2.46720330e+00  2.52503436e+00
  2.57382834e+00  2.60012223e+00  2.63807470e+00  2.66401761e+00
  2.66608012e+00  2.69019280e+00  2.70563981e+00  2.70707076e+00
  2.75623866e+00  2.76926522e+00  2.79476855e+00  2.80901315e+00
  2.82848200e+00  2.83402399e+00  2.85036068e+00  2.86545964e+00
  2.88114396e+00  2.90408654e+00  2.91843727e+00  2.92358183e+00
  2.96387947e+00  3.00554889e+00  3.04918923e+00  3.05992942e+00
  3.07017988e+00  3.16972162e+00  3.23752287e+00  3.24055676e+00
  3.30130312e+00  3.33292552e+00  3.35483427e+00  3.55767224e+00
  3.65188393e+00  3.75386739e+00  3.78300162e+00  3.82202207e+00
  3.96779256e+00  4.06997849e+00  4.10909171e+00  4.12359219e+00
  4.22543752e+00  4.30026566e+00  4.32184160e+00  4.36717750e+00
  4.44385487e+00  4.75928911e+00  5.22284919e+00  5.63154359e+00
  1.03353950e+01  2.46978930e+01  2.49909001e+01  2.50593668e+01
  2.51038879e+01  2.52093559e+01  2.52650660e+01  2.64586340e+01
  2.64651414e+01  2.67162337e+01  3.69212957e+01  2.19150514e+02]
E1 = -1782.6089917015192  E_coul = 652.9429908373684
cycle= 8 E= -745.84416371719  delta_E= -3.82e-07  |g|= 0.00029  |ddm|= 0.00126
    CPU time for cycle= 8      1.57 sec, wall time      0.06 sec
  HOMO = -0.278490586530664  LUMO = 0.00731977505654512
  mo_energy =
[-1.04625199e+02 -1.57260680e+01 -1.13777211e+01 -1.13760204e+01
 -1.13473373e+01 -1.13264898e+01 -1.13261227e+01 -1.12930543e+01
 -1.03514088e+01 -7.81836871e+00 -7.81818101e+00 -7.81817046e+00
 -1.41195557e+00 -1.20064880e+00 -1.14603595e+00 -1.02434059e+00
 -9.73694263e-01 -9.41220476e-01 -8.66017395e-01 -8.12075451e-01
 -7.75527975e-01 -7.45638328e-01 -7.03749023e-01 -6.95818167e-01
 -6.89352411e-01 -6.18827531e-01 -6.01321825e-01 -5.96233144e-01
 -5.93340392e-01 -4.79765448e-01 -4.43096551e-01 -2.81308068e-01
 -2.78830904e-01 -2.78490587e-01  7.31977506e-03  4.14977947e-02
  9.33581316e-02  1.23362514e-01  1.31925570e-01  1.63337716e-01
  1.68157035e-01  2.13858567e-01  2.18216321e-01  2.56983165e-01
  2.67598415e-01  2.76603239e-01  3.44363076e-01  3.47119539e-01
  3.57939129e-01  3.73003467e-01  4.01997090e-01  4.06964178e-01
  4.22271800e-01  4.57581139e-01  4.80827772e-01  4.89683854e-01
  5.21425420e-01  5.34286208e-01  5.34626195e-01  5.52244083e-01
  5.57443100e-01  5.64929664e-01  5.70212495e-01  6.00734294e-01
  6.23562274e-01  6.39970910e-01  6.50775463e-01  6.56594353e-01
  6.99918708e-01  7.14564170e-01  7.31980237e-01  7.41238595e-01
  7.53209273e-01  7.63497325e-01  7.71223774e-01  7.86866126e-01
  8.02246578e-01  8.43189826e-01  8.58372230e-01  8.69792576e-01
  8.93491056e-01  9.32824052e-01  9.48958061e-01  9.74030627e-01
  9.87125150e-01  1.03880168e+00  1.09141911e+00  1.09202015e+00
  1.09939339e+00  1.15680624e+00  1.17443376e+00  1.18192487e+00
  1.23124971e+00  1.24774360e+00  1.24944779e+00  1.29038592e+00
  1.34289297e+00  1.34369065e+00  1.34727387e+00  1.35168300e+00
  1.35367554e+00  1.42605221e+00  1.49374019e+00  1.50552709e+00
  1.58316399e+00  1.59559484e+00  1.62246587e+00  1.65510736e+00
  1.68962395e+00  1.69213682e+00  1.71323098e+00  1.72008805e+00
  1.73038385e+00  1.74166446e+00  1.78172986e+00  1.79282231e+00
  1.85811828e+00  1.87342118e+00  1.89787579e+00  1.92361541e+00
  1.92793557e+00  1.95312008e+00  1.97055143e+00  1.97917678e+00
  2.04509527e+00  2.04958025e+00  2.09158996e+00  2.10620586e+00
  2.12356978e+00  2.15331439e+00  2.15588476e+00  2.24278511e+00
  2.27534017e+00  2.30176120e+00  2.31845853e+00  2.32346737e+00
  2.33946025e+00  2.46514648e+00  2.46720468e+00  2.52503264e+00
  2.57383929e+00  2.60014702e+00  2.63808226e+00  2.66397187e+00
  2.66604394e+00  2.69018755e+00  2.70563213e+00  2.70707710e+00
  2.75624734e+00  2.76927600e+00  2.79474915e+00  2.80902065e+00
  2.82848683e+00  2.83403131e+00  2.85034817e+00  2.86549575e+00
  2.88114632e+00  2.90408091e+00  2.91845633e+00  2.92359293e+00
  2.96388871e+00  3.00556121e+00  3.04918492e+00  3.05994876e+00
  3.07014490e+00  3.16973896e+00  3.23752992e+00  3.24057654e+00
  3.30129774e+00  3.33293447e+00  3.35483816e+00  3.55765358e+00
  3.65189358e+00  3.75386584e+00  3.78300945e+00  3.82201218e+00
  3.96780722e+00  4.06999008e+00  4.10910129e+00  4.12360860e+00
  4.22544559e+00  4.30027459e+00  4.32185941e+00  4.36715750e+00
  4.44386824e+00  4.75928133e+00  5.22285598e+00  5.63155309e+00
  1.03353260e+01  2.46978668e+01  2.49909146e+01  2.50593727e+01
  2.51038342e+01  2.52093708e+01  2.52650362e+01  2.64585677e+01
  2.64650742e+01  2.67161657e+01  3.69212865e+01  2.19150414e+02]
E1 = -1782.60950164818  E_coul = 652.94350068725
cycle= 9 E= -745.844163813969  delta_E= -9.68e-08  |g|= 0.000135  |ddm|= 0.000627
    CPU time for cycle= 9      1.57 sec, wall time      0.06 sec
  HOMO = -0.278482009865052  LUMO = 0.00731771373991587
  mo_energy =
[-1.04625193e+02 -1.57260342e+01 -1.13777628e+01 -1.13760755e+01
 -1.13473280e+01 -1.13264857e+01 -1.13261089e+01 -1.12929968e+01
 -1.03513948e+01 -7.81835510e+00 -7.81816750e+00 -7.81815696e+00
 -1.41195822e+00 -1.20064695e+00 -1.14604646e+00 -1.02432444e+00
 -9.73695801e-01 -9.41223786e-01 -8.66007400e-01 -8.12081227e-01
 -7.75532701e-01 -7.45635535e-01 -7.03758051e-01 -6.95819538e-01
 -6.89343412e-01 -6.18827142e-01 -6.01302083e-01 -5.96227040e-01
 -5.93326910e-01 -4.79768454e-01 -4.43111931e-01 -2.81294028e-01
 -2.78822473e-01 -2.78482010e-01  7.31771374e-03  4.14920670e-02
  9.33573876e-02  1.23362946e-01  1.31922022e-01  1.63339862e-01
  1.68156253e-01  2.13860455e-01  2.18216431e-01  2.56987316e-01
  2.67597861e-01  2.76611054e-01  3.44361052e-01  3.47118141e-01
  3.57939720e-01  3.73000555e-01  4.01999388e-01  4.06970287e-01
  4.22270544e-01  4.57579030e-01  4.80825793e-01  4.89679011e-01
  5.21422986e-01  5.34279110e-01  5.34624554e-01  5.52244306e-01
  5.57447621e-01  5.64929982e-01  5.70211871e-01  6.00731512e-01
  6.23564339e-01  6.39963669e-01  6.50769725e-01  6.56587471e-01
  6.99916801e-01  7.14559851e-01  7.31980148e-01  7.41233900e-01
  7.53219185e-01  7.63498622e-01  7.71226740e-01  7.86885581e-01
  8.02254669e-01  8.43186689e-01  8.58370375e-01  8.69806481e-01
  8.93490008e-01  9.32818873e-01  9.48957895e-01  9.74028215e-01
  9.87119130e-01  1.03880215e+00  1.09141720e+00  1.09202407e+00
  1.09939690e+00  1.15680745e+00  1.17442703e+00  1.18192183e+00
  1.23124252e+00  1.24774466e+00  1.24944619e+00  1.29038541e+00
  1.34290444e+00  1.34370231e+00  1.34728583e+00  1.35167315e+00
  1.35368729e+00  1.42605861e+00  1.49374864e+00  1.50553114e+00
  1.58316514e+00  1.59559667e+00  1.62245790e+00  1.65511206e+00
  1.68961748e+00  1.69215266e+00  1.71322927e+00  1.72010305e+00
  1.73038489e+00  1.74166806e+00  1.78172443e+00  1.79282462e+00
  1.85812105e+00  1.87341933e+00  1.89787091e+00  1.92360671e+00
  1.92793960e+00  1.95312619e+00  1.97054607e+00  1.97917666e+00
  2.04510677e+00  2.04957887e+00  2.09159100e+00  2.10620181e+00
  2.12357096e+00  2.15330651e+00  2.15588268e+00  2.24279375e+00
  2.27533992e+00  2.30176491e+00  2.31845735e+00  2.32346710e+00
  2.33945801e+00  2.46515050e+00  2.46720739e+00  2.52503308e+00
  2.57384354e+00  2.60014107e+00  2.63808186e+00  2.66398229e+00
  2.66605433e+00  2.69018572e+00  2.70564670e+00  2.70708794e+00
  2.75625740e+00  2.76927570e+00  2.79476374e+00  2.80901909e+00
  2.82848423e+00  2.83403350e+00  2.85034451e+00  2.86550401e+00
  2.88115279e+00  2.90407916e+00  2.91845462e+00  2.92361122e+00
  2.96389755e+00  3.00556116e+00  3.04918503e+00  3.05994890e+00
  3.07012853e+00  3.16972392e+00  3.23752708e+00  3.24056708e+00
  3.30129504e+00  3.33293817e+00  3.35484833e+00  3.55765387e+00
  3.65189535e+00  3.75387385e+00  3.78300190e+00  3.82201167e+00
  3.96779158e+00  4.06998913e+00  4.10912598e+00  4.12359568e+00
  4.22546966e+00  4.30029773e+00  4.32185759e+00  4.36715543e+00
  4.44385778e+00  4.75928009e+00  5.22287824e+00  5.63155454e+00
  1.03353395e+01  2.46978568e+01  2.49908881e+01  2.50594279e+01
  2.51038143e+01  2.52093593e+01  2.52650381e+01  2.64585816e+01
  2.64650881e+01  2.67161782e+01  3.69213192e+01  2.19150420e+02]
E1 = -1782.609506676564  E_coul = 652.9435056922333
cycle= 10 E= -745.84416383737  delta_E= -2.34e-08  |g|= 5.37e-05  |ddm|= 0.000318
    CPU time for cycle= 10      1.60 sec, wall time      0.06 sec
  HOMO = -0.278476757624426  LUMO = 0.00731787833976725
  mo_energy =
[-1.04625174e+02 -1.57260269e+01 -1.13777608e+01 -1.13760622e+01
 -1.13473431e+01 -1.13264664e+01 -1.13260967e+01 -1.12930279e+01
 -1.03513822e+01 -7.81834188e+00 -7.81815424e+00 -7.81814370e+00
 -1.41195570e+00 -1.20064682e+00 -1.14604226e+00 -1.02432852e+00
 -9.73693623e-01 -9.41223499e-01 -8.66001565e-01 -8.12084096e-01
 -7.75531167e-01 -7.45632205e-01 -7.03756273e-01 -6.95822679e-01
 -6.89347743e-01 -6.18826254e-01 -6.01307318e-01 -5.96228611e-01
 -5.93330377e-01 -4.79771394e-01 -4.43109817e-01 -2.81288319e-01
 -2.78817514e-01 -2.78476758e-01  7.31787834e-03  4.14954661e-02
  9.33564628e-02  1.23363517e-01  1.31919025e-01  1.63339080e-01
  1.68155406e-01  2.13859936e-01  2.18215732e-01  2.56985467e-01
  2.67598234e-01  2.76609616e-01  3.44360437e-01  3.47117152e-01
  3.57939391e-01  3.73000467e-01  4.01998969e-01  4.06968280e-01
  4.22270109e-01  4.57579094e-01  4.80826536e-01  4.89679139e-01
  5.21421678e-01  5.34280537e-01  5.34625687e-01  5.52244050e-01
  5.57449862e-01  5.64931655e-01  5.70211426e-01  6.00731743e-01
  6.23565325e-01  6.39961468e-01  6.50770832e-01  6.56586740e-01
  6.99916992e-01  7.14556445e-01  7.31981473e-01  7.41234613e-01
  7.53217674e-01  7.63498880e-01  7.71226328e-01  7.86880189e-01
  8.02251005e-01  8.43185737e-01  8.58370339e-01  8.69803493e-01
  8.93487700e-01  9.32817584e-01  9.48958592e-01  9.74030176e-01
  9.87120668e-01  1.03880230e+00  1.09141667e+00  1.09202544e+00
  1.09939779e+00  1.15680787e+00  1.17442819e+00  1.18192010e+00
  1.23124464e+00  1.24774049e+00  1.24944553e+00  1.29038414e+00
  1.34291128e+00  1.34370920e+00  1.34729266e+00  1.35167393e+00
  1.35369378e+00  1.42606011e+00  1.49375095e+00  1.50552913e+00
  1.58316654e+00  1.59559586e+00  1.62245830e+00  1.65511190e+00
  1.68961570e+00  1.69214982e+00  1.71322783e+00  1.72009884e+00
  1.73038410e+00  1.74166608e+00  1.78172373e+00  1.79282433e+00
  1.85811806e+00  1.87341768e+00  1.89787132e+00  1.92360532e+00
  1.92793801e+00  1.95312292e+00  1.97054756e+00  1.97917858e+00
  2.04510390e+00  2.04957466e+00  2.09159040e+00  2.10620054e+00
  2.12357239e+00  2.15330881e+00  2.15588113e+00  2.24279369e+00
  2.27534015e+00  2.30176401e+00  2.31845843e+00  2.32346826e+00
  2.33945721e+00  2.46514864e+00  2.46720636e+00  2.52503162e+00
  2.57384224e+00  2.60014230e+00  2.63808388e+00  2.66398897e+00
  2.66605939e+00  2.69018488e+00  2.70564486e+00  2.70708683e+00
  2.75625598e+00  2.76927313e+00  2.79476418e+00  2.80901910e+00
  2.82848313e+00  2.83403034e+00  2.85033957e+00  2.86550947e+00
  2.88115082e+00  2.90408117e+00  2.91845630e+00  2.92360539e+00
  2.96389188e+00  3.00555956e+00  3.04918488e+00  3.05995492e+00
  3.07012405e+00  3.16972842e+00  3.23752728e+00  3.24056983e+00
  3.30129760e+00  3.33293784e+00  3.35484637e+00  3.55765536e+00
  3.65189591e+00  3.75387223e+00  3.78300567e+00  3.82201147e+00
  3.96779209e+00  4.06998862e+00  4.10912065e+00  4.12359675e+00
  4.22546033e+00  4.30029753e+00  4.32186245e+00  4.36715400e+00
  4.44386011e+00  4.75928158e+00  5.22287865e+00  5.63155795e+00
  1.03353504e+01  2.46978613e+01  2.49908982e+01  2.50593984e+01
  2.51038114e+01  2.52093718e+01  2.52650438e+01  2.64585922e+01
  2.64650988e+01  2.67161883e+01  3.69213263e+01  2.19150439e+02]
E1 = -1782.60944901033  E_coul = 652.9434480225742
cycle= 11 E= -745.844163840795  delta_E= -3.43e-09  |g|= 1.69e-05  |ddm|= 0.000137
    CPU time for cycle= 11      1.56 sec, wall time      0.06 sec
  HOMO = -0.278476178696865  LUMO = 0.00731551809408881
  mo_energy =
[-1.04625182e+02 -1.57260254e+01 -1.13777664e+01 -1.13760722e+01
 -1.13473485e+01 -1.13264736e+01 -1.13260996e+01 -1.12930195e+01
 -1.03513872e+01 -7.81834713e+00 -7.81815950e+00 -7.81814896e+00
 -1.41195640e+00 -1.20064938e+00 -1.14604564e+00 -1.02432712e+00
 -9.73696254e-01 -9.41225802e-01 -8.66001474e-01 -8.12087033e-01
 -7.75534413e-01 -7.45634952e-01 -7.03760247e-01 -6.95823511e-01
 -6.89348642e-01 -6.18829545e-01 -6.01305038e-01 -5.96230157e-01
 -5.93328728e-01 -4.79773561e-01 -4.43112238e-01 -2.81288024e-01
 -2.78817037e-01 -2.78476179e-01  7.31551809e-03  4.14933877e-02
  9.33549216e-02  1.23362108e-01  1.31917677e-01  1.63338269e-01
  1.68154195e-01  2.13859754e-01  2.18215094e-01  2.56985735e-01
  2.67597434e-01  2.76610565e-01  3.44358420e-01  3.47115914e-01
  3.57937693e-01  3.72998299e-01  4.01998117e-01  4.06969285e-01
  4.22268689e-01  4.57577716e-01  4.80824843e-01  4.89677609e-01
  5.21419891e-01  5.34278940e-01  5.34623390e-01  5.52243308e-01
  5.57450521e-01  5.64931716e-01  5.70209965e-01  6.00731001e-01
  6.23565425e-01  6.39959905e-01  6.50769090e-01  6.56584625e-01
  6.99915147e-01  7.14553887e-01  7.31979386e-01  7.41231846e-01
  7.53218357e-01  7.63497200e-01  7.71225357e-01  7.86883044e-01
  8.02251559e-01  8.43183370e-01  8.58367872e-01  8.69804954e-01
  8.93487130e-01  9.32815755e-01  9.48956130e-01  9.74027514e-01
  9.87118232e-01  1.03880121e+00  1.09141442e+00  1.09202463e+00
  1.09939675e+00  1.15680675e+00  1.17442488e+00  1.18191883e+00
  1.23124151e+00  1.24773911e+00  1.24944446e+00  1.29038247e+00
  1.34291088e+00  1.34370883e+00  1.34729234e+00  1.35167084e+00
  1.35369346e+00  1.42606011e+00  1.49375092e+00  1.50552889e+00
  1.58316509e+00  1.59559560e+00  1.62245509e+00  1.65511075e+00
  1.68961286e+00  1.69215221e+00  1.71322585e+00  1.72010067e+00
  1.73038196e+00  1.74166491e+00  1.78172084e+00  1.79282284e+00
  1.85811702e+00  1.87341595e+00  1.89786883e+00  1.92360277e+00
  1.92793654e+00  1.95312247e+00  1.97054461e+00  1.97917618e+00
  2.04510483e+00  2.04957373e+00  2.09158886e+00  2.10619782e+00
  2.12356950e+00  2.15330537e+00  2.15587826e+00  2.24279388e+00
  2.27533757e+00  2.30176337e+00  2.31845636e+00  2.32346679e+00
  2.33945570e+00  2.46514831e+00  2.46720444e+00  2.52502888e+00
  2.57384197e+00  2.60013924e+00  2.63808124e+00  2.66398841e+00
  2.66605894e+00  2.69018167e+00  2.70564617e+00  2.70708811e+00
  2.75625678e+00  2.76927178e+00  2.79476517e+00  2.80901785e+00
  2.82848099e+00  2.83402884e+00  2.85033677e+00  2.86550732e+00
  2.88114984e+00  2.90407784e+00  2.91845371e+00  2.92360741e+00
  2.96389189e+00  3.00555830e+00  3.04918228e+00  3.05995220e+00
  3.07011962e+00  3.16972453e+00  3.23752492e+00  3.24056633e+00
  3.30129408e+00  3.33293705e+00  3.35484755e+00  3.55765139e+00
  3.65189388e+00  3.75387085e+00  3.78300149e+00  3.82200812e+00
  3.96778877e+00  4.06998705e+00  4.10912379e+00  4.12359383e+00
  4.22546362e+00  4.30029978e+00  4.32185878e+00  4.36715022e+00
  4.44385615e+00  4.75927816e+00  5.22288019e+00  5.63155646e+00
  1.03353468e+01  2.46978553e+01  2.49908914e+01  2.50594063e+01
  2.51038051e+01  2.52093658e+01  2.52650383e+01  2.64585889e+01
  2.64650955e+01  2.67161853e+01  3.69213277e+01  2.19150432e+02]
E1 = -1782.6094901282052  E_coul = 652.943489140183
cycle= 12 E= -745.844163841061  delta_E= -2.66e-10  |g|= 4.84e-06  |ddm|= 4.77e-05
    CPU time for cycle= 12      1.58 sec, wall time      0.06 sec
  HOMO = -0.278474653141382  LUMO = 0.00731526406614451
  mo_energy =
[-1.04625176e+02 -1.57260274e+01 -1.13777682e+01 -1.13760712e+01
 -1.13473479e+01 -1.13264710e+01 -1.13260998e+01 -1.12930203e+01
 -1.03513828e+01 -7.81834262e+00 -7.81815499e+00 -7.81814445e+00
 -1.41195729e+00 -1.20064935e+00 -1.14604592e+00 -1.02432747e+00
 -9.73696512e-01 -9.41225914e-01 -8.65999829e-01 -8.12087200e-01
 -7.75534449e-01 -7.45634922e-01 -7.03760469e-01 -6.95824161e-01
 -6.89348894e-01 -6.18829429e-01 -6.01305259e-01 -5.96230423e-01
 -5.93328890e-01 -4.79773811e-01 -4.43112068e-01 -2.81286831e-01
 -2.78815503e-01 -2.78474653e-01  7.31526407e-03  4.14934025e-02
  9.33548043e-02  1.23361956e-01  1.31917464e-01  1.63338133e-01
  1.68154013e-01  2.13859615e-01  2.18215019e-01  2.56985442e-01
  2.67597390e-01  2.76610447e-01  3.44358391e-01  3.47115707e-01
  3.57937598e-01  3.72998239e-01  4.01997840e-01  4.06968890e-01
  4.22268557e-01  4.57577494e-01  4.80824487e-01  4.89677732e-01
  5.21419838e-01  5.34278999e-01  5.34623678e-01  5.52243381e-01
  5.57451058e-01  5.64932171e-01  5.70210141e-01  6.00731235e-01
  6.23565750e-01  6.39959416e-01  6.50769081e-01  6.56584276e-01
  6.99915202e-01  7.14553837e-01  7.31979345e-01  7.41231727e-01
  7.53218216e-01  7.63497149e-01  7.71225275e-01  7.86882769e-01
  8.02251315e-01  8.43183353e-01  8.58367906e-01  8.69804940e-01
  8.93486448e-01  9.32815607e-01  9.48956137e-01  9.74027390e-01
  9.87117949e-01  1.03880116e+00  1.09141435e+00  1.09202503e+00
  1.09939689e+00  1.15680717e+00  1.17442490e+00  1.18191844e+00
  1.23124147e+00  1.24773891e+00  1.24944411e+00  1.29038232e+00
  1.34291291e+00  1.34371088e+00  1.34729438e+00  1.35167064e+00
  1.35369543e+00  1.42606015e+00  1.49375164e+00  1.50552864e+00
  1.58316510e+00  1.59559526e+00  1.62245492e+00  1.65511071e+00
  1.68961275e+00  1.69215194e+00  1.71322582e+00  1.72010042e+00
  1.73038201e+00  1.74166476e+00  1.78172071e+00  1.79282260e+00
  1.85811688e+00  1.87341564e+00  1.89786869e+00  1.92360232e+00
  1.92793650e+00  1.95312226e+00  1.97054443e+00  1.97917614e+00
  2.04510462e+00  2.04957341e+00  2.09158861e+00  2.10619778e+00
  2.12356962e+00  2.15330532e+00  2.15587833e+00  2.24279399e+00
  2.27533755e+00  2.30176311e+00  2.31845617e+00  2.32346656e+00
  2.33945538e+00  2.46514800e+00  2.46720445e+00  2.52502888e+00
  2.57384158e+00  2.60013904e+00  2.63808139e+00  2.66399041e+00
  2.66606058e+00  2.69018179e+00  2.70564651e+00  2.70708790e+00
  2.75625661e+00  2.76927165e+00  2.79476600e+00  2.80901716e+00
  2.82848079e+00  2.83402854e+00  2.85033665e+00  2.86550737e+00
  2.88114981e+00  2.90407820e+00  2.91845360e+00  2.92360703e+00
  2.96389177e+00  3.00555780e+00  3.04918224e+00  3.05995231e+00
  3.07011953e+00  3.16972440e+00  3.23752451e+00  3.24056621e+00
  3.30129431e+00  3.33293659e+00  3.35484739e+00  3.55765177e+00
  3.65189376e+00  3.75387078e+00  3.78300165e+00  3.82200827e+00
  3.96778807e+00  4.06998664e+00  4.10912310e+00  4.12359334e+00
  4.22546311e+00  4.30029880e+00  4.32185899e+00  4.36715042e+00
  4.44385610e+00  4.75927814e+00  5.22287910e+00  5.63155550e+00
  1.03353505e+01  2.46978558e+01  2.49908917e+01  2.50594056e+01
  2.51038051e+01  2.52093664e+01  2.52650392e+01  2.64585923e+01
  2.64650990e+01  2.67161889e+01  3.69213258e+01  2.19150437e+02]
E1 = -1782.6094776960144  E_coul = 652.9434767079813
Extra cycle  E= -745.844163841072  delta_E= -1.11e-11  |g|= 2.85e-06  |ddm|= 8.75e-06
    CPU time for scf_cycle     34.10 sec, wall time      1.29 sec
    CPU time for SCF     34.10 sec, wall time      1.29 sec
converged SCF energy = -745.844163841072
Converting <class 'pyscf.scf.hf.RHF'> to RHF


******** <class 'pyscf.tdscf.rhf.TDA'> for <class 'pyscf.scf.hf.RHF'> ********
nstates = 5 singlet
wfnsym = None
conv_tol = 1e-09
eigh lindep = 1e-12
eigh level_shift = 0
eigh max_space = 8
eigh max_cycle = 2000
chkfile = /scratch/global/yangjunjie/tmp57cxwyhk
max_memory 514992 MB (current use 1740 MB)


davidson 0 5  |r|= 0.0327  e= [0.18861138 0.19148921 0.19168688 0.22699614 0.22724366]  max|de|= 0.227  lindep=    1
davidson 1 10  |r|= 0.0123  e= [0.18492582 0.18988415 0.19004746 0.22645186 0.22678973]  max|de|= -0.00369  lindep= 0.911
davidson 2 15  |r|= 0.00518  e= [0.18450408 0.18981464 0.18992828 0.22629139 0.22673654]  max|de|= -0.000422  lindep= 0.915
davidson 3 20  |r|= 0.0117  e= [0.18448054 0.18981222 0.18989208 0.2260669  0.2267328 ]  max|de|= -0.000224  lindep= 0.907
davidson 4 5  |r|= 0.0117  e= [0.18448054 0.18981222 0.18989208 0.2260669  0.2267328 ]  max|de|= -8.33e-17  lindep=    1
davidson 5 10  |r|= 0.00489  e= [0.1844777  0.18981202 0.18988325 0.22590367 0.22673235]  max|de|= -0.000163  lindep= 0.777
davidson 6 15  |r|= 0.00602  e= [0.18447711 0.18981198 0.18987946 0.22576372 0.22673129]  max|de|= -0.00014  lindep= 0.862
davidson 7 20  |r|= 0.0303  e= [0.18447706 0.18981198 0.18987823 0.22558177 0.22627367]  max|de|= -0.000458  lindep= 0.836
root 1 converged  |r|= 1.09e-05  e= 0.18981197549123496  max|de|= 1.39e-16
davidson 8 5  |r|= 0.0303  e= [0.18447706 0.18981198 0.18987823 0.22558177 0.22627367]  max|de|= 2.78e-16  lindep= 0.961
Old state -> New state
    4     ->     3 
    3     ->     4 
davidson 9 9  |r|= 0.0211  e= [0.18447706 0.18981198 0.18987805 0.22443823 0.22545109]  max|de|= -0.00184  lindep= 0.779
root 0 converged  |r|= 5.95e-06  e= 0.18447705559174615  max|de|= -7.03e-10
davidson 10 13  |r|= 0.0107  e= [0.18447706 0.18981198 0.189878   0.22348444 0.22536243]  max|de|= -0.000954  lindep= 0.852
davidson 11 16  |r|= 0.00776  e= [0.18447706 0.18981198 0.18987799 0.22333735 0.22527317]  max|de|= -0.000147  lindep= 0.875
davidson 12 5  |r|= 0.00776  e= [0.18447706 0.18981198 0.18987799 0.22333735 0.22527317]  max|de|= -1.94e-16  lindep= 0.988
davidson 13 8  |r|= 0.00357  e= [0.18447706 0.18981198 0.18987798 0.22332058 0.22520572]  max|de|= -6.75e-05  lindep= 0.741
davidson 14 11  |r|= 0.00375  e= [0.18447706 0.18981198 0.18987798 0.22330717 0.22514593]  max|de|= -5.98e-05  lindep= 0.715
root 2 converged  |r|= 1.29e-05  e= 0.18987798212668996  max|de|= -3.46e-10
davidson 15 14  |r|= 0.00485  e= [0.18447706 0.18981198 0.18987798 0.223289   0.22508493]  max|de|= -6.1e-05  lindep= 0.689
davidson 16 16  |r|= 0.00371  e= [0.18447706 0.18981198 0.18987798 0.22326487 0.22490797]  max|de|= -0.000177  lindep= 0.883
davidson 17 5  |r|= 0.00371  e= [0.18447706 0.18981198 0.18987798 0.22326487 0.22490797]  max|de|= 4.44e-16  lindep= 0.993
davidson 18 7  |r|= 0.00237  e= [0.18447706 0.18981198 0.18987798 0.2232606  0.22487341]  max|de|= -3.46e-05  lindep= 0.869
davidson 19 9  |r|= 0.000997  e= [0.18447706 0.18981198 0.18987798 0.2232598  0.22486355]  max|de|= -9.86e-06  lindep= 0.718
davidson 20 11  |r|= 0.000817  e= [0.18447706 0.18981198 0.18987798 0.2232595  0.22486149]  max|de|= -2.06e-06  lindep= 0.74
davidson 21 13  |r|= 0.000944  e= [0.18447706 0.18981198 0.18987798 0.22325938 0.22485905]  max|de|= -2.44e-06  lindep= 0.705
davidson 22 15  |r|= 0.00106  e= [0.18447706 0.18981198 0.18987798 0.22325914 0.22485587]  max|de|= -3.18e-06  lindep= 0.897
davidson 23 17  |r|= 0.00064  e= [0.18447706 0.18981198 0.18987798 0.22325901 0.22485382]  max|de|= -2.05e-06  lindep= 0.805
davidson 24 5  |r|= 0.00064  e= [0.18447706 0.18981198 0.18987798 0.22325901 0.22485382]  max|de|= -2.22e-16  lindep= 0.992
davidson 25 7  |r|= 0.000345  e= [0.18447706 0.18981198 0.18987798 0.22325896 0.22485334]  max|de|= -4.82e-07  lindep= 0.771
davidson 26 9  |r|= 0.00031  e= [0.18447706 0.18981198 0.18987798 0.22325893 0.22485294]  max|de|= -3.92e-07  lindep= 0.891
davidson 27 11  |r|= 0.000432  e= [0.18447706 0.18981198 0.18987798 0.22325892 0.22485251]  max|de|= -4.36e-07  lindep= 0.781
davidson 28 13  |r|= 0.000233  e= [0.18447706 0.18981198 0.18987798 0.22325891 0.22485226]  max|de|= -2.51e-07  lindep= 0.828
davidson 29 15  |r|= 0.000119  e= [0.18447706 0.18981198 0.18987798 0.22325891 0.22485214]  max|de|= -1.17e-07  lindep= 0.822
davidson 30 17  |r|= 0.000141  e= [0.18447706 0.18981198 0.18987798 0.2232589  0.22485208]  max|de|= -6.19e-08  lindep= 0.855
davidson 31 5  |r|= 0.000141  e= [0.18447706 0.18981198 0.18987798 0.2232589  0.22485208]  max|de|= 1.94e-16  lindep= 0.981
davidson 32 7  |r|= 9.26e-05  e= [0.18447706 0.18981198 0.18987798 0.2232589  0.22485204]  max|de|= -3.69e-08  lindep= 0.836
root 3 converged  |r|= 1.07e-05  e= 0.2232588942039094  max|de|= -8.82e-10
davidson 33 9  |r|= 0.000133  e= [0.18447706 0.18981198 0.18987798 0.22325889 0.224852  ]  max|de|= -3.9e-08  lindep= 0.893
davidson 34 10  |r|= 0.000127  e= [0.18447706 0.18981198 0.18987798 0.22325889 0.22485196]  max|de|= -4.23e-08  lindep= 0.892
davidson 35 11  |r|= 6.14e-05  e= [0.18447706 0.18981198 0.18987798 0.22325889 0.22485193]  max|de|= -2.73e-08  lindep= 0.857
davidson 36 12  |r|= 4.77e-05  e= [0.18447706 0.18981198 0.18987798 0.22325889 0.22485192]  max|de|= -9.62e-09  lindep= 0.941
davidson 37 13  |r|= 5.2e-05  e= [0.18447706 0.18981198 0.18987798 0.22325889 0.22485192]  max|de|= -5.59e-09  lindep= 0.865
davidson 38 14  |r|= 4.69e-05  e= [0.18447706 0.18981198 0.18987798 0.22325889 0.22485191]  max|de|= -1.15e-08  lindep= 0.963
davidson 39 15  |r|= 3.44e-05  e= [0.18447706 0.18981198 0.18987798 0.22325889 0.2248519 ]  max|de|= -3.21e-09  lindep= 0.864
davidson 40 16  |r|= 1.92e-05  e= [0.18447706 0.18981198 0.18987798 0.22325889 0.2248519 ]  max|de|= -1.72e-09  lindep= 0.908
root 4 converged  |r|= 1.92e-05  e= 0.224851900983038  max|de|= 2.5e-16
converged 41 5  |r|= 1.92e-05  e= [0.18447706 0.18981198 0.18987798 0.22325889 0.2248519 ]  max|de|= 4.16e-16
    CPU time for TDA    237.25 sec, wall time      8.48 sec
Excited State energies (eV)
[5.01987637 5.16504693 5.16684307 6.07518395 6.11853187]
