 
:: initializing oneAPI environment ...
   slurm_script: BASH_VERSION = 4.2.46(1)-release
   args: Using "$@" for setvars.sh arguments: --force
:: advisor -- latest
:: ccl -- latest
:: clck -- latest
:: compiler -- latest
:: dal -- latest
:: debugger -- latest
:: dev-utilities -- latest
:: dnnl -- latest
:: dpcpp-ct -- latest
:: dpl -- latest
:: inspector -- latest
:: intelpython -- latest
:: ipp -- latest
:: ippcp -- latest
:: ipp -- latest
:: itac -- latest
:: mkl -- latest
:: mpi -- latest
:: tbb -- latest
:: vpl -- latest
:: vtune -- latest
:: oneAPI environment initialized ::
 
SLURM_CPUS_PER_TASK = 28
SLURM_MEM_PER_NODE = 256000
#INFO: **** input file is /home/yangjunjie/work/py-ch3-cl/work/step_-10/main.py ****
import sys
import pyscf
from pyscf import tdscf

def main(xyz_file, basis="631g*", xc="b3lyp", output="ene.out"):
    xyz = None

    with open(xyz_file, "r") as xyz:
        xyz = xyz.readlines()[2:]
        xyz = "".join(xyz)

    mol = pyscf.gto.Mole()
    mol.atom = xyz
    mol.basis = basis
    mol.verbose = 5
    mol.build()

    if xc is not None and xc != "hf":
        mf = pyscf.scf.RKS(mol)
        mf.xc = xc
        mf.kernel()
    else:
        mf = pyscf.scf.RHF(mol)
        mf.kernel()

    ene_mf = mf.e_tot

    with open(output, "w") as f:
        tda = pyscf.tdscf.TDA(mf)
        tda.nstates = 5
        tda.max_space = 8
        tda.max_cycle = 2000
        tda.kernel()

        con_tda = tda.converged
        ene_tda = tda.e[:5]
        dip_tda = tda.transition_dipole()[:5]

        f.write(f"RKS energy: {ene_mf: 12.8f}\n")
        f.write("TDA results:\n")
        for i, (con, ene, dip) in enumerate(zip(con_tda, ene_tda, dip_tda)):
            f.write(f" {i:2d} {con} {ene: 12.8f} {dip[0]: 12.8f} {dip[1]: 12.8f} {dip[2]: 12.8f}\n")

        # rpa = pyscf.tdscf.RPA(mf)
        # rpa.nstates = 5
        # rpa.max_space = 8
        # rpa.max_cycle = 2000
        # rpa.kernel()

        # con_rpa = rpa.converged
        # ene_rpa = rpa.e[:5]
        # dip_rpa = rpa.transition_dipole()[:5]
        
        # f.write("\nRPA results:\n")
        # for i, (con, ene, dip) in enumerate(zip(con_rpa, ene_rpa, dip_rpa)):
        #     f.write(f" {i:2d} {con} {ene: 12.8f} {dip[0]: 12.8f} {dip[1]: 12.8f} {dip[2]: 12.8f}\n")

if __name__ == "__main__":
    xyz = sys.argv[1]
    main(xyz, basis="631g*", xc="b3lyp", output="out.log")
#INFO: ******************** input file end ********************


System: uname_result(system='Linux', node='pauling002', release='3.10.0-327.36.3.el7.x86_64', version='#1 SMP Thu Oct 20 04:56:07 EDT 2016', machine='x86_64')  Threads 28
Python 3.9.7 (default, Oct 27 2021, 01:23:21) 
[GCC 9.3.0]
numpy 1.21.2  scipy 1.6.2
Date: Tue Sep 27 23:36:53 2022
PySCF version 2.0.1
PySCF path  /home/yangjunjie/packages/pyscf/pyscf-main
GIT ORIG_HEAD 14b880cdc4bf7bb64f3989a147c0b04622efc498
GIT HEAD (branch master) 9d5b5bd309d1cc55fbd1a0ec76e26b5b0c7f76af

[ENV] PYSCF_MAX_MEMORY 256000
[ENV] PYSCF_TMPDIR /scratch/global/yangjunjie/
[CONFIG] conf_file /home/yangjunjie/.pyscf_conf.py
[INPUT] verbose = 5
[INPUT] max_memory = 256000 
[INPUT] num. atoms = 16
[INPUT] num. electrons = 68
[INPUT] charge = 0
[INPUT] spin (= nelec alpha-beta = 2S) = 0
[INPUT] symmetry False subgroup None
[INPUT] Mole.unit = angstrom
[INPUT]  1 C      0.000000010000   1.154817870000   1.090013070000 AA    0.000000018897   2.182289498054   2.059826174496 Bohr
[INPUT]  2 C      0.000000000000   1.201188140000   2.496016870000 AA    0.000000000000   2.269916608676   4.716788286594 Bohr
[INPUT]  3 C     -0.000000010000  -0.013505060000   3.167676020000 AA   -0.000000018897  -0.025520864696   5.986040129152 Bohr
[INPUT]  4 C     -0.000000010000  -1.213041200000   2.472726600000 AA   -0.000000018897  -2.292315645814   4.672776054927 Bohr
[INPUT]  5 C      0.000000000000  -1.141127980000   1.066985210000 AA    0.000000000000  -2.156419355278   2.016309825862 Bohr
[INPUT]  6 N      0.000000010000   0.015483750000   0.430242220000 AA    0.000000018897   0.029260046881   0.813039963025 Bohr
[INPUT]  7 C      0.000000000000   0.002543760000  -2.063794230000 AA    0.000000000000   0.004807009727  -3.900005872158 Bohr
[INPUT]  8 H      0.000000020000   2.063577440000   0.496034340000 AA    0.000000037795   3.899596198431   0.937369050979 Bohr
[INPUT]  9 H      0.000000000000   2.149298090000   2.998906440000 AA    0.000000000000   4.061584750151   5.667111844794 Bohr
[INPUT] 10 H     -0.000000010000  -0.023537440000   4.256458780000 AA   -0.000000018897  -0.044479315273   8.043541354700 Bohr
[INPUT] 11 H     -0.000000020000  -2.171416360000   2.956646660000 AA   -0.000000037795  -4.103382222800   5.587252434510 Bohr
[INPUT] 12 H      0.000000000000  -2.035309240000   0.454289170000 AA    0.000000000000  -3.846177042397   0.858482112656 Bohr
[INPUT] 13 H     -0.000000030000   1.030748450000  -1.727641640000 AA   -0.000000056692   1.947832273820  -3.264769540994 Bohr
[INPUT] 14 H     -0.889907440000  -0.504811970000  -1.715421440000 AA   -1.681681337813  -0.953956367702  -3.241676709807 Bohr
[INPUT] 15 H      0.889907470000  -0.504811920000  -1.715421450000 AA    1.681681394505  -0.953956273216  -3.241676728704 Bohr
[INPUT] 16 Cl    -0.000000010000  -0.001833750000  -3.889971120000 AA   -0.000000018897  -0.003465285281  -7.350980049268 Bohr
[INPUT] ---------------- BASIS SET ---------------- 
[INPUT] l, kappa, [nprim/nctr], expnt,             c_1 c_2 ...
[INPUT] H
[INPUT] 0    0    [3    /1   ]  18.731137         0.0334946
                                2.8253937         0.23472695
                                0.6401217         0.81375733
[INPUT] 0    0    [1    /1   ]  0.1612778            1
[INPUT] N
[INPUT] 0    0    [6    /1   ]  4173.511          0.0018348
                                627.4579          0.013995
                                142.9021          0.068587
                                40.23433          0.232241
                                12.82021          0.46907
                                4.390437          0.360455
[INPUT] 0    0    [3    /1   ]  11.626358         -0.114961
                                2.71628           -0.169118
                                0.772218          1.145852
[INPUT] 0    0    [1    /1   ]  0.2120313            1
[INPUT] 1    0    [3    /1   ]  11.626358         0.06758
                                2.71628           0.323907
                                0.772218          0.740895
[INPUT] 1    0    [1    /1   ]  0.2120313            1
[INPUT] 2    0    [1    /1   ]  0.8                  1
[INPUT] C
[INPUT] 0    0    [6    /1   ]  3047.5249         0.0018347
                                457.36951         0.0140373
                                103.94869         0.0688426
                                29.210155         0.2321844
                                9.286663          0.4679413
                                3.163927          0.362312
[INPUT] 0    0    [3    /1   ]  7.8682724         -0.1193324
                                1.8812885         -0.1608542
                                0.5442493         1.1434564
[INPUT] 0    0    [1    /1   ]  0.1687144            1
[INPUT] 1    0    [3    /1   ]  7.8682724         0.0689991
                                1.8812885         0.316424
                                0.5442493         0.7443083
[INPUT] 1    0    [1    /1   ]  0.1687144            1
[INPUT] 2    0    [1    /1   ]  0.8                  1
[INPUT] Cl
[INPUT] 0    0    [6    /1   ]  25180.1           0.001833
                                3780.35           0.014034
                                860.474           0.069097
                                242.145           0.237452
                                77.3349           0.483034
                                26.247            0.339856
[INPUT] 0    0    [6    /1   ]  491.765           -0.0022974
                                116.984           -0.030714
                                37.4153           -0.112528
                                13.7834           0.045016
                                5.45215           0.589353
                                2.22588           0.465206
[INPUT] 0    0    [3    /1   ]  3.18649           -0.25183
                                1.14427           0.061589
                                0.420377          1.06018
[INPUT] 0    0    [1    /1   ]  0.142657             1
[INPUT] 1    0    [6    /1   ]  491.765           0.0039894
                                116.984           0.030318
                                37.4153           0.12988
                                13.7834           0.327951
                                5.45215           0.453527
                                2.22588           0.252154
[INPUT] 1    0    [3    /1   ]  3.18649           -0.014299
                                1.14427           0.323572
                                0.420377          0.743507
[INPUT] 1    0    [1    /1   ]  0.142657             1
[INPUT] 2    0    [1    /1   ]  0.75                 1

nuclear repulsion = 379.051508441242
number of shells = 66
number of NR pGTOs = 272
number of NR cGTOs = 132
basis = 631g*
ecp = {}
CPU time:         0.37


******** <class 'pyscf.dft.rks.RKS'> ********
method = RKS
initial guess = minao
damping factor = 0
level_shift factor = 0
DIIS = <class 'pyscf.scf.diis.CDIIS'>
diis_start_cycle = 1
diis_space = 8
SCF conv_tol = 1e-09
SCF conv_tol_grad = None
SCF max_cycles = 50
direct_scf = True
direct_scf_tol = 1e-13
chkfile to save SCF result = /scratch/global/yangjunjie/tmpk648y3mb
max_memory 256000 MB (current use 81 MB)
XC library pyscf.dft.libxc version 5.2.0
    S. Lehtola, C. Steigemann, M. J. Oliveira, and M. A. Marques, SoftwareX 7, 1 (2018)
XC functionals = b3lyp
    P. A. M. Dirac, Math. Proc. Cambridge Philos. Soc. 26, 376 (1930)
    F. Bloch, Z. Phys. 57, 545 (1929)
    A. D. Becke, Phys. Rev. A 38, 3098 (1988)
    C. Lee, W. Yang, and R. G. Parr, Phys. Rev. B 37, 785 (1988)
    B. Miehlich, A. Savin, H. Stoll, and H. Preuss, Chem. Phys. Lett. 157, 200 (1989)
    S. H. Vosko, L. Wilk, and M. Nusair, Can. J. Phys. 58, 1200 (1980)
radial grids: 
    Treutler-Ahlrichs [JCP 102, 346 (1995); DOI:10.1063/1.469408] (M4) radial grids
    
becke partition: Becke, JCP 88, 2547 (1988); DOI:10.1063/1.454033
pruning grids: <function nwchem_prune at 0x7ff4ec0a1ee0>
grids dens level: 3
symmetrized grids: False
atomic radii adjust function: <function treutler_atomic_radii_adjust at 0x7ff4ec0a1e50>
small_rho_cutoff = 1e-07
Set gradient conv threshold to 3.16228e-05
atom C rad-grids = 75, ang-grids = [ 50  50  50  50  50  50  50  50  50  50  50  50  50  50  50  50  50  50
  50  50  50  50  50  86  86  86  86  86  86  86  86  86  86 266 266 266
 266 266 266 266 302 302 302 302 302 302 302 302 302 302 302 302 302 302
 302 302 302 302 302 302 266 266 266 266 266 266 266 266 266 266 266 266
 266 266 266]
atom N rad-grids = 75, ang-grids = [ 50  50  50  50  50  50  50  50  50  50  50  50  50  50  50  50  50  50
  50  50  50  50  50  86  86  86  86  86  86  86  86  86 266 266 266 266
 266 266 266 302 302 302 302 302 302 302 302 302 302 302 302 302 302 302
 302 302 302 302 266 266 266 266 266 266 266 266 266 266 266 266 266 266
 266 266 266]
atom H rad-grids = 50, ang-grids = [ 50  50  50  50  50  50  50  50  50  50  50  50  50  50  86  86  86  86
 266 266 266 266 302 302 302 302 302 302 302 302 302 302 302 302 302 266
 266 266 266 266 266 266 266 266 266 266 266 266 266 266]
atom Cl rad-grids = 80, ang-grids = [ 50  50  50  50  50  50  50  50  50  50  50  50  50  50  50  50  50  50
  50  50  50  50  50  50  86  86  86  86  86  86  86  86  86  86  86  86
  86 350 350 350 350 350 350 350 350 350 434 434 434 434 434 434 434 434
 434 434 434 434 434 434 434 434 434 434 350 350 350 350 350 350 350 350
 350 350 350 350 350 350 350 350]
tot grids = 196530
Drop grids 33352
    CPU time for setting up grids      3.20 sec, wall time      0.13 sec
nelec by numeric integration = 67.976419582405
    CPU time for vxc      5.77 sec, wall time      0.21 sec
E1 = -1771.2692520275073  Ecoul = 713.5499586116198  Exc = -70.39039321637836
init E= -749.058178191024
cond(S) = 6307.76728252581
    CPU time for initialize scf     15.84 sec, wall time      0.70 sec
  HOMO = -0.291800858951877  LUMO = -0.0947809690173382
  mo_energy =
[-1.01597147e+02 -1.44115384e+01 -1.02918910e+01 -1.02903958e+01
 -1.02901520e+01 -1.02892994e+01 -1.02854600e+01 -1.02847597e+01
 -9.53807628e+00 -7.29396814e+00 -7.29278533e+00 -7.29278463e+00
 -1.10581143e+00 -9.40786324e-01 -9.29418922e-01 -8.84843461e-01
 -7.60349821e-01 -7.17559968e-01 -7.00536663e-01 -5.77844484e-01
 -5.31675279e-01 -5.15177508e-01 -4.75275527e-01 -4.74694820e-01
 -4.62705498e-01 -4.62167984e-01 -4.37994323e-01 -4.25873954e-01
 -4.03666196e-01 -3.44895012e-01 -3.43298185e-01 -3.27811193e-01
 -2.94127620e-01 -2.91800859e-01 -9.47809690e-02 -8.31414855e-02
 -3.35832998e-02  5.27303605e-02  6.84575579e-02  7.72329593e-02
  9.11506511e-02  1.14604893e-01  1.22373362e-01  1.22985107e-01
  1.44554874e-01  1.67365962e-01  2.05484579e-01  2.39931720e-01
  2.56419788e-01  2.57894239e-01  3.59547671e-01  3.83497517e-01
  4.03182603e-01  4.14643771e-01  4.14666087e-01  4.24756651e-01
  4.63817290e-01  4.76258682e-01  4.87035576e-01  5.10114865e-01
  5.28469088e-01  5.39113689e-01  5.43089995e-01  5.53078901e-01
  5.55593010e-01  5.58385321e-01  5.74041049e-01  6.07839931e-01
  6.30396018e-01  6.40290109e-01  7.01346713e-01  7.64111626e-01
  7.70410271e-01  7.89042103e-01  7.90009152e-01  7.95463325e-01
  8.02210618e-01  8.05832437e-01  8.25007337e-01  8.39637377e-01
  8.50891583e-01  8.73195741e-01  8.79920994e-01  8.98803898e-01
  9.10918588e-01  9.26420511e-01  9.77911990e-01  1.01119891e+00
  1.03522888e+00  1.08232704e+00  1.12160014e+00  1.15869760e+00
  1.16893696e+00  1.17946301e+00  1.30772821e+00  1.35136967e+00
  1.39354313e+00  1.41417411e+00  1.41671776e+00  1.44915131e+00
  1.45505149e+00  1.49924801e+00  1.62413556e+00  1.62453423e+00
  1.64527436e+00  1.70188554e+00  1.75286118e+00  1.77659518e+00
  1.86651007e+00  1.89506688e+00  1.99010376e+00  2.04942347e+00
  2.06158524e+00  2.09938586e+00  2.10337282e+00  2.12601314e+00
  2.15521891e+00  2.17230969e+00  2.18960707e+00  2.21113388e+00
  2.26627377e+00  2.30005646e+00  2.47621215e+00  2.48578455e+00
  2.58471191e+00  2.61094436e+00  2.62569128e+00  2.63526730e+00
  2.70557287e+00  2.71096734e+00  2.96188337e+00  3.32365642e+00]
nelec by numeric integration = 68.00003807939758
    CPU time for vxc      5.80 sec, wall time      0.21 sec
E1 = -1779.4327799747446  Ecoul = 723.1432719670597  Exc = -70.84050923527892
cycle= 1 E= -748.078508801722  delta_E= 0.98  |g|= 0.384  |ddm|= 3.95
    CPU time for cycle= 1      6.29 sec, wall time      0.22 sec
  HOMO = -0.191740768850719  LUMO = 0.00834136015362881
  mo_energy =
[-1.01347436e+02 -1.41891391e+01 -1.01944927e+01 -1.01923319e+01
 -1.01452880e+01 -1.01260473e+01 -1.00982022e+01 -1.00979743e+01
 -9.30420928e+00 -7.06491047e+00 -7.05515642e+00 -7.05514708e+00
 -9.02776659e-01 -7.69821009e-01 -7.59096455e-01 -7.35443742e-01
 -6.17597842e-01 -6.06552048e-01 -5.99381211e-01 -5.12197710e-01
 -4.62161691e-01 -4.41926641e-01 -4.15444694e-01 -4.01115221e-01
 -3.97233087e-01 -3.74199226e-01 -3.66517042e-01 -3.47560869e-01
 -3.33208831e-01 -2.51676933e-01 -2.38083616e-01 -2.22273972e-01
 -2.21519588e-01 -1.91740769e-01  8.34136015e-03  1.42932319e-02
  8.39534331e-02  1.13178488e-01  1.31719222e-01  1.39253624e-01
  1.60586333e-01  1.66312296e-01  1.76122926e-01  1.84229357e-01
  1.87088413e-01  2.17330928e-01  2.83697769e-01  3.11774956e-01
  3.36850686e-01  3.44100455e-01  4.62692999e-01  4.72282100e-01
  4.78710936e-01  5.17584673e-01  5.17780682e-01  5.22468223e-01
  5.31618220e-01  5.62584982e-01  5.71951371e-01  5.94718544e-01
  6.03536096e-01  6.03679557e-01  6.20145106e-01  6.22406931e-01
  6.33507905e-01  6.39853934e-01  6.73394005e-01  6.74973888e-01
  7.14036307e-01  7.23265314e-01  7.91926646e-01  8.29457983e-01
  8.50433684e-01  8.75196219e-01  8.76295070e-01  9.01068471e-01
  9.12276964e-01  9.22648692e-01  9.31725344e-01  9.54594257e-01
  9.56711401e-01  9.77193608e-01  9.85251201e-01  1.00411393e+00
  1.02876440e+00  1.02922028e+00  1.05711133e+00  1.09507628e+00
  1.10729568e+00  1.14916632e+00  1.17982863e+00  1.23660071e+00
  1.27299990e+00  1.28775163e+00  1.40802418e+00  1.42290584e+00
  1.46945138e+00  1.50717256e+00  1.52181554e+00  1.53974469e+00
  1.56830448e+00  1.59283812e+00  1.74012059e+00  1.74244715e+00
  1.74277311e+00  1.79640868e+00  1.87225141e+00  1.88760268e+00
  1.97241396e+00  1.99351213e+00  2.10440863e+00  2.16409752e+00
  2.16580923e+00  2.20870111e+00  2.21485196e+00  2.24448502e+00
  2.26466583e+00  2.28229892e+00  2.29849782e+00  2.31476186e+00
  2.38698127e+00  2.40700168e+00  2.57892582e+00  2.59599326e+00
  2.70393779e+00  2.72872948e+00  2.74032695e+00  2.75765992e+00
  2.83465848e+00  2.84013602e+00  3.09145860e+00  3.45233885e+00]
nelec by numeric integration = 68.00003790677516
    CPU time for vxc      6.01 sec, wall time      0.22 sec
E1 = -1771.8549212183364  Ecoul = 714.9735296207449  Exc = -70.24969068715153
cycle= 2 E= -748.079573843501  delta_E= -0.00107  |g|= 0.408  |ddm|= 0.987
    CPU time for cycle= 2      6.51 sec, wall time      0.23 sec
  HOMO = -0.255705381523719  LUMO = -0.0292323879985191
  mo_energy =
[-1.01463623e+02 -1.43531498e+01 -1.02139015e+01 -1.02131951e+01
 -1.02073576e+01 -1.01999755e+01 -1.01995870e+01 -1.01934504e+01
 -9.39852735e+00 -7.16119448e+00 -7.15170389e+00 -7.15169428e+00
 -9.63098003e-01 -8.15203851e-01 -8.05806081e-01 -7.71530160e-01
 -6.48483985e-01 -6.47775937e-01 -6.30273420e-01 -5.38654117e-01
 -4.90069313e-01 -4.84835204e-01 -4.41795929e-01 -4.23097218e-01
 -4.16299714e-01 -4.13495041e-01 -4.06684901e-01 -3.83132044e-01
 -3.69744517e-01 -3.01856262e-01 -2.69466356e-01 -2.60439377e-01
 -2.59920091e-01 -2.55705382e-01 -2.92323880e-02 -2.29859813e-02
  6.25428478e-02  9.22249281e-02  1.21792894e-01  1.29068742e-01
  1.37951874e-01  1.49453148e-01  1.55959997e-01  1.75192853e-01
  1.76420519e-01  2.08873342e-01  2.55715148e-01  2.86520639e-01
  3.11188403e-01  3.13273908e-01  4.37946241e-01  4.40740912e-01
  4.50103058e-01  4.90123994e-01  4.90549706e-01  4.91369247e-01
  5.04622604e-01  5.28421503e-01  5.47751573e-01  5.75580308e-01
  5.78600424e-01  5.79482025e-01  5.86789526e-01  5.96013278e-01
  6.04950047e-01  6.06418669e-01  6.35881073e-01  6.47186087e-01
  6.80642964e-01  6.96247860e-01  7.61147441e-01  8.15082079e-01
  8.21948005e-01  8.48383323e-01  8.50916115e-01  8.54132439e-01
  8.84763780e-01  8.91127310e-01  9.06136342e-01  9.21058966e-01
  9.29535563e-01  9.39269124e-01  9.43127952e-01  9.79827748e-01
  9.87010563e-01  9.94588934e-01  1.02599025e+00  1.06772143e+00
  1.08384738e+00  1.12464949e+00  1.15831249e+00  1.20538040e+00
  1.23969357e+00  1.24199492e+00  1.36756685e+00  1.39133735e+00
  1.44972024e+00  1.45730628e+00  1.48029241e+00  1.50668508e+00
  1.51646099e+00  1.55702336e+00  1.69872656e+00  1.71516870e+00
  1.71654177e+00  1.76140911e+00  1.82636141e+00  1.83895671e+00
  1.92879916e+00  1.96012946e+00  2.06164379e+00  2.12066970e+00
  2.12429371e+00  2.16494551e+00  2.16938070e+00  2.20686751e+00
  2.22844244e+00  2.26080963e+00  2.27726279e+00  2.27879049e+00
  2.33586526e+00  2.36232018e+00  2.54087390e+00  2.55004942e+00
  2.65863405e+00  2.68211189e+00  2.69552314e+00  2.71452903e+00
  2.78514992e+00  2.78659355e+00  3.04157249e+00  3.40557784e+00]
nelec by numeric integration = 68.00003686935585
    CPU time for vxc      5.77 sec, wall time      0.21 sec
E1 = -1775.3890845636777  Ecoul = 718.7328020509848  Exc = -70.51573320347718
cycle= 3 E= -748.120507274928  delta_E= -0.0409  |g|= 0.0789  |ddm|= 0.49
    CPU time for cycle= 3      6.28 sec, wall time      0.22 sec
  HOMO = -0.252548516932455  LUMO = -0.0298309274393125
  mo_energy =
[-1.01490138e+02 -1.43266450e+01 -1.02329443e+01 -1.02322694e+01
 -1.02159915e+01 -1.02085112e+01 -1.02081481e+01 -1.02065380e+01
 -9.42070231e+00 -7.18371835e+00 -7.17435095e+00 -7.17434088e+00
 -9.59422618e-01 -8.18104077e-01 -8.13867334e-01 -7.76395544e-01
 -6.55080844e-01 -6.49058829e-01 -6.35340848e-01 -5.41694199e-01
 -4.93306523e-01 -4.87975962e-01 -4.46380833e-01 -4.25712280e-01
 -4.20288194e-01 -4.15636842e-01 -4.08173875e-01 -3.86163241e-01
 -3.78025756e-01 -3.01527535e-01 -2.74514177e-01 -2.70140788e-01
 -2.69488546e-01 -2.52548517e-01 -2.98309274e-02 -2.71926730e-02
  5.70982817e-02  9.03712573e-02  1.19685859e-01  1.26886894e-01
  1.35918729e-01  1.48287511e-01  1.55141194e-01  1.73512019e-01
  1.75208324e-01  2.07196364e-01  2.54382688e-01  2.84214867e-01
  3.08898236e-01  3.11914083e-01  4.31384720e-01  4.36263188e-01
  4.47467143e-01  4.83271379e-01  4.83638448e-01  4.86749395e-01
  5.01202147e-01  5.26699009e-01  5.44076511e-01  5.72562451e-01
  5.74488417e-01  5.75671561e-01  5.84362042e-01  5.92300709e-01
  6.01894076e-01  6.03013129e-01  6.36457225e-01  6.43480414e-01
  6.78623017e-01  6.91815540e-01  7.58772066e-01  8.10891379e-01
  8.19665578e-01  8.45410168e-01  8.47886641e-01  8.58622045e-01
  8.78167550e-01  8.83727733e-01  9.01668800e-01  9.15866394e-01
  9.23615664e-01  9.33183547e-01  9.34021995e-01  9.74811454e-01
  9.79281525e-01  9.87712315e-01  1.02559987e+00  1.06508686e+00
  1.08051397e+00  1.12319276e+00  1.15632676e+00  1.20417740e+00
  1.23509331e+00  1.23869141e+00  1.36404060e+00  1.39232312e+00
  1.44874100e+00  1.45468019e+00  1.47534781e+00  1.50244266e+00
  1.51756044e+00  1.55835121e+00  1.69842574e+00  1.70965308e+00
  1.71078858e+00  1.76058138e+00  1.82234696e+00  1.83868462e+00
  1.92724605e+00  1.95571565e+00  2.05690246e+00  2.11643857e+00
  2.12022777e+00  2.16271542e+00  2.16581239e+00  2.20346391e+00
  2.22392745e+00  2.25622408e+00  2.27283308e+00  2.27326997e+00
  2.33408179e+00  2.36146667e+00  2.53637532e+00  2.54874275e+00
  2.65519206e+00  2.67942723e+00  2.69313263e+00  2.70992223e+00
  2.78323388e+00  2.78397592e+00  3.04011597e+00  3.40222286e+00]
nelec by numeric integration = 68.00003710907109
    CPU time for vxc      5.74 sec, wall time      0.20 sec
E1 = -1775.6737089112548  Ecoul = 719.0368702978677  Exc = -70.53632354613009
cycle= 4 E= -748.121653718275  delta_E= -0.00115  |g|= 0.0325  |ddm|= 0.0911
    CPU time for cycle= 4      6.29 sec, wall time      0.23 sec
  HOMO = -0.255128109790445  LUMO = -0.0287536358076842
  mo_energy =
[-1.01484018e+02 -1.43352228e+01 -1.02299829e+01 -1.02298933e+01
 -1.02106487e+01 -1.02070441e+01 -1.02023809e+01 -1.02022432e+01
 -9.41619746e+00 -7.17900531e+00 -7.16971826e+00 -7.16970815e+00
 -9.59894225e-01 -8.15942254e-01 -8.11884356e-01 -7.74201548e-01
 -6.55593810e-01 -6.48045871e-01 -6.33292341e-01 -5.40128126e-01
 -4.91658280e-01 -4.86502520e-01 -4.44387885e-01 -4.26565297e-01
 -4.21128420e-01 -4.14273594e-01 -4.07703357e-01 -3.84587616e-01
 -3.77120873e-01 -3.00064943e-01 -2.72145327e-01 -2.69225532e-01
 -2.68542185e-01 -2.55128110e-01 -2.87536358e-02 -2.51396904e-02
  5.74103670e-02  9.14617386e-02  1.19438214e-01  1.27075450e-01
  1.37302313e-01  1.48575331e-01  1.55864362e-01  1.72548184e-01
  1.75817238e-01  2.06897266e-01  2.55587264e-01  2.86177351e-01
  3.10036305e-01  3.12747747e-01  4.32100833e-01  4.37412976e-01
  4.48478979e-01  4.83792424e-01  4.84138221e-01  4.87473803e-01
  5.03134417e-01  5.28022134e-01  5.44226855e-01  5.73603368e-01
  5.74890709e-01  5.77675068e-01  5.86996075e-01  5.93826978e-01
  6.04111521e-01  6.05245146e-01  6.35362707e-01  6.45186272e-01
  6.80853152e-01  6.92140796e-01  7.58650962e-01  8.11977930e-01
  8.22118191e-01  8.45911750e-01  8.49662180e-01  8.56416249e-01
  8.78623798e-01  8.84124141e-01  9.02104059e-01  9.17620280e-01
  9.24830602e-01  9.34627703e-01  9.34731304e-01  9.76043991e-01
  9.79702231e-01  9.88048179e-01  1.02533884e+00  1.06593235e+00
  1.08101422e+00  1.12395104e+00  1.15820140e+00  1.20517116e+00
  1.23478903e+00  1.24071989e+00  1.36635988e+00  1.39273201e+00
  1.44926649e+00  1.45735186e+00  1.47848335e+00  1.50376385e+00
  1.51725739e+00  1.55635299e+00  1.69906974e+00  1.70901123e+00
  1.70994675e+00  1.76095025e+00  1.82496531e+00  1.83962884e+00
  1.92960930e+00  1.95795011e+00  2.05978166e+00  2.11913419e+00
  2.12249364e+00  2.16539824e+00  2.16714879e+00  2.20391619e+00
  2.22421345e+00  2.25543830e+00  2.27185349e+00  2.27536843e+00
  2.33595912e+00  2.36188463e+00  2.53876950e+00  2.55017033e+00
  2.65725759e+00  2.68131658e+00  2.69387362e+00  2.71192845e+00
  2.78490697e+00  2.78559400e+00  3.04037816e+00  3.40369764e+00]
nelec by numeric integration = 68.00003698829971
    CPU time for vxc      5.83 sec, wall time      0.21 sec
E1 = -1775.598165468528  Ecoul = 718.9562076228491  Exc = -70.53142436760085
cycle= 5 E= -748.121873772038  delta_E= -0.00022  |g|= 0.0105  |ddm|= 0.0391
    CPU time for cycle= 5      6.35 sec, wall time      0.23 sec
  HOMO = -0.253588610019128  LUMO = -0.0283211179007778
  mo_energy =
[-1.01481535e+02 -1.43321800e+01 -1.02271777e+01 -1.02269407e+01
 -1.02124046e+01 -1.02046400e+01 -1.02036407e+01 -1.02035795e+01
 -9.41429947e+00 -7.17704062e+00 -7.16776604e+00 -7.16775583e+00
 -9.58216063e-01 -8.15734980e-01 -8.11625895e-01 -7.73488441e-01
 -6.54531558e-01 -6.47460903e-01 -6.32997580e-01 -5.39890231e-01
 -4.91126225e-01 -4.86425328e-01 -4.44044216e-01 -4.25586928e-01
 -4.20240329e-01 -4.14247228e-01 -4.06835604e-01 -3.84428795e-01
 -3.76340490e-01 -3.00001323e-01 -2.71690379e-01 -2.68490550e-01
 -2.67820707e-01 -2.53588610e-01 -2.83211179e-02 -2.47063547e-02
  5.82949686e-02  9.14522516e-02  1.19932705e-01  1.27548796e-01
  1.37722913e-01  1.48772235e-01  1.55904666e-01  1.73244266e-01
  1.75890102e-01  2.07504366e-01  2.55918055e-01  2.86083411e-01
  3.10395597e-01  3.13307733e-01  4.32707620e-01  4.37812838e-01
  4.48842456e-01  4.84326222e-01  4.84677631e-01  4.88012275e-01
  5.03486043e-01  5.28228283e-01  5.44741910e-01  5.74217282e-01
  5.75553453e-01  5.78009766e-01  5.86742253e-01  5.94112100e-01
  6.04071435e-01  6.05170541e-01  6.36582866e-01  6.45552920e-01
  6.80485431e-01  6.93233198e-01  7.59671011e-01  8.12649767e-01
  8.21408499e-01  8.46517671e-01  8.49622571e-01  8.57829997e-01
  8.79506161e-01  8.85018170e-01  9.02592959e-01  9.17880878e-01
  9.25217429e-01  9.34907848e-01  9.35607322e-01  9.76532068e-01
  9.80666480e-01  9.88888442e-01  1.02627421e+00  1.06638405e+00
  1.08153515e+00  1.12444636e+00  1.15799169e+00  1.20546660e+00
  1.23564868e+00  1.24113614e+00  1.36665404e+00  1.39307568e+00
  1.44981172e+00  1.45716375e+00  1.47830592e+00  1.50492276e+00
  1.51842624e+00  1.55753141e+00  1.69976774e+00  1.71018574e+00
  1.71115450e+00  1.76185150e+00  1.82505330e+00  1.84008657e+00
  1.92932880e+00  1.95837906e+00  2.05995350e+00  2.11927084e+00
  2.12296206e+00  2.16510701e+00  2.16817481e+00  2.20482969e+00
  2.22531171e+00  2.25651263e+00  2.27297376e+00  2.27598584e+00
  2.33597710e+00  2.36297762e+00  2.53917574e+00  2.55063315e+00
  2.65768039e+00  2.68165136e+00  2.69477420e+00  2.71254384e+00
  2.78530584e+00  2.78595613e+00  3.04151001e+00  3.40431892e+00]
nelec by numeric integration = 68.00003703026448
    CPU time for vxc      5.80 sec, wall time      0.21 sec
E1 = -1775.5374897809638  Ecoul = 718.8917191274497  Exc = -70.5276369103241
cycle= 6 E= -748.121899122596  delta_E= -2.54e-05  |g|= 0.00471  |ddm|= 0.0158
    CPU time for cycle= 6      6.31 sec, wall time      0.23 sec
  HOMO = -0.253935336752431  LUMO = -0.0283752011754467
  mo_energy =
[-1.01481586e+02 -1.43329333e+01 -1.02282287e+01 -1.02279923e+01
 -1.02115356e+01 -1.02047694e+01 -1.02032687e+01 -1.02032376e+01
 -9.41438336e+00 -7.17711829e+00 -7.16784664e+00 -7.16783640e+00
 -9.58828441e-01 -8.15714746e-01 -8.11666179e-01 -7.73736820e-01
 -6.54609882e-01 -6.47589017e-01 -6.33033013e-01 -5.39922728e-01
 -4.91272247e-01 -4.86397346e-01 -4.44189908e-01 -4.25765692e-01
 -4.20370478e-01 -4.14167772e-01 -4.07092280e-01 -3.84445279e-01
 -3.76434666e-01 -2.99968426e-01 -2.71871747e-01 -2.68610118e-01
 -2.67941451e-01 -2.53935337e-01 -2.83752012e-02 -2.48450612e-02
  5.81731728e-02  9.15312660e-02  1.19875229e-01  1.27463234e-01
  1.37650487e-01  1.48774655e-01  1.55972261e-01  1.73112243e-01
  1.75926193e-01  2.07387199e-01  2.55824361e-01  2.86146263e-01
  3.10340263e-01  3.13176666e-01  4.32670608e-01  4.37709254e-01
  4.48767431e-01  4.84216510e-01  4.84566525e-01  4.87826368e-01
  5.03377213e-01  5.28208065e-01  5.44673044e-01  5.74067949e-01
  5.75424078e-01  5.77895841e-01  5.86806385e-01  5.94077660e-01
  6.04106491e-01  6.05206119e-01  6.36284496e-01  6.45440800e-01
  6.80654261e-01  6.92975218e-01  7.59451112e-01  8.12471925e-01
  8.21717608e-01  8.46415553e-01  8.49662756e-01  8.57510019e-01
  8.79363955e-01  8.84881469e-01  9.02599370e-01  9.17896288e-01
  9.25190331e-01  9.34916625e-01  9.35475055e-01  9.76462560e-01
  9.80524896e-01  9.88776928e-01  1.02605242e+00  1.06630228e+00
  1.08146748e+00  1.12432762e+00  1.15808940e+00  1.20540878e+00
  1.23549428e+00  1.24101433e+00  1.36653533e+00  1.39301600e+00
  1.44968338e+00  1.45723612e+00  1.47838293e+00  1.50451284e+00
  1.51807564e+00  1.55731349e+00  1.69957007e+00  1.71002829e+00
  1.71100395e+00  1.76160371e+00  1.82503846e+00  1.83999351e+00
  1.92943998e+00  1.95820754e+00  2.05988551e+00  2.11923412e+00
  2.12277458e+00  2.16522465e+00  2.16783795e+00  2.20467082e+00
  2.22507638e+00  2.25637280e+00  2.27282571e+00  2.27579428e+00
  2.33605371e+00  2.36262801e+00  2.53902728e+00  2.55049931e+00
  2.65754562e+00  2.68157516e+00  2.69455536e+00  2.71236999e+00
  2.78526590e+00  2.78586242e+00  3.04121988e+00  3.40419178e+00]
nelec by numeric integration = 68.0000370136052
    CPU time for vxc      6.41 sec, wall time      0.23 sec
E1 = -1775.5519850204073  Ecoul = 718.906731537131  Exc = -70.5281603047211
cycle= 7 E= -748.121905346755  delta_E= -6.22e-06  |g|= 0.000479  |ddm|= 0.00492
    CPU time for cycle= 7      7.25 sec, wall time      0.26 sec
  HOMO = -0.253908715237246  LUMO = -0.0283612164822291
  mo_energy =
[-1.01481830e+02 -1.43328807e+01 -1.02281457e+01 -1.02279418e+01
 -1.02116463e+01 -1.02049862e+01 -1.02031594e+01 -1.02031488e+01
 -9.41457027e+00 -7.17731337e+00 -7.16803801e+00 -7.16802779e+00
 -9.58792250e-01 -8.15750177e-01 -8.11712935e-01 -7.73692428e-01
 -6.54673507e-01 -6.47563970e-01 -6.33011740e-01 -5.39909580e-01
 -4.91244121e-01 -4.86372406e-01 -4.44157128e-01 -4.25801395e-01
 -4.20419938e-01 -4.14182888e-01 -4.07079995e-01 -3.84427887e-01
 -3.76505457e-01 -2.99963044e-01 -2.71834806e-01 -2.68682780e-01
 -2.68010175e-01 -2.53908715e-01 -2.83612165e-02 -2.48121403e-02
  5.81120351e-02  9.15168263e-02  1.19867713e-01  1.27470845e-01
  1.37674877e-01  1.48774890e-01  1.55973009e-01  1.73088871e-01
  1.75932926e-01  2.07383035e-01  2.55835239e-01  2.86158065e-01
  3.10358793e-01  3.13201823e-01  4.32609115e-01  4.37721272e-01
  4.48779054e-01  4.84165316e-01  4.84514779e-01  4.87790666e-01
  5.03395622e-01  5.28219885e-01  5.44639085e-01  5.74085210e-01
  5.75416493e-01  5.77927612e-01  5.86815812e-01  5.94069075e-01
  6.04115846e-01  6.05214016e-01  6.36290331e-01  6.45468954e-01
  6.80659306e-01  6.92991542e-01  7.59450433e-01  8.12498030e-01
  8.21703658e-01  8.46429831e-01  8.49687291e-01  8.57525039e-01
  8.79312128e-01  8.84813169e-01  9.02566082e-01  9.17869296e-01
  9.25169263e-01  9.34889541e-01  9.35401991e-01  9.76454300e-01
  9.80457876e-01  9.88721041e-01  1.02607346e+00  1.06630101e+00
  1.08144489e+00  1.12433081e+00  1.15809608e+00  1.20542704e+00
  1.23544733e+00  1.24104113e+00  1.36656231e+00  1.39302740e+00
  1.44970180e+00  1.45725456e+00  1.47839581e+00  1.50455379e+00
  1.51810635e+00  1.55731948e+00  1.69959602e+00  1.70995225e+00
  1.71091851e+00  1.76162239e+00  1.82505502e+00  1.84001318e+00
  1.92944716e+00  1.95824426e+00  2.05990636e+00  2.11926141e+00
  2.12281112e+00  2.16523386e+00  2.16787364e+00  2.20464395e+00
  2.22504966e+00  2.25630857e+00  2.27275783e+00  2.27582886e+00
  2.33606156e+00  2.36266010e+00  2.53906184e+00  2.55051832e+00
  2.65757553e+00  2.68159805e+00  2.69458691e+00  2.71240837e+00
  2.78528752e+00  2.78588268e+00  3.04125436e+00  3.40422230e+00]
nelec by numeric integration = 68.00003701963739
    CPU time for vxc      5.89 sec, wall time      0.21 sec
E1 = -1775.5533850091333  Ecoul = 718.9082594560041  Exc = -70.52828829228716
cycle= 8 E= -748.121905404174  delta_E= -5.74e-08  |g|= 0.000176  |ddm|= 0.000641
    CPU time for cycle= 8      6.67 sec, wall time      0.24 sec
  HOMO = -0.253911021421017  LUMO = -0.0283572806787605
  mo_energy =
[-1.01481832e+02 -1.43328842e+01 -1.02281456e+01 -1.02279194e+01
 -1.02115995e+01 -1.02049499e+01 -1.02031958e+01 -1.02031704e+01
 -9.41456499e+00 -7.17731006e+00 -7.16803290e+00 -7.16802268e+00
 -9.58791985e-01 -8.15741840e-01 -8.11703620e-01 -7.73695594e-01
 -6.54662865e-01 -6.47566164e-01 -6.33009928e-01 -5.39906123e-01
 -4.91243972e-01 -4.86378925e-01 -4.44161161e-01 -4.25790967e-01
 -4.20407727e-01 -4.14174277e-01 -4.07077042e-01 -3.84428864e-01
 -3.76497165e-01 -2.99959056e-01 -2.71838501e-01 -2.68675146e-01
 -2.68002902e-01 -2.53911021e-01 -2.83572807e-02 -2.48159120e-02
  5.81214483e-02  9.15196870e-02  1.19872284e-01  1.27471446e-01
  1.37674342e-01  1.48774799e-01  1.55975357e-01  1.73096268e-01
  1.75931344e-01  2.07387904e-01  2.55836495e-01  2.86159164e-01
  3.10358381e-01  3.13199619e-01  4.32607787e-01  4.37721294e-01
  4.48780280e-01  4.84171110e-01  4.84520670e-01  4.87798067e-01
  5.03397022e-01  5.28220215e-01  5.44647066e-01  5.74084722e-01
  5.75419567e-01  5.77923741e-01  5.86816701e-01  5.94077010e-01
  6.04118947e-01  6.05215780e-01  6.36292725e-01  6.45466001e-01
  6.80659764e-01  6.92993824e-01  7.59455250e-01  8.12497078e-01
  8.21711911e-01  8.46429740e-01  8.49680673e-01  8.57525979e-01
  8.79320194e-01  8.84823423e-01  9.02571604e-01  9.17873113e-01
  9.25174573e-01  9.34894655e-01  9.35411672e-01  9.76458041e-01
  9.80464146e-01  9.88727299e-01  1.02607307e+00  1.06630191e+00
  1.08145041e+00  1.12433355e+00  1.15809579e+00  1.20542488e+00
  1.23545383e+00  1.24104076e+00  1.36656197e+00  1.39302781e+00
  1.44970110e+00  1.45725221e+00  1.47839975e+00  1.50455363e+00
  1.51810596e+00  1.55732221e+00  1.69959416e+00  1.70996958e+00
  1.71093745e+00  1.76162460e+00  1.82505654e+00  1.84001441e+00
  1.92944840e+00  1.95824066e+00  2.05990919e+00  2.11926001e+00
  2.12280823e+00  2.16523540e+00  2.16787410e+00  2.20465367e+00
  2.22505957e+00  2.25632416e+00  2.27277433e+00  2.27582638e+00
  2.33606480e+00  2.36266032e+00  2.53905970e+00  2.55052010e+00
  2.65757406e+00  2.68159896e+00  2.69458598e+00  2.71240551e+00
  2.78528851e+00  2.78588525e+00  3.04125458e+00  3.40422193e+00]
nelec by numeric integration = 68.00003701913293
    CPU time for vxc      5.76 sec, wall time      0.21 sec
E1 = -1775.5529961451182  Ecoul = 718.9078491876129  Exc = -70.52826689480536
cycle= 9 E= -748.121905411069  delta_E= -6.89e-09  |g|= 5.02e-05  |ddm|= 0.000167
    CPU time for cycle= 9      6.28 sec, wall time      0.22 sec
  HOMO = -0.253915810687586  LUMO = -0.0283623958801402
  mo_energy =
[-1.01481804e+02 -1.43328907e+01 -1.02281452e+01 -1.02279338e+01
 -1.02116159e+01 -1.02049413e+01 -1.02031930e+01 -1.02031794e+01
 -9.41454167e+00 -7.17728640e+00 -7.16800913e+00 -7.16799892e+00
 -9.58797154e-01 -8.15741237e-01 -8.11701219e-01 -7.73699696e-01
 -6.54659088e-01 -6.47570691e-01 -6.33014011e-01 -5.39910227e-01
 -4.91249228e-01 -4.86381525e-01 -4.44164104e-01 -4.25790974e-01
 -4.20406864e-01 -4.14177861e-01 -4.07080336e-01 -3.84432942e-01
 -3.76491168e-01 -2.99964134e-01 -2.71841823e-01 -2.68665123e-01
 -2.67993441e-01 -2.53915811e-01 -2.83623959e-02 -2.48197762e-02
  5.81261563e-02  9.15186615e-02  1.19870737e-01  1.27470267e-01
  1.37669970e-01  1.48773456e-01  1.55972755e-01  1.73096167e-01
  1.75930766e-01  2.07385781e-01  2.55833207e-01  2.86155683e-01
  3.10354510e-01  3.13196180e-01  4.32616965e-01  4.37719454e-01
  4.48777340e-01  4.84178152e-01  4.84527746e-01  4.87801947e-01
  5.03393259e-01  5.28216707e-01  5.44647924e-01  5.74081793e-01
  5.75419593e-01  5.77920974e-01  5.86812522e-01  5.94073591e-01
  6.04113980e-01  6.05212876e-01  6.36289951e-01  6.45463014e-01
  6.80655956e-01  6.92991218e-01  7.59452665e-01  8.12494533e-01
  8.21706919e-01  8.46427132e-01  8.49678357e-01  8.57522861e-01
  8.79325511e-01  8.84830411e-01  9.02572471e-01  9.17875866e-01
  9.25174924e-01  9.34895461e-01  9.35420486e-01  9.76457955e-01
  9.80471829e-01  9.88732782e-01  1.02606988e+00  1.06630090e+00
  1.08145041e+00  1.12433100e+00  1.15809272e+00  1.20542156e+00
  1.23545800e+00  1.24103561e+00  1.36655736e+00  1.39302408e+00
  1.44969785e+00  1.45724715e+00  1.47839427e+00  1.50454945e+00
  1.51810072e+00  1.55731880e+00  1.69958970e+00  1.70997176e+00
  1.71094021e+00  1.76162073e+00  1.82505179e+00  1.84000934e+00
  1.92944376e+00  1.95823697e+00  2.05990401e+00  2.11925523e+00
  2.12280403e+00  2.16522976e+00  2.16786980e+00  2.20465225e+00
  2.22505866e+00  2.25632526e+00  2.27277550e+00  2.27582266e+00
  2.33605872e+00  2.36265546e+00  2.53905550e+00  2.55051495e+00
  2.65756916e+00  2.68159394e+00  2.69458082e+00  2.71240088e+00
  2.78528344e+00  2.78587904e+00  3.04124928e+00  3.40421671e+00]
nelec by numeric integration = 68.00003701873285
    CPU time for vxc      5.76 sec, wall time      0.21 sec
E1 = -1775.5528977349652  Ecoul = 718.9077417641901  Exc = -70.5282578822038
cycle= 10 E= -748.121905411737  delta_E= -6.68e-10  |g|= 1.96e-05  |ddm|= 8.41e-05
    CPU time for cycle= 10      6.26 sec, wall time      0.23 sec
  HOMO = -0.253916081350354  LUMO = -0.0283613297597206
  mo_energy =
[-1.01481816e+02 -1.43328935e+01 -1.02281492e+01 -1.02279198e+01
 -1.02116121e+01 -1.02049425e+01 -1.02032003e+01 -1.02031717e+01
 -9.41455134e+00 -7.17729621e+00 -7.16801897e+00 -7.16800876e+00
 -9.58795942e-01 -8.15742403e-01 -8.11703046e-01 -7.73698100e-01
 -6.54660234e-01 -6.47569513e-01 -6.33012704e-01 -5.39908906e-01
 -4.91247780e-01 -4.86380671e-01 -4.44162844e-01 -4.25791287e-01
 -4.20407263e-01 -4.14177403e-01 -4.07079482e-01 -3.84431722e-01
 -3.76493280e-01 -2.99963266e-01 -2.71840463e-01 -2.68668895e-01
 -2.67997046e-01 -2.53916081e-01 -2.83613298e-02 -2.48183653e-02
  5.81245301e-02  9.15187265e-02  1.19871583e-01  1.27470526e-01
  1.37671109e-01  1.48773623e-01  1.55973595e-01  1.73095756e-01
  1.75929757e-01  2.07387323e-01  2.55833976e-01  2.86156428e-01
  3.10356047e-01  3.13196718e-01  4.32614847e-01  4.37719553e-01
  4.48778505e-01  4.84175475e-01  4.84525073e-01  4.87799627e-01
  5.03394774e-01  5.28217276e-01  5.44647354e-01  5.74083348e-01
  5.75418852e-01  5.77921938e-01  5.86813752e-01  5.94074733e-01
  6.04116309e-01  6.05212713e-01  6.36290168e-01  6.45464158e-01
  6.80656721e-01  6.92992365e-01  7.59453541e-01  8.12495767e-01
  8.21708074e-01  8.46427911e-01  8.49678996e-01  8.57522721e-01
  8.79323159e-01  8.84827558e-01  9.02572031e-01  9.17874160e-01
  9.25174765e-01  9.34895377e-01  9.35416990e-01  9.76457606e-01
  9.80468814e-01  9.88730759e-01  1.02607066e+00  1.06630093e+00
  1.08145030e+00  1.12433175e+00  1.15809355e+00  1.20542236e+00
  1.23545585e+00  1.24103703e+00  1.36655883e+00  1.39302452e+00
  1.44969897e+00  1.45724813e+00  1.47839590e+00  1.50455145e+00
  1.51810174e+00  1.55731906e+00  1.69959056e+00  1.70997092e+00
  1.71093920e+00  1.76162183e+00  1.82505310e+00  1.84001024e+00
  1.92944467e+00  1.95823842e+00  2.05990573e+00  2.11925661e+00
  2.12280553e+00  2.16523086e+00  2.16787137e+00  2.20465224e+00
  2.22505895e+00  2.25632485e+00  2.27277516e+00  2.27582420e+00
  2.33605986e+00  2.36265680e+00  2.53905705e+00  2.55051606e+00
  2.65757056e+00  2.68159520e+00  2.69458218e+00  2.71240245e+00
  2.78528399e+00  2.78588107e+00  3.04125061e+00  3.40421813e+00]
nelec by numeric integration = 68.00003701900752
    CPU time for vxc      5.74 sec, wall time      0.21 sec
E1 = -1775.5529759126264  Ecoul = 718.9078263252819  Exc = -70.5282642654264
Extra cycle  E= -748.121905411529  delta_E= 2.08e-10  |g|= 3.33e-05  |ddm|= 5.36e-05
    CPU time for scf_cycle     86.55 sec, wall time      3.23 sec
    CPU time for SCF     86.56 sec, wall time      3.23 sec
converged SCF energy = -748.121905411529
Converting <class 'pyscf.dft.rks.RKS'> to RHF


******** <class 'pyscf.tdscf.rks.TDA'> for <class 'pyscf.dft.rks.RKS'> ********
nstates = 5 singlet
wfnsym = None
conv_tol = 1e-09
eigh lindep = 1e-12
eigh level_shift = 0
eigh max_space = 8
eigh max_cycle = 2000
chkfile = /scratch/global/yangjunjie/tmpk648y3mb
max_memory 256000 MB (current use 598 MB)


davidson 0 5  |r|= 0.0568  e= [0.17948376 0.18165311 0.22043784 0.22294723 0.22675651]  max|de|= 0.227  lindep=    1
davidson 1 10  |r|= 0.0124  e= [0.17831918 0.17900401 0.22027568 0.22028313 0.22369586]  max|de|= -0.00306  lindep= 0.909
Old state -> New state
    3     ->     2 
    2     ->     3 
davidson 2 15  |r|= 0.0233  e= [0.17825624 0.1789056  0.21992107 0.22027432 0.22270628]  max|de|= -0.00099  lindep= 0.686
Old state -> New state
    4     ->     2 
    2     ->     4 
davidson 3 20  |r|= 0.0411  e= [0.17825463 0.17890328 0.2167631  0.22027359 0.22043566]  max|de|= -0.00594  lindep= 0.742
davidson 4 5  |r|= 0.0411  e= [0.17825463 0.17890328 0.2167631  0.22027359 0.22043566]  max|de|= 3.05e-16  lindep= 0.977
davidson 5 10  |r|= 0.0208  e= [0.17825458 0.1789032  0.21378962 0.22027316 0.22028356]  max|de|= -0.00297  lindep= 0.69
Old state -> New state
    4     ->     3 
    3     ->     4 
davidson 6 15  |r|= 0.0132  e= [0.17825457 0.1789032  0.21256858 0.22025392 0.22027281]  max|de|= -0.00122  lindep= 0.731
root 0 converged  |r|= 1.91e-06  e= 0.17825457296726435  max|de|= -9.34e-11
root 1 converged  |r|= 2.43e-06  e= 0.178903199040847  max|de|= -1.49e-10
davidson 7 20  |r|= 0.00916  e= [0.17825457 0.1789032  0.21216584 0.22024135 0.2202722 ]  max|de|= -0.000403  lindep= 0.74
davidson 8 5  |r|= 0.00916  e= [0.17825457 0.1789032  0.21216584 0.22024135 0.2202722 ]  max|de|= -2.5e-16  lindep= 0.998
davidson 9 8  |r|= 0.00599  e= [0.17825457 0.1789032  0.21199775 0.22023444 0.22027213]  max|de|= -0.000168  lindep= 0.799
davidson 10 11  |r|= 0.0055  e= [0.17825457 0.1789032  0.21187488 0.22022698 0.22027212]  max|de|= -0.000123  lindep= 0.726
davidson 11 14  |r|= 0.00314  e= [0.17825457 0.1789032  0.21179997 0.2202176  0.22027212]  max|de|= -7.49e-05  lindep= 0.642
davidson 12 17  |r|= 0.00245  e= [0.17825457 0.1789032  0.21177635 0.22021109 0.22027211]  max|de|= -2.36e-05  lindep= 0.805
root 4 converged  |r|= 2.71e-05  e= 0.220272114833914  max|de|= 1.94e-16
davidson 13 5  |r|= 0.00245  e= [0.17825457 0.1789032  0.21177635 0.22021109 0.22027211]  max|de|= 1.94e-16  lindep= 0.997
davidson 14 7  |r|= 0.000744  e= [0.17825457 0.1789032  0.21177122 0.22020899 0.22027211]  max|de|= -5.14e-06  lindep= 0.895
davidson 15 9  |r|= 0.000446  e= [0.17825457 0.1789032  0.2117697  0.22020828 0.22027211]  max|de|= -1.52e-06  lindep= 0.779
davidson 16 11  |r|= 0.000264  e= [0.17825457 0.1789032  0.21176935 0.22020803 0.22027211]  max|de|= -3.52e-07  lindep= 0.751
davidson 17 13  |r|= 0.000243  e= [0.17825457 0.1789032  0.21176923 0.22020789 0.22027211]  max|de|= -1.43e-07  lindep= 0.818
davidson 18 15  |r|= 0.000222  e= [0.17825457 0.1789032  0.21176916 0.22020767 0.22027211]  max|de|= -2.19e-07  lindep=  0.8
davidson 19 17  |r|= 5.72e-05  e= [0.17825457 0.1789032  0.21176916 0.22020761 0.22027211]  max|de|= -5.86e-08  lindep= 0.811
root 2 converged  |r|= 2.12e-05  e= 0.21176915750395953  max|de|= -2.22e-16
davidson 20 5  |r|= 5.72e-05  e= [0.17825457 0.1789032  0.21176916 0.22020761 0.22027211]  max|de|= 3.05e-16  lindep=    1
davidson 21 6  |r|= 2.71e-05  e= [0.17825457 0.1789032  0.21176916 0.22020761 0.22027211]  max|de|= -5.52e-09  lindep= 0.872
davidson 22 7  |r|= 2.71e-05  e= [0.17825457 0.1789032  0.21176916 0.22020761 0.22027211]  max|de|= -1.16e-09  lindep= 0.934
root 3 converged  |r|= 4.77e-06  e= 0.22020760663969272  max|de|= -1.46e-10
converged 23 8  |r|= 2.71e-05  e= [0.17825457 0.1789032  0.21176916 0.22020761 0.22027211]  max|de|= -1.46e-10
    CPU time for TDA    262.08 sec, wall time      9.56 sec
Excited State energies (eV)
[4.85055399 4.86820401 5.76253228 5.99215419 5.99390955]
