 
:: initializing oneAPI environment ...
   slurm_script: BASH_VERSION = 4.2.46(1)-release
   args: Using "$@" for setvars.sh arguments: --force
:: advisor -- latest
:: ccl -- latest
:: clck -- latest
:: compiler -- latest
:: dal -- latest
:: debugger -- latest
:: dev-utilities -- latest
:: dnnl -- latest
:: dpcpp-ct -- latest
:: dpl -- latest
:: inspector -- latest
:: intelpython -- latest
:: ipp -- latest
:: ippcp -- latest
:: ipp -- latest
:: itac -- latest
:: mkl -- latest
:: mpi -- latest
:: tbb -- latest
:: vpl -- latest
:: vtune -- latest
:: oneAPI environment initialized ::
 
SLURM_CPUS_PER_TASK = 28
SLURM_MEM_PER_NODE = 256000
#INFO: **** input file is /home/yangjunjie/work/py-ch3-cl/work/step_-10/main.py ****
import sys
import pyscf
from pyscf import tdscf

def main(xyz_file, basis="631g*", xc="b3lyp", output="ene.out"):
    xyz = None

    with open(xyz_file, "r") as xyz:
        xyz = xyz.readlines()[2:]
        xyz = "".join(xyz)

    mol = pyscf.gto.Mole()
    mol.atom = xyz
    mol.basis = basis
    mol.verbose = 5
    mol.build()

    if xc is not None and xc != "hf":
        mf = pyscf.scf.RKS(mol)
        mf.xc = xc
        mf.kernel()
    else:
        mf = pyscf.scf.RHF(mol)
        mf.kernel()

    ene_mf = mf.e_tot

    tda = pyscf.tdscf.TDA(mf)
    tda.nstates = 50
    tda.max_space = 600
    tda.max_cycle = 2000
    tda.kernel()

    con_tda = tda.converged
    ene_tda = tda.e[:5]
    dip_tda = tda.transition_dipole()[:5]

    rpa = pyscf.tdscf.RPA(mf)
    rpa.nstates = 50
    rpa.max_space = 600
    rpa.max_cycle = 2000
    rpa.kernel()

    con_rpa = rpa.converged
    ene_rpa = rpa.e[:5]
    dip_rpa = rpa.transition_dipole()[:5]

    with open(output, "w") as f:
        f.write(f"RKS energy: {ene_mf: 12.8f}\n")
        f.write("TDA results:\n")
        for i, (con, ene, dip) in enumerate(zip(con_tda, ene_tda, dip_tda)):
            f.write(f" {i:2d} {con} {ene: 12.8f} {dip[0]: 12.8f} {dip[1]: 12.8f} {dip[2]: 12.8f}\n")
        
        f.write("\nRPA results:\n")
        for i, (con, ene, dip) in enumerate(zip(con_rpa, ene_rpa, dip_rpa)):
            f.write(f" {i:2d} {con} {ene: 12.8f} {dip[0]: 12.8f} {dip[1]: 12.8f} {dip[2]: 12.8f}\n")

if __name__ == "__main__":
    xyz = sys.argv[1]
    main(xyz, basis="631g*", xc="b3lyp", output="out.log")
#INFO: ******************** input file end ********************


System: uname_result(system='Linux', node='pauling001', release='3.10.0-327.36.3.el7.x86_64', version='#1 SMP Thu Oct 20 04:56:07 EDT 2016', machine='x86_64')  Threads 28
Python 3.9.7 (default, Oct 27 2021, 01:23:21) 
[GCC 9.3.0]
numpy 1.21.2  scipy 1.6.2
Date: Tue Sep 27 23:24:44 2022
PySCF version 2.0.1
PySCF path  /home/yangjunjie/packages/pyscf/pyscf-main
GIT ORIG_HEAD 14b880cdc4bf7bb64f3989a147c0b04622efc498
GIT HEAD (branch master) 9d5b5bd309d1cc55fbd1a0ec76e26b5b0c7f76af

[ENV] PYSCF_MAX_MEMORY 256000
[ENV] PYSCF_TMPDIR /scratch/global/yangjunjie/
[CONFIG] conf_file /home/yangjunjie/.pyscf_conf.py
[INPUT] verbose = 5
[INPUT] max_memory = 256000 
[INPUT] num. atoms = 16
[INPUT] num. electrons = 68
[INPUT] charge = 0
[INPUT] spin (= nelec alpha-beta = 2S) = 0
[INPUT] symmetry False subgroup None
[INPUT] Mole.unit = angstrom
[INPUT]  1 C      0.000000010000   1.154817870000   1.090013070000 AA    0.000000018897   2.182289498054   2.059826174496 Bohr
[INPUT]  2 C      0.000000000000   1.201188140000   2.496016870000 AA    0.000000000000   2.269916608676   4.716788286594 Bohr
[INPUT]  3 C     -0.000000010000  -0.013505060000   3.167676020000 AA   -0.000000018897  -0.025520864696   5.986040129152 Bohr
[INPUT]  4 C     -0.000000010000  -1.213041200000   2.472726600000 AA   -0.000000018897  -2.292315645814   4.672776054927 Bohr
[INPUT]  5 C      0.000000000000  -1.141127980000   1.066985210000 AA    0.000000000000  -2.156419355278   2.016309825862 Bohr
[INPUT]  6 N      0.000000010000   0.015483750000   0.430242220000 AA    0.000000018897   0.029260046881   0.813039963025 Bohr
[INPUT]  7 C      0.000000000000   0.002543760000  -2.063794230000 AA    0.000000000000   0.004807009727  -3.900005872158 Bohr
[INPUT]  8 H      0.000000020000   2.063577440000   0.496034340000 AA    0.000000037795   3.899596198431   0.937369050979 Bohr
[INPUT]  9 H      0.000000000000   2.149298090000   2.998906440000 AA    0.000000000000   4.061584750151   5.667111844794 Bohr
[INPUT] 10 H     -0.000000010000  -0.023537440000   4.256458780000 AA   -0.000000018897  -0.044479315273   8.043541354700 Bohr
[INPUT] 11 H     -0.000000020000  -2.171416360000   2.956646660000 AA   -0.000000037795  -4.103382222800   5.587252434510 Bohr
[INPUT] 12 H      0.000000000000  -2.035309240000   0.454289170000 AA    0.000000000000  -3.846177042397   0.858482112656 Bohr
[INPUT] 13 H     -0.000000030000   1.030748450000  -1.727641640000 AA   -0.000000056692   1.947832273820  -3.264769540994 Bohr
[INPUT] 14 H     -0.889907440000  -0.504811970000  -1.715421440000 AA   -1.681681337813  -0.953956367702  -3.241676709807 Bohr
[INPUT] 15 H      0.889907470000  -0.504811920000  -1.715421450000 AA    1.681681394505  -0.953956273216  -3.241676728704 Bohr
[INPUT] 16 Cl    -0.000000010000  -0.001833750000  -3.889971120000 AA   -0.000000018897  -0.003465285281  -7.350980049268 Bohr
[INPUT] ---------------- BASIS SET ---------------- 
[INPUT] l, kappa, [nprim/nctr], expnt,             c_1 c_2 ...
[INPUT] H
[INPUT] 0    0    [3    /1   ]  18.731137         0.0334946
                                2.8253937         0.23472695
                                0.6401217         0.81375733
[INPUT] 0    0    [1    /1   ]  0.1612778            1
[INPUT] N
[INPUT] 0    0    [6    /1   ]  4173.511          0.0018348
                                627.4579          0.013995
                                142.9021          0.068587
                                40.23433          0.232241
                                12.82021          0.46907
                                4.390437          0.360455
[INPUT] 0    0    [3    /1   ]  11.626358         -0.114961
                                2.71628           -0.169118
                                0.772218          1.145852
[INPUT] 0    0    [1    /1   ]  0.2120313            1
[INPUT] 1    0    [3    /1   ]  11.626358         0.06758
                                2.71628           0.323907
                                0.772218          0.740895
[INPUT] 1    0    [1    /1   ]  0.2120313            1
[INPUT] 2    0    [1    /1   ]  0.8                  1
[INPUT] Cl
[INPUT] 0    0    [6    /1   ]  25180.1           0.001833
                                3780.35           0.014034
                                860.474           0.069097
                                242.145           0.237452
                                77.3349           0.483034
                                26.247            0.339856
[INPUT] 0    0    [6    /1   ]  491.765           -0.0022974
                                116.984           -0.030714
                                37.4153           -0.112528
                                13.7834           0.045016
                                5.45215           0.589353
                                2.22588           0.465206
[INPUT] 0    0    [3    /1   ]  3.18649           -0.25183
                                1.14427           0.061589
                                0.420377          1.06018
[INPUT] 0    0    [1    /1   ]  0.142657             1
[INPUT] 1    0    [6    /1   ]  491.765           0.0039894
                                116.984           0.030318
                                37.4153           0.12988
                                13.7834           0.327951
                                5.45215           0.453527
                                2.22588           0.252154
[INPUT] 1    0    [3    /1   ]  3.18649           -0.014299
                                1.14427           0.323572
                                0.420377          0.743507
[INPUT] 1    0    [1    /1   ]  0.142657             1
[INPUT] 2    0    [1    /1   ]  0.75                 1
[INPUT] C
[INPUT] 0    0    [6    /1   ]  3047.5249         0.0018347
                                457.36951         0.0140373
                                103.94869         0.0688426
                                29.210155         0.2321844
                                9.286663          0.4679413
                                3.163927          0.362312
[INPUT] 0    0    [3    /1   ]  7.8682724         -0.1193324
                                1.8812885         -0.1608542
                                0.5442493         1.1434564
[INPUT] 0    0    [1    /1   ]  0.1687144            1
[INPUT] 1    0    [3    /1   ]  7.8682724         0.0689991
                                1.8812885         0.316424
                                0.5442493         0.7443083
[INPUT] 1    0    [1    /1   ]  0.1687144            1
[INPUT] 2    0    [1    /1   ]  0.8                  1

nuclear repulsion = 379.051508441242
number of shells = 66
number of NR pGTOs = 272
number of NR cGTOs = 132
basis = 631g*
ecp = {}
CPU time:         0.39


******** <class 'pyscf.dft.rks.RKS'> ********
method = RKS
initial guess = minao
damping factor = 0
level_shift factor = 0
DIIS = <class 'pyscf.scf.diis.CDIIS'>
diis_start_cycle = 1
diis_space = 8
SCF conv_tol = 1e-09
SCF conv_tol_grad = None
SCF max_cycles = 50
direct_scf = True
direct_scf_tol = 1e-13
chkfile to save SCF result = /scratch/global/yangjunjie/tmpd22rtrvv
max_memory 256000 MB (current use 81 MB)
XC library pyscf.dft.libxc version 5.2.0
    S. Lehtola, C. Steigemann, M. J. Oliveira, and M. A. Marques, SoftwareX 7, 1 (2018)
XC functionals = b3lyp
    P. A. M. Dirac, Math. Proc. Cambridge Philos. Soc. 26, 376 (1930)
    F. Bloch, Z. Phys. 57, 545 (1929)
    A. D. Becke, Phys. Rev. A 38, 3098 (1988)
    C. Lee, W. Yang, and R. G. Parr, Phys. Rev. B 37, 785 (1988)
    B. Miehlich, A. Savin, H. Stoll, and H. Preuss, Chem. Phys. Lett. 157, 200 (1989)
    S. H. Vosko, L. Wilk, and M. Nusair, Can. J. Phys. 58, 1200 (1980)
radial grids: 
    Treutler-Ahlrichs [JCP 102, 346 (1995); DOI:10.1063/1.469408] (M4) radial grids
    
becke partition: Becke, JCP 88, 2547 (1988); DOI:10.1063/1.454033
pruning grids: <function nwchem_prune at 0x7f6c86221ee0>
grids dens level: 3
symmetrized grids: False
atomic radii adjust function: <function treutler_atomic_radii_adjust at 0x7f6c86221e50>
small_rho_cutoff = 1e-07
Set gradient conv threshold to 3.16228e-05
atom C rad-grids = 75, ang-grids = [ 50  50  50  50  50  50  50  50  50  50  50  50  50  50  50  50  50  50
  50  50  50  50  50  86  86  86  86  86  86  86  86  86  86 266 266 266
 266 266 266 266 302 302 302 302 302 302 302 302 302 302 302 302 302 302
 302 302 302 302 302 302 266 266 266 266 266 266 266 266 266 266 266 266
 266 266 266]
atom N rad-grids = 75, ang-grids = [ 50  50  50  50  50  50  50  50  50  50  50  50  50  50  50  50  50  50
  50  50  50  50  50  86  86  86  86  86  86  86  86  86 266 266 266 266
 266 266 266 302 302 302 302 302 302 302 302 302 302 302 302 302 302 302
 302 302 302 302 266 266 266 266 266 266 266 266 266 266 266 266 266 266
 266 266 266]
atom H rad-grids = 50, ang-grids = [ 50  50  50  50  50  50  50  50  50  50  50  50  50  50  86  86  86  86
 266 266 266 266 302 302 302 302 302 302 302 302 302 302 302 302 302 266
 266 266 266 266 266 266 266 266 266 266 266 266 266 266]
atom Cl rad-grids = 80, ang-grids = [ 50  50  50  50  50  50  50  50  50  50  50  50  50  50  50  50  50  50
  50  50  50  50  50  50  86  86  86  86  86  86  86  86  86  86  86  86
  86 350 350 350 350 350 350 350 350 350 434 434 434 434 434 434 434 434
 434 434 434 434 434 434 434 434 434 434 350 350 350 350 350 350 350 350
 350 350 350 350 350 350 350 350]
tot grids = 196530
Drop grids 33352
    CPU time for setting up grids      3.12 sec, wall time      0.12 sec
nelec by numeric integration = 67.976419582405
    CPU time for vxc      5.82 sec, wall time      0.21 sec
E1 = -1771.2692520275073  Ecoul = 713.5499586116198  Exc = -70.39039321637836
init E= -749.058178191024
cond(S) = 6307.76728252581
    CPU time for initialize scf     15.85 sec, wall time      0.64 sec
  HOMO = -0.291800858951879  LUMO = -0.0947809690173388
  mo_energy =
[-1.01597147e+02 -1.44115384e+01 -1.02918910e+01 -1.02903958e+01
 -1.02901520e+01 -1.02892994e+01 -1.02854600e+01 -1.02847597e+01
 -9.53807628e+00 -7.29396814e+00 -7.29278533e+00 -7.29278463e+00
 -1.10581143e+00 -9.40786324e-01 -9.29418922e-01 -8.84843461e-01
 -7.60349821e-01 -7.17559968e-01 -7.00536663e-01 -5.77844484e-01
 -5.31675279e-01 -5.15177508e-01 -4.75275527e-01 -4.74694820e-01
 -4.62705498e-01 -4.62167984e-01 -4.37994323e-01 -4.25873954e-01
 -4.03666196e-01 -3.44895012e-01 -3.43298185e-01 -3.27811193e-01
 -2.94127620e-01 -2.91800859e-01 -9.47809690e-02 -8.31414855e-02
 -3.35832998e-02  5.27303605e-02  6.84575579e-02  7.72329593e-02
  9.11506511e-02  1.14604893e-01  1.22373362e-01  1.22985107e-01
  1.44554874e-01  1.67365962e-01  2.05484579e-01  2.39931720e-01
  2.56419788e-01  2.57894239e-01  3.59547671e-01  3.83497517e-01
  4.03182603e-01  4.14643771e-01  4.14666087e-01  4.24756651e-01
  4.63817290e-01  4.76258682e-01  4.87035576e-01  5.10114865e-01
  5.28469088e-01  5.39113689e-01  5.43089995e-01  5.53078901e-01
  5.55593010e-01  5.58385321e-01  5.74041049e-01  6.07839931e-01
  6.30396018e-01  6.40290109e-01  7.01346713e-01  7.64111626e-01
  7.70410271e-01  7.89042103e-01  7.90009152e-01  7.95463325e-01
  8.02210618e-01  8.05832437e-01  8.25007337e-01  8.39637377e-01
  8.50891583e-01  8.73195741e-01  8.79920994e-01  8.98803898e-01
  9.10918588e-01  9.26420511e-01  9.77911990e-01  1.01119891e+00
  1.03522888e+00  1.08232704e+00  1.12160014e+00  1.15869760e+00
  1.16893696e+00  1.17946301e+00  1.30772821e+00  1.35136967e+00
  1.39354313e+00  1.41417411e+00  1.41671776e+00  1.44915131e+00
  1.45505149e+00  1.49924801e+00  1.62413556e+00  1.62453423e+00
  1.64527436e+00  1.70188554e+00  1.75286118e+00  1.77659518e+00
  1.86651007e+00  1.89506688e+00  1.99010376e+00  2.04942347e+00
  2.06158524e+00  2.09938586e+00  2.10337282e+00  2.12601314e+00
  2.15521891e+00  2.17230969e+00  2.18960707e+00  2.21113388e+00
  2.26627377e+00  2.30005646e+00  2.47621215e+00  2.48578455e+00
  2.58471191e+00  2.61094436e+00  2.62569128e+00  2.63526730e+00
  2.70557287e+00  2.71096734e+00  2.96188337e+00  3.32365642e+00]
nelec by numeric integration = 68.00003807939757
    CPU time for vxc      5.81 sec, wall time      0.21 sec
E1 = -1779.4327799747432  Ecoul = 723.1432719670595  Exc = -70.84050923527889
cycle= 1 E= -748.078508801721  delta_E= 0.98  |g|= 0.384  |ddm|= 3.95
    CPU time for cycle= 1      6.33 sec, wall time      0.23 sec
  HOMO = -0.191740768850727  LUMO = 0.008341360153618
  mo_energy =
[-1.01347436e+02 -1.41891391e+01 -1.01944927e+01 -1.01923319e+01
 -1.01452880e+01 -1.01260473e+01 -1.00982022e+01 -1.00979743e+01
 -9.30420928e+00 -7.06491047e+00 -7.05515642e+00 -7.05514708e+00
 -9.02776659e-01 -7.69821009e-01 -7.59096455e-01 -7.35443742e-01
 -6.17597842e-01 -6.06552048e-01 -5.99381211e-01 -5.12197710e-01
 -4.62161691e-01 -4.41926641e-01 -4.15444694e-01 -4.01115221e-01
 -3.97233087e-01 -3.74199226e-01 -3.66517042e-01 -3.47560869e-01
 -3.33208831e-01 -2.51676933e-01 -2.38083616e-01 -2.22273972e-01
 -2.21519588e-01 -1.91740769e-01  8.34136015e-03  1.42932319e-02
  8.39534331e-02  1.13178488e-01  1.31719222e-01  1.39253624e-01
  1.60586333e-01  1.66312296e-01  1.76122926e-01  1.84229357e-01
  1.87088413e-01  2.17330928e-01  2.83697769e-01  3.11774956e-01
  3.36850686e-01  3.44100455e-01  4.62692999e-01  4.72282100e-01
  4.78710936e-01  5.17584673e-01  5.17780682e-01  5.22468223e-01
  5.31618220e-01  5.62584982e-01  5.71951371e-01  5.94718544e-01
  6.03536096e-01  6.03679557e-01  6.20145106e-01  6.22406931e-01
  6.33507905e-01  6.39853934e-01  6.73394005e-01  6.74973888e-01
  7.14036307e-01  7.23265314e-01  7.91926646e-01  8.29457983e-01
  8.50433684e-01  8.75196219e-01  8.76295070e-01  9.01068471e-01
  9.12276964e-01  9.22648692e-01  9.31725344e-01  9.54594257e-01
  9.56711401e-01  9.77193608e-01  9.85251201e-01  1.00411393e+00
  1.02876440e+00  1.02922028e+00  1.05711133e+00  1.09507628e+00
  1.10729568e+00  1.14916632e+00  1.17982863e+00  1.23660071e+00
  1.27299990e+00  1.28775163e+00  1.40802418e+00  1.42290584e+00
  1.46945138e+00  1.50717256e+00  1.52181554e+00  1.53974469e+00
  1.56830448e+00  1.59283812e+00  1.74012059e+00  1.74244715e+00
  1.74277311e+00  1.79640868e+00  1.87225141e+00  1.88760268e+00
  1.97241396e+00  1.99351213e+00  2.10440863e+00  2.16409752e+00
  2.16580923e+00  2.20870111e+00  2.21485196e+00  2.24448502e+00
  2.26466583e+00  2.28229892e+00  2.29849782e+00  2.31476186e+00
  2.38698127e+00  2.40700168e+00  2.57892582e+00  2.59599326e+00
  2.70393779e+00  2.72872948e+00  2.74032695e+00  2.75765992e+00
  2.83465848e+00  2.84013602e+00  3.09145860e+00  3.45233885e+00]
nelec by numeric integration = 68.00003790677515
    CPU time for vxc      6.02 sec, wall time      0.22 sec
E1 = -1771.8549212183375  Ecoul = 714.9735296207449  Exc = -70.2496906871515
cycle= 2 E= -748.079573843502  delta_E= -0.00107  |g|= 0.408  |ddm|= 0.987
    CPU time for cycle= 2      6.53 sec, wall time      0.23 sec
  HOMO = -0.255705381523722  LUMO = -0.0292323879985223
  mo_energy =
[-1.01463623e+02 -1.43531498e+01 -1.02139015e+01 -1.02131951e+01
 -1.02073576e+01 -1.01999755e+01 -1.01995870e+01 -1.01934504e+01
 -9.39852735e+00 -7.16119448e+00 -7.15170389e+00 -7.15169428e+00
 -9.63098003e-01 -8.15203851e-01 -8.05806081e-01 -7.71530160e-01
 -6.48483985e-01 -6.47775937e-01 -6.30273420e-01 -5.38654117e-01
 -4.90069313e-01 -4.84835204e-01 -4.41795929e-01 -4.23097218e-01
 -4.16299714e-01 -4.13495041e-01 -4.06684901e-01 -3.83132044e-01
 -3.69744517e-01 -3.01856262e-01 -2.69466356e-01 -2.60439377e-01
 -2.59920091e-01 -2.55705382e-01 -2.92323880e-02 -2.29859813e-02
  6.25428478e-02  9.22249281e-02  1.21792894e-01  1.29068742e-01
  1.37951874e-01  1.49453148e-01  1.55959997e-01  1.75192853e-01
  1.76420519e-01  2.08873342e-01  2.55715148e-01  2.86520639e-01
  3.11188403e-01  3.13273908e-01  4.37946241e-01  4.40740912e-01
  4.50103058e-01  4.90123994e-01  4.90549706e-01  4.91369247e-01
  5.04622604e-01  5.28421503e-01  5.47751573e-01  5.75580308e-01
  5.78600424e-01  5.79482025e-01  5.86789526e-01  5.96013278e-01
  6.04950047e-01  6.06418669e-01  6.35881073e-01  6.47186087e-01
  6.80642964e-01  6.96247860e-01  7.61147441e-01  8.15082079e-01
  8.21948005e-01  8.48383323e-01  8.50916115e-01  8.54132439e-01
  8.84763780e-01  8.91127310e-01  9.06136342e-01  9.21058966e-01
  9.29535563e-01  9.39269124e-01  9.43127952e-01  9.79827748e-01
  9.87010563e-01  9.94588934e-01  1.02599025e+00  1.06772143e+00
  1.08384738e+00  1.12464949e+00  1.15831249e+00  1.20538040e+00
  1.23969357e+00  1.24199492e+00  1.36756685e+00  1.39133735e+00
  1.44972024e+00  1.45730628e+00  1.48029241e+00  1.50668508e+00
  1.51646099e+00  1.55702336e+00  1.69872656e+00  1.71516870e+00
  1.71654177e+00  1.76140911e+00  1.82636141e+00  1.83895671e+00
  1.92879916e+00  1.96012946e+00  2.06164379e+00  2.12066970e+00
  2.12429371e+00  2.16494551e+00  2.16938070e+00  2.20686751e+00
  2.22844244e+00  2.26080963e+00  2.27726279e+00  2.27879049e+00
  2.33586526e+00  2.36232018e+00  2.54087390e+00  2.55004942e+00
  2.65863405e+00  2.68211189e+00  2.69552314e+00  2.71452903e+00
  2.78514992e+00  2.78659355e+00  3.04157249e+00  3.40557784e+00]
nelec by numeric integration = 68.00003686935585
    CPU time for vxc      5.80 sec, wall time      0.21 sec
E1 = -1775.3890845636763  Ecoul = 718.7328020509852  Exc = -70.51573320347718
cycle= 3 E= -748.120507274926  delta_E= -0.0409  |g|= 0.0789  |ddm|= 0.49
    CPU time for cycle= 3      6.32 sec, wall time      0.23 sec
  HOMO = -0.252548516932453  LUMO = -0.0298309274393114
  mo_energy =
[-1.01490138e+02 -1.43266450e+01 -1.02329443e+01 -1.02322694e+01
 -1.02159915e+01 -1.02085112e+01 -1.02081481e+01 -1.02065380e+01
 -9.42070231e+00 -7.18371835e+00 -7.17435095e+00 -7.17434088e+00
 -9.59422618e-01 -8.18104077e-01 -8.13867334e-01 -7.76395544e-01
 -6.55080844e-01 -6.49058829e-01 -6.35340848e-01 -5.41694199e-01
 -4.93306523e-01 -4.87975962e-01 -4.46380833e-01 -4.25712280e-01
 -4.20288194e-01 -4.15636842e-01 -4.08173875e-01 -3.86163241e-01
 -3.78025756e-01 -3.01527535e-01 -2.74514177e-01 -2.70140788e-01
 -2.69488546e-01 -2.52548517e-01 -2.98309274e-02 -2.71926730e-02
  5.70982817e-02  9.03712573e-02  1.19685859e-01  1.26886894e-01
  1.35918729e-01  1.48287511e-01  1.55141194e-01  1.73512019e-01
  1.75208324e-01  2.07196364e-01  2.54382688e-01  2.84214867e-01
  3.08898236e-01  3.11914083e-01  4.31384720e-01  4.36263188e-01
  4.47467143e-01  4.83271379e-01  4.83638448e-01  4.86749395e-01
  5.01202147e-01  5.26699009e-01  5.44076511e-01  5.72562451e-01
  5.74488417e-01  5.75671561e-01  5.84362042e-01  5.92300709e-01
  6.01894076e-01  6.03013129e-01  6.36457225e-01  6.43480414e-01
  6.78623017e-01  6.91815540e-01  7.58772066e-01  8.10891379e-01
  8.19665578e-01  8.45410168e-01  8.47886641e-01  8.58622045e-01
  8.78167550e-01  8.83727733e-01  9.01668800e-01  9.15866394e-01
  9.23615664e-01  9.33183547e-01  9.34021995e-01  9.74811454e-01
  9.79281525e-01  9.87712315e-01  1.02559987e+00  1.06508686e+00
  1.08051397e+00  1.12319276e+00  1.15632676e+00  1.20417740e+00
  1.23509331e+00  1.23869141e+00  1.36404060e+00  1.39232312e+00
  1.44874100e+00  1.45468019e+00  1.47534781e+00  1.50244266e+00
  1.51756044e+00  1.55835121e+00  1.69842574e+00  1.70965308e+00
  1.71078858e+00  1.76058138e+00  1.82234696e+00  1.83868462e+00
  1.92724605e+00  1.95571565e+00  2.05690246e+00  2.11643857e+00
  2.12022777e+00  2.16271542e+00  2.16581239e+00  2.20346391e+00
  2.22392745e+00  2.25622408e+00  2.27283308e+00  2.27326997e+00
  2.33408179e+00  2.36146667e+00  2.53637532e+00  2.54874275e+00
  2.65519206e+00  2.67942723e+00  2.69313263e+00  2.70992223e+00
  2.78323388e+00  2.78397592e+00  3.04011597e+00  3.40222286e+00]
nelec by numeric integration = 68.00003710907109
    CPU time for vxc      5.79 sec, wall time      0.21 sec
E1 = -1775.6737089112548  Ecoul = 719.036870297868  Exc = -70.5363235461301
cycle= 4 E= -748.121653718275  delta_E= -0.00115  |g|= 0.0325  |ddm|= 0.0911
    CPU time for cycle= 4      6.36 sec, wall time      0.23 sec
  HOMO = -0.255128109790436  LUMO = -0.0287536358076807
  mo_energy =
[-1.01484018e+02 -1.43352228e+01 -1.02299829e+01 -1.02298933e+01
 -1.02106487e+01 -1.02070441e+01 -1.02023809e+01 -1.02022432e+01
 -9.41619746e+00 -7.17900531e+00 -7.16971826e+00 -7.16970815e+00
 -9.59894225e-01 -8.15942254e-01 -8.11884356e-01 -7.74201548e-01
 -6.55593810e-01 -6.48045871e-01 -6.33292341e-01 -5.40128126e-01
 -4.91658280e-01 -4.86502520e-01 -4.44387885e-01 -4.26565297e-01
 -4.21128420e-01 -4.14273594e-01 -4.07703357e-01 -3.84587616e-01
 -3.77120873e-01 -3.00064943e-01 -2.72145327e-01 -2.69225532e-01
 -2.68542185e-01 -2.55128110e-01 -2.87536358e-02 -2.51396904e-02
  5.74103670e-02  9.14617386e-02  1.19438214e-01  1.27075450e-01
  1.37302313e-01  1.48575331e-01  1.55864362e-01  1.72548184e-01
  1.75817238e-01  2.06897266e-01  2.55587264e-01  2.86177351e-01
  3.10036305e-01  3.12747747e-01  4.32100833e-01  4.37412976e-01
  4.48478979e-01  4.83792424e-01  4.84138221e-01  4.87473803e-01
  5.03134417e-01  5.28022134e-01  5.44226855e-01  5.73603368e-01
  5.74890709e-01  5.77675068e-01  5.86996075e-01  5.93826978e-01
  6.04111521e-01  6.05245146e-01  6.35362707e-01  6.45186272e-01
  6.80853152e-01  6.92140796e-01  7.58650962e-01  8.11977930e-01
  8.22118191e-01  8.45911750e-01  8.49662180e-01  8.56416249e-01
  8.78623798e-01  8.84124141e-01  9.02104059e-01  9.17620280e-01
  9.24830602e-01  9.34627703e-01  9.34731304e-01  9.76043991e-01
  9.79702231e-01  9.88048179e-01  1.02533884e+00  1.06593235e+00
  1.08101422e+00  1.12395104e+00  1.15820140e+00  1.20517116e+00
  1.23478903e+00  1.24071989e+00  1.36635988e+00  1.39273201e+00
  1.44926649e+00  1.45735186e+00  1.47848335e+00  1.50376385e+00
  1.51725739e+00  1.55635299e+00  1.69906974e+00  1.70901123e+00
  1.70994675e+00  1.76095025e+00  1.82496531e+00  1.83962884e+00
  1.92960930e+00  1.95795011e+00  2.05978166e+00  2.11913419e+00
  2.12249364e+00  2.16539824e+00  2.16714879e+00  2.20391619e+00
  2.22421345e+00  2.25543830e+00  2.27185349e+00  2.27536843e+00
  2.33595912e+00  2.36188463e+00  2.53876950e+00  2.55017033e+00
  2.65725759e+00  2.68131658e+00  2.69387362e+00  2.71192845e+00
  2.78490697e+00  2.78559400e+00  3.04037816e+00  3.40369764e+00]
nelec by numeric integration = 68.00003698829974
    CPU time for vxc      5.79 sec, wall time      0.21 sec
E1 = -1775.5981654685281  Ecoul = 718.9562076228499  Exc = -70.53142436760089
cycle= 5 E= -748.121873772037  delta_E= -0.00022  |g|= 0.0105  |ddm|= 0.0391
    CPU time for cycle= 5      6.34 sec, wall time      0.23 sec
  HOMO = -0.253588610019118  LUMO = -0.0283211179007764
  mo_energy =
[-1.01481535e+02 -1.43321800e+01 -1.02271777e+01 -1.02269407e+01
 -1.02124046e+01 -1.02046400e+01 -1.02036407e+01 -1.02035795e+01
 -9.41429947e+00 -7.17704062e+00 -7.16776604e+00 -7.16775583e+00
 -9.58216063e-01 -8.15734980e-01 -8.11625895e-01 -7.73488441e-01
 -6.54531558e-01 -6.47460903e-01 -6.32997580e-01 -5.39890231e-01
 -4.91126225e-01 -4.86425328e-01 -4.44044216e-01 -4.25586928e-01
 -4.20240329e-01 -4.14247228e-01 -4.06835604e-01 -3.84428795e-01
 -3.76340490e-01 -3.00001323e-01 -2.71690379e-01 -2.68490550e-01
 -2.67820707e-01 -2.53588610e-01 -2.83211179e-02 -2.47063547e-02
  5.82949686e-02  9.14522516e-02  1.19932705e-01  1.27548796e-01
  1.37722913e-01  1.48772235e-01  1.55904666e-01  1.73244266e-01
  1.75890102e-01  2.07504366e-01  2.55918055e-01  2.86083411e-01
  3.10395597e-01  3.13307733e-01  4.32707620e-01  4.37812838e-01
  4.48842456e-01  4.84326222e-01  4.84677631e-01  4.88012275e-01
  5.03486043e-01  5.28228283e-01  5.44741910e-01  5.74217282e-01
  5.75553453e-01  5.78009766e-01  5.86742253e-01  5.94112100e-01
  6.04071435e-01  6.05170541e-01  6.36582866e-01  6.45552920e-01
  6.80485431e-01  6.93233198e-01  7.59671011e-01  8.12649767e-01
  8.21408499e-01  8.46517671e-01  8.49622571e-01  8.57829997e-01
  8.79506161e-01  8.85018170e-01  9.02592959e-01  9.17880878e-01
  9.25217429e-01  9.34907848e-01  9.35607322e-01  9.76532068e-01
  9.80666480e-01  9.88888442e-01  1.02627421e+00  1.06638405e+00
  1.08153515e+00  1.12444636e+00  1.15799169e+00  1.20546660e+00
  1.23564868e+00  1.24113614e+00  1.36665404e+00  1.39307568e+00
  1.44981172e+00  1.45716375e+00  1.47830592e+00  1.50492276e+00
  1.51842624e+00  1.55753141e+00  1.69976774e+00  1.71018574e+00
  1.71115450e+00  1.76185150e+00  1.82505330e+00  1.84008657e+00
  1.92932880e+00  1.95837906e+00  2.05995350e+00  2.11927084e+00
  2.12296206e+00  2.16510701e+00  2.16817481e+00  2.20482969e+00
  2.22531171e+00  2.25651263e+00  2.27297376e+00  2.27598584e+00
  2.33597710e+00  2.36297762e+00  2.53917574e+00  2.55063315e+00
  2.65768039e+00  2.68165136e+00  2.69477420e+00  2.71254384e+00
  2.78530584e+00  2.78595613e+00  3.04151001e+00  3.40431892e+00]
nelec by numeric integration = 68.00003703026445
    CPU time for vxc      5.79 sec, wall time      0.21 sec
E1 = -1775.5374897809631  Ecoul = 718.8917191274492  Exc = -70.52763691032405
cycle= 6 E= -748.121899122596  delta_E= -2.54e-05  |g|= 0.00471  |ddm|= 0.0158
    CPU time for cycle= 6      6.32 sec, wall time      0.23 sec
  HOMO = -0.253935336752437  LUMO = -0.0283752011754464
  mo_energy =
[-1.01481586e+02 -1.43329333e+01 -1.02282287e+01 -1.02279923e+01
 -1.02115356e+01 -1.02047694e+01 -1.02032687e+01 -1.02032376e+01
 -9.41438336e+00 -7.17711829e+00 -7.16784664e+00 -7.16783640e+00
 -9.58828441e-01 -8.15714746e-01 -8.11666179e-01 -7.73736820e-01
 -6.54609882e-01 -6.47589017e-01 -6.33033013e-01 -5.39922728e-01
 -4.91272247e-01 -4.86397346e-01 -4.44189908e-01 -4.25765692e-01
 -4.20370478e-01 -4.14167772e-01 -4.07092280e-01 -3.84445279e-01
 -3.76434666e-01 -2.99968426e-01 -2.71871747e-01 -2.68610118e-01
 -2.67941451e-01 -2.53935337e-01 -2.83752012e-02 -2.48450612e-02
  5.81731728e-02  9.15312660e-02  1.19875229e-01  1.27463234e-01
  1.37650487e-01  1.48774655e-01  1.55972261e-01  1.73112243e-01
  1.75926193e-01  2.07387199e-01  2.55824361e-01  2.86146263e-01
  3.10340263e-01  3.13176666e-01  4.32670608e-01  4.37709254e-01
  4.48767431e-01  4.84216510e-01  4.84566525e-01  4.87826368e-01
  5.03377213e-01  5.28208065e-01  5.44673044e-01  5.74067949e-01
  5.75424078e-01  5.77895841e-01  5.86806385e-01  5.94077660e-01
  6.04106491e-01  6.05206119e-01  6.36284496e-01  6.45440800e-01
  6.80654261e-01  6.92975218e-01  7.59451112e-01  8.12471925e-01
  8.21717608e-01  8.46415553e-01  8.49662756e-01  8.57510019e-01
  8.79363955e-01  8.84881469e-01  9.02599370e-01  9.17896288e-01
  9.25190331e-01  9.34916625e-01  9.35475055e-01  9.76462560e-01
  9.80524896e-01  9.88776928e-01  1.02605242e+00  1.06630228e+00
  1.08146748e+00  1.12432762e+00  1.15808940e+00  1.20540878e+00
  1.23549428e+00  1.24101433e+00  1.36653533e+00  1.39301600e+00
  1.44968338e+00  1.45723612e+00  1.47838293e+00  1.50451284e+00
  1.51807564e+00  1.55731349e+00  1.69957007e+00  1.71002829e+00
  1.71100395e+00  1.76160371e+00  1.82503846e+00  1.83999351e+00
  1.92943998e+00  1.95820754e+00  2.05988551e+00  2.11923412e+00
  2.12277458e+00  2.16522465e+00  2.16783795e+00  2.20467082e+00
  2.22507638e+00  2.25637280e+00  2.27282571e+00  2.27579428e+00
  2.33605371e+00  2.36262801e+00  2.53902728e+00  2.55049931e+00
  2.65754562e+00  2.68157516e+00  2.69455536e+00  2.71236999e+00
  2.78526590e+00  2.78586242e+00  3.04121988e+00  3.40419178e+00]
nelec by numeric integration = 68.00003701360515
    CPU time for vxc      6.37 sec, wall time      0.23 sec
E1 = -1775.551985020405  Ecoul = 718.9067315371302  Exc = -70.52816030472104
cycle= 7 E= -748.121905346754  delta_E= -6.22e-06  |g|= 0.000479  |ddm|= 0.00492
    CPU time for cycle= 7      7.24 sec, wall time      0.26 sec
  HOMO = -0.253908715237251  LUMO = -0.0283612164822334
  mo_energy =
[-1.01481830e+02 -1.43328807e+01 -1.02281457e+01 -1.02279418e+01
 -1.02116463e+01 -1.02049862e+01 -1.02031594e+01 -1.02031488e+01
 -9.41457027e+00 -7.17731337e+00 -7.16803801e+00 -7.16802779e+00
 -9.58792250e-01 -8.15750177e-01 -8.11712935e-01 -7.73692428e-01
 -6.54673507e-01 -6.47563970e-01 -6.33011740e-01 -5.39909580e-01
 -4.91244121e-01 -4.86372406e-01 -4.44157128e-01 -4.25801395e-01
 -4.20419938e-01 -4.14182888e-01 -4.07079995e-01 -3.84427887e-01
 -3.76505457e-01 -2.99963044e-01 -2.71834806e-01 -2.68682780e-01
 -2.68010175e-01 -2.53908715e-01 -2.83612165e-02 -2.48121403e-02
  5.81120351e-02  9.15168263e-02  1.19867713e-01  1.27470845e-01
  1.37674877e-01  1.48774890e-01  1.55973009e-01  1.73088871e-01
  1.75932926e-01  2.07383035e-01  2.55835239e-01  2.86158065e-01
  3.10358793e-01  3.13201823e-01  4.32609115e-01  4.37721272e-01
  4.48779054e-01  4.84165316e-01  4.84514779e-01  4.87790666e-01
  5.03395622e-01  5.28219885e-01  5.44639085e-01  5.74085210e-01
  5.75416493e-01  5.77927612e-01  5.86815812e-01  5.94069075e-01
  6.04115846e-01  6.05214016e-01  6.36290331e-01  6.45468954e-01
  6.80659306e-01  6.92991542e-01  7.59450433e-01  8.12498030e-01
  8.21703658e-01  8.46429831e-01  8.49687291e-01  8.57525039e-01
  8.79312128e-01  8.84813169e-01  9.02566082e-01  9.17869296e-01
  9.25169263e-01  9.34889541e-01  9.35401991e-01  9.76454300e-01
  9.80457876e-01  9.88721041e-01  1.02607346e+00  1.06630101e+00
  1.08144489e+00  1.12433081e+00  1.15809608e+00  1.20542704e+00
  1.23544733e+00  1.24104113e+00  1.36656231e+00  1.39302740e+00
  1.44970180e+00  1.45725456e+00  1.47839581e+00  1.50455379e+00
  1.51810635e+00  1.55731948e+00  1.69959602e+00  1.70995225e+00
  1.71091851e+00  1.76162239e+00  1.82505502e+00  1.84001318e+00
  1.92944716e+00  1.95824426e+00  2.05990636e+00  2.11926141e+00
  2.12281112e+00  2.16523386e+00  2.16787364e+00  2.20464395e+00
  2.22504966e+00  2.25630857e+00  2.27275783e+00  2.27582886e+00
  2.33606156e+00  2.36266010e+00  2.53906184e+00  2.55051832e+00
  2.65757553e+00  2.68159805e+00  2.69458691e+00  2.71240837e+00
  2.78528752e+00  2.78588268e+00  3.04125436e+00  3.40422230e+00]
nelec by numeric integration = 68.0000370196374
    CPU time for vxc      5.91 sec, wall time      0.21 sec
E1 = -1775.5533850091347  Ecoul = 718.9082594560044  Exc = -70.52828829228719
cycle= 8 E= -748.121905404175  delta_E= -5.74e-08  |g|= 0.000176  |ddm|= 0.000641
    CPU time for cycle= 8      6.70 sec, wall time      0.24 sec
  HOMO = -0.253911021421022  LUMO = -0.0283572806787592
  mo_energy =
[-1.01481832e+02 -1.43328842e+01 -1.02281456e+01 -1.02279194e+01
 -1.02115995e+01 -1.02049499e+01 -1.02031958e+01 -1.02031704e+01
 -9.41456499e+00 -7.17731006e+00 -7.16803290e+00 -7.16802268e+00
 -9.58791985e-01 -8.15741840e-01 -8.11703620e-01 -7.73695594e-01
 -6.54662865e-01 -6.47566164e-01 -6.33009928e-01 -5.39906123e-01
 -4.91243972e-01 -4.86378925e-01 -4.44161161e-01 -4.25790967e-01
 -4.20407727e-01 -4.14174277e-01 -4.07077042e-01 -3.84428864e-01
 -3.76497165e-01 -2.99959056e-01 -2.71838501e-01 -2.68675146e-01
 -2.68002902e-01 -2.53911021e-01 -2.83572807e-02 -2.48159120e-02
  5.81214483e-02  9.15196870e-02  1.19872284e-01  1.27471446e-01
  1.37674342e-01  1.48774799e-01  1.55975357e-01  1.73096268e-01
  1.75931344e-01  2.07387904e-01  2.55836495e-01  2.86159164e-01
  3.10358381e-01  3.13199619e-01  4.32607787e-01  4.37721294e-01
  4.48780280e-01  4.84171110e-01  4.84520670e-01  4.87798067e-01
  5.03397022e-01  5.28220215e-01  5.44647066e-01  5.74084722e-01
  5.75419567e-01  5.77923741e-01  5.86816701e-01  5.94077010e-01
  6.04118947e-01  6.05215780e-01  6.36292725e-01  6.45466001e-01
  6.80659764e-01  6.92993824e-01  7.59455250e-01  8.12497078e-01
  8.21711911e-01  8.46429740e-01  8.49680673e-01  8.57525979e-01
  8.79320194e-01  8.84823423e-01  9.02571604e-01  9.17873113e-01
  9.25174573e-01  9.34894655e-01  9.35411672e-01  9.76458041e-01
  9.80464146e-01  9.88727299e-01  1.02607307e+00  1.06630191e+00
  1.08145041e+00  1.12433355e+00  1.15809579e+00  1.20542488e+00
  1.23545383e+00  1.24104076e+00  1.36656197e+00  1.39302781e+00
  1.44970110e+00  1.45725221e+00  1.47839975e+00  1.50455363e+00
  1.51810596e+00  1.55732221e+00  1.69959416e+00  1.70996958e+00
  1.71093745e+00  1.76162460e+00  1.82505654e+00  1.84001441e+00
  1.92944840e+00  1.95824066e+00  2.05990919e+00  2.11926001e+00
  2.12280823e+00  2.16523540e+00  2.16787410e+00  2.20465367e+00
  2.22505957e+00  2.25632416e+00  2.27277433e+00  2.27582638e+00
  2.33606480e+00  2.36266032e+00  2.53905970e+00  2.55052010e+00
  2.65757406e+00  2.68159896e+00  2.69458598e+00  2.71240551e+00
  2.78528851e+00  2.78588525e+00  3.04125458e+00  3.40422193e+00]
nelec by numeric integration = 68.00003701913293
    CPU time for vxc      5.80 sec, wall time      0.21 sec
E1 = -1775.552996145119  Ecoul = 718.9078491876135  Exc = -70.52826689480537
cycle= 9 E= -748.121905411069  delta_E= -6.89e-09  |g|= 5.02e-05  |ddm|= 0.000167
    CPU time for cycle= 9      6.35 sec, wall time      0.23 sec
  HOMO = -0.253915810687586  LUMO = -0.0283623958801386
  mo_energy =
[-1.01481804e+02 -1.43328907e+01 -1.02281452e+01 -1.02279338e+01
 -1.02116159e+01 -1.02049413e+01 -1.02031930e+01 -1.02031794e+01
 -9.41454167e+00 -7.17728640e+00 -7.16800913e+00 -7.16799892e+00
 -9.58797154e-01 -8.15741237e-01 -8.11701219e-01 -7.73699696e-01
 -6.54659088e-01 -6.47570691e-01 -6.33014011e-01 -5.39910227e-01
 -4.91249228e-01 -4.86381525e-01 -4.44164104e-01 -4.25790974e-01
 -4.20406864e-01 -4.14177861e-01 -4.07080336e-01 -3.84432942e-01
 -3.76491168e-01 -2.99964134e-01 -2.71841823e-01 -2.68665123e-01
 -2.67993441e-01 -2.53915811e-01 -2.83623959e-02 -2.48197762e-02
  5.81261563e-02  9.15186615e-02  1.19870737e-01  1.27470267e-01
  1.37669970e-01  1.48773456e-01  1.55972755e-01  1.73096167e-01
  1.75930766e-01  2.07385781e-01  2.55833207e-01  2.86155683e-01
  3.10354510e-01  3.13196180e-01  4.32616965e-01  4.37719454e-01
  4.48777340e-01  4.84178152e-01  4.84527746e-01  4.87801947e-01
  5.03393259e-01  5.28216707e-01  5.44647924e-01  5.74081793e-01
  5.75419593e-01  5.77920974e-01  5.86812522e-01  5.94073591e-01
  6.04113980e-01  6.05212876e-01  6.36289951e-01  6.45463014e-01
  6.80655956e-01  6.92991218e-01  7.59452665e-01  8.12494533e-01
  8.21706919e-01  8.46427132e-01  8.49678357e-01  8.57522861e-01
  8.79325511e-01  8.84830411e-01  9.02572471e-01  9.17875866e-01
  9.25174924e-01  9.34895461e-01  9.35420486e-01  9.76457955e-01
  9.80471829e-01  9.88732782e-01  1.02606988e+00  1.06630090e+00
  1.08145041e+00  1.12433100e+00  1.15809272e+00  1.20542156e+00
  1.23545800e+00  1.24103561e+00  1.36655736e+00  1.39302408e+00
  1.44969785e+00  1.45724715e+00  1.47839427e+00  1.50454945e+00
  1.51810072e+00  1.55731880e+00  1.69958970e+00  1.70997176e+00
  1.71094021e+00  1.76162073e+00  1.82505179e+00  1.84000934e+00
  1.92944376e+00  1.95823697e+00  2.05990401e+00  2.11925523e+00
  2.12280403e+00  2.16522976e+00  2.16786980e+00  2.20465225e+00
  2.22505866e+00  2.25632526e+00  2.27277550e+00  2.27582266e+00
  2.33605872e+00  2.36265546e+00  2.53905550e+00  2.55051495e+00
  2.65756916e+00  2.68159394e+00  2.69458082e+00  2.71240088e+00
  2.78528344e+00  2.78587904e+00  3.04124928e+00  3.40421671e+00]
nelec by numeric integration = 68.00003701873288
    CPU time for vxc      5.78 sec, wall time      0.21 sec
E1 = -1775.5528977349666  Ecoul = 718.9077417641915  Exc = -70.52825788220389
cycle= 10 E= -748.121905411737  delta_E= -6.68e-10  |g|= 1.96e-05  |ddm|= 8.41e-05
    CPU time for cycle= 10      6.30 sec, wall time      0.22 sec
  HOMO = -0.253916081350349  LUMO = -0.0283613297597154
  mo_energy =
[-1.01481816e+02 -1.43328935e+01 -1.02281492e+01 -1.02279198e+01
 -1.02116121e+01 -1.02049425e+01 -1.02032003e+01 -1.02031717e+01
 -9.41455134e+00 -7.17729621e+00 -7.16801897e+00 -7.16800876e+00
 -9.58795942e-01 -8.15742403e-01 -8.11703046e-01 -7.73698100e-01
 -6.54660234e-01 -6.47569513e-01 -6.33012704e-01 -5.39908906e-01
 -4.91247780e-01 -4.86380671e-01 -4.44162844e-01 -4.25791287e-01
 -4.20407263e-01 -4.14177403e-01 -4.07079482e-01 -3.84431722e-01
 -3.76493280e-01 -2.99963266e-01 -2.71840463e-01 -2.68668895e-01
 -2.67997046e-01 -2.53916081e-01 -2.83613298e-02 -2.48183653e-02
  5.81245301e-02  9.15187265e-02  1.19871583e-01  1.27470526e-01
  1.37671109e-01  1.48773623e-01  1.55973595e-01  1.73095756e-01
  1.75929757e-01  2.07387323e-01  2.55833976e-01  2.86156428e-01
  3.10356047e-01  3.13196718e-01  4.32614847e-01  4.37719553e-01
  4.48778505e-01  4.84175475e-01  4.84525073e-01  4.87799627e-01
  5.03394774e-01  5.28217276e-01  5.44647354e-01  5.74083348e-01
  5.75418852e-01  5.77921938e-01  5.86813752e-01  5.94074733e-01
  6.04116309e-01  6.05212713e-01  6.36290168e-01  6.45464158e-01
  6.80656721e-01  6.92992365e-01  7.59453541e-01  8.12495767e-01
  8.21708074e-01  8.46427911e-01  8.49678996e-01  8.57522721e-01
  8.79323159e-01  8.84827558e-01  9.02572031e-01  9.17874160e-01
  9.25174765e-01  9.34895377e-01  9.35416990e-01  9.76457606e-01
  9.80468814e-01  9.88730759e-01  1.02607066e+00  1.06630093e+00
  1.08145030e+00  1.12433175e+00  1.15809355e+00  1.20542236e+00
  1.23545585e+00  1.24103703e+00  1.36655883e+00  1.39302452e+00
  1.44969897e+00  1.45724813e+00  1.47839590e+00  1.50455145e+00
  1.51810174e+00  1.55731906e+00  1.69959056e+00  1.70997092e+00
  1.71093920e+00  1.76162183e+00  1.82505310e+00  1.84001024e+00
  1.92944467e+00  1.95823842e+00  2.05990573e+00  2.11925661e+00
  2.12280553e+00  2.16523086e+00  2.16787137e+00  2.20465224e+00
  2.22505895e+00  2.25632485e+00  2.27277516e+00  2.27582420e+00
  2.33605986e+00  2.36265680e+00  2.53905705e+00  2.55051606e+00
  2.65757056e+00  2.68159520e+00  2.69458218e+00  2.71240245e+00
  2.78528399e+00  2.78588107e+00  3.04125061e+00  3.40421813e+00]
nelec by numeric integration = 68.00003701900754
    CPU time for vxc      5.88 sec, wall time      0.21 sec
E1 = -1775.5529759126266  Ecoul = 718.9078263252811  Exc = -70.52826426542633
Extra cycle  E= -748.12190541153  delta_E= 2.07e-10  |g|= 3.33e-05  |ddm|= 5.36e-05
    CPU time for scf_cycle     87.01 sec, wall time      3.18 sec
    CPU time for SCF     87.01 sec, wall time      3.18 sec
converged SCF energy = -748.12190541153
Converting <class 'pyscf.dft.rks.RKS'> to RHF


******** <class 'pyscf.tdscf.rks.TDA'> for <class 'pyscf.dft.rks.RKS'> ********
nstates = 50 singlet
wfnsym = None
conv_tol = 1e-09
eigh lindep = 1e-12
eigh level_shift = 0
eigh max_space = 600
eigh max_cycle = 2000
chkfile = /scratch/global/yangjunjie/tmpd22rtrvv
max_memory 256000 MB (current use 601 MB)


davidson 0 50  |r|= 0.245  e= [0.17913302 0.18114296 0.21453368 0.22028977 0.22044698 0.224279
 0.22536687 0.27713973 0.28378577 0.2842321  0.28709354 0.30259693
 0.30483034 0.31054145 0.31638044 0.31757608 0.32066122 0.32815564
 0.3299396  0.33694052 0.33714706 0.33806743 0.34211945 0.3427391
 0.34593968 0.34670117 0.34842167 0.35395205 0.35736727 0.35782459
 0.3596453  0.36001626 0.36038072 0.36303525 0.36443195 0.36478021
 0.36786527 0.36806834 0.37011896 0.37079108 0.37294816 0.37367199
 0.37920701 0.38684025 0.38776193 0.39005391 0.39368492 0.39632738
 0.42656379 0.45685977]  max|de|= 0.457  lindep=    1
Old state -> New state
    4     ->     3 
    3     ->     4 
   22     ->    11 
   11     ->    12 
   15     ->    13 
   12     ->    14 
   13     ->    15 
   14     ->    16 
   16     ->    17 
   15     ->    18 
   17     ->    19 
   18     ->    20 
   19     ->    21 
   20     ->    22 
   21     ->    23 
   23     ->    24 
   24     ->    25 
   25     ->    26 
   26     ->    27 
   29     ->    28 
   27     ->    29 
   28     ->    30 
   32     ->    31 
   30     ->    32 
   34     ->    33 
   31     ->    34 
   33     ->    35 
   35     ->    36 
   39     ->    38 
   38     ->    39 
   48     ->    43 
   48     ->    44 
   43     ->    45 
   44     ->    46 
   46     ->    47 
   47     ->    48 
davidson 1 90  |r|= 0.0855  e= [0.17826777 0.17892241 0.21179335 0.2202133  0.22027232 0.22426161
 0.22491892 0.24840375 0.27974708 0.28013328 0.28295927 0.30097306
 0.3019756  0.30203394 0.30320414 0.30923527 0.31528157 0.31982552
 0.32400498 0.32731071 0.32914157 0.33642496 0.33650512 0.33729644
 0.33993294 0.34376471 0.34520693 0.34765146 0.35183974 0.35247741
 0.3562438  0.35861514 0.35863724 0.3593751  0.35953883 0.36220448
 0.36391478 0.36718141 0.36935136 0.36955644 0.37086446 0.37328128
 0.37351458 0.37548739 0.38107892 0.38679355 0.38731071 0.39308737
 0.39531775 0.40955179]  max|de|= -0.0511  lindep= 0.828
Old state -> New state
   13     ->    12 
   12     ->    13 
   33     ->    31 
   31     ->    33 
   43     ->    41 
   41     ->    42 
   42     ->    43 
   47     ->    49 
davidson 2 130  |r|= 0.0502  e= [0.17825461 0.17890326 0.21176928 0.22020771 0.22027211 0.22426117
 0.2249134  0.24822373 0.27968184 0.28005981 0.28277588 0.29990302
 0.30071676 0.30191331 0.3031479  0.30916486 0.31520518 0.3197641
 0.32298102 0.32717483 0.32901869 0.33630587 0.33644822 0.33718725
 0.33969652 0.34363109 0.3450729  0.34751358 0.35167387 0.35197934
 0.35603413 0.35705776 0.35843629 0.35844157 0.35945372 0.36210155
 0.36356623 0.36692806 0.368981   0.36941282 0.37011554 0.37272825
 0.37324283 0.3733605  0.37951028 0.38678341 0.38682924 0.39253451
 0.39491375 0.40348728]  max|de|= 0.0104  lindep= 0.829
Old state -> New state
   33     ->    32 
   32     ->    33 
   43     ->    42 
   42     ->    43 
   46     ->    45 
   45     ->    46 
   47     ->    48 
   48     ->    49 
davidson 3 170  |r|= 0.0456  e= [0.17825457 0.1789032  0.21176916 0.22020761 0.22027211 0.22426116
 0.22491334 0.24821991 0.27967972 0.28005709 0.28276921 0.29986974
 0.30066266 0.30191014 0.30314576 0.30916186 0.31519926 0.31976052
 0.32293036 0.3271605  0.32900658 0.33629274 0.3364415  0.33717601
 0.33964659 0.34361871 0.34505164 0.34749347 0.35165917 0.3518565
 0.35599011 0.35621289 0.35838446 0.35839437 0.35944236 0.36206793
 0.36342134 0.36688743 0.36888467 0.36937464 0.36978098 0.37211688
 0.37317661 0.37319898 0.37901647 0.38676578 0.38677649 0.39109031
 0.39283733 0.3943662 ]  max|de|= -0.00144  lindep= 0.827
Old state -> New state
   47     ->    45 
   45     ->    46 
   46     ->    47 
   47     ->    48 
   47     ->    49 
root 0 converged  |r|= 3.51e-07  e= 0.17825457296334438  max|de|= -7.58e-11
root 1 converged  |r|= 4.62e-07  e= 0.1789031990345903  max|de|= -1.22e-10
root 4 converged  |r|= 2.02e-07  e= 0.22027211226484195  max|de|= -6.76e-12
root 5 converged  |r|= 5.1e-07  e= 0.22426116496381387  max|de|= -3.4e-11
root 6 converged  |r|= 4.2e-06  e= 0.22491333742709912  max|de|= -9.65e-10
davidson 4 210  |r|= 0.0442  e= [0.17825457 0.1789032  0.21176916 0.22020761 0.22027211 0.22426116
 0.22491334 0.24821984 0.27967965 0.28005701 0.28276892 0.29986809
 0.30065964 0.30190999 0.30314571 0.30916168 0.31519896 0.31976031
 0.32292747 0.32715937 0.32900529 0.33629138 0.33644076 0.33717468
 0.339642   0.34361718 0.34504969 0.34749239 0.35165757 0.35183205
 0.35597909 0.35612493 0.3583795  0.35838872 0.35944092 0.36205833
 0.36339126 0.36687963 0.36884716 0.36937035 0.36964202 0.37196253
 0.37310334 0.37316652 0.37865736 0.38618469 0.38675385 0.38677758
 0.38858165 0.3895114 ]  max|de|= -0.00491  lindep= 0.794
root 2 converged  |r|= 2.86e-07  e= 0.21176915683056055  max|de|= -7.77e-12
root 3 converged  |r|= 4.11e-07  e= 0.22020760649823679  max|de|= -1.36e-11
davidson 5 250  |r|= 0.0287  e= [0.17825457 0.1789032  0.21176916 0.22020761 0.22027211 0.22426116
 0.22491334 0.24821984 0.27967965 0.280057   0.28276891 0.29986802
 0.3006595  0.30190998 0.30314571 0.30916168 0.31519895 0.3197603
 0.32292727 0.3271593  0.32900522 0.33629129 0.33644071 0.33717456
 0.3396418  0.34361702 0.34504959 0.3474923  0.35165738 0.35183033
 0.35597761 0.35611994 0.35837874 0.35838796 0.35944081 0.36205672
 0.36338576 0.36687795 0.3688382  0.36937004 0.36941546 0.37182525
 0.3729778  0.37314515 0.37781224 0.3854202  0.38674882 0.38674926
 0.38680868 0.38707818]  max|de|= -0.00243  lindep= 0.783
Old state -> New state
   49     ->    46 
   48     ->    47 
   46     ->    48 
   47     ->    49 
root 7 converged  |r|= 6.34e-07  e= 0.24821984062227775  max|de|= -1.57e-11
root 8 converged  |r|= 5.63e-07  e= 0.2796796498489543  max|de|= -1.43e-11
root 9 converged  |r|= 2.01e-06  e= 0.28005700439157366  max|de|= -7.82e-11
root 10 converged  |r|= 3.29e-06  e= 0.2827689105052638  max|de|= -2.81e-10
root 13 converged  |r|= 1.82e-06  e= 0.30190998352195164  max|de|= -8.46e-11
root 14 converged  |r|= 1.27e-06  e= 0.30314570776070704  max|de|= -3.97e-11
root 15 converged  |r|= 2.19e-06  e= 0.30916167897240193  max|de|= -1.06e-10
root 16 converged  |r|= 3.18e-06  e= 0.3151989512301825  max|de|= -2.25e-10
root 17 converged  |r|= 2.92e-06  e= 0.3197602994099694  max|de|= -2.13e-10
davidson 6 290  |r|= 0.00903  e= [0.17825457 0.1789032  0.21176916 0.22020761 0.22027211 0.22426116
 0.22491334 0.24821984 0.27967965 0.280057   0.28276891 0.29986801
 0.3006595  0.30190998 0.30314571 0.30916168 0.31519895 0.3197603
 0.32292726 0.3271593  0.32900522 0.33629128 0.33644071 0.33717455
 0.33964179 0.34361701 0.34504959 0.3474923  0.35165736 0.35183027
 0.35597744 0.35611955 0.35837864 0.35838788 0.3594408  0.36205657
 0.36338523 0.36687772 0.36883645 0.36937002 0.36938666 0.37180844
 0.37296032 0.37314386 0.37766044 0.38520338 0.38643901 0.38661376
 0.38673393 0.38678727]  max|de|= -0.000639  lindep= 0.745
root 11 converged  |r|= 1.9e-06  e= 0.29986801376528366  max|de|= -8.79e-11
root 12 converged  |r|= 2.2e-06  e= 0.3006594996331094  max|de|= -1.19e-10
root 18 converged  |r|= 6.36e-06  e= 0.32292725569477454  max|de|= -5.97e-10
root 19 converged  |r|= 2.29e-06  e= 0.32715929918622333  max|de|= -1.04e-10
root 20 converged  |r|= 1.39e-06  e= 0.32900521743815614  max|de|= -4.3e-11
root 21 converged  |r|= 7.45e-06  e= 0.33629128074048364  max|de|= -4.46e-10
root 22 converged  |r|= 2.06e-06  e= 0.33644070638081486  max|de|= -8.53e-11
root 23 converged  |r|= 7.6e-06  e= 0.33717454740958097  max|de|= -5.24e-10
root 24 converged  |r|= 4.61e-06  e= 0.33964179158425656  max|de|= -3.7e-10
root 25 converged  |r|= 1e-05  e= 0.34361700815048657  max|de|= -9.04e-10
root 26 converged  |r|= 3.52e-06  e= 0.345049588330801  max|de|= -1.8e-10
root 27 converged  |r|= 2.17e-06  e= 0.3474923008146238  max|de|= -8.65e-11
root 34 converged  |r|= 5.23e-06  e= 0.3594408019090999  max|de|= -4.06e-10
davidson 7 324  |r|= 0.00217  e= [0.17825457 0.1789032  0.21176916 0.22020761 0.22027211 0.22426116
 0.22491334 0.24821984 0.27967965 0.280057   0.28276891 0.29986801
 0.3006595  0.30190998 0.30314571 0.30916168 0.31519895 0.3197603
 0.32292726 0.3271593  0.32900522 0.33629128 0.33644071 0.33717455
 0.33964179 0.34361701 0.34504959 0.3474923  0.35165736 0.35183027
 0.35597743 0.35611952 0.35837863 0.35838788 0.3594408  0.36205656
 0.3633852  0.36687771 0.36883623 0.36937002 0.36938427 0.37180671
 0.3729585  0.3731438  0.37764135 0.3851774  0.38638475 0.38652454
 0.38673281 0.38678174]  max|de|= -8.92e-05  lindep= 0.758
root 28 converged  |r|= 2.51e-06  e= 0.3516573601372543  max|de|= -7.74e-11
root 29 converged  |r|= 2.33e-06  e= 0.3518302685026335  max|de|= -7.2e-11
root 30 converged  |r|= 4.79e-06  e= 0.3559774330894339  max|de|= -2.73e-10
root 32 converged  |r|= 5.91e-06  e= 0.35837863186752145  max|de|= -3.93e-10
root 33 converged  |r|= 2.58e-06  e= 0.35838787881625456  max|de|= -1.23e-10
root 35 converged  |r|= 3.31e-06  e= 0.3620565627959347  max|de|= -1.91e-10
root 36 converged  |r|= 7.94e-06  e= 0.3633851984868844  max|de|= -9.79e-10
root 37 converged  |r|= 7.79e-06  e= 0.3668777091775408  max|de|= -5.92e-10
root 39 converged  |r|= 1.96e-06  e= 0.36937001784346396  max|de|= -4.19e-11
davidson 8 345  |r|= 0.000572  e= [0.17825457 0.1789032  0.21176916 0.22020761 0.22027211 0.22426116
 0.22491334 0.24821984 0.27967965 0.280057   0.28276891 0.29986801
 0.3006595  0.30190998 0.30314571 0.30916168 0.31519895 0.3197603
 0.32292726 0.3271593  0.32900522 0.33629128 0.33644071 0.33717455
 0.33964179 0.34361701 0.34504959 0.3474923  0.35165736 0.35183027
 0.35597743 0.35611952 0.35837863 0.35838788 0.3594408  0.36205656
 0.3633852  0.36687771 0.36883621 0.36937002 0.3693841  0.37180652
 0.37295836 0.3731438  0.37763969 0.3851759  0.38638219 0.38652105
 0.38673265 0.38678158]  max|de|= -3.49e-06  lindep= 0.759
root 31 converged  |r|= 4.62e-06  e= 0.35611951593051383  max|de|= -2.04e-10
root 43 converged  |r|= 2.27e-06  e= 0.3731438028950242  max|de|= -7.37e-11
davidson 9 357  |r|= 0.000139  e= [0.17825457 0.1789032  0.21176916 0.22020761 0.22027211 0.22426116
 0.22491334 0.24821984 0.27967965 0.280057   0.28276891 0.29986801
 0.3006595  0.30190998 0.30314571 0.30916168 0.31519895 0.3197603
 0.32292726 0.3271593  0.32900522 0.33629128 0.33644071 0.33717455
 0.33964179 0.34361701 0.34504959 0.3474923  0.35165736 0.35183027
 0.35597743 0.35611952 0.35837863 0.35838788 0.3594408  0.36205656
 0.3633852  0.36687771 0.36883621 0.36937002 0.36938409 0.3718065
 0.37295835 0.3731438  0.37763955 0.38517582 0.38638209 0.38652089
 0.38673264 0.38678157]  max|de|= -1.58e-07  lindep= 0.727
root 38 converged  |r|= 3.04e-06  e= 0.3688362061676175  max|de|= -8.24e-11
root 40 converged  |r|= 9.73e-06  e= 0.36938408719321075  max|de|= -6.94e-10
root 41 converged  |r|= 9.62e-06  e= 0.3718065010625806  max|de|= -8.93e-10
root 42 converged  |r|= 1e-05  e= 0.3729583457673054  max|de|= -7.77e-10
root 49 converged  |r|= 5.93e-06  e= 0.38678157135923064  max|de|= -2.74e-10
davidson 10 367  |r|= 3.52e-05  e= [0.17825457 0.1789032  0.21176916 0.22020761 0.22027211 0.22426116
 0.22491334 0.24821984 0.27967965 0.280057   0.28276891 0.29986801
 0.3006595  0.30190998 0.30314571 0.30916168 0.31519895 0.3197603
 0.32292726 0.3271593  0.32900522 0.33629128 0.33644071 0.33717455
 0.33964179 0.34361701 0.34504959 0.3474923  0.35165736 0.35183027
 0.35597743 0.35611952 0.35837863 0.35838788 0.3594408  0.36205656
 0.3633852  0.36687771 0.36883621 0.36937002 0.36938409 0.3718065
 0.37295835 0.3731438  0.37763954 0.38517582 0.38638209 0.38652088
 0.38673263 0.38678157]  max|de|= -9.2e-09  lindep= 0.752
root 44 converged  |r|= 9.22e-06  e= 0.37763954377875464  max|de|= -6.13e-10
root 45 converged  |r|= 3.21e-06  e= 0.38517581534464007  max|de|= -1.09e-10
root 46 converged  |r|= 3.28e-06  e= 0.38638209024590064  max|de|= -1.53e-10
root 47 converged  |r|= 5.24e-06  e= 0.3865208836276725  max|de|= -2.56e-10
root 48 converged  |r|= 3.59e-06  e= 0.38673263307914857  max|de|= -1.25e-10
converged 11 372  |r|= 9.22e-06  e= [0.17825457 0.1789032  0.21176916 0.22020761 0.22027211 0.22426116
 0.22491334 0.24821984 0.27967965 0.280057   0.28276891 0.29986801
 0.3006595  0.30190998 0.30314571 0.30916168 0.31519895 0.3197603
 0.32292726 0.3271593  0.32900522 0.33629128 0.33644071 0.33717455
 0.33964179 0.34361701 0.34504959 0.3474923  0.35165736 0.35183027
 0.35597743 0.35611952 0.35837863 0.35838788 0.3594408  0.36205656
 0.3633852  0.36687771 0.36883621 0.36937002 0.36938409 0.3718065
 0.37295835 0.3731438  0.37763954 0.38517582 0.38638209 0.38652088
 0.38673263 0.38678157]  max|de|= -6.13e-10
    CPU time for TDA   1078.93 sec, wall time     40.44 sec
Excited State energies (eV)
[ 4.85055399  4.86820401  5.76253227  5.99215418  5.99390948  6.10245713
  6.12020365  6.7544059   7.61047091  7.62073925  7.69453398  8.15982428
  8.18136171  8.2153891   8.24901487  8.41271779  8.57700033  8.70112094
  8.78729821  8.90245798  8.95268797  9.15095185  9.15501793  9.17498676
  9.2421239   9.35029505  9.38927754  9.45574714  9.56908417  9.57378925
  9.68663935  9.69050562  9.75197929  9.75223092  9.78088241  9.85206089
  9.88821491  9.98325097 10.03654438 10.05107014 10.05145299 10.11737022
 10.14871352 10.15376006 10.2760954  10.4811678  10.51399221 10.51776897
 10.52353097 10.52486264]
Converting <class 'pyscf.dft.rks.RKS'> to RHF


******** <class 'pyscf.tdscf.rks.TDDFT'> for <class 'pyscf.dft.rks.RKS'> ********
nstates = 50 singlet
wfnsym = None
conv_tol = 1e-09
eigh lindep = 1e-12
eigh level_shift = 0
eigh max_space = 600
eigh max_cycle = 2000
chkfile = /scratch/global/yangjunjie/tmpd22rtrvv
max_memory 256000 MB (current use 891 MB)


davidson 0 50  |r|= 0.372  e= [0.17913302 0.18114296 0.21453368 0.22028977 0.22044698 0.224279
 0.22536687 0.27713973 0.28378577 0.2842321  0.28709354 0.30259693
 0.30483034 0.31054145 0.31638044 0.31757608 0.32066122 0.32815564
 0.3299396  0.33694052 0.33714706 0.33806743 0.34211945 0.3427391
 0.34593968 0.34670117 0.34842167 0.35395205 0.35736727 0.35782459
 0.3596453  0.36001626 0.36038072 0.36303525 0.36443195 0.36478021
 0.36786527 0.36806834 0.37011896 0.37079108 0.37294816 0.37367199
 0.37920701 0.38684025 0.38776193 0.39005391 0.39368492 0.39632738
 0.42656379 0.45685977]  max|de|= 0.457  lindep=    1
Old state -> New state
   45     ->     0 
   36     ->     1 
   49     ->     2 
    0     ->     3 
    7     ->     4 
    2     ->     5 
    4     ->     6 
    3     ->     7 
    9     ->     8 
    5     ->     9 
    6     ->    10 
    8     ->    11 
    7     ->    12 
   22     ->    13 
   10     ->    14 
    8     ->    15 
    7     ->    16 
    8     ->    17 
   10     ->    18 
   12     ->    19 
    9     ->    20 
   11     ->    21 
   14     ->    22 
   15     ->    23 
   12     ->    24 
   14     ->    25 
   14     ->    26 
   22     ->    27 
   20     ->    28 
   16     ->    29 
   14     ->    30 
   36     ->    31 
   18     ->    32 
   24     ->    33 
   19     ->    34 
   17     ->    35 
   20     ->    36 
   21     ->    37 
   25     ->    38 
   24     ->    39 
   27     ->    40 
   23     ->    41 
   29     ->    42 
   26     ->    43 
   28     ->    44 
   29     ->    45 
   31     ->    46 
   32     ->    47 
   35     ->    48 
   34     ->    49 
davidson 1 90  |r|= 0.959  e= [0.01318144 0.04487793 0.15596845 0.17817025 0.18481508 0.20992035
 0.22025416 0.22026638 0.22070958 0.22425557 0.22484713 0.22884532
 0.24731245 0.26700802 0.27195592 0.27987769 0.28312898 0.28424091
 0.28565645 0.28716225 0.2908891  0.2999489  0.30253721 0.30272146
 0.30861917 0.3150041  0.31694244 0.31833025 0.3196782  0.32321358
 0.32567438 0.32674819 0.32862925 0.32988868 0.33581037 0.33623936
 0.33827708 0.3388872  0.34453682 0.3447749  0.34993187 0.35186291
 0.35239013 0.35350976 0.35824443 0.35838471 0.35866427 0.36083468
 0.36501876 0.36662751]  max|de|= -0.377  lindep= 0.108
Old state -> New state
    8     ->     0 
    5     ->     1 
   11     ->     2 
   11     ->     3 
    3     ->     4 
    6     ->     8 
    4     ->    11 
   20     ->    12 
   17     ->    13 
   18     ->    14 
   13     ->    15 
   14     ->    16 
   21     ->    17 
   24     ->    18 
   25     ->    19 
   31     ->    20 
   22     ->    21 
   31     ->    22 
   29     ->    23 
   35     ->    24 
   32     ->    25 
   34     ->    26 
   36     ->    27 
   37     ->    28 
   41     ->    29 
   39     ->    30 
   38     ->    31 
   43     ->    32 
   42     ->    33 
   40     ->    34 
   49     ->    35 
   44     ->    36 
   45     ->    37 
   46     ->    38 
   46     ->    39 
   46     ->    40 
   48     ->    41 
   28     ->    42 
   47     ->    43 
   46     ->    44 
   49     ->    45 
   47     ->    46 
   48     ->    47 
   49     ->    48 
   47     ->    49 
davidson 2 130  |r|= 1.12  e= [0.00177523 0.07260473 0.15208799 0.17682321 0.17827673 0.20983554
 0.21841726 0.22026916 0.22098229 0.22425725 0.22461976 0.24396615
 0.27692693 0.27770615 0.27792456 0.27914046 0.28642865 0.30181836
 0.30278063 0.30870754 0.30995032 0.31483315 0.31907817 0.31959623
 0.32703817 0.32889707 0.3361246  0.33629638 0.33690728 0.33858989
 0.34315274 0.3448365  0.34736878 0.35013315 0.3518411  0.35507377
 0.35584014 0.35832727 0.35838372 0.35916586 0.36193514 0.36338487
 0.36690113 0.36862555 0.36915247 0.37050492 0.37268607 0.37317828
 0.37318689 0.37915017]  max|de|= -0.219  lindep= 0.116
Old state -> New state
    0     ->     1 
    3     ->     2 
    0     ->     3 
   21     ->     4 
    3     ->     5 
    4     ->     6 
    5     ->     7 
    7     ->     9 
   19     ->    10 
    9     ->    11 
   11     ->    12 
   18     ->    13 
   12     ->    14 
   13     ->    15 
   14     ->    16 
   15     ->    17 
   13     ->    18 
   16     ->    19 
   17     ->    20 
   18     ->    21 
   15     ->    22 
   21     ->    23 
   22     ->    24 
   23     ->    25 
   24     ->    26 
   25     ->    27 
   26     ->    28 
   27     ->    29 
   28     ->    30 
   29     ->    31 
   29     ->    32 
   30     ->    33 
   31     ->    34 
   32     ->    35 
   33     ->    36 
   34     ->    37 
   35     ->    38 
   36     ->    39 
   37     ->    40 
   38     ->    41 
   39     ->    42 
   40     ->    43 
   41     ->    44 
   42     ->    45 
   43     ->    46 
   45     ->    47 
   44     ->    48 
   46     ->    49 
davidson 3 170  |r|= 1.09  e= [0.0070056  0.05490642 0.05751904 0.07014045 0.11686358 0.17690232
 0.17835898 0.20981723 0.22004227 0.22026995 0.22306928 0.22425756
 0.23768266 0.2610582  0.27666944 0.27758667 0.27789044 0.27924011
 0.28187528 0.28633278 0.30176165 0.30356094 0.31214643 0.31484798
 0.31836802 0.31948617 0.32691001 0.32893312 0.33610143 0.33632522
 0.33681018 0.33908845 0.34171849 0.34324111 0.34553528 0.34732874
 0.35009402 0.35185703 0.35369952 0.35584354 0.35833414 0.35841426
 0.35935629 0.36196704 0.36361256 0.36694899 0.36856021 0.36911087
 0.36936069 0.37179515]  max|de|= -0.198  lindep= 0.051
Old state -> New state
    5     ->     1 
    5     ->     2 
    6     ->     3 
   12     ->     4 
    7     ->     5 
    8     ->     6 
    9     ->     7 
   11     ->     8 
   22     ->     9 
   12     ->    10 
   14     ->    11 
   15     ->    12 
   16     ->    13 
   17     ->    14 
   19     ->    15 
   15     ->    16 
   20     ->    17 
   21     ->    18 
   21     ->    19 
   23     ->    20 
   24     ->    21 
   25     ->    22 
   24     ->    23 
   26     ->    24 
   27     ->    25 
   28     ->    26 
   29     ->    27 
   30     ->    28 
   31     ->    29 
   33     ->    30 
   34     ->    31 
   35     ->    32 
   36     ->    33 
   37     ->    34 
   38     ->    35 
   39     ->    36 
   40     ->    37 
   41     ->    38 
   42     ->    39 
   43     ->    40 
   44     ->    41 
   45     ->    42 
   46     ->    43 
   47     ->    44 
   48     ->    45 
   49     ->    46 
   32     ->    48 
   47     ->    49 
davidson 4 210  |r|= 1.22  e= [0.00834519 0.17440184 0.17670988 0.17834492 0.19616809 0.20983971
 0.2200431  0.22026977 0.22425812 0.22462847 0.23764058 0.27700008
 0.27781976 0.27819223 0.27939554 0.28662114 0.28979091 0.30184122
 0.30282619 0.30876198 0.31490428 0.31880726 0.31961704 0.3242815
 0.3270578  0.32891499 0.33610789 0.33629502 0.33681003 0.33880358
 0.34323536 0.34483495 0.34738389 0.35016429 0.35179896 0.35415858
 0.3559067  0.35828116 0.35835687 0.35937463 0.36194435 0.36348826
 0.36689765 0.3682882  0.36910411 0.36933324 0.37153566 0.37266027
 0.37318006 0.37868396]  max|de|= -0.0875  lindep= 0.0787
Old state -> New state
    3     ->     1 
    0     ->     2 
   14     ->     3 
    3     ->     4 
    2     ->     5 
    3     ->     6 
    5     ->     7 
    3     ->     8 
    5     ->     9 
    6     ->    10 
    7     ->    11 
    8     ->    12 
    9     ->    13 
   10     ->    14 
   12     ->    15 
   10     ->    16 
   11     ->    17 
   12     ->    18 
   13     ->    19 
   14     ->    20 
   15     ->    21 
   17     ->    22 
   18     ->    23 
   19     ->    24 
   20     ->    25 
   21     ->    26 
   22     ->    27 
   24     ->    28 
   26     ->    29 
   24     ->    30 
   25     ->    31 
   26     ->    32 
   27     ->    33 
   28     ->    34 
   29     ->    35 
   30     ->    36 
   31     ->    37 
   32     ->    38 
   33     ->    39 
   34     ->    40 
   35     ->    41 
   36     ->    42 
   37     ->    43 
   38     ->    44 
   39     ->    45 
   40     ->    46 
   44     ->    47 
   41     ->    48 
   42     ->    49 
davidson 5 250  |r|= 1.36  e= [0.00785432 0.03141432 0.04450872 0.15769586 0.17478401 0.17689792
 0.17835221 0.19838606 0.20977397 0.20981955 0.22004591 0.22026971
 0.22425815 0.2246285  0.23787586 0.24895116 0.25001075 0.27695196
 0.27773421 0.27794792 0.27928639 0.28627066 0.30184099 0.30281823
 0.30873454 0.31488517 0.31847421 0.31960441 0.32334304 0.32626967
 0.3270889  0.32888876 0.3361197  0.33628981 0.33688046 0.33873428
 0.343219   0.34481892 0.34739379 0.35016302 0.35168724 0.3532813
 0.35589832 0.35829206 0.35830565 0.3593827  0.36191229 0.36245118
 0.36345069 0.36680307]  max|de|= -0.147  lindep= 0.0213
Old state -> New state
    5     ->     2 
    6     ->     3 
    9     ->     4 
   10     ->     5 
   11     ->     6 
   12     ->     7 
   13     ->     8 
   14     ->     9 
   14     ->    10 
   18     ->    11 
   17     ->    12 
   18     ->    13 
   19     ->    14 
   20     ->    15 
   21     ->    16 
   22     ->    17 
   23     ->    18 
   24     ->    19 
   25     ->    20 
   26     ->    21 
   27     ->    22 
   30     ->    23 
   31     ->    24 
   33     ->    25 
   32     ->    26 
   33     ->    27 
   34     ->    28 
   35     ->    29 
   36     ->    30 
   37     ->    31 
   38     ->    32 
   39     ->    33 
   40     ->    34 
   41     ->    35 
   42     ->    36 
   43     ->    37 
   44     ->    38 
   45     ->    39 
   46     ->    40 
   48     ->    41 
    2     ->    42 
   49     ->    43 
   47     ->    44 
   47     ->    45 
   15     ->    46 
   47     ->    48 
    1     ->    49 
davidson 6 290  |r|= 1.23  e= [0.01066079 0.14564983 0.1769138  0.17835154 0.2098157  0.2200451
 0.22026976 0.22425818 0.22462815 0.23777649 0.24842483 0.25986951
 0.27691454 0.27773874 0.27795726 0.27924786 0.28631809 0.30183516
 0.30282075 0.30876196 0.31488863 0.31846749 0.31961134 0.3270335
 0.3288919  0.33239899 0.33608291 0.3363071  0.33686383 0.33873845
 0.34320824 0.34481514 0.34738263 0.35013744 0.3516799  0.35257678
 0.35586568 0.35820646 0.35830652 0.35936606 0.36192267 0.36342669
 0.36361957 0.36683679 0.3684881  0.36898791 0.36930272 0.37056251
 0.37273004 0.37312755]  max|de|= 0.342  lindep= 0.027
Old state -> New state
    2     ->     1 
    0     ->     2 
    2     ->     3 
    2     ->     4 
    3     ->     5 
    0     ->     6 
    3     ->     7 
    4     ->     8 
    4     ->     9 
    5     ->    10 
    6     ->    11 
    7     ->    12 
    8     ->    13 
    9     ->    14 
    9     ->    15 
   12     ->    16 
   13     ->    17 
   14     ->    18 
   15     ->    19 
   16     ->    20 
   13     ->    21 
   17     ->    22 
   18     ->    23 
   19     ->    24 
   20     ->    25 
   21     ->    26 
   22     ->    27 
   23     ->    28 
   23     ->    29 
   24     ->    30 
   26     ->    31 
   27     ->    32 
   28     ->    33 
   29     ->    34 
   30     ->    35 
   31     ->    36 
   32     ->    37 
   33     ->    38 
   33     ->    39 
   34     ->    40 
   35     ->    41 
   36     ->    42 
   37     ->    43 
   38     ->    44 
   39     ->    45 
   40     ->    46 
   41     ->    47 
   43     ->    48 
   44     ->    49 
davidson 7 330  |r|= 1.45  e= [0.008714   0.01702952 0.08926722 0.11588563 0.17691241 0.1783515
 0.18664258 0.19573787 0.20144727 0.20980938 0.22004548 0.22026976
 0.22425817 0.22462677 0.23777925 0.25324098 0.27687963 0.27773083
 0.27795472 0.27924918 0.28628739 0.29401961 0.30183525 0.30282141
 0.30876879 0.3148895  0.31846991 0.31961913 0.32706542 0.32800965
 0.32889743 0.33608193 0.33628916 0.33686072 0.33874052 0.34321998
 0.34481444 0.34736821 0.34978643 0.35026736 0.35169296 0.35314217
 0.35584023 0.35825442 0.35832381 0.35935709 0.36190117 0.36321946
 0.36685378 0.36838069]  max|de|= 0.176  lindep= 0.0093
Old state -> New state
    0     ->     2 
    1     ->     3 
    9     ->     6 
   10     ->     7 
   11     ->     8 
   12     ->     9 
   13     ->    10 
   14     ->    11 
   14     ->    12 
   19     ->    13 
    1     ->    14 
   16     ->    15 
   17     ->    16 
   18     ->    17 
   19     ->    18 
   20     ->    19 
   22     ->    20 
   23     ->    21 
   24     ->    22 
   25     ->    23 
   26     ->    24 
   27     ->    25 
   28     ->    26 
   30     ->    27 
   31     ->    28 
   32     ->    29 
   33     ->    30 
   34     ->    31 
   35     ->    32 
   36     ->    33 
   37     ->    34 
   39     ->    35 
   40     ->    36 
   41     ->    37 
   42     ->    38 
   42     ->    39 
   43     ->    40 
   44     ->    41 
   45     ->    42 
   46     ->    43 
   47     ->    44 
   41     ->    45 
   48     ->    46 
   49     ->    47 
    7     ->    48 
root 8 converged  |r|= 9.76e-06  e= 0.22026975581586702  max|de|= -5.29e-10
davidson 8 370  |r|= 1.35  e= [0.00799536 0.05962051 0.10825135 0.14420182 0.17691232 0.1783515
 0.2098141  0.22004503 0.22026976 0.22425817 0.22462779 0.23777588
 0.23946059 0.26124987 0.26737931 0.27691431 0.27773232 0.27795681
 0.27924396 0.2863291  0.30183473 0.30282134 0.30876499 0.31488927
 0.3184834  0.3196121  0.32703635 0.32889556 0.3360841  0.33628798
 0.33686386 0.33874407 0.34321472 0.34481633 0.34737183 0.35015376
 0.35167854 0.35310009 0.35575922 0.35592108 0.35824407 0.35832028
 0.35935622 0.3619096  0.36330785 0.36439949 0.36679534 0.3683916
 0.36930586 0.36935103]  max|de|= 0.25  lindep= 0.00303
Old state -> New state
    4     ->     0 
    0     ->     1 
    0     ->     2 
    4     ->     3 
    5     ->     6 
    6     ->     7 
    7     ->     8 
    8     ->     9 
    9     ->    10 
   10     ->    11 
   11     ->    12 
    0     ->    13 
   18     ->    22 
   22     ->    23 
   23     ->    24 
   24     ->    25 
   25     ->    26 
   26     ->    27 
   27     ->    28 
   26     ->    29 
   28     ->    30 
   29     ->    31 
   30     ->    32 
   31     ->    33 
   32     ->    34 
   33     ->    35 
   34     ->    36 
   35     ->    37 
   36     ->    38 
   37     ->    39 
   38     ->    40 
   40     ->    41 
   41     ->    42 
   42     ->    43 
   43     ->    44 
   44     ->    45 
   49     ->    48 
   48     ->    49 
root 10 converged  |r|= 7.59e-07  e= 0.22425817333461473  max|de|= 1.13e-10
davidson 9 410  |r|= 1.45  e= [0.01969172 0.04276728 0.08782134 0.14101017 0.17691237 0.17835151
 0.17957273 0.20981355 0.22004488 0.22026976 0.22425817 0.22462812
 0.23776064 0.24336645 0.26737506 0.27691292 0.27773286 0.27796033
 0.27924056 0.28633893 0.30183487 0.30282145 0.30653729 0.30876499
 0.31488917 0.31848751 0.31961189 0.32703936 0.32889582 0.33193917
 0.33608436 0.33628744 0.33686351 0.33874246 0.3432145  0.34481596
 0.34737269 0.35015731 0.3516708  0.3531192  0.3558348  0.35824839
 0.35831027 0.35935752 0.36190227 0.36325726 0.3668026  0.36832383
 0.369031   0.36930255]  max|de|= 0.235  lindep= 0.0269
Old state -> New state
    2     ->     1 
    4     ->     2 
    5     ->     3 
    0     ->     4 
    7     ->     5 
    8     ->     6 
    9     ->     7 
   10     ->     8 
   11     ->     9 
   12     ->    10 
   15     ->    11 
   15     ->    12 
   16     ->    13 
   17     ->    14 
   18     ->    15 
   19     ->    16 
   20     ->    17 
   21     ->    18 
   23     ->    19 
   24     ->    20 
   25     ->    21 
   26     ->    22 
   27     ->    23 
   28     ->    24 
   28     ->    25 
   30     ->    26 
   31     ->    27 
   32     ->    28 
   33     ->    29 
   34     ->    30 
   35     ->    31 
   36     ->    32 
   37     ->    33 
   39     ->    34 
   38     ->    35 
   39     ->    36 
   40     ->    37 
   41     ->    38 
   42     ->    39 
   43     ->    40 
   44     ->    41 
   45     ->    42 
   46     ->    43 
   47     ->    44 
   48     ->    45 
   49     ->    46 
   48     ->    47 
    1     ->    48 
   29     ->    49 
davidson 10 450  |r|= 1.44  e= [0.07602773 0.08848245 0.17691237 0.17835151 0.19593585 0.2098141
 0.22004547 0.22026976 0.22425817 0.22462779 0.23779301 0.25450584
 0.27690154 0.27773278 0.277954   0.27924781 0.28631496 0.30183486
 0.30282144 0.30876487 0.31488912 0.31847281 0.31961205 0.32703734
 0.32876598 0.32889514 0.33608456 0.33628779 0.33686248 0.33874355
 0.34321294 0.34481588 0.34737101 0.35015869 0.35165881 0.35167087
 0.35314376 0.35583637 0.35823818 0.35831146 0.35935717 0.36190893
 0.36325655 0.36680972 0.36827968 0.36897249 0.36930142 0.37073958
 0.37252091 0.37308444]  max|de|= 0.33  lindep= 0.0194
Old state -> New state
    0     ->     1 
    2     ->     4 
   13     ->    11 
   25     ->    24 
   26     ->    25 
   27     ->    26 
   28     ->    27 
   29     ->    28 
   30     ->    29 
   31     ->    30 
   32     ->    31 
    1     ->    32 
   35     ->    34 
   36     ->    35 
    1     ->    36 
   49     ->    48 
   48     ->    49 
root 3 converged  |r|= 5.52e-07  e= 0.17835150987560497  max|de|= 5.02e-10
davidson 11 490  |r|=  1.3  e= [0.08339751 0.16207858 0.17691237 0.17835151 0.18916045 0.20981435
 0.22004546 0.22026976 0.22425817 0.22462787 0.23779262 0.27442916
 0.27690481 0.27773284 0.27795411 0.27924551 0.28631677 0.30183485
 0.30282145 0.30876488 0.31488911 0.31847364 0.31961204 0.32703725
 0.32889517 0.33608482 0.33628779 0.33686301 0.33874375 0.34321333
 0.34481599 0.34737138 0.34934386 0.35015746 0.35167214 0.35310137
 0.35548599 0.35583588 0.35824065 0.3583111  0.35935707 0.36191857
 0.36326354 0.36679499 0.36832121 0.36898774 0.36929969 0.3707496
 0.37167866 0.37254425]  max|de|= 0.267  lindep= 0.0107
Old state -> New state
    0     ->     1 
    5     ->     4 
    6     ->     5 
    7     ->     6 
    8     ->     7 
    9     ->     8 
   10     ->     9 
   12     ->    11 
   13     ->    12 
   14     ->    13 
   15     ->    14 
    0     ->    15 
   33     ->    32 
   34     ->    33 
   35     ->    34 
   37     ->    35 
   38     ->    36 
   39     ->    37 
   40     ->    38 
   41     ->    39 
   42     ->    40 
   43     ->    41 
   44     ->    42 
   45     ->    43 
   46     ->    44 
   47     ->    45 
   49     ->    46 
   48     ->    47 
    0     ->    48 
   36     ->    49 
root 2 converged  |r|= 7.86e-08  e= 0.1769123713057398  max|de|= -8.19e-11
davidson 12 530  |r|= 2.24  e= [0.06115316 0.06940176 0.17691237 0.17835151 0.20981445 0.22004545
 0.22026976 0.22425817 0.22462799 0.23266493 0.2377932  0.27690484
 0.27773276 0.27795411 0.27924625 0.28622911 0.28631577 0.30183485
 0.30282144 0.30876488 0.31488912 0.3184745  0.31961204 0.32703724
 0.32889511 0.3360846  0.33628786 0.33686277 0.33874369 0.34321372
 0.34481593 0.34737132 0.35015666 0.35167061 0.35310698 0.35583532
 0.35823873 0.35831148 0.35935736 0.36192025 0.36325764 0.36681722
 0.36829843 0.36897731 0.36930264 0.37073505 0.37253075 0.37309208
 0.37441729 0.37683086]  max|de|= 0.291  lindep= 0.00811
Old state -> New state
    1     ->     0 
    0     ->     1 
    1     ->     9 
   16     ->    15 
   17     ->    16 
   18     ->    17 
   19     ->    18 
    0     ->    19 
    1     ->    23 
   23     ->    24 
   24     ->    25 
   25     ->    26 
   26     ->    27 
   27     ->    28 
   28     ->    29 
   29     ->    30 
   30     ->    31 
   31     ->    32 
   32     ->    33 
   33     ->    34 
   34     ->    35 
   35     ->    36 
   36     ->    37 
   37     ->    38 
   38     ->    39 
   39     ->    40 
   40     ->    41 
    0     ->    42 
   41     ->    43 
   42     ->    44 
   43     ->    45 
   44     ->    46 
   45     ->    47 
   46     ->    48 
   47     ->    49 
davidson 13 570  |r|= 1.76  e= [0.04502526 0.16389804 0.17691237 0.17835151 0.20981438 0.22004547
 0.22026976 0.22425817 0.2246281  0.22623749 0.23779199 0.27690498
 0.2777328  0.27795401 0.27924489 0.2863166  0.30183482 0.30282145
 0.30876487 0.31240839 0.31488917 0.31847452 0.31961206 0.3258811
 0.32703729 0.32889513 0.3360847  0.33628785 0.33686274 0.33874384
 0.34321362 0.34481594 0.34737145 0.35015652 0.35167139 0.35311218
 0.3558355  0.3582385  0.35831172 0.35935731 0.36192411 0.36326444
 0.3648955  0.36681002 0.3683003  0.36882763 0.36930011 0.37072617
 0.37250755 0.37309362]  max|de|= 0.304  lindep= 0.0323
Old state -> New state
   14     ->     1 
   10     ->     9 
   14     ->    10 
   20     ->    19 
   21     ->    20 
   22     ->    21 
   21     ->    22 
   24     ->    23 
   25     ->    24 
   26     ->    25 
   27     ->    26 
   28     ->    27 
   29     ->    28 
   30     ->    29 
   31     ->    30 
   32     ->    31 
   33     ->    32 
   34     ->    33 
   35     ->    34 
   36     ->    35 
   37     ->    36 
   38     ->    37 
   39     ->    38 
   40     ->    39 
   41     ->    40 
   43     ->    41 
   44     ->    42 
   45     ->    43 
   46     ->    44 
   47     ->    45 
   48     ->    46 
   49     ->    47 
   48     ->    49 
davidson 14 610  |r|= 1.77  e= [0.04491258 0.12595649 0.17691237 0.17835151 0.2098144  0.22004545
 0.22026976 0.22425817 0.22462791 0.23779233 0.24713944 0.27690465
 0.2777328  0.27795421 0.27924634 0.28631606 0.30183484 0.30282145
 0.30876488 0.31488912 0.31847325 0.31961204 0.3222601  0.32703723
 0.32889513 0.33608462 0.33628783 0.33686275 0.33874383 0.34321377
 0.34481596 0.34737131 0.35015681 0.35167083 0.3531086  0.35583558
 0.3582387  0.35831152 0.35935735 0.36191991 0.36325442 0.3667968
 0.36819581 0.36889648 0.36930245 0.37067581 0.37233257 0.37307423
 0.3747343  0.37663576]  max|de|= -0.153  lindep= 0.00365
Old state -> New state
    0     ->     1 
    0     ->     2 
    0     ->     3 
    2     ->     4 
    2     ->     5 
    3     ->     6 
    4     ->     7 
    5     ->     8 
    6     ->     9 
    7     ->    10 
    8     ->    11 
    9     ->    12 
    9     ->    13 
   11     ->    14 
   12     ->    15 
   13     ->    16 
   14     ->    17 
   15     ->    18 
   15     ->    19 
   16     ->    20 
   17     ->    21 
   18     ->    22 
   19     ->    23 
   20     ->    24 
   21     ->    25 
   23     ->    26 
   24     ->    27 
   25     ->    28 
   26     ->    29 
   27     ->    30 
   28     ->    31 
   29     ->    32 
   30     ->    33 
   31     ->    34 
   32     ->    35 
   33     ->    36 
   34     ->    37 
   35     ->    38 
   37     ->    39 
   36     ->    40 
   37     ->    41 
   38     ->    42 
   39     ->    43 
   40     ->    44 
   41     ->    45 
   42     ->    46 
   43     ->    47 
   44     ->    48 
   45     ->    49 
root 8 converged  |r|= 7.85e-07  e= 0.2200454509743159  max|de|= -1.86e-10
root 11 converged  |r|= 3.54e-06  e= 0.22462790654505493  max|de|= 2.64e-10
root 15 converged  |r|= 1.87e-06  e= 0.2777327997255494  max|de|= 2.52e-10
root 20 converged  |r|= 9.3e-07  e= 0.30183484387445286  max|de|= -2.53e-10
root 21 converged  |r|= 1.04e-06  e= 0.3028214464818437  max|de|= 9.87e-11
root 22 converged  |r|= 3.74e-07  e= 0.3087648795472726  max|de|= 9.53e-12
root 23 converged  |r|= 1.41e-06  e= 0.314889118514573  max|de|= -9.82e-11
root 25 converged  |r|= 2.33e-06  e= 0.3196120357128768  max|de|= -1.57e-10
davidson 15 650  |r|= 1.99  e= [0.02938412 0.0596221  0.10955758 0.13983458 0.17472558 0.17691237
 0.17835151 0.20981441 0.22004545 0.22026976 0.22425817 0.22462791
 0.23724619 0.23779223 0.27690465 0.2777328  0.27795424 0.27924664
 0.28617053 0.28631613 0.30183484 0.30282145 0.30876488 0.31488912
 0.31847413 0.31961204 0.32703723 0.32889514 0.33608462 0.33628784
 0.33686275 0.33874381 0.34321375 0.34481596 0.3473713  0.35015681
 0.35167093 0.35310707 0.3558354  0.35721768 0.35823857 0.35831135
 0.35935729 0.36191983 0.3632546  0.36679709 0.36824315 0.36893872
 0.36929291 0.37070649]  max|de|= 0.0949  lindep= 0.0186
Old state -> New state
    0     ->     1 
    0     ->     2 
    5     ->     3 
    6     ->     4 
    0     ->     5 
    7     ->     6 
    8     ->     7 
    9     ->     8 
   10     ->     9 
   11     ->    10 
   13     ->    11 
   14     ->    12 
   15     ->    13 
   16     ->    14 
   17     ->    15 
   19     ->    16 
   20     ->    17 
   21     ->    18 
   22     ->    19 
   23     ->    20 
   24     ->    21 
   25     ->    22 
   26     ->    23 
   27     ->    24 
   28     ->    25 
   29     ->    26 
   30     ->    27 
   30     ->    28 
   31     ->    29 
   32     ->    30 
   33     ->    31 
   34     ->    32 
   35     ->    33 
   36     ->    34 
   37     ->    35 
   38     ->    36 
   40     ->    37 
   41     ->    38 
   42     ->    39 
   43     ->    40 
   44     ->    41 
   45     ->    42 
   46     ->    43 
   47     ->    44 
   48     ->    45 
   49     ->    46 
   49     ->    47 
   49     ->    48 
root 6 converged  |r|= 2.33e-06  e= 0.2098144064418127  max|de|= -3e-10
root 23 converged  |r|= 6.92e-07  e= 0.32703723036671384  max|de|= 9.69e-10
davidson 16 688  |r|= 1.89  e= [0.02481356 0.04439271 0.11800033 0.17691237 0.17835151 0.1843555
 0.20981441 0.22004545 0.22026976 0.22425817 0.22462791 0.23779231
 0.27690465 0.2777328  0.27795423 0.27924657 0.28631605 0.30183484
 0.30282145 0.30876488 0.31488912 0.31847415 0.31961204 0.32703723
 0.32889513 0.3360846  0.33628783 0.33686255 0.33708021 0.33874382
 0.34321372 0.34481596 0.34737132 0.3501568  0.35167085 0.35310706
 0.35583557 0.35823856 0.35831151 0.35935735 0.36191997 0.36325452
 0.36679735 0.36819922 0.36894835 0.36930333 0.36980765 0.37254205
 0.37309339 0.37390795]  max|de|= 0.155  lindep= 0.00856
Old state -> New state
    0     ->     1 
    1     ->     2 
    6     ->     5 
    7     ->     6 
    8     ->     7 
    7     ->     8 
   12     ->    13 
   13     ->    14 
   14     ->    15 
   15     ->    16 
   16     ->    17 
   17     ->    18 
   18     ->    19 
   19     ->    20 
   20     ->    21 
   21     ->    22 
   22     ->    23 
   23     ->    24 
   24     ->    25 
   25     ->    26 
   26     ->    27 
   27     ->    28 
root 25 converged  |r|= 1.21e-06  e= 0.328895129008938  max|de|= 1.99e-11
root 29 converged  |r|= 3.1e-06  e= 0.3387438224818444  max|de|= -3e-10
root 31 converged  |r|= 1.46e-06  e= 0.34481596255082325  max|de|= 2.01e-10
root 34 converged  |r|= 1.26e-05  e= 0.35167084724572634  max|de|= -9.47e-10
root 36 converged  |r|= 7.03e-06  e= 0.3558355698294912  max|de|= 5.01e-10
root 38 converged  |r|= 6.87e-06  e= 0.35831151433528485  max|de|= -6.29e-10
root 39 converged  |r|= 3.53e-06  e= 0.3593573461271423  max|de|= -1.32e-10
davidson 17 724  |r|= 2.01  e= [0.01571201 0.01833022 0.08738522 0.17691237 0.17835151 0.20981441
 0.22004546 0.22026976 0.22113319 0.22425817 0.22462791 0.23779229
 0.26543823 0.27690466 0.2777328  0.27795424 0.27924658 0.28631605
 0.30183484 0.30282145 0.30876488 0.31488912 0.31847413 0.31961204
 0.32703723 0.32889513 0.33608462 0.33628783 0.33686275 0.33874382
 0.34321375 0.34481596 0.34737132 0.35015682 0.35167085 0.35310714
 0.35583557 0.35823854 0.35831151 0.35935735 0.36191996 0.36325449
 0.36679732 0.36824495 0.36893942 0.3693032  0.37067104 0.37246865
 0.37307693 0.37578159]  max|de|= 0.043  lindep= 0.00929
Old state -> New state
    0     ->     1 
    0     ->     2 
    9     ->     8 
   10     ->     9 
   13     ->    12 
   14     ->    13 
   15     ->    14 
   16     ->    15 
   17     ->    16 
   18     ->    17 
   19     ->    18 
   20     ->    19 
   30     ->    31 
   31     ->    32 
   32     ->    33 
   33     ->    34 
   34     ->    35 
   35     ->    36 
   36     ->    37 
   37     ->    38 
   38     ->    39 
   39     ->    40 
   40     ->    41 
   41     ->    42 
   42     ->    43 
   43     ->    44 
   44     ->    45 
   45     ->    46 
   46     ->    47 
   47     ->    48 
   48     ->    49 
root 26 converged  |r|= 5.95e-06  e= 0.33608462318848803  max|de|= 8.99e-10
davidson 18 756  |r|= 2.51  e= [0.01859541 0.1095931  0.16789699 0.17691237 0.17835151 0.20981441
 0.22004545 0.22026976 0.22425817 0.22462791 0.22522747 0.2377923
 0.27690465 0.2777328  0.27795422 0.27924655 0.28631605 0.30183484
 0.30282145 0.30733438 0.30876488 0.31488912 0.31847414 0.31961204
 0.32703723 0.32889513 0.33608462 0.33628783 0.33686275 0.33874383
 0.34111996 0.34321377 0.34481596 0.34737132 0.35015682 0.35167084
 0.3531072  0.35583557 0.35823857 0.35831151 0.35935735 0.36191996
 0.36325454 0.36679731 0.36824334 0.36893938 0.36930313 0.37067304
 0.37248746 0.37308228]  max|de|= 0.152  lindep= 0.0214
root 5 converged  |r|= 3.02e-06  e= 0.20981440710451899  max|de|= 3.88e-10
root 6 converged  |r|= 1.1e-06  e= 0.22004545090320546  max|de|= -9.62e-13
root 11 converged  |r|= 6.2e-06  e= 0.2377923033810635  max|de|= 1.16e-10
root 12 converged  |r|= 1.28e-05  e= 0.27690464895969996  max|de|= 2.3e-11
root 14 converged  |r|= 7.9e-06  e= 0.27795422391412516  max|de|= -6.97e-10
root 16 converged  |r|= 3.03e-05  e= 0.2863160528822777  max|de|= 5.05e-11
root 27 converged  |r|= 1.28e-05  e= 0.33628783117753147  max|de|= 1.01e-10
root 34 converged  |r|= 2.13e-05  e= 0.3501568227725036  max|de|= -9.15e-14
root 36 converged  |r|= 2.42e-05  e= 0.35310719811879354  max|de|= 3.82e-10
davidson 19 50  |r|= 2.51  e= [0.0185954  0.10959311 0.16789699 0.17691237 0.17835151 0.20981441
 0.22004545 0.22026976 0.22425817 0.22462791 0.22522744 0.2377923
 0.27690465 0.2777328  0.27795422 0.27924654 0.28631605 0.30183484
 0.30282145 0.30733437 0.30876488 0.31488912 0.31847414 0.31961204
 0.32703723 0.32889513 0.33608462 0.33628783 0.33686275 0.33874383
 0.34111996 0.34321377 0.34481596 0.34737132 0.35015682 0.35167084
 0.3531072  0.35583557 0.35823857 0.35831151 0.35935735 0.36191996
 0.36325454 0.36679731 0.36824334 0.36893938 0.36930313 0.37067304
 0.37248746 0.37308228]  max|de|= -2.7e-08  lindep= 0.0486
Old state -> New state
   11     ->     2 
   11     ->    10 
   20     ->    19 
   22     ->    20 
   27     ->    28 
   28     ->    29 
   29     ->    30 
   32     ->    33 
   33     ->    34 
   34     ->    35 
   35     ->    36 
   36     ->    37 
   37     ->    38 
   38     ->    39 
   39     ->    40 
   40     ->    41 
   41     ->    42 
   42     ->    43 
   43     ->    44 
   44     ->    45 
   45     ->    46 
   46     ->    47 
   47     ->    48 
   48     ->    49 
davidson 20 74  |r|=  2.5  e= [0.03894839 0.05164843 0.15205083 0.17691237 0.17835151 0.20981441
 0.22004545 0.22026976 0.22425817 0.22462791 0.231041   0.2377923
 0.27690468 0.2777328  0.27795421 0.2792464  0.28631608 0.30183484
 0.30282145 0.30876488 0.31379954 0.31488912 0.31847434 0.31961204
 0.32703723 0.32889513 0.33608453 0.33614777 0.33628783 0.33686272
 0.33874382 0.34321373 0.34459881 0.34481595 0.34737132 0.35015683
 0.35167085 0.35310721 0.35583557 0.35823854 0.35831151 0.35935735
 0.36191996 0.36325455 0.36679731 0.36824314 0.36893924 0.36930316
 0.37067326 0.37249323]  max|de|= -0.0857  lindep= 0.0574
Old state -> New state
   12     ->     0 
   12     ->     1 
    0     ->     2 
    0     ->     3 
   11     ->     4 
   12     ->     5 
    3     ->     6 
    4     ->     7 
    5     ->     8 
    6     ->     9 
    7     ->    10 
    8     ->    11 
    9     ->    12 
   11     ->    13 
   11     ->    14 
   12     ->    16 
   13     ->    17 
   14     ->    18 
   15     ->    19 
   16     ->    20 
   17     ->    21 
   18     ->    22 
   19     ->    23 
   21     ->    24 
   22     ->    25 
   23     ->    26 
   24     ->    27 
   25     ->    28 
   26     ->    29 
   28     ->    30 
   29     ->    31 
   30     ->    32 
   31     ->    33 
   33     ->    34 
   34     ->    35 
   35     ->    36 
   36     ->    37 
   37     ->    38 
   38     ->    39 
   39     ->    40 
   40     ->    41 
   41     ->    42 
   42     ->    43 
   43     ->    44 
   44     ->    45 
   45     ->    46 
   46     ->    47 
   47     ->    48 
   48     ->    49 
root 43 converged  |r|= 1.93e-05  e= 0.3619199576047957  max|de|= -4.38e-10
davidson 21 108  |r|= 2.32  e= [0.01429299 0.02242161 0.03727649 0.04197827 0.14099833 0.17064786
 0.17691237 0.17835151 0.20981441 0.22004545 0.22026976 0.22425817
 0.22462791 0.23779138 0.23809832 0.25585482 0.27690463 0.2777328
 0.27795421 0.27924648 0.28631603 0.30183484 0.30282145 0.30876488
 0.31488912 0.31847415 0.31961204 0.32703723 0.32889513 0.33608462
 0.33628783 0.33686275 0.33874382 0.34321375 0.34481596 0.34737132
 0.35015681 0.35167084 0.35310735 0.35583557 0.35823858 0.35831152
 0.35935735 0.36191996 0.36325452 0.36679733 0.36823936 0.36893921
 0.36930307 0.37067378]  max|de|= -0.263  lindep= 0.18
Old state -> New state
   14     ->     2 
    6     ->     3 
    7     ->     4 
    8     ->     5 
    9     ->     6 
    9     ->     7 
   10     ->     8 
   11     ->     9 
   12     ->    10 
   13     ->    11 
   16     ->    12 
   16     ->    13 
   17     ->    14 
   18     ->    15 
   19     ->    16 
   20     ->    17 
   21     ->    18 
   22     ->    19 
   22     ->    20 
   23     ->    21 
   24     ->    22 
   25     ->    23 
   26     ->    24 
   27     ->    25 
   28     ->    26 
   29     ->    27 
   30     ->    28 
   31     ->    29 
   32     ->    30 
   33     ->    31 
   36     ->    32 
   34     ->    33 
   35     ->    34 
   36     ->    35 
   37     ->    36 
   38     ->    37 
   39     ->    38 
   40     ->    39 
   41     ->    40 
   42     ->    41 
   43     ->    42 
   44     ->    43 
   47     ->    44 
root 5 converged  |r|= 7.31e-07  e= 0.20981440895622153  max|de|= -5.01e-11
root 10 converged  |r|= 2.44e-06  e= 0.22462790756844594  max|de|= -4.18e-10
root 28 converged  |r|= 9.96e-07  e= 0.3362878327200613  max|de|= 3.28e-10
root 34 converged  |r|= 3.14e-06  e= 0.34737131462680515  max|de|= -5.34e-10
root 40 converged  |r|= 6.84e-06  e= 0.3583115159131262  max|de|= 6.49e-10
davidson 22 137  |r|= 2.15  e= [0.01886028 0.08931749 0.14430203 0.17691237 0.17835151 0.20981441
 0.21980752 0.22004546 0.22026976 0.22425817 0.22462791 0.23779231
 0.27565773 0.27690476 0.2777328  0.27795422 0.27924652 0.28631602
 0.30183484 0.30230204 0.30282145 0.30876488 0.31488912 0.31847417
 0.31961204 0.32703723 0.32889513 0.33608461 0.33628783 0.33686278
 0.33874382 0.3432136  0.34382796 0.34481596 0.34737131 0.35015681
 0.35167084 0.35310678 0.35583557 0.35823841 0.35831152 0.35935735
 0.36191995 0.36325454 0.36494911 0.36679693 0.36824416 0.36894617
 0.36930311 0.37067955]  max|de|= -0.0938  lindep= 0.154
Old state -> New state
    0     ->     1 
    0     ->     2 
   11     ->     3 
   12     ->     4 
   11     ->     5 
    3     ->     6 
    4     ->     7 
    5     ->     8 
    5     ->     9 
    7     ->    10 
    8     ->    11 
    9     ->    12 
   10     ->    13 
   11     ->    14 
   11     ->    15 
   13     ->    17 
   14     ->    18 
   15     ->    19 
   16     ->    20 
   17     ->    21 
   18     ->    22 
   20     ->    23 
   21     ->    24 
   22     ->    25 
   23     ->    26 
   24     ->    27 
   25     ->    28 
   26     ->    29 
   27     ->    30 
   28     ->    31 
   29     ->    32 
   30     ->    33 
   31     ->    34 
   33     ->    35 
   34     ->    36 
   35     ->    37 
   35     ->    38 
   36     ->    39 
   37     ->    40 
   38     ->    41 
   39     ->    42 
   40     ->    43 
   41     ->    44 
   42     ->    45 
   43     ->    46 
   45     ->    47 
   46     ->    48 
   47     ->    49 
root 33 converged  |r|= 1.35e-06  e= 0.3387438214388246  max|de|= 2.26e-10
root 35 converged  |r|= 1.92e-06  e= 0.34481596292688527  max|de|= -5.07e-10
davidson 23 169  |r|= 2.42  e= [0.00406163 0.0118781  0.03557384 0.05420818 0.08119171 0.13993338
 0.17691237 0.17835151 0.20981441 0.21150212 0.22004545 0.22026976
 0.22425817 0.22462791 0.2377923  0.24828497 0.24994585 0.27690466
 0.2777328  0.27795422 0.27924646 0.28631606 0.30183484 0.30282145
 0.30876488 0.31488912 0.31847413 0.31961204 0.32703723 0.32889513
 0.33608462 0.33628783 0.33686275 0.33874382 0.34321375 0.34481596
 0.34737202 0.34737202 0.35015686 0.35167085 0.35310711 0.35583557
 0.35823856 0.35831151 0.35935735 0.36191996 0.36325456 0.36679732
 0.36824384 0.3689395 ]  max|de|= -0.194  lindep= 0.0722
Old state -> New state
    1     ->     0 
   14     ->     2 
    6     ->     3 
    7     ->     4 
    8     ->     5 
    8     ->     6 
   10     ->     7 
   11     ->     8 
   12     ->     9 
   13     ->    10 
   14     ->    11 
   14     ->    12 
   17     ->    13 
   18     ->    14 
   19     ->    15 
   20     ->    16 
   21     ->    17 
   22     ->    18 
   23     ->    19 
   24     ->    20 
   25     ->    21 
   26     ->    22 
   27     ->    23 
   26     ->    24 
   28     ->    25 
   29     ->    26 
   30     ->    27 
   31     ->    28 
   32     ->    29 
   33     ->    30 
   34     ->    31 
   35     ->    32 
   36     ->    33 
   38     ->    34 
   39     ->    35 
   40     ->    36 
   41     ->    37 
   41     ->    38 
   42     ->    39 
   43     ->    40 
   44     ->    41 
   45     ->    42 
   46     ->    43 
   47     ->    44 
   48     ->    45 
   49     ->    46 
    9     ->    47 
    4     ->    48 
    2     ->    49 
root 7 converged  |r|= 2.02e-08  e= 0.22004545086040053  max|de|= -6.09e-11
root 14 converged  |r|= 1.9e-08  e= 0.27773279882638635  max|de|= -6.89e-12
root 27 converged  |r|= 3.02e-07  e= 0.33608462213750895  max|de|= 3.26e-11
root 29 converged  |r|= 7.69e-07  e= 0.3368627529460117  max|de|= 8.3e-10
root 40 converged  |r|= 3.7e-06  e= 0.35831151407981204  max|de|= -4.71e-10
davidson 24 199  |r|= 2.16  e= [0.01927596 0.07087376 0.12461441 0.17691237 0.17835151 0.20981441
 0.212856   0.22004545 0.22026976 0.22425817 0.22462791 0.2377923
 0.2399584  0.27690465 0.2777328  0.27795422 0.27924652 0.28631606
 0.30183484 0.30282145 0.30876488 0.31488912 0.31847409 0.31961204
 0.32192975 0.32703723 0.32889513 0.33608462 0.33628783 0.33686275
 0.33874382 0.34321375 0.34481596 0.34737132 0.35015682 0.35167085
 0.3531072  0.35530395 0.35583556 0.35823855 0.35831151 0.35935735
 0.36191996 0.36325454 0.36679731 0.36824339 0.36893959 0.36930314
 0.37067237 0.37248884]  max|de|= 0.337  lindep= 0.111
