 
:: initializing oneAPI environment ...
   slurm_script: BASH_VERSION = 4.2.46(1)-release
   args: Using "$@" for setvars.sh arguments: --force
:: advisor -- latest
:: ccl -- latest
:: clck -- latest
:: compiler -- latest
:: dal -- latest
:: debugger -- latest
:: dev-utilities -- latest
:: dnnl -- latest
:: dpcpp-ct -- latest
:: dpl -- latest
:: inspector -- latest
:: intelpython -- latest
:: ipp -- latest
:: ippcp -- latest
:: ipp -- latest
:: itac -- latest
:: mkl -- latest
:: mpi -- latest
:: tbb -- latest
:: vpl -- latest
:: vtune -- latest
:: oneAPI environment initialized ::
 
SLURM_CPUS_PER_TASK = 28
SLURM_MEM_PER_NODE = 127949
#INFO: **** input file is /home/yangjunjie/work/py-ch3-cl/work/step_-24/main.py ****
import sys
import pyscf
from pyscf import tdscf

def main(xyz_file, basis="631g*", xc="b3lyp", output="ene.out"):
    xyz = None

    with open(xyz_file, "r") as xyz:
        xyz = xyz.readlines()[2:]
        xyz = "".join(xyz)

    mol = pyscf.gto.Mole()
    mol.atom = xyz
    mol.basis = basis
    mol.verbose = 5
    mol.build()

    if xc is not None and xc != "hf":
        mf = pyscf.scf.RKS(mol)
        mf.xc = xc
        mf.kernel()
    else:
        mf = pyscf.scf.RHF(mol)
        mf.kernel()

    ene_mf = mf.e_tot

    tda = pyscf.tdscf.TDA(mf)
    tda.nstates = 50
    tda.max_space = 600
    tda.max_cycle = 2000
    tda.kernel()

    con_tda = tda.converged
    ene_tda = tda.e[:5]
    dip_tda = tda.transition_dipole()[:5]

    rpa = pyscf.tdscf.RPA(mf)
    rpa.nstates = 50
    rpa.max_space = 600
    rpa.max_cycle = 2000
    rpa.kernel()

    con_rpa = rpa.converged
    ene_rpa = rpa.e[:5]
    dip_rpa = rpa.transition_dipole()[:5]

    with open(output, "w") as f:
        f.write(f"RKS energy: {ene_mf: 12.8f}\n")
        f.write("TDA results:\n")
        for i, (con, ene, dip) in enumerate(zip(con_tda, ene_tda, dip_tda)):
            f.write(f" {i:2d} {con} {ene: 12.8f} {dip[0]: 12.8f} {dip[1]: 12.8f} {dip[2]: 12.8f}\n")
        
        f.write("\nRPA results:\n")
        for i, (con, ene, dip) in enumerate(zip(con_rpa, ene_rpa, dip_rpa)):
            f.write(f" {i:2d} {con} {ene: 12.8f} {dip[0]: 12.8f} {dip[1]: 12.8f} {dip[2]: 12.8f}\n")

if __name__ == "__main__":
    xyz = sys.argv[1]
    main(xyz, basis="631g*", xc="b3lyp", output="out.log")
#INFO: ******************** input file end ********************


System: uname_result(system='Linux', node='pauling039', release='3.10.0-327.36.3.el7.x86_64', version='#1 SMP Thu Oct 20 04:56:07 EDT 2016', machine='x86_64')  Threads 28
Python 3.9.7 (default, Oct 27 2021, 01:23:21) 
[GCC 9.3.0]
numpy 1.21.2  scipy 1.6.2
Date: Tue Sep 27 23:31:57 2022
PySCF version 2.0.1
PySCF path  /home/yangjunjie/packages/pyscf/pyscf-main
GIT ORIG_HEAD 14b880cdc4bf7bb64f3989a147c0b04622efc498
GIT HEAD (branch master) 9d5b5bd309d1cc55fbd1a0ec76e26b5b0c7f76af

[ENV] PYSCF_MAX_MEMORY 127949
[ENV] PYSCF_TMPDIR /scratch/global/yangjunjie/
[CONFIG] conf_file /home/yangjunjie/.pyscf_conf.py
[INPUT] verbose = 5
[INPUT] max_memory = 127949 
[INPUT] num. atoms = 16
[INPUT] num. electrons = 68
[INPUT] charge = 0
[INPUT] spin (= nelec alpha-beta = 2S) = 0
[INPUT] symmetry False subgroup None
[INPUT] Mole.unit = angstrom
[INPUT]  1 C      0.000000010000   1.143820640000   1.189196490000 AA    0.000000018897   2.161507745225   2.247255674394 Bohr
[INPUT]  2 C      0.000000000000   1.195301520000   2.579403190000 AA    0.000000000000   2.258792509076   4.874365593929 Bohr
[INPUT]  3 C     -0.000000010000  -0.013970350000   3.273579960000 AA   -0.000000018897  -0.026400135364   6.186169571265 Bohr
[INPUT]  4 C     -0.000000010000  -1.208722450000   2.554607390000 AA   -0.000000018897  -2.284154391113   4.827508322890 Bohr
[INPUT]  5 C      0.000000000000  -1.128172300000   1.164557450000 AA    0.000000000000  -2.131936668321   2.200694636822 Bohr
[INPUT]  6 N      0.000000010000   0.015274180000   0.495964950000 AA    0.000000018897   0.028864016977   0.937237922884 Bohr
[INPUT]  7 C     -0.000000010000   0.005534170000  -2.274100930000 AA   -0.000000018897   0.010458065627  -4.297427937319 Bohr
[INPUT]  8 H      0.000000020000   2.073094170000   0.603472800000 AA    0.000000037795   3.917580211733   1.140398315624 Bohr
[INPUT]  9 H      0.000000000000   2.143270460000   3.096245850000 AA    0.000000000000   4.050194180271   5.851056670821 Bohr
[INPUT] 10 H     -0.000000020000  -0.025392790000   4.356692200000 AA   -0.000000037795  -0.047985418639   8.232955067029 Bohr
[INPUT] 11 H     -0.000000020000  -2.167109420000   3.051007400000 AA   -0.000000037795  -4.095243285765   5.765568390021 Bohr
[INPUT] 12 H      0.000000000000  -2.043957380000   0.559676670000 AA    0.000000000000  -3.862519658484   1.057635624609 Bohr
[INPUT] 13 H     -0.000000030000   1.036855550000  -1.942441200000 AA   -0.000000056692   1.959373020235  -3.670681881072 Bohr
[INPUT] 14 H     -0.891134670000  -0.501595180000  -1.921586400000 AA   -1.684000466405  -0.947877515602  -3.631272020689 Bohr
[INPUT] 15 H      0.891134700000  -0.501595140000  -1.921586400000 AA    1.684000523096  -0.947877440013  -3.631272020689 Bohr
[INPUT] 16 Cl    -0.000000010000  -0.014373090000  -4.090943900000 AA   -0.000000018897  -0.027161203664  -7.730763561960 Bohr
[INPUT] ---------------- BASIS SET ---------------- 
[INPUT] l, kappa, [nprim/nctr], expnt,             c_1 c_2 ...
[INPUT] Cl
[INPUT] 0    0    [6    /1   ]  25180.1           0.001833
                                3780.35           0.014034
                                860.474           0.069097
                                242.145           0.237452
                                77.3349           0.483034
                                26.247            0.339856
[INPUT] 0    0    [6    /1   ]  491.765           -0.0022974
                                116.984           -0.030714
                                37.4153           -0.112528
                                13.7834           0.045016
                                5.45215           0.589353
                                2.22588           0.465206
[INPUT] 0    0    [3    /1   ]  3.18649           -0.25183
                                1.14427           0.061589
                                0.420377          1.06018
[INPUT] 0    0    [1    /1   ]  0.142657             1
[INPUT] 1    0    [6    /1   ]  491.765           0.0039894
                                116.984           0.030318
                                37.4153           0.12988
                                13.7834           0.327951
                                5.45215           0.453527
                                2.22588           0.252154
[INPUT] 1    0    [3    /1   ]  3.18649           -0.014299
                                1.14427           0.323572
                                0.420377          0.743507
[INPUT] 1    0    [1    /1   ]  0.142657             1
[INPUT] 2    0    [1    /1   ]  0.75                 1
[INPUT] N
[INPUT] 0    0    [6    /1   ]  4173.511          0.0018348
                                627.4579          0.013995
                                142.9021          0.068587
                                40.23433          0.232241
                                12.82021          0.46907
                                4.390437          0.360455
[INPUT] 0    0    [3    /1   ]  11.626358         -0.114961
                                2.71628           -0.169118
                                0.772218          1.145852
[INPUT] 0    0    [1    /1   ]  0.2120313            1
[INPUT] 1    0    [3    /1   ]  11.626358         0.06758
                                2.71628           0.323907
                                0.772218          0.740895
[INPUT] 1    0    [1    /1   ]  0.2120313            1
[INPUT] 2    0    [1    /1   ]  0.8                  1
[INPUT] H
[INPUT] 0    0    [3    /1   ]  18.731137         0.0334946
                                2.8253937         0.23472695
                                0.6401217         0.81375733
[INPUT] 0    0    [1    /1   ]  0.1612778            1
[INPUT] C
[INPUT] 0    0    [6    /1   ]  3047.5249         0.0018347
                                457.36951         0.0140373
                                103.94869         0.0688426
                                29.210155         0.2321844
                                9.286663          0.4679413
                                3.163927          0.362312
[INPUT] 0    0    [3    /1   ]  7.8682724         -0.1193324
                                1.8812885         -0.1608542
                                0.5442493         1.1434564
[INPUT] 0    0    [1    /1   ]  0.1687144            1
[INPUT] 1    0    [3    /1   ]  7.8682724         0.0689991
                                1.8812885         0.316424
                                0.5442493         0.7443083
[INPUT] 1    0    [1    /1   ]  0.1687144            1
[INPUT] 2    0    [1    /1   ]  0.8                  1

nuclear repulsion = 371.721206151833
number of shells = 66
number of NR pGTOs = 272
number of NR cGTOs = 132
basis = 631g*
ecp = {}
CPU time:         0.37


******** <class 'pyscf.dft.rks.RKS'> ********
method = RKS
initial guess = minao
damping factor = 0
level_shift factor = 0
DIIS = <class 'pyscf.scf.diis.CDIIS'>
diis_start_cycle = 1
diis_space = 8
SCF conv_tol = 1e-09
SCF conv_tol_grad = None
SCF max_cycles = 50
direct_scf = True
direct_scf_tol = 1e-13
chkfile to save SCF result = /scratch/global/yangjunjie/tmpvtv4mfgb
max_memory 127949 MB (current use 81 MB)
XC library pyscf.dft.libxc version 5.2.0
    S. Lehtola, C. Steigemann, M. J. Oliveira, and M. A. Marques, SoftwareX 7, 1 (2018)
XC functionals = b3lyp
    P. A. M. Dirac, Math. Proc. Cambridge Philos. Soc. 26, 376 (1930)
    F. Bloch, Z. Phys. 57, 545 (1929)
    A. D. Becke, Phys. Rev. A 38, 3098 (1988)
    C. Lee, W. Yang, and R. G. Parr, Phys. Rev. B 37, 785 (1988)
    B. Miehlich, A. Savin, H. Stoll, and H. Preuss, Chem. Phys. Lett. 157, 200 (1989)
    S. H. Vosko, L. Wilk, and M. Nusair, Can. J. Phys. 58, 1200 (1980)
radial grids: 
    Treutler-Ahlrichs [JCP 102, 346 (1995); DOI:10.1063/1.469408] (M4) radial grids
    
becke partition: Becke, JCP 88, 2547 (1988); DOI:10.1063/1.454033
pruning grids: <function nwchem_prune at 0x7fce1b61eee0>
grids dens level: 3
symmetrized grids: False
atomic radii adjust function: <function treutler_atomic_radii_adjust at 0x7fce1b61ee50>
small_rho_cutoff = 1e-07
Set gradient conv threshold to 3.16228e-05
atom C rad-grids = 75, ang-grids = [ 50  50  50  50  50  50  50  50  50  50  50  50  50  50  50  50  50  50
  50  50  50  50  50  86  86  86  86  86  86  86  86  86  86 266 266 266
 266 266 266 266 302 302 302 302 302 302 302 302 302 302 302 302 302 302
 302 302 302 302 302 302 266 266 266 266 266 266 266 266 266 266 266 266
 266 266 266]
atom N rad-grids = 75, ang-grids = [ 50  50  50  50  50  50  50  50  50  50  50  50  50  50  50  50  50  50
  50  50  50  50  50  86  86  86  86  86  86  86  86  86 266 266 266 266
 266 266 266 302 302 302 302 302 302 302 302 302 302 302 302 302 302 302
 302 302 302 302 266 266 266 266 266 266 266 266 266 266 266 266 266 266
 266 266 266]
atom H rad-grids = 50, ang-grids = [ 50  50  50  50  50  50  50  50  50  50  50  50  50  50  86  86  86  86
 266 266 266 266 302 302 302 302 302 302 302 302 302 302 302 302 302 266
 266 266 266 266 266 266 266 266 266 266 266 266 266 266]
atom Cl rad-grids = 80, ang-grids = [ 50  50  50  50  50  50  50  50  50  50  50  50  50  50  50  50  50  50
  50  50  50  50  50  50  86  86  86  86  86  86  86  86  86  86  86  86
  86 350 350 350 350 350 350 350 350 350 434 434 434 434 434 434 434 434
 434 434 434 434 434 434 434 434 434 434 350 350 350 350 350 350 350 350
 350 350 350 350 350 350 350 350]
tot grids = 196530
Drop grids 32834
    CPU time for setting up grids      3.58 sec, wall time      0.15 sec
nelec by numeric integration = 67.97615222376795
    CPU time for vxc      6.00 sec, wall time      0.22 sec
E1 = -1756.6441462053235  Ecoul = 706.2638706317506  Exc = -70.37122457867574
init E= -749.030294000416
cond(S) = 6126.48721566257
    CPU time for initialize scf     16.43 sec, wall time      0.68 sec
  HOMO = -0.293541353347356  LUMO = -0.0980948937937892
  mo_energy =
[-1.01597255e+02 -1.44088361e+01 -1.02913601e+01 -1.02906907e+01
 -1.02897437e+01 -1.02891334e+01 -1.02852853e+01 -1.02849619e+01
 -9.53825244e+00 -7.29415357e+00 -7.29292468e+00 -7.29292422e+00
 -1.10320934e+00 -9.38288523e-01 -9.32354236e-01 -8.84404144e-01
 -7.56683403e-01 -7.10884166e-01 -7.04638319e-01 -5.76361138e-01
 -5.30954936e-01 -5.09757698e-01 -4.73323018e-01 -4.72769474e-01
 -4.62002597e-01 -4.58031895e-01 -4.37971494e-01 -4.33326849e-01
 -3.93471953e-01 -3.43371531e-01 -3.42752680e-01 -3.26683754e-01
 -3.02473075e-01 -2.93541353e-01 -9.80948938e-02 -7.84164913e-02
 -3.66618329e-02  5.10850023e-02  6.95120197e-02  7.77913003e-02
  8.99237325e-02  1.12194475e-01  1.21152710e-01  1.22240662e-01
  1.43756964e-01  1.60194283e-01  1.95071599e-01  2.41802115e-01
  2.55758607e-01  2.63168292e-01  3.59840454e-01  3.82655593e-01
  4.04467259e-01  4.15314834e-01  4.15322946e-01  4.21610986e-01
  4.65718458e-01  4.75030877e-01  4.87837551e-01  5.04045936e-01
  5.19565649e-01  5.36375563e-01  5.41194883e-01  5.49352298e-01
  5.53945508e-01  5.54097864e-01  5.55469088e-01  6.07810824e-01
  6.20200854e-01  6.38851147e-01  6.61555048e-01  7.62578671e-01
  7.70079677e-01  7.83262040e-01  7.85659158e-01  7.90968407e-01
  7.98307565e-01  7.98636053e-01  8.29926001e-01  8.44491163e-01
  8.49449512e-01  8.62770875e-01  8.78167370e-01  8.96614238e-01
  8.99942834e-01  9.19189384e-01  9.83204858e-01  9.99806557e-01
  1.03753710e+00  1.07418771e+00  1.12458979e+00  1.12884122e+00
  1.15989984e+00  1.17822690e+00  1.30761726e+00  1.33672713e+00
  1.38395969e+00  1.39803659e+00  1.41127180e+00  1.41706371e+00
  1.44497524e+00  1.45946473e+00  1.62396730e+00  1.62476489e+00
  1.63943661e+00  1.70590168e+00  1.74973208e+00  1.76799049e+00
  1.87147274e+00  1.89012465e+00  1.98395501e+00  2.05876393e+00
  2.06165901e+00  2.10147812e+00  2.10801943e+00  2.12832147e+00
  2.14410933e+00  2.16531176e+00  2.17879422e+00  2.22472399e+00
  2.24585916e+00  2.31244773e+00  2.47619172e+00  2.48264520e+00
  2.57207455e+00  2.61447688e+00  2.62564967e+00  2.63787318e+00
  2.70113853e+00  2.71143686e+00  2.96108921e+00  3.31332813e+00]
nelec by numeric integration = 68.00002349166878
    CPU time for vxc      5.97 sec, wall time      0.21 sec
E1 = -1764.6853929637764  Ecoul = 715.6885879024409  Exc = -70.81312997445539
cycle= 1 E= -748.088728883958  delta_E= 0.942  |g|= 0.38  |ddm|= 3.93
    CPU time for cycle= 1      6.47 sec, wall time      0.23 sec
  HOMO = -0.197877930890121  LUMO = 0.0136700948694732
  mo_energy =
[-1.01363981e+02 -1.41890803e+01 -1.01858293e+01 -1.01851888e+01
 -1.01552644e+01 -1.01309506e+01 -1.00929942e+01 -1.00926044e+01
 -9.31918572e+00 -7.08026325e+00 -7.07014297e+00 -7.07013527e+00
 -8.97380307e-01 -7.80594057e-01 -7.57888513e-01 -7.29770536e-01
 -6.22232799e-01 -5.98736728e-01 -5.98137745e-01 -5.08393095e-01
 -4.55202358e-01 -4.36317029e-01 -4.09291129e-01 -4.05586937e-01
 -4.03302785e-01 -3.74790449e-01 -3.63425410e-01 -3.42900324e-01
 -3.36377760e-01 -2.47926204e-01 -2.34801599e-01 -2.30987354e-01
 -2.30392706e-01 -1.97877931e-01  1.36700949e-02  1.71916748e-02
  7.91837273e-02  1.07391532e-01  1.31702905e-01  1.38105051e-01
  1.60082819e-01  1.66738328e-01  1.78943336e-01  1.83876601e-01
  1.84443568e-01  2.10355512e-01  2.76322409e-01  3.15487652e-01
  3.43831879e-01  3.49636144e-01  4.65200743e-01  4.66257486e-01
  4.78486998e-01  5.11490618e-01  5.11681979e-01  5.14188185e-01
  5.36049951e-01  5.63582923e-01  5.69513218e-01  5.91179842e-01
  6.03076036e-01  6.05192639e-01  6.18540126e-01  6.20499615e-01
  6.29059499e-01  6.33761857e-01  6.57260464e-01  6.77063908e-01
  7.14216700e-01  7.16608347e-01  7.48498345e-01  8.29635247e-01
  8.45455811e-01  8.68862849e-01  8.71854713e-01  8.81313066e-01
  9.10932203e-01  9.27289418e-01  9.32484966e-01  9.49386743e-01
  9.51217165e-01  9.72850466e-01  9.76386433e-01  9.97267524e-01
  1.01182104e+00  1.01625987e+00  1.06855863e+00  1.08873713e+00
  1.10222800e+00  1.14163432e+00  1.18307715e+00  1.23324562e+00
  1.23737229e+00  1.29027480e+00  1.41190680e+00  1.41748319e+00
  1.46946279e+00  1.47806837e+00  1.51378021e+00  1.51899278e+00
  1.55527202e+00  1.56122610e+00  1.73388887e+00  1.73439898e+00
  1.73775478e+00  1.80548894e+00  1.87172377e+00  1.87845513e+00
  1.97647787e+00  1.99397584e+00  2.10044554e+00  2.16854675e+00
  2.17854837e+00  2.21557961e+00  2.21926550e+00  2.24026305e+00
  2.25725667e+00  2.26810504e+00  2.28113131e+00  2.33366656e+00
  2.36839138e+00  2.42394730e+00  2.58293006e+00  2.59673650e+00
  2.70193013e+00  2.72882683e+00  2.74440079e+00  2.76746097e+00
  2.83613196e+00  2.83807995e+00  3.09451812e+00  3.44575133e+00]
nelec by numeric integration = 68.00002210586082
    CPU time for vxc      6.28 sec, wall time      0.22 sec
E1 = -1757.2494786022132  Ecoul = 707.6693837175392  Exc = -70.23085763498514
cycle= 2 E= -748.089746367826  delta_E= -0.00102  |g|= 0.402  |ddm|= 0.975
    CPU time for cycle= 2      6.78 sec, wall time      0.24 sec
  HOMO = -0.264316440455724  LUMO = -0.0305609916015213
  mo_energy =
[-1.01473341e+02 -1.43569964e+01 -1.02128387e+01 -1.02124623e+01
 -1.02032430e+01 -1.01968526e+01 -1.01967295e+01 -1.01966356e+01
 -9.40790884e+00 -7.17084823e+00 -7.16098131e+00 -7.16097225e+00
 -9.60709323e-01 -8.14971413e-01 -8.11682807e-01 -7.68604040e-01
 -6.49112290e-01 -6.40616594e-01 -6.31718785e-01 -5.35672263e-01
 -4.87385559e-01 -4.77804455e-01 -4.36615245e-01 -4.22207616e-01
 -4.20411076e-01 -4.12664964e-01 -4.07996291e-01 -3.76801975e-01
 -3.71763214e-01 -2.97871790e-01 -2.68758146e-01 -2.66716487e-01
 -2.66303966e-01 -2.64316440e-01 -3.05609916e-02 -1.59982104e-02
  5.63774157e-02  9.01418669e-02  1.22282814e-01  1.28172816e-01
  1.41118589e-01  1.49350479e-01  1.57208183e-01  1.72331083e-01
  1.76072803e-01  2.02319957e-01  2.46733957e-01  2.90400096e-01
  3.15175438e-01  3.17819155e-01  4.34786399e-01  4.42754702e-01
  4.48883328e-01  4.83376497e-01  4.85739858e-01  4.85988666e-01
  5.07270863e-01  5.28837945e-01  5.48970969e-01  5.69290484e-01
  5.79349475e-01  5.79404253e-01  5.88786981e-01  5.92472651e-01
  5.93811143e-01  6.05693087e-01  6.17437707e-01  6.49087731e-01
  6.81040680e-01  6.87211498e-01  7.18720598e-01  8.13824231e-01
  8.24274210e-01  8.37700072e-01  8.43227420e-01  8.45157261e-01
  8.84950412e-01  8.87713179e-01  9.09665147e-01  9.15901192e-01
  9.25313484e-01  9.36672200e-01  9.36902410e-01  9.73190044e-01
  9.78149973e-01  9.79192510e-01  1.03149698e+00  1.06489439e+00
  1.07917422e+00  1.11505782e+00  1.16246597e+00  1.19875738e+00
  1.20435010e+00  1.24293864e+00  1.36954770e+00  1.38508368e+00
  1.43952768e+00  1.45486126e+00  1.46407659e+00  1.47792262e+00
  1.50757761e+00  1.51862421e+00  1.69410081e+00  1.71197852e+00
  1.71231502e+00  1.76750560e+00  1.82433313e+00  1.83079482e+00
  1.93384352e+00  1.95760675e+00  2.05711120e+00  2.12627604e+00
  2.13261744e+00  2.16957963e+00  2.17469910e+00  2.20842140e+00
  2.21683200e+00  2.25072588e+00  2.26275949e+00  2.29389982e+00
  2.31761757e+00  2.37684005e+00  2.54296075e+00  2.54879572e+00
  2.65192474e+00  2.68307672e+00  2.69763642e+00  2.72021545e+00
  2.78248488e+00  2.78936914e+00  3.04213146e+00  3.39741315e+00]
nelec by numeric integration = 68.00002142519705
    CPU time for vxc      6.10 sec, wall time      0.22 sec
E1 = -1760.7643953167915  Ecoul = 711.4099847179458  Exc = -70.49629832987993
cycle= 3 E= -748.129502776893  delta_E= -0.0398  |g|= 0.0809  |ddm|= 0.487
    CPU time for cycle= 3      6.62 sec, wall time      0.24 sec
  HOMO = -0.259349381063569  LUMO = -0.0314406430877615
  mo_energy =
[-1.01495425e+02 -1.43266688e+01 -1.02291343e+01 -1.02289923e+01
 -1.02169332e+01 -1.02092570e+01 -1.02065547e+01 -1.02063879e+01
 -9.42627411e+00 -7.18947654e+00 -7.17977492e+00 -7.17976508e+00
 -9.55520889e-01 -8.21991211e-01 -8.15140105e-01 -7.73443061e-01
 -6.54937152e-01 -6.41664741e-01 -6.37179234e-01 -5.39193373e-01
 -4.90647897e-01 -4.81251160e-01 -4.41157849e-01 -4.25186795e-01
 -4.23831230e-01 -4.15561327e-01 -4.08148547e-01 -3.84037967e-01
 -3.75109955e-01 -2.98059169e-01 -2.74468839e-01 -2.74273247e-01
 -2.73554253e-01 -2.59349381e-01 -3.14406431e-02 -2.02417496e-02
  5.16058131e-02  8.79851779e-02  1.20416871e-01  1.26173194e-01
  1.38926830e-01  1.48083384e-01  1.55809748e-01  1.71212413e-01
  1.74603082e-01  2.00706893e-01  2.45586003e-01  2.87428007e-01
  3.14276344e-01  3.15379050e-01  4.27774163e-01  4.39995833e-01
  4.46555306e-01  4.80208043e-01  4.80279314e-01  4.80496299e-01
  5.03587410e-01  5.27202086e-01  5.45644880e-01  5.65721394e-01
  5.75513309e-01  5.76138790e-01  5.87008287e-01  5.89587390e-01
  5.89849957e-01  6.01222776e-01  6.16980513e-01  6.45386935e-01
  6.78119827e-01  6.83346064e-01  7.17373307e-01  8.09749977e-01
  8.20244916e-01  8.34232946e-01  8.41878208e-01  8.47115483e-01
  8.78649793e-01  8.82681379e-01  9.05199965e-01  9.12414588e-01
  9.19029042e-01  9.29615050e-01  9.31278198e-01  9.67469504e-01
  9.72633871e-01  9.74021261e-01  1.03297274e+00  1.06160786e+00
  1.07611906e+00  1.11398748e+00  1.15976781e+00  1.19620665e+00
  1.20324036e+00  1.23949140e+00  1.36585139e+00  1.38594415e+00
  1.44034329e+00  1.45407178e+00  1.46039290e+00  1.47194983e+00
  1.50912436e+00  1.51535435e+00  1.69435635e+00  1.70687064e+00
  1.70727276e+00  1.76737064e+00  1.81984619e+00  1.82932690e+00
  1.93162177e+00  1.95316856e+00  2.05179825e+00  2.12246829e+00
  2.12808761e+00  2.16627114e+00  2.17134060e+00  2.20579874e+00
  2.21266491e+00  2.24676569e+00  2.25890643e+00  2.28853858e+00
  2.31494114e+00  2.37674728e+00  2.53847196e+00  2.54738888e+00
  2.64855673e+00  2.68073334e+00  2.69547952e+00  2.71605739e+00
  2.77959275e+00  2.78627646e+00  3.04147020e+00  3.39399431e+00]
nelec by numeric integration = 68.00002220219062
    CPU time for vxc      5.95 sec, wall time      0.21 sec
E1 = -1760.9895575793719  Ecoul = 711.6502633115257  Exc = -70.51253702966368
cycle= 4 E= -748.130625145677  delta_E= -0.00112  |g|= 0.037  |ddm|= 0.0938
    CPU time for cycle= 4      6.48 sec, wall time      0.23 sec
  HOMO = -0.262749858644507  LUMO = -0.0304329040812067
  mo_energy =
[-1.01491299e+02 -1.43364630e+01 -1.02277223e+01 -1.02276733e+01
 -1.02102298e+01 -1.02101432e+01 -1.01999369e+01 -1.01999263e+01
 -9.42331978e+00 -7.18634969e+00 -7.17673952e+00 -7.17672954e+00
 -9.56652750e-01 -8.21379664e-01 -8.11813519e-01 -7.71417769e-01
 -6.55800085e-01 -6.40948323e-01 -6.35017819e-01 -5.37550698e-01
 -4.89114268e-01 -4.79849455e-01 -4.39252805e-01 -4.26321606e-01
 -4.24874212e-01 -4.13909750e-01 -4.07821683e-01 -3.83687524e-01
 -3.73666209e-01 -2.96602821e-01 -2.74078806e-01 -2.73744118e-01
 -2.71455164e-01 -2.62749859e-01 -3.04329041e-02 -1.83704436e-02
  5.15049754e-02  8.91494080e-02  1.20142791e-01  1.26185839e-01
  1.40147010e-01  1.48255128e-01  1.56401583e-01  1.70075807e-01
  1.75428029e-01  2.00314367e-01  2.46551714e-01  2.89497218e-01
  3.14865687e-01  3.16441163e-01  4.28059990e-01  4.41035791e-01
  4.47112507e-01  4.80411559e-01  4.80656071e-01  4.80696193e-01
  5.05560409e-01  5.28183362e-01  5.45262450e-01  5.65482804e-01
  5.77351249e-01  5.77481438e-01  5.87420507e-01  5.91618911e-01
  5.92435317e-01  6.03549399e-01  6.17058179e-01  6.46972680e-01
  6.80562412e-01  6.83547771e-01  7.16310170e-01  8.10427311e-01
  8.23047247e-01  8.35564323e-01  8.43739076e-01  8.44738566e-01
  8.78857198e-01  8.82407734e-01  9.05384350e-01  9.14480381e-01
  9.19591157e-01  9.29750022e-01  9.32449330e-01  9.68751105e-01
  9.72371366e-01  9.74181907e-01  1.03190626e+00  1.06155910e+00
  1.07720524e+00  1.11478717e+00  1.16178098e+00  1.19524912e+00
  1.20399019e+00  1.24138944e+00  1.36810111e+00  1.38574191e+00
  1.43865343e+00  1.45418753e+00  1.46335123e+00  1.47499727e+00
  1.50866613e+00  1.51603388e+00  1.69455336e+00  1.70585150e+00
  1.70629483e+00  1.76742275e+00  1.82262372e+00  1.83079534e+00
  1.93399574e+00  1.95530778e+00  2.05469832e+00  2.12443238e+00
  2.13062182e+00  2.16918451e+00  2.17242570e+00  2.20595599e+00
  2.21255984e+00  2.24558677e+00  2.25779556e+00  2.29074302e+00
  2.31695707e+00  2.37653926e+00  2.54073577e+00  2.54875334e+00
  2.65041798e+00  2.68224298e+00  2.69593000e+00  2.71769115e+00
  2.78180586e+00  2.78750072e+00  3.04122738e+00  3.39528394e+00]
nelec by numeric integration = 68.0000218271974
    CPU time for vxc      6.05 sec, wall time      0.22 sec
E1 = -1760.9371810825367  Ecoul = 711.5944292663925  Exc = -70.50937956775682
cycle= 5 E= -748.130925232068  delta_E= -0.0003  |g|= 0.0104  |ddm|= 0.044
    CPU time for cycle= 5      6.56 sec, wall time      0.24 sec
  HOMO = -0.261330949937495  LUMO = -0.0299963911973888
  mo_energy =
[-1.01488555e+02 -1.43339601e+01 -1.02243826e+01 -1.02243619e+01
 -1.02117309e+01 -1.02077938e+01 -1.02010938e+01 -1.02010647e+01
 -9.42120871e+00 -7.18416281e+00 -7.17457181e+00 -7.17456175e+00
 -9.54990601e-01 -8.20419398e-01 -8.12129538e-01 -7.70612488e-01
 -6.54725282e-01 -6.40292502e-01 -6.34680788e-01 -5.37299304e-01
 -4.88526008e-01 -4.79722848e-01 -4.38851834e-01 -4.25415398e-01
 -4.24005419e-01 -4.13906298e-01 -4.06903456e-01 -3.82752194e-01
 -3.73411931e-01 -2.96517355e-01 -2.73255666e-01 -2.72931337e-01
 -2.70876756e-01 -2.61330950e-01 -2.99963912e-02 -1.78232726e-02
  5.24654645e-02  8.91590689e-02  1.20587238e-01  1.26653948e-01
  1.40627516e-01  1.48472833e-01  1.56541014e-01  1.70723153e-01
  1.75397674e-01  2.00886115e-01  2.46990046e-01  2.89406380e-01
  3.15503573e-01  3.16778912e-01  4.28757296e-01  4.41544070e-01
  4.47558668e-01  4.81005539e-01  4.81252183e-01  4.81290049e-01
  5.05959721e-01  5.28524983e-01  5.45903802e-01  5.66223207e-01
  5.77813012e-01  5.77977991e-01  5.88036926e-01  5.91818683e-01
  5.91890676e-01  6.03566876e-01  6.18033897e-01  6.47415760e-01
  6.80252030e-01  6.84605814e-01  7.17558515e-01  8.11286238e-01
  8.22455071e-01  8.35948133e-01  8.43706524e-01  8.45925956e-01
  8.79742408e-01  8.83424202e-01  9.05977126e-01  9.14400013e-01
  9.20349997e-01  9.30710473e-01  9.32883893e-01  9.69313954e-01
  9.73375607e-01  9.74910000e-01  1.03290353e+00  1.06227249e+00
  1.07760533e+00  1.11522324e+00  1.16162095e+00  1.19618409e+00
  1.20434116e+00  1.24189897e+00  1.36847170e+00  1.38617187e+00
  1.43954257e+00  1.45476297e+00  1.46319534e+00  1.47513093e+00
  1.50966490e+00  1.51734241e+00  1.69528333e+00  1.70703741e+00
  1.70747567e+00  1.76844436e+00  1.82280199e+00  1.83103486e+00
  1.93385492e+00  1.95580941e+00  2.05500345e+00  2.12503992e+00
  2.13094186e+00  2.16895870e+00  2.17351389e+00  2.20702074e+00
  2.21358398e+00  2.24666598e+00  2.25888110e+00  2.29138591e+00
  2.31700357e+00  2.37773388e+00  2.54124506e+00  2.54918447e+00
  2.65091492e+00  2.68273572e+00  2.69685984e+00  2.71842659e+00
  2.78191801e+00  2.78824268e+00  3.04239187e+00  3.39597054e+00]
nelec by numeric integration = 68.00002185942856
    CPU time for vxc      6.13 sec, wall time      0.22 sec
E1 = -1760.872778415393  Ecoul = 711.5259150861986  Exc = -70.50529385209401
cycle= 6 E= -748.130951029456  delta_E= -2.58e-05  |g|= 0.00456  |ddm|= 0.0153
    CPU time for cycle= 6      6.70 sec, wall time      0.24 sec
  HOMO = -0.26161684667605  LUMO = -0.0300461171327319
  mo_energy =
[-1.01488556e+02 -1.43344828e+01 -1.02255084e+01 -1.02254950e+01
 -1.02109265e+01 -1.02079134e+01 -1.02008125e+01 -1.02007825e+01
 -9.42125374e+00 -7.18419973e+00 -7.17461282e+00 -7.17460273e+00
 -9.55574092e-01 -8.20570468e-01 -8.12015901e-01 -7.70881838e-01
 -6.54778746e-01 -6.40438248e-01 -6.34732237e-01 -5.37345146e-01
 -4.88689571e-01 -4.79716162e-01 -4.39016849e-01 -4.25533206e-01
 -4.24110692e-01 -4.13841181e-01 -4.07188833e-01 -3.82841308e-01
 -3.73461471e-01 -2.96496382e-01 -2.73351611e-01 -2.73030321e-01
 -2.71091527e-01 -2.61616847e-01 -3.00461171e-02 -1.79974510e-02
  5.23613029e-02  8.92159960e-02  1.20540907e-01  1.26574800e-01
  1.40537957e-01  1.48466517e-01  1.56571791e-01  1.70622088e-01
  1.75455711e-01  2.00788046e-01  2.46870926e-01  2.89469427e-01
  3.15341746e-01  3.16730286e-01  4.28737315e-01  4.41412161e-01
  4.47479700e-01  4.80915327e-01  4.81115783e-01  4.81161961e-01
  5.05835876e-01  5.28468364e-01  5.45826213e-01  5.66114881e-01
  5.77659091e-01  5.77853292e-01  5.87911570e-01  5.91853956e-01
  5.92020246e-01  6.03586529e-01  6.17749459e-01  6.47278355e-01
  6.80388427e-01  6.84364632e-01  7.17291339e-01  8.11061110e-01
  8.22714569e-01  8.35846821e-01  8.43729259e-01  8.45707659e-01
  8.79641804e-01  8.83285754e-01  9.05969580e-01  9.14483798e-01
  9.20265636e-01  9.30597614e-01  9.32857190e-01  9.69248202e-01
  9.73265898e-01  9.74842894e-01  1.03268333e+00  1.06218543e+00
  1.07751714e+00  1.11511086e+00  1.16168820e+00  1.19605841e+00
  1.20426259e+00  1.24175120e+00  1.36833288e+00  1.38611963e+00
  1.43941402e+00  1.45463678e+00  1.46324461e+00  1.47509819e+00
  1.50937870e+00  1.51690915e+00  1.69508579e+00  1.70691507e+00
  1.70735110e+00  1.76814851e+00  1.82274761e+00  1.83099737e+00
  1.93391045e+00  1.95561545e+00  2.05489503e+00  2.12481255e+00
  2.13084990e+00  2.16904823e+00  2.17316892e+00  2.20681331e+00
  2.21342089e+00  2.24655372e+00  2.25875634e+00  2.29117112e+00
  2.31706761e+00  2.37737573e+00  2.54106247e+00  2.54907570e+00
  2.65077332e+00  2.68260186e+00  2.69664098e+00  2.71823126e+00
  2.78193928e+00  2.78805132e+00  3.04210644e+00  3.39582819e+00]
nelec by numeric integration = 68.00002185681447
    CPU time for vxc      6.46 sec, wall time      0.24 sec
E1 = -1760.8866590175317  Ecoul = 711.5402795873179  Exc = -70.50578347357092
cycle= 7 E= -748.130956751952  delta_E= -5.72e-06  |g|= 0.000507  |ddm|= 0.00459
    CPU time for cycle= 7      7.03 sec, wall time      0.26 sec
  HOMO = -0.261591123812513  LUMO = -0.0300389370477119
  mo_energy =
[-1.01488808e+02 -1.43344635e+01 -1.02254531e+01 -1.02254294e+01
 -1.02110668e+01 -1.02081142e+01 -1.02007037e+01 -1.02006831e+01
 -9.42144999e+00 -7.18440419e+00 -7.17481341e+00 -7.17480333e+00
 -9.55546090e-01 -8.20659590e-01 -8.12016059e-01 -7.70837987e-01
 -6.54844322e-01 -6.40417389e-01 -6.34713239e-01 -5.37333641e-01
 -4.88665654e-01 -4.79691991e-01 -4.38983968e-01 -4.25578664e-01
 -4.24157792e-01 -4.13855277e-01 -4.07167280e-01 -3.82922864e-01
 -3.73447228e-01 -2.96496594e-01 -2.73429136e-01 -2.73104158e-01
 -2.71054335e-01 -2.61591124e-01 -3.00389370e-02 -1.79646553e-02
  5.22950830e-02  8.92072168e-02  1.20536561e-01  1.26582054e-01
  1.40559234e-01  1.48467489e-01  1.56572076e-01  1.70600511e-01
  1.75460217e-01  2.00785641e-01  2.46880592e-01  2.89476435e-01
  3.15366184e-01  3.16746744e-01  4.28666932e-01  4.41426442e-01
  4.47490055e-01  4.80860368e-01  4.81082835e-01  4.81106456e-01
  5.05854255e-01  5.28476929e-01  5.45785860e-01  5.66088004e-01
  5.77692539e-01  5.77865377e-01  5.87919137e-01  5.91846330e-01
  5.92022548e-01  6.03594069e-01  6.17758614e-01  6.47308229e-01
  6.80392865e-01  6.84387215e-01  7.17296290e-01  8.11088597e-01
  8.22694218e-01  8.35873165e-01  8.43756846e-01  8.45706494e-01
  8.79574234e-01  8.83220683e-01  9.05936025e-01  9.14484484e-01
  9.20217559e-01  9.30521691e-01  9.32825953e-01  9.69223649e-01
  9.73198753e-01  9.74798766e-01  1.03270415e+00  1.06214487e+00
  1.07753029e+00  1.11511645e+00  1.16169611e+00  1.19601478e+00
  1.20428297e+00  1.24177430e+00  1.36835564e+00  1.38612459e+00
  1.43941183e+00  1.45465210e+00  1.46326076e+00  1.47511563e+00
  1.50939971e+00  1.51694598e+00  1.69510907e+00  1.70683520e+00
  1.70727340e+00  1.76817253e+00  1.82276559e+00  1.83101141e+00
  1.93391556e+00  1.95565218e+00  2.05491161e+00  2.12484809e+00
  2.13087417e+00  2.16905304e+00  2.17320228e+00  2.20679098e+00
  2.21338441e+00  2.24648865e+00  2.25869523e+00  2.29121111e+00
  2.31706881e+00  2.37740378e+00  2.54109580e+00  2.54908699e+00
  2.65080162e+00  2.68262025e+00  2.69666857e+00  2.71826639e+00
  2.78194708e+00  2.78807833e+00  3.04213559e+00  3.39585491e+00]
nelec by numeric integration = 68.00002185707237
    CPU time for vxc      6.14 sec, wall time      0.22 sec
E1 = -1760.8883915734252  Ecoul = 711.542169148596  Exc = -70.50594054273473
cycle= 8 E= -748.130956815731  delta_E= -6.38e-08  |g|= 0.000179  |ddm|= 0.000649
    CPU time for cycle= 8      6.65 sec, wall time      0.24 sec
  HOMO = -0.261590297933719  LUMO = -0.0300312407034188
  mo_energy =
[-1.01488813e+02 -1.43344615e+01 -1.02254347e+01 -1.02254174e+01
 -1.02110114e+01 -1.02080909e+01 -1.02007363e+01 -1.02007092e+01
 -9.42144840e+00 -7.18440453e+00 -7.17481187e+00 -7.17480179e+00
 -9.55541713e-01 -8.20650420e-01 -8.12008853e-01 -7.70839186e-01
 -6.54837733e-01 -6.40416618e-01 -6.34708591e-01 -5.37328174e-01
 -4.88662894e-01 -4.79696891e-01 -4.38986631e-01 -4.25570370e-01
 -4.24149621e-01 -4.13843742e-01 -4.07163562e-01 -3.82918044e-01
 -3.73445775e-01 -2.96488990e-01 -2.73424984e-01 -2.73100092e-01
 -2.71056171e-01 -2.61590298e-01 -3.00312407e-02 -1.79663278e-02
  5.23008323e-02  8.92100592e-02  1.20539814e-01  1.26582954e-01
  1.40561329e-01  1.48467480e-01  1.56575822e-01  1.70605596e-01
  1.75460565e-01  2.00788767e-01  2.46883868e-01  2.89480583e-01
  3.15366488e-01  3.16747688e-01  4.28663354e-01  4.41427858e-01
  4.47492149e-01  4.80863359e-01  4.81087541e-01  4.81109477e-01
  5.05857531e-01  5.28479885e-01  5.45792028e-01  5.66093102e-01
  5.77690432e-01  5.77867429e-01  5.87921157e-01  5.91856361e-01
  5.92024918e-01  6.03597824e-01  6.17764440e-01  6.47306711e-01
  6.80395290e-01  6.84389289e-01  7.17301584e-01  8.11089418e-01
  8.22706426e-01  8.35871247e-01  8.43750535e-01  8.45710526e-01
  8.79580441e-01  8.83226122e-01  9.05940758e-01  9.14487812e-01
  9.20223163e-01  9.30527449e-01  9.32830014e-01  9.69227569e-01
  9.73202193e-01  9.74803015e-01  1.03270512e+00  1.06215063e+00
  1.07752991e+00  1.11512051e+00  1.16169723e+00  1.19601842e+00
  1.20428244e+00  1.24177702e+00  1.36835883e+00  1.38612829e+00
  1.43941568e+00  1.45465340e+00  1.46326120e+00  1.47512086e+00
  1.50940409e+00  1.51694900e+00  1.69511013e+00  1.70684760e+00
  1.70728557e+00  1.76817601e+00  1.82276951e+00  1.83101607e+00
  1.93391982e+00  1.95565018e+00  2.05491800e+00  2.12484787e+00
  2.13087590e+00  2.16905815e+00  2.17320516e+00  2.20679888e+00
  2.21339398e+00  2.24649963e+00  2.25870600e+00  2.29120969e+00
  2.31707601e+00  2.37740710e+00  2.54109623e+00  2.54909281e+00
  2.65080237e+00  2.68262470e+00  2.69667048e+00  2.71826623e+00
  2.78195369e+00  2.78808146e+00  3.04213893e+00  3.39585752e+00]
nelec by numeric integration = 68.0000218566895
    CPU time for vxc      5.96 sec, wall time      0.21 sec
E1 = -1760.8880171122628  Ecoul = 711.5417742185684  Exc = -70.50592008094338
cycle= 9 E= -748.130956822805  delta_E= -7.07e-09  |g|= 4.63e-05  |ddm|= 0.00016
    CPU time for cycle= 9      6.48 sec, wall time      0.23 sec
  HOMO = -0.261595910569259  LUMO = -0.0300361889255318
  mo_energy =
[-1.01488784e+02 -1.43344693e+01 -1.02254435e+01 -1.02254215e+01
 -1.02110277e+01 -1.02080792e+01 -1.02007359e+01 -1.02007134e+01
 -9.42142353e+00 -7.18437934e+00 -7.17478650e+00 -7.17477642e+00
 -9.55546997e-01 -8.20640633e-01 -8.12014204e-01 -7.70842635e-01
 -6.54833037e-01 -6.40420869e-01 -6.34712459e-01 -5.37331859e-01
 -4.88667758e-01 -4.79698867e-01 -4.38989015e-01 -4.25569043e-01
 -4.24148079e-01 -4.13847786e-01 -4.07167504e-01 -3.82910236e-01
 -3.73449476e-01 -2.96493961e-01 -2.73414473e-01 -2.73090070e-01
 -2.71058880e-01 -2.61595911e-01 -3.00361889e-02 -1.79696648e-02
  5.23066492e-02  8.92091872e-02  1.20538660e-01  1.26581836e-01
  1.40557366e-01  1.48466430e-01  1.56573792e-01  1.70605409e-01
  1.75459427e-01  2.00787545e-01  2.46880643e-01  2.89477297e-01
  3.15363124e-01  3.16744498e-01  4.28673040e-01  4.41425983e-01
  4.47489778e-01  4.80870785e-01  4.81091263e-01  4.81116949e-01
  5.05854206e-01  5.28476530e-01  5.45794209e-01  5.66094319e-01
  5.77688009e-01  5.77864729e-01  5.87919011e-01  5.91852555e-01
  5.92021502e-01  6.03594458e-01  6.17760772e-01  6.47304102e-01
  6.80391911e-01  6.84386444e-01  7.17298883e-01  8.11086955e-01
  8.22702021e-01  8.35868966e-01  8.43748772e-01  8.45707910e-01
  8.79587846e-01  8.83233741e-01  9.05941968e-01  9.14485017e-01
  9.20228369e-01  9.30536814e-01  9.32832611e-01  9.69229640e-01
  9.73209483e-01  9.74806497e-01  1.03270166e+00  1.06215287e+00
  1.07752840e+00  1.11511766e+00  1.16169473e+00  1.19602204e+00
  1.20427944e+00  1.24177226e+00  1.36835458e+00  1.38612487e+00
  1.43941280e+00  1.45465057e+00  1.46325665e+00  1.47511623e+00
  1.50939879e+00  1.51694509e+00  1.69510587e+00  1.70685142e+00
  1.70728923e+00  1.76817215e+00  1.82276493e+00  1.83101135e+00
  1.93391558e+00  1.95564711e+00  2.05491328e+00  2.12484415e+00
  2.13087165e+00  2.16905292e+00  2.17320125e+00  2.20679824e+00
  2.21339391e+00  2.24650174e+00  2.25870781e+00  2.29120622e+00
  2.31707023e+00  2.37740238e+00  2.54109260e+00  2.54908765e+00
  2.65079782e+00  2.68262006e+00  2.69666565e+00  2.71826196e+00
  2.78194815e+00  2.78807664e+00  3.04213381e+00  3.39585272e+00]
nelec by numeric integration = 68.00002185647841
    CPU time for vxc      5.97 sec, wall time      0.21 sec
E1 = -1760.8878775775845  Ecoul = 711.5416227815859  Exc = -70.50590817923667
cycle= 10 E= -748.130956823403  delta_E= -5.98e-10  |g|= 1.48e-05  |ddm|= 7.85e-05
    CPU time for cycle= 10      6.48 sec, wall time      0.23 sec
  HOMO = -0.261595876125818  LUMO = -0.0300346951440636
  mo_energy =
[-1.01488798e+02 -1.43344714e+01 -1.02254351e+01 -1.02254194e+01
 -1.02110210e+01 -1.02080811e+01 -1.02007397e+01 -1.02007110e+01
 -9.42143510e+00 -7.18439112e+00 -7.17479830e+00 -7.17478822e+00
 -9.55545541e-01 -8.20645315e-01 -8.12012685e-01 -7.70841115e-01
 -6.54834568e-01 -6.40419538e-01 -6.34710859e-01 -5.37330336e-01
 -4.88666133e-01 -4.79698133e-01 -4.38987901e-01 -4.25569626e-01
 -4.24148655e-01 -4.13846596e-01 -4.07166228e-01 -3.82913248e-01
 -3.73448011e-01 -2.96492641e-01 -2.73418875e-01 -2.73094281e-01
 -2.71057635e-01 -2.61595876e-01 -3.00346951e-02 -1.79683180e-02
  5.23044403e-02  8.92093813e-02  1.20539194e-01  1.26582285e-01
  1.40558629e-01  1.48466603e-01  1.56574558e-01  1.70605231e-01
  1.75459419e-01  2.00788385e-01  2.46881692e-01  2.89478421e-01
  3.15363925e-01  3.16745646e-01  4.28670182e-01  4.41426321e-01
  4.47490635e-01  4.80867655e-01  4.81088938e-01  4.81113806e-01
  5.05855681e-01  5.28477444e-01  5.45793188e-01  5.66093755e-01
  5.77689074e-01  5.77865715e-01  5.87919531e-01  5.91854318e-01
  5.92022224e-01  6.03595844e-01  6.17761998e-01  6.47305194e-01
  6.80392864e-01  6.84387843e-01  7.17299905e-01  8.11088580e-01
  8.22703592e-01  8.35869807e-01  8.43749173e-01  8.45707962e-01
  8.79584703e-01  8.83230217e-01  9.05941515e-01  9.14485775e-01
  9.20226275e-01  9.30532773e-01  9.32831489e-01  9.69228838e-01
  9.73206268e-01  9.74805170e-01  1.03270241e+00  1.06215186e+00
  1.07752898e+00  1.11511872e+00  1.16169554e+00  1.19601987e+00
  1.20428008e+00  1.24177389e+00  1.36835619e+00  1.38612536e+00
  1.43941311e+00  1.45465158e+00  1.46325787e+00  1.47511814e+00
  1.50940001e+00  1.51694717e+00  1.69510681e+00  1.70685019e+00
  1.70728804e+00  1.76817353e+00  1.82276657e+00  1.83101256e+00
  1.93391681e+00  1.95564844e+00  2.05491533e+00  2.12484561e+00
  2.13087319e+00  2.16905436e+00  2.17320303e+00  2.20679842e+00
  2.21339376e+00  2.24650121e+00  2.25870743e+00  2.29120776e+00
  2.31707185e+00  2.37740390e+00  2.54109410e+00  2.54908915e+00
  2.65079920e+00  2.68262162e+00  2.69666715e+00  2.71826351e+00
  2.78194976e+00  2.78807828e+00  3.04213532e+00  3.39585432e+00]
nelec by numeric integration = 68.0000218564782
    CPU time for vxc      5.98 sec, wall time      0.21 sec
E1 = -1760.8879662993331  Ecoul = 711.5417187766385  Exc = -70.50591545250151
Extra cycle  E= -748.130956823363  delta_E= 3.91e-11  |g|= 1.88e-05  |ddm|= 3.46e-05
    CPU time for scf_cycle     89.13 sec, wall time      3.29 sec
    CPU time for SCF     89.13 sec, wall time      3.29 sec
converged SCF energy = -748.130956823363
Converting <class 'pyscf.dft.rks.RKS'> to RHF


******** <class 'pyscf.tdscf.rks.TDA'> for <class 'pyscf.dft.rks.RKS'> ********
nstates = 50 singlet
wfnsym = None
conv_tol = 1e-09
eigh lindep = 1e-12
eigh level_shift = 0
eigh max_space = 600
eigh max_cycle = 2000
chkfile = /scratch/global/yangjunjie/tmpvtv4mfgb
max_memory 127949 MB (current use 595 MB)


davidson 0 50  |r|= 0.239  e= [0.18711284 0.19304349 0.21531861 0.22443801 0.22446272 0.23686394
 0.23697652 0.27813819 0.28215311 0.28246881 0.28881695 0.29227802
 0.29834641 0.30634813 0.32042893 0.32236127 0.32413349 0.32434842
 0.33618768 0.34026411 0.34062585 0.34089622 0.3444294  0.34672833
 0.3480959  0.35235046 0.35416343 0.35534686 0.35740482 0.35802071
 0.3639205  0.36456251 0.36505635 0.36607209 0.36813241 0.36922897
 0.36949578 0.37038969 0.37536858 0.37760528 0.38186885 0.38239088
 0.38511012 0.38521014 0.38834201 0.39323767 0.39527565 0.39558873
 0.42088495 0.45972937]  max|de|= 0.46  lindep=    1
Old state -> New state
    4     ->     3 
    3     ->     4 
   22     ->    13 
   13     ->    14 
   14     ->    15 
   15     ->    16 
   16     ->    17 
   17     ->    18 
   14     ->    19 
   18     ->    20 
   19     ->    21 
   21     ->    22 
   20     ->    23 
   23     ->    24 
   24     ->    25 
   25     ->    26 
   26     ->    28 
   28     ->    29 
   29     ->    31 
   34     ->    32 
   32     ->    33 
   31     ->    34 
   33     ->    35 
   35     ->    36 
   36     ->    37 
   34     ->    38 
   38     ->    39 
   39     ->    40 
   45     ->    41 
   41     ->    42 
   40     ->    43 
   43     ->    44 
   44     ->    45 
   42     ->    46 
   46     ->    47 
   47     ->    48 
davidson 1 90  |r|= 0.0959  e= [0.18458564 0.19229695 0.21195684 0.22434442 0.22442655 0.23685465
 0.23687761 0.25020445 0.27799786 0.27829032 0.28492378 0.29069635
 0.29783149 0.30129463 0.30506548 0.30507967 0.32125026 0.32330045
 0.32341249 0.32510161 0.33524252 0.33935506 0.33989439 0.34042268
 0.34553509 0.34688383 0.35111399 0.3532797  0.35358086 0.35539843
 0.35707968 0.35737221 0.36326023 0.36355935 0.36397457 0.36408734
 0.36806607 0.36920671 0.37304088 0.37317393 0.37581524 0.37985148
 0.38233518 0.38243967 0.38497223 0.38784264 0.3883538  0.39519731
 0.39531876 0.41374443]  max|de|= -0.046  lindep= 0.826
Old state -> New state
   15     ->    14 
   14     ->    15 
   35     ->    34 
   34     ->    35 
   46     ->    45 
   45     ->    46 
   39     ->    49 
davidson 2 130  |r|= 0.0325  e= [0.18455731 0.19228965 0.21192623 0.22434138 0.22442641 0.23685438
 0.2368758  0.25005048 0.27793089 0.27822155 0.28477826 0.29064781
 0.29778651 0.30026642 0.30342518 0.30500591 0.32115731 0.32321529
 0.3232855  0.32422062 0.33514119 0.33926023 0.33983249 0.34034792
 0.34539837 0.34664249 0.35090143 0.35302363 0.35344592 0.35511914
 0.35689347 0.35722541 0.35856996 0.36319106 0.3636538  0.36374118
 0.36794259 0.36916496 0.37051573 0.37191128 0.37499089 0.37847294
 0.38232071 0.38234747 0.38478758 0.38671264 0.38728065 0.39496889
 0.39507304 0.40042875]  max|de|= 0.0273  lindep= 0.789
slurmstepd: error: *** JOB 430898 ON pauling039 CANCELLED AT 2022-09-27T23:32:18 ***
