 
:: initializing oneAPI environment ...
   slurm_script: BASH_VERSION = 4.2.46(1)-release
   args: Using "$@" for setvars.sh arguments: --force
:: advisor -- latest
:: ccl -- latest
:: clck -- latest
:: compiler -- latest
:: dal -- latest
:: debugger -- latest
:: dev-utilities -- latest
:: dnnl -- latest
:: dpcpp-ct -- latest
:: dpl -- latest
:: inspector -- latest
:: intelpython -- latest
:: ipp -- latest
:: ippcp -- latest
:: ipp -- latest
:: itac -- latest
:: mkl -- latest
:: mpi -- latest
:: tbb -- latest
:: vpl -- latest
:: vtune -- latest
:: oneAPI environment initialized ::
 
SLURM_CPUS_PER_TASK = 28
SLURM_MEM_PER_NODE = 256000
#INFO: **** input file is /home/yangjunjie/work/py-ch3-cl/work/scan-39/main.py ****
import sys
import pyscf
from pyscf import tdscf

def main(xyz_file, basis="631g*", xc="b3lyp", output="ene.out"):
    xyz = None

    with open(xyz_file, "r") as xyz:
        xyz = xyz.readlines()[2:]
        xyz = "".join(xyz)

    mol = pyscf.gto.Mole()
    mol.atom = xyz
    mol.basis = basis
    mol.verbose = 5
    mol.build()

    if xc is not None and xc != "hf":
        mf = pyscf.scf.RKS(mol)
        mf.xc = xc
        mf.grids.level = 9
        mf.kernel()
    else:
        mf = pyscf.scf.RHF(mol)
        mf.kernel()

    ene_mf = mf.e_tot

    with open(output, "w") as f:
        tda = pyscf.tdscf.TDA(mf)
        tda.nstates = 5
        tda.max_space = 8
        tda.max_cycle = 2000
        tda.kernel()

        con_tda = tda.converged
        ene_tda = tda.e[:5]
        dip_tda = tda.transition_dipole()[:5]

        f.write(f"RKS energy: {ene_mf: 12.8f}\n")
        f.write("TDA results:\n")
        for i, (con, ene, dip) in enumerate(zip(con_tda, ene_tda, dip_tda)):
            f.write(f" {i:2d} {con} {ene: 12.8f} {dip[0]: 12.8f} {dip[1]: 12.8f} {dip[2]: 12.8f}\n")

        # rpa = pyscf.tdscf.RPA(mf)
        # rpa.nstates = 5
        # rpa.max_space = 8
        # rpa.max_cycle = 2000
        # rpa.kernel()

        # con_rpa = rpa.converged
        # ene_rpa = rpa.e[:5]
        # dip_rpa = rpa.transition_dipole()[:5]
        
        # f.write("\nRPA results:\n")
        # for i, (con, ene, dip) in enumerate(zip(con_rpa, ene_rpa, dip_rpa)):
        #     f.write(f" {i:2d} {con} {ene: 12.8f} {dip[0]: 12.8f} {dip[1]: 12.8f} {dip[2]: 12.8f}\n")

if __name__ == "__main__":
    xyz = sys.argv[1]
    main(xyz, basis="6-311g**", xc=None, output="out.log")
#INFO: ******************** input file end ********************


System: uname_result(system='Linux', node='pauling005', release='3.10.0-327.36.3.el7.x86_64', version='#1 SMP Thu Oct 20 04:56:07 EDT 2016', machine='x86_64')  Threads 28
Python 3.9.7 (default, Oct 27 2021, 01:23:21) 
[GCC 9.3.0]
numpy 1.21.2  scipy 1.6.2
Date: Tue Oct  4 15:31:06 2022
PySCF version 2.0.1
PySCF path  /home/yangjunjie/packages/pyscf/pyscf-main
GIT ORIG_HEAD 14b880cdc4bf7bb64f3989a147c0b04622efc498
GIT HEAD (branch master) 9d5b5bd309d1cc55fbd1a0ec76e26b5b0c7f76af

[ENV] PYSCF_MAX_MEMORY 256000
[ENV] PYSCF_TMPDIR /scratch/global/yangjunjie/
[CONFIG] conf_file /home/yangjunjie/.pyscf_conf.py
[INPUT] verbose = 5
[INPUT] max_memory = 256000 
[INPUT] num. atoms = 16
[INPUT] num. electrons = 68
[INPUT] charge = 0
[INPUT] spin (= nelec alpha-beta = 2S) = 0
[INPUT] symmetry False subgroup None
[INPUT] Mole.unit = angstrom
[INPUT]  1 C      0.000000510000   1.164491220000   1.012244270000 AA    0.000000963760   2.200569480261   1.912864441460 Bohr
[INPUT]  2 C      0.000000680000   1.185729210000   2.387667990000 AA    0.000001285014   2.240703464797   4.512038577491 Bohr
[INPUT]  3 C      0.000000000000  -0.016135660000   3.070943760000 AA    0.000000000000  -0.030491978239   5.803242650342 Bohr
[INPUT]  4 C     -0.000000590000  -1.205389030000   2.357111640000 AA   -0.000001114938  -2.277855140255   4.454295444624 Bohr
[INPUT]  5 C     -0.000000600000  -1.150556540000   0.987372150000 AA   -0.000001133836  -2.174236751427   1.865862946523 Bohr
[INPUT]  6 N     -0.000000110000   0.016881310000   0.340516150000 AA   -0.000000207870   0.031901052524   0.643482264491 Bohr
[INPUT]  7 C      0.000000070000   0.011308440000  -1.139548280000 AA    0.000000132281   0.021369854496  -2.153434154919 Bohr
[INPUT]  8 H      0.000000940000   2.060050670000   0.423311510000 AA    0.000001776343   3.892931569027   0.799942819276 Bohr
[INPUT]  9 H      0.000001150000   2.127097890000   2.900925170000 AA    0.000002173185   4.019632452240   5.481954079157 Bohr
[INPUT] 10 H     -0.000000120000  -0.029432860000   4.145217960000 AA   -0.000000226767  -0.055620044463   7.833326671028 Bohr
[INPUT] 11 H     -0.000001190000  -2.158187650000   2.848864300000 AA   -0.000002248774  -4.078383583919   5.383573293051 Bohr
[INPUT] 12 H     -0.000000900000  -2.028732040000   0.371095100000 AA   -0.000001700754  -3.833747935730   0.701268105168 Bohr
[INPUT] 13 H     -0.000003440000   1.021801090000  -1.508696960000 AA   -0.000006500658   1.930924213882  -2.851024059364 Bohr
[INPUT] 14 H     -0.880909460000  -0.492207730000  -1.504058320000 AA   -1.664677619939  -0.930137806094  -2.842258300173 Bohr
[INPUT] 15 H      0.880913070000  -0.492201730000  -1.504058280000 AA    1.664684441850  -0.930126467737  -2.842258224584 Bohr
[INPUT] 16 Cl    -0.000000080000  -0.006253970000  -4.415162660000 AA   -0.000000151178  -0.011818290491  -8.343448222806 Bohr
[INPUT] ---------------- BASIS SET ---------------- 
[INPUT] l, kappa, [nprim/nctr], expnt,             c_1 c_2 ...
[INPUT] N
[INPUT] 0    0    [6    /1   ]  6293.48           0.00196979
                                949.044           0.0149613
                                218.776           0.0735006
                                63.6916           0.248937
                                18.8282           0.60246
                                2.72023           0.256202
[INPUT] 0    0    [3    /1   ]  30.6331           0.111906
                                7.02614           0.921666
                                2.11205           -0.00256919
[INPUT] 0    0    [1    /1   ]  0.684009             1
[INPUT] 0    0    [1    /1   ]  0.200878             1
[INPUT] 1    0    [3    /1   ]  30.6331           0.0383119
                                7.02614           0.237403
                                2.11205           0.817592
[INPUT] 1    0    [1    /1   ]  0.684009             1
[INPUT] 1    0    [1    /1   ]  0.200878             1
[INPUT] 2    0    [1    /1   ]  0.913                1
[INPUT] C
[INPUT] 0    0    [6    /1   ]  4563.24           0.00196665
                                682.024           0.0152306
                                154.973           0.0761269
                                44.4553           0.260801
                                13.029            0.616462
                                1.82773           0.221006
[INPUT] 0    0    [3    /1   ]  20.9642           0.11466
                                4.80331           0.919999
                                1.45933           -0.00303068
[INPUT] 0    0    [1    /1   ]  0.483456             1
[INPUT] 0    0    [1    /1   ]  0.145585             1
[INPUT] 1    0    [3    /1   ]  20.9642           0.0402487
                                4.80331           0.237594
                                1.45933           0.815854
[INPUT] 1    0    [1    /1   ]  0.483456             1
[INPUT] 1    0    [1    /1   ]  0.145585             1
[INPUT] 2    0    [1    /1   ]  0.626                1
[INPUT] H
[INPUT] 0    0    [3    /1   ]  33.865            0.0254938
                                5.09479           0.190373
                                1.15879           0.852161
[INPUT] 0    0    [1    /1   ]  0.32584              1
[INPUT] 0    0    [1    /1   ]  0.102741             1
[INPUT] 1    0    [1    /1   ]  0.75                 1
[INPUT] Cl
[INPUT] 0    0    [6    /1   ]  105819            0.000738
                                15872             0.005718
                                3619.65           0.029495
                                1030.8            0.117286
                                339.908           0.362949
                                124.538           0.584149
[INPUT] 0    0    [3    /1   ]  124.538           0.134177
                                49.5135           0.62425
                                20.8056           0.291756
[INPUT] 0    0    [1    /1   ]  6.58346              1
[INPUT] 0    0    [1    /1   ]  2.56468              1
[INPUT] 0    0    [1    /1   ]  0.559763             1
[INPUT] 0    0    [1    /1   ]  0.183273             1
[INPUT] 1    0    [5    /1   ]  589.776           0.002391
                                139.849           0.018504
                                45.1413           0.081377
                                16.8733           0.221552
                                6.7411            0.772569
[INPUT] 1    0    [2    /1   ]  6.7411            -1.572244
                                2.77152           0.992389
[INPUT] 1    0    [1    /1   ]  1.02387              1
[INPUT] 1    0    [1    /1   ]  0.381368             1
[INPUT] 1    0    [1    /1   ]  0.109437             1
[INPUT] 2    0    [1    /1   ]  0.75                 1

nuclear repulsion = 375.777675169064
number of shells = 100
number of NR pGTOs = 329
number of NR cGTOs = 200
basis = 6-311g**
ecp = {}
CPU time:         0.40


******** <class 'pyscf.scf.hf.RHF'> ********
method = RHF
initial guess = minao
damping factor = 0
level_shift factor = 0
DIIS = <class 'pyscf.scf.diis.CDIIS'>
diis_start_cycle = 1
diis_space = 8
SCF conv_tol = 1e-09
SCF conv_tol_grad = None
SCF max_cycles = 50
direct_scf = True
direct_scf_tol = 1e-13
chkfile to save SCF result = /scratch/global/yangjunjie/tmp6f6tb9n7
max_memory 256000 MB (current use 81 MB)
Set gradient conv threshold to 3.16228e-05
E1 = -1765.2166452939382  E_coul = 641.5709505502803
init E= -747.868019574594
cond(S) = 15152.323282940117
    CPU time for initialize scf     13.55 sec, wall time      0.56 sec
  HOMO = -0.254530770059128  LUMO = 0.00436241958642993
  mo_energy =
[-1.04816185e+02 -1.56430207e+01 -1.13284238e+01 -1.13252563e+01
 -1.13215683e+01 -1.13205665e+01 -1.13194948e+01 -1.13192724e+01
 -1.06097442e+01 -8.06833324e+00 -8.06831465e+00 -8.06831284e+00
 -1.80969537e+00 -1.48166782e+00 -1.34156186e+00 -1.18080405e+00
 -1.08061975e+00 -9.58384702e-01 -9.25696489e-01 -6.95571546e-01
 -6.17228096e-01 -5.79241356e-01 -5.64299446e-01 -5.16108897e-01
 -4.98708635e-01 -4.40928945e-01 -4.38606894e-01 -4.29963769e-01
 -4.23745750e-01 -4.22868854e-01 -3.70222970e-01 -3.55043382e-01
 -2.91904161e-01 -2.54530770e-01  4.36241959e-03  4.35988967e-02
  1.11932391e-01  1.38378661e-01  1.58246187e-01  1.80865709e-01
  1.94756382e-01  1.95863588e-01  2.10740562e-01  2.30697045e-01
  2.42930260e-01  2.48140392e-01  3.64388243e-01  3.75356430e-01
  3.87569445e-01  3.99117945e-01  4.07786249e-01  4.08306079e-01
  4.25074728e-01  4.31608886e-01  4.48687226e-01  4.51052943e-01
  4.87168391e-01  5.14070828e-01  5.40810785e-01  5.46100245e-01
  5.59276987e-01  5.78856964e-01  5.88704156e-01  6.03359862e-01
  6.29633037e-01  6.30263410e-01  6.77475138e-01  6.78998932e-01
  6.91119536e-01  7.20588275e-01  7.40855634e-01  7.48931746e-01
  7.59835257e-01  7.71323345e-01  7.79242817e-01  7.89930309e-01
  8.06598734e-01  8.43343337e-01  8.81831447e-01  8.89047607e-01
  8.94289446e-01  9.41080048e-01  9.64169394e-01  9.70556166e-01
  9.86757121e-01  1.02171582e+00  1.06073126e+00  1.10360016e+00
  1.10383515e+00  1.10874058e+00  1.11047718e+00  1.13187762e+00
  1.13779151e+00  1.14271488e+00  1.18920901e+00  1.23017309e+00
  1.24079652e+00  1.27134145e+00  1.28690441e+00  1.30066351e+00
  1.33531289e+00  1.41388371e+00  1.48392202e+00  1.52778558e+00
  1.62064504e+00  1.62335283e+00  1.66941945e+00  1.67606145e+00
  1.68020642e+00  1.72436800e+00  1.73660114e+00  1.74932535e+00
  1.77322899e+00  1.77758343e+00  1.82827958e+00  1.84701229e+00
  1.89321013e+00  1.89520559e+00  1.92619475e+00  1.96029153e+00
  1.96195083e+00  1.97365610e+00  2.01169166e+00  2.02190213e+00
  2.04418288e+00  2.08407129e+00  2.11231326e+00  2.14688958e+00
  2.15987718e+00  2.18069037e+00  2.19815672e+00  2.23933441e+00
  2.30163836e+00  2.33354821e+00  2.34647675e+00  2.36583871e+00
  2.37238511e+00  2.43317713e+00  2.43429072e+00  2.47068436e+00
  2.50333556e+00  2.50882095e+00  2.55722934e+00  2.61754810e+00
  2.63638556e+00  2.66495410e+00  2.67440480e+00  2.69135541e+00
  2.72649252e+00  2.75466459e+00  2.77582220e+00  2.82161194e+00
  2.87212513e+00  2.87508143e+00  2.88981147e+00  2.90652783e+00
  2.91307686e+00  2.93039947e+00  2.95277928e+00  2.96201297e+00
  2.97132860e+00  3.06172866e+00  3.07785044e+00  3.09993449e+00
  3.12799345e+00  3.22477643e+00  3.23753591e+00  3.28565781e+00
  3.28831359e+00  3.34946845e+00  3.41636623e+00  3.57803012e+00
  3.69822454e+00  3.80611640e+00  3.81577776e+00  3.87178163e+00
  4.01999724e+00  4.10804428e+00  4.12452804e+00  4.15083766e+00
  4.22222859e+00  4.35408628e+00  4.35481898e+00  4.40153979e+00
  4.48656127e+00  4.79472470e+00  5.38972704e+00  5.69016969e+00
  1.00172096e+01  2.47354364e+01  2.50369056e+01  2.50507242e+01
  2.51601814e+01  2.52516951e+01  2.52971576e+01  2.61958149e+01
  2.62027405e+01  2.63077743e+01  3.70183056e+01  2.18884798e+02]
E1 = -1764.3156239431107  E_coul = 642.8761463192499
cycle= 1 E= -745.661802454797  delta_E= 2.21  |g|= 0.73  |ddm|=  3.1
    CPU time for cycle= 1      1.51 sec, wall time      0.05 sec
  HOMO = -0.173470916547482  LUMO = -0.0944745780644002
  mo_energy =
[-1.04339598e+02 -1.60354575e+01 -1.15618033e+01 -1.15591660e+01
 -1.14341040e+01 -1.14200637e+01 -1.14150918e+01 -1.14143805e+01
 -1.01071300e+01 -7.57017147e+00 -7.56996689e+00 -7.56996098e+00
 -1.59458104e+00 -1.29760472e+00 -1.27067621e+00 -1.14040286e+00
 -1.08697507e+00 -1.02705283e+00 -8.88240044e-01 -8.68268988e-01
 -8.35075834e-01 -8.14193630e-01 -7.81323634e-01 -7.76656095e-01
 -7.38449266e-01 -6.74686672e-01 -6.72490353e-01 -6.51948438e-01
 -6.51856078e-01 -5.60857007e-01 -5.32864033e-01 -1.77172643e-01
 -1.73604817e-01 -1.73470917e-01 -9.44745781e-02 -4.24137755e-02
  6.03640172e-02  9.54013676e-02  1.04578296e-01  1.34507546e-01
  1.42629348e-01  1.55378147e-01  1.73972196e-01  1.89609343e-01
  2.14999347e-01  2.25193117e-01  2.74920670e-01  2.84747759e-01
  2.99240362e-01  3.17103172e-01  3.42297749e-01  3.45839730e-01
  3.60931258e-01  3.93205653e-01  4.05630176e-01  4.36240627e-01
  4.62878172e-01  4.75702628e-01  4.86176535e-01  5.10529331e-01
  5.18330353e-01  5.29751727e-01  5.36448316e-01  5.84204840e-01
  5.86738108e-01  6.24017258e-01  6.42332290e-01  6.52829686e-01
  6.54380117e-01  6.58446203e-01  6.66482221e-01  6.86094534e-01
  6.90776030e-01  7.13939904e-01  7.26191210e-01  7.28436209e-01
  7.39376212e-01  7.80536283e-01  7.92956204e-01  8.08969884e-01
  8.10925883e-01  8.65889364e-01  8.74701971e-01  8.98095742e-01
  9.08368229e-01  9.66957058e-01  1.01419923e+00  1.03846523e+00
  1.06516047e+00  1.08484332e+00  1.10622092e+00  1.14395617e+00
  1.15230447e+00  1.16895184e+00  1.17768675e+00  1.21197982e+00
  1.26114636e+00  1.32580787e+00  1.43631286e+00  1.47747748e+00
  1.48457160e+00  1.48573438e+00  1.48730560e+00  1.48778637e+00
  1.51239031e+00  1.51379423e+00  1.53972153e+00  1.58465689e+00
  1.61339644e+00  1.64484174e+00  1.65554655e+00  1.66781873e+00
  1.68065691e+00  1.68259677e+00  1.70881168e+00  1.73564867e+00
  1.79105609e+00  1.80721506e+00  1.82254418e+00  1.83438011e+00
  1.87635480e+00  1.88581036e+00  1.90679100e+00  1.91240019e+00
  1.97717241e+00  1.98706159e+00  2.01617179e+00  2.04459015e+00
  2.06171630e+00  2.06444761e+00  2.08516693e+00  2.17271769e+00
  2.18463226e+00  2.22458530e+00  2.23476738e+00  2.24446370e+00
  2.25655404e+00  2.40329640e+00  2.41222696e+00  2.47389685e+00
  2.49433680e+00  2.52600078e+00  2.57137014e+00  2.59745438e+00
  2.63494295e+00  2.64455980e+00  2.67648148e+00  2.69372811e+00
  2.70387084e+00  2.73261923e+00  2.76281512e+00  2.80116387e+00
  2.80280069e+00  2.80712746e+00  2.81158309e+00  2.81980194e+00
  2.82437657e+00  2.82918392e+00  2.84699166e+00  2.84893466e+00
  2.89661324e+00  2.90439494e+00  2.95089241e+00  2.96795859e+00
  2.97833813e+00  3.06844212e+00  3.12108192e+00  3.14211249e+00
  3.22157557e+00  3.22316174e+00  3.24625250e+00  3.47108642e+00
  3.56454376e+00  3.68529906e+00  3.70071362e+00  3.75047671e+00
  3.82199706e+00  3.95944462e+00  3.97182162e+00  3.98419708e+00
  4.14096531e+00  4.15289848e+00  4.24348421e+00  4.30312470e+00
  4.35614629e+00  4.65297694e+00  5.14717938e+00  5.44675437e+00
  1.04856994e+01  2.45708640e+01  2.48340590e+01  2.49413165e+01
  2.49714993e+01  2.50993029e+01  2.51711584e+01  2.66480473e+01
  2.66549169e+01  2.67585989e+01  3.66181769e+01  2.19352204e+02]
E1 = -1766.6719992709532  E_coul = 645.0847759625882
cycle= 2 E= -745.809548139301  delta_E= -0.148  |g|= 0.382  |ddm|=  1.1
    CPU time for cycle= 2      1.55 sec, wall time      0.06 sec
  HOMO = -0.25737693864945  LUMO = -0.0131538589683908
  mo_energy =
[-1.04629492e+02 -1.56782433e+01 -1.13889966e+01 -1.13811444e+01
 -1.13786532e+01 -1.13607763e+01 -1.13601160e+01 -1.12908900e+01
 -1.03436485e+01 -7.81134566e+00 -7.81117035e+00 -7.81116906e+00
 -1.41296643e+00 -1.22852531e+00 -1.16277189e+00 -1.04285853e+00
 -9.88221484e-01 -9.55521576e-01 -8.43208217e-01 -8.29133009e-01
 -7.89002559e-01 -7.68604368e-01 -7.16946373e-01 -7.06178345e-01
 -7.05106854e-01 -6.35080866e-01 -6.14283427e-01 -5.98268801e-01
 -5.96463127e-01 -4.90178461e-01 -4.61542656e-01 -2.60387933e-01
 -2.57778517e-01 -2.57376939e-01 -1.31538590e-02  2.45428811e-02
  7.66742470e-02  1.09564058e-01  1.21152289e-01  1.50004301e-01
  1.57500552e-01  2.02060188e-01  2.05562380e-01  2.45395062e-01
  2.58563355e-01  2.68564664e-01  3.24267495e-01  3.33640843e-01
  3.43102869e-01  3.59328615e-01  3.92974923e-01  3.98228037e-01
  4.12739847e-01  4.42681222e-01  4.67774427e-01  4.70277962e-01
  5.01437771e-01  5.16922811e-01  5.19012751e-01  5.39044075e-01
  5.61506416e-01  5.63150755e-01  5.97158046e-01  6.19276636e-01
  6.23881114e-01  6.30415221e-01  6.35028655e-01  6.45036641e-01
  6.80250057e-01  6.86264321e-01  7.10805026e-01  7.23892974e-01
  7.34038246e-01  7.44241363e-01  7.63145154e-01  7.76600157e-01
  7.90370038e-01  8.23369381e-01  8.36951626e-01  8.46837106e-01
  8.93715392e-01  9.23164231e-01  9.33510179e-01  9.59080487e-01
  9.75471044e-01  1.02608289e+00  1.07052521e+00  1.07156829e+00
  1.08559927e+00  1.13494303e+00  1.15395211e+00  1.18281482e+00
  1.21048271e+00  1.22449995e+00  1.23325959e+00  1.27293668e+00
  1.33871341e+00  1.36306072e+00  1.36307096e+00  1.36559135e+00
  1.36684235e+00  1.37840524e+00  1.44215845e+00  1.50035487e+00
  1.56039555e+00  1.58466322e+00  1.60179561e+00  1.63165696e+00
  1.67186676e+00  1.68988677e+00  1.70350079e+00  1.70489735e+00
  1.72089692e+00  1.72396504e+00  1.76454949e+00  1.78986003e+00
  1.85041904e+00  1.85245910e+00  1.88926093e+00  1.90101233e+00
  1.90723734e+00  1.93961548e+00  1.95035685e+00  1.95697914e+00
  2.02712890e+00  2.03989806e+00  2.06624074e+00  2.08575346e+00
  2.09891640e+00  2.13469276e+00  2.13660045e+00  2.22519305e+00
  2.25212459e+00  2.28692388e+00  2.31432830e+00  2.31726591e+00
  2.32849725e+00  2.45223050e+00  2.47134781e+00  2.49735602e+00
  2.57873640e+00  2.59707102e+00  2.62102798e+00  2.66256234e+00
  2.66417997e+00  2.67809722e+00  2.68319808e+00  2.68585064e+00
  2.72181538e+00  2.74308655e+00  2.75634002e+00  2.79629354e+00
  2.81321057e+00  2.82283421e+00  2.83020204e+00  2.83726473e+00
  2.85220653e+00  2.88065877e+00  2.89866660e+00  2.93716197e+00
  2.94740968e+00  3.01392737e+00  3.02663266e+00  3.04409829e+00
  3.05730076e+00  3.15984798e+00  3.21923512e+00  3.23594312e+00
  3.25813737e+00  3.28695914e+00  3.37636500e+00  3.53067495e+00
  3.65540780e+00  3.76014464e+00  3.76910484e+00  3.83514852e+00
  3.96400627e+00  4.08414508e+00  4.11058278e+00  4.11703618e+00
  4.21927850e+00  4.29641155e+00  4.31921550e+00  4.33926471e+00
  4.43284768e+00  4.74125596e+00  5.35862243e+00  5.64247298e+00
  1.02826087e+01  2.46696950e+01  2.49728687e+01  2.50637250e+01
  2.50860134e+01  2.51906047e+01  2.52358638e+01  2.64552091e+01
  2.64620979e+01  2.65656375e+01  3.69688781e+01  2.19069287e+02]
E1 = -1765.769346782675  E_coul = 644.1512350536345
cycle= 3 E= -745.840436559977  delta_E= -0.0309  |g|= 0.112  |ddm|= 0.337
    CPU time for cycle= 3      1.54 sec, wall time      0.05 sec
  HOMO = -0.270233309924761  LUMO = -0.00532913047320898
  mo_energy =
[-1.04642590e+02 -1.57579526e+01 -1.13822046e+01 -1.13808707e+01
 -1.13388505e+01 -1.13240595e+01 -1.13238125e+01 -1.12949055e+01
 -1.03622606e+01 -7.82965786e+00 -7.82953757e+00 -7.82953335e+00
 -1.43469070e+00 -1.21005614e+00 -1.15638720e+00 -1.04437754e+00
 -9.85342938e-01 -9.48169627e-01 -8.56831908e-01 -8.21353810e-01
 -7.84016968e-01 -7.57013100e-01 -7.17464099e-01 -7.12401879e-01
 -7.07702676e-01 -6.25110220e-01 -6.13288616e-01 -6.04260088e-01
 -5.97364025e-01 -4.85606045e-01 -4.51615533e-01 -2.73774062e-01
 -2.70524669e-01 -2.70233310e-01 -5.32913047e-03  3.37428140e-02
  8.61120286e-02  1.15265026e-01  1.24210467e-01  1.56105601e-01
  1.60086578e-01  2.04521563e-01  2.06924901e-01  2.43921725e-01
  2.59213339e-01  2.66334742e-01  3.35678039e-01  3.42947313e-01
  3.51208802e-01  3.64571125e-01  3.93180738e-01  3.95587649e-01
  4.13572077e-01  4.45057815e-01  4.69303511e-01  4.82406814e-01
  5.11849826e-01  5.26245343e-01  5.28937294e-01  5.50701151e-01
  5.64818427e-01  5.66470070e-01  5.96552365e-01  6.13000783e-01
  6.19132575e-01  6.22877271e-01  6.41110660e-01  6.43933139e-01
  6.92526915e-01  6.93385333e-01  7.19405851e-01  7.32531290e-01
  7.37245672e-01  7.55696562e-01  7.64730718e-01  7.71260635e-01
  7.88268502e-01  8.35205536e-01  8.43278300e-01  8.52231302e-01
  8.77842706e-01  9.29548730e-01  9.43789668e-01  9.68176946e-01
  9.77535437e-01  1.02646805e+00  1.06414752e+00  1.08262509e+00
  1.09170291e+00  1.14022619e+00  1.16777967e+00  1.17597157e+00
  1.22161130e+00  1.23002847e+00  1.23257894e+00  1.28022815e+00
  1.34040293e+00  1.34708480e+00  1.34710195e+00  1.34969009e+00
  1.35102316e+00  1.36552140e+00  1.42841543e+00  1.49905873e+00
  1.56766992e+00  1.58082343e+00  1.61261836e+00  1.63949964e+00
  1.68434179e+00  1.68792997e+00  1.71270625e+00  1.71799747e+00
  1.72216971e+00  1.73369108e+00  1.77427021e+00  1.79796790e+00
  1.85317510e+00  1.85589146e+00  1.89082316e+00  1.91037881e+00
  1.91538489e+00  1.93870989e+00  1.96085240e+00  1.96674903e+00
  2.02687124e+00  2.04201433e+00  2.07479277e+00  2.09747218e+00
  2.11653242e+00  2.14655107e+00  2.15001391e+00  2.22870503e+00
  2.26340686e+00  2.29103987e+00  2.31465033e+00  2.31769239e+00
  2.33006062e+00  2.46641440e+00  2.47175247e+00  2.51775468e+00
  2.58365528e+00  2.59565006e+00  2.63325965e+00  2.65397546e+00
  2.66613980e+00  2.67330569e+00  2.67533628e+00  2.68457205e+00
  2.71319121e+00  2.73686868e+00  2.75490200e+00  2.79893753e+00
  2.81605430e+00  2.82646435e+00  2.84091672e+00  2.85633920e+00
  2.86573988e+00  2.89656466e+00  2.90838729e+00  2.93377040e+00
  2.94789052e+00  3.00677103e+00  3.04045571e+00  3.05281362e+00
  3.07142528e+00  3.16357995e+00  3.22659771e+00  3.23585772e+00
  3.25759636e+00  3.30405505e+00  3.36576793e+00  3.55690905e+00
  3.66861239e+00  3.77807161e+00  3.78992173e+00  3.84003934e+00
  3.95157952e+00  4.07915356e+00  4.10059248e+00  4.10497514e+00
  4.21474359e+00  4.28296380e+00  4.31572023e+00  4.36397180e+00
  4.44455589e+00  4.75303558e+00  5.32159989e+00  5.61486020e+00
  1.02645714e+01  2.46959679e+01  2.49855590e+01  2.50621267e+01
  2.51061494e+01  2.52120647e+01  2.52696494e+01  2.64373108e+01
  2.64441744e+01  2.65477639e+01  3.68911092e+01  2.19055658e+02]
E1 = -1766.089185339753  E_coul = 644.4678161915009
cycle= 4 E= -745.843693979188  delta_E= -0.00326  |g|= 0.0345  |ddm|= 0.118
    CPU time for cycle= 4      1.55 sec, wall time      0.06 sec
  HOMO = -0.262365100072729  LUMO = -0.00870968083415942
  mo_energy =
[-1.04610264e+02 -1.57474424e+01 -1.13910358e+01 -1.13888774e+01
 -1.13602905e+01 -1.13390170e+01 -1.13385404e+01 -1.13015318e+01
 -1.03371736e+01 -7.80397594e+00 -7.80387342e+00 -7.80386753e+00
 -1.43452547e+00 -1.21792208e+00 -1.16051298e+00 -1.04657149e+00
 -9.88879593e-01 -9.52288895e-01 -8.47233220e-01 -8.24939156e-01
 -7.90352611e-01 -7.59784385e-01 -7.17730309e-01 -7.16721273e-01
 -7.11858520e-01 -6.31424721e-01 -6.18919112e-01 -6.05519148e-01
 -6.00008781e-01 -4.90004165e-01 -4.56207701e-01 -2.65930607e-01
 -2.62581744e-01 -2.62365100e-01 -8.70968083e-03  2.99047209e-02
  8.50761181e-02  1.14945264e-01  1.23957644e-01  1.55727971e-01
  1.60073993e-01  2.05015442e-01  2.05159506e-01  2.44215350e-01
  2.57890974e-01  2.66568711e-01  3.33449527e-01  3.40510424e-01
  3.48710962e-01  3.61705203e-01  3.93190264e-01  3.94150862e-01
  4.12448293e-01  4.43487008e-01  4.67252485e-01  4.78502151e-01
  5.07474512e-01  5.23800136e-01  5.25595423e-01  5.48232307e-01
  5.63257147e-01  5.65709414e-01  5.96950871e-01  6.14619819e-01
  6.20122907e-01  6.24813960e-01  6.38377642e-01  6.42660333e-01
  6.89064553e-01  6.90889530e-01  7.17099585e-01  7.29004611e-01
  7.35181821e-01  7.52608078e-01  7.63176321e-01  7.70730022e-01
  7.87162176e-01  8.31690615e-01  8.42745688e-01  8.47936844e-01
  8.79285157e-01  9.26110401e-01  9.39566181e-01  9.62692078e-01
  9.74343220e-01  1.02481728e+00  1.06849621e+00  1.07865852e+00
  1.08910078e+00  1.13889427e+00  1.16105231e+00  1.17526197e+00
  1.21811868e+00  1.22851003e+00  1.22918796e+00  1.27633897e+00
  1.33799423e+00  1.35886612e+00  1.35886699e+00  1.36142448e+00
  1.36266594e+00  1.37316785e+00  1.43085939e+00  1.49800866e+00
  1.56351339e+00  1.57993722e+00  1.60811282e+00  1.63656102e+00
  1.67922862e+00  1.68870406e+00  1.70852762e+00  1.71633455e+00
  1.71974715e+00  1.73040525e+00  1.77043245e+00  1.79601051e+00
  1.85273912e+00  1.85461716e+00  1.88993907e+00  1.90812063e+00
  1.91246679e+00  1.93798452e+00  1.95882279e+00  1.96471853e+00
  2.02612272e+00  2.04033334e+00  2.07161212e+00  2.09478426e+00
  2.11080208e+00  2.14113827e+00  2.14382741e+00  2.22661791e+00
  2.25827988e+00  2.28846516e+00  2.31334988e+00  2.31446583e+00
  2.32746726e+00  2.46148453e+00  2.46994188e+00  2.51407162e+00
  2.58325966e+00  2.59392893e+00  2.62980933e+00  2.65889776e+00
  2.67548494e+00  2.67860173e+00  2.68181421e+00  2.68273905e+00
  2.71962995e+00  2.73599114e+00  2.75471944e+00  2.79754966e+00
  2.81385689e+00  2.82502953e+00  2.83806414e+00  2.85458706e+00
  2.86387915e+00  2.88891651e+00  2.90564239e+00  2.93092362e+00
  2.94665602e+00  3.00550202e+00  3.03505272e+00  3.04711468e+00
  3.06262822e+00  3.15748867e+00  3.22289490e+00  3.23169448e+00
  3.25700366e+00  3.29496308e+00  3.36412389e+00  3.54593506e+00
  3.66103428e+00  3.77002922e+00  3.78181345e+00  3.83445702e+00
  3.95075509e+00  4.07566918e+00  4.10172906e+00  4.10240468e+00
  4.21347847e+00  4.28649386e+00  4.30965945e+00  4.35624764e+00
  4.43877199e+00  4.74584834e+00  5.32476076e+00  5.61563738e+00
  1.02857021e+01  2.46823188e+01  2.49752553e+01  2.50555276e+01
  2.50923926e+01  2.51998160e+01  2.52541609e+01  2.64572230e+01
  2.64640687e+01  2.65676726e+01  3.69012946e+01  2.19087056e+02]
E1 = -1766.0327728855877  E_coul = 644.411103245474
cycle= 5 E= -745.84399447105  delta_E= -0.0003  |g|= 0.00511  |ddm|= 0.0334
    CPU time for cycle= 5      1.55 sec, wall time      0.06 sec
  HOMO = -0.26229053620154  LUMO = -0.00853902113958616
  mo_energy =
[-1.04613044e+02 -1.57477269e+01 -1.13923866e+01 -1.13904059e+01
 -1.13594427e+01 -1.13388321e+01 -1.13383683e+01 -1.13034590e+01
 -1.03381697e+01 -7.80510137e+00 -7.80500250e+00 -7.80499595e+00
 -1.43477862e+00 -1.21753041e+00 -1.16062686e+00 -1.04695882e+00
 -9.89071389e-01 -9.52579749e-01 -8.47185710e-01 -8.25308055e-01
 -7.90546832e-01 -7.60186751e-01 -7.17969769e-01 -7.17126988e-01
 -7.12243118e-01 -6.31643993e-01 -6.19354451e-01 -6.06270364e-01
 -6.00357197e-01 -4.89824932e-01 -4.56143574e-01 -2.65815665e-01
 -2.62475205e-01 -2.62290536e-01 -8.53902114e-03  2.97763721e-02
  8.50550217e-02  1.14820278e-01  1.23747114e-01  1.55648255e-01
  1.59872224e-01  2.04814308e-01  2.05037921e-01  2.43931409e-01
  2.57691551e-01  2.66284714e-01  3.33247911e-01  3.40441730e-01
  3.48556910e-01  3.61584586e-01  3.92895739e-01  3.93870866e-01
  4.12127690e-01  4.43305121e-01  4.66967993e-01  4.78882758e-01
  5.07606088e-01  5.23909743e-01  5.25486260e-01  5.48147743e-01
  5.63076867e-01  5.65764821e-01  5.96971195e-01  6.14323614e-01
  6.19823571e-01  6.24652328e-01  6.38322130e-01  6.42185869e-01
  6.89200642e-01  6.90648310e-01  7.16768184e-01  7.28814169e-01
  7.34796503e-01  7.52447041e-01  7.62869690e-01  7.70068448e-01
  7.86665859e-01  8.31679439e-01  8.42454637e-01  8.47952047e-01
  8.79134867e-01  9.25910386e-01  9.39424453e-01  9.62790305e-01
  9.74042113e-01  1.02449166e+00  1.06843782e+00  1.07848650e+00
  1.08909766e+00  1.13892699e+00  1.16103554e+00  1.17488308e+00
  1.21785958e+00  1.22835114e+00  1.22895054e+00  1.27601230e+00
  1.33754696e+00  1.35896841e+00  1.35896971e+00  1.36152966e+00
  1.36276486e+00  1.37318476e+00  1.43064418e+00  1.49750020e+00
  1.56353906e+00  1.57947385e+00  1.60793824e+00  1.63628022e+00
  1.67910617e+00  1.68834896e+00  1.70837278e+00  1.71600364e+00
  1.71942428e+00  1.73013254e+00  1.77017402e+00  1.79558926e+00
  1.85230704e+00  1.85412108e+00  1.88939557e+00  1.90767775e+00
  1.91237514e+00  1.93752464e+00  1.95859819e+00  1.96435966e+00
  2.02565733e+00  2.03999010e+00  2.07142560e+00  2.09440271e+00
  2.11074662e+00  2.14083650e+00  2.14369852e+00  2.22635994e+00
  2.25813191e+00  2.28823875e+00  2.31291897e+00  2.31421922e+00
  2.32708274e+00  2.46146869e+00  2.46941765e+00  2.51393214e+00
  2.58282081e+00  2.59349986e+00  2.62947135e+00  2.65858428e+00
  2.67517656e+00  2.67838174e+00  2.68159937e+00  2.68255981e+00
  2.71936280e+00  2.73543145e+00  2.75415702e+00  2.79697139e+00
  2.81331302e+00  2.82455200e+00  2.83773989e+00  2.85439391e+00
  2.86355990e+00  2.88874904e+00  2.90529354e+00  2.93037224e+00
  2.94594737e+00  3.00497863e+00  3.03487384e+00  3.04692112e+00
  3.06250134e+00  3.15711006e+00  3.22259882e+00  3.23143674e+00
  3.25663385e+00  3.29511294e+00  3.36351070e+00  3.54608261e+00
  3.66073103e+00  3.76991319e+00  3.78180819e+00  3.83410092e+00
  3.94998463e+00  4.07534538e+00  4.10109852e+00  4.10171640e+00
  4.21264885e+00  4.28600181e+00  4.30944193e+00  4.35617862e+00
  4.43835933e+00  4.74582656e+00  5.32413887e+00  5.61525280e+00
  1.02850647e+01  2.46820918e+01  2.49744339e+01  2.50537569e+01
  2.50919973e+01  2.51994540e+01  2.52543328e+01  2.64567015e+01
  2.64635357e+01  2.65671338e+01  3.69010112e+01  2.19084468e+02]
E1 = -1766.0398406586614  E_coul = 644.4181568820352
cycle= 6 E= -745.844008607563  delta_E= -1.41e-05  |g|= 0.00191  |ddm|= 0.0084
    CPU time for cycle= 6      1.55 sec, wall time      0.06 sec
  HOMO = -0.262330313617871  LUMO = -0.00849179574833452
  mo_energy =
[-1.04613240e+02 -1.57478402e+01 -1.13921132e+01 -1.13899798e+01
 -1.13601671e+01 -1.13387471e+01 -1.13382822e+01 -1.13026097e+01
 -1.03383198e+01 -7.80525204e+00 -7.80515230e+00 -7.80514545e+00
 -1.43472105e+00 -1.21766928e+00 -1.16055908e+00 -1.04688575e+00
 -9.89057029e-01 -9.52545430e-01 -8.47215648e-01 -8.25353352e-01
 -7.90565260e-01 -7.60106246e-01 -7.17856036e-01 -7.17069390e-01
 -7.12335589e-01 -6.31672863e-01 -6.19374707e-01 -6.06139529e-01
 -6.00281386e-01 -4.89875423e-01 -4.56085902e-01 -2.65828457e-01
 -2.62499477e-01 -2.62330314e-01 -8.49179575e-03  2.98003194e-02
  8.50383006e-02  1.14861211e-01  1.23723278e-01  1.55644027e-01
  1.59893167e-01  2.04846159e-01  2.05035235e-01  2.43965251e-01
  2.57704203e-01  2.66338590e-01  3.33238014e-01  3.40422767e-01
  3.48530874e-01  3.61572281e-01  3.92977853e-01  3.93878359e-01
  4.12157804e-01  4.43329015e-01  4.67025211e-01  4.78873326e-01
  5.07509843e-01  5.23990697e-01  5.25463049e-01  5.48082863e-01
  5.63083231e-01  5.65756342e-01  5.96939112e-01  6.14367101e-01
  6.19831651e-01  6.24639783e-01  6.38381517e-01  6.42232821e-01
  6.89175472e-01  6.90591042e-01  7.16796456e-01  7.28787843e-01
  7.34799326e-01  7.52460673e-01  7.62906634e-01  7.70204801e-01
  7.86745479e-01  8.31618607e-01  8.42551385e-01  8.47904878e-01
  8.79201354e-01  9.25885878e-01  9.39413350e-01  9.62708242e-01
  9.74097620e-01  1.02455964e+00  1.06842365e+00  1.07846535e+00
  1.08910932e+00  1.13886517e+00  1.16097980e+00  1.17494545e+00
  1.21789144e+00  1.22838636e+00  1.22892141e+00  1.27602752e+00
  1.33757680e+00  1.35893582e+00  1.35893679e+00  1.36149588e+00
  1.36273096e+00  1.37317617e+00  1.43068592e+00  1.49756613e+00
  1.56349318e+00  1.57955649e+00  1.60790260e+00  1.63631847e+00
  1.67901781e+00  1.68839753e+00  1.70831334e+00  1.71602341e+00
  1.71944163e+00  1.73012223e+00  1.77014856e+00  1.79563477e+00
  1.85234789e+00  1.85414319e+00  1.88946362e+00  1.90770877e+00
  1.91228477e+00  1.93757998e+00  1.95863531e+00  1.96441171e+00
  2.02572465e+00  2.03995187e+00  2.07139498e+00  2.09436557e+00
  2.11068459e+00  2.14086764e+00  2.14360130e+00  2.22637725e+00
  2.25806626e+00  2.28826152e+00  2.31296438e+00  2.31422122e+00
  2.32710831e+00  2.46138708e+00  2.46949527e+00  2.51378756e+00
  2.58287062e+00  2.59352758e+00  2.62948263e+00  2.65861682e+00
  2.67520387e+00  2.67830525e+00  2.68155487e+00  2.68254678e+00
  2.71938675e+00  2.73556063e+00  2.75423176e+00  2.79705813e+00
  2.81338342e+00  2.82449851e+00  2.83766361e+00  2.85445099e+00
  2.86348283e+00  2.88876337e+00  2.90532119e+00  2.93053118e+00
  2.94609818e+00  3.00504672e+00  3.03477278e+00  3.04701653e+00
  3.06233083e+00  3.15722204e+00  3.22262394e+00  3.23139803e+00
  3.25669071e+00  3.29503874e+00  3.36359107e+00  3.54592502e+00
  3.66079925e+00  3.76988147e+00  3.78170362e+00  3.83414640e+00
  3.95005571e+00  4.07539405e+00  4.10128131e+00  4.10181310e+00
  4.21287785e+00  4.28610548e+00  4.30945871e+00  4.35599603e+00
  4.43839727e+00  4.74571751e+00  5.32423380e+00  5.61525212e+00
  1.02849507e+01  2.46820654e+01  2.49746741e+01  2.50545214e+01
  2.50918809e+01  2.51996221e+01  2.52542270e+01  2.64566090e+01
  2.64634371e+01  2.65670269e+01  3.69009019e+01  2.19084280e+02]
E1 = -1766.0413895869376  E_coul = 644.419702894165
cycle= 7 E= -745.844011523709  delta_E= -2.92e-06  |g|= 0.000867  |ddm|= 0.00349
    CPU time for cycle= 7      1.97 sec, wall time      0.07 sec
  HOMO = -0.262351238925668  LUMO = -0.00838481155502882
  mo_energy =
[-1.04612956e+02 -1.57474343e+01 -1.13922374e+01 -1.13901667e+01
 -1.13598164e+01 -1.13385324e+01 -1.13380548e+01 -1.13029510e+01
 -1.03381934e+01 -7.80511383e+00 -7.80501341e+00 -7.80500645e+00
 -1.43465699e+00 -1.21755226e+00 -1.16052518e+00 -1.04690290e+00
 -9.88965788e-01 -9.52527799e-01 -8.47220201e-01 -8.25347301e-01
 -7.90467540e-01 -7.60036441e-01 -7.17844670e-01 -7.17044618e-01
 -7.12288362e-01 -6.31559218e-01 -6.19314541e-01 -6.06255532e-01
 -6.00334828e-01 -4.89791816e-01 -4.56054017e-01 -2.65843860e-01
 -2.62515027e-01 -2.62351239e-01 -8.38481156e-03  2.98486704e-02
  8.50805060e-02  1.14889022e-01  1.23714365e-01  1.55666295e-01
  1.59894379e-01  2.04821365e-01  2.05048977e-01  2.43930489e-01
  2.57700263e-01  2.66323704e-01  3.33277648e-01  3.40467182e-01
  3.48584848e-01  3.61626359e-01  3.92931959e-01  3.93892156e-01
  4.12150458e-01  4.43348485e-01  4.67050935e-01  4.78942742e-01
  5.07573514e-01  5.24023240e-01  5.25519634e-01  5.48135374e-01
  5.63105236e-01  5.65778974e-01  5.96947519e-01  6.14343147e-01
  6.19813382e-01  6.24614494e-01  6.38410519e-01  6.42221545e-01
  6.89254749e-01  6.90598492e-01  7.16827647e-01  7.28852379e-01
  7.34796330e-01  7.52525947e-01  7.62911237e-01  7.70097035e-01
  7.86696016e-01  8.31689900e-01  8.42505592e-01  8.47976886e-01
  8.79241139e-01  9.25897225e-01  9.39486314e-01  9.62785371e-01
  9.74139426e-01  1.02455419e+00  1.06842725e+00  1.07851527e+00
  1.08917463e+00  1.13891054e+00  1.16107231e+00  1.17494459e+00
  1.21793656e+00  1.22840449e+00  1.22895974e+00  1.27605443e+00
  1.33761013e+00  1.35893771e+00  1.35893881e+00  1.36149591e+00
  1.36273017e+00  1.37318473e+00  1.43072213e+00  1.49751906e+00
  1.56356369e+00  1.57952141e+00  1.60796342e+00  1.63633807e+00
  1.67909296e+00  1.68830876e+00  1.70834564e+00  1.71602130e+00
  1.71945283e+00  1.73015378e+00  1.77020168e+00  1.79567758e+00
  1.85232985e+00  1.85412465e+00  1.88947360e+00  1.90771726e+00
  1.91235938e+00  1.93755227e+00  1.95867636e+00  1.96446807e+00
  2.02567507e+00  2.03992130e+00  2.07144816e+00  2.09439633e+00
  2.11080567e+00  2.14093071e+00  2.14367666e+00  2.22636626e+00
  2.25816247e+00  2.28828300e+00  2.31294523e+00  2.31426173e+00
  2.32711814e+00  2.46146222e+00  2.46945932e+00  2.51389640e+00
  2.58286875e+00  2.59353335e+00  2.62955148e+00  2.65857903e+00
  2.67516761e+00  2.67836966e+00  2.68158663e+00  2.68254423e+00
  2.71934964e+00  2.73550321e+00  2.75417118e+00  2.79702519e+00
  2.81340993e+00  2.82449606e+00  2.83772871e+00  2.85457333e+00
  2.86352659e+00  2.88882854e+00  2.90537288e+00  2.93050688e+00
  2.94600988e+00  3.00507059e+00  3.03487739e+00  3.04711055e+00
  3.06240061e+00  3.15724501e+00  3.22265594e+00  3.23148147e+00
  3.25662367e+00  3.29516120e+00  3.36361648e+00  3.54608726e+00
  3.66085197e+00  3.76996720e+00  3.78181849e+00  3.83419076e+00
  3.95005007e+00  4.07544383e+00  4.10124340e+00  4.10178863e+00
  4.21275436e+00  4.28620834e+00  4.30956861e+00  4.35613537e+00
  4.43843658e+00  4.74585794e+00  5.32434795e+00  5.61539501e+00
  1.02850376e+01  2.46821819e+01  2.49746560e+01  2.50542122e+01
  2.50919480e+01  2.51997079e+01  2.52544284e+01  2.64566878e+01
  2.64635136e+01  2.65670981e+01  3.69012946e+01  2.19084547e+02]
E1 = -1766.0400593870474  E_coul = 644.4183720299501
cycle= 8 E= -745.844012188034  delta_E= -6.64e-07  |g|= 0.00037  |ddm|= 0.00155
    CPU time for cycle= 8      1.56 sec, wall time      0.06 sec
  HOMO = -0.262390532514956  LUMO = -0.00838529439334628
  mo_energy =
[-1.04613078e+02 -1.57474320e+01 -1.13922565e+01 -1.13901380e+01
 -1.13600109e+01 -1.13385062e+01 -1.13380384e+01 -1.13029416e+01
 -1.03382839e+01 -7.80520758e+00 -7.80510726e+00 -7.80510028e+00
 -1.43463819e+00 -1.21757100e+00 -1.16050584e+00 -1.04690298e+00
 -9.88958694e-01 -9.52525820e-01 -8.47262340e-01 -8.25360947e-01
 -7.90467998e-01 -7.60019709e-01 -7.17842692e-01 -7.17022543e-01
 -7.12303376e-01 -6.31554448e-01 -6.19317106e-01 -6.06239978e-01
 -6.00326849e-01 -4.89814395e-01 -4.56055637e-01 -2.65877166e-01
 -2.62552932e-01 -2.62390533e-01 -8.38529439e-03  2.98599082e-02
  8.50790724e-02  1.14902598e-01  1.23705659e-01  1.55666775e-01
  1.59900905e-01  2.04828917e-01  2.05043636e-01  2.43935609e-01
  2.57701299e-01  2.66331287e-01  3.33278088e-01  3.40468959e-01
  3.48585544e-01  3.61626107e-01  3.92943454e-01  3.93899148e-01
  4.12161333e-01  4.43360215e-01  4.67067119e-01  4.78935106e-01
  5.07566150e-01  5.24031951e-01  5.25523898e-01  5.48124695e-01
  5.63103149e-01  5.65768912e-01  5.96931067e-01  6.14338459e-01
  6.19807558e-01  6.24602061e-01  6.38416569e-01  6.42227095e-01
  6.89245675e-01  6.90584989e-01  7.16834477e-01  7.28857243e-01
  7.34796687e-01  7.52533166e-01  7.62922007e-01  7.70110926e-01
  7.86704912e-01  8.31680487e-01  8.42516467e-01  8.47971561e-01
  8.79242249e-01  9.25893175e-01  9.39487864e-01  9.62792988e-01
  9.74151044e-01  1.02456883e+00  1.06840352e+00  1.07851939e+00
  1.08918065e+00  1.13889236e+00  1.16106342e+00  1.17495074e+00
  1.21795182e+00  1.22841632e+00  1.22895257e+00  1.27605358e+00
  1.33762001e+00  1.35888548e+00  1.35888646e+00  1.36144417e+00
  1.36267891e+00  1.37315580e+00  1.43072226e+00  1.49753205e+00
  1.56356886e+00  1.57953792e+00  1.60796675e+00  1.63635290e+00
  1.67907991e+00  1.68832765e+00  1.70833793e+00  1.71602454e+00
  1.71946014e+00  1.73015550e+00  1.77019729e+00  1.79569416e+00
  1.85234259e+00  1.85412631e+00  1.88948891e+00  1.90772196e+00
  1.91235528e+00  1.93755595e+00  1.95870224e+00  1.96448876e+00
  2.02568806e+00  2.03991515e+00  2.07145317e+00  2.09439393e+00
  2.11080430e+00  2.14093734e+00  2.14365730e+00  2.22637794e+00
  2.25815205e+00  2.28830039e+00  2.31295657e+00  2.31426878e+00
  2.32713173e+00  2.46145850e+00  2.46947075e+00  2.51388417e+00
  2.58289042e+00  2.59354946e+00  2.62955996e+00  2.65857717e+00
  2.67514744e+00  2.67834700e+00  2.68155401e+00  2.68251029e+00
  2.71932655e+00  2.73552142e+00  2.75418330e+00  2.79703583e+00
  2.81341487e+00  2.82448296e+00  2.83771990e+00  2.85461169e+00
  2.86351883e+00  2.88882019e+00  2.90539070e+00  2.93052380e+00
  2.94602233e+00  3.00508284e+00  3.03486402e+00  3.04713169e+00
  3.06234445e+00  3.15725950e+00  3.22267481e+00  3.23148118e+00
  3.25663900e+00  3.29515005e+00  3.36362739e+00  3.54605718e+00
  3.66086223e+00  3.76996527e+00  3.78179808e+00  3.83419009e+00
  3.95005915e+00  4.07545608e+00  4.10126430e+00  4.10180072e+00
  4.21277030e+00  4.28622905e+00  4.30958448e+00  4.35610200e+00
  4.43844344e+00  4.74584183e+00  5.32436533e+00  5.61540625e+00
  1.02849585e+01  2.46821440e+01  2.49746666e+01  2.50542167e+01
  2.50918681e+01  2.51997243e+01  2.52543910e+01  2.64566120e+01
  2.64634371e+01  2.65670204e+01  3.69012977e+01  2.19084429e+02]
E1 = -1766.0407547328784  E_coul = 644.419067193517
cycle= 9 E= -745.844012370298  delta_E= -1.82e-07  |g|= 0.000157  |ddm|= 0.000874
    CPU time for cycle= 9      1.57 sec, wall time      0.06 sec
  HOMO = -0.262372045239424  LUMO = -0.00839166317512101
  mo_energy =
[-1.04613053e+02 -1.57473902e+01 -1.13923102e+01 -1.13902110e+01
 -1.13600034e+01 -1.13385032e+01 -1.13380235e+01 -1.13028654e+01
 -1.03382517e+01 -7.80517587e+00 -7.80507565e+00 -7.80506867e+00
 -1.43464003e+00 -1.21757037e+00 -1.16052155e+00 -1.04688325e+00
 -9.88962863e-01 -9.52532270e-01 -8.47242518e-01 -8.25368982e-01
 -7.90476103e-01 -7.60018692e-01 -7.17846282e-01 -7.17037747e-01
 -7.12290536e-01 -6.31556897e-01 -6.19319094e-01 -6.06212275e-01
 -6.00310999e-01 -4.89819507e-01 -4.56075969e-01 -2.65857118e-01
 -2.62534813e-01 -2.62372045e-01 -8.39166318e-03  2.98515684e-02
  8.50756134e-02  1.14900338e-01  1.23699428e-01  1.55667759e-01
  1.59898294e-01  2.04830885e-01  2.05042912e-01  2.43940556e-01
  2.57700633e-01  2.66339051e-01  3.33271821e-01  3.40465268e-01
  3.48585472e-01  3.61619907e-01  3.92950497e-01  3.93902798e-01
  4.12158714e-01  4.43354829e-01  4.67062728e-01  4.78926835e-01
  5.07560637e-01  5.24020204e-01  5.25518568e-01  5.48122068e-01
  5.63106111e-01  5.65766928e-01  5.96933222e-01  6.14339813e-01
  6.19805902e-01  6.24609419e-01  6.38407992e-01  6.42217858e-01
  6.89241478e-01  6.90583392e-01  7.16829292e-01  7.28857581e-01
  7.34792652e-01  7.52532312e-01  7.62925733e-01  7.70136284e-01
  7.86714826e-01  8.31676824e-01  8.42529814e-01  8.47967042e-01
  8.79238043e-01  9.25883388e-01  9.39484387e-01  9.62788676e-01
  9.74141549e-01  1.02456916e+00  1.06841463e+00  1.07851592e+00
  1.08918098e+00  1.13889251e+00  1.16105245e+00  1.17494577e+00
  1.21794033e+00  1.22841343e+00  1.22895432e+00  1.27604749e+00
  1.33760506e+00  1.35890883e+00  1.35890983e+00  1.36146779e+00
  1.36270245e+00  1.37317309e+00  1.43073183e+00  1.49753782e+00
  1.56356348e+00  1.57954073e+00  1.60795410e+00  1.63635672e+00
  1.67906900e+00  1.68834804e+00  1.70833148e+00  1.71603244e+00
  1.71946763e+00  1.73015691e+00  1.77018897e+00  1.79569178e+00
  1.85234036e+00  1.85412970e+00  1.88948023e+00  1.90771071e+00
  1.91235650e+00  1.93756698e+00  1.95869189e+00  1.96448657e+00
  2.02570086e+00  2.03991010e+00  2.07145314e+00  2.09438539e+00
  2.11080228e+00  2.14092443e+00  2.14365113e+00  2.22638624e+00
  2.25815116e+00  2.28829728e+00  2.31296092e+00  2.31427075e+00
  2.32712379e+00  2.46145910e+00  2.46947548e+00  2.51388142e+00
  2.58288702e+00  2.59354578e+00  2.62955663e+00  2.65859316e+00
  2.67516846e+00  2.67834941e+00  2.68156633e+00  2.68253044e+00
  2.71934882e+00  2.73553577e+00  2.75418499e+00  2.79704262e+00
  2.81341211e+00  2.82447539e+00  2.83771453e+00  2.85461772e+00
  2.86351833e+00  2.88881576e+00  2.90538537e+00  2.93054198e+00
  2.94603266e+00  3.00508122e+00  3.03486305e+00  3.04712974e+00
  3.06232412e+00  3.15723881e+00  3.22266526e+00  3.23147627e+00
  3.25665004e+00  3.29514417e+00  3.36362821e+00  3.54605442e+00
  3.66085331e+00  3.76995543e+00  3.78180179e+00  3.83419527e+00
  3.95003785e+00  4.07546022e+00  4.10129658e+00  4.10178020e+00
  4.21280062e+00  4.28625824e+00  4.30957860e+00  4.35609623e+00
  4.43842851e+00  4.74583763e+00  5.32439334e+00  5.61540650e+00
  1.02849883e+01  2.46821280e+01  2.49746303e+01  2.50542882e+01
  2.50918424e+01  2.51997079e+01  2.52543899e+01  2.64566410e+01
  2.64634662e+01  2.65670497e+01  3.69013381e+01  2.19084454e+02]
E1 = -1766.0406733406194  E_coul = 644.418985771797
cycle= 10 E= -745.844012399759  delta_E= -2.95e-08  |g|= 5.09e-05  |ddm|= 0.00038
    CPU time for cycle= 10      1.61 sec, wall time      0.06 sec
  HOMO = -0.262366690651675  LUMO = -0.00839196920456946
  mo_energy =
[-1.04613038e+02 -1.57473843e+01 -1.13923043e+01 -1.13901930e+01
 -1.13600159e+01 -1.13384850e+01 -1.13380132e+01 -1.13028988e+01
 -1.03382422e+01 -7.80516580e+00 -7.80506557e+00 -7.80505860e+00
 -1.43463774e+00 -1.21757044e+00 -1.16051720e+00 -1.04688713e+00
 -9.88960775e-01 -9.52531627e-01 -8.47237349e-01 -8.25371299e-01
 -7.90474546e-01 -7.60016746e-01 -7.17849889e-01 -7.17036064e-01
 -7.12294303e-01 -6.31556464e-01 -6.19320262e-01 -6.06218442e-01
 -6.00314215e-01 -4.89822690e-01 -4.56073323e-01 -2.65852833e-01
 -2.62529851e-01 -2.62366691e-01 -8.39196920e-03  2.98552068e-02
  8.50744588e-02  1.14900415e-01  1.23696754e-01  1.55666769e-01
  1.59897456e-01  2.04830483e-01  2.05042397e-01  2.43938933e-01
  2.57701212e-01  2.66338293e-01  3.33271772e-01  3.40463957e-01
  3.48584942e-01  3.61619447e-01  3.92948540e-01  3.93902290e-01
  4.12158284e-01  4.43354698e-01  4.67063176e-01  4.78926718e-01
  5.07558689e-01  5.24021390e-01  5.25519391e-01  5.48120873e-01
  5.63105599e-01  5.65767748e-01  5.96934840e-01  6.14339721e-01
  6.19806535e-01  6.24611582e-01  6.38409000e-01  6.42217272e-01
  6.89241388e-01  6.90581141e-01  7.16829745e-01  7.28857775e-01
  7.34791419e-01  7.52532840e-01  7.62924846e-01  7.70130862e-01
  7.86711472e-01  8.31675736e-01  8.42525743e-01  8.47966739e-01
  8.79235558e-01  9.25882154e-01  9.39484720e-01  9.62790517e-01
  9.74143069e-01  1.02456889e+00  1.06841666e+00  1.07851493e+00
  1.08918046e+00  1.13889195e+00  1.16105372e+00  1.17494391e+00
  1.21794150e+00  1.22841266e+00  1.22895093e+00  1.27604640e+00
  1.33760615e+00  1.35891478e+00  1.35891578e+00  1.36147371e+00
  1.36270827e+00  1.37317658e+00  1.43073341e+00  1.49753518e+00
  1.56356436e+00  1.57953959e+00  1.60795451e+00  1.63635586e+00
  1.67906823e+00  1.68834499e+00  1.70832967e+00  1.71602971e+00
  1.71946566e+00  1.73015505e+00  1.77018819e+00  1.79569173e+00
  1.85233869e+00  1.85412637e+00  1.88948052e+00  1.90770979e+00
  1.91235484e+00  1.93756289e+00  1.95869287e+00  1.96448794e+00
  2.02569827e+00  2.03990635e+00  2.07145229e+00  2.09438432e+00
  2.11080336e+00  2.14092691e+00  2.14364999e+00  2.22638524e+00
  2.25815113e+00  2.28829725e+00  2.31295975e+00  2.31427047e+00
  2.32712499e+00  2.46145773e+00  2.46947366e+00  2.51387957e+00
  2.58288778e+00  2.59354489e+00  2.62955790e+00  2.65859399e+00
  2.67516906e+00  2.67835034e+00  2.68156846e+00  2.68253457e+00
  2.71935020e+00  2.73553364e+00  2.75418183e+00  2.79703920e+00
  2.81341188e+00  2.82447112e+00  2.83771259e+00  2.85462136e+00
  2.86351600e+00  2.88881713e+00  2.90538685e+00  2.93053815e+00
  2.94602680e+00  3.00508056e+00  3.03486249e+00  3.04713484e+00
  3.06232127e+00  3.15724395e+00  3.22266707e+00  3.23147637e+00
  3.25664834e+00  3.29514666e+00  3.36362802e+00  3.54605611e+00
  3.66085710e+00  3.76995861e+00  3.78179997e+00  3.83419329e+00
  3.95003949e+00  4.07545883e+00  4.10129014e+00  4.10178193e+00
  4.21279084e+00  4.28625721e+00  4.30958300e+00  4.35609517e+00
  4.43843096e+00  4.74583916e+00  5.32439263e+00  5.61540980e+00
  1.02849967e+01  2.46821340e+01  2.49746425e+01  2.50542570e+01
  2.50918418e+01  2.51997209e+01  2.52543963e+01  2.64566490e+01
  2.64634743e+01  2.65670581e+01  3.69013440e+01  2.19084469e+02]
E1 = -1766.0406210408657  E_coul = 644.4189334695908
cycle= 11 E= -745.844012402211  delta_E= -2.45e-09  |g|= 1.38e-05  |ddm|= 0.000123
    CPU time for cycle= 11      1.55 sec, wall time      0.06 sec
  HOMO = -0.262366762965881  LUMO = -0.00839395266254515
  mo_energy =
[-1.04613046e+02 -1.57473835e+01 -1.13923086e+01 -1.13902019e+01
 -1.13600205e+01 -1.13384921e+01 -1.13380161e+01 -1.13028915e+01
 -1.03382477e+01 -7.80517145e+00 -7.80507122e+00 -7.80506425e+00
 -1.43463830e+00 -1.21757261e+00 -1.16052011e+00 -1.04688624e+00
 -9.88963111e-01 -9.52533643e-01 -8.47238046e-01 -8.25373540e-01
 -7.90477416e-01 -7.60019017e-01 -7.17850410e-01 -7.17039520e-01
 -7.12294868e-01 -6.31559397e-01 -6.19322773e-01 -6.06216032e-01
 -6.00312981e-01 -4.89824273e-01 -4.56075283e-01 -2.65853380e-01
 -2.62530052e-01 -2.62366763e-01 -8.39395266e-03  2.98533648e-02
  8.50732422e-02  1.14899260e-01  1.23695778e-01  1.55666174e-01
  1.59896544e-01  2.04830392e-01  2.05041828e-01  2.43939252e-01
  2.57700700e-01  2.66338584e-01  3.33269831e-01  3.40462795e-01
  3.48583579e-01  3.61617750e-01  3.92949417e-01  3.93901864e-01
  4.12157163e-01  4.43353474e-01  4.67061819e-01  4.78925478e-01
  5.07557066e-01  5.24019954e-01  5.25517167e-01  5.48119619e-01
  5.63104681e-01  5.65767143e-01  5.96934698e-01  6.14339415e-01
  6.19805918e-01  6.24611726e-01  6.38407555e-01  6.42215796e-01
  6.89239896e-01  6.90580233e-01  7.16827728e-01  7.28856112e-01
  7.34790027e-01  7.52531228e-01  7.62924277e-01  7.70133242e-01
  7.86711960e-01  8.31674015e-01  8.42526733e-01  8.47964740e-01
  8.79235067e-01  9.25880371e-01  9.39482610e-01  9.62788302e-01
  9.74140926e-01  1.02456805e+00  1.06841627e+00  1.07851321e+00
  1.08917924e+00  1.13889079e+00  1.16105091e+00  1.17494298e+00
  1.21793897e+00  1.22841172e+00  1.22894998e+00  1.27604457e+00
  1.33760350e+00  1.35891367e+00  1.35891467e+00  1.36147262e+00
  1.36270720e+00  1.37317589e+00  1.43073317e+00  1.49753519e+00
  1.56356247e+00  1.57953954e+00  1.60795181e+00  1.63635487e+00
  1.67906567e+00  1.68834694e+00  1.70832783e+00  1.71602961e+00
  1.71946520e+00  1.73015387e+00  1.77018597e+00  1.79569013e+00
  1.85233764e+00  1.85412577e+00  1.88947848e+00  1.90770789e+00
  1.91235339e+00  1.93756320e+00  1.95869035e+00  1.96448588e+00
  2.02569892e+00  2.03990547e+00  2.07145094e+00  2.09438200e+00
  2.11080070e+00  2.14092389e+00  2.14364756e+00  2.22638503e+00
  2.25814911e+00  2.28829580e+00  2.31295957e+00  2.31426941e+00
  2.32712301e+00  2.46145602e+00  2.46947340e+00  2.51387728e+00
  2.58288610e+00  2.59354361e+00  2.62955555e+00  2.65859439e+00
  2.67516913e+00  2.67834816e+00  2.68156705e+00  2.68253389e+00
  2.71935019e+00  2.73553447e+00  2.75418127e+00  2.79703894e+00
  2.81341094e+00  2.82446946e+00  2.83771025e+00  2.85461935e+00
  2.86351443e+00  2.88881439e+00  2.90538451e+00  2.93053891e+00
  2.94602698e+00  3.00507937e+00  3.03486024e+00  3.04713236e+00
  3.06231788e+00  3.15724060e+00  3.22266473e+00  3.23147424e+00
  3.25664909e+00  3.29514363e+00  3.36362696e+00  3.54605246e+00
  3.66085398e+00  3.76995496e+00  3.78179794e+00  3.83419188e+00
  3.95003677e+00  4.07545799e+00  4.10129276e+00  4.10177933e+00
  4.21279353e+00  4.28625882e+00  4.30957965e+00  4.35609196e+00
  4.43842764e+00  4.74583615e+00  5.32439372e+00  5.61540835e+00
  1.02849926e+01  2.46821287e+01  2.49746365e+01  2.50542635e+01
  2.50918368e+01  2.51997154e+01  2.52543912e+01  2.64566452e+01
  2.64634705e+01  2.65670546e+01  3.69013446e+01  2.19084461e+02]
E1 = -1766.0406626174426  E_coul = 644.41897504604
cycle= 12 E= -745.844012402339  delta_E= -1.28e-10  |g|= 4.01e-06  |ddm|= 3.36e-05
    CPU time for cycle= 12      1.58 sec, wall time      0.06 sec
  HOMO = -0.262365349263603  LUMO = -0.00839407124726558
  mo_energy =
[-1.04613040e+02 -1.57473852e+01 -1.13923102e+01 -1.13902010e+01
 -1.13600197e+01 -1.13384898e+01 -1.13380163e+01 -1.13028920e+01
 -1.03382434e+01 -7.80516708e+00 -7.80506685e+00 -7.80505988e+00
 -1.43463902e+00 -1.21757247e+00 -1.16052031e+00 -1.04688651e+00
 -9.88963293e-01 -9.52533735e-01 -8.47236424e-01 -8.25373640e-01
 -7.90477389e-01 -7.60019015e-01 -7.17850895e-01 -7.17039702e-01
 -7.12295038e-01 -6.31559253e-01 -6.19322792e-01 -6.06216308e-01
 -6.00313039e-01 -4.89824383e-01 -4.56075065e-01 -2.65852162e-01
 -2.62528651e-01 -2.62365349e-01 -8.39407125e-03  2.98534078e-02
  8.50731824e-02  1.14899143e-01  1.23695628e-01  1.55666084e-01
  1.59896410e-01  2.04830289e-01  2.05041811e-01  2.43938988e-01
  2.57700695e-01  2.66338464e-01  3.33269868e-01  3.40462622e-01
  3.48583622e-01  3.61617684e-01  3.92949085e-01  3.93901617e-01
  4.12157099e-01  4.43353286e-01  4.67061512e-01  4.78925690e-01
  5.07557015e-01  5.24020035e-01  5.25517476e-01  5.48119561e-01
  5.63104925e-01  5.65767431e-01  5.96935136e-01  6.14339490e-01
  6.19806043e-01  6.24612187e-01  6.38407602e-01  6.42215495e-01
  6.89239996e-01  6.90580166e-01  7.16827745e-01  7.28856086e-01
  7.34789946e-01  7.52531202e-01  7.62924196e-01  7.70133032e-01
  7.86711805e-01  8.31674071e-01  8.42526543e-01  8.47964824e-01
  8.79234553e-01  9.25880230e-01  9.39482630e-01  9.62788312e-01
  9.74140741e-01  1.02456796e+00  1.06841705e+00  1.07851317e+00
  1.08917919e+00  1.13889106e+00  1.16105099e+00  1.17494265e+00
  1.21793895e+00  1.22841153e+00  1.22894987e+00  1.27604452e+00
  1.33760336e+00  1.35891565e+00  1.35891665e+00  1.36147460e+00
  1.36270915e+00  1.37317707e+00  1.43073325e+00  1.49753494e+00
  1.56356250e+00  1.57953924e+00  1.60795172e+00  1.63635484e+00
  1.67906569e+00  1.68834672e+00  1.70832786e+00  1.71602950e+00
  1.71946524e+00  1.73015380e+00  1.77018589e+00  1.79568992e+00
  1.85233739e+00  1.85412566e+00  1.88947837e+00  1.90770757e+00
  1.91235344e+00  1.93756299e+00  1.95869022e+00  1.96448590e+00
  2.02569874e+00  2.03990524e+00  2.07145076e+00  2.09438199e+00
  2.11080087e+00  2.14092390e+00  2.14364764e+00  2.22638497e+00
  2.25814914e+00  2.28829565e+00  2.31295924e+00  2.31426926e+00
  2.32712292e+00  2.46145610e+00  2.46947311e+00  2.51387731e+00
  2.58288604e+00  2.59354319e+00  2.62955559e+00  2.65859481e+00
  2.67517007e+00  2.67834880e+00  2.68156815e+00  2.68253535e+00
  2.71935131e+00  2.73553430e+00  2.75418107e+00  2.79703867e+00
  2.81341033e+00  2.82446914e+00  2.83771024e+00  2.85461935e+00
  2.86351444e+00  2.88881478e+00  2.90538442e+00  2.93053866e+00
  2.94602685e+00  3.00507897e+00  3.03486028e+00  3.04713244e+00
  3.06231795e+00  3.15724051e+00  3.22266460e+00  3.23147405e+00
  3.25664895e+00  3.29514389e+00  3.36362650e+00  3.54605290e+00
  3.66085405e+00  3.76995533e+00  3.78179794e+00  3.83419182e+00
  3.95003618e+00  4.07545766e+00  4.10129221e+00  4.10177896e+00
  4.21279311e+00  4.28625799e+00  4.30957987e+00  4.35609221e+00
  4.43842762e+00  4.74583620e+00  5.32439283e+00  5.61540757e+00
  1.02849962e+01  2.46821292e+01  2.49746367e+01  2.50542631e+01
  2.50918369e+01  2.51997159e+01  2.52543920e+01  2.64566485e+01
  2.64634739e+01  2.65670580e+01  3.69013430e+01  2.19084466e+02]
E1 = -1766.040647305533  E_coul = 644.4189597341243
Extra cycle  E= -745.844012402345  delta_E= -5.91e-12  |g|= 2.27e-06  |ddm|= 6.47e-06
    CPU time for scf_cycle     34.13 sec, wall time      1.29 sec
    CPU time for SCF     34.13 sec, wall time      1.29 sec
converged SCF energy = -745.844012402345
Converting <class 'pyscf.scf.hf.RHF'> to RHF


******** <class 'pyscf.tdscf.rhf.TDA'> for <class 'pyscf.scf.hf.RHF'> ********
nstates = 5 singlet
wfnsym = None
conv_tol = 1e-09
eigh lindep = 1e-12
eigh level_shift = 0
eigh max_space = 8
eigh max_cycle = 2000
chkfile = /scratch/global/yangjunjie/tmp6f6tb9n7
max_memory 256000 MB (current use 1742 MB)


davidson 0 5  |r|= 0.0227  e= [0.16625704 0.16636875 0.16668998 0.2061483  0.20624546]  max|de|= 0.206  lindep=    1
Old state -> New state
    2     ->     0 
    0     ->     1 
    1     ->     2 
davidson 1 10  |r|= 0.00615  e= [0.16487086 0.1651281  0.16520811 0.20586882 0.20598284]  max|de|= -0.00182  lindep= 0.898
davidson 2 15  |r|= 0.00237  e= [0.1647589  0.1650842  0.16516206 0.20582556 0.20595621]  max|de|= -0.000112  lindep= 0.92
davidson 3 20  |r|= 0.00274  e= [0.16475342 0.16508289 0.16515569 0.20580724 0.20595521]  max|de|= -1.83e-05  lindep= 0.894
davidson 4 5  |r|= 0.00274  e= [0.16475342 0.16508289 0.16515569 0.20580724 0.20595521]  max|de|= -1.94e-16  lindep=    1
davidson 5 10  |r|= 0.0012  e= [0.16475285 0.1650828  0.16515451 0.20579843 0.20595513]  max|de|= -8.8e-06  lindep= 0.829
davidson 6 15  |r|= 0.00115  e= [0.16475275 0.16508279 0.16515406 0.20579081 0.20595511]  max|de|= -7.62e-06  lindep= 0.846
davidson 7 20  |r|= 0.001  e= [0.16475274 0.16508278 0.16515399 0.20578583 0.20595511]  max|de|= -4.97e-06  lindep= 0.815
root 0 converged  |r|= 2.18e-05  e= 0.16475273699742182  max|de|= 5.55e-17
root 1 converged  |r|= 6.51e-06  e= 0.165082784346127  max|de|= -2.78e-16
root 4 converged  |r|= 3.05e-05  e= 0.20595510648214146  max|de|= -2.78e-17
davidson 8 5  |r|= 0.001  e= [0.16475274 0.16508278 0.16515399 0.20578583 0.20595511]  max|de|= -2.78e-16  lindep= 0.987
davidson 9 7  |r|= 0.000454  e= [0.16475274 0.16508278 0.16515399 0.20578412 0.20595511]  max|de|= -1.71e-06  lindep= 0.901
root 2 converged  |r|= 8.54e-06  e= 0.16515398548133414  max|de|= -7.47e-10
davidson 10 9  |r|= 0.00032  e= [0.16475274 0.16508278 0.16515399 0.20578352 0.20595511]  max|de|= -6.02e-07  lindep= 0.984
davidson 11 10  |r|= 0.000354  e= [0.16475274 0.16508278 0.16515399 0.20578323 0.20595511]  max|de|= -2.9e-07  lindep= 0.881
davidson 12 11  |r|= 0.000196  e= [0.16475274 0.16508278 0.16515399 0.20578288 0.20595511]  max|de|= -3.51e-07  lindep= 0.945
davidson 13 12  |r|= 0.000108  e= [0.16475274 0.16508278 0.16515399 0.2057828  0.20595511]  max|de|= -7.38e-08  lindep= 0.913
davidson 14 13  |r|= 5.51e-05  e= [0.16475274 0.16508278 0.16515399 0.20578279 0.20595511]  max|de|= -1.76e-08  lindep= 0.951
davidson 15 14  |r|= 3.07e-05  e= [0.16475274 0.16508278 0.16515399 0.20578278 0.20595511]  max|de|= -5.01e-09  lindep= 0.893
davidson 16 15  |r|= 3.05e-05  e= [0.16475274 0.16508278 0.16515399 0.20578278 0.20595511]  max|de|= -2.72e-09  lindep= 0.93
root 3 converged  |r|= 1.63e-05  e= 0.20578277673706347  max|de|= -8.98e-10
converged 17 16  |r|= 3.05e-05  e= [0.16475274 0.16508278 0.16515399 0.20578278 0.20595511]  max|de|= -8.98e-10
    CPU time for TDA    106.05 sec, wall time      3.79 sec
Excited State energies (eV)
[4.48315032 4.49213137 4.49406885 5.59963457 5.60432391]
