 
:: initializing oneAPI environment ...
   slurm_script: BASH_VERSION = 4.2.46(1)-release
   args: Using "$@" for setvars.sh arguments: --force
:: advisor -- latest
:: ccl -- latest
:: clck -- latest
:: compiler -- latest
:: dal -- latest
:: debugger -- latest
:: dev-utilities -- latest
:: dnnl -- latest
:: dpcpp-ct -- latest
:: dpl -- latest
:: inspector -- latest
:: intelpython -- latest
:: ipp -- latest
:: ippcp -- latest
:: ipp -- latest
:: itac -- latest
:: mkl -- latest
:: mpi -- latest
:: tbb -- latest
:: vpl -- latest
:: vtune -- latest
:: oneAPI environment initialized ::
 
SLURM_CPUS_PER_TASK = 28
SLURM_MEM_PER_NODE = 514992
#INFO: **** input file is /home/yangjunjie/work/py-ch3-cl/work/scan-14/main.py ****
import sys
import pyscf
from pyscf import tdscf

def main(xyz_file, basis="631g*", xc="b3lyp", output="ene.out"):
    xyz = None

    with open(xyz_file, "r") as xyz:
        xyz = xyz.readlines()[2:]
        xyz = "".join(xyz)

    mol = pyscf.gto.Mole()
    mol.atom = xyz
    mol.basis = basis
    mol.verbose = 5
    mol.build()

    if xc is not None and xc != "hf":
        mf = pyscf.scf.RKS(mol)
        mf.xc = xc
        mf.grids.level = 9
        mf.kernel()
    else:
        mf = pyscf.scf.RHF(mol)
        mf.kernel()

    ene_mf = mf.e_tot

    with open(output, "w") as f:
        tda = pyscf.tdscf.TDA(mf)
        tda.nstates = 5
        tda.max_space = 8
        tda.max_cycle = 2000
        tda.kernel()

        con_tda = tda.converged
        ene_tda = tda.e[:5]
        dip_tda = tda.transition_dipole()[:5]

        f.write(f"RKS energy: {ene_mf: 12.8f}\n")
        f.write("TDA results:\n")
        for i, (con, ene, dip) in enumerate(zip(con_tda, ene_tda, dip_tda)):
            f.write(f" {i:2d} {con} {ene: 12.8f} {dip[0]: 12.8f} {dip[1]: 12.8f} {dip[2]: 12.8f}\n")

        # rpa = pyscf.tdscf.RPA(mf)
        # rpa.nstates = 5
        # rpa.max_space = 8
        # rpa.max_cycle = 2000
        # rpa.kernel()

        # con_rpa = rpa.converged
        # ene_rpa = rpa.e[:5]
        # dip_rpa = rpa.transition_dipole()[:5]
        
        # f.write("\nRPA results:\n")
        # for i, (con, ene, dip) in enumerate(zip(con_rpa, ene_rpa, dip_rpa)):
        #     f.write(f" {i:2d} {con} {ene: 12.8f} {dip[0]: 12.8f} {dip[1]: 12.8f} {dip[2]: 12.8f}\n")

if __name__ == "__main__":
    xyz = sys.argv[1]
    main(xyz, basis="6-311g**", xc=None, output="out.log")
#INFO: ******************** input file end ********************


System: uname_result(system='Linux', node='pauling028', release='3.10.0-327.36.3.el7.x86_64', version='#1 SMP Thu Oct 20 04:56:07 EDT 2016', machine='x86_64')  Threads 28
Python 3.9.7 (default, Oct 27 2021, 01:23:21) 
[GCC 9.3.0]
numpy 1.21.2  scipy 1.6.2
Date: Tue Oct  4 15:30:38 2022
PySCF version 2.0.1
PySCF path  /home/yangjunjie/packages/pyscf/pyscf-main
GIT ORIG_HEAD 14b880cdc4bf7bb64f3989a147c0b04622efc498
GIT HEAD (branch master) 9d5b5bd309d1cc55fbd1a0ec76e26b5b0c7f76af

[ENV] PYSCF_MAX_MEMORY 514992
[ENV] PYSCF_TMPDIR /scratch/global/yangjunjie/
[CONFIG] conf_file /home/yangjunjie/.pyscf_conf.py
[INPUT] verbose = 5
[INPUT] max_memory = 514992 
[INPUT] num. atoms = 16
[INPUT] num. electrons = 68
[INPUT] charge = 0
[INPUT] spin (= nelec alpha-beta = 2S) = 0
[INPUT] symmetry False subgroup None
[INPUT] Mole.unit = angstrom
[INPUT]  1 C     -0.000000020000   1.172589020000   1.179160060000 AA   -0.000000037795   2.215872104472   2.228289570426 Bohr
[INPUT]  2 C      0.000000090000   1.182356060000   2.562733040000 AA    0.000000170075   2.234329135120   4.842863575974 Bohr
[INPUT]  3 C      0.000000080000  -0.031653530000   3.225072690000 AA    0.000000151178  -0.059816502576   6.094504115914 Bohr
[INPUT]  4 C     -0.000000060000  -1.195115800000   2.477594450000 AA   -0.000000113384  -2.258441549140   4.681974958242 Bohr
[INPUT]  5 C     -0.000000100000  -1.085975450000   1.098295160000 AA   -0.000000188973  -2.052196178501   2.075477056335 Bohr
[INPUT]  6 N     -0.000000110000   0.067787000000   0.454995110000 AA   -0.000000207870   0.128098864806   0.859816145916 Bohr
[INPUT]  7 C      0.000000020000  -0.010719590000  -2.134636830000 AA    0.000000037795  -0.020257089268  -4.033878984110 Bohr
[INPUT]  8 H     -0.000000190000   2.100876750000   0.633049400000 AA   -0.000000359048   3.970081678966   1.196289989320 Bohr
[INPUT]  9 H      0.000000230000   2.113408250000   3.098185790000 AA    0.000000434637   3.993762781896   5.854722626119 Bohr
[INPUT] 10 H      0.000000070000  -0.070143260000   4.299797210000 AA    0.000000132281  -0.132551550884   8.125439118069 Bohr
[INPUT] 11 H     -0.000000160000  -2.162187960000   2.944835170000 AA   -0.000000302356  -4.085943074232   5.564931953287 Bohr
[INPUT] 12 H     -0.000000140000  -1.972777690000   0.486653320000 AA   -0.000000264562  -3.728009538752   0.919641492410 Bohr
[INPUT] 13 H     -0.000000260000   1.037631350000  -1.912924390000 AA   -0.000000491329   1.960839069763  -3.614903194101 Bohr
[INPUT] 14 H     -0.894958680000  -0.503354440000  -1.813748900000 AA   -1.691226798002  -0.951202035184  -3.427488679731 Bohr
[INPUT] 15 H      0.894959020000  -0.503353930000  -1.813748900000 AA    1.691227440509  -0.951201071423  -3.427488679731 Bohr
[INPUT] 16 Cl     0.000000110000  -0.131104190000  -4.011566880000 AA    0.000000207870  -0.247751012883  -7.580762733576 Bohr
[INPUT] ---------------- BASIS SET ---------------- 
[INPUT] l, kappa, [nprim/nctr], expnt,             c_1 c_2 ...
[INPUT] C
[INPUT] 0    0    [6    /1   ]  4563.24           0.00196665
                                682.024           0.0152306
                                154.973           0.0761269
                                44.4553           0.260801
                                13.029            0.616462
                                1.82773           0.221006
[INPUT] 0    0    [3    /1   ]  20.9642           0.11466
                                4.80331           0.919999
                                1.45933           -0.00303068
[INPUT] 0    0    [1    /1   ]  0.483456             1
[INPUT] 0    0    [1    /1   ]  0.145585             1
[INPUT] 1    0    [3    /1   ]  20.9642           0.0402487
                                4.80331           0.237594
                                1.45933           0.815854
[INPUT] 1    0    [1    /1   ]  0.483456             1
[INPUT] 1    0    [1    /1   ]  0.145585             1
[INPUT] 2    0    [1    /1   ]  0.626                1
[INPUT] Cl
[INPUT] 0    0    [6    /1   ]  105819            0.000738
                                15872             0.005718
                                3619.65           0.029495
                                1030.8            0.117286
                                339.908           0.362949
                                124.538           0.584149
[INPUT] 0    0    [3    /1   ]  124.538           0.134177
                                49.5135           0.62425
                                20.8056           0.291756
[INPUT] 0    0    [1    /1   ]  6.58346              1
[INPUT] 0    0    [1    /1   ]  2.56468              1
[INPUT] 0    0    [1    /1   ]  0.559763             1
[INPUT] 0    0    [1    /1   ]  0.183273             1
[INPUT] 1    0    [5    /1   ]  589.776           0.002391
                                139.849           0.018504
                                45.1413           0.081377
                                16.8733           0.221552
                                6.7411            0.772569
[INPUT] 1    0    [2    /1   ]  6.7411            -1.572244
                                2.77152           0.992389
[INPUT] 1    0    [1    /1   ]  1.02387              1
[INPUT] 1    0    [1    /1   ]  0.381368             1
[INPUT] 1    0    [1    /1   ]  0.109437             1
[INPUT] 2    0    [1    /1   ]  0.75                 1
[INPUT] H
[INPUT] 0    0    [3    /1   ]  33.865            0.0254938
                                5.09479           0.190373
                                1.15879           0.852161
[INPUT] 0    0    [1    /1   ]  0.32584              1
[INPUT] 0    0    [1    /1   ]  0.102741             1
[INPUT] 1    0    [1    /1   ]  0.75                 1
[INPUT] N
[INPUT] 0    0    [6    /1   ]  6293.48           0.00196979
                                949.044           0.0149613
                                218.776           0.0735006
                                63.6916           0.248937
                                18.8282           0.60246
                                2.72023           0.256202
[INPUT] 0    0    [3    /1   ]  30.6331           0.111906
                                7.02614           0.921666
                                2.11205           -0.00256919
[INPUT] 0    0    [1    /1   ]  0.684009             1
[INPUT] 0    0    [1    /1   ]  0.200878             1
[INPUT] 1    0    [3    /1   ]  30.6331           0.0383119
                                7.02614           0.237403
                                2.11205           0.817592
[INPUT] 1    0    [1    /1   ]  0.684009             1
[INPUT] 1    0    [1    /1   ]  0.200878             1
[INPUT] 2    0    [1    /1   ]  0.913                1

nuclear repulsion = 375.61830778953
number of shells = 100
number of NR pGTOs = 329
number of NR cGTOs = 200
basis = 6-311g**
ecp = {}
CPU time:         0.43


******** <class 'pyscf.scf.hf.RHF'> ********
method = RHF
initial guess = minao
damping factor = 0
level_shift factor = 0
DIIS = <class 'pyscf.scf.diis.CDIIS'>
diis_start_cycle = 1
diis_space = 8
SCF conv_tol = 1e-09
SCF conv_tol_grad = None
SCF max_cycles = 50
direct_scf = True
direct_scf_tol = 1e-13
chkfile to save SCF result = /scratch/global/yangjunjie/tmp0luqjlxa
max_memory 514992 MB (current use 81 MB)
Set gradient conv threshold to 3.16228e-05
E1 = -1764.9606975722581  E_coul = 641.6862787265394
init E= -747.656111056189
cond(S) = 13319.78139079202
    CPU time for initialize scf     13.42 sec, wall time      0.55 sec
  HOMO = -0.248536810522728  LUMO = 0.0142046464218818
  mo_energy =
[-1.04819283e+02 -1.56250623e+01 -1.13275652e+01 -1.13237276e+01
 -1.13213562e+01 -1.13186934e+01 -1.13184746e+01 -1.13182454e+01
 -1.06159312e+01 -8.07364612e+00 -8.07235777e+00 -8.07235547e+00
 -1.75879845e+00 -1.40430138e+00 -1.33268202e+00 -1.32611765e+00
 -1.01839575e+00 -9.41848310e-01 -9.26758799e-01 -6.89334094e-01
 -5.95766092e-01 -5.53254893e-01 -5.46767616e-01 -5.39269457e-01
 -5.25340560e-01 -4.84191551e-01 -4.76898125e-01 -4.41458583e-01
 -3.87726208e-01 -3.86576029e-01 -3.61806669e-01 -3.06151283e-01
 -2.57253752e-01 -2.48536811e-01  1.42046464e-02  4.52762271e-02
  5.86178211e-02  1.19985077e-01  1.36920285e-01  1.60075894e-01
  1.80472976e-01  1.84977994e-01  2.05718677e-01  2.18326552e-01
  2.34191454e-01  2.46132119e-01  3.18376447e-01  3.73966534e-01
  3.79301643e-01  3.94853953e-01  4.04381843e-01  4.12613519e-01
  4.16178705e-01  4.20439982e-01  4.29326750e-01  4.32278357e-01
  5.07561072e-01  5.08733925e-01  5.34241262e-01  5.37884608e-01
  5.54624963e-01  5.81126909e-01  5.83926226e-01  5.88121020e-01
  6.14964590e-01  6.39296909e-01  6.65140565e-01  6.76595347e-01
  7.05081604e-01  7.13326441e-01  7.44655058e-01  7.49266238e-01
  7.60016036e-01  7.62416934e-01  7.64944991e-01  7.97692377e-01
  8.14245900e-01  8.41236427e-01  8.83645919e-01  8.88559609e-01
  9.09965823e-01  9.19283656e-01  9.38012551e-01  9.71782835e-01
  9.86551910e-01  1.02107154e+00  1.03114024e+00  1.05501689e+00
  1.07086285e+00  1.10165481e+00  1.10249459e+00  1.13402255e+00
  1.14401727e+00  1.16872680e+00  1.22072699e+00  1.23268493e+00
  1.24278650e+00  1.29174728e+00  1.32409799e+00  1.33432456e+00
  1.35220148e+00  1.36862620e+00  1.42041761e+00  1.46421007e+00
  1.51545038e+00  1.54534347e+00  1.65592171e+00  1.66062018e+00
  1.68818641e+00  1.69685049e+00  1.71279331e+00  1.72499987e+00
  1.77336765e+00  1.77685103e+00  1.81317360e+00  1.82741353e+00
  1.82942194e+00  1.87523119e+00  1.94725735e+00  1.94731052e+00
  1.95693729e+00  1.96210344e+00  2.00857934e+00  2.02496951e+00
  2.02927011e+00  2.03774289e+00  2.06624223e+00  2.14163974e+00
  2.15721179e+00  2.18675845e+00  2.19185950e+00  2.21600543e+00
  2.27936343e+00  2.32407064e+00  2.35064847e+00  2.35719556e+00
  2.37262228e+00  2.42647171e+00  2.45622682e+00  2.46864200e+00
  2.50028349e+00  2.50040146e+00  2.56833620e+00  2.63285752e+00
  2.65629378e+00  2.67645699e+00  2.69063056e+00  2.69525575e+00
  2.71032612e+00  2.73068357e+00  2.75235923e+00  2.84919708e+00
  2.85544856e+00  2.86248164e+00  2.86712889e+00  2.88723959e+00
  2.89989280e+00  2.90373641e+00  2.91647391e+00  2.94289794e+00
  2.95763035e+00  3.01603312e+00  3.07251653e+00  3.09950507e+00
  3.11216094e+00  3.20675976e+00  3.25396071e+00  3.28512563e+00
  3.28996046e+00  3.31405245e+00  3.32748915e+00  3.44937525e+00
  3.53331251e+00  3.69668675e+00  3.77783577e+00  3.82178210e+00
  3.93817293e+00  4.00295047e+00  4.09045176e+00  4.09094079e+00
  4.15071857e+00  4.28524322e+00  4.34884439e+00  4.39061320e+00
  4.42294489e+00  4.77099308e+00  4.87145802e+00  5.65955805e+00
  1.01759549e+01  2.47478546e+01  2.50166678e+01  2.50417749e+01
  2.51499935e+01  2.52300291e+01  2.52842369e+01  2.62529322e+01
  2.62591915e+01  2.68383830e+01  3.70316509e+01  2.19069443e+02]
E1 = -1766.0129634481714  E_coul = 644.630502442187
cycle= 1 E= -745.764153216455  delta_E= 1.89  |g|= 0.555  |ddm|= 3.18
    CPU time for cycle= 1      1.59 sec, wall time      0.06 sec
  HOMO = -0.382062733828278  LUMO = 0.0611299511562577
  mo_energy =
[-1.04692047e+02 -1.55648160e+01 -1.14235664e+01 -1.13819500e+01
 -1.13811990e+01 -1.13448553e+01 -1.13061992e+01 -1.13060765e+01
 -1.04345290e+01 -7.90122654e+00 -7.89786062e+00 -7.89785409e+00
 -1.32489229e+00 -1.15461192e+00 -1.10352238e+00 -1.09489901e+00
 -9.28466772e-01 -9.17085193e-01 -9.14769347e-01 -7.76523860e-01
 -7.14790335e-01 -7.00267776e-01 -6.52093294e-01 -6.51345332e-01
 -6.44494363e-01 -6.21495805e-01 -5.98880923e-01 -5.62165563e-01
 -5.03381949e-01 -4.38111283e-01 -4.25016181e-01 -4.05140308e-01
 -3.82366706e-01 -3.82062734e-01  6.11299512e-02  7.65179241e-02
  1.19634604e-01  1.45380109e-01  1.53185278e-01  1.81305063e-01
  1.83699690e-01  1.86302983e-01  2.15323748e-01  2.24159744e-01
  2.52142833e-01  2.89313673e-01  3.40343345e-01  3.78974550e-01
  4.00242689e-01  4.04488188e-01  4.28191204e-01  4.29363781e-01
  4.37578933e-01  4.62454382e-01  4.67384865e-01  4.86952363e-01
  5.15963628e-01  5.19648809e-01  5.22922371e-01  5.43068866e-01
  5.63769385e-01  5.71611231e-01  5.86250448e-01  5.89715022e-01
  6.03263525e-01  6.52144290e-01  6.75474650e-01  7.02929498e-01
  7.07248139e-01  7.18769387e-01  7.51906468e-01  7.52338557e-01
  7.66749833e-01  7.73739551e-01  7.74743686e-01  8.01365973e-01
  8.10354221e-01  8.37991010e-01  8.80338813e-01  8.83930702e-01
  9.42588699e-01  9.44077533e-01  9.55416652e-01  9.96065124e-01
  1.01703463e+00  1.03866742e+00  1.08127605e+00  1.10701834e+00
  1.11139753e+00  1.13326035e+00  1.15675408e+00  1.17427491e+00
  1.21413353e+00  1.23021199e+00  1.23787502e+00  1.24072697e+00
  1.26620782e+00  1.27376933e+00  1.30237159e+00  1.39200697e+00
  1.39384320e+00  1.40593497e+00  1.40669762e+00  1.47561458e+00
  1.50887657e+00  1.54519774e+00  1.65182656e+00  1.65558825e+00
  1.67282727e+00  1.68628453e+00  1.70215347e+00  1.71217012e+00
  1.76548839e+00  1.76866693e+00  1.80605168e+00  1.81859536e+00
  1.82256513e+00  1.86933483e+00  1.93472132e+00  1.93726545e+00
  1.96730670e+00  1.96906841e+00  2.00941645e+00  2.01122238e+00
  2.02334459e+00  2.02872670e+00  2.06736011e+00  2.12934464e+00
  2.15336152e+00  2.18151050e+00  2.19642409e+00  2.21619543e+00
  2.28825617e+00  2.32265043e+00  2.34563016e+00  2.36759815e+00
  2.38466433e+00  2.42367297e+00  2.45521632e+00  2.47380549e+00
  2.56994870e+00  2.61012346e+00  2.61023209e+00  2.62920216e+00
  2.65784475e+00  2.67592034e+00  2.70107856e+00  2.71417059e+00
  2.71870866e+00  2.73099402e+00  2.79659255e+00  2.83355345e+00
  2.83504353e+00  2.84576088e+00  2.87058292e+00  2.88125289e+00
  2.88438206e+00  2.89323592e+00  2.90763160e+00  2.93503592e+00
  2.95223541e+00  3.02891327e+00  3.07441343e+00  3.08374710e+00
  3.10420940e+00  3.18683361e+00  3.25886417e+00  3.28066456e+00
  3.30727067e+00  3.31785399e+00  3.32105196e+00  3.43954254e+00
  3.54012140e+00  3.69373068e+00  3.77519197e+00  3.82259676e+00
  3.94976375e+00  4.00019532e+00  4.07081247e+00  4.07113563e+00
  4.14192210e+00  4.33345270e+00  4.34471723e+00  4.38422588e+00
  4.41967635e+00  4.77568201e+00  4.91601700e+00  5.68901529e+00
  1.03435035e+01  2.47164463e+01  2.49068970e+01  2.49975492e+01
  2.50930507e+01  2.52030529e+01  2.52673339e+01  2.64168097e+01
  2.64230037e+01  2.69843179e+01  3.70792161e+01  2.19191115e+02]
E1 = -1767.7197869260817  E_coul = 646.241981286144
cycle= 2 E= -745.859497850408  delta_E= -0.0953  |g|= 0.224  |ddm|= 0.689
    CPU time for cycle= 2      1.57 sec, wall time      0.06 sec
  HOMO = -0.360281502941694  LUMO = 0.0985725163790721
  mo_energy =
[-1.04824466e+02 -1.55926622e+01 -1.12710167e+01 -1.12704725e+01
 -1.12606027e+01 -1.12437811e+01 -1.12437117e+01 -1.12272740e+01
 -1.05408762e+01 -8.00953856e+00 -8.00700367e+00 -8.00699771e+00
 -1.28537761e+00 -1.10720388e+00 -1.08262802e+00 -1.05081553e+00
 -8.99506443e-01 -8.76191818e-01 -8.71897386e-01 -7.39367591e-01
 -6.74770568e-01 -6.68660787e-01 -6.10843746e-01 -5.92767155e-01
 -5.91045982e-01 -5.88897713e-01 -5.60865373e-01 -5.30928701e-01
 -4.99174971e-01 -4.18497871e-01 -4.16677848e-01 -4.15569295e-01
 -4.01217282e-01 -3.60281503e-01  9.85725164e-02  1.16190041e-01
  1.36905743e-01  1.60915152e-01  1.66364013e-01  1.95803474e-01
  1.97598363e-01  2.10012893e-01  2.34307237e-01  2.39338058e-01
  2.69727999e-01  3.24052818e-01  3.67020863e-01  4.09587704e-01
  4.27197650e-01  4.32313859e-01  4.49408094e-01  4.53855309e-01
  4.61370399e-01  4.65281169e-01  4.67864041e-01  4.70702101e-01
  5.28664471e-01  5.49257280e-01  5.53969502e-01  5.68902155e-01
  5.95916617e-01  6.01725338e-01  6.11664697e-01  6.24056661e-01
  6.36089114e-01  6.85973645e-01  7.09061961e-01  7.35303959e-01
  7.47383395e-01  7.52603544e-01  7.85779835e-01  7.99869864e-01
  8.05037497e-01  8.09186138e-01  8.21322434e-01  8.34875296e-01
  8.38942247e-01  8.66451780e-01  9.06712364e-01  9.17199892e-01
  9.58252804e-01  9.73270474e-01  9.95082204e-01  1.03044685e+00
  1.05854421e+00  1.07005661e+00  1.08481675e+00  1.11892855e+00
  1.12823423e+00  1.16755252e+00  1.17081993e+00  1.18146969e+00
  1.18485106e+00  1.20116182e+00  1.25217583e+00  1.25987669e+00
  1.28474909e+00  1.31235516e+00  1.34326543e+00  1.38815094e+00
  1.41239947e+00  1.42333689e+00  1.44081393e+00  1.50005427e+00
  1.54537967e+00  1.57065842e+00  1.69063772e+00  1.70057175e+00
  1.71440353e+00  1.74516795e+00  1.75132450e+00  1.76033446e+00
  1.79832929e+00  1.80827415e+00  1.84086785e+00  1.85303882e+00
  1.86024209e+00  1.90353933e+00  1.96543230e+00  1.97618930e+00
  2.00521469e+00  2.01049528e+00  2.04375447e+00  2.04495369e+00
  2.05821149e+00  2.06018991e+00  2.10477537e+00  2.16584701e+00
  2.19311367e+00  2.22611141e+00  2.23861582e+00  2.26208627e+00
  2.32450250e+00  2.36349989e+00  2.38632133e+00  2.40965186e+00
  2.42677160e+00  2.46999049e+00  2.48982188e+00  2.50581381e+00
  2.57204785e+00  2.57259193e+00  2.60497458e+00  2.66871417e+00
  2.69487340e+00  2.73347866e+00  2.73413973e+00  2.74681095e+00
  2.75619641e+00  2.77515260e+00  2.80574241e+00  2.87209112e+00
  2.90803816e+00  2.90845355e+00  2.91401216e+00  2.91526743e+00
  2.92632262e+00  2.92930703e+00  2.95369766e+00  2.98734343e+00
  2.99150425e+00  3.06224207e+00  3.11466192e+00  3.14348665e+00
  3.14652660e+00  3.24301460e+00  3.30465119e+00  3.33209839e+00
  3.34345948e+00  3.36363017e+00  3.36982832e+00  3.52093255e+00
  3.59588186e+00  3.75600180e+00  3.83385529e+00  3.87546711e+00
  3.99346026e+00  4.04421173e+00  4.15968670e+00  4.16051738e+00
  4.19241852e+00  4.32788479e+00  4.39226346e+00  4.43071153e+00
  4.46917811e+00  4.82342930e+00  4.92436092e+00  5.70984485e+00
  1.02532709e+01  2.47980970e+01  2.50882937e+01  2.50948482e+01
  2.51896635e+01  2.52809041e+01  2.53401336e+01  2.63310795e+01
  2.63372706e+01  2.68984506e+01  3.70534728e+01  2.19062064e+02]
E1 = -1767.3450584294942  E_coul = 645.8550368287287
cycle= 3 E= -745.871713811236  delta_E= -0.0122  |g|= 0.0713  |ddm|= 0.228
    CPU time for cycle= 3      1.56 sec, wall time      0.06 sec
  HOMO = -0.362513756593799  LUMO = 0.100519989831044
  mo_energy =
[-1.04792659e+02 -1.55618899e+01 -1.12822583e+01 -1.12818175e+01
 -1.12792425e+01 -1.12670613e+01 -1.12506944e+01 -1.12505120e+01
 -1.05195524e+01 -7.98745684e+00 -7.98504389e+00 -7.98503886e+00
 -1.28229198e+00 -1.10792314e+00 -1.08469723e+00 -1.05229161e+00
 -9.06647970e-01 -8.74721921e-01 -8.73344096e-01 -7.40409837e-01
 -6.79067619e-01 -6.67761577e-01 -6.15795065e-01 -6.06010380e-01
 -6.02591571e-01 -5.93099339e-01 -5.60433661e-01 -5.34785908e-01
 -5.03908273e-01 -4.20868180e-01 -4.14337131e-01 -4.13378909e-01
 -3.99356603e-01 -3.62513757e-01  1.00519990e-01  1.15122916e-01
  1.38038418e-01  1.60739208e-01  1.66979863e-01  1.95989640e-01
  1.98972139e-01  2.06693758e-01  2.31229052e-01  2.39769959e-01
  2.67816688e-01  3.25760775e-01  3.67863296e-01  4.10976610e-01
  4.26657480e-01  4.33914333e-01  4.48939838e-01  4.49428648e-01
  4.60580996e-01  4.65148311e-01  4.66619041e-01  4.71429888e-01
  5.27912952e-01  5.48684997e-01  5.52461915e-01  5.68460980e-01
  5.95915382e-01  6.00270143e-01  6.11990841e-01  6.21721153e-01
  6.34576674e-01  6.83732656e-01  7.07438098e-01  7.35041022e-01
  7.41601235e-01  7.51590753e-01  7.85625940e-01  7.93032355e-01
  8.05076810e-01  8.08663609e-01  8.09971976e-01  8.34306740e-01
  8.34716038e-01  8.64851777e-01  9.06567582e-01  9.16401070e-01
  9.61495660e-01  9.68778948e-01  9.92775191e-01  1.02971513e+00
  1.05581591e+00  1.07018527e+00  1.08182320e+00  1.11893616e+00
  1.12676746e+00  1.16693143e+00  1.17284001e+00  1.18591162e+00
  1.19158542e+00  1.20318307e+00  1.25211887e+00  1.25668892e+00
  1.28282932e+00  1.31177253e+00  1.34273576e+00  1.38860571e+00
  1.40827223e+00  1.41963988e+00  1.44117192e+00  1.49984988e+00
  1.54483221e+00  1.57115095e+00  1.69010576e+00  1.69518994e+00
  1.71260575e+00  1.73422141e+00  1.74942181e+00  1.75149689e+00
  1.80028806e+00  1.80730076e+00  1.84172827e+00  1.85406313e+00
  1.86025027e+00  1.90405220e+00  1.96760343e+00  1.97612859e+00
  2.00007609e+00  2.00399780e+00  2.04311077e+00  2.04558408e+00
  2.05793382e+00  2.06211926e+00  2.10320289e+00  2.16678099e+00
  2.19288799e+00  2.22372949e+00  2.23510195e+00  2.25937768e+00
  2.32336773e+00  2.36231977e+00  2.38503007e+00  2.40361760e+00
  2.42128792e+00  2.46797636e+00  2.49034426e+00  2.50905097e+00
  2.57590416e+00  2.57654257e+00  2.60810885e+00  2.66946568e+00
  2.69606287e+00  2.72765207e+00  2.73505035e+00  2.74771371e+00
  2.75182192e+00  2.77033399e+00  2.80319567e+00  2.87388893e+00
  2.90166711e+00  2.90301543e+00  2.91491430e+00  2.91674716e+00
  2.91815017e+00  2.92936285e+00  2.94589529e+00  2.98335446e+00
  2.99239559e+00  3.06422941e+00  3.11553757e+00  3.13971516e+00
  3.14355397e+00  3.23802033e+00  3.30010107e+00  3.32983582e+00
  3.34581794e+00  3.36413705e+00  3.36508742e+00  3.49954602e+00
  3.59224935e+00  3.75073322e+00  3.83048226e+00  3.87358100e+00
  3.99352059e+00  4.04579409e+00  4.14190204e+00  4.14223170e+00
  4.19232940e+00  4.34329830e+00  4.39148324e+00  4.43092880e+00
  4.46820495e+00  4.82232869e+00  4.93494213e+00  5.71918009e+00
  1.02701835e+01  2.47905261e+01  2.50452864e+01  2.50794232e+01
  2.51806180e+01  2.52725575e+01  2.53332452e+01  2.63467709e+01
  2.63529603e+01  2.69135332e+01  3.70833430e+01  2.19092581e+02]
E1 = -1767.3818417380803  E_coul = 645.8901391657663
cycle= 4 E= -745.873394782784  delta_E= -0.00168  |g|= 0.0132  |ddm|= 0.0952
    CPU time for cycle= 4      1.54 sec, wall time      0.05 sec
  HOMO = -0.363708754433835  LUMO = 0.0988799800719551
  mo_energy =
[-1.04792143e+02 -1.55766054e+01 -1.12873714e+01 -1.12872728e+01
 -1.12780832e+01 -1.12701288e+01 -1.12512552e+01 -1.12512010e+01
 -1.05182209e+01 -7.98618391e+00 -7.98376418e+00 -7.98375927e+00
 -1.28731490e+00 -1.10937279e+00 -1.08410625e+00 -1.05400958e+00
 -9.06366580e-01 -8.77360548e-01 -8.74808706e-01 -7.42141924e-01
 -6.82049613e-01 -6.68630570e-01 -6.17206106e-01 -6.06257986e-01
 -6.02865179e-01 -5.95453107e-01 -5.62700244e-01 -5.36777765e-01
 -5.04094413e-01 -4.25316533e-01 -4.13960721e-01 -4.12879209e-01
 -4.00871252e-01 -3.63708754e-01  9.88799801e-02  1.13598310e-01
  1.37883527e-01  1.60535902e-01  1.66810608e-01  1.95806452e-01
  1.98854238e-01  2.06925450e-01  2.30800942e-01  2.39584539e-01
  2.67522179e-01  3.24286878e-01  3.66465692e-01  4.10318855e-01
  4.25892387e-01  4.33475014e-01  4.48620015e-01  4.49068675e-01
  4.59728559e-01  4.64936219e-01  4.65881860e-01  4.71502924e-01
  5.27177453e-01  5.47584167e-01  5.52173199e-01  5.67095458e-01
  5.95052441e-01  5.99851109e-01  6.11266622e-01  6.20957408e-01
  6.33620003e-01  6.82135682e-01  7.06606422e-01  7.33629072e-01
  7.41300504e-01  7.51139576e-01  7.84623847e-01  7.92335121e-01
  8.04290726e-01  8.06214573e-01  8.09625289e-01  8.33059682e-01
  8.34292964e-01  8.63912835e-01  9.05904820e-01  9.15774482e-01
  9.58675492e-01  9.68020583e-01  9.91665805e-01  1.02841774e+00
  1.05438416e+00  1.06847424e+00  1.08165846e+00  1.11891973e+00
  1.12636046e+00  1.16590736e+00  1.17186570e+00  1.18617707e+00
  1.19256458e+00  1.20316909e+00  1.25010960e+00  1.25518281e+00
  1.28155113e+00  1.31089218e+00  1.34140497e+00  1.38793701e+00
  1.40817951e+00  1.41927440e+00  1.43890747e+00  1.49782452e+00
  1.54238207e+00  1.56842913e+00  1.68879179e+00  1.69477113e+00
  1.71133678e+00  1.73394107e+00  1.74885735e+00  1.74999761e+00
  1.79956602e+00  1.80569366e+00  1.84053055e+00  1.85299556e+00
  1.85870779e+00  1.90243020e+00  1.96695010e+00  1.97478854e+00
  1.99966127e+00  2.00366978e+00  2.04240975e+00  2.04486936e+00
  2.05690108e+00  2.06055688e+00  2.10190571e+00  2.16565311e+00
  2.19183721e+00  2.22195683e+00  2.23432207e+00  2.25794475e+00
  2.32171942e+00  2.36089071e+00  2.38337121e+00  2.40348924e+00
  2.42096718e+00  2.46566331e+00  2.48878190e+00  2.50746144e+00
  2.57658870e+00  2.57722833e+00  2.60632988e+00  2.66853174e+00
  2.69465079e+00  2.72709149e+00  2.73160888e+00  2.74741404e+00
  2.75067608e+00  2.76975932e+00  2.80315521e+00  2.87278865e+00
  2.90103839e+00  2.90117940e+00  2.91293817e+00  2.91577517e+00
  2.91736110e+00  2.92899084e+00  2.94524721e+00  2.98175597e+00
  2.99089425e+00  3.06067437e+00  3.11361704e+00  3.13697160e+00
  3.14126468e+00  3.23543324e+00  3.29902788e+00  3.32784560e+00
  3.34192579e+00  3.36034530e+00  3.36364754e+00  3.49995572e+00
  3.59028546e+00  3.74886323e+00  3.82878945e+00  3.87259960e+00
  3.99057886e+00  4.04156180e+00  4.14181763e+00  4.14223277e+00
  4.18830080e+00  4.33412025e+00  4.39026424e+00  4.42979043e+00
  4.46570794e+00  4.81987045e+00  4.92751892e+00  5.71186816e+00
  1.02714568e+01  2.47878386e+01  2.50463928e+01  2.50760292e+01
  2.51764179e+01  2.52701833e+01  2.53314202e+01  2.63480308e+01
  2.63542197e+01  2.69147142e+01  3.70689168e+01  2.19093173e+02]
E1 = -1767.4278444727915  E_coul = 645.9360852409632
cycle= 5 E= -745.873451442299  delta_E= -5.67e-05  |g|= 0.00553  |ddm|= 0.0209
    CPU time for cycle= 5      1.54 sec, wall time      0.05 sec
  HOMO = -0.363512704308583  LUMO = 0.0994388240440008
  mo_energy =
[-1.04793666e+02 -1.55723036e+01 -1.12861704e+01 -1.12860875e+01
 -1.12765492e+01 -1.12706417e+01 -1.12523392e+01 -1.12522347e+01
 -1.05191906e+01 -7.98719978e+00 -7.98476641e+00 -7.98476145e+00
 -1.28569931e+00 -1.10925743e+00 -1.08405601e+00 -1.05363417e+00
 -9.05865390e-01 -8.76861712e-01 -8.74674586e-01 -7.41967855e-01
 -6.81588436e-01 -6.68841889e-01 -6.17105919e-01 -6.05602942e-01
 -6.02284817e-01 -5.95322156e-01 -5.61747059e-01 -5.36741448e-01
 -5.03992206e-01 -4.24361739e-01 -4.14103996e-01 -4.13081246e-01
 -4.00217820e-01 -3.63512704e-01  9.94388240e-02  1.13778824e-01
  1.37915939e-01  1.60616464e-01  1.66809230e-01  1.95873403e-01
  1.98772550e-01  2.07185236e-01  2.31192669e-01  2.39667928e-01
  2.67747207e-01  3.24673157e-01  3.66817429e-01  4.10212142e-01
  4.26030060e-01  4.33224438e-01  4.48987554e-01  4.49089322e-01
  4.59975039e-01  4.65014255e-01  4.66085872e-01  4.71438804e-01
  5.27375193e-01  5.47808242e-01  5.52321960e-01  5.67449259e-01
  5.95029016e-01  6.00077776e-01  6.11177941e-01  6.21064667e-01
  6.33916911e-01  6.82609837e-01  7.06840880e-01  7.33947363e-01
  7.41767965e-01  7.51054686e-01  7.84431177e-01  7.92803465e-01
  8.04034691e-01  8.06982010e-01  8.10224604e-01  8.33583242e-01
  8.34042401e-01  8.64074395e-01  9.05911002e-01  9.15699745e-01
  9.60018293e-01  9.68561577e-01  9.91653169e-01  1.02861933e+00
  1.05459293e+00  1.06895796e+00  1.08181482e+00  1.11913199e+00
  1.12648539e+00  1.16582321e+00  1.17210760e+00  1.18601415e+00
  1.19223238e+00  1.20310864e+00  1.25081063e+00  1.25525635e+00
  1.28204669e+00  1.31078640e+00  1.34140108e+00  1.38820642e+00
  1.40851796e+00  1.41961807e+00  1.43941950e+00  1.49852990e+00
  1.54301068e+00  1.56924490e+00  1.68875358e+00  1.69528493e+00
  1.71148270e+00  1.73452025e+00  1.74923332e+00  1.75037115e+00
  1.79925940e+00  1.80582918e+00  1.84053764e+00  1.85291988e+00
  1.85883601e+00  1.90280056e+00  1.96682164e+00  1.97488288e+00
  2.00002072e+00  2.00416398e+00  2.04250085e+00  2.04487572e+00
  2.05702565e+00  2.06078744e+00  2.10212508e+00  2.16558090e+00
  2.19156590e+00  2.22214333e+00  2.23458904e+00  2.25804091e+00
  2.32210408e+00  2.36086623e+00  2.38356449e+00  2.40388948e+00
  2.42139514e+00  2.46621410e+00  2.48886116e+00  2.50764368e+00
  2.57640026e+00  2.57703925e+00  2.60639617e+00  2.66857916e+00
  2.69463039e+00  2.72749848e+00  2.73270227e+00  2.74729116e+00
  2.75134060e+00  2.77021690e+00  2.80319412e+00  2.87294924e+00
  2.90154535e+00  2.90202424e+00  2.91377972e+00  2.91557393e+00
  2.91705239e+00  2.92859509e+00  2.94561552e+00  2.98163887e+00
  2.99084701e+00  3.06164772e+00  3.11363377e+00  3.13739605e+00
  3.14155786e+00  3.23595346e+00  3.29970310e+00  3.32811118e+00
  3.34287003e+00  3.36138072e+00  3.36354434e+00  3.50068931e+00
  3.59020751e+00  3.74893472e+00  3.82869815e+00  3.87213815e+00
  3.99118117e+00  4.04275919e+00  4.14262639e+00  4.14303594e+00
  4.18933440e+00  4.33692275e+00  4.39001153e+00  4.42934938e+00
  4.46602078e+00  4.82006194e+00  4.92982046e+00  5.71393676e+00
  1.02706874e+01  2.47876363e+01  2.50478702e+01  2.50763568e+01
  2.51769167e+01  2.52700147e+01  2.53307762e+01  2.63473338e+01
  2.63535223e+01  2.69139587e+01  3.70731207e+01  2.19091716e+02]
E1 = -1767.4128379383917  E_coul = 645.921065027356
cycle= 6 E= -745.873465121506  delta_E= -1.37e-05  |g|= 0.00215  |ddm|= 0.00631
    CPU time for cycle= 6      1.55 sec, wall time      0.06 sec
  HOMO = -0.363297959106075  LUMO = 0.0997760811452311
  mo_energy =
[-1.04793894e+02 -1.55727979e+01 -1.12857025e+01 -1.12856116e+01
 -1.12771808e+01 -1.12693353e+01 -1.12517578e+01 -1.12516730e+01
 -1.05195029e+01 -7.98750933e+00 -7.98506509e+00 -7.98506014e+00
 -1.28573701e+00 -1.10884596e+00 -1.08432560e+00 -1.05339925e+00
 -9.06128914e-01 -8.76695354e-01 -8.74351082e-01 -7.41739792e-01
 -6.81302599e-01 -6.68625957e-01 -6.16923407e-01 -6.05839861e-01
 -6.02485793e-01 -5.95053504e-01 -5.61535049e-01 -5.36469474e-01
 -5.04255379e-01 -4.24726880e-01 -4.14317385e-01 -4.13344637e-01
 -3.99863980e-01 -3.63297959e-01  9.97760811e-02  1.13917196e-01
  1.37993384e-01  1.60637491e-01  1.66861205e-01  1.95887616e-01
  1.98860093e-01  2.06910379e-01  2.31092422e-01  2.39673838e-01
  2.67686775e-01  3.24906737e-01  3.66841171e-01  4.10454075e-01
  4.26065796e-01  4.33455242e-01  4.48804225e-01  4.49033552e-01
  4.59996451e-01  4.64865806e-01  4.66109586e-01  4.71262968e-01
  5.27401508e-01  5.47878924e-01  5.52617819e-01  5.67548934e-01
  5.95314076e-01  6.00278094e-01  6.11382452e-01  6.21238133e-01
  6.34149831e-01  6.82573851e-01  7.07016387e-01  7.34075718e-01
  7.41560413e-01  7.51366226e-01  7.84774964e-01  7.92723509e-01
  8.04264388e-01  8.07005802e-01  8.10030752e-01  8.33558548e-01
  8.34251631e-01  8.64225916e-01  9.06129533e-01  9.15976369e-01
  9.59884786e-01  9.68363754e-01  9.91885158e-01  1.02879301e+00
  1.05476059e+00  1.06907415e+00  1.08168602e+00  1.11888725e+00
  1.12641521e+00  1.16611058e+00  1.17214013e+00  1.18596402e+00
  1.19196116e+00  1.20308126e+00  1.25076740e+00  1.25563393e+00
  1.28191088e+00  1.31103197e+00  1.34175543e+00  1.38798364e+00
  1.40827279e+00  1.41941777e+00  1.43953006e+00  1.49847620e+00
  1.54310288e+00  1.56926065e+00  1.68901873e+00  1.69507689e+00
  1.71169445e+00  1.73428270e+00  1.74923513e+00  1.75041025e+00
  1.79957615e+00  1.80613696e+00  1.84071102e+00  1.85312457e+00
  1.85909375e+00  1.90285020e+00  1.96702624e+00  1.97507868e+00
  1.99985856e+00  2.00394949e+00  2.04254095e+00  2.04502050e+00
  2.05707419e+00  2.06098299e+00  2.10217277e+00  2.16581994e+00
  2.19192699e+00  2.22243319e+00  2.23463435e+00  2.25832030e+00
  2.32215680e+00  2.36120344e+00  2.38380172e+00  2.40367469e+00
  2.42120151e+00  2.46635147e+00  2.48913704e+00  2.50771667e+00
  2.57614425e+00  2.57678183e+00  2.60661371e+00  2.66869421e+00
  2.69483213e+00  2.72741384e+00  2.73262540e+00  2.74732296e+00
  2.75116601e+00  2.77009513e+00  2.80308501e+00  2.87304014e+00
  2.90144023e+00  2.90193402e+00  2.91363194e+00  2.91573495e+00
  2.91738012e+00  2.92873443e+00  2.94553187e+00  2.98212372e+00
  2.99106907e+00  3.06162073e+00  3.11393395e+00  3.13786873e+00
  3.14181350e+00  3.23623471e+00  3.29953719e+00  3.32835116e+00
  3.34296013e+00  3.36140836e+00  3.36404157e+00  3.50033148e+00
  3.59067459e+00  3.74930165e+00  3.82915959e+00  3.87270038e+00
  3.99137552e+00  4.04278294e+00  4.14230599e+00  4.14270187e+00
  4.18944544e+00  4.33648989e+00  4.39035502e+00  4.42983023e+00
  4.46631387e+00  4.82045665e+00  4.92954147e+00  5.71379291e+00
  1.02703817e+01  2.47883616e+01  2.50472577e+01  2.50768508e+01
  2.51776659e+01  2.52705324e+01  2.53315788e+01  2.63470494e+01
  2.63532380e+01  2.69136233e+01  3.70726347e+01  2.19091481e+02]
E1 = -1767.4114919377175  E_coul = 645.9197158503281
cycle= 7 E= -745.87346829786  delta_E= -3.18e-06  |g|= 0.000782  |ddm|= 0.0042
    CPU time for cycle= 7      1.54 sec, wall time      0.06 sec
  HOMO = -0.363353848905438  LUMO = 0.0997438018605316
  mo_energy =
[-1.04793914e+02 -1.55729381e+01 -1.12856481e+01 -1.12855863e+01
 -1.12768967e+01 -1.12697514e+01 -1.12519227e+01 -1.12518368e+01
 -1.05195592e+01 -7.98756180e+00 -7.98511737e+00 -7.98511245e+00
 -1.28581516e+00 -1.10898867e+00 -1.08433020e+00 -1.05344033e+00
 -9.06081673e-01 -8.76751859e-01 -8.74393656e-01 -7.41764445e-01
 -6.81374175e-01 -6.68630398e-01 -6.16921818e-01 -6.05739673e-01
 -6.02390759e-01 -5.95145343e-01 -5.61559382e-01 -5.36507167e-01
 -5.04266369e-01 -4.24818006e-01 -4.14376222e-01 -4.13402855e-01
 -3.99906856e-01 -3.63353849e-01  9.97438019e-02  1.13863049e-01
  1.38009125e-01  1.60657224e-01  1.66891054e-01  1.95915789e-01
  1.98876603e-01  2.06915800e-01  2.31127675e-01  2.39703510e-01
  2.67724549e-01  3.24896041e-01  3.66824536e-01  4.10426391e-01
  4.26074550e-01  4.33414609e-01  4.48841453e-01  4.49010718e-01
  4.59987211e-01  4.64853921e-01  4.66108344e-01  4.71214435e-01
  5.27403062e-01  5.47875810e-01  5.52568890e-01  5.67548784e-01
  5.95272967e-01  6.00271801e-01  6.11360621e-01  6.21209771e-01
  6.34114461e-01  6.82582145e-01  7.07007338e-01  7.34114407e-01
  7.41620487e-01  7.51310180e-01  7.84722199e-01  7.92796969e-01
  8.04227255e-01  8.07000885e-01  8.10118123e-01  8.33621858e-01
  8.34223115e-01  8.64240609e-01  9.06114278e-01  9.15943439e-01
  9.59891034e-01  9.68391236e-01  9.91842182e-01  1.02876048e+00
  1.05469185e+00  1.06905638e+00  1.08168204e+00  1.11888059e+00
  1.12640836e+00  1.16606486e+00  1.17210579e+00  1.18590789e+00
  1.19189110e+00  1.20304146e+00  1.25076397e+00  1.25555861e+00
  1.28189489e+00  1.31101814e+00  1.34172436e+00  1.38794746e+00
  1.40830515e+00  1.41943788e+00  1.43954875e+00  1.49844377e+00
  1.54309331e+00  1.56921309e+00  1.68898381e+00  1.69515081e+00
  1.71167622e+00  1.73437454e+00  1.74927444e+00  1.75041341e+00
  1.79954810e+00  1.80607034e+00  1.84071422e+00  1.85312444e+00
  1.85906508e+00  1.90289271e+00  1.96702946e+00  1.97509166e+00
  1.99990262e+00  2.00401584e+00  2.04255705e+00  2.04503891e+00
  2.05709371e+00  2.06097447e+00  2.10216514e+00  2.16582420e+00
  2.19185846e+00  2.22239780e+00  2.23463772e+00  2.25827592e+00
  2.32214867e+00  2.36113925e+00  2.38376516e+00  2.40373347e+00
  2.42125650e+00  2.46634685e+00  2.48905559e+00  2.50772871e+00
  2.57611007e+00  2.57674666e+00  2.60656102e+00  2.66871717e+00
  2.69481135e+00  2.72747748e+00  2.73259701e+00  2.74730624e+00
  2.75121769e+00  2.77015782e+00  2.80309219e+00  2.87308458e+00
  2.90153640e+00  2.90197650e+00  2.91368918e+00  2.91572665e+00
  2.91737122e+00  2.92873703e+00  2.94561249e+00  2.98200657e+00
  2.99105031e+00  3.06158509e+00  3.11386415e+00  3.13778591e+00
  3.14174260e+00  3.23621291e+00  3.29959060e+00  3.32831104e+00
  3.34288535e+00  3.36139794e+00  3.36391723e+00  3.50045636e+00
  3.59054816e+00  3.74924196e+00  3.82905682e+00  3.87255585e+00
  3.99130080e+00  4.04280467e+00  4.14244173e+00  4.14283885e+00
  4.18945180e+00  4.33636824e+00  4.39030619e+00  4.42974351e+00
  4.46626803e+00  4.82034715e+00  4.92944432e+00  5.71371458e+00
  1.02703193e+01  2.47881947e+01  2.50475297e+01  2.50768115e+01
  2.51775395e+01  2.52704488e+01  2.53313483e+01  2.63469926e+01
  2.63531815e+01  2.69135477e+01  3.70724958e+01  2.19091458e+02]
E1 = -1767.412764000325  E_coul = 645.920987347104
cycle= 8 E= -745.873468863692  delta_E= -5.66e-07  |g|= 0.000353  |ddm|= 0.00141
    CPU time for cycle= 8      1.55 sec, wall time      0.06 sec
  HOMO = -0.36335558919378  LUMO = 0.0997691861734627
  mo_energy =
[-1.04793910e+02 -1.55730022e+01 -1.12856649e+01 -1.12855869e+01
 -1.12768950e+01 -1.12695707e+01 -1.12519456e+01 -1.12518556e+01
 -1.05195508e+01 -7.98755248e+00 -7.98510913e+00 -7.98510421e+00
 -1.28582537e+00 -1.10894746e+00 -1.08433877e+00 -1.05343463e+00
 -9.06085042e-01 -8.76746837e-01 -8.74371827e-01 -7.41734929e-01
 -6.81359514e-01 -6.68636310e-01 -6.16910930e-01 -6.05735491e-01
 -6.02385307e-01 -5.95100507e-01 -5.61547892e-01 -5.36488271e-01
 -5.04266706e-01 -4.24844059e-01 -4.14384996e-01 -4.13415414e-01
 -3.99870367e-01 -3.63355589e-01  9.97691862e-02  1.13857694e-01
  1.38018651e-01  1.60666663e-01  1.66894692e-01  1.95918882e-01
  1.98887715e-01  2.06900784e-01  2.31128063e-01  2.39708434e-01
  2.67729220e-01  3.24911685e-01  3.66827435e-01  4.10450033e-01
  4.26076660e-01  4.33431891e-01  4.48838937e-01  4.49011330e-01
  4.59992533e-01  4.64849036e-01  4.66110760e-01  4.71200338e-01
  5.27408121e-01  5.47878478e-01  5.52583701e-01  5.67551735e-01
  5.95306920e-01  6.00273482e-01  6.11377055e-01  6.21237045e-01
  6.34129419e-01  6.82585811e-01  7.07009352e-01  7.34125396e-01
  7.41621220e-01  7.51330517e-01  7.84770295e-01  7.92804881e-01
  8.04226249e-01  8.07008261e-01  8.10121704e-01  8.33630142e-01
  8.34219360e-01  8.64263158e-01  9.06134746e-01  9.15964964e-01
  9.59883766e-01  9.68387670e-01  9.91859833e-01  1.02877926e+00
  1.05471468e+00  1.06905939e+00  1.08168115e+00  1.11887779e+00
  1.12641141e+00  1.16608912e+00  1.17211104e+00  1.18591335e+00
  1.19188490e+00  1.20304664e+00  1.25076540e+00  1.25558516e+00
  1.28189439e+00  1.31102481e+00  1.34176763e+00  1.38794262e+00
  1.40830302e+00  1.41943836e+00  1.43955780e+00  1.49844188e+00
  1.54309041e+00  1.56920984e+00  1.68900535e+00  1.69515437e+00
  1.71169213e+00  1.73437668e+00  1.74929091e+00  1.75043356e+00
  1.79956980e+00  1.80609519e+00  1.84072753e+00  1.85313731e+00
  1.85908556e+00  1.90290394e+00  1.96705172e+00  1.97510469e+00
  1.99990577e+00  2.00401667e+00  2.04256446e+00  2.04504834e+00
  2.05709523e+00  2.06100840e+00  2.10216938e+00  2.16584863e+00
  2.19188053e+00  2.22241178e+00  2.23465725e+00  2.25830445e+00
  2.32215227e+00  2.36116484e+00  2.38377742e+00  2.40373395e+00
  2.42125811e+00  2.46636476e+00  2.48908193e+00  2.50773636e+00
  2.57610577e+00  2.57674207e+00  2.60658457e+00  2.66872965e+00
  2.69481645e+00  2.72748759e+00  2.73259008e+00  2.74731959e+00
  2.75121803e+00  2.77016379e+00  2.80309836e+00  2.87310917e+00
  2.90155142e+00  2.90197320e+00  2.91368624e+00  2.91572302e+00
  2.91742368e+00  2.92872419e+00  2.94562265e+00  2.98203382e+00
  2.99105592e+00  3.06158365e+00  3.11388868e+00  3.13783438e+00
  3.14173938e+00  3.23621451e+00  3.29959172e+00  3.32832636e+00
  3.34289624e+00  3.36139460e+00  3.36395141e+00  3.50045584e+00
  3.59057800e+00  3.74924979e+00  3.82908941e+00  3.87261206e+00
  3.99131598e+00  4.04280727e+00  4.14244529e+00  4.14284175e+00
  4.18945700e+00  4.33631417e+00  4.39031239e+00  4.42978260e+00
  4.46628334e+00  4.82037729e+00  4.92940977e+00  5.71369294e+00
  1.02703230e+01  2.47882336e+01  2.50475318e+01  2.50768001e+01
  2.51775976e+01  2.52704346e+01  2.53314005e+01  2.63469981e+01
  2.63531870e+01  2.69135446e+01  3.70724327e+01  2.19091462e+02]
E1 = -1767.4123959918668  E_coul = 645.9206191914874
cycle= 9 E= -745.87346901085  delta_E= -1.47e-07  |g|= 0.000139  |ddm|= 0.000839
    CPU time for cycle= 9      1.55 sec, wall time      0.06 sec
  HOMO = -0.363350417471197  LUMO = 0.0997653788043154
  mo_energy =
[-1.04793929e+02 -1.55730296e+01 -1.12855969e+01 -1.12855307e+01
 -1.12769297e+01 -1.12695821e+01 -1.12519580e+01 -1.12518740e+01
 -1.05195608e+01 -7.98756317e+00 -7.98511984e+00 -7.98511492e+00
 -1.28581977e+00 -1.10895461e+00 -1.08434231e+00 -1.05342572e+00
 -9.06093373e-01 -8.76745735e-01 -8.74365333e-01 -7.41726744e-01
 -6.81358442e-01 -6.68639966e-01 -6.16905686e-01 -6.05744586e-01
 -6.02394252e-01 -5.95098507e-01 -5.61547234e-01 -5.36489548e-01
 -5.04267176e-01 -4.24845379e-01 -4.14385200e-01 -4.13415580e-01
 -3.99873725e-01 -3.63350417e-01  9.97653788e-02  1.13859813e-01
  1.38017824e-01  1.60665804e-01  1.66894481e-01  1.95917520e-01
  1.98886910e-01  2.06893832e-01  2.31127776e-01  2.39709883e-01
  2.67730145e-01  3.24914024e-01  3.66829515e-01  4.10448699e-01
  4.26075181e-01  4.33426297e-01  4.48835492e-01  4.49011007e-01
  4.59995439e-01  4.64848617e-01  4.66112194e-01  4.71202214e-01
  5.27411011e-01  5.47878863e-01  5.52578816e-01  5.67552501e-01
  5.95304381e-01  6.00273515e-01  6.11373571e-01  6.21239319e-01
  6.34129610e-01  6.82587166e-01  7.07010573e-01  7.34135642e-01
  7.41615327e-01  7.51324078e-01  7.84771344e-01  7.92803610e-01
  8.04216589e-01  8.07015022e-01  8.10114185e-01  8.33635309e-01
  8.34207925e-01  8.64271554e-01  9.06134817e-01  9.15963813e-01
  9.59880724e-01  9.68383670e-01  9.91855917e-01  1.02878091e+00
  1.05471474e+00  1.06906028e+00  1.08168007e+00  1.11887443e+00
  1.12640922e+00  1.16608735e+00  1.17210782e+00  1.18591207e+00
  1.19188528e+00  1.20304504e+00  1.25076864e+00  1.25558582e+00
  1.28189320e+00  1.31102322e+00  1.34177411e+00  1.38793984e+00
  1.40829740e+00  1.41943390e+00  1.43956839e+00  1.49843708e+00
  1.54309511e+00  1.56921032e+00  1.68900374e+00  1.69514809e+00
  1.71169567e+00  1.73436797e+00  1.74928717e+00  1.75043086e+00
  1.79956524e+00  1.80609386e+00  1.84072724e+00  1.85313745e+00
  1.85908776e+00  1.90291209e+00  1.96705111e+00  1.97511015e+00
  1.99990001e+00  2.00400998e+00  2.04256046e+00  2.04504998e+00
  2.05709248e+00  2.06101394e+00  2.10216395e+00  2.16585450e+00
  2.19187326e+00  2.22241605e+00  2.23465316e+00  2.25830527e+00
  2.32215386e+00  2.36116249e+00  2.38377763e+00  2.40372743e+00
  2.42125307e+00  2.46637547e+00  2.48907498e+00  2.50773971e+00
  2.57610326e+00  2.57673960e+00  2.60658103e+00  2.66873412e+00
  2.69481436e+00  2.72748085e+00  2.73259255e+00  2.74731519e+00
  2.75121420e+00  2.77016075e+00  2.80309283e+00  2.87311751e+00
  2.90155092e+00  2.90197113e+00  2.91368096e+00  2.91571654e+00
  2.91742709e+00  2.92871196e+00  2.94562169e+00  2.98203052e+00
  2.99105618e+00  3.06158775e+00  3.11388545e+00  3.13784786e+00
  3.14173951e+00  3.23623058e+00  3.29958649e+00  3.32833211e+00
  3.34289714e+00  3.36140416e+00  3.36394734e+00  3.50043973e+00
  3.59057523e+00  3.74925787e+00  3.82909069e+00  3.87260323e+00
  3.99131653e+00  4.04282607e+00  4.14243094e+00  4.14282692e+00
  4.18947802e+00  4.33629750e+00  4.39030863e+00  4.42977765e+00
  4.46628938e+00  4.82037406e+00  4.92940032e+00  5.71369186e+00
  1.02703162e+01  2.47882425e+01  2.50474987e+01  2.50768304e+01
  2.51776298e+01  2.52704489e+01  2.53313932e+01  2.63469925e+01
  2.63531814e+01  2.69135382e+01  3.70724064e+01  2.19091444e+02]
E1 = -1767.4123239139763  E_coul = 645.9205470882952
cycle= 10 E= -745.873469036151  delta_E= -2.53e-08  |g|= 5.45e-05  |ddm|= 0.000366
    CPU time for cycle= 10      1.60 sec, wall time      0.06 sec
  HOMO = -0.363355304723538  LUMO = 0.0997617023666325
  mo_energy =
[-1.04793926e+02 -1.55730322e+01 -1.12856191e+01 -1.12855439e+01
 -1.12769088e+01 -1.12695627e+01 -1.12519733e+01 -1.12518839e+01
 -1.05195597e+01 -7.98756196e+00 -7.98511857e+00 -7.98511365e+00
 -1.28582723e+00 -1.10895591e+00 -1.08433839e+00 -1.05343429e+00
 -9.06089004e-01 -8.76750369e-01 -8.74369041e-01 -7.41728728e-01
 -6.81364779e-01 -6.68645732e-01 -6.16912712e-01 -6.05740620e-01
 -6.02390992e-01 -5.95095830e-01 -5.61552742e-01 -5.36494196e-01
 -5.04264755e-01 -4.24849722e-01 -4.14383166e-01 -4.13413360e-01
 -3.99874955e-01 -3.63355305e-01  9.97617024e-02  1.13854751e-01
  1.38017569e-01  1.60667088e-01  1.66892416e-01  1.95916628e-01
  1.98887605e-01  2.06898353e-01  2.31128208e-01  2.39709352e-01
  2.67730726e-01  3.24911311e-01  3.66826847e-01  4.10448342e-01
  4.26073558e-01  4.33425854e-01  4.48837217e-01  4.49011014e-01
  4.59992784e-01  4.64849922e-01  4.66110202e-01  4.71203651e-01
  5.27409044e-01  5.47875053e-01  5.52576109e-01  5.67547378e-01
  5.95303542e-01  6.00268642e-01  6.11372351e-01  6.21238043e-01
  6.34127411e-01  6.82585881e-01  7.07006258e-01  7.34131312e-01
  7.41617777e-01  7.51323131e-01  7.84775287e-01  7.92804622e-01
  8.04210451e-01  8.07010894e-01  8.10117372e-01  8.33634531e-01
  8.34202539e-01  8.64270978e-01  9.06133377e-01  9.15961050e-01
  9.59879243e-01  9.68385645e-01  9.91853833e-01  1.02877822e+00
  1.05471083e+00  1.06905452e+00  1.08168122e+00  1.11887649e+00
  1.12640927e+00  1.16608395e+00  1.17210620e+00  1.18591246e+00
  1.19188666e+00  1.20304466e+00  1.25076610e+00  1.25558182e+00
  1.28189222e+00  1.31101670e+00  1.34177426e+00  1.38794029e+00
  1.40829999e+00  1.41943556e+00  1.43956352e+00  1.49843448e+00
  1.54308886e+00  1.56920591e+00  1.68900128e+00  1.69515001e+00
  1.71168906e+00  1.73437193e+00  1.74928899e+00  1.75043128e+00
  1.79956400e+00  1.80609132e+00  1.84072464e+00  1.85313411e+00
  1.85908480e+00  1.90290965e+00  1.96704888e+00  1.97510696e+00
  1.99990212e+00  2.00401241e+00  2.04255902e+00  2.04504406e+00
  2.05708984e+00  2.06101397e+00  2.10216212e+00  2.16585216e+00
  2.19187029e+00  2.22241010e+00  2.23465359e+00  2.25830387e+00
  2.32214947e+00  2.36115915e+00  2.38377213e+00  2.40373030e+00
  2.42125534e+00  2.46637119e+00  2.48907297e+00  2.50773594e+00
  2.57610523e+00  2.57674154e+00  2.60657997e+00  2.66872892e+00
  2.69480985e+00  2.72748339e+00  2.73258826e+00  2.74731687e+00
  2.75121477e+00  2.77016159e+00  2.80309521e+00  2.87311684e+00
  2.90155388e+00  2.90197084e+00  2.91368225e+00  2.91571157e+00
  2.91743275e+00  2.92870632e+00  2.94562261e+00  2.98202634e+00
  2.99105060e+00  3.06158323e+00  3.11388390e+00  3.13784699e+00
  3.14173119e+00  3.23622068e+00  3.29958743e+00  3.32832386e+00
  3.34289316e+00  3.36139880e+00  3.36394307e+00  3.50044867e+00
  3.59057071e+00  3.74924828e+00  3.82908558e+00  3.87260330e+00
  3.99131118e+00  4.04281955e+00  4.14243785e+00  4.14283415e+00
  4.18947079e+00  4.33629304e+00  4.39030147e+00  4.42977728e+00
  4.46628333e+00  4.82037057e+00  4.92939506e+00  5.71368603e+00
  1.02703174e+01  2.47882375e+01  2.50475185e+01  2.50768153e+01
  2.51776256e+01  2.52704345e+01  2.53313914e+01  2.63469934e+01
  2.63531824e+01  2.69135403e+01  3.70724037e+01  2.19091447e+02]
E1 = -1767.4123494271898  E_coul = 645.9205725984025
cycle= 11 E= -745.873469039258  delta_E= -3.11e-09  |g|= 2.16e-05  |ddm|= 0.000123
    CPU time for cycle= 11      1.55 sec, wall time      0.06 sec
  HOMO = -0.363353250931558  LUMO = 0.0997606297411551
  mo_energy =
[-1.04793920e+02 -1.55730355e+01 -1.12856097e+01 -1.12855388e+01
 -1.12769135e+01 -1.12695669e+01 -1.12519762e+01 -1.12518899e+01
 -1.05195552e+01 -7.98755753e+00 -7.98511410e+00 -7.98510918e+00
 -1.28582473e+00 -1.10895711e+00 -1.08433762e+00 -1.05343349e+00
 -9.06089361e-01 -8.76750707e-01 -8.74369281e-01 -7.41728821e-01
 -6.81364827e-01 -6.68647973e-01 -6.16913182e-01 -6.05742644e-01
 -6.02393078e-01 -5.95096730e-01 -5.61551634e-01 -5.36495278e-01
 -5.04264581e-01 -4.24850401e-01 -4.14380954e-01 -4.13411000e-01
 -3.99875224e-01 -3.63353251e-01  9.97606297e-02  1.13855500e-01
  1.38016778e-01  1.60666361e-01  1.66891567e-01  1.95915679e-01
  1.98886454e-01  2.06899411e-01  2.31128029e-01  2.39708945e-01
  2.67730267e-01  3.24911219e-01  3.66827230e-01  4.10447088e-01
  4.26072886e-01  4.33424237e-01  4.48836593e-01  4.49011193e-01
  4.59993576e-01  4.64850448e-01  4.66110408e-01  4.71205461e-01
  5.27409582e-01  5.47874783e-01  5.52576290e-01  5.67547135e-01
  5.95302509e-01  6.00269315e-01  6.11371093e-01  6.21238291e-01
  6.34128021e-01  6.82585848e-01  7.07006722e-01  7.34131924e-01
  7.41616737e-01  7.51321971e-01  7.84773994e-01  7.92803684e-01
  8.04207782e-01  8.07012032e-01  8.10115796e-01  8.33634721e-01
  8.34199927e-01  8.64271568e-01  9.06132765e-01  9.15960115e-01
  9.59879867e-01  9.68385170e-01  9.91852377e-01  1.02877824e+00
  1.05471084e+00  1.06905483e+00  1.08168165e+00  1.11887743e+00
  1.12640945e+00  1.16608306e+00  1.17210624e+00  1.18591361e+00
  1.19188937e+00  1.20304538e+00  1.25076703e+00  1.25558145e+00
  1.28189305e+00  1.31101568e+00  1.34177421e+00  1.38794137e+00
  1.40829979e+00  1.41943555e+00  1.43956472e+00  1.49843431e+00
  1.54308945e+00  1.56920698e+00  1.68899999e+00  1.69514850e+00
  1.71168918e+00  1.73437013e+00  1.74928792e+00  1.75043045e+00
  1.79956181e+00  1.80609065e+00  1.84072331e+00  1.85313302e+00
  1.85908436e+00  1.90291022e+00  1.96704766e+00  1.97510663e+00
  1.99990117e+00  2.00401102e+00  2.04255761e+00  2.04504352e+00
  2.05708846e+00  2.06101403e+00  2.10216083e+00  2.16585158e+00
  2.19186797e+00  2.22241003e+00  2.23465248e+00  2.25830311e+00
  2.32214936e+00  2.36115798e+00  2.38377161e+00  2.40372924e+00
  2.42125446e+00  2.46637238e+00  2.48907152e+00  2.50773550e+00
  2.57610716e+00  2.57674348e+00  2.60657852e+00  2.66872864e+00
  2.69480832e+00  2.72748164e+00  2.73258911e+00  2.74731606e+00
  2.75121393e+00  2.77016061e+00  2.80309495e+00  2.87311671e+00
  2.90155304e+00  2.90197023e+00  2.91368119e+00  2.91570920e+00
  2.91743103e+00  2.92870275e+00  2.94562158e+00  2.98202502e+00
  2.99104939e+00  3.06158419e+00  3.11388219e+00  3.13784811e+00
  3.14173101e+00  3.23622264e+00  3.29958626e+00  3.32832451e+00
  3.34289350e+00  3.36139988e+00  3.36394185e+00  3.50044669e+00
  3.59056921e+00  3.74924839e+00  3.82908468e+00  3.87260072e+00
  3.99131120e+00  4.04282206e+00  4.14243535e+00  4.14283158e+00
  4.18947362e+00  4.33629249e+00  4.39029950e+00  4.42977471e+00
  4.46628329e+00  4.82036923e+00  4.92939480e+00  5.71368660e+00
  1.02703214e+01  2.47882366e+01  2.50475141e+01  2.50768179e+01
  2.51776283e+01  2.52704346e+01  2.53313882e+01  2.63469969e+01
  2.63531859e+01  2.69135446e+01  3.70724005e+01  2.19091452e+02]
E1 = -1767.4123098362747  E_coul = 645.9205330071101
cycle= 12 E= -745.873469039635  delta_E= -3.77e-10  |g|= 4.38e-06  |ddm|= 4.85e-05
    CPU time for cycle= 12      1.55 sec, wall time      0.06 sec
  HOMO = -0.363352821804096  LUMO = 0.0997609392741085
  mo_energy =
[-1.04793924e+02 -1.55730335e+01 -1.12856098e+01 -1.12855367e+01
 -1.12769137e+01 -1.12695656e+01 -1.12519766e+01 -1.12518886e+01
 -1.05195574e+01 -7.98755984e+00 -7.98511642e+00 -7.98511150e+00
 -1.28582420e+00 -1.10895680e+00 -1.08433809e+00 -1.05343326e+00
 -9.06089640e-01 -8.76750261e-01 -8.74368932e-01 -7.41728515e-01
 -6.81364195e-01 -6.68647763e-01 -6.16913000e-01 -6.05742685e-01
 -6.02393048e-01 -5.95096268e-01 -5.61551195e-01 -5.36494788e-01
 -5.04264965e-01 -4.24850201e-01 -4.14381396e-01 -4.13411492e-01
 -3.99874877e-01 -3.63352822e-01  9.97609393e-02  1.13855829e-01
  1.38016797e-01  1.60666383e-01  1.66891547e-01  1.95915668e-01
  1.98886487e-01  2.06899272e-01  2.31128019e-01  2.39708881e-01
  2.67730359e-01  3.24911547e-01  3.66827370e-01  4.10447266e-01
  4.26073016e-01  4.33424374e-01  4.48836601e-01  4.49011172e-01
  4.59993586e-01  4.64850341e-01  4.66110442e-01  4.71205303e-01
  5.27409642e-01  5.47874895e-01  5.52576518e-01  5.67547376e-01
  5.95302719e-01  6.00269525e-01  6.11371389e-01  6.21238345e-01
  6.34128315e-01  6.82586009e-01  7.07006979e-01  7.34132174e-01
  7.41616691e-01  7.51322233e-01  7.84774311e-01  7.92803799e-01
  8.04207926e-01  8.07012270e-01  8.10115777e-01  8.33634916e-01
  8.34200017e-01  8.64271738e-01  9.06132957e-01  9.15960277e-01
  9.59880195e-01  9.68385170e-01  9.91852602e-01  1.02877846e+00
  1.05471095e+00  1.06905503e+00  1.08168154e+00  1.11887705e+00
  1.12640926e+00  1.16608330e+00  1.17210629e+00  1.18591318e+00
  1.19188850e+00  1.20304509e+00  1.25076730e+00  1.25558181e+00
  1.28189298e+00  1.31101587e+00  1.34177460e+00  1.38794109e+00
  1.40829957e+00  1.41943539e+00  1.43956502e+00  1.49843455e+00
  1.54308980e+00  1.56920734e+00  1.68900031e+00  1.69514851e+00
  1.71168935e+00  1.73437014e+00  1.74928808e+00  1.75043065e+00
  1.79956209e+00  1.80609102e+00  1.84072367e+00  1.85313314e+00
  1.85908469e+00  1.90291042e+00  1.96704781e+00  1.97510687e+00
  1.99990111e+00  2.00401098e+00  2.04255771e+00  2.04504359e+00
  2.05708862e+00  2.06101435e+00  2.10216100e+00  2.16585182e+00
  2.19186828e+00  2.22241037e+00  2.23465260e+00  2.25830346e+00
  2.32214953e+00  2.36115832e+00  2.38377188e+00  2.40372911e+00
  2.42125439e+00  2.46637272e+00  2.48907184e+00  2.50773570e+00
  2.57610639e+00  2.57674270e+00  2.60657886e+00  2.66872876e+00
  2.69480860e+00  2.72748172e+00  2.73258955e+00  2.74731595e+00
  2.75121399e+00  2.77016062e+00  2.80309468e+00  2.87311700e+00
  2.90155309e+00  2.90197057e+00  2.91368145e+00  2.91570933e+00
  2.91743135e+00  2.92870286e+00  2.94562162e+00  2.98202550e+00
  2.99104966e+00  3.06158468e+00  3.11388260e+00  3.13784892e+00
  3.14173132e+00  3.23622310e+00  3.29958637e+00  3.32832479e+00
  3.34289408e+00  3.36140043e+00  3.36394224e+00  3.50044651e+00
  3.59056967e+00  3.74924879e+00  3.82908512e+00  3.87260114e+00
  3.99131166e+00  4.04282266e+00  4.14243534e+00  4.14283152e+00
  4.18947419e+00  4.33629362e+00  4.39029980e+00  4.42977514e+00
  4.46628376e+00  4.82036977e+00  4.92939570e+00  5.71368754e+00
  1.02703196e+01  2.47882375e+01  2.50475139e+01  2.50768186e+01
  2.51776293e+01  2.52704352e+01  2.53313889e+01  2.63469951e+01
  2.63531841e+01  2.69135430e+01  3.70724025e+01  2.19091449e+02]
E1 = -1767.4123136579256  E_coul = 645.9205368287516
Extra cycle  E= -745.873469039644  delta_E= -9.09e-12  |g|= 2.01e-06  |ddm|= 6.32e-06
    CPU time for scf_cycle     33.62 sec, wall time      1.28 sec
    CPU time for SCF     33.62 sec, wall time      1.28 sec
converged SCF energy = -745.873469039644
Converting <class 'pyscf.scf.hf.RHF'> to RHF


******** <class 'pyscf.tdscf.rhf.TDA'> for <class 'pyscf.scf.hf.RHF'> ********
nstates = 5 singlet
wfnsym = None
conv_tol = 1e-09
eigh lindep = 1e-12
eigh level_shift = 0
eigh max_space = 8
eigh max_cycle = 2000
chkfile = /scratch/global/yangjunjie/tmp0luqjlxa
max_memory 514992 MB (current use 1742 MB)


davidson 0 5  |r|= 0.217  e= [0.27571273 0.28438736 0.33341959 0.37467382 0.41949189]  max|de|= 0.419  lindep=    1
Old state -> New state
    1     ->     0 
    0     ->     1 
davidson 1 10  |r|= 0.0557  e= [0.24360275 0.24876666 0.31668664 0.32290966 0.41275026]  max|de|= -0.0518  lindep= 0.872
Old state -> New state
    4     ->     2 
    2     ->     3 
    3     ->     4 
davidson 2 15  |r|= 0.106  e= [0.23616337 0.24630849 0.2502547  0.31509524 0.31842692]  max|de|= -0.162  lindep= 0.88
Old state -> New state
    2     ->     0 
    0     ->     1 
    1     ->     2 
davidson 3 20  |r|= 0.0297  e= [0.23435774 0.23447855 0.2462509  0.31472694 0.31786162]  max|de|= -0.0159  lindep= 0.903
davidson 4 5  |r|= 0.0297  e= [0.23435774 0.23447855 0.2462509  0.31472694 0.31786162]  max|de|= -9.44e-16  lindep= 0.993
davidson 5 10  |r|= 0.0121  e= [0.23316125 0.23439618 0.24624413 0.31467154 0.31776381]  max|de|= -0.0012  lindep= 0.787
davidson 6 15  |r|= 0.00305  e= [0.23296907 0.23438959 0.24624243 0.31465257 0.31771312]  max|de|= -0.000192  lindep= 0.819
davidson 7 20  |r|= 0.00197  e= [0.23294271 0.23438874 0.24624232 0.31464333 0.31769909]  max|de|= -2.64e-05  lindep= 0.855
davidson 8 5  |r|= 0.00197  e= [0.23294271 0.23438874 0.24624232 0.31464333 0.31769909]  max|de|= 6.66e-16  lindep= 0.944
davidson 9 10  |r|= 0.00278  e= [0.23293778 0.23438857 0.24624231 0.31463765 0.31769737]  max|de|= -5.68e-06  lindep= 0.834
Old state -> New state
    3     ->     4 
davidson 10 15  |r|= 0.15  e= [0.23293469 0.23438852 0.24624231 0.298147   0.31466063]  max|de|= -0.0165  lindep= 0.865
root 2 converged  |r|= 1.86e-05  e= 0.2462423073078705  max|de|= -5.55e-10
davidson 11 20  |r|= 0.0434  e= [0.23293375 0.23438851 0.24624231 0.27977779 0.31464525]  max|de|= -0.0184  lindep= 0.926
davidson 12 5  |r|= 0.0434  e= [0.23293375 0.23438851 0.24624231 0.27977779 0.31464525]  max|de|= 7.77e-16  lindep= 0.995
davidson 13 9  |r|= 0.0246  e= [0.23293363 0.23438851 0.24624231 0.27741199 0.31464254]  max|de|= -0.00237  lindep= 0.865
root 1 converged  |r|= 4.86e-06  e= 0.23438850481666446  max|de|= -1.87e-10
davidson 14 13  |r|= 0.011  e= [0.2329336  0.2343885  0.24624231 0.27665309 0.31463954]  max|de|= -0.000759  lindep= 0.873
davidson 15 16  |r|= 0.0144  e= [0.2329336  0.2343885  0.24624231 0.2764298  0.31460948]  max|de|= -0.000223  lindep= 0.798
root 0 converged  |r|= 2.66e-05  e= 0.2329335986213421  max|de|= 2.78e-17
davidson 16 5  |r|= 0.0144  e= [0.2329336  0.2343885  0.24624231 0.2764298  0.31460948]  max|de|= 5e-16  lindep= 0.999
davidson 17 7  |r|= 0.00831  e= [0.2329336  0.2343885  0.24624231 0.27637155 0.31452225]  max|de|= -8.72e-05  lindep= 0.846
davidson 18 9  |r|= 0.00587  e= [0.2329336  0.2343885  0.24624231 0.27635213 0.31447801]  max|de|= -4.42e-05  lindep= 0.827
davidson 19 11  |r|= 0.00741  e= [0.2329336  0.2343885  0.24624231 0.27634556 0.3144347 ]  max|de|= -4.33e-05  lindep= 0.782
davidson 20 13  |r|= 0.0473  e= [0.2329336  0.2343885  0.24624231 0.27633983 0.31281078]  max|de|= -0.00162  lindep= 0.883
davidson 21 15  |r|= 0.0342  e= [0.2329336  0.2343885  0.24624231 0.27633884 0.30892317]  max|de|= -0.00389  lindep= 0.896
davidson 22 17  |r|= 0.0218  e= [0.2329336  0.2343885  0.24624231 0.27633853 0.30718186]  max|de|= -0.00174  lindep= 0.945
davidson 23 5  |r|= 0.0218  e= [0.2329336  0.2343885  0.24624231 0.27633853 0.30718186]  max|de|= 5.83e-16  lindep= 0.997
davidson 24 7  |r|= 0.011  e= [0.2329336  0.2343885  0.24624231 0.27633849 0.30687874]  max|de|= -0.000303  lindep= 0.877
davidson 25 9  |r|= 0.00622  e= [0.2329336  0.2343885  0.24624231 0.27633848 0.30674947]  max|de|= -0.000129  lindep= 0.911
davidson 26 11  |r|= 0.00445  e= [0.2329336  0.2343885  0.24624231 0.27633848 0.30669879]  max|de|= -5.07e-05  lindep= 0.912
root 3 converged  |r|= 1.02e-05  e= 0.2763384773876506  max|de|= -5.23e-10
davidson 27 13  |r|= 0.0022  e= [0.2329336  0.2343885  0.24624231 0.27633848 0.30668347]  max|de|= -1.53e-05  lindep=  0.9
davidson 28 14  |r|= 0.000851  e= [0.2329336  0.2343885  0.24624231 0.27633848 0.30668002]  max|de|= -3.45e-06  lindep= 0.946
davidson 29 15  |r|= 0.000495  e= [0.2329336  0.2343885  0.24624231 0.27633848 0.30667933]  max|de|= -6.97e-07  lindep= 0.941
davidson 30 16  |r|= 0.000304  e= [0.2329336  0.2343885  0.24624231 0.27633848 0.30667903]  max|de|= -2.91e-07  lindep= 0.923
davidson 31 5  |r|= 0.000304  e= [0.2329336  0.2343885  0.24624231 0.27633848 0.30667903]  max|de|= -2.5e-16  lindep= 0.999
davidson 32 6  |r|= 0.00018  e= [0.2329336  0.2343885  0.24624231 0.27633848 0.30667893]  max|de|= -1.05e-07  lindep= 0.92
davidson 33 7  |r|= 0.000186  e= [0.2329336  0.2343885  0.24624231 0.27633848 0.30667882]  max|de|= -1.1e-07  lindep= 0.952
davidson 34 8  |r|= 0.000243  e= [0.2329336  0.2343885  0.24624231 0.27633848 0.3066787 ]  max|de|= -1.24e-07  lindep= 0.915
davidson 35 9  |r|= 0.000236  e= [0.2329336  0.2343885  0.24624231 0.27633848 0.30667858]  max|de|= -1.11e-07  lindep= 0.898
davidson 36 10  |r|= 0.000121  e= [0.2329336  0.2343885  0.24624231 0.27633848 0.30667852]  max|de|= -6.46e-08  lindep= 0.934
davidson 37 11  |r|= 7.44e-05  e= [0.2329336  0.2343885  0.24624231 0.27633848 0.30667849]  max|de|= -2.83e-08  lindep= 0.943
davidson 38 12  |r|= 3.9e-05  e= [0.2329336  0.2343885  0.24624231 0.27633848 0.30667848]  max|de|= -9.31e-09  lindep= 0.964
davidson 39 13  |r|= 2.03e-05  e= [0.2329336  0.2343885  0.24624231 0.27633848 0.30667848]  max|de|= -2.3e-09  lindep= 0.953
root 4 converged  |r|= 8.78e-06  e= 0.30667847924658  max|de|= -5.53e-10
converged 40 14  |r|= 1.66e-05  e= [0.2329336  0.2343885  0.24624231 0.27633848 0.30667848]  max|de|= -5.53e-10
    CPU time for TDA    232.19 sec, wall time      8.31 sec
Excited State energies (eV)
[6.33844605 6.37803608 6.70059448 7.51955298 8.34514648]
